[[1;34mINFO[m] Scanning for projects...
[[1;33mWARNING[m] The project org.apache.maven:maven:pom:3.2.6-SNAPSHOT uses prerequisites which is only intended for maven-plugin projects but not for non maven-plugin projects. For such purposes you should use the maven-enforcer-plugin. See https://maven.apache.org/enforcer/enforcer-rules/requireMavenVersion.html
[[1;34mINFO[m] [1m------------------------------------------------------------------------[m
[[1;34mINFO[m] [1mReactor Build Order:[m
[[1;34mINFO[m] 
[[1;34mINFO[m] Apache Maven                                                       [pom]
[[1;34mINFO[m] Maven Model                                                        [jar]
[[1;34mINFO[m] Maven Artifact                                                     [jar]
[[1;34mINFO[m] Maven Plugin API                                                   [jar]
[[1;34mINFO[m] Maven Builder Support                                              [jar]
[[1;34mINFO[m] Maven Model Builder                                                [jar]
[[1;34mINFO[m] Maven Settings                                                     [jar]
[[1;34mINFO[m] Maven Settings Builder                                             [jar]
[[1;34mINFO[m] Maven Repository Metadata Model                                    [jar]
[[1;34mINFO[m] Maven Aether Provider                                              [jar]
[[1;34mINFO[m] Maven Core                                                         [jar]
[[1;34mINFO[m] Maven Compat                                                       [jar]
[[1;34mINFO[m] Maven Embedder                                                     [jar]
[[1;34mINFO[m] Apache Maven Distribution                                          [pom]
[[1;34mINFO[m] 
[[1;34mINFO[m] [1m-----------------------< [0;36morg.apache.maven:maven[0;1m >-----------------------[m
[[1;34mINFO[m] [1mBuilding Apache Maven 3.2.6-SNAPSHOT                              [1/14][m
[[1;34mINFO[m] [1m--------------------------------[ pom ]---------------------------------[m
Downloading from central: https://repo.maven.apache.org/maven2/org/apache/rat/apache-rat-plugin/0.11/apache-rat-plugin-0.11.pom
Progress (1): 2.7/9.4 kBProgress (1): 5.5/9.4 kBProgress (1): 8.2/9.4 kBProgress (1): 9.4 kB                        Downloaded from central: https://repo.maven.apache.org/maven2/org/apache/rat/apache-rat-plugin/0.11/apache-rat-plugin-0.11.pom (9.4 kB at 24 kB/s)
Downloading from central: https://repo.maven.apache.org/maven2/org/apache/rat/apache-rat-project/0.11/apache-rat-project-0.11.pom
Progress (1): 2.7/21 kBProgress (1): 5.5/21 kBProgress (1): 8.2/21 kBProgress (1): 11/21 kB Progress (1): 14/21 kBProgress (1): 16/21 kBProgress (1): 19/21 kBProgress (1): 21 kB                      Downloaded from central: https://repo.maven.apache.org/maven2/org/apache/rat/apache-rat-project/0.11/apache-rat-project-0.11.pom (21 kB at 519 kB/s)
Downloading from central: https://repo.maven.apache.org/maven2/org/apache/rat/apache-rat-plugin/0.11/apache-rat-plugin-0.11.jar
Progress (1): 2.7/44 kBProgress (1): 5.5/44 kBProgress (1): 8.2/44 kBProgress (1): 11/44 kB Progress (1): 14/44 kBProgress (1): 16/44 kBProgress (1): 19/44 kBProgress (1): 21/44 kBProgress (1): 24/44 kBProgress (1): 27/44 kBProgress (1): 30/44 kBProgress (1): 32/44 kBProgress (1): 36/44 kBProgress (1): 40/44 kBProgress (1): 44 kB                      Downloaded from central: https://repo.maven.apache.org/maven2/org/apache/rat/apache-rat-plugin/0.11/apache-rat-plugin-0.11.jar (44 kB at 1.4 MB/s)
[[1;34mINFO[m] 
[[1;34mINFO[m] [1m--- [0;32mmaven-enforcer-plugin:1.3.1:enforce[m [1m(enforce-bytecode-version)[m @ [36mmaven[0;1m ---[m
Downloading from central: https://repo.maven.apache.org/maven2/org/codehaus/mojo/extra-enforcer-rules/1.0-beta-3/extra-enforcer-rules-1.0-beta-3.pom
Progress (1): 4.1/6.7 kBProgress (1): 6.7 kB                        Downloaded from central: https://repo.maven.apache.org/maven2/org/codehaus/mojo/extra-enforcer-rules/1.0-beta-3/extra-enforcer-rules-1.0-beta-3.pom (6.7 kB at 85 kB/s)
Downloading from central: https://repo.maven.apache.org/maven2/org/codehaus/mojo/extra-enforcer-rules/1.0-beta-3/extra-enforcer-rules-1.0-beta-3.jar
Progress (1): 4.1/32 kBProgress (1): 8.2/32 kBProgress (1): 12/32 kB Progress (1): 16/32 kBProgress (1): 20/32 kBProgress (1): 24/32 kBProgress (1): 28/32 kBProgress (1): 32 kB                      Downloaded from central: https://repo.maven.apache.org/maven2/org/codehaus/mojo/extra-enforcer-rules/1.0-beta-3/extra-enforcer-rules-1.0-beta-3.jar (32 kB at 329 kB/s)
[[1;34mINFO[m] 
[[1;34mINFO[m] [1m--- [0;32mmaven-enforcer-plugin:1.3.1:enforce[m [1m(ban-known-bad-maven-versions)[m @ [36mmaven[0;1m ---[m
[[1;34mINFO[m] 
[[1;34mINFO[m] [1m--- [0;32mapache-rat-plugin:0.11:check[m [1m(rat-check)[m @ [36mmaven[0;1m ---[m
Downloading from central: https://repo.maven.apache.org/maven2/org/apache/rat/apache-rat-core/0.11/apache-rat-core-0.11.pom
Progress (1): 4.1/4.3 kBProgress (1): 4.3 kB                        Downloaded from central: https://repo.maven.apache.org/maven2/org/apache/rat/apache-rat-core/0.11/apache-rat-core-0.11.pom (4.3 kB at 30 kB/s)
Downloading from central: https://repo.maven.apache.org/maven2/org/apache/rat/apache-rat-core/0.11/apache-rat-core-0.11.jar
Progress (1): 4.1/118 kBProgress (1): 8.2/118 kBProgress (1): 12/118 kB Progress (1): 16/118 kBProgress (1): 20/118 kBProgress (1): 24/118 kBProgress (1): 28/118 kBProgress (1): 32/118 kBProgress (1): 36/118 kBProgress (1): 40/118 kBProgress (1): 45/118 kBProgress (1): 49/118 kBProgress (1): 53/118 kBProgress (1): 57/118 kBProgress (1): 61/118 kBProgress (1): 65/118 kBProgress (1): 69/118 kBProgress (1): 73/118 kBProgress (1): 77/118 kBProgress (1): 81/118 kBProgress (1): 85/118 kBProgress (1): 90/118 kBProgress (1): 94/118 kBProgress (1): 98/118 kBProgress (1): 102/118 kBProgress (1): 106/118 kBProgress (1): 110/118 kBProgress (1): 114/118 kBProgress (1): 118 kB                        Downloaded from central: https://repo.maven.apache.org/maven2/org/apache/rat/apache-rat-core/0.11/apache-rat-core-0.11.jar (118 kB at 1.1 MB/s)
[[1;34mINFO[m] 64 implicit excludes (use -debug for more details).
[[1;34mINFO[m] Exclude: src/test/resources*/**
[[1;34mINFO[m] Exclude: src/test/projects/**
[[1;34mINFO[m] Exclude: src/test/remote-repo/**
[[1;34mINFO[m] Exclude: **/*.odg
[[1;34mINFO[m] Exclude: bootstrap/**
[[1;34mINFO[m] Exclude: README.bootstrap.txt
[[1;34mINFO[m] Exclude: .repository/**
[[1;34mINFO[m] Exclude: .maven/spy.log
[[1;34mINFO[m] 15 resources included (use -debug for more details)
[[1;34mINFO[m] Rat check: Summary of files. Unapproved: 4 unknown: 4 generated: 0 approved: 7 licence.
[[1;34mINFO[m] 
[[1;34mINFO[m] [1m--------------------< [0;36morg.apache.maven:maven-model[0;1m >--------------------[m
[[1;34mINFO[m] [1mBuilding Maven Model 3.2.6-SNAPSHOT                               [2/14][m
[[1;34mINFO[m] [1m--------------------------------[ jar ]---------------------------------[m
Downloading from central: https://repo.maven.apache.org/maven2/org/codehaus/modello/modello-maven-plugin/1.8.1/modello-maven-plugin-1.8.1.pom
Progress (1): 4.1/7.9 kBProgress (1): 7.9 kB                        Downloaded from central: https://repo.maven.apache.org/maven2/org/codehaus/modello/modello-maven-plugin/1.8.1/modello-maven-plugin-1.8.1.pom (7.9 kB at 96 kB/s)
Downloading from central: https://repo.maven.apache.org/maven2/org/codehaus/modello/modello/1.8.1/modello-1.8.1.pom
Progress (1): 4.1/25 kBProgress (1): 8.2/25 kBProgress (1): 12/25 kB Progress (1): 16/25 kBProgress (1): 20/25 kBProgress (1): 24/25 kBProgress (1): 25 kB                      Downloaded from central: https://repo.maven.apache.org/maven2/org/codehaus/modello/modello/1.8.1/modello-1.8.1.pom (25 kB at 311 kB/s)
Downloading from central: https://repo.maven.apache.org/maven2/org/codehaus/modello/modello-maven-plugin/1.8.1/modello-maven-plugin-1.8.1.jar
Progress (1): 4.1/35 kBProgress (1): 8.2/35 kBProgress (1): 12/35 kB Progress (1): 16/35 kBProgress (1): 20/35 kBProgress (1): 24/35 kBProgress (1): 28/35 kBProgress (1): 32/35 kBProgress (1): 35 kB                      Downloaded from central: https://repo.maven.apache.org/maven2/org/codehaus/modello/modello-maven-plugin/1.8.1/modello-maven-plugin-1.8.1.jar (35 kB at 223 kB/s)
[[1;34mINFO[m] 
[[1;34mINFO[m] [1m--- [0;32mmaven-enforcer-plugin:1.3.1:enforce[m [1m(enforce-bytecode-version)[m @ [36mmaven-model[0;1m ---[m
[[1;34mINFO[m] 
[[1;34mINFO[m] [1m--- [0;32mmaven-enforcer-plugin:1.3.1:enforce[m [1m(ban-known-bad-maven-versions)[m @ [36mmaven-model[0;1m ---[m
[[1;34mINFO[m] 
[[1;34mINFO[m] [1m--- [0;32mapache-rat-plugin:0.11:check[m [1m(rat-check)[m @ [36mmaven-model[0;1m ---[m
[[1;34mINFO[m] 51 implicit excludes (use -debug for more details).
[[1;34mINFO[m] Exclude: src/test/resources*/**
[[1;34mINFO[m] Exclude: src/test/projects/**
[[1;34mINFO[m] Exclude: src/test/remote-repo/**
[[1;34mINFO[m] Exclude: **/*.odg
[[1;34mINFO[m] Exclude: bootstrap/**
[[1;34mINFO[m] Exclude: README.bootstrap.txt
[[1;34mINFO[m] Exclude: .repository/**
[[1;34mINFO[m] Exclude: .maven/spy.log
[[1;34mINFO[m] 46 resources included (use -debug for more details)
[[1;34mINFO[m] Rat check: Summary of files. Unapproved: 0 unknown: 0 generated: 0 approved: 46 licence.
[[1;34mINFO[m] 
[[1;34mINFO[m] [1m--- [0;32mmodello-maven-plugin:1.8.1:java[m [1m(standard)[m @ [36mmaven-model[0;1m ---[m
Downloading from central: https://repo.maven.apache.org/maven2/org/codehaus/modello/modello-core/1.8.1/modello-core-1.8.1.pom
Progress (1): 1.5 kB                    Downloaded from central: https://repo.maven.apache.org/maven2/org/codehaus/modello/modello-core/1.8.1/modello-core-1.8.1.pom (1.5 kB at 116 kB/s)
Downloading from central: https://repo.maven.apache.org/maven2/org/codehaus/plexus/plexus-utils/3.0.13/plexus-utils-3.0.13.pom
Progress (1): 3.1 kB                    Downloaded from central: https://repo.maven.apache.org/maven2/org/codehaus/plexus/plexus-utils/3.0.13/plexus-utils-3.0.13.pom (3.1 kB at 38 kB/s)
Downloading from central: https://repo.maven.apache.org/maven2/org/codehaus/modello/modello-plugin-converters/1.8.1/modello-plugin-converters-1.8.1.pom
Progress (1): 1.6 kB                    Downloaded from central: https://repo.maven.apache.org/maven2/org/codehaus/modello/modello-plugin-converters/1.8.1/modello-plugin-converters-1.8.1.pom (1.6 kB at 8.1 kB/s)
Downloading from central: https://repo.maven.apache.org/maven2/org/codehaus/modello/modello-plugins/1.8.1/modello-plugins-1.8.1.pom
Progress (1): 2.5 kB                    Downloaded from central: https://repo.maven.apache.org/maven2/org/codehaus/modello/modello-plugins/1.8.1/modello-plugins-1.8.1.pom (2.5 kB at 17 kB/s)
Downloading from central: https://repo.maven.apache.org/maven2/org/codehaus/modello/modello-plugin-java/1.8.1/modello-plugin-java-1.8.1.pom
Progress (1): 2.6 kB                    Downloaded from central: https://repo.maven.apache.org/maven2/org/codehaus/modello/modello-plugin-java/1.8.1/modello-plugin-java-1.8.1.pom (2.6 kB at 15 kB/s)
Downloading from central: https://repo.maven.apache.org/maven2/org/codehaus/modello/modello-plugin-dom4j/1.8.1/modello-plugin-dom4j-1.8.1.pom
Progress (1): 1.6 kB                    Downloaded from central: https://repo.maven.apache.org/maven2/org/codehaus/modello/modello-plugin-dom4j/1.8.1/modello-plugin-dom4j-1.8.1.pom (1.6 kB at 9.7 kB/s)
Downloading from central: https://repo.maven.apache.org/maven2/org/codehaus/modello/modello-plugin-xml/1.8.1/modello-plugin-xml-1.8.1.pom
Progress (1): 1.0 kB                    Downloaded from central: https://repo.maven.apache.org/maven2/org/codehaus/modello/modello-plugin-xml/1.8.1/modello-plugin-xml-1.8.1.pom (1.0 kB at 7.5 kB/s)
Downloading from central: https://repo.maven.apache.org/maven2/org/codehaus/modello/modello-plugin-jackson/1.8.1/modello-plugin-jackson-1.8.1.pom
Progress (1): 1.8 kB                    Downloaded from central: https://repo.maven.apache.org/maven2/org/codehaus/modello/modello-plugin-jackson/1.8.1/modello-plugin-jackson-1.8.1.pom (1.8 kB at 12 kB/s)
Downloading from central: https://repo.maven.apache.org/maven2/com/fasterxml/jackson/core/jackson-core/2.1.5/jackson-core-2.1.5.pom
Progress (1): 4.1/5.6 kBProgress (1): 5.6 kB                        Downloaded from central: https://repo.maven.apache.org/maven2/com/fasterxml/jackson/core/jackson-core/2.1.5/jackson-core-2.1.5.pom (5.6 kB at 257 kB/s)
Downloading from central: https://repo.maven.apache.org/maven2/com/fasterxml/jackson/core/jackson-databind/2.1.5/jackson-databind-2.1.5.pom
Progress (1): 4.1/5.6 kBProgress (1): 5.6 kB                        Downloaded from central: https://repo.maven.apache.org/maven2/com/fasterxml/jackson/core/jackson-databind/2.1.5/jackson-databind-2.1.5.pom (5.6 kB at 147 kB/s)
Downloading from central: https://repo.maven.apache.org/maven2/com/fasterxml/jackson/core/jackson-annotations/2.1.5/jackson-annotations-2.1.5.pom
Progress (1): 1.9 kB                    Downloaded from central: https://repo.maven.apache.org/maven2/com/fasterxml/jackson/core/jackson-annotations/2.1.5/jackson-annotations-2.1.5.pom (1.9 kB at 133 kB/s)
Downloading from central: https://repo.maven.apache.org/maven2/org/codehaus/modello/modello-plugin-jdom/1.8.1/modello-plugin-jdom-1.8.1.pom
Progress (1): 1.9 kB                    Downloaded from central: https://repo.maven.apache.org/maven2/org/codehaus/modello/modello-plugin-jdom/1.8.1/modello-plugin-jdom-1.8.1.pom (1.9 kB at 8.9 kB/s)
Downloading from central: https://repo.maven.apache.org/maven2/org/codehaus/modello/modello-plugin-jsonschema/1.8.1/modello-plugin-jsonschema-1.8.1.pom
Progress (1): 1.5 kB                    Downloaded from central: https://repo.maven.apache.org/maven2/org/codehaus/modello/modello-plugin-jsonschema/1.8.1/modello-plugin-jsonschema-1.8.1.pom (1.5 kB at 5.2 kB/s)
Downloading from central: https://repo.maven.apache.org/maven2/org/codehaus/modello/modello-plugin-sax/1.8.1/modello-plugin-sax-1.8.1.pom
Progress (1): 1.3 kB                    Downloaded from central: https://repo.maven.apache.org/maven2/org/codehaus/modello/modello-plugin-sax/1.8.1/modello-plugin-sax-1.8.1.pom (1.3 kB at 6.8 kB/s)
Downloading from central: https://repo.maven.apache.org/maven2/org/codehaus/modello/modello-plugin-snakeyaml/1.8.1/modello-plugin-snakeyaml-1.8.1.pom
Progress (1): 1.2 kB                    Downloaded from central: https://repo.maven.apache.org/maven2/org/codehaus/modello/modello-plugin-snakeyaml/1.8.1/modello-plugin-snakeyaml-1.8.1.pom (1.2 kB at 8.0 kB/s)
Downloading from central: https://repo.maven.apache.org/maven2/org/codehaus/modello/modello-plugin-stax/1.8.1/modello-plugin-stax-1.8.1.pom
Progress (1): 2.3 kB                    Downloaded from central: https://repo.maven.apache.org/maven2/org/codehaus/modello/modello-plugin-stax/1.8.1/modello-plugin-stax-1.8.1.pom (2.3 kB at 28 kB/s)
Downloading from central: https://repo.maven.apache.org/maven2/org/codehaus/modello/modello-plugin-xdoc/1.8.1/modello-plugin-xdoc-1.8.1.pom
Progress (1): 1.2 kB                    Downloaded from central: https://repo.maven.apache.org/maven2/org/codehaus/modello/modello-plugin-xdoc/1.8.1/modello-plugin-xdoc-1.8.1.pom (1.2 kB at 6.3 kB/s)
Downloading from central: https://repo.maven.apache.org/maven2/org/codehaus/modello/modello-plugin-xsd/1.8.1/modello-plugin-xsd-1.8.1.pom
Progress (1): 1.3 kB                    Downloaded from central: https://repo.maven.apache.org/maven2/org/codehaus/modello/modello-plugin-xsd/1.8.1/modello-plugin-xsd-1.8.1.pom (1.3 kB at 96 kB/s)
Downloading from central: https://repo.maven.apache.org/maven2/org/codehaus/modello/modello-plugin-xpp3/1.8.1/modello-plugin-xpp3-1.8.1.pom
Progress (1): 1.4 kB                    Downloaded from central: https://repo.maven.apache.org/maven2/org/codehaus/modello/modello-plugin-xpp3/1.8.1/modello-plugin-xpp3-1.8.1.pom (1.4 kB at 18 kB/s)
Downloading from central: https://repo.maven.apache.org/maven2/org/codehaus/modello/modello-core/1.8.1/modello-core-1.8.1.jar
Downloading from central: https://repo.maven.apache.org/maven2/org/codehaus/modello/modello-plugin-converters/1.8.1/modello-plugin-converters-1.8.1.jar
Downloading from central: https://repo.maven.apache.org/maven2/org/codehaus/modello/modello-plugin-dom4j/1.8.1/modello-plugin-dom4j-1.8.1.jar
Downloading from central: https://repo.maven.apache.org/maven2/org/codehaus/plexus/plexus-utils/3.0.13/plexus-utils-3.0.13.jar
Downloading from central: https://repo.maven.apache.org/maven2/org/codehaus/modello/modello-plugin-xml/1.8.1/modello-plugin-xml-1.8.1.jar
Progress (1): 2.7/9.4 kBProgress (1): 5.5/9.4 kBProgress (1): 8.2/9.4 kBProgress (1): 9.4 kB    Progress (2): 9.4 kB | 2.7/239 kBProgress (2): 9.4 kB | 5.5/239 kBProgress (2): 9.4 kB | 8.2/239 kBProgress (2): 9.4 kB | 11/239 kB Progress (2): 9.4 kB | 14/239 kBProgress (2): 9.4 kB | 16/239 kBProgress (2): 9.4 kB | 19/239 kBProgress (2): 9.4 kB | 21/239 kBProgress (2): 9.4 kB | 24/239 kBProgress (2): 9.4 kB | 27/239 kBProgress (2): 9.4 kB | 30/239 kBProgress (2): 9.4 kB | 32/239 kBProgress (2): 9.4 kB | 35/239 kBProgress (2): 9.4 kB | 38/239 kBProgress (2): 9.4 kB | 40/239 kBProgress (2): 9.4 kB | 43/239 kBProgress (2): 9.4 kB | 46/239 kBProgress (2): 9.4 kB | 49/239 kBProgress (2): 9.4 kB | 53/239 kBProgress (2): 9.4 kB | 57/239 kBProgress (2): 9.4 kB | 61/239 kBProgress (2): 9.4 kB | 65/239 kBProgress (2): 9.4 kB | 69/239 kBProgress (2): 9.4 kB | 73/239 kBProgress (2): 9.4 kB | 77/239 kBProgress (2): 9.4 kB | 81/239 kBProgress (2): 9.4 kB | 85/239 kBProgress (2): 9.4 kB | 90/239 kBProgress (2): 9.4 kB | 94/239 kBProgress (2): 9.4 kB | 98/239 kBProgress (2): 9.4 kB | 102/239 kBProgress (2): 9.4 kB | 106/239 kBProgress (2): 9.4 kB | 110/239 kBProgress (2): 9.4 kB | 114/239 kBProgress (2): 9.4 kB | 118/239 kBProgress (2): 9.4 kB | 122/239 kBProgress (2): 9.4 kB | 126/239 kBProgress (2): 9.4 kB | 131/239 kBProgress (2): 9.4 kB | 135/239 kBProgress (2): 9.4 kB | 139/239 kBProgress (2): 9.4 kB | 143/239 kBProgress (2): 9.4 kB | 147/239 kBProgress (2): 9.4 kB | 151/239 kBProgress (2): 9.4 kB | 155/239 kBProgress (2): 9.4 kB | 159/239 kBProgress (2): 9.4 kB | 163/239 kBProgress (2): 9.4 kB | 167/239 kBProgress (2): 9.4 kB | 171/239 kBProgress (2): 9.4 kB | 176/239 kBProgress (2): 9.4 kB | 180/239 kBProgress (2): 9.4 kB | 184/239 kBProgress (2): 9.4 kB | 188/239 kBProgress (2): 9.4 kB | 192/239 kBProgress (2): 9.4 kB | 196/239 kBProgress (3): 9.4 kB | 196/239 kB | 2.7/18 kBProgress (3): 9.4 kB | 200/239 kB | 2.7/18 kBProgress (3): 9.4 kB | 204/239 kB | 2.7/18 kBProgress (3): 9.4 kB | 204/239 kB | 5.5/18 kBProgress (3): 9.4 kB | 208/239 kB | 5.5/18 kBProgress (3): 9.4 kB | 212/239 kB | 5.5/18 kBProgress (3): 9.4 kB | 212/239 kB | 8.2/18 kBProgress (3): 9.4 kB | 217/239 kB | 8.2/18 kBProgress (3): 9.4 kB | 217/239 kB | 11/18 kB Progress (3): 9.4 kB | 221/239 kB | 11/18 kBProgress (3): 9.4 kB | 225/239 kB | 11/18 kBProgress (4): 9.4 kB | 225/239 kB | 11/18 kB | 4.1/58 kBProgress (4): 9.4 kB | 225/239 kB | 14/18 kB | 4.1/58 kBProgress (4): 9.4 kB | 229/239 kB | 14/18 kB | 4.1/58 kBProgress (4): 9.4 kB | 229/239 kB | 16/18 kB | 4.1/58 kBProgress (4): 9.4 kB | 229/239 kB | 16/18 kB | 8.2/58 kBProgress (4): 9.4 kB | 233/239 kB | 16/18 kB | 8.2/58 kBProgress (4): 9.4 kB | 233/239 kB | 18 kB | 8.2/58 kB   Progress (4): 9.4 kB | 237/239 kB | 18 kB | 8.2/58 kBProgress (4): 9.4 kB | 237/239 kB | 18 kB | 12/58 kB Progress (4): 9.4 kB | 239 kB | 18 kB | 12/58 kB    Progress (4): 9.4 kB | 239 kB | 18 kB | 16/58 kBProgress (4): 9.4 kB | 239 kB | 18 kB | 20/58 kBProgress (4): 9.4 kB | 239 kB | 18 kB | 24/58 kBProgress (4): 9.4 kB | 239 kB | 18 kB | 28/58 kBProgress (4): 9.4 kB | 239 kB | 18 kB | 32/58 kBProgress (4): 9.4 kB | 239 kB | 18 kB | 36/58 kBProgress (4): 9.4 kB | 239 kB | 18 kB | 40/58 kBProgress (4): 9.4 kB | 239 kB | 18 kB | 45/58 kBProgress (4): 9.4 kB | 239 kB | 18 kB | 49/58 kBProgress (4): 9.4 kB | 239 kB | 18 kB | 53/58 kBProgress (4): 9.4 kB | 239 kB | 18 kB | 57/58 kBProgress (4): 9.4 kB | 239 kB | 18 kB | 58 kB                                                Downloaded from central: https://repo.maven.apache.org/maven2/org/codehaus/modello/modello-core/1.8.1/modello-core-1.8.1.jar (58 kB at 321 kB/s)
Downloading from central: https://repo.maven.apache.org/maven2/org/codehaus/modello/modello-plugin-jackson/1.8.1/modello-plugin-jackson-1.8.1.jar
Downloaded from central: https://repo.maven.apache.org/maven2/org/codehaus/plexus/plexus-utils/3.0.13/plexus-utils-3.0.13.jar (239 kB at 1.0 MB/s)
Downloaded from central: https://repo.maven.apache.org/maven2/org/codehaus/modello/modello-plugin-converters/1.8.1/modello-plugin-converters-1.8.1.jar (9.4 kB at 40 kB/s)
Downloading from central: https://repo.maven.apache.org/maven2/com/fasterxml/jackson/core/jackson-core/2.1.5/jackson-core-2.1.5.jar
Downloading from central: https://repo.maven.apache.org/maven2/com/fasterxml/jackson/core/jackson-databind/2.1.5/jackson-databind-2.1.5.jar
Downloaded from central: https://repo.maven.apache.org/maven2/org/codehaus/modello/modello-plugin-dom4j/1.8.1/modello-plugin-dom4j-1.8.1.jar (18 kB at 77 kB/s)
Downloading from central: https://repo.maven.apache.org/maven2/com/fasterxml/jackson/core/jackson-annotations/2.1.5/jackson-annotations-2.1.5.jar
Progress (1): 2.7/15 kBProgress (2): 2.7/15 kB | 4.1/927 kBProgress (2): 5.5/15 kB | 4.1/927 kBProgress (3): 5.5/15 kB | 4.1/927 kB | 4.1/34 kBProgress (3): 5.5/15 kB | 8.2/927 kB | 4.1/34 kBProgress (3): 8.2/15 kB | 8.2/927 kB | 4.1/34 kBProgress (3): 8.2/15 kB | 8.2/927 kB | 8.2/34 kBProgress (3): 8.2/15 kB | 12/927 kB | 8.2/34 kB Progress (3): 8.2/15 kB | 12/927 kB | 12/34 kB Progress (4): 8.2/15 kB | 12/927 kB | 12/34 kB | 4.1/19 kBProgress (4): 8.2/15 kB | 17/927 kB | 12/34 kB | 4.1/19 kBProgress (4): 8.2/15 kB | 17/927 kB | 16/34 kB | 4.1/19 kBProgress (4): 11/15 kB | 17/927 kB | 16/34 kB | 4.1/19 kB Progress (4): 11/15 kB | 21/927 kB | 16/34 kB | 4.1/19 kBProgress (4): 11/15 kB | 21/927 kB | 16/34 kB | 8.2/19 kBProgress (4): 11/15 kB | 21/927 kB | 20/34 kB | 8.2/19 kBProgress (4): 11/15 kB | 25/927 kB | 20/34 kB | 8.2/19 kBProgress (4): 11/15 kB | 25/927 kB | 20/34 kB | 12/19 kB Progress (4): 14/15 kB | 25/927 kB | 20/34 kB | 12/19 kBProgress (4): 14/15 kB | 30/927 kB | 20/34 kB | 12/19 kBProgress (4): 14/15 kB | 30/927 kB | 20/34 kB | 16/19 kBProgress (4): 14/15 kB | 30/927 kB | 24/34 kB | 16/19 kBProgress (4): 14/15 kB | 30/927 kB | 24/34 kB | 19 kB   Progress (4): 14/15 kB | 35/927 kB | 24/34 kB | 19 kBProgress (4): 15 kB | 35/927 kB | 24/34 kB | 19 kB   Progress (4): 15 kB | 35/927 kB | 28/34 kB | 19 kBProgress (4): 15 kB | 35/927 kB | 32/34 kB | 19 kBProgress (4): 15 kB | 35/927 kB | 34 kB | 19 kB   Progress (4): 15 kB | 39/927 kB | 34 kB | 19 kBProgress (4): 15 kB | 43/927 kB | 34 kB | 19 kBProgress (4): 15 kB | 47/927 kB | 34 kB | 19 kBProgress (4): 15 kB | 55/927 kB | 34 kB | 19 kBProgress (4): 15 kB | 64/927 kB | 34 kB | 19 kBProgress (4): 15 kB | 72/927 kB | 34 kB | 19 kBProgress (4): 15 kB | 80/927 kB | 34 kB | 19 kBProgress (4): 15 kB | 88/927 kB | 34 kB | 19 kBProgress (4): 15 kB | 96/927 kB | 34 kB | 19 kBProgress (4): 15 kB | 105/927 kB | 34 kB | 19 kBProgress (4): 15 kB | 113/927 kB | 34 kB | 19 kB                                                Downloaded from central: https://repo.maven.apache.org/maven2/com/fasterxml/jackson/core/jackson-annotations/2.1.5/jackson-annotations-2.1.5.jar (34 kB at 133 kB/s)
Downloading from central: https://repo.maven.apache.org/maven2/org/codehaus/modello/modello-plugin-java/1.8.1/modello-plugin-java-1.8.1.jar
Progress (3): 15 kB | 121/927 kB | 19 kBProgress (3): 15 kB | 129/927 kB | 19 kBProgress (3): 15 kB | 137/927 kB | 19 kBProgress (3): 15 kB | 146/927 kB | 19 kBProgress (3): 15 kB | 154/927 kB | 19 kBProgress (3): 15 kB | 162/927 kB | 19 kBProgress (3): 15 kB | 170/927 kB | 19 kBProgress (4): 15 kB | 170/927 kB | 19 kB | 2.7/207 kBProgress (4): 15 kB | 178/927 kB | 19 kB | 2.7/207 kBProgress (4): 15 kB | 178/927 kB | 19 kB | 5.5/207 kBProgress (4): 15 kB | 187/927 kB | 19 kB | 5.5/207 kBProgress (4): 15 kB | 187/927 kB | 19 kB | 8.2/207 kBProgress (4): 15 kB | 195/927 kB | 19 kB | 8.2/207 kBProgress (4): 15 kB | 195/927 kB | 19 kB | 11/207 kB Progress (4): 15 kB | 203/927 kB | 19 kB | 11/207 kBProgress (4): 15 kB | 203/927 kB | 19 kB | 14/207 kBProgress (4): 15 kB | 211/927 kB | 19 kB | 14/207 kBProgress (4): 15 kB | 211/927 kB | 19 kB | 16/207 kBProgress (4): 15 kB | 219/927 kB | 19 kB | 16/207 kBProgress (4): 15 kB | 219/927 kB | 19 kB | 19/207 kBProgress (4): 15 kB | 228/927 kB | 19 kB | 19/207 kBProgress (4): 15 kB | 228/927 kB | 19 kB | 21/207 kBProgress (4): 15 kB | 236/927 kB | 19 kB | 21/207 kBProgress (4): 15 kB | 236/927 kB | 19 kB | 24/207 kBProgress (4): 15 kB | 244/927 kB | 19 kB | 24/207 kBProgress (4): 15 kB | 244/927 kB | 19 kB | 27/207 kBProgress (4): 15 kB | 252/927 kB | 19 kB | 27/207 kBProgress (4): 15 kB | 252/927 kB | 19 kB | 30/207 kBProgress (4): 15 kB | 260/927 kB | 19 kB | 30/207 kBProgress (4): 15 kB | 260/927 kB | 19 kB | 32/207 kBProgress (4): 15 kB | 268/927 kB | 19 kB | 32/207 kBProgress (4): 15 kB | 277/927 kB | 19 kB | 32/207 kBProgress (4): 15 kB | 277/927 kB | 19 kB | 36/207 kBProgress (4): 15 kB | 277/927 kB | 19 kB | 40/207 kBProgress (4): 15 kB | 277/927 kB | 19 kB | 45/207 kBProgress (4): 15 kB | 277/927 kB | 19 kB | 49/207 kBProgress (4): 15 kB | 285/927 kB | 19 kB | 49/207 kBProgress (4): 15 kB | 293/927 kB | 19 kB | 49/207 kBProgress (4): 15 kB | 293/927 kB | 19 kB | 53/207 kBProgress (4): 15 kB | 293/927 kB | 19 kB | 57/207 kBProgress (4): 15 kB | 293/927 kB | 19 kB | 61/207 kBProgress (4): 15 kB | 301/927 kB | 19 kB | 61/207 kBProgress (4): 15 kB | 301/927 kB | 19 kB | 65/207 kBProgress (4): 15 kB | 309/927 kB | 19 kB | 65/207 kBProgress (4): 15 kB | 309/927 kB | 19 kB | 69/207 kBProgress (4): 15 kB | 318/927 kB | 19 kB | 69/207 kBProgress (4): 15 kB | 318/927 kB | 19 kB | 73/207 kBProgress (4): 15 kB | 326/927 kB | 19 kB | 73/207 kBProgress (4): 15 kB | 326/927 kB | 19 kB | 77/207 kBProgress (4): 15 kB | 326/927 kB | 19 kB | 81/207 kBProgress (4): 15 kB | 334/927 kB | 19 kB | 81/207 kBProgress (4): 15 kB | 342/927 kB | 19 kB | 81/207 kBProgress (4): 15 kB | 342/927 kB | 19 kB | 85/207 kBProgress (4): 15 kB | 342/927 kB | 19 kB | 90/207 kBProgress (4): 15 kB | 342/927 kB | 19 kB | 94/207 kBProgress (4): 15 kB | 342/927 kB | 19 kB | 98/207 kBProgress (4): 15 kB | 350/927 kB | 19 kB | 98/207 kBProgress (4): 15 kB | 359/927 kB | 19 kB | 98/207 kBProgress (4): 15 kB | 359/927 kB | 19 kB | 102/207 kBProgress (4): 15 kB | 359/927 kB | 19 kB | 106/207 kBProgress (4): 15 kB | 359/927 kB | 19 kB | 110/207 kBProgress (4): 15 kB | 367/927 kB | 19 kB | 110/207 kBProgress (4): 15 kB | 367/927 kB | 19 kB | 114/207 kBProgress (4): 15 kB | 375/927 kB | 19 kB | 114/207 kBProgress (4): 15 kB | 375/927 kB | 19 kB | 118/207 kBProgress (4): 15 kB | 383/927 kB | 19 kB | 118/207 kBProgress (4): 15 kB | 383/927 kB | 19 kB | 122/207 kBProgress (4): 15 kB | 391/927 kB | 19 kB | 122/207 kBProgress (4): 15 kB | 391/927 kB | 19 kB | 126/207 kBProgress (4): 15 kB | 391/927 kB | 19 kB | 131/207 kBProgress (4): 15 kB | 400/927 kB | 19 kB | 131/207 kBProgress (4): 15 kB | 408/927 kB | 19 kB | 131/207 kBProgress (4): 15 kB | 408/927 kB | 19 kB | 135/207 kBProgress (4): 15 kB | 408/927 kB | 19 kB | 139/207 kBProgress (4): 15 kB | 408/927 kB | 19 kB | 143/207 kBProgress (4): 15 kB | 408/927 kB | 19 kB | 147/207 kBProgress (4): 15 kB | 416/927 kB | 19 kB | 147/207 kBProgress (4): 15 kB | 424/927 kB | 19 kB | 147/207 kBProgress (4): 15 kB | 424/927 kB | 19 kB | 151/207 kBProgress (4): 15 kB | 424/927 kB | 19 kB | 155/207 kBProgress (4): 15 kB | 424/927 kB | 19 kB | 159/207 kBProgress (4): 15 kB | 432/927 kB | 19 kB | 159/207 kBProgress (4): 15 kB | 432/927 kB | 19 kB | 163/207 kBProgress (4): 15 kB | 441/927 kB | 19 kB | 163/207 kBProgress (4): 15 kB | 441/927 kB | 19 kB | 167/207 kBProgress (4): 15 kB | 441/927 kB | 19 kB | 171/207 kBProgress (4): 15 kB | 449/927 kB | 19 kB | 171/207 kBProgress (4): 15 kB | 449/927 kB | 19 kB | 176/207 kBProgress (4): 15 kB | 457/927 kB | 19 kB | 176/207 kBProgress (4): 15 kB | 457/927 kB | 19 kB | 180/207 kBProgress (4): 15 kB | 465/927 kB | 19 kB | 180/207 kBProgress (4): 15 kB | 465/927 kB | 19 kB | 184/207 kBProgress (4): 15 kB | 473/927 kB | 19 kB | 184/207 kBProgress (4): 15 kB | 473/927 kB | 19 kB | 188/207 kBProgress (4): 15 kB | 473/927 kB | 19 kB | 192/207 kBProgress (4): 15 kB | 473/927 kB | 19 kB | 196/207 kBProgress (4): 15 kB | 481/927 kB | 19 kB | 196/207 kBProgress (4): 15 kB | 490/927 kB | 19 kB | 196/207 kBProgress (4): 15 kB | 490/927 kB | 19 kB | 200/207 kBProgress (4): 15 kB | 490/927 kB | 19 kB | 204/207 kBProgress (4): 15 kB | 490/927 kB | 19 kB | 207 kB    Progress (4): 15 kB | 498/927 kB | 19 kB | 207 kBProgress (4): 15 kB | 506/927 kB | 19 kB | 207 kBProgress (4): 15 kB | 514/927 kB | 19 kB | 207 kBProgress (4): 15 kB | 522/927 kB | 19 kB | 207 kBProgress (4): 15 kB | 531/927 kB | 19 kB | 207 kBProgress (4): 15 kB | 539/927 kB | 19 kB | 207 kBProgress (4): 15 kB | 547/927 kB | 19 kB | 207 kBProgress (4): 15 kB | 555/927 kB | 19 kB | 207 kBProgress (4): 15 kB | 563/927 kB | 19 kB | 207 kBProgress (4): 15 kB | 572/927 kB | 19 kB | 207 kBProgress (4): 15 kB | 580/927 kB | 19 kB | 207 kBProgress (4): 15 kB | 588/927 kB | 19 kB | 207 kBProgress (4): 15 kB | 596/927 kB | 19 kB | 207 kB                                                 Downloaded from central: https://repo.maven.apache.org/maven2/com/fasterxml/jackson/core/jackson-core/2.1.5/jackson-core-2.1.5.jar (207 kB at 701 kB/s)
Progress (3): 15 kB | 604/927 kB | 19 kB                                        Downloading from central: https://repo.maven.apache.org/maven2/org/codehaus/modello/modello-plugin-jdom/1.8.1/modello-plugin-jdom-1.8.1.jar
Progress (3): 15 kB | 613/927 kB | 19 kBProgress (3): 15 kB | 621/927 kB | 19 kBProgress (3): 15 kB | 629/927 kB | 19 kBProgress (3): 15 kB | 637/927 kB | 19 kBProgress (3): 15 kB | 645/927 kB | 19 kBProgress (3): 15 kB | 654/927 kB | 19 kBProgress (3): 15 kB | 662/927 kB | 19 kBProgress (3): 15 kB | 670/927 kB | 19 kBProgress (3): 15 kB | 678/927 kB | 19 kBProgress (3): 15 kB | 686/927 kB | 19 kBProgress (3): 15 kB | 694/927 kB | 19 kBProgress (3): 15 kB | 703/927 kB | 19 kBProgress (3): 15 kB | 711/927 kB | 19 kBProgress (3): 15 kB | 719/927 kB | 19 kBProgress (3): 15 kB | 727/927 kB | 19 kBProgress (3): 15 kB | 735/927 kB | 19 kBProgress (3): 15 kB | 744/927 kB | 19 kBProgress (3): 15 kB | 752/927 kB | 19 kBProgress (3): 15 kB | 760/927 kB | 19 kBProgress (3): 15 kB | 768/927 kB | 19 kBProgress (3): 15 kB | 776/927 kB | 19 kBProgress (3): 15 kB | 785/927 kB | 19 kBProgress (3): 15 kB | 793/927 kB | 19 kBProgress (3): 15 kB | 801/927 kB | 19 kBProgress (3): 15 kB | 809/927 kB | 19 kBProgress (3): 15 kB | 817/927 kB | 19 kBProgress (3): 15 kB | 826/927 kB | 19 kBProgress (3): 15 kB | 834/927 kB | 19 kBProgress (3): 15 kB | 842/927 kB | 19 kBProgress (3): 15 kB | 850/927 kB | 19 kBProgress (3): 15 kB | 858/927 kB | 19 kBProgress (3): 15 kB | 867/927 kB | 19 kBProgress (3): 15 kB | 875/927 kB | 19 kBProgress (3): 15 kB | 883/927 kB | 19 kBProgress (3): 15 kB | 891/927 kB | 19 kBProgress (3): 15 kB | 899/927 kB | 19 kBProgress (3): 15 kB | 907/927 kB | 19 kBProgress (3): 15 kB | 916/927 kB | 19 kBProgress (3): 15 kB | 924/927 kB | 19 kBProgress (3): 15 kB | 927 kB | 19 kB                                        Downloaded from central: https://repo.maven.apache.org/maven2/org/codehaus/modello/modello-plugin-xml/1.8.1/modello-plugin-xml-1.8.1.jar (15 kB at 47 kB/s)
Downloading from central: https://repo.maven.apache.org/maven2/org/codehaus/modello/modello-plugin-jsonschema/1.8.1/modello-plugin-jsonschema-1.8.1.jar
Progress (3): 927 kB | 19 kB | 4.1/89 kBProgress (3): 927 kB | 19 kB | 8.2/89 kBProgress (3): 927 kB | 19 kB | 12/89 kB Progress (3): 927 kB | 19 kB | 16/89 kBProgress (3): 927 kB | 19 kB | 20/89 kBProgress (3): 927 kB | 19 kB | 24/89 kBProgress (3): 927 kB | 19 kB | 28/89 kBProgress (3): 927 kB | 19 kB | 32/89 kBProgress (3): 927 kB | 19 kB | 36/89 kBProgress (3): 927 kB | 19 kB | 40/89 kBProgress (3): 927 kB | 19 kB | 45/89 kBProgress (3): 927 kB | 19 kB | 49/89 kBProgress (3): 927 kB | 19 kB | 53/89 kBProgress (3): 927 kB | 19 kB | 57/89 kBProgress (3): 927 kB | 19 kB | 61/89 kBProgress (3): 927 kB | 19 kB | 65/89 kBProgress (3): 927 kB | 19 kB | 69/89 kBProgress (3): 927 kB | 19 kB | 73/89 kBProgress (3): 927 kB | 19 kB | 77/89 kBProgress (3): 927 kB | 19 kB | 81/89 kBProgress (3): 927 kB | 19 kB | 85/89 kBProgress (3): 927 kB | 19 kB | 89 kB                                       Downloaded from central: https://repo.maven.apache.org/maven2/org/codehaus/modello/modello-plugin-java/1.8.1/modello-plugin-java-1.8.1.jar (89 kB at 260 kB/s)
Downloading from central: https://repo.maven.apache.org/maven2/org/codehaus/modello/modello-plugin-sax/1.8.1/modello-plugin-sax-1.8.1.jar
Progress (3): 927 kB | 19 kB | 4.1/11 kBProgress (3): 927 kB | 19 kB | 8.2/11 kBProgress (3): 927 kB | 19 kB | 11 kB    Progress (4): 927 kB | 19 kB | 11 kB | 4.1/14 kBProgress (4): 927 kB | 19 kB | 11 kB | 8.2/14 kBProgress (4): 927 kB | 19 kB | 11 kB | 12/14 kB Progress (4): 927 kB | 19 kB | 11 kB | 14 kB                                               Downloaded from central: https://repo.maven.apache.org/maven2/org/codehaus/modello/modello-plugin-jdom/1.8.1/modello-plugin-jdom-1.8.1.jar (14 kB at 38 kB/s)
Downloading from central: https://repo.maven.apache.org/maven2/org/codehaus/modello/modello-plugin-snakeyaml/1.8.1/modello-plugin-snakeyaml-1.8.1.jar
Progress (4): 927 kB | 19 kB | 11 kB | 2.7/6.8 kBProgress (4): 927 kB | 19 kB | 11 kB | 5.5/6.8 kBProgress (4): 927 kB | 19 kB | 11 kB | 6.8 kB                                                 Downloaded from central: https://repo.maven.apache.org/maven2/org/codehaus/modello/modello-plugin-jackson/1.8.1/modello-plugin-jackson-1.8.1.jar (19 kB at 48 kB/s)
Downloading from central: https://repo.maven.apache.org/maven2/org/codehaus/modello/modello-plugin-stax/1.8.1/modello-plugin-stax-1.8.1.jar
Downloaded from central: https://repo.maven.apache.org/maven2/org/codehaus/modello/modello-plugin-sax/1.8.1/modello-plugin-sax-1.8.1.jar (11 kB at 25 kB/s)
Downloading from central: https://repo.maven.apache.org/maven2/org/codehaus/modello/modello-plugin-xdoc/1.8.1/modello-plugin-xdoc-1.8.1.jar
Progress (3): 927 kB | 6.8 kB | 4.1/21 kBProgress (3): 927 kB | 6.8 kB | 8.2/21 kBProgress (3): 927 kB | 6.8 kB | 12/21 kB Progress (3): 927 kB | 6.8 kB | 16/21 kBProgress (3): 927 kB | 6.8 kB | 20/21 kBProgress (3): 927 kB | 6.8 kB | 21 kB                                        Downloaded from central: https://repo.maven.apache.org/maven2/org/codehaus/modello/modello-plugin-jsonschema/1.8.1/modello-plugin-jsonschema-1.8.1.jar (6.8 kB at 15 kB/s)
Downloading from central: https://repo.maven.apache.org/maven2/org/codehaus/modello/modello-plugin-xpp3/1.8.1/modello-plugin-xpp3-1.8.1.jar
Downloaded from central: https://repo.maven.apache.org/maven2/com/fasterxml/jackson/core/jackson-databind/2.1.5/jackson-databind-2.1.5.jar (927 kB at 2.0 MB/s)
Downloading from central: https://repo.maven.apache.org/maven2/org/codehaus/modello/modello-plugin-xsd/1.8.1/modello-plugin-xsd-1.8.1.jar
Progress (2): 21 kB | 4.1/37 kBProgress (2): 21 kB | 8.2/37 kBProgress (2): 21 kB | 12/37 kB Progress (2): 21 kB | 16/37 kBProgress (2): 21 kB | 20/37 kBProgress (2): 21 kB | 24/37 kBProgress (2): 21 kB | 28/37 kBProgress (2): 21 kB | 32/37 kBProgress (2): 21 kB | 36/37 kBProgress (2): 21 kB | 37 kB   Progress (3): 21 kB | 37 kB | 4.1/14 kBProgress (3): 21 kB | 37 kB | 8.2/14 kBProgress (3): 21 kB | 37 kB | 12/14 kB Progress (3): 21 kB | 37 kB | 14 kB                                      Downloaded from central: https://repo.maven.apache.org/maven2/org/codehaus/modello/modello-plugin-snakeyaml/1.8.1/modello-plugin-snakeyaml-1.8.1.jar (21 kB at 39 kB/s)
Progress (3): 37 kB | 14 kB | 4.1/14 kBProgress (3): 37 kB | 14 kB | 8.2/14 kBProgress (4): 37 kB | 14 kB | 8.2/14 kB | 2.7/24 kBProgress (4): 37 kB | 14 kB | 12/14 kB | 2.7/24 kB Progress (4): 37 kB | 14 kB | 14 kB | 2.7/24 kB   Progress (4): 37 kB | 14 kB | 14 kB | 5.5/24 kBProgress (4): 37 kB | 14 kB | 14 kB | 8.2/24 kBProgress (4): 37 kB | 14 kB | 14 kB | 11/24 kB Progress (4): 37 kB | 14 kB | 14 kB | 14/24 kBProgress (4): 37 kB | 14 kB | 14 kB | 16/24 kBProgress (4): 37 kB | 14 kB | 14 kB | 19/24 kBProgress (4): 37 kB | 14 kB | 14 kB | 21/24 kBProgress (4): 37 kB | 14 kB | 14 kB | 24/24 kBProgress (4): 37 kB | 14 kB | 14 kB | 24 kB                                              Downloaded from central: https://repo.maven.apache.org/maven2/org/codehaus/modello/modello-plugin-xdoc/1.8.1/modello-plugin-xdoc-1.8.1.jar (14 kB at 25 kB/s)
Downloaded from central: https://repo.maven.apache.org/maven2/org/codehaus/modello/modello-plugin-xpp3/1.8.1/modello-plugin-xpp3-1.8.1.jar (24 kB at 40 kB/s)
Downloaded from central: https://repo.maven.apache.org/maven2/org/codehaus/modello/modello-plugin-xsd/1.8.1/modello-plugin-xsd-1.8.1.jar (14 kB at 23 kB/s)
Downloaded from central: https://repo.maven.apache.org/maven2/org/codehaus/modello/modello-plugin-stax/1.8.1/modello-plugin-stax-1.8.1.jar (37 kB at 60 kB/s)
[[1;34mINFO[m] outputDirectory: /home/user/Workspace/reproducibility/Reproducibility-Scanner/benchmarks/bugs-dot-jar/maven/maven-model/target/generated-sources/modello
[[1;34mINFO[m] Working on model: src/main/mdo/maven.mdo
[[1;34mINFO[m] Generating current version: 4.0.0
[[1;34mINFO[m] 
[[1;34mINFO[m] [1m--- [0;32mmodello-maven-plugin:1.8.1:xpp3-reader[m [1m(standard)[m @ [36mmaven-model[0;1m ---[m
[[1;34mINFO[m] outputDirectory: /home/user/Workspace/reproducibility/Reproducibility-Scanner/benchmarks/bugs-dot-jar/maven/maven-model/target/generated-sources/modello
[[1;34mINFO[m] Working on model: src/main/mdo/maven.mdo
[[1;34mINFO[m] Generating current version: 4.0.0
[[1;34mINFO[m] 
[[1;34mINFO[m] [1m--- [0;32mmodello-maven-plugin:1.8.1:xpp3-extended-reader[m [1m(standard)[m @ [36mmaven-model[0;1m ---[m
[[1;34mINFO[m] outputDirectory: /home/user/Workspace/reproducibility/Reproducibility-Scanner/benchmarks/bugs-dot-jar/maven/maven-model/target/generated-sources/modello
[[1;34mINFO[m] Working on model: src/main/mdo/maven.mdo
[[1;34mINFO[m] Generating current version: 4.0.0
[[1;34mINFO[m] 
[[1;34mINFO[m] [1m--- [0;32mmodello-maven-plugin:1.8.1:xpp3-writer[m [1m(standard)[m @ [36mmaven-model[0;1m ---[m
[[1;34mINFO[m] outputDirectory: /home/user/Workspace/reproducibility/Reproducibility-Scanner/benchmarks/bugs-dot-jar/maven/maven-model/target/generated-sources/modello
[[1;34mINFO[m] Working on model: src/main/mdo/maven.mdo
[[1;34mINFO[m] Generating current version: 4.0.0
[[1;34mINFO[m] 
[[1;34mINFO[m] [1m--- [0;32mmaven-remote-resources-plugin:1.5:process[m [1m(default)[m @ [36mmaven-model[0;1m ---[m
[[1;34mINFO[m] 
[[1;34mINFO[m] [1m--- [0;32mmaven-resources-plugin:2.6:resources[m [1m(default-resources)[m @ [36mmaven-model[0;1m ---[m
[[1;34mINFO[m] Using 'UTF-8' encoding to copy filtered resources.
[[1;34mINFO[m] skip non existing resourceDirectory /home/user/Workspace/reproducibility/Reproducibility-Scanner/benchmarks/bugs-dot-jar/maven/maven-model/src/main/resources
[[1;34mINFO[m] Copying 3 resources
[[1;34mINFO[m] 
[[1;34mINFO[m] [1m--- [0;32mmaven-compiler-plugin:3.1:compile[m [1m(default-compile)[m @ [36mmaven-model[0;1m ---[m
[[1;34mINFO[m] Changes detected - recompiling the module!
[[1;34mINFO[m] Compiling 53 source files to /home/user/Workspace/reproducibility/Reproducibility-Scanner/benchmarks/bugs-dot-jar/maven/maven-model/target/classes
[[1;33mWARNING[m] /home/user/Workspace/reproducibility/Reproducibility-Scanner/benchmarks/bugs-dot-jar/maven/maven-model/target/generated-sources/modello/org/apache/maven/model/ModelBase.java: Some input files use unchecked or unsafe operations.
[[1;33mWARNING[m] /home/user/Workspace/reproducibility/Reproducibility-Scanner/benchmarks/bugs-dot-jar/maven/maven-model/target/generated-sources/modello/org/apache/maven/model/ModelBase.java: Recompile with -Xlint:unchecked for details.
[[1;34mINFO[m] 
[[1;34mINFO[m] [1m--- [0;32manimal-sniffer-maven-plugin:1.13:check[m [1m(check-java-1.6-compat)[m @ [36mmaven-model[0;1m ---[m
[[1;34mINFO[m] Checking unresolved references to org.codehaus.mojo.signature:java16:1.1
[[1;34mINFO[m] 
[[1;34mINFO[m] [1m--- [0;32mmaven-resources-plugin:2.6:testResources[m [1m(default-testResources)[m @ [36mmaven-model[0;1m ---[m
[[1;34mINFO[m] Using 'UTF-8' encoding to copy filtered resources.
[[1;34mINFO[m] skip non existing resourceDirectory /home/user/Workspace/reproducibility/Reproducibility-Scanner/benchmarks/bugs-dot-jar/maven/maven-model/src/test/resources
[[1;34mINFO[m] Copying 3 resources
[[1;34mINFO[m] 
[[1;34mINFO[m] [1m--- [0;32mmaven-compiler-plugin:3.1:testCompile[m [1m(default-testCompile)[m @ [36mmaven-model[0;1m ---[m
[[1;34mINFO[m] Changes detected - recompiling the module!
[[1;34mINFO[m] Compiling 37 source files to /home/user/Workspace/reproducibility/Reproducibility-Scanner/benchmarks/bugs-dot-jar/maven/maven-model/target/test-classes
[[1;34mINFO[m] 
[[1;34mINFO[m] [1m--- [0;32mmaven-surefire-plugin:2.17:test[m [1m(default-test)[m @ [36mmaven-model[0;1m ---[m
[[1;34mINFO[m] Tests are skipped.
[[1;34mINFO[m] 
[[1;34mINFO[m] [1m--- [0;32mmaven-jar-plugin:2.5:jar[m [1m(default-jar)[m @ [36mmaven-model[0;1m ---[m
[[1;34mINFO[m] Building jar: /home/user/Workspace/reproducibility/Reproducibility-Scanner/benchmarks/bugs-dot-jar/maven/maven-model/target/maven-model-3.2.6-SNAPSHOT.jar
[[1;34mINFO[m] 
[[1;34mINFO[m] [1m--- [0;32mmaven-site-plugin:3.4:attach-descriptor[m [1m(attach-descriptor)[m @ [36mmaven-model[0;1m ---[m
[[1;34mINFO[m] 
[[1;34mINFO[m] [1m--- [0;32mmaven-checkstyle-plugin:2.13:check[m [1m(checkstyle-check)[m @ [36mmaven-model[0;1m ---[m
[[1;34mINFO[m] 
[[1;34mINFO[m] There are 1 checkstyle errors.
[[1;34mINFO[m] 
[[1;34mINFO[m] [1m--- [0;32mmaven-install-plugin:2.5.2:install[m [1m(default-install)[m @ [36mmaven-model[0;1m ---[m
[[1;34mINFO[m] Installing /home/user/Workspace/reproducibility/Reproducibility-Scanner/benchmarks/bugs-dot-jar/maven/maven-model/target/maven-model-3.2.6-SNAPSHOT.jar to /home/user/.m2/repository/org/apache/maven/maven-model/3.2.6-SNAPSHOT/maven-model-3.2.6-SNAPSHOT.jar
[[1;34mINFO[m] Installing /home/user/Workspace/reproducibility/Reproducibility-Scanner/benchmarks/bugs-dot-jar/maven/maven-model/pom.xml to /home/user/.m2/repository/org/apache/maven/maven-model/3.2.6-SNAPSHOT/maven-model-3.2.6-SNAPSHOT.pom
[[1;34mINFO[m] 
[[1;34mINFO[m] [1m------------------< [0;36morg.apache.maven:maven-artifact[0;1m >-------------------[m
[[1;34mINFO[m] [1mBuilding Maven Artifact 3.2.6-SNAPSHOT                            [3/14][m
[[1;34mINFO[m] [1m--------------------------------[ jar ]---------------------------------[m
Downloading from central: https://repo.maven.apache.org/maven2/org/codehaus/plexus/plexus-component-metadata/1.5.5/plexus-component-metadata-1.5.5.pom
Progress (1): 3.9 kB                    Downloaded from central: https://repo.maven.apache.org/maven2/org/codehaus/plexus/plexus-component-metadata/1.5.5/plexus-component-metadata-1.5.5.pom (3.9 kB at 257 kB/s)
Downloading from central: https://repo.maven.apache.org/maven2/org/codehaus/plexus/plexus-component-metadata/1.5.5/plexus-component-metadata-1.5.5.jar
Progress (1): 4.1/110 kBProgress (1): 8.2/110 kBProgress (1): 12/110 kB Progress (1): 16/110 kBProgress (1): 20/110 kBProgress (1): 24/110 kBProgress (1): 28/110 kBProgress (1): 32/110 kBProgress (1): 36/110 kBProgress (1): 40/110 kBProgress (1): 45/110 kBProgress (1): 49/110 kBProgress (1): 53/110 kBProgress (1): 57/110 kBProgress (1): 61/110 kBProgress (1): 65/110 kBProgress (1): 69/110 kBProgress (1): 73/110 kBProgress (1): 77/110 kBProgress (1): 81/110 kBProgress (1): 85/110 kBProgress (1): 90/110 kBProgress (1): 94/110 kBProgress (1): 98/110 kBProgress (1): 102/110 kBProgress (1): 106/110 kBProgress (1): 110/110 kBProgress (1): 110 kB                        Downloaded from central: https://repo.maven.apache.org/maven2/org/codehaus/plexus/plexus-component-metadata/1.5.5/plexus-component-metadata-1.5.5.jar (110 kB at 5.3 MB/s)
[[1;34mINFO[m] 
[[1;34mINFO[m] [1m--- [0;32mmaven-enforcer-plugin:1.3.1:enforce[m [1m(enforce-bytecode-version)[m @ [36mmaven-artifact[0;1m ---[m
[[1;34mINFO[m] 
[[1;34mINFO[m] [1m--- [0;32mmaven-enforcer-plugin:1.3.1:enforce[m [1m(ban-known-bad-maven-versions)[m @ [36mmaven-artifact[0;1m ---[m
[[1;34mINFO[m] 
[[1;34mINFO[m] [1m--- [0;32mapache-rat-plugin:0.11:check[m [1m(rat-check)[m @ [36mmaven-artifact[0;1m ---[m
[[1;34mINFO[m] 51 implicit excludes (use -debug for more details).
[[1;34mINFO[m] Exclude: src/test/resources*/**
[[1;34mINFO[m] Exclude: src/test/projects/**
[[1;34mINFO[m] Exclude: src/test/remote-repo/**
[[1;34mINFO[m] Exclude: **/*.odg
[[1;34mINFO[m] Exclude: bootstrap/**
[[1;34mINFO[m] Exclude: README.bootstrap.txt
[[1;34mINFO[m] Exclude: .repository/**
[[1;34mINFO[m] Exclude: .maven/spy.log
[[1;34mINFO[m] 33 resources included (use -debug for more details)
[[1;34mINFO[m] Rat check: Summary of files. Unapproved: 0 unknown: 0 generated: 0 approved: 33 licence.
[[1;34mINFO[m] 
[[1;34mINFO[m] [1m--- [0;32mmaven-remote-resources-plugin:1.5:process[m [1m(default)[m @ [36mmaven-artifact[0;1m ---[m
[[1;34mINFO[m] 
[[1;34mINFO[m] [1m--- [0;32mmaven-resources-plugin:2.6:resources[m [1m(default-resources)[m @ [36mmaven-artifact[0;1m ---[m
[[1;34mINFO[m] Using 'UTF-8' encoding to copy filtered resources.
[[1;34mINFO[m] skip non existing resourceDirectory /home/user/Workspace/reproducibility/Reproducibility-Scanner/benchmarks/bugs-dot-jar/maven/maven-artifact/src/main/resources
[[1;34mINFO[m] Copying 3 resources
[[1;34mINFO[m] 
[[1;34mINFO[m] [1m--- [0;32mmaven-compiler-plugin:3.1:compile[m [1m(default-compile)[m @ [36mmaven-artifact[0;1m ---[m
[[1;34mINFO[m] Changes detected - recompiling the module!
[[1;34mINFO[m] Compiling 27 source files to /home/user/Workspace/reproducibility/Reproducibility-Scanner/benchmarks/bugs-dot-jar/maven/maven-artifact/target/classes
[[1;33mWARNING[m] /home/user/Workspace/reproducibility/Reproducibility-Scanner/benchmarks/bugs-dot-jar/maven/maven-artifact/src/main/java/org/apache/maven/artifact/repository/layout/ArtifactRepositoryLayout.java: Some input files use or override a deprecated API.
[[1;33mWARNING[m] /home/user/Workspace/reproducibility/Reproducibility-Scanner/benchmarks/bugs-dot-jar/maven/maven-artifact/src/main/java/org/apache/maven/artifact/repository/layout/ArtifactRepositoryLayout.java: Recompile with -Xlint:deprecation for details.
[[1;34mINFO[m] 
[[1;34mINFO[m] [1m--- [0;32manimal-sniffer-maven-plugin:1.13:check[m [1m(check-java-1.6-compat)[m @ [36mmaven-artifact[0;1m ---[m
[[1;34mINFO[m] Checking unresolved references to org.codehaus.mojo.signature:java16:1.1
[[1;34mINFO[m] 
[[1;34mINFO[m] [1m--- [0;32mplexus-component-metadata:1.5.5:generate-metadata[m [1m(default)[m @ [36mmaven-artifact[0;1m ---[m
[[1;34mINFO[m] 
[[1;34mINFO[m] [1m--- [0;32mmaven-resources-plugin:2.6:testResources[m [1m(default-testResources)[m @ [36mmaven-artifact[0;1m ---[m
[[1;34mINFO[m] Using 'UTF-8' encoding to copy filtered resources.
[[1;34mINFO[m] skip non existing resourceDirectory /home/user/Workspace/reproducibility/Reproducibility-Scanner/benchmarks/bugs-dot-jar/maven/maven-artifact/src/test/resources
[[1;34mINFO[m] Copying 3 resources
[[1;34mINFO[m] 
[[1;34mINFO[m] [1m--- [0;32mmaven-compiler-plugin:3.1:testCompile[m [1m(default-testCompile)[m @ [36mmaven-artifact[0;1m ---[m
[[1;34mINFO[m] Changes detected - recompiling the module!
[[1;34mINFO[m] Compiling 3 source files to /home/user/Workspace/reproducibility/Reproducibility-Scanner/benchmarks/bugs-dot-jar/maven/maven-artifact/target/test-classes
[[1;34mINFO[m] 
[[1;34mINFO[m] [1m--- [0;32mplexus-component-metadata:1.5.5:generate-test-metadata[m [1m(default)[m @ [36mmaven-artifact[0;1m ---[m
[[1;34mINFO[m] 
[[1;34mINFO[m] [1m--- [0;32mmaven-surefire-plugin:2.17:test[m [1m(default-test)[m @ [36mmaven-artifact[0;1m ---[m
[[1;34mINFO[m] Tests are skipped.
[[1;34mINFO[m] 
[[1;34mINFO[m] [1m--- [0;32mmaven-jar-plugin:2.5:jar[m [1m(default-jar)[m @ [36mmaven-artifact[0;1m ---[m
[[1;34mINFO[m] Building jar: /home/user/Workspace/reproducibility/Reproducibility-Scanner/benchmarks/bugs-dot-jar/maven/maven-artifact/target/maven-artifact-3.2.6-SNAPSHOT.jar
[[1;34mINFO[m] 
[[1;34mINFO[m] [1m--- [0;32mmaven-site-plugin:3.4:attach-descriptor[m [1m(attach-descriptor)[m @ [36mmaven-artifact[0;1m ---[m
[[1;34mINFO[m] 
[[1;34mINFO[m] [1m--- [0;32mmaven-checkstyle-plugin:2.13:check[m [1m(checkstyle-check)[m @ [36mmaven-artifact[0;1m ---[m
[[1;34mINFO[m] 
[[1;34mINFO[m] There are 10 checkstyle errors.
[[1;34mINFO[m] 
[[1;34mINFO[m] [1m--- [0;32mmaven-install-plugin:2.5.2:install[m [1m(default-install)[m @ [36mmaven-artifact[0;1m ---[m
[[1;34mINFO[m] Installing /home/user/Workspace/reproducibility/Reproducibility-Scanner/benchmarks/bugs-dot-jar/maven/maven-artifact/target/maven-artifact-3.2.6-SNAPSHOT.jar to /home/user/.m2/repository/org/apache/maven/maven-artifact/3.2.6-SNAPSHOT/maven-artifact-3.2.6-SNAPSHOT.jar
[[1;34mINFO[m] Installing /home/user/Workspace/reproducibility/Reproducibility-Scanner/benchmarks/bugs-dot-jar/maven/maven-artifact/pom.xml to /home/user/.m2/repository/org/apache/maven/maven-artifact/3.2.6-SNAPSHOT/maven-artifact-3.2.6-SNAPSHOT.pom
[[1;34mINFO[m] 
[[1;34mINFO[m] [1m-----------------< [0;36morg.apache.maven:maven-plugin-api[0;1m >------------------[m
[[1;34mINFO[m] [1mBuilding Maven Plugin API 3.2.6-SNAPSHOT                          [4/14][m
[[1;34mINFO[m] [1m--------------------------------[ jar ]---------------------------------[m
[[1;34mINFO[m] 
[[1;34mINFO[m] [1m--- [0;32mmaven-enforcer-plugin:1.3.1:enforce[m [1m(enforce-bytecode-version)[m @ [36mmaven-plugin-api[0;1m ---[m
[[1;34mINFO[m] 
[[1;34mINFO[m] [1m--- [0;32mmaven-enforcer-plugin:1.3.1:enforce[m [1m(ban-known-bad-maven-versions)[m @ [36mmaven-plugin-api[0;1m ---[m
[[1;34mINFO[m] 
[[1;34mINFO[m] [1m--- [0;32mapache-rat-plugin:0.11:check[m [1m(rat-check)[m @ [36mmaven-plugin-api[0;1m ---[m
[[1;34mINFO[m] 51 implicit excludes (use -debug for more details).
[[1;34mINFO[m] Exclude: src/test/resources*/**
[[1;34mINFO[m] Exclude: src/test/projects/**
[[1;34mINFO[m] Exclude: src/test/remote-repo/**
[[1;34mINFO[m] Exclude: **/*.odg
[[1;34mINFO[m] Exclude: bootstrap/**
[[1;34mINFO[m] Exclude: README.bootstrap.txt
[[1;34mINFO[m] Exclude: .repository/**
[[1;34mINFO[m] Exclude: .maven/spy.log
[[1;34mINFO[m] 26 resources included (use -debug for more details)
[[1;34mINFO[m] Rat check: Summary of files. Unapproved: 0 unknown: 0 generated: 0 approved: 26 licence.
[[1;34mINFO[m] 
[[1;34mINFO[m] [1m--- [0;32mmodello-maven-plugin:1.8.1:java[m [1m(standard)[m @ [36mmaven-plugin-api[0;1m ---[m
[[1;34mINFO[m] outputDirectory: /home/user/Workspace/reproducibility/Reproducibility-Scanner/benchmarks/bugs-dot-jar/maven/maven-plugin-api/target/generated-sources/modello
[[1;34mINFO[m] Working on model: src/main/mdo/lifecycle.mdo
[[1;34mINFO[m] Generating current version: 1.0.0
[[1;34mINFO[m] 
[[1;34mINFO[m] [1m--- [0;32mmodello-maven-plugin:1.8.1:xpp3-reader[m [1m(standard)[m @ [36mmaven-plugin-api[0;1m ---[m
[[1;34mINFO[m] outputDirectory: /home/user/Workspace/reproducibility/Reproducibility-Scanner/benchmarks/bugs-dot-jar/maven/maven-plugin-api/target/generated-sources/modello
[[1;34mINFO[m] Working on model: src/main/mdo/lifecycle.mdo
[[1;34mINFO[m] Generating current version: 1.0.0
[[1;34mINFO[m] 
[[1;34mINFO[m] [1m--- [0;32mmodello-maven-plugin:1.8.1:xpp3-writer[m [1m(standard)[m @ [36mmaven-plugin-api[0;1m ---[m
[[1;34mINFO[m] outputDirectory: /home/user/Workspace/reproducibility/Reproducibility-Scanner/benchmarks/bugs-dot-jar/maven/maven-plugin-api/target/generated-sources/modello
[[1;34mINFO[m] Working on model: src/main/mdo/lifecycle.mdo
[[1;34mINFO[m] Generating current version: 1.0.0
[[1;34mINFO[m] 
[[1;34mINFO[m] [1m--- [0;32mmaven-remote-resources-plugin:1.5:process[m [1m(default)[m @ [36mmaven-plugin-api[0;1m ---[m
[[1;34mINFO[m] 
[[1;34mINFO[m] [1m--- [0;32mmaven-resources-plugin:2.6:resources[m [1m(default-resources)[m @ [36mmaven-plugin-api[0;1m ---[m
[[1;34mINFO[m] Using 'UTF-8' encoding to copy filtered resources.
[[1;34mINFO[m] skip non existing resourceDirectory /home/user/Workspace/reproducibility/Reproducibility-Scanner/benchmarks/bugs-dot-jar/maven/maven-plugin-api/src/main/resources
[[1;34mINFO[m] Copying 3 resources
[[1;34mINFO[m] 
[[1;34mINFO[m] [1m--- [0;32mmaven-compiler-plugin:3.1:compile[m [1m(default-compile)[m @ [36mmaven-plugin-api[0;1m ---[m
[[1;34mINFO[m] Changes detected - recompiling the module!
[[1;34mINFO[m] Compiling 25 source files to /home/user/Workspace/reproducibility/Reproducibility-Scanner/benchmarks/bugs-dot-jar/maven/maven-plugin-api/target/classes
[[1;33mWARNING[m] /home/user/Workspace/reproducibility/Reproducibility-Scanner/benchmarks/bugs-dot-jar/maven/maven-plugin-api/target/generated-sources/modello/org/apache/maven/plugin/lifecycle/io/xpp3/LifecycleMappingsXpp3Reader.java: /home/user/Workspace/reproducibility/Reproducibility-Scanner/benchmarks/bugs-dot-jar/maven/maven-plugin-api/target/generated-sources/modello/org/apache/maven/plugin/lifecycle/io/xpp3/LifecycleMappingsXpp3Reader.java uses unchecked or unsafe operations.
[[1;33mWARNING[m] /home/user/Workspace/reproducibility/Reproducibility-Scanner/benchmarks/bugs-dot-jar/maven/maven-plugin-api/target/generated-sources/modello/org/apache/maven/plugin/lifecycle/io/xpp3/LifecycleMappingsXpp3Reader.java: Recompile with -Xlint:unchecked for details.
[[1;34mINFO[m] 
[[1;34mINFO[m] [1m--- [0;32manimal-sniffer-maven-plugin:1.13:check[m [1m(check-java-1.6-compat)[m @ [36mmaven-plugin-api[0;1m ---[m
[[1;34mINFO[m] Checking unresolved references to org.codehaus.mojo.signature:java16:1.1
[[1;34mINFO[m] 
[[1;34mINFO[m] [1m--- [0;32mmaven-resources-plugin:2.6:testResources[m [1m(default-testResources)[m @ [36mmaven-plugin-api[0;1m ---[m
[[1;34mINFO[m] Using 'UTF-8' encoding to copy filtered resources.
[[1;34mINFO[m] Copying 2 resources
[[1;34mINFO[m] Copying 3 resources
[[1;34mINFO[m] 
[[1;34mINFO[m] [1m--- [0;32mmaven-compiler-plugin:3.1:testCompile[m [1m(default-testCompile)[m @ [36mmaven-plugin-api[0;1m ---[m
[[1;34mINFO[m] Changes detected - recompiling the module!
[[1;34mINFO[m] Compiling 2 source files to /home/user/Workspace/reproducibility/Reproducibility-Scanner/benchmarks/bugs-dot-jar/maven/maven-plugin-api/target/test-classes
[[1;34mINFO[m] 
[[1;34mINFO[m] [1m--- [0;32mmaven-surefire-plugin:2.17:test[m [1m(default-test)[m @ [36mmaven-plugin-api[0;1m ---[m
[[1;34mINFO[m] Tests are skipped.
[[1;34mINFO[m] 
[[1;34mINFO[m] [1m--- [0;32mmaven-jar-plugin:2.5:jar[m [1m(default-jar)[m @ [36mmaven-plugin-api[0;1m ---[m
[[1;34mINFO[m] Building jar: /home/user/Workspace/reproducibility/Reproducibility-Scanner/benchmarks/bugs-dot-jar/maven/maven-plugin-api/target/maven-plugin-api-3.2.6-SNAPSHOT.jar
[[1;34mINFO[m] 
[[1;34mINFO[m] [1m--- [0;32mmaven-site-plugin:3.4:attach-descriptor[m [1m(attach-descriptor)[m @ [36mmaven-plugin-api[0;1m ---[m
[[1;34mINFO[m] 
[[1;34mINFO[m] [1m--- [0;32mmaven-checkstyle-plugin:2.13:check[m [1m(checkstyle-check)[m @ [36mmaven-plugin-api[0;1m ---[m
[[1;34mINFO[m] 
[[1;34mINFO[m] There are 5 checkstyle errors.
[[1;34mINFO[m] 
[[1;34mINFO[m] [1m--- [0;32mmaven-install-plugin:2.5.2:install[m [1m(default-install)[m @ [36mmaven-plugin-api[0;1m ---[m
[[1;34mINFO[m] Installing /home/user/Workspace/reproducibility/Reproducibility-Scanner/benchmarks/bugs-dot-jar/maven/maven-plugin-api/target/maven-plugin-api-3.2.6-SNAPSHOT.jar to /home/user/.m2/repository/org/apache/maven/maven-plugin-api/3.2.6-SNAPSHOT/maven-plugin-api-3.2.6-SNAPSHOT.jar
[[1;34mINFO[m] Installing /home/user/Workspace/reproducibility/Reproducibility-Scanner/benchmarks/bugs-dot-jar/maven/maven-plugin-api/pom.xml to /home/user/.m2/repository/org/apache/maven/maven-plugin-api/3.2.6-SNAPSHOT/maven-plugin-api-3.2.6-SNAPSHOT.pom
[[1;34mINFO[m] 
[[1;34mINFO[m] [1m---------------< [0;36morg.apache.maven:maven-builder-support[0;1m >---------------[m
[[1;34mINFO[m] [1mBuilding Maven Builder Support 3.2.6-SNAPSHOT                     [5/14][m
[[1;34mINFO[m] [1m--------------------------------[ jar ]---------------------------------[m
[[1;34mINFO[m] 
[[1;34mINFO[m] [1m--- [0;32mmaven-enforcer-plugin:1.3.1:enforce[m [1m(enforce-bytecode-version)[m @ [36mmaven-builder-support[0;1m ---[m
[[1;34mINFO[m] 
[[1;34mINFO[m] [1m--- [0;32mmaven-enforcer-plugin:1.3.1:enforce[m [1m(ban-known-bad-maven-versions)[m @ [36mmaven-builder-support[0;1m ---[m
[[1;34mINFO[m] 
[[1;34mINFO[m] [1m--- [0;32mapache-rat-plugin:0.11:check[m [1m(rat-check)[m @ [36mmaven-builder-support[0;1m ---[m
[[1;34mINFO[m] 51 implicit excludes (use -debug for more details).
[[1;34mINFO[m] Exclude: src/test/resources*/**
[[1;34mINFO[m] Exclude: src/test/projects/**
[[1;34mINFO[m] Exclude: src/test/remote-repo/**
[[1;34mINFO[m] Exclude: **/*.odg
[[1;34mINFO[m] Exclude: bootstrap/**
[[1;34mINFO[m] Exclude: README.bootstrap.txt
[[1;34mINFO[m] Exclude: .repository/**
[[1;34mINFO[m] Exclude: .maven/spy.log
[[1;34mINFO[m] 17 resources included (use -debug for more details)
[[1;34mINFO[m] Rat check: Summary of files. Unapproved: 0 unknown: 0 generated: 0 approved: 17 licence.
[[1;34mINFO[m] 
[[1;34mINFO[m] [1m--- [0;32mmaven-remote-resources-plugin:1.5:process[m [1m(default)[m @ [36mmaven-builder-support[0;1m ---[m
[[1;34mINFO[m] 
[[1;34mINFO[m] [1m--- [0;32mmaven-resources-plugin:2.6:resources[m [1m(default-resources)[m @ [36mmaven-builder-support[0;1m ---[m
[[1;34mINFO[m] Using 'UTF-8' encoding to copy filtered resources.
[[1;34mINFO[m] skip non existing resourceDirectory /home/user/Workspace/reproducibility/Reproducibility-Scanner/benchmarks/bugs-dot-jar/maven/maven-builder-support/src/main/resources
[[1;34mINFO[m] Copying 3 resources
[[1;34mINFO[m] 
[[1;34mINFO[m] [1m--- [0;32mmaven-compiler-plugin:3.1:compile[m [1m(default-compile)[m @ [36mmaven-builder-support[0;1m ---[m
[[1;34mINFO[m] Changes detected - recompiling the module!
[[1;34mINFO[m] Compiling 9 source files to /home/user/Workspace/reproducibility/Reproducibility-Scanner/benchmarks/bugs-dot-jar/maven/maven-builder-support/target/classes
[[1;34mINFO[m] 
[[1;34mINFO[m] [1m--- [0;32manimal-sniffer-maven-plugin:1.13:check[m [1m(check-java-1.6-compat)[m @ [36mmaven-builder-support[0;1m ---[m
[[1;34mINFO[m] Checking unresolved references to org.codehaus.mojo.signature:java16:1.1
[[1;34mINFO[m] 
[[1;34mINFO[m] [1m--- [0;32mmaven-resources-plugin:2.6:testResources[m [1m(default-testResources)[m @ [36mmaven-builder-support[0;1m ---[m
[[1;34mINFO[m] Using 'UTF-8' encoding to copy filtered resources.
[[1;34mINFO[m] Copying 1 resource
[[1;34mINFO[m] Copying 3 resources
[[1;34mINFO[m] 
[[1;34mINFO[m] [1m--- [0;32mmaven-compiler-plugin:3.1:testCompile[m [1m(default-testCompile)[m @ [36mmaven-builder-support[0;1m ---[m
[[1;34mINFO[m] Changes detected - recompiling the module!
[[1;34mINFO[m] Compiling 6 source files to /home/user/Workspace/reproducibility/Reproducibility-Scanner/benchmarks/bugs-dot-jar/maven/maven-builder-support/target/test-classes
[[1;34mINFO[m] 
[[1;34mINFO[m] [1m--- [0;32mmaven-surefire-plugin:2.17:test[m [1m(default-test)[m @ [36mmaven-builder-support[0;1m ---[m
[[1;34mINFO[m] Tests are skipped.
[[1;34mINFO[m] 
[[1;34mINFO[m] [1m--- [0;32mmaven-jar-plugin:2.5:jar[m [1m(default-jar)[m @ [36mmaven-builder-support[0;1m ---[m
[[1;34mINFO[m] Building jar: /home/user/Workspace/reproducibility/Reproducibility-Scanner/benchmarks/bugs-dot-jar/maven/maven-builder-support/target/maven-builder-support-3.2.6-SNAPSHOT.jar
[[1;34mINFO[m] 
[[1;34mINFO[m] [1m--- [0;32mmaven-site-plugin:3.4:attach-descriptor[m [1m(attach-descriptor)[m @ [36mmaven-builder-support[0;1m ---[m
[[1;34mINFO[m] 
[[1;34mINFO[m] [1m--- [0;32mmaven-checkstyle-plugin:2.13:check[m [1m(checkstyle-check)[m @ [36mmaven-builder-support[0;1m ---[m
[[1;34mINFO[m] 
[[1;34mINFO[m] 
[[1;34mINFO[m] [1m--- [0;32mmaven-install-plugin:2.5.2:install[m [1m(default-install)[m @ [36mmaven-builder-support[0;1m ---[m
[[1;34mINFO[m] Installing /home/user/Workspace/reproducibility/Reproducibility-Scanner/benchmarks/bugs-dot-jar/maven/maven-builder-support/target/maven-builder-support-3.2.6-SNAPSHOT.jar to /home/user/.m2/repository/org/apache/maven/maven-builder-support/3.2.6-SNAPSHOT/maven-builder-support-3.2.6-SNAPSHOT.jar
[[1;34mINFO[m] Installing /home/user/Workspace/reproducibility/Reproducibility-Scanner/benchmarks/bugs-dot-jar/maven/maven-builder-support/pom.xml to /home/user/.m2/repository/org/apache/maven/maven-builder-support/3.2.6-SNAPSHOT/maven-builder-support-3.2.6-SNAPSHOT.pom
[[1;34mINFO[m] 
[[1;34mINFO[m] [1m----------------< [0;36morg.apache.maven:maven-model-builder[0;1m >----------------[m
[[1;34mINFO[m] [1mBuilding Maven Model Builder 3.2.6-SNAPSHOT                       [6/14][m
[[1;34mINFO[m] [1m--------------------------------[ jar ]---------------------------------[m
[[1;34mINFO[m] 
[[1;34mINFO[m] [1m--- [0;32mmaven-enforcer-plugin:1.3.1:enforce[m [1m(enforce-bytecode-version)[m @ [36mmaven-model-builder[0;1m ---[m
[[1;34mINFO[m] 
[[1;34mINFO[m] [1m--- [0;32mmaven-enforcer-plugin:1.3.1:enforce[m [1m(ban-known-bad-maven-versions)[m @ [36mmaven-model-builder[0;1m ---[m
[[1;34mINFO[m] 
[[1;34mINFO[m] [1m--- [0;32mapache-rat-plugin:0.11:check[m [1m(rat-check)[m @ [36mmaven-model-builder[0;1m ---[m
[[1;34mINFO[m] 51 implicit excludes (use -debug for more details).
[[1;34mINFO[m] Exclude: src/test/resources*/**
[[1;34mINFO[m] Exclude: src/test/projects/**
[[1;34mINFO[m] Exclude: src/test/remote-repo/**
[[1;34mINFO[m] Exclude: **/*.odg
[[1;34mINFO[m] Exclude: bootstrap/**
[[1;34mINFO[m] Exclude: README.bootstrap.txt
[[1;34mINFO[m] Exclude: .repository/**
[[1;34mINFO[m] Exclude: .maven/spy.log
[[1;34mINFO[m] 108 resources included (use -debug for more details)
[[1;34mINFO[m] Rat check: Summary of files. Unapproved: 0 unknown: 0 generated: 0 approved: 108 licence.
[[1;34mINFO[m] 
[[1;34mINFO[m] [1m--- [0;32mmaven-remote-resources-plugin:1.5:process[m [1m(default)[m @ [36mmaven-model-builder[0;1m ---[m
[[1;34mINFO[m] 
[[1;34mINFO[m] [1m--- [0;32mmaven-resources-plugin:2.6:resources[m [1m(default-resources)[m @ [36mmaven-model-builder[0;1m ---[m
[[1;34mINFO[m] Using 'UTF-8' encoding to copy filtered resources.
[[1;34mINFO[m] Copying 1 resource
[[1;34mINFO[m] Copying 3 resources
[[1;34mINFO[m] 
[[1;34mINFO[m] [1m--- [0;32mmaven-compiler-plugin:3.1:compile[m [1m(default-compile)[m @ [36mmaven-model-builder[0;1m ---[m
[[1;34mINFO[m] Changes detected - recompiling the module!
[[1;34mINFO[m] Compiling 90 source files to /home/user/Workspace/reproducibility/Reproducibility-Scanner/benchmarks/bugs-dot-jar/maven/maven-model-builder/target/classes
[[1;33mWARNING[m] /home/user/Workspace/reproducibility/Reproducibility-Scanner/benchmarks/bugs-dot-jar/maven/maven-model-builder/src/main/java/org/apache/maven/model/resolution/ModelResolver.java: Some input files use or override a deprecated API.
[[1;33mWARNING[m] /home/user/Workspace/reproducibility/Reproducibility-Scanner/benchmarks/bugs-dot-jar/maven/maven-model-builder/src/main/java/org/apache/maven/model/resolution/ModelResolver.java: Recompile with -Xlint:deprecation for details.
[[1;34mINFO[m] 
[[1;34mINFO[m] [1m--- [0;32manimal-sniffer-maven-plugin:1.13:check[m [1m(check-java-1.6-compat)[m @ [36mmaven-model-builder[0;1m ---[m
[[1;34mINFO[m] Checking unresolved references to org.codehaus.mojo.signature:java16:1.1
[[1;34mINFO[m] 
[[1;34mINFO[m] [1m--- [0;32mplexus-component-metadata:1.5.5:generate-metadata[m [1m(default)[m @ [36mmaven-model-builder[0;1m ---[m
[[1;34mINFO[m] Discovered 26 component descriptors(s)
[[1;34mINFO[m] 
[[1;34mINFO[m] [1m--- [0;32mmaven-resources-plugin:2.6:testResources[m [1m(default-testResources)[m @ [36mmaven-model-builder[0;1m ---[m
[[1;34mINFO[m] Using 'UTF-8' encoding to copy filtered resources.
[[1;34mINFO[m] Copying 52 resources
[[1;34mINFO[m] Copying 3 resources
[[1;34mINFO[m] 
[[1;34mINFO[m] [1m--- [0;32mmaven-compiler-plugin:3.1:testCompile[m [1m(default-testCompile)[m @ [36mmaven-model-builder[0;1m ---[m
[[1;34mINFO[m] Changes detected - recompiling the module!
[[1;34mINFO[m] Compiling 12 source files to /home/user/Workspace/reproducibility/Reproducibility-Scanner/benchmarks/bugs-dot-jar/maven/maven-model-builder/target/test-classes
[[1;34mINFO[m] 
[[1;34mINFO[m] [1m--- [0;32mplexus-component-metadata:1.5.5:generate-test-metadata[m [1m(default)[m @ [36mmaven-model-builder[0;1m ---[m
[[1;34mINFO[m] 
[[1;34mINFO[m] [1m--- [0;32mmaven-surefire-plugin:2.17:test[m [1m(default-test)[m @ [36mmaven-model-builder[0;1m ---[m
[[1;34mINFO[m] Tests are skipped.
[[1;34mINFO[m] 
[[1;34mINFO[m] [1m--- [0;32mmaven-jar-plugin:2.5:jar[m [1m(default-jar)[m @ [36mmaven-model-builder[0;1m ---[m
[[1;34mINFO[m] Building jar: /home/user/Workspace/reproducibility/Reproducibility-Scanner/benchmarks/bugs-dot-jar/maven/maven-model-builder/target/maven-model-builder-3.2.6-SNAPSHOT.jar
[[1;34mINFO[m] 
[[1;34mINFO[m] [1m--- [0;32mmaven-site-plugin:3.4:attach-descriptor[m [1m(attach-descriptor)[m @ [36mmaven-model-builder[0;1m ---[m
[[1;34mINFO[m] 
[[1;34mINFO[m] [1m--- [0;32mmaven-checkstyle-plugin:2.13:check[m [1m(checkstyle-check)[m @ [36mmaven-model-builder[0;1m ---[m
[[1;34mINFO[m] 
[[1;34mINFO[m] There are 60 checkstyle errors.
[[1;34mINFO[m] 
[[1;34mINFO[m] [1m--- [0;32mmaven-install-plugin:2.5.2:install[m [1m(default-install)[m @ [36mmaven-model-builder[0;1m ---[m
[[1;34mINFO[m] Installing /home/user/Workspace/reproducibility/Reproducibility-Scanner/benchmarks/bugs-dot-jar/maven/maven-model-builder/target/maven-model-builder-3.2.6-SNAPSHOT.jar to /home/user/.m2/repository/org/apache/maven/maven-model-builder/3.2.6-SNAPSHOT/maven-model-builder-3.2.6-SNAPSHOT.jar
[[1;34mINFO[m] Installing /home/user/Workspace/reproducibility/Reproducibility-Scanner/benchmarks/bugs-dot-jar/maven/maven-model-builder/pom.xml to /home/user/.m2/repository/org/apache/maven/maven-model-builder/3.2.6-SNAPSHOT/maven-model-builder-3.2.6-SNAPSHOT.pom
[[1;34mINFO[m] 
[[1;34mINFO[m] [1m------------------< [0;36morg.apache.maven:maven-settings[0;1m >-------------------[m
[[1;34mINFO[m] [1mBuilding Maven Settings 3.2.6-SNAPSHOT                            [7/14][m
[[1;34mINFO[m] [1m--------------------------------[ jar ]---------------------------------[m
[[1;34mINFO[m] 
[[1;34mINFO[m] [1m--- [0;32mmaven-enforcer-plugin:1.3.1:enforce[m [1m(enforce-bytecode-version)[m @ [36mmaven-settings[0;1m ---[m
[[1;34mINFO[m] 
[[1;34mINFO[m] [1m--- [0;32mmaven-enforcer-plugin:1.3.1:enforce[m [1m(ban-known-bad-maven-versions)[m @ [36mmaven-settings[0;1m ---[m
[[1;34mINFO[m] 
[[1;34mINFO[m] [1m--- [0;32mapache-rat-plugin:0.11:check[m [1m(rat-check)[m @ [36mmaven-settings[0;1m ---[m
[[1;34mINFO[m] 51 implicit excludes (use -debug for more details).
[[1;34mINFO[m] Exclude: src/test/resources*/**
[[1;34mINFO[m] Exclude: src/test/projects/**
[[1;34mINFO[m] Exclude: src/test/remote-repo/**
[[1;34mINFO[m] Exclude: **/*.odg
[[1;34mINFO[m] Exclude: bootstrap/**
[[1;34mINFO[m] Exclude: README.bootstrap.txt
[[1;34mINFO[m] Exclude: .repository/**
[[1;34mINFO[m] Exclude: .maven/spy.log
[[1;34mINFO[m] 5 resources included (use -debug for more details)
[[1;34mINFO[m] Rat check: Summary of files. Unapproved: 0 unknown: 0 generated: 0 approved: 5 licence.
[[1;34mINFO[m] 
[[1;34mINFO[m] [1m--- [0;32mmodello-maven-plugin:1.8.1:java[m [1m(standard)[m @ [36mmaven-settings[0;1m ---[m
[[1;34mINFO[m] outputDirectory: /home/user/Workspace/reproducibility/Reproducibility-Scanner/benchmarks/bugs-dot-jar/maven/maven-settings/target/generated-sources/modello
[[1;34mINFO[m] Working on model: src/main/mdo/settings.mdo
[[1;34mINFO[m] Generating current version: 1.1.0
[[1;34mINFO[m] 
[[1;34mINFO[m] [1m--- [0;32mmodello-maven-plugin:1.8.1:xpp3-reader[m [1m(standard)[m @ [36mmaven-settings[0;1m ---[m
[[1;34mINFO[m] outputDirectory: /home/user/Workspace/reproducibility/Reproducibility-Scanner/benchmarks/bugs-dot-jar/maven/maven-settings/target/generated-sources/modello
[[1;34mINFO[m] Working on model: src/main/mdo/settings.mdo
[[1;34mINFO[m] Generating current version: 1.1.0
[[1;34mINFO[m] 
[[1;34mINFO[m] [1m--- [0;32mmodello-maven-plugin:1.8.1:xpp3-writer[m [1m(standard)[m @ [36mmaven-settings[0;1m ---[m
[[1;34mINFO[m] outputDirectory: /home/user/Workspace/reproducibility/Reproducibility-Scanner/benchmarks/bugs-dot-jar/maven/maven-settings/target/generated-sources/modello
[[1;34mINFO[m] Working on model: src/main/mdo/settings.mdo
[[1;34mINFO[m] Generating current version: 1.1.0
[[1;34mINFO[m] 
[[1;34mINFO[m] [1m--- [0;32mmaven-remote-resources-plugin:1.5:process[m [1m(default)[m @ [36mmaven-settings[0;1m ---[m
[[1;34mINFO[m] 
[[1;34mINFO[m] [1m--- [0;32mmaven-resources-plugin:2.6:resources[m [1m(default-resources)[m @ [36mmaven-settings[0;1m ---[m
[[1;34mINFO[m] Using 'UTF-8' encoding to copy filtered resources.
[[1;34mINFO[m] skip non existing resourceDirectory /home/user/Workspace/reproducibility/Reproducibility-Scanner/benchmarks/bugs-dot-jar/maven/maven-settings/src/main/resources
[[1;34mINFO[m] Copying 3 resources
[[1;34mINFO[m] 
[[1;34mINFO[m] [1m--- [0;32mmaven-compiler-plugin:3.1:compile[m [1m(default-compile)[m @ [36mmaven-settings[0;1m ---[m
[[1;34mINFO[m] Changes detected - recompiling the module!
[[1;34mINFO[m] Compiling 17 source files to /home/user/Workspace/reproducibility/Reproducibility-Scanner/benchmarks/bugs-dot-jar/maven/maven-settings/target/classes
[[1;33mWARNING[m] /home/user/Workspace/reproducibility/Reproducibility-Scanner/benchmarks/bugs-dot-jar/maven/maven-settings/target/generated-sources/modello/org/apache/maven/settings/io/xpp3/SettingsXpp3Reader.java: /home/user/Workspace/reproducibility/Reproducibility-Scanner/benchmarks/bugs-dot-jar/maven/maven-settings/target/generated-sources/modello/org/apache/maven/settings/io/xpp3/SettingsXpp3Reader.java uses unchecked or unsafe operations.
[[1;33mWARNING[m] /home/user/Workspace/reproducibility/Reproducibility-Scanner/benchmarks/bugs-dot-jar/maven/maven-settings/target/generated-sources/modello/org/apache/maven/settings/io/xpp3/SettingsXpp3Reader.java: Recompile with -Xlint:unchecked for details.
[[1;34mINFO[m] 
[[1;34mINFO[m] [1m--- [0;32manimal-sniffer-maven-plugin:1.13:check[m [1m(check-java-1.6-compat)[m @ [36mmaven-settings[0;1m ---[m
[[1;34mINFO[m] Checking unresolved references to org.codehaus.mojo.signature:java16:1.1
[[1;34mINFO[m] 
[[1;34mINFO[m] [1m--- [0;32mmaven-resources-plugin:2.6:testResources[m [1m(default-testResources)[m @ [36mmaven-settings[0;1m ---[m
[[1;34mINFO[m] Using 'UTF-8' encoding to copy filtered resources.
[[1;34mINFO[m] skip non existing resourceDirectory /home/user/Workspace/reproducibility/Reproducibility-Scanner/benchmarks/bugs-dot-jar/maven/maven-settings/src/test/resources
[[1;34mINFO[m] Copying 3 resources
[[1;34mINFO[m] 
[[1;34mINFO[m] [1m--- [0;32mmaven-compiler-plugin:3.1:testCompile[m [1m(default-testCompile)[m @ [36mmaven-settings[0;1m ---[m
[[1;34mINFO[m] No sources to compile
[[1;34mINFO[m] 
[[1;34mINFO[m] [1m--- [0;32mmaven-surefire-plugin:2.17:test[m [1m(default-test)[m @ [36mmaven-settings[0;1m ---[m
[[1;34mINFO[m] Tests are skipped.
[[1;34mINFO[m] 
[[1;34mINFO[m] [1m--- [0;32mmaven-jar-plugin:2.5:jar[m [1m(default-jar)[m @ [36mmaven-settings[0;1m ---[m
[[1;34mINFO[m] Building jar: /home/user/Workspace/reproducibility/Reproducibility-Scanner/benchmarks/bugs-dot-jar/maven/maven-settings/target/maven-settings-3.2.6-SNAPSHOT.jar
[[1;34mINFO[m] 
[[1;34mINFO[m] [1m--- [0;32mmaven-site-plugin:3.4:attach-descriptor[m [1m(attach-descriptor)[m @ [36mmaven-settings[0;1m ---[m
[[1;34mINFO[m] 
[[1;34mINFO[m] [1m--- [0;32mmaven-checkstyle-plugin:2.13:check[m [1m(checkstyle-check)[m @ [36mmaven-settings[0;1m ---[m
[[1;34mINFO[m] 
[[1;34mINFO[m] 
[[1;34mINFO[m] [1m--- [0;32mmaven-install-plugin:2.5.2:install[m [1m(default-install)[m @ [36mmaven-settings[0;1m ---[m
[[1;34mINFO[m] Installing /home/user/Workspace/reproducibility/Reproducibility-Scanner/benchmarks/bugs-dot-jar/maven/maven-settings/target/maven-settings-3.2.6-SNAPSHOT.jar to /home/user/.m2/repository/org/apache/maven/maven-settings/3.2.6-SNAPSHOT/maven-settings-3.2.6-SNAPSHOT.jar
[[1;34mINFO[m] Installing /home/user/Workspace/reproducibility/Reproducibility-Scanner/benchmarks/bugs-dot-jar/maven/maven-settings/pom.xml to /home/user/.m2/repository/org/apache/maven/maven-settings/3.2.6-SNAPSHOT/maven-settings-3.2.6-SNAPSHOT.pom
[[1;34mINFO[m] 
[[1;34mINFO[m] [1m--------------< [0;36morg.apache.maven:maven-settings-builder[0;1m >---------------[m
[[1;34mINFO[m] [1mBuilding Maven Settings Builder 3.2.6-SNAPSHOT                    [8/14][m
[[1;34mINFO[m] [1m--------------------------------[ jar ]---------------------------------[m
[[1;34mINFO[m] 
[[1;34mINFO[m] [1m--- [0;32mmaven-enforcer-plugin:1.3.1:enforce[m [1m(enforce-bytecode-version)[m @ [36mmaven-settings-builder[0;1m ---[m
[[1;34mINFO[m] 
[[1;34mINFO[m] [1m--- [0;32mmaven-enforcer-plugin:1.3.1:enforce[m [1m(ban-known-bad-maven-versions)[m @ [36mmaven-settings-builder[0;1m ---[m
[[1;34mINFO[m] 
[[1;34mINFO[m] [1m--- [0;32mapache-rat-plugin:0.11:check[m [1m(rat-check)[m @ [36mmaven-settings-builder[0;1m ---[m
[[1;34mINFO[m] 51 implicit excludes (use -debug for more details).
[[1;34mINFO[m] Exclude: src/test/resources*/**
[[1;34mINFO[m] Exclude: src/test/projects/**
[[1;34mINFO[m] Exclude: src/test/remote-repo/**
[[1;34mINFO[m] Exclude: **/*.odg
[[1;34mINFO[m] Exclude: bootstrap/**
[[1;34mINFO[m] Exclude: README.bootstrap.txt
[[1;34mINFO[m] Exclude: .repository/**
[[1;34mINFO[m] Exclude: .maven/spy.log
[[1;34mINFO[m] 34 resources included (use -debug for more details)
[[1;34mINFO[m] Rat check: Summary of files. Unapproved: 0 unknown: 0 generated: 0 approved: 34 licence.
[[1;34mINFO[m] 
[[1;34mINFO[m] [1m--- [0;32mmaven-remote-resources-plugin:1.5:process[m [1m(default)[m @ [36mmaven-settings-builder[0;1m ---[m
[[1;34mINFO[m] 
[[1;34mINFO[m] [1m--- [0;32mmaven-resources-plugin:2.6:resources[m [1m(default-resources)[m @ [36mmaven-settings-builder[0;1m ---[m
[[1;34mINFO[m] Using 'UTF-8' encoding to copy filtered resources.
[[1;34mINFO[m] skip non existing resourceDirectory /home/user/Workspace/reproducibility/Reproducibility-Scanner/benchmarks/bugs-dot-jar/maven/maven-settings-builder/src/main/resources
[[1;34mINFO[m] Copying 3 resources
[[1;34mINFO[m] 
[[1;34mINFO[m] [1m--- [0;32mmaven-compiler-plugin:3.1:compile[m [1m(default-compile)[m @ [36mmaven-settings-builder[0;1m ---[m
[[1;34mINFO[m] Changes detected - recompiling the module!
[[1;34mINFO[m] Compiling 30 source files to /home/user/Workspace/reproducibility/Reproducibility-Scanner/benchmarks/bugs-dot-jar/maven/maven-settings-builder/target/classes
[[1;33mWARNING[m] /home/user/Workspace/reproducibility/Reproducibility-Scanner/benchmarks/bugs-dot-jar/maven/maven-settings-builder/src/main/java/org/apache/maven/settings/building/SettingsBuildingRequest.java: Some input files use or override a deprecated API.
[[1;33mWARNING[m] /home/user/Workspace/reproducibility/Reproducibility-Scanner/benchmarks/bugs-dot-jar/maven/maven-settings-builder/src/main/java/org/apache/maven/settings/building/SettingsBuildingRequest.java: Recompile with -Xlint:deprecation for details.
[[1;34mINFO[m] 
[[1;34mINFO[m] [1m--- [0;32manimal-sniffer-maven-plugin:1.13:check[m [1m(check-java-1.6-compat)[m @ [36mmaven-settings-builder[0;1m ---[m
[[1;34mINFO[m] Checking unresolved references to org.codehaus.mojo.signature:java16:1.1
[[1;34mINFO[m] 
[[1;34mINFO[m] [1m--- [0;32mplexus-component-metadata:1.5.5:generate-metadata[m [1m(default)[m @ [36mmaven-settings-builder[0;1m ---[m
[[1;34mINFO[m] Discovered 5 component descriptors(s)
[[1;34mINFO[m] 
[[1;34mINFO[m] [1m--- [0;32mmaven-resources-plugin:2.6:testResources[m [1m(default-testResources)[m @ [36mmaven-settings-builder[0;1m ---[m
[[1;34mINFO[m] Using 'UTF-8' encoding to copy filtered resources.
[[1;34mINFO[m] Copying 1 resource
[[1;34mINFO[m] Copying 3 resources
[[1;34mINFO[m] 
[[1;34mINFO[m] [1m--- [0;32mmaven-compiler-plugin:3.1:testCompile[m [1m(default-testCompile)[m @ [36mmaven-settings-builder[0;1m ---[m
[[1;34mINFO[m] Changes detected - recompiling the module!
[[1;34mINFO[m] Compiling 2 source files to /home/user/Workspace/reproducibility/Reproducibility-Scanner/benchmarks/bugs-dot-jar/maven/maven-settings-builder/target/test-classes
[[1;34mINFO[m] 
[[1;34mINFO[m] [1m--- [0;32mplexus-component-metadata:1.5.5:generate-test-metadata[m [1m(default)[m @ [36mmaven-settings-builder[0;1m ---[m
[[1;34mINFO[m] 
[[1;34mINFO[m] [1m--- [0;32mmaven-surefire-plugin:2.17:test[m [1m(default-test)[m @ [36mmaven-settings-builder[0;1m ---[m
[[1;34mINFO[m] Tests are skipped.
[[1;34mINFO[m] 
[[1;34mINFO[m] [1m--- [0;32mmaven-jar-plugin:2.5:jar[m [1m(default-jar)[m @ [36mmaven-settings-builder[0;1m ---[m
[[1;34mINFO[m] Building jar: /home/user/Workspace/reproducibility/Reproducibility-Scanner/benchmarks/bugs-dot-jar/maven/maven-settings-builder/target/maven-settings-builder-3.2.6-SNAPSHOT.jar
[[1;34mINFO[m] 
[[1;34mINFO[m] [1m--- [0;32mmaven-site-plugin:3.4:attach-descriptor[m [1m(attach-descriptor)[m @ [36mmaven-settings-builder[0;1m ---[m
[[1;34mINFO[m] 
[[1;34mINFO[m] [1m--- [0;32mmaven-checkstyle-plugin:2.13:check[m [1m(checkstyle-check)[m @ [36mmaven-settings-builder[0;1m ---[m
[[1;34mINFO[m] 
[[1;34mINFO[m] There are 3 checkstyle errors.
[[1;34mINFO[m] 
[[1;34mINFO[m] [1m--- [0;32mmaven-install-plugin:2.5.2:install[m [1m(default-install)[m @ [36mmaven-settings-builder[0;1m ---[m
[[1;34mINFO[m] Installing /home/user/Workspace/reproducibility/Reproducibility-Scanner/benchmarks/bugs-dot-jar/maven/maven-settings-builder/target/maven-settings-builder-3.2.6-SNAPSHOT.jar to /home/user/.m2/repository/org/apache/maven/maven-settings-builder/3.2.6-SNAPSHOT/maven-settings-builder-3.2.6-SNAPSHOT.jar
[[1;34mINFO[m] Installing /home/user/Workspace/reproducibility/Reproducibility-Scanner/benchmarks/bugs-dot-jar/maven/maven-settings-builder/pom.xml to /home/user/.m2/repository/org/apache/maven/maven-settings-builder/3.2.6-SNAPSHOT/maven-settings-builder-3.2.6-SNAPSHOT.pom
[[1;34mINFO[m] 
[[1;34mINFO[m] [1m-------------< [0;36morg.apache.maven:maven-repository-metadata[0;1m >-------------[m
[[1;34mINFO[m] [1mBuilding Maven Repository Metadata Model 3.2.6-SNAPSHOT           [9/14][m
[[1;34mINFO[m] [1m--------------------------------[ jar ]---------------------------------[m
[[1;34mINFO[m] 
[[1;34mINFO[m] [1m--- [0;32mmaven-enforcer-plugin:1.3.1:enforce[m [1m(enforce-bytecode-version)[m @ [36mmaven-repository-metadata[0;1m ---[m
[[1;34mINFO[m] 
[[1;34mINFO[m] [1m--- [0;32mmaven-enforcer-plugin:1.3.1:enforce[m [1m(ban-known-bad-maven-versions)[m @ [36mmaven-repository-metadata[0;1m ---[m
[[1;34mINFO[m] 
[[1;34mINFO[m] [1m--- [0;32mapache-rat-plugin:0.11:check[m [1m(rat-check)[m @ [36mmaven-repository-metadata[0;1m ---[m
[[1;34mINFO[m] 51 implicit excludes (use -debug for more details).
[[1;34mINFO[m] Exclude: src/test/resources*/**
[[1;34mINFO[m] Exclude: src/test/projects/**
[[1;34mINFO[m] Exclude: src/test/remote-repo/**
[[1;34mINFO[m] Exclude: **/*.odg
[[1;34mINFO[m] Exclude: bootstrap/**
[[1;34mINFO[m] Exclude: README.bootstrap.txt
[[1;34mINFO[m] Exclude: .repository/**
[[1;34mINFO[m] Exclude: .maven/spy.log
[[1;34mINFO[m] 4 resources included (use -debug for more details)
[[1;34mINFO[m] Rat check: Summary of files. Unapproved: 0 unknown: 0 generated: 0 approved: 4 licence.
[[1;34mINFO[m] 
[[1;34mINFO[m] [1m--- [0;32mmodello-maven-plugin:1.8.1:java[m [1m(standard)[m @ [36mmaven-repository-metadata[0;1m ---[m
[[1;34mINFO[m] outputDirectory: /home/user/Workspace/reproducibility/Reproducibility-Scanner/benchmarks/bugs-dot-jar/maven/maven-repository-metadata/target/generated-sources/modello
[[1;34mINFO[m] Working on model: src/main/mdo/metadata.mdo
[[1;34mINFO[m] Generating current version: 1.1.0
[[1;34mINFO[m] 
[[1;34mINFO[m] [1m--- [0;32mmodello-maven-plugin:1.8.1:xpp3-reader[m [1m(standard)[m @ [36mmaven-repository-metadata[0;1m ---[m
[[1;34mINFO[m] outputDirectory: /home/user/Workspace/reproducibility/Reproducibility-Scanner/benchmarks/bugs-dot-jar/maven/maven-repository-metadata/target/generated-sources/modello
[[1;34mINFO[m] Working on model: src/main/mdo/metadata.mdo
[[1;34mINFO[m] Generating current version: 1.1.0
[[1;34mINFO[m] 
[[1;34mINFO[m] [1m--- [0;32mmodello-maven-plugin:1.8.1:xpp3-writer[m [1m(standard)[m @ [36mmaven-repository-metadata[0;1m ---[m
[[1;34mINFO[m] outputDirectory: /home/user/Workspace/reproducibility/Reproducibility-Scanner/benchmarks/bugs-dot-jar/maven/maven-repository-metadata/target/generated-sources/modello
[[1;34mINFO[m] Working on model: src/main/mdo/metadata.mdo
[[1;34mINFO[m] Generating current version: 1.1.0
[[1;34mINFO[m] 
[[1;34mINFO[m] [1m--- [0;32mmaven-remote-resources-plugin:1.5:process[m [1m(default)[m @ [36mmaven-repository-metadata[0;1m ---[m
[[1;34mINFO[m] 
[[1;34mINFO[m] [1m--- [0;32mmaven-resources-plugin:2.6:resources[m [1m(default-resources)[m @ [36mmaven-repository-metadata[0;1m ---[m
[[1;34mINFO[m] Using 'UTF-8' encoding to copy filtered resources.
[[1;34mINFO[m] skip non existing resourceDirectory /home/user/Workspace/reproducibility/Reproducibility-Scanner/benchmarks/bugs-dot-jar/maven/maven-repository-metadata/src/main/resources
[[1;34mINFO[m] Copying 3 resources
[[1;34mINFO[m] 
[[1;34mINFO[m] [1m--- [0;32mmaven-compiler-plugin:3.1:compile[m [1m(default-compile)[m @ [36mmaven-repository-metadata[0;1m ---[m
[[1;34mINFO[m] Changes detected - recompiling the module!
[[1;34mINFO[m] Compiling 7 source files to /home/user/Workspace/reproducibility/Reproducibility-Scanner/benchmarks/bugs-dot-jar/maven/maven-repository-metadata/target/classes
[[1;33mWARNING[m] /home/user/Workspace/reproducibility/Reproducibility-Scanner/benchmarks/bugs-dot-jar/maven/maven-repository-metadata/target/generated-sources/modello/org/apache/maven/artifact/repository/metadata/io/xpp3/MetadataXpp3Reader.java: /home/user/Workspace/reproducibility/Reproducibility-Scanner/benchmarks/bugs-dot-jar/maven/maven-repository-metadata/target/generated-sources/modello/org/apache/maven/artifact/repository/metadata/io/xpp3/MetadataXpp3Reader.java uses unchecked or unsafe operations.
[[1;33mWARNING[m] /home/user/Workspace/reproducibility/Reproducibility-Scanner/benchmarks/bugs-dot-jar/maven/maven-repository-metadata/target/generated-sources/modello/org/apache/maven/artifact/repository/metadata/io/xpp3/MetadataXpp3Reader.java: Recompile with -Xlint:unchecked for details.
[[1;34mINFO[m] 
[[1;34mINFO[m] [1m--- [0;32manimal-sniffer-maven-plugin:1.13:check[m [1m(check-java-1.6-compat)[m @ [36mmaven-repository-metadata[0;1m ---[m
[[1;34mINFO[m] Checking unresolved references to org.codehaus.mojo.signature:java16:1.1
[[1;34mINFO[m] 
[[1;34mINFO[m] [1m--- [0;32mmaven-resources-plugin:2.6:testResources[m [1m(default-testResources)[m @ [36mmaven-repository-metadata[0;1m ---[m
[[1;34mINFO[m] Using 'UTF-8' encoding to copy filtered resources.
[[1;34mINFO[m] skip non existing resourceDirectory /home/user/Workspace/reproducibility/Reproducibility-Scanner/benchmarks/bugs-dot-jar/maven/maven-repository-metadata/src/test/resources
[[1;34mINFO[m] Copying 3 resources
[[1;34mINFO[m] 
[[1;34mINFO[m] [1m--- [0;32mmaven-compiler-plugin:3.1:testCompile[m [1m(default-testCompile)[m @ [36mmaven-repository-metadata[0;1m ---[m
[[1;34mINFO[m] No sources to compile
[[1;34mINFO[m] 
[[1;34mINFO[m] [1m--- [0;32mmaven-surefire-plugin:2.17:test[m [1m(default-test)[m @ [36mmaven-repository-metadata[0;1m ---[m
[[1;34mINFO[m] Tests are skipped.
[[1;34mINFO[m] 
[[1;34mINFO[m] [1m--- [0;32mmaven-jar-plugin:2.5:jar[m [1m(default-jar)[m @ [36mmaven-repository-metadata[0;1m ---[m
[[1;34mINFO[m] Building jar: /home/user/Workspace/reproducibility/Reproducibility-Scanner/benchmarks/bugs-dot-jar/maven/maven-repository-metadata/target/maven-repository-metadata-3.2.6-SNAPSHOT.jar
[[1;34mINFO[m] 
[[1;34mINFO[m] [1m--- [0;32mmaven-site-plugin:3.4:attach-descriptor[m [1m(attach-descriptor)[m @ [36mmaven-repository-metadata[0;1m ---[m
[[1;34mINFO[m] 
[[1;34mINFO[m] [1m--- [0;32mmaven-checkstyle-plugin:2.13:check[m [1m(checkstyle-check)[m @ [36mmaven-repository-metadata[0;1m ---[m
[[1;34mINFO[m] 
[[1;34mINFO[m] 
[[1;34mINFO[m] [1m--- [0;32mmaven-install-plugin:2.5.2:install[m [1m(default-install)[m @ [36mmaven-repository-metadata[0;1m ---[m
[[1;34mINFO[m] Installing /home/user/Workspace/reproducibility/Reproducibility-Scanner/benchmarks/bugs-dot-jar/maven/maven-repository-metadata/target/maven-repository-metadata-3.2.6-SNAPSHOT.jar to /home/user/.m2/repository/org/apache/maven/maven-repository-metadata/3.2.6-SNAPSHOT/maven-repository-metadata-3.2.6-SNAPSHOT.jar
[[1;34mINFO[m] Installing /home/user/Workspace/reproducibility/Reproducibility-Scanner/benchmarks/bugs-dot-jar/maven/maven-repository-metadata/pom.xml to /home/user/.m2/repository/org/apache/maven/maven-repository-metadata/3.2.6-SNAPSHOT/maven-repository-metadata-3.2.6-SNAPSHOT.pom
[[1;34mINFO[m] 
[[1;34mINFO[m] [1m---------------< [0;36morg.apache.maven:maven-aether-provider[0;1m >---------------[m
[[1;34mINFO[m] [1mBuilding Maven Aether Provider 3.2.6-SNAPSHOT                    [10/14][m
[[1;34mINFO[m] [1m--------------------------------[ jar ]---------------------------------[m
Downloading from central: https://repo.maven.apache.org/maven2/org/eclipse/aether/aether-connector-basic/1.0.0.v20140518/aether-connector-basic-1.0.0.v20140518.pom
Progress (1): 2.9 kB                    Downloaded from central: https://repo.maven.apache.org/maven2/org/eclipse/aether/aether-connector-basic/1.0.0.v20140518/aether-connector-basic-1.0.0.v20140518.pom (2.9 kB at 204 kB/s)
Downloading from central: https://repo.maven.apache.org/maven2/org/eclipse/aether/aether-transport-wagon/1.0.0.v20140518/aether-transport-wagon-1.0.0.v20140518.pom
Progress (1): 3.9 kB                    Downloaded from central: https://repo.maven.apache.org/maven2/org/eclipse/aether/aether-transport-wagon/1.0.0.v20140518/aether-transport-wagon-1.0.0.v20140518.pom (3.9 kB at 329 kB/s)
Downloading from central: https://repo.maven.apache.org/maven2/org/apache/maven/wagon/wagon-file/2.8/wagon-file-2.8.pom
Progress (1): 1.6 kB                    Downloaded from central: https://repo.maven.apache.org/maven2/org/apache/maven/wagon/wagon-file/2.8/wagon-file-2.8.pom (1.6 kB at 12 kB/s)
Downloading from central: https://repo.maven.apache.org/maven2/org/eclipse/aether/aether-connector-basic/1.0.0.v20140518/aether-connector-basic-1.0.0.v20140518.jar
Downloading from central: https://repo.maven.apache.org/maven2/org/apache/maven/wagon/wagon-file/2.8/wagon-file-2.8.jar
Downloading from central: https://repo.maven.apache.org/maven2/org/eclipse/aether/aether-transport-wagon/1.0.0.v20140518/aether-transport-wagon-1.0.0.v20140518.jar
Progress (1): 4.1/37 kBProgress (1): 8.2/37 kBProgress (1): 12/37 kB Progress (1): 16/37 kBProgress (1): 20/37 kBProgress (1): 24/37 kBProgress (1): 28/37 kBProgress (1): 32/37 kBProgress (1): 36/37 kBProgress (1): 37 kB   Progress (2): 37 kB | 4.1/25 kBProgress (2): 37 kB | 8.2/25 kBProgress (2): 37 kB | 12/25 kB Progress (2): 37 kB | 16/25 kBProgress (2): 37 kB | 20/25 kBProgress (2): 37 kB | 24/25 kBProgress (2): 37 kB | 25 kB                              Downloaded from central: https://repo.maven.apache.org/maven2/org/eclipse/aether/aether-transport-wagon/1.0.0.v20140518/aether-transport-wagon-1.0.0.v20140518.jar (25 kB at 1.2 MB/s)
Downloaded from central: https://repo.maven.apache.org/maven2/org/eclipse/aether/aether-connector-basic/1.0.0.v20140518/aether-connector-basic-1.0.0.v20140518.jar (37 kB at 1.4 MB/s)
Progress (1): 4.1/11 kBProgress (1): 8.2/11 kBProgress (1): 11 kB                       Downloaded from central: https://repo.maven.apache.org/maven2/org/apache/maven/wagon/wagon-file/2.8/wagon-file-2.8.jar (11 kB at 64 kB/s)
[[1;34mINFO[m] 
[[1;34mINFO[m] [1m--- [0;32mmaven-enforcer-plugin:1.3.1:enforce[m [1m(enforce-bytecode-version)[m @ [36mmaven-aether-provider[0;1m ---[m
[[1;34mINFO[m] 
[[1;34mINFO[m] [1m--- [0;32mmaven-enforcer-plugin:1.3.1:enforce[m [1m(ban-known-bad-maven-versions)[m @ [36mmaven-aether-provider[0;1m ---[m
[[1;34mINFO[m] 
[[1;34mINFO[m] [1m--- [0;32mapache-rat-plugin:0.11:check[m [1m(rat-check)[m @ [36mmaven-aether-provider[0;1m ---[m
[[1;34mINFO[m] 51 implicit excludes (use -debug for more details).
[[1;34mINFO[m] Exclude: src/test/resources*/**
[[1;34mINFO[m] Exclude: src/test/projects/**
[[1;34mINFO[m] Exclude: src/test/remote-repo/**
[[1;34mINFO[m] Exclude: **/*.odg
[[1;34mINFO[m] Exclude: bootstrap/**
[[1;34mINFO[m] Exclude: README.bootstrap.txt
[[1;34mINFO[m] Exclude: .repository/**
[[1;34mINFO[m] Exclude: .maven/spy.log
[[1;34mINFO[m] 31 resources included (use -debug for more details)
[[1;34mINFO[m] Rat check: Summary of files. Unapproved: 0 unknown: 0 generated: 0 approved: 31 licence.
[[1;34mINFO[m] 
[[1;34mINFO[m] [1m--- [0;32mmaven-remote-resources-plugin:1.5:process[m [1m(default)[m @ [36mmaven-aether-provider[0;1m ---[m
[[1;34mINFO[m] 
[[1;34mINFO[m] [1m--- [0;32mmaven-resources-plugin:2.6:resources[m [1m(default-resources)[m @ [36mmaven-aether-provider[0;1m ---[m
[[1;34mINFO[m] Using 'UTF-8' encoding to copy filtered resources.
[[1;34mINFO[m] skip non existing resourceDirectory /home/user/Workspace/reproducibility/Reproducibility-Scanner/benchmarks/bugs-dot-jar/maven/maven-aether-provider/src/main/resources
[[1;34mINFO[m] Copying 3 resources
[[1;34mINFO[m] 
[[1;34mINFO[m] [1m--- [0;32mmaven-compiler-plugin:3.1:compile[m [1m(default-compile)[m @ [36mmaven-aether-provider[0;1m ---[m
[[1;34mINFO[m] Changes detected - recompiling the module!
[[1;34mINFO[m] Compiling 21 source files to /home/user/Workspace/reproducibility/Reproducibility-Scanner/benchmarks/bugs-dot-jar/maven/maven-aether-provider/target/classes
[[1;33mWARNING[m] /home/user/Workspace/reproducibility/Reproducibility-Scanner/benchmarks/bugs-dot-jar/maven/maven-aether-provider/src/main/java/org/apache/maven/repository/internal/MavenAetherModule.java: Some input files use or override a deprecated API.
[[1;33mWARNING[m] /home/user/Workspace/reproducibility/Reproducibility-Scanner/benchmarks/bugs-dot-jar/maven/maven-aether-provider/src/main/java/org/apache/maven/repository/internal/MavenAetherModule.java: Recompile with -Xlint:deprecation for details.
[[1;34mINFO[m] 
[[1;34mINFO[m] [1m--- [0;32manimal-sniffer-maven-plugin:1.13:check[m [1m(check-java-1.6-compat)[m @ [36mmaven-aether-provider[0;1m ---[m
[[1;34mINFO[m] Checking unresolved references to org.codehaus.mojo.signature:java16:1.1
[[1;34mINFO[m] 
[[1;34mINFO[m] [1m--- [0;32mplexus-component-metadata:1.5.5:generate-metadata[m [1m(default)[m @ [36mmaven-aether-provider[0;1m ---[m
[[1;34mINFO[m] Discovered 5 component descriptors(s)
[[1;34mINFO[m] 
[[1;34mINFO[m] [1m--- [0;32mmaven-resources-plugin:2.6:testResources[m [1m(default-testResources)[m @ [36mmaven-aether-provider[0;1m ---[m
[[1;34mINFO[m] Using 'UTF-8' encoding to copy filtered resources.
[[1;34mINFO[m] Copying 13 resources
[[1;34mINFO[m] Copying 3 resources
[[1;34mINFO[m] 
[[1;34mINFO[m] [1m--- [0;32mmaven-compiler-plugin:3.1:testCompile[m [1m(default-testCompile)[m @ [36mmaven-aether-provider[0;1m ---[m
[[1;34mINFO[m] Changes detected - recompiling the module!
[[1;34mINFO[m] Compiling 7 source files to /home/user/Workspace/reproducibility/Reproducibility-Scanner/benchmarks/bugs-dot-jar/maven/maven-aether-provider/target/test-classes
[[1;34mINFO[m] 
[[1;34mINFO[m] [1m--- [0;32mplexus-component-metadata:1.5.5:generate-test-metadata[m [1m(default)[m @ [36mmaven-aether-provider[0;1m ---[m
[[1;34mINFO[m] 
[[1;34mINFO[m] [1m--- [0;32mmaven-surefire-plugin:2.17:test[m [1m(default-test)[m @ [36mmaven-aether-provider[0;1m ---[m
[[1;34mINFO[m] Tests are skipped.
[[1;34mINFO[m] 
[[1;34mINFO[m] [1m--- [0;32mmaven-jar-plugin:2.5:jar[m [1m(default-jar)[m @ [36mmaven-aether-provider[0;1m ---[m
[[1;34mINFO[m] Building jar: /home/user/Workspace/reproducibility/Reproducibility-Scanner/benchmarks/bugs-dot-jar/maven/maven-aether-provider/target/maven-aether-provider-3.2.6-SNAPSHOT.jar
[[1;34mINFO[m] 
[[1;34mINFO[m] [1m--- [0;32mmaven-site-plugin:3.4:attach-descriptor[m [1m(attach-descriptor)[m @ [36mmaven-aether-provider[0;1m ---[m
[[1;34mINFO[m] 
[[1;34mINFO[m] [1m--- [0;32mmaven-checkstyle-plugin:2.13:check[m [1m(checkstyle-check)[m @ [36mmaven-aether-provider[0;1m ---[m
[[1;34mINFO[m] 
[[1;34mINFO[m] There are 2 checkstyle errors.
[[1;34mINFO[m] 
[[1;34mINFO[m] [1m--- [0;32mmaven-install-plugin:2.5.2:install[m [1m(default-install)[m @ [36mmaven-aether-provider[0;1m ---[m
[[1;34mINFO[m] Installing /home/user/Workspace/reproducibility/Reproducibility-Scanner/benchmarks/bugs-dot-jar/maven/maven-aether-provider/target/maven-aether-provider-3.2.6-SNAPSHOT.jar to /home/user/.m2/repository/org/apache/maven/maven-aether-provider/3.2.6-SNAPSHOT/maven-aether-provider-3.2.6-SNAPSHOT.jar
[[1;34mINFO[m] Installing /home/user/Workspace/reproducibility/Reproducibility-Scanner/benchmarks/bugs-dot-jar/maven/maven-aether-provider/pom.xml to /home/user/.m2/repository/org/apache/maven/maven-aether-provider/3.2.6-SNAPSHOT/maven-aether-provider-3.2.6-SNAPSHOT.pom
[[1;34mINFO[m] 
[[1;34mINFO[m] [1m--------------------< [0;36morg.apache.maven:maven-core[0;1m >---------------------[m
[[1;34mINFO[m] [1mBuilding Maven Core 3.2.6-SNAPSHOT                               [11/14][m
[[1;34mINFO[m] [1m--------------------------------[ jar ]---------------------------------[m
Downloading from central: https://repo.maven.apache.org/maven2/org/sonatype/plugins/sisu-maven-plugin/1.1/sisu-maven-plugin-1.1.pom
Progress (1): 4.1/5.5 kBProgress (1): 5.5 kB                        Downloaded from central: https://repo.maven.apache.org/maven2/org/sonatype/plugins/sisu-maven-plugin/1.1/sisu-maven-plugin-1.1.pom (5.5 kB at 38 kB/s)
Downloading from central: https://repo.maven.apache.org/maven2/org/sonatype/plugins/plugins-parent/6/plugins-parent-6.pom
Progress (1): 4.1/6.3 kBProgress (1): 6.3 kB                        Downloaded from central: https://repo.maven.apache.org/maven2/org/sonatype/plugins/plugins-parent/6/plugins-parent-6.pom (6.3 kB at 126 kB/s)
Downloading from central: https://repo.maven.apache.org/maven2/org/sonatype/plugins/sisu-maven-plugin/1.1/sisu-maven-plugin-1.1.jar
Progress (1): 4.1/13 kBProgress (1): 8.2/13 kBProgress (1): 12/13 kB Progress (1): 13 kB                      Downloaded from central: https://repo.maven.apache.org/maven2/org/sonatype/plugins/sisu-maven-plugin/1.1/sisu-maven-plugin-1.1.jar (13 kB at 94 kB/s)
[[1;34mINFO[m] 
[[1;34mINFO[m] [1m--- [0;32mmaven-enforcer-plugin:1.3.1:enforce[m [1m(enforce-bytecode-version)[m @ [36mmaven-core[0;1m ---[m
[[1;34mINFO[m] 
[[1;34mINFO[m] [1m--- [0;32mmaven-enforcer-plugin:1.3.1:enforce[m [1m(ban-known-bad-maven-versions)[m @ [36mmaven-core[0;1m ---[m
[[1;34mINFO[m] 
[[1;34mINFO[m] [1m--- [0;32mapache-rat-plugin:0.11:check[m [1m(rat-check)[m @ [36mmaven-core[0;1m ---[m
[[1;34mINFO[m] 51 implicit excludes (use -debug for more details).
[[1;34mINFO[m] Exclude: src/test/resources*/**
[[1;34mINFO[m] Exclude: src/test/projects/**
[[1;34mINFO[m] Exclude: src/test/remote-repo/**
[[1;34mINFO[m] Exclude: **/*.odg
[[1;34mINFO[m] Exclude: lifecycle-executor.txt
[[1;34mINFO[m] Exclude: plugin-manager.txt
[[1;34mINFO[m] Exclude: project-builder.txt
[[1;34mINFO[m] Exclude: src/site/resources/design/**
[[1;34mINFO[m] Exclude: bootstrap/**
[[1;34mINFO[m] Exclude: README.bootstrap.txt
[[1;34mINFO[m] Exclude: .repository/**
[[1;34mINFO[m] Exclude: .maven/spy.log
[[1;34mINFO[m] 431 resources included (use -debug for more details)
[[1;34mINFO[m] Rat check: Summary of files. Unapproved: 0 unknown: 0 generated: 0 approved: 431 licence.
[[1;34mINFO[m] 
[[1;34mINFO[m] [1m--- [0;32mbuildnumber-maven-plugin:1.2:create-timestamp[m [1m(create-noncanonicalrev)[m @ [36mmaven-core[0;1m ---[m
[[1;34mINFO[m] 
[[1;34mINFO[m] [1m--- [0;32mbuildnumber-maven-plugin:1.2:create[m [1m(create-buildnumber)[m @ [36mmaven-core[0;1m ---[m
[[1;34mINFO[m] Checking for local modifications: skipped.
[[1;34mINFO[m] Updating project files from SCM: skipped.
[[1;34mINFO[m] Executing: /bin/sh -c cd /home/user/Workspace/reproducibility/Reproducibility-Scanner/benchmarks/bugs-dot-jar/maven/maven-core && git rev-parse --verify HEAD
[[1;34mINFO[m] Working directory: /home/user/Workspace/reproducibility/Reproducibility-Scanner/benchmarks/bugs-dot-jar/maven/maven-core
[[1;34mINFO[m] Storing buildNumber: 97319566fc7cb7380536ba7634b5fc7b336ee937 at timestamp: 1659189619481
[[1;34mINFO[m] Executing: /bin/sh -c cd /home/user/Workspace/reproducibility/Reproducibility-Scanner/benchmarks/bugs-dot-jar/maven/maven-core && git rev-parse --verify HEAD
[[1;34mINFO[m] Working directory: /home/user/Workspace/reproducibility/Reproducibility-Scanner/benchmarks/bugs-dot-jar/maven/maven-core
[[1;34mINFO[m] Storing buildScmBranch: UNKNOWN
[[1;34mINFO[m] 
[[1;34mINFO[m] [1m--- [0;32mmodello-maven-plugin:1.8.1:java[m [1m(standard)[m @ [36mmaven-core[0;1m ---[m
[[1;34mINFO[m] outputDirectory: /home/user/Workspace/reproducibility/Reproducibility-Scanner/benchmarks/bugs-dot-jar/maven/maven-core/target/generated-sources/modello
[[1;34mINFO[m] Working on model: src/main/mdo/toolchains.mdo
[[1;34mINFO[m] Generating current version: 1.1.0
[[1;34mINFO[m] 
[[1;34mINFO[m] [1m--- [0;32mmodello-maven-plugin:1.8.1:xpp3-reader[m [1m(standard)[m @ [36mmaven-core[0;1m ---[m
[[1;34mINFO[m] outputDirectory: /home/user/Workspace/reproducibility/Reproducibility-Scanner/benchmarks/bugs-dot-jar/maven/maven-core/target/generated-sources/modello
[[1;34mINFO[m] Working on model: src/main/mdo/toolchains.mdo
[[1;34mINFO[m] Generating current version: 1.1.0
[[1;34mINFO[m] 
[[1;34mINFO[m] [1m--- [0;32mmodello-maven-plugin:1.8.1:xpp3-writer[m [1m(standard)[m @ [36mmaven-core[0;1m ---[m
[[1;34mINFO[m] outputDirectory: /home/user/Workspace/reproducibility/Reproducibility-Scanner/benchmarks/bugs-dot-jar/maven/maven-core/target/generated-sources/modello
[[1;34mINFO[m] Working on model: src/main/mdo/toolchains.mdo
[[1;34mINFO[m] Generating current version: 1.1.0
[[1;34mINFO[m] 
[[1;34mINFO[m] [1m--- [0;32mmaven-remote-resources-plugin:1.5:process[m [1m(default)[m @ [36mmaven-core[0;1m ---[m
[[1;34mINFO[m] 
[[1;34mINFO[m] [1m--- [0;32mmaven-resources-plugin:2.6:resources[m [1m(default-resources)[m @ [36mmaven-core[0;1m ---[m
[[1;34mINFO[m] Using 'UTF-8' encoding to copy filtered resources.
[[1;34mINFO[m] Copying 17 resources
[[1;34mINFO[m] Copying 3 resources
[[1;34mINFO[m] 
[[1;34mINFO[m] [1m--- [0;32mmaven-compiler-plugin:3.1:compile[m [1m(default-compile)[m @ [36mmaven-core[0;1m ---[m
[[1;34mINFO[m] Changes detected - recompiling the module!
[[1;34mINFO[m] Compiling 328 source files to /home/user/Workspace/reproducibility/Reproducibility-Scanner/benchmarks/bugs-dot-jar/maven/maven-core/target/classes
[[1;33mWARNING[m] /home/user/Workspace/reproducibility/Reproducibility-Scanner/benchmarks/bugs-dot-jar/maven/maven-core/src/main/java/org/apache/maven/artifact/resolver/ArtifactResolutionRequest.java: Some input files use or override a deprecated API.
[[1;33mWARNING[m] /home/user/Workspace/reproducibility/Reproducibility-Scanner/benchmarks/bugs-dot-jar/maven/maven-core/src/main/java/org/apache/maven/artifact/resolver/ArtifactResolutionRequest.java: Recompile with -Xlint:deprecation for details.
[[1;33mWARNING[m] /home/user/Workspace/reproducibility/Reproducibility-Scanner/benchmarks/bugs-dot-jar/maven/maven-core/src/main/java/org/apache/maven/execution/ReactorManager.java: Some input files use unchecked or unsafe operations.
[[1;33mWARNING[m] /home/user/Workspace/reproducibility/Reproducibility-Scanner/benchmarks/bugs-dot-jar/maven/maven-core/src/main/java/org/apache/maven/execution/ReactorManager.java: Recompile with -Xlint:unchecked for details.
[[1;34mINFO[m] 
[[1;34mINFO[m] [1m--- [0;32manimal-sniffer-maven-plugin:1.13:check[m [1m(check-java-1.6-compat)[m @ [36mmaven-core[0;1m ---[m
[[1;34mINFO[m] Checking unresolved references to org.codehaus.mojo.signature:java16:1.1
[[1;34mINFO[m] 
[[1;34mINFO[m] [1m--- [0;32mplexus-component-metadata:1.5.5:generate-metadata[m [1m(default)[m @ [36mmaven-core[0;1m ---[m
[[1;34mINFO[m] Discovered 58 component descriptors(s)
[[1;34mINFO[m] 
[[1;34mINFO[m] [1m--- [0;32msisu-maven-plugin:1.1:main-index[m [1m(default)[m @ [36mmaven-core[0;1m ---[m
Downloading from central: https://repo.maven.apache.org/maven2/org/sonatype/sisu/sisu-inject-bean/2.2.1/sisu-inject-bean-2.2.1.pom
Progress (1): 4.1/6.4 kBProgress (1): 6.4 kB                        Downloaded from central: https://repo.maven.apache.org/maven2/org/sonatype/sisu/sisu-inject-bean/2.2.1/sisu-inject-bean-2.2.1.pom (6.4 kB at 33 kB/s)
Downloading from central: https://repo.maven.apache.org/maven2/org/sonatype/sisu/inject/guice-bean/2.2.1/guice-bean-2.2.1.pom
Progress (1): 3.0 kB                    Downloaded from central: https://repo.maven.apache.org/maven2/org/sonatype/sisu/inject/guice-bean/2.2.1/guice-bean-2.2.1.pom (3.0 kB at 21 kB/s)
Downloading from central: https://repo.maven.apache.org/maven2/org/sonatype/sisu/inject/containers/2.2.1/containers-2.2.1.pom
Progress (1): 1.2 kB                    Downloaded from central: https://repo.maven.apache.org/maven2/org/sonatype/sisu/inject/containers/2.2.1/containers-2.2.1.pom (1.2 kB at 8.5 kB/s)
Downloading from central: https://repo.maven.apache.org/maven2/org/sonatype/sisu/sisu-inject/2.2.1/sisu-inject-2.2.1.pom
Progress (1): 3.0 kB                    Downloaded from central: https://repo.maven.apache.org/maven2/org/sonatype/sisu/sisu-inject/2.2.1/sisu-inject-2.2.1.pom (3.0 kB at 21 kB/s)
Downloading from central: https://repo.maven.apache.org/maven2/org/sonatype/sisu/sisu-parent/2.2.1/sisu-parent-2.2.1.pom
Progress (1): 4.1/9.6 kBProgress (1): 8.2/9.6 kBProgress (1): 9.6 kB                        Downloaded from central: https://repo.maven.apache.org/maven2/org/sonatype/sisu/sisu-parent/2.2.1/sisu-parent-2.2.1.pom (9.6 kB at 68 kB/s)
Downloading from central: https://repo.maven.apache.org/maven2/org/sonatype/sisu/sisu-guice/3.0.1/sisu-guice-3.0.1.pom
Progress (1): 4.1/7.8 kBProgress (1): 7.8 kB                        Downloaded from central: https://repo.maven.apache.org/maven2/org/sonatype/sisu/sisu-guice/3.0.1/sisu-guice-3.0.1.pom (7.8 kB at 92 kB/s)
Downloading from central: https://repo.maven.apache.org/maven2/org/sonatype/sisu/inject/guice-parent/3.0.1/guice-parent-3.0.1.pom
Progress (1): 4.1/14 kBProgress (1): 8.2/14 kBProgress (1): 12/14 kB Progress (1): 14 kB                      Downloaded from central: https://repo.maven.apache.org/maven2/org/sonatype/sisu/inject/guice-parent/3.0.1/guice-parent-3.0.1.pom (14 kB at 46 kB/s)
Downloading from central: https://repo.maven.apache.org/maven2/org/sonatype/sisu/sisu-inject-bean/2.2.1/sisu-inject-bean-2.2.1.jar
Downloading from central: https://repo.maven.apache.org/maven2/org/sonatype/sisu/sisu-guice/3.0.1/sisu-guice-3.0.1-no_aop.jar
Progress (1): 4.1/247 kBProgress (1): 8.2/247 kBProgress (1): 12/247 kB Progress (1): 16/247 kBProgress (1): 20/247 kBProgress (1): 24/247 kBProgress (1): 28/247 kBProgress (1): 32/247 kBProgress (1): 36/247 kBProgress (1): 40/247 kBProgress (1): 45/247 kBProgress (1): 49/247 kBProgress (1): 53/247 kBProgress (1): 57/247 kBProgress (1): 61/247 kBProgress (1): 65/247 kBProgress (1): 69/247 kBProgress (1): 73/247 kBProgress (1): 77/247 kBProgress (1): 81/247 kBProgress (1): 85/247 kBProgress (1): 90/247 kBProgress (1): 94/247 kBProgress (1): 98/247 kBProgress (1): 102/247 kBProgress (1): 106/247 kBProgress (1): 110/247 kBProgress (1): 114/247 kBProgress (1): 118/247 kBProgress (1): 122/247 kBProgress (1): 126/247 kBProgress (1): 131/247 kBProgress (1): 135/247 kBProgress (1): 139/247 kBProgress (1): 143/247 kBProgress (1): 147/247 kBProgress (1): 151/247 kBProgress (1): 155/247 kBProgress (1): 159/247 kBProgress (1): 163/247 kBProgress (1): 167/247 kBProgress (1): 171/247 kBProgress (1): 176/247 kBProgress (1): 180/247 kBProgress (1): 184/247 kBProgress (1): 188/247 kBProgress (1): 192/247 kBProgress (1): 196/247 kBProgress (1): 200/247 kBProgress (1): 204/247 kBProgress (1): 208/247 kBProgress (1): 212/247 kBProgress (1): 217/247 kBProgress (1): 221/247 kBProgress (1): 225/247 kBProgress (1): 229/247 kBProgress (1): 233/247 kBProgress (1): 237/247 kBProgress (1): 241/247 kBProgress (1): 245/247 kBProgress (1): 247 kB                        Downloaded from central: https://repo.maven.apache.org/maven2/org/sonatype/sisu/sisu-inject-bean/2.2.1/sisu-inject-bean-2.2.1.jar (247 kB at 1.5 MB/s)
Progress (1): 4.1/489 kBProgress (1): 8.2/489 kBProgress (1): 12/489 kB Progress (1): 16/489 kBProgress (1): 20/489 kBProgress (1): 24/489 kBProgress (1): 28/489 kBProgress (1): 32/489 kBProgress (1): 36/489 kBProgress (1): 40/489 kBProgress (1): 45/489 kBProgress (1): 49/489 kBProgress (1): 53/489 kBProgress (1): 57/489 kBProgress (1): 61/489 kBProgress (1): 65/489 kBProgress (1): 69/489 kBProgress (1): 73/489 kBProgress (1): 77/489 kBProgress (1): 81/489 kBProgress (1): 85/489 kBProgress (1): 90/489 kBProgress (1): 94/489 kBProgress (1): 98/489 kBProgress (1): 102/489 kBProgress (1): 106/489 kBProgress (1): 110/489 kBProgress (1): 114/489 kBProgress (1): 118/489 kBProgress (1): 122/489 kBProgress (1): 126/489 kBProgress (1): 131/489 kBProgress (1): 135/489 kBProgress (1): 139/489 kBProgress (1): 143/489 kBProgress (1): 147/489 kBProgress (1): 151/489 kBProgress (1): 155/489 kBProgress (1): 159/489 kBProgress (1): 163/489 kBProgress (1): 167/489 kBProgress (1): 171/489 kBProgress (1): 176/489 kBProgress (1): 180/489 kBProgress (1): 184/489 kBProgress (1): 188/489 kBProgress (1): 192/489 kBProgress (1): 196/489 kBProgress (1): 200/489 kBProgress (1): 204/489 kBProgress (1): 208/489 kBProgress (1): 212/489 kBProgress (1): 217/489 kBProgress (1): 221/489 kBProgress (1): 225/489 kBProgress (1): 229/489 kBProgress (1): 233/489 kBProgress (1): 237/489 kBProgress (1): 241/489 kBProgress (1): 245/489 kBProgress (1): 249/489 kBProgress (1): 253/489 kBProgress (1): 258/489 kBProgress (1): 262/489 kBProgress (1): 266/489 kBProgress (1): 270/489 kBProgress (1): 274/489 kBProgress (1): 278/489 kBProgress (1): 282/489 kBProgress (1): 286/489 kBProgress (1): 290/489 kBProgress (1): 294/489 kBProgress (1): 298/489 kBProgress (1): 303/489 kBProgress (1): 307/489 kBProgress (1): 311/489 kBProgress (1): 315/489 kBProgress (1): 319/489 kBProgress (1): 323/489 kBProgress (1): 327/489 kBProgress (1): 331/489 kBProgress (1): 335/489 kBProgress (1): 339/489 kBProgress (1): 343/489 kBProgress (1): 348/489 kBProgress (1): 352/489 kBProgress (1): 356/489 kBProgress (1): 360/489 kBProgress (1): 364/489 kBProgress (1): 368/489 kBProgress (1): 372/489 kBProgress (1): 376/489 kBProgress (1): 380/489 kBProgress (1): 384/489 kBProgress (1): 389/489 kBProgress (1): 393/489 kBProgress (1): 397/489 kBProgress (1): 401/489 kBProgress (1): 405/489 kBProgress (1): 409/489 kBProgress (1): 413/489 kBProgress (1): 417/489 kBProgress (1): 421/489 kBProgress (1): 425/489 kBProgress (1): 429/489 kBProgress (1): 434/489 kBProgress (1): 438/489 kBProgress (1): 442/489 kBProgress (1): 446/489 kBProgress (1): 450/489 kBProgress (1): 454/489 kBProgress (1): 458/489 kBProgress (1): 462/489 kBProgress (1): 466/489 kBProgress (1): 470/489 kBProgress (1): 475/489 kBProgress (1): 479/489 kBProgress (1): 483/489 kBProgress (1): 487/489 kBProgress (1): 489 kB                        Downloaded from central: https://repo.maven.apache.org/maven2/org/sonatype/sisu/sisu-guice/3.0.1/sisu-guice-3.0.1-no_aop.jar (489 kB at 1.6 MB/s)
[[1;34mINFO[m] 
[[1;34mINFO[m] [1m--- [0;32mmaven-resources-plugin:2.6:testResources[m [1m(default-testResources)[m @ [36mmaven-core[0;1m ---[m
[[1;34mINFO[m] Using 'UTF-8' encoding to copy filtered resources.
[[1;34mINFO[m] Copying 220 resources
[[1;34mINFO[m] Copying 3 resources
[[1;34mINFO[m] 
[[1;34mINFO[m] [1m--- [0;32mmaven-compiler-plugin:3.1:testCompile[m [1m(default-testCompile)[m @ [36mmaven-core[0;1m ---[m
[[1;34mINFO[m] Changes detected - recompiling the module!
[[1;34mINFO[m] Compiling 77 source files to /home/user/Workspace/reproducibility/Reproducibility-Scanner/benchmarks/bugs-dot-jar/maven/maven-core/target/test-classes
[[1;33mWARNING[m] /home/user/Workspace/reproducibility/Reproducibility-Scanner/benchmarks/bugs-dot-jar/maven/maven-core/src/test/java/org/apache/maven/project/TestMetadataSource.java: Some input files use or override a deprecated API.
[[1;33mWARNING[m] /home/user/Workspace/reproducibility/Reproducibility-Scanner/benchmarks/bugs-dot-jar/maven/maven-core/src/test/java/org/apache/maven/project/TestMetadataSource.java: Recompile with -Xlint:deprecation for details.
[[1;34mINFO[m] 
[[1;34mINFO[m] [1m--- [0;32mplexus-component-metadata:1.5.5:generate-test-metadata[m [1m(default)[m @ [36mmaven-core[0;1m ---[m
[[1;34mINFO[m] Discovered 4 component descriptors(s)
[[1;34mINFO[m] 
[[1;34mINFO[m] [1m--- [0;32msisu-maven-plugin:1.1:test-index[m [1m(default)[m @ [36mmaven-core[0;1m ---[m
[[1;34mINFO[m] 
[[1;34mINFO[m] [1m--- [0;32mmaven-surefire-plugin:2.17:test[m [1m(default-test)[m @ [36mmaven-core[0;1m ---[m
[[1;34mINFO[m] Tests are skipped.
[[1;34mINFO[m] 
[[1;34mINFO[m] [1m--- [0;32mmaven-jar-plugin:2.5:jar[m [1m(default-jar)[m @ [36mmaven-core[0;1m ---[m
[[1;34mINFO[m] Building jar: /home/user/Workspace/reproducibility/Reproducibility-Scanner/benchmarks/bugs-dot-jar/maven/maven-core/target/maven-core-3.2.6-SNAPSHOT.jar
[[1;34mINFO[m] 
[[1;34mINFO[m] [1m--- [0;32mmaven-site-plugin:3.4:attach-descriptor[m [1m(attach-descriptor)[m @ [36mmaven-core[0;1m ---[m
[[1;34mINFO[m] 
[[1;34mINFO[m] [1m--- [0;32mmaven-checkstyle-plugin:2.13:check[m [1m(checkstyle-check)[m @ [36mmaven-core[0;1m ---[m
[[1;34mINFO[m] 
[[1;34mINFO[m] There are 183 checkstyle errors.
[[1;34mINFO[m] 
[[1;34mINFO[m] [1m--- [0;32mmaven-install-plugin:2.5.2:install[m [1m(default-install)[m @ [36mmaven-core[0;1m ---[m
[[1;34mINFO[m] Installing /home/user/Workspace/reproducibility/Reproducibility-Scanner/benchmarks/bugs-dot-jar/maven/maven-core/target/maven-core-3.2.6-SNAPSHOT.jar to /home/user/.m2/repository/org/apache/maven/maven-core/3.2.6-SNAPSHOT/maven-core-3.2.6-SNAPSHOT.jar
[[1;34mINFO[m] Installing /home/user/Workspace/reproducibility/Reproducibility-Scanner/benchmarks/bugs-dot-jar/maven/maven-core/pom.xml to /home/user/.m2/repository/org/apache/maven/maven-core/3.2.6-SNAPSHOT/maven-core-3.2.6-SNAPSHOT.pom
[[1;34mINFO[m] 
[[1;34mINFO[m] [1m-------------------< [0;36morg.apache.maven:maven-compat[0;1m >--------------------[m
[[1;34mINFO[m] [1mBuilding Maven Compat 3.2.6-SNAPSHOT                             [12/14][m
[[1;34mINFO[m] [1m--------------------------------[ jar ]---------------------------------[m
[[1;34mINFO[m] 
[[1;34mINFO[m] [1m--- [0;32mmaven-enforcer-plugin:1.3.1:enforce[m [1m(enforce-bytecode-version)[m @ [36mmaven-compat[0;1m ---[m
[[1;34mINFO[m] 
[[1;34mINFO[m] [1m--- [0;32mmaven-enforcer-plugin:1.3.1:enforce[m [1m(ban-known-bad-maven-versions)[m @ [36mmaven-compat[0;1m ---[m
[[1;34mINFO[m] 
[[1;34mINFO[m] [1m--- [0;32mapache-rat-plugin:0.11:check[m [1m(rat-check)[m @ [36mmaven-compat[0;1m ---[m
[[1;34mINFO[m] 51 implicit excludes (use -debug for more details).
[[1;34mINFO[m] Exclude: src/test/resources*/**
[[1;34mINFO[m] Exclude: src/test/projects/**
[[1;34mINFO[m] Exclude: src/test/remote-repo/**
[[1;34mINFO[m] Exclude: **/*.odg
[[1;34mINFO[m] Exclude: bootstrap/**
[[1;34mINFO[m] Exclude: README.bootstrap.txt
[[1;34mINFO[m] Exclude: .repository/**
[[1;34mINFO[m] Exclude: .maven/spy.log
[[1;34mINFO[m] 211 resources included (use -debug for more details)
[[1;34mINFO[m] Rat check: Summary of files. Unapproved: 0 unknown: 0 generated: 0 approved: 210 licence.
[[1;34mINFO[m] 
[[1;34mINFO[m] [1m--- [0;32mmodello-maven-plugin:1.8.1:java[m [1m(standard)[m @ [36mmaven-compat[0;1m ---[m
[[1;34mINFO[m] outputDirectory: /home/user/Workspace/reproducibility/Reproducibility-Scanner/benchmarks/bugs-dot-jar/maven/maven-compat/target/generated-sources/modello
[[1;34mINFO[m] Working on model: src/main/mdo/profiles.mdo
[[1;34mINFO[m] Generating current version: 1.0.0
[[1;34mINFO[m] Working on model: src/main/mdo/paramdoc.mdo
[[1;34mINFO[m] Generating current version: 1.0.0
[[1;34mINFO[m] 
[[1;34mINFO[m] [1m--- [0;32mmodello-maven-plugin:1.8.1:xpp3-reader[m [1m(standard)[m @ [36mmaven-compat[0;1m ---[m
[[1;34mINFO[m] outputDirectory: /home/user/Workspace/reproducibility/Reproducibility-Scanner/benchmarks/bugs-dot-jar/maven/maven-compat/target/generated-sources/modello
[[1;34mINFO[m] Working on model: src/main/mdo/profiles.mdo
[[1;34mINFO[m] Generating current version: 1.0.0
[[1;34mINFO[m] Working on model: src/main/mdo/paramdoc.mdo
[[1;34mINFO[m] Generating current version: 1.0.0
[[1;34mINFO[m] 
[[1;34mINFO[m] [1m--- [0;32mmodello-maven-plugin:1.8.1:xpp3-writer[m [1m(standard)[m @ [36mmaven-compat[0;1m ---[m
[[1;34mINFO[m] outputDirectory: /home/user/Workspace/reproducibility/Reproducibility-Scanner/benchmarks/bugs-dot-jar/maven/maven-compat/target/generated-sources/modello
[[1;34mINFO[m] Working on model: src/main/mdo/profiles.mdo
[[1;34mINFO[m] Generating current version: 1.0.0
[[1;34mINFO[m] Working on model: src/main/mdo/paramdoc.mdo
[[1;34mINFO[m] Generating current version: 1.0.0
[[1;34mINFO[m] 
[[1;34mINFO[m] [1m--- [0;32mmaven-remote-resources-plugin:1.5:process[m [1m(default)[m @ [36mmaven-compat[0;1m ---[m
[[1;34mINFO[m] 
[[1;34mINFO[m] [1m--- [0;32mmaven-resources-plugin:2.6:resources[m [1m(default-resources)[m @ [36mmaven-compat[0;1m ---[m
[[1;34mINFO[m] Using 'UTF-8' encoding to copy filtered resources.
[[1;34mINFO[m] Copying 4 resources
[[1;34mINFO[m] Copying 3 resources
[[1;34mINFO[m] 
[[1;34mINFO[m] [1m--- [0;32mmaven-compiler-plugin:3.1:compile[m [1m(default-compile)[m @ [36mmaven-compat[0;1m ---[m
[[1;34mINFO[m] Changes detected - recompiling the module!
[[1;34mINFO[m] Compiling 146 source files to /home/user/Workspace/reproducibility/Reproducibility-Scanner/benchmarks/bugs-dot-jar/maven/maven-compat/target/classes
[[1;33mWARNING[m] /home/user/Workspace/reproducibility/Reproducibility-Scanner/benchmarks/bugs-dot-jar/maven/maven-compat/src/main/java/org/apache/maven/artifact/resolver/ArtifactCollector.java: Some input files use or override a deprecated API.
[[1;33mWARNING[m] /home/user/Workspace/reproducibility/Reproducibility-Scanner/benchmarks/bugs-dot-jar/maven/maven-compat/src/main/java/org/apache/maven/artifact/resolver/ArtifactCollector.java: Recompile with -Xlint:deprecation for details.
[[1;33mWARNING[m] /home/user/Workspace/reproducibility/Reproducibility-Scanner/benchmarks/bugs-dot-jar/maven/maven-compat/target/generated-sources/modello/org/apache/maven/usability/plugin/ExpressionDocumentation.java: Some input files use unchecked or unsafe operations.
[[1;33mWARNING[m] /home/user/Workspace/reproducibility/Reproducibility-Scanner/benchmarks/bugs-dot-jar/maven/maven-compat/target/generated-sources/modello/org/apache/maven/usability/plugin/ExpressionDocumentation.java: Recompile with -Xlint:unchecked for details.
[[1;34mINFO[m] 
[[1;34mINFO[m] [1m--- [0;32manimal-sniffer-maven-plugin:1.13:check[m [1m(check-java-1.6-compat)[m @ [36mmaven-compat[0;1m ---[m
[[1;34mINFO[m] Checking unresolved references to org.codehaus.mojo.signature:java16:1.1
[[1;34mINFO[m] 
[[1;34mINFO[m] [1m--- [0;32mplexus-component-metadata:1.5.5:generate-metadata[m [1m(default)[m @ [36mmaven-compat[0;1m ---[m
[[1;34mINFO[m] Discovered 34 component descriptors(s)
[[1;34mINFO[m] 
[[1;34mINFO[m] [1m--- [0;32mmaven-resources-plugin:2.6:testResources[m [1m(default-testResources)[m @ [36mmaven-compat[0;1m ---[m
[[1;34mINFO[m] Using 'UTF-8' encoding to copy filtered resources.
[[1;34mINFO[m] Copying 156 resources
[[1;34mINFO[m] Copying 3 resources
[[1;34mINFO[m] 
[[1;34mINFO[m] [1m--- [0;32mmaven-compiler-plugin:3.1:testCompile[m [1m(default-testCompile)[m @ [36mmaven-compat[0;1m ---[m
[[1;34mINFO[m] Changes detected - recompiling the module!
[[1;34mINFO[m] Compiling 71 source files to /home/user/Workspace/reproducibility/Reproducibility-Scanner/benchmarks/bugs-dot-jar/maven/maven-compat/target/test-classes
[[1;33mWARNING[m] /home/user/Workspace/reproducibility/Reproducibility-Scanner/benchmarks/bugs-dot-jar/maven/maven-compat/src/test/java/org/apache/maven/repository/LegacyRepositoryLayout.java: Some input files use or override a deprecated API.
[[1;33mWARNING[m] /home/user/Workspace/reproducibility/Reproducibility-Scanner/benchmarks/bugs-dot-jar/maven/maven-compat/src/test/java/org/apache/maven/repository/LegacyRepositoryLayout.java: Recompile with -Xlint:deprecation for details.
[[1;33mWARNING[m] /home/user/Workspace/reproducibility/Reproducibility-Scanner/benchmarks/bugs-dot-jar/maven/maven-compat/src/test/java/org/apache/maven/project/inheritance/t02/ProjectInheritanceTest.java: Some input files use unchecked or unsafe operations.
[[1;33mWARNING[m] /home/user/Workspace/reproducibility/Reproducibility-Scanner/benchmarks/bugs-dot-jar/maven/maven-compat/src/test/java/org/apache/maven/project/inheritance/t02/ProjectInheritanceTest.java: Recompile with -Xlint:unchecked for details.
[[1;34mINFO[m] 
[[1;34mINFO[m] [1m--- [0;32mplexus-component-metadata:1.5.5:generate-test-metadata[m [1m(default)[m @ [36mmaven-compat[0;1m ---[m
[[1;34mINFO[m] Discovered 12 component descriptors(s)
[[1;34mINFO[m] 
[[1;34mINFO[m] [1m--- [0;32mmaven-surefire-plugin:2.17:test[m [1m(default-test)[m @ [36mmaven-compat[0;1m ---[m
[[1;34mINFO[m] Tests are skipped.
[[1;34mINFO[m] 
[[1;34mINFO[m] [1m--- [0;32mmaven-jar-plugin:2.5:jar[m [1m(default-jar)[m @ [36mmaven-compat[0;1m ---[m
[[1;34mINFO[m] Building jar: /home/user/Workspace/reproducibility/Reproducibility-Scanner/benchmarks/bugs-dot-jar/maven/maven-compat/target/maven-compat-3.2.6-SNAPSHOT.jar
[[1;34mINFO[m] 
[[1;34mINFO[m] [1m--- [0;32mmaven-site-plugin:3.4:attach-descriptor[m [1m(attach-descriptor)[m @ [36mmaven-compat[0;1m ---[m
[[1;34mINFO[m] 
[[1;34mINFO[m] [1m--- [0;32mmaven-checkstyle-plugin:2.13:check[m [1m(checkstyle-check)[m @ [36mmaven-compat[0;1m ---[m
[[1;34mINFO[m] 
[[1;34mINFO[m] There are 103 checkstyle errors.
[[1;31mERROR[m] ExpressionDocumenter.java[57:26] (naming) LocalVariableName: Name 'EXPRESSION_ROOT' must match pattern '^[a-z][a-zA-Z0-9]*$'.
[[1;31mERROR[m] ArtifactRepositoryFactory.java[39] (sizes) LineLength: Line is longer than 120 characters (found 122).
[[1;31mERROR[m] ArtifactRepositoryFactory.java[50] (sizes) LineLength: Line is longer than 120 characters (found 121).
[[1;31mERROR[m] DefaultArtifactRepositoryFactory.java[84] (sizes) LineLength: Line is longer than 120 characters (found 121).
[[1;31mERROR[m] FlatRepositoryLayout.java[30] (sizes) LineLength: Line is longer than 120 characters (found 156).
[[1;31mERROR[m] DebugResolutionListener.java[117] (sizes) LineLength: Line is longer than 120 characters (found 124).
[[1;31mERROR[m] DebugResolutionListener.java[118] (sizes) LineLength: Line is longer than 120 characters (found 124).
[[1;31mERROR[m] DefaultArtifactResolver.java[126] (sizes) LineLength: Line is longer than 120 characters (found 121).
[[1;31mERROR[m] DefaultArtifactResolver.java[179] (sizes) LineLength: Line is longer than 120 characters (found 122).
[[1;31mERROR[m] DefaultArtifactResolver.java[184] (sizes) LineLength: Line is longer than 120 characters (found 134).
[[1;31mERROR[m] DefaultArtifactResolver.java[189] (sizes) LineLength: Line is longer than 120 characters (found 130).
[[1;31mERROR[m] DefaultArtifactResolver.java[492] (sizes) LineLength: Line is longer than 120 characters (found 137).
[[1;31mERROR[m] DefaultArtifactResolver.java[542] (sizes) LineLength: Line is longer than 120 characters (found 125).
[[1;31mERROR[m] DefaultArtifactResolver.java[585] (sizes) LineLength: Line is longer than 120 characters (found 126).
[[1;31mERROR[m] StringSearchModelInterpolator.java[50:49] (naming) ConstantName: Name 'fieldsByClass' must match pattern '^[A-Z][A-Z0-9]*(_[A-Z0-9]+)*$'.
[[1;31mERROR[m] StringSearchModelInterpolator.java[51:49] (naming) ConstantName: Name 'fieldIsPrimitiveByClass' must match pattern '^[A-Z][A-Z0-9]*(_[A-Z0-9]+)*$'.
[[1;31mERROR[m] AbstractStringBasedModelInterpolator.java[282] (sizes) LineLength: Line is longer than 120 characters (found 122).
[[1;31mERROR[m] AbstractStringBasedModelInterpolator.java[283] (sizes) LineLength: Line is longer than 120 characters (found 133).
[[1;31mERROR[m] AbstractStringBasedModelInterpolator.java[285] (sizes) LineLength: Line is longer than 120 characters (found 124).
[[1;31mERROR[m] DefaultModelInheritanceAssembler.java[23:8] (imports) UnusedImports: Unused import - java.util.Collection.
[[1;31mERROR[m] DefaultModelInheritanceAssembler.java[24:8] (imports) UnusedImports: Unused import - java.util.Iterator.
[[1;31mERROR[m] DefaultPathTranslator.java[128:26] (naming) LocalVariableName: Name 'BASEDIR_EXPRESSION' must match pattern '^[a-z][a-zA-Z0-9]*$'.
[[1;31mERROR[m] ProjectUtils.java[49] (sizes) LineLength: Line is longer than 120 characters (found 122).
[[1;31mERROR[m] ProjectUtils.java[65] (sizes) LineLength: Line is longer than 120 characters (found 124).
[[1;31mERROR[m] LegacyRepositorySystem.java[357] (sizes) LineLength: Line is longer than 120 characters (found 122).
[[1;31mERROR[m] DefaultWagonManager.java[240:11] (whitespace) WhitespaceAround: 'if' is not followed by whitespace.
[[1;31mERROR[m] DefaultWagonManager.java[409] (sizes) LineLength: Line is longer than 120 characters (found 121).
[[1;31mERROR[m] DefaultWagonManager.java[410] (sizes) LineLength: Line is longer than 120 characters (found 122).
[[1;31mERROR[m] DefaultWagonManager.java[633:26] (naming) LocalVariableName: Name 'aCHECKSUM_IDS' must match pattern '^[a-z][a-zA-Z0-9]*$'.
[[1;31mERROR[m] WagonManager.java[48] (sizes) LineLength: Line is longer than 120 characters (found 122).
[[1;31mERROR[m] WagonManager.java[74] (sizes) LineLength: Line is longer than 120 characters (found 121).
[[1;31mERROR[m] ArtifactRepositoryFactory.java[40] (sizes) LineLength: Line is longer than 120 characters (found 122).
[[1;31mERROR[m] ArtifactRepositoryFactory.java[51] (sizes) LineLength: Line is longer than 120 characters (found 121).
[[1;31mERROR[m] DefaultLegacyArtifactCollector.java[221] (sizes) LineLength: Line is longer than 120 characters (found 121).
[[1;31mERROR[m] DefaultLegacyArtifactCollector.java[317] (sizes) LineLength: Line is longer than 120 characters (found 123).
[[1;31mERROR[m] DefaultLegacyArtifactCollector.java[326] (sizes) LineLength: Line is longer than 120 characters (found 125).
[[1;31mERROR[m] DefaultLegacyArtifactCollector.java[366] (sizes) LineLength: Line is longer than 120 characters (found 149).
[[1;31mERROR[m] DefaultLegacyArtifactCollector.java[367] (sizes) LineLength: Line is longer than 120 characters (found 121).
[[1;31mERROR[m] DefaultLegacyArtifactCollector.java[512] (sizes) LineLength: Line is longer than 120 characters (found 165).
[[1;31mERROR[m] MetadataResolutionResult.java[121:65] (whitespace) GenericWhitespace: '>' is followed by whitespace.
[[1;31mERROR[m] MetadataResolutionResult.java[151:60] (whitespace) GenericWhitespace: '>' is followed by whitespace.
[[1;31mERROR[m] MetadataResolutionResult.java[188:72] (whitespace) GenericWhitespace: '>' is followed by whitespace.
[[1;31mERROR[m] MetadataResolutionResult.java[220:96] (whitespace) GenericWhitespace: '>' is followed by whitespace.
[[1;31mERROR[m] MetadataGraph.java[107] (sizes) LineLength: Line is longer than 120 characters (found 133).
[[1;31mERROR[m] MetadataGraphTransformationException.java[29:1] (whitespace) FileTabCharacter: Line contains a tab character.
[[1;31mERROR[m] MetadataGraphEdge.java[83:5] (coding) EqualsHashCode: Definition of 'equals()' without corresponding definition of 'hashCode()'.
[[1;31mERROR[m] MetadataGraphEdge.java[91] (sizes) LineLength: Line is longer than 120 characters (found 128).
[[1;31mERROR[m] ProfileActivator.java[27:5] (modifier) RedundantModifier: Redundant 'final' modifier.
[[1;33mWARNING[m] checkstyle:check violations detected but failOnViolation set to false
[[1;34mINFO[m] 
[[1;34mINFO[m] [1m--- [0;32mmaven-install-plugin:2.5.2:install[m [1m(default-install)[m @ [36mmaven-compat[0;1m ---[m
[[1;34mINFO[m] Installing /home/user/Workspace/reproducibility/Reproducibility-Scanner/benchmarks/bugs-dot-jar/maven/maven-compat/target/maven-compat-3.2.6-SNAPSHOT.jar to /home/user/.m2/repository/org/apache/maven/maven-compat/3.2.6-SNAPSHOT/maven-compat-3.2.6-SNAPSHOT.jar
[[1;34mINFO[m] Installing /home/user/Workspace/reproducibility/Reproducibility-Scanner/benchmarks/bugs-dot-jar/maven/maven-compat/pom.xml to /home/user/.m2/repository/org/apache/maven/maven-compat/3.2.6-SNAPSHOT/maven-compat-3.2.6-SNAPSHOT.pom
[[1;34mINFO[m] 
[[1;34mINFO[m] [1m------------------< [0;36morg.apache.maven:maven-embedder[0;1m >-------------------[m
[[1;34mINFO[m] [1mBuilding Maven Embedder 3.2.6-SNAPSHOT                           [13/14][m
[[1;34mINFO[m] [1m--------------------------------[ jar ]---------------------------------[m
[[1;34mINFO[m] 
[[1;34mINFO[m] [1m--- [0;32mmaven-enforcer-plugin:1.3.1:enforce[m [1m(enforce-bytecode-version)[m @ [36mmaven-embedder[0;1m ---[m
[[1;34mINFO[m] 
[[1;34mINFO[m] [1m--- [0;32mmaven-enforcer-plugin:1.3.1:enforce[m [1m(ban-known-bad-maven-versions)[m @ [36mmaven-embedder[0;1m ---[m
[[1;34mINFO[m] 
[[1;34mINFO[m] [1m--- [0;32mapache-rat-plugin:0.11:check[m [1m(rat-check)[m @ [36mmaven-embedder[0;1m ---[m
[[1;34mINFO[m] 51 implicit excludes (use -debug for more details).
[[1;34mINFO[m] Exclude: src/test/resources*/**
[[1;34mINFO[m] Exclude: src/test/projects/**
[[1;34mINFO[m] Exclude: src/test/remote-repo/**
[[1;34mINFO[m] Exclude: **/*.odg
[[1;34mINFO[m] Exclude: src/main/resources/META-INF/MANIFEST.MF
[[1;34mINFO[m] Exclude: src/test/*-projects/**
[[1;34mINFO[m] Exclude: src/test/*-project/**
[[1;34mINFO[m] Exclude: src/test/plugin-version-references/**
[[1;34mINFO[m] Exclude: bootstrap/**
[[1;34mINFO[m] Exclude: README.bootstrap.txt
[[1;34mINFO[m] Exclude: .repository/**
[[1;34mINFO[m] Exclude: .maven/spy.log
[[1;34mINFO[m] 36 resources included (use -debug for more details)
[[1;34mINFO[m] Rat check: Summary of files. Unapproved: 0 unknown: 0 generated: 0 approved: 36 licence.
[[1;34mINFO[m] 
[[1;34mINFO[m] [1m--- [0;32mmaven-remote-resources-plugin:1.5:process[m [1m(default)[m @ [36mmaven-embedder[0;1m ---[m
[[1;34mINFO[m] 
[[1;34mINFO[m] [1m--- [0;32mmaven-resources-plugin:2.6:resources[m [1m(default-resources)[m @ [36mmaven-embedder[0;1m ---[m
[[1;34mINFO[m] Using 'UTF-8' encoding to copy filtered resources.
[[1;34mINFO[m] Copying 2 resources
[[1;34mINFO[m] Copying 3 resources
[[1;34mINFO[m] 
[[1;34mINFO[m] [1m--- [0;32mmaven-compiler-plugin:3.1:compile[m [1m(default-compile)[m @ [36mmaven-embedder[0;1m ---[m
[[1;34mINFO[m] Changes detected - recompiling the module!
[[1;34mINFO[m] Compiling 22 source files to /home/user/Workspace/reproducibility/Reproducibility-Scanner/benchmarks/bugs-dot-jar/maven/maven-embedder/target/classes
[[1;34mINFO[m] 
[[1;34mINFO[m] [1m--- [0;32manimal-sniffer-maven-plugin:1.13:check[m [1m(check-java-1.6-compat)[m @ [36mmaven-embedder[0;1m ---[m
[[1;34mINFO[m] Checking unresolved references to org.codehaus.mojo.signature:java16:1.1
[[1;34mINFO[m] 
[[1;34mINFO[m] [1m--- [0;32mplexus-component-metadata:1.5.5:generate-metadata[m [1m(default)[m @ [36mmaven-embedder[0;1m ---[m
[[1;34mINFO[m] 
[[1;34mINFO[m] [1m--- [0;32mmaven-resources-plugin:2.6:testResources[m [1m(default-testResources)[m @ [36mmaven-embedder[0;1m ---[m
[[1;34mINFO[m] Using 'UTF-8' encoding to copy filtered resources.
[[1;34mINFO[m] Copying 7 resources
[[1;34mINFO[m] Copying 3 resources
[[1;34mINFO[m] 
[[1;34mINFO[m] [1m--- [0;32mmaven-compiler-plugin:3.1:testCompile[m [1m(default-testCompile)[m @ [36mmaven-embedder[0;1m ---[m
[[1;34mINFO[m] Changes detected - recompiling the module!
[[1;34mINFO[m] Compiling 3 source files to /home/user/Workspace/reproducibility/Reproducibility-Scanner/benchmarks/bugs-dot-jar/maven/maven-embedder/target/test-classes
[[1;34mINFO[m] 
[[1;34mINFO[m] [1m--- [0;32mplexus-component-metadata:1.5.5:generate-test-metadata[m [1m(default)[m @ [36mmaven-embedder[0;1m ---[m
[[1;34mINFO[m] 
[[1;34mINFO[m] [1m--- [0;32mmaven-surefire-plugin:2.17:test[m [1m(default-test)[m @ [36mmaven-embedder[0;1m ---[m
[[1;34mINFO[m] Tests are skipped.
[[1;34mINFO[m] 
[[1;34mINFO[m] [1m--- [0;32mmaven-jar-plugin:2.5:jar[m [1m(default-jar)[m @ [36mmaven-embedder[0;1m ---[m
[[1;34mINFO[m] Building jar: /home/user/Workspace/reproducibility/Reproducibility-Scanner/benchmarks/bugs-dot-jar/maven/maven-embedder/target/maven-embedder-3.2.6-SNAPSHOT.jar
[[1;34mINFO[m] 
[[1;34mINFO[m] [1m--- [0;32mmaven-site-plugin:3.4:attach-descriptor[m [1m(attach-descriptor)[m @ [36mmaven-embedder[0;1m ---[m
[[1;34mINFO[m] 
[[1;34mINFO[m] [1m--- [0;32mmaven-checkstyle-plugin:2.13:check[m [1m(checkstyle-check)[m @ [36mmaven-embedder[0;1m ---[m
[[1;34mINFO[m] 
[[1;34mINFO[m] There are 8 checkstyle errors.
[[1;34mINFO[m] 
[[1;34mINFO[m] [1m--- [0;32mmaven-install-plugin:2.5.2:install[m [1m(default-install)[m @ [36mmaven-embedder[0;1m ---[m
[[1;34mINFO[m] Installing /home/user/Workspace/reproducibility/Reproducibility-Scanner/benchmarks/bugs-dot-jar/maven/maven-embedder/target/maven-embedder-3.2.6-SNAPSHOT.jar to /home/user/.m2/repository/org/apache/maven/maven-embedder/3.2.6-SNAPSHOT/maven-embedder-3.2.6-SNAPSHOT.jar
[[1;34mINFO[m] Installing /home/user/Workspace/reproducibility/Reproducibility-Scanner/benchmarks/bugs-dot-jar/maven/maven-embedder/pom.xml to /home/user/.m2/repository/org/apache/maven/maven-embedder/3.2.6-SNAPSHOT/maven-embedder-3.2.6-SNAPSHOT.pom
[[1;34mINFO[m] 
[[1;34mINFO[m] [1m-------------------< [0;36morg.apache.maven:apache-maven[0;1m >--------------------[m
[[1;34mINFO[m] [1mBuilding Apache Maven Distribution 3.2.6-SNAPSHOT                [14/14][m
[[1;34mINFO[m] [1m--------------------------------[ pom ]---------------------------------[m
Downloading from central: https://repo.maven.apache.org/maven2/org/apache/maven/wagon/wagon-http/2.8/wagon-http-2.8-shaded.jar
Progress (1): 0/2.3 MBProgress (1): 0/2.3 MBProgress (1): 0/2.3 MBProgress (1): 0.1/2.3 MBProgress (1): 0.1/2.3 MBProgress (1): 0.1/2.3 MBProgress (1): 0.1/2.3 MBProgress (1): 0.1/2.3 MBProgress (1): 0.1/2.3 MBProgress (1): 0.2/2.3 MBProgress (1): 0.2/2.3 MBProgress (1): 0.2/2.3 MBProgress (1): 0.2/2.3 MBProgress (1): 0.2/2.3 MBProgress (1): 0.2/2.3 MBProgress (1): 0.3/2.3 MBProgress (1): 0.3/2.3 MBProgress (1): 0.3/2.3 MBProgress (1): 0.3/2.3 MBProgress (1): 0.3/2.3 MBProgress (1): 0.3/2.3 MBProgress (1): 0.4/2.3 MBProgress (1): 0.4/2.3 MBProgress (1): 0.4/2.3 MBProgress (1): 0.4/2.3 MBProgress (1): 0.4/2.3 MBProgress (1): 0.4/2.3 MBProgress (1): 0.5/2.3 MBProgress (1): 0.5/2.3 MBProgress (1): 0.5/2.3 MBProgress (1): 0.5/2.3 MBProgress (1): 0.5/2.3 MBProgress (1): 0.5/2.3 MBProgress (1): 0.6/2.3 MBProgress (1): 0.6/2.3 MBProgress (1): 0.6/2.3 MBProgress (1): 0.6/2.3 MBProgress (1): 0.6/2.3 MBProgress (1): 0.6/2.3 MBProgress (1): 0.7/2.3 MBProgress (1): 0.7/2.3 MBProgress (1): 0.7/2.3 MBProgress (1): 0.7/2.3 MBProgress (1): 0.7/2.3 MBProgress (1): 0.7/2.3 MBProgress (1): 0.8/2.3 MBProgress (1): 0.8/2.3 MBProgress (1): 0.8/2.3 MBProgress (1): 0.8/2.3 MBProgress (1): 0.8/2.3 MBProgress (1): 0.8/2.3 MBProgress (1): 0.9/2.3 MBProgress (1): 0.9/2.3 MBProgress (1): 0.9/2.3 MBProgress (1): 0.9/2.3 MBProgress (1): 0.9/2.3 MBProgress (1): 0.9/2.3 MBProgress (1): 1.0/2.3 MBProgress (1): 1.0/2.3 MBProgress (1): 1.0/2.3 MBProgress (1): 1.0/2.3 MBProgress (1): 1.0/2.3 MBProgress (1): 1.0/2.3 MBProgress (1): 1.0/2.3 MBProgress (1): 1.1/2.3 MBProgress (1): 1.1/2.3 MBProgress (1): 1.1/2.3 MBProgress (1): 1.1/2.3 MBProgress (1): 1.1/2.3 MBProgress (1): 1.1/2.3 MBProgress (1): 1.2/2.3 MBProgress (1): 1.2/2.3 MBProgress (1): 1.2/2.3 MBProgress (1): 1.2/2.3 MBProgress (1): 1.2/2.3 MBProgress (1): 1.2/2.3 MBProgress (1): 1.3/2.3 MBProgress (1): 1.3/2.3 MBProgress (1): 1.3/2.3 MBProgress (1): 1.3/2.3 MBProgress (1): 1.3/2.3 MBProgress (1): 1.3/2.3 MBProgress (1): 1.4/2.3 MBProgress (1): 1.4/2.3 MBProgress (1): 1.4/2.3 MBProgress (1): 1.4/2.3 MBProgress (1): 1.4/2.3 MBProgress (1): 1.4/2.3 MBProgress (1): 1.5/2.3 MBProgress (1): 1.5/2.3 MBProgress (1): 1.5/2.3 MBProgress (1): 1.5/2.3 MBProgress (1): 1.5/2.3 MBProgress (1): 1.5/2.3 MBProgress (1): 1.6/2.3 MBProgress (1): 1.6/2.3 MBProgress (1): 1.6/2.3 MBProgress (1): 1.6/2.3 MBProgress (1): 1.6/2.3 MBProgress (1): 1.6/2.3 MBProgress (1): 1.7/2.3 MBProgress (1): 1.7/2.3 MBProgress (1): 1.7/2.3 MBProgress (1): 1.7/2.3 MBProgress (1): 1.7/2.3 MBProgress (1): 1.7/2.3 MBProgress (1): 1.8/2.3 MBProgress (1): 1.8/2.3 MBProgress (1): 1.8/2.3 MBProgress (1): 1.8/2.3 MBProgress (1): 1.8/2.3 MBProgress (1): 1.8/2.3 MBProgress (1): 1.8/2.3 MBProgress (1): 1.9/2.3 MBProgress (1): 1.9/2.3 MBProgress (1): 1.9/2.3 MBProgress (1): 1.9/2.3 MBProgress (1): 1.9/2.3 MBProgress (1): 1.9/2.3 MBProgress (1): 2.0/2.3 MBProgress (1): 2.0/2.3 MBProgress (1): 2.0/2.3 MBProgress (1): 2.0/2.3 MBProgress (1): 2.0/2.3 MBProgress (1): 2.0/2.3 MBProgress (1): 2.1/2.3 MBProgress (1): 2.1/2.3 MBProgress (1): 2.1/2.3 MBProgress (1): 2.1/2.3 MBProgress (1): 2.1/2.3 MBProgress (1): 2.1/2.3 MBProgress (1): 2.2/2.3 MBProgress (1): 2.2/2.3 MBProgress (1): 2.2/2.3 MBProgress (1): 2.2/2.3 MBProgress (1): 2.2/2.3 MBProgress (1): 2.2/2.3 MBProgress (1): 2.3/2.3 MBProgress (1): 2.3 MB                        Downloaded from central: https://repo.maven.apache.org/maven2/org/apache/maven/wagon/wagon-http/2.8/wagon-http-2.8-shaded.jar (2.3 MB at 8.5 MB/s)
[[1;34mINFO[m] 
[[1;34mINFO[m] [1m--- [0;32mmaven-enforcer-plugin:1.3.1:enforce[m [1m(enforce-bytecode-version)[m @ [36mapache-maven[0;1m ---[m
[[1;34mINFO[m] 
[[1;34mINFO[m] [1m--- [0;32mmaven-enforcer-plugin:1.3.1:enforce[m [1m(ban-known-bad-maven-versions)[m @ [36mapache-maven[0;1m ---[m
[[1;34mINFO[m] 
[[1;34mINFO[m] [1m--- [0;32mapache-rat-plugin:0.11:check[m [1m(rat-check)[m @ [36mapache-maven[0;1m ---[m
[[1;34mINFO[m] 51 implicit excludes (use -debug for more details).
[[1;34mINFO[m] Exclude: src/test/resources*/**
[[1;34mINFO[m] Exclude: src/test/projects/**
[[1;34mINFO[m] Exclude: src/test/remote-repo/**
[[1;34mINFO[m] Exclude: **/*.odg
[[1;34mINFO[m] Exclude: src/bin/m2.conf
[[1;34mINFO[m] Exclude: bootstrap/**
[[1;34mINFO[m] Exclude: README.bootstrap.txt
[[1;34mINFO[m] Exclude: .repository/**
[[1;34mINFO[m] Exclude: .maven/spy.log
[[1;34mINFO[m] 16 resources included (use -debug for more details)
[[1;34mINFO[m] Rat check: Summary of files. Unapproved: 0 unknown: 0 generated: 0 approved: 14 licence.
[[1;34mINFO[m] 
[[1;34mINFO[m] [1m--- [0;32mmaven-remote-resources-plugin:1.5:process[m [1m(default)[m @ [36mapache-maven[0;1m ---[m
[[1;34mINFO[m] [1m------------------------------------------------------------------------[m
[[1;34mINFO[m] [1mReactor Summary for Apache Maven 3.2.6-SNAPSHOT:[m
[[1;34mINFO[m] 
[[1;34mINFO[m] Apache Maven ....................................... [1;31mFAILURE[m [  2.147 s]
[[1;34mINFO[m] Maven Model ........................................ [1;32mSUCCESS[m [  7.594 s]
[[1;34mINFO[m] Maven Artifact ..................................... [1;32mSUCCESS[m [  1.217 s]
[[1;34mINFO[m] Maven Plugin API ................................... [1;32mSUCCESS[m [  0.923 s]
[[1;34mINFO[m] Maven Builder Support .............................. [1;32mSUCCESS[m [  0.445 s]
[[1;34mINFO[m] Maven Model Builder ................................ [1;32mSUCCESS[m [  1.708 s]
[[1;34mINFO[m] Maven Settings ..................................... [1;32mSUCCESS[m [  0.471 s]
[[1;34mINFO[m] Maven Settings Builder ............................. [1;32mSUCCESS[m [  0.640 s]
[[1;34mINFO[m] Maven Repository Metadata Model .................... [1;32mSUCCESS[m [  0.486 s]
[[1;34mINFO[m] Maven Aether Provider .............................. [1;32mSUCCESS[m [  1.531 s]
[[1;34mINFO[m] Maven Core ......................................... [1;32mSUCCESS[m [  6.647 s]
[[1;34mINFO[m] Maven Compat ....................................... [1;32mSUCCESS[m [  2.221 s]
[[1;34mINFO[m] Maven Embedder ..................................... [1;32mSUCCESS[m [  1.217 s]
[[1;34mINFO[m] Apache Maven Distribution .......................... [1;31mFAILURE[m [  2.700 s]
[[1;34mINFO[m] [1m------------------------------------------------------------------------[m
[[1;34mINFO[m] [1;31mBUILD FAILURE[m
[[1;34mINFO[m] [1m------------------------------------------------------------------------[m
[[1;34mINFO[m] Total time:  30.187 s
[[1;34mINFO[m] Finished at: 2022-07-30T07:00:31-07:00
[[1;34mINFO[m] [1m------------------------------------------------------------------------[m
[[1;31mERROR[m] Failed to execute goal [32morg.apache.rat:apache-rat-plugin:0.11:check[m [1m(rat-check)[m on project [36mmaven[m: [1;31mToo many files with unapproved license: 4 See RAT report in: /home/user/Workspace/reproducibility/Reproducibility-Scanner/benchmarks/bugs-dot-jar/maven/target/rat.txt[m -> [1m[Help 1][m
[[1;31mERROR[m] Failed to execute goal [32morg.apache.maven.plugins:maven-remote-resources-plugin:1.5:process[m [1m(default)[m on project [36mapache-maven[m: [1;31mError rendering velocity resource.[m: Invocation of method 'getResourceAsFile' in  class org.codehaus.plexus.resource.DefaultResourceManager threw exception org.codehaus.plexus.resource.loader.ResourceNotFoundException: Could not find resource 'http://jsoup.com/license'. at remote-resources[line 40, column 26] -> [1m[Help 2][m
[[1;31mERROR[m] 
[[1;31mERROR[m] To see the full stack trace of the errors, re-run Maven with the [1m-e[m switch.
[[1;31mERROR[m] Re-run Maven using the [1m-X[m switch to enable full debug logging.
[[1;31mERROR[m] 
[[1;31mERROR[m] For more information about the errors and possible solutions, please read the following articles:
[[1;31mERROR[m] [1m[Help 1][m http://cwiki.apache.org/confluence/display/MAVEN/MojoFailureException
[[1;31mERROR[m] [1m[Help 2][m http://cwiki.apache.org/confluence/display/MAVEN/MojoExecutionException
[[1;34mINFO[m] Build failures were ignored.
[[1;34mINFO[m] Scanning for projects...
[[1;34mINFO[m] 
[[1;34mINFO[m] [1m--------------------< [0;36morg.apache.maven:maven-core[0;1m >---------------------[m
[[1;34mINFO[m] [1mBuilding Maven Core 3.2.6-SNAPSHOT[m
[[1;34mINFO[m] [1m--------------------------------[ jar ]---------------------------------[m
Downloading from apache.snapshots: http://repository.apache.org/snapshots/org/apache/maven/maven/3.2.6-SNAPSHOT/maven-metadata.xml
Downloading from apache.snapshots: http://repository.apache.org/snapshots/org/apache/maven/maven/3.2.6-SNAPSHOT/maven-3.2.6-SNAPSHOT.pom
[[1;34mINFO[m] [1m------------------------------------------------------------------------[m
[[1;34mINFO[m] [1;31mBUILD FAILURE[m
[[1;34mINFO[m] [1m------------------------------------------------------------------------[m
[[1;34mINFO[m] Total time:  1.758 s
[[1;34mINFO[m] Finished at: 2022-07-30T07:00:34-07:00
[[1;34mINFO[m] [1m------------------------------------------------------------------------[m
[[1;31mERROR[m] Failed to execute goal on project [36mmaven-core[m: [1;31mCould not resolve dependencies for project org.apache.maven:maven-core:jar:3.2.6-SNAPSHOT: Failed to collect dependencies at org.apache.maven:maven-model:jar:3.2.6-SNAPSHOT[m: Failed to read artifact descriptor for org.apache.maven:maven-model:jar:3.2.6-SNAPSHOT: Could not find artifact org.apache.maven:maven:pom:3.2.6-SNAPSHOT in apache.snapshots (http://repository.apache.org/snapshots) -> [1m[Help 1][m
[[1;31mERROR[m] 
[[1;31mERROR[m] To see the full stack trace of the errors, re-run Maven with the [1m-e[m switch.
[[1;31mERROR[m] Re-run Maven using the [1m-X[m switch to enable full debug logging.
[[1;31mERROR[m] 
[[1;31mERROR[m] For more information about the errors and possible solutions, please read the following articles:
[[1;31mERROR[m] [1m[Help 1][m http://cwiki.apache.org/confluence/display/MAVEN/DependencyResolutionException