[[1;34mINFO[m] Scanning for projects...
Downloading from central: https://repo.maven.apache.org/maven2/org/apache/maven/maven-plugin-tools/2.0/maven-plugin-tools-2.0.pom
Progress (1): 536 B                   Downloaded from central: https://repo.maven.apache.org/maven2/org/apache/maven/maven-plugin-tools/2.0/maven-plugin-tools-2.0.pom (536 B at 1.2 kB/s)
Downloading from central: https://repo.maven.apache.org/maven2/org/apache/maven/maven-script/2.0/maven-script-2.0.pom
Progress (1): 386 B                   Downloaded from central: https://repo.maven.apache.org/maven2/org/apache/maven/maven-script/2.0/maven-script-2.0.pom (386 B at 2.5 kB/s)
[[1;33mWARNING[m] 
[[1;33mWARNING[m] Some problems were encountered while building the effective model for org.apache.maven:maven-core:jar:2.0.1-SNAPSHOT
[[1;33mWARNING[m] The expression ${version} is deprecated. Please use ${project.version} instead.
[[1;33mWARNING[m] 
[[1;33mWARNING[m] Some problems were encountered while building the effective model for org.apache.maven:maven-plugin-tools-model:jar:2.0.1-SNAPSHOT
[[1;33mWARNING[m] 'build.plugins.plugin.version' for org.codehaus.modello:modello-maven-plugin is missing. @ line 31, column 15
[[1;33mWARNING[m] 
[[1;33mWARNING[m] It is highly recommended to fix these problems because they threaten the stability of your build.
[[1;33mWARNING[m] 
[[1;33mWARNING[m] For this reason, future Maven versions might no longer support building such malformed projects.
[[1;33mWARNING[m] 
[[1;34mINFO[m] [1m------------------------------------------------------------------------[m
[[1;34mINFO[m] [1mReactor Build Order:[m
[[1;34mINFO[m] 
[[1;34mINFO[m] Maven                                                              [pom]
[[1;34mINFO[m] Maven Model                                                        [jar]
[[1;34mINFO[m] Maven Local Settings Model                                         [jar]
[[1;34mINFO[m] Maven Repository Metadata Model                                    [jar]
[[1;34mINFO[m] Maven Artifact                                                     [jar]
[[1;34mINFO[m] Maven Artifact Manager                                             [jar]
[[1;34mINFO[m] Maven Artifact Test Helper Library                                 [jar]
[[1;34mINFO[m] Maven Profile Model                                                [jar]
[[1;34mINFO[m] Maven Project Builder                                              [jar]
[[1;34mINFO[m] Maven Archiver                                                     [jar]
[[1;34mINFO[m] Maven Plugin Parameter Documenter API                              [jar]
[[1;34mINFO[m] Maven Reporting                                                    [pom]
[[1;34mINFO[m] Maven Reporting API                                                [jar]
[[1;34mINFO[m] Maven Error Diagnostics                                            [jar]
[[1;34mINFO[m] Maven Plugin Registry Model                                        [jar]
[[1;34mINFO[m] Maven Plugin API                                                   [jar]
[[1;34mINFO[m] Maven Plugin Descriptor Model                                      [jar]
[[1;34mINFO[m] Maven Monitor                                                      [jar]
[[1;34mINFO[m] Maven Core                                                         [jar]
[[1;34mINFO[m] Maven Model Converter                                              [jar]
[[1;34mINFO[m] Maven Plugin Tools Base POM                                        [pom]
[[1;34mINFO[m] Maven Plugin Tools APIs                                            [jar]
[[1;34mINFO[m] Maven Plugin Tools for Java                                        [jar]
[[1;34mINFO[m] Maven Plugin Tools for Beanshell                                   [jar]
[[1;34mINFO[m] Maven Pluggy Simplistic Plugin Generator                           [jar]
[[1;34mINFO[m] Maven Plugin Metadata Model                                        [jar]
[[1;34mINFO[m] Maven Ant Plugin Tools                                             [jar]
[[1;34mINFO[m] Maven Reporting                                                    [jar]
[[1;34mINFO[m] Maven Ant Mojo Support                                             [jar]
[[1;34mINFO[m] Maven Script Support Root                                          [pom]
[[1;34mINFO[m] Maven Beanshell Mojo Support                                       [jar]
[[1;34mINFO[m] 
[[1;34mINFO[m] [1m-----------------------< [0;36morg.apache.maven:maven[0;1m >-----------------------[m
[[1;34mINFO[m] [1mBuilding Maven 2.0.1-SNAPSHOT                                     [1/31][m
[[1;34mINFO[m] [1m--------------------------------[ pom ]---------------------------------[m
[[1;34mINFO[m] 
[[1;34mINFO[m] [1m--- [0;32mmaven-install-plugin:2.4:install[m [1m(default-install)[m @ [36mmaven[0;1m ---[m
[[1;34mINFO[m] Installing /home/user/Workspace/reproducibility/Reproducibility-Scanner/benchmarks/bugs-dot-jar/maven/pom.xml to /home/user/.m2/repository/org/apache/maven/maven/2.0.1-SNAPSHOT/maven-2.0.1-SNAPSHOT.pom
[[1;34mINFO[m] 
[[1;34mINFO[m] [1m--------------------< [0;36morg.apache.maven:maven-model[0;1m >--------------------[m
[[1;34mINFO[m] [1mBuilding Maven Model 2.0.1-SNAPSHOT                               [2/31][m
[[1;34mINFO[m] [1m--------------------------------[ jar ]---------------------------------[m
Downloading from central: https://repo.maven.apache.org/maven2/org/codehaus/modello/modello-maven-plugin/1.0-alpha-6/modello-maven-plugin-1.0-alpha-6.pom
Progress (1): 2.7/10 kBProgress (1): 5.5/10 kBProgress (1): 8.2/10 kBProgress (1): 10 kB                       Downloaded from central: https://repo.maven.apache.org/maven2/org/codehaus/modello/modello-maven-plugin/1.0-alpha-6/modello-maven-plugin-1.0-alpha-6.pom (10 kB at 441 kB/s)
Downloading from central: https://repo.maven.apache.org/maven2/org/codehaus/modello/modello-maven-plugin/1.0-alpha-6/modello-maven-plugin-1.0-alpha-6.jar
Progress (1): 2.7/12 kBProgress (1): 5.5/12 kBProgress (1): 8.2/12 kBProgress (1): 11/12 kB Progress (1): 12 kB                      Downloaded from central: https://repo.maven.apache.org/maven2/org/codehaus/modello/modello-maven-plugin/1.0-alpha-6/modello-maven-plugin-1.0-alpha-6.jar (12 kB at 551 kB/s)
[[1;34mINFO[m] 
[[1;34mINFO[m] [1m--- [0;32mmodello-maven-plugin:1.0-alpha-6:xpp3-writer[m [1m(default)[m @ [36mmaven-model[0;1m ---[m
Downloading from central: https://repo.maven.apache.org/maven2/org/codehaus/modello/modello-plugin-xpp3/1.0-alpha-6/modello-plugin-xpp3-1.0-alpha-6.pom
Progress (1): 2.7/8.1 kBProgress (1): 5.5/8.1 kBProgress (1): 8.1 kB                        Downloaded from central: https://repo.maven.apache.org/maven2/org/codehaus/modello/modello-plugin-xpp3/1.0-alpha-6/modello-plugin-xpp3-1.0-alpha-6.pom (8.1 kB at 57 kB/s)
Downloading from central: https://repo.maven.apache.org/maven2/org/codehaus/modello/modello-core/1.0-alpha-6/modello-core-1.0-alpha-6.pom
Progress (1): 2.7/7.6 kBProgress (1): 5.5/7.6 kBProgress (1): 7.6 kB                        Downloaded from central: https://repo.maven.apache.org/maven2/org/codehaus/modello/modello-core/1.0-alpha-6/modello-core-1.0-alpha-6.pom (7.6 kB at 380 kB/s)
Downloading from central: https://repo.maven.apache.org/maven2/org/codehaus/modello/modello-plugin-xml/1.0-alpha-6/modello-plugin-xml-1.0-alpha-6.pom
Progress (1): 2.7/7.9 kBProgress (1): 5.5/7.9 kBProgress (1): 7.9 kB                        Downloaded from central: https://repo.maven.apache.org/maven2/org/codehaus/modello/modello-plugin-xml/1.0-alpha-6/modello-plugin-xml-1.0-alpha-6.pom (7.9 kB at 525 kB/s)
Downloading from central: https://repo.maven.apache.org/maven2/org/apache/maven/maven-artifact-manager/2.0-beta-3/maven-artifact-manager-2.0-beta-3.pom
Progress (1): 2.7/8.3 kBProgress (1): 5.5/8.3 kBProgress (1): 8.2/8.3 kBProgress (1): 8.3 kB                        Downloaded from central: https://repo.maven.apache.org/maven2/org/apache/maven/maven-artifact-manager/2.0-beta-3/maven-artifact-manager-2.0-beta-3.pom (8.3 kB at 517 kB/s)
Downloading from central: https://repo.maven.apache.org/maven2/org/apache/maven/maven-artifact/2.0-beta-3/maven-artifact-2.0-beta-3.pom
Progress (1): 4.1/7.5 kBProgress (1): 7.5 kB                        Downloaded from central: https://repo.maven.apache.org/maven2/org/apache/maven/maven-artifact/2.0-beta-3/maven-artifact-2.0-beta-3.pom (7.5 kB at 325 kB/s)
Downloading from central: https://repo.maven.apache.org/maven2/plexus/plexus-utils/1.0.3/plexus-utils-1.0.3.pom
Progress (1): 970 B                   Downloaded from central: https://repo.maven.apache.org/maven2/plexus/plexus-utils/1.0.3/plexus-utils-1.0.3.pom (970 B at 48 kB/s)
Downloading from central: https://repo.maven.apache.org/maven2/org/apache/maven/maven-repository-metadata/2.0-beta-3/maven-repository-metadata-2.0-beta-3.pom
Progress (1): 4.1/7.7 kBProgress (1): 7.7 kB                        Downloaded from central: https://repo.maven.apache.org/maven2/org/apache/maven/maven-repository-metadata/2.0-beta-3/maven-repository-metadata-2.0-beta-3.pom (7.7 kB at 276 kB/s)
Downloading from central: https://repo.maven.apache.org/maven2/log4j/log4j/1.2.8/log4j-1.2.8.pom
Progress (1): 145 B                   Downloaded from central: https://repo.maven.apache.org/maven2/log4j/log4j/1.2.8/log4j-1.2.8.pom (145 B at 11 kB/s)
Downloading from central: https://repo.maven.apache.org/maven2/org/codehaus/modello/modello-plugin-xsd/1.0-alpha-6/modello-plugin-xsd-1.0-alpha-6.pom
Progress (1): 4.1/8.1 kBProgress (1): 8.1 kB                        Downloaded from central: https://repo.maven.apache.org/maven2/org/codehaus/modello/modello-plugin-xsd/1.0-alpha-6/modello-plugin-xsd-1.0-alpha-6.pom (8.1 kB at 351 kB/s)
Downloading from central: https://repo.maven.apache.org/maven2/org/apache/maven/maven-plugin-api/2.0-beta-3/maven-plugin-api-2.0-beta-3.pom
Progress (1): 4.1/6.9 kBProgress (1): 6.9 kB                        Downloaded from central: https://repo.maven.apache.org/maven2/org/apache/maven/maven-plugin-api/2.0-beta-3/maven-plugin-api-2.0-beta-3.pom (6.9 kB at 67 kB/s)
Downloading from central: https://repo.maven.apache.org/maven2/commons-logging/commons-logging/1.0.2/commons-logging-1.0.2.pom
Progress (1): 810 B                   Downloaded from central: https://repo.maven.apache.org/maven2/commons-logging/commons-logging/1.0.2/commons-logging-1.0.2.pom (810 B at 51 kB/s)
Downloading from central: https://repo.maven.apache.org/maven2/org/apache/maven/maven-model/2.0-beta-3/maven-model-2.0-beta-3.pom
Progress (1): 4.1/7.6 kBProgress (1): 7.6 kB                        Downloaded from central: https://repo.maven.apache.org/maven2/org/apache/maven/maven-model/2.0-beta-3/maven-model-2.0-beta-3.pom (7.6 kB at 90 kB/s)
Downloading from central: https://repo.maven.apache.org/maven2/org/apache/maven/wagon/wagon-provider-api/1.0-alpha-4/wagon-provider-api-1.0-alpha-4.pom
Progress (1): 306 B                   Downloaded from central: https://repo.maven.apache.org/maven2/org/apache/maven/wagon/wagon-provider-api/1.0-alpha-4/wagon-provider-api-1.0-alpha-4.pom (306 B at 7.8 kB/s)
Downloading from central: https://repo.maven.apache.org/maven2/org/apache/maven/wagon/wagon/1.0-alpha-4/wagon-1.0-alpha-4.pom
Progress (1): 3.1 kB                    Downloaded from central: https://repo.maven.apache.org/maven2/org/apache/maven/wagon/wagon/1.0-alpha-4/wagon-1.0-alpha-4.pom (3.1 kB at 185 kB/s)
Downloading from central: https://repo.maven.apache.org/maven2/org/apache/maven/maven-profile/2.0-beta-3/maven-profile-2.0-beta-3.pom
Progress (1): 4.1/8.2 kBProgress (1): 8.2/8.2 kBProgress (1): 8.2 kB                        Downloaded from central: https://repo.maven.apache.org/maven2/org/apache/maven/maven-profile/2.0-beta-3/maven-profile-2.0-beta-3.pom (8.2 kB at 105 kB/s)
Downloading from central: https://repo.maven.apache.org/maven2/plexus/plexus-velocity/1.1/plexus-velocity-1.1.pom
Progress (1): 914 B                   Downloaded from central: https://repo.maven.apache.org/maven2/plexus/plexus-velocity/1.1/plexus-velocity-1.1.pom (914 B at 40 kB/s)
Downloading from central: https://repo.maven.apache.org/maven2/plexus/plexus-components/1.1/plexus-components-1.1.pom
Progress (1): 2.0 kB                    Downloaded from central: https://repo.maven.apache.org/maven2/plexus/plexus-components/1.1/plexus-components-1.1.pom (2.0 kB at 125 kB/s)
Downloading from central: https://repo.maven.apache.org/maven2/plexus/plexus-root/1.0/plexus-root-1.0.pom
Progress (1): 4.1/4.9 kBProgress (1): 4.9 kB                        Downloaded from central: https://repo.maven.apache.org/maven2/plexus/plexus-root/1.0/plexus-root-1.0.pom (4.9 kB at 325 kB/s)
Downloading from central: https://repo.maven.apache.org/maven2/plexus/plexus-container-default/1.0-alpha-4/plexus-container-default-1.0-alpha-4.pom
Progress (1): 806 B                   Downloaded from central: https://repo.maven.apache.org/maven2/plexus/plexus-container-default/1.0-alpha-4/plexus-container-default-1.0-alpha-4.pom (806 B at 58 kB/s)
Downloading from central: https://repo.maven.apache.org/maven2/plexus/plexus-containers/1.0/plexus-containers-1.0.pom
Progress (1): 467 B                   Downloaded from central: https://repo.maven.apache.org/maven2/plexus/plexus-containers/1.0/plexus-containers-1.0.pom (467 B at 31 kB/s)
Downloading from central: https://repo.maven.apache.org/maven2/classworlds/classworlds/1.1-alpha-1/classworlds-1.1-alpha-1.pom
Progress (1): 3.1 kB                    Downloaded from central: https://repo.maven.apache.org/maven2/classworlds/classworlds/1.1-alpha-1/classworlds-1.1-alpha-1.pom (3.1 kB at 25 kB/s)
Downloading from central: https://repo.maven.apache.org/maven2/plexus/plexus-utils/1.0-alpha-3/plexus-utils-1.0-alpha-3.pom
Progress (1): 319 B                   Downloaded from central: https://repo.maven.apache.org/maven2/plexus/plexus-utils/1.0-alpha-3/plexus-utils-1.0-alpha-3.pom (319 B at 23 kB/s)
Downloading from central: https://repo.maven.apache.org/maven2/org/codehaus/modello/modello-plugin-prevayler/1.0-alpha-6/modello-plugin-prevayler-1.0-alpha-6.pom
Progress (1): 4.1/9.1 kBProgress (1): 8.2/9.1 kBProgress (1): 9.1 kB                        Downloaded from central: https://repo.maven.apache.org/maven2/org/codehaus/modello/modello-plugin-prevayler/1.0-alpha-6/modello-plugin-prevayler-1.0-alpha-6.pom (9.1 kB at 113 kB/s)
Downloading from central: https://repo.maven.apache.org/maven2/org/codehaus/modello/modello-plugin-store/1.0-alpha-6/modello-plugin-store-1.0-alpha-6.pom
Progress (1): 4.1/8.9 kBProgress (1): 8.2/8.9 kBProgress (1): 8.9 kB                        Downloaded from central: https://repo.maven.apache.org/maven2/org/codehaus/modello/modello-plugin-store/1.0-alpha-6/modello-plugin-store-1.0-alpha-6.pom (8.9 kB at 637 kB/s)
Downloading from central: https://repo.maven.apache.org/maven2/org/apache/maven/maven-project/2.0-beta-3/maven-project-2.0-beta-3.pom
Progress (1): 4.1/9.1 kBProgress (1): 8.2/9.1 kBProgress (1): 9.1 kB                        Downloaded from central: https://repo.maven.apache.org/maven2/org/apache/maven/maven-project/2.0-beta-3/maven-project-2.0-beta-3.pom (9.1 kB at 175 kB/s)
Downloading from central: https://repo.maven.apache.org/maven2/org/codehaus/modello/modello-plugin-xdoc/1.0-alpha-6/modello-plugin-xdoc-1.0-alpha-6.pom
Progress (1): 4.1/8.1 kBProgress (1): 8.1 kB                        Downloaded from central: https://repo.maven.apache.org/maven2/org/codehaus/modello/modello-plugin-xdoc/1.0-alpha-6/modello-plugin-xdoc-1.0-alpha-6.pom (8.1 kB at 278 kB/s)
Downloading from central: https://repo.maven.apache.org/maven2/org/codehaus/modello/modello-plugin-jpox/1.0-alpha-6/modello-plugin-jpox-1.0-alpha-6.pom
Progress (1): 4.1/9.1 kBProgress (1): 8.2/9.1 kBProgress (1): 9.1 kB                        Downloaded from central: https://repo.maven.apache.org/maven2/org/codehaus/modello/modello-plugin-jpox/1.0-alpha-6/modello-plugin-jpox-1.0-alpha-6.pom (9.1 kB at 608 kB/s)
Downloading from central: https://repo.maven.apache.org/maven2/org/codehaus/plexus/plexus-container-default/1.0-alpha-7/plexus-container-default-1.0-alpha-7.jar
Downloading from central: https://repo.maven.apache.org/maven2/org/apache/maven/maven-artifact-manager/2.0-beta-3/maven-artifact-manager-2.0-beta-3.jar
Downloading from central: https://repo.maven.apache.org/maven2/org/codehaus/modello/modello-plugin-xsd/1.0-alpha-6/modello-plugin-xsd-1.0-alpha-6.jar
Downloading from central: https://repo.maven.apache.org/maven2/org/codehaus/modello/modello-plugin-xpp3/1.0-alpha-6/modello-plugin-xpp3-1.0-alpha-6.jar
Downloading from central: https://repo.maven.apache.org/maven2/log4j/log4j/1.2.8/log4j-1.2.8.jar
Progress (1): 4.1/194 kBProgress (1): 8.2/194 kBProgress (1): 12/194 kB Progress (1): 16/194 kBProgress (1): 20/194 kBProgress (1): 24/194 kBProgress (1): 28/194 kBProgress (1): 32/194 kBProgress (1): 36/194 kBProgress (1): 40/194 kBProgress (1): 45/194 kBProgress (1): 49/194 kBProgress (1): 53/194 kBProgress (1): 57/194 kBProgress (1): 61/194 kBProgress (1): 65/194 kBProgress (1): 69/194 kBProgress (1): 73/194 kBProgress (1): 77/194 kBProgress (1): 81/194 kBProgress (1): 85/194 kBProgress (1): 90/194 kBProgress (1): 94/194 kBProgress (1): 98/194 kBProgress (1): 102/194 kBProgress (1): 106/194 kBProgress (1): 110/194 kBProgress (1): 114/194 kBProgress (1): 118/194 kBProgress (1): 122/194 kBProgress (1): 126/194 kBProgress (1): 131/194 kBProgress (1): 135/194 kBProgress (1): 139/194 kBProgress (1): 143/194 kBProgress (1): 147/194 kBProgress (1): 151/194 kBProgress (1): 155/194 kBProgress (1): 159/194 kBProgress (1): 163/194 kBProgress (1): 167/194 kBProgress (1): 171/194 kBProgress (1): 176/194 kBProgress (1): 180/194 kBProgress (1): 184/194 kBProgress (1): 188/194 kBProgress (1): 192/194 kBProgress (1): 194 kB                        Downloaded from central: https://repo.maven.apache.org/maven2/org/codehaus/plexus/plexus-container-default/1.0-alpha-7/plexus-container-default-1.0-alpha-7.jar (194 kB at 3.7 MB/s)
Downloading from central: https://repo.maven.apache.org/maven2/org/codehaus/modello/modello-core/1.0-alpha-6/modello-core-1.0-alpha-6.jar
Progress (1): 4.1/159 kBProgress (1): 8.2/159 kBProgress (1): 12/159 kB Progress (1): 16/159 kBProgress (1): 20/159 kBProgress (1): 24/159 kBProgress (1): 28/159 kBProgress (1): 32/159 kBProgress (1): 36/159 kBProgress (1): 40/159 kBProgress (1): 45/159 kBProgress (1): 49/159 kBProgress (1): 53/159 kBProgress (1): 57/159 kBProgress (1): 61/159 kBProgress (1): 65/159 kBProgress (1): 69/159 kBProgress (1): 73/159 kBProgress (1): 77/159 kBProgress (1): 81/159 kBProgress (1): 85/159 kBProgress (1): 90/159 kBProgress (1): 94/159 kBProgress (1): 98/159 kBProgress (1): 102/159 kBProgress (1): 106/159 kBProgress (1): 110/159 kBProgress (1): 114/159 kBProgress (1): 118/159 kBProgress (1): 122/159 kBProgress (1): 126/159 kBProgress (1): 131/159 kBProgress (1): 135/159 kBProgress (1): 139/159 kBProgress (1): 143/159 kBProgress (1): 147/159 kBProgress (1): 151/159 kBProgress (1): 155/159 kBProgress (1): 159 kB    Progress (2): 159 kB | 2.7/46 kBProgress (2): 159 kB | 5.5/46 kBProgress (3): 159 kB | 5.5/46 kB | 2.7/353 kBProgress (3): 159 kB | 8.2/46 kB | 2.7/353 kBProgress (3): 159 kB | 8.2/46 kB | 5.5/353 kBProgress (3): 159 kB | 11/46 kB | 5.5/353 kB Progress (3): 159 kB | 11/46 kB | 8.2/353 kBProgress (3): 159 kB | 14/46 kB | 8.2/353 kB                                            Downloaded from central: https://repo.maven.apache.org/maven2/org/codehaus/modello/modello-core/1.0-alpha-6/modello-core-1.0-alpha-6.jar (159 kB at 1.7 MB/s)
Progress (2): 16/46 kB | 8.2/353 kBProgress (2): 16/46 kB | 11/353 kB                                   Downloading from central: https://repo.maven.apache.org/maven2/org/apache/maven/maven-plugin-api/2.0-beta-3/maven-plugin-api-2.0-beta-3.jar
Progress (2): 16/46 kB | 14/353 kBProgress (2): 19/46 kB | 14/353 kBProgress (2): 19/46 kB | 16/353 kBProgress (2): 21/46 kB | 16/353 kBProgress (2): 21/46 kB | 19/353 kBProgress (2): 24/46 kB | 19/353 kBProgress (2): 24/46 kB | 21/353 kBProgress (2): 24/46 kB | 24/353 kBProgress (2): 24/46 kB | 27/353 kBProgress (2): 24/46 kB | 30/353 kBProgress (2): 24/46 kB | 32/353 kBProgress (3): 24/46 kB | 32/353 kB | 4.1/9.5 kBProgress (3): 24/46 kB | 35/353 kB | 4.1/9.5 kBProgress (3): 24/46 kB | 35/353 kB | 8.2/9.5 kBProgress (3): 24/46 kB | 35/353 kB | 9.5 kB    Progress (3): 24/46 kB | 38/353 kB | 9.5 kBProgress (3): 24/46 kB | 40/353 kB | 9.5 kBProgress (3): 24/46 kB | 43/353 kB | 9.5 kBProgress (3): 24/46 kB | 46/353 kB | 9.5 kBProgress (3): 24/46 kB | 49/353 kB | 9.5 kBProgress (3): 27/46 kB | 49/353 kB | 9.5 kBProgress (3): 27/46 kB | 53/353 kB | 9.5 kBProgress (3): 30/46 kB | 53/353 kB | 9.5 kBProgress (3): 30/46 kB | 57/353 kB | 9.5 kBProgress (3): 30/46 kB | 61/353 kB | 9.5 kBProgress (3): 32/46 kB | 61/353 kB | 9.5 kBProgress (3): 32/46 kB | 65/353 kB | 9.5 kBProgress (3): 35/46 kB | 65/353 kB | 9.5 kBProgress (3): 35/46 kB | 69/353 kB | 9.5 kBProgress (3): 35/46 kB | 73/353 kB | 9.5 kBProgress (3): 38/46 kB | 73/353 kB | 9.5 kBProgress (3): 38/46 kB | 77/353 kB | 9.5 kB                                           Downloaded from central: https://repo.maven.apache.org/maven2/org/apache/maven/maven-plugin-api/2.0-beta-3/maven-plugin-api-2.0-beta-3.jar (9.5 kB at 90 kB/s)
Progress (2): 40/46 kB | 77/353 kBProgress (2): 40/46 kB | 81/353 kB                                  Downloading from central: https://repo.maven.apache.org/maven2/org/codehaus/modello/modello-plugin-xml/1.0-alpha-6/modello-plugin-xml-1.0-alpha-6.jar
Progress (2): 43/46 kB | 81/353 kBProgress (2): 43/46 kB | 85/353 kBProgress (2): 43/46 kB | 90/353 kBProgress (2): 46/46 kB | 90/353 kBProgress (2): 46/46 kB | 94/353 kBProgress (2): 46/46 kB | 98/353 kBProgress (2): 46 kB | 98/353 kB   Progress (2): 46 kB | 102/353 kBProgress (2): 46 kB | 106/353 kBProgress (2): 46 kB | 110/353 kBProgress (2): 46 kB | 114/353 kBProgress (2): 46 kB | 118/353 kBProgress (2): 46 kB | 122/353 kBProgress (2): 46 kB | 126/353 kBProgress (2): 46 kB | 131/353 kBProgress (2): 46 kB | 135/353 kBProgress (2): 46 kB | 139/353 kBProgress (2): 46 kB | 143/353 kBProgress (2): 46 kB | 147/353 kBProgress (2): 46 kB | 151/353 kBProgress (2): 46 kB | 155/353 kBProgress (2): 46 kB | 159/353 kBProgress (2): 46 kB | 163/353 kBProgress (2): 46 kB | 167/353 kBProgress (2): 46 kB | 171/353 kBProgress (2): 46 kB | 176/353 kBProgress (2): 46 kB | 180/353 kBProgress (2): 46 kB | 184/353 kBProgress (2): 46 kB | 188/353 kBProgress (2): 46 kB | 192/353 kBProgress (2): 46 kB | 196/353 kBProgress (2): 46 kB | 200/353 kBProgress (2): 46 kB | 204/353 kBProgress (2): 46 kB | 208/353 kB                                Downloaded from central: https://repo.maven.apache.org/maven2/org/apache/maven/maven-artifact-manager/2.0-beta-3/maven-artifact-manager-2.0-beta-3.jar (46 kB at 395 kB/s)
Progress (1): 212/353 kB                        Downloading from central: https://repo.maven.apache.org/maven2/org/apache/maven/maven-artifact/2.0-beta-3/maven-artifact-2.0-beta-3.jar
Progress (1): 217/353 kBProgress (1): 221/353 kBProgress (1): 225/353 kBProgress (1): 229/353 kBProgress (1): 233/353 kBProgress (1): 237/353 kBProgress (1): 241/353 kBProgress (1): 245/353 kBProgress (1): 249/353 kBProgress (1): 253/353 kBProgress (1): 258/353 kBProgress (1): 262/353 kBProgress (1): 266/353 kBProgress (1): 270/353 kBProgress (1): 274/353 kBProgress (1): 278/353 kBProgress (1): 282/353 kBProgress (1): 286/353 kBProgress (1): 290/353 kBProgress (1): 294/353 kBProgress (1): 298/353 kBProgress (1): 303/353 kBProgress (1): 307/353 kBProgress (1): 311/353 kBProgress (1): 315/353 kBProgress (1): 319/353 kBProgress (1): 323/353 kBProgress (1): 327/353 kBProgress (1): 331/353 kBProgress (1): 335/353 kBProgress (1): 339/353 kBProgress (1): 343/353 kBProgress (1): 348/353 kBProgress (1): 352/353 kBProgress (1): 353 kB    Progress (2): 353 kB | 2.7/72 kBProgress (2): 353 kB | 5.5/72 kBProgress (2): 353 kB | 8.2/72 kBProgress (2): 353 kB | 11/72 kB Progress (2): 353 kB | 14/72 kBProgress (2): 353 kB | 16/72 kBProgress (2): 353 kB | 20/72 kBProgress (2): 353 kB | 24/72 kBProgress (2): 353 kB | 28/72 kBProgress (2): 353 kB | 32/72 kB                               Downloaded from central: https://repo.maven.apache.org/maven2/log4j/log4j/1.2.8/log4j-1.2.8.jar (353 kB at 2.6 MB/s)
Progress (1): 36/72 kB                      Downloading from central: https://repo.maven.apache.org/maven2/commons-logging/commons-logging/1.0.2/commons-logging-1.0.2.jar
Progress (1): 40/72 kBProgress (1): 45/72 kBProgress (1): 49/72 kBProgress (1): 53/72 kBProgress (1): 57/72 kBProgress (1): 61/72 kBProgress (1): 65/72 kBProgress (1): 69/72 kBProgress (1): 72 kB   Progress (2): 72 kB | 4.1/26 kBProgress (2): 72 kB | 8.2/26 kBProgress (2): 72 kB | 12/26 kB Progress (2): 72 kB | 16/26 kBProgress (2): 72 kB | 20/26 kBProgress (2): 72 kB | 24/26 kB                              Downloaded from central: https://repo.maven.apache.org/maven2/org/apache/maven/maven-artifact/2.0-beta-3/maven-artifact-2.0-beta-3.jar (72 kB at 508 kB/s)
Progress (1): 26 kB                   Downloading from central: https://repo.maven.apache.org/maven2/org/apache/maven/maven-model/2.0-beta-3/maven-model-2.0-beta-3.jar
Progress (2): 26 kB | 2.7/8.4 kBProgress (2): 26 kB | 5.5/8.4 kB                                Downloaded from central: https://repo.maven.apache.org/maven2/commons-logging/commons-logging/1.0.2/commons-logging-1.0.2.jar (26 kB at 177 kB/s)
Downloading from central: https://repo.maven.apache.org/maven2/org/apache/maven/maven-repository-metadata/2.0-beta-3/maven-repository-metadata-2.0-beta-3.jar
Progress (1): 8.2/8.4 kBProgress (1): 8.4 kB    Progress (2): 8.4 kB | 4.1/73 kBProgress (2): 8.4 kB | 8.2/73 kBProgress (2): 8.4 kB | 12/73 kB Progress (2): 8.4 kB | 16/73 kBProgress (2): 8.4 kB | 20/73 kBProgress (3): 8.4 kB | 20/73 kB | 2.7/23 kBProgress (3): 8.4 kB | 24/73 kB | 2.7/23 kBProgress (3): 8.4 kB | 28/73 kB | 2.7/23 kBProgress (3): 8.4 kB | 28/73 kB | 5.5/23 kBProgress (3): 8.4 kB | 32/73 kB | 5.5/23 kBProgress (3): 8.4 kB | 32/73 kB | 8.2/23 kBProgress (3): 8.4 kB | 32/73 kB | 11/23 kB Progress (3): 8.4 kB | 36/73 kB | 11/23 kBProgress (3): 8.4 kB | 40/73 kB | 11/23 kBProgress (3): 8.4 kB | 40/73 kB | 14/23 kBProgress (3): 8.4 kB | 45/73 kB | 14/23 kBProgress (3): 8.4 kB | 49/73 kB | 14/23 kBProgress (3): 8.4 kB | 49/73 kB | 16/23 kBProgress (4): 8.4 kB | 49/73 kB | 16/23 kB | 2.7/20 kBProgress (4): 8.4 kB | 49/73 kB | 19/23 kB | 2.7/20 kBProgress (4): 8.4 kB | 53/73 kB | 19/23 kB | 2.7/20 kBProgress (4): 8.4 kB | 57/73 kB | 19/23 kB | 2.7/20 kBProgress (4): 8.4 kB | 57/73 kB | 21/23 kB | 2.7/20 kBProgress (4): 8.4 kB | 61/73 kB | 21/23 kB | 2.7/20 kBProgress (4): 8.4 kB | 61/73 kB | 21/23 kB | 5.5/20 kBProgress (4): 8.4 kB | 65/73 kB | 21/23 kB | 5.5/20 kB                                                      Downloaded from central: https://repo.maven.apache.org/maven2/org/codehaus/modello/modello-plugin-xsd/1.0-alpha-6/modello-plugin-xsd-1.0-alpha-6.jar (8.4 kB at 54 kB/s)
Downloading from central: https://repo.maven.apache.org/maven2/org/apache/maven/wagon/wagon-provider-api/1.0-alpha-4/wagon-provider-api-1.0-alpha-4.jar
Progress (3): 69/73 kB | 21/23 kB | 5.5/20 kBProgress (3): 69/73 kB | 21/23 kB | 8.2/20 kBProgress (3): 73 kB | 21/23 kB | 8.2/20 kB   Progress (3): 73 kB | 23 kB | 8.2/20 kB   Progress (3): 73 kB | 23 kB | 11/20 kB Progress (3): 73 kB | 23 kB | 14/20 kBProgress (3): 73 kB | 23 kB | 16/20 kBProgress (3): 73 kB | 23 kB | 19/20 kBProgress (3): 73 kB | 23 kB | 20 kB                                      Downloaded from central: https://repo.maven.apache.org/maven2/org/apache/maven/maven-model/2.0-beta-3/maven-model-2.0-beta-3.jar (73 kB at 438 kB/s)
Downloading from central: https://repo.maven.apache.org/maven2/org/apache/maven/maven-profile/2.0-beta-3/maven-profile-2.0-beta-3.jar
Downloaded from central: https://repo.maven.apache.org/maven2/org/apache/maven/maven-repository-metadata/2.0-beta-3/maven-repository-metadata-2.0-beta-3.jar (20 kB at 116 kB/s)
Downloading from central: https://repo.maven.apache.org/maven2/plexus/plexus-velocity/1.1/plexus-velocity-1.1.jar
Progress (2): 23 kB | 2.7/7.4 kBProgress (2): 23 kB | 5.5/7.4 kBProgress (2): 23 kB | 7.4 kB    Progress (3): 23 kB | 7.4 kB | 4.1/29 kBProgress (3): 23 kB | 7.4 kB | 8.2/29 kBProgress (3): 23 kB | 7.4 kB | 12/29 kB Progress (3): 23 kB | 7.4 kB | 16/29 kBProgress (3): 23 kB | 7.4 kB | 20/29 kBProgress (3): 23 kB | 7.4 kB | 24/29 kBProgress (3): 23 kB | 7.4 kB | 28/29 kBProgress (3): 23 kB | 7.4 kB | 29 kB                                       Downloaded from central: https://repo.maven.apache.org/maven2/plexus/plexus-velocity/1.1/plexus-velocity-1.1.jar (7.4 kB at 41 kB/s)
Downloading from central: https://repo.maven.apache.org/maven2/plexus/plexus-container-default/1.0-alpha-4/plexus-container-default-1.0-alpha-4.jar
Progress (3): 23 kB | 29 kB | 4.1/9.7 kBProgress (3): 23 kB | 29 kB | 8.2/9.7 kBProgress (3): 23 kB | 29 kB | 9.7 kB                                        Downloaded from central: https://repo.maven.apache.org/maven2/org/codehaus/modello/modello-plugin-xpp3/1.0-alpha-6/modello-plugin-xpp3-1.0-alpha-6.jar (23 kB at 124 kB/s)
Downloading from central: https://repo.maven.apache.org/maven2/org/codehaus/modello/modello-plugin-prevayler/1.0-alpha-6/modello-plugin-prevayler-1.0-alpha-6.jar
Downloaded from central: https://repo.maven.apache.org/maven2/org/apache/maven/maven-profile/2.0-beta-3/maven-profile-2.0-beta-3.jar (29 kB at 153 kB/s)
Downloading from central: https://repo.maven.apache.org/maven2/org/apache/maven/maven-project/2.0-beta-3/maven-project-2.0-beta-3.jar
Progress (2): 9.7 kB | 2.7/185 kBProgress (2): 9.7 kB | 5.5/185 kBProgress (2): 9.7 kB | 8.2/185 kBProgress (2): 9.7 kB | 11/185 kB Progress (2): 9.7 kB | 14/185 kBProgress (2): 9.7 kB | 16/185 kBProgress (3): 9.7 kB | 16/185 kB | 4.1/6.8 kBProgress (3): 9.7 kB | 16/185 kB | 6.8 kB    Progress (4): 9.7 kB | 16/185 kB | 6.8 kB | 4.1/101 kBProgress (4): 9.7 kB | 16/185 kB | 6.8 kB | 8.2/101 kBProgress (4): 9.7 kB | 16/185 kB | 6.8 kB | 12/101 kB Progress (4): 9.7 kB | 20/185 kB | 6.8 kB | 12/101 kBProgress (4): 9.7 kB | 20/185 kB | 6.8 kB | 16/101 kBProgress (4): 9.7 kB | 24/185 kB | 6.8 kB | 16/101 kBProgress (4): 9.7 kB | 28/185 kB | 6.8 kB | 16/101 kBProgress (4): 9.7 kB | 32/185 kB | 6.8 kB | 16/101 kBProgress (4): 9.7 kB | 32/185 kB | 6.8 kB | 20/101 kBProgress (4): 9.7 kB | 32/185 kB | 6.8 kB | 24/101 kBProgress (4): 9.7 kB | 32/185 kB | 6.8 kB | 28/101 kBProgress (4): 9.7 kB | 32/185 kB | 6.8 kB | 32/101 kBProgress (4): 9.7 kB | 32/185 kB | 6.8 kB | 36/101 kBProgress (4): 9.7 kB | 32/185 kB | 6.8 kB | 40/101 kBProgress (4): 9.7 kB | 32/185 kB | 6.8 kB | 45/101 kBProgress (4): 9.7 kB | 36/185 kB | 6.8 kB | 45/101 kBProgress (4): 9.7 kB | 36/185 kB | 6.8 kB | 49/101 kBProgress (4): 9.7 kB | 40/185 kB | 6.8 kB | 49/101 kBProgress (4): 9.7 kB | 45/185 kB | 6.8 kB | 49/101 kBProgress (4): 9.7 kB | 45/185 kB | 6.8 kB | 53/101 kBProgress (4): 9.7 kB | 49/185 kB | 6.8 kB | 53/101 kB                                                     Downloaded from central: https://repo.maven.apache.org/maven2/org/codehaus/modello/modello-plugin-prevayler/1.0-alpha-6/modello-plugin-prevayler-1.0-alpha-6.jar (6.8 kB at 34 kB/s)
Downloading from central: https://repo.maven.apache.org/maven2/org/codehaus/modello/modello-plugin-xdoc/1.0-alpha-6/modello-plugin-xdoc-1.0-alpha-6.jar
Progress (3): 9.7 kB | 49/185 kB | 57/101 kBProgress (3): 9.7 kB | 49/185 kB | 61/101 kBProgress (3): 9.7 kB | 53/185 kB | 61/101 kBProgress (3): 9.7 kB | 53/185 kB | 65/101 kBProgress (3): 9.7 kB | 57/185 kB | 65/101 kBProgress (3): 9.7 kB | 61/185 kB | 65/101 kBProgress (3): 9.7 kB | 65/185 kB | 65/101 kBProgress (3): 9.7 kB | 65/185 kB | 69/101 kBProgress (3): 9.7 kB | 65/185 kB | 73/101 kBProgress (3): 9.7 kB | 65/185 kB | 77/101 kBProgress (3): 9.7 kB | 65/185 kB | 81/101 kBProgress (3): 9.7 kB | 69/185 kB | 81/101 kBProgress (3): 9.7 kB | 69/185 kB | 85/101 kBProgress (3): 9.7 kB | 73/185 kB | 85/101 kBProgress (3): 9.7 kB | 73/185 kB | 90/101 kBProgress (3): 9.7 kB | 77/185 kB | 90/101 kBProgress (3): 9.7 kB | 77/185 kB | 94/101 kBProgress (3): 9.7 kB | 81/185 kB | 94/101 kBProgress (3): 9.7 kB | 81/185 kB | 98/101 kBProgress (3): 9.7 kB | 81/185 kB | 101 kB   Progress (3): 9.7 kB | 85/185 kB | 101 kBProgress (3): 9.7 kB | 90/185 kB | 101 kBProgress (3): 9.7 kB | 94/185 kB | 101 kBProgress (3): 9.7 kB | 98/185 kB | 101 kBProgress (4): 9.7 kB | 98/185 kB | 101 kB | 4.1/7.9 kBProgress (4): 9.7 kB | 98/185 kB | 101 kB | 7.9 kB    Progress (4): 9.7 kB | 102/185 kB | 101 kB | 7.9 kBProgress (4): 9.7 kB | 106/185 kB | 101 kB | 7.9 kBProgress (4): 9.7 kB | 110/185 kB | 101 kB | 7.9 kBProgress (4): 9.7 kB | 114/185 kB | 101 kB | 7.9 kBProgress (4): 9.7 kB | 118/185 kB | 101 kB | 7.9 kBProgress (4): 9.7 kB | 122/185 kB | 101 kB | 7.9 kBProgress (4): 9.7 kB | 126/185 kB | 101 kB | 7.9 kBProgress (4): 9.7 kB | 131/185 kB | 101 kB | 7.9 kB                                                   Downloaded from central: https://repo.maven.apache.org/maven2/org/apache/maven/maven-project/2.0-beta-3/maven-project-2.0-beta-3.jar (101 kB at 479 kB/s)
Downloading from central: https://repo.maven.apache.org/maven2/org/codehaus/modello/modello-plugin-jpox/1.0-alpha-6/modello-plugin-jpox-1.0-alpha-6.jar
Progress (3): 9.7 kB | 135/185 kB | 7.9 kBProgress (3): 9.7 kB | 139/185 kB | 7.9 kBProgress (3): 9.7 kB | 143/185 kB | 7.9 kBProgress (3): 9.7 kB | 147/185 kB | 7.9 kBProgress (3): 9.7 kB | 151/185 kB | 7.9 kBProgress (3): 9.7 kB | 155/185 kB | 7.9 kBProgress (3): 9.7 kB | 159/185 kB | 7.9 kBProgress (3): 9.7 kB | 163/185 kB | 7.9 kBProgress (3): 9.7 kB | 167/185 kB | 7.9 kBProgress (3): 9.7 kB | 171/185 kB | 7.9 kBProgress (3): 9.7 kB | 176/185 kB | 7.9 kBProgress (3): 9.7 kB | 180/185 kB | 7.9 kBProgress (3): 9.7 kB | 184/185 kB | 7.9 kBProgress (3): 9.7 kB | 185 kB | 7.9 kB    Progress (4): 9.7 kB | 185 kB | 7.9 kB | 4.1/19 kBProgress (4): 9.7 kB | 185 kB | 7.9 kB | 8.2/19 kBProgress (4): 9.7 kB | 185 kB | 7.9 kB | 12/19 kB Progress (4): 9.7 kB | 185 kB | 7.9 kB | 16/19 kBProgress (4): 9.7 kB | 185 kB | 7.9 kB | 19 kB                                                 Downloaded from central: https://repo.maven.apache.org/maven2/plexus/plexus-container-default/1.0-alpha-4/plexus-container-default-1.0-alpha-4.jar (185 kB at 826 kB/s)
Downloading from central: https://repo.maven.apache.org/maven2/org/codehaus/modello/modello-plugin-store/1.0-alpha-6/modello-plugin-store-1.0-alpha-6.jar
Downloaded from central: https://repo.maven.apache.org/maven2/org/codehaus/modello/modello-plugin-xdoc/1.0-alpha-6/modello-plugin-xdoc-1.0-alpha-6.jar (7.9 kB at 35 kB/s)
Downloaded from central: https://repo.maven.apache.org/maven2/org/codehaus/modello/modello-plugin-jpox/1.0-alpha-6/modello-plugin-jpox-1.0-alpha-6.jar (19 kB at 83 kB/s)
Progress (2): 9.7 kB | 2.7/46 kBProgress (2): 9.7 kB | 5.5/46 kBProgress (2): 9.7 kB | 8.2/46 kBProgress (2): 9.7 kB | 11/46 kB Progress (2): 9.7 kB | 14/46 kBProgress (2): 9.7 kB | 16/46 kBProgress (2): 9.7 kB | 19/46 kBProgress (2): 9.7 kB | 21/46 kBProgress (2): 9.7 kB | 24/46 kBProgress (2): 9.7 kB | 27/46 kBProgress (2): 9.7 kB | 30/46 kBProgress (2): 9.7 kB | 32/46 kBProgress (2): 9.7 kB | 36/46 kBProgress (2): 9.7 kB | 40/46 kBProgress (2): 9.7 kB | 45/46 kBProgress (2): 9.7 kB | 46 kB                               Downloaded from central: https://repo.maven.apache.org/maven2/org/apache/maven/wagon/wagon-provider-api/1.0-alpha-4/wagon-provider-api-1.0-alpha-4.jar (46 kB at 185 kB/s)
Downloaded from central: https://repo.maven.apache.org/maven2/org/codehaus/modello/modello-plugin-xml/1.0-alpha-6/modello-plugin-xml-1.0-alpha-6.jar (9.7 kB at 38 kB/s)
Progress (1): 4.1/16 kBProgress (1): 8.2/16 kBProgress (1): 12/16 kB Progress (1): 16/16 kBProgress (1): 16 kB                      Downloaded from central: https://repo.maven.apache.org/maven2/org/codehaus/modello/modello-plugin-store/1.0-alpha-6/modello-plugin-store-1.0-alpha-6.jar (16 kB at 52 kB/s)
[[1;34mINFO[m] outputDirectory: /home/user/Workspace/reproducibility/Reproducibility-Scanner/benchmarks/bugs-dot-jar/maven/maven-model/target/generated-sources
[[1;34mINFO[m] 
[[1;34mINFO[m] [1m--- [0;32mmodello-maven-plugin:1.0-alpha-6:java[m [1m(default)[m @ [36mmaven-model[0;1m ---[m
[[1;34mINFO[m] outputDirectory: /home/user/Workspace/reproducibility/Reproducibility-Scanner/benchmarks/bugs-dot-jar/maven/maven-model/target/generated-sources
[[1;34mINFO[m] 
[[1;34mINFO[m] [1m--- [0;32mmodello-maven-plugin:1.0-alpha-6:xpp3-reader[m [1m(default)[m @ [36mmaven-model[0;1m ---[m
[[1;34mINFO[m] outputDirectory: /home/user/Workspace/reproducibility/Reproducibility-Scanner/benchmarks/bugs-dot-jar/maven/maven-model/target/generated-sources
[[1;34mINFO[m] 
[[1;34mINFO[m] [1m--- [0;32mmodello-maven-plugin:1.0-alpha-6:xsd[m [1m(default)[m @ [36mmaven-model[0;1m ---[m
[[1;34mINFO[m] outputDirectory: /home/user/Workspace/reproducibility/Reproducibility-Scanner/benchmarks/bugs-dot-jar/maven/maven-model/target/generated-site/xsd
[[1;34mINFO[m] 
[[1;34mINFO[m] [1m--- [0;32mmaven-resources-plugin:2.6:resources[m [1m(default-resources)[m @ [36mmaven-model[0;1m ---[m
[[1;33mWARNING[m] Using platform encoding (UTF-8 actually) to copy filtered resources, i.e. build is platform dependent!
[[1;34mINFO[m] skip non existing resourceDirectory /home/user/Workspace/reproducibility/Reproducibility-Scanner/benchmarks/bugs-dot-jar/maven/maven-model/src/main/resources
[[1;34mINFO[m] 
[[1;34mINFO[m] [1m--- [0;32mmaven-compiler-plugin:3.1:compile[m [1m(default-compile)[m @ [36mmaven-model[0;1m ---[m
[[1;34mINFO[m] Changes detected - recompiling the module!
[[1;33mWARNING[m] File encoding has not been set, using platform encoding UTF-8, i.e. build is platform dependent!
[[1;34mINFO[m] Compiling 45 source files to /home/user/Workspace/reproducibility/Reproducibility-Scanner/benchmarks/bugs-dot-jar/maven/maven-model/target/classes
[[1;33mWARNING[m] /home/user/Workspace/reproducibility/Reproducibility-Scanner/benchmarks/bugs-dot-jar/maven/maven-model/target/generated-sources/org/apache/maven/model/ReportSet.java: Some input files use unchecked or unsafe operations.
[[1;33mWARNING[m] /home/user/Workspace/reproducibility/Reproducibility-Scanner/benchmarks/bugs-dot-jar/maven/maven-model/target/generated-sources/org/apache/maven/model/ReportSet.java: Recompile with -Xlint:unchecked for details.
[[1;34mINFO[m] 
[[1;34mINFO[m] [1m--- [0;32mmaven-resources-plugin:2.6:testResources[m [1m(default-testResources)[m @ [36mmaven-model[0;1m ---[m
[[1;33mWARNING[m] Using platform encoding (UTF-8 actually) to copy filtered resources, i.e. build is platform dependent!
[[1;34mINFO[m] skip non existing resourceDirectory /home/user/Workspace/reproducibility/Reproducibility-Scanner/benchmarks/bugs-dot-jar/maven/maven-model/src/test/resources
[[1;34mINFO[m] 
[[1;34mINFO[m] [1m--- [0;32mmaven-compiler-plugin:3.1:testCompile[m [1m(default-testCompile)[m @ [36mmaven-model[0;1m ---[m
[[1;34mINFO[m] No sources to compile
[[1;34mINFO[m] 
[[1;34mINFO[m] [1m--- [0;32mmaven-surefire-plugin:2.12.4:test[m [1m(default-test)[m @ [36mmaven-model[0;1m ---[m
[[1;34mINFO[m] Tests are skipped.
[[1;34mINFO[m] 
[[1;34mINFO[m] [1m--- [0;32mmaven-jar-plugin:2.4:jar[m [1m(default-jar)[m @ [36mmaven-model[0;1m ---[m
[[1;34mINFO[m] Building jar: /home/user/Workspace/reproducibility/Reproducibility-Scanner/benchmarks/bugs-dot-jar/maven/maven-model/target/maven-model-2.0.1-SNAPSHOT.jar
[[1;34mINFO[m] 
[[1;34mINFO[m] [1m--- [0;32mmaven-install-plugin:2.4:install[m [1m(default-install)[m @ [36mmaven-model[0;1m ---[m
[[1;34mINFO[m] Installing /home/user/Workspace/reproducibility/Reproducibility-Scanner/benchmarks/bugs-dot-jar/maven/maven-model/target/maven-model-2.0.1-SNAPSHOT.jar to /home/user/.m2/repository/org/apache/maven/maven-model/2.0.1-SNAPSHOT/maven-model-2.0.1-SNAPSHOT.jar
[[1;34mINFO[m] Installing /home/user/Workspace/reproducibility/Reproducibility-Scanner/benchmarks/bugs-dot-jar/maven/maven-model/pom.xml to /home/user/.m2/repository/org/apache/maven/maven-model/2.0.1-SNAPSHOT/maven-model-2.0.1-SNAPSHOT.pom
[[1;34mINFO[m] 
[[1;34mINFO[m] [1m------------------< [0;36morg.apache.maven:maven-settings[0;1m >-------------------[m
[[1;34mINFO[m] [1mBuilding Maven Local Settings Model 2.0.1-SNAPSHOT                [3/31][m
[[1;34mINFO[m] [1m--------------------------------[ jar ]---------------------------------[m
[[1;34mINFO[m] 
[[1;34mINFO[m] [1m--- [0;32mmodello-maven-plugin:1.0-alpha-6:xpp3-writer[m [1m(default)[m @ [36mmaven-settings[0;1m ---[m
[[1;34mINFO[m] outputDirectory: /home/user/Workspace/reproducibility/Reproducibility-Scanner/benchmarks/bugs-dot-jar/maven/maven-settings/target/generated-sources
[[1;34mINFO[m] 
[[1;34mINFO[m] [1m--- [0;32mmodello-maven-plugin:1.0-alpha-6:java[m [1m(default)[m @ [36mmaven-settings[0;1m ---[m
[[1;34mINFO[m] outputDirectory: /home/user/Workspace/reproducibility/Reproducibility-Scanner/benchmarks/bugs-dot-jar/maven/maven-settings/target/generated-sources
[[1;34mINFO[m] 
[[1;34mINFO[m] [1m--- [0;32mmodello-maven-plugin:1.0-alpha-6:xpp3-reader[m [1m(default)[m @ [36mmaven-settings[0;1m ---[m
[[1;34mINFO[m] outputDirectory: /home/user/Workspace/reproducibility/Reproducibility-Scanner/benchmarks/bugs-dot-jar/maven/maven-settings/target/generated-sources
[[1;34mINFO[m] 
[[1;34mINFO[m] [1m--- [0;32mmaven-resources-plugin:2.6:resources[m [1m(default-resources)[m @ [36mmaven-settings[0;1m ---[m
[[1;33mWARNING[m] Using platform encoding (UTF-8 actually) to copy filtered resources, i.e. build is platform dependent!
[[1;34mINFO[m] Copying 1 resource
[[1;34mINFO[m] 
[[1;34mINFO[m] [1m--- [0;32mmaven-compiler-plugin:3.1:compile[m [1m(default-compile)[m @ [36mmaven-settings[0;1m ---[m
[[1;34mINFO[m] Changes detected - recompiling the module!
[[1;33mWARNING[m] File encoding has not been set, using platform encoding UTF-8, i.e. build is platform dependent!
[[1;34mINFO[m] Compiling 20 source files to /home/user/Workspace/reproducibility/Reproducibility-Scanner/benchmarks/bugs-dot-jar/maven/maven-settings/target/classes
[[1;33mWARNING[m] /home/user/Workspace/reproducibility/Reproducibility-Scanner/benchmarks/bugs-dot-jar/maven/maven-settings/src/main/java/org/apache/maven/settings/SettingsUtils.java: Some input files use unchecked or unsafe operations.
[[1;33mWARNING[m] /home/user/Workspace/reproducibility/Reproducibility-Scanner/benchmarks/bugs-dot-jar/maven/maven-settings/src/main/java/org/apache/maven/settings/SettingsUtils.java: Recompile with -Xlint:unchecked for details.
[[1;34mINFO[m] 
[[1;34mINFO[m] [1m--- [0;32mmaven-resources-plugin:2.6:testResources[m [1m(default-testResources)[m @ [36mmaven-settings[0;1m ---[m
[[1;33mWARNING[m] Using platform encoding (UTF-8 actually) to copy filtered resources, i.e. build is platform dependent!
[[1;34mINFO[m] skip non existing resourceDirectory /home/user/Workspace/reproducibility/Reproducibility-Scanner/benchmarks/bugs-dot-jar/maven/maven-settings/src/test/resources
[[1;34mINFO[m] 
[[1;34mINFO[m] [1m--- [0;32mmaven-compiler-plugin:3.1:testCompile[m [1m(default-testCompile)[m @ [36mmaven-settings[0;1m ---[m
[[1;34mINFO[m] Changes detected - recompiling the module!
[[1;33mWARNING[m] File encoding has not been set, using platform encoding UTF-8, i.e. build is platform dependent!
[[1;34mINFO[m] Compiling 1 source file to /home/user/Workspace/reproducibility/Reproducibility-Scanner/benchmarks/bugs-dot-jar/maven/maven-settings/target/test-classes
[[1;34mINFO[m] 
[[1;34mINFO[m] [1m--- [0;32mmaven-surefire-plugin:2.12.4:test[m [1m(default-test)[m @ [36mmaven-settings[0;1m ---[m
[[1;34mINFO[m] Tests are skipped.
[[1;34mINFO[m] 
[[1;34mINFO[m] [1m--- [0;32mmaven-jar-plugin:2.4:jar[m [1m(default-jar)[m @ [36mmaven-settings[0;1m ---[m
[[1;34mINFO[m] Building jar: /home/user/Workspace/reproducibility/Reproducibility-Scanner/benchmarks/bugs-dot-jar/maven/maven-settings/target/maven-settings-2.0.1-SNAPSHOT.jar
[[1;34mINFO[m] 
[[1;34mINFO[m] [1m--- [0;32mmaven-install-plugin:2.4:install[m [1m(default-install)[m @ [36mmaven-settings[0;1m ---[m
[[1;34mINFO[m] Installing /home/user/Workspace/reproducibility/Reproducibility-Scanner/benchmarks/bugs-dot-jar/maven/maven-settings/target/maven-settings-2.0.1-SNAPSHOT.jar to /home/user/.m2/repository/org/apache/maven/maven-settings/2.0.1-SNAPSHOT/maven-settings-2.0.1-SNAPSHOT.jar
[[1;34mINFO[m] Installing /home/user/Workspace/reproducibility/Reproducibility-Scanner/benchmarks/bugs-dot-jar/maven/maven-settings/pom.xml to /home/user/.m2/repository/org/apache/maven/maven-settings/2.0.1-SNAPSHOT/maven-settings-2.0.1-SNAPSHOT.pom
[[1;34mINFO[m] 
[[1;34mINFO[m] [1m-------------< [0;36morg.apache.maven:maven-repository-metadata[0;1m >-------------[m
[[1;34mINFO[m] [1mBuilding Maven Repository Metadata Model 2.0.1-SNAPSHOT           [4/31][m
[[1;34mINFO[m] [1m--------------------------------[ jar ]---------------------------------[m
[[1;34mINFO[m] 
[[1;34mINFO[m] [1m--- [0;32mmodello-maven-plugin:1.0-alpha-6:xpp3-writer[m [1m(default)[m @ [36mmaven-repository-metadata[0;1m ---[m
[[1;34mINFO[m] outputDirectory: /home/user/Workspace/reproducibility/Reproducibility-Scanner/benchmarks/bugs-dot-jar/maven/maven-repository-metadata/target/generated-sources
[[1;34mINFO[m] 
[[1;34mINFO[m] [1m--- [0;32mmodello-maven-plugin:1.0-alpha-6:java[m [1m(default)[m @ [36mmaven-repository-metadata[0;1m ---[m
[[1;34mINFO[m] outputDirectory: /home/user/Workspace/reproducibility/Reproducibility-Scanner/benchmarks/bugs-dot-jar/maven/maven-repository-metadata/target/generated-sources
[[1;34mINFO[m] 
[[1;34mINFO[m] [1m--- [0;32mmodello-maven-plugin:1.0-alpha-6:xpp3-reader[m [1m(default)[m @ [36mmaven-repository-metadata[0;1m ---[m
[[1;34mINFO[m] outputDirectory: /home/user/Workspace/reproducibility/Reproducibility-Scanner/benchmarks/bugs-dot-jar/maven/maven-repository-metadata/target/generated-sources
[[1;34mINFO[m] 
[[1;34mINFO[m] [1m--- [0;32mmodello-maven-plugin:1.0-alpha-6:xsd[m [1m(default)[m @ [36mmaven-repository-metadata[0;1m ---[m
[[1;34mINFO[m] outputDirectory: /home/user/Workspace/reproducibility/Reproducibility-Scanner/benchmarks/bugs-dot-jar/maven/maven-repository-metadata/target/generated-site/xsd
[[1;34mINFO[m] 
[[1;34mINFO[m] [1m--- [0;32mmaven-resources-plugin:2.6:resources[m [1m(default-resources)[m @ [36mmaven-repository-metadata[0;1m ---[m
[[1;33mWARNING[m] Using platform encoding (UTF-8 actually) to copy filtered resources, i.e. build is platform dependent!
[[1;34mINFO[m] skip non existing resourceDirectory /home/user/Workspace/reproducibility/Reproducibility-Scanner/benchmarks/bugs-dot-jar/maven/maven-repository-metadata/src/main/resources
[[1;34mINFO[m] 
[[1;34mINFO[m] [1m--- [0;32mmaven-compiler-plugin:3.1:compile[m [1m(default-compile)[m @ [36mmaven-repository-metadata[0;1m ---[m
[[1;34mINFO[m] Changes detected - recompiling the module!
[[1;33mWARNING[m] File encoding has not been set, using platform encoding UTF-8, i.e. build is platform dependent!
[[1;34mINFO[m] Compiling 6 source files to /home/user/Workspace/reproducibility/Reproducibility-Scanner/benchmarks/bugs-dot-jar/maven/maven-repository-metadata/target/classes
[[1;33mWARNING[m] /home/user/Workspace/reproducibility/Reproducibility-Scanner/benchmarks/bugs-dot-jar/maven/maven-repository-metadata/target/generated-sources/org/apache/maven/artifact/repository/metadata/Versioning.java: Some input files use unchecked or unsafe operations.
[[1;33mWARNING[m] /home/user/Workspace/reproducibility/Reproducibility-Scanner/benchmarks/bugs-dot-jar/maven/maven-repository-metadata/target/generated-sources/org/apache/maven/artifact/repository/metadata/Versioning.java: Recompile with -Xlint:unchecked for details.
[[1;34mINFO[m] 
[[1;34mINFO[m] [1m--- [0;32mmaven-resources-plugin:2.6:testResources[m [1m(default-testResources)[m @ [36mmaven-repository-metadata[0;1m ---[m
[[1;33mWARNING[m] Using platform encoding (UTF-8 actually) to copy filtered resources, i.e. build is platform dependent!
[[1;34mINFO[m] skip non existing resourceDirectory /home/user/Workspace/reproducibility/Reproducibility-Scanner/benchmarks/bugs-dot-jar/maven/maven-repository-metadata/src/test/resources
[[1;34mINFO[m] 
[[1;34mINFO[m] [1m--- [0;32mmaven-compiler-plugin:3.1:testCompile[m [1m(default-testCompile)[m @ [36mmaven-repository-metadata[0;1m ---[m
[[1;34mINFO[m] No sources to compile
[[1;34mINFO[m] 
[[1;34mINFO[m] [1m--- [0;32mmaven-surefire-plugin:2.12.4:test[m [1m(default-test)[m @ [36mmaven-repository-metadata[0;1m ---[m
[[1;34mINFO[m] Tests are skipped.
[[1;34mINFO[m] 
[[1;34mINFO[m] [1m--- [0;32mmaven-jar-plugin:2.4:jar[m [1m(default-jar)[m @ [36mmaven-repository-metadata[0;1m ---[m
[[1;34mINFO[m] Building jar: /home/user/Workspace/reproducibility/Reproducibility-Scanner/benchmarks/bugs-dot-jar/maven/maven-repository-metadata/target/maven-repository-metadata-2.0.1-SNAPSHOT.jar
[[1;34mINFO[m] 
[[1;34mINFO[m] [1m--- [0;32mmaven-install-plugin:2.4:install[m [1m(default-install)[m @ [36mmaven-repository-metadata[0;1m ---[m
[[1;34mINFO[m] Installing /home/user/Workspace/reproducibility/Reproducibility-Scanner/benchmarks/bugs-dot-jar/maven/maven-repository-metadata/target/maven-repository-metadata-2.0.1-SNAPSHOT.jar to /home/user/.m2/repository/org/apache/maven/maven-repository-metadata/2.0.1-SNAPSHOT/maven-repository-metadata-2.0.1-SNAPSHOT.jar
[[1;34mINFO[m] Installing /home/user/Workspace/reproducibility/Reproducibility-Scanner/benchmarks/bugs-dot-jar/maven/maven-repository-metadata/pom.xml to /home/user/.m2/repository/org/apache/maven/maven-repository-metadata/2.0.1-SNAPSHOT/maven-repository-metadata-2.0.1-SNAPSHOT.pom
[[1;34mINFO[m] 
[[1;34mINFO[m] [1m------------------< [0;36morg.apache.maven:maven-artifact[0;1m >-------------------[m
[[1;34mINFO[m] [1mBuilding Maven Artifact 2.0.1-SNAPSHOT                            [5/31][m
[[1;34mINFO[m] [1m--------------------------------[ jar ]---------------------------------[m
[[1;34mINFO[m] 
[[1;34mINFO[m] [1m--- [0;32mmaven-resources-plugin:2.6:resources[m [1m(default-resources)[m @ [36mmaven-artifact[0;1m ---[m
[[1;33mWARNING[m] Using platform encoding (UTF-8 actually) to copy filtered resources, i.e. build is platform dependent!
[[1;34mINFO[m] Copying 1 resource
[[1;34mINFO[m] 
[[1;34mINFO[m] [1m--- [0;32mmaven-compiler-plugin:3.1:compile[m [1m(default-compile)[m @ [36mmaven-artifact[0;1m ---[m
[[1;34mINFO[m] Changes detected - recompiling the module!
[[1;33mWARNING[m] File encoding has not been set, using platform encoding UTF-8, i.e. build is platform dependent!
[[1;34mINFO[m] Compiling 61 source files to /home/user/Workspace/reproducibility/Reproducibility-Scanner/benchmarks/bugs-dot-jar/maven/maven-artifact/target/classes
[[1;33mWARNING[m] /home/user/Workspace/reproducibility/Reproducibility-Scanner/benchmarks/bugs-dot-jar/maven/maven-artifact/src/main/java/org/apache/maven/artifact/resolver/filter/AndArtifactFilter.java: Some input files use unchecked or unsafe operations.
[[1;33mWARNING[m] /home/user/Workspace/reproducibility/Reproducibility-Scanner/benchmarks/bugs-dot-jar/maven/maven-artifact/src/main/java/org/apache/maven/artifact/resolver/filter/AndArtifactFilter.java: Recompile with -Xlint:unchecked for details.
[[1;34mINFO[m] 
[[1;34mINFO[m] [1m--- [0;32mmaven-resources-plugin:2.6:testResources[m [1m(default-testResources)[m @ [36mmaven-artifact[0;1m ---[m
[[1;33mWARNING[m] Using platform encoding (UTF-8 actually) to copy filtered resources, i.e. build is platform dependent!
[[1;34mINFO[m] skip non existing resourceDirectory /home/user/Workspace/reproducibility/Reproducibility-Scanner/benchmarks/bugs-dot-jar/maven/maven-artifact/src/test/resources
[[1;34mINFO[m] 
[[1;34mINFO[m] [1m--- [0;32mmaven-compiler-plugin:3.1:testCompile[m [1m(default-testCompile)[m @ [36mmaven-artifact[0;1m ---[m
[[1;34mINFO[m] Changes detected - recompiling the module!
[[1;33mWARNING[m] File encoding has not been set, using platform encoding UTF-8, i.e. build is platform dependent!
[[1;34mINFO[m] Compiling 4 source files to /home/user/Workspace/reproducibility/Reproducibility-Scanner/benchmarks/bugs-dot-jar/maven/maven-artifact/target/test-classes
[[1;33mWARNING[m] /home/user/Workspace/reproducibility/Reproducibility-Scanner/benchmarks/bugs-dot-jar/maven/maven-artifact/src/test/java/org/apache/maven/artifact/resolver/DefaultArtifactCollectorTest.java: /home/user/Workspace/reproducibility/Reproducibility-Scanner/benchmarks/bugs-dot-jar/maven/maven-artifact/src/test/java/org/apache/maven/artifact/resolver/DefaultArtifactCollectorTest.java uses unchecked or unsafe operations.
[[1;33mWARNING[m] /home/user/Workspace/reproducibility/Reproducibility-Scanner/benchmarks/bugs-dot-jar/maven/maven-artifact/src/test/java/org/apache/maven/artifact/resolver/DefaultArtifactCollectorTest.java: Recompile with -Xlint:unchecked for details.
[[1;34mINFO[m] 
[[1;34mINFO[m] [1m--- [0;32mmaven-surefire-plugin:2.12.4:test[m [1m(default-test)[m @ [36mmaven-artifact[0;1m ---[m
[[1;34mINFO[m] Tests are skipped.
[[1;34mINFO[m] 
[[1;34mINFO[m] [1m--- [0;32mmaven-jar-plugin:2.4:jar[m [1m(default-jar)[m @ [36mmaven-artifact[0;1m ---[m
[[1;34mINFO[m] Building jar: /home/user/Workspace/reproducibility/Reproducibility-Scanner/benchmarks/bugs-dot-jar/maven/maven-artifact/target/maven-artifact-2.0.1-SNAPSHOT.jar
[[1;34mINFO[m] 
[[1;34mINFO[m] [1m--- [0;32mmaven-install-plugin:2.4:install[m [1m(default-install)[m @ [36mmaven-artifact[0;1m ---[m
[[1;34mINFO[m] Installing /home/user/Workspace/reproducibility/Reproducibility-Scanner/benchmarks/bugs-dot-jar/maven/maven-artifact/target/maven-artifact-2.0.1-SNAPSHOT.jar to /home/user/.m2/repository/org/apache/maven/maven-artifact/2.0.1-SNAPSHOT/maven-artifact-2.0.1-SNAPSHOT.jar
[[1;34mINFO[m] Installing /home/user/Workspace/reproducibility/Reproducibility-Scanner/benchmarks/bugs-dot-jar/maven/maven-artifact/pom.xml to /home/user/.m2/repository/org/apache/maven/maven-artifact/2.0.1-SNAPSHOT/maven-artifact-2.0.1-SNAPSHOT.pom
[[1;34mINFO[m] 
[[1;34mINFO[m] [1m--------------< [0;36morg.apache.maven:maven-artifact-manager[0;1m >---------------[m
[[1;34mINFO[m] [1mBuilding Maven Artifact Manager 2.0.1-SNAPSHOT                    [6/31][m
[[1;34mINFO[m] [1m--------------------------------[ jar ]---------------------------------[m
Downloading from central: https://repo.maven.apache.org/maven2/org/apache/maven/wagon/wagon-file/1.0-alpha-5/wagon-file-1.0-alpha-5.pom
Progress (1): 4.1/5.4 kBProgress (1): 5.4 kB                        Downloaded from central: https://repo.maven.apache.org/maven2/org/apache/maven/wagon/wagon-file/1.0-alpha-5/wagon-file-1.0-alpha-5.pom (5.4 kB at 358 kB/s)
Downloading from central: https://repo.maven.apache.org/maven2/org/apache/maven/wagon/wagon-file/1.0-alpha-5/wagon-file-1.0-alpha-5.jar
Progress (1): 4.1/5.9 kBProgress (1): 5.9 kB                        Downloaded from central: https://repo.maven.apache.org/maven2/org/apache/maven/wagon/wagon-file/1.0-alpha-5/wagon-file-1.0-alpha-5.jar (5.9 kB at 418 kB/s)
[[1;34mINFO[m] 
[[1;34mINFO[m] [1m--- [0;32mmaven-resources-plugin:2.6:resources[m [1m(default-resources)[m @ [36mmaven-artifact-manager[0;1m ---[m
[[1;33mWARNING[m] Using platform encoding (UTF-8 actually) to copy filtered resources, i.e. build is platform dependent!
[[1;34mINFO[m] Copying 1 resource
[[1;34mINFO[m] 
[[1;34mINFO[m] [1m--- [0;32mmaven-compiler-plugin:3.1:compile[m [1m(default-compile)[m @ [36mmaven-artifact-manager[0;1m ---[m
[[1;34mINFO[m] Changes detected - recompiling the module!
[[1;33mWARNING[m] File encoding has not been set, using platform encoding UTF-8, i.e. build is platform dependent!
[[1;34mINFO[m] Compiling 23 source files to /home/user/Workspace/reproducibility/Reproducibility-Scanner/benchmarks/bugs-dot-jar/maven/maven-artifact-manager/target/classes
[[1;33mWARNING[m] /home/user/Workspace/reproducibility/Reproducibility-Scanner/benchmarks/bugs-dot-jar/maven/maven-artifact-manager/src/main/java/org/apache/maven/artifact/repository/metadata/DefaultRepositoryMetadataManager.java: Some input files use unchecked or unsafe operations.
[[1;33mWARNING[m] /home/user/Workspace/reproducibility/Reproducibility-Scanner/benchmarks/bugs-dot-jar/maven/maven-artifact-manager/src/main/java/org/apache/maven/artifact/repository/metadata/DefaultRepositoryMetadataManager.java: Recompile with -Xlint:unchecked for details.
[[1;34mINFO[m] 
[[1;34mINFO[m] [1m--- [0;32mmaven-resources-plugin:2.6:testResources[m [1m(default-testResources)[m @ [36mmaven-artifact-manager[0;1m ---[m
[[1;33mWARNING[m] Using platform encoding (UTF-8 actually) to copy filtered resources, i.e. build is platform dependent!
[[1;34mINFO[m] Copying 6 resources
[[1;34mINFO[m] 
[[1;34mINFO[m] [1m--- [0;32mmaven-compiler-plugin:3.1:testCompile[m [1m(default-testCompile)[m @ [36mmaven-artifact-manager[0;1m ---[m
[[1;34mINFO[m] Changes detected - recompiling the module!
[[1;33mWARNING[m] File encoding has not been set, using platform encoding UTF-8, i.e. build is platform dependent!
[[1;34mINFO[m] Compiling 8 source files to /home/user/Workspace/reproducibility/Reproducibility-Scanner/benchmarks/bugs-dot-jar/maven/maven-artifact-manager/target/test-classes
[[1;33mWARNING[m] /home/user/Workspace/reproducibility/Reproducibility-Scanner/benchmarks/bugs-dot-jar/maven/maven-artifact-manager/src/test/java/org/apache/maven/artifact/AbstractArtifactComponentTestCase.java: Some input files use unchecked or unsafe operations.
[[1;33mWARNING[m] /home/user/Workspace/reproducibility/Reproducibility-Scanner/benchmarks/bugs-dot-jar/maven/maven-artifact-manager/src/test/java/org/apache/maven/artifact/AbstractArtifactComponentTestCase.java: Recompile with -Xlint:unchecked for details.
[[1;34mINFO[m] 
[[1;34mINFO[m] [1m--- [0;32mmaven-surefire-plugin:2.12.4:test[m [1m(default-test)[m @ [36mmaven-artifact-manager[0;1m ---[m
[[1;34mINFO[m] Tests are skipped.
[[1;34mINFO[m] 
[[1;34mINFO[m] [1m--- [0;32mmaven-jar-plugin:2.4:jar[m [1m(default-jar)[m @ [36mmaven-artifact-manager[0;1m ---[m
[[1;34mINFO[m] Building jar: /home/user/Workspace/reproducibility/Reproducibility-Scanner/benchmarks/bugs-dot-jar/maven/maven-artifact-manager/target/maven-artifact-manager-2.0.1-SNAPSHOT.jar
[[1;34mINFO[m] 
[[1;34mINFO[m] [1m--- [0;32mmaven-install-plugin:2.4:install[m [1m(default-install)[m @ [36mmaven-artifact-manager[0;1m ---[m
[[1;34mINFO[m] Installing /home/user/Workspace/reproducibility/Reproducibility-Scanner/benchmarks/bugs-dot-jar/maven/maven-artifact-manager/target/maven-artifact-manager-2.0.1-SNAPSHOT.jar to /home/user/.m2/repository/org/apache/maven/maven-artifact-manager/2.0.1-SNAPSHOT/maven-artifact-manager-2.0.1-SNAPSHOT.jar
[[1;34mINFO[m] Installing /home/user/Workspace/reproducibility/Reproducibility-Scanner/benchmarks/bugs-dot-jar/maven/maven-artifact-manager/pom.xml to /home/user/.m2/repository/org/apache/maven/maven-artifact-manager/2.0.1-SNAPSHOT/maven-artifact-manager-2.0.1-SNAPSHOT.pom
[[1;34mINFO[m] 
[[1;34mINFO[m] [1m----------------< [0;36morg.apache.maven:maven-artifact-test[0;1m >----------------[m
[[1;34mINFO[m] [1mBuilding Maven Artifact Test Helper Library 2.0.1-SNAPSHOT        [7/31][m
[[1;34mINFO[m] [1m--------------------------------[ jar ]---------------------------------[m
[[1;34mINFO[m] 
[[1;34mINFO[m] [1m--- [0;32mmaven-resources-plugin:2.6:resources[m [1m(default-resources)[m @ [36mmaven-artifact-test[0;1m ---[m
[[1;33mWARNING[m] Using platform encoding (UTF-8 actually) to copy filtered resources, i.e. build is platform dependent!
[[1;34mINFO[m] skip non existing resourceDirectory /home/user/Workspace/reproducibility/Reproducibility-Scanner/benchmarks/bugs-dot-jar/maven/maven-artifact-test/src/main/resources
[[1;34mINFO[m] 
[[1;34mINFO[m] [1m--- [0;32mmaven-compiler-plugin:3.1:compile[m [1m(default-compile)[m @ [36mmaven-artifact-test[0;1m ---[m
[[1;34mINFO[m] Changes detected - recompiling the module!
[[1;33mWARNING[m] File encoding has not been set, using platform encoding UTF-8, i.e. build is platform dependent!
[[1;34mINFO[m] Compiling 1 source file to /home/user/Workspace/reproducibility/Reproducibility-Scanner/benchmarks/bugs-dot-jar/maven/maven-artifact-test/target/classes
[[1;34mINFO[m] 
[[1;34mINFO[m] [1m--- [0;32mmaven-resources-plugin:2.6:testResources[m [1m(default-testResources)[m @ [36mmaven-artifact-test[0;1m ---[m
[[1;33mWARNING[m] Using platform encoding (UTF-8 actually) to copy filtered resources, i.e. build is platform dependent!
[[1;34mINFO[m] skip non existing resourceDirectory /home/user/Workspace/reproducibility/Reproducibility-Scanner/benchmarks/bugs-dot-jar/maven/maven-artifact-test/src/test/resources
[[1;34mINFO[m] 
[[1;34mINFO[m] [1m--- [0;32mmaven-compiler-plugin:3.1:testCompile[m [1m(default-testCompile)[m @ [36mmaven-artifact-test[0;1m ---[m
[[1;34mINFO[m] No sources to compile
[[1;34mINFO[m] 
[[1;34mINFO[m] [1m--- [0;32mmaven-surefire-plugin:2.12.4:test[m [1m(default-test)[m @ [36mmaven-artifact-test[0;1m ---[m
[[1;34mINFO[m] Tests are skipped.
[[1;34mINFO[m] 
[[1;34mINFO[m] [1m--- [0;32mmaven-jar-plugin:2.4:jar[m [1m(default-jar)[m @ [36mmaven-artifact-test[0;1m ---[m
[[1;34mINFO[m] Building jar: /home/user/Workspace/reproducibility/Reproducibility-Scanner/benchmarks/bugs-dot-jar/maven/maven-artifact-test/target/maven-artifact-test-2.0.1-SNAPSHOT.jar
[[1;34mINFO[m] 
[[1;34mINFO[m] [1m--- [0;32mmaven-install-plugin:2.4:install[m [1m(default-install)[m @ [36mmaven-artifact-test[0;1m ---[m
[[1;34mINFO[m] Installing /home/user/Workspace/reproducibility/Reproducibility-Scanner/benchmarks/bugs-dot-jar/maven/maven-artifact-test/target/maven-artifact-test-2.0.1-SNAPSHOT.jar to /home/user/.m2/repository/org/apache/maven/maven-artifact-test/2.0.1-SNAPSHOT/maven-artifact-test-2.0.1-SNAPSHOT.jar
[[1;34mINFO[m] Installing /home/user/Workspace/reproducibility/Reproducibility-Scanner/benchmarks/bugs-dot-jar/maven/maven-artifact-test/pom.xml to /home/user/.m2/repository/org/apache/maven/maven-artifact-test/2.0.1-SNAPSHOT/maven-artifact-test-2.0.1-SNAPSHOT.pom
[[1;34mINFO[m] 
[[1;34mINFO[m] [1m-------------------< [0;36morg.apache.maven:maven-profile[0;1m >-------------------[m
[[1;34mINFO[m] [1mBuilding Maven Profile Model 2.0.1-SNAPSHOT                       [8/31][m
[[1;34mINFO[m] [1m--------------------------------[ jar ]---------------------------------[m
[[1;34mINFO[m] 
[[1;34mINFO[m] [1m--- [0;32mmodello-maven-plugin:1.0-alpha-6:xpp3-writer[m [1m(default)[m @ [36mmaven-profile[0;1m ---[m
[[1;34mINFO[m] outputDirectory: /home/user/Workspace/reproducibility/Reproducibility-Scanner/benchmarks/bugs-dot-jar/maven/maven-profile/target/generated-sources
[[1;34mINFO[m] 
[[1;34mINFO[m] [1m--- [0;32mmodello-maven-plugin:1.0-alpha-6:java[m [1m(default)[m @ [36mmaven-profile[0;1m ---[m
[[1;34mINFO[m] outputDirectory: /home/user/Workspace/reproducibility/Reproducibility-Scanner/benchmarks/bugs-dot-jar/maven/maven-profile/target/generated-sources
[[1;34mINFO[m] 
[[1;34mINFO[m] [1m--- [0;32mmodello-maven-plugin:1.0-alpha-6:xpp3-reader[m [1m(default)[m @ [36mmaven-profile[0;1m ---[m
[[1;34mINFO[m] outputDirectory: /home/user/Workspace/reproducibility/Reproducibility-Scanner/benchmarks/bugs-dot-jar/maven/maven-profile/target/generated-sources
[[1;34mINFO[m] 
[[1;34mINFO[m] [1m--- [0;32mmaven-resources-plugin:2.6:resources[m [1m(default-resources)[m @ [36mmaven-profile[0;1m ---[m
[[1;33mWARNING[m] Using platform encoding (UTF-8 actually) to copy filtered resources, i.e. build is platform dependent!
[[1;34mINFO[m] Copying 1 resource
[[1;34mINFO[m] 
[[1;34mINFO[m] [1m--- [0;32mmaven-compiler-plugin:3.1:compile[m [1m(default-compile)[m @ [36mmaven-profile[0;1m ---[m
[[1;34mINFO[m] Changes detected - recompiling the module!
[[1;33mWARNING[m] File encoding has not been set, using platform encoding UTF-8, i.e. build is platform dependent!
[[1;34mINFO[m] Compiling 15 source files to /home/user/Workspace/reproducibility/Reproducibility-Scanner/benchmarks/bugs-dot-jar/maven/maven-profile/target/classes
[[1;33mWARNING[m] /home/user/Workspace/reproducibility/Reproducibility-Scanner/benchmarks/bugs-dot-jar/maven/maven-profile/target/generated-sources/org/apache/maven/profiles/ProfilesRoot.java: Some input files use unchecked or unsafe operations.
[[1;33mWARNING[m] /home/user/Workspace/reproducibility/Reproducibility-Scanner/benchmarks/bugs-dot-jar/maven/maven-profile/target/generated-sources/org/apache/maven/profiles/ProfilesRoot.java: Recompile with -Xlint:unchecked for details.
[[1;34mINFO[m] 
[[1;34mINFO[m] [1m--- [0;32mmaven-resources-plugin:2.6:testResources[m [1m(default-testResources)[m @ [36mmaven-profile[0;1m ---[m
[[1;33mWARNING[m] Using platform encoding (UTF-8 actually) to copy filtered resources, i.e. build is platform dependent!
[[1;34mINFO[m] skip non existing resourceDirectory /home/user/Workspace/reproducibility/Reproducibility-Scanner/benchmarks/bugs-dot-jar/maven/maven-profile/src/test/resources
[[1;34mINFO[m] 
[[1;34mINFO[m] [1m--- [0;32mmaven-compiler-plugin:3.1:testCompile[m [1m(default-testCompile)[m @ [36mmaven-profile[0;1m ---[m
[[1;34mINFO[m] No sources to compile
[[1;34mINFO[m] 
[[1;34mINFO[m] [1m--- [0;32mmaven-surefire-plugin:2.12.4:test[m [1m(default-test)[m @ [36mmaven-profile[0;1m ---[m
[[1;34mINFO[m] Tests are skipped.
[[1;34mINFO[m] 
[[1;34mINFO[m] [1m--- [0;32mmaven-jar-plugin:2.4:jar[m [1m(default-jar)[m @ [36mmaven-profile[0;1m ---[m
[[1;34mINFO[m] Building jar: /home/user/Workspace/reproducibility/Reproducibility-Scanner/benchmarks/bugs-dot-jar/maven/maven-profile/target/maven-profile-2.0.1-SNAPSHOT.jar
[[1;34mINFO[m] 
[[1;34mINFO[m] [1m--- [0;32mmaven-install-plugin:2.4:install[m [1m(default-install)[m @ [36mmaven-profile[0;1m ---[m
[[1;34mINFO[m] Installing /home/user/Workspace/reproducibility/Reproducibility-Scanner/benchmarks/bugs-dot-jar/maven/maven-profile/target/maven-profile-2.0.1-SNAPSHOT.jar to /home/user/.m2/repository/org/apache/maven/maven-profile/2.0.1-SNAPSHOT/maven-profile-2.0.1-SNAPSHOT.jar
[[1;34mINFO[m] Installing /home/user/Workspace/reproducibility/Reproducibility-Scanner/benchmarks/bugs-dot-jar/maven/maven-profile/pom.xml to /home/user/.m2/repository/org/apache/maven/maven-profile/2.0.1-SNAPSHOT/maven-profile-2.0.1-SNAPSHOT.pom
[[1;34mINFO[m] 
[[1;34mINFO[m] [1m-------------------< [0;36morg.apache.maven:maven-project[0;1m >-------------------[m
[[1;34mINFO[m] [1mBuilding Maven Project Builder 2.0.1-SNAPSHOT                     [9/31][m
[[1;34mINFO[m] [1m--------------------------------[ jar ]---------------------------------[m
[[1;34mINFO[m] 
[[1;34mINFO[m] [1m--- [0;32mmaven-resources-plugin:2.6:resources[m [1m(default-resources)[m @ [36mmaven-project[0;1m ---[m
[[1;33mWARNING[m] Using platform encoding (UTF-8 actually) to copy filtered resources, i.e. build is platform dependent!
[[1;34mINFO[m] Copying 2 resources
[[1;34mINFO[m] 
[[1;34mINFO[m] [1m--- [0;32mmaven-compiler-plugin:3.1:compile[m [1m(default-compile)[m @ [36mmaven-project[0;1m ---[m
[[1;34mINFO[m] Changes detected - recompiling the module!
[[1;33mWARNING[m] File encoding has not been set, using platform encoding UTF-8, i.e. build is platform dependent!
[[1;34mINFO[m] Compiling 42 source files to /home/user/Workspace/reproducibility/Reproducibility-Scanner/benchmarks/bugs-dot-jar/maven/maven-project/target/classes
[[1;33mWARNING[m] /home/user/Workspace/reproducibility/Reproducibility-Scanner/benchmarks/bugs-dot-jar/maven/maven-project/src/main/java/org/apache/maven/project/validation/ModelValidationResult.java: Some input files use unchecked or unsafe operations.
[[1;33mWARNING[m] /home/user/Workspace/reproducibility/Reproducibility-Scanner/benchmarks/bugs-dot-jar/maven/maven-project/src/main/java/org/apache/maven/project/validation/ModelValidationResult.java: Recompile with -Xlint:unchecked for details.
[[1;34mINFO[m] 
[[1;34mINFO[m] [1m--- [0;32mmaven-resources-plugin:2.6:testResources[m [1m(default-testResources)[m @ [36mmaven-project[0;1m ---[m
[[1;33mWARNING[m] Using platform encoding (UTF-8 actually) to copy filtered resources, i.e. build is platform dependent!
[[1;34mINFO[m] Copying 57 resources
[[1;34mINFO[m] 
[[1;34mINFO[m] [1m--- [0;32mmaven-compiler-plugin:3.1:testCompile[m [1m(default-testCompile)[m @ [36mmaven-project[0;1m ---[m
[[1;34mINFO[m] Changes detected - recompiling the module!
[[1;33mWARNING[m] File encoding has not been set, using platform encoding UTF-8, i.e. build is platform dependent!
[[1;34mINFO[m] Compiling 20 source files to /home/user/Workspace/reproducibility/Reproducibility-Scanner/benchmarks/bugs-dot-jar/maven/maven-project/target/test-classes
[[1;33mWARNING[m] /home/user/Workspace/reproducibility/Reproducibility-Scanner/benchmarks/bugs-dot-jar/maven/maven-project/src/test/java/org/apache/maven/project/inheritance/DefaultModelInheritanceAssemblerTest.java: Some input files use unchecked or unsafe operations.
[[1;33mWARNING[m] /home/user/Workspace/reproducibility/Reproducibility-Scanner/benchmarks/bugs-dot-jar/maven/maven-project/src/test/java/org/apache/maven/project/inheritance/DefaultModelInheritanceAssemblerTest.java: Recompile with -Xlint:unchecked for details.
[[1;34mINFO[m] 
[[1;34mINFO[m] [1m--- [0;32mmaven-surefire-plugin:2.12.4:test[m [1m(default-test)[m @ [36mmaven-project[0;1m ---[m
[[1;34mINFO[m] Tests are skipped.
[[1;34mINFO[m] 
[[1;34mINFO[m] [1m--- [0;32mmaven-jar-plugin:2.4:jar[m [1m(default-jar)[m @ [36mmaven-project[0;1m ---[m
[[1;34mINFO[m] Building jar: /home/user/Workspace/reproducibility/Reproducibility-Scanner/benchmarks/bugs-dot-jar/maven/maven-project/target/maven-project-2.0.1-SNAPSHOT.jar
[[1;34mINFO[m] 
[[1;34mINFO[m] [1m--- [0;32mmaven-install-plugin:2.4:install[m [1m(default-install)[m @ [36mmaven-project[0;1m ---[m
[[1;34mINFO[m] Installing /home/user/Workspace/reproducibility/Reproducibility-Scanner/benchmarks/bugs-dot-jar/maven/maven-project/target/maven-project-2.0.1-SNAPSHOT.jar to /home/user/.m2/repository/org/apache/maven/maven-project/2.0.1-SNAPSHOT/maven-project-2.0.1-SNAPSHOT.jar
[[1;34mINFO[m] Installing /home/user/Workspace/reproducibility/Reproducibility-Scanner/benchmarks/bugs-dot-jar/maven/maven-project/pom.xml to /home/user/.m2/repository/org/apache/maven/maven-project/2.0.1-SNAPSHOT/maven-project-2.0.1-SNAPSHOT.pom
[[1;34mINFO[m] 
[[1;34mINFO[m] [1m------------------< [0;36morg.apache.maven:maven-archiver[0;1m >-------------------[m
[[1;34mINFO[m] [1mBuilding Maven Archiver 2.0.1-SNAPSHOT                           [10/31][m
[[1;34mINFO[m] [1m--------------------------------[ jar ]---------------------------------[m
Downloading from snapshots: http://snapshots.maven.codehaus.org/maven2/org/codehaus/plexus/plexus-archiver/1.0-alpha-4-SNAPSHOT/maven-metadata.xml
Downloading from apache.snapshots: http://cvs.apache.org/maven-snapshot-repository/org/codehaus/plexus/plexus-archiver/1.0-alpha-4-SNAPSHOT/maven-metadata.xml
[[1;33mWARNING[m] Could not transfer metadata org.codehaus.plexus:plexus-archiver:1.0-alpha-4-SNAPSHOT/maven-metadata.xml from/to snapshots (http://snapshots.maven.codehaus.org/maven2): Transfer failed for http://snapshots.maven.codehaus.org/maven2/org/codehaus/plexus/plexus-archiver/1.0-alpha-4-SNAPSHOT/maven-metadata.xml
[[1;33mWARNING[m] Failure to transfer org.codehaus.plexus:plexus-archiver:1.0-alpha-4-SNAPSHOT/maven-metadata.xml from http://snapshots.maven.codehaus.org/maven2 was cached in the local repository, resolution will not be reattempted until the update interval of snapshots has elapsed or updates are forced. Original error: Could not transfer metadata org.codehaus.plexus:plexus-archiver:1.0-alpha-4-SNAPSHOT/maven-metadata.xml from/to snapshots (http://snapshots.maven.codehaus.org/maven2): Transfer failed for http://snapshots.maven.codehaus.org/maven2/org/codehaus/plexus/plexus-archiver/1.0-alpha-4-SNAPSHOT/maven-metadata.xml
Downloading from snapshots: http://snapshots.maven.codehaus.org/maven2/org/codehaus/plexus/plexus-archiver/1.0-alpha-4-SNAPSHOT/plexus-archiver-1.0-alpha-4-SNAPSHOT.pom
Downloading from apache.snapshots: http://cvs.apache.org/maven-snapshot-repository/org/codehaus/plexus/plexus-archiver/1.0-alpha-4-SNAPSHOT/plexus-archiver-1.0-alpha-4-SNAPSHOT.pom
[[1;34mINFO[m] 
[[1;34mINFO[m] [1m---------< [0;36morg.apache.maven:maven-plugin-parameter-documenter[0;1m >---------[m
[[1;34mINFO[m] [1mBuilding Maven Plugin Parameter Documenter API 2.0.1-SNAPSHOT    [11/31][m
[[1;34mINFO[m] [1m--------------------------------[ jar ]---------------------------------[m
[[1;34mINFO[m] 
[[1;34mINFO[m] [1m--- [0;32mmodello-maven-plugin:1.0-alpha-6:xpp3-writer[m [1m(base)[m @ [36mmaven-plugin-parameter-documenter[0;1m ---[m
[[1;34mINFO[m] outputDirectory: /home/user/Workspace/reproducibility/Reproducibility-Scanner/benchmarks/bugs-dot-jar/maven/maven-plugin-parameter-documenter/target/generated-sources
[[1;34mINFO[m] 
[[1;34mINFO[m] [1m--- [0;32mmodello-maven-plugin:1.0-alpha-6:java[m [1m(base)[m @ [36mmaven-plugin-parameter-documenter[0;1m ---[m
[[1;34mINFO[m] outputDirectory: /home/user/Workspace/reproducibility/Reproducibility-Scanner/benchmarks/bugs-dot-jar/maven/maven-plugin-parameter-documenter/target/generated-sources
[[1;34mINFO[m] 
[[1;34mINFO[m] [1m--- [0;32mmodello-maven-plugin:1.0-alpha-6:xpp3-reader[m [1m(base)[m @ [36mmaven-plugin-parameter-documenter[0;1m ---[m
[[1;34mINFO[m] outputDirectory: /home/user/Workspace/reproducibility/Reproducibility-Scanner/benchmarks/bugs-dot-jar/maven/maven-plugin-parameter-documenter/target/generated-sources
[[1;34mINFO[m] 
[[1;34mINFO[m] [1m--- [0;32mmodello-maven-plugin:1.0-alpha-6:xsd[m [1m(xsd)[m @ [36mmaven-plugin-parameter-documenter[0;1m ---[m
[[1;34mINFO[m] outputDirectory: /home/user/Workspace/reproducibility/Reproducibility-Scanner/benchmarks/bugs-dot-jar/maven/maven-plugin-parameter-documenter/target/generated-site/xsd
[[1;34mINFO[m] 
[[1;34mINFO[m] [1m--- [0;32mmaven-resources-plugin:2.6:resources[m [1m(default-resources)[m @ [36mmaven-plugin-parameter-documenter[0;1m ---[m
[[1;33mWARNING[m] Using platform encoding (UTF-8 actually) to copy filtered resources, i.e. build is platform dependent!
[[1;34mINFO[m] skip non existing resourceDirectory /home/user/Workspace/reproducibility/Reproducibility-Scanner/benchmarks/bugs-dot-jar/maven/maven-plugin-parameter-documenter/src/main/resources
[[1;34mINFO[m] 
[[1;34mINFO[m] [1m--- [0;32mmaven-compiler-plugin:3.1:compile[m [1m(default-compile)[m @ [36mmaven-plugin-parameter-documenter[0;1m ---[m
[[1;34mINFO[m] Changes detected - recompiling the module!
[[1;33mWARNING[m] File encoding has not been set, using platform encoding UTF-8, i.e. build is platform dependent!
[[1;34mINFO[m] Compiling 4 source files to /home/user/Workspace/reproducibility/Reproducibility-Scanner/benchmarks/bugs-dot-jar/maven/maven-plugin-parameter-documenter/target/classes
[[1;33mWARNING[m] /home/user/Workspace/reproducibility/Reproducibility-Scanner/benchmarks/bugs-dot-jar/maven/maven-plugin-parameter-documenter/target/generated-sources/org/apache/maven/usability/plugin/ExpressionDocumentation.java: Some input files use unchecked or unsafe operations.
[[1;33mWARNING[m] /home/user/Workspace/reproducibility/Reproducibility-Scanner/benchmarks/bugs-dot-jar/maven/maven-plugin-parameter-documenter/target/generated-sources/org/apache/maven/usability/plugin/ExpressionDocumentation.java: Recompile with -Xlint:unchecked for details.
[[1;34mINFO[m] 
[[1;34mINFO[m] [1m--- [0;32mmaven-resources-plugin:2.6:testResources[m [1m(default-testResources)[m @ [36mmaven-plugin-parameter-documenter[0;1m ---[m
[[1;33mWARNING[m] Using platform encoding (UTF-8 actually) to copy filtered resources, i.e. build is platform dependent!
[[1;34mINFO[m] Copying 1 resource
[[1;34mINFO[m] 
[[1;34mINFO[m] [1m--- [0;32mmaven-compiler-plugin:3.1:testCompile[m [1m(default-testCompile)[m @ [36mmaven-plugin-parameter-documenter[0;1m ---[m
[[1;34mINFO[m] Changes detected - recompiling the module!
[[1;33mWARNING[m] File encoding has not been set, using platform encoding UTF-8, i.e. build is platform dependent!
[[1;34mINFO[m] Compiling 1 source file to /home/user/Workspace/reproducibility/Reproducibility-Scanner/benchmarks/bugs-dot-jar/maven/maven-plugin-parameter-documenter/target/test-classes
[[1;34mINFO[m] 
[[1;34mINFO[m] [1m--- [0;32mmaven-surefire-plugin:2.12.4:test[m [1m(default-test)[m @ [36mmaven-plugin-parameter-documenter[0;1m ---[m
[[1;34mINFO[m] Tests are skipped.
[[1;34mINFO[m] 
[[1;34mINFO[m] [1m--- [0;32mmaven-jar-plugin:2.4:jar[m [1m(default-jar)[m @ [36mmaven-plugin-parameter-documenter[0;1m ---[m
[[1;34mINFO[m] Building jar: /home/user/Workspace/reproducibility/Reproducibility-Scanner/benchmarks/bugs-dot-jar/maven/maven-plugin-parameter-documenter/target/maven-plugin-parameter-documenter-2.0.1-SNAPSHOT.jar
[[1;34mINFO[m] 
[[1;34mINFO[m] [1m--- [0;32mmaven-install-plugin:2.4:install[m [1m(default-install)[m @ [36mmaven-plugin-parameter-documenter[0;1m ---[m
[[1;34mINFO[m] Installing /home/user/Workspace/reproducibility/Reproducibility-Scanner/benchmarks/bugs-dot-jar/maven/maven-plugin-parameter-documenter/target/maven-plugin-parameter-documenter-2.0.1-SNAPSHOT.jar to /home/user/.m2/repository/org/apache/maven/maven-plugin-parameter-documenter/2.0.1-SNAPSHOT/maven-plugin-parameter-documenter-2.0.1-SNAPSHOT.jar
[[1;34mINFO[m] Installing /home/user/Workspace/reproducibility/Reproducibility-Scanner/benchmarks/bugs-dot-jar/maven/maven-plugin-parameter-documenter/pom.xml to /home/user/.m2/repository/org/apache/maven/maven-plugin-parameter-documenter/2.0.1-SNAPSHOT/maven-plugin-parameter-documenter-2.0.1-SNAPSHOT.pom
[[1;34mINFO[m] 
[[1;34mINFO[m] [1m-------------< [0;36morg.apache.maven.reporting:maven-reporting[0;1m >-------------[m
[[1;34mINFO[m] [1mBuilding Maven Reporting 2.0.1-SNAPSHOT                          [12/31][m
[[1;34mINFO[m] [1m--------------------------------[ pom ]---------------------------------[m
[[1;34mINFO[m] 
[[1;34mINFO[m] [1m--- [0;32mmaven-install-plugin:2.4:install[m [1m(default-install)[m @ [36mmaven-reporting[0;1m ---[m
[[1;34mINFO[m] Installing /home/user/Workspace/reproducibility/Reproducibility-Scanner/benchmarks/bugs-dot-jar/maven/maven-reporting/pom.xml to /home/user/.m2/repository/org/apache/maven/reporting/maven-reporting/2.0.1-SNAPSHOT/maven-reporting-2.0.1-SNAPSHOT.pom
[[1;34mINFO[m] 
[[1;34mINFO[m] [1m-----------< [0;36morg.apache.maven.reporting:maven-reporting-api[0;1m >-----------[m
[[1;34mINFO[m] [1mBuilding Maven Reporting API 2.0.1-SNAPSHOT                      [13/31][m
[[1;34mINFO[m] [1m--------------------------------[ jar ]---------------------------------[m
Downloading from snapshots: http://snapshots.maven.codehaus.org/maven2/org/codehaus/doxia/doxia-sink-api/1.0-alpha-6-SNAPSHOT/maven-metadata.xml
Downloading from apache.snapshots: http://cvs.apache.org/maven-snapshot-repository/org/codehaus/doxia/doxia-sink-api/1.0-alpha-6-SNAPSHOT/maven-metadata.xml
[[1;33mWARNING[m] Could not transfer metadata org.codehaus.doxia:doxia-sink-api:1.0-alpha-6-SNAPSHOT/maven-metadata.xml from/to snapshots (http://snapshots.maven.codehaus.org/maven2): Transfer failed for http://snapshots.maven.codehaus.org/maven2/org/codehaus/doxia/doxia-sink-api/1.0-alpha-6-SNAPSHOT/maven-metadata.xml
[[1;33mWARNING[m] Failure to transfer org.codehaus.doxia:doxia-sink-api:1.0-alpha-6-SNAPSHOT/maven-metadata.xml from http://snapshots.maven.codehaus.org/maven2 was cached in the local repository, resolution will not be reattempted until the update interval of snapshots has elapsed or updates are forced. Original error: Could not transfer metadata org.codehaus.doxia:doxia-sink-api:1.0-alpha-6-SNAPSHOT/maven-metadata.xml from/to snapshots (http://snapshots.maven.codehaus.org/maven2): Transfer failed for http://snapshots.maven.codehaus.org/maven2/org/codehaus/doxia/doxia-sink-api/1.0-alpha-6-SNAPSHOT/maven-metadata.xml
Downloading from snapshots: http://snapshots.maven.codehaus.org/maven2/org/codehaus/doxia/doxia-sink-api/1.0-alpha-6-SNAPSHOT/doxia-sink-api-1.0-alpha-6-SNAPSHOT.pom
Downloading from apache.snapshots: http://cvs.apache.org/maven-snapshot-repository/org/codehaus/doxia/doxia-sink-api/1.0-alpha-6-SNAPSHOT/doxia-sink-api-1.0-alpha-6-SNAPSHOT.pom
[[1;34mINFO[m] 
[[1;34mINFO[m] [1m--------------< [0;36morg.apache.maven:maven-error-diagnostics[0;1m >--------------[m
[[1;34mINFO[m] [1mBuilding Maven Error Diagnostics 2.0.1-SNAPSHOT                  [14/31][m
[[1;34mINFO[m] [1m--------------------------------[ jar ]---------------------------------[m
[[1;34mINFO[m] 
[[1;34mINFO[m] [1m--- [0;32mmaven-resources-plugin:2.6:resources[m [1m(default-resources)[m @ [36mmaven-error-diagnostics[0;1m ---[m
[[1;33mWARNING[m] Using platform encoding (UTF-8 actually) to copy filtered resources, i.e. build is platform dependent!
[[1;34mINFO[m] Copying 1 resource
[[1;34mINFO[m] 
[[1;34mINFO[m] [1m--- [0;32mmaven-compiler-plugin:3.1:compile[m [1m(default-compile)[m @ [36mmaven-error-diagnostics[0;1m ---[m
[[1;34mINFO[m] Changes detected - recompiling the module!
[[1;33mWARNING[m] File encoding has not been set, using platform encoding UTF-8, i.e. build is platform dependent!
[[1;34mINFO[m] Compiling 3 source files to /home/user/Workspace/reproducibility/Reproducibility-Scanner/benchmarks/bugs-dot-jar/maven/maven-error-diagnostics/target/classes
[[1;34mINFO[m] 
[[1;34mINFO[m] [1m--- [0;32mmaven-resources-plugin:2.6:testResources[m [1m(default-testResources)[m @ [36mmaven-error-diagnostics[0;1m ---[m
[[1;33mWARNING[m] Using platform encoding (UTF-8 actually) to copy filtered resources, i.e. build is platform dependent!
[[1;34mINFO[m] skip non existing resourceDirectory /home/user/Workspace/reproducibility/Reproducibility-Scanner/benchmarks/bugs-dot-jar/maven/maven-error-diagnostics/src/test/resources
[[1;34mINFO[m] 
[[1;34mINFO[m] [1m--- [0;32mmaven-compiler-plugin:3.1:testCompile[m [1m(default-testCompile)[m @ [36mmaven-error-diagnostics[0;1m ---[m
[[1;34mINFO[m] No sources to compile
[[1;34mINFO[m] 
[[1;34mINFO[m] [1m--- [0;32mmaven-surefire-plugin:2.12.4:test[m [1m(default-test)[m @ [36mmaven-error-diagnostics[0;1m ---[m
[[1;34mINFO[m] Tests are skipped.
[[1;34mINFO[m] 
[[1;34mINFO[m] [1m--- [0;32mmaven-jar-plugin:2.4:jar[m [1m(default-jar)[m @ [36mmaven-error-diagnostics[0;1m ---[m
[[1;34mINFO[m] Building jar: /home/user/Workspace/reproducibility/Reproducibility-Scanner/benchmarks/bugs-dot-jar/maven/maven-error-diagnostics/target/maven-error-diagnostics-2.0.1-SNAPSHOT.jar
[[1;34mINFO[m] 
[[1;34mINFO[m] [1m--- [0;32mmaven-install-plugin:2.4:install[m [1m(default-install)[m @ [36mmaven-error-diagnostics[0;1m ---[m
[[1;34mINFO[m] Installing /home/user/Workspace/reproducibility/Reproducibility-Scanner/benchmarks/bugs-dot-jar/maven/maven-error-diagnostics/target/maven-error-diagnostics-2.0.1-SNAPSHOT.jar to /home/user/.m2/repository/org/apache/maven/maven-error-diagnostics/2.0.1-SNAPSHOT/maven-error-diagnostics-2.0.1-SNAPSHOT.jar
[[1;34mINFO[m] Installing /home/user/Workspace/reproducibility/Reproducibility-Scanner/benchmarks/bugs-dot-jar/maven/maven-error-diagnostics/pom.xml to /home/user/.m2/repository/org/apache/maven/maven-error-diagnostics/2.0.1-SNAPSHOT/maven-error-diagnostics-2.0.1-SNAPSHOT.pom
[[1;34mINFO[m] 
[[1;34mINFO[m] [1m---------------< [0;36morg.apache.maven:maven-plugin-registry[0;1m >---------------[m
[[1;34mINFO[m] [1mBuilding Maven Plugin Registry Model 2.0.1-SNAPSHOT              [15/31][m
[[1;34mINFO[m] [1m--------------------------------[ jar ]---------------------------------[m
[[1;34mINFO[m] 
[[1;34mINFO[m] [1m--- [0;32mmodello-maven-plugin:1.0-alpha-6:xpp3-writer[m [1m(default)[m @ [36mmaven-plugin-registry[0;1m ---[m
[[1;34mINFO[m] outputDirectory: /home/user/Workspace/reproducibility/Reproducibility-Scanner/benchmarks/bugs-dot-jar/maven/maven-plugin-registry/target/generated-sources
[[1;34mINFO[m] 
[[1;34mINFO[m] [1m--- [0;32mmodello-maven-plugin:1.0-alpha-6:java[m [1m(default)[m @ [36mmaven-plugin-registry[0;1m ---[m
[[1;34mINFO[m] outputDirectory: /home/user/Workspace/reproducibility/Reproducibility-Scanner/benchmarks/bugs-dot-jar/maven/maven-plugin-registry/target/generated-sources
[[1;34mINFO[m] 
[[1;34mINFO[m] [1m--- [0;32mmodello-maven-plugin:1.0-alpha-6:xpp3-reader[m [1m(default)[m @ [36mmaven-plugin-registry[0;1m ---[m
[[1;34mINFO[m] outputDirectory: /home/user/Workspace/reproducibility/Reproducibility-Scanner/benchmarks/bugs-dot-jar/maven/maven-plugin-registry/target/generated-sources
[[1;34mINFO[m] 
[[1;34mINFO[m] [1m--- [0;32mmaven-resources-plugin:2.6:resources[m [1m(default-resources)[m @ [36mmaven-plugin-registry[0;1m ---[m
[[1;33mWARNING[m] Using platform encoding (UTF-8 actually) to copy filtered resources, i.e. build is platform dependent!
[[1;34mINFO[m] Copying 1 resource
[[1;34mINFO[m] 
[[1;34mINFO[m] [1m--- [0;32mmaven-compiler-plugin:3.1:compile[m [1m(default-compile)[m @ [36mmaven-plugin-registry[0;1m ---[m
[[1;34mINFO[m] Changes detected - recompiling the module!
[[1;33mWARNING[m] File encoding has not been set, using platform encoding UTF-8, i.e. build is platform dependent!
[[1;34mINFO[m] Compiling 9 source files to /home/user/Workspace/reproducibility/Reproducibility-Scanner/benchmarks/bugs-dot-jar/maven/maven-plugin-registry/target/classes
[[1;33mWARNING[m] /home/user/Workspace/reproducibility/Reproducibility-Scanner/benchmarks/bugs-dot-jar/maven/maven-plugin-registry/target/generated-sources/org/apache/maven/plugin/registry/io/xpp3/PluginRegistryXpp3Reader.java: Some input files use unchecked or unsafe operations.
[[1;33mWARNING[m] /home/user/Workspace/reproducibility/Reproducibility-Scanner/benchmarks/bugs-dot-jar/maven/maven-plugin-registry/target/generated-sources/org/apache/maven/plugin/registry/io/xpp3/PluginRegistryXpp3Reader.java: Recompile with -Xlint:unchecked for details.
[[1;34mINFO[m] 
[[1;34mINFO[m] [1m--- [0;32mmaven-resources-plugin:2.6:testResources[m [1m(default-testResources)[m @ [36mmaven-plugin-registry[0;1m ---[m
[[1;33mWARNING[m] Using platform encoding (UTF-8 actually) to copy filtered resources, i.e. build is platform dependent!
[[1;34mINFO[m] skip non existing resourceDirectory /home/user/Workspace/reproducibility/Reproducibility-Scanner/benchmarks/bugs-dot-jar/maven/maven-plugin-registry/src/test/resources
[[1;34mINFO[m] 
[[1;34mINFO[m] [1m--- [0;32mmaven-compiler-plugin:3.1:testCompile[m [1m(default-testCompile)[m @ [36mmaven-plugin-registry[0;1m ---[m
[[1;34mINFO[m] No sources to compile
[[1;34mINFO[m] 
[[1;34mINFO[m] [1m--- [0;32mmaven-surefire-plugin:2.12.4:test[m [1m(default-test)[m @ [36mmaven-plugin-registry[0;1m ---[m
[[1;34mINFO[m] Tests are skipped.
[[1;34mINFO[m] 
[[1;34mINFO[m] [1m--- [0;32mmaven-jar-plugin:2.4:jar[m [1m(default-jar)[m @ [36mmaven-plugin-registry[0;1m ---[m
[[1;34mINFO[m] Building jar: /home/user/Workspace/reproducibility/Reproducibility-Scanner/benchmarks/bugs-dot-jar/maven/maven-plugin-registry/target/maven-plugin-registry-2.0.1-SNAPSHOT.jar
[[1;34mINFO[m] 
[[1;34mINFO[m] [1m--- [0;32mmaven-install-plugin:2.4:install[m [1m(default-install)[m @ [36mmaven-plugin-registry[0;1m ---[m
[[1;34mINFO[m] Installing /home/user/Workspace/reproducibility/Reproducibility-Scanner/benchmarks/bugs-dot-jar/maven/maven-plugin-registry/target/maven-plugin-registry-2.0.1-SNAPSHOT.jar to /home/user/.m2/repository/org/apache/maven/maven-plugin-registry/2.0.1-SNAPSHOT/maven-plugin-registry-2.0.1-SNAPSHOT.jar
[[1;34mINFO[m] Installing /home/user/Workspace/reproducibility/Reproducibility-Scanner/benchmarks/bugs-dot-jar/maven/maven-plugin-registry/pom.xml to /home/user/.m2/repository/org/apache/maven/maven-plugin-registry/2.0.1-SNAPSHOT/maven-plugin-registry-2.0.1-SNAPSHOT.pom
[[1;34mINFO[m] 
[[1;34mINFO[m] [1m-----------------< [0;36morg.apache.maven:maven-plugin-api[0;1m >------------------[m
[[1;34mINFO[m] [1mBuilding Maven Plugin API 2.0.1-SNAPSHOT                         [16/31][m
[[1;34mINFO[m] [1m--------------------------------[ jar ]---------------------------------[m
[[1;34mINFO[m] 
[[1;34mINFO[m] [1m--- [0;32mmaven-resources-plugin:2.6:resources[m [1m(default-resources)[m @ [36mmaven-plugin-api[0;1m ---[m
[[1;33mWARNING[m] Using platform encoding (UTF-8 actually) to copy filtered resources, i.e. build is platform dependent!
[[1;34mINFO[m] skip non existing resourceDirectory /home/user/Workspace/reproducibility/Reproducibility-Scanner/benchmarks/bugs-dot-jar/maven/maven-plugin-api/src/main/resources
[[1;34mINFO[m] 
[[1;34mINFO[m] [1m--- [0;32mmaven-compiler-plugin:3.1:compile[m [1m(default-compile)[m @ [36mmaven-plugin-api[0;1m ---[m
[[1;34mINFO[m] Changes detected - recompiling the module!
[[1;33mWARNING[m] File encoding has not been set, using platform encoding UTF-8, i.e. build is platform dependent!
[[1;34mINFO[m] Compiling 8 source files to /home/user/Workspace/reproducibility/Reproducibility-Scanner/benchmarks/bugs-dot-jar/maven/maven-plugin-api/target/classes
[[1;34mINFO[m] 
[[1;34mINFO[m] [1m--- [0;32mmaven-resources-plugin:2.6:testResources[m [1m(default-testResources)[m @ [36mmaven-plugin-api[0;1m ---[m
[[1;33mWARNING[m] Using platform encoding (UTF-8 actually) to copy filtered resources, i.e. build is platform dependent!
[[1;34mINFO[m] skip non existing resourceDirectory /home/user/Workspace/reproducibility/Reproducibility-Scanner/benchmarks/bugs-dot-jar/maven/maven-plugin-api/src/test/resources
[[1;34mINFO[m] 
[[1;34mINFO[m] [1m--- [0;32mmaven-compiler-plugin:3.1:testCompile[m [1m(default-testCompile)[m @ [36mmaven-plugin-api[0;1m ---[m
[[1;34mINFO[m] No sources to compile
[[1;34mINFO[m] 
[[1;34mINFO[m] [1m--- [0;32mmaven-surefire-plugin:2.12.4:test[m [1m(default-test)[m @ [36mmaven-plugin-api[0;1m ---[m
[[1;34mINFO[m] Tests are skipped.
[[1;34mINFO[m] 
[[1;34mINFO[m] [1m--- [0;32mmaven-jar-plugin:2.4:jar[m [1m(default-jar)[m @ [36mmaven-plugin-api[0;1m ---[m
[[1;34mINFO[m] Building jar: /home/user/Workspace/reproducibility/Reproducibility-Scanner/benchmarks/bugs-dot-jar/maven/maven-plugin-api/target/maven-plugin-api-2.0.1-SNAPSHOT.jar
[[1;34mINFO[m] 
[[1;34mINFO[m] [1m--- [0;32mmaven-install-plugin:2.4:install[m [1m(default-install)[m @ [36mmaven-plugin-api[0;1m ---[m
[[1;34mINFO[m] Installing /home/user/Workspace/reproducibility/Reproducibility-Scanner/benchmarks/bugs-dot-jar/maven/maven-plugin-api/target/maven-plugin-api-2.0.1-SNAPSHOT.jar to /home/user/.m2/repository/org/apache/maven/maven-plugin-api/2.0.1-SNAPSHOT/maven-plugin-api-2.0.1-SNAPSHOT.jar
[[1;34mINFO[m] Installing /home/user/Workspace/reproducibility/Reproducibility-Scanner/benchmarks/bugs-dot-jar/maven/maven-plugin-api/pom.xml to /home/user/.m2/repository/org/apache/maven/maven-plugin-api/2.0.1-SNAPSHOT/maven-plugin-api-2.0.1-SNAPSHOT.pom
[[1;34mINFO[m] 
[[1;34mINFO[m] [1m--------------< [0;36morg.apache.maven:maven-plugin-descriptor[0;1m >--------------[m
[[1;34mINFO[m] [1mBuilding Maven Plugin Descriptor Model 2.0.1-SNAPSHOT            [17/31][m
[[1;34mINFO[m] [1m--------------------------------[ jar ]---------------------------------[m
[[1;34mINFO[m] 
[[1;34mINFO[m] [1m--- [0;32mmodello-maven-plugin:1.0-alpha-6:java[m [1m(default)[m @ [36mmaven-plugin-descriptor[0;1m ---[m
[[1;34mINFO[m] outputDirectory: /home/user/Workspace/reproducibility/Reproducibility-Scanner/benchmarks/bugs-dot-jar/maven/maven-plugin-descriptor/target/generated-sources
[[1;34mINFO[m] 
[[1;34mINFO[m] [1m--- [0;32mmodello-maven-plugin:1.0-alpha-6:xpp3-reader[m [1m(default)[m @ [36mmaven-plugin-descriptor[0;1m ---[m
[[1;34mINFO[m] outputDirectory: /home/user/Workspace/reproducibility/Reproducibility-Scanner/benchmarks/bugs-dot-jar/maven/maven-plugin-descriptor/target/generated-sources
[[1;34mINFO[m] 
[[1;34mINFO[m] [1m--- [0;32mmodello-maven-plugin:1.0-alpha-6:xpp3-writer[m [1m(default)[m @ [36mmaven-plugin-descriptor[0;1m ---[m
[[1;34mINFO[m] outputDirectory: /home/user/Workspace/reproducibility/Reproducibility-Scanner/benchmarks/bugs-dot-jar/maven/maven-plugin-descriptor/target/generated-sources
[[1;34mINFO[m] 
[[1;34mINFO[m] [1m--- [0;32mmaven-resources-plugin:2.6:resources[m [1m(default-resources)[m @ [36mmaven-plugin-descriptor[0;1m ---[m
[[1;33mWARNING[m] Using platform encoding (UTF-8 actually) to copy filtered resources, i.e. build is platform dependent!
[[1;34mINFO[m] skip non existing resourceDirectory /home/user/Workspace/reproducibility/Reproducibility-Scanner/benchmarks/bugs-dot-jar/maven/maven-plugin-descriptor/src/main/resources
[[1;34mINFO[m] 
[[1;34mINFO[m] [1m--- [0;32mmaven-compiler-plugin:3.1:compile[m [1m(default-compile)[m @ [36mmaven-plugin-descriptor[0;1m ---[m
[[1;34mINFO[m] Changes detected - recompiling the module!
[[1;33mWARNING[m] File encoding has not been set, using platform encoding UTF-8, i.e. build is platform dependent!
[[1;34mINFO[m] Compiling 15 source files to /home/user/Workspace/reproducibility/Reproducibility-Scanner/benchmarks/bugs-dot-jar/maven/maven-plugin-descriptor/target/classes
[[1;33mWARNING[m] /home/user/Workspace/reproducibility/Reproducibility-Scanner/benchmarks/bugs-dot-jar/maven/maven-plugin-descriptor/src/main/java/org/apache/maven/plugin/descriptor/PluginDescriptorBuilder.java: Some input files use unchecked or unsafe operations.
[[1;33mWARNING[m] /home/user/Workspace/reproducibility/Reproducibility-Scanner/benchmarks/bugs-dot-jar/maven/maven-plugin-descriptor/src/main/java/org/apache/maven/plugin/descriptor/PluginDescriptorBuilder.java: Recompile with -Xlint:unchecked for details.
[[1;34mINFO[m] 
[[1;34mINFO[m] [1m--- [0;32mmaven-resources-plugin:2.6:testResources[m [1m(default-testResources)[m @ [36mmaven-plugin-descriptor[0;1m ---[m
[[1;33mWARNING[m] Using platform encoding (UTF-8 actually) to copy filtered resources, i.e. build is platform dependent!
[[1;34mINFO[m] Copying 1 resource
[[1;34mINFO[m] 
[[1;34mINFO[m] [1m--- [0;32mmaven-compiler-plugin:3.1:testCompile[m [1m(default-testCompile)[m @ [36mmaven-plugin-descriptor[0;1m ---[m
[[1;34mINFO[m] Changes detected - recompiling the module!
[[1;33mWARNING[m] File encoding has not been set, using platform encoding UTF-8, i.e. build is platform dependent!
[[1;34mINFO[m] Compiling 1 source file to /home/user/Workspace/reproducibility/Reproducibility-Scanner/benchmarks/bugs-dot-jar/maven/maven-plugin-descriptor/target/test-classes
[[1;34mINFO[m] 
[[1;34mINFO[m] [1m--- [0;32mmaven-surefire-plugin:2.12.4:test[m [1m(default-test)[m @ [36mmaven-plugin-descriptor[0;1m ---[m
[[1;34mINFO[m] Tests are skipped.
[[1;34mINFO[m] 
[[1;34mINFO[m] [1m--- [0;32mmaven-jar-plugin:2.4:jar[m [1m(default-jar)[m @ [36mmaven-plugin-descriptor[0;1m ---[m
[[1;34mINFO[m] Building jar: /home/user/Workspace/reproducibility/Reproducibility-Scanner/benchmarks/bugs-dot-jar/maven/maven-plugin-descriptor/target/maven-plugin-descriptor-2.0.1-SNAPSHOT.jar
[[1;34mINFO[m] 
[[1;34mINFO[m] [1m--- [0;32mmaven-install-plugin:2.4:install[m [1m(default-install)[m @ [36mmaven-plugin-descriptor[0;1m ---[m
[[1;34mINFO[m] Installing /home/user/Workspace/reproducibility/Reproducibility-Scanner/benchmarks/bugs-dot-jar/maven/maven-plugin-descriptor/target/maven-plugin-descriptor-2.0.1-SNAPSHOT.jar to /home/user/.m2/repository/org/apache/maven/maven-plugin-descriptor/2.0.1-SNAPSHOT/maven-plugin-descriptor-2.0.1-SNAPSHOT.jar
[[1;34mINFO[m] Installing /home/user/Workspace/reproducibility/Reproducibility-Scanner/benchmarks/bugs-dot-jar/maven/maven-plugin-descriptor/pom.xml to /home/user/.m2/repository/org/apache/maven/maven-plugin-descriptor/2.0.1-SNAPSHOT/maven-plugin-descriptor-2.0.1-SNAPSHOT.pom
[[1;34mINFO[m] 
[[1;34mINFO[m] [1m-------------------< [0;36morg.apache.maven:maven-monitor[0;1m >-------------------[m
[[1;34mINFO[m] [1mBuilding Maven Monitor 2.0.1-SNAPSHOT                            [18/31][m
[[1;34mINFO[m] [1m--------------------------------[ jar ]---------------------------------[m
[[1;34mINFO[m] 
[[1;34mINFO[m] [1m--- [0;32mmaven-resources-plugin:2.6:resources[m [1m(default-resources)[m @ [36mmaven-monitor[0;1m ---[m
[[1;33mWARNING[m] Using platform encoding (UTF-8 actually) to copy filtered resources, i.e. build is platform dependent!
[[1;34mINFO[m] skip non existing resourceDirectory /home/user/Workspace/reproducibility/Reproducibility-Scanner/benchmarks/bugs-dot-jar/maven/maven-monitor/src/main/resources
[[1;34mINFO[m] 
[[1;34mINFO[m] [1m--- [0;32mmaven-compiler-plugin:3.1:compile[m [1m(default-compile)[m @ [36mmaven-monitor[0;1m ---[m
[[1;34mINFO[m] Changes detected - recompiling the module!
[[1;33mWARNING[m] File encoding has not been set, using platform encoding UTF-8, i.e. build is platform dependent!
[[1;34mINFO[m] Compiling 5 source files to /home/user/Workspace/reproducibility/Reproducibility-Scanner/benchmarks/bugs-dot-jar/maven/maven-monitor/target/classes
[[1;33mWARNING[m] /home/user/Workspace/reproducibility/Reproducibility-Scanner/benchmarks/bugs-dot-jar/maven/maven-monitor/src/main/java/org/apache/maven/monitor/event/DefaultEventDispatcher.java: /home/user/Workspace/reproducibility/Reproducibility-Scanner/benchmarks/bugs-dot-jar/maven/maven-monitor/src/main/java/org/apache/maven/monitor/event/DefaultEventDispatcher.java uses unchecked or unsafe operations.
[[1;33mWARNING[m] /home/user/Workspace/reproducibility/Reproducibility-Scanner/benchmarks/bugs-dot-jar/maven/maven-monitor/src/main/java/org/apache/maven/monitor/event/DefaultEventDispatcher.java: Recompile with -Xlint:unchecked for details.
[[1;34mINFO[m] 
[[1;34mINFO[m] [1m--- [0;32mmaven-resources-plugin:2.6:testResources[m [1m(default-testResources)[m @ [36mmaven-monitor[0;1m ---[m
[[1;33mWARNING[m] Using platform encoding (UTF-8 actually) to copy filtered resources, i.e. build is platform dependent!
[[1;34mINFO[m] skip non existing resourceDirectory /home/user/Workspace/reproducibility/Reproducibility-Scanner/benchmarks/bugs-dot-jar/maven/maven-monitor/src/test/resources
[[1;34mINFO[m] 
[[1;34mINFO[m] [1m--- [0;32mmaven-compiler-plugin:3.1:testCompile[m [1m(default-testCompile)[m @ [36mmaven-monitor[0;1m ---[m
[[1;34mINFO[m] No sources to compile
[[1;34mINFO[m] 
[[1;34mINFO[m] [1m--- [0;32mmaven-surefire-plugin:2.12.4:test[m [1m(default-test)[m @ [36mmaven-monitor[0;1m ---[m
[[1;34mINFO[m] Tests are skipped.
[[1;34mINFO[m] 
[[1;34mINFO[m] [1m--- [0;32mmaven-jar-plugin:2.4:jar[m [1m(default-jar)[m @ [36mmaven-monitor[0;1m ---[m
[[1;34mINFO[m] Building jar: /home/user/Workspace/reproducibility/Reproducibility-Scanner/benchmarks/bugs-dot-jar/maven/maven-monitor/target/maven-monitor-2.0.1-SNAPSHOT.jar
[[1;34mINFO[m] 
[[1;34mINFO[m] [1m--- [0;32mmaven-install-plugin:2.4:install[m [1m(default-install)[m @ [36mmaven-monitor[0;1m ---[m
[[1;34mINFO[m] Installing /home/user/Workspace/reproducibility/Reproducibility-Scanner/benchmarks/bugs-dot-jar/maven/maven-monitor/target/maven-monitor-2.0.1-SNAPSHOT.jar to /home/user/.m2/repository/org/apache/maven/maven-monitor/2.0.1-SNAPSHOT/maven-monitor-2.0.1-SNAPSHOT.jar
[[1;34mINFO[m] Installing /home/user/Workspace/reproducibility/Reproducibility-Scanner/benchmarks/bugs-dot-jar/maven/maven-monitor/pom.xml to /home/user/.m2/repository/org/apache/maven/maven-monitor/2.0.1-SNAPSHOT/maven-monitor-2.0.1-SNAPSHOT.pom
[[1;34mINFO[m] 
[[1;34mINFO[m] [1m--------------------< [0;36morg.apache.maven:maven-core[0;1m >---------------------[m
[[1;34mINFO[m] [1mBuilding Maven Core 2.0.1-SNAPSHOT                               [19/31][m
[[1;34mINFO[m] [1m--------------------------------[ jar ]---------------------------------[m
Downloading from central: https://repo.maven.apache.org/maven2/org/apache/maven/wagon/wagon-http-lightweight/1.0-alpha-5/wagon-http-lightweight-1.0-alpha-5.pom
Progress (1): 4.1/5.9 kBProgress (1): 5.9 kB                        Downloaded from central: https://repo.maven.apache.org/maven2/org/apache/maven/wagon/wagon-http-lightweight/1.0-alpha-5/wagon-http-lightweight-1.0-alpha-5.pom (5.9 kB at 135 kB/s)
Downloading from snapshots: http://snapshots.maven.codehaus.org/maven2/org/apache/maven/reporting/maven-reporting-api/2.0.1-SNAPSHOT/maven-metadata.xml
Downloading from apache.snapshots: http://cvs.apache.org/maven-snapshot-repository/org/apache/maven/reporting/maven-reporting-api/2.0.1-SNAPSHOT/maven-metadata.xml
[[1;33mWARNING[m] Could not transfer metadata org.apache.maven.reporting:maven-reporting-api:2.0.1-SNAPSHOT/maven-metadata.xml from/to snapshots (http://snapshots.maven.codehaus.org/maven2): Transfer failed for http://snapshots.maven.codehaus.org/maven2/org/apache/maven/reporting/maven-reporting-api/2.0.1-SNAPSHOT/maven-metadata.xml
Downloading from central: https://repo.maven.apache.org/maven2/org/apache/maven/wagon/wagon-ssh/1.0-alpha-5/wagon-ssh-1.0-alpha-5.pom
Progress (1): 4.1/6.3 kBProgress (1): 6.3 kB                        Downloaded from central: https://repo.maven.apache.org/maven2/org/apache/maven/wagon/wagon-ssh/1.0-alpha-5/wagon-ssh-1.0-alpha-5.pom (6.3 kB at 422 kB/s)
Downloading from central: https://repo.maven.apache.org/maven2/com/jcraft/jsch/0.1.23/jsch-0.1.23.pom
Progress (1): 485 B                   Downloaded from central: https://repo.maven.apache.org/maven2/com/jcraft/jsch/0.1.23/jsch-0.1.23.pom (485 B at 30 kB/s)
[[1;33mWARNING[m] Failure to transfer org.apache.maven.reporting:maven-reporting-api:2.0.1-SNAPSHOT/maven-metadata.xml from http://snapshots.maven.codehaus.org/maven2 was cached in the local repository, resolution will not be reattempted until the update interval of snapshots has elapsed or updates are forced. Original error: Could not transfer metadata org.apache.maven.reporting:maven-reporting-api:2.0.1-SNAPSHOT/maven-metadata.xml from/to snapshots (http://snapshots.maven.codehaus.org/maven2): Transfer failed for http://snapshots.maven.codehaus.org/maven2/org/apache/maven/reporting/maven-reporting-api/2.0.1-SNAPSHOT/maven-metadata.xml
Downloading from central: https://repo.maven.apache.org/maven2/org/apache/maven/wagon/wagon-http-lightweight/1.0-alpha-5/wagon-http-lightweight-1.0-alpha-5.jar
Downloading from central: https://repo.maven.apache.org/maven2/org/apache/maven/wagon/wagon-ssh/1.0-alpha-5/wagon-ssh-1.0-alpha-5.jar
Downloading from central: https://repo.maven.apache.org/maven2/com/jcraft/jsch/0.1.23/jsch-0.1.23.jar
Progress (1): 4.1/7.7 kBProgress (1): 7.7 kB    Progress (2): 7.7 kB | 4.1/34 kBProgress (2): 7.7 kB | 8.2/34 kB                                Downloaded from central: https://repo.maven.apache.org/maven2/org/apache/maven/wagon/wagon-http-lightweight/1.0-alpha-5/wagon-http-lightweight-1.0-alpha-5.jar (7.7 kB at 479 kB/s)
Progress (1): 12/34 kBProgress (1): 16/34 kBProgress (1): 20/34 kBProgress (1): 24/34 kBProgress (1): 28/34 kBProgress (1): 32/34 kBProgress (1): 34 kB                      Downloaded from central: https://repo.maven.apache.org/maven2/org/apache/maven/wagon/wagon-ssh/1.0-alpha-5/wagon-ssh-1.0-alpha-5.jar (34 kB at 1.3 MB/s)
Progress (1): 4.1/116 kBProgress (1): 8.2/116 kBProgress (1): 12/116 kB Progress (1): 16/116 kBProgress (1): 20/116 kBProgress (1): 24/116 kBProgress (1): 28/116 kBProgress (1): 32/116 kBProgress (1): 36/116 kBProgress (1): 40/116 kBProgress (1): 45/116 kBProgress (1): 49/116 kBProgress (1): 53/116 kBProgress (1): 57/116 kBProgress (1): 61/116 kBProgress (1): 65/116 kBProgress (1): 69/116 kBProgress (1): 73/116 kBProgress (1): 77/116 kBProgress (1): 81/116 kBProgress (1): 85/116 kBProgress (1): 90/116 kBProgress (1): 94/116 kBProgress (1): 98/116 kBProgress (1): 102/116 kBProgress (1): 106/116 kBProgress (1): 110/116 kBProgress (1): 114/116 kBProgress (1): 116 kB                        Downloaded from central: https://repo.maven.apache.org/maven2/com/jcraft/jsch/0.1.23/jsch-0.1.23.jar (116 kB at 2.5 MB/s)
Downloading from snapshots: http://snapshots.maven.codehaus.org/maven2/org/apache/maven/reporting/maven-reporting-api/2.0.1-SNAPSHOT/maven-reporting-api-2.0.1-SNAPSHOT.jar
Downloading from snapshots: http://snapshots.maven.codehaus.org/maven2/org/codehaus/doxia/doxia-sink-api/1.0-alpha-6-SNAPSHOT/doxia-sink-api-1.0-alpha-6-SNAPSHOT.jar
Downloading from apache.snapshots: http://cvs.apache.org/maven-snapshot-repository/org/apache/maven/reporting/maven-reporting-api/2.0.1-SNAPSHOT/maven-reporting-api-2.0.1-SNAPSHOT.jar
Downloading from apache.snapshots: http://cvs.apache.org/maven-snapshot-repository/org/codehaus/doxia/doxia-sink-api/1.0-alpha-6-SNAPSHOT/doxia-sink-api-1.0-alpha-6-SNAPSHOT.jar
[[1;34mINFO[m] 
[[1;34mINFO[m] [1m---------------< [0;36morg.apache.maven:maven-model-converter[0;1m >---------------[m
[[1;34mINFO[m] [1mBuilding Maven Model Converter 2.0.1-SNAPSHOT                    [20/31][m
[[1;34mINFO[m] [1m--------------------------------[ jar ]---------------------------------[m
Downloading from central: https://repo.maven.apache.org/maven2/org/apache/maven/maven-model-v3/2.0/maven-model-v3-2.0.pom
Progress (1): 426 B                   Downloaded from central: https://repo.maven.apache.org/maven2/org/apache/maven/maven-model-v3/2.0/maven-model-v3-2.0.pom (426 B at 2.9 kB/s)
Downloading from central: https://repo.maven.apache.org/maven2/org/apache/maven/maven-model-v3/2.0/maven-model-v3-2.0.jar
Progress (1): 4.1/46 kBProgress (1): 8.2/46 kBProgress (1): 12/46 kB Progress (1): 16/46 kBProgress (1): 20/46 kBProgress (1): 24/46 kBProgress (1): 28/46 kBProgress (1): 32/46 kBProgress (1): 36/46 kBProgress (1): 40/46 kBProgress (1): 45/46 kBProgress (1): 46 kB                      Downloaded from central: https://repo.maven.apache.org/maven2/org/apache/maven/maven-model-v3/2.0/maven-model-v3-2.0.jar (46 kB at 188 kB/s)
[[1;34mINFO[m] 
[[1;34mINFO[m] [1m--- [0;32mmaven-resources-plugin:2.6:resources[m [1m(default-resources)[m @ [36mmaven-model-converter[0;1m ---[m
[[1;33mWARNING[m] Using platform encoding (UTF-8 actually) to copy filtered resources, i.e. build is platform dependent!
[[1;34mINFO[m] Copying 1 resource
[[1;34mINFO[m] 
[[1;34mINFO[m] [1m--- [0;32mmaven-compiler-plugin:3.1:compile[m [1m(default-compile)[m @ [36mmaven-model-converter[0;1m ---[m
[[1;34mINFO[m] Changes detected - recompiling the module!
[[1;33mWARNING[m] File encoding has not been set, using platform encoding UTF-8, i.e. build is platform dependent!
[[1;34mINFO[m] Compiling 6 source files to /home/user/Workspace/reproducibility/Reproducibility-Scanner/benchmarks/bugs-dot-jar/maven/maven-model-converter/target/classes
[[1;33mWARNING[m] /home/user/Workspace/reproducibility/Reproducibility-Scanner/benchmarks/bugs-dot-jar/maven/maven-model-converter/src/main/java/org/apache/maven/model/converter/PomV3ToV4Translator.java: /home/user/Workspace/reproducibility/Reproducibility-Scanner/benchmarks/bugs-dot-jar/maven/maven-model-converter/src/main/java/org/apache/maven/model/converter/PomV3ToV4Translator.java uses unchecked or unsafe operations.
[[1;33mWARNING[m] /home/user/Workspace/reproducibility/Reproducibility-Scanner/benchmarks/bugs-dot-jar/maven/maven-model-converter/src/main/java/org/apache/maven/model/converter/PomV3ToV4Translator.java: Recompile with -Xlint:unchecked for details.
[[1;34mINFO[m] 
[[1;34mINFO[m] [1m--- [0;32mmaven-resources-plugin:2.6:testResources[m [1m(default-testResources)[m @ [36mmaven-model-converter[0;1m ---[m
[[1;33mWARNING[m] Using platform encoding (UTF-8 actually) to copy filtered resources, i.e. build is platform dependent!
[[1;34mINFO[m] skip non existing resourceDirectory /home/user/Workspace/reproducibility/Reproducibility-Scanner/benchmarks/bugs-dot-jar/maven/maven-model-converter/src/test/resources
[[1;34mINFO[m] 
[[1;34mINFO[m] [1m--- [0;32mmaven-compiler-plugin:3.1:testCompile[m [1m(default-testCompile)[m @ [36mmaven-model-converter[0;1m ---[m
[[1;34mINFO[m] Changes detected - recompiling the module!
[[1;33mWARNING[m] File encoding has not been set, using platform encoding UTF-8, i.e. build is platform dependent!
[[1;34mINFO[m] Compiling 2 source files to /home/user/Workspace/reproducibility/Reproducibility-Scanner/benchmarks/bugs-dot-jar/maven/maven-model-converter/target/test-classes
[[1;34mINFO[m] 
[[1;34mINFO[m] [1m--- [0;32mmaven-surefire-plugin:2.12.4:test[m [1m(default-test)[m @ [36mmaven-model-converter[0;1m ---[m
[[1;34mINFO[m] Tests are skipped.
[[1;34mINFO[m] 
[[1;34mINFO[m] [1m--- [0;32mmaven-jar-plugin:2.4:jar[m [1m(default-jar)[m @ [36mmaven-model-converter[0;1m ---[m
[[1;34mINFO[m] Building jar: /home/user/Workspace/reproducibility/Reproducibility-Scanner/benchmarks/bugs-dot-jar/maven/maven-model-converter/target/maven-model-converter-2.0.1-SNAPSHOT.jar
[[1;34mINFO[m] 
[[1;34mINFO[m] [1m--- [0;32mmaven-install-plugin:2.4:install[m [1m(default-install)[m @ [36mmaven-model-converter[0;1m ---[m
[[1;34mINFO[m] Installing /home/user/Workspace/reproducibility/Reproducibility-Scanner/benchmarks/bugs-dot-jar/maven/maven-model-converter/target/maven-model-converter-2.0.1-SNAPSHOT.jar to /home/user/.m2/repository/org/apache/maven/maven-model-converter/2.0.1-SNAPSHOT/maven-model-converter-2.0.1-SNAPSHOT.jar
[[1;34mINFO[m] Installing /home/user/Workspace/reproducibility/Reproducibility-Scanner/benchmarks/bugs-dot-jar/maven/maven-model-converter/pom.xml to /home/user/.m2/repository/org/apache/maven/maven-model-converter/2.0.1-SNAPSHOT/maven-model-converter-2.0.1-SNAPSHOT.pom
[[1;34mINFO[m] 
[[1;34mINFO[m] [1m----------------< [0;36morg.apache.maven:maven-plugin-tools[0;1m >-----------------[m
[[1;34mINFO[m] [1mBuilding Maven Plugin Tools Base POM 2.0.1-SNAPSHOT              [21/31][m
[[1;34mINFO[m] [1m--------------------------------[ pom ]---------------------------------[m
[[1;34mINFO[m] 
[[1;34mINFO[m] [1m--- [0;32mmaven-install-plugin:2.4:install[m [1m(default-install)[m @ [36mmaven-plugin-tools[0;1m ---[m
[[1;34mINFO[m] Installing /home/user/Workspace/reproducibility/Reproducibility-Scanner/benchmarks/bugs-dot-jar/maven/maven-plugin-tools/pom.xml to /home/user/.m2/repository/org/apache/maven/maven-plugin-tools/2.0.1-SNAPSHOT/maven-plugin-tools-2.0.1-SNAPSHOT.pom
[[1;34mINFO[m] 
[[1;34mINFO[m] [1m--------------< [0;36morg.apache.maven:maven-plugin-tools-api[0;1m >---------------[m
[[1;34mINFO[m] [1mBuilding Maven Plugin Tools APIs 2.0.1-SNAPSHOT                  [22/31][m
[[1;34mINFO[m] [1m--------------------------------[ jar ]---------------------------------[m
[[1;34mINFO[m] 
[[1;34mINFO[m] [1m--- [0;32mmaven-resources-plugin:2.6:resources[m [1m(default-resources)[m @ [36mmaven-plugin-tools-api[0;1m ---[m
[[1;33mWARNING[m] Using platform encoding (UTF-8 actually) to copy filtered resources, i.e. build is platform dependent!
[[1;34mINFO[m] Copying 1 resource
[[1;34mINFO[m] 
[[1;34mINFO[m] [1m--- [0;32mmaven-compiler-plugin:3.1:compile[m [1m(default-compile)[m @ [36mmaven-plugin-tools-api[0;1m ---[m
[[1;34mINFO[m] Changes detected - recompiling the module!
[[1;33mWARNING[m] File encoding has not been set, using platform encoding UTF-8, i.e. build is platform dependent!
[[1;34mINFO[m] Compiling 9 source files to /home/user/Workspace/reproducibility/Reproducibility-Scanner/benchmarks/bugs-dot-jar/maven/maven-plugin-tools/maven-plugin-tools-api/target/classes
[[1;33mWARNING[m] /home/user/Workspace/reproducibility/Reproducibility-Scanner/benchmarks/bugs-dot-jar/maven/maven-plugin-tools/maven-plugin-tools-api/src/main/java/org/apache/maven/tools/plugin/extractor/AbstractScriptedMojoDescriptorExtractor.java: Some input files use unchecked or unsafe operations.
[[1;33mWARNING[m] /home/user/Workspace/reproducibility/Reproducibility-Scanner/benchmarks/bugs-dot-jar/maven/maven-plugin-tools/maven-plugin-tools-api/src/main/java/org/apache/maven/tools/plugin/extractor/AbstractScriptedMojoDescriptorExtractor.java: Recompile with -Xlint:unchecked for details.
[[1;34mINFO[m] 
[[1;34mINFO[m] [1m--- [0;32mmaven-resources-plugin:2.6:testResources[m [1m(default-testResources)[m @ [36mmaven-plugin-tools-api[0;1m ---[m
[[1;33mWARNING[m] Using platform encoding (UTF-8 actually) to copy filtered resources, i.e. build is platform dependent!
[[1;34mINFO[m] Copying 3 resources
[[1;34mINFO[m] 
[[1;34mINFO[m] [1m--- [0;32mmaven-compiler-plugin:3.1:testCompile[m [1m(default-testCompile)[m @ [36mmaven-plugin-tools-api[0;1m ---[m
[[1;34mINFO[m] Changes detected - recompiling the module!
[[1;33mWARNING[m] File encoding has not been set, using platform encoding UTF-8, i.e. build is platform dependent!
[[1;34mINFO[m] Compiling 7 source files to /home/user/Workspace/reproducibility/Reproducibility-Scanner/benchmarks/bugs-dot-jar/maven/maven-plugin-tools/maven-plugin-tools-api/target/test-classes
[[1;33mWARNING[m] /home/user/Workspace/reproducibility/Reproducibility-Scanner/benchmarks/bugs-dot-jar/maven/maven-plugin-tools/maven-plugin-tools-api/src/test/java/org/apache/maven/tools/plugin/generator/AbstractGeneratorTestCase.java: /home/user/Workspace/reproducibility/Reproducibility-Scanner/benchmarks/bugs-dot-jar/maven/maven-plugin-tools/maven-plugin-tools-api/src/test/java/org/apache/maven/tools/plugin/generator/AbstractGeneratorTestCase.java uses unchecked or unsafe operations.
[[1;33mWARNING[m] /home/user/Workspace/reproducibility/Reproducibility-Scanner/benchmarks/bugs-dot-jar/maven/maven-plugin-tools/maven-plugin-tools-api/src/test/java/org/apache/maven/tools/plugin/generator/AbstractGeneratorTestCase.java: Recompile with -Xlint:unchecked for details.
[[1;34mINFO[m] 
[[1;34mINFO[m] [1m--- [0;32mmaven-surefire-plugin:2.12.4:test[m [1m(default-test)[m @ [36mmaven-plugin-tools-api[0;1m ---[m
[[1;34mINFO[m] Tests are skipped.
[[1;34mINFO[m] 
[[1;34mINFO[m] [1m--- [0;32mmaven-jar-plugin:2.4:jar[m [1m(default-jar)[m @ [36mmaven-plugin-tools-api[0;1m ---[m
[[1;34mINFO[m] Building jar: /home/user/Workspace/reproducibility/Reproducibility-Scanner/benchmarks/bugs-dot-jar/maven/maven-plugin-tools/maven-plugin-tools-api/target/maven-plugin-tools-api-2.0.1-SNAPSHOT.jar
[[1;34mINFO[m] 
[[1;34mINFO[m] [1m--- [0;32mmaven-install-plugin:2.4:install[m [1m(default-install)[m @ [36mmaven-plugin-tools-api[0;1m ---[m
[[1;34mINFO[m] Installing /home/user/Workspace/reproducibility/Reproducibility-Scanner/benchmarks/bugs-dot-jar/maven/maven-plugin-tools/maven-plugin-tools-api/target/maven-plugin-tools-api-2.0.1-SNAPSHOT.jar to /home/user/.m2/repository/org/apache/maven/maven-plugin-tools-api/2.0.1-SNAPSHOT/maven-plugin-tools-api-2.0.1-SNAPSHOT.jar
[[1;34mINFO[m] Installing /home/user/Workspace/reproducibility/Reproducibility-Scanner/benchmarks/bugs-dot-jar/maven/maven-plugin-tools/maven-plugin-tools-api/pom.xml to /home/user/.m2/repository/org/apache/maven/maven-plugin-tools-api/2.0.1-SNAPSHOT/maven-plugin-tools-api-2.0.1-SNAPSHOT.pom
[[1;34mINFO[m] 
[[1;34mINFO[m] [1m--------------< [0;36morg.apache.maven:maven-plugin-tools-java[0;1m >--------------[m
[[1;34mINFO[m] [1mBuilding Maven Plugin Tools for Java 2.0.1-SNAPSHOT              [23/31][m
[[1;34mINFO[m] [1m--------------------------------[ jar ]---------------------------------[m
[[1;34mINFO[m] 
[[1;34mINFO[m] [1m--- [0;32mmaven-resources-plugin:2.6:resources[m [1m(default-resources)[m @ [36mmaven-plugin-tools-java[0;1m ---[m
[[1;33mWARNING[m] Using platform encoding (UTF-8 actually) to copy filtered resources, i.e. build is platform dependent!
[[1;34mINFO[m] Copying 1 resource
[[1;34mINFO[m] 
[[1;34mINFO[m] [1m--- [0;32mmaven-compiler-plugin:3.1:compile[m [1m(default-compile)[m @ [36mmaven-plugin-tools-java[0;1m ---[m
[[1;34mINFO[m] Changes detected - recompiling the module!
[[1;33mWARNING[m] File encoding has not been set, using platform encoding UTF-8, i.e. build is platform dependent!
[[1;34mINFO[m] Compiling 1 source file to /home/user/Workspace/reproducibility/Reproducibility-Scanner/benchmarks/bugs-dot-jar/maven/maven-plugin-tools/maven-plugin-tools-java/target/classes
[[1;33mWARNING[m] /home/user/Workspace/reproducibility/Reproducibility-Scanner/benchmarks/bugs-dot-jar/maven/maven-plugin-tools/maven-plugin-tools-java/src/main/java/org/apache/maven/tools/plugin/extractor/java/JavaMojoDescriptorExtractor.java: /home/user/Workspace/reproducibility/Reproducibility-Scanner/benchmarks/bugs-dot-jar/maven/maven-plugin-tools/maven-plugin-tools-java/src/main/java/org/apache/maven/tools/plugin/extractor/java/JavaMojoDescriptorExtractor.java uses unchecked or unsafe operations.
[[1;33mWARNING[m] /home/user/Workspace/reproducibility/Reproducibility-Scanner/benchmarks/bugs-dot-jar/maven/maven-plugin-tools/maven-plugin-tools-java/src/main/java/org/apache/maven/tools/plugin/extractor/java/JavaMojoDescriptorExtractor.java: Recompile with -Xlint:unchecked for details.
[[1;34mINFO[m] 
[[1;34mINFO[m] [1m--- [0;32mmaven-resources-plugin:2.6:testResources[m [1m(default-testResources)[m @ [36mmaven-plugin-tools-java[0;1m ---[m
[[1;33mWARNING[m] Using platform encoding (UTF-8 actually) to copy filtered resources, i.e. build is platform dependent!
[[1;34mINFO[m] Copying 3 resources
[[1;34mINFO[m] 
[[1;34mINFO[m] [1m--- [0;32mmaven-compiler-plugin:3.1:testCompile[m [1m(default-testCompile)[m @ [36mmaven-plugin-tools-java[0;1m ---[m
[[1;34mINFO[m] Changes detected - recompiling the module!
[[1;33mWARNING[m] File encoding has not been set, using platform encoding UTF-8, i.e. build is platform dependent!
[[1;34mINFO[m] Compiling 1 source file to /home/user/Workspace/reproducibility/Reproducibility-Scanner/benchmarks/bugs-dot-jar/maven/maven-plugin-tools/maven-plugin-tools-java/target/test-classes
[[1;34mINFO[m] 
[[1;34mINFO[m] [1m--- [0;32mmaven-surefire-plugin:2.12.4:test[m [1m(default-test)[m @ [36mmaven-plugin-tools-java[0;1m ---[m
[[1;34mINFO[m] Tests are skipped.
[[1;34mINFO[m] 
[[1;34mINFO[m] [1m--- [0;32mmaven-jar-plugin:2.4:jar[m [1m(default-jar)[m @ [36mmaven-plugin-tools-java[0;1m ---[m
[[1;34mINFO[m] Building jar: /home/user/Workspace/reproducibility/Reproducibility-Scanner/benchmarks/bugs-dot-jar/maven/maven-plugin-tools/maven-plugin-tools-java/target/maven-plugin-tools-java-2.0.1-SNAPSHOT.jar
[[1;34mINFO[m] 
[[1;34mINFO[m] [1m--- [0;32mmaven-install-plugin:2.4:install[m [1m(default-install)[m @ [36mmaven-plugin-tools-java[0;1m ---[m
[[1;34mINFO[m] Installing /home/user/Workspace/reproducibility/Reproducibility-Scanner/benchmarks/bugs-dot-jar/maven/maven-plugin-tools/maven-plugin-tools-java/target/maven-plugin-tools-java-2.0.1-SNAPSHOT.jar to /home/user/.m2/repository/org/apache/maven/maven-plugin-tools-java/2.0.1-SNAPSHOT/maven-plugin-tools-java-2.0.1-SNAPSHOT.jar
[[1;34mINFO[m] Installing /home/user/Workspace/reproducibility/Reproducibility-Scanner/benchmarks/bugs-dot-jar/maven/maven-plugin-tools/maven-plugin-tools-java/pom.xml to /home/user/.m2/repository/org/apache/maven/maven-plugin-tools-java/2.0.1-SNAPSHOT/maven-plugin-tools-java-2.0.1-SNAPSHOT.pom
[[1;34mINFO[m] 
[[1;34mINFO[m] [1m-----------< [0;36morg.apache.maven:maven-plugin-tools-beanshell[0;1m >------------[m
[[1;34mINFO[m] [1mBuilding Maven Plugin Tools for Beanshell 2.0.1-SNAPSHOT         [24/31][m
[[1;34mINFO[m] [1m--------------------------------[ jar ]---------------------------------[m
[[1;34mINFO[m] 
[[1;34mINFO[m] [1m--- [0;32mmaven-resources-plugin:2.6:resources[m [1m(default-resources)[m @ [36mmaven-plugin-tools-beanshell[0;1m ---[m
[[1;33mWARNING[m] Using platform encoding (UTF-8 actually) to copy filtered resources, i.e. build is platform dependent!
[[1;34mINFO[m] Copying 2 resources
[[1;34mINFO[m] 
[[1;34mINFO[m] [1m--- [0;32mmaven-compiler-plugin:3.1:compile[m [1m(default-compile)[m @ [36mmaven-plugin-tools-beanshell[0;1m ---[m
[[1;34mINFO[m] Changes detected - recompiling the module!
[[1;33mWARNING[m] File encoding has not been set, using platform encoding UTF-8, i.e. build is platform dependent!
[[1;34mINFO[m] Compiling 1 source file to /home/user/Workspace/reproducibility/Reproducibility-Scanner/benchmarks/bugs-dot-jar/maven/maven-plugin-tools/maven-plugin-tools-beanshell/target/classes
[[1;33mWARNING[m] /home/user/Workspace/reproducibility/Reproducibility-Scanner/benchmarks/bugs-dot-jar/maven/maven-plugin-tools/maven-plugin-tools-beanshell/src/main/java/org/apache/maven/tools/plugin/extractor/beanshell/BeanshellMojoDescriptorExtractor.java: /home/user/Workspace/reproducibility/Reproducibility-Scanner/benchmarks/bugs-dot-jar/maven/maven-plugin-tools/maven-plugin-tools-beanshell/src/main/java/org/apache/maven/tools/plugin/extractor/beanshell/BeanshellMojoDescriptorExtractor.java uses unchecked or unsafe operations.
[[1;33mWARNING[m] /home/user/Workspace/reproducibility/Reproducibility-Scanner/benchmarks/bugs-dot-jar/maven/maven-plugin-tools/maven-plugin-tools-beanshell/src/main/java/org/apache/maven/tools/plugin/extractor/beanshell/BeanshellMojoDescriptorExtractor.java: Recompile with -Xlint:unchecked for details.
[[1;34mINFO[m] 
[[1;34mINFO[m] [1m--- [0;32mmaven-resources-plugin:2.6:testResources[m [1m(default-testResources)[m @ [36mmaven-plugin-tools-beanshell[0;1m ---[m
[[1;33mWARNING[m] Using platform encoding (UTF-8 actually) to copy filtered resources, i.e. build is platform dependent!
[[1;34mINFO[m] skip non existing resourceDirectory /home/user/Workspace/reproducibility/Reproducibility-Scanner/benchmarks/bugs-dot-jar/maven/maven-plugin-tools/maven-plugin-tools-beanshell/src/test/resources
[[1;34mINFO[m] 
[[1;34mINFO[m] [1m--- [0;32mmaven-compiler-plugin:3.1:testCompile[m [1m(default-testCompile)[m @ [36mmaven-plugin-tools-beanshell[0;1m ---[m
[[1;34mINFO[m] No sources to compile
[[1;34mINFO[m] 
[[1;34mINFO[m] [1m--- [0;32mmaven-surefire-plugin:2.12.4:test[m [1m(default-test)[m @ [36mmaven-plugin-tools-beanshell[0;1m ---[m
[[1;34mINFO[m] Tests are skipped.
[[1;34mINFO[m] 
[[1;34mINFO[m] [1m--- [0;32mmaven-jar-plugin:2.4:jar[m [1m(default-jar)[m @ [36mmaven-plugin-tools-beanshell[0;1m ---[m
[[1;34mINFO[m] Building jar: /home/user/Workspace/reproducibility/Reproducibility-Scanner/benchmarks/bugs-dot-jar/maven/maven-plugin-tools/maven-plugin-tools-beanshell/target/maven-plugin-tools-beanshell-2.0.1-SNAPSHOT.jar
[[1;34mINFO[m] 
[[1;34mINFO[m] [1m--- [0;32mmaven-install-plugin:2.4:install[m [1m(default-install)[m @ [36mmaven-plugin-tools-beanshell[0;1m ---[m
[[1;34mINFO[m] Installing /home/user/Workspace/reproducibility/Reproducibility-Scanner/benchmarks/bugs-dot-jar/maven/maven-plugin-tools/maven-plugin-tools-beanshell/target/maven-plugin-tools-beanshell-2.0.1-SNAPSHOT.jar to /home/user/.m2/repository/org/apache/maven/maven-plugin-tools-beanshell/2.0.1-SNAPSHOT/maven-plugin-tools-beanshell-2.0.1-SNAPSHOT.jar
[[1;34mINFO[m] Installing /home/user/Workspace/reproducibility/Reproducibility-Scanner/benchmarks/bugs-dot-jar/maven/maven-plugin-tools/maven-plugin-tools-beanshell/pom.xml to /home/user/.m2/repository/org/apache/maven/maven-plugin-tools-beanshell/2.0.1-SNAPSHOT/maven-plugin-tools-beanshell-2.0.1-SNAPSHOT.pom
[[1;34mINFO[m] 
[[1;34mINFO[m] [1m-------------< [0;36morg.apache.maven:maven-plugin-tools-pluggy[0;1m >-------------[m
[[1;34mINFO[m] [1mBuilding Maven Pluggy Simplistic Plugin Generator 2.0.1-SNAPSHOT [25/31][m
[[1;34mINFO[m] [1m--------------------------------[ jar ]---------------------------------[m
[[1;34mINFO[m] 
[[1;34mINFO[m] [1m--- [0;32mmaven-resources-plugin:2.6:resources[m [1m(default-resources)[m @ [36mmaven-plugin-tools-pluggy[0;1m ---[m
[[1;33mWARNING[m] Using platform encoding (UTF-8 actually) to copy filtered resources, i.e. build is platform dependent!
[[1;34mINFO[m] skip non existing resourceDirectory /home/user/Workspace/reproducibility/Reproducibility-Scanner/benchmarks/bugs-dot-jar/maven/maven-plugin-tools/maven-plugin-tools-pluggy/src/main/resources
[[1;34mINFO[m] 
[[1;34mINFO[m] [1m--- [0;32mmaven-compiler-plugin:3.1:compile[m [1m(default-compile)[m @ [36mmaven-plugin-tools-pluggy[0;1m ---[m
[[1;34mINFO[m] Changes detected - recompiling the module!
[[1;33mWARNING[m] File encoding has not been set, using platform encoding UTF-8, i.e. build is platform dependent!
[[1;34mINFO[m] Compiling 1 source file to /home/user/Workspace/reproducibility/Reproducibility-Scanner/benchmarks/bugs-dot-jar/maven/maven-plugin-tools/maven-plugin-tools-pluggy/target/classes
[[1;34mINFO[m] 
[[1;34mINFO[m] [1m--- [0;32mmaven-resources-plugin:2.6:testResources[m [1m(default-testResources)[m @ [36mmaven-plugin-tools-pluggy[0;1m ---[m
[[1;33mWARNING[m] Using platform encoding (UTF-8 actually) to copy filtered resources, i.e. build is platform dependent!
[[1;34mINFO[m] skip non existing resourceDirectory /home/user/Workspace/reproducibility/Reproducibility-Scanner/benchmarks/bugs-dot-jar/maven/maven-plugin-tools/maven-plugin-tools-pluggy/src/test/resources
[[1;34mINFO[m] 
[[1;34mINFO[m] [1m--- [0;32mmaven-compiler-plugin:3.1:testCompile[m [1m(default-testCompile)[m @ [36mmaven-plugin-tools-pluggy[0;1m ---[m
[[1;34mINFO[m] No sources to compile
[[1;34mINFO[m] 
[[1;34mINFO[m] [1m--- [0;32mmaven-surefire-plugin:2.12.4:test[m [1m(default-test)[m @ [36mmaven-plugin-tools-pluggy[0;1m ---[m
[[1;34mINFO[m] Tests are skipped.
[[1;34mINFO[m] 
[[1;34mINFO[m] [1m--- [0;32mmaven-jar-plugin:2.4:jar[m [1m(default-jar)[m @ [36mmaven-plugin-tools-pluggy[0;1m ---[m
[[1;34mINFO[m] Building jar: /home/user/Workspace/reproducibility/Reproducibility-Scanner/benchmarks/bugs-dot-jar/maven/maven-plugin-tools/maven-plugin-tools-pluggy/target/maven-plugin-tools-pluggy-2.0.1-SNAPSHOT.jar
[[1;34mINFO[m] 
[[1;34mINFO[m] [1m--- [0;32mmaven-install-plugin:2.4:install[m [1m(default-install)[m @ [36mmaven-plugin-tools-pluggy[0;1m ---[m
[[1;34mINFO[m] Installing /home/user/Workspace/reproducibility/Reproducibility-Scanner/benchmarks/bugs-dot-jar/maven/maven-plugin-tools/maven-plugin-tools-pluggy/target/maven-plugin-tools-pluggy-2.0.1-SNAPSHOT.jar to /home/user/.m2/repository/org/apache/maven/maven-plugin-tools-pluggy/2.0.1-SNAPSHOT/maven-plugin-tools-pluggy-2.0.1-SNAPSHOT.jar
[[1;34mINFO[m] Installing /home/user/Workspace/reproducibility/Reproducibility-Scanner/benchmarks/bugs-dot-jar/maven/maven-plugin-tools/maven-plugin-tools-pluggy/pom.xml to /home/user/.m2/repository/org/apache/maven/maven-plugin-tools-pluggy/2.0.1-SNAPSHOT/maven-plugin-tools-pluggy-2.0.1-SNAPSHOT.pom
[[1;34mINFO[m] 
[[1;34mINFO[m] [1m-------------< [0;36morg.apache.maven:maven-plugin-tools-model[0;1m >--------------[m
[[1;34mINFO[m] [1mBuilding Maven Plugin Metadata Model 2.0.1-SNAPSHOT              [26/31][m
[[1;34mINFO[m] [1m--------------------------------[ jar ]---------------------------------[m
Downloading from central: https://repo.maven.apache.org/maven2/org/codehaus/modello/modello-maven-plugin/maven-metadata.xml
Downloading from snapshots: http://snapshots.maven.codehaus.org/maven2/org/codehaus/modello/modello-maven-plugin/maven-metadata.xml
Progress (1): 1.7 kB                    Downloaded from central: https://repo.maven.apache.org/maven2/org/codehaus/modello/modello-maven-plugin/maven-metadata.xml (1.7 kB at 22 kB/s)
[[1;33mWARNING[m] Could not transfer metadata org.codehaus.modello:modello-maven-plugin/maven-metadata.xml from/to snapshots (http://snapshots.maven.codehaus.org/maven2): Transfer failed for http://snapshots.maven.codehaus.org/maven2/org/codehaus/modello/modello-maven-plugin/maven-metadata.xml
Downloading from central: https://repo.maven.apache.org/maven2/org/codehaus/modello/modello-maven-plugin/2.0.0/modello-maven-plugin-2.0.0.pom
Progress (1): 4.1/8.3 kBProgress (1): 8.2/8.3 kBProgress (1): 8.3 kB                        Downloaded from central: https://repo.maven.apache.org/maven2/org/codehaus/modello/modello-maven-plugin/2.0.0/modello-maven-plugin-2.0.0.pom (8.3 kB at 60 kB/s)
Downloading from central: https://repo.maven.apache.org/maven2/org/codehaus/modello/modello/2.0.0/modello-2.0.0.pom
Progress (1): 4.1/24 kBProgress (1): 8.2/24 kBProgress (1): 12/24 kB Progress (1): 16/24 kBProgress (1): 20/24 kBProgress (1): 24 kB                      Downloaded from central: https://repo.maven.apache.org/maven2/org/codehaus/modello/modello/2.0.0/modello-2.0.0.pom (24 kB at 148 kB/s)
Downloading from central: https://repo.maven.apache.org/maven2/com/fasterxml/jackson/jackson-bom/2.13.1/jackson-bom-2.13.1.pom
Progress (1): 4.1/17 kBProgress (1): 8.2/17 kBProgress (1): 12/17 kB Progress (1): 16/17 kBProgress (1): 17 kB                      Downloaded from central: https://repo.maven.apache.org/maven2/com/fasterxml/jackson/jackson-bom/2.13.1/jackson-bom-2.13.1.pom (17 kB at 1.2 MB/s)
Downloading from central: https://repo.maven.apache.org/maven2/org/codehaus/modello/modello-maven-plugin/2.0.0/modello-maven-plugin-2.0.0.jar
Progress (1): 4.1/39 kBProgress (1): 8.2/39 kBProgress (1): 12/39 kB Progress (1): 16/39 kBProgress (1): 20/39 kBProgress (1): 24/39 kBProgress (1): 28/39 kBProgress (1): 32/39 kBProgress (1): 36/39 kBProgress (1): 39 kB                      Downloaded from central: https://repo.maven.apache.org/maven2/org/codehaus/modello/modello-maven-plugin/2.0.0/modello-maven-plugin-2.0.0.jar (39 kB at 270 kB/s)
[[1;34mINFO[m] 
[[1;34mINFO[m] [1m--- [0;32mmodello-maven-plugin:2.0.0:java[m [1m(default)[m @ [36mmaven-plugin-tools-model[0;1m ---[m
Downloading from central: https://repo.maven.apache.org/maven2/org/codehaus/modello/modello-core/2.0.0/modello-core-2.0.0.pom
Progress (1): 1.7 kB                    Downloaded from central: https://repo.maven.apache.org/maven2/org/codehaus/modello/modello-core/2.0.0/modello-core-2.0.0.pom (1.7 kB at 138 kB/s)
Downloading from central: https://repo.maven.apache.org/maven2/org/sonatype/sisu/sisu-guice/4.2.0/sisu-guice-4.2.0.pom
Progress (1): 4.1/11 kBProgress (1): 8.2/11 kBProgress (1): 11 kB                       Downloaded from central: https://repo.maven.apache.org/maven2/org/sonatype/sisu/sisu-guice/4.2.0/sisu-guice-4.2.0.pom (11 kB at 879 kB/s)
Downloading from central: https://repo.maven.apache.org/maven2/org/sonatype/sisu/inject/guice-parent/4.2.0/guice-parent-4.2.0.pom
Progress (1): 4.1/16 kBProgress (1): 8.2/16 kBProgress (1): 12/16 kB Progress (1): 16 kB                      Downloaded from central: https://repo.maven.apache.org/maven2/org/sonatype/sisu/inject/guice-parent/4.2.0/guice-parent-4.2.0.pom (16 kB at 206 kB/s)
Downloading from central: https://repo.maven.apache.org/maven2/org/sonatype/buildsupport/public-parent/12/public-parent-12.pom
Progress (1): 761 B                   Downloaded from central: https://repo.maven.apache.org/maven2/org/sonatype/buildsupport/public-parent/12/public-parent-12.pom (761 B at 9.6 kB/s)
Downloading from central: https://repo.maven.apache.org/maven2/org/sonatype/buildsupport/buildsupport/12/buildsupport-12.pom
Progress (1): 4.1/24 kBProgress (1): 8.2/24 kBProgress (1): 12/24 kB Progress (1): 16/24 kBProgress (1): 20/24 kBProgress (1): 24/24 kBProgress (1): 24 kB                      Downloaded from central: https://repo.maven.apache.org/maven2/org/sonatype/buildsupport/buildsupport/12/buildsupport-12.pom (24 kB at 281 kB/s)
Downloading from central: https://repo.maven.apache.org/maven2/org/codehaus/modello/modello-plugin-converters/2.0.0/modello-plugin-converters-2.0.0.pom
Progress (1): 1.7 kB                    Downloaded from central: https://repo.maven.apache.org/maven2/org/codehaus/modello/modello-plugin-converters/2.0.0/modello-plugin-converters-2.0.0.pom (1.7 kB at 22 kB/s)
Downloading from central: https://repo.maven.apache.org/maven2/org/codehaus/modello/modello-plugins/2.0.0/modello-plugins-2.0.0.pom
Progress (1): 2.5 kB                    Downloaded from central: https://repo.maven.apache.org/maven2/org/codehaus/modello/modello-plugins/2.0.0/modello-plugins-2.0.0.pom (2.5 kB at 29 kB/s)
Downloading from central: https://repo.maven.apache.org/maven2/org/codehaus/modello/modello-plugin-java/2.0.0/modello-plugin-java-2.0.0.pom
Progress (1): 2.6 kB                    Downloaded from central: https://repo.maven.apache.org/maven2/org/codehaus/modello/modello-plugin-java/2.0.0/modello-plugin-java-2.0.0.pom (2.6 kB at 34 kB/s)
Downloading from central: https://repo.maven.apache.org/maven2/org/codehaus/modello/modello-plugin-dom4j/2.0.0/modello-plugin-dom4j-2.0.0.pom
Progress (1): 1.6 kB                    Downloaded from central: https://repo.maven.apache.org/maven2/org/codehaus/modello/modello-plugin-dom4j/2.0.0/modello-plugin-dom4j-2.0.0.pom (1.6 kB at 20 kB/s)
Downloading from central: https://repo.maven.apache.org/maven2/org/codehaus/modello/modello-plugin-xml/2.0.0/modello-plugin-xml-2.0.0.pom
Progress (1): 1.1 kB                    Downloaded from central: https://repo.maven.apache.org/maven2/org/codehaus/modello/modello-plugin-xml/2.0.0/modello-plugin-xml-2.0.0.pom (1.1 kB at 10 kB/s)
Downloading from central: https://repo.maven.apache.org/maven2/org/codehaus/modello/modello-plugin-jackson/2.0.0/modello-plugin-jackson-2.0.0.pom
Progress (1): 1.8 kB                    Downloaded from central: https://repo.maven.apache.org/maven2/org/codehaus/modello/modello-plugin-jackson/2.0.0/modello-plugin-jackson-2.0.0.pom (1.8 kB at 12 kB/s)
Downloading from central: https://repo.maven.apache.org/maven2/com/fasterxml/jackson/core/jackson-core/2.13.1/jackson-core-2.13.1.pom
Progress (1): 4.1/5.5 kBProgress (1): 5.5 kB                        Downloaded from central: https://repo.maven.apache.org/maven2/com/fasterxml/jackson/core/jackson-core/2.13.1/jackson-core-2.13.1.pom (5.5 kB at 426 kB/s)
Downloading from central: https://repo.maven.apache.org/maven2/com/fasterxml/jackson/jackson-base/2.13.1/jackson-base-2.13.1.pom
Progress (1): 4.1/9.7 kBProgress (1): 8.2/9.7 kBProgress (1): 9.7 kB                        Downloaded from central: https://repo.maven.apache.org/maven2/com/fasterxml/jackson/jackson-base/2.13.1/jackson-base-2.13.1.pom (9.7 kB at 747 kB/s)
Downloading from central: https://repo.maven.apache.org/maven2/com/fasterxml/jackson/core/jackson-databind/2.13.1/jackson-databind-2.13.1.pom
Progress (1): 4.1/16 kBProgress (1): 8.2/16 kBProgress (1): 12/16 kB Progress (1): 16/16 kBProgress (1): 16 kB                      Downloaded from central: https://repo.maven.apache.org/maven2/com/fasterxml/jackson/core/jackson-databind/2.13.1/jackson-databind-2.13.1.pom (16 kB at 1.1 MB/s)
Downloading from central: https://repo.maven.apache.org/maven2/com/fasterxml/jackson/core/jackson-annotations/2.13.1/jackson-annotations-2.13.1.pom
Progress (1): 4.1/6.1 kBProgress (1): 6.1 kB                        Downloaded from central: https://repo.maven.apache.org/maven2/com/fasterxml/jackson/core/jackson-annotations/2.13.1/jackson-annotations-2.13.1.pom (6.1 kB at 434 kB/s)
Downloading from central: https://repo.maven.apache.org/maven2/org/codehaus/modello/modello-plugin-jdom/2.0.0/modello-plugin-jdom-2.0.0.pom
Progress (1): 1.8 kB                    Downloaded from central: https://repo.maven.apache.org/maven2/org/codehaus/modello/modello-plugin-jdom/2.0.0/modello-plugin-jdom-2.0.0.pom (1.8 kB at 13 kB/s)
Downloading from central: https://repo.maven.apache.org/maven2/org/codehaus/modello/modello-plugin-jsonschema/2.0.0/modello-plugin-jsonschema-2.0.0.pom
Progress (1): 1.5 kB                    Downloaded from central: https://repo.maven.apache.org/maven2/org/codehaus/modello/modello-plugin-jsonschema/2.0.0/modello-plugin-jsonschema-2.0.0.pom (1.5 kB at 10 kB/s)
Downloading from central: https://repo.maven.apache.org/maven2/org/codehaus/modello/modello-plugin-sax/2.0.0/modello-plugin-sax-2.0.0.pom
Progress (1): 1.4 kB                    Downloaded from central: https://repo.maven.apache.org/maven2/org/codehaus/modello/modello-plugin-sax/2.0.0/modello-plugin-sax-2.0.0.pom (1.4 kB at 10 kB/s)
Downloading from central: https://repo.maven.apache.org/maven2/org/codehaus/modello/modello-plugin-snakeyaml/2.0.0/modello-plugin-snakeyaml-2.0.0.pom
Progress (1): 1.2 kB                    Downloaded from central: https://repo.maven.apache.org/maven2/org/codehaus/modello/modello-plugin-snakeyaml/2.0.0/modello-plugin-snakeyaml-2.0.0.pom (1.2 kB at 8.7 kB/s)
Downloading from central: https://repo.maven.apache.org/maven2/org/yaml/snakeyaml/1.30/snakeyaml-1.30.pom
Progress (1): 4.1/37 kBProgress (1): 8.2/37 kBProgress (1): 12/37 kB Progress (1): 16/37 kBProgress (1): 20/37 kBProgress (1): 24/37 kBProgress (1): 28/37 kBProgress (1): 32/37 kBProgress (1): 36/37 kBProgress (1): 37 kB                      Downloaded from central: https://repo.maven.apache.org/maven2/org/yaml/snakeyaml/1.30/snakeyaml-1.30.pom (37 kB at 2.2 MB/s)
Downloading from central: https://repo.maven.apache.org/maven2/org/codehaus/modello/modello-plugin-stax/2.0.0/modello-plugin-stax-2.0.0.pom
Progress (1): 1.9 kB                    Downloaded from central: https://repo.maven.apache.org/maven2/org/codehaus/modello/modello-plugin-stax/2.0.0/modello-plugin-stax-2.0.0.pom (1.9 kB at 14 kB/s)
Downloading from central: https://repo.maven.apache.org/maven2/org/codehaus/modello/modello-plugin-xdoc/2.0.0/modello-plugin-xdoc-2.0.0.pom
Progress (1): 1.6 kB                    Downloaded from central: https://repo.maven.apache.org/maven2/org/codehaus/modello/modello-plugin-xdoc/2.0.0/modello-plugin-xdoc-2.0.0.pom (1.6 kB at 18 kB/s)
Downloading from central: https://repo.maven.apache.org/maven2/org/codehaus/modello/modello-plugin-xsd/2.0.0/modello-plugin-xsd-2.0.0.pom
Progress (1): 1.4 kB                    Downloaded from central: https://repo.maven.apache.org/maven2/org/codehaus/modello/modello-plugin-xsd/2.0.0/modello-plugin-xsd-2.0.0.pom (1.4 kB at 17 kB/s)
Downloading from central: https://repo.maven.apache.org/maven2/org/jsoup/jsoup/1.14.3/jsoup-1.14.3.pom
Progress (1): 4.1/12 kBProgress (1): 8.2/12 kBProgress (1): 12 kB                       Downloaded from central: https://repo.maven.apache.org/maven2/org/jsoup/jsoup/1.14.3/jsoup-1.14.3.pom (12 kB at 901 kB/s)
Downloading from central: https://repo.maven.apache.org/maven2/org/codehaus/modello/modello-plugin-xpp3/2.0.0/modello-plugin-xpp3-2.0.0.pom
Progress (1): 1.5 kB                    Downloaded from central: https://repo.maven.apache.org/maven2/org/codehaus/modello/modello-plugin-xpp3/2.0.0/modello-plugin-xpp3-2.0.0.pom (1.5 kB at 19 kB/s)
Downloading from central: https://repo.maven.apache.org/maven2/org/codehaus/modello/modello-core/2.0.0/modello-core-2.0.0.jar
Downloading from central: https://repo.maven.apache.org/maven2/org/sonatype/sisu/sisu-guice/4.2.0/sisu-guice-4.2.0-no_aop.jar
Downloading from central: https://repo.maven.apache.org/maven2/org/codehaus/modello/modello-plugin-dom4j/2.0.0/modello-plugin-dom4j-2.0.0.jar
Downloading from central: https://repo.maven.apache.org/maven2/org/codehaus/modello/modello-plugin-converters/2.0.0/modello-plugin-converters-2.0.0.jar
Downloading from central: https://repo.maven.apache.org/maven2/org/codehaus/modello/modello-plugin-xml/2.0.0/modello-plugin-xml-2.0.0.jar
Progress (1): 4.1/9.8 kBProgress (1): 8.2/9.8 kBProgress (1): 9.8 kB    Progress (2): 9.8 kB | 4.1/15 kBProgress (2): 9.8 kB | 8.2/15 kBProgress (2): 9.8 kB | 12/15 kB Progress (2): 9.8 kB | 15 kB   Progress (3): 9.8 kB | 15 kB | 4.1/61 kBProgress (3): 9.8 kB | 15 kB | 8.2/61 kBProgress (3): 9.8 kB | 15 kB | 12/61 kB Progress (3): 9.8 kB | 15 kB | 16/61 kBProgress (3): 9.8 kB | 15 kB | 20/61 kBProgress (3): 9.8 kB | 15 kB | 24/61 kBProgress (3): 9.8 kB | 15 kB | 28/61 kBProgress (3): 9.8 kB | 15 kB | 32/61 kBProgress (3): 9.8 kB | 15 kB | 36/61 kBProgress (4): 9.8 kB | 15 kB | 36/61 kB | 4.1/19 kBProgress (5): 9.8 kB | 15 kB | 36/61 kB | 4.1/19 kB | 4.1/522 kBProgress (5): 9.8 kB | 15 kB | 40/61 kB | 4.1/19 kB | 4.1/522 kBProgress (5): 9.8 kB | 15 kB | 40/61 kB | 4.1/19 kB | 8.2/522 kBProgress (5): 9.8 kB | 15 kB | 40/61 kB | 8.2/19 kB | 8.2/522 kB                                                                Downloaded from central: https://repo.maven.apache.org/maven2/org/codehaus/modello/modello-plugin-xml/2.0.0/modello-plugin-xml-2.0.0.jar (15 kB at 192 kB/s)
Downloading from central: https://repo.maven.apache.org/maven2/org/codehaus/modello/modello-plugin-jackson/2.0.0/modello-plugin-jackson-2.0.0.jar
Progress (4): 9.8 kB | 40/61 kB | 8.2/19 kB | 12/522 kBProgress (4): 9.8 kB | 45/61 kB | 8.2/19 kB | 12/522 kBProgress (4): 9.8 kB | 45/61 kB | 8.2/19 kB | 16/522 kBProgress (4): 9.8 kB | 45/61 kB | 12/19 kB | 16/522 kB Progress (4): 9.8 kB | 49/61 kB | 12/19 kB | 16/522 kBProgress (4): 9.8 kB | 49/61 kB | 16/19 kB | 16/522 kBProgress (4): 9.8 kB | 49/61 kB | 16/19 kB | 20/522 kBProgress (4): 9.8 kB | 49/61 kB | 19 kB | 20/522 kB   Progress (4): 9.8 kB | 53/61 kB | 19 kB | 20/522 kBProgress (4): 9.8 kB | 53/61 kB | 19 kB | 24/522 kBProgress (4): 9.8 kB | 57/61 kB | 19 kB | 24/522 kBProgress (4): 9.8 kB | 57/61 kB | 19 kB | 28/522 kBProgress (4): 9.8 kB | 61 kB | 19 kB | 28/522 kB   Progress (4): 9.8 kB | 61 kB | 19 kB | 32/522 kBProgress (4): 9.8 kB | 61 kB | 19 kB | 36/522 kBProgress (4): 9.8 kB | 61 kB | 19 kB | 40/522 kBProgress (4): 9.8 kB | 61 kB | 19 kB | 45/522 kBProgress (4): 9.8 kB | 61 kB | 19 kB | 49/522 kBProgress (4): 9.8 kB | 61 kB | 19 kB | 53/522 kBProgress (4): 9.8 kB | 61 kB | 19 kB | 57/522 kBProgress (4): 9.8 kB | 61 kB | 19 kB | 61/522 kBProgress (4): 9.8 kB | 61 kB | 19 kB | 65/522 kBProgress (5): 9.8 kB | 61 kB | 19 kB | 65/522 kB | 4.1/20 kBProgress (5): 9.8 kB | 61 kB | 19 kB | 65/522 kB | 8.2/20 kBProgress (5): 9.8 kB | 61 kB | 19 kB | 69/522 kB | 8.2/20 kBProgress (5): 9.8 kB | 61 kB | 19 kB | 69/522 kB | 12/20 kB Progress (5): 9.8 kB | 61 kB | 19 kB | 73/522 kB | 12/20 kBProgress (5): 9.8 kB | 61 kB | 19 kB | 73/522 kB | 16/20 kBProgress (5): 9.8 kB | 61 kB | 19 kB | 77/522 kB | 16/20 kBProgress (5): 9.8 kB | 61 kB | 19 kB | 81/522 kB | 16/20 kBProgress (5): 9.8 kB | 61 kB | 19 kB | 81/522 kB | 20 kB   Progress (5): 9.8 kB | 61 kB | 19 kB | 85/522 kB | 20 kBProgress (5): 9.8 kB | 61 kB | 19 kB | 90/522 kB | 20 kBProgress (5): 9.8 kB | 61 kB | 19 kB | 94/522 kB | 20 kBProgress (5): 9.8 kB | 61 kB | 19 kB | 98/522 kB | 20 kB                                                        Downloaded from central: https://repo.maven.apache.org/maven2/org/codehaus/modello/modello-core/2.0.0/modello-core-2.0.0.jar (61 kB at 669 kB/s)
Progress (4): 9.8 kB | 19 kB | 102/522 kB | 20 kB                                                 Downloading from central: https://repo.maven.apache.org/maven2/com/fasterxml/jackson/core/jackson-core/2.13.1/jackson-core-2.13.1.jar
Progress (4): 9.8 kB | 19 kB | 106/522 kB | 20 kBProgress (4): 9.8 kB | 19 kB | 110/522 kB | 20 kBProgress (4): 9.8 kB | 19 kB | 114/522 kB | 20 kBProgress (4): 9.8 kB | 19 kB | 118/522 kB | 20 kBProgress (4): 9.8 kB | 19 kB | 122/522 kB | 20 kBProgress (4): 9.8 kB | 19 kB | 126/522 kB | 20 kBProgress (4): 9.8 kB | 19 kB | 131/522 kB | 20 kBProgress (4): 9.8 kB | 19 kB | 135/522 kB | 20 kBProgress (4): 9.8 kB | 19 kB | 139/522 kB | 20 kBProgress (4): 9.8 kB | 19 kB | 143/522 kB | 20 kBProgress (4): 9.8 kB | 19 kB | 147/522 kB | 20 kBProgress (4): 9.8 kB | 19 kB | 151/522 kB | 20 kB                                                 Downloaded from central: https://repo.maven.apache.org/maven2/org/codehaus/modello/modello-plugin-jackson/2.0.0/modello-plugin-jackson-2.0.0.jar (20 kB at 210 kB/s)
Progress (3): 9.8 kB | 19 kB | 155/522 kB                                         Downloading from central: https://repo.maven.apache.org/maven2/com/fasterxml/jackson/core/jackson-databind/2.13.1/jackson-databind-2.13.1.jar
Progress (3): 9.8 kB | 19 kB | 159/522 kBProgress (3): 9.8 kB | 19 kB | 163/522 kBProgress (3): 9.8 kB | 19 kB | 167/522 kBProgress (3): 9.8 kB | 19 kB | 171/522 kBProgress (3): 9.8 kB | 19 kB | 176/522 kBProgress (3): 9.8 kB | 19 kB | 180/522 kBProgress (3): 9.8 kB | 19 kB | 184/522 kBProgress (3): 9.8 kB | 19 kB | 188/522 kBProgress (3): 9.8 kB | 19 kB | 192/522 kBProgress (3): 9.8 kB | 19 kB | 196/522 kBProgress (4): 9.8 kB | 19 kB | 196/522 kB | 4.1/375 kBProgress (4): 9.8 kB | 19 kB | 196/522 kB | 8.2/375 kBProgress (4): 9.8 kB | 19 kB | 200/522 kB | 8.2/375 kBProgress (4): 9.8 kB | 19 kB | 200/522 kB | 12/375 kB Progress (4): 9.8 kB | 19 kB | 204/522 kB | 12/375 kBProgress (4): 9.8 kB | 19 kB | 204/522 kB | 16/375 kBProgress (4): 9.8 kB | 19 kB | 208/522 kB | 16/375 kBProgress (4): 9.8 kB | 19 kB | 212/522 kB | 16/375 kBProgress (4): 9.8 kB | 19 kB | 212/522 kB | 20/375 kBProgress (4): 9.8 kB | 19 kB | 217/522 kB | 20/375 kBProgress (4): 9.8 kB | 19 kB | 217/522 kB | 24/375 kBProgress (4): 9.8 kB | 19 kB | 221/522 kB | 24/375 kBProgress (4): 9.8 kB | 19 kB | 221/522 kB | 28/375 kBProgress (4): 9.8 kB | 19 kB | 225/522 kB | 28/375 kBProgress (4): 9.8 kB | 19 kB | 225/522 kB | 32/375 kBProgress (4): 9.8 kB | 19 kB | 229/522 kB | 32/375 kBProgress (4): 9.8 kB | 19 kB | 233/522 kB | 32/375 kBProgress (4): 9.8 kB | 19 kB | 233/522 kB | 36/375 kBProgress (4): 9.8 kB | 19 kB | 237/522 kB | 36/375 kBProgress (4): 9.8 kB | 19 kB | 237/522 kB | 40/375 kBProgress (4): 9.8 kB | 19 kB | 241/522 kB | 40/375 kBProgress (4): 9.8 kB | 19 kB | 241/522 kB | 45/375 kBProgress (4): 9.8 kB | 19 kB | 245/522 kB | 45/375 kBProgress (4): 9.8 kB | 19 kB | 245/522 kB | 49/375 kBProgress (4): 9.8 kB | 19 kB | 249/522 kB | 49/375 kBProgress (4): 9.8 kB | 19 kB | 253/522 kB | 49/375 kBProgress (4): 9.8 kB | 19 kB | 258/522 kB | 49/375 kBProgress (4): 9.8 kB | 19 kB | 258/522 kB | 53/375 kBProgress (4): 9.8 kB | 19 kB | 262/522 kB | 53/375 kBProgress (4): 9.8 kB | 19 kB | 262/522 kB | 57/375 kBProgress (4): 9.8 kB | 19 kB | 262/522 kB | 61/375 kBProgress (4): 9.8 kB | 19 kB | 262/522 kB | 65/375 kBProgress (4): 9.8 kB | 19 kB | 266/522 kB | 65/375 kBProgress (5): 9.8 kB | 19 kB | 266/522 kB | 65/375 kB | 0/1.5 MBProgress (5): 9.8 kB | 19 kB | 270/522 kB | 65/375 kB | 0/1.5 MBProgress (5): 9.8 kB | 19 kB | 270/522 kB | 65/375 kB | 0/1.5 MBProgress (5): 9.8 kB | 19 kB | 270/522 kB | 69/375 kB | 0/1.5 MBProgress (5): 9.8 kB | 19 kB | 274/522 kB | 69/375 kB | 0/1.5 MBProgress (5): 9.8 kB | 19 kB | 274/522 kB | 73/375 kB | 0/1.5 MBProgress (5): 9.8 kB | 19 kB | 278/522 kB | 73/375 kB | 0/1.5 MBProgress (5): 9.8 kB | 19 kB | 278/522 kB | 77/375 kB | 0/1.5 MBProgress (5): 9.8 kB | 19 kB | 278/522 kB | 81/375 kB | 0/1.5 MBProgress (5): 9.8 kB | 19 kB | 282/522 kB | 81/375 kB | 0/1.5 MBProgress (5): 9.8 kB | 19 kB | 282/522 kB | 81/375 kB | 0/1.5 MBProgress (5): 9.8 kB | 19 kB | 286/522 kB | 81/375 kB | 0/1.5 MBProgress (5): 9.8 kB | 19 kB | 286/522 kB | 85/375 kB | 0/1.5 MBProgress (5): 9.8 kB | 19 kB | 290/522 kB | 85/375 kB | 0/1.5 MBProgress (5): 9.8 kB | 19 kB | 290/522 kB | 85/375 kB | 0/1.5 MBProgress (5): 9.8 kB | 19 kB | 294/522 kB | 85/375 kB | 0/1.5 MBProgress (5): 9.8 kB | 19 kB | 294/522 kB | 90/375 kB | 0/1.5 MBProgress (5): 9.8 kB | 19 kB | 294/522 kB | 94/375 kB | 0/1.5 MBProgress (5): 9.8 kB | 19 kB | 294/522 kB | 98/375 kB | 0/1.5 MBProgress (5): 9.8 kB | 19 kB | 298/522 kB | 98/375 kB | 0/1.5 MBProgress (5): 9.8 kB | 19 kB | 303/522 kB | 98/375 kB | 0/1.5 MBProgress (5): 9.8 kB | 19 kB | 303/522 kB | 98/375 kB | 0/1.5 MBProgress (5): 9.8 kB | 19 kB | 303/522 kB | 102/375 kB | 0/1.5 MBProgress (5): 9.8 kB | 19 kB | 307/522 kB | 102/375 kB | 0/1.5 MBProgress (5): 9.8 kB | 19 kB | 307/522 kB | 106/375 kB | 0/1.5 MBProgress (5): 9.8 kB | 19 kB | 307/522 kB | 106/375 kB | 0/1.5 MBProgress (5): 9.8 kB | 19 kB | 307/522 kB | 110/375 kB | 0/1.5 MBProgress (5): 9.8 kB | 19 kB | 311/522 kB | 110/375 kB | 0/1.5 MBProgress (5): 9.8 kB | 19 kB | 311/522 kB | 114/375 kB | 0/1.5 MBProgress (5): 9.8 kB | 19 kB | 311/522 kB | 114/375 kB | 0.1/1.5 MBProgress (5): 9.8 kB | 19 kB | 311/522 kB | 118/375 kB | 0.1/1.5 MBProgress (5): 9.8 kB | 19 kB | 315/522 kB | 118/375 kB | 0.1/1.5 MBProgress (5): 9.8 kB | 19 kB | 315/522 kB | 122/375 kB | 0.1/1.5 MBProgress (5): 9.8 kB | 19 kB | 315/522 kB | 122/375 kB | 0.1/1.5 MBProgress (5): 9.8 kB | 19 kB | 315/522 kB | 126/375 kB | 0.1/1.5 MBProgress (5): 9.8 kB | 19 kB | 319/522 kB | 126/375 kB | 0.1/1.5 MBProgress (5): 9.8 kB | 19 kB | 319/522 kB | 131/375 kB | 0.1/1.5 MBProgress (5): 9.8 kB | 19 kB | 323/522 kB | 131/375 kB | 0.1/1.5 MBProgress (5): 9.8 kB | 19 kB | 323/522 kB | 131/375 kB | 0.1/1.5 MBProgress (5): 9.8 kB | 19 kB | 327/522 kB | 131/375 kB | 0.1/1.5 MBProgress (5): 9.8 kB | 19 kB | 327/522 kB | 131/375 kB | 0.1/1.5 MBProgress (5): 9.8 kB | 19 kB | 327/522 kB | 135/375 kB | 0.1/1.5 MBProgress (5): 9.8 kB | 19 kB | 327/522 kB | 139/375 kB | 0.1/1.5 MBProgress (5): 9.8 kB | 19 kB | 331/522 kB | 139/375 kB | 0.1/1.5 MBProgress (5): 9.8 kB | 19 kB | 331/522 kB | 143/375 kB | 0.1/1.5 MBProgress (5): 9.8 kB | 19 kB | 331/522 kB | 143/375 kB | 0.1/1.5 MBProgress (5): 9.8 kB | 19 kB | 335/522 kB | 143/375 kB | 0.1/1.5 MBProgress (5): 9.8 kB | 19 kB | 335/522 kB | 143/375 kB | 0.1/1.5 MBProgress (5): 9.8 kB | 19 kB | 335/522 kB | 147/375 kB | 0.1/1.5 MBProgress (5): 9.8 kB | 19 kB | 339/522 kB | 147/375 kB | 0.1/1.5 MBProgress (5): 9.8 kB | 19 kB | 344/522 kB | 147/375 kB | 0.1/1.5 MBProgress (5): 9.8 kB | 19 kB | 344/522 kB | 147/375 kB | 0.1/1.5 MBProgress (5): 9.8 kB | 19 kB | 344/522 kB | 151/375 kB | 0.1/1.5 MBProgress (5): 9.8 kB | 19 kB | 344/522 kB | 151/375 kB | 0.1/1.5 MBProgress (5): 9.8 kB | 19 kB | 348/522 kB | 151/375 kB | 0.1/1.5 MBProgress (5): 9.8 kB | 19 kB | 348/522 kB | 155/375 kB | 0.1/1.5 MBProgress (5): 9.8 kB | 19 kB | 352/522 kB | 155/375 kB | 0.1/1.5 MBProgress (5): 9.8 kB | 19 kB | 352/522 kB | 159/375 kB | 0.1/1.5 MBProgress (5): 9.8 kB | 19 kB | 356/522 kB | 159/375 kB | 0.1/1.5 MBProgress (5): 9.8 kB | 19 kB | 356/522 kB | 163/375 kB | 0.1/1.5 MBProgress (5): 9.8 kB | 19 kB | 356/522 kB | 163/375 kB | 0.1/1.5 MBProgress (5): 9.8 kB | 19 kB | 360/522 kB | 163/375 kB | 0.1/1.5 MBProgress (5): 9.8 kB | 19 kB | 360/522 kB | 163/375 kB | 0.1/1.5 MBProgress (5): 9.8 kB | 19 kB | 364/522 kB | 163/375 kB | 0.1/1.5 MBProgress (5): 9.8 kB | 19 kB | 368/522 kB | 163/375 kB | 0.1/1.5 MBProgress (5): 9.8 kB | 19 kB | 368/522 kB | 163/375 kB | 0.1/1.5 MBProgress (5): 9.8 kB | 19 kB | 372/522 kB | 163/375 kB | 0.1/1.5 MBProgress (5): 9.8 kB | 19 kB | 372/522 kB | 163/375 kB | 0.1/1.5 MBProgress (5): 9.8 kB | 19 kB | 372/522 kB | 167/375 kB | 0.1/1.5 MBProgress (5): 9.8 kB | 19 kB | 376/522 kB | 167/375 kB | 0.1/1.5 MBProgress (5): 9.8 kB | 19 kB | 376/522 kB | 171/375 kB | 0.1/1.5 MBProgress (5): 9.8 kB | 19 kB | 376/522 kB | 171/375 kB | 0.2/1.5 MBProgress (5): 9.8 kB | 19 kB | 376/522 kB | 176/375 kB | 0.2/1.5 MBProgress (5): 9.8 kB | 19 kB | 376/522 kB | 176/375 kB | 0.2/1.5 MBProgress (5): 9.8 kB | 19 kB | 380/522 kB | 176/375 kB | 0.2/1.5 MBProgress (5): 9.8 kB | 19 kB | 380/522 kB | 180/375 kB | 0.2/1.5 MBProgress (5): 9.8 kB | 19 kB | 384/522 kB | 180/375 kB | 0.2/1.5 MBProgress (5): 9.8 kB | 19 kB | 389/522 kB | 180/375 kB | 0.2/1.5 MBProgress (5): 9.8 kB | 19 kB | 389/522 kB | 180/375 kB | 0.2/1.5 MBProgress (5): 9.8 kB | 19 kB | 393/522 kB | 180/375 kB | 0.2/1.5 MBProgress (5): 9.8 kB | 19 kB | 393/522 kB | 180/375 kB | 0.2/1.5 MBProgress (5): 9.8 kB | 19 kB | 393/522 kB | 184/375 kB | 0.2/1.5 MBProgress (5): 9.8 kB | 19 kB | 393/522 kB | 188/375 kB | 0.2/1.5 MBProgress (5): 9.8 kB | 19 kB | 397/522 kB | 188/375 kB | 0.2/1.5 MBProgress (5): 9.8 kB | 19 kB | 397/522 kB | 192/375 kB | 0.2/1.5 MBProgress (5): 9.8 kB | 19 kB | 397/522 kB | 192/375 kB | 0.2/1.5 MBProgress (5): 9.8 kB | 19 kB | 401/522 kB | 192/375 kB | 0.2/1.5 MBProgress (5): 9.8 kB | 19 kB | 401/522 kB | 192/375 kB | 0.2/1.5 MBProgress (5): 9.8 kB | 19 kB | 401/522 kB | 196/375 kB | 0.2/1.5 MBProgress (5): 9.8 kB | 19 kB | 405/522 kB | 196/375 kB | 0.2/1.5 MBProgress (5): 9.8 kB | 19 kB | 409/522 kB | 196/375 kB | 0.2/1.5 MBProgress (5): 9.8 kB | 19 kB | 409/522 kB | 196/375 kB | 0.2/1.5 MBProgress (5): 9.8 kB | 19 kB | 409/522 kB | 200/375 kB | 0.2/1.5 MBProgress (5): 9.8 kB | 19 kB | 409/522 kB | 200/375 kB | 0.2/1.5 MBProgress (5): 9.8 kB | 19 kB | 409/522 kB | 204/375 kB | 0.2/1.5 MBProgress (5): 9.8 kB | 19 kB | 413/522 kB | 204/375 kB | 0.2/1.5 MBProgress (5): 9.8 kB | 19 kB | 413/522 kB | 208/375 kB | 0.2/1.5 MBProgress (5): 9.8 kB | 19 kB | 417/522 kB | 208/375 kB | 0.2/1.5 MBProgress (5): 9.8 kB | 19 kB | 417/522 kB | 212/375 kB | 0.2/1.5 MBProgress (5): 9.8 kB | 19 kB | 421/522 kB | 212/375 kB | 0.2/1.5 MBProgress (5): 9.8 kB | 19 kB | 421/522 kB | 212/375 kB | 0.2/1.5 MBProgress (5): 9.8 kB | 19 kB | 425/522 kB | 212/375 kB | 0.2/1.5 MBProgress (5): 9.8 kB | 19 kB | 425/522 kB | 217/375 kB | 0.2/1.5 MBProgress (5): 9.8 kB | 19 kB | 425/522 kB | 217/375 kB | 0.2/1.5 MBProgress (5): 9.8 kB | 19 kB | 425/522 kB | 221/375 kB | 0.2/1.5 MBProgress (5): 9.8 kB | 19 kB | 430/522 kB | 221/375 kB | 0.2/1.5 MBProgress (5): 9.8 kB | 19 kB | 430/522 kB | 225/375 kB | 0.2/1.5 MBProgress (5): 9.8 kB | 19 kB | 434/522 kB | 225/375 kB | 0.2/1.5 MBProgress (5): 9.8 kB | 19 kB | 434/522 kB | 229/375 kB | 0.2/1.5 MBProgress (5): 9.8 kB | 19 kB | 438/522 kB | 229/375 kB | 0.2/1.5 MBProgress (5): 9.8 kB | 19 kB | 438/522 kB | 229/375 kB | 0.2/1.5 MBProgress (5): 9.8 kB | 19 kB | 442/522 kB | 229/375 kB | 0.2/1.5 MBProgress (5): 9.8 kB | 19 kB | 442/522 kB | 229/375 kB | 0.2/1.5 MBProgress (5): 9.8 kB | 19 kB | 442/522 kB | 233/375 kB | 0.2/1.5 MBProgress (5): 9.8 kB | 19 kB | 442/522 kB | 237/375 kB | 0.2/1.5 MBProgress (5): 9.8 kB | 19 kB | 446/522 kB | 237/375 kB | 0.2/1.5 MBProgress (5): 9.8 kB | 19 kB | 446/522 kB | 241/375 kB | 0.2/1.5 MBProgress (5): 9.8 kB | 19 kB | 450/522 kB | 241/375 kB | 0.2/1.5 MBProgress (5): 9.8 kB | 19 kB | 450/522 kB | 245/375 kB | 0.2/1.5 MBProgress (5): 9.8 kB | 19 kB | 450/522 kB | 245/375 kB | 0.3/1.5 MBProgress (5): 9.8 kB | 19 kB | 454/522 kB | 245/375 kB | 0.3/1.5 MBProgress (5): 9.8 kB | 19 kB | 454/522 kB | 245/375 kB | 0.3/1.5 MBProgress (5): 9.8 kB | 19 kB | 454/522 kB | 249/375 kB | 0.3/1.5 MBProgress (5): 9.8 kB | 19 kB | 458/522 kB | 249/375 kB | 0.3/1.5 MBProgress (5): 9.8 kB | 19 kB | 458/522 kB | 253/375 kB | 0.3/1.5 MBProgress (5): 9.8 kB | 19 kB | 458/522 kB | 258/375 kB | 0.3/1.5 MBProgress (5): 9.8 kB | 19 kB | 458/522 kB | 262/375 kB | 0.3/1.5 MBProgress (5): 9.8 kB | 19 kB | 462/522 kB | 262/375 kB | 0.3/1.5 MBProgress (5): 9.8 kB | 19 kB | 462/522 kB | 262/375 kB | 0.3/1.5 MBProgress (5): 9.8 kB | 19 kB | 466/522 kB | 262/375 kB | 0.3/1.5 MBProgress (5): 9.8 kB | 19 kB | 466/522 kB | 262/375 kB | 0.3/1.5 MBProgress (5): 9.8 kB | 19 kB | 466/522 kB | 266/375 kB | 0.3/1.5 MBProgress (5): 9.8 kB | 19 kB | 470/522 kB | 266/375 kB | 0.3/1.5 MBProgress (5): 9.8 kB | 19 kB | 470/522 kB | 270/375 kB | 0.3/1.5 MBProgress (5): 9.8 kB | 19 kB | 475/522 kB | 270/375 kB | 0.3/1.5 MBProgress (5): 9.8 kB | 19 kB | 475/522 kB | 274/375 kB | 0.3/1.5 MBProgress (5): 9.8 kB | 19 kB | 475/522 kB | 278/375 kB | 0.3/1.5 MBProgress (5): 9.8 kB | 19 kB | 475/522 kB | 278/375 kB | 0.3/1.5 MBProgress (5): 9.8 kB | 19 kB | 479/522 kB | 278/375 kB | 0.3/1.5 MBProgress (5): 9.8 kB | 19 kB | 479/522 kB | 282/375 kB | 0.3/1.5 MBProgress (5): 9.8 kB | 19 kB | 479/522 kB | 282/375 kB | 0.3/1.5 MBProgress (5): 9.8 kB | 19 kB | 483/522 kB | 282/375 kB | 0.3/1.5 MBProgress (5): 9.8 kB | 19 kB | 483/522 kB | 286/375 kB | 0.3/1.5 MBProgress (5): 9.8 kB | 19 kB | 487/522 kB | 286/375 kB | 0.3/1.5 MBProgress (5): 9.8 kB | 19 kB | 487/522 kB | 290/375 kB | 0.3/1.5 MBProgress (5): 9.8 kB | 19 kB | 491/522 kB | 290/375 kB | 0.3/1.5 MBProgress (5): 9.8 kB | 19 kB | 491/522 kB | 294/375 kB | 0.3/1.5 MBProgress (5): 9.8 kB | 19 kB | 491/522 kB | 294/375 kB | 0.3/1.5 MBProgress (5): 9.8 kB | 19 kB | 491/522 kB | 298/375 kB | 0.3/1.5 MBProgress (5): 9.8 kB | 19 kB | 495/522 kB | 298/375 kB | 0.3/1.5 MBProgress (5): 9.8 kB | 19 kB | 495/522 kB | 303/375 kB | 0.3/1.5 MBProgress (5): 9.8 kB | 19 kB | 495/522 kB | 303/375 kB | 0.3/1.5 MBProgress (5): 9.8 kB | 19 kB | 495/522 kB | 307/375 kB | 0.3/1.5 MBProgress (5): 9.8 kB | 19 kB | 499/522 kB | 307/375 kB | 0.3/1.5 MBProgress (5): 9.8 kB | 19 kB | 499/522 kB | 311/375 kB | 0.3/1.5 MBProgress (5): 9.8 kB | 19 kB | 503/522 kB | 311/375 kB | 0.3/1.5 MBProgress (5): 9.8 kB | 19 kB | 503/522 kB | 311/375 kB | 0.3/1.5 MB                                                                   Downloaded from central: https://repo.maven.apache.org/maven2/org/codehaus/modello/modello-plugin-converters/2.0.0/modello-plugin-converters-2.0.0.jar (9.8 kB at 70 kB/s)
Progress (4): 19 kB | 503/522 kB | 315/375 kB | 0.3/1.5 MBProgress (4): 19 kB | 503/522 kB | 315/375 kB | 0.3/1.5 MBProgress (4): 19 kB | 507/522 kB | 315/375 kB | 0.3/1.5 MBProgress (4): 19 kB | 507/522 kB | 319/375 kB | 0.3/1.5 MB                                                          Downloading from central: https://repo.maven.apache.org/maven2/com/fasterxml/jackson/core/jackson-annotations/2.13.1/jackson-annotations-2.13.1.jar
Progress (4): 19 kB | 511/522 kB | 319/375 kB | 0.3/1.5 MBProgress (4): 19 kB | 511/522 kB | 323/375 kB | 0.3/1.5 MBProgress (4): 19 kB | 516/522 kB | 323/375 kB | 0.3/1.5 MBProgress (4): 19 kB | 516/522 kB | 323/375 kB | 0.3/1.5 MBProgress (4): 19 kB | 520/522 kB | 323/375 kB | 0.3/1.5 MBProgress (4): 19 kB | 520/522 kB | 327/375 kB | 0.3/1.5 MBProgress (4): 19 kB | 522 kB | 327/375 kB | 0.3/1.5 MB    Progress (4): 19 kB | 522 kB | 327/375 kB | 0.3/1.5 MBProgress (4): 19 kB | 522 kB | 331/375 kB | 0.3/1.5 MBProgress (4): 19 kB | 522 kB | 335/375 kB | 0.3/1.5 MBProgress (4): 19 kB | 522 kB | 339/375 kB | 0.3/1.5 MBProgress (4): 19 kB | 522 kB | 343/375 kB | 0.3/1.5 MBProgress (4): 19 kB | 522 kB | 343/375 kB | 0.4/1.5 MBProgress (4): 19 kB | 522 kB | 343/375 kB | 0.4/1.5 MBProgress (4): 19 kB | 522 kB | 348/375 kB | 0.4/1.5 MBProgress (4): 19 kB | 522 kB | 352/375 kB | 0.4/1.5 MBProgress (4): 19 kB | 522 kB | 356/375 kB | 0.4/1.5 MBProgress (4): 19 kB | 522 kB | 356/375 kB | 0.4/1.5 MBProgress (4): 19 kB | 522 kB | 360/375 kB | 0.4/1.5 MBProgress (4): 19 kB | 522 kB | 360/375 kB | 0.4/1.5 MBProgress (4): 19 kB | 522 kB | 364/375 kB | 0.4/1.5 MBProgress (4): 19 kB | 522 kB | 368/375 kB | 0.4/1.5 MBProgress (4): 19 kB | 522 kB | 368/375 kB | 0.4/1.5 MBProgress (4): 19 kB | 522 kB | 372/375 kB | 0.4/1.5 MBProgress (4): 19 kB | 522 kB | 372/375 kB | 0.4/1.5 MBProgress (4): 19 kB | 522 kB | 375 kB | 0.4/1.5 MB    Progress (4): 19 kB | 522 kB | 375 kB | 0.4/1.5 MBProgress (4): 19 kB | 522 kB | 375 kB | 0.4/1.5 MBProgress (4): 19 kB | 522 kB | 375 kB | 0.4/1.5 MBProgress (4): 19 kB | 522 kB | 375 kB | 0.4/1.5 MBProgress (4): 19 kB | 522 kB | 375 kB | 0.4/1.5 MB                                                  Downloaded from central: https://repo.maven.apache.org/maven2/org/codehaus/modello/modello-plugin-dom4j/2.0.0/modello-plugin-dom4j-2.0.0.jar (19 kB at 127 kB/s)
Progress (3): 522 kB | 375 kB | 0.4/1.5 MB                                          Downloading from central: https://repo.maven.apache.org/maven2/org/codehaus/modello/modello-plugin-java/2.0.0/modello-plugin-java-2.0.0.jar
Progress (3): 522 kB | 375 kB | 0.4/1.5 MBProgress (3): 522 kB | 375 kB | 0.5/1.5 MBProgress (4): 522 kB | 375 kB | 0.5/1.5 MB | 4.1/76 kBProgress (4): 522 kB | 375 kB | 0.5/1.5 MB | 8.2/76 kBProgress (4): 522 kB | 375 kB | 0.5/1.5 MB | 12/76 kB Progress (4): 522 kB | 375 kB | 0.5/1.5 MB | 12/76 kBProgress (4): 522 kB | 375 kB | 0.5/1.5 MB | 16/76 kBProgress (4): 522 kB | 375 kB | 0.5/1.5 MB | 16/76 kB                                                     Downloaded from central: https://repo.maven.apache.org/maven2/com/fasterxml/jackson/core/jackson-core/2.13.1/jackson-core-2.13.1.jar (375 kB at 2.5 MB/s)
Progress (3): 522 kB | 0.5/1.5 MB | 20/76 kBProgress (3): 522 kB | 0.5/1.5 MB | 20/76 kBProgress (3): 522 kB | 0.5/1.5 MB | 24/76 kB                                            Downloading from central: https://repo.maven.apache.org/maven2/org/codehaus/modello/modello-plugin-jdom/2.0.0/modello-plugin-jdom-2.0.0.jar
Progress (3): 522 kB | 0.5/1.5 MB | 28/76 kBProgress (3): 522 kB | 0.5/1.5 MB | 28/76 kBProgress (3): 522 kB | 0.5/1.5 MB | 32/76 kBProgress (3): 522 kB | 0.5/1.5 MB | 32/76 kBProgress (3): 522 kB | 0.5/1.5 MB | 32/76 kBProgress (3): 522 kB | 0.5/1.5 MB | 36/76 kBProgress (3): 522 kB | 0.5/1.5 MB | 40/76 kBProgress (3): 522 kB | 0.5/1.5 MB | 45/76 kBProgress (3): 522 kB | 0.5/1.5 MB | 45/76 kBProgress (3): 522 kB | 0.5/1.5 MB | 49/76 kBProgress (3): 522 kB | 0.5/1.5 MB | 49/76 kBProgress (3): 522 kB | 0.5/1.5 MB | 49/76 kBProgress (3): 522 kB | 0.5/1.5 MB | 53/76 kBProgress (3): 522 kB | 0.5/1.5 MB | 53/76 kBProgress (3): 522 kB | 0.5/1.5 MB | 57/76 kBProgress (3): 522 kB | 0.5/1.5 MB | 61/76 kBProgress (3): 522 kB | 0.5/1.5 MB | 65/76 kBProgress (3): 522 kB | 0.5/1.5 MB | 65/76 kBProgress (3): 522 kB | 0.6/1.5 MB | 65/76 kBProgress (3): 522 kB | 0.6/1.5 MB | 69/76 kBProgress (3): 522 kB | 0.6/1.5 MB | 73/76 kBProgress (3): 522 kB | 0.6/1.5 MB | 73/76 kBProgress (3): 522 kB | 0.6/1.5 MB | 76 kB   Progress (3): 522 kB | 0.6/1.5 MB | 76 kBProgress (3): 522 kB | 0.6/1.5 MB | 76 kBProgress (4): 522 kB | 0.6/1.5 MB | 76 kB | 4.1/14 kBProgress (4): 522 kB | 0.6/1.5 MB | 76 kB | 4.1/14 kBProgress (4): 522 kB | 0.6/1.5 MB | 76 kB | 8.2/14 kBProgress (4): 522 kB | 0.6/1.5 MB | 76 kB | 12/14 kB Progress (4): 522 kB | 0.6/1.5 MB | 76 kB | 14 kB   Progress (4): 522 kB | 0.6/1.5 MB | 76 kB | 14 kBProgress (4): 522 kB | 0.6/1.5 MB | 76 kB | 14 kBProgress (4): 522 kB | 0.6/1.5 MB | 76 kB | 14 kBProgress (4): 522 kB | 0.6/1.5 MB | 76 kB | 14 kBProgress (4): 522 kB | 0.6/1.5 MB | 76 kB | 14 kBProgress (4): 522 kB | 0.6/1.5 MB | 76 kB | 14 kBProgress (4): 522 kB | 0.6/1.5 MB | 76 kB | 14 kBProgress (4): 522 kB | 0.7/1.5 MB | 76 kB | 14 kBProgress (4): 522 kB | 0.7/1.5 MB | 76 kB | 14 kBProgress (4): 522 kB | 0.7/1.5 MB | 76 kB | 14 kBProgress (4): 522 kB | 0.7/1.5 MB | 76 kB | 14 kB                                                 Downloaded from central: https://repo.maven.apache.org/maven2/com/fasterxml/jackson/core/jackson-annotations/2.13.1/jackson-annotations-2.13.1.jar (76 kB at 459 kB/s)
Progress (3): 522 kB | 0.7/1.5 MB | 14 kB                                         Downloading from central: https://repo.maven.apache.org/maven2/org/codehaus/modello/modello-plugin-jsonschema/2.0.0/modello-plugin-jsonschema-2.0.0.jar
Progress (3): 522 kB | 0.7/1.5 MB | 14 kBProgress (3): 522 kB | 0.7/1.5 MB | 14 kBProgress (3): 522 kB | 0.7/1.5 MB | 14 kBProgress (3): 522 kB | 0.7/1.5 MB | 14 kBProgress (3): 522 kB | 0.7/1.5 MB | 14 kBProgress (3): 522 kB | 0.7/1.5 MB | 14 kBProgress (3): 522 kB | 0.7/1.5 MB | 14 kBProgress (3): 522 kB | 0.8/1.5 MB | 14 kBProgress (3): 522 kB | 0.8/1.5 MB | 14 kBProgress (3): 522 kB | 0.8/1.5 MB | 14 kBProgress (3): 522 kB | 0.8/1.5 MB | 14 kBProgress (3): 522 kB | 0.8/1.5 MB | 14 kBProgress (3): 522 kB | 0.8/1.5 MB | 14 kBProgress (3): 522 kB | 0.8/1.5 MB | 14 kBProgress (3): 522 kB | 0.8/1.5 MB | 14 kBProgress (3): 522 kB | 0.8/1.5 MB | 14 kBProgress (3): 522 kB | 0.8/1.5 MB | 14 kBProgress (3): 522 kB | 0.8/1.5 MB | 14 kBProgress (3): 522 kB | 0.8/1.5 MB | 14 kBProgress (3): 522 kB | 0.9/1.5 MB | 14 kBProgress (3): 522 kB | 0.9/1.5 MB | 14 kBProgress (3): 522 kB | 0.9/1.5 MB | 14 kBProgress (3): 522 kB | 0.9/1.5 MB | 14 kBProgress (3): 522 kB | 0.9/1.5 MB | 14 kBProgress (3): 522 kB | 0.9/1.5 MB | 14 kBProgress (3): 522 kB | 0.9/1.5 MB | 14 kBProgress (3): 522 kB | 0.9/1.5 MB | 14 kBProgress (3): 522 kB | 0.9/1.5 MB | 14 kBProgress (3): 522 kB | 0.9/1.5 MB | 14 kBProgress (3): 522 kB | 0.9/1.5 MB | 14 kBProgress (3): 522 kB | 0.9/1.5 MB | 14 kBProgress (3): 522 kB | 1.0/1.5 MB | 14 kBProgress (3): 522 kB | 1.0/1.5 MB | 14 kBProgress (3): 522 kB | 1.0/1.5 MB | 14 kBProgress (3): 522 kB | 1.0/1.5 MB | 14 kBProgress (3): 522 kB | 1.0/1.5 MB | 14 kBProgress (3): 522 kB | 1.0/1.5 MB | 14 kBProgress (3): 522 kB | 1.0/1.5 MB | 14 kBProgress (3): 522 kB | 1.0/1.5 MB | 14 kBProgress (3): 522 kB | 1.0/1.5 MB | 14 kBProgress (3): 522 kB | 1.0/1.5 MB | 14 kBProgress (3): 522 kB | 1.0/1.5 MB | 14 kBProgress (3): 522 kB | 1.0/1.5 MB | 14 kBProgress (3): 522 kB | 1.0/1.5 MB | 14 kBProgress (3): 522 kB | 1.1/1.5 MB | 14 kBProgress (3): 522 kB | 1.1/1.5 MB | 14 kBProgress (3): 522 kB | 1.1/1.5 MB | 14 kBProgress (3): 522 kB | 1.1/1.5 MB | 14 kBProgress (3): 522 kB | 1.1/1.5 MB | 14 kBProgress (3): 522 kB | 1.1/1.5 MB | 14 kBProgress (3): 522 kB | 1.1/1.5 MB | 14 kBProgress (3): 522 kB | 1.1/1.5 MB | 14 kBProgress (3): 522 kB | 1.1/1.5 MB | 14 kBProgress (3): 522 kB | 1.1/1.5 MB | 14 kBProgress (3): 522 kB | 1.1/1.5 MB | 14 kBProgress (3): 522 kB | 1.1/1.5 MB | 14 kBProgress (3): 522 kB | 1.2/1.5 MB | 14 kBProgress (3): 522 kB | 1.2/1.5 MB | 14 kBProgress (3): 522 kB | 1.2/1.5 MB | 14 kBProgress (3): 522 kB | 1.2/1.5 MB | 14 kBProgress (3): 522 kB | 1.2/1.5 MB | 14 kBProgress (3): 522 kB | 1.2/1.5 MB | 14 kBProgress (3): 522 kB | 1.2/1.5 MB | 14 kBProgress (3): 522 kB | 1.2/1.5 MB | 14 kBProgress (3): 522 kB | 1.2/1.5 MB | 14 kBProgress (3): 522 kB | 1.2/1.5 MB | 14 kBProgress (3): 522 kB | 1.2/1.5 MB | 14 kBProgress (3): 522 kB | 1.2/1.5 MB | 14 kBProgress (3): 522 kB | 1.3/1.5 MB | 14 kBProgress (3): 522 kB | 1.3/1.5 MB | 14 kBProgress (3): 522 kB | 1.3/1.5 MB | 14 kBProgress (3): 522 kB | 1.3/1.5 MB | 14 kBProgress (3): 522 kB | 1.3/1.5 MB | 14 kBProgress (3): 522 kB | 1.3/1.5 MB | 14 kBProgress (3): 522 kB | 1.3/1.5 MB | 14 kBProgress (3): 522 kB | 1.3/1.5 MB | 14 kBProgress (3): 522 kB | 1.3/1.5 MB | 14 kBProgress (3): 522 kB | 1.3/1.5 MB | 14 kBProgress (3): 522 kB | 1.3/1.5 MB | 14 kBProgress (3): 522 kB | 1.3/1.5 MB | 14 kBProgress (3): 522 kB | 1.4/1.5 MB | 14 kBProgress (3): 522 kB | 1.4/1.5 MB | 14 kBProgress (3): 522 kB | 1.4/1.5 MB | 14 kBProgress (3): 522 kB | 1.4/1.5 MB | 14 kBProgress (3): 522 kB | 1.4/1.5 MB | 14 kBProgress (3): 522 kB | 1.4/1.5 MB | 14 kBProgress (3): 522 kB | 1.4/1.5 MB | 14 kBProgress (3): 522 kB | 1.4/1.5 MB | 14 kBProgress (3): 522 kB | 1.4/1.5 MB | 14 kBProgress (3): 522 kB | 1.4/1.5 MB | 14 kBProgress (3): 522 kB | 1.4/1.5 MB | 14 kBProgress (3): 522 kB | 1.4/1.5 MB | 14 kBProgress (3): 522 kB | 1.4/1.5 MB | 14 kBProgress (3): 522 kB | 1.5/1.5 MB | 14 kBProgress (3): 522 kB | 1.5/1.5 MB | 14 kBProgress (3): 522 kB | 1.5/1.5 MB | 14 kBProgress (3): 522 kB | 1.5/1.5 MB | 14 kBProgress (3): 522 kB | 1.5/1.5 MB | 14 kBProgress (3): 522 kB | 1.5/1.5 MB | 14 kBProgress (3): 522 kB | 1.5/1.5 MB | 14 kBProgress (3): 522 kB | 1.5/1.5 MB | 14 kBProgress (3): 522 kB | 1.5/1.5 MB | 14 kBProgress (3): 522 kB | 1.5/1.5 MB | 14 kB                                         Downloaded from central: https://repo.maven.apache.org/maven2/org/sonatype/sisu/sisu-guice/4.2.0/sisu-guice-4.2.0-no_aop.jar (522 kB at 2.4 MB/s)
Progress (2): 1.5 MB | 14 kB                            Downloading from central: https://repo.maven.apache.org/maven2/org/codehaus/modello/modello-plugin-sax/2.0.0/modello-plugin-sax-2.0.0.jar
Progress (3): 1.5 MB | 14 kB | 4.1/94 kBProgress (3): 1.5 MB | 14 kB | 8.2/94 kBProgress (3): 1.5 MB | 14 kB | 12/94 kB Progress (3): 1.5 MB | 14 kB | 16/94 kBProgress (3): 1.5 MB | 14 kB | 20/94 kBProgress (3): 1.5 MB | 14 kB | 24/94 kBProgress (3): 1.5 MB | 14 kB | 28/94 kBProgress (3): 1.5 MB | 14 kB | 32/94 kBProgress (3): 1.5 MB | 14 kB | 36/94 kBProgress (3): 1.5 MB | 14 kB | 40/94 kBProgress (3): 1.5 MB | 14 kB | 45/94 kBProgress (3): 1.5 MB | 14 kB | 49/94 kBProgress (3): 1.5 MB | 14 kB | 53/94 kB                                       Downloaded from central: https://repo.maven.apache.org/maven2/org/codehaus/modello/modello-plugin-jdom/2.0.0/modello-plugin-jdom-2.0.0.jar (14 kB at 62 kB/s)
Progress (2): 1.5 MB | 57/94 kB                               Downloading from central: https://repo.maven.apache.org/maven2/org/codehaus/modello/modello-plugin-snakeyaml/2.0.0/modello-plugin-snakeyaml-2.0.0.jar
Progress (2): 1.5 MB | 61/94 kBProgress (2): 1.5 MB | 65/94 kBProgress (2): 1.5 MB | 69/94 kBProgress (2): 1.5 MB | 73/94 kBProgress (2): 1.5 MB | 77/94 kBProgress (2): 1.5 MB | 81/94 kBProgress (2): 1.5 MB | 85/94 kBProgress (2): 1.5 MB | 90/94 kBProgress (2): 1.5 MB | 94/94 kBProgress (2): 1.5 MB | 94 kB   Progress (3): 1.5 MB | 94 kB | 4.1/22 kBProgress (3): 1.5 MB | 94 kB | 8.2/22 kBProgress (3): 1.5 MB | 94 kB | 12/22 kB Progress (3): 1.5 MB | 94 kB | 16/22 kB                                       Downloaded from central: https://repo.maven.apache.org/maven2/org/codehaus/modello/modello-plugin-java/2.0.0/modello-plugin-java-2.0.0.jar (94 kB at 399 kB/s)
Progress (2): 1.5 MB | 20/22 kB                               Downloading from central: https://repo.maven.apache.org/maven2/org/yaml/snakeyaml/1.30/snakeyaml-1.30.jar
Progress (2): 1.5 MB | 22 kB                            Downloaded from central: https://repo.maven.apache.org/maven2/com/fasterxml/jackson/core/jackson-databind/2.13.1/jackson-databind-2.13.1.jar (1.5 MB at 6.4 MB/s)
Downloading from central: https://repo.maven.apache.org/maven2/org/codehaus/modello/modello-plugin-stax/2.0.0/modello-plugin-stax-2.0.0.jar
Progress (2): 22 kB | 4.1/7.0 kBProgress (2): 22 kB | 7.0 kB    Progress (3): 22 kB | 7.0 kB | 4.1/332 kBProgress (3): 22 kB | 7.0 kB | 8.2/332 kBProgress (3): 22 kB | 7.0 kB | 12/332 kB Progress (3): 22 kB | 7.0 kB | 16/332 kBProgress (3): 22 kB | 7.0 kB | 20/332 kBProgress (3): 22 kB | 7.0 kB | 24/332 kBProgress (3): 22 kB | 7.0 kB | 28/332 kBProgress (3): 22 kB | 7.0 kB | 32/332 kBProgress (3): 22 kB | 7.0 kB | 36/332 kB                                        Downloaded from central: https://repo.maven.apache.org/maven2/org/codehaus/modello/modello-plugin-jsonschema/2.0.0/modello-plugin-jsonschema-2.0.0.jar (7.0 kB at 28 kB/s)
Downloading from central: https://repo.maven.apache.org/maven2/org/codehaus/modello/modello-plugin-xdoc/2.0.0/modello-plugin-xdoc-2.0.0.jar
Progress (2): 22 kB | 40/332 kBProgress (2): 22 kB | 45/332 kBProgress (2): 22 kB | 49/332 kBProgress (2): 22 kB | 53/332 kBProgress (2): 22 kB | 57/332 kBProgress (2): 22 kB | 61/332 kBProgress (2): 22 kB | 65/332 kBProgress (2): 22 kB | 69/332 kBProgress (2): 22 kB | 73/332 kBProgress (2): 22 kB | 77/332 kBProgress (2): 22 kB | 81/332 kBProgress (2): 22 kB | 85/332 kBProgress (2): 22 kB | 90/332 kBProgress (2): 22 kB | 94/332 kBProgress (2): 22 kB | 98/332 kBProgress (2): 22 kB | 102/332 kBProgress (2): 22 kB | 106/332 kBProgress (2): 22 kB | 110/332 kBProgress (2): 22 kB | 114/332 kBProgress (2): 22 kB | 118/332 kBProgress (2): 22 kB | 122/332 kBProgress (2): 22 kB | 126/332 kBProgress (2): 22 kB | 131/332 kBProgress (2): 22 kB | 135/332 kBProgress (2): 22 kB | 139/332 kBProgress (2): 22 kB | 143/332 kBProgress (2): 22 kB | 147/332 kBProgress (2): 22 kB | 151/332 kBProgress (2): 22 kB | 155/332 kBProgress (2): 22 kB | 159/332 kBProgress (2): 22 kB | 163/332 kBProgress (2): 22 kB | 167/332 kBProgress (2): 22 kB | 171/332 kBProgress (2): 22 kB | 176/332 kBProgress (2): 22 kB | 180/332 kBProgress (2): 22 kB | 184/332 kBProgress (2): 22 kB | 188/332 kBProgress (2): 22 kB | 192/332 kBProgress (2): 22 kB | 196/332 kBProgress (2): 22 kB | 200/332 kBProgress (2): 22 kB | 204/332 kBProgress (2): 22 kB | 208/332 kBProgress (2): 22 kB | 212/332 kBProgress (2): 22 kB | 217/332 kBProgress (2): 22 kB | 221/332 kBProgress (2): 22 kB | 225/332 kBProgress (2): 22 kB | 229/332 kBProgress (2): 22 kB | 233/332 kBProgress (2): 22 kB | 237/332 kBProgress (2): 22 kB | 241/332 kBProgress (2): 22 kB | 245/332 kBProgress (2): 22 kB | 249/332 kBProgress (2): 22 kB | 253/332 kBProgress (2): 22 kB | 258/332 kBProgress (2): 22 kB | 262/332 kBProgress (2): 22 kB | 266/332 kBProgress (2): 22 kB | 270/332 kBProgress (2): 22 kB | 274/332 kBProgress (2): 22 kB | 278/332 kBProgress (2): 22 kB | 282/332 kBProgress (2): 22 kB | 286/332 kBProgress (2): 22 kB | 290/332 kBProgress (2): 22 kB | 294/332 kBProgress (2): 22 kB | 298/332 kBProgress (2): 22 kB | 303/332 kBProgress (2): 22 kB | 307/332 kBProgress (2): 22 kB | 311/332 kBProgress (2): 22 kB | 315/332 kBProgress (2): 22 kB | 319/332 kBProgress (2): 22 kB | 323/332 kBProgress (2): 22 kB | 327/332 kBProgress (2): 22 kB | 331/332 kBProgress (2): 22 kB | 332 kB                                Downloaded from central: https://repo.maven.apache.org/maven2/org/yaml/snakeyaml/1.30/snakeyaml-1.30.jar (332 kB at 1.2 MB/s)
Downloading from central: https://repo.maven.apache.org/maven2/org/jsoup/jsoup/1.14.3/jsoup-1.14.3.jar
Progress (2): 22 kB | 4.1/423 kBProgress (2): 22 kB | 8.2/423 kBProgress (2): 22 kB | 12/423 kB Progress (2): 22 kB | 16/423 kBProgress (2): 22 kB | 20/423 kBProgress (2): 22 kB | 24/423 kBProgress (2): 22 kB | 28/423 kBProgress (2): 22 kB | 32/423 kBProgress (2): 22 kB | 36/423 kBProgress (2): 22 kB | 40/423 kBProgress (2): 22 kB | 45/423 kBProgress (2): 22 kB | 49/423 kBProgress (2): 22 kB | 53/423 kBProgress (2): 22 kB | 57/423 kBProgress (2): 22 kB | 61/423 kBProgress (2): 22 kB | 65/423 kBProgress (2): 22 kB | 69/423 kBProgress (3): 22 kB | 69/423 kB | 4.1/11 kBProgress (3): 22 kB | 73/423 kB | 4.1/11 kBProgress (3): 22 kB | 73/423 kB | 8.2/11 kBProgress (3): 22 kB | 77/423 kB | 8.2/11 kBProgress (3): 22 kB | 77/423 kB | 11 kB    Progress (3): 22 kB | 81/423 kB | 11 kBProgress (3): 22 kB | 85/423 kB | 11 kBProgress (3): 22 kB | 90/423 kB | 11 kBProgress (3): 22 kB | 94/423 kB | 11 kBProgress (3): 22 kB | 98/423 kB | 11 kBProgress (3): 22 kB | 102/423 kB | 11 kBProgress (3): 22 kB | 106/423 kB | 11 kBProgress (3): 22 kB | 110/423 kB | 11 kBProgress (3): 22 kB | 114/423 kB | 11 kBProgress (3): 22 kB | 118/423 kB | 11 kBProgress (3): 22 kB | 122/423 kB | 11 kBProgress (3): 22 kB | 126/423 kB | 11 kBProgress (3): 22 kB | 131/423 kB | 11 kBProgress (3): 22 kB | 135/423 kB | 11 kBProgress (3): 22 kB | 139/423 kB | 11 kBProgress (3): 22 kB | 143/423 kB | 11 kBProgress (3): 22 kB | 147/423 kB | 11 kBProgress (3): 22 kB | 151/423 kB | 11 kBProgress (3): 22 kB | 155/423 kB | 11 kBProgress (3): 22 kB | 159/423 kB | 11 kBProgress (3): 22 kB | 163/423 kB | 11 kBProgress (3): 22 kB | 167/423 kB | 11 kBProgress (3): 22 kB | 171/423 kB | 11 kBProgress (3): 22 kB | 176/423 kB | 11 kBProgress (3): 22 kB | 180/423 kB | 11 kBProgress (3): 22 kB | 184/423 kB | 11 kBProgress (3): 22 kB | 188/423 kB | 11 kBProgress (3): 22 kB | 192/423 kB | 11 kBProgress (3): 22 kB | 196/423 kB | 11 kBProgress (3): 22 kB | 200/423 kB | 11 kBProgress (3): 22 kB | 204/423 kB | 11 kBProgress (3): 22 kB | 208/423 kB | 11 kBProgress (3): 22 kB | 212/423 kB | 11 kBProgress (3): 22 kB | 217/423 kB | 11 kBProgress (3): 22 kB | 221/423 kB | 11 kBProgress (3): 22 kB | 225/423 kB | 11 kBProgress (3): 22 kB | 229/423 kB | 11 kBProgress (3): 22 kB | 233/423 kB | 11 kBProgress (3): 22 kB | 237/423 kB | 11 kBProgress (3): 22 kB | 241/423 kB | 11 kBProgress (3): 22 kB | 245/423 kB | 11 kBProgress (3): 22 kB | 249/423 kB | 11 kBProgress (3): 22 kB | 253/423 kB | 11 kBProgress (3): 22 kB | 258/423 kB | 11 kBProgress (3): 22 kB | 262/423 kB | 11 kBProgress (3): 22 kB | 266/423 kB | 11 kBProgress (3): 22 kB | 270/423 kB | 11 kBProgress (3): 22 kB | 274/423 kB | 11 kBProgress (3): 22 kB | 278/423 kB | 11 kBProgress (3): 22 kB | 282/423 kB | 11 kBProgress (3): 22 kB | 286/423 kB | 11 kBProgress (3): 22 kB | 290/423 kB | 11 kBProgress (3): 22 kB | 294/423 kB | 11 kBProgress (3): 22 kB | 298/423 kB | 11 kBProgress (3): 22 kB | 303/423 kB | 11 kBProgress (3): 22 kB | 307/423 kB | 11 kBProgress (3): 22 kB | 311/423 kB | 11 kBProgress (3): 22 kB | 315/423 kB | 11 kBProgress (3): 22 kB | 319/423 kB | 11 kBProgress (3): 22 kB | 323/423 kB | 11 kBProgress (3): 22 kB | 327/423 kB | 11 kBProgress (3): 22 kB | 331/423 kB | 11 kBProgress (4): 22 kB | 331/423 kB | 11 kB | 4.1/39 kBProgress (4): 22 kB | 335/423 kB | 11 kB | 4.1/39 kBProgress (4): 22 kB | 335/423 kB | 11 kB | 8.2/39 kBProgress (4): 22 kB | 339/423 kB | 11 kB | 8.2/39 kBProgress (4): 22 kB | 339/423 kB | 11 kB | 12/39 kB Progress (4): 22 kB | 344/423 kB | 11 kB | 12/39 kBProgress (4): 22 kB | 344/423 kB | 11 kB | 16/39 kBProgress (4): 22 kB | 348/423 kB | 11 kB | 16/39 kBProgress (4): 22 kB | 352/423 kB | 11 kB | 16/39 kBProgress (4): 22 kB | 352/423 kB | 11 kB | 20/39 kBProgress (4): 22 kB | 356/423 kB | 11 kB | 20/39 kBProgress (4): 22 kB | 356/423 kB | 11 kB | 24/39 kBProgress (4): 22 kB | 360/423 kB | 11 kB | 24/39 kBProgress (4): 22 kB | 360/423 kB | 11 kB | 28/39 kBProgress (4): 22 kB | 360/423 kB | 11 kB | 32/39 kBProgress (4): 22 kB | 364/423 kB | 11 kB | 32/39 kBProgress (4): 22 kB | 368/423 kB | 11 kB | 32/39 kBProgress (4): 22 kB | 368/423 kB | 11 kB | 36/39 kBProgress (4): 22 kB | 372/423 kB | 11 kB | 36/39 kBProgress (4): 22 kB | 372/423 kB | 11 kB | 39 kB                                                   Downloaded from central: https://repo.maven.apache.org/maven2/org/codehaus/modello/modello-plugin-snakeyaml/2.0.0/modello-plugin-snakeyaml-2.0.0.jar (22 kB at 69 kB/s)
Progress (3): 376/423 kB | 11 kB | 39 kB                                        Downloading from central: https://repo.maven.apache.org/maven2/org/codehaus/modello/modello-plugin-xpp3/2.0.0/modello-plugin-xpp3-2.0.0.jar
Progress (3): 380/423 kB | 11 kB | 39 kBProgress (3): 384/423 kB | 11 kB | 39 kBProgress (3): 389/423 kB | 11 kB | 39 kBProgress (3): 393/423 kB | 11 kB | 39 kBProgress (3): 397/423 kB | 11 kB | 39 kBProgress (3): 401/423 kB | 11 kB | 39 kBProgress (3): 405/423 kB | 11 kB | 39 kBProgress (3): 409/423 kB | 11 kB | 39 kBProgress (3): 413/423 kB | 11 kB | 39 kBProgress (3): 417/423 kB | 11 kB | 39 kBProgress (3): 421/423 kB | 11 kB | 39 kBProgress (3): 423 kB | 11 kB | 39 kB    Progress (4): 423 kB | 11 kB | 39 kB | 4.1/15 kBProgress (4): 423 kB | 11 kB | 39 kB | 8.2/15 kBProgress (4): 423 kB | 11 kB | 39 kB | 12/15 kB Progress (4): 423 kB | 11 kB | 39 kB | 15 kB                                               Downloaded from central: https://repo.maven.apache.org/maven2/org/jsoup/jsoup/1.14.3/jsoup-1.14.3.jar (423 kB at 1.3 MB/s)
Downloading from central: https://repo.maven.apache.org/maven2/org/codehaus/modello/modello-plugin-xsd/2.0.0/modello-plugin-xsd-2.0.0.jar
Downloaded from central: https://repo.maven.apache.org/maven2/org/codehaus/modello/modello-plugin-stax/2.0.0/modello-plugin-stax-2.0.0.jar (39 kB at 120 kB/s)
Progress (3): 11 kB | 15 kB | 4.1/15 kBProgress (3): 11 kB | 15 kB | 8.2/15 kBProgress (3): 11 kB | 15 kB | 12/15 kB Progress (3): 11 kB | 15 kB | 15 kB                                      Downloaded from central: https://repo.maven.apache.org/maven2/org/codehaus/modello/modello-plugin-sax/2.0.0/modello-plugin-sax-2.0.0.jar (11 kB at 29 kB/s)
Progress (3): 15 kB | 15 kB | 4.1/31 kBProgress (3): 15 kB | 15 kB | 8.2/31 kB                                       Downloaded from central: https://repo.maven.apache.org/maven2/org/codehaus/modello/modello-plugin-xdoc/2.0.0/modello-plugin-xdoc-2.0.0.jar (15 kB at 40 kB/s)
Progress (2): 15 kB | 12/31 kBProgress (2): 15 kB | 16/31 kBProgress (2): 15 kB | 20/31 kBProgress (2): 15 kB | 24/31 kBProgress (2): 15 kB | 28/31 kBProgress (2): 15 kB | 31 kB                              Downloaded from central: https://repo.maven.apache.org/maven2/org/codehaus/modello/modello-plugin-xsd/2.0.0/modello-plugin-xsd-2.0.0.jar (15 kB at 38 kB/s)
Downloaded from central: https://repo.maven.apache.org/maven2/org/codehaus/modello/modello-plugin-xpp3/2.0.0/modello-plugin-xpp3-2.0.0.jar (31 kB at 68 kB/s)
[[1;34mINFO[m] 
[[1;34mINFO[m] [1m--------------< [0;36morg.apache.maven:maven-plugin-tools-ant[0;1m >---------------[m
[[1;34mINFO[m] [1mBuilding Maven Ant Plugin Tools 2.0.1-SNAPSHOT                   [27/31][m
[[1;34mINFO[m] [1m--------------------------------[ jar ]---------------------------------[m
Downloading from snapshots: http://snapshots.maven.codehaus.org/maven2/org/apache/maven/maven-plugin-tools-model/2.0.1-SNAPSHOT/maven-metadata.xml
[[1;33mWARNING[m] Could not transfer metadata org.apache.maven:maven-plugin-tools-model:2.0.1-SNAPSHOT/maven-metadata.xml from/to snapshots (http://snapshots.maven.codehaus.org/maven2): Transfer failed for http://snapshots.maven.codehaus.org/maven2/org/apache/maven/maven-plugin-tools-model/2.0.1-SNAPSHOT/maven-metadata.xml
[[1;33mWARNING[m] Failure to transfer org.apache.maven:maven-plugin-tools-model:2.0.1-SNAPSHOT/maven-metadata.xml from http://snapshots.maven.codehaus.org/maven2 was cached in the local repository, resolution will not be reattempted until the update interval of snapshots has elapsed or updates are forced. Original error: Could not transfer metadata org.apache.maven:maven-plugin-tools-model:2.0.1-SNAPSHOT/maven-metadata.xml from/to snapshots (http://snapshots.maven.codehaus.org/maven2): Transfer failed for http://snapshots.maven.codehaus.org/maven2/org/apache/maven/maven-plugin-tools-model/2.0.1-SNAPSHOT/maven-metadata.xml
Downloading from snapshots: http://snapshots.maven.codehaus.org/maven2/org/apache/maven/maven-plugin-tools-model/2.0.1-SNAPSHOT/maven-plugin-tools-model-2.0.1-SNAPSHOT.jar
[[1;34mINFO[m] 
[[1;34mINFO[m] [1m----------< [0;36morg.apache.maven.reporting:maven-reporting-impl[0;1m >-----------[m
[[1;34mINFO[m] [1mBuilding Maven Reporting 2.0.1-SNAPSHOT                          [28/31][m
[[1;34mINFO[m] [1m--------------------------------[ jar ]---------------------------------[m
Downloading from central: https://repo.maven.apache.org/maven2/commons-validator/commons-validator/1.1.4/commons-validator-1.1.4.pom
Progress (1): 168 B                   Downloaded from central: https://repo.maven.apache.org/maven2/commons-validator/commons-validator/1.1.4/commons-validator-1.1.4.pom (168 B at 17 kB/s)
Downloading from snapshots: http://snapshots.maven.codehaus.org/maven2/org/codehaus/doxia/doxia-core/1.0-alpha-6-SNAPSHOT/maven-metadata.xml
Downloading from apache.snapshots: http://cvs.apache.org/maven-snapshot-repository/org/codehaus/doxia/doxia-core/1.0-alpha-6-SNAPSHOT/maven-metadata.xml
[[1;33mWARNING[m] Could not transfer metadata org.codehaus.doxia:doxia-core:1.0-alpha-6-SNAPSHOT/maven-metadata.xml from/to snapshots (http://snapshots.maven.codehaus.org/maven2): Transfer failed for http://snapshots.maven.codehaus.org/maven2/org/codehaus/doxia/doxia-core/1.0-alpha-6-SNAPSHOT/maven-metadata.xml
[[1;33mWARNING[m] Failure to transfer org.codehaus.doxia:doxia-core:1.0-alpha-6-SNAPSHOT/maven-metadata.xml from http://snapshots.maven.codehaus.org/maven2 was cached in the local repository, resolution will not be reattempted until the update interval of snapshots has elapsed or updates are forced. Original error: Could not transfer metadata org.codehaus.doxia:doxia-core:1.0-alpha-6-SNAPSHOT/maven-metadata.xml from/to snapshots (http://snapshots.maven.codehaus.org/maven2): Transfer failed for http://snapshots.maven.codehaus.org/maven2/org/codehaus/doxia/doxia-core/1.0-alpha-6-SNAPSHOT/maven-metadata.xml
Downloading from snapshots: http://snapshots.maven.codehaus.org/maven2/org/codehaus/doxia/doxia-core/1.0-alpha-6-SNAPSHOT/doxia-core-1.0-alpha-6-SNAPSHOT.pom
Downloading from apache.snapshots: http://cvs.apache.org/maven-snapshot-repository/org/codehaus/doxia/doxia-core/1.0-alpha-6-SNAPSHOT/doxia-core-1.0-alpha-6-SNAPSHOT.pom
[[1;34mINFO[m] 
[[1;34mINFO[m] [1m-----------------< [0;36morg.apache.maven:maven-script-ant[0;1m >------------------[m
[[1;34mINFO[m] [1mBuilding Maven Ant Mojo Support 2.0.1-SNAPSHOT                   [29/31][m
[[1;34mINFO[m] [1m--------------------------------[ jar ]---------------------------------[m
Downloading from snapshots: http://snapshots.maven.codehaus.org/maven2/org/codehaus/plexus/plexus-ant-factory/1.0-alpha-1-SNAPSHOT/maven-metadata.xml
[[1;33mWARNING[m] Could not transfer metadata org.codehaus.plexus:plexus-ant-factory:1.0-alpha-1-SNAPSHOT/maven-metadata.xml from/to snapshots (http://snapshots.maven.codehaus.org/maven2): Transfer failed for http://snapshots.maven.codehaus.org/maven2/org/codehaus/plexus/plexus-ant-factory/1.0-alpha-1-SNAPSHOT/maven-metadata.xml
[[1;33mWARNING[m] Failure to transfer org.codehaus.plexus:plexus-ant-factory:1.0-alpha-1-SNAPSHOT/maven-metadata.xml from http://snapshots.maven.codehaus.org/maven2 was cached in the local repository, resolution will not be reattempted until the update interval of snapshots has elapsed or updates are forced. Original error: Could not transfer metadata org.codehaus.plexus:plexus-ant-factory:1.0-alpha-1-SNAPSHOT/maven-metadata.xml from/to snapshots (http://snapshots.maven.codehaus.org/maven2): Transfer failed for http://snapshots.maven.codehaus.org/maven2/org/codehaus/plexus/plexus-ant-factory/1.0-alpha-1-SNAPSHOT/maven-metadata.xml
Downloading from snapshots: http://snapshots.maven.codehaus.org/maven2/org/codehaus/plexus/plexus-ant-factory/1.0-alpha-1-SNAPSHOT/plexus-ant-factory-1.0-alpha-1-SNAPSHOT.pom
[[1;34mINFO[m] 
[[1;34mINFO[m] [1m-------------------< [0;36morg.apache.maven:maven-script[0;1m >--------------------[m
[[1;34mINFO[m] [1mBuilding Maven Script Support Root 2.0.1-SNAPSHOT                [30/31][m
[[1;34mINFO[m] [1m--------------------------------[ pom ]---------------------------------[m
[[1;34mINFO[m] 
[[1;34mINFO[m] [1m--- [0;32mmaven-install-plugin:2.4:install[m [1m(default-install)[m @ [36mmaven-script[0;1m ---[m
[[1;34mINFO[m] Installing /home/user/Workspace/reproducibility/Reproducibility-Scanner/benchmarks/bugs-dot-jar/maven/maven-script/pom.xml to /home/user/.m2/repository/org/apache/maven/maven-script/2.0.1-SNAPSHOT/maven-script-2.0.1-SNAPSHOT.pom
[[1;34mINFO[m] 
[[1;34mINFO[m] [1m--------------< [0;36morg.apache.maven:maven-script-beanshell[0;1m >---------------[m
[[1;34mINFO[m] [1mBuilding Maven Beanshell Mojo Support 2.0.1-SNAPSHOT             [31/31][m
[[1;34mINFO[m] [1m--------------------------------[ jar ]---------------------------------[m
[[1;34mINFO[m] 
[[1;34mINFO[m] [1m--- [0;32mmaven-resources-plugin:2.6:resources[m [1m(default-resources)[m @ [36mmaven-script-beanshell[0;1m ---[m
[[1;33mWARNING[m] Using platform encoding (UTF-8 actually) to copy filtered resources, i.e. build is platform dependent!
[[1;34mINFO[m] skip non existing resourceDirectory /home/user/Workspace/reproducibility/Reproducibility-Scanner/benchmarks/bugs-dot-jar/maven/maven-script/maven-script-beanshell/src/main/resources
[[1;34mINFO[m] 
[[1;34mINFO[m] [1m--- [0;32mmaven-compiler-plugin:3.1:compile[m [1m(default-compile)[m @ [36mmaven-script-beanshell[0;1m ---[m
[[1;34mINFO[m] Changes detected - recompiling the module!
[[1;33mWARNING[m] File encoding has not been set, using platform encoding UTF-8, i.e. build is platform dependent!
[[1;34mINFO[m] Compiling 1 source file to /home/user/Workspace/reproducibility/Reproducibility-Scanner/benchmarks/bugs-dot-jar/maven/maven-script/maven-script-beanshell/target/classes
[[1;34mINFO[m] 
[[1;34mINFO[m] [1m--- [0;32mmaven-resources-plugin:2.6:testResources[m [1m(default-testResources)[m @ [36mmaven-script-beanshell[0;1m ---[m
[[1;33mWARNING[m] Using platform encoding (UTF-8 actually) to copy filtered resources, i.e. build is platform dependent!
[[1;34mINFO[m] skip non existing resourceDirectory /home/user/Workspace/reproducibility/Reproducibility-Scanner/benchmarks/bugs-dot-jar/maven/maven-script/maven-script-beanshell/src/test/resources
[[1;34mINFO[m] 
[[1;34mINFO[m] [1m--- [0;32mmaven-compiler-plugin:3.1:testCompile[m [1m(default-testCompile)[m @ [36mmaven-script-beanshell[0;1m ---[m
[[1;34mINFO[m] No sources to compile
[[1;34mINFO[m] 
[[1;34mINFO[m] [1m--- [0;32mmaven-surefire-plugin:2.12.4:test[m [1m(default-test)[m @ [36mmaven-script-beanshell[0;1m ---[m
[[1;34mINFO[m] Tests are skipped.
[[1;34mINFO[m] 
[[1;34mINFO[m] [1m--- [0;32mmaven-jar-plugin:2.4:jar[m [1m(default-jar)[m @ [36mmaven-script-beanshell[0;1m ---[m
[[1;34mINFO[m] Building jar: /home/user/Workspace/reproducibility/Reproducibility-Scanner/benchmarks/bugs-dot-jar/maven/maven-script/maven-script-beanshell/target/maven-script-beanshell-2.0.1-SNAPSHOT.jar
[[1;34mINFO[m] 
[[1;34mINFO[m] [1m--- [0;32mmaven-install-plugin:2.4:install[m [1m(default-install)[m @ [36mmaven-script-beanshell[0;1m ---[m
[[1;34mINFO[m] Installing /home/user/Workspace/reproducibility/Reproducibility-Scanner/benchmarks/bugs-dot-jar/maven/maven-script/maven-script-beanshell/target/maven-script-beanshell-2.0.1-SNAPSHOT.jar to /home/user/.m2/repository/org/apache/maven/maven-script-beanshell/2.0.1-SNAPSHOT/maven-script-beanshell-2.0.1-SNAPSHOT.jar
[[1;34mINFO[m] Installing /home/user/Workspace/reproducibility/Reproducibility-Scanner/benchmarks/bugs-dot-jar/maven/maven-script/maven-script-beanshell/pom.xml to /home/user/.m2/repository/org/apache/maven/maven-script-beanshell/2.0.1-SNAPSHOT/maven-script-beanshell-2.0.1-SNAPSHOT.pom
[[1;34mINFO[m] [1m------------------------------------------------------------------------[m
[[1;34mINFO[m] [1mReactor Summary for Maven 2.0.1-SNAPSHOT:[m
[[1;34mINFO[m] 
[[1;34mINFO[m] Maven .............................................. [1;32mSUCCESS[m [  0.172 s]
[[1;34mINFO[m] Maven Model ........................................ [1;32mSUCCESS[m [  3.535 s]
[[1;34mINFO[m] Maven Local Settings Model ......................... [1;32mSUCCESS[m [  0.309 s]
[[1;34mINFO[m] Maven Repository Metadata Model .................... [1;32mSUCCESS[m [  0.117 s]
[[1;34mINFO[m] Maven Artifact ..................................... [1;32mSUCCESS[m [  0.395 s]
[[1;34mINFO[m] Maven Artifact Manager ............................. [1;32mSUCCESS[m [  0.253 s]
[[1;34mINFO[m] Maven Artifact Test Helper Library ................. [1;32mSUCCESS[m [  0.055 s]
[[1;34mINFO[m] Maven Profile Model ................................ [1;32mSUCCESS[m [  0.143 s]
[[1;34mINFO[m] Maven Project Builder .............................. [1;32mSUCCESS[m [  0.418 s]
[[1;34mINFO[m] Maven Archiver ..................................... [1;31mFAILURE[m [  1.041 s]
[[1;34mINFO[m] Maven Plugin Parameter Documenter API .............. [1;32mSUCCESS[m [  0.119 s]
[[1;34mINFO[m] Maven Reporting .................................... [1;32mSUCCESS[m [  0.005 s]
[[1;34mINFO[m] Maven Reporting API ................................ [1;31mFAILURE[m [  0.690 s]
[[1;34mINFO[m] Maven Error Diagnostics ............................ [1;32mSUCCESS[m [  0.069 s]
[[1;34mINFO[m] Maven Plugin Registry Model ........................ [1;32mSUCCESS[m [  0.108 s]
[[1;34mINFO[m] Maven Plugin API ................................... [1;32mSUCCESS[m [  0.055 s]
[[1;34mINFO[m] Maven Plugin Descriptor Model ...................... [1;32mSUCCESS[m [  0.130 s]
[[1;34mINFO[m] Maven Monitor ...................................... [1;32mSUCCESS[m [  0.045 s]
[[1;34mINFO[m] Maven Core ......................................... [1;31mFAILURE[m [  0.962 s]
[[1;34mINFO[m] Maven Model Converter .............................. [1;32mSUCCESS[m [  0.517 s]
[[1;34mINFO[m] Maven Plugin Tools Base POM ........................ [1;32mSUCCESS[m [  0.004 s]
[[1;34mINFO[m] Maven Plugin Tools APIs ............................ [1;32mSUCCESS[m [  0.145 s]
[[1;34mINFO[m] Maven Plugin Tools for Java ........................ [1;32mSUCCESS[m [  0.074 s]
[[1;34mINFO[m] Maven Plugin Tools for Beanshell ................... [1;32mSUCCESS[m [  0.050 s]
[[1;34mINFO[m] Maven Pluggy Simplistic Plugin Generator ........... [1;32mSUCCESS[m [  0.043 s]
[[1;34mINFO[m] Maven Plugin Metadata Model ........................ [1;31mFAILURE[m [  3.193 s]
[[1;34mINFO[m] Maven Ant Plugin Tools ............................. [1;31mFAILURE[m [  0.012 s]
[[1;34mINFO[m] Maven Reporting .................................... [1;31mFAILURE[m [  0.720 s]
[[1;34mINFO[m] Maven Ant Mojo Support ............................. [1;31mFAILURE[m [  0.013 s]
[[1;34mINFO[m] Maven Script Support Root .......................... [1;32mSUCCESS[m [  0.005 s]
[[1;34mINFO[m] Maven Beanshell Mojo Support ....................... [1;32mSUCCESS[m [  0.046 s]
[[1;34mINFO[m] [1m------------------------------------------------------------------------[m
[[1;34mINFO[m] [1;31mBUILD FAILURE[m
[[1;34mINFO[m] [1m------------------------------------------------------------------------[m
[[1;34mINFO[m] Total time:  14.581 s
[[1;34mINFO[m] Finished at: 2022-07-31T00:50:15-07:00
[[1;34mINFO[m] [1m------------------------------------------------------------------------[m
[[1;31mERROR[m] Failed to execute goal on project [36mmaven-archiver[m: [1;31mCould not resolve dependencies for project org.apache.maven:maven-archiver:jar:2.0.1-SNAPSHOT: Failed to collect dependencies at org.codehaus.plexus:plexus-archiver:jar:1.0-alpha-4-SNAPSHOT[m: Failed to read artifact descriptor for org.codehaus.plexus:plexus-archiver:jar:1.0-alpha-4-SNAPSHOT: Could not transfer artifact org.codehaus.plexus:plexus-archiver:pom:1.0-alpha-4-SNAPSHOT from/to snapshots (http://snapshots.maven.codehaus.org/maven2): Transfer failed for http://snapshots.maven.codehaus.org/maven2/org/codehaus/plexus/plexus-archiver/1.0-alpha-4-SNAPSHOT/plexus-archiver-1.0-alpha-4-SNAPSHOT.pom: Unknown host snapshots.maven.codehaus.org -> [1m[Help 1][m
[[1;31mERROR[m] Failed to execute goal on project [36mmaven-reporting-api[m: [1;31mCould not resolve dependencies for project org.apache.maven.reporting:maven-reporting-api:jar:2.0.1-SNAPSHOT: Failed to collect dependencies at org.codehaus.doxia:doxia-sink-api:jar:1.0-alpha-6-SNAPSHOT[m: Failed to read artifact descriptor for org.codehaus.doxia:doxia-sink-api:jar:1.0-alpha-6-SNAPSHOT: Could not transfer artifact org.codehaus.doxia:doxia-sink-api:pom:1.0-alpha-6-SNAPSHOT from/to snapshots (http://snapshots.maven.codehaus.org/maven2): Transfer failed for http://snapshots.maven.codehaus.org/maven2/org/codehaus/doxia/doxia-sink-api/1.0-alpha-6-SNAPSHOT/doxia-sink-api-1.0-alpha-6-SNAPSHOT.pom: Unknown host snapshots.maven.codehaus.org -> [1m[Help 1][m
[[1;31mERROR[m] Failed to execute goal on project [36mmaven-core[m: [1;31mCould not resolve dependencies for project org.apache.maven:maven-core:jar:2.0.1-SNAPSHOT: The following artifacts could not be resolved: org.apache.maven.reporting:maven-reporting-api:jar:2.0.1-SNAPSHOT, org.codehaus.doxia:doxia-sink-api:jar:1.0-alpha-6-SNAPSHOT: Could not transfer artifact org.apache.maven.reporting:maven-reporting-api:jar:2.0.1-SNAPSHOT from/to snapshots (http://snapshots.maven.codehaus.org/maven2): Transfer failed for http://snapshots.maven.codehaus.org/maven2/org/apache/maven/reporting/maven-reporting-api/2.0.1-SNAPSHOT/maven-reporting-api-2.0.1-SNAPSHOT.jar[m: Unknown host snapshots.maven.codehaus.org -> [1m[Help 1][m
[[1;31mERROR[m] Failed to execute goal [32morg.codehaus.modello:modello-maven-plugin:2.0.0:java[m [1m(default)[m on project [36mmaven-plugin-tools-model[m: [1;31mThe parameters 'models' for goal org.codehaus.modello:modello-maven-plugin:2.0.0:java are missing or invalid[m -> [1m[Help 2][m
[[1;31mERROR[m] Failed to execute goal on project [36mmaven-plugin-tools-ant[m: [1;31mCould not resolve dependencies for project org.apache.maven:maven-plugin-tools-ant:jar:2.0.1-SNAPSHOT: Could not transfer artifact org.apache.maven:maven-plugin-tools-model:jar:2.0.1-SNAPSHOT from/to snapshots (http://snapshots.maven.codehaus.org/maven2): Transfer failed for http://snapshots.maven.codehaus.org/maven2/org/apache/maven/maven-plugin-tools-model/2.0.1-SNAPSHOT/maven-plugin-tools-model-2.0.1-SNAPSHOT.jar[m: Unknown host snapshots.maven.codehaus.org -> [1m[Help 1][m
[[1;31mERROR[m] Failed to execute goal on project [36mmaven-reporting-impl[m: [1;31mCould not resolve dependencies for project org.apache.maven.reporting:maven-reporting-impl:jar:2.0.1-SNAPSHOT: Failed to collect dependencies at org.codehaus.doxia:doxia-core:jar:1.0-alpha-6-SNAPSHOT[m: Failed to read artifact descriptor for org.codehaus.doxia:doxia-core:jar:1.0-alpha-6-SNAPSHOT: Could not transfer artifact org.codehaus.doxia:doxia-core:pom:1.0-alpha-6-SNAPSHOT from/to snapshots (http://snapshots.maven.codehaus.org/maven2): Transfer failed for http://snapshots.maven.codehaus.org/maven2/org/codehaus/doxia/doxia-core/1.0-alpha-6-SNAPSHOT/doxia-core-1.0-alpha-6-SNAPSHOT.pom: Unknown host snapshots.maven.codehaus.org -> [1m[Help 1][m
[[1;31mERROR[m] Failed to execute goal on project [36mmaven-script-ant[m: [1;31mCould not resolve dependencies for project org.apache.maven:maven-script-ant:jar:2.0.1-SNAPSHOT: Failed to collect dependencies at org.codehaus.plexus:plexus-ant-factory:jar:1.0-alpha-1-SNAPSHOT[m: Failed to read artifact descriptor for org.codehaus.plexus:plexus-ant-factory:jar:1.0-alpha-1-SNAPSHOT: Could not transfer artifact org.codehaus.plexus:plexus-ant-factory:pom:1.0-alpha-1-SNAPSHOT from/to snapshots (http://snapshots.maven.codehaus.org/maven2): Transfer failed for http://snapshots.maven.codehaus.org/maven2/org/codehaus/plexus/plexus-ant-factory/1.0-alpha-1-SNAPSHOT/plexus-ant-factory-1.0-alpha-1-SNAPSHOT.pom: Unknown host snapshots.maven.codehaus.org -> [1m[Help 1][m
[[1;31mERROR[m] 
[[1;31mERROR[m] To see the full stack trace of the errors, re-run Maven with the [1m-e[m switch.
[[1;31mERROR[m] Re-run Maven using the [1m-X[m switch to enable full debug logging.
[[1;31mERROR[m] 
[[1;31mERROR[m] For more information about the errors and possible solutions, please read the following articles:
[[1;31mERROR[m] [1m[Help 1][m http://cwiki.apache.org/confluence/display/MAVEN/DependencyResolutionException
[[1;31mERROR[m] [1m[Help 2][m http://cwiki.apache.org/confluence/display/MAVEN/PluginParameterException
[[1;31mERROR[m] 
[[1;31mERROR[m] After correcting the problems, you can resume the build with the command
[[1;31mERROR[m]   [1mmvn <args> -rf :maven-archiver[m
[[1;34mINFO[m] Build failures were ignored.
[[1;34mINFO[m] Scanning for projects...
[[1;33mWARNING[m] 
[[1;33mWARNING[m] Some problems were encountered while building the effective model for org.apache.maven:maven-core:jar:2.0.1-SNAPSHOT
[[1;33mWARNING[m] The expression ${version} is deprecated. Please use ${project.version} instead.
[[1;33mWARNING[m] 
[[1;33mWARNING[m] Some problems were encountered while building the effective model for org.apache.maven:maven-plugin-tools-model:jar:2.0.1-SNAPSHOT
[[1;33mWARNING[m] 'build.plugins.plugin.version' for org.codehaus.modello:modello-maven-plugin is missing. @ line 31, column 15
[[1;33mWARNING[m] 
[[1;33mWARNING[m] It is highly recommended to fix these problems because they threaten the stability of your build.
[[1;33mWARNING[m] 
[[1;33mWARNING[m] For this reason, future Maven versions might no longer support building such malformed projects.
[[1;33mWARNING[m] 
[[1;34mINFO[m] 
[[1;34mINFO[m] [1m-------------------< [0;36morg.apache.maven:maven-project[0;1m >-------------------[m
[[1;34mINFO[m] [1mBuilding Maven Project Builder 2.0.1-SNAPSHOT[m
[[1;34mINFO[m] [1m--------------------------------[ jar ]---------------------------------[m
[[1;34mINFO[m] 
[[1;34mINFO[m] [1m--- [0;32mmaven-resources-plugin:2.6:resources[m [1m(default-resources)[m @ [36mmaven-project[0;1m ---[m
[[1;33mWARNING[m] Using platform encoding (UTF-8 actually) to copy filtered resources, i.e. build is platform dependent!
[[1;34mINFO[m] Copying 2 resources
[[1;34mINFO[m] 
[[1;34mINFO[m] [1m--- [0;32mmaven-compiler-plugin:3.1:compile[m [1m(default-compile)[m @ [36mmaven-project[0;1m ---[m
[[1;34mINFO[m] Nothing to compile - all classes are up to date
[[1;34mINFO[m] 
[[1;34mINFO[m] [1m--- [0;32mmaven-resources-plugin:2.6:testResources[m [1m(default-testResources)[m @ [36mmaven-project[0;1m ---[m
[[1;33mWARNING[m] Using platform encoding (UTF-8 actually) to copy filtered resources, i.e. build is platform dependent!
[[1;34mINFO[m] Copying 57 resources
[[1;34mINFO[m] 
[[1;34mINFO[m] [1m--- [0;32mmaven-compiler-plugin:3.1:testCompile[m [1m(default-testCompile)[m @ [36mmaven-project[0;1m ---[m
[[1;34mINFO[m] Nothing to compile - all classes are up to date
[[1;34mINFO[m] 
[[1;34mINFO[m] [1m--- [0;32mmaven-surefire-plugin:2.12.4:test[m [1m(default-test)[m @ [36mmaven-project[0;1m ---[m
[[1;34mINFO[m] Surefire report directory: /home/user/Workspace/reproducibility/Reproducibility-Scanner/benchmarks/bugs-dot-jar/maven/maven-project/target/surefire-reports

-------------------------------------------------------
 T E S T S
-------------------------------------------------------
Running org.apache.maven.project.interpolation.RegexBasedModelInterpolatorTest
Tests run: 4, Failures: 0, Errors: 0, Skipped: 0, Time elapsed: 0.123 sec
Running org.apache.maven.project.ProjectBaseDirectoryAlignmentTest
Tests run: 1, Failures: 0, Errors: 0, Skipped: 0, Time elapsed: 0.182 sec
Running org.apache.maven.project.injection.DefaultModelDefaultsInjectorTest
Tests run: 10, Failures: 0, Errors: 0, Skipped: 0, Time elapsed: 0.002 sec
Running org.apache.maven.project.injection.TestProfileInjector
Tests run: 0, Failures: 0, Errors: 0, Skipped: 0, Time elapsed: 0 sec
Running org.apache.maven.project.injection.DefaultProfileInjectorTest
Tests run: 4, Failures: 0, Errors: 0, Skipped: 0, Time elapsed: 0 sec
Running org.apache.maven.project.ProjectClasspathTest
Tests run: 1, Failures: 0, Errors: 0, Skipped: 0, Time elapsed: 0.034 sec
Running org.apache.maven.project.canonical.CanonicalProjectBuilderTest
Tests run: 1, Failures: 0, Errors: 0, Skipped: 0, Time elapsed: 0.02 sec
Running org.apache.maven.project.TestArtifactResolver
Tests run: 0, Failures: 0, Errors: 0, Skipped: 0, Time elapsed: 0 sec
Running org.apache.maven.project.MavenProjectTest
Tests run: 1, Failures: 0, Errors: 0, Skipped: 0, Time elapsed: 0.017 sec
Running org.apache.maven.project.artifact.MavenMetadataSourceTest
Tests run: 2, Failures: 0, Errors: 0, Skipped: 0, Time elapsed: 0.024 sec
Running org.apache.maven.project.ModelUtilsTest
Tests run: 5, Failures: 1, Errors: 0, Skipped: 0, Time elapsed: 0.004 sec <<< FAILURE!
testShouldKeepOriginalPluginOrdering(org.apache.maven.project.ModelUtilsTest)  Time elapsed: 0.003 sec  <<< FAILURE!
junit.framework.AssertionFailedError: expected same:<org.apache.maven.model.Plugin@68ceda24> was not:<org.apache.maven.model.Plugin@281e3708>
	at junit.framework.Assert.fail(Assert.java:47)
	at junit.framework.Assert.failNotSame(Assert.java:278)
	at junit.framework.Assert.assertSame(Assert.java:242)
	at junit.framework.Assert.assertSame(Assert.java:249)
	at org.apache.maven.project.ModelUtilsTest.testShouldKeepOriginalPluginOrdering(ModelUtilsTest.java:161)

Running org.apache.maven.project.TestProjectBuilder
Tests run: 0, Failures: 0, Errors: 0, Skipped: 0, Time elapsed: 0 sec
Running org.apache.maven.project.ProjectSorterTest
Tests run: 4, Failures: 0, Errors: 0, Skipped: 0, Time elapsed: 0 sec
Running org.apache.maven.project.inheritance.t00.ProjectInheritanceTest
Tests run: 1, Failures: 0, Errors: 0, Skipped: 0, Time elapsed: 0.015 sec
Running org.apache.maven.project.inheritance.DefaultModelInheritanceAssemblerTest
Tests run: 17, Failures: 0, Errors: 0, Skipped: 0, Time elapsed: 0.004 sec
Running org.apache.maven.project.inheritance.t01.ProjectInheritanceTest
Tests run: 1, Failures: 0, Errors: 0, Skipped: 0, Time elapsed: 0.037 sec
Running org.apache.maven.project.validation.DefaultModelValidatorTest
Tests run: 16, Failures: 0, Errors: 0, Skipped: 0, Time elapsed: 0.143 sec
Running org.apache.maven.profiles.DefaultProfileManagerTest
Tests run: 6, Failures: 0, Errors: 1, Skipped: 0, Time elapsed: 0.039 sec <<< FAILURE!
testOsActivationProfile(org.apache.maven.profiles.DefaultProfileManagerTest)  Time elapsed: 0.008 sec  <<< ERROR!
java.lang.NullPointerException
	at org.apache.maven.profiles.activation.OperatingSystemProfileActivator.determineFamilyMatch(OperatingSystemProfileActivator.java:128)
	at org.apache.maven.profiles.activation.OperatingSystemProfileActivator.isActive(OperatingSystemProfileActivator.java:41)
	at org.apache.maven.profiles.DefaultProfileManager.isActive(DefaultProfileManager.java:184)
	at org.apache.maven.profiles.DefaultProfileManager.getActiveProfiles(DefaultProfileManager.java:149)
	at org.apache.maven.profiles.DefaultProfileManagerTest.testOsActivationProfile(DefaultProfileManagerTest.java:179)


Results :

Failed tests:   testShouldKeepOriginalPluginOrdering(org.apache.maven.project.ModelUtilsTest): expected same:<org.apache.maven.model.Plugin@68ceda24> was not:<org.apache.maven.model.Plugin@281e3708>

Tests in error: 
  testOsActivationProfile(org.apache.maven.profiles.DefaultProfileManagerTest)

Tests run: 74, Failures: 1, Errors: 1, Skipped: 0

[[1;34mINFO[m] [1m------------------------------------------------------------------------[m
[[1;34mINFO[m] [1;31mBUILD FAILURE[m
[[1;34mINFO[m] [1m------------------------------------------------------------------------[m
[[1;34mINFO[m] Total time:  2.109 s
[[1;34mINFO[m] Finished at: 2022-07-31T00:50:19-07:00
[[1;34mINFO[m] [1m------------------------------------------------------------------------[m
[[1;31mERROR[m] Failed to execute goal [32morg.apache.maven.plugins:maven-surefire-plugin:2.12.4:test[m [1m(default-test)[m on project [36mmaven-project[m: [1;31mThere are test failures.[m
[[1;31mERROR[m] [1;31m[m
[[1;31mERROR[m] [1;31mPlease refer to /home/user/Workspace/reproducibility/Reproducibility-Scanner/benchmarks/bugs-dot-jar/maven/maven-project/target/surefire-reports for the individual test results.[m
[[1;31mERROR[m] -> [1m[Help 1][m
[[1;31mERROR[m] 
[[1;31mERROR[m] To see the full stack trace of the errors, re-run Maven with the [1m-e[m switch.
[[1;31mERROR[m] Re-run Maven using the [1m-X[m switch to enable full debug logging.
[[1;31mERROR[m] 
[[1;31mERROR[m] For more information about the errors and possible solutions, please read the following articles:
[[1;31mERROR[m] [1m[Help 1][m http://cwiki.apache.org/confluence/display/MAVEN/MojoFailureException