[[1;34mINFO[m] Scanning for projects...
[[1;34mINFO[m] [1m------------------------------------------------------------------------[m
[[1;34mINFO[m] [1mReactor Build Order:[m
[[1;34mINFO[m] 
[[1;34mINFO[m] Oak Parent POM                                                     [pom]
[[1;34mINFO[m] Oak MicroKernel API                                             [bundle]
[[1;34mINFO[m] Oak Commons                                                     [bundle]
[[1;34mINFO[m] Oak Blob Store                                                  [bundle]
[[1;34mINFO[m] Oak MicroKernel                                                 [bundle]
[[1;34mINFO[m] Oak MicroKernel Remoting                                        [bundle]
[[1;34mINFO[m] Oak Core                                                        [bundle]
[[1;34mINFO[m] Oak JCR Binding                                                 [bundle]
[[1;34mINFO[m] Oak upgrade                                                        [jar]
[[1;34mINFO[m] Oak HTTP Binding                                                [bundle]
[[1;34mINFO[m] Oak Lucene                                                      [bundle]
[[1;34mINFO[m] Oak Solr core                                                   [bundle]
[[1;34mINFO[m] Oak Solr OSGi                                                   [bundle]
[[1;34mINFO[m] Oak External Authentication Support                             [bundle]
[[1;34mINFO[m] Oak LDAP Authentication Support                                 [bundle]
[[1;34mINFO[m] Oak Runnable Jar                                                   [jar]
[[1;34mINFO[m] Oak Integration Tests for MicroKernel implementations              [jar]
[[1;34mINFO[m] Oak Integration Tests for OSGi deployments                         [jar]
[[1;34mINFO[m] Oak Integration Tests                                              [pom]
[[1;34mINFO[m] Oak PojoSR                                                         [jar]
[[1;34mINFO[m] Oak TarMK Failover                                              [bundle]
[[1;34mINFO[m] Jackrabbit Oak                                                     [pom]
[[1;34mINFO[m] Oak CUG                                                         [bundle]
[[1;34mINFO[m] 
[[1;34mINFO[m] [1m------------------< [0;36morg.apache.jackrabbit:oak-parent[0;1m >------------------[m
[[1;34mINFO[m] [1mBuilding Oak Parent POM 1.1-SNAPSHOT                              [1/23][m
[[1;34mINFO[m] [1m--------------------------------[ pom ]---------------------------------[m
[[1;34mINFO[m] 
[[1;34mINFO[m] [1m--- [0;32mjacoco-maven-plugin:0.7.1.201405082137:prepare-agent[m [1m(pre-unit-test)[m @ [36moak-parent[0;1m ---[m
[[1;34mINFO[m] Skipping JaCoCo execution because property jacoco.skip is set.
[[1;34mINFO[m] test.opts.coverage set to empty
[[1;34mINFO[m] 
[[1;34mINFO[m] [1m--- [0;32mmaven-remote-resources-plugin:1.4:process[m [1m(default)[m @ [36moak-parent[0;1m ---[m
[[1;34mINFO[m] 
[[1;34mINFO[m] [1m--- [0;32mjacoco-maven-plugin:0.7.1.201405082137:report[m [1m(post-unit-test)[m @ [36moak-parent[0;1m ---[m
[[1;34mINFO[m] Skipping JaCoCo execution because property jacoco.skip is set.
[[1;34mINFO[m] 
[[1;34mINFO[m] [1m--- [0;32mmaven-site-plugin:3.3:attach-descriptor[m [1m(attach-descriptor)[m @ [36moak-parent[0;1m ---[m
[[1;34mINFO[m] 
[[1;34mINFO[m] [1m--- [0;32mmaven-install-plugin:2.3.1:install[m [1m(default-install)[m @ [36moak-parent[0;1m ---[m
[[1;34mINFO[m] Installing /home/user/Reproducibility-Scanner/benchmarks/bugs-dot-jar/jackrabbit-oak/oak-parent/pom.xml to /home/user/.m2/repository/org/apache/jackrabbit/oak-parent/1.1-SNAPSHOT/oak-parent-1.1-SNAPSHOT.pom
[[1;34mINFO[m] 
[[1;34mINFO[m] [1m------------------< [0;36morg.apache.jackrabbit:oak-mk-api[0;1m >------------------[m
[[1;34mINFO[m] [1mBuilding Oak MicroKernel API 1.1-SNAPSHOT                         [2/23][m
[[1;34mINFO[m] [1m-------------------------------[ bundle ]-------------------------------[m
[[1;34mINFO[m] 
[[1;34mINFO[m] [1m--- [0;32mjacoco-maven-plugin:0.7.1.201405082137:prepare-agent[m [1m(pre-unit-test)[m @ [36moak-mk-api[0;1m ---[m
[[1;34mINFO[m] Skipping JaCoCo execution because property jacoco.skip is set.
[[1;34mINFO[m] test.opts.coverage set to empty
[[1;34mINFO[m] 
[[1;34mINFO[m] [1m--- [0;32mmaven-remote-resources-plugin:1.4:process[m [1m(default)[m @ [36moak-mk-api[0;1m ---[m
[[1;34mINFO[m] 
[[1;34mINFO[m] [1m--- [0;32mmaven-resources-plugin:2.6:resources[m [1m(default-resources)[m @ [36moak-mk-api[0;1m ---[m
[[1;34mINFO[m] Using 'UTF-8' encoding to copy filtered resources.
[[1;34mINFO[m] skip non existing resourceDirectory /home/user/Reproducibility-Scanner/benchmarks/bugs-dot-jar/jackrabbit-oak/oak-mk-api/src/main/resources
[[1;34mINFO[m] Copying 3 resources
[[1;34mINFO[m] 
[[1;34mINFO[m] [1m--- [0;32mmaven-compiler-plugin:2.5.1:compile[m [1m(default-compile)[m @ [36moak-mk-api[0;1m ---[m
[[1;34mINFO[m] Compiling 3 source files to /home/user/Reproducibility-Scanner/benchmarks/bugs-dot-jar/jackrabbit-oak/oak-mk-api/target/classes
[[1;34mINFO[m] 
[[1;34mINFO[m] [1m--- [0;32mmaven-scr-plugin:1.16.0:scr[m [1m(generate-scr-scrdescriptor)[m @ [36moak-mk-api[0;1m ---[m
[[1;34mINFO[m] 
[[1;34mINFO[m] [1m--- [0;32mmaven-resources-plugin:2.6:testResources[m [1m(default-testResources)[m @ [36moak-mk-api[0;1m ---[m
[[1;34mINFO[m] Using 'UTF-8' encoding to copy filtered resources.
[[1;34mINFO[m] skip non existing resourceDirectory /home/user/Reproducibility-Scanner/benchmarks/bugs-dot-jar/jackrabbit-oak/oak-mk-api/src/test/resources
[[1;34mINFO[m] Copying 3 resources
[[1;34mINFO[m] 
[[1;34mINFO[m] [1m--- [0;32mmaven-compiler-plugin:2.5.1:testCompile[m [1m(default-testCompile)[m @ [36moak-mk-api[0;1m ---[m
[[1;34mINFO[m] No sources to compile
[[1;34mINFO[m] 
[[1;34mINFO[m] [1m--- [0;32mmaven-surefire-plugin:2.12.4:test[m [1m(default-test)[m @ [36moak-mk-api[0;1m ---[m
[[1;34mINFO[m] Tests are skipped.
[[1;34mINFO[m] 
[[1;34mINFO[m] [1m--- [0;32mjacoco-maven-plugin:0.7.1.201405082137:report[m [1m(post-unit-test)[m @ [36moak-mk-api[0;1m ---[m
[[1;34mINFO[m] Skipping JaCoCo execution because property jacoco.skip is set.
[[1;34mINFO[m] 
[[1;34mINFO[m] [1m--- [0;32mmaven-bundle-plugin:2.5.0:bundle[m [1m(default-bundle)[m @ [36moak-mk-api[0;1m ---[m
[[1;34mINFO[m] 
[[1;34mINFO[m] [1m--- [0;32mmaven-site-plugin:3.3:attach-descriptor[m [1m(attach-descriptor)[m @ [36moak-mk-api[0;1m ---[m
[[1;34mINFO[m] 
[[1;34mINFO[m] [1m--- [0;32mmaven-bundle-plugin:2.5.0:baseline[m [1m(baseline)[m @ [36moak-mk-api[0;1m ---[m
[[1;34mINFO[m] artifact org.apache.jackrabbit:oak-mk-api: checking for updates from apache.snapshots
[[1;34mINFO[m] artifact org.apache.jackrabbit:oak-mk-api: checking for updates from central
[[1;34mINFO[m] Baseline analisys complete, 0 error(s), 0 warning(s)
[[1;34mINFO[m] 
[[1;34mINFO[m] [1m--- [0;32mmaven-install-plugin:2.3.1:install[m [1m(default-install)[m @ [36moak-mk-api[0;1m ---[m
[[1;34mINFO[m] Installing /home/user/Reproducibility-Scanner/benchmarks/bugs-dot-jar/jackrabbit-oak/oak-mk-api/target/oak-mk-api-1.1-SNAPSHOT.jar to /home/user/.m2/repository/org/apache/jackrabbit/oak-mk-api/1.1-SNAPSHOT/oak-mk-api-1.1-SNAPSHOT.jar
[[1;34mINFO[m] Installing /home/user/Reproducibility-Scanner/benchmarks/bugs-dot-jar/jackrabbit-oak/oak-mk-api/pom.xml to /home/user/.m2/repository/org/apache/jackrabbit/oak-mk-api/1.1-SNAPSHOT/oak-mk-api-1.1-SNAPSHOT.pom
[[1;34mINFO[m] 
[[1;34mINFO[m] [1m--- [0;32mmaven-bundle-plugin:2.5.0:install[m [1m(default-install)[m @ [36moak-mk-api[0;1m ---[m
[[1;34mINFO[m] Local OBR update disabled (enable with -DobrRepository)
[[1;34mINFO[m] 
[[1;34mINFO[m] [1m-----------------< [0;36morg.apache.jackrabbit:oak-commons[0;1m >------------------[m
[[1;34mINFO[m] [1mBuilding Oak Commons 1.1-SNAPSHOT                                 [3/23][m
[[1;34mINFO[m] [1m-------------------------------[ bundle ]-------------------------------[m
[[1;34mINFO[m] 
[[1;34mINFO[m] [1m--- [0;32mjacoco-maven-plugin:0.7.1.201405082137:prepare-agent[m [1m(pre-unit-test)[m @ [36moak-commons[0;1m ---[m
[[1;34mINFO[m] Skipping JaCoCo execution because property jacoco.skip is set.
[[1;34mINFO[m] test.opts.coverage set to empty
[[1;34mINFO[m] 
[[1;34mINFO[m] [1m--- [0;32mmaven-remote-resources-plugin:1.4:process[m [1m(default)[m @ [36moak-commons[0;1m ---[m
[[1;34mINFO[m] 
[[1;34mINFO[m] [1m--- [0;32mmaven-resources-plugin:2.6:resources[m [1m(default-resources)[m @ [36moak-commons[0;1m ---[m
[[1;34mINFO[m] Using 'UTF-8' encoding to copy filtered resources.
[[1;34mINFO[m] skip non existing resourceDirectory /home/user/Reproducibility-Scanner/benchmarks/bugs-dot-jar/jackrabbit-oak/oak-commons/src/main/resources
[[1;34mINFO[m] Copying 3 resources
[[1;34mINFO[m] 
[[1;34mINFO[m] [1m--- [0;32mmaven-compiler-plugin:2.5.1:compile[m [1m(default-compile)[m @ [36moak-commons[0;1m ---[m
[[1;34mINFO[m] Compiling 24 source files to /home/user/Reproducibility-Scanner/benchmarks/bugs-dot-jar/jackrabbit-oak/oak-commons/target/classes
[[1;34mINFO[m] 
[[1;34mINFO[m] [1m--- [0;32mmaven-resources-plugin:2.6:testResources[m [1m(default-testResources)[m @ [36moak-commons[0;1m ---[m
[[1;34mINFO[m] Using 'UTF-8' encoding to copy filtered resources.
[[1;34mINFO[m] Copying 3 resources
[[1;34mINFO[m] Copying 3 resources
[[1;34mINFO[m] 
[[1;34mINFO[m] [1m--- [0;32mmaven-compiler-plugin:2.5.1:testCompile[m [1m(default-testCompile)[m @ [36moak-commons[0;1m ---[m
[[1;34mINFO[m] Compiling 12 source files to /home/user/Reproducibility-Scanner/benchmarks/bugs-dot-jar/jackrabbit-oak/oak-commons/target/test-classes
[[1;34mINFO[m] 
[[1;34mINFO[m] [1m--- [0;32mmaven-surefire-plugin:2.12.4:test[m [1m(default-test)[m @ [36moak-commons[0;1m ---[m
[[1;34mINFO[m] Tests are skipped.
[[1;34mINFO[m] 
[[1;34mINFO[m] [1m--- [0;32mjacoco-maven-plugin:0.7.1.201405082137:report[m [1m(post-unit-test)[m @ [36moak-commons[0;1m ---[m
[[1;34mINFO[m] Skipping JaCoCo execution because property jacoco.skip is set.
[[1;34mINFO[m] 
[[1;34mINFO[m] [1m--- [0;32mmaven-bundle-plugin:2.5.0:bundle[m [1m(default-bundle)[m @ [36moak-commons[0;1m ---[m
[[1;34mINFO[m] 
[[1;34mINFO[m] [1m--- [0;32mmaven-site-plugin:3.3:attach-descriptor[m [1m(attach-descriptor)[m @ [36moak-commons[0;1m ---[m
[[1;34mINFO[m] 
[[1;34mINFO[m] [1m--- [0;32mmaven-jar-plugin:2.4:test-jar[m [1m(default)[m @ [36moak-commons[0;1m ---[m
[[1;34mINFO[m] Building jar: /home/user/Reproducibility-Scanner/benchmarks/bugs-dot-jar/jackrabbit-oak/oak-commons/target/oak-commons-1.1-SNAPSHOT-tests.jar
[[1;34mINFO[m] 
[[1;34mINFO[m] [1m--- [0;32mmaven-bundle-plugin:2.5.0:baseline[m [1m(baseline)[m @ [36moak-commons[0;1m ---[m
[[1;34mINFO[m] artifact org.apache.jackrabbit:oak-commons: checking for updates from apache.snapshots
[[1;34mINFO[m] artifact org.apache.jackrabbit:oak-commons: checking for updates from central
[[1;31mERROR[m] org.apache.jackrabbit.oak.commons: Version increase required; detected 1.0.0, suggested 2.0.0
[[1;31mERROR[m] org.apache.jackrabbit.oak.commons.json: Version increase required; detected 1.0.0, suggested 2.0.0
[[1;31mERROR[m] org.apache.jackrabbit.oak.commons.sort: Version increase required; detected 1.0.0, suggested 2.0.0
[[1;34mINFO[m] Baseline analisys complete, 3 error(s), 0 warning(s)
[[1;34mINFO[m] 
[[1;34mINFO[m] [1m--- [0;32mmaven-install-plugin:2.3.1:install[m [1m(default-install)[m @ [36moak-commons[0;1m ---[m
[[1;34mINFO[m] Installing /home/user/Reproducibility-Scanner/benchmarks/bugs-dot-jar/jackrabbit-oak/oak-commons/target/oak-commons-1.1-SNAPSHOT.jar to /home/user/.m2/repository/org/apache/jackrabbit/oak-commons/1.1-SNAPSHOT/oak-commons-1.1-SNAPSHOT.jar
[[1;34mINFO[m] Installing /home/user/Reproducibility-Scanner/benchmarks/bugs-dot-jar/jackrabbit-oak/oak-commons/pom.xml to /home/user/.m2/repository/org/apache/jackrabbit/oak-commons/1.1-SNAPSHOT/oak-commons-1.1-SNAPSHOT.pom
[[1;34mINFO[m] Installing /home/user/Reproducibility-Scanner/benchmarks/bugs-dot-jar/jackrabbit-oak/oak-commons/target/oak-commons-1.1-SNAPSHOT-tests.jar to /home/user/.m2/repository/org/apache/jackrabbit/oak-commons/1.1-SNAPSHOT/oak-commons-1.1-SNAPSHOT-tests.jar
[[1;34mINFO[m] 
[[1;34mINFO[m] [1m--- [0;32mmaven-bundle-plugin:2.5.0:install[m [1m(default-install)[m @ [36moak-commons[0;1m ---[m
[[1;34mINFO[m] Local OBR update disabled (enable with -DobrRepository)
[[1;34mINFO[m] 
[[1;34mINFO[m] [1m-------------------< [0;36morg.apache.jackrabbit:oak-blob[0;1m >-------------------[m
[[1;34mINFO[m] [1mBuilding Oak Blob Store 1.1-SNAPSHOT                              [4/23][m
[[1;34mINFO[m] [1m-------------------------------[ bundle ]-------------------------------[m
[[1;34mINFO[m] 
[[1;34mINFO[m] [1m--- [0;32mjacoco-maven-plugin:0.7.1.201405082137:prepare-agent[m [1m(pre-unit-test)[m @ [36moak-blob[0;1m ---[m
[[1;34mINFO[m] Skipping JaCoCo execution because property jacoco.skip is set.
[[1;34mINFO[m] test.opts.coverage set to empty
[[1;34mINFO[m] 
[[1;34mINFO[m] [1m--- [0;32mmaven-remote-resources-plugin:1.4:process[m [1m(default)[m @ [36moak-blob[0;1m ---[m
[[1;34mINFO[m] 
[[1;34mINFO[m] [1m--- [0;32mmaven-resources-plugin:2.6:resources[m [1m(default-resources)[m @ [36moak-blob[0;1m ---[m
[[1;34mINFO[m] Using 'UTF-8' encoding to copy filtered resources.
[[1;34mINFO[m] skip non existing resourceDirectory /home/user/Reproducibility-Scanner/benchmarks/bugs-dot-jar/jackrabbit-oak/oak-blob/src/main/resources
[[1;34mINFO[m] Copying 3 resources
[[1;34mINFO[m] 
[[1;34mINFO[m] [1m--- [0;32mmaven-compiler-plugin:2.5.1:compile[m [1m(default-compile)[m @ [36moak-blob[0;1m ---[m
[[1;34mINFO[m] Compiling 8 source files to /home/user/Reproducibility-Scanner/benchmarks/bugs-dot-jar/jackrabbit-oak/oak-blob/target/classes
[[1;34mINFO[m] 
[[1;34mINFO[m] [1m--- [0;32mmaven-scr-plugin:1.16.0:scr[m [1m(generate-scr-scrdescriptor)[m @ [36moak-blob[0;1m ---[m
[[1;34mINFO[m] Writing 1 Service Component Descriptors to /home/user/Reproducibility-Scanner/benchmarks/bugs-dot-jar/jackrabbit-oak/oak-blob/target/classes/OSGI-INF/org.apache.jackrabbit.oak.spi.blob.osgi.FileBlobStoreService.xml
[[1;34mINFO[m] 
[[1;34mINFO[m] [1m--- [0;32mmaven-resources-plugin:2.6:testResources[m [1m(default-testResources)[m @ [36moak-blob[0;1m ---[m
[[1;34mINFO[m] Using 'UTF-8' encoding to copy filtered resources.
[[1;34mINFO[m] Copying 1 resource
[[1;34mINFO[m] Copying 3 resources
[[1;34mINFO[m] 
[[1;34mINFO[m] [1m--- [0;32mmaven-compiler-plugin:2.5.1:testCompile[m [1m(default-testCompile)[m @ [36moak-blob[0;1m ---[m
[[1;34mINFO[m] Compiling 4 source files to /home/user/Reproducibility-Scanner/benchmarks/bugs-dot-jar/jackrabbit-oak/oak-blob/target/test-classes
[[1;34mINFO[m] 
[[1;34mINFO[m] [1m--- [0;32mmaven-surefire-plugin:2.12.4:test[m [1m(default-test)[m @ [36moak-blob[0;1m ---[m
[[1;34mINFO[m] Tests are skipped.
[[1;34mINFO[m] 
[[1;34mINFO[m] [1m--- [0;32mjacoco-maven-plugin:0.7.1.201405082137:report[m [1m(post-unit-test)[m @ [36moak-blob[0;1m ---[m
[[1;34mINFO[m] Skipping JaCoCo execution because property jacoco.skip is set.
[[1;34mINFO[m] 
[[1;34mINFO[m] [1m--- [0;32mmaven-bundle-plugin:2.5.0:bundle[m [1m(default-bundle)[m @ [36moak-blob[0;1m ---[m
[[1;34mINFO[m] 
[[1;34mINFO[m] [1m--- [0;32mmaven-site-plugin:3.3:attach-descriptor[m [1m(attach-descriptor)[m @ [36moak-blob[0;1m ---[m
[[1;34mINFO[m] 
[[1;34mINFO[m] [1m--- [0;32mmaven-jar-plugin:2.4:test-jar[m [1m(default)[m @ [36moak-blob[0;1m ---[m
[[1;34mINFO[m] Building jar: /home/user/Reproducibility-Scanner/benchmarks/bugs-dot-jar/jackrabbit-oak/oak-blob/target/oak-blob-1.1-SNAPSHOT-tests.jar
[[1;34mINFO[m] 
[[1;34mINFO[m] [1m--- [0;32mmaven-bundle-plugin:2.5.0:baseline[m [1m(baseline)[m @ [36moak-blob[0;1m ---[m
[[1;34mINFO[m] artifact org.apache.jackrabbit:oak-blob: checking for updates from apache.snapshots
[[1;34mINFO[m] artifact org.apache.jackrabbit:oak-blob: checking for updates from central
[[1;31mERROR[m] org.apache.jackrabbit.oak.spi.blob: Version increase required; detected 1.0.0, suggested 2.0.0
[[1;34mINFO[m] Baseline analisys complete, 1 error(s), 0 warning(s)
[[1;34mINFO[m] 
[[1;34mINFO[m] [1m--- [0;32mmaven-install-plugin:2.3.1:install[m [1m(default-install)[m @ [36moak-blob[0;1m ---[m
[[1;34mINFO[m] Installing /home/user/Reproducibility-Scanner/benchmarks/bugs-dot-jar/jackrabbit-oak/oak-blob/target/oak-blob-1.1-SNAPSHOT.jar to /home/user/.m2/repository/org/apache/jackrabbit/oak-blob/1.1-SNAPSHOT/oak-blob-1.1-SNAPSHOT.jar
[[1;34mINFO[m] Installing /home/user/Reproducibility-Scanner/benchmarks/bugs-dot-jar/jackrabbit-oak/oak-blob/pom.xml to /home/user/.m2/repository/org/apache/jackrabbit/oak-blob/1.1-SNAPSHOT/oak-blob-1.1-SNAPSHOT.pom
[[1;34mINFO[m] Installing /home/user/Reproducibility-Scanner/benchmarks/bugs-dot-jar/jackrabbit-oak/oak-blob/target/oak-blob-1.1-SNAPSHOT-tests.jar to /home/user/.m2/repository/org/apache/jackrabbit/oak-blob/1.1-SNAPSHOT/oak-blob-1.1-SNAPSHOT-tests.jar
[[1;34mINFO[m] 
[[1;34mINFO[m] [1m--- [0;32mmaven-bundle-plugin:2.5.0:install[m [1m(default-install)[m @ [36moak-blob[0;1m ---[m
[[1;34mINFO[m] Local OBR update disabled (enable with -DobrRepository)
[[1;34mINFO[m] 
[[1;34mINFO[m] [1m--------------------< [0;36morg.apache.jackrabbit:oak-mk[0;1m >--------------------[m
[[1;34mINFO[m] [1mBuilding Oak MicroKernel 1.1-SNAPSHOT                             [5/23][m
[[1;34mINFO[m] [1m-------------------------------[ bundle ]-------------------------------[m
[[1;34mINFO[m] 
[[1;34mINFO[m] [1m--- [0;32mjacoco-maven-plugin:0.7.1.201405082137:prepare-agent[m [1m(pre-unit-test)[m @ [36moak-mk[0;1m ---[m
[[1;34mINFO[m] Skipping JaCoCo execution because property jacoco.skip is set.
[[1;34mINFO[m] test.opts.coverage set to empty
[[1;34mINFO[m] 
[[1;34mINFO[m] [1m--- [0;32mmaven-remote-resources-plugin:1.4:process[m [1m(default)[m @ [36moak-mk[0;1m ---[m
[[1;34mINFO[m] 
[[1;34mINFO[m] [1m--- [0;32mmaven-resources-plugin:2.6:resources[m [1m(default-resources)[m @ [36moak-mk[0;1m ---[m
[[1;34mINFO[m] Using 'UTF-8' encoding to copy filtered resources.
[[1;34mINFO[m] skip non existing resourceDirectory /home/user/Reproducibility-Scanner/benchmarks/bugs-dot-jar/jackrabbit-oak/oak-mk/src/main/resources
[[1;34mINFO[m] Copying 3 resources
[[1;34mINFO[m] 
[[1;34mINFO[m] [1m--- [0;32mmaven-compiler-plugin:2.5.1:compile[m [1m(default-compile)[m @ [36moak-mk[0;1m ---[m
[[1;34mINFO[m] Compiling 47 source files to /home/user/Reproducibility-Scanner/benchmarks/bugs-dot-jar/jackrabbit-oak/oak-mk/target/classes
[[1;34mINFO[m] 
[[1;34mINFO[m] [1m--- [0;32mmaven-scr-plugin:1.16.0:scr[m [1m(generate-scr-scrdescriptor)[m @ [36moak-mk[0;1m ---[m
[[1;34mINFO[m] Writing 1 Service Component Descriptors to /home/user/Reproducibility-Scanner/benchmarks/bugs-dot-jar/jackrabbit-oak/oak-mk/target/classes/OSGI-INF/org.apache.jackrabbit.mk.osgi.MicroKernelService.xml
[[1;34mINFO[m] 
[[1;34mINFO[m] [1m--- [0;32mmaven-resources-plugin:2.6:testResources[m [1m(default-testResources)[m @ [36moak-mk[0;1m ---[m
[[1;34mINFO[m] Using 'UTF-8' encoding to copy filtered resources.
[[1;34mINFO[m] Copying 1 resource
[[1;34mINFO[m] Copying 3 resources
[[1;34mINFO[m] 
[[1;34mINFO[m] [1m--- [0;32mmaven-compiler-plugin:2.5.1:testCompile[m [1m(default-testCompile)[m @ [36moak-mk[0;1m ---[m
[[1;34mINFO[m] Compiling 8 source files to /home/user/Reproducibility-Scanner/benchmarks/bugs-dot-jar/jackrabbit-oak/oak-mk/target/test-classes
[[1;34mINFO[m] 
[[1;34mINFO[m] [1m--- [0;32mmaven-surefire-plugin:2.12.4:test[m [1m(default-test)[m @ [36moak-mk[0;1m ---[m
[[1;34mINFO[m] Tests are skipped.
[[1;34mINFO[m] 
[[1;34mINFO[m] [1m--- [0;32mjacoco-maven-plugin:0.7.1.201405082137:report[m [1m(post-unit-test)[m @ [36moak-mk[0;1m ---[m
[[1;34mINFO[m] Skipping JaCoCo execution because property jacoco.skip is set.
[[1;34mINFO[m] 
[[1;34mINFO[m] [1m--- [0;32mmaven-bundle-plugin:2.5.0:bundle[m [1m(default-bundle)[m @ [36moak-mk[0;1m ---[m
[[1;33mWARNING[m] Bundle org.apache.jackrabbit:oak-mk:bundle:1.1-SNAPSHOT : Export org.apache.jackrabbit.mk.core,  has 2,  private references [org.apache.jackrabbit.mk.model, org.apache.jackrabbit.mk.store], 
[[1;34mINFO[m] 
[[1;34mINFO[m] [1m--- [0;32mmaven-site-plugin:3.3:attach-descriptor[m [1m(attach-descriptor)[m @ [36moak-mk[0;1m ---[m
[[1;34mINFO[m] 
[[1;34mINFO[m] [1m--- [0;32mmaven-bundle-plugin:2.5.0:baseline[m [1m(baseline)[m @ [36moak-mk[0;1m ---[m
[[1;34mINFO[m] artifact org.apache.jackrabbit:oak-mk: checking for updates from apache.snapshots
[[1;34mINFO[m] artifact org.apache.jackrabbit:oak-mk: checking for updates from central
[[1;31mERROR[m] org.apache.jackrabbit.mk.util: Version increase required; detected 1.0.0, suggested 2.0.0
[[1;34mINFO[m] Baseline analisys complete, 1 error(s), 0 warning(s)
[[1;34mINFO[m] 
[[1;34mINFO[m] [1m--- [0;32mmaven-install-plugin:2.3.1:install[m [1m(default-install)[m @ [36moak-mk[0;1m ---[m
[[1;34mINFO[m] Installing /home/user/Reproducibility-Scanner/benchmarks/bugs-dot-jar/jackrabbit-oak/oak-mk/target/oak-mk-1.1-SNAPSHOT.jar to /home/user/.m2/repository/org/apache/jackrabbit/oak-mk/1.1-SNAPSHOT/oak-mk-1.1-SNAPSHOT.jar
[[1;34mINFO[m] Installing /home/user/Reproducibility-Scanner/benchmarks/bugs-dot-jar/jackrabbit-oak/oak-mk/pom.xml to /home/user/.m2/repository/org/apache/jackrabbit/oak-mk/1.1-SNAPSHOT/oak-mk-1.1-SNAPSHOT.pom
[[1;34mINFO[m] 
[[1;34mINFO[m] [1m--- [0;32mmaven-bundle-plugin:2.5.0:install[m [1m(default-install)[m @ [36moak-mk[0;1m ---[m
[[1;34mINFO[m] Local OBR update disabled (enable with -DobrRepository)
[[1;34mINFO[m] 
[[1;34mINFO[m] [1m----------------< [0;36morg.apache.jackrabbit:oak-mk-remote[0;1m >-----------------[m
[[1;34mINFO[m] [1mBuilding Oak MicroKernel Remoting 1.1-SNAPSHOT                    [6/23][m
[[1;34mINFO[m] [1m-------------------------------[ bundle ]-------------------------------[m
[[1;34mINFO[m] 
[[1;34mINFO[m] [1m--- [0;32mjacoco-maven-plugin:0.7.1.201405082137:prepare-agent[m [1m(pre-unit-test)[m @ [36moak-mk-remote[0;1m ---[m
[[1;34mINFO[m] Skipping JaCoCo execution because property jacoco.skip is set.
[[1;34mINFO[m] test.opts.coverage set to empty
[[1;34mINFO[m] 
[[1;34mINFO[m] [1m--- [0;32mmaven-remote-resources-plugin:1.4:process[m [1m(default)[m @ [36moak-mk-remote[0;1m ---[m
[[1;34mINFO[m] 
[[1;34mINFO[m] [1m--- [0;32mmaven-resources-plugin:2.6:resources[m [1m(default-resources)[m @ [36moak-mk-remote[0;1m ---[m
[[1;34mINFO[m] Using 'UTF-8' encoding to copy filtered resources.
[[1;34mINFO[m] Copying 20 resources
[[1;34mINFO[m] Copying 3 resources
[[1;34mINFO[m] 
[[1;34mINFO[m] [1m--- [0;32mmaven-compiler-plugin:2.5.1:compile[m [1m(default-compile)[m @ [36moak-mk-remote[0;1m ---[m
[[1;34mINFO[m] Compiling 17 source files to /home/user/Reproducibility-Scanner/benchmarks/bugs-dot-jar/jackrabbit-oak/oak-mk-remote/target/classes
[[1;34mINFO[m] 
[[1;34mINFO[m] [1m--- [0;32mmaven-scr-plugin:1.16.0:scr[m [1m(generate-scr-scrdescriptor)[m @ [36moak-mk-remote[0;1m ---[m
[[1;34mINFO[m] 
[[1;34mINFO[m] [1m--- [0;32mmaven-resources-plugin:2.6:testResources[m [1m(default-testResources)[m @ [36moak-mk-remote[0;1m ---[m
[[1;34mINFO[m] Using 'UTF-8' encoding to copy filtered resources.
[[1;34mINFO[m] skip non existing resourceDirectory /home/user/Reproducibility-Scanner/benchmarks/bugs-dot-jar/jackrabbit-oak/oak-mk-remote/src/test/resources
[[1;34mINFO[m] Copying 3 resources
[[1;34mINFO[m] 
[[1;34mINFO[m] [1m--- [0;32mmaven-compiler-plugin:2.5.1:testCompile[m [1m(default-testCompile)[m @ [36moak-mk-remote[0;1m ---[m
[[1;34mINFO[m] Compiling 1 source file to /home/user/Reproducibility-Scanner/benchmarks/bugs-dot-jar/jackrabbit-oak/oak-mk-remote/target/test-classes
[[1;34mINFO[m] 
[[1;34mINFO[m] [1m--- [0;32mmaven-surefire-plugin:2.12.4:test[m [1m(default-test)[m @ [36moak-mk-remote[0;1m ---[m
[[1;34mINFO[m] Tests are skipped.
[[1;34mINFO[m] 
[[1;34mINFO[m] [1m--- [0;32mjacoco-maven-plugin:0.7.1.201405082137:report[m [1m(post-unit-test)[m @ [36moak-mk-remote[0;1m ---[m
[[1;34mINFO[m] Skipping JaCoCo execution because property jacoco.skip is set.
[[1;34mINFO[m] 
[[1;34mINFO[m] [1m--- [0;32mmaven-bundle-plugin:2.5.0:bundle[m [1m(default-bundle)[m @ [36moak-mk-remote[0;1m ---[m
[[1;34mINFO[m] 
[[1;34mINFO[m] [1m--- [0;32mmaven-site-plugin:3.3:attach-descriptor[m [1m(attach-descriptor)[m @ [36moak-mk-remote[0;1m ---[m
[[1;34mINFO[m] 
[[1;34mINFO[m] [1m--- [0;32mmaven-bundle-plugin:2.5.0:baseline[m [1m(baseline)[m @ [36moak-mk-remote[0;1m ---[m
[[1;34mINFO[m] artifact org.apache.jackrabbit:oak-mk-remote: checking for updates from apache.snapshots
[[1;34mINFO[m] artifact org.apache.jackrabbit:oak-mk-remote: checking for updates from central
[[1;34mINFO[m] Baseline analisys complete, 0 error(s), 0 warning(s)
[[1;34mINFO[m] 
[[1;34mINFO[m] [1m--- [0;32mmaven-install-plugin:2.3.1:install[m [1m(default-install)[m @ [36moak-mk-remote[0;1m ---[m
[[1;34mINFO[m] Installing /home/user/Reproducibility-Scanner/benchmarks/bugs-dot-jar/jackrabbit-oak/oak-mk-remote/target/oak-mk-remote-1.1-SNAPSHOT.jar to /home/user/.m2/repository/org/apache/jackrabbit/oak-mk-remote/1.1-SNAPSHOT/oak-mk-remote-1.1-SNAPSHOT.jar
[[1;34mINFO[m] Installing /home/user/Reproducibility-Scanner/benchmarks/bugs-dot-jar/jackrabbit-oak/oak-mk-remote/pom.xml to /home/user/.m2/repository/org/apache/jackrabbit/oak-mk-remote/1.1-SNAPSHOT/oak-mk-remote-1.1-SNAPSHOT.pom
[[1;34mINFO[m] 
[[1;34mINFO[m] [1m--- [0;32mmaven-bundle-plugin:2.5.0:install[m [1m(default-install)[m @ [36moak-mk-remote[0;1m ---[m
[[1;34mINFO[m] Local OBR update disabled (enable with -DobrRepository)
[[1;34mINFO[m] 
[[1;34mINFO[m] [1m-------------------< [0;36morg.apache.jackrabbit:oak-core[0;1m >-------------------[m
[[1;34mINFO[m] [1mBuilding Oak Core 1.1-SNAPSHOT                                    [7/23][m
[[1;34mINFO[m] [1m-------------------------------[ bundle ]-------------------------------[m
Downloading from apache.snapshots: http://repository.apache.org/snapshots/org/apache/jackrabbit/jackrabbit-aws-ext/2.9-SNAPSHOT/maven-metadata.xml
Progress (1): 786 B                   Downloaded from apache.snapshots: http://repository.apache.org/snapshots/org/apache/jackrabbit/jackrabbit-aws-ext/2.9-SNAPSHOT/maven-metadata.xml (786 B at 1.1 kB/s)
Downloading from apache.snapshots: http://repository.apache.org/snapshots/org/apache/jackrabbit/jackrabbit-aws-ext/2.9-SNAPSHOT/jackrabbit-aws-ext-2.9-20150323.101644-50.pom
Progress (1): 4.1/4.7 kBProgress (1): 4.7 kB                        Downloaded from apache.snapshots: http://repository.apache.org/snapshots/org/apache/jackrabbit/jackrabbit-aws-ext/2.9-SNAPSHOT/jackrabbit-aws-ext-2.9-20150323.101644-50.pom (4.7 kB at 9.9 kB/s)
Downloading from apache.snapshots: http://repository.apache.org/snapshots/org/apache/jackrabbit/jackrabbit-parent/2.9-SNAPSHOT/maven-metadata.xml
Progress (1): 613 B                   Downloaded from apache.snapshots: http://repository.apache.org/snapshots/org/apache/jackrabbit/jackrabbit-parent/2.9-SNAPSHOT/maven-metadata.xml (613 B at 1.2 kB/s)
Downloading from apache.snapshots: http://repository.apache.org/snapshots/org/apache/jackrabbit/jackrabbit-parent/2.9-SNAPSHOT/jackrabbit-parent-2.9-20150323.101644-54.pom
Progress (1): 4.1/30 kBProgress (1): 7.8/30 kBProgress (1): 12/30 kB Progress (1): 14/30 kBProgress (1): 18/30 kBProgress (1): 22/30 kBProgress (1): 26/30 kBProgress (1): 30 kB                      Downloaded from apache.snapshots: http://repository.apache.org/snapshots/org/apache/jackrabbit/jackrabbit-parent/2.9-SNAPSHOT/jackrabbit-parent-2.9-20150323.101644-54.pom (30 kB at 46 kB/s)
Downloading from apache.snapshots: http://repository.apache.org/snapshots/org/apache/jackrabbit/jackrabbit-jcr-commons/2.9-SNAPSHOT/maven-metadata.xml
Progress (1): 790 B                   Downloaded from apache.snapshots: http://repository.apache.org/snapshots/org/apache/jackrabbit/jackrabbit-jcr-commons/2.9-SNAPSHOT/maven-metadata.xml (790 B at 1.6 kB/s)
Downloading from apache.snapshots: http://repository.apache.org/snapshots/org/apache/jackrabbit/jackrabbit-jcr-commons/2.9-SNAPSHOT/jackrabbit-jcr-commons-2.9-20150323.101644-52.pom
Progress (1): 4.1/4.6 kBProgress (1): 4.6 kB                        Downloaded from apache.snapshots: http://repository.apache.org/snapshots/org/apache/jackrabbit/jackrabbit-jcr-commons/2.9-SNAPSHOT/jackrabbit-jcr-commons-2.9-20150323.101644-52.pom (4.6 kB at 12 kB/s)
Downloading from apache.snapshots: http://repository.apache.org/snapshots/org/apache/jackrabbit/jackrabbit-data/2.9-SNAPSHOT/maven-metadata.xml
Progress (1): 994 B                   Downloaded from apache.snapshots: http://repository.apache.org/snapshots/org/apache/jackrabbit/jackrabbit-data/2.9-SNAPSHOT/maven-metadata.xml (994 B at 2.3 kB/s)
Downloading from apache.snapshots: http://repository.apache.org/snapshots/org/apache/jackrabbit/jackrabbit-data/2.9-SNAPSHOT/jackrabbit-data-2.9-20150323.101644-50.pom
Progress (1): 4.0 kB                    Downloaded from apache.snapshots: http://repository.apache.org/snapshots/org/apache/jackrabbit/jackrabbit-data/2.9-SNAPSHOT/jackrabbit-data-2.9-20150323.101644-50.pom (4.0 kB at 8.5 kB/s)
Downloading from apache.snapshots: http://repository.apache.org/snapshots/org/apache/jackrabbit/jackrabbit-api/2.9-SNAPSHOT/maven-metadata.xml
Progress (1): 782 B                   Downloaded from apache.snapshots: http://repository.apache.org/snapshots/org/apache/jackrabbit/jackrabbit-api/2.9-SNAPSHOT/maven-metadata.xml (782 B at 1.9 kB/s)
Downloading from apache.snapshots: http://repository.apache.org/snapshots/org/apache/jackrabbit/jackrabbit-api/2.9-SNAPSHOT/jackrabbit-api-2.9-20150323.101644-52.pom
Progress (1): 3.4 kB                    Downloaded from apache.snapshots: http://repository.apache.org/snapshots/org/apache/jackrabbit/jackrabbit-api/2.9-SNAPSHOT/jackrabbit-api-2.9-20150323.101644-52.pom (3.4 kB at 9.1 kB/s)
Downloading from apache.snapshots: http://repository.apache.org/snapshots/org/apache/jackrabbit/jackrabbit-aws-ext/2.9-SNAPSHOT/jackrabbit-aws-ext-2.9-20150323.101644-50.jar
Downloading from apache.snapshots: http://repository.apache.org/snapshots/org/apache/jackrabbit/jackrabbit-jcr-commons/2.9-SNAPSHOT/jackrabbit-jcr-commons-2.9-20150323.101644-52.jar
Downloading from apache.snapshots: http://repository.apache.org/snapshots/org/apache/jackrabbit/jackrabbit-data/2.9-SNAPSHOT/jackrabbit-data-2.9-20150323.101644-50.jar
Downloading from apache.snapshots: http://repository.apache.org/snapshots/org/apache/jackrabbit/jackrabbit-api/2.9-SNAPSHOT/jackrabbit-api-2.9-20150323.101644-52.jar
Downloading from apache.snapshots: http://repository.apache.org/snapshots/org/apache/jackrabbit/jackrabbit-data/2.9-SNAPSHOT/jackrabbit-data-2.9-20150323.101644-50-tests.jar
Progress (1): 4.1/32 kBProgress (1): 7.8/32 kBProgress (1): 12/32 kB Progress (1): 16/32 kBProgress (1): 20/32 kBProgress (1): 24/32 kBProgress (1): 28/32 kBProgress (1): 32/32 kBProgress (1): 32 kB   Progress (2): 32 kB | 4.1/398 kBProgress (2): 32 kB | 7.8/398 kBProgress (3): 32 kB | 7.8/398 kB | 4.1/32 kBProgress (3): 32 kB | 12/398 kB | 4.1/32 kB Progress (3): 32 kB | 12/398 kB | 7.8/32 kBProgress (3): 32 kB | 14/398 kB | 7.8/32 kBProgress (3): 32 kB | 14/398 kB | 12/32 kB Progress (3): 32 kB | 14/398 kB | 14/32 kBProgress (4): 32 kB | 14/398 kB | 14/32 kB | 4.1/40 kBProgress (4): 32 kB | 14/398 kB | 14/32 kB | 7.8/40 kBProgress (4): 32 kB | 14/398 kB | 14/32 kB | 12/40 kB Progress (4): 32 kB | 14/398 kB | 14/32 kB | 14/40 kBProgress (5): 32 kB | 14/398 kB | 14/32 kB | 14/40 kB | 4.1/154 kBProgress (5): 32 kB | 14/398 kB | 14/32 kB | 14/40 kB | 7.8/154 kBProgress (5): 32 kB | 14/398 kB | 14/32 kB | 14/40 kB | 12/154 kB Progress (5): 32 kB | 14/398 kB | 14/32 kB | 14/40 kB | 14/154 kBProgress (5): 32 kB | 14/398 kB | 18/32 kB | 14/40 kB | 14/154 kBProgress (5): 32 kB | 14/398 kB | 22/32 kB | 14/40 kB | 14/154 kBProgress (5): 32 kB | 14/398 kB | 26/32 kB | 14/40 kB | 14/154 kBProgress (5): 32 kB | 14/398 kB | 30/32 kB | 14/40 kB | 14/154 kBProgress (5): 32 kB | 14/398 kB | 32 kB | 14/40 kB | 14/154 kB   Progress (5): 32 kB | 18/398 kB | 32 kB | 14/40 kB | 14/154 kBProgress (5): 32 kB | 22/398 kB | 32 kB | 14/40 kB | 14/154 kBProgress (5): 32 kB | 26/398 kB | 32 kB | 14/40 kB | 14/154 kBProgress (5): 32 kB | 30/398 kB | 32 kB | 14/40 kB | 14/154 kBProgress (5): 32 kB | 35/398 kB | 32 kB | 14/40 kB | 14/154 kBProgress (5): 32 kB | 39/398 kB | 32 kB | 14/40 kB | 14/154 kBProgress (5): 32 kB | 43/398 kB | 32 kB | 14/40 kB | 14/154 kBProgress (5): 32 kB | 43/398 kB | 32 kB | 18/40 kB | 14/154 kBProgress (5): 32 kB | 43/398 kB | 32 kB | 22/40 kB | 14/154 kBProgress (5): 32 kB | 43/398 kB | 32 kB | 26/40 kB | 14/154 kBProgress (5): 32 kB | 43/398 kB | 32 kB | 30/40 kB | 14/154 kBProgress (5): 32 kB | 43/398 kB | 32 kB | 35/40 kB | 14/154 kBProgress (5): 32 kB | 43/398 kB | 32 kB | 39/40 kB | 14/154 kBProgress (5): 32 kB | 43/398 kB | 32 kB | 40 kB | 14/154 kB   Progress (5): 32 kB | 43/398 kB | 32 kB | 40 kB | 18/154 kBProgress (5): 32 kB | 43/398 kB | 32 kB | 40 kB | 22/154 kBProgress (5): 32 kB | 43/398 kB | 32 kB | 40 kB | 26/154 kBProgress (5): 32 kB | 43/398 kB | 32 kB | 40 kB | 30/154 kBProgress (5): 32 kB | 43/398 kB | 32 kB | 40 kB | 35/154 kBProgress (5): 32 kB | 43/398 kB | 32 kB | 40 kB | 39/154 kBProgress (5): 32 kB | 43/398 kB | 32 kB | 40 kB | 43/154 kB                                                           Downloaded from apache.snapshots: http://repository.apache.org/snapshots/org/apache/jackrabbit/jackrabbit-data/2.9-SNAPSHOT/jackrabbit-data-2.9-20150323.101644-50-tests.jar (32 kB at 42 kB/s)
Downloaded from apache.snapshots: http://repository.apache.org/snapshots/org/apache/jackrabbit/jackrabbit-aws-ext/2.9-SNAPSHOT/jackrabbit-aws-ext-2.9-20150323.101644-50.jar (32 kB at 41 kB/s)
Progress (3): 47/398 kB | 40 kB | 43/154 kBProgress (3): 51/398 kB | 40 kB | 43/154 kBProgress (3): 55/398 kB | 40 kB | 43/154 kBProgress (3): 59/398 kB | 40 kB | 43/154 kBProgress (3): 63/398 kB | 40 kB | 43/154 kBProgress (3): 67/398 kB | 40 kB | 43/154 kBProgress (3): 71/398 kB | 40 kB | 43/154 kBProgress (3): 75/398 kB | 40 kB | 43/154 kB                                           Downloaded from apache.snapshots: http://repository.apache.org/snapshots/org/apache/jackrabbit/jackrabbit-api/2.9-SNAPSHOT/jackrabbit-api-2.9-20150323.101644-52.jar (40 kB at 45 kB/s)
Progress (2): 75/398 kB | 47/154 kBProgress (2): 75/398 kB | 51/154 kBProgress (2): 75/398 kB | 55/154 kBProgress (2): 75/398 kB | 59/154 kBProgress (2): 75/398 kB | 63/154 kBProgress (2): 75/398 kB | 67/154 kBProgress (2): 75/398 kB | 71/154 kBProgress (2): 75/398 kB | 75/154 kBProgress (2): 75/398 kB | 80/154 kBProgress (2): 80/398 kB | 80/154 kBProgress (2): 84/398 kB | 80/154 kBProgress (2): 88/398 kB | 80/154 kBProgress (2): 92/398 kB | 80/154 kBProgress (2): 96/398 kB | 80/154 kBProgress (2): 100/398 kB | 80/154 kBProgress (2): 104/398 kB | 80/154 kBProgress (2): 108/398 kB | 80/154 kBProgress (2): 112/398 kB | 80/154 kBProgress (2): 116/398 kB | 80/154 kBProgress (2): 121/398 kB | 80/154 kBProgress (2): 125/398 kB | 80/154 kBProgress (2): 129/398 kB | 80/154 kBProgress (2): 133/398 kB | 80/154 kBProgress (2): 137/398 kB | 80/154 kBProgress (2): 141/398 kB | 80/154 kBProgress (2): 141/398 kB | 84/154 kBProgress (2): 141/398 kB | 88/154 kBProgress (2): 141/398 kB | 92/154 kBProgress (2): 141/398 kB | 96/154 kBProgress (2): 141/398 kB | 100/154 kBProgress (2): 141/398 kB | 104/154 kBProgress (2): 141/398 kB | 108/154 kBProgress (2): 141/398 kB | 112/154 kBProgress (2): 141/398 kB | 116/154 kBProgress (2): 141/398 kB | 121/154 kBProgress (2): 141/398 kB | 125/154 kBProgress (2): 141/398 kB | 129/154 kBProgress (2): 141/398 kB | 133/154 kBProgress (2): 141/398 kB | 137/154 kBProgress (2): 141/398 kB | 141/154 kBProgress (2): 141/398 kB | 145/154 kBProgress (2): 141/398 kB | 149/154 kBProgress (2): 141/398 kB | 153/154 kBProgress (2): 141/398 kB | 154 kB    Progress (2): 145/398 kB | 154 kBProgress (2): 149/398 kB | 154 kBProgress (2): 153/398 kB | 154 kBProgress (2): 157/398 kB | 154 kBProgress (2): 162/398 kB | 154 kBProgress (2): 166/398 kB | 154 kBProgress (2): 170/398 kB | 154 kBProgress (2): 174/398 kB | 154 kBProgress (2): 178/398 kB | 154 kBProgress (2): 182/398 kB | 154 kBProgress (2): 186/398 kB | 154 kBProgress (2): 190/398 kB | 154 kBProgress (2): 194/398 kB | 154 kBProgress (2): 198/398 kB | 154 kBProgress (2): 202/398 kB | 154 kBProgress (2): 207/398 kB | 154 kBProgress (2): 211/398 kB | 154 kBProgress (2): 215/398 kB | 154 kBProgress (2): 219/398 kB | 154 kBProgress (2): 223/398 kB | 154 kBProgress (2): 227/398 kB | 154 kBProgress (2): 231/398 kB | 154 kBProgress (2): 235/398 kB | 154 kBProgress (2): 239/398 kB | 154 kBProgress (2): 243/398 kB | 154 kBProgress (2): 248/398 kB | 154 kBProgress (2): 252/398 kB | 154 kBProgress (2): 256/398 kB | 154 kBProgress (2): 260/398 kB | 154 kBProgress (2): 264/398 kB | 154 kBProgress (2): 268/398 kB | 154 kBProgress (2): 271/398 kB | 154 kBProgress (2): 276/398 kB | 154 kBProgress (2): 280/398 kB | 154 kBProgress (2): 284/398 kB | 154 kBProgress (2): 288/398 kB | 154 kBProgress (2): 292/398 kB | 154 kBProgress (2): 296/398 kB | 154 kBProgress (2): 300/398 kB | 154 kBProgress (2): 304/398 kB | 154 kBProgress (2): 308/398 kB | 154 kBProgress (2): 312/398 kB | 154 kBProgress (2): 316/398 kB | 154 kBProgress (2): 321/398 kB | 154 kBProgress (2): 325/398 kB | 154 kBProgress (2): 329/398 kB | 154 kBProgress (2): 333/398 kB | 154 kBProgress (2): 337/398 kB | 154 kBProgress (2): 341/398 kB | 154 kBProgress (2): 345/398 kB | 154 kBProgress (2): 349/398 kB | 154 kBProgress (2): 353/398 kB | 154 kBProgress (2): 357/398 kB | 154 kBProgress (2): 362/398 kB | 154 kBProgress (2): 366/398 kB | 154 kBProgress (2): 370/398 kB | 154 kBProgress (2): 374/398 kB | 154 kBProgress (2): 378/398 kB | 154 kBProgress (2): 382/398 kB | 154 kBProgress (2): 386/398 kB | 154 kBProgress (2): 390/398 kB | 154 kBProgress (2): 394/398 kB | 154 kBProgress (2): 398 kB | 154 kB                                 Downloaded from apache.snapshots: http://repository.apache.org/snapshots/org/apache/jackrabbit/jackrabbit-data/2.9-SNAPSHOT/jackrabbit-data-2.9-20150323.101644-50.jar (154 kB at 105 kB/s)
Downloaded from apache.snapshots: http://repository.apache.org/snapshots/org/apache/jackrabbit/jackrabbit-jcr-commons/2.9-SNAPSHOT/jackrabbit-jcr-commons-2.9-20150323.101644-52.jar (398 kB at 238 kB/s)
Downloading from central: https://repo.maven.apache.org/maven2/com/amazonaws/aws-java-sdk-kms/1.9.22/aws-java-sdk-kms-1.9.22.jar
Downloading from central: https://repo.maven.apache.org/maven2/com/amazonaws/aws-java-sdk-core/1.9.22/aws-java-sdk-core-1.9.22.jar
Progress (1): 2.7/244 kBProgress (1): 5.5/244 kBProgress (1): 8.2/244 kBProgress (1): 11/244 kB Progress (1): 14/244 kBProgress (1): 16/244 kBProgress (1): 19/244 kBProgress (1): 21/244 kBProgress (1): 24/244 kBProgress (1): 27/244 kBProgress (1): 30/244 kBProgress (1): 32/244 kBProgress (1): 36/244 kBProgress (1): 40/244 kBProgress (1): 45/244 kBProgress (1): 49/244 kBProgress (1): 53/244 kBProgress (1): 57/244 kBProgress (1): 61/244 kBProgress (1): 65/244 kBProgress (1): 69/244 kBProgress (1): 73/244 kBProgress (1): 77/244 kBProgress (1): 81/244 kBProgress (1): 85/244 kBProgress (1): 90/244 kBProgress (1): 94/244 kBProgress (1): 98/244 kBProgress (1): 102/244 kBProgress (1): 106/244 kBProgress (1): 110/244 kBProgress (1): 114/244 kBProgress (1): 118/244 kBProgress (1): 122/244 kBProgress (1): 126/244 kBProgress (1): 131/244 kBProgress (1): 135/244 kBProgress (1): 139/244 kBProgress (1): 143/244 kBProgress (1): 147/244 kBProgress (1): 151/244 kBProgress (1): 155/244 kBProgress (1): 159/244 kBProgress (1): 163/244 kBProgress (1): 167/244 kBProgress (1): 171/244 kBProgress (1): 176/244 kBProgress (1): 180/244 kBProgress (1): 184/244 kBProgress (1): 188/244 kBProgress (1): 192/244 kBProgress (1): 196/244 kBProgress (1): 200/244 kBProgress (1): 204/244 kBProgress (1): 208/244 kBProgress (1): 212/244 kBProgress (1): 217/244 kBProgress (1): 221/244 kBProgress (1): 225/244 kBProgress (1): 229/244 kBProgress (1): 233/244 kBProgress (1): 237/244 kBProgress (1): 241/244 kBProgress (1): 244 kB    Progress (2): 244 kB | 2.7/481 kBProgress (2): 244 kB | 5.5/481 kBProgress (2): 244 kB | 8.2/481 kBProgress (2): 244 kB | 11/481 kB Progress (2): 244 kB | 14/481 kBProgress (2): 244 kB | 16/481 kBProgress (2): 244 kB | 19/481 kBProgress (2): 244 kB | 21/481 kBProgress (2): 244 kB | 24/481 kBProgress (2): 244 kB | 27/481 kBProgress (2): 244 kB | 30/481 kBProgress (2): 244 kB | 32/481 kBProgress (2): 244 kB | 35/481 kBProgress (2): 244 kB | 38/481 kBProgress (2): 244 kB | 40/481 kBProgress (2): 244 kB | 43/481 kBProgress (2): 244 kB | 46/481 kBProgress (2): 244 kB | 49/481 kBProgress (2): 244 kB | 53/481 kBProgress (2): 244 kB | 57/481 kBProgress (2): 244 kB | 61/481 kBProgress (2): 244 kB | 65/481 kBProgress (2): 244 kB | 69/481 kBProgress (2): 244 kB | 73/481 kBProgress (2): 244 kB | 77/481 kBProgress (2): 244 kB | 81/481 kBProgress (2): 244 kB | 85/481 kBProgress (2): 244 kB | 90/481 kBProgress (2): 244 kB | 94/481 kBProgress (2): 244 kB | 98/481 kBProgress (2): 244 kB | 102/481 kBProgress (2): 244 kB | 106/481 kBProgress (2): 244 kB | 110/481 kBProgress (2): 244 kB | 114/481 kBProgress (2): 244 kB | 118/481 kBProgress (2): 244 kB | 122/481 kBProgress (2): 244 kB | 126/481 kBProgress (2): 244 kB | 131/481 kBProgress (2): 244 kB | 135/481 kBProgress (2): 244 kB | 139/481 kBProgress (2): 244 kB | 143/481 kBProgress (2): 244 kB | 147/481 kBProgress (2): 244 kB | 151/481 kBProgress (2): 244 kB | 155/481 kBProgress (2): 244 kB | 159/481 kBProgress (2): 244 kB | 163/481 kBProgress (2): 244 kB | 167/481 kBProgress (2): 244 kB | 171/481 kBProgress (2): 244 kB | 176/481 kBProgress (2): 244 kB | 180/481 kBProgress (2): 244 kB | 184/481 kBProgress (2): 244 kB | 188/481 kBProgress (2): 244 kB | 192/481 kBProgress (2): 244 kB | 196/481 kBProgress (2): 244 kB | 200/481 kBProgress (2): 244 kB | 204/481 kBProgress (2): 244 kB | 208/481 kBProgress (2): 244 kB | 212/481 kBProgress (2): 244 kB | 217/481 kBProgress (2): 244 kB | 221/481 kBProgress (2): 244 kB | 225/481 kBProgress (2): 244 kB | 229/481 kBProgress (2): 244 kB | 233/481 kBProgress (2): 244 kB | 237/481 kBProgress (2): 244 kB | 241/481 kBProgress (2): 244 kB | 245/481 kBProgress (2): 244 kB | 249/481 kBProgress (2): 244 kB | 253/481 kBProgress (2): 244 kB | 258/481 kBProgress (2): 244 kB | 262/481 kBProgress (2): 244 kB | 266/481 kBProgress (2): 244 kB | 270/481 kBProgress (2): 244 kB | 274/481 kBProgress (2): 244 kB | 278/481 kBProgress (2): 244 kB | 282/481 kBProgress (2): 244 kB | 286/481 kBProgress (2): 244 kB | 290/481 kBProgress (2): 244 kB | 294/481 kBProgress (2): 244 kB | 298/481 kBProgress (2): 244 kB | 303/481 kBProgress (2): 244 kB | 307/481 kBProgress (2): 244 kB | 311/481 kBProgress (2): 244 kB | 315/481 kBProgress (2): 244 kB | 319/481 kBProgress (2): 244 kB | 323/481 kBProgress (2): 244 kB | 327/481 kBProgress (2): 244 kB | 331/481 kBProgress (2): 244 kB | 335/481 kBProgress (2): 244 kB | 339/481 kBProgress (2): 244 kB | 343/481 kBProgress (2): 244 kB | 348/481 kBProgress (2): 244 kB | 352/481 kBProgress (2): 244 kB | 356/481 kBProgress (2): 244 kB | 360/481 kBProgress (2): 244 kB | 364/481 kBProgress (2): 244 kB | 368/481 kBProgress (2): 244 kB | 372/481 kBProgress (2): 244 kB | 376/481 kBProgress (2): 244 kB | 380/481 kBProgress (2): 244 kB | 384/481 kBProgress (2): 244 kB | 389/481 kBProgress (2): 244 kB | 393/481 kBProgress (2): 244 kB | 397/481 kBProgress (2): 244 kB | 401/481 kBProgress (2): 244 kB | 405/481 kBProgress (2): 244 kB | 409/481 kBProgress (2): 244 kB | 413/481 kBProgress (2): 244 kB | 417/481 kBProgress (2): 244 kB | 421/481 kBProgress (2): 244 kB | 425/481 kBProgress (2): 244 kB | 429/481 kBProgress (2): 244 kB | 434/481 kBProgress (2): 244 kB | 438/481 kBProgress (2): 244 kB | 442/481 kBProgress (2): 244 kB | 446/481 kBProgress (2): 244 kB | 450/481 kBProgress (2): 244 kB | 454/481 kBProgress (2): 244 kB | 458/481 kBProgress (2): 244 kB | 462/481 kBProgress (2): 244 kB | 466/481 kBProgress (2): 244 kB | 470/481 kBProgress (2): 244 kB | 475/481 kBProgress (2): 244 kB | 479/481 kBProgress (2): 244 kB | 481 kB                                 Downloaded from central: https://repo.maven.apache.org/maven2/com/amazonaws/aws-java-sdk-core/1.9.22/aws-java-sdk-core-1.9.22.jar (481 kB at 2.1 MB/s)
Downloaded from central: https://repo.maven.apache.org/maven2/com/amazonaws/aws-java-sdk-kms/1.9.22/aws-java-sdk-kms-1.9.22.jar (244 kB at 686 kB/s)
[[1;34mINFO[m] 
[[1;34mINFO[m] [1m--- [0;32mjacoco-maven-plugin:0.7.1.201405082137:prepare-agent[m [1m(pre-unit-test)[m @ [36moak-core[0;1m ---[m
[[1;34mINFO[m] Skipping JaCoCo execution because property jacoco.skip is set.
[[1;34mINFO[m] test.opts.coverage set to empty
[[1;34mINFO[m] 
[[1;34mINFO[m] [1m--- [0;32mmaven-remote-resources-plugin:1.4:process[m [1m(default)[m @ [36moak-core[0;1m ---[m
[[1;34mINFO[m] 
[[1;34mINFO[m] [1m--- [0;32mmaven-resources-plugin:2.6:resources[m [1m(default-resources)[m @ [36moak-core[0;1m ---[m
[[1;34mINFO[m] Using 'UTF-8' encoding to copy filtered resources.
[[1;34mINFO[m] Copying 3 resources
[[1;34mINFO[m] Copying 3 resources
[[1;34mINFO[m] 
[[1;34mINFO[m] [1m--- [0;32mmaven-compiler-plugin:2.5.1:compile[m [1m(default-compile)[m @ [36moak-core[0;1m ---[m
[[1;34mINFO[m] Compiling 804 source files to /home/user/Reproducibility-Scanner/benchmarks/bugs-dot-jar/jackrabbit-oak/oak-core/target/classes
[[1;34mINFO[m] -------------------------------------------------------------
[[1;31mERROR[m] COMPILATION ERROR : 
[[1;34mINFO[m] -------------------------------------------------------------
[[1;31mERROR[m] /home/user/Reproducibility-Scanner/benchmarks/bugs-dot-jar/jackrabbit-oak/oak-core/src/main/java/org/apache/jackrabbit/oak/plugins/blob/datastore/DataStoreWrapperBackend.java:[42,7] error: DataStoreWrapperBackend is not abstract and does not override abstract method touchAsync(DataIdentifier,long,AsyncTouchCallback) in Backend
[[1;34mINFO[m] 1 error
[[1;34mINFO[m] -------------------------------------------------------------
[[1;34mINFO[m] 
[[1;34mINFO[m] [1m-------------------< [0;36morg.apache.jackrabbit:oak-jcr[0;1m >--------------------[m
[[1;34mINFO[m] [1mBuilding Oak JCR Binding 1.1-SNAPSHOT                             [8/23][m
[[1;34mINFO[m] [1m-------------------------------[ bundle ]-------------------------------[m
Downloading from apache.snapshots: http://repository.apache.org/snapshots/org/apache/jackrabbit/oak-core/1.1-SNAPSHOT/maven-metadata.xml
Downloading from apache.snapshots: http://repository.apache.org/snapshots/org/apache/jackrabbit/jackrabbit-jcr-tests/2.9-SNAPSHOT/maven-metadata.xml
Progress (1): 788 B                   Downloaded from apache.snapshots: http://repository.apache.org/snapshots/org/apache/jackrabbit/jackrabbit-jcr-tests/2.9-SNAPSHOT/maven-metadata.xml (788 B at 1.3 kB/s)
Downloading from apache.snapshots: http://repository.apache.org/snapshots/org/apache/jackrabbit/jackrabbit-jcr-tests/2.9-SNAPSHOT/jackrabbit-jcr-tests-2.9-20150323.101644-52.pom
Progress (1): 2.5 kB                    Downloaded from apache.snapshots: http://repository.apache.org/snapshots/org/apache/jackrabbit/jackrabbit-jcr-tests/2.9-SNAPSHOT/jackrabbit-jcr-tests-2.9-20150323.101644-52.pom (2.5 kB at 6.4 kB/s)
Downloading from apache.snapshots: http://repository.apache.org/snapshots/org/apache/jackrabbit/jackrabbit-core/2.9-SNAPSHOT/maven-metadata.xml
Progress (1): 994 B                   Downloaded from apache.snapshots: http://repository.apache.org/snapshots/org/apache/jackrabbit/jackrabbit-core/2.9-SNAPSHOT/maven-metadata.xml (994 B at 2.8 kB/s)
Downloading from apache.snapshots: http://repository.apache.org/snapshots/org/apache/jackrabbit/jackrabbit-core/2.9-SNAPSHOT/jackrabbit-core-2.9-20150323.101644-50.pom
Progress (1): 4.1/23 kBProgress (1): 7.8/23 kBProgress (1): 12/23 kB Progress (1): 14/23 kBProgress (1): 18/23 kBProgress (1): 22/23 kBProgress (1): 23 kB                      Downloaded from apache.snapshots: http://repository.apache.org/snapshots/org/apache/jackrabbit/jackrabbit-core/2.9-SNAPSHOT/jackrabbit-core-2.9-20150323.101644-50.pom (23 kB at 39 kB/s)
Downloading from apache.snapshots: http://repository.apache.org/snapshots/org/apache/jackrabbit/jackrabbit-spi-commons/2.9-SNAPSHOT/maven-metadata.xml
Progress (1): 790 B                   Downloaded from apache.snapshots: http://repository.apache.org/snapshots/org/apache/jackrabbit/jackrabbit-spi-commons/2.9-SNAPSHOT/maven-metadata.xml (790 B at 1.4 kB/s)
Downloading from apache.snapshots: http://repository.apache.org/snapshots/org/apache/jackrabbit/jackrabbit-spi-commons/2.9-SNAPSHOT/jackrabbit-spi-commons-2.9-20150323.101644-50.pom
Progress (1): 4.1/6.8 kBProgress (1): 6.8 kB                        Downloaded from apache.snapshots: http://repository.apache.org/snapshots/org/apache/jackrabbit/jackrabbit-spi-commons/2.9-SNAPSHOT/jackrabbit-spi-commons-2.9-20150323.101644-50.pom (6.8 kB at 15 kB/s)
Downloading from apache.snapshots: http://repository.apache.org/snapshots/org/apache/jackrabbit/jackrabbit-spi/2.9-SNAPSHOT/maven-metadata.xml
Progress (1): 993 B                   Downloaded from apache.snapshots: http://repository.apache.org/snapshots/org/apache/jackrabbit/jackrabbit-spi/2.9-SNAPSHOT/maven-metadata.xml (993 B at 2.3 kB/s)
Downloading from apache.snapshots: http://repository.apache.org/snapshots/org/apache/jackrabbit/jackrabbit-spi/2.9-SNAPSHOT/jackrabbit-spi-2.9-20150323.101644-50.pom
Progress (1): 3.0 kB                    Downloaded from apache.snapshots: http://repository.apache.org/snapshots/org/apache/jackrabbit/jackrabbit-spi/2.9-SNAPSHOT/jackrabbit-spi-2.9-20150323.101644-50.pom (3.0 kB at 7.2 kB/s)
Downloading from apache.snapshots: http://repository.apache.org/snapshots/org/apache/jackrabbit/jackrabbit-jcr-server/2.9-SNAPSHOT/maven-metadata.xml
Progress (1): 789 B                   Downloaded from apache.snapshots: http://repository.apache.org/snapshots/org/apache/jackrabbit/jackrabbit-jcr-server/2.9-SNAPSHOT/maven-metadata.xml (789 B at 958 B/s)
Downloading from apache.snapshots: http://repository.apache.org/snapshots/org/apache/jackrabbit/jackrabbit-jcr-server/2.9-SNAPSHOT/jackrabbit-jcr-server-2.9-20150323.101644-50.pom
Progress (1): 4.1/8.6 kBProgress (1): 7.8/8.6 kBProgress (1): 8.6 kB                        Downloaded from apache.snapshots: http://repository.apache.org/snapshots/org/apache/jackrabbit/jackrabbit-jcr-server/2.9-SNAPSHOT/jackrabbit-jcr-server-2.9-20150323.101644-50.pom (8.6 kB at 18 kB/s)
Downloading from apache.snapshots: http://repository.apache.org/snapshots/org/apache/jackrabbit/jackrabbit-webdav/2.9-SNAPSHOT/maven-metadata.xml
Progress (1): 785 B                   Downloaded from apache.snapshots: http://repository.apache.org/snapshots/org/apache/jackrabbit/jackrabbit-webdav/2.9-SNAPSHOT/maven-metadata.xml (785 B at 1.3 kB/s)
Downloading from apache.snapshots: http://repository.apache.org/snapshots/org/apache/jackrabbit/jackrabbit-webdav/2.9-SNAPSHOT/jackrabbit-webdav-2.9-20150323.101644-50.pom
Progress (1): 4.1/4.9 kBProgress (1): 4.9 kB                        Downloaded from apache.snapshots: http://repository.apache.org/snapshots/org/apache/jackrabbit/jackrabbit-webdav/2.9-SNAPSHOT/jackrabbit-webdav-2.9-20150323.101644-50.pom (4.9 kB at 12 kB/s)
Downloading from apache.snapshots: http://repository.apache.org/snapshots/org/apache/jackrabbit/jackrabbit-jcr-tests/2.9-SNAPSHOT/jackrabbit-jcr-tests-2.9-20150323.101644-52.jar
Downloading from apache.snapshots: http://repository.apache.org/snapshots/org/apache/jackrabbit/jackrabbit-spi/2.9-SNAPSHOT/jackrabbit-spi-2.9-20150323.101644-50.jar
Downloading from apache.snapshots: http://repository.apache.org/snapshots/org/apache/jackrabbit/jackrabbit-core/2.9-SNAPSHOT/jackrabbit-core-2.9-20150323.101644-50.jar
Downloading from apache.snapshots: http://repository.apache.org/snapshots/org/apache/jackrabbit/jackrabbit-spi-commons/2.9-SNAPSHOT/jackrabbit-spi-commons-2.9-20150323.101644-50.jar
Downloading from apache.snapshots: http://repository.apache.org/snapshots/org/apache/jackrabbit/jackrabbit-core/2.9-SNAPSHOT/jackrabbit-core-2.9-20150323.101644-50-tests.jar
Progress (1): 4.1/798 kBProgress (1): 7.8/798 kBProgress (1): 12/798 kB Progress (1): 14/798 kBProgress (2): 14/798 kB | 0/2.4 MBProgress (3): 14/798 kB | 0/2.4 MB | 4.1/28 kBProgress (3): 14/798 kB | 0/2.4 MB | 7.8/28 kBProgress (4): 14/798 kB | 0/2.4 MB | 7.8/28 kB | 7.8/852 kBProgress (4): 14/798 kB | 0/2.4 MB | 12/28 kB | 7.8/852 kB Progress (4): 14/798 kB | 0/2.4 MB | 12/28 kB | 14/852 kB Progress (4): 14/798 kB | 0/2.4 MB | 16/28 kB | 14/852 kBProgress (4): 14/798 kB | 0/2.4 MB | 20/28 kB | 14/852 kBProgress (4): 14/798 kB | 0/2.4 MB | 23/28 kB | 14/852 kBProgress (5): 14/798 kB | 0/2.4 MB | 23/28 kB | 14/852 kB | 0/1.2 MBProgress (5): 14/798 kB | 0/2.4 MB | 23/28 kB | 14/852 kB | 0/1.2 MBProgress (5): 14/798 kB | 0/2.4 MB | 23/28 kB | 14/852 kB | 0/1.2 MBProgress (5): 14/798 kB | 0/2.4 MB | 27/28 kB | 14/852 kB | 0/1.2 MBProgress (5): 14/798 kB | 0/2.4 MB | 28 kB | 14/852 kB | 0/1.2 MB   Progress (5): 14/798 kB | 0/2.4 MB | 28 kB | 22/852 kB | 0/1.2 MBProgress (5): 14/798 kB | 0/2.4 MB | 28 kB | 30/852 kB | 0/1.2 MBProgress (5): 14/798 kB | 0/2.4 MB | 28 kB | 39/852 kB | 0/1.2 MBProgress (5): 14/798 kB | 0/2.4 MB | 28 kB | 43/852 kB | 0/1.2 MBProgress (5): 18/798 kB | 0/2.4 MB | 28 kB | 43/852 kB | 0/1.2 MBProgress (5): 22/798 kB | 0/2.4 MB | 28 kB | 43/852 kB | 0/1.2 MBProgress (5): 26/798 kB | 0/2.4 MB | 28 kB | 43/852 kB | 0/1.2 MBProgress (5): 30/798 kB | 0/2.4 MB | 28 kB | 43/852 kB | 0/1.2 MBProgress (5): 35/798 kB | 0/2.4 MB | 28 kB | 43/852 kB | 0/1.2 MBProgress (5): 39/798 kB | 0/2.4 MB | 28 kB | 43/852 kB | 0/1.2 MBProgress (5): 43/798 kB | 0/2.4 MB | 28 kB | 43/852 kB | 0/1.2 MBProgress (5): 43/798 kB | 0/2.4 MB | 28 kB | 43/852 kB | 0/1.2 MBProgress (5): 43/798 kB | 0/2.4 MB | 28 kB | 43/852 kB | 0/1.2 MBProgress (5): 43/798 kB | 0/2.4 MB | 28 kB | 43/852 kB | 0/1.2 MBProgress (5): 43/798 kB | 0/2.4 MB | 28 kB | 43/852 kB | 0/1.2 MB                                                                 Downloaded from apache.snapshots: http://repository.apache.org/snapshots/org/apache/jackrabbit/jackrabbit-spi/2.9-SNAPSHOT/jackrabbit-spi-2.9-20150323.101644-50.jar (28 kB at 43 kB/s)
Downloading from apache.snapshots: http://repository.apache.org/snapshots/org/apache/jackrabbit/jackrabbit-jcr-server/2.9-SNAPSHOT/jackrabbit-jcr-server-2.9-20150323.101644-50.jar
Progress (4): 43/798 kB | 0/2.4 MB | 43/852 kB | 0/1.2 MBProgress (4): 43/798 kB | 0.1/2.4 MB | 43/852 kB | 0/1.2 MBProgress (4): 43/798 kB | 0.1/2.4 MB | 47/852 kB | 0/1.2 MBProgress (4): 43/798 kB | 0.1/2.4 MB | 56/852 kB | 0/1.2 MBProgress (4): 43/798 kB | 0.1/2.4 MB | 64/852 kB | 0/1.2 MBProgress (4): 43/798 kB | 0.1/2.4 MB | 72/852 kB | 0/1.2 MBProgress (4): 43/798 kB | 0.1/2.4 MB | 80/852 kB | 0/1.2 MBProgress (4): 43/798 kB | 0.1/2.4 MB | 88/852 kB | 0/1.2 MBProgress (4): 47/798 kB | 0.1/2.4 MB | 88/852 kB | 0/1.2 MBProgress (4): 51/798 kB | 0.1/2.4 MB | 88/852 kB | 0/1.2 MBProgress (4): 55/798 kB | 0.1/2.4 MB | 88/852 kB | 0/1.2 MBProgress (4): 59/798 kB | 0.1/2.4 MB | 88/852 kB | 0/1.2 MBProgress (4): 63/798 kB | 0.1/2.4 MB | 88/852 kB | 0/1.2 MBProgress (4): 67/798 kB | 0.1/2.4 MB | 88/852 kB | 0/1.2 MBProgress (4): 71/798 kB | 0.1/2.4 MB | 88/852 kB | 0/1.2 MBProgress (4): 75/798 kB | 0.1/2.4 MB | 88/852 kB | 0/1.2 MBProgress (4): 80/798 kB | 0.1/2.4 MB | 88/852 kB | 0/1.2 MBProgress (4): 84/798 kB | 0.1/2.4 MB | 88/852 kB | 0/1.2 MBProgress (4): 88/798 kB | 0.1/2.4 MB | 88/852 kB | 0/1.2 MBProgress (4): 92/798 kB | 0.1/2.4 MB | 88/852 kB | 0/1.2 MBProgress (4): 96/798 kB | 0.1/2.4 MB | 88/852 kB | 0/1.2 MBProgress (4): 100/798 kB | 0.1/2.4 MB | 88/852 kB | 0/1.2 MBProgress (4): 100/798 kB | 0.1/2.4 MB | 88/852 kB | 0.1/1.2 MBProgress (4): 100/798 kB | 0.1/2.4 MB | 88/852 kB | 0.1/1.2 MBProgress (4): 100/798 kB | 0.1/2.4 MB | 88/852 kB | 0.1/1.2 MBProgress (4): 100/798 kB | 0.1/2.4 MB | 88/852 kB | 0.1/1.2 MBProgress (4): 100/798 kB | 0.1/2.4 MB | 88/852 kB | 0.1/1.2 MBProgress (4): 100/798 kB | 0.1/2.4 MB | 97/852 kB | 0.1/1.2 MBProgress (4): 100/798 kB | 0.1/2.4 MB | 105/852 kB | 0.1/1.2 MBProgress (4): 100/798 kB | 0.1/2.4 MB | 113/852 kB | 0.1/1.2 MBProgress (4): 100/798 kB | 0.1/2.4 MB | 121/852 kB | 0.1/1.2 MBProgress (4): 100/798 kB | 0.1/2.4 MB | 129/852 kB | 0.1/1.2 MBProgress (4): 100/798 kB | 0.1/2.4 MB | 137/852 kB | 0.1/1.2 MBProgress (4): 100/798 kB | 0.1/2.4 MB | 146/852 kB | 0.1/1.2 MBProgress (4): 100/798 kB | 0.1/2.4 MB | 154/852 kB | 0.1/1.2 MBProgress (4): 100/798 kB | 0.1/2.4 MB | 162/852 kB | 0.1/1.2 MBProgress (4): 100/798 kB | 0.1/2.4 MB | 170/852 kB | 0.1/1.2 MBProgress (4): 100/798 kB | 0.1/2.4 MB | 178/852 kB | 0.1/1.2 MBProgress (4): 100/798 kB | 0.1/2.4 MB | 187/852 kB | 0.1/1.2 MBProgress (4): 100/798 kB | 0.1/2.4 MB | 187/852 kB | 0.1/1.2 MBProgress (4): 100/798 kB | 0.1/2.4 MB | 187/852 kB | 0.1/1.2 MBProgress (4): 100/798 kB | 0.1/2.4 MB | 187/852 kB | 0.1/1.2 MBProgress (4): 100/798 kB | 0.1/2.4 MB | 187/852 kB | 0.1/1.2 MBProgress (4): 100/798 kB | 0.1/2.4 MB | 187/852 kB | 0.1/1.2 MBProgress (4): 104/798 kB | 0.1/2.4 MB | 187/852 kB | 0.1/1.2 MBProgress (4): 108/798 kB | 0.1/2.4 MB | 187/852 kB | 0.1/1.2 MBProgress (4): 112/798 kB | 0.1/2.4 MB | 187/852 kB | 0.1/1.2 MBProgress (4): 116/798 kB | 0.1/2.4 MB | 187/852 kB | 0.1/1.2 MBProgress (4): 121/798 kB | 0.1/2.4 MB | 187/852 kB | 0.1/1.2 MBProgress (4): 125/798 kB | 0.1/2.4 MB | 187/852 kB | 0.1/1.2 MBProgress (4): 129/798 kB | 0.1/2.4 MB | 187/852 kB | 0.1/1.2 MBProgress (4): 133/798 kB | 0.1/2.4 MB | 187/852 kB | 0.1/1.2 MBProgress (4): 137/798 kB | 0.1/2.4 MB | 187/852 kB | 0.1/1.2 MBProgress (4): 141/798 kB | 0.1/2.4 MB | 187/852 kB | 0.1/1.2 MBProgress (4): 145/798 kB | 0.1/2.4 MB | 187/852 kB | 0.1/1.2 MBProgress (4): 149/798 kB | 0.1/2.4 MB | 187/852 kB | 0.1/1.2 MBProgress (4): 153/798 kB | 0.1/2.4 MB | 187/852 kB | 0.1/1.2 MBProgress (4): 157/798 kB | 0.1/2.4 MB | 187/852 kB | 0.1/1.2 MBProgress (4): 162/798 kB | 0.1/2.4 MB | 187/852 kB | 0.1/1.2 MBProgress (4): 166/798 kB | 0.1/2.4 MB | 187/852 kB | 0.1/1.2 MBProgress (4): 170/798 kB | 0.1/2.4 MB | 187/852 kB | 0.1/1.2 MBProgress (4): 174/798 kB | 0.1/2.4 MB | 187/852 kB | 0.1/1.2 MBProgress (4): 178/798 kB | 0.1/2.4 MB | 187/852 kB | 0.1/1.2 MBProgress (4): 182/798 kB | 0.1/2.4 MB | 187/852 kB | 0.1/1.2 MBProgress (4): 186/798 kB | 0.1/2.4 MB | 187/852 kB | 0.1/1.2 MBProgress (4): 190/798 kB | 0.1/2.4 MB | 187/852 kB | 0.1/1.2 MBProgress (4): 194/798 kB | 0.1/2.4 MB | 187/852 kB | 0.1/1.2 MBProgress (4): 198/798 kB | 0.1/2.4 MB | 187/852 kB | 0.1/1.2 MBProgress (4): 202/798 kB | 0.1/2.4 MB | 187/852 kB | 0.1/1.2 MBProgress (4): 207/798 kB | 0.1/2.4 MB | 187/852 kB | 0.1/1.2 MBProgress (4): 211/798 kB | 0.1/2.4 MB | 187/852 kB | 0.1/1.2 MBProgress (4): 215/798 kB | 0.1/2.4 MB | 187/852 kB | 0.1/1.2 MBProgress (5): 215/798 kB | 0.1/2.4 MB | 187/852 kB | 0.1/1.2 MB | 4.1/363 kBProgress (5): 215/798 kB | 0.1/2.4 MB | 187/852 kB | 0.1/1.2 MB | 7.8/363 kBProgress (5): 215/798 kB | 0.1/2.4 MB | 187/852 kB | 0.1/1.2 MB | 12/363 kB Progress (5): 215/798 kB | 0.1/2.4 MB | 187/852 kB | 0.1/1.2 MB | 16/363 kBProgress (5): 215/798 kB | 0.1/2.4 MB | 187/852 kB | 0.1/1.2 MB | 20/363 kBProgress (5): 215/798 kB | 0.1/2.4 MB | 187/852 kB | 0.1/1.2 MB | 24/363 kBProgress (5): 215/798 kB | 0.1/2.4 MB | 187/852 kB | 0.1/1.2 MB | 28/363 kBProgress (5): 215/798 kB | 0.1/2.4 MB | 187/852 kB | 0.1/1.2 MB | 32/363 kBProgress (5): 215/798 kB | 0.1/2.4 MB | 187/852 kB | 0.1/1.2 MB | 36/363 kBProgress (5): 215/798 kB | 0.1/2.4 MB | 187/852 kB | 0.1/1.2 MB | 41/363 kBProgress (5): 215/798 kB | 0.1/2.4 MB | 187/852 kB | 0.1/1.2 MB | 45/363 kBProgress (5): 215/798 kB | 0.1/2.4 MB | 195/852 kB | 0.1/1.2 MB | 45/363 kBProgress (5): 215/798 kB | 0.1/2.4 MB | 203/852 kB | 0.1/1.2 MB | 45/363 kBProgress (5): 215/798 kB | 0.1/2.4 MB | 211/852 kB | 0.1/1.2 MB | 45/363 kBProgress (5): 215/798 kB | 0.1/2.4 MB | 219/852 kB | 0.1/1.2 MB | 45/363 kBProgress (5): 215/798 kB | 0.1/2.4 MB | 228/852 kB | 0.1/1.2 MB | 45/363 kBProgress (5): 215/798 kB | 0.1/2.4 MB | 236/852 kB | 0.1/1.2 MB | 45/363 kBProgress (5): 215/798 kB | 0.1/2.4 MB | 244/852 kB | 0.1/1.2 MB | 45/363 kBProgress (5): 215/798 kB | 0.1/2.4 MB | 252/852 kB | 0.1/1.2 MB | 45/363 kBProgress (5): 215/798 kB | 0.1/2.4 MB | 260/852 kB | 0.1/1.2 MB | 45/363 kBProgress (5): 215/798 kB | 0.1/2.4 MB | 269/852 kB | 0.1/1.2 MB | 45/363 kBProgress (5): 215/798 kB | 0.1/2.4 MB | 277/852 kB | 0.1/1.2 MB | 45/363 kBProgress (5): 215/798 kB | 0.1/2.4 MB | 285/852 kB | 0.1/1.2 MB | 45/363 kBProgress (5): 215/798 kB | 0.1/2.4 MB | 293/852 kB | 0.1/1.2 MB | 45/363 kBProgress (5): 215/798 kB | 0.1/2.4 MB | 301/852 kB | 0.1/1.2 MB | 45/363 kBProgress (5): 215/798 kB | 0.1/2.4 MB | 310/852 kB | 0.1/1.2 MB | 45/363 kBProgress (5): 215/798 kB | 0.1/2.4 MB | 318/852 kB | 0.1/1.2 MB | 45/363 kBProgress (5): 215/798 kB | 0.1/2.4 MB | 322/852 kB | 0.1/1.2 MB | 45/363 kBProgress (5): 215/798 kB | 0.1/2.4 MB | 322/852 kB | 0.1/1.2 MB | 45/363 kBProgress (5): 215/798 kB | 0.1/2.4 MB | 322/852 kB | 0.1/1.2 MB | 45/363 kBProgress (5): 215/798 kB | 0.1/2.4 MB | 322/852 kB | 0.1/1.2 MB | 45/363 kBProgress (5): 215/798 kB | 0.2/2.4 MB | 322/852 kB | 0.1/1.2 MB | 45/363 kBProgress (5): 215/798 kB | 0.2/2.4 MB | 322/852 kB | 0.1/1.2 MB | 45/363 kBProgress (5): 215/798 kB | 0.2/2.4 MB | 322/852 kB | 0.1/1.2 MB | 45/363 kBProgress (5): 215/798 kB | 0.2/2.4 MB | 322/852 kB | 0.1/1.2 MB | 45/363 kBProgress (5): 215/798 kB | 0.2/2.4 MB | 322/852 kB | 0.1/1.2 MB | 45/363 kBProgress (5): 215/798 kB | 0.2/2.4 MB | 322/852 kB | 0.1/1.2 MB | 45/363 kBProgress (5): 215/798 kB | 0.2/2.4 MB | 322/852 kB | 0.1/1.2 MB | 45/363 kBProgress (5): 215/798 kB | 0.2/2.4 MB | 322/852 kB | 0.1/1.2 MB | 45/363 kBProgress (5): 215/798 kB | 0.2/2.4 MB | 322/852 kB | 0.1/1.2 MB | 45/363 kBProgress (5): 215/798 kB | 0.2/2.4 MB | 322/852 kB | 0.1/1.2 MB | 45/363 kBProgress (5): 215/798 kB | 0.2/2.4 MB | 322/852 kB | 0.2/1.2 MB | 45/363 kBProgress (5): 219/798 kB | 0.2/2.4 MB | 322/852 kB | 0.2/1.2 MB | 45/363 kBProgress (5): 223/798 kB | 0.2/2.4 MB | 322/852 kB | 0.2/1.2 MB | 45/363 kBProgress (5): 227/798 kB | 0.2/2.4 MB | 322/852 kB | 0.2/1.2 MB | 45/363 kBProgress (5): 231/798 kB | 0.2/2.4 MB | 322/852 kB | 0.2/1.2 MB | 45/363 kBProgress (5): 235/798 kB | 0.2/2.4 MB | 322/852 kB | 0.2/1.2 MB | 45/363 kBProgress (5): 239/798 kB | 0.2/2.4 MB | 322/852 kB | 0.2/1.2 MB | 45/363 kBProgress (5): 243/798 kB | 0.2/2.4 MB | 322/852 kB | 0.2/1.2 MB | 45/363 kBProgress (5): 248/798 kB | 0.2/2.4 MB | 322/852 kB | 0.2/1.2 MB | 45/363 kBProgress (5): 252/798 kB | 0.2/2.4 MB | 322/852 kB | 0.2/1.2 MB | 45/363 kBProgress (5): 256/798 kB | 0.2/2.4 MB | 322/852 kB | 0.2/1.2 MB | 45/363 kBProgress (5): 260/798 kB | 0.2/2.4 MB | 322/852 kB | 0.2/1.2 MB | 45/363 kBProgress (5): 264/798 kB | 0.2/2.4 MB | 322/852 kB | 0.2/1.2 MB | 45/363 kBProgress (5): 268/798 kB | 0.2/2.4 MB | 322/852 kB | 0.2/1.2 MB | 45/363 kBProgress (5): 272/798 kB | 0.2/2.4 MB | 322/852 kB | 0.2/1.2 MB | 45/363 kBProgress (5): 276/798 kB | 0.2/2.4 MB | 322/852 kB | 0.2/1.2 MB | 45/363 kBProgress (5): 280/798 kB | 0.2/2.4 MB | 322/852 kB | 0.2/1.2 MB | 45/363 kBProgress (5): 284/798 kB | 0.2/2.4 MB | 322/852 kB | 0.2/1.2 MB | 45/363 kBProgress (5): 288/798 kB | 0.2/2.4 MB | 322/852 kB | 0.2/1.2 MB | 45/363 kBProgress (5): 293/798 kB | 0.2/2.4 MB | 322/852 kB | 0.2/1.2 MB | 45/363 kBProgress (5): 297/798 kB | 0.2/2.4 MB | 322/852 kB | 0.2/1.2 MB | 45/363 kBProgress (5): 301/798 kB | 0.2/2.4 MB | 322/852 kB | 0.2/1.2 MB | 45/363 kBProgress (5): 305/798 kB | 0.2/2.4 MB | 322/852 kB | 0.2/1.2 MB | 45/363 kBProgress (5): 309/798 kB | 0.2/2.4 MB | 322/852 kB | 0.2/1.2 MB | 45/363 kBProgress (5): 313/798 kB | 0.2/2.4 MB | 322/852 kB | 0.2/1.2 MB | 45/363 kBProgress (5): 317/798 kB | 0.2/2.4 MB | 322/852 kB | 0.2/1.2 MB | 45/363 kBProgress (5): 321/798 kB | 0.2/2.4 MB | 322/852 kB | 0.2/1.2 MB | 45/363 kBProgress (5): 325/798 kB | 0.2/2.4 MB | 322/852 kB | 0.2/1.2 MB | 45/363 kBProgress (5): 329/798 kB | 0.2/2.4 MB | 322/852 kB | 0.2/1.2 MB | 45/363 kBProgress (5): 334/798 kB | 0.2/2.4 MB | 322/852 kB | 0.2/1.2 MB | 45/363 kBProgress (5): 338/798 kB | 0.2/2.4 MB | 322/852 kB | 0.2/1.2 MB | 45/363 kBProgress (5): 342/798 kB | 0.2/2.4 MB | 322/852 kB | 0.2/1.2 MB | 45/363 kBProgress (5): 346/798 kB | 0.2/2.4 MB | 322/852 kB | 0.2/1.2 MB | 45/363 kBProgress (5): 350/798 kB | 0.2/2.4 MB | 322/852 kB | 0.2/1.2 MB | 45/363 kBProgress (5): 354/798 kB | 0.2/2.4 MB | 322/852 kB | 0.2/1.2 MB | 45/363 kBProgress (5): 357/798 kB | 0.2/2.4 MB | 322/852 kB | 0.2/1.2 MB | 45/363 kBProgress (5): 357/798 kB | 0.2/2.4 MB | 331/852 kB | 0.2/1.2 MB | 45/363 kBProgress (5): 357/798 kB | 0.2/2.4 MB | 339/852 kB | 0.2/1.2 MB | 45/363 kBProgress (5): 357/798 kB | 0.2/2.4 MB | 347/852 kB | 0.2/1.2 MB | 45/363 kBProgress (5): 357/798 kB | 0.2/2.4 MB | 355/852 kB | 0.2/1.2 MB | 45/363 kBProgress (5): 357/798 kB | 0.2/2.4 MB | 363/852 kB | 0.2/1.2 MB | 45/363 kBProgress (5): 357/798 kB | 0.2/2.4 MB | 372/852 kB | 0.2/1.2 MB | 45/363 kBProgress (5): 357/798 kB | 0.2/2.4 MB | 380/852 kB | 0.2/1.2 MB | 45/363 kBProgress (5): 357/798 kB | 0.2/2.4 MB | 388/852 kB | 0.2/1.2 MB | 45/363 kBProgress (5): 357/798 kB | 0.2/2.4 MB | 396/852 kB | 0.2/1.2 MB | 45/363 kBProgress (5): 357/798 kB | 0.2/2.4 MB | 404/852 kB | 0.2/1.2 MB | 45/363 kBProgress (5): 357/798 kB | 0.2/2.4 MB | 413/852 kB | 0.2/1.2 MB | 45/363 kBProgress (5): 357/798 kB | 0.2/2.4 MB | 421/852 kB | 0.2/1.2 MB | 45/363 kBProgress (5): 357/798 kB | 0.2/2.4 MB | 429/852 kB | 0.2/1.2 MB | 45/363 kBProgress (5): 357/798 kB | 0.2/2.4 MB | 437/852 kB | 0.2/1.2 MB | 45/363 kBProgress (5): 357/798 kB | 0.2/2.4 MB | 445/852 kB | 0.2/1.2 MB | 45/363 kBProgress (5): 357/798 kB | 0.2/2.4 MB | 454/852 kB | 0.2/1.2 MB | 45/363 kBProgress (5): 357/798 kB | 0.2/2.4 MB | 462/852 kB | 0.2/1.2 MB | 45/363 kBProgress (5): 357/798 kB | 0.2/2.4 MB | 467/852 kB | 0.2/1.2 MB | 45/363 kBProgress (5): 357/798 kB | 0.2/2.4 MB | 467/852 kB | 0.2/1.2 MB | 45/363 kBProgress (5): 357/798 kB | 0.2/2.4 MB | 467/852 kB | 0.2/1.2 MB | 45/363 kBProgress (5): 357/798 kB | 0.2/2.4 MB | 467/852 kB | 0.2/1.2 MB | 45/363 kBProgress (5): 357/798 kB | 0.2/2.4 MB | 467/852 kB | 0.2/1.2 MB | 45/363 kBProgress (5): 357/798 kB | 0.2/2.4 MB | 467/852 kB | 0.2/1.2 MB | 45/363 kBProgress (5): 357/798 kB | 0.2/2.4 MB | 467/852 kB | 0.2/1.2 MB | 45/363 kBProgress (5): 357/798 kB | 0.2/2.4 MB | 467/852 kB | 0.2/1.2 MB | 45/363 kBProgress (5): 357/798 kB | 0.2/2.4 MB | 467/852 kB | 0.2/1.2 MB | 45/363 kBProgress (5): 357/798 kB | 0.2/2.4 MB | 467/852 kB | 0.2/1.2 MB | 45/363 kBProgress (5): 357/798 kB | 0.2/2.4 MB | 467/852 kB | 0.2/1.2 MB | 45/363 kBProgress (5): 357/798 kB | 0.2/2.4 MB | 467/852 kB | 0.2/1.2 MB | 45/363 kBProgress (5): 357/798 kB | 0.2/2.4 MB | 467/852 kB | 0.3/1.2 MB | 45/363 kBProgress (5): 357/798 kB | 0.2/2.4 MB | 467/852 kB | 0.3/1.2 MB | 45/363 kBProgress (5): 357/798 kB | 0.2/2.4 MB | 467/852 kB | 0.3/1.2 MB | 45/363 kBProgress (5): 361/798 kB | 0.2/2.4 MB | 467/852 kB | 0.3/1.2 MB | 45/363 kBProgress (5): 365/798 kB | 0.2/2.4 MB | 467/852 kB | 0.3/1.2 MB | 45/363 kBProgress (5): 369/798 kB | 0.2/2.4 MB | 467/852 kB | 0.3/1.2 MB | 45/363 kBProgress (5): 373/798 kB | 0.2/2.4 MB | 467/852 kB | 0.3/1.2 MB | 45/363 kBProgress (5): 377/798 kB | 0.2/2.4 MB | 467/852 kB | 0.3/1.2 MB | 45/363 kBProgress (5): 381/798 kB | 0.2/2.4 MB | 467/852 kB | 0.3/1.2 MB | 45/363 kBProgress (5): 385/798 kB | 0.2/2.4 MB | 467/852 kB | 0.3/1.2 MB | 45/363 kBProgress (5): 389/798 kB | 0.2/2.4 MB | 467/852 kB | 0.3/1.2 MB | 45/363 kBProgress (5): 393/798 kB | 0.2/2.4 MB | 467/852 kB | 0.3/1.2 MB | 45/363 kBProgress (5): 397/798 kB | 0.2/2.4 MB | 467/852 kB | 0.3/1.2 MB | 45/363 kBProgress (5): 401/798 kB | 0.2/2.4 MB | 467/852 kB | 0.3/1.2 MB | 45/363 kBProgress (5): 405/798 kB | 0.2/2.4 MB | 467/852 kB | 0.3/1.2 MB | 45/363 kBProgress (5): 409/798 kB | 0.2/2.4 MB | 467/852 kB | 0.3/1.2 MB | 45/363 kBProgress (5): 414/798 kB | 0.2/2.4 MB | 467/852 kB | 0.3/1.2 MB | 45/363 kBProgress (5): 418/798 kB | 0.2/2.4 MB | 467/852 kB | 0.3/1.2 MB | 45/363 kBProgress (5): 422/798 kB | 0.2/2.4 MB | 467/852 kB | 0.3/1.2 MB | 45/363 kBProgress (5): 426/798 kB | 0.2/2.4 MB | 467/852 kB | 0.3/1.2 MB | 45/363 kBProgress (5): 430/798 kB | 0.2/2.4 MB | 467/852 kB | 0.3/1.2 MB | 45/363 kBProgress (5): 434/798 kB | 0.2/2.4 MB | 467/852 kB | 0.3/1.2 MB | 45/363 kBProgress (5): 438/798 kB | 0.2/2.4 MB | 467/852 kB | 0.3/1.2 MB | 45/363 kBProgress (5): 442/798 kB | 0.2/2.4 MB | 467/852 kB | 0.3/1.2 MB | 45/363 kBProgress (5): 446/798 kB | 0.2/2.4 MB | 467/852 kB | 0.3/1.2 MB | 45/363 kBProgress (5): 450/798 kB | 0.2/2.4 MB | 467/852 kB | 0.3/1.2 MB | 45/363 kBProgress (5): 455/798 kB | 0.2/2.4 MB | 467/852 kB | 0.3/1.2 MB | 45/363 kBProgress (5): 459/798 kB | 0.2/2.4 MB | 467/852 kB | 0.3/1.2 MB | 45/363 kBProgress (5): 463/798 kB | 0.2/2.4 MB | 467/852 kB | 0.3/1.2 MB | 45/363 kBProgress (5): 467/798 kB | 0.2/2.4 MB | 467/852 kB | 0.3/1.2 MB | 45/363 kBProgress (5): 471/798 kB | 0.2/2.4 MB | 467/852 kB | 0.3/1.2 MB | 45/363 kBProgress (5): 475/798 kB | 0.2/2.4 MB | 467/852 kB | 0.3/1.2 MB | 45/363 kBProgress (5): 479/798 kB | 0.2/2.4 MB | 467/852 kB | 0.3/1.2 MB | 45/363 kBProgress (5): 483/798 kB | 0.2/2.4 MB | 467/852 kB | 0.3/1.2 MB | 45/363 kBProgress (5): 487/798 kB | 0.2/2.4 MB | 467/852 kB | 0.3/1.2 MB | 45/363 kBProgress (5): 491/798 kB | 0.2/2.4 MB | 467/852 kB | 0.3/1.2 MB | 45/363 kBProgress (5): 495/798 kB | 0.2/2.4 MB | 467/852 kB | 0.3/1.2 MB | 45/363 kBProgress (5): 500/798 kB | 0.2/2.4 MB | 467/852 kB | 0.3/1.2 MB | 45/363 kBProgress (5): 504/798 kB | 0.2/2.4 MB | 467/852 kB | 0.3/1.2 MB | 45/363 kBProgress (5): 508/798 kB | 0.2/2.4 MB | 467/852 kB | 0.3/1.2 MB | 45/363 kBProgress (5): 512/798 kB | 0.2/2.4 MB | 467/852 kB | 0.3/1.2 MB | 45/363 kBProgress (5): 516/798 kB | 0.2/2.4 MB | 467/852 kB | 0.3/1.2 MB | 45/363 kBProgress (5): 520/798 kB | 0.2/2.4 MB | 467/852 kB | 0.3/1.2 MB | 45/363 kBProgress (5): 524/798 kB | 0.2/2.4 MB | 467/852 kB | 0.3/1.2 MB | 45/363 kBProgress (5): 528/798 kB | 0.2/2.4 MB | 467/852 kB | 0.3/1.2 MB | 45/363 kBProgress (5): 532/798 kB | 0.2/2.4 MB | 467/852 kB | 0.3/1.2 MB | 45/363 kBProgress (5): 536/798 kB | 0.2/2.4 MB | 467/852 kB | 0.3/1.2 MB | 45/363 kBProgress (5): 541/798 kB | 0.2/2.4 MB | 467/852 kB | 0.3/1.2 MB | 45/363 kBProgress (5): 545/798 kB | 0.2/2.4 MB | 467/852 kB | 0.3/1.2 MB | 45/363 kBProgress (5): 549/798 kB | 0.2/2.4 MB | 467/852 kB | 0.3/1.2 MB | 45/363 kBProgress (5): 553/798 kB | 0.2/2.4 MB | 467/852 kB | 0.3/1.2 MB | 45/363 kBProgress (5): 557/798 kB | 0.2/2.4 MB | 467/852 kB | 0.3/1.2 MB | 45/363 kBProgress (5): 561/798 kB | 0.2/2.4 MB | 467/852 kB | 0.3/1.2 MB | 45/363 kBProgress (5): 565/798 kB | 0.2/2.4 MB | 467/852 kB | 0.3/1.2 MB | 45/363 kBProgress (5): 569/798 kB | 0.2/2.4 MB | 467/852 kB | 0.3/1.2 MB | 45/363 kBProgress (5): 573/798 kB | 0.2/2.4 MB | 467/852 kB | 0.3/1.2 MB | 45/363 kBProgress (5): 577/798 kB | 0.2/2.4 MB | 467/852 kB | 0.3/1.2 MB | 45/363 kBProgress (5): 582/798 kB | 0.2/2.4 MB | 467/852 kB | 0.3/1.2 MB | 45/363 kBProgress (5): 586/798 kB | 0.2/2.4 MB | 467/852 kB | 0.3/1.2 MB | 45/363 kBProgress (5): 590/798 kB | 0.2/2.4 MB | 467/852 kB | 0.3/1.2 MB | 45/363 kBProgress (5): 594/798 kB | 0.2/2.4 MB | 467/852 kB | 0.3/1.2 MB | 45/363 kBProgress (5): 598/798 kB | 0.2/2.4 MB | 467/852 kB | 0.3/1.2 MB | 45/363 kBProgress (5): 602/798 kB | 0.2/2.4 MB | 467/852 kB | 0.3/1.2 MB | 45/363 kBProgress (5): 606/798 kB | 0.2/2.4 MB | 467/852 kB | 0.3/1.2 MB | 45/363 kBProgress (5): 610/798 kB | 0.2/2.4 MB | 467/852 kB | 0.3/1.2 MB | 45/363 kBProgress (5): 614/798 kB | 0.2/2.4 MB | 467/852 kB | 0.3/1.2 MB | 45/363 kBProgress (5): 618/798 kB | 0.2/2.4 MB | 467/852 kB | 0.3/1.2 MB | 45/363 kBProgress (5): 622/798 kB | 0.2/2.4 MB | 467/852 kB | 0.3/1.2 MB | 45/363 kBProgress (5): 627/798 kB | 0.2/2.4 MB | 467/852 kB | 0.3/1.2 MB | 45/363 kBProgress (5): 631/798 kB | 0.2/2.4 MB | 467/852 kB | 0.3/1.2 MB | 45/363 kBProgress (5): 635/798 kB | 0.2/2.4 MB | 467/852 kB | 0.3/1.2 MB | 45/363 kBProgress (5): 635/798 kB | 0.2/2.4 MB | 467/852 kB | 0.3/1.2 MB | 49/363 kBProgress (5): 639/798 kB | 0.2/2.4 MB | 467/852 kB | 0.3/1.2 MB | 49/363 kBProgress (5): 639/798 kB | 0.2/2.4 MB | 467/852 kB | 0.3/1.2 MB | 53/363 kBProgress (5): 643/798 kB | 0.2/2.4 MB | 467/852 kB | 0.3/1.2 MB | 53/363 kBProgress (5): 643/798 kB | 0.2/2.4 MB | 467/852 kB | 0.3/1.2 MB | 57/363 kBProgress (5): 645/798 kB | 0.2/2.4 MB | 467/852 kB | 0.3/1.2 MB | 57/363 kBProgress (5): 645/798 kB | 0.2/2.4 MB | 467/852 kB | 0.3/1.2 MB | 61/363 kBProgress (5): 645/798 kB | 0.2/2.4 MB | 467/852 kB | 0.3/1.2 MB | 65/363 kBProgress (5): 645/798 kB | 0.2/2.4 MB | 467/852 kB | 0.3/1.2 MB | 69/363 kBProgress (5): 645/798 kB | 0.2/2.4 MB | 467/852 kB | 0.3/1.2 MB | 73/363 kBProgress (5): 645/798 kB | 0.2/2.4 MB | 467/852 kB | 0.3/1.2 MB | 77/363 kBProgress (5): 645/798 kB | 0.2/2.4 MB | 467/852 kB | 0.3/1.2 MB | 81/363 kBProgress (5): 645/798 kB | 0.2/2.4 MB | 467/852 kB | 0.3/1.2 MB | 86/363 kBProgress (5): 645/798 kB | 0.2/2.4 MB | 467/852 kB | 0.3/1.2 MB | 90/363 kBProgress (5): 645/798 kB | 0.2/2.4 MB | 467/852 kB | 0.3/1.2 MB | 94/363 kBProgress (5): 645/798 kB | 0.2/2.4 MB | 467/852 kB | 0.3/1.2 MB | 98/363 kBProgress (5): 645/798 kB | 0.2/2.4 MB | 467/852 kB | 0.3/1.2 MB | 102/363 kBProgress (5): 645/798 kB | 0.2/2.4 MB | 467/852 kB | 0.3/1.2 MB | 106/363 kBProgress (5): 645/798 kB | 0.2/2.4 MB | 467/852 kB | 0.3/1.2 MB | 110/363 kBProgress (5): 645/798 kB | 0.2/2.4 MB | 467/852 kB | 0.3/1.2 MB | 114/363 kBProgress (5): 645/798 kB | 0.2/2.4 MB | 467/852 kB | 0.3/1.2 MB | 118/363 kBProgress (5): 645/798 kB | 0.2/2.4 MB | 467/852 kB | 0.3/1.2 MB | 122/363 kBProgress (5): 645/798 kB | 0.2/2.4 MB | 467/852 kB | 0.3/1.2 MB | 127/363 kBProgress (5): 645/798 kB | 0.2/2.4 MB | 467/852 kB | 0.3/1.2 MB | 131/363 kBProgress (5): 645/798 kB | 0.2/2.4 MB | 467/852 kB | 0.3/1.2 MB | 135/363 kBProgress (5): 645/798 kB | 0.2/2.4 MB | 467/852 kB | 0.3/1.2 MB | 139/363 kBProgress (5): 645/798 kB | 0.2/2.4 MB | 467/852 kB | 0.3/1.2 MB | 139/363 kBProgress (5): 645/798 kB | 0.2/2.4 MB | 467/852 kB | 0.3/1.2 MB | 139/363 kBProgress (5): 645/798 kB | 0.3/2.4 MB | 467/852 kB | 0.3/1.2 MB | 139/363 kBProgress (5): 645/798 kB | 0.3/2.4 MB | 467/852 kB | 0.3/1.2 MB | 139/363 kBProgress (5): 645/798 kB | 0.3/2.4 MB | 467/852 kB | 0.3/1.2 MB | 139/363 kBProgress (5): 645/798 kB | 0.3/2.4 MB | 467/852 kB | 0.3/1.2 MB | 139/363 kBProgress (5): 645/798 kB | 0.3/2.4 MB | 475/852 kB | 0.3/1.2 MB | 139/363 kBProgress (5): 645/798 kB | 0.3/2.4 MB | 475/852 kB | 0.3/1.2 MB | 139/363 kBProgress (5): 645/798 kB | 0.3/2.4 MB | 483/852 kB | 0.3/1.2 MB | 139/363 kBProgress (5): 645/798 kB | 0.3/2.4 MB | 483/852 kB | 0.3/1.2 MB | 139/363 kBProgress (5): 645/798 kB | 0.3/2.4 MB | 491/852 kB | 0.3/1.2 MB | 139/363 kBProgress (5): 645/798 kB | 0.4/2.4 MB | 491/852 kB | 0.3/1.2 MB | 139/363 kBProgress (5): 645/798 kB | 0.4/2.4 MB | 499/852 kB | 0.3/1.2 MB | 139/363 kBProgress (5): 645/798 kB | 0.4/2.4 MB | 507/852 kB | 0.3/1.2 MB | 139/363 kBProgress (5): 645/798 kB | 0.4/2.4 MB | 515/852 kB | 0.3/1.2 MB | 139/363 kBProgress (5): 645/798 kB | 0.4/2.4 MB | 524/852 kB | 0.3/1.2 MB | 139/363 kBProgress (5): 645/798 kB | 0.4/2.4 MB | 532/852 kB | 0.3/1.2 MB | 139/363 kBProgress (5): 645/798 kB | 0.4/2.4 MB | 532/852 kB | 0.3/1.2 MB | 139/363 kBProgress (5): 645/798 kB | 0.4/2.4 MB | 532/852 kB | 0.3/1.2 MB | 139/363 kBProgress (5): 645/798 kB | 0.4/2.4 MB | 532/852 kB | 0.3/1.2 MB | 139/363 kBProgress (5): 645/798 kB | 0.4/2.4 MB | 532/852 kB | 0.3/1.2 MB | 139/363 kBProgress (5): 645/798 kB | 0.4/2.4 MB | 532/852 kB | 0.3/1.2 MB | 139/363 kBProgress (5): 645/798 kB | 0.4/2.4 MB | 532/852 kB | 0.3/1.2 MB | 139/363 kBProgress (5): 649/798 kB | 0.4/2.4 MB | 532/852 kB | 0.3/1.2 MB | 139/363 kBProgress (5): 654/798 kB | 0.4/2.4 MB | 532/852 kB | 0.3/1.2 MB | 139/363 kBProgress (5): 658/798 kB | 0.4/2.4 MB | 532/852 kB | 0.3/1.2 MB | 139/363 kBProgress (5): 662/798 kB | 0.4/2.4 MB | 532/852 kB | 0.3/1.2 MB | 139/363 kBProgress (5): 666/798 kB | 0.4/2.4 MB | 532/852 kB | 0.3/1.2 MB | 139/363 kBProgress (5): 670/798 kB | 0.4/2.4 MB | 532/852 kB | 0.3/1.2 MB | 139/363 kBProgress (5): 674/798 kB | 0.4/2.4 MB | 532/852 kB | 0.3/1.2 MB | 139/363 kBProgress (5): 678/798 kB | 0.4/2.4 MB | 532/852 kB | 0.3/1.2 MB | 139/363 kBProgress (5): 682/798 kB | 0.4/2.4 MB | 532/852 kB | 0.3/1.2 MB | 139/363 kBProgress (5): 686/798 kB | 0.4/2.4 MB | 532/852 kB | 0.3/1.2 MB | 139/363 kBProgress (5): 690/798 kB | 0.4/2.4 MB | 532/852 kB | 0.3/1.2 MB | 139/363 kBProgress (5): 695/798 kB | 0.4/2.4 MB | 532/852 kB | 0.3/1.2 MB | 139/363 kBProgress (5): 699/798 kB | 0.4/2.4 MB | 532/852 kB | 0.3/1.2 MB | 139/363 kBProgress (5): 703/798 kB | 0.4/2.4 MB | 532/852 kB | 0.3/1.2 MB | 139/363 kBProgress (5): 707/798 kB | 0.4/2.4 MB | 532/852 kB | 0.3/1.2 MB | 139/363 kBProgress (5): 711/798 kB | 0.4/2.4 MB | 532/852 kB | 0.3/1.2 MB | 139/363 kBProgress (5): 715/798 kB | 0.4/2.4 MB | 532/852 kB | 0.3/1.2 MB | 139/363 kBProgress (5): 719/798 kB | 0.4/2.4 MB | 532/852 kB | 0.3/1.2 MB | 139/363 kBProgress (5): 723/798 kB | 0.4/2.4 MB | 532/852 kB | 0.3/1.2 MB | 139/363 kBProgress (5): 727/798 kB | 0.4/2.4 MB | 532/852 kB | 0.3/1.2 MB | 139/363 kBProgress (5): 731/798 kB | 0.4/2.4 MB | 532/852 kB | 0.3/1.2 MB | 139/363 kBProgress (5): 735/798 kB | 0.4/2.4 MB | 532/852 kB | 0.3/1.2 MB | 139/363 kBProgress (5): 740/798 kB | 0.4/2.4 MB | 532/852 kB | 0.3/1.2 MB | 139/363 kBProgress (5): 744/798 kB | 0.4/2.4 MB | 532/852 kB | 0.3/1.2 MB | 139/363 kBProgress (5): 748/798 kB | 0.4/2.4 MB | 532/852 kB | 0.3/1.2 MB | 139/363 kBProgress (5): 752/798 kB | 0.4/2.4 MB | 532/852 kB | 0.3/1.2 MB | 139/363 kBProgress (5): 756/798 kB | 0.4/2.4 MB | 532/852 kB | 0.3/1.2 MB | 139/363 kBProgress (5): 760/798 kB | 0.4/2.4 MB | 532/852 kB | 0.3/1.2 MB | 139/363 kBProgress (5): 764/798 kB | 0.4/2.4 MB | 532/852 kB | 0.3/1.2 MB | 139/363 kBProgress (5): 768/798 kB | 0.4/2.4 MB | 532/852 kB | 0.3/1.2 MB | 139/363 kBProgress (5): 772/798 kB | 0.4/2.4 MB | 532/852 kB | 0.3/1.2 MB | 139/363 kBProgress (5): 776/798 kB | 0.4/2.4 MB | 532/852 kB | 0.3/1.2 MB | 139/363 kBProgress (5): 776/798 kB | 0.4/2.4 MB | 532/852 kB | 0.3/1.2 MB | 143/363 kBProgress (5): 776/798 kB | 0.4/2.4 MB | 532/852 kB | 0.3/1.2 MB | 147/363 kBProgress (5): 776/798 kB | 0.4/2.4 MB | 532/852 kB | 0.3/1.2 MB | 151/363 kBProgress (5): 776/798 kB | 0.4/2.4 MB | 532/852 kB | 0.3/1.2 MB | 155/363 kBProgress (5): 776/798 kB | 0.4/2.4 MB | 540/852 kB | 0.3/1.2 MB | 155/363 kBProgress (5): 776/798 kB | 0.4/2.4 MB | 540/852 kB | 0.3/1.2 MB | 159/363 kBProgress (5): 776/798 kB | 0.4/2.4 MB | 548/852 kB | 0.3/1.2 MB | 159/363 kBProgress (5): 776/798 kB | 0.4/2.4 MB | 548/852 kB | 0.3/1.2 MB | 163/363 kBProgress (5): 776/798 kB | 0.4/2.4 MB | 556/852 kB | 0.3/1.2 MB | 163/363 kBProgress (5): 776/798 kB | 0.4/2.4 MB | 556/852 kB | 0.3/1.2 MB | 167/363 kBProgress (5): 776/798 kB | 0.4/2.4 MB | 565/852 kB | 0.3/1.2 MB | 167/363 kBProgress (5): 776/798 kB | 0.4/2.4 MB | 565/852 kB | 0.3/1.2 MB | 171/363 kBProgress (5): 776/798 kB | 0.4/2.4 MB | 573/852 kB | 0.3/1.2 MB | 171/363 kBProgress (5): 776/798 kB | 0.4/2.4 MB | 573/852 kB | 0.3/1.2 MB | 175/363 kBProgress (5): 776/798 kB | 0.4/2.4 MB | 581/852 kB | 0.3/1.2 MB | 175/363 kBProgress (5): 776/798 kB | 0.4/2.4 MB | 581/852 kB | 0.3/1.2 MB | 180/363 kBProgress (5): 776/798 kB | 0.4/2.4 MB | 589/852 kB | 0.3/1.2 MB | 180/363 kBProgress (5): 776/798 kB | 0.4/2.4 MB | 589/852 kB | 0.3/1.2 MB | 184/363 kBProgress (5): 776/798 kB | 0.4/2.4 MB | 597/852 kB | 0.3/1.2 MB | 184/363 kBProgress (5): 776/798 kB | 0.4/2.4 MB | 597/852 kB | 0.3/1.2 MB | 188/363 kBProgress (5): 776/798 kB | 0.4/2.4 MB | 606/852 kB | 0.3/1.2 MB | 188/363 kBProgress (5): 776/798 kB | 0.4/2.4 MB | 606/852 kB | 0.3/1.2 MB | 192/363 kBProgress (5): 776/798 kB | 0.4/2.4 MB | 611/852 kB | 0.3/1.2 MB | 192/363 kBProgress (5): 776/798 kB | 0.4/2.4 MB | 611/852 kB | 0.3/1.2 MB | 196/363 kBProgress (5): 776/798 kB | 0.4/2.4 MB | 611/852 kB | 0.3/1.2 MB | 200/363 kBProgress (5): 776/798 kB | 0.4/2.4 MB | 611/852 kB | 0.3/1.2 MB | 204/363 kBProgress (5): 776/798 kB | 0.4/2.4 MB | 611/852 kB | 0.3/1.2 MB | 208/363 kBProgress (5): 776/798 kB | 0.4/2.4 MB | 611/852 kB | 0.3/1.2 MB | 212/363 kBProgress (5): 776/798 kB | 0.4/2.4 MB | 611/852 kB | 0.3/1.2 MB | 216/363 kBProgress (5): 776/798 kB | 0.4/2.4 MB | 611/852 kB | 0.3/1.2 MB | 221/363 kBProgress (5): 776/798 kB | 0.4/2.4 MB | 611/852 kB | 0.3/1.2 MB | 225/363 kBProgress (5): 776/798 kB | 0.4/2.4 MB | 611/852 kB | 0.3/1.2 MB | 229/363 kBProgress (5): 776/798 kB | 0.4/2.4 MB | 611/852 kB | 0.3/1.2 MB | 233/363 kBProgress (5): 776/798 kB | 0.4/2.4 MB | 611/852 kB | 0.3/1.2 MB | 233/363 kBProgress (5): 776/798 kB | 0.4/2.4 MB | 611/852 kB | 0.3/1.2 MB | 237/363 kBProgress (5): 776/798 kB | 0.4/2.4 MB | 611/852 kB | 0.3/1.2 MB | 241/363 kBProgress (5): 776/798 kB | 0.4/2.4 MB | 611/852 kB | 0.3/1.2 MB | 241/363 kBProgress (5): 776/798 kB | 0.4/2.4 MB | 616/852 kB | 0.3/1.2 MB | 241/363 kBProgress (5): 776/798 kB | 0.4/2.4 MB | 616/852 kB | 0.3/1.2 MB | 245/363 kBProgress (5): 776/798 kB | 0.4/2.4 MB | 625/852 kB | 0.3/1.2 MB | 245/363 kBProgress (5): 776/798 kB | 0.4/2.4 MB | 625/852 kB | 0.3/1.2 MB | 245/363 kBProgress (5): 776/798 kB | 0.4/2.4 MB | 633/852 kB | 0.3/1.2 MB | 245/363 kBProgress (5): 776/798 kB | 0.4/2.4 MB | 633/852 kB | 0.3/1.2 MB | 249/363 kBProgress (5): 776/798 kB | 0.4/2.4 MB | 641/852 kB | 0.3/1.2 MB | 249/363 kBProgress (5): 776/798 kB | 0.5/2.4 MB | 641/852 kB | 0.3/1.2 MB | 249/363 kBProgress (5): 776/798 kB | 0.5/2.4 MB | 649/852 kB | 0.3/1.2 MB | 249/363 kBProgress (5): 776/798 kB | 0.5/2.4 MB | 649/852 kB | 0.3/1.2 MB | 253/363 kBProgress (5): 776/798 kB | 0.5/2.4 MB | 657/852 kB | 0.3/1.2 MB | 253/363 kBProgress (5): 776/798 kB | 0.5/2.4 MB | 657/852 kB | 0.3/1.2 MB | 253/363 kBProgress (5): 776/798 kB | 0.5/2.4 MB | 666/852 kB | 0.3/1.2 MB | 253/363 kBProgress (5): 776/798 kB | 0.5/2.4 MB | 666/852 kB | 0.3/1.2 MB | 257/363 kBProgress (5): 776/798 kB | 0.5/2.4 MB | 674/852 kB | 0.3/1.2 MB | 257/363 kBProgress (5): 776/798 kB | 0.5/2.4 MB | 674/852 kB | 0.3/1.2 MB | 257/363 kBProgress (5): 776/798 kB | 0.5/2.4 MB | 682/852 kB | 0.3/1.2 MB | 257/363 kBProgress (5): 776/798 kB | 0.5/2.4 MB | 682/852 kB | 0.3/1.2 MB | 261/363 kBProgress (5): 776/798 kB | 0.5/2.4 MB | 690/852 kB | 0.3/1.2 MB | 261/363 kBProgress (5): 776/798 kB | 0.5/2.4 MB | 690/852 kB | 0.3/1.2 MB | 261/363 kBProgress (5): 776/798 kB | 0.5/2.4 MB | 698/852 kB | 0.3/1.2 MB | 261/363 kBProgress (5): 776/798 kB | 0.5/2.4 MB | 698/852 kB | 0.3/1.2 MB | 266/363 kBProgress (5): 776/798 kB | 0.5/2.4 MB | 707/852 kB | 0.3/1.2 MB | 266/363 kBProgress (5): 776/798 kB | 0.5/2.4 MB | 707/852 kB | 0.3/1.2 MB | 270/363 kBProgress (5): 776/798 kB | 0.5/2.4 MB | 715/852 kB | 0.3/1.2 MB | 270/363 kBProgress (5): 776/798 kB | 0.5/2.4 MB | 715/852 kB | 0.3/1.2 MB | 274/363 kBProgress (5): 776/798 kB | 0.5/2.4 MB | 723/852 kB | 0.3/1.2 MB | 274/363 kBProgress (5): 776/798 kB | 0.5/2.4 MB | 723/852 kB | 0.3/1.2 MB | 278/363 kBProgress (5): 776/798 kB | 0.5/2.4 MB | 731/852 kB | 0.3/1.2 MB | 278/363 kBProgress (5): 776/798 kB | 0.5/2.4 MB | 731/852 kB | 0.3/1.2 MB | 282/363 kBProgress (5): 776/798 kB | 0.5/2.4 MB | 739/852 kB | 0.3/1.2 MB | 282/363 kBProgress (5): 776/798 kB | 0.5/2.4 MB | 739/852 kB | 0.3/1.2 MB | 286/363 kBProgress (5): 776/798 kB | 0.5/2.4 MB | 747/852 kB | 0.3/1.2 MB | 286/363 kBProgress (5): 776/798 kB | 0.5/2.4 MB | 747/852 kB | 0.3/1.2 MB | 290/363 kBProgress (5): 776/798 kB | 0.5/2.4 MB | 756/852 kB | 0.3/1.2 MB | 290/363 kBProgress (5): 776/798 kB | 0.5/2.4 MB | 756/852 kB | 0.3/1.2 MB | 294/363 kBProgress (5): 776/798 kB | 0.5/2.4 MB | 764/852 kB | 0.3/1.2 MB | 294/363 kBProgress (5): 776/798 kB | 0.5/2.4 MB | 764/852 kB | 0.3/1.2 MB | 298/363 kBProgress (5): 776/798 kB | 0.5/2.4 MB | 772/852 kB | 0.3/1.2 MB | 298/363 kBProgress (5): 776/798 kB | 0.5/2.4 MB | 772/852 kB | 0.3/1.2 MB | 302/363 kBProgress (5): 776/798 kB | 0.5/2.4 MB | 780/852 kB | 0.3/1.2 MB | 302/363 kBProgress (5): 776/798 kB | 0.5/2.4 MB | 780/852 kB | 0.3/1.2 MB | 307/363 kBProgress (5): 776/798 kB | 0.5/2.4 MB | 788/852 kB | 0.3/1.2 MB | 307/363 kBProgress (5): 776/798 kB | 0.5/2.4 MB | 788/852 kB | 0.3/1.2 MB | 311/363 kBProgress (5): 776/798 kB | 0.5/2.4 MB | 788/852 kB | 0.3/1.2 MB | 315/363 kBProgress (5): 776/798 kB | 0.5/2.4 MB | 788/852 kB | 0.3/1.2 MB | 319/363 kBProgress (5): 776/798 kB | 0.5/2.4 MB | 788/852 kB | 0.3/1.2 MB | 323/363 kBProgress (5): 776/798 kB | 0.5/2.4 MB | 788/852 kB | 0.3/1.2 MB | 323/363 kBProgress (5): 776/798 kB | 0.5/2.4 MB | 788/852 kB | 0.3/1.2 MB | 323/363 kBProgress (5): 776/798 kB | 0.5/2.4 MB | 788/852 kB | 0.3/1.2 MB | 323/363 kBProgress (5): 776/798 kB | 0.5/2.4 MB | 788/852 kB | 0.3/1.2 MB | 323/363 kBProgress (5): 776/798 kB | 0.5/2.4 MB | 788/852 kB | 0.3/1.2 MB | 323/363 kBProgress (5): 776/798 kB | 0.6/2.4 MB | 788/852 kB | 0.3/1.2 MB | 323/363 kBProgress (5): 776/798 kB | 0.6/2.4 MB | 788/852 kB | 0.3/1.2 MB | 323/363 kBProgress (5): 776/798 kB | 0.6/2.4 MB | 788/852 kB | 0.3/1.2 MB | 323/363 kBProgress (5): 776/798 kB | 0.6/2.4 MB | 788/852 kB | 0.3/1.2 MB | 323/363 kBProgress (5): 776/798 kB | 0.6/2.4 MB | 788/852 kB | 0.4/1.2 MB | 323/363 kBProgress (5): 776/798 kB | 0.6/2.4 MB | 788/852 kB | 0.4/1.2 MB | 323/363 kBProgress (5): 776/798 kB | 0.6/2.4 MB | 788/852 kB | 0.4/1.2 MB | 323/363 kBProgress (5): 776/798 kB | 0.6/2.4 MB | 788/852 kB | 0.4/1.2 MB | 323/363 kBProgress (5): 776/798 kB | 0.6/2.4 MB | 788/852 kB | 0.4/1.2 MB | 323/363 kBProgress (5): 776/798 kB | 0.6/2.4 MB | 788/852 kB | 0.4/1.2 MB | 323/363 kBProgress (5): 776/798 kB | 0.6/2.4 MB | 788/852 kB | 0.4/1.2 MB | 323/363 kBProgress (5): 776/798 kB | 0.6/2.4 MB | 788/852 kB | 0.4/1.2 MB | 323/363 kBProgress (5): 776/798 kB | 0.6/2.4 MB | 788/852 kB | 0.4/1.2 MB | 323/363 kBProgress (5): 781/798 kB | 0.6/2.4 MB | 788/852 kB | 0.4/1.2 MB | 323/363 kBProgress (5): 785/798 kB | 0.6/2.4 MB | 788/852 kB | 0.4/1.2 MB | 323/363 kBProgress (5): 789/798 kB | 0.6/2.4 MB | 788/852 kB | 0.4/1.2 MB | 323/363 kBProgress (5): 793/798 kB | 0.6/2.4 MB | 788/852 kB | 0.4/1.2 MB | 323/363 kBProgress (5): 797/798 kB | 0.6/2.4 MB | 788/852 kB | 0.4/1.2 MB | 323/363 kBProgress (5): 798 kB | 0.6/2.4 MB | 788/852 kB | 0.4/1.2 MB | 323/363 kB    Progress (5): 798 kB | 0.6/2.4 MB | 788/852 kB | 0.4/1.2 MB | 327/363 kBProgress (5): 798 kB | 0.6/2.4 MB | 797/852 kB | 0.4/1.2 MB | 327/363 kBProgress (5): 798 kB | 0.6/2.4 MB | 797/852 kB | 0.4/1.2 MB | 331/363 kBProgress (5): 798 kB | 0.6/2.4 MB | 805/852 kB | 0.4/1.2 MB | 331/363 kBProgress (5): 798 kB | 0.6/2.4 MB | 805/852 kB | 0.4/1.2 MB | 335/363 kBProgress (5): 798 kB | 0.6/2.4 MB | 813/852 kB | 0.4/1.2 MB | 335/363 kBProgress (5): 798 kB | 0.6/2.4 MB | 813/852 kB | 0.4/1.2 MB | 339/363 kBProgress (5): 798 kB | 0.6/2.4 MB | 821/852 kB | 0.4/1.2 MB | 339/363 kBProgress (5): 798 kB | 0.6/2.4 MB | 821/852 kB | 0.4/1.2 MB | 343/363 kBProgress (5): 798 kB | 0.6/2.4 MB | 826/852 kB | 0.4/1.2 MB | 343/363 kBProgress (5): 798 kB | 0.6/2.4 MB | 826/852 kB | 0.4/1.2 MB | 347/363 kBProgress (5): 798 kB | 0.6/2.4 MB | 826/852 kB | 0.4/1.2 MB | 352/363 kBProgress (5): 798 kB | 0.6/2.4 MB | 826/852 kB | 0.4/1.2 MB | 356/363 kBProgress (5): 798 kB | 0.6/2.4 MB | 826/852 kB | 0.4/1.2 MB | 360/363 kBProgress (5): 798 kB | 0.6/2.4 MB | 826/852 kB | 0.4/1.2 MB | 363 kB    Progress (5): 798 kB | 0.6/2.4 MB | 834/852 kB | 0.4/1.2 MB | 363 kBProgress (5): 798 kB | 0.6/2.4 MB | 834/852 kB | 0.4/1.2 MB | 363 kBProgress (5): 798 kB | 0.6/2.4 MB | 842/852 kB | 0.4/1.2 MB | 363 kBProgress (5): 798 kB | 0.6/2.4 MB | 842/852 kB | 0.4/1.2 MB | 363 kBProgress (5): 798 kB | 0.6/2.4 MB | 850/852 kB | 0.4/1.2 MB | 363 kBProgress (5): 798 kB | 0.6/2.4 MB | 850/852 kB | 0.4/1.2 MB | 363 kBProgress (5): 798 kB | 0.6/2.4 MB | 852 kB | 0.4/1.2 MB | 363 kB    Progress (5): 798 kB | 0.6/2.4 MB | 852 kB | 0.4/1.2 MB | 363 kBProgress (5): 798 kB | 0.6/2.4 MB | 852 kB | 0.4/1.2 MB | 363 kBProgress (5): 798 kB | 0.7/2.4 MB | 852 kB | 0.4/1.2 MB | 363 kBProgress (5): 798 kB | 0.7/2.4 MB | 852 kB | 0.4/1.2 MB | 363 kBProgress (5): 798 kB | 0.7/2.4 MB | 852 kB | 0.4/1.2 MB | 363 kBProgress (5): 798 kB | 0.7/2.4 MB | 852 kB | 0.4/1.2 MB | 363 kBProgress (5): 798 kB | 0.7/2.4 MB | 852 kB | 0.4/1.2 MB | 363 kBProgress (5): 798 kB | 0.7/2.4 MB | 852 kB | 0.4/1.2 MB | 363 kBProgress (5): 798 kB | 0.7/2.4 MB | 852 kB | 0.4/1.2 MB | 363 kBProgress (5): 798 kB | 0.7/2.4 MB | 852 kB | 0.4/1.2 MB | 363 kBProgress (5): 798 kB | 0.7/2.4 MB | 852 kB | 0.4/1.2 MB | 363 kBProgress (5): 798 kB | 0.7/2.4 MB | 852 kB | 0.4/1.2 MB | 363 kBProgress (5): 798 kB | 0.7/2.4 MB | 852 kB | 0.5/1.2 MB | 363 kBProgress (5): 798 kB | 0.7/2.4 MB | 852 kB | 0.5/1.2 MB | 363 kBProgress (5): 798 kB | 0.7/2.4 MB | 852 kB | 0.5/1.2 MB | 363 kBProgress (5): 798 kB | 0.7/2.4 MB | 852 kB | 0.5/1.2 MB | 363 kBProgress (5): 798 kB | 0.7/2.4 MB | 852 kB | 0.5/1.2 MB | 363 kBProgress (5): 798 kB | 0.7/2.4 MB | 852 kB | 0.5/1.2 MB | 363 kBProgress (5): 798 kB | 0.7/2.4 MB | 852 kB | 0.5/1.2 MB | 363 kBProgress (5): 798 kB | 0.7/2.4 MB | 852 kB | 0.5/1.2 MB | 363 kBProgress (5): 798 kB | 0.7/2.4 MB | 852 kB | 0.5/1.2 MB | 363 kBProgress (5): 798 kB | 0.7/2.4 MB | 852 kB | 0.5/1.2 MB | 363 kB                                                                Downloaded from apache.snapshots: http://repository.apache.org/snapshots/org/apache/jackrabbit/jackrabbit-spi-commons/2.9-SNAPSHOT/jackrabbit-spi-commons-2.9-20150323.101644-50.jar (798 kB at 440 kB/s)
Downloading from apache.snapshots: http://repository.apache.org/snapshots/org/apache/jackrabbit/jackrabbit-webdav/2.9-SNAPSHOT/jackrabbit-webdav-2.9-20150323.101644-50.jar
Progress (4): 0.7/2.4 MB | 852 kB | 0.5/1.2 MB | 363 kBProgress (4): 0.8/2.4 MB | 852 kB | 0.5/1.2 MB | 363 kBProgress (4): 0.8/2.4 MB | 852 kB | 0.5/1.2 MB | 363 kBProgress (4): 0.8/2.4 MB | 852 kB | 0.5/1.2 MB | 363 kBProgress (4): 0.8/2.4 MB | 852 kB | 0.5/1.2 MB | 363 kBProgress (4): 0.8/2.4 MB | 852 kB | 0.5/1.2 MB | 363 kBProgress (4): 0.8/2.4 MB | 852 kB | 0.5/1.2 MB | 363 kB                                                       Downloaded from apache.snapshots: http://repository.apache.org/snapshots/org/apache/jackrabbit/jackrabbit-jcr-server/2.9-SNAPSHOT/jackrabbit-jcr-server-2.9-20150323.101644-50.jar (363 kB at 194 kB/s)
Downloaded from apache.snapshots: http://repository.apache.org/snapshots/org/apache/jackrabbit/jackrabbit-jcr-tests/2.9-SNAPSHOT/jackrabbit-jcr-tests-2.9-20150323.101644-52.jar (852 kB at 454 kB/s)
Progress (2): 0.8/2.4 MB | 0.5/1.2 MBProgress (2): 0.9/2.4 MB | 0.5/1.2 MBProgress (2): 0.9/2.4 MB | 0.5/1.2 MBProgress (2): 0.9/2.4 MB | 0.5/1.2 MBProgress (2): 0.9/2.4 MB | 0.5/1.2 MBProgress (2): 0.9/2.4 MB | 0.5/1.2 MBProgress (2): 0.9/2.4 MB | 0.5/1.2 MBProgress (2): 0.9/2.4 MB | 0.6/1.2 MBProgress (2): 0.9/2.4 MB | 0.6/1.2 MBProgress (2): 0.9/2.4 MB | 0.6/1.2 MBProgress (2): 0.9/2.4 MB | 0.6/1.2 MBProgress (2): 0.9/2.4 MB | 0.6/1.2 MBProgress (2): 0.9/2.4 MB | 0.6/1.2 MBProgress (2): 0.9/2.4 MB | 0.6/1.2 MBProgress (2): 0.9/2.4 MB | 0.6/1.2 MBProgress (2): 0.9/2.4 MB | 0.6/1.2 MBProgress (2): 0.9/2.4 MB | 0.6/1.2 MBProgress (2): 0.9/2.4 MB | 0.6/1.2 MBProgress (2): 0.9/2.4 MB | 0.6/1.2 MBProgress (2): 0.9/2.4 MB | 0.6/1.2 MBProgress (2): 0.9/2.4 MB | 0.6/1.2 MBProgress (2): 0.9/2.4 MB | 0.6/1.2 MBProgress (2): 1.0/2.4 MB | 0.6/1.2 MBProgress (2): 1.0/2.4 MB | 0.6/1.2 MBProgress (2): 1.0/2.4 MB | 0.6/1.2 MBProgress (3): 1.0/2.4 MB | 0.6/1.2 MB | 4.1/328 kBProgress (3): 1.0/2.4 MB | 0.6/1.2 MB | 4.1/328 kBProgress (3): 1.0/2.4 MB | 0.6/1.2 MB | 8.2/328 kBProgress (3): 1.0/2.4 MB | 0.6/1.2 MB | 12/328 kB Progress (3): 1.0/2.4 MB | 0.6/1.2 MB | 12/328 kBProgress (3): 1.0/2.4 MB | 0.6/1.2 MB | 16/328 kBProgress (3): 1.0/2.4 MB | 0.6/1.2 MB | 20/328 kBProgress (3): 1.0/2.4 MB | 0.6/1.2 MB | 25/328 kBProgress (3): 1.0/2.4 MB | 0.6/1.2 MB | 29/328 kBProgress (3): 1.0/2.4 MB | 0.6/1.2 MB | 33/328 kBProgress (3): 1.0/2.4 MB | 0.6/1.2 MB | 37/328 kBProgress (3): 1.0/2.4 MB | 0.6/1.2 MB | 41/328 kBProgress (3): 1.0/2.4 MB | 0.6/1.2 MB | 45/328 kBProgress (3): 1.0/2.4 MB | 0.6/1.2 MB | 49/328 kBProgress (3): 1.0/2.4 MB | 0.6/1.2 MB | 53/328 kBProgress (3): 1.0/2.4 MB | 0.6/1.2 MB | 57/328 kBProgress (3): 1.0/2.4 MB | 0.6/1.2 MB | 61/328 kBProgress (3): 1.0/2.4 MB | 0.6/1.2 MB | 66/328 kBProgress (3): 1.0/2.4 MB | 0.6/1.2 MB | 70/328 kBProgress (3): 1.0/2.4 MB | 0.6/1.2 MB | 74/328 kBProgress (3): 1.0/2.4 MB | 0.6/1.2 MB | 78/328 kBProgress (3): 1.0/2.4 MB | 0.6/1.2 MB | 82/328 kBProgress (3): 1.0/2.4 MB | 0.6/1.2 MB | 86/328 kBProgress (3): 1.0/2.4 MB | 0.6/1.2 MB | 90/328 kBProgress (3): 1.0/2.4 MB | 0.6/1.2 MB | 94/328 kBProgress (3): 1.0/2.4 MB | 0.6/1.2 MB | 98/328 kBProgress (3): 1.0/2.4 MB | 0.6/1.2 MB | 102/328 kBProgress (3): 1.0/2.4 MB | 0.6/1.2 MB | 106/328 kBProgress (3): 1.0/2.4 MB | 0.6/1.2 MB | 111/328 kBProgress (3): 1.0/2.4 MB | 0.6/1.2 MB | 115/328 kBProgress (3): 1.0/2.4 MB | 0.6/1.2 MB | 119/328 kBProgress (3): 1.0/2.4 MB | 0.6/1.2 MB | 123/328 kBProgress (3): 1.0/2.4 MB | 0.6/1.2 MB | 127/328 kBProgress (3): 1.0/2.4 MB | 0.6/1.2 MB | 131/328 kBProgress (3): 1.0/2.4 MB | 0.6/1.2 MB | 135/328 kBProgress (3): 1.0/2.4 MB | 0.6/1.2 MB | 139/328 kBProgress (3): 1.0/2.4 MB | 0.6/1.2 MB | 143/328 kBProgress (3): 1.0/2.4 MB | 0.6/1.2 MB | 147/328 kBProgress (3): 1.0/2.4 MB | 0.6/1.2 MB | 152/328 kBProgress (3): 1.0/2.4 MB | 0.6/1.2 MB | 156/328 kBProgress (3): 1.0/2.4 MB | 0.6/1.2 MB | 160/328 kBProgress (3): 1.0/2.4 MB | 0.6/1.2 MB | 164/328 kBProgress (3): 1.0/2.4 MB | 0.6/1.2 MB | 168/328 kBProgress (3): 1.0/2.4 MB | 0.6/1.2 MB | 172/328 kBProgress (3): 1.0/2.4 MB | 0.6/1.2 MB | 176/328 kBProgress (3): 1.0/2.4 MB | 0.6/1.2 MB | 180/328 kBProgress (3): 1.0/2.4 MB | 0.6/1.2 MB | 184/328 kBProgress (3): 1.0/2.4 MB | 0.6/1.2 MB | 188/328 kBProgress (3): 1.0/2.4 MB | 0.6/1.2 MB | 193/328 kBProgress (3): 1.0/2.4 MB | 0.6/1.2 MB | 197/328 kBProgress (3): 1.0/2.4 MB | 0.6/1.2 MB | 201/328 kBProgress (3): 1.0/2.4 MB | 0.6/1.2 MB | 205/328 kBProgress (3): 1.0/2.4 MB | 0.6/1.2 MB | 209/328 kBProgress (3): 1.0/2.4 MB | 0.6/1.2 MB | 213/328 kBProgress (3): 1.0/2.4 MB | 0.6/1.2 MB | 217/328 kBProgress (3): 1.0/2.4 MB | 0.6/1.2 MB | 221/328 kBProgress (3): 1.0/2.4 MB | 0.6/1.2 MB | 225/328 kBProgress (3): 1.0/2.4 MB | 0.6/1.2 MB | 229/328 kBProgress (3): 1.0/2.4 MB | 0.6/1.2 MB | 233/328 kBProgress (3): 1.0/2.4 MB | 0.6/1.2 MB | 238/328 kBProgress (3): 1.0/2.4 MB | 0.6/1.2 MB | 242/328 kBProgress (3): 1.0/2.4 MB | 0.6/1.2 MB | 246/328 kBProgress (3): 1.0/2.4 MB | 0.6/1.2 MB | 250/328 kBProgress (3): 1.0/2.4 MB | 0.6/1.2 MB | 254/328 kBProgress (3): 1.0/2.4 MB | 0.6/1.2 MB | 258/328 kBProgress (3): 1.0/2.4 MB | 0.6/1.2 MB | 262/328 kBProgress (3): 1.0/2.4 MB | 0.6/1.2 MB | 266/328 kBProgress (3): 1.0/2.4 MB | 0.6/1.2 MB | 270/328 kBProgress (3): 1.0/2.4 MB | 0.6/1.2 MB | 274/328 kBProgress (3): 1.0/2.4 MB | 0.6/1.2 MB | 279/328 kBProgress (3): 1.0/2.4 MB | 0.6/1.2 MB | 283/328 kBProgress (3): 1.0/2.4 MB | 0.6/1.2 MB | 287/328 kBProgress (3): 1.0/2.4 MB | 0.6/1.2 MB | 291/328 kBProgress (3): 1.0/2.4 MB | 0.6/1.2 MB | 295/328 kBProgress (3): 1.0/2.4 MB | 0.6/1.2 MB | 299/328 kBProgress (3): 1.0/2.4 MB | 0.6/1.2 MB | 303/328 kBProgress (3): 1.0/2.4 MB | 0.6/1.2 MB | 307/328 kBProgress (3): 1.0/2.4 MB | 0.6/1.2 MB | 311/328 kBProgress (3): 1.0/2.4 MB | 0.6/1.2 MB | 315/328 kBProgress (3): 1.0/2.4 MB | 0.6/1.2 MB | 319/328 kBProgress (3): 1.0/2.4 MB | 0.6/1.2 MB | 324/328 kBProgress (3): 1.0/2.4 MB | 0.6/1.2 MB | 328/328 kBProgress (3): 1.0/2.4 MB | 0.6/1.2 MB | 328 kB    Progress (3): 1.0/2.4 MB | 0.6/1.2 MB | 328 kBProgress (3): 1.0/2.4 MB | 0.6/1.2 MB | 328 kBProgress (3): 1.1/2.4 MB | 0.6/1.2 MB | 328 kBProgress (3): 1.1/2.4 MB | 0.7/1.2 MB | 328 kBProgress (3): 1.1/2.4 MB | 0.7/1.2 MB | 328 kBProgress (3): 1.1/2.4 MB | 0.7/1.2 MB | 328 kBProgress (3): 1.1/2.4 MB | 0.7/1.2 MB | 328 kBProgress (3): 1.1/2.4 MB | 0.7/1.2 MB | 328 kBProgress (3): 1.1/2.4 MB | 0.7/1.2 MB | 328 kBProgress (3): 1.1/2.4 MB | 0.7/1.2 MB | 328 kBProgress (3): 1.1/2.4 MB | 0.7/1.2 MB | 328 kBProgress (3): 1.1/2.4 MB | 0.7/1.2 MB | 328 kBProgress (3): 1.1/2.4 MB | 0.7/1.2 MB | 328 kBProgress (3): 1.1/2.4 MB | 0.7/1.2 MB | 328 kBProgress (3): 1.1/2.4 MB | 0.7/1.2 MB | 328 kBProgress (3): 1.1/2.4 MB | 0.7/1.2 MB | 328 kBProgress (3): 1.1/2.4 MB | 0.7/1.2 MB | 328 kBProgress (3): 1.1/2.4 MB | 0.8/1.2 MB | 328 kBProgress (3): 1.1/2.4 MB | 0.8/1.2 MB | 328 kBProgress (3): 1.1/2.4 MB | 0.8/1.2 MB | 328 kBProgress (3): 1.1/2.4 MB | 0.8/1.2 MB | 328 kBProgress (3): 1.1/2.4 MB | 0.8/1.2 MB | 328 kBProgress (3): 1.1/2.4 MB | 0.8/1.2 MB | 328 kBProgress (3): 1.1/2.4 MB | 0.8/1.2 MB | 328 kBProgress (3): 1.2/2.4 MB | 0.8/1.2 MB | 328 kBProgress (3): 1.2/2.4 MB | 0.8/1.2 MB | 328 kBProgress (3): 1.2/2.4 MB | 0.8/1.2 MB | 328 kB                                              Downloaded from apache.snapshots: http://repository.apache.org/snapshots/org/apache/jackrabbit/jackrabbit-webdav/2.9-SNAPSHOT/jackrabbit-webdav-2.9-20150323.101644-50.jar (328 kB at 147 kB/s)
Progress (2): 1.2/2.4 MB | 0.8/1.2 MBProgress (2): 1.2/2.4 MB | 0.8/1.2 MBProgress (2): 1.2/2.4 MB | 0.8/1.2 MBProgress (2): 1.2/2.4 MB | 0.8/1.2 MBProgress (2): 1.3/2.4 MB | 0.8/1.2 MBProgress (2): 1.3/2.4 MB | 0.8/1.2 MBProgress (2): 1.3/2.4 MB | 0.8/1.2 MBProgress (2): 1.3/2.4 MB | 0.8/1.2 MBProgress (2): 1.3/2.4 MB | 0.8/1.2 MBProgress (2): 1.3/2.4 MB | 0.8/1.2 MBProgress (2): 1.3/2.4 MB | 0.8/1.2 MBProgress (2): 1.3/2.4 MB | 0.8/1.2 MBProgress (2): 1.3/2.4 MB | 0.8/1.2 MBProgress (2): 1.3/2.4 MB | 0.8/1.2 MBProgress (2): 1.3/2.4 MB | 0.9/1.2 MBProgress (2): 1.3/2.4 MB | 0.9/1.2 MBProgress (2): 1.3/2.4 MB | 0.9/1.2 MBProgress (2): 1.3/2.4 MB | 0.9/1.2 MBProgress (2): 1.3/2.4 MB | 0.9/1.2 MBProgress (2): 1.3/2.4 MB | 0.9/1.2 MBProgress (2): 1.3/2.4 MB | 0.9/1.2 MBProgress (2): 1.3/2.4 MB | 0.9/1.2 MBProgress (2): 1.3/2.4 MB | 0.9/1.2 MBProgress (2): 1.3/2.4 MB | 0.9/1.2 MBProgress (2): 1.4/2.4 MB | 0.9/1.2 MBProgress (2): 1.4/2.4 MB | 0.9/1.2 MBProgress (2): 1.4/2.4 MB | 0.9/1.2 MBProgress (2): 1.4/2.4 MB | 0.9/1.2 MBProgress (2): 1.4/2.4 MB | 0.9/1.2 MBProgress (2): 1.4/2.4 MB | 0.9/1.2 MBProgress (2): 1.4/2.4 MB | 0.9/1.2 MBProgress (2): 1.4/2.4 MB | 0.9/1.2 MBProgress (2): 1.4/2.4 MB | 0.9/1.2 MBProgress (2): 1.4/2.4 MB | 0.9/1.2 MBProgress (2): 1.4/2.4 MB | 0.9/1.2 MBProgress (2): 1.4/2.4 MB | 0.9/1.2 MBProgress (2): 1.4/2.4 MB | 0.9/1.2 MBProgress (2): 1.4/2.4 MB | 0.9/1.2 MBProgress (2): 1.4/2.4 MB | 0.9/1.2 MBProgress (2): 1.4/2.4 MB | 1.0/1.2 MBProgress (2): 1.4/2.4 MB | 1.0/1.2 MBProgress (2): 1.4/2.4 MB | 1.0/1.2 MBProgress (2): 1.4/2.4 MB | 1.0/1.2 MBProgress (2): 1.4/2.4 MB | 1.0/1.2 MBProgress (2): 1.4/2.4 MB | 1.0/1.2 MBProgress (2): 1.4/2.4 MB | 1.0/1.2 MBProgress (2): 1.5/2.4 MB | 1.0/1.2 MBProgress (2): 1.5/2.4 MB | 1.0/1.2 MBProgress (2): 1.5/2.4 MB | 1.0/1.2 MBProgress (2): 1.5/2.4 MB | 1.0/1.2 MBProgress (2): 1.5/2.4 MB | 1.0/1.2 MBProgress (2): 1.5/2.4 MB | 1.0/1.2 MBProgress (2): 1.6/2.4 MB | 1.0/1.2 MBProgress (2): 1.6/2.4 MB | 1.0/1.2 MBProgress (2): 1.6/2.4 MB | 1.0/1.2 MBProgress (2): 1.6/2.4 MB | 1.0/1.2 MBProgress (2): 1.6/2.4 MB | 1.0/1.2 MBProgress (2): 1.6/2.4 MB | 1.0/1.2 MBProgress (2): 1.6/2.4 MB | 1.0/1.2 MBProgress (2): 1.6/2.4 MB | 1.0/1.2 MBProgress (2): 1.6/2.4 MB | 1.0/1.2 MBProgress (2): 1.6/2.4 MB | 1.0/1.2 MBProgress (2): 1.6/2.4 MB | 1.0/1.2 MBProgress (2): 1.6/2.4 MB | 1.0/1.2 MBProgress (2): 1.6/2.4 MB | 1.0/1.2 MBProgress (2): 1.6/2.4 MB | 1.1/1.2 MBProgress (2): 1.6/2.4 MB | 1.1/1.2 MBProgress (2): 1.6/2.4 MB | 1.1/1.2 MBProgress (2): 1.6/2.4 MB | 1.1/1.2 MBProgress (2): 1.6/2.4 MB | 1.1/1.2 MBProgress (2): 1.6/2.4 MB | 1.1/1.2 MBProgress (2): 1.6/2.4 MB | 1.1/1.2 MBProgress (2): 1.6/2.4 MB | 1.1/1.2 MBProgress (2): 1.6/2.4 MB | 1.1/1.2 MBProgress (2): 1.6/2.4 MB | 1.1/1.2 MBProgress (2): 1.7/2.4 MB | 1.1/1.2 MBProgress (2): 1.7/2.4 MB | 1.1/1.2 MBProgress (2): 1.7/2.4 MB | 1.1/1.2 MBProgress (2): 1.7/2.4 MB | 1.1/1.2 MBProgress (2): 1.7/2.4 MB | 1.1/1.2 MBProgress (2): 1.7/2.4 MB | 1.1/1.2 MBProgress (2): 1.8/2.4 MB | 1.1/1.2 MBProgress (2): 1.8/2.4 MB | 1.1/1.2 MBProgress (2): 1.8/2.4 MB | 1.1/1.2 MBProgress (2): 1.8/2.4 MB | 1.1/1.2 MBProgress (2): 1.8/2.4 MB | 1.1/1.2 MBProgress (2): 1.8/2.4 MB | 1.1/1.2 MBProgress (2): 1.8/2.4 MB | 1.1/1.2 MBProgress (2): 1.8/2.4 MB | 1.1/1.2 MBProgress (2): 1.8/2.4 MB | 1.1/1.2 MBProgress (2): 1.8/2.4 MB | 1.1/1.2 MBProgress (2): 1.8/2.4 MB | 1.2/1.2 MBProgress (2): 1.8/2.4 MB | 1.2/1.2 MBProgress (2): 1.8/2.4 MB | 1.2/1.2 MBProgress (2): 1.8/2.4 MB | 1.2/1.2 MBProgress (2): 1.8/2.4 MB | 1.2/1.2 MBProgress (2): 1.8/2.4 MB | 1.2 MB    Progress (2): 1.8/2.4 MB | 1.2 MBProgress (2): 1.9/2.4 MB | 1.2 MBProgress (2): 1.9/2.4 MB | 1.2 MBProgress (2): 1.9/2.4 MB | 1.2 MBProgress (2): 1.9/2.4 MB | 1.2 MBProgress (2): 1.9/2.4 MB | 1.2 MBProgress (2): 1.9/2.4 MB | 1.2 MBProgress (2): 2.0/2.4 MB | 1.2 MBProgress (2): 2.0/2.4 MB | 1.2 MBProgress (2): 2.0/2.4 MB | 1.2 MBProgress (2): 2.0/2.4 MB | 1.2 MBProgress (2): 2.0/2.4 MB | 1.2 MBProgress (2): 2.0/2.4 MB | 1.2 MBProgress (2): 2.0/2.4 MB | 1.2 MBProgress (2): 2.1/2.4 MB | 1.2 MB                                 Downloaded from apache.snapshots: http://repository.apache.org/snapshots/org/apache/jackrabbit/jackrabbit-core/2.9-SNAPSHOT/jackrabbit-core-2.9-20150323.101644-50-tests.jar (1.2 MB at 401 kB/s)
Progress (1): 2.1/2.4 MBProgress (1): 2.1/2.4 MBProgress (1): 2.1/2.4 MBProgress (1): 2.1/2.4 MBProgress (1): 2.1/2.4 MBProgress (1): 2.1/2.4 MBProgress (1): 2.2/2.4 MBProgress (1): 2.2/2.4 MBProgress (1): 2.2/2.4 MBProgress (1): 2.2/2.4 MBProgress (1): 2.2/2.4 MBProgress (1): 2.2/2.4 MBProgress (1): 2.2/2.4 MBProgress (1): 2.3/2.4 MBProgress (1): 2.3/2.4 MBProgress (1): 2.3/2.4 MBProgress (1): 2.3/2.4 MBProgress (1): 2.3/2.4 MBProgress (1): 2.3/2.4 MBProgress (1): 2.4 MB                        Downloaded from apache.snapshots: http://repository.apache.org/snapshots/org/apache/jackrabbit/jackrabbit-core/2.9-SNAPSHOT/jackrabbit-core-2.9-20150323.101644-50.jar (2.4 MB at 705 kB/s)
[[1;34mINFO[m] 
[[1;34mINFO[m] [1m--- [0;32mjacoco-maven-plugin:0.7.1.201405082137:prepare-agent[m [1m(pre-unit-test)[m @ [36moak-jcr[0;1m ---[m
[[1;34mINFO[m] Skipping JaCoCo execution because property jacoco.skip is set.
[[1;34mINFO[m] test.opts.coverage set to empty
[[1;34mINFO[m] 
[[1;34mINFO[m] [1m--- [0;32mmaven-remote-resources-plugin:1.4:process[m [1m(default)[m @ [36moak-jcr[0;1m ---[m
[[1;34mINFO[m] 
[[1;34mINFO[m] [1m--- [0;32mmaven-resources-plugin:2.6:resources[m [1m(default-resources)[m @ [36moak-jcr[0;1m ---[m
[[1;34mINFO[m] Using 'UTF-8' encoding to copy filtered resources.
[[1;34mINFO[m] Copying 1 resource
[[1;34mINFO[m] Copying 3 resources
[[1;34mINFO[m] 
[[1;34mINFO[m] [1m--- [0;32mmaven-compiler-plugin:2.5.1:compile[m [1m(default-compile)[m @ [36moak-jcr[0;1m ---[m
[[1;34mINFO[m] Compiling 102 source files to /home/user/Reproducibility-Scanner/benchmarks/bugs-dot-jar/jackrabbit-oak/oak-jcr/target/classes
[[1;34mINFO[m] -------------------------------------------------------------
[[1;31mERROR[m] COMPILATION ERROR : 
[[1;34mINFO[m] -------------------------------------------------------------
[[1;31mERROR[m] /home/user/Reproducibility-Scanner/benchmarks/bugs-dot-jar/jackrabbit-oak/oak-jcr/src/main/java/org/apache/jackrabbit/oak/jcr/observation/ObservationManagerImpl.java:[60,59] error: cannot find symbol
[[1;31mERROR[m]   symbol:   class PermissionProviderFactory
  location: package org.apache.jackrabbit.oak.plugins.observation.filter
/home/user/Reproducibility-Scanner/benchmarks/bugs-dot-jar/jackrabbit-oak/oak-jcr/src/main/java/org/apache/jackrabbit/oak/jcr/observation/ObservationManagerImpl.java:[93,18] error: cannot find symbol
[[1;31mERROR[m]   symbol:   class PermissionProviderFactory
  location: class ObservationManagerImpl
/home/user/Reproducibility-Scanner/benchmarks/bugs-dot-jar/jackrabbit-oak/oak-jcr/src/main/java/org/apache/jackrabbit/oak/jcr/observation/ChangeProcessor.java:[24,0] error: cannot find symbol
[[1;31mERROR[m]   symbol:   static VISIBLE_FILTER
  location: class
/home/user/Reproducibility-Scanner/benchmarks/bugs-dot-jar/jackrabbit-oak/oak-jcr/src/main/java/org/apache/jackrabbit/oak/jcr/observation/EventQueue.java:[54,25] error: constructor EventGenerator in class EventGenerator cannot be applied to given types;
[[1;31mERROR[m]   required: NodeState,NodeState,EventHandler
  found: no arguments
  reason: actual and formal argument lists differ in length
/home/user/Reproducibility-Scanner/benchmarks/bugs-dot-jar/jackrabbit-oak/oak-jcr/src/main/java/org/apache/jackrabbit/oak/jcr/observation/EventQueue.java:[73,17] error: cannot find symbol
[[1;31mERROR[m]   symbol:   method addHandler(NodeState,NodeState,EventHandler)
  location: variable generator of type EventGenerator
/home/user/Reproducibility-Scanner/benchmarks/bugs-dot-jar/jackrabbit-oak/oak-jcr/src/main/java/org/apache/jackrabbit/oak/jcr/observation/ObservationManagerImpl.java:[117,45] error: cannot find symbol
[[1;31mERROR[m]   symbol:   class PermissionProviderFactory
  location: class ObservationManagerImpl
/home/user/Reproducibility-Scanner/benchmarks/bugs-dot-jar/jackrabbit-oak/oak-jcr/src/main/java/org/apache/jackrabbit/oak/jcr/observation/ObservationManagerImpl.java:[236,25] error: cannot find symbol
[[1;31mERROR[m]   symbol:   method addSubTree(String)
  location: variable filterBuilder of type FilterBuilder
/home/user/Reproducibility-Scanner/benchmarks/bugs-dot-jar/jackrabbit-oak/oak-jcr/src/main/java/org/apache/jackrabbit/oak/jcr/observation/ObservationManagerImpl.java:[246,33] error: method all in class FilterBuilder cannot be applied to given types;
[[1;31mERROR[m]   found: List<Condition>
  reason: varargs mismatch; List<Condition> cannot be converted to Condition
/home/user/Reproducibility-Scanner/benchmarks/bugs-dot-jar/jackrabbit-oak/oak-jcr/src/main/java/org/apache/jackrabbit/oak/jcr/observation/ObservationManagerImpl.java:[247,33] error: method any in class FilterBuilder cannot be applied to given types;
[[1;31mERROR[m]   found: List<Condition>
  reason: varargs mismatch; List<Condition> cannot be converted to Condition
/home/user/Reproducibility-Scanner/benchmarks/bugs-dot-jar/jackrabbit-oak/oak-jcr/src/main/java/org/apache/jackrabbit/oak/jcr/observation/ObservationManagerImpl.java:[285,40] error: cannot find symbol
[[1;31mERROR[m]   symbol:   method not(Condition)
  location: variable filterBuilder of type FilterBuilder
/home/user/Reproducibility-Scanner/benchmarks/bugs-dot-jar/jackrabbit-oak/oak-jcr/src/main/java/org/apache/jackrabbit/oak/jcr/observation/ChangeProcessor.java:[267,36] error: cannot find symbol
[[1;31mERROR[m]   symbol:   method getSubTrees()
  location: variable provider of type FilterProvider
/home/user/Reproducibility-Scanner/benchmarks/bugs-dot-jar/jackrabbit-oak/oak-jcr/src/main/java/org/apache/jackrabbit/oak/jcr/observation/ChangeProcessor.java:[267,72] error: cannot find symbol
[[1;34mINFO[m] 12 errors 
[[1;34mINFO[m] -------------------------------------------------------------
[[1;34mINFO[m] 
[[1;34mINFO[m] [1m-----------------< [0;36morg.apache.jackrabbit:oak-upgrade[0;1m >------------------[m
[[1;34mINFO[m] [1mBuilding Oak upgrade 1.1-SNAPSHOT                                 [9/23][m
[[1;34mINFO[m] [1m--------------------------------[ jar ]---------------------------------[m
Downloading from apache.snapshots: http://repository.apache.org/snapshots/org/apache/jackrabbit/oak-jcr/1.1-SNAPSHOT/maven-metadata.xml
[[1;34mINFO[m] 
[[1;34mINFO[m] [1m--- [0;32mjacoco-maven-plugin:0.7.1.201405082137:prepare-agent[m [1m(pre-unit-test)[m @ [36moak-upgrade[0;1m ---[m
[[1;34mINFO[m] Skipping JaCoCo execution because property jacoco.skip is set.
[[1;34mINFO[m] test.opts.coverage set to empty
[[1;34mINFO[m] 
[[1;34mINFO[m] [1m--- [0;32mmaven-remote-resources-plugin:1.4:process[m [1m(default)[m @ [36moak-upgrade[0;1m ---[m
[[1;34mINFO[m] 
[[1;34mINFO[m] [1m--- [0;32mmaven-resources-plugin:2.6:resources[m [1m(default-resources)[m @ [36moak-upgrade[0;1m ---[m
[[1;34mINFO[m] Using 'UTF-8' encoding to copy filtered resources.
[[1;34mINFO[m] skip non existing resourceDirectory /home/user/Reproducibility-Scanner/benchmarks/bugs-dot-jar/jackrabbit-oak/oak-upgrade/src/main/resources
[[1;34mINFO[m] Copying 3 resources
[[1;34mINFO[m] 
[[1;34mINFO[m] [1m--- [0;32mmaven-compiler-plugin:2.5.1:compile[m [1m(default-compile)[m @ [36moak-upgrade[0;1m ---[m
[[1;34mINFO[m] Compiling 11 source files to /home/user/Reproducibility-Scanner/benchmarks/bugs-dot-jar/jackrabbit-oak/oak-upgrade/target/classes
[[1;34mINFO[m] 
[[1;34mINFO[m] [1m--- [0;32mmaven-resources-plugin:2.6:testResources[m [1m(default-testResources)[m @ [36moak-upgrade[0;1m ---[m
[[1;34mINFO[m] Using 'UTF-8' encoding to copy filtered resources.
[[1;34mINFO[m] Copying 3 resources
[[1;34mINFO[m] Copying 3 resources
[[1;34mINFO[m] 
[[1;34mINFO[m] [1m--- [0;32mmaven-compiler-plugin:2.5.1:testCompile[m [1m(default-testCompile)[m @ [36moak-upgrade[0;1m ---[m
[[1;34mINFO[m] Compiling 5 source files to /home/user/Reproducibility-Scanner/benchmarks/bugs-dot-jar/jackrabbit-oak/oak-upgrade/target/test-classes
[[1;34mINFO[m] 
[[1;34mINFO[m] [1m--- [0;32mmaven-surefire-plugin:2.12.4:test[m [1m(default-test)[m @ [36moak-upgrade[0;1m ---[m
[[1;34mINFO[m] Tests are skipped.
[[1;34mINFO[m] 
[[1;34mINFO[m] [1m--- [0;32mjacoco-maven-plugin:0.7.1.201405082137:report[m [1m(post-unit-test)[m @ [36moak-upgrade[0;1m ---[m
[[1;34mINFO[m] Skipping JaCoCo execution because property jacoco.skip is set.
[[1;34mINFO[m] 
[[1;34mINFO[m] [1m--- [0;32mmaven-jar-plugin:2.4:jar[m [1m(default-jar)[m @ [36moak-upgrade[0;1m ---[m
[[1;34mINFO[m] Building jar: /home/user/Reproducibility-Scanner/benchmarks/bugs-dot-jar/jackrabbit-oak/oak-upgrade/target/oak-upgrade-1.1-SNAPSHOT.jar
[[1;34mINFO[m] 
[[1;34mINFO[m] [1m--- [0;32mmaven-site-plugin:3.3:attach-descriptor[m [1m(attach-descriptor)[m @ [36moak-upgrade[0;1m ---[m
[[1;34mINFO[m] 
[[1;34mINFO[m] [1m--- [0;32mmaven-install-plugin:2.3.1:install[m [1m(default-install)[m @ [36moak-upgrade[0;1m ---[m
[[1;34mINFO[m] Installing /home/user/Reproducibility-Scanner/benchmarks/bugs-dot-jar/jackrabbit-oak/oak-upgrade/target/oak-upgrade-1.1-SNAPSHOT.jar to /home/user/.m2/repository/org/apache/jackrabbit/oak-upgrade/1.1-SNAPSHOT/oak-upgrade-1.1-SNAPSHOT.jar
[[1;34mINFO[m] Installing /home/user/Reproducibility-Scanner/benchmarks/bugs-dot-jar/jackrabbit-oak/oak-upgrade/pom.xml to /home/user/.m2/repository/org/apache/jackrabbit/oak-upgrade/1.1-SNAPSHOT/oak-upgrade-1.1-SNAPSHOT.pom
[[1;34mINFO[m] 
[[1;34mINFO[m] [1m-------------------< [0;36morg.apache.jackrabbit:oak-http[0;1m >-------------------[m
[[1;34mINFO[m] [1mBuilding Oak HTTP Binding 1.1-SNAPSHOT                           [10/23][m
[[1;34mINFO[m] [1m-------------------------------[ bundle ]-------------------------------[m
[[1;34mINFO[m] 
[[1;34mINFO[m] [1m--- [0;32mjacoco-maven-plugin:0.7.1.201405082137:prepare-agent[m [1m(pre-unit-test)[m @ [36moak-http[0;1m ---[m
[[1;34mINFO[m] Skipping JaCoCo execution because property jacoco.skip is set.
[[1;34mINFO[m] test.opts.coverage set to empty
[[1;34mINFO[m] 
[[1;34mINFO[m] [1m--- [0;32mmaven-remote-resources-plugin:1.4:process[m [1m(default)[m @ [36moak-http[0;1m ---[m
[[1;34mINFO[m] 
[[1;34mINFO[m] [1m--- [0;32mmaven-resources-plugin:2.6:resources[m [1m(default-resources)[m @ [36moak-http[0;1m ---[m
[[1;34mINFO[m] Using 'UTF-8' encoding to copy filtered resources.
[[1;34mINFO[m] skip non existing resourceDirectory /home/user/Reproducibility-Scanner/benchmarks/bugs-dot-jar/jackrabbit-oak/oak-http/src/main/resources
[[1;34mINFO[m] Copying 3 resources
[[1;34mINFO[m] 
[[1;34mINFO[m] [1m--- [0;32mmaven-compiler-plugin:2.5.1:compile[m [1m(default-compile)[m @ [36moak-http[0;1m ---[m
[[1;34mINFO[m] Compiling 9 source files to /home/user/Reproducibility-Scanner/benchmarks/bugs-dot-jar/jackrabbit-oak/oak-http/target/classes
[[1;34mINFO[m] 
[[1;34mINFO[m] [1m--- [0;32mmaven-resources-plugin:2.6:testResources[m [1m(default-testResources)[m @ [36moak-http[0;1m ---[m
[[1;34mINFO[m] Using 'UTF-8' encoding to copy filtered resources.
[[1;34mINFO[m] skip non existing resourceDirectory /home/user/Reproducibility-Scanner/benchmarks/bugs-dot-jar/jackrabbit-oak/oak-http/src/test/resources
[[1;34mINFO[m] Copying 3 resources
[[1;34mINFO[m] 
[[1;34mINFO[m] [1m--- [0;32mmaven-compiler-plugin:2.5.1:testCompile[m [1m(default-testCompile)[m @ [36moak-http[0;1m ---[m
[[1;34mINFO[m] Compiling 1 source file to /home/user/Reproducibility-Scanner/benchmarks/bugs-dot-jar/jackrabbit-oak/oak-http/target/test-classes
[[1;34mINFO[m] 
[[1;34mINFO[m] [1m--- [0;32mmaven-surefire-plugin:2.12.4:test[m [1m(default-test)[m @ [36moak-http[0;1m ---[m
[[1;34mINFO[m] Tests are skipped.
[[1;34mINFO[m] 
[[1;34mINFO[m] [1m--- [0;32mjacoco-maven-plugin:0.7.1.201405082137:report[m [1m(post-unit-test)[m @ [36moak-http[0;1m ---[m
[[1;34mINFO[m] Skipping JaCoCo execution because property jacoco.skip is set.
[[1;34mINFO[m] 
[[1;34mINFO[m] [1m--- [0;32mmaven-bundle-plugin:2.5.0:bundle[m [1m(default-bundle)[m @ [36moak-http[0;1m ---[m
[[1;34mINFO[m] 
[[1;34mINFO[m] [1m--- [0;32mmaven-site-plugin:3.3:attach-descriptor[m [1m(attach-descriptor)[m @ [36moak-http[0;1m ---[m
[[1;34mINFO[m] 
[[1;34mINFO[m] [1m--- [0;32mmaven-bundle-plugin:2.5.0:baseline[m [1m(baseline)[m @ [36moak-http[0;1m ---[m
[[1;34mINFO[m] artifact org.apache.jackrabbit:oak-http: checking for updates from apache.snapshots
[[1;34mINFO[m] artifact org.apache.jackrabbit:oak-http: checking for updates from central
[[1;34mINFO[m] Baseline analisys complete, 0 error(s), 0 warning(s)
[[1;34mINFO[m] 
[[1;34mINFO[m] [1m--- [0;32mmaven-install-plugin:2.3.1:install[m [1m(default-install)[m @ [36moak-http[0;1m ---[m
[[1;34mINFO[m] Installing /home/user/Reproducibility-Scanner/benchmarks/bugs-dot-jar/jackrabbit-oak/oak-http/target/oak-http-1.1-SNAPSHOT.jar to /home/user/.m2/repository/org/apache/jackrabbit/oak-http/1.1-SNAPSHOT/oak-http-1.1-SNAPSHOT.jar
[[1;34mINFO[m] Installing /home/user/Reproducibility-Scanner/benchmarks/bugs-dot-jar/jackrabbit-oak/oak-http/pom.xml to /home/user/.m2/repository/org/apache/jackrabbit/oak-http/1.1-SNAPSHOT/oak-http-1.1-SNAPSHOT.pom
[[1;34mINFO[m] 
[[1;34mINFO[m] [1m--- [0;32mmaven-bundle-plugin:2.5.0:install[m [1m(default-install)[m @ [36moak-http[0;1m ---[m
[[1;34mINFO[m] Local OBR update disabled (enable with -DobrRepository)
[[1;34mINFO[m] 
[[1;34mINFO[m] [1m------------------< [0;36morg.apache.jackrabbit:oak-lucene[0;1m >------------------[m
[[1;34mINFO[m] [1mBuilding Oak Lucene 1.1-SNAPSHOT                                 [11/23][m
[[1;34mINFO[m] [1m-------------------------------[ bundle ]-------------------------------[m
[[1;34mINFO[m] 
[[1;34mINFO[m] [1m--- [0;32mjacoco-maven-plugin:0.7.1.201405082137:prepare-agent[m [1m(pre-unit-test)[m @ [36moak-lucene[0;1m ---[m
[[1;34mINFO[m] Skipping JaCoCo execution because property jacoco.skip is set.
[[1;34mINFO[m] test.opts.coverage set to empty
[[1;34mINFO[m] 
[[1;34mINFO[m] [1m--- [0;32mmaven-remote-resources-plugin:1.4:process[m [1m(default)[m @ [36moak-lucene[0;1m ---[m
[[1;34mINFO[m] 
[[1;34mINFO[m] [1m--- [0;32mmaven-resources-plugin:2.6:resources[m [1m(default-resources)[m @ [36moak-lucene[0;1m ---[m
[[1;34mINFO[m] Using 'UTF-8' encoding to copy filtered resources.
[[1;34mINFO[m] Copying 1 resource
[[1;34mINFO[m] Copying 3 resources
[[1;34mINFO[m] 
[[1;34mINFO[m] [1m--- [0;32mmaven-compiler-plugin:2.5.1:compile[m [1m(default-compile)[m @ [36moak-lucene[0;1m ---[m
[[1;34mINFO[m] Compiling 25 source files to /home/user/Reproducibility-Scanner/benchmarks/bugs-dot-jar/jackrabbit-oak/oak-lucene/target/classes
[[1;34mINFO[m] 
[[1;34mINFO[m] [1m--- [0;32mmaven-scr-plugin:1.16.0:scr[m [1m(generate-scr-scrdescriptor)[m @ [36moak-lucene[0;1m ---[m
[[1;34mINFO[m] Writing 1 Service Component Descriptors to /home/user/Reproducibility-Scanner/benchmarks/bugs-dot-jar/jackrabbit-oak/oak-lucene/target/classes/OSGI-INF/org.apache.jackrabbit.oak.plugins.index.lucene.LuceneIndexProviderService.xml
[[1;34mINFO[m] Writing 1 Service Component Descriptors to /home/user/Reproducibility-Scanner/benchmarks/bugs-dot-jar/jackrabbit-oak/oak-lucene/target/classes/OSGI-INF/org.apache.jackrabbit.oak.plugins.index.lucene.LuceneIndexEditorProvider.xml
[[1;34mINFO[m] 
[[1;34mINFO[m] [1m--- [0;32mmaven-resources-plugin:2.6:testResources[m [1m(default-testResources)[m @ [36moak-lucene[0;1m ---[m
[[1;34mINFO[m] Using 'UTF-8' encoding to copy filtered resources.
[[1;34mINFO[m] Copying 4 resources
[[1;34mINFO[m] Copying 3 resources
[[1;34mINFO[m] 
[[1;34mINFO[m] [1m--- [0;32mmaven-compiler-plugin:2.5.1:testCompile[m [1m(default-testCompile)[m @ [36moak-lucene[0;1m ---[m
[[1;34mINFO[m] Compiling 10 source files to /home/user/Reproducibility-Scanner/benchmarks/bugs-dot-jar/jackrabbit-oak/oak-lucene/target/test-classes
[[1;34mINFO[m] 
[[1;34mINFO[m] [1m--- [0;32mmaven-surefire-plugin:2.12.4:test[m [1m(default-test)[m @ [36moak-lucene[0;1m ---[m
[[1;34mINFO[m] Tests are skipped.
[[1;34mINFO[m] 
[[1;34mINFO[m] [1m--- [0;32mjacoco-maven-plugin:0.7.1.201405082137:report[m [1m(post-unit-test)[m @ [36moak-lucene[0;1m ---[m
[[1;34mINFO[m] Skipping JaCoCo execution because property jacoco.skip is set.
[[1;34mINFO[m] 
[[1;34mINFO[m] [1m--- [0;32mmaven-bundle-plugin:2.5.0:bundle[m [1m(default-bundle)[m @ [36moak-lucene[0;1m ---[m
[[1;33mWARNING[m] Bundle org.apache.jackrabbit:oak-lucene:bundle:1.1-SNAPSHOT : Export org.apache.jackrabbit.oak.plugins.index.lucene,  has 5,  private references [org.apache.lucene.analysis, org.apache.lucene.index, org.apache.lucene.document, org.apache.lucene.util, org.apache.lucene.codecs], 
[[1;33mWARNING[m] Bundle org.apache.jackrabbit:oak-lucene:bundle:1.1-SNAPSHOT : Export org.apache.jackrabbit.oak.plugins.index.lucene.util,  has 6,  private references [org.apache.lucene.analysis, org.apache.lucene.analysis.tokenattributes, org.apache.lucene.search, org.apache.lucene.index, org.apache.lucene.analysis.util, org.apache.lucene.util], 
[[1;34mINFO[m] 
[[1;34mINFO[m] [1m--- [0;32mmaven-site-plugin:3.3:attach-descriptor[m [1m(attach-descriptor)[m @ [36moak-lucene[0;1m ---[m
[[1;34mINFO[m] 
[[1;34mINFO[m] [1m--- [0;32mmaven-bundle-plugin:2.5.0:baseline[m [1m(baseline)[m @ [36moak-lucene[0;1m ---[m
[[1;34mINFO[m] artifact org.apache.jackrabbit:oak-lucene: checking for updates from apache.snapshots
[[1;34mINFO[m] artifact org.apache.jackrabbit:oak-lucene: checking for updates from central
[[1;31mERROR[m] org.apache.jackrabbit.oak.plugins.index.lucene: Version increase required; detected 1.0.0, suggested 2.0.0
[[1;31mERROR[m] org.apache.jackrabbit.oak.plugins.index.lucene.util: Version increase required; detected 1.0.0, suggested 2.0.0
[[1;34mINFO[m] Baseline analisys complete, 2 error(s), 0 warning(s)
[[1;34mINFO[m] 
[[1;34mINFO[m] [1m--- [0;32mmaven-install-plugin:2.3.1:install[m [1m(default-install)[m @ [36moak-lucene[0;1m ---[m
[[1;34mINFO[m] Installing /home/user/Reproducibility-Scanner/benchmarks/bugs-dot-jar/jackrabbit-oak/oak-lucene/target/oak-lucene-1.1-SNAPSHOT.jar to /home/user/.m2/repository/org/apache/jackrabbit/oak-lucene/1.1-SNAPSHOT/oak-lucene-1.1-SNAPSHOT.jar
[[1;34mINFO[m] Installing /home/user/Reproducibility-Scanner/benchmarks/bugs-dot-jar/jackrabbit-oak/oak-lucene/pom.xml to /home/user/.m2/repository/org/apache/jackrabbit/oak-lucene/1.1-SNAPSHOT/oak-lucene-1.1-SNAPSHOT.pom
[[1;34mINFO[m] 
[[1;34mINFO[m] [1m--- [0;32mmaven-bundle-plugin:2.5.0:install[m [1m(default-install)[m @ [36moak-lucene[0;1m ---[m
[[1;34mINFO[m] Local OBR update disabled (enable with -DobrRepository)
[[1;34mINFO[m] 
[[1;34mINFO[m] [1m----------------< [0;36morg.apache.jackrabbit:oak-solr-core[0;1m >-----------------[m
[[1;34mINFO[m] [1mBuilding Oak Solr core 1.1-SNAPSHOT                              [12/23][m
[[1;34mINFO[m] [1m-------------------------------[ bundle ]-------------------------------[m
[[1;34mINFO[m] 
[[1;34mINFO[m] [1m--- [0;32mjacoco-maven-plugin:0.7.1.201405082137:prepare-agent[m [1m(pre-unit-test)[m @ [36moak-solr-core[0;1m ---[m
[[1;34mINFO[m] Skipping JaCoCo execution because property jacoco.skip is set.
[[1;34mINFO[m] test.opts.coverage set to empty
[[1;34mINFO[m] 
[[1;34mINFO[m] [1m--- [0;32mmaven-remote-resources-plugin:1.4:process[m [1m(default)[m @ [36moak-solr-core[0;1m ---[m
[[1;34mINFO[m] 
[[1;34mINFO[m] [1m--- [0;32mmaven-resources-plugin:2.6:resources[m [1m(default-resources)[m @ [36moak-solr-core[0;1m ---[m
[[1;34mINFO[m] Using 'UTF-8' encoding to copy filtered resources.
[[1;34mINFO[m] Copying 6 resources
[[1;34mINFO[m] Copying 3 resources
[[1;34mINFO[m] 
[[1;34mINFO[m] [1m--- [0;32mmaven-compiler-plugin:2.5.1:compile[m [1m(default-compile)[m @ [36moak-solr-core[0;1m ---[m
[[1;34mINFO[m] Compiling 33 source files to /home/user/Reproducibility-Scanner/benchmarks/bugs-dot-jar/jackrabbit-oak/oak-solr-core/target/classes
[[1;34mINFO[m] 
[[1;34mINFO[m] [1m--- [0;32mmaven-scr-plugin:1.16.0:scr[m [1m(generate-scr-scrdescriptor)[m @ [36moak-solr-core[0;1m ---[m
[[1;34mINFO[m] Generating 1 MetaType Descriptors in /home/user/Reproducibility-Scanner/benchmarks/bugs-dot-jar/jackrabbit-oak/oak-solr-core/target/classes/OSGI-INF/metatype/org.apache.jackrabbit.oak.plugins.index.solr.osgi.RemoteSolrServerConfigurationProvider.xml
[[1;34mINFO[m] Generating 1 MetaType Descriptors in /home/user/Reproducibility-Scanner/benchmarks/bugs-dot-jar/jackrabbit-oak/oak-solr-core/target/classes/OSGI-INF/metatype/org.apache.jackrabbit.oak.plugins.index.solr.osgi.OakSolrConfigurationProviderService.xml
[[1;34mINFO[m] Generating 1 MetaType Descriptors in /home/user/Reproducibility-Scanner/benchmarks/bugs-dot-jar/jackrabbit-oak/oak-solr-core/target/classes/OSGI-INF/metatype/org.apache.jackrabbit.oak.plugins.index.solr.osgi.SolrServerProviderService.xml
[[1;34mINFO[m] Generating 1 MetaType Descriptors in /home/user/Reproducibility-Scanner/benchmarks/bugs-dot-jar/jackrabbit-oak/oak-solr-core/target/classes/OSGI-INF/metatype/org.apache.jackrabbit.oak.plugins.index.solr.osgi.EmbeddedSolrServerConfigurationProvider.xml
[[1;34mINFO[m] Writing 1 Service Component Descriptors to /home/user/Reproducibility-Scanner/benchmarks/bugs-dot-jar/jackrabbit-oak/oak-solr-core/target/classes/OSGI-INF/org.apache.jackrabbit.oak.plugins.index.solr.osgi.RemoteSolrServerConfigurationProvider.xml
[[1;34mINFO[m] Writing 1 Service Component Descriptors to /home/user/Reproducibility-Scanner/benchmarks/bugs-dot-jar/jackrabbit-oak/oak-solr-core/target/classes/OSGI-INF/org.apache.jackrabbit.oak.plugins.index.solr.osgi.SolrQueryIndexProviderService.xml
[[1;34mINFO[m] Writing 1 Service Component Descriptors to /home/user/Reproducibility-Scanner/benchmarks/bugs-dot-jar/jackrabbit-oak/oak-solr-core/target/classes/OSGI-INF/org.apache.jackrabbit.oak.plugins.index.solr.osgi.OakSolrConfigurationProviderService.xml
[[1;34mINFO[m] Writing 1 Service Component Descriptors to /home/user/Reproducibility-Scanner/benchmarks/bugs-dot-jar/jackrabbit-oak/oak-solr-core/target/classes/OSGI-INF/org.apache.jackrabbit.oak.plugins.index.solr.osgi.SolrServerProviderService.xml
[[1;34mINFO[m] Writing 1 Service Component Descriptors to /home/user/Reproducibility-Scanner/benchmarks/bugs-dot-jar/jackrabbit-oak/oak-solr-core/target/classes/OSGI-INF/org.apache.jackrabbit.oak.plugins.index.solr.osgi.EmbeddedSolrServerConfigurationProvider.xml
[[1;34mINFO[m] Writing 1 Service Component Descriptors to /home/user/Reproducibility-Scanner/benchmarks/bugs-dot-jar/jackrabbit-oak/oak-solr-core/target/classes/OSGI-INF/org.apache.jackrabbit.oak.plugins.index.solr.osgi.SolrIndexEditorProviderService.xml
[[1;34mINFO[m] 
[[1;34mINFO[m] [1m--- [0;32mmaven-resources-plugin:2.6:testResources[m [1m(default-testResources)[m @ [36moak-solr-core[0;1m ---[m
[[1;34mINFO[m] Using 'UTF-8' encoding to copy filtered resources.
[[1;34mINFO[m] Copying 11 resources
[[1;34mINFO[m] Copying 3 resources
[[1;34mINFO[m] 
[[1;34mINFO[m] [1m--- [0;32mmaven-compiler-plugin:2.5.1:testCompile[m [1m(default-testCompile)[m @ [36moak-solr-core[0;1m ---[m
[[1;34mINFO[m] Compiling 17 source files to /home/user/Reproducibility-Scanner/benchmarks/bugs-dot-jar/jackrabbit-oak/oak-solr-core/target/test-classes
[[1;34mINFO[m] 
[[1;34mINFO[m] [1m--- [0;32mmaven-surefire-plugin:2.12.4:test[m [1m(default-test)[m @ [36moak-solr-core[0;1m ---[m
[[1;34mINFO[m] Tests are skipped.
[[1;34mINFO[m] 
[[1;34mINFO[m] [1m--- [0;32mjacoco-maven-plugin:0.7.1.201405082137:report[m [1m(post-unit-test)[m @ [36moak-solr-core[0;1m ---[m
[[1;34mINFO[m] Skipping JaCoCo execution because property jacoco.skip is set.
[[1;34mINFO[m] 
[[1;34mINFO[m] [1m--- [0;32mmaven-bundle-plugin:2.5.0:bundle[m [1m(default-bundle)[m @ [36moak-solr-core[0;1m ---[m
[[1;34mINFO[m] 
[[1;34mINFO[m] [1m--- [0;32mmaven-site-plugin:3.3:attach-descriptor[m [1m(attach-descriptor)[m @ [36moak-solr-core[0;1m ---[m
[[1;34mINFO[m] 
[[1;34mINFO[m] [1m--- [0;32mmaven-failsafe-plugin:2.12.4:integration-test[m [1m(default)[m @ [36moak-solr-core[0;1m ---[m
[[1;34mINFO[m] Tests are skipped.
[[1;34mINFO[m] 
[[1;34mINFO[m] [1m--- [0;32mmaven-bundle-plugin:2.5.0:baseline[m [1m(baseline)[m @ [36moak-solr-core[0;1m ---[m
[[1;34mINFO[m] artifact org.apache.jackrabbit:oak-solr-core: checking for updates from apache.snapshots
[[1;34mINFO[m] artifact org.apache.jackrabbit:oak-solr-core: checking for updates from central
[[1;34mINFO[m] Baseline analisys complete, 0 error(s), 0 warning(s)
[[1;34mINFO[m] 
[[1;34mINFO[m] [1m--- [0;32mmaven-failsafe-plugin:2.12.4:verify[m [1m(default)[m @ [36moak-solr-core[0;1m ---[m
[[1;34mINFO[m] Tests are skipped.
[[1;34mINFO[m] 
[[1;34mINFO[m] [1m--- [0;32mmaven-install-plugin:2.3.1:install[m [1m(default-install)[m @ [36moak-solr-core[0;1m ---[m
[[1;34mINFO[m] Installing /home/user/Reproducibility-Scanner/benchmarks/bugs-dot-jar/jackrabbit-oak/oak-solr-core/target/oak-solr-core-1.1-SNAPSHOT.jar to /home/user/.m2/repository/org/apache/jackrabbit/oak-solr-core/1.1-SNAPSHOT/oak-solr-core-1.1-SNAPSHOT.jar
[[1;34mINFO[m] Installing /home/user/Reproducibility-Scanner/benchmarks/bugs-dot-jar/jackrabbit-oak/oak-solr-core/pom.xml to /home/user/.m2/repository/org/apache/jackrabbit/oak-solr-core/1.1-SNAPSHOT/oak-solr-core-1.1-SNAPSHOT.pom
[[1;34mINFO[m] 
[[1;34mINFO[m] [1m--- [0;32mmaven-bundle-plugin:2.5.0:install[m [1m(default-install)[m @ [36moak-solr-core[0;1m ---[m
[[1;34mINFO[m] Local OBR update disabled (enable with -DobrRepository)
[[1;34mINFO[m] 
[[1;34mINFO[m] [1m----------------< [0;36morg.apache.jackrabbit:oak-solr-osgi[0;1m >-----------------[m
[[1;34mINFO[m] [1mBuilding Oak Solr OSGi 1.1-SNAPSHOT                              [13/23][m
[[1;34mINFO[m] [1m-------------------------------[ bundle ]-------------------------------[m
[[1;34mINFO[m] 
[[1;34mINFO[m] [1m--- [0;32mjacoco-maven-plugin:0.7.1.201405082137:prepare-agent[m [1m(pre-unit-test)[m @ [36moak-solr-osgi[0;1m ---[m
[[1;34mINFO[m] Skipping JaCoCo execution because property jacoco.skip is set.
[[1;34mINFO[m] test.opts.coverage set to empty
[[1;34mINFO[m] 
[[1;34mINFO[m] [1m--- [0;32mmaven-remote-resources-plugin:1.4:process[m [1m(default)[m @ [36moak-solr-osgi[0;1m ---[m
[[1;34mINFO[m] 
[[1;34mINFO[m] [1m--- [0;32mmaven-resources-plugin:2.6:resources[m [1m(default-resources)[m @ [36moak-solr-osgi[0;1m ---[m
[[1;34mINFO[m] Using 'UTF-8' encoding to copy filtered resources.
[[1;34mINFO[m] skip non existing resourceDirectory /home/user/Reproducibility-Scanner/benchmarks/bugs-dot-jar/jackrabbit-oak/oak-solr-osgi/src/main/resources
[[1;34mINFO[m] Copying 3 resources
[[1;34mINFO[m] 
[[1;34mINFO[m] [1m--- [0;32mmaven-compiler-plugin:2.5.1:compile[m [1m(default-compile)[m @ [36moak-solr-osgi[0;1m ---[m
[[1;34mINFO[m] No sources to compile
[[1;34mINFO[m] 
[[1;34mINFO[m] [1m--- [0;32mmaven-resources-plugin:2.6:testResources[m [1m(default-testResources)[m @ [36moak-solr-osgi[0;1m ---[m
[[1;34mINFO[m] Using 'UTF-8' encoding to copy filtered resources.
[[1;34mINFO[m] skip non existing resourceDirectory /home/user/Reproducibility-Scanner/benchmarks/bugs-dot-jar/jackrabbit-oak/oak-solr-osgi/src/test/resources
[[1;34mINFO[m] Copying 3 resources
[[1;34mINFO[m] 
[[1;34mINFO[m] [1m--- [0;32mmaven-compiler-plugin:2.5.1:testCompile[m [1m(default-testCompile)[m @ [36moak-solr-osgi[0;1m ---[m
[[1;34mINFO[m] No sources to compile
[[1;34mINFO[m] 
[[1;34mINFO[m] [1m--- [0;32mmaven-surefire-plugin:2.12.4:test[m [1m(default-test)[m @ [36moak-solr-osgi[0;1m ---[m
[[1;34mINFO[m] Tests are skipped.
[[1;34mINFO[m] 
[[1;34mINFO[m] [1m--- [0;32mjacoco-maven-plugin:0.7.1.201405082137:report[m [1m(post-unit-test)[m @ [36moak-solr-osgi[0;1m ---[m
[[1;34mINFO[m] Skipping JaCoCo execution because property jacoco.skip is set.
[[1;34mINFO[m] 
[[1;34mINFO[m] [1m--- [0;32mmaven-bundle-plugin:2.5.0:bundle[m [1m(default-bundle)[m @ [36moak-solr-osgi[0;1m ---[m
[[1;33mWARNING[m] Bundle org.apache.jackrabbit:oak-solr-osgi:bundle:1.1-SNAPSHOT : Unused Private-Package instructions, no such package(s) on the class path: [!*]
[[1;34mINFO[m] 
[[1;34mINFO[m] [1m--- [0;32mmaven-site-plugin:3.3:attach-descriptor[m [1m(attach-descriptor)[m @ [36moak-solr-osgi[0;1m ---[m
[[1;34mINFO[m] 
[[1;34mINFO[m] [1m--- [0;32mmaven-bundle-plugin:2.5.0:baseline[m [1m(baseline)[m @ [36moak-solr-osgi[0;1m ---[m
[[1;34mINFO[m] artifact org.apache.jackrabbit:oak-solr-osgi: checking for updates from apache.snapshots
[[1;34mINFO[m] artifact org.apache.jackrabbit:oak-solr-osgi: checking for updates from central
[[1;34mINFO[m] Baseline analisys complete, 0 error(s), 0 warning(s)
[[1;34mINFO[m] 
[[1;34mINFO[m] [1m--- [0;32mmaven-install-plugin:2.3.1:install[m [1m(default-install)[m @ [36moak-solr-osgi[0;1m ---[m
[[1;34mINFO[m] Installing /home/user/Reproducibility-Scanner/benchmarks/bugs-dot-jar/jackrabbit-oak/oak-solr-osgi/target/oak-solr-osgi-1.1-SNAPSHOT.jar to /home/user/.m2/repository/org/apache/jackrabbit/oak-solr-osgi/1.1-SNAPSHOT/oak-solr-osgi-1.1-SNAPSHOT.jar
[[1;34mINFO[m] Installing /home/user/Reproducibility-Scanner/benchmarks/bugs-dot-jar/jackrabbit-oak/oak-solr-osgi/pom.xml to /home/user/.m2/repository/org/apache/jackrabbit/oak-solr-osgi/1.1-SNAPSHOT/oak-solr-osgi-1.1-SNAPSHOT.pom
[[1;34mINFO[m] 
[[1;34mINFO[m] [1m--- [0;32mmaven-bundle-plugin:2.5.0:install[m [1m(default-install)[m @ [36moak-solr-osgi[0;1m ---[m
[[1;34mINFO[m] Local OBR update disabled (enable with -DobrRepository)
[[1;34mINFO[m] 
[[1;34mINFO[m] [1m--------------< [0;36morg.apache.jackrabbit:oak-auth-external[0;1m >---------------[m
[[1;34mINFO[m] [1mBuilding Oak External Authentication Support 1.1-SNAPSHOT        [14/23][m
[[1;34mINFO[m] [1m-------------------------------[ bundle ]-------------------------------[m
[[1;34mINFO[m] 
[[1;34mINFO[m] [1m--- [0;32mjacoco-maven-plugin:0.7.1.201405082137:prepare-agent[m [1m(pre-unit-test)[m @ [36moak-auth-external[0;1m ---[m
[[1;34mINFO[m] Skipping JaCoCo execution because property jacoco.skip is set.
[[1;34mINFO[m] test.opts.coverage set to empty
[[1;34mINFO[m] 
[[1;34mINFO[m] [1m--- [0;32mmaven-remote-resources-plugin:1.4:process[m [1m(default)[m @ [36moak-auth-external[0;1m ---[m
[[1;34mINFO[m] 
[[1;34mINFO[m] [1m--- [0;32mmaven-resources-plugin:2.6:resources[m [1m(default-resources)[m @ [36moak-auth-external[0;1m ---[m
[[1;34mINFO[m] Using 'UTF-8' encoding to copy filtered resources.
[[1;34mINFO[m] skip non existing resourceDirectory /home/user/Reproducibility-Scanner/benchmarks/bugs-dot-jar/jackrabbit-oak/oak-auth-external/src/main/resources
[[1;34mINFO[m] Copying 3 resources
[[1;34mINFO[m] 
[[1;34mINFO[m] [1m--- [0;32mmaven-compiler-plugin:2.5.1:compile[m [1m(default-compile)[m @ [36moak-auth-external[0;1m ---[m
[[1;34mINFO[m] Compiling 25 source files to /home/user/Reproducibility-Scanner/benchmarks/bugs-dot-jar/jackrabbit-oak/oak-auth-external/target/classes
[[1;34mINFO[m] 
[[1;34mINFO[m] [1m--- [0;32mmaven-scr-plugin:1.16.0:scr[m [1m(generate-scr-scrdescriptor)[m @ [36moak-auth-external[0;1m ---[m
[[1;34mINFO[m] Generating 1 MetaType Descriptors in /home/user/Reproducibility-Scanner/benchmarks/bugs-dot-jar/jackrabbit-oak/oak-auth-external/target/classes/OSGI-INF/metatype/org.apache.jackrabbit.oak.spi.security.authentication.external.impl.ExternalLoginModuleFactory.xml
[[1;34mINFO[m] Generating 1 MetaType Descriptors in /home/user/Reproducibility-Scanner/benchmarks/bugs-dot-jar/jackrabbit-oak/oak-auth-external/target/classes/OSGI-INF/metatype/org.apache.jackrabbit.oak.spi.security.authentication.external.impl.DefaultSyncConfig.xml
[[1;34mINFO[m] Writing 1 Service Component Descriptors to /home/user/Reproducibility-Scanner/benchmarks/bugs-dot-jar/jackrabbit-oak/oak-auth-external/target/classes/OSGI-INF/org.apache.jackrabbit.oak.spi.security.authentication.external.impl.DefaultSyncHandler.xml
[[1;34mINFO[m] Writing 1 Service Component Descriptors to /home/user/Reproducibility-Scanner/benchmarks/bugs-dot-jar/jackrabbit-oak/oak-auth-external/target/classes/OSGI-INF/org.apache.jackrabbit.oak.spi.security.authentication.external.impl.SyncManagerImpl.xml
[[1;34mINFO[m] Writing 1 Service Component Descriptors to /home/user/Reproducibility-Scanner/benchmarks/bugs-dot-jar/jackrabbit-oak/oak-auth-external/target/classes/OSGI-INF/org.apache.jackrabbit.oak.spi.security.authentication.external.impl.ExternalLoginModuleFactory.xml
[[1;34mINFO[m] Writing 1 Service Component Descriptors to /home/user/Reproducibility-Scanner/benchmarks/bugs-dot-jar/jackrabbit-oak/oak-auth-external/target/classes/OSGI-INF/org.apache.jackrabbit.oak.spi.security.authentication.external.impl.ExternalIDPManagerImpl.xml
[[1;34mINFO[m] 
[[1;34mINFO[m] [1m--- [0;32mmaven-resources-plugin:2.6:testResources[m [1m(default-testResources)[m @ [36moak-auth-external[0;1m ---[m
[[1;34mINFO[m] Using 'UTF-8' encoding to copy filtered resources.
[[1;34mINFO[m] Copying 3 resources
[[1;34mINFO[m] Copying 3 resources
[[1;34mINFO[m] 
[[1;34mINFO[m] [1m--- [0;32mmaven-compiler-plugin:2.5.1:testCompile[m [1m(default-testCompile)[m @ [36moak-auth-external[0;1m ---[m
[[1;34mINFO[m] Compiling 3 source files to /home/user/Reproducibility-Scanner/benchmarks/bugs-dot-jar/jackrabbit-oak/oak-auth-external/target/test-classes
[[1;34mINFO[m] 
[[1;34mINFO[m] [1m--- [0;32mmaven-surefire-plugin:2.12.4:test[m [1m(default-test)[m @ [36moak-auth-external[0;1m ---[m
[[1;34mINFO[m] Tests are skipped.
[[1;34mINFO[m] 
[[1;34mINFO[m] [1m--- [0;32mjacoco-maven-plugin:0.7.1.201405082137:report[m [1m(post-unit-test)[m @ [36moak-auth-external[0;1m ---[m
[[1;34mINFO[m] Skipping JaCoCo execution because property jacoco.skip is set.
[[1;34mINFO[m] 
[[1;34mINFO[m] [1m--- [0;32mmaven-bundle-plugin:2.5.0:bundle[m [1m(default-bundle)[m @ [36moak-auth-external[0;1m ---[m
[[1;34mINFO[m] 
[[1;34mINFO[m] [1m--- [0;32mmaven-site-plugin:3.3:attach-descriptor[m [1m(attach-descriptor)[m @ [36moak-auth-external[0;1m ---[m
[[1;34mINFO[m] 
[[1;34mINFO[m] [1m--- [0;32mmaven-jar-plugin:2.4:test-jar[m [1m(default)[m @ [36moak-auth-external[0;1m ---[m
[[1;34mINFO[m] Building jar: /home/user/Reproducibility-Scanner/benchmarks/bugs-dot-jar/jackrabbit-oak/oak-auth-external/target/oak-auth-external-1.1-SNAPSHOT-tests.jar
[[1;34mINFO[m] 
[[1;34mINFO[m] [1m--- [0;32mmaven-bundle-plugin:2.5.0:baseline[m [1m(baseline)[m @ [36moak-auth-external[0;1m ---[m
[[1;34mINFO[m] artifact org.apache.jackrabbit:oak-auth-external: checking for updates from apache.snapshots
[[1;34mINFO[m] artifact org.apache.jackrabbit:oak-auth-external: checking for updates from central
[[1;31mERROR[m] org.apache.jackrabbit.oak.spi.security.authentication.external: Version increase required; detected 1.0.0, suggested 3.0.0
[[1;34mINFO[m] Baseline analisys complete, 1 error(s), 0 warning(s)
[[1;34mINFO[m] 
[[1;34mINFO[m] [1m--- [0;32mmaven-install-plugin:2.3.1:install[m [1m(default-install)[m @ [36moak-auth-external[0;1m ---[m
[[1;34mINFO[m] Installing /home/user/Reproducibility-Scanner/benchmarks/bugs-dot-jar/jackrabbit-oak/oak-auth-external/target/oak-auth-external-1.1-SNAPSHOT.jar to /home/user/.m2/repository/org/apache/jackrabbit/oak-auth-external/1.1-SNAPSHOT/oak-auth-external-1.1-SNAPSHOT.jar
[[1;34mINFO[m] Installing /home/user/Reproducibility-Scanner/benchmarks/bugs-dot-jar/jackrabbit-oak/oak-auth-external/pom.xml to /home/user/.m2/repository/org/apache/jackrabbit/oak-auth-external/1.1-SNAPSHOT/oak-auth-external-1.1-SNAPSHOT.pom
[[1;34mINFO[m] Installing /home/user/Reproducibility-Scanner/benchmarks/bugs-dot-jar/jackrabbit-oak/oak-auth-external/target/oak-auth-external-1.1-SNAPSHOT-tests.jar to /home/user/.m2/repository/org/apache/jackrabbit/oak-auth-external/1.1-SNAPSHOT/oak-auth-external-1.1-SNAPSHOT-tests.jar
[[1;34mINFO[m] 
[[1;34mINFO[m] [1m--- [0;32mmaven-bundle-plugin:2.5.0:install[m [1m(default-install)[m @ [36moak-auth-external[0;1m ---[m
[[1;34mINFO[m] Local OBR update disabled (enable with -DobrRepository)
[[1;34mINFO[m] 
[[1;34mINFO[m] [1m----------------< [0;36morg.apache.jackrabbit:oak-auth-ldap[0;1m >-----------------[m
[[1;34mINFO[m] [1mBuilding Oak LDAP Authentication Support 1.1-SNAPSHOT            [15/23][m
[[1;34mINFO[m] [1m-------------------------------[ bundle ]-------------------------------[m
[[1;34mINFO[m] 
[[1;34mINFO[m] [1m--- [0;32mjacoco-maven-plugin:0.7.1.201405082137:prepare-agent[m [1m(pre-unit-test)[m @ [36moak-auth-ldap[0;1m ---[m
[[1;34mINFO[m] Skipping JaCoCo execution because property jacoco.skip is set.
[[1;34mINFO[m] test.opts.coverage set to empty
[[1;34mINFO[m] 
[[1;34mINFO[m] [1m--- [0;32mmaven-remote-resources-plugin:1.4:process[m [1m(default)[m @ [36moak-auth-ldap[0;1m ---[m
[[1;34mINFO[m] 
[[1;34mINFO[m] [1m--- [0;32mmaven-resources-plugin:2.6:resources[m [1m(default-resources)[m @ [36moak-auth-ldap[0;1m ---[m
[[1;34mINFO[m] Using 'UTF-8' encoding to copy filtered resources.
[[1;34mINFO[m] skip non existing resourceDirectory /home/user/Reproducibility-Scanner/benchmarks/bugs-dot-jar/jackrabbit-oak/oak-auth-ldap/src/main/resources
[[1;34mINFO[m] Copying 3 resources
[[1;34mINFO[m] 
[[1;34mINFO[m] [1m--- [0;32mmaven-compiler-plugin:2.5.1:compile[m [1m(default-compile)[m @ [36moak-auth-ldap[0;1m ---[m
[[1;34mINFO[m] Compiling 11 source files to /home/user/Reproducibility-Scanner/benchmarks/bugs-dot-jar/jackrabbit-oak/oak-auth-ldap/target/classes
[[1;34mINFO[m] 
[[1;34mINFO[m] [1m--- [0;32mmaven-scr-plugin:1.16.0:scr[m [1m(generate-scr-scrdescriptor)[m @ [36moak-auth-ldap[0;1m ---[m
[[1;34mINFO[m] Generating 1 MetaType Descriptors in /home/user/Reproducibility-Scanner/benchmarks/bugs-dot-jar/jackrabbit-oak/oak-auth-ldap/target/classes/OSGI-INF/metatype/org.apache.jackrabbit.oak.security.authentication.ldap.impl.LdapProviderConfig.xml
[[1;34mINFO[m] Writing 1 Service Component Descriptors to /home/user/Reproducibility-Scanner/benchmarks/bugs-dot-jar/jackrabbit-oak/oak-auth-ldap/target/classes/OSGI-INF/org.apache.jackrabbit.oak.security.authentication.ldap.impl.LdapIdentityProvider.xml
[[1;34mINFO[m] 
[[1;34mINFO[m] [1m--- [0;32mmaven-resources-plugin:2.6:testResources[m [1m(default-testResources)[m @ [36moak-auth-ldap[0;1m ---[m
[[1;34mINFO[m] Using 'UTF-8' encoding to copy filtered resources.
[[1;34mINFO[m] Copying 1 resource
[[1;34mINFO[m] Copying 3 resources
[[1;34mINFO[m] 
[[1;34mINFO[m] [1m--- [0;32mmaven-compiler-plugin:2.5.1:testCompile[m [1m(default-testCompile)[m @ [36moak-auth-ldap[0;1m ---[m
[[1;34mINFO[m] Compiling 8 source files to /home/user/Reproducibility-Scanner/benchmarks/bugs-dot-jar/jackrabbit-oak/oak-auth-ldap/target/test-classes
[[1;34mINFO[m] 
[[1;34mINFO[m] [1m--- [0;32mmaven-surefire-plugin:2.12.4:test[m [1m(default-test)[m @ [36moak-auth-ldap[0;1m ---[m
[[1;34mINFO[m] Tests are skipped.
[[1;34mINFO[m] 
[[1;34mINFO[m] [1m--- [0;32mjacoco-maven-plugin:0.7.1.201405082137:report[m [1m(post-unit-test)[m @ [36moak-auth-ldap[0;1m ---[m
[[1;34mINFO[m] Skipping JaCoCo execution because property jacoco.skip is set.
[[1;34mINFO[m] 
[[1;34mINFO[m] [1m--- [0;32mmaven-bundle-plugin:2.5.0:bundle[m [1m(default-bundle)[m @ [36moak-auth-ldap[0;1m ---[m
[[1;34mINFO[m] 
[[1;34mINFO[m] [1m--- [0;32mmaven-site-plugin:3.3:attach-descriptor[m [1m(attach-descriptor)[m @ [36moak-auth-ldap[0;1m ---[m
[[1;34mINFO[m] 
[[1;34mINFO[m] [1m--- [0;32mmaven-bundle-plugin:2.5.0:baseline[m [1m(baseline)[m @ [36moak-auth-ldap[0;1m ---[m
[[1;34mINFO[m] artifact org.apache.jackrabbit:oak-auth-ldap: checking for updates from apache.snapshots
[[1;34mINFO[m] artifact org.apache.jackrabbit:oak-auth-ldap: checking for updates from central
[[1;34mINFO[m] Baseline analisys complete, 0 error(s), 0 warning(s)
[[1;34mINFO[m] 
[[1;34mINFO[m] [1m--- [0;32mmaven-install-plugin:2.3.1:install[m [1m(default-install)[m @ [36moak-auth-ldap[0;1m ---[m
[[1;34mINFO[m] Installing /home/user/Reproducibility-Scanner/benchmarks/bugs-dot-jar/jackrabbit-oak/oak-auth-ldap/target/oak-auth-ldap-1.1-SNAPSHOT.jar to /home/user/.m2/repository/org/apache/jackrabbit/oak-auth-ldap/1.1-SNAPSHOT/oak-auth-ldap-1.1-SNAPSHOT.jar
[[1;34mINFO[m] Installing /home/user/Reproducibility-Scanner/benchmarks/bugs-dot-jar/jackrabbit-oak/oak-auth-ldap/pom.xml to /home/user/.m2/repository/org/apache/jackrabbit/oak-auth-ldap/1.1-SNAPSHOT/oak-auth-ldap-1.1-SNAPSHOT.pom
[[1;34mINFO[m] 
[[1;34mINFO[m] [1m--- [0;32mmaven-bundle-plugin:2.5.0:install[m [1m(default-install)[m @ [36moak-auth-ldap[0;1m ---[m
[[1;34mINFO[m] Local OBR update disabled (enable with -DobrRepository)
[[1;34mINFO[m] 
[[1;34mINFO[m] [1m-------------------< [0;36morg.apache.jackrabbit:oak-run[0;1m >--------------------[m
[[1;34mINFO[m] [1mBuilding Oak Runnable Jar 1.1-SNAPSHOT                           [16/23][m
[[1;34mINFO[m] [1m--------------------------------[ jar ]---------------------------------[m
[[1;34mINFO[m] 
[[1;34mINFO[m] [1m--- [0;32mjacoco-maven-plugin:0.7.1.201405082137:prepare-agent[m [1m(pre-unit-test)[m @ [36moak-run[0;1m ---[m
[[1;34mINFO[m] Skipping JaCoCo execution because property jacoco.skip is set.
[[1;34mINFO[m] test.opts.coverage set to empty
[[1;34mINFO[m] 
[[1;34mINFO[m] [1m--- [0;32mgmaven-plugin:1.4:generateStubs[m [1m(default)[m @ [36moak-run[0;1m ---[m
[[1;34mINFO[m] Generated 13 Java stubs
[[1;34mINFO[m] 
[[1;34mINFO[m] [1m--- [0;32mmaven-remote-resources-plugin:1.4:process[m [1m(default)[m @ [36moak-run[0;1m ---[m
[[1;34mINFO[m] 
[[1;34mINFO[m] [1m--- [0;32mmaven-resources-plugin:2.6:resources[m [1m(default-resources)[m @ [36moak-run[0;1m ---[m
[[1;34mINFO[m] Using 'UTF-8' encoding to copy filtered resources.
[[1;34mINFO[m] Copying 10 resources
[[1;34mINFO[m] Copying 4 resources
[[1;34mINFO[m] Copying 3 resources
[[1;34mINFO[m] 
[[1;34mINFO[m] [1m--- [0;32mbuild-helper-maven-plugin:1.7:reserve-network-port[m [1m(reserve-network-port)[m @ [36moak-run[0;1m ---[m
[[1;34mINFO[m] Reserved port 38793 for jetty.http.port
[[1;34mINFO[m] 
[[1;34mINFO[m] [1m--- [0;32mmaven-compiler-plugin:2.5.1:compile[m [1m(default-compile)[m @ [36moak-run[0;1m ---[m
[[1;34mINFO[m] Compiling 105 source files to /home/user/Reproducibility-Scanner/benchmarks/bugs-dot-jar/jackrabbit-oak/oak-run/target/classes
[[1;34mINFO[m] -------------------------------------------------------------
[[1;31mERROR[m] COMPILATION ERROR : 
[[1;34mINFO[m] -------------------------------------------------------------
[[1;31mERROR[m] /home/user/Reproducibility-Scanner/benchmarks/bugs-dot-jar/jackrabbit-oak/oak-run/src/main/java/org/apache/jackrabbit/oak/explorer/NodeStoreTree.java:[55,48] error: SegmentPropertyState is not public in org.apache.jackrabbit.oak.plugins.segment; cannot be accessed from outside package
[[1;31mERROR[m] /home/user/Reproducibility-Scanner/benchmarks/bugs-dot-jar/jackrabbit-oak/oak-run/src/main/java/org/apache/jackrabbit/oak/explorer/NodeStoreTree.java:[79,21] error: cannot find symbol
[[1;31mERROR[m]   symbol:   method getTarReaderIndex()
  location: variable store of type FileStore
/home/user/Reproducibility-Scanner/benchmarks/bugs-dot-jar/jackrabbit-oak/oak-run/src/main/java/org/apache/jackrabbit/oak/explorer/NodeStoreTree.java:[99,21] error: cannot find symbol
[[1;31mERROR[m]   symbol:   method getTarReaderIndex()
  location: variable store of type FileStore
/home/user/Reproducibility-Scanner/benchmarks/bugs-dot-jar/jackrabbit-oak/oak-run/src/main/java/org/apache/jackrabbit/oak/explorer/NodeStoreTree.java:[190,34] error: cannot find symbol
[[1;31mERROR[m]   symbol:   class SegmentPropertyState
  location: class NodeStoreTree
/home/user/Reproducibility-Scanner/benchmarks/bugs-dot-jar/jackrabbit-oak/oak-run/src/main/java/org/apache/jackrabbit/oak/explorer/NodeStoreTree.java:[191,37] error: cannot find symbol
[[1;31mERROR[m]   symbol:   class SegmentPropertyState
  location: class NodeStoreTree
/home/user/Reproducibility-Scanner/benchmarks/bugs-dot-jar/jackrabbit-oak/oak-run/src/main/java/org/apache/jackrabbit/oak/explorer/NodeStoreTree.java:[230,20] error: cannot find symbol
[[1;31mERROR[m]   symbol:   method getTarReaderIndex()
  location: variable store of type FileStore
/home/user/Reproducibility-Scanner/benchmarks/bugs-dot-jar/jackrabbit-oak/oak-run/src/main/java/org/apache/jackrabbit/oak/explorer/NodeStoreTree.java:[285,47] error: cannot find symbol
[[1;31mERROR[m]   symbol:   method getTarReaderIndex()
  location: variable store of type FileStore
/home/user/Reproducibility-Scanner/benchmarks/bugs-dot-jar/jackrabbit-oak/oak-run/src/main/java/org/apache/jackrabbit/oak/explorer/NodeStoreTree.java:[306,30] error: cannot find symbol
[[1;31mERROR[m]   symbol:   class SegmentPropertyState
  location: class NodeStoreTree
/home/user/Reproducibility-Scanner/benchmarks/bugs-dot-jar/jackrabbit-oak/oak-run/src/main/java/org/apache/jackrabbit/oak/explorer/NodeStoreTree.java:[307,16] error: cannot find symbol
[[1;31mERROR[m]   symbol:   class SegmentPropertyState
  location: class NodeStoreTree
/home/user/Reproducibility-Scanner/benchmarks/bugs-dot-jar/jackrabbit-oak/oak-run/src/main/java/org/apache/jackrabbit/oak/explorer/NodeStoreTree.java:[307,44] error: cannot find symbol
[[1;31mERROR[m]   symbol:   class SegmentPropertyState
  location: class NodeStoreTree
/home/user/Reproducibility-Scanner/benchmarks/bugs-dot-jar/jackrabbit-oak/oak-run/src/main/java/org/apache/jackrabbit/oak/explorer/NodeStoreTree.java:[399,13] error: cannot find symbol
[[1;31mERROR[m]   symbol:   method compact()
  location: variable store of type FileStore
/home/user/Reproducibility-Scanner/benchmarks/bugs-dot-jar/jackrabbit-oak/oak-run/src/main/java/org/apache/jackrabbit/oak/explorer/NodeStoreTree.java:[414,56] error: cannot find symbol
[[1;31mERROR[m]   symbol:   method getTarReaderIndex()
  location: variable store of type FileStore
/home/user/Reproducibility-Scanner/benchmarks/bugs-dot-jar/jackrabbit-oak/oak-run/src/main/java/org/apache/jackrabbit/oak/run/Main.java:[313,21] error: cannot find symbol
[[1;31mERROR[m]   symbol:   method compact()
  location: variable store of type FileStore
/home/user/Reproducibility-Scanner/benchmarks/bugs-dot-jar/jackrabbit-oak/oak-run/src/main/java/org/apache/jackrabbit/oak/run/Main.java:[321,21] error: cannot find symbol
[[1;34mINFO[m] 14 errors 
[[1;34mINFO[m] -------------------------------------------------------------
[[1;34mINFO[m] 
[[1;34mINFO[m] [1m------------------< [0;36morg.apache.jackrabbit:oak-it-mk[0;1m >-------------------[m
[[1;34mINFO[m] [1mBuilding Oak Integration Tests for MicroKernel implementations 1.1-SNAPSHOT [17/23][m
[[1;34mINFO[m] [1m--------------------------------[ jar ]---------------------------------[m
[[1;34mINFO[m] 
[[1;34mINFO[m] [1m--- [0;32mjacoco-maven-plugin:0.7.1.201405082137:prepare-agent[m [1m(pre-unit-test)[m @ [36moak-it-mk[0;1m ---[m
[[1;34mINFO[m] Skipping JaCoCo execution because property jacoco.skip is set.
[[1;34mINFO[m] test.opts.coverage set to empty
[[1;34mINFO[m] 
[[1;34mINFO[m] [1m--- [0;32mmaven-remote-resources-plugin:1.4:process[m [1m(default)[m @ [36moak-it-mk[0;1m ---[m
[[1;34mINFO[m] 
[[1;34mINFO[m] [1m--- [0;32mmaven-resources-plugin:2.6:resources[m [1m(default-resources)[m @ [36moak-it-mk[0;1m ---[m
[[1;34mINFO[m] Using 'UTF-8' encoding to copy filtered resources.
[[1;34mINFO[m] skip non existing resourceDirectory /home/user/Reproducibility-Scanner/benchmarks/bugs-dot-jar/jackrabbit-oak/oak-it/mk/src/main/resources
[[1;34mINFO[m] Copying 3 resources
[[1;34mINFO[m] 
[[1;34mINFO[m] [1m--- [0;32mmaven-compiler-plugin:2.5.1:compile[m [1m(default-compile)[m @ [36moak-it-mk[0;1m ---[m
[[1;34mINFO[m] Compiling 6 source files to /home/user/Reproducibility-Scanner/benchmarks/bugs-dot-jar/jackrabbit-oak/oak-it/mk/target/classes
[[1;34mINFO[m] 
[[1;34mINFO[m] [1m--- [0;32mmaven-resources-plugin:2.6:testResources[m [1m(default-testResources)[m @ [36moak-it-mk[0;1m ---[m
[[1;34mINFO[m] Using 'UTF-8' encoding to copy filtered resources.
[[1;34mINFO[m] Copying 3 resources
[[1;34mINFO[m] Copying 3 resources
[[1;34mINFO[m] 
[[1;34mINFO[m] [1m--- [0;32mmaven-compiler-plugin:2.5.1:testCompile[m [1m(default-testCompile)[m @ [36moak-it-mk[0;1m ---[m
[[1;34mINFO[m] Compiling 11 source files to /home/user/Reproducibility-Scanner/benchmarks/bugs-dot-jar/jackrabbit-oak/oak-it/mk/target/test-classes
[[1;34mINFO[m] 
[[1;34mINFO[m] [1m--- [0;32mmaven-surefire-plugin:2.12.4:test[m [1m(default-test)[m @ [36moak-it-mk[0;1m ---[m
[[1;34mINFO[m] Tests are skipped.
[[1;34mINFO[m] 
[[1;34mINFO[m] [1m--- [0;32mjacoco-maven-plugin:0.7.1.201405082137:report[m [1m(post-unit-test)[m @ [36moak-it-mk[0;1m ---[m
[[1;34mINFO[m] Skipping JaCoCo execution because property jacoco.skip is set.
[[1;34mINFO[m] 
[[1;34mINFO[m] [1m--- [0;32mmaven-jar-plugin:2.4:jar[m [1m(default-jar)[m @ [36moak-it-mk[0;1m ---[m
[[1;34mINFO[m] Building jar: /home/user/Reproducibility-Scanner/benchmarks/bugs-dot-jar/jackrabbit-oak/oak-it/mk/target/oak-it-mk-1.1-SNAPSHOT.jar
[[1;34mINFO[m] 
[[1;34mINFO[m] [1m--- [0;32mmaven-site-plugin:3.3:attach-descriptor[m [1m(attach-descriptor)[m @ [36moak-it-mk[0;1m ---[m
[[1;34mINFO[m] 
[[1;34mINFO[m] [1m--- [0;32mmaven-install-plugin:2.3.1:install[m [1m(default-install)[m @ [36moak-it-mk[0;1m ---[m
[[1;34mINFO[m] Installing /home/user/Reproducibility-Scanner/benchmarks/bugs-dot-jar/jackrabbit-oak/oak-it/mk/target/oak-it-mk-1.1-SNAPSHOT.jar to /home/user/.m2/repository/org/apache/jackrabbit/oak-it-mk/1.1-SNAPSHOT/oak-it-mk-1.1-SNAPSHOT.jar
[[1;34mINFO[m] Installing /home/user/Reproducibility-Scanner/benchmarks/bugs-dot-jar/jackrabbit-oak/oak-it/mk/pom.xml to /home/user/.m2/repository/org/apache/jackrabbit/oak-it-mk/1.1-SNAPSHOT/oak-it-mk-1.1-SNAPSHOT.pom
[[1;34mINFO[m] 
[[1;34mINFO[m] [1m-----------------< [0;36morg.apache.jackrabbit:oak-it-osgi[0;1m >------------------[m
[[1;34mINFO[m] [1mBuilding Oak Integration Tests for OSGi deployments 1.1-SNAPSHOT [18/23][m
[[1;34mINFO[m] [1m--------------------------------[ jar ]---------------------------------[m
[[1;34mINFO[m] 
[[1;34mINFO[m] [1m--- [0;32mjacoco-maven-plugin:0.7.1.201405082137:prepare-agent[m [1m(pre-unit-test)[m @ [36moak-it-osgi[0;1m ---[m
[[1;34mINFO[m] Skipping JaCoCo execution because property jacoco.skip is set.
[[1;34mINFO[m] test.opts.coverage set to empty
[[1;34mINFO[m] 
[[1;34mINFO[m] [1m--- [0;32mmaven-remote-resources-plugin:1.4:process[m [1m(default)[m @ [36moak-it-osgi[0;1m ---[m
[[1;34mINFO[m] 
[[1;34mINFO[m] [1m--- [0;32mmaven-resources-plugin:2.6:resources[m [1m(default-resources)[m @ [36moak-it-osgi[0;1m ---[m
[[1;34mINFO[m] Using 'UTF-8' encoding to copy filtered resources.
[[1;34mINFO[m] skip non existing resourceDirectory /home/user/Reproducibility-Scanner/benchmarks/bugs-dot-jar/jackrabbit-oak/oak-it/osgi/src/main/resources
[[1;34mINFO[m] Copying 3 resources
[[1;34mINFO[m] 
[[1;34mINFO[m] [1m--- [0;32mmaven-compiler-plugin:2.5.1:compile[m [1m(default-compile)[m @ [36moak-it-osgi[0;1m ---[m
[[1;34mINFO[m] No sources to compile
[[1;34mINFO[m] 
[[1;34mINFO[m] [1m--- [0;32mmaven-resources-plugin:2.6:testResources[m [1m(default-testResources)[m @ [36moak-it-osgi[0;1m ---[m
[[1;34mINFO[m] Using 'UTF-8' encoding to copy filtered resources.
[[1;34mINFO[m] Copying 1 resource
[[1;34mINFO[m] Copying 3 resources
[[1;34mINFO[m] 
[[1;34mINFO[m] [1m--- [0;32mmaven-compiler-plugin:2.5.1:testCompile[m [1m(default-testCompile)[m @ [36moak-it-osgi[0;1m ---[m
[[1;34mINFO[m] Compiling 1 source file to /home/user/Reproducibility-Scanner/benchmarks/bugs-dot-jar/jackrabbit-oak/oak-it/osgi/target/test-classes
[[1;34mINFO[m] 
[[1;34mINFO[m] [1m--- [0;32mmaven-surefire-plugin:2.12.4:test[m [1m(default-test)[m @ [36moak-it-osgi[0;1m ---[m
[[1;34mINFO[m] Tests are skipped.
[[1;34mINFO[m] 
[[1;34mINFO[m] [1m--- [0;32mjacoco-maven-plugin:0.7.1.201405082137:report[m [1m(post-unit-test)[m @ [36moak-it-osgi[0;1m ---[m
[[1;34mINFO[m] Skipping JaCoCo execution because property jacoco.skip is set.
[[1;34mINFO[m] 
[[1;34mINFO[m] [1m--- [0;32mmaven-jar-plugin:2.4:jar[m [1m(default-jar)[m @ [36moak-it-osgi[0;1m ---[m
[[1;34mINFO[m] Building jar: /home/user/Reproducibility-Scanner/benchmarks/bugs-dot-jar/jackrabbit-oak/oak-it/osgi/target/oak-it-osgi-1.1-SNAPSHOT.jar
[[1;34mINFO[m] 
[[1;34mINFO[m] [1m--- [0;32mmaven-site-plugin:3.3:attach-descriptor[m [1m(attach-descriptor)[m @ [36moak-it-osgi[0;1m ---[m
[[1;34mINFO[m] 
[[1;34mINFO[m] [1m--- [0;32mmaven-assembly-plugin:2.2.1:single[m [1m(default)[m @ [36moak-it-osgi[0;1m ---[m
[[1;34mINFO[m] Reading assembly descriptor: test-bundles.xml
[[1;34mINFO[m] Copying files to /home/user/Reproducibility-Scanner/benchmarks/bugs-dot-jar/jackrabbit-oak/oak-it/osgi/target/test-bundles
[[1;34mINFO[m] 
[[1;34mINFO[m] [1m--- [0;32mmaven-install-plugin:2.3.1:install[m [1m(default-install)[m @ [36moak-it-osgi[0;1m ---[m
[[1;34mINFO[m] Installing /home/user/Reproducibility-Scanner/benchmarks/bugs-dot-jar/jackrabbit-oak/oak-it/osgi/target/oak-it-osgi-1.1-SNAPSHOT.jar to /home/user/.m2/repository/org/apache/jackrabbit/oak-it-osgi/1.1-SNAPSHOT/oak-it-osgi-1.1-SNAPSHOT.jar
[[1;34mINFO[m] Installing /home/user/Reproducibility-Scanner/benchmarks/bugs-dot-jar/jackrabbit-oak/oak-it/osgi/pom.xml to /home/user/.m2/repository/org/apache/jackrabbit/oak-it-osgi/1.1-SNAPSHOT/oak-it-osgi-1.1-SNAPSHOT.pom
[[1;34mINFO[m] 
[[1;34mINFO[m] [1m--------------------< [0;36morg.apache.jackrabbit:oak-it[0;1m >--------------------[m
[[1;34mINFO[m] [1mBuilding Oak Integration Tests 1.1-SNAPSHOT                      [19/23][m
[[1;34mINFO[m] [1m--------------------------------[ pom ]---------------------------------[m
[[1;34mINFO[m] 
[[1;34mINFO[m] [1m--- [0;32mjacoco-maven-plugin:0.7.1.201405082137:prepare-agent[m [1m(pre-unit-test)[m @ [36moak-it[0;1m ---[m
[[1;34mINFO[m] Skipping JaCoCo execution because property jacoco.skip is set.
[[1;34mINFO[m] test.opts.coverage set to empty
[[1;34mINFO[m] 
[[1;34mINFO[m] [1m--- [0;32mmaven-remote-resources-plugin:1.4:process[m [1m(default)[m @ [36moak-it[0;1m ---[m
[[1;34mINFO[m] 
[[1;34mINFO[m] [1m--- [0;32mjacoco-maven-plugin:0.7.1.201405082137:report[m [1m(post-unit-test)[m @ [36moak-it[0;1m ---[m
[[1;34mINFO[m] Skipping JaCoCo execution because property jacoco.skip is set.
[[1;34mINFO[m] 
[[1;34mINFO[m] [1m--- [0;32mmaven-site-plugin:3.3:attach-descriptor[m [1m(attach-descriptor)[m @ [36moak-it[0;1m ---[m
[[1;34mINFO[m] 
[[1;34mINFO[m] [1m--- [0;32mmaven-install-plugin:2.3.1:install[m [1m(default-install)[m @ [36moak-it[0;1m ---[m
[[1;34mINFO[m] Installing /home/user/Reproducibility-Scanner/benchmarks/bugs-dot-jar/jackrabbit-oak/oak-it/pom.xml to /home/user/.m2/repository/org/apache/jackrabbit/oak-it/1.1-SNAPSHOT/oak-it-1.1-SNAPSHOT.pom
[[1;34mINFO[m] 
[[1;34mINFO[m] [1m------------------< [0;36morg.apache.jackrabbit:oak-pojosr[0;1m >------------------[m
[[1;34mINFO[m] [1mBuilding Oak PojoSR 1.1-SNAPSHOT                                 [20/23][m
[[1;34mINFO[m] [1m--------------------------------[ jar ]---------------------------------[m
[[1;34mINFO[m] 
[[1;34mINFO[m] [1m--- [0;32mjacoco-maven-plugin:0.7.1.201405082137:prepare-agent[m [1m(pre-unit-test)[m @ [36moak-pojosr[0;1m ---[m
[[1;34mINFO[m] Skipping JaCoCo execution because property jacoco.skip is set.
[[1;34mINFO[m] test.opts.coverage set to empty
[[1;34mINFO[m] 
[[1;34mINFO[m] [1m--- [0;32mmaven-remote-resources-plugin:1.4:process[m [1m(default)[m @ [36moak-pojosr[0;1m ---[m
[[1;34mINFO[m] 
[[1;34mINFO[m] [1m--- [0;32mmaven-resources-plugin:2.6:resources[m [1m(default-resources)[m @ [36moak-pojosr[0;1m ---[m
[[1;34mINFO[m] Using 'UTF-8' encoding to copy filtered resources.
[[1;34mINFO[m] Copying 1 resource
[[1;34mINFO[m] Copying 3 resources
[[1;34mINFO[m] 
[[1;34mINFO[m] [1m--- [0;32mmaven-compiler-plugin:2.5.1:compile[m [1m(default-compile)[m @ [36moak-pojosr[0;1m ---[m
[[1;34mINFO[m] Compiling 7 source files to /home/user/Reproducibility-Scanner/benchmarks/bugs-dot-jar/jackrabbit-oak/oak-pojosr/target/classes
[[1;34mINFO[m] 
[[1;34mINFO[m] [1m--- [0;32mgmaven-plugin:1.4:generateTestStubs[m [1m(default)[m @ [36moak-pojosr[0;1m ---[m
[[1;34mINFO[m] Generated 17 Java stubs
[[1;34mINFO[m] 
[[1;34mINFO[m] [1m--- [0;32mmaven-resources-plugin:2.6:testResources[m [1m(default-testResources)[m @ [36moak-pojosr[0;1m ---[m
[[1;34mINFO[m] Using 'UTF-8' encoding to copy filtered resources.
[[1;34mINFO[m] Copying 14 resources
[[1;34mINFO[m] Copying 3 resources
[[1;34mINFO[m] 
[[1;34mINFO[m] [1m--- [0;32mmaven-compiler-plugin:2.5.1:testCompile[m [1m(default-testCompile)[m @ [36moak-pojosr[0;1m ---[m
[[1;34mINFO[m] Compiling 12 source files to /home/user/Reproducibility-Scanner/benchmarks/bugs-dot-jar/jackrabbit-oak/oak-pojosr/target/test-classes
[[1;34mINFO[m] 
[[1;34mINFO[m] [1m--- [0;32mgmaven-plugin:1.4:testCompile[m [1m(default)[m @ [36moak-pojosr[0;1m ---[m
[[1;34mINFO[m] Compiled 22 Groovy classes
[[1;34mINFO[m] 
[[1;34mINFO[m] [1m--- [0;32mmaven-surefire-plugin:2.12.4:test[m [1m(default-test)[m @ [36moak-pojosr[0;1m ---[m
[[1;34mINFO[m] Tests are skipped.
[[1;34mINFO[m] 
[[1;34mINFO[m] [1m--- [0;32mjacoco-maven-plugin:0.7.1.201405082137:report[m [1m(post-unit-test)[m @ [36moak-pojosr[0;1m ---[m
[[1;34mINFO[m] Skipping JaCoCo execution because property jacoco.skip is set.
[[1;34mINFO[m] 
[[1;34mINFO[m] [1m--- [0;32mmaven-jar-plugin:2.4:jar[m [1m(default-jar)[m @ [36moak-pojosr[0;1m ---[m
[[1;34mINFO[m] Building jar: /home/user/Reproducibility-Scanner/benchmarks/bugs-dot-jar/jackrabbit-oak/oak-pojosr/target/oak-pojosr-1.1-SNAPSHOT.jar
[[1;34mINFO[m] 
[[1;34mINFO[m] [1m--- [0;32mmaven-site-plugin:3.3:attach-descriptor[m [1m(attach-descriptor)[m @ [36moak-pojosr[0;1m ---[m
[[1;34mINFO[m] 
[[1;34mINFO[m] [1m--- [0;32mmaven-install-plugin:2.3.1:install[m [1m(default-install)[m @ [36moak-pojosr[0;1m ---[m
[[1;34mINFO[m] Installing /home/user/Reproducibility-Scanner/benchmarks/bugs-dot-jar/jackrabbit-oak/oak-pojosr/target/oak-pojosr-1.1-SNAPSHOT.jar to /home/user/.m2/repository/org/apache/jackrabbit/oak-pojosr/1.1-SNAPSHOT/oak-pojosr-1.1-SNAPSHOT.jar
[[1;34mINFO[m] Installing /home/user/Reproducibility-Scanner/benchmarks/bugs-dot-jar/jackrabbit-oak/oak-pojosr/pom.xml to /home/user/.m2/repository/org/apache/jackrabbit/oak-pojosr/1.1-SNAPSHOT/oak-pojosr-1.1-SNAPSHOT.pom
[[1;34mINFO[m] 
[[1;34mINFO[m] [1m--------------< [0;36morg.apache.jackrabbit:oak-tarmk-failover[0;1m >--------------[m
[[1;34mINFO[m] [1mBuilding Oak TarMK Failover 1.1-SNAPSHOT                         [21/23][m
[[1;34mINFO[m] [1m-------------------------------[ bundle ]-------------------------------[m
[[1;34mINFO[m] 
[[1;34mINFO[m] [1m--- [0;32mjacoco-maven-plugin:0.7.1.201405082137:prepare-agent[m [1m(pre-unit-test)[m @ [36moak-tarmk-failover[0;1m ---[m
[[1;34mINFO[m] Skipping JaCoCo execution because property jacoco.skip is set.
[[1;34mINFO[m] test.opts.coverage set to empty
[[1;34mINFO[m] 
[[1;34mINFO[m] [1m--- [0;32mmaven-remote-resources-plugin:1.4:process[m [1m(default)[m @ [36moak-tarmk-failover[0;1m ---[m
[[1;34mINFO[m] 
[[1;34mINFO[m] [1m--- [0;32mmaven-resources-plugin:2.6:resources[m [1m(default-resources)[m @ [36moak-tarmk-failover[0;1m ---[m
[[1;34mINFO[m] Using 'UTF-8' encoding to copy filtered resources.
[[1;34mINFO[m] skip non existing resourceDirectory /home/user/Reproducibility-Scanner/benchmarks/bugs-dot-jar/jackrabbit-oak/oak-tarmk-failover/src/main/resources
[[1;34mINFO[m] Copying 3 resources
[[1;34mINFO[m] 
[[1;34mINFO[m] [1m--- [0;32mmaven-compiler-plugin:2.5.1:compile[m [1m(default-compile)[m @ [36moak-tarmk-failover[0;1m ---[m
[[1;34mINFO[m] Compiling 16 source files to /home/user/Reproducibility-Scanner/benchmarks/bugs-dot-jar/jackrabbit-oak/oak-tarmk-failover/target/classes
[[1;34mINFO[m] -------------------------------------------------------------
[[1;31mERROR[m] COMPILATION ERROR : 
[[1;34mINFO[m] -------------------------------------------------------------
[[1;31mERROR[m] /home/user/Reproducibility-Scanner/benchmarks/bugs-dot-jar/jackrabbit-oak/oak-tarmk-failover/src/main/java/org/apache/jackrabbit/oak/plugins/segment/failover/server/FailoverServerHandler.java:[76,42] error: SegmentId(SegmentTracker,long,long) is not public in SegmentId; cannot be accessed from outside package
[[1;31mERROR[m] /home/user/Reproducibility-Scanner/benchmarks/bugs-dot-jar/jackrabbit-oak/oak-tarmk-failover/src/main/java/org/apache/jackrabbit/oak/plugins/segment/failover/codec/SegmentDecoder.java:[74,27] error: SegmentId(SegmentTracker,long,long) is not public in SegmentId; cannot be accessed from outside package
[[1;34mINFO[m] 2 errors 
[[1;34mINFO[m] -------------------------------------------------------------
[[1;34mINFO[m] 
[[1;34mINFO[m] [1m----------------< [0;36morg.apache.jackrabbit:jackrabbit-oak[0;1m >----------------[m
[[1;34mINFO[m] [1mBuilding Jackrabbit Oak 1.1-SNAPSHOT                             [22/23][m
[[1;34mINFO[m] [1m--------------------------------[ pom ]---------------------------------[m
[[1;34mINFO[m] 
[[1;34mINFO[m] [1m--- [0;32mjacoco-maven-plugin:0.7.1.201405082137:prepare-agent[m [1m(pre-unit-test)[m @ [36mjackrabbit-oak[0;1m ---[m
[[1;34mINFO[m] Skipping JaCoCo execution because property jacoco.skip is set.
[[1;34mINFO[m] test.opts.coverage set to empty
[[1;34mINFO[m] 
[[1;34mINFO[m] [1m--- [0;32mmaven-remote-resources-plugin:1.4:process[m [1m(default)[m @ [36mjackrabbit-oak[0;1m ---[m
[[1;34mINFO[m] 
[[1;34mINFO[m] [1m--- [0;32mjacoco-maven-plugin:0.7.1.201405082137:report[m [1m(post-unit-test)[m @ [36mjackrabbit-oak[0;1m ---[m
[[1;34mINFO[m] Skipping JaCoCo execution because property jacoco.skip is set.
[[1;34mINFO[m] 
[[1;34mINFO[m] [1m--- [0;32mmaven-site-plugin:3.3:attach-descriptor[m [1m(attach-descriptor)[m @ [36mjackrabbit-oak[0;1m ---[m
[[1;34mINFO[m] 
[[1;34mINFO[m] [1m--- [0;32mmaven-install-plugin:2.3.1:install[m [1m(default-install)[m @ [36mjackrabbit-oak[0;1m ---[m
[[1;34mINFO[m] Installing /home/user/Reproducibility-Scanner/benchmarks/bugs-dot-jar/jackrabbit-oak/pom.xml to /home/user/.m2/repository/org/apache/jackrabbit/jackrabbit-oak/1.1-SNAPSHOT/jackrabbit-oak-1.1-SNAPSHOT.pom
[[1;34mINFO[m] 
[[1;34mINFO[m] [1m------------< [0;36morg.apache.jackrabbit:oak-authorization-cug[0;1m >-------------[m
[[1;34mINFO[m] [1mBuilding Oak CUG 1.1-SNAPSHOT                                    [23/23][m
[[1;34mINFO[m] [1m-------------------------------[ bundle ]-------------------------------[m
[[1;34mINFO[m] 
[[1;34mINFO[m] [1m--- [0;32mjacoco-maven-plugin:0.7.1.201405082137:prepare-agent[m [1m(pre-unit-test)[m @ [36moak-authorization-cug[0;1m ---[m
[[1;34mINFO[m] Skipping JaCoCo execution because property jacoco.skip is set.
[[1;34mINFO[m] test.opts.coverage set to empty
[[1;34mINFO[m] 
[[1;34mINFO[m] [1m--- [0;32mmaven-remote-resources-plugin:1.4:process[m [1m(default)[m @ [36moak-authorization-cug[0;1m ---[m
[[1;34mINFO[m] 
[[1;34mINFO[m] [1m--- [0;32mmaven-resources-plugin:2.6:resources[m [1m(default-resources)[m @ [36moak-authorization-cug[0;1m ---[m
[[1;34mINFO[m] Using 'UTF-8' encoding to copy filtered resources.
[[1;34mINFO[m] Copying 1 resource
[[1;34mINFO[m] Copying 3 resources
[[1;34mINFO[m] 
[[1;34mINFO[m] [1m--- [0;32mmaven-compiler-plugin:2.5.1:compile[m [1m(default-compile)[m @ [36moak-authorization-cug[0;1m ---[m
[[1;34mINFO[m] Compiling 11 source files to /home/user/Reproducibility-Scanner/benchmarks/bugs-dot-jar/jackrabbit-oak/oak-authorization-cug/target/classes
[[1;34mINFO[m] -------------------------------------------------------------
[[1;31mERROR[m] COMPILATION ERROR : 
[[1;34mINFO[m] -------------------------------------------------------------
[[1;31mERROR[m] /home/user/Reproducibility-Scanner/benchmarks/bugs-dot-jar/jackrabbit-oak/oak-authorization-cug/src/main/java/org/apache/jackrabbit/oak/spi/security/authorization/cug/impl/CugPermissionProvider.java:[39,70] error: cannot find symbol
[[1;31mERROR[m]   symbol:   class AggregatedPermissionProvider
  location: package org.apache.jackrabbit.oak.spi.security.authorization.permission
/home/user/Reproducibility-Scanner/benchmarks/bugs-dot-jar/jackrabbit-oak/oak-authorization-cug/src/main/java/org/apache/jackrabbit/oak/spi/security/authorization/cug/impl/CugPermissionProvider.java:[40,70] error: cannot find symbol
[[1;31mERROR[m]   symbol:   class ControlFlag
  location: package org.apache.jackrabbit.oak.spi.security.authorization.permission
/home/user/Reproducibility-Scanner/benchmarks/bugs-dot-jar/jackrabbit-oak/oak-authorization-cug/src/main/java/org/apache/jackrabbit/oak/spi/security/authorization/cug/impl/CugPermissionProvider.java:[50,59] error: cannot find symbol
[[1;31mERROR[m]   symbol: class AggregatedPermissionProvider
/home/user/Reproducibility-Scanner/benchmarks/bugs-dot-jar/jackrabbit-oak/oak-authorization-cug/src/main/java/org/apache/jackrabbit/oak/spi/security/authorization/cug/impl/CugPermissionProvider.java:[69,18] error: cannot find symbol
[[1;31mERROR[m]   symbol:   class ControlFlag
  location: class CugPermissionProvider
/home/user/Reproducibility-Scanner/benchmarks/bugs-dot-jar/jackrabbit-oak/oak-authorization-cug/src/main/java/org/apache/jackrabbit/oak/spi/security/authorization/cug/impl/CugPermissionProvider.java:[80,35] error: cannot find symbol
[[1;31mERROR[m]   symbol:   class ControlFlag
  location: class CugPermissionProvider
/home/user/Reproducibility-Scanner/benchmarks/bugs-dot-jar/jackrabbit-oak/oak-authorization-cug/src/main/java/org/apache/jackrabbit/oak/spi/security/authorization/cug/impl/CugPermissionProvider.java:[103,11] error: cannot find symbol
[[1;31mERROR[m]   symbol:   class ControlFlag
  location: class CugPermissionProvider
/home/user/Reproducibility-Scanner/benchmarks/bugs-dot-jar/jackrabbit-oak/oak-authorization-cug/src/main/java/org/apache/jackrabbit/oak/spi/security/authorization/cug/impl/CugConfiguration.java:[52,55] error: cannot find symbol
[[1;31mERROR[m]   symbol:   class NodeTypeRegistry
  location: package org.apache.jackrabbit.oak.plugins.nodetype.write
/home/user/Reproducibility-Scanner/benchmarks/bugs-dot-jar/jackrabbit-oak/oak-authorization-cug/src/main/java/org/apache/jackrabbit/oak/spi/security/authorization/cug/impl/CugConfiguration.java:[65,70] error: cannot find symbol
[[1;31mERROR[m]   symbol:   class AggregatedPermissionProvider
  location: package org.apache.jackrabbit.oak.spi.security.authorization.permission
/home/user/Reproducibility-Scanner/benchmarks/bugs-dot-jar/jackrabbit-oak/oak-authorization-cug/src/main/java/org/apache/jackrabbit/oak/spi/security/authorization/cug/impl/CugConfiguration.java:[66,70] error: cannot find symbol
[[1;31mERROR[m]   symbol:   class ControlFlag
  location: package org.apache.jackrabbit.oak.spi.security.authorization.permission
/home/user/Reproducibility-Scanner/benchmarks/bugs-dot-jar/jackrabbit-oak/oak-authorization-cug/src/main/java/org/apache/jackrabbit/oak/spi/security/authorization/cug/impl/CugConfiguration.java:[67,70] error: cannot find symbol
[[1;31mERROR[m]   symbol:   class EmptyPermissionProvider
  location: package org.apache.jackrabbit.oak.spi.security.authorization.permission
/home/user/Reproducibility-Scanner/benchmarks/bugs-dot-jar/jackrabbit-oak/oak-authorization-cug/src/main/java/org/apache/jackrabbit/oak/spi/security/authorization/cug/CugExclude.java:[25,55] error: cannot find symbol
[[1;31mERROR[m]   symbol:   class SystemUserPrincipal
  location: package org.apache.jackrabbit.oak.spi.security.principal
/home/user/Reproducibility-Scanner/benchmarks/bugs-dot-jar/jackrabbit-oak/oak-authorization-cug/src/main/java/org/apache/jackrabbit/oak/spi/security/authorization/cug/impl/CugConfiguration.java:[90,47] error: cannot find symbol
[[1;31mERROR[m]   symbol:   variable PARAM_RANKING
  location: class CompositeConfiguration
/home/user/Reproducibility-Scanner/benchmarks/bugs-dot-jar/jackrabbit-oak/oak-authorization-cug/src/main/java/org/apache/jackrabbit/oak/spi/security/authorization/cug/impl/CugConfiguration.java:[94,25] error: cannot find symbol
[[1;31mERROR[m]   symbol: variable AggregatedPermissionProvider
/home/user/Reproducibility-Scanner/benchmarks/bugs-dot-jar/jackrabbit-oak/oak-authorization-cug/src/main/java/org/apache/jackrabbit/oak/spi/security/authorization/cug/impl/CugConfiguration.java:[98,47] error: cannot find symbol
[[1;31mERROR[m]   symbol: variable ControlFlag
/home/user/Reproducibility-Scanner/benchmarks/bugs-dot-jar/jackrabbit-oak/oak-authorization-cug/src/main/java/org/apache/jackrabbit/oak/spi/security/authorization/cug/impl/CugConfiguration.java:[98,84] error: cannot find symbol
[[1;31mERROR[m]   symbol: variable ControlFlag
/home/user/Reproducibility-Scanner/benchmarks/bugs-dot-jar/jackrabbit-oak/oak-authorization-cug/src/main/java/org/apache/jackrabbit/oak/spi/security/authorization/cug/impl/CugConfiguration.java:[99,47] error: cannot find symbol
[[1;31mERROR[m]   symbol: variable ControlFlag
/home/user/Reproducibility-Scanner/benchmarks/bugs-dot-jar/jackrabbit-oak/oak-authorization-cug/src/main/java/org/apache/jackrabbit/oak/spi/security/authorization/cug/impl/CugConfiguration.java:[99,83] error: cannot find symbol
[[1;31mERROR[m]   symbol: variable ControlFlag
/home/user/Reproducibility-Scanner/benchmarks/bugs-dot-jar/jackrabbit-oak/oak-authorization-cug/src/main/java/org/apache/jackrabbit/oak/spi/security/authorization/cug/impl/CugConfiguration.java:[101,24] error: cannot find symbol
[[1;31mERROR[m]   symbol: variable ControlFlag
/home/user/Reproducibility-Scanner/benchmarks/bugs-dot-jar/jackrabbit-oak/oak-authorization-cug/src/main/java/org/apache/jackrabbit/oak/spi/security/authorization/cug/impl/CugPermissionProvider.java:[83,42] error: cannot find symbol
[[1;31mERROR[m]   symbol:   method getInstance(Root)
  location: class ImmutableRoot
/home/user/Reproducibility-Scanner/benchmarks/bugs-dot-jar/jackrabbit-oak/oak-authorization-cug/src/main/java/org/apache/jackrabbit/oak/spi/security/authorization/cug/impl/CugPermissionProvider.java:[119,4] error: method does not override or implement a method from a supertype
[[1;31mERROR[m] /home/user/Reproducibility-Scanner/benchmarks/bugs-dot-jar/jackrabbit-oak/oak-authorization-cug/src/main/java/org/apache/jackrabbit/oak/spi/security/authorization/cug/impl/CugPermissionProvider.java:[134,37] error: cannot find symbol
[[1;31mERROR[m]   symbol:   method getInstance(Root)
  location: class ImmutableRoot
/home/user/Reproducibility-Scanner/benchmarks/bugs-dot-jar/jackrabbit-oak/oak-authorization-cug/src/main/java/org/apache/jackrabbit/oak/spi/security/authorization/cug/impl/CugConfiguration.java:[140,19] error: cannot find symbol
[[1;31mERROR[m]   symbol:   variable EmptyPermissionProvider
  location: class CugConfiguration
/home/user/Reproducibility-Scanner/benchmarks/bugs-dot-jar/jackrabbit-oak/oak-authorization-cug/src/main/java/org/apache/jackrabbit/oak/spi/security/authorization/cug/impl/CugConfiguration.java:[142,12] error: cannot find symbol
[[1;31mERROR[m]   symbol:   class ControlFlag
  location: class CugConfiguration
/home/user/Reproducibility-Scanner/benchmarks/bugs-dot-jar/jackrabbit-oak/oak-authorization-cug/src/main/java/org/apache/jackrabbit/oak/spi/security/authorization/cug/impl/CugConfiguration.java:[142,73] error: cannot find symbol
[[1;31mERROR[m]   symbol:   variable AggregatedPermissionProvider
  location: class CugConfiguration
/home/user/Reproducibility-Scanner/benchmarks/bugs-dot-jar/jackrabbit-oak/oak-authorization-cug/src/main/java/org/apache/jackrabbit/oak/spi/security/authorization/cug/impl/CugConfiguration.java:[142,122] error: cannot find symbol
[[1;31mERROR[m]   symbol:   variable ControlFlag
  location: class CugConfiguration
/home/user/Reproducibility-Scanner/benchmarks/bugs-dot-jar/jackrabbit-oak/oak-authorization-cug/src/main/java/org/apache/jackrabbit/oak/spi/security/authorization/cug/impl/CugConfiguration.java:[142,31] error: cannot find symbol
[[1;31mERROR[m]   symbol:   variable ControlFlag
  location: class CugConfiguration
/home/user/Reproducibility-Scanner/benchmarks/bugs-dot-jar/jackrabbit-oak/oak-authorization-cug/src/main/java/org/apache/jackrabbit/oak/spi/security/authorization/cug/impl/CugConfiguration.java:[231,20] error: cannot find symbol
[[1;31mERROR[m]   symbol:   variable NodeTypeRegistry
  location: class CugConfiguration
/home/user/Reproducibility-Scanner/benchmarks/bugs-dot-jar/jackrabbit-oak/oak-authorization-cug/src/main/java/org/apache/jackrabbit/oak/spi/security/authorization/cug/CugExclude.java:[47,64] error: cannot find symbol
[[1;34mINFO[m] 28 errors 
[[1;34mINFO[m] -------------------------------------------------------------
[[1;34mINFO[m] [1m------------------------------------------------------------------------[m
[[1;34mINFO[m] [1mReactor Summary for Jackrabbit Oak 1.1-SNAPSHOT:[m
[[1;34mINFO[m] 
[[1;34mINFO[m] Oak Parent POM ..................................... [1;32mSUCCESS[m [  1.032 s]
[[1;34mINFO[m] Oak MicroKernel API ................................ [1;32mSUCCESS[m [  3.074 s]
[[1;34mINFO[m] Oak Commons ........................................ [1;32mSUCCESS[m [  1.488 s]
[[1;34mINFO[m] Oak Blob Store ..................................... [1;32mSUCCESS[m [  1.050 s]
[[1;34mINFO[m] Oak MicroKernel .................................... [1;32mSUCCESS[m [  1.213 s]
[[1;34mINFO[m] Oak MicroKernel Remoting ........................... [1;32mSUCCESS[m [  0.564 s]
[[1;34mINFO[m] Oak Core ........................................... [1;31mFAILURE[m [  9.843 s]
[[1;34mINFO[m] Oak JCR Binding .................................... [1;31mFAILURE[m [ 10.331 s]
[[1;34mINFO[m] Oak upgrade ........................................ [1;32mSUCCESS[m [  1.748 s]
[[1;34mINFO[m] Oak HTTP Binding ................................... [1;32mSUCCESS[m [  0.675 s]
[[1;34mINFO[m] Oak Lucene ......................................... [1;32mSUCCESS[m [  5.489 s]
[[1;34mINFO[m] Oak Solr core ...................................... [1;32mSUCCESS[m [  2.343 s]
[[1;34mINFO[m] Oak Solr OSGi ...................................... [1;32mSUCCESS[m [ 11.057 s]
[[1;34mINFO[m] Oak External Authentication Support ................ [1;32mSUCCESS[m [  0.899 s]
[[1;34mINFO[m] Oak LDAP Authentication Support .................... [1;32mSUCCESS[m [  1.585 s]
[[1;34mINFO[m] Oak Runnable Jar ................................... [1;31mFAILURE[m [  1.562 s]
[[1;34mINFO[m] Oak Integration Tests for MicroKernel implementations [1;32mSUCCESS[m [  0.250 s]
[[1;34mINFO[m] Oak Integration Tests for OSGi deployments ......... [1;32mSUCCESS[m [  1.319 s]
[[1;34mINFO[m] Oak Integration Tests .............................. [1;32mSUCCESS[m [  0.021 s]
[[1;34mINFO[m] Oak PojoSR ......................................... [1;32mSUCCESS[m [  1.268 s]
[[1;34mINFO[m] Oak TarMK Failover ................................. [1;31mFAILURE[m [  0.105 s]
[[1;34mINFO[m] Jackrabbit Oak ..................................... [1;32mSUCCESS[m [  0.011 s]
[[1;34mINFO[m] Oak CUG ............................................ [1;31mFAILURE[m [  0.103 s]
[[1;34mINFO[m] [1m------------------------------------------------------------------------[m
[[1;34mINFO[m] [1;31mBUILD FAILURE[m
[[1;34mINFO[m] [1m------------------------------------------------------------------------[m
[[1;34mINFO[m] Total time:  57.684 s
[[1;34mINFO[m] Finished at: 2022-07-30T01:27:44-07:00
[[1;34mINFO[m] [1m------------------------------------------------------------------------[m
[[1;31mERROR[m] Failed to execute goal [32morg.apache.maven.plugins:maven-compiler-plugin:2.5.1:compile[m [1m(default-compile)[m on project [36moak-core[m: [1;31mCompilation failure[m
[[1;31mERROR[m] [1;31m/home/user/Reproducibility-Scanner/benchmarks/bugs-dot-jar/jackrabbit-oak/oak-core/src/main/java/org/apache/jackrabbit/oak/plugins/blob/datastore/DataStoreWrapperBackend.java:[42,7] error: DataStoreWrapperBackend is not abstract and does not override abstract method touchAsync(DataIdentifier,long,AsyncTouchCallback) in Backend[m
[[1;31mERROR[m] [1;31m[m
[[1;31mERROR[m] -> [1m[Help 1][m
[[1;31mERROR[m] Failed to execute goal [32morg.apache.maven.plugins:maven-compiler-plugin:2.5.1:compile[m [1m(default-compile)[m on project [36moak-jcr[m: [1;31mCompilation failure[m: Compilation failure: 
[[1;31mERROR[m] /home/user/Reproducibility-Scanner/benchmarks/bugs-dot-jar/jackrabbit-oak/oak-jcr/src/main/java/org/apache/jackrabbit/oak/jcr/observation/ObservationManagerImpl.java:[60,59] error: cannot find symbol
[[1;31mERROR[m]   symbol:   class PermissionProviderFactory
[[1;31mERROR[m]   location: package org.apache.jackrabbit.oak.plugins.observation.filter
[[1;31mERROR[m] /home/user/Reproducibility-Scanner/benchmarks/bugs-dot-jar/jackrabbit-oak/oak-jcr/src/main/java/org/apache/jackrabbit/oak/jcr/observation/ObservationManagerImpl.java:[93,18] error: cannot find symbol
[[1;31mERROR[m]   symbol:   class PermissionProviderFactory
[[1;31mERROR[m]   location: class ObservationManagerImpl
[[1;31mERROR[m] /home/user/Reproducibility-Scanner/benchmarks/bugs-dot-jar/jackrabbit-oak/oak-jcr/src/main/java/org/apache/jackrabbit/oak/jcr/observation/ChangeProcessor.java:[24,0] error: cannot find symbol
[[1;31mERROR[m]   symbol:   static VISIBLE_FILTER
[[1;31mERROR[m]   location: class
[[1;31mERROR[m] /home/user/Reproducibility-Scanner/benchmarks/bugs-dot-jar/jackrabbit-oak/oak-jcr/src/main/java/org/apache/jackrabbit/oak/jcr/observation/EventQueue.java:[54,25] error: constructor EventGenerator in class EventGenerator cannot be applied to given types;
[[1;31mERROR[m]   required: NodeState,NodeState,EventHandler
[[1;31mERROR[m]   found: no arguments
[[1;31mERROR[m]   reason: actual and formal argument lists differ in length
[[1;31mERROR[m] /home/user/Reproducibility-Scanner/benchmarks/bugs-dot-jar/jackrabbit-oak/oak-jcr/src/main/java/org/apache/jackrabbit/oak/jcr/observation/EventQueue.java:[73,17] error: cannot find symbol
[[1;31mERROR[m]   symbol:   method addHandler(NodeState,NodeState,EventHandler)
[[1;31mERROR[m]   location: variable generator of type EventGenerator
[[1;31mERROR[m] /home/user/Reproducibility-Scanner/benchmarks/bugs-dot-jar/jackrabbit-oak/oak-jcr/src/main/java/org/apache/jackrabbit/oak/jcr/observation/ObservationManagerImpl.java:[117,45] error: cannot find symbol
[[1;31mERROR[m]   symbol:   class PermissionProviderFactory
[[1;31mERROR[m]   location: class ObservationManagerImpl
[[1;31mERROR[m] /home/user/Reproducibility-Scanner/benchmarks/bugs-dot-jar/jackrabbit-oak/oak-jcr/src/main/java/org/apache/jackrabbit/oak/jcr/observation/ObservationManagerImpl.java:[236,25] error: cannot find symbol
[[1;31mERROR[m]   symbol:   method addSubTree(String)
[[1;31mERROR[m]   location: variable filterBuilder of type FilterBuilder
[[1;31mERROR[m] /home/user/Reproducibility-Scanner/benchmarks/bugs-dot-jar/jackrabbit-oak/oak-jcr/src/main/java/org/apache/jackrabbit/oak/jcr/observation/ObservationManagerImpl.java:[246,33] error: method all in class FilterBuilder cannot be applied to given types;
[[1;31mERROR[m]   found: List<Condition>
[[1;31mERROR[m]   reason: varargs mismatch; List<Condition> cannot be converted to Condition
[[1;31mERROR[m] /home/user/Reproducibility-Scanner/benchmarks/bugs-dot-jar/jackrabbit-oak/oak-jcr/src/main/java/org/apache/jackrabbit/oak/jcr/observation/ObservationManagerImpl.java:[247,33] error: method any in class FilterBuilder cannot be applied to given types;
[[1;31mERROR[m]   found: List<Condition>
[[1;31mERROR[m]   reason: varargs mismatch; List<Condition> cannot be converted to Condition
[[1;31mERROR[m] /home/user/Reproducibility-Scanner/benchmarks/bugs-dot-jar/jackrabbit-oak/oak-jcr/src/main/java/org/apache/jackrabbit/oak/jcr/observation/ObservationManagerImpl.java:[285,40] error: cannot find symbol
[[1;31mERROR[m]   symbol:   method not(Condition)
[[1;31mERROR[m]   location: variable filterBuilder of type FilterBuilder
[[1;31mERROR[m] /home/user/Reproducibility-Scanner/benchmarks/bugs-dot-jar/jackrabbit-oak/oak-jcr/src/main/java/org/apache/jackrabbit/oak/jcr/observation/ChangeProcessor.java:[267,36] error: cannot find symbol
[[1;31mERROR[m]   symbol:   method getSubTrees()
[[1;31mERROR[m]   location: variable provider of type FilterProvider
[[1;31mERROR[m] /home/user/Reproducibility-Scanner/benchmarks/bugs-dot-jar/jackrabbit-oak/oak-jcr/src/main/java/org/apache/jackrabbit/oak/jcr/observation/ChangeProcessor.java:[267,72] error: cannot find symbol
[[1;31mERROR[m] -> [1m[Help 1][m
[[1;31mERROR[m] Failed to execute goal [32morg.apache.maven.plugins:maven-compiler-plugin:2.5.1:compile[m [1m(default-compile)[m on project [36moak-run[m: [1;31mCompilation failure[m: Compilation failure: 
[[1;31mERROR[m] /home/user/Reproducibility-Scanner/benchmarks/bugs-dot-jar/jackrabbit-oak/oak-run/src/main/java/org/apache/jackrabbit/oak/explorer/NodeStoreTree.java:[55,48] error: SegmentPropertyState is not public in org.apache.jackrabbit.oak.plugins.segment; cannot be accessed from outside package
[[1;31mERROR[m] /home/user/Reproducibility-Scanner/benchmarks/bugs-dot-jar/jackrabbit-oak/oak-run/src/main/java/org/apache/jackrabbit/oak/explorer/NodeStoreTree.java:[79,21] error: cannot find symbol
[[1;31mERROR[m]   symbol:   method getTarReaderIndex()
[[1;31mERROR[m]   location: variable store of type FileStore
[[1;31mERROR[m] /home/user/Reproducibility-Scanner/benchmarks/bugs-dot-jar/jackrabbit-oak/oak-run/src/main/java/org/apache/jackrabbit/oak/explorer/NodeStoreTree.java:[99,21] error: cannot find symbol
[[1;31mERROR[m]   symbol:   method getTarReaderIndex()
[[1;31mERROR[m]   location: variable store of type FileStore
[[1;31mERROR[m] /home/user/Reproducibility-Scanner/benchmarks/bugs-dot-jar/jackrabbit-oak/oak-run/src/main/java/org/apache/jackrabbit/oak/explorer/NodeStoreTree.java:[190,34] error: cannot find symbol
[[1;31mERROR[m]   symbol:   class SegmentPropertyState
[[1;31mERROR[m]   location: class NodeStoreTree
[[1;31mERROR[m] /home/user/Reproducibility-Scanner/benchmarks/bugs-dot-jar/jackrabbit-oak/oak-run/src/main/java/org/apache/jackrabbit/oak/explorer/NodeStoreTree.java:[191,37] error: cannot find symbol
[[1;31mERROR[m]   symbol:   class SegmentPropertyState
[[1;31mERROR[m]   location: class NodeStoreTree
[[1;31mERROR[m] /home/user/Reproducibility-Scanner/benchmarks/bugs-dot-jar/jackrabbit-oak/oak-run/src/main/java/org/apache/jackrabbit/oak/explorer/NodeStoreTree.java:[230,20] error: cannot find symbol
[[1;31mERROR[m]   symbol:   method getTarReaderIndex()
[[1;31mERROR[m]   location: variable store of type FileStore
[[1;31mERROR[m] /home/user/Reproducibility-Scanner/benchmarks/bugs-dot-jar/jackrabbit-oak/oak-run/src/main/java/org/apache/jackrabbit/oak/explorer/NodeStoreTree.java:[285,47] error: cannot find symbol
[[1;31mERROR[m]   symbol:   method getTarReaderIndex()
[[1;31mERROR[m]   location: variable store of type FileStore
[[1;31mERROR[m] /home/user/Reproducibility-Scanner/benchmarks/bugs-dot-jar/jackrabbit-oak/oak-run/src/main/java/org/apache/jackrabbit/oak/explorer/NodeStoreTree.java:[306,30] error: cannot find symbol
[[1;31mERROR[m]   symbol:   class SegmentPropertyState
[[1;31mERROR[m]   location: class NodeStoreTree
[[1;31mERROR[m] /home/user/Reproducibility-Scanner/benchmarks/bugs-dot-jar/jackrabbit-oak/oak-run/src/main/java/org/apache/jackrabbit/oak/explorer/NodeStoreTree.java:[307,16] error: cannot find symbol
[[1;31mERROR[m]   symbol:   class SegmentPropertyState
[[1;31mERROR[m]   location: class NodeStoreTree
[[1;31mERROR[m] /home/user/Reproducibility-Scanner/benchmarks/bugs-dot-jar/jackrabbit-oak/oak-run/src/main/java/org/apache/jackrabbit/oak/explorer/NodeStoreTree.java:[307,44] error: cannot find symbol
[[1;31mERROR[m]   symbol:   class SegmentPropertyState
[[1;31mERROR[m]   location: class NodeStoreTree
[[1;31mERROR[m] /home/user/Reproducibility-Scanner/benchmarks/bugs-dot-jar/jackrabbit-oak/oak-run/src/main/java/org/apache/jackrabbit/oak/explorer/NodeStoreTree.java:[399,13] error: cannot find symbol
[[1;31mERROR[m]   symbol:   method compact()
[[1;31mERROR[m]   location: variable store of type FileStore
[[1;31mERROR[m] /home/user/Reproducibility-Scanner/benchmarks/bugs-dot-jar/jackrabbit-oak/oak-run/src/main/java/org/apache/jackrabbit/oak/explorer/NodeStoreTree.java:[414,56] error: cannot find symbol
[[1;31mERROR[m]   symbol:   method getTarReaderIndex()
[[1;31mERROR[m]   location: variable store of type FileStore
[[1;31mERROR[m] /home/user/Reproducibility-Scanner/benchmarks/bugs-dot-jar/jackrabbit-oak/oak-run/src/main/java/org/apache/jackrabbit/oak/run/Main.java:[313,21] error: cannot find symbol
[[1;31mERROR[m]   symbol:   method compact()
[[1;31mERROR[m]   location: variable store of type FileStore
[[1;31mERROR[m] /home/user/Reproducibility-Scanner/benchmarks/bugs-dot-jar/jackrabbit-oak/oak-run/src/main/java/org/apache/jackrabbit/oak/run/Main.java:[321,21] error: cannot find symbol
[[1;31mERROR[m] -> [1m[Help 1][m
[[1;31mERROR[m] Failed to execute goal [32morg.apache.maven.plugins:maven-compiler-plugin:2.5.1:compile[m [1m(default-compile)[m on project [36moak-tarmk-failover[m: [1;31mCompilation failure[m: Compilation failure: 
[[1;31mERROR[m] /home/user/Reproducibility-Scanner/benchmarks/bugs-dot-jar/jackrabbit-oak/oak-tarmk-failover/src/main/java/org/apache/jackrabbit/oak/plugins/segment/failover/server/FailoverServerHandler.java:[76,42] error: SegmentId(SegmentTracker,long,long) is not public in SegmentId; cannot be accessed from outside package
[[1;31mERROR[m] /home/user/Reproducibility-Scanner/benchmarks/bugs-dot-jar/jackrabbit-oak/oak-tarmk-failover/src/main/java/org/apache/jackrabbit/oak/plugins/segment/failover/codec/SegmentDecoder.java:[74,27] error: SegmentId(SegmentTracker,long,long) is not public in SegmentId; cannot be accessed from outside package
[[1;31mERROR[m] -> [1m[Help 1][m
[[1;31mERROR[m] Failed to execute goal [32morg.apache.maven.plugins:maven-compiler-plugin:2.5.1:compile[m [1m(default-compile)[m on project [36moak-authorization-cug[m: [1;31mCompilation failure[m: Compilation failure: 
[[1;31mERROR[m] /home/user/Reproducibility-Scanner/benchmarks/bugs-dot-jar/jackrabbit-oak/oak-authorization-cug/src/main/java/org/apache/jackrabbit/oak/spi/security/authorization/cug/impl/CugPermissionProvider.java:[39,70] error: cannot find symbol
[[1;31mERROR[m]   symbol:   class AggregatedPermissionProvider
[[1;31mERROR[m]   location: package org.apache.jackrabbit.oak.spi.security.authorization.permission
[[1;31mERROR[m] /home/user/Reproducibility-Scanner/benchmarks/bugs-dot-jar/jackrabbit-oak/oak-authorization-cug/src/main/java/org/apache/jackrabbit/oak/spi/security/authorization/cug/impl/CugPermissionProvider.java:[40,70] error: cannot find symbol
[[1;31mERROR[m]   symbol:   class ControlFlag
[[1;31mERROR[m]   location: package org.apache.jackrabbit.oak.spi.security.authorization.permission
[[1;31mERROR[m] /home/user/Reproducibility-Scanner/benchmarks/bugs-dot-jar/jackrabbit-oak/oak-authorization-cug/src/main/java/org/apache/jackrabbit/oak/spi/security/authorization/cug/impl/CugPermissionProvider.java:[50,59] error: cannot find symbol
[[1;31mERROR[m]   symbol: class AggregatedPermissionProvider
[[1;31mERROR[m] /home/user/Reproducibility-Scanner/benchmarks/bugs-dot-jar/jackrabbit-oak/oak-authorization-cug/src/main/java/org/apache/jackrabbit/oak/spi/security/authorization/cug/impl/CugPermissionProvider.java:[69,18] error: cannot find symbol
[[1;31mERROR[m]   symbol:   class ControlFlag
[[1;31mERROR[m]   location: class CugPermissionProvider
[[1;31mERROR[m] /home/user/Reproducibility-Scanner/benchmarks/bugs-dot-jar/jackrabbit-oak/oak-authorization-cug/src/main/java/org/apache/jackrabbit/oak/spi/security/authorization/cug/impl/CugPermissionProvider.java:[80,35] error: cannot find symbol
[[1;31mERROR[m]   symbol:   class ControlFlag
[[1;31mERROR[m]   location: class CugPermissionProvider
[[1;31mERROR[m] /home/user/Reproducibility-Scanner/benchmarks/bugs-dot-jar/jackrabbit-oak/oak-authorization-cug/src/main/java/org/apache/jackrabbit/oak/spi/security/authorization/cug/impl/CugPermissionProvider.java:[103,11] error: cannot find symbol
[[1;31mERROR[m]   symbol:   class ControlFlag
[[1;31mERROR[m]   location: class CugPermissionProvider
[[1;31mERROR[m] /home/user/Reproducibility-Scanner/benchmarks/bugs-dot-jar/jackrabbit-oak/oak-authorization-cug/src/main/java/org/apache/jackrabbit/oak/spi/security/authorization/cug/impl/CugConfiguration.java:[52,55] error: cannot find symbol
[[1;31mERROR[m]   symbol:   class NodeTypeRegistry
[[1;31mERROR[m]   location: package org.apache.jackrabbit.oak.plugins.nodetype.write
[[1;31mERROR[m] /home/user/Reproducibility-Scanner/benchmarks/bugs-dot-jar/jackrabbit-oak/oak-authorization-cug/src/main/java/org/apache/jackrabbit/oak/spi/security/authorization/cug/impl/CugConfiguration.java:[65,70] error: cannot find symbol
[[1;31mERROR[m]   symbol:   class AggregatedPermissionProvider
[[1;31mERROR[m]   location: package org.apache.jackrabbit.oak.spi.security.authorization.permission
[[1;31mERROR[m] /home/user/Reproducibility-Scanner/benchmarks/bugs-dot-jar/jackrabbit-oak/oak-authorization-cug/src/main/java/org/apache/jackrabbit/oak/spi/security/authorization/cug/impl/CugConfiguration.java:[66,70] error: cannot find symbol
[[1;31mERROR[m]   symbol:   class ControlFlag
[[1;31mERROR[m]   location: package org.apache.jackrabbit.oak.spi.security.authorization.permission
[[1;31mERROR[m] /home/user/Reproducibility-Scanner/benchmarks/bugs-dot-jar/jackrabbit-oak/oak-authorization-cug/src/main/java/org/apache/jackrabbit/oak/spi/security/authorization/cug/impl/CugConfiguration.java:[67,70] error: cannot find symbol
[[1;31mERROR[m]   symbol:   class EmptyPermissionProvider
[[1;31mERROR[m]   location: package org.apache.jackrabbit.oak.spi.security.authorization.permission
[[1;31mERROR[m] /home/user/Reproducibility-Scanner/benchmarks/bugs-dot-jar/jackrabbit-oak/oak-authorization-cug/src/main/java/org/apache/jackrabbit/oak/spi/security/authorization/cug/CugExclude.java:[25,55] error: cannot find symbol
[[1;31mERROR[m]   symbol:   class SystemUserPrincipal
[[1;31mERROR[m]   location: package org.apache.jackrabbit.oak.spi.security.principal
[[1;31mERROR[m] /home/user/Reproducibility-Scanner/benchmarks/bugs-dot-jar/jackrabbit-oak/oak-authorization-cug/src/main/java/org/apache/jackrabbit/oak/spi/security/authorization/cug/impl/CugConfiguration.java:[90,47] error: cannot find symbol
[[1;31mERROR[m]   symbol:   variable PARAM_RANKING
[[1;31mERROR[m]   location: class CompositeConfiguration
[[1;31mERROR[m] /home/user/Reproducibility-Scanner/benchmarks/bugs-dot-jar/jackrabbit-oak/oak-authorization-cug/src/main/java/org/apache/jackrabbit/oak/spi/security/authorization/cug/impl/CugConfiguration.java:[94,25] error: cannot find symbol
[[1;31mERROR[m]   symbol: variable AggregatedPermissionProvider
[[1;31mERROR[m] /home/user/Reproducibility-Scanner/benchmarks/bugs-dot-jar/jackrabbit-oak/oak-authorization-cug/src/main/java/org/apache/jackrabbit/oak/spi/security/authorization/cug/impl/CugConfiguration.java:[98,47] error: cannot find symbol
[[1;31mERROR[m]   symbol: variable ControlFlag
[[1;31mERROR[m] /home/user/Reproducibility-Scanner/benchmarks/bugs-dot-jar/jackrabbit-oak/oak-authorization-cug/src/main/java/org/apache/jackrabbit/oak/spi/security/authorization/cug/impl/CugConfiguration.java:[98,84] error: cannot find symbol
[[1;31mERROR[m]   symbol: variable ControlFlag
[[1;31mERROR[m] /home/user/Reproducibility-Scanner/benchmarks/bugs-dot-jar/jackrabbit-oak/oak-authorization-cug/src/main/java/org/apache/jackrabbit/oak/spi/security/authorization/cug/impl/CugConfiguration.java:[99,47] error: cannot find symbol
[[1;31mERROR[m]   symbol: variable ControlFlag
[[1;31mERROR[m] /home/user/Reproducibility-Scanner/benchmarks/bugs-dot-jar/jackrabbit-oak/oak-authorization-cug/src/main/java/org/apache/jackrabbit/oak/spi/security/authorization/cug/impl/CugConfiguration.java:[99,83] error: cannot find symbol
[[1;31mERROR[m]   symbol: variable ControlFlag
[[1;31mERROR[m] /home/user/Reproducibility-Scanner/benchmarks/bugs-dot-jar/jackrabbit-oak/oak-authorization-cug/src/main/java/org/apache/jackrabbit/oak/spi/security/authorization/cug/impl/CugConfiguration.java:[101,24] error: cannot find symbol
[[1;31mERROR[m]   symbol: variable ControlFlag
[[1;31mERROR[m] /home/user/Reproducibility-Scanner/benchmarks/bugs-dot-jar/jackrabbit-oak/oak-authorization-cug/src/main/java/org/apache/jackrabbit/oak/spi/security/authorization/cug/impl/CugPermissionProvider.java:[83,42] error: cannot find symbol
[[1;31mERROR[m]   symbol:   method getInstance(Root)
[[1;31mERROR[m]   location: class ImmutableRoot
[[1;31mERROR[m] /home/user/Reproducibility-Scanner/benchmarks/bugs-dot-jar/jackrabbit-oak/oak-authorization-cug/src/main/java/org/apache/jackrabbit/oak/spi/security/authorization/cug/impl/CugPermissionProvider.java:[119,4] error: method does not override or implement a method from a supertype
[[1;31mERROR[m] /home/user/Reproducibility-Scanner/benchmarks/bugs-dot-jar/jackrabbit-oak/oak-authorization-cug/src/main/java/org/apache/jackrabbit/oak/spi/security/authorization/cug/impl/CugPermissionProvider.java:[134,37] error: cannot find symbol
[[1;31mERROR[m]   symbol:   method getInstance(Root)
[[1;31mERROR[m]   location: class ImmutableRoot
[[1;31mERROR[m] /home/user/Reproducibility-Scanner/benchmarks/bugs-dot-jar/jackrabbit-oak/oak-authorization-cug/src/main/java/org/apache/jackrabbit/oak/spi/security/authorization/cug/impl/CugConfiguration.java:[140,19] error: cannot find symbol
[[1;31mERROR[m]   symbol:   variable EmptyPermissionProvider
[[1;31mERROR[m]   location: class CugConfiguration
[[1;31mERROR[m] /home/user/Reproducibility-Scanner/benchmarks/bugs-dot-jar/jackrabbit-oak/oak-authorization-cug/src/main/java/org/apache/jackrabbit/oak/spi/security/authorization/cug/impl/CugConfiguration.java:[142,12] error: cannot find symbol
[[1;31mERROR[m]   symbol:   class ControlFlag
[[1;31mERROR[m]   location: class CugConfiguration
[[1;31mERROR[m] /home/user/Reproducibility-Scanner/benchmarks/bugs-dot-jar/jackrabbit-oak/oak-authorization-cug/src/main/java/org/apache/jackrabbit/oak/spi/security/authorization/cug/impl/CugConfiguration.java:[142,73] error: cannot find symbol
[[1;31mERROR[m]   symbol:   variable AggregatedPermissionProvider
[[1;31mERROR[m]   location: class CugConfiguration
[[1;31mERROR[m] /home/user/Reproducibility-Scanner/benchmarks/bugs-dot-jar/jackrabbit-oak/oak-authorization-cug/src/main/java/org/apache/jackrabbit/oak/spi/security/authorization/cug/impl/CugConfiguration.java:[142,122] error: cannot find symbol
[[1;31mERROR[m]   symbol:   variable ControlFlag
[[1;31mERROR[m]   location: class CugConfiguration
[[1;31mERROR[m] /home/user/Reproducibility-Scanner/benchmarks/bugs-dot-jar/jackrabbit-oak/oak-authorization-cug/src/main/java/org/apache/jackrabbit/oak/spi/security/authorization/cug/impl/CugConfiguration.java:[142,31] error: cannot find symbol
[[1;31mERROR[m]   symbol:   variable ControlFlag
[[1;31mERROR[m]   location: class CugConfiguration
[[1;31mERROR[m] /home/user/Reproducibility-Scanner/benchmarks/bugs-dot-jar/jackrabbit-oak/oak-authorization-cug/src/main/java/org/apache/jackrabbit/oak/spi/security/authorization/cug/impl/CugConfiguration.java:[231,20] error: cannot find symbol
[[1;31mERROR[m]   symbol:   variable NodeTypeRegistry
[[1;31mERROR[m]   location: class CugConfiguration
[[1;31mERROR[m] /home/user/Reproducibility-Scanner/benchmarks/bugs-dot-jar/jackrabbit-oak/oak-authorization-cug/src/main/java/org/apache/jackrabbit/oak/spi/security/authorization/cug/CugExclude.java:[47,64] error: cannot find symbol
[[1;31mERROR[m] -> [1m[Help 1][m
[[1;31mERROR[m] 
[[1;31mERROR[m] To see the full stack trace of the errors, re-run Maven with the [1m-e[m switch.
[[1;31mERROR[m] Re-run Maven using the [1m-X[m switch to enable full debug logging.
[[1;31mERROR[m] 
[[1;31mERROR[m] For more information about the errors and possible solutions, please read the following articles:
[[1;31mERROR[m] [1m[Help 1][m http://cwiki.apache.org/confluence/display/MAVEN/MojoFailureException
[[1;31mERROR[m] 
[[1;31mERROR[m] After correcting the problems, you can resume the build with the command
[[1;31mERROR[m]   [1mmvn <args> -rf :oak-core[m
[[1;34mINFO[m] Build failures were ignored.
[[1;34mINFO[m] Scanning for projects...
[[1;34mINFO[m] 
[[1;34mINFO[m] [1m-----------------< [0;36morg.apache.jackrabbit:oak-upgrade[0;1m >------------------[m
[[1;34mINFO[m] [1mBuilding Oak upgrade 1.1-SNAPSHOT[m
[[1;34mINFO[m] [1m--------------------------------[ jar ]---------------------------------[m
[[1;34mINFO[m] 
[[1;34mINFO[m] [1m--- [0;32mjacoco-maven-plugin:0.7.1.201405082137:prepare-agent[m [1m(pre-unit-test)[m @ [36moak-upgrade[0;1m ---[m
[[1;34mINFO[m] Skipping JaCoCo execution because property jacoco.skip is set.
[[1;34mINFO[m] test.opts.coverage set to empty
[[1;34mINFO[m] 
[[1;34mINFO[m] [1m--- [0;32mmaven-remote-resources-plugin:1.4:process[m [1m(default)[m @ [36moak-upgrade[0;1m ---[m
[[1;34mINFO[m] 
[[1;34mINFO[m] [1m--- [0;32mmaven-resources-plugin:2.6:resources[m [1m(default-resources)[m @ [36moak-upgrade[0;1m ---[m
[[1;34mINFO[m] Using 'UTF-8' encoding to copy filtered resources.
[[1;34mINFO[m] skip non existing resourceDirectory /home/user/Reproducibility-Scanner/benchmarks/bugs-dot-jar/jackrabbit-oak/oak-upgrade/src/main/resources
[[1;34mINFO[m] Copying 3 resources
[[1;34mINFO[m] 
[[1;34mINFO[m] [1m--- [0;32mmaven-compiler-plugin:2.5.1:compile[m [1m(default-compile)[m @ [36moak-upgrade[0;1m ---[m
[[1;34mINFO[m] Nothing to compile - all classes are up to date
[[1;34mINFO[m] 
[[1;34mINFO[m] [1m--- [0;32mmaven-resources-plugin:2.6:testResources[m [1m(default-testResources)[m @ [36moak-upgrade[0;1m ---[m
[[1;34mINFO[m] Using 'UTF-8' encoding to copy filtered resources.
[[1;34mINFO[m] Copying 3 resources
[[1;34mINFO[m] Copying 3 resources
[[1;34mINFO[m] 
[[1;34mINFO[m] [1m--- [0;32mmaven-compiler-plugin:2.5.1:testCompile[m [1m(default-testCompile)[m @ [36moak-upgrade[0;1m ---[m
[[1;34mINFO[m] Nothing to compile - all classes are up to date
[[1;34mINFO[m] 
[[1;34mINFO[m] [1m--- [0;32mmaven-surefire-plugin:2.12.4:test[m [1m(default-test)[m @ [36moak-upgrade[0;1m ---[m
[[1;34mINFO[m] Surefire report directory: /home/user/Reproducibility-Scanner/benchmarks/bugs-dot-jar/jackrabbit-oak/oak-upgrade/target/surefire-reports

-------------------------------------------------------
 T E S T S
-------------------------------------------------------
Running org.apache.jackrabbit.oak.upgrade.RepositoryUpgradeTest
Tests run: 9, Failures: 1, Errors: 0, Skipped: 0, Time elapsed: 7.441 sec <<< FAILURE!
verifyPrivileges(org.apache.jackrabbit.oak.upgrade.RepositoryUpgradeTest)  Time elapsed: 0.021 sec  <<< FAILURE!
junit.framework.AssertionFailedError: Miss match in aggregate privilege rep:write expected [jcr:write, jcr:modifyProperties, rep:addProperties, rep:alterProperties, rep:removeProperties, jcr:addChildNodes, jcr:removeChildNodes, jcr:removeNode, jcr:nodeTypeManagement] actual [jcr:removeChildNodes, jcr:removeNode, jcr:write, jcr:addChildNodes, jcr:modifyProperties, jcr:nodeTypeManagement]
	at junit.framework.Assert.fail(Assert.java:50)
	at junit.framework.Assert.assertTrue(Assert.java:20)
	at org.apache.jackrabbit.oak.upgrade.RepositoryUpgradeTest.verifyPrivileges(RepositoryUpgradeTest.java:249)
	at sun.reflect.NativeMethodAccessorImpl.invoke0(Native Method)
	at sun.reflect.NativeMethodAccessorImpl.invoke(NativeMethodAccessorImpl.java:62)
	at sun.reflect.DelegatingMethodAccessorImpl.invoke(DelegatingMethodAccessorImpl.java:43)
	at java.lang.reflect.Method.invoke(Method.java:498)
	at org.junit.runners.model.FrameworkMethod$1.runReflectiveCall(FrameworkMethod.java:45)
	at org.junit.internal.runners.model.ReflectiveCallable.run(ReflectiveCallable.java:15)
	at org.junit.runners.model.FrameworkMethod.invokeExplosively(FrameworkMethod.java:42)
	at org.junit.internal.runners.statements.InvokeMethod.evaluate(InvokeMethod.java:20)
	at org.junit.internal.runners.statements.RunBefores.evaluate(RunBefores.java:28)
	at org.junit.runners.ParentRunner.runLeaf(ParentRunner.java:263)
	at org.junit.runners.BlockJUnit4ClassRunner.runChild(BlockJUnit4ClassRunner.java:68)
	at org.junit.runners.BlockJUnit4ClassRunner.runChild(BlockJUnit4ClassRunner.java:47)
	at org.junit.runners.ParentRunner$3.run(ParentRunner.java:231)
	at org.junit.runners.ParentRunner$1.schedule(ParentRunner.java:60)
	at org.junit.runners.ParentRunner.runChildren(ParentRunner.java:229)
	at org.junit.runners.ParentRunner.access$000(ParentRunner.java:50)
	at org.junit.runners.ParentRunner$2.evaluate(ParentRunner.java:222)
	at org.junit.internal.runners.statements.RunBefores.evaluate(RunBefores.java:28)
	at org.junit.runners.ParentRunner.run(ParentRunner.java:300)
	at org.apache.maven.surefire.junit4.JUnit4Provider.execute(JUnit4Provider.java:252)
	at org.apache.maven.surefire.junit4.JUnit4Provider.executeTestSet(JUnit4Provider.java:141)
	at org.apache.maven.surefire.junit4.JUnit4Provider.invoke(JUnit4Provider.java:112)
	at sun.reflect.NativeMethodAccessorImpl.invoke0(Native Method)
	at sun.reflect.NativeMethodAccessorImpl.invoke(NativeMethodAccessorImpl.java:62)
	at sun.reflect.DelegatingMethodAccessorImpl.invoke(DelegatingMethodAccessorImpl.java:43)
	at java.lang.reflect.Method.invoke(Method.java:498)
	at org.apache.maven.surefire.util.ReflectionUtils.invokeMethodWithArray(ReflectionUtils.java:189)
	at org.apache.maven.surefire.booter.ProviderFactory$ProviderProxy.invoke(ProviderFactory.java:165)
	at org.apache.maven.surefire.booter.ProviderFactory.invokeProvider(ProviderFactory.java:85)
	at org.apache.maven.surefire.booter.ForkedBooter.runSuitesInProcess(ForkedBooter.java:115)
	at org.apache.maven.surefire.booter.ForkedBooter.main(ForkedBooter.java:75)

Running org.apache.jackrabbit.oak.upgrade.RepositoryGroupMemberUpgradeTest
Tests run: 3, Failures: 0, Errors: 0, Skipped: 0, Time elapsed: 2.307 sec
Running org.apache.jackrabbit.oak.upgrade.RepositoryGroupMemberSplitUpgradeTest
Tests run: 3, Failures: 0, Errors: 0, Skipped: 0, Time elapsed: 2.558 sec
Running org.apache.jackrabbit.oak.upgrade.TickerTest
Tests run: 2, Failures: 0, Errors: 0, Skipped: 0, Time elapsed: 0.037 sec

Results :

Failed tests:   verifyPrivileges(org.apache.jackrabbit.oak.upgrade.RepositoryUpgradeTest): Miss match in aggregate privilege rep:write expected [jcr:write, jcr:modifyProperties, rep:addProperties, rep:alterProperties, rep:removeProperties, jcr:addChildNodes, jcr:removeChildNodes, jcr:removeNode, jcr:nodeTypeManagement] actual [jcr:removeChildNodes, jcr:removeNode, jcr:write, jcr:addChildNodes, jcr:modifyProperties, jcr:nodeTypeManagement]

Tests run: 17, Failures: 1, Errors: 0, Skipped: 0

[[1;34mINFO[m] [1m------------------------------------------------------------------------[m
[[1;34mINFO[m] [1;31mBUILD FAILURE[m
[[1;34mINFO[m] [1m------------------------------------------------------------------------[m
[[1;34mINFO[m] Total time:  14.602 s
[[1;34mINFO[m] Finished at: 2022-07-30T01:28:00-07:00
[[1;34mINFO[m] [1m------------------------------------------------------------------------[m
[[1;31mERROR[m] Failed to execute goal [32morg.apache.maven.plugins:maven-surefire-plugin:2.12.4:test[m [1m(default-test)[m on project [36moak-upgrade[m: [1;31mThere are test failures.[m
[[1;31mERROR[m] [1;31m[m
[[1;31mERROR[m] [1;31mPlease refer to /home/user/Reproducibility-Scanner/benchmarks/bugs-dot-jar/jackrabbit-oak/oak-upgrade/target/surefire-reports for the individual test results.[m
[[1;31mERROR[m] -> [1m[Help 1][m
[[1;31mERROR[m] 
[[1;31mERROR[m] To see the full stack trace of the errors, re-run Maven with the [1m-e[m switch.
[[1;31mERROR[m] Re-run Maven using the [1m-X[m switch to enable full debug logging.
[[1;31mERROR[m] 
[[1;31mERROR[m] For more information about the errors and possible solutions, please read the following articles:
[[1;31mERROR[m] [1m[Help 1][m http://cwiki.apache.org/confluence/display/MAVEN/MojoFailureException