Checking out 22acd595 to /tmp/test_d4j_3115293_1660801989/test_trigger/jack OK
Init local repository...................................................... OK
Tag post-fix revision...................................................... OK
Copy generated Ant build file.............................................. OK
Run post-checkout hook..................................................... OK
Excluding broken/flaky tests............................................... OK
Initialize fixed program version........................................... OK
Apply patch................................................................ OK
Initialize buggy program version........................................... OK
Diff 22acd595:2ef7c25e..................................................... OK
Apply patch................................................................ OK
Tag pre-fix revision....................................................... OK
Check out program version: jackson_modules_java8_datetime-1b............... OK
Running ant (compile)...................................................... FAIL
Executed command:  cd /tmp/test_d4j_3115293_1660801989/test_trigger/jackson_modules_java8_datetime && /On-the-Reproducibility/section-2/reproducibility-scanner/benchmarks/growingbugs/major/bin/ant -f /On-the-Reproducibility/section-2/reproducibility-scanner/benchmarks/growingbugs/framework/projects/defects4j.build.xml -Dd4j.home=/On-the-Reproducibility/section-2/reproducibility-scanner/benchmarks/growingbugs -Dd4j.dir.projects=/On-the-Reproducibility/section-2/reproducibility-scanner/benchmarks/growingbugs/framework/projects -Dbasedir=/tmp/test_d4j_3115293_1660801989/test_trigger/jackson_modules_java8_datetime -Dbuild.compiler=javac1.8  compile 2>&1
OpenJDK 64-Bit Server VM warning: ignoring option MaxPermSize=1G; support was removed in 8.0
Buildfile: /On-the-Reproducibility/section-2/reproducibility-scanner/benchmarks/growingbugs/framework/projects/defects4j.build.xml

test-offline:

get-deps:

compile:
    [mkdir] Created dir: /tmp/test_d4j_3115293_1660801989/test_trigger/jackson_modules_java8_datetime/target/classes
    [javac] /tmp/test_d4j_3115293_1660801989/test_trigger/jackson_modules_java8_datetime/maven-build.xml:81: warning: 'includeantruntime' was not set, defaulting to build.sysclasspath=last; set to false for repeatable builds

BUILD FAILED
/tmp/test_d4j_3115293_1660801989/test_trigger/jackson_modules_java8_datetime/maven-build.xml:81: srcdir "/tmp/test_d4j_3115293_1660801989/test_trigger/jackson_modules_java8_datetime/src/main/java" does not exist!

Total time: 0 seconds
Cannot compile sources! at /On-the-Reproducibility/section-2/reproducibility-scanner/benchmarks/growingbugs/framework/bin/d4j/d4j-compile line 82.
Compilation failed in require at /On-the-Reproducibility/section-2/reproducibility-scanner/benchmarks/growingbugs/framework/bin/defects4j line 195.
Error: compile: jackson_modules_java8_datetime-1b
Running ant (compile.tests)................................................ FAIL
Executed command:  cd /tmp/test_d4j_3115293_1660801989/test_trigger/jackson_modules_java8_datetime && /On-the-Reproducibility/section-2/reproducibility-scanner/benchmarks/growingbugs/major/bin/ant -f /On-the-Reproducibility/section-2/reproducibility-scanner/benchmarks/growingbugs/framework/projects/defects4j.build.xml -Dd4j.home=/On-the-Reproducibility/section-2/reproducibility-scanner/benchmarks/growingbugs -Dd4j.dir.projects=/On-the-Reproducibility/section-2/reproducibility-scanner/benchmarks/growingbugs/framework/projects -Dbasedir=/tmp/test_d4j_3115293_1660801989/test_trigger/jackson_modules_java8_datetime -Dbuild.compiler=javac1.8  compile.tests 2>&1
OpenJDK 64-Bit Server VM warning: ignoring option MaxPermSize=1G; support was removed in 8.0
Buildfile: /On-the-Reproducibility/section-2/reproducibility-scanner/benchmarks/growingbugs/framework/projects/defects4j.build.xml

test-offline:

get-deps:

compile:
    [javac] /tmp/test_d4j_3115293_1660801989/test_trigger/jackson_modules_java8_datetime/maven-build.xml:81: warning: 'includeantruntime' was not set, defaulting to build.sysclasspath=last; set to false for repeatable builds

BUILD FAILED
/tmp/test_d4j_3115293_1660801989/test_trigger/jackson_modules_java8_datetime/maven-build.xml:81: srcdir "/tmp/test_d4j_3115293_1660801989/test_trigger/jackson_modules_java8_datetime/src/main/java" does not exist!

Total time: 0 seconds
Cannot compile test suite! at /On-the-Reproducibility/section-2/reproducibility-scanner/benchmarks/growingbugs/framework/bin/d4j/d4j-test line 130.
Compilation failed in require at /On-the-Reproducibility/section-2/reproducibility-scanner/benchmarks/growingbugs/framework/bin/defects4j line 195.
Error: run relevant tests: jackson_modules_java8_datetime-1b
cat: /tmp/test_d4j_3115293_1660801989/test_trigger/jackson_modules_java8_datetime/failing_tests: No such file or directory
grep: /tmp/test_d4j_3115293_1660801989/test_trigger/jackson_modules_java8_datetime/failing_tests: No such file or directory
Error: verify number of triggering tests: jackson_modules_java8_datetime-1b (expected: 3, actual: 0)
grep: /tmp/test_d4j_3115293_1660801989/test_trigger/jackson_modules_java8_datetime/failing_tests: No such file or directory
Error: expected triggering test com.fasterxml.jackson.datatype.jsr310.deser.LocalDateDeserTest::testStrictCustomFormat did not fail
grep: /tmp/test_d4j_3115293_1660801989/test_trigger/jackson_modules_java8_datetime/failing_tests: No such file or directory
Error: expected triggering test com.fasterxml.jackson.datatype.jsr310.deser.LocalDateTimeDeserTest::testStrictCustomFormatInvalidDate did not fail
grep: /tmp/test_d4j_3115293_1660801989/test_trigger/jackson_modules_java8_datetime/failing_tests: No such file or directory
Error: expected triggering test com.fasterxml.jackson.datatype.jsr310.failing.LocalDateDeserTest::testStrictCustomFormat did not fail
Check out program version: jackson_modules_java8_datetime-1f............... OK
Running ant (compile)...................................................... FAIL
Executed command:  cd /tmp/test_d4j_3115293_1660801989/test_trigger/jackson_modules_java8_datetime && /On-the-Reproducibility/section-2/reproducibility-scanner/benchmarks/growingbugs/major/bin/ant -f /On-the-Reproducibility/section-2/reproducibility-scanner/benchmarks/growingbugs/framework/projects/defects4j.build.xml -Dd4j.home=/On-the-Reproducibility/section-2/reproducibility-scanner/benchmarks/growingbugs -Dd4j.dir.projects=/On-the-Reproducibility/section-2/reproducibility-scanner/benchmarks/growingbugs/framework/projects -Dbasedir=/tmp/test_d4j_3115293_1660801989/test_trigger/jackson_modules_java8_datetime -Dbuild.compiler=javac1.8  compile 2>&1
OpenJDK 64-Bit Server VM warning: ignoring option MaxPermSize=1G; support was removed in 8.0
Buildfile: /On-the-Reproducibility/section-2/reproducibility-scanner/benchmarks/growingbugs/framework/projects/defects4j.build.xml

test-offline:

get-deps:

compile:
    [mkdir] Created dir: /tmp/test_d4j_3115293_1660801989/test_trigger/jackson_modules_java8_datetime/target/classes
    [javac] /tmp/test_d4j_3115293_1660801989/test_trigger/jackson_modules_java8_datetime/maven-build.xml:81: warning: 'includeantruntime' was not set, defaulting to build.sysclasspath=last; set to false for repeatable builds

BUILD FAILED
/tmp/test_d4j_3115293_1660801989/test_trigger/jackson_modules_java8_datetime/maven-build.xml:81: srcdir "/tmp/test_d4j_3115293_1660801989/test_trigger/jackson_modules_java8_datetime/src/main/java" does not exist!

Total time: 0 seconds
Cannot compile sources! at /On-the-Reproducibility/section-2/reproducibility-scanner/benchmarks/growingbugs/framework/bin/d4j/d4j-compile line 82.
Compilation failed in require at /On-the-Reproducibility/section-2/reproducibility-scanner/benchmarks/growingbugs/framework/bin/defects4j line 195.
Error: compile: jackson_modules_java8_datetime-1f
Running ant (compile.tests)................................................ FAIL
Executed command:  cd /tmp/test_d4j_3115293_1660801989/test_trigger/jackson_modules_java8_datetime && /On-the-Reproducibility/section-2/reproducibility-scanner/benchmarks/growingbugs/major/bin/ant -f /On-the-Reproducibility/section-2/reproducibility-scanner/benchmarks/growingbugs/framework/projects/defects4j.build.xml -Dd4j.home=/On-the-Reproducibility/section-2/reproducibility-scanner/benchmarks/growingbugs -Dd4j.dir.projects=/On-the-Reproducibility/section-2/reproducibility-scanner/benchmarks/growingbugs/framework/projects -Dbasedir=/tmp/test_d4j_3115293_1660801989/test_trigger/jackson_modules_java8_datetime -Dbuild.compiler=javac1.8  compile.tests 2>&1
OpenJDK 64-Bit Server VM warning: ignoring option MaxPermSize=1G; support was removed in 8.0
Buildfile: /On-the-Reproducibility/section-2/reproducibility-scanner/benchmarks/growingbugs/framework/projects/defects4j.build.xml

test-offline:

get-deps:

compile:
    [javac] /tmp/test_d4j_3115293_1660801989/test_trigger/jackson_modules_java8_datetime/maven-build.xml:81: warning: 'includeantruntime' was not set, defaulting to build.sysclasspath=last; set to false for repeatable builds

BUILD FAILED
/tmp/test_d4j_3115293_1660801989/test_trigger/jackson_modules_java8_datetime/maven-build.xml:81: srcdir "/tmp/test_d4j_3115293_1660801989/test_trigger/jackson_modules_java8_datetime/src/main/java" does not exist!

Total time: 0 seconds
Cannot compile test suite! at /On-the-Reproducibility/section-2/reproducibility-scanner/benchmarks/growingbugs/framework/bin/d4j/d4j-test line 130.
Compilation failed in require at /On-the-Reproducibility/section-2/reproducibility-scanner/benchmarks/growingbugs/framework/bin/defects4j line 195.
Error: run relevant tests: jackson_modules_java8_datetime-1f
cat: /tmp/test_d4j_3115293_1660801989/test_trigger/jackson_modules_java8_datetime/failing_tests: No such file or directory
grep: /tmp/test_d4j_3115293_1660801989/test_trigger/jackson_modules_java8_datetime/failing_tests: No such file or directory
================================================================================
The following errors occurred:
Error: compile: jackson_modules_java8_datetime-1b
Error: run relevant tests: jackson_modules_java8_datetime-1b
Error: verify number of triggering tests: jackson_modules_java8_datetime-1b (expected: 3, actual: 0)
Error: expected triggering test com.fasterxml.jackson.datatype.jsr310.deser.LocalDateDeserTest::testStrictCustomFormat did not fail
Error: expected triggering test com.fasterxml.jackson.datatype.jsr310.deser.LocalDateTimeDeserTest::testStrictCustomFormatInvalidDate did not fail
Error: expected triggering test com.fasterxml.jackson.datatype.jsr310.failing.LocalDateDeserTest::testStrictCustomFormat did not fail
Error: compile: jackson_modules_java8_datetime-1f
Error: run relevant tests: jackson_modules_java8_datetime-1f
================================================================================
FAILED
