Checking out b95d74f1 to /tmp/test_d4j_3110625_1660801916/test_trigger/Meta OK
Init local repository...................................................... OK
Tag post-fix revision...................................................... OK
Copy generated Ant build file.............................................. OK
Run post-checkout hook..................................................... OK
Excluding broken/flaky tests............................................... OK
Initialize fixed program version........................................... OK
Apply patch................................................................ OK
Initialize buggy program version........................................... OK
Diff b95d74f1:d17a10dd..................................................... OK
Apply patch................................................................ OK
Tag pre-fix revision....................................................... OK
Check out program version: MetaModel_core-5b............................... OK
Running ant (compile)...................................................... FAIL
Executed command:  cd /tmp/test_d4j_3110625_1660801916/test_trigger/MetaModel_core && /On-the-Reproducibility/section-2/reproducibility-scanner/benchmarks/growingbugs/major/bin/ant -f /On-the-Reproducibility/section-2/reproducibility-scanner/benchmarks/growingbugs/framework/projects/defects4j.build.xml -Dd4j.home=/On-the-Reproducibility/section-2/reproducibility-scanner/benchmarks/growingbugs -Dd4j.dir.projects=/On-the-Reproducibility/section-2/reproducibility-scanner/benchmarks/growingbugs/framework/projects -Dbasedir=/tmp/test_d4j_3110625_1660801916/test_trigger/MetaModel_core -Dbuild.compiler=javac1.8  compile 2>&1
OpenJDK 64-Bit Server VM warning: ignoring option MaxPermSize=1G; support was removed in 8.0
Buildfile: /On-the-Reproducibility/section-2/reproducibility-scanner/benchmarks/growingbugs/framework/projects/defects4j.build.xml

test-offline:

get-deps:

compile:
    [mkdir] Created dir: /tmp/test_d4j_3110625_1660801916/test_trigger/MetaModel_core/target/classes
    [javac] /tmp/test_d4j_3110625_1660801916/test_trigger/MetaModel_core/maven-build.xml:82: warning: 'includeantruntime' was not set, defaulting to build.sysclasspath=last; set to false for repeatable builds

BUILD FAILED
/tmp/test_d4j_3110625_1660801916/test_trigger/MetaModel_core/maven-build.xml:82: srcdir "/tmp/test_d4j_3110625_1660801916/test_trigger/MetaModel_core/src/main/java" does not exist!

Total time: 0 seconds
Cannot compile sources! at /On-the-Reproducibility/section-2/reproducibility-scanner/benchmarks/growingbugs/framework/bin/d4j/d4j-compile line 82.
Compilation failed in require at /On-the-Reproducibility/section-2/reproducibility-scanner/benchmarks/growingbugs/framework/bin/defects4j line 195.
Error: compile: MetaModel_core-5b
Running ant (compile.tests)................................................ FAIL
Executed command:  cd /tmp/test_d4j_3110625_1660801916/test_trigger/MetaModel_core && /On-the-Reproducibility/section-2/reproducibility-scanner/benchmarks/growingbugs/major/bin/ant -f /On-the-Reproducibility/section-2/reproducibility-scanner/benchmarks/growingbugs/framework/projects/defects4j.build.xml -Dd4j.home=/On-the-Reproducibility/section-2/reproducibility-scanner/benchmarks/growingbugs -Dd4j.dir.projects=/On-the-Reproducibility/section-2/reproducibility-scanner/benchmarks/growingbugs/framework/projects -Dbasedir=/tmp/test_d4j_3110625_1660801916/test_trigger/MetaModel_core -Dbuild.compiler=javac1.8  compile.tests 2>&1
OpenJDK 64-Bit Server VM warning: ignoring option MaxPermSize=1G; support was removed in 8.0
Buildfile: /On-the-Reproducibility/section-2/reproducibility-scanner/benchmarks/growingbugs/framework/projects/defects4j.build.xml

test-offline:

get-deps:

compile:
    [javac] /tmp/test_d4j_3110625_1660801916/test_trigger/MetaModel_core/maven-build.xml:82: warning: 'includeantruntime' was not set, defaulting to build.sysclasspath=last; set to false for repeatable builds

BUILD FAILED
/tmp/test_d4j_3110625_1660801916/test_trigger/MetaModel_core/maven-build.xml:82: srcdir "/tmp/test_d4j_3110625_1660801916/test_trigger/MetaModel_core/src/main/java" does not exist!

Total time: 0 seconds
Cannot compile test suite! at /On-the-Reproducibility/section-2/reproducibility-scanner/benchmarks/growingbugs/framework/bin/d4j/d4j-test line 130.
Compilation failed in require at /On-the-Reproducibility/section-2/reproducibility-scanner/benchmarks/growingbugs/framework/bin/defects4j line 195.
Error: run relevant tests: MetaModel_core-5b
cat: /tmp/test_d4j_3110625_1660801916/test_trigger/MetaModel_core/failing_tests: No such file or directory
grep: /tmp/test_d4j_3110625_1660801916/test_trigger/MetaModel_core/failing_tests: No such file or directory
Error: verify number of triggering tests: MetaModel_core-5b (expected: 1, actual: 0)
grep: /tmp/test_d4j_3110625_1660801916/test_trigger/MetaModel_core/failing_tests: No such file or directory
Error: expected triggering test org.apache.metamodel.QueryPostprocessDataContextTest::testQueryMaxRows0 did not fail
Check out program version: MetaModel_core-5f............................... OK
Running ant (compile)...................................................... FAIL
Executed command:  cd /tmp/test_d4j_3110625_1660801916/test_trigger/MetaModel_core && /On-the-Reproducibility/section-2/reproducibility-scanner/benchmarks/growingbugs/major/bin/ant -f /On-the-Reproducibility/section-2/reproducibility-scanner/benchmarks/growingbugs/framework/projects/defects4j.build.xml -Dd4j.home=/On-the-Reproducibility/section-2/reproducibility-scanner/benchmarks/growingbugs -Dd4j.dir.projects=/On-the-Reproducibility/section-2/reproducibility-scanner/benchmarks/growingbugs/framework/projects -Dbasedir=/tmp/test_d4j_3110625_1660801916/test_trigger/MetaModel_core -Dbuild.compiler=javac1.8  compile 2>&1
OpenJDK 64-Bit Server VM warning: ignoring option MaxPermSize=1G; support was removed in 8.0
Buildfile: /On-the-Reproducibility/section-2/reproducibility-scanner/benchmarks/growingbugs/framework/projects/defects4j.build.xml

test-offline:

get-deps:

compile:
    [mkdir] Created dir: /tmp/test_d4j_3110625_1660801916/test_trigger/MetaModel_core/target/classes
    [javac] /tmp/test_d4j_3110625_1660801916/test_trigger/MetaModel_core/maven-build.xml:82: warning: 'includeantruntime' was not set, defaulting to build.sysclasspath=last; set to false for repeatable builds

BUILD FAILED
/tmp/test_d4j_3110625_1660801916/test_trigger/MetaModel_core/maven-build.xml:82: srcdir "/tmp/test_d4j_3110625_1660801916/test_trigger/MetaModel_core/src/main/java" does not exist!

Total time: 0 seconds
Cannot compile sources! at /On-the-Reproducibility/section-2/reproducibility-scanner/benchmarks/growingbugs/framework/bin/d4j/d4j-compile line 82.
Compilation failed in require at /On-the-Reproducibility/section-2/reproducibility-scanner/benchmarks/growingbugs/framework/bin/defects4j line 195.
Error: compile: MetaModel_core-5f
Running ant (compile.tests)................................................ FAIL
Executed command:  cd /tmp/test_d4j_3110625_1660801916/test_trigger/MetaModel_core && /On-the-Reproducibility/section-2/reproducibility-scanner/benchmarks/growingbugs/major/bin/ant -f /On-the-Reproducibility/section-2/reproducibility-scanner/benchmarks/growingbugs/framework/projects/defects4j.build.xml -Dd4j.home=/On-the-Reproducibility/section-2/reproducibility-scanner/benchmarks/growingbugs -Dd4j.dir.projects=/On-the-Reproducibility/section-2/reproducibility-scanner/benchmarks/growingbugs/framework/projects -Dbasedir=/tmp/test_d4j_3110625_1660801916/test_trigger/MetaModel_core -Dbuild.compiler=javac1.8  compile.tests 2>&1
OpenJDK 64-Bit Server VM warning: ignoring option MaxPermSize=1G; support was removed in 8.0
Buildfile: /On-the-Reproducibility/section-2/reproducibility-scanner/benchmarks/growingbugs/framework/projects/defects4j.build.xml

test-offline:

get-deps:

compile:
    [javac] /tmp/test_d4j_3110625_1660801916/test_trigger/MetaModel_core/maven-build.xml:82: warning: 'includeantruntime' was not set, defaulting to build.sysclasspath=last; set to false for repeatable builds

BUILD FAILED
/tmp/test_d4j_3110625_1660801916/test_trigger/MetaModel_core/maven-build.xml:82: srcdir "/tmp/test_d4j_3110625_1660801916/test_trigger/MetaModel_core/src/main/java" does not exist!

Total time: 0 seconds
Cannot compile test suite! at /On-the-Reproducibility/section-2/reproducibility-scanner/benchmarks/growingbugs/framework/bin/d4j/d4j-test line 130.
Compilation failed in require at /On-the-Reproducibility/section-2/reproducibility-scanner/benchmarks/growingbugs/framework/bin/defects4j line 195.
Error: run relevant tests: MetaModel_core-5f
cat: /tmp/test_d4j_3110625_1660801916/test_trigger/MetaModel_core/failing_tests: No such file or directory
grep: /tmp/test_d4j_3110625_1660801916/test_trigger/MetaModel_core/failing_tests: No such file or directory
================================================================================
The following errors occurred:
Error: compile: MetaModel_core-5b
Error: run relevant tests: MetaModel_core-5b
Error: verify number of triggering tests: MetaModel_core-5b (expected: 1, actual: 0)
Error: expected triggering test org.apache.metamodel.QueryPostprocessDataContextTest::testQueryMaxRows0 did not fail
Error: compile: MetaModel_core-5f
Error: run relevant tests: MetaModel_core-5f
================================================================================
FAILED
