Apache Maven 3.6.3
Maven home: /usr/share/maven
Java version: 1.8.0_312, vendor: Private Build, runtime: /usr/lib/jvm/java-8-openjdk-amd64/jre
Default locale: en_US, platform encoding: UTF-8
OS name: "linux", version: "5.15.0-41-generic", arch: "amd64", family: "unix"
[INFO] Scanning for projects...
[INFO] Inspecting build with total of 1 modules...
[INFO] Installing Nexus Staging features:
[INFO]   ... total of 1 executions of maven-deploy-plugin replaced with nexus-staging-maven-plugin
[INFO] 
[INFO] -------------------< com.shapesecurity.shift:es2017 >-------------------
[INFO] Building Shift AST 1.5.1-SNAPSHOT
[INFO] --------------------------------[ jar ]---------------------------------
[INFO] 
[INFO] --- jacoco-maven-plugin:0.7.2.201409121644:prepare-agent (pre-unit-test) @ es2017 ---
[INFO] JACOCO_AGENT_OPT set to -javaagent:/home/user/.m2/repository/org/jacoco/org.jacoco.agent/0.7.2.201409121644/org.jacoco.agent-0.7.2.201409121644-runtime.jar=destfile=/home/user/Workspace/reproducibility/Reproducibility-Scanner/reproducer/workspace/Bears-239/target/jacoco.exec
[INFO] 
[INFO] --- build-helper-maven-plugin:1.7:add-source (add-source) @ es2017 ---
[INFO] Source directory: /home/user/Workspace/reproducibility/Reproducibility-Scanner/reproducer/workspace/Bears-239/generated-sources/main/java added.
[INFO] 
[INFO] --- maven-resources-plugin:2.6:resources (default-resources) @ es2017 ---
[INFO] Using 'UTF-8' encoding to copy filtered resources.
[INFO] skip non existing resourceDirectory /home/user/Workspace/reproducibility/Reproducibility-Scanner/reproducer/workspace/Bears-239/src/main/resources
[INFO] 
[INFO] --- maven-compiler-plugin:2.3.2:compile (default-compile) @ es2017 ---
[INFO] Compiling 24 source files to /home/user/Workspace/reproducibility/Reproducibility-Scanner/reproducer/workspace/Bears-239/target/classes
[INFO] 
[INFO] --- maven-resources-plugin:2.6:testResources (default-testResources) @ es2017 ---
[INFO] Using 'UTF-8' encoding to copy filtered resources.
[INFO] Copying 24 resources
[INFO] 
[INFO] --- maven-compiler-plugin:2.3.2:testCompile (default-testCompile) @ es2017 ---
[INFO] Compiling 12 source files to /home/user/Workspace/reproducibility/Reproducibility-Scanner/reproducer/workspace/Bears-239/target/test-classes
[INFO] 
[INFO] --- maven-surefire-plugin:2.17:test (default-test) @ es2017 ---
[INFO] Surefire report directory: /home/user/Workspace/reproducibility/Reproducibility-Scanner/reproducer/workspace/Bears-239/target/surefire-reports

-------------------------------------------------------
 T E S T S
-------------------------------------------------------
Running com.shapesecurity.shift.es2017.test262.parser.PassTest
Tests run: 1, Failures: 0, Errors: 1, Skipped: 0, Time elapsed: 0.053 sec <<< FAILURE! - in com.shapesecurity.shift.es2017.test262.parser.PassTest
initializationError(com.shapesecurity.shift.es2017.test262.parser.PassTest)  Time elapsed: 0.011 sec  <<< ERROR!
java.lang.NullPointerException: null
	at java.util.Arrays.stream(Arrays.java:5004)
	at com.shapesecurity.shift.es2017.test262.parser.PassTest.data(PassTest.java:178)

Running com.shapesecurity.shift.es2017.test262.parser.FailTest
Tests run: 1, Failures: 0, Errors: 1, Skipped: 0, Time elapsed: 0 sec <<< FAILURE! - in com.shapesecurity.shift.es2017.test262.parser.FailTest
initializationError(com.shapesecurity.shift.es2017.test262.parser.FailTest)  Time elapsed: 0 sec  <<< ERROR!
java.lang.NullPointerException: null
	at java.util.Arrays.stream(Arrays.java:5004)
	at com.shapesecurity.shift.es2017.test262.parser.FailTest.data(FailTest.java:46)

Running com.shapesecurity.shift.es2017.test262.parser.EarlyTest
Tests run: 1, Failures: 0, Errors: 1, Skipped: 0, Time elapsed: 0 sec <<< FAILURE! - in com.shapesecurity.shift.es2017.test262.parser.EarlyTest
initializationError(com.shapesecurity.shift.es2017.test262.parser.EarlyTest)  Time elapsed: 0 sec  <<< ERROR!
java.lang.NullPointerException: null
	at java.util.Arrays.stream(Arrays.java:5004)
	at com.shapesecurity.shift.es2017.test262.parser.EarlyTest.data(EarlyTest.java:117)

Running com.shapesecurity.shift.es2017.test262.Test262
Tests run: 1, Failures: 0, Errors: 1, Skipped: 0, Time elapsed: 0.06 sec <<< FAILURE! - in com.shapesecurity.shift.es2017.test262.Test262
testTest262(com.shapesecurity.shift.es2017.test262.Test262)  Time elapsed: 0.004 sec  <<< ERROR!
java.nio.file.NoSuchFileException: src/test/resources/test262/test
	at sun.nio.fs.UnixException.translateToIOException(UnixException.java:86)
	at sun.nio.fs.UnixException.rethrowAsIOException(UnixException.java:102)
	at sun.nio.fs.UnixException.rethrowAsIOException(UnixException.java:107)
	at sun.nio.fs.UnixFileAttributeViews$Basic.readAttributes(UnixFileAttributeViews.java:55)
	at sun.nio.fs.UnixFileSystemProvider.readAttributes(UnixFileSystemProvider.java:144)
	at sun.nio.fs.LinuxFileSystemProvider.readAttributes(LinuxFileSystemProvider.java:99)
	at java.nio.file.Files.readAttributes(Files.java:1737)
	at java.nio.file.FileTreeWalker.getAttributes(FileTreeWalker.java:219)
	at java.nio.file.FileTreeWalker.visit(FileTreeWalker.java:276)
	at java.nio.file.FileTreeWalker.walk(FileTreeWalker.java:322)
	at java.nio.file.FileTreeIterator.<init>(FileTreeIterator.java:72)
	at java.nio.file.Files.walk(Files.java:3574)
	at java.nio.file.Files.walk(Files.java:3625)
	at com.shapesecurity.shift.es2017.test262.Test262.testTest262(Test262.java:187)

Running com.shapesecurity.shift.es2017.reducer.CloneReducerTest
Tests run: 64, Failures: 0, Errors: 0, Skipped: 0, Time elapsed: 0.362 sec - in com.shapesecurity.shift.es2017.reducer.CloneReducerTest
Running com.shapesecurity.shift.es2017.reducer.ReducerTest
Tests run: 2, Failures: 0, Errors: 0, Skipped: 0, Time elapsed: 0.34 sec - in com.shapesecurity.shift.es2017.reducer.ReducerTest
Running com.shapesecurity.shift.es2017.parser.miscellaneous.InteractionsTest
Tests run: 1, Failures: 0, Errors: 0, Skipped: 0, Time elapsed: 0.034 sec - in com.shapesecurity.shift.es2017.parser.miscellaneous.InteractionsTest
Running com.shapesecurity.shift.es2017.parser.miscellaneous.CommentsTest
Tests run: 1, Failures: 0, Errors: 0, Skipped: 0, Time elapsed: 0.001 sec - in com.shapesecurity.shift.es2017.parser.miscellaneous.CommentsTest
Running com.shapesecurity.shift.es2017.parser.miscellaneous.GroupingTest
Tests run: 1, Failures: 0, Errors: 0, Skipped: 0, Time elapsed: 0.004 sec - in com.shapesecurity.shift.es2017.parser.miscellaneous.GroupingTest
Running com.shapesecurity.shift.es2017.parser.miscellaneous.SemicolonsTest
Tests run: 2, Failures: 0, Errors: 0, Skipped: 0, Time elapsed: 0.001 sec - in com.shapesecurity.shift.es2017.parser.miscellaneous.SemicolonsTest
Running com.shapesecurity.shift.es2017.parser.miscellaneous.LocationTest
Tests run: 12, Failures: 0, Errors: 0, Skipped: 0, Time elapsed: 0.007 sec - in com.shapesecurity.shift.es2017.parser.miscellaneous.LocationTest
Running com.shapesecurity.shift.es2017.parser.miscellaneous.WhitespaceTest
Tests run: 1, Failures: 0, Errors: 0, Skipped: 0, Time elapsed: 0.003 sec - in com.shapesecurity.shift.es2017.parser.miscellaneous.WhitespaceTest
Running com.shapesecurity.shift.es2017.parser.miscellaneous.IncompatibilitiesTest
Tests run: 3, Failures: 0, Errors: 0, Skipped: 0, Time elapsed: 0.004 sec - in com.shapesecurity.shift.es2017.parser.miscellaneous.IncompatibilitiesTest
Running com.shapesecurity.shift.es2017.parser.miscellaneous.AsyncAwaitTest
Tests run: 7, Failures: 0, Errors: 0, Skipped: 0, Time elapsed: 0.013 sec - in com.shapesecurity.shift.es2017.parser.miscellaneous.AsyncAwaitTest
Running com.shapesecurity.shift.es2017.parser.expressions.FunctionExpressionTest
Tests run: 1, Failures: 0, Errors: 0, Skipped: 0, Time elapsed: 0.004 sec - in com.shapesecurity.shift.es2017.parser.expressions.FunctionExpressionTest
Running com.shapesecurity.shift.es2017.parser.expressions.ThisExpressionTest
Tests run: 1, Failures: 0, Errors: 0, Skipped: 0, Time elapsed: 0 sec - in com.shapesecurity.shift.es2017.parser.expressions.ThisExpressionTest
Running com.shapesecurity.shift.es2017.parser.expressions.ObjectExpressionTest
Tests run: 1, Failures: 0, Errors: 0, Skipped: 0, Time elapsed: 0.007 sec - in com.shapesecurity.shift.es2017.parser.expressions.ObjectExpressionTest
Running com.shapesecurity.shift.es2017.parser.expressions.StaticMemberExpressionTest
Tests run: 1, Failures: 0, Errors: 0, Skipped: 0, Time elapsed: 0 sec - in com.shapesecurity.shift.es2017.parser.expressions.StaticMemberExpressionTest
Running com.shapesecurity.shift.es2017.parser.expressions.IdentifierExpressionTest
Tests run: 1, Failures: 0, Errors: 0, Skipped: 0, Time elapsed: 0.004 sec - in com.shapesecurity.shift.es2017.parser.expressions.IdentifierExpressionTest
Running com.shapesecurity.shift.es2017.parser.expressions.SuperExpressionTest
Tests run: 1, Failures: 0, Errors: 0, Skipped: 0, Time elapsed: 0.005 sec - in com.shapesecurity.shift.es2017.parser.expressions.SuperExpressionTest
Running com.shapesecurity.shift.es2017.parser.expressions.ArrowExpressionTest
Tests run: 1, Failures: 0, Errors: 0, Skipped: 0, Time elapsed: 0.007 sec - in com.shapesecurity.shift.es2017.parser.expressions.ArrowExpressionTest
Running com.shapesecurity.shift.es2017.parser.expressions.YieldGeneratorExpressionTest
Tests run: 1, Failures: 0, Errors: 0, Skipped: 0, Time elapsed: 0.001 sec - in com.shapesecurity.shift.es2017.parser.expressions.YieldGeneratorExpressionTest
Running com.shapesecurity.shift.es2017.parser.expressions.literals.LiteralStringExpressionTest
Tests run: 1, Failures: 0, Errors: 0, Skipped: 0, Time elapsed: 0.005 sec - in com.shapesecurity.shift.es2017.parser.expressions.literals.LiteralStringExpressionTest
Running com.shapesecurity.shift.es2017.parser.expressions.literals.LiteralNullExpressionTest
Tests run: 1, Failures: 0, Errors: 0, Skipped: 0, Time elapsed: 0.001 sec - in com.shapesecurity.shift.es2017.parser.expressions.literals.LiteralNullExpressionTest
Running com.shapesecurity.shift.es2017.parser.expressions.literals.LiteralInfinityExpressionTest
Tests run: 1, Failures: 0, Errors: 0, Skipped: 0, Time elapsed: 0 sec - in com.shapesecurity.shift.es2017.parser.expressions.literals.LiteralInfinityExpressionTest
Running com.shapesecurity.shift.es2017.parser.expressions.literals.LiteralNumericExpressionTest
Tests run: 1, Failures: 0, Errors: 0, Skipped: 0, Time elapsed: 0.003 sec - in com.shapesecurity.shift.es2017.parser.expressions.literals.LiteralNumericExpressionTest
Running com.shapesecurity.shift.es2017.parser.expressions.literals.LiteralRegExpExpressionTest
Tests run: 1, Failures: 0, Errors: 0, Skipped: 0, Time elapsed: 0.002 sec - in com.shapesecurity.shift.es2017.parser.expressions.literals.LiteralRegExpExpressionTest
Running com.shapesecurity.shift.es2017.parser.expressions.YieldExpressionTest
Tests run: 1, Failures: 0, Errors: 0, Skipped: 0, Time elapsed: 0.002 sec - in com.shapesecurity.shift.es2017.parser.expressions.YieldExpressionTest
Running com.shapesecurity.shift.es2017.parser.expressions.ClassExpressionTest
Tests run: 1, Failures: 0, Errors: 0, Skipped: 0, Time elapsed: 0.004 sec - in com.shapesecurity.shift.es2017.parser.expressions.ClassExpressionTest
Running com.shapesecurity.shift.es2017.parser.expressions.ComputedMemberExpressionTest
Tests run: 1, Failures: 0, Errors: 0, Skipped: 0, Time elapsed: 0.001 sec - in com.shapesecurity.shift.es2017.parser.expressions.ComputedMemberExpressionTest
Running com.shapesecurity.shift.es2017.parser.expressions.UnaryExpressionTest
Tests run: 1, Failures: 0, Errors: 0, Skipped: 0, Time elapsed: 0.001 sec - in com.shapesecurity.shift.es2017.parser.expressions.UnaryExpressionTest
Running com.shapesecurity.shift.es2017.parser.expressions.BinaryExpressionTest
Tests run: 1, Failures: 0, Errors: 0, Skipped: 0, Time elapsed: 0.005 sec - in com.shapesecurity.shift.es2017.parser.expressions.BinaryExpressionTest
Running com.shapesecurity.shift.es2017.parser.expressions.NewExpressionTest
Tests run: 1, Failures: 0, Errors: 0, Skipped: 0, Time elapsed: 0.002 sec - in com.shapesecurity.shift.es2017.parser.expressions.NewExpressionTest
Running com.shapesecurity.shift.es2017.parser.expressions.UpdateExpressionTest
Tests run: 1, Failures: 0, Errors: 0, Skipped: 0, Time elapsed: 0 sec - in com.shapesecurity.shift.es2017.parser.expressions.UpdateExpressionTest
Running com.shapesecurity.shift.es2017.parser.expressions.ConditionalExpressionTest
Tests run: 1, Failures: 0, Errors: 0, Skipped: 0, Time elapsed: 0 sec - in com.shapesecurity.shift.es2017.parser.expressions.ConditionalExpressionTest
Running com.shapesecurity.shift.es2017.parser.expressions.CallExpressionTest
Tests run: 1, Failures: 0, Errors: 0, Skipped: 0, Time elapsed: 0.003 sec - in com.shapesecurity.shift.es2017.parser.expressions.CallExpressionTest
Running com.shapesecurity.shift.es2017.parser.expressions.NewTargetExpressionTest
Tests run: 1, Failures: 0, Errors: 0, Skipped: 0, Time elapsed: 0.004 sec - in com.shapesecurity.shift.es2017.parser.expressions.NewTargetExpressionTest
Running com.shapesecurity.shift.es2017.parser.expressions.AssignmentExpressionTest
Tests run: 1, Failures: 0, Errors: 0, Skipped: 0, Time elapsed: 0.003 sec - in com.shapesecurity.shift.es2017.parser.expressions.AssignmentExpressionTest
Running com.shapesecurity.shift.es2017.parser.expressions.ArrayExpressionTest
Tests run: 1, Failures: 0, Errors: 0, Skipped: 0, Time elapsed: 0.002 sec - in com.shapesecurity.shift.es2017.parser.expressions.ArrayExpressionTest
Running com.shapesecurity.shift.es2017.parser.expressions.GroupedExpressionTest
Tests run: 1, Failures: 0, Errors: 0, Skipped: 0, Time elapsed: 0.002 sec - in com.shapesecurity.shift.es2017.parser.expressions.GroupedExpressionTest
Running com.shapesecurity.shift.es2017.parser.expressions.TemplateExpressionTest
Tests run: 1, Failures: 0, Errors: 0, Skipped: 0, Time elapsed: 0.003 sec - in com.shapesecurity.shift.es2017.parser.expressions.TemplateExpressionTest
Running com.shapesecurity.shift.es2017.parser.EarlyErrorsTest
Tests run: 4, Failures: 0, Errors: 0, Skipped: 0, Time elapsed: 0.129 sec - in com.shapesecurity.shift.es2017.parser.EarlyErrorsTest
Running com.shapesecurity.shift.es2017.parser.modules.ImportTest
Tests run: 1, Failures: 0, Errors: 0, Skipped: 0, Time elapsed: 0.002 sec - in com.shapesecurity.shift.es2017.parser.modules.ImportTest
Running com.shapesecurity.shift.es2017.parser.modules.ExportTest
Tests run: 1, Failures: 0, Errors: 0, Skipped: 0, Time elapsed: 0.004 sec - in com.shapesecurity.shift.es2017.parser.modules.ExportTest
Running com.shapesecurity.shift.es2017.parser.API.ModuleTest
Tests run: 1, Failures: 0, Errors: 0, Skipped: 0, Time elapsed: 0 sec - in com.shapesecurity.shift.es2017.parser.API.ModuleTest
Running com.shapesecurity.shift.es2017.parser.API.ScriptTest
Tests run: 1, Failures: 0, Errors: 0, Skipped: 0, Time elapsed: 0 sec - in com.shapesecurity.shift.es2017.parser.API.ScriptTest
Running com.shapesecurity.shift.es2017.parser.API.APITest
Tests run: 3, Failures: 0, Errors: 0, Skipped: 0, Time elapsed: 0.003 sec - in com.shapesecurity.shift.es2017.parser.API.APITest
Running com.shapesecurity.shift.es2017.parser.FailuresTest
Tests run: 1, Failures: 0, Errors: 0, Skipped: 0, Time elapsed: 0.008 sec - in com.shapesecurity.shift.es2017.parser.FailuresTest
Running com.shapesecurity.shift.es2017.parser.declarations.ClassDeclarationTest
Tests run: 1, Failures: 0, Errors: 0, Skipped: 0, Time elapsed: 0 sec - in com.shapesecurity.shift.es2017.parser.declarations.ClassDeclarationTest
Running com.shapesecurity.shift.es2017.parser.declarations.LexicalDeclarationTest
Tests run: 1, Failures: 0, Errors: 0, Skipped: 0, Time elapsed: 0.002 sec - in com.shapesecurity.shift.es2017.parser.declarations.LexicalDeclarationTest
Running com.shapesecurity.shift.es2017.parser.declarations.GeneratorDeclarationTest
Tests run: 1, Failures: 0, Errors: 0, Skipped: 0, Time elapsed: 0.002 sec - in com.shapesecurity.shift.es2017.parser.declarations.GeneratorDeclarationTest
Running com.shapesecurity.shift.es2017.parser.declarations.FunctionDeclarationTest
Tests run: 1, Failures: 0, Errors: 0, Skipped: 0, Time elapsed: 0.002 sec - in com.shapesecurity.shift.es2017.parser.declarations.FunctionDeclarationTest
Running com.shapesecurity.shift.es2017.parser.DirectiveTest
Tests run: 1, Failures: 0, Errors: 0, Skipped: 0, Time elapsed: 0.002 sec - in com.shapesecurity.shift.es2017.parser.DirectiveTest
Running com.shapesecurity.shift.es2017.parser.ParserTest
Tests run: 1, Failures: 0, Errors: 0, Skipped: 0, Time elapsed: 0 sec - in com.shapesecurity.shift.es2017.parser.ParserTest
Running com.shapesecurity.shift.es2017.parser.destructuring.assignment.ArrayAssignmentTargetTest
Tests run: 1, Failures: 0, Errors: 0, Skipped: 0, Time elapsed: 0.003 sec - in com.shapesecurity.shift.es2017.parser.destructuring.assignment.ArrayAssignmentTargetTest
Running com.shapesecurity.shift.es2017.parser.destructuring.assignment.ObjectAssignmentTargetTest
Tests run: 1, Failures: 0, Errors: 0, Skipped: 0, Time elapsed: 0.006 sec - in com.shapesecurity.shift.es2017.parser.destructuring.assignment.ObjectAssignmentTargetTest
Running com.shapesecurity.shift.es2017.parser.destructuring.binding_pattern.ArrayBindingTest
Tests run: 1, Failures: 0, Errors: 0, Skipped: 0, Time elapsed: 0.001 sec - in com.shapesecurity.shift.es2017.parser.destructuring.binding_pattern.ArrayBindingTest
Running com.shapesecurity.shift.es2017.parser.destructuring.binding_pattern.BindingIdentifierTest
Tests run: 1, Failures: 0, Errors: 0, Skipped: 0, Time elapsed: 0 sec - in com.shapesecurity.shift.es2017.parser.destructuring.binding_pattern.BindingIdentifierTest
Running com.shapesecurity.shift.es2017.parser.destructuring.binding_pattern.ObjectBindingTest
Tests run: 1, Failures: 0, Errors: 0, Skipped: 0, Time elapsed: 0.004 sec - in com.shapesecurity.shift.es2017.parser.destructuring.binding_pattern.ObjectBindingTest
Running com.shapesecurity.shift.es2017.parser.statements.DoWhileStatementTest
Tests run: 1, Failures: 0, Errors: 0, Skipped: 0, Time elapsed: 0.001 sec - in com.shapesecurity.shift.es2017.parser.statements.DoWhileStatementTest
Running com.shapesecurity.shift.es2017.parser.statements.SwitchStatementWithDefaultTest
Tests run: 1, Failures: 0, Errors: 0, Skipped: 0, Time elapsed: 0.001 sec - in com.shapesecurity.shift.es2017.parser.statements.SwitchStatementWithDefaultTest
Running com.shapesecurity.shift.es2017.parser.statements.EmptyStatementTest
Tests run: 1, Failures: 0, Errors: 0, Skipped: 0, Time elapsed: 0 sec - in com.shapesecurity.shift.es2017.parser.statements.EmptyStatementTest
Running com.shapesecurity.shift.es2017.parser.statements.ExpressionStatementTest
Tests run: 1, Failures: 0, Errors: 0, Skipped: 0, Time elapsed: 0.001 sec - in com.shapesecurity.shift.es2017.parser.statements.ExpressionStatementTest
Running com.shapesecurity.shift.es2017.parser.statements.BreakStatementTest
Tests run: 1, Failures: 0, Errors: 0, Skipped: 0, Time elapsed: 0.001 sec - in com.shapesecurity.shift.es2017.parser.statements.BreakStatementTest
Running com.shapesecurity.shift.es2017.parser.statements.ForOfStatementTest
Tests run: 1, Failures: 0, Errors: 0, Skipped: 0, Time elapsed: 0.002 sec - in com.shapesecurity.shift.es2017.parser.statements.ForOfStatementTest
Running com.shapesecurity.shift.es2017.parser.statements.SwitchStatementTest
Tests run: 1, Failures: 0, Errors: 0, Skipped: 0, Time elapsed: 0.001 sec - in com.shapesecurity.shift.es2017.parser.statements.SwitchStatementTest
Running com.shapesecurity.shift.es2017.parser.statements.ForInStatementTest
Tests run: 1, Failures: 0, Errors: 0, Skipped: 0, Time elapsed: 0.003 sec - in com.shapesecurity.shift.es2017.parser.statements.ForInStatementTest
Running com.shapesecurity.shift.es2017.parser.statements.ReturnStatementTest
Tests run: 1, Failures: 0, Errors: 0, Skipped: 0, Time elapsed: 0.001 sec - in com.shapesecurity.shift.es2017.parser.statements.ReturnStatementTest
Running com.shapesecurity.shift.es2017.parser.statements.ForStatementTest
Tests run: 1, Failures: 0, Errors: 0, Skipped: 0, Time elapsed: 0.003 sec - in com.shapesecurity.shift.es2017.parser.statements.ForStatementTest
Running com.shapesecurity.shift.es2017.parser.statements.ThrowStatementTest
Tests run: 1, Failures: 0, Errors: 0, Skipped: 0, Time elapsed: 0.001 sec - in com.shapesecurity.shift.es2017.parser.statements.ThrowStatementTest
Running com.shapesecurity.shift.es2017.parser.statements.DebuggerStatementTest
Tests run: 1, Failures: 0, Errors: 0, Skipped: 0, Time elapsed: 0 sec - in com.shapesecurity.shift.es2017.parser.statements.DebuggerStatementTest
Running com.shapesecurity.shift.es2017.parser.statements.ContinueStatementTest
Tests run: 1, Failures: 0, Errors: 0, Skipped: 0, Time elapsed: 0.002 sec - in com.shapesecurity.shift.es2017.parser.statements.ContinueStatementTest
Running com.shapesecurity.shift.es2017.parser.statements.TryCatchStatementTest
Tests run: 1, Failures: 0, Errors: 0, Skipped: 0, Time elapsed: 0.001 sec - in com.shapesecurity.shift.es2017.parser.statements.TryCatchStatementTest
Running com.shapesecurity.shift.es2017.parser.statements.WhileStatementTest
Tests run: 1, Failures: 0, Errors: 0, Skipped: 0, Time elapsed: 0 sec - in com.shapesecurity.shift.es2017.parser.statements.WhileStatementTest
Running com.shapesecurity.shift.es2017.parser.statements.VariableDeclarationStatementTest
Tests run: 1, Failures: 0, Errors: 0, Skipped: 0, Time elapsed: 0.004 sec - in com.shapesecurity.shift.es2017.parser.statements.VariableDeclarationStatementTest
Running com.shapesecurity.shift.es2017.parser.statements.IfStatementTest
Tests run: 1, Failures: 0, Errors: 0, Skipped: 0, Time elapsed: 0.002 sec - in com.shapesecurity.shift.es2017.parser.statements.IfStatementTest
Running com.shapesecurity.shift.es2017.parser.statements.WithStatementTest
Tests run: 1, Failures: 0, Errors: 0, Skipped: 0, Time elapsed: 0.001 sec - in com.shapesecurity.shift.es2017.parser.statements.WithStatementTest
Running com.shapesecurity.shift.es2017.parser.statements.BlockStatementTest
Tests run: 1, Failures: 0, Errors: 0, Skipped: 0, Time elapsed: 0.001 sec - in com.shapesecurity.shift.es2017.parser.statements.BlockStatementTest
Running com.shapesecurity.shift.es2017.parser.statements.TryFinallyStatementTest
Tests run: 1, Failures: 0, Errors: 0, Skipped: 0, Time elapsed: 0.001 sec - in com.shapesecurity.shift.es2017.parser.statements.TryFinallyStatementTest
Running com.shapesecurity.shift.es2017.parser.statements.LabeledStatementTest
Tests run: 1, Failures: 0, Errors: 0, Skipped: 0, Time elapsed: 0 sec - in com.shapesecurity.shift.es2017.parser.statements.LabeledStatementTest
Running com.shapesecurity.shift.es2017.parser.property_definitions.GeneratorMethodTest
Tests run: 1, Failures: 0, Errors: 0, Skipped: 0, Time elapsed: 0.001 sec - in com.shapesecurity.shift.es2017.parser.property_definitions.GeneratorMethodTest
Running com.shapesecurity.shift.es2017.parser.property_definitions.PropertyNameTest
Tests run: 1, Failures: 0, Errors: 0, Skipped: 0, Time elapsed: 0.004 sec - in com.shapesecurity.shift.es2017.parser.property_definitions.PropertyNameTest
Running com.shapesecurity.shift.es2017.fuzzer.FuzzerTest
[  8.1%] Average speed 90.724 tests per milli-second. 5443440 tests per min.[  8.4%] Average speed 62.988 tests per milli-second. 3779308 tests per min.[  8.7%] Average speed 47.068 tests per milli-second. 2824090 tests per min.[  9.0%] Average speed 40.574 tests per milli-second. 2434416 tests per min.[  9.3%] Average speed 35.342 tests per milli-second. 2120522 tests per min.[  9.6%] Average speed 31.488 tests per milli-second. 1889258 tests per min.[  9.9%] Average speed 29.661 tests per milli-second. 1779637 tests per min.[ 10.2%] Average speed 27.996 tests per milli-second. 1679786 tests per min.[ 10.5%] Average speed 26.200 tests per milli-second. 1572006 tests per min.[ 10.8%] Average speed 25.029 tests per milli-second. 1501758 tests per min.[ 11.1%] Average speed 23.649 tests per milli-second. 1418938 tests per min.[ 11.4%] Average speed 22.641 tests per milli-second. 1358461 tests per min.[ 11.7%] Average speed 21.744 tests per milli-second. 1304656 tests per min.[ 12.0%] Average speed 20.999 tests per milli-second. 1259970 tests per min.[ 12.3%] Average speed 20.430 tests per milli-second. 1225822 tests per min.[ 12.6%] Average speed 19.916 tests per milli-second. 1194951 tests per min.[ 12.9%] Average speed 19.732 tests per milli-second. 1183944 tests per min.[ 13.2%] Average speed 19.397 tests per milli-second. 1163838 tests per min.[ 13.5%] Average speed 19.109 tests per milli-second. 1146542 tests per min.[ 13.8%] Average speed 18.824 tests per milli-second. 1129455 tests per min.[ 14.1%] Average speed 18.783 tests per milli-second. 1126952 tests per min.[ 14.4%] Average speed 18.792 tests per milli-second. 1127494 tests per min.[ 14.7%] Average speed 18.724 tests per milli-second. 1123462 tests per min.[ 15.0%] Average speed 18.610 tests per milli-second. 1116573 tests per min.[ 15.3%] Average speed 18.622 tests per milli-second. 1117305 tests per min.[ 15.6%] Average speed 18.578 tests per milli-second. 1114701 tests per min.[ 15.9%] Average speed 18.487 tests per milli-second. 1109200 tests per min.[ 16.2%] Average speed 18.438 tests per milli-second. 1106298 tests per min.[ 16.5%] Average speed 18.384 tests per milli-second. 1103049 tests per min.[ 16.8%] Average speed 18.335 tests per milli-second. 1100122 tests per min.[ 17.1%] Average speed 18.339 tests per milli-second. 1100318 tests per min.[ 17.4%] Average speed 18.325 tests per milli-second. 1099481 tests per min.[ 17.7%] Average speed 18.223 tests per milli-second. 1093390 tests per min.[ 18.0%] Average speed 18.243 tests per milli-second. 1094594 tests per min.[ 18.3%] Average speed 18.239 tests per milli-second. 1094323 tests per min.[ 18.6%] Average speed 18.210 tests per milli-second. 1092607 tests per min.[ 18.9%] Average speed 18.252 tests per milli-second. 1095098 tests per min.[ 19.2%] Average speed 18.321 tests per milli-second. 1099271 tests per min.[ 19.5%] Average speed 18.424 tests per milli-second. 1105448 tests per min.[ 19.8%] Average speed 18.435 tests per milli-second. 1106084 tests per min.[ 20.1%] Average speed 18.440 tests per milli-second. 1106428 tests per min.[ 20.4%] Average speed 18.486 tests per milli-second. 1109184 tests per min.[ 20.7%] Average speed 18.516 tests per milli-second. 1110954 tests per min.[ 21.0%] Average speed 18.490 tests per milli-second. 1109424 tests per min.[ 21.3%] Average speed 18.390 tests per milli-second. 1103424 tests per min.[ 21.6%] Average speed 18.383 tests per milli-second. 1102971 tests per min.[ 21.9%] Average speed 18.313 tests per milli-second. 1098751 tests per min.[ 22.2%] Average speed 18.353 tests per milli-second. 1101180 tests per min.[ 22.5%] Average speed 18.346 tests per milli-second. 1100758 tests per min.[ 22.8%] Average speed 18.431 tests per milli-second. 1105888 tests per min.[ 23.1%] Average speed 18.503 tests per milli-second. 1110200 tests per min.[ 23.4%] Average speed 18.581 tests per milli-second. 1114840 tests per min.[ 23.7%] Average speed 18.650 tests per milli-second. 1119012 tests per min.[ 24.0%] Average speed 18.689 tests per milli-second. 1121355 tests per min.[ 24.3%] Average speed 18.761 tests per milli-second. 1125673 tests per min.[ 24.6%] Average speed 18.842 tests per milli-second. 1130494 tests per min.[ 24.9%] Average speed 18.896 tests per milli-second. 1133761 tests per min.[ 25.2%] Average speed 18.910 tests per milli-second. 1134623 tests per min.[ 25.5%] Average speed 18.966 tests per milli-second. 1137962 tests per min.[ 25.8%] Average speed 19.035 tests per milli-second. 1142100 tests per min.[ 26.1%] Average speed 19.105 tests per milli-second. 1146294 tests per min.[ 26.4%] Average speed 19.170 tests per milli-second. 1150175 tests per min.[ 26.7%] Average speed 19.215 tests per milli-second. 1152875 tests per min.[ 27.0%] Average speed 19.267 tests per milli-second. 1156001 tests per min.[ 27.3%] Average speed 19.321 tests per milli-second. 1159249 tests per min.[ 27.6%] Average speed 19.349 tests per milli-second. 1160965 tests per min.[ 27.9%] Average speed 19.394 tests per milli-second. 1163659 tests per min.[ 28.2%] Average speed 19.496 tests per milli-second. 1169777 tests per min.[ 28.5%] Average speed 19.536 tests per milli-second. 1172171 tests per min.[ 28.8%] Average speed 19.567 tests per milli-second. 1174035 tests per min.[ 29.1%] Average speed 19.590 tests per milli-second. 1175416 tests per min.[ 29.4%] Average speed 19.638 tests per milli-second. 1178257 tests per min.[ 29.7%] Average speed 19.678 tests per milli-second. 1180701 tests per min.[ 30.0%] Average speed 19.686 tests per milli-second. 1181142 tests per min.[ 30.3%] Average speed 19.641 tests per milli-second. 1178441 tests per min.[ 30.6%] Average speed 19.686 tests per milli-second. 1181189 tests per min.[ 30.9%] Average speed 19.684 tests per milli-second. 1181019 tests per min.[ 31.2%] Average speed 19.697 tests per milli-second. 1181841 tests per min.[ 31.5%] Average speed 19.666 tests per milli-second. 1179961 tests per min.[ 31.8%] Average speed 19.718 tests per milli-second. 1183075 tests per min.[ 32.1%] Average speed 19.768 tests per milli-second. 1186089 tests per min.[ 32.4%] Average speed 19.782 tests per milli-second. 1186946 tests per min.[ 32.7%] Average speed 19.773 tests per milli-second. 1186378 tests per min.[ 33.0%] Average speed 19.713 tests per milli-second. 1182761 tests per min.[ 33.3%] Average speed 19.763 tests per milli-second. 1185751 tests per min.[ 33.6%] Average speed 19.778 tests per milli-second. 1186686 tests per min.[ 33.9%] Average speed 19.792 tests per milli-second. 1187517 tests per min.[ 34.2%] Average speed 19.798 tests per milli-second. 1187886 tests per min.[ 34.5%] Average speed 19.842 tests per milli-second. 1190501 tests per min.[ 34.8%] Average speed 19.913 tests per milli-second. 1194800 tests per min.[ 35.1%] Average speed 19.952 tests per milli-second. 1197132 tests per min.[ 35.4%] Average speed 20.005 tests per milli-second. 1200329 tests per min.[ 35.7%] Average speed 20.045 tests per milli-second. 1202726 tests per min.[ 36.0%] Average speed 20.110 tests per milli-second. 1206582 tests per min.[ 36.3%] Average speed 20.160 tests per milli-second. 1209610 tests per min.[ 36.6%] Average speed 20.216 tests per milli-second. 1212987 tests per min.[ 36.9%] Average speed 20.254 tests per milli-second. 1215266 tests per min.[ 37.2%] Average speed 20.308 tests per milli-second. 1218487 tests per min.[ 37.5%] Average speed 20.356 tests per milli-second. 1221333 tests per min.[ 37.8%] Average speed 20.398 tests per milli-second. 1223869 tests per min.[ 38.1%] Average speed 20.437 tests per milli-second. 1226196 tests per min.[ 38.4%] Average speed 20.494 tests per milli-second. 1229634 tests per min.[ 38.7%] Average speed 20.545 tests per milli-second. 1232727 tests per min.[ 39.0%] Average speed 20.562 tests per milli-second. 1233733 tests per min.[ 39.3%] Average speed 20.624 tests per milli-second. 1237449 tests per min.[ 39.6%] Average speed 20.668 tests per milli-second. 1240062 tests per min.[ 39.9%] Average speed 20.687 tests per milli-second. 1241236 tests per min.[ 40.2%] Average speed 20.739 tests per milli-second. 1244328 tests per min.[ 40.5%] Average speed 20.784 tests per milli-second. 1247048 tests per min.[ 40.8%] Average speed 20.858 tests per milli-second. 1251486 tests per min.[ 41.1%] Average speed 20.435 tests per milli-second. 1226122 tests per min.[ 41.4%] Average speed 20.436 tests per milli-second. 1226170 tests per min.[ 41.7%] Average speed 20.406 tests per milli-second. 1224350 tests per min.[ 42.0%] Average speed 20.376 tests per milli-second. 1222537 tests per min.[ 42.3%] Average speed 20.351 tests per milli-second. 1221030 tests per min.[ 42.6%] Average speed 20.351 tests per milli-second. 1221032 tests per min.[ 42.9%] Average speed 20.352 tests per milli-second. 1221122 tests per min.[ 43.2%] Average speed 20.390 tests per milli-second. 1223372 tests per min.[ 43.5%] Average speed 20.410 tests per milli-second. 1224610 tests per min.[ 43.8%] Average speed 20.435 tests per milli-second. 1226117 tests per min.[ 44.1%] Average speed 20.472 tests per milli-second. 1228321 tests per min.[ 44.4%] Average speed 20.491 tests per milli-second. 1229459 tests per min.[ 44.7%] Average speed 20.506 tests per milli-second. 1230341 tests per min.[ 45.0%] Average speed 20.542 tests per milli-second. 1232546 tests per min.[ 45.3%] Average speed 20.568 tests per milli-second. 1234090 tests per min.[ 45.6%] Average speed 20.618 tests per milli-second. 1237051 tests per min.[ 45.9%] Average speed 20.654 tests per milli-second. 1239225 tests per min.[ 46.2%] Average speed 20.687 tests per milli-second. 1241210 tests per min.[ 46.5%] Average speed 20.674 tests per milli-second. 1240427 tests per min.[ 46.8%] Average speed 20.688 tests per milli-second. 1241261 tests per min.[ 47.1%] Average speed 20.717 tests per milli-second. 1243023 tests per min.[ 47.4%] Average speed 20.722 tests per milli-second. 1243333 tests per min.[ 47.7%] Average speed 20.711 tests per milli-second. 1242672 tests per min.[ 48.0%] Average speed 20.704 tests per milli-second. 1242261 tests per min.[ 48.3%] Average speed 20.694 tests per milli-second. 1241657 tests per min.[ 48.6%] Average speed 20.740 tests per milli-second. 1244374 tests per min.[ 48.9%] Average speed 20.733 tests per milli-second. 1243974 tests per min.[ 49.2%] Average speed 20.745 tests per milli-second. 1244709 tests per min.[ 49.5%] Average speed 20.771 tests per milli-second. 1246234 tests per min.[ 49.8%] Average speed 20.794 tests per milli-second. 1247665 tests per min.[ 50.1%] Average speed 20.828 tests per milli-second. 1249701 tests per min.[ 50.4%] Average speed 20.839 tests per milli-second. 1250364 tests per min.[ 50.7%] Average speed 20.860 tests per milli-second. 1251584 tests per min.[ 51.0%] Average speed 20.861 tests per milli-second. 1251634 tests per min.[ 51.3%] Average speed 20.888 tests per milli-second. 1253294 tests per min.[ 51.6%] Average speed 20.896 tests per milli-second. 1253758 tests per min.[ 51.9%] Average speed 20.925 tests per milli-second. 1255485 tests per min.[ 52.2%] Average speed 20.943 tests per milli-second. 1256601 tests per min.[ 52.5%] Average speed 20.949 tests per milli-second. 1256932 tests per min.[ 52.8%] Average speed 20.989 tests per milli-second. 1259325 tests per min.[ 53.1%] Average speed 20.965 tests per milli-second. 1257886 tests per min.[ 53.4%] Average speed 20.985 tests per milli-second. 1259108 tests per min.[ 53.7%] Average speed 21.030 tests per milli-second. 1261809 tests per min.[ 54.0%] Average speed 21.032 tests per milli-second. 1261910 tests per min.[ 54.3%] Average speed 21.054 tests per milli-second. 1263243 tests per min.[ 54.6%] Average speed 21.056 tests per milli-second. 1263335 tests per min.[ 54.9%] Average speed 21.065 tests per milli-second. 1263921 tests per min.[ 55.2%] Average speed 21.086 tests per milli-second. 1265164 tests per min.[ 55.5%] Average speed 21.102 tests per milli-second. 1266096 tests per min.[ 55.8%] Average speed 21.128 tests per milli-second. 1267692 tests per min.[ 56.1%] Average speed 21.174 tests per milli-second. 1270464 tests per min.[ 56.4%] Average speed 21.159 tests per milli-second. 1269529 tests per min.[ 56.7%] Average speed 21.141 tests per milli-second. 1268446 tests per min.[ 57.0%] Average speed 21.118 tests per milli-second. 1267055 tests per min.[ 57.3%] Average speed 21.122 tests per milli-second. 1267319 tests per min.[ 57.6%] Average speed 21.105 tests per milli-second. 1266325 tests per min.[ 57.9%] Average speed 21.127 tests per milli-second. 1267641 tests per min.[ 58.2%] Average speed 21.124 tests per milli-second. 1267443 tests per min.[ 58.5%] Average speed 21.113 tests per milli-second. 1266778 tests per min.[ 58.8%] Average speed 21.080 tests per milli-second. 1264824 tests per min.[ 59.1%] Average speed 21.061 tests per milli-second. 1263687 tests per min.[ 59.4%] Average speed 21.065 tests per milli-second. 1263882 tests per min.[ 59.7%] Average speed 21.078 tests per milli-second. 1264662 tests per min.[ 60.0%] Average speed 21.068 tests per milli-second. 1264088 tests per min.[ 60.3%] Average speed 21.096 tests per milli-second. 1265763 tests per min.[ 60.6%] Average speed 21.122 tests per milli-second. 1267306 tests per min.[ 60.9%] Average speed 21.167 tests per milli-second. 1270017 tests per min.[ 61.2%] Average speed 21.220 tests per milli-second. 1273188 tests per min.[ 61.5%] Average speed 21.247 tests per milli-second. 1274817 tests per min.[ 61.8%] Average speed 21.300 tests per milli-second. 1277987 tests per min.[ 62.1%] Average speed 21.329 tests per milli-second. 1279741 tests per min.[ 62.4%] Average speed 21.363 tests per milli-second. 1281763 tests per min.[ 62.7%] Average speed 21.400 tests per milli-second. 1284028 tests per min.[ 63.0%] Average speed 21.423 tests per milli-second. 1285350 tests per min.[ 63.3%] Average speed 21.454 tests per milli-second. 1287235 tests per min.[ 63.6%] Average speed 21.509 tests per milli-second. 1290526 tests per min.[ 63.9%] Average speed 21.497 tests per milli-second. 1289821 tests per min.[ 64.2%] Average speed 21.513 tests per milli-second. 1290759 tests per min.[ 64.5%] Average speed 21.518 tests per milli-second. 1291085 tests per min.[ 64.8%] Average speed 21.498 tests per milli-second. 1289852 tests per min.[ 65.1%] Average speed 21.505 tests per milli-second. 1290322 tests per min.[ 65.4%] Average speed 21.523 tests per milli-second. 1291375 tests per min.[ 65.7%] Average speed 21.544 tests per milli-second. 1292641 tests per min.[ 66.0%] Average speed 21.580 tests per milli-second. 1294829 tests per min.[ 66.3%] Average speed 21.562 tests per milli-second. 1293733 tests per min.[ 66.6%] Average speed 21.562 tests per milli-second. 1293727 tests per min.[ 66.9%] Average speed 21.558 tests per milli-second. 1293488 tests per min.[ 67.2%] Average speed 21.564 tests per milli-second. 1293860 tests per min.[ 67.5%] Average speed 21.549 tests per milli-second. 1292953 tests per min.[ 67.8%] Average speed 21.559 tests per milli-second. 1293558 tests per min.[ 68.1%] Average speed 21.584 tests per milli-second. 1295053 tests per min.[ 68.4%] Average speed 21.600 tests per milli-second. 1296011 tests per min.[ 68.7%] Average speed 21.603 tests per milli-second. 1296190 tests per min.[ 69.0%] Average speed 21.612 tests per milli-second. 1296718 tests per min.[ 69.3%] Average speed 21.641 tests per milli-second. 1298489 tests per min.[ 69.6%] Average speed 21.644 tests per milli-second. 1298656 tests per min.[ 69.9%] Average speed 21.647 tests per milli-second. 1298839 tests per min.[ 70.2%] Average speed 21.686 tests per milli-second. 1301156 tests per min.[ 70.5%] Average speed 21.701 tests per milli-second. 1302031 tests per min.[ 70.8%] Average speed 21.702 tests per milli-second. 1302140 tests per min.[ 71.1%] Average speed 21.731 tests per milli-second. 1303857 tests per min.[ 71.4%] Average speed 21.731 tests per milli-second. 1303851 tests per min.[ 71.7%] Average speed 21.727 tests per milli-second. 1303598 tests per min.[ 72.0%] Average speed 21.731 tests per milli-second. 1303849 tests per min.[ 72.3%] Average speed 21.731 tests per milli-second. 1303854 tests per min.[ 72.6%] Average speed 21.751 tests per milli-second. 1305062 tests per min.[ 72.9%] Average speed 21.764 tests per milli-second. 1305823 tests per min.[ 73.2%] Average speed 21.780 tests per milli-second. 1306816 tests per min.[ 73.5%] Average speed 21.785 tests per milli-second. 1307088 tests per min.[ 73.8%] Average speed 21.762 tests per milli-second. 1305737 tests per min.[ 74.1%] Average speed 21.768 tests per milli-second. 1306060 tests per min.[ 74.4%] Average speed 21.796 tests per milli-second. 1307765 tests per min.[ 74.7%] Average speed 21.805 tests per milli-second. 1308305 tests per min.[ 75.0%] Average speed 21.826 tests per milli-second. 1309560 tests per min.[ 75.3%] Average speed 21.852 tests per milli-second. 1311128 tests per min.[ 75.6%] Average speed 21.882 tests per milli-second. 1312906 tests per min.[ 75.9%] Average speed 21.904 tests per milli-second. 1314261 tests per min.[ 76.2%] Average speed 21.915 tests per milli-second. 1314923 tests per min.[ 76.5%] Average speed 21.920 tests per milli-second. 1315199 tests per min.[ 76.8%] Average speed 21.912 tests per milli-second. 1314711 tests per min.[ 77.1%] Average speed 21.927 tests per milli-second. 1315591 tests per min.[ 77.4%] Average speed 21.930 tests per milli-second. 1315826 tests per min.[ 77.7%] Average speed 21.945 tests per milli-second. 1316678 tests per min.[ 78.0%] Average speed 21.985 tests per milli-second. 1319105 tests per min.[ 78.3%] Average speed 22.008 tests per milli-second. 1320469 tests per min.[ 78.6%] Average speed 22.048 tests per milli-second. 1322899 tests per min.[ 78.9%] Average speed 22.081 tests per milli-second. 1324874 tests per min.[ 79.2%] Average speed 22.115 tests per milli-second. 1326908 tests per min.[ 79.5%] Average speed 22.148 tests per milli-second. 1328887 tests per min.[ 79.8%] Average speed 22.182 tests per milli-second. 1330927 tests per min.[ 80.1%] Average speed 22.215 tests per milli-second. 1332889 tests per min.[ 80.4%] Average speed 22.230 tests per milli-second. 1333787 tests per min.[ 80.7%] Average speed 22.235 tests per milli-second. 1334104 tests per min.[ 81.0%] Average speed 22.263 tests per milli-second. 1335767 tests per min.[ 81.3%] Average speed 22.302 tests per milli-second. 1338107 tests per min.[ 81.6%] Average speed 22.345 tests per milli-second. 1340716 tests per min.[ 81.9%] Average speed 22.364 tests per milli-second. 1341855 tests per min.[ 82.2%] Average speed 22.388 tests per milli-second. 1343266 tests per min.[ 82.5%] Average speed 22.386 tests per milli-second. 1343136 tests per min.[ 82.8%] Average speed 22.388 tests per milli-second. 1343272 tests per min.[ 83.1%] Average speed 22.412 tests per milli-second. 1344698 tests per min.[ 83.4%] Average speed 22.434 tests per milli-second. 1346021 tests per min.[ 83.7%] Average speed 22.456 tests per milli-second. 1347348 tests per min.[ 84.0%] Average speed 22.481 tests per milli-second. 1348840 tests per min.[ 84.3%] Average speed 22.495 tests per milli-second. 1349701 tests per min.[ 84.6%] Average speed 22.511 tests per milli-second. 1350662 tests per min.[ 84.9%] Average speed 22.547 tests per milli-second. 1352844 tests per min.[ 85.2%] Average speed 22.568 tests per milli-second. 1354107 tests per min.[ 85.5%] Average speed 22.582 tests per milli-second. 1354935 tests per min.[ 85.8%] Average speed 22.619 tests per milli-second. 1357136 tests per min.[ 86.1%] Average speed 22.648 tests per milli-second. 1358861 tests per min.[ 86.4%] Average speed 22.680 tests per milli-second. 1360794 tests per min.[ 86.7%] Average speed 22.721 tests per milli-second. 1363251 tests per min.[ 87.0%] Average speed 22.747 tests per milli-second. 1364811 tests per min.[ 87.3%] Average speed 22.756 tests per milli-second. 1365363 tests per min.[ 87.6%] Average speed 22.779 tests per milli-second. 1366722 tests per min.[ 87.9%] Average speed 22.782 tests per milli-second. 1366946 tests per min.[ 88.2%] Average speed 22.782 tests per milli-second. 1366906 tests per min.[ 88.5%] Average speed 22.802 tests per milli-second. 1368101 tests per min.[ 88.8%] Average speed 22.812 tests per milli-second. 1368746 tests per min.[ 89.1%] Average speed 22.833 tests per milli-second. 1369956 tests per min.[ 89.4%] Average speed 22.845 tests per milli-second. 1370707 tests per min.[ 89.7%] Average speed 22.855 tests per milli-second. 1371280 tests per min.[ 90.0%] Average speed 22.853 tests per milli-second. 1371169 tests per min.[ 90.3%] Average speed 22.851 tests per milli-second. 1371079 tests per min.[ 90.6%] Average speed 22.883 tests per milli-second. 1372956 tests per min.[ 90.9%] Average speed 22.905 tests per milli-second. 1374319 tests per min.[ 91.2%] Average speed 22.929 tests per milli-second. 1375765 tests per min.[ 91.5%] Average speed 22.957 tests per milli-second. 1377390 tests per min.[ 91.8%] Average speed 22.983 tests per milli-second. 1378997 tests per min.[ 92.1%] Average speed 23.008 tests per milli-second. 1380475 tests per min.[ 92.4%] Average speed 23.038 tests per milli-second. 1382275 tests per min.[ 92.7%] Average speed 23.041 tests per milli-second. 1382474 tests per min.[ 93.0%] Average speed 23.061 tests per milli-second. 1383688 tests per min.[ 93.3%] Average speed 23.085 tests per milli-second. 1385126 tests per min.[ 93.6%] Average speed 23.109 tests per milli-second. 1386561 tests per min.[ 93.9%] Average speed 23.132 tests per milli-second. 1387945 tests per min.[ 94.2%] Average speed 23.155 tests per milli-second. 1389297 tests per min.[ 94.5%] Average speed 23.174 tests per milli-second. 1390455 tests per min.[ 94.8%] Average speed 23.189 tests per milli-second. 1391368 tests per min.[ 95.1%] Average speed 23.222 tests per milli-second. 1393326 tests per min.[ 95.4%] Average speed 23.234 tests per milli-second. 1394056 tests per min.[ 95.7%] Average speed 23.249 tests per milli-second. 1394965 tests per min.[ 96.0%] Average speed 23.274 tests per milli-second. 1396433 tests per min.[ 96.3%] Average speed 23.305 tests per milli-second. 1398301 tests per min.[ 96.6%] Average speed 23.333 tests per milli-second. 1399957 tests per min.[ 96.9%] Average speed 23.338 tests per milli-second. 1400276 tests per min.[ 97.2%] Average speed 23.376 tests per milli-second. 1402585 tests per min.[ 97.5%] Average speed 23.400 tests per milli-second. 1403989 tests per min.[ 97.8%] Average speed 23.431 tests per milli-second. 1405888 tests per min.[ 98.1%] Average speed 23.454 tests per milli-second. 1407210 tests per min.[ 98.4%] Average speed 23.465 tests per milli-second. 1407888 tests per min.[ 98.7%] Average speed 23.494 tests per milli-second. 1409666 tests per min.[ 99.0%] Average speed 23.506 tests per milli-second. 1410355 tests per min.[ 99.3%] Average speed 23.524 tests per milli-second. 1411413 tests per min.[ 99.6%] Average speed 23.546 tests per milli-second. 1412780 tests per min.[ 99.9%] Average speed 23.574 tests per milli-second. 1414463 tests per min.[100.0%] Average speed 23.574 tests per milli-second. 1414422 tests per min.

Tests run: 1, Failures: 0, Errors: 0, Skipped: 0, Time elapsed: 0.47 sec - in com.shapesecurity.shift.es2017.fuzzer.FuzzerTest
Running com.shapesecurity.shift.es2017.codegen.CodeGenTest
Tests run: 73, Failures: 0, Errors: 0, Skipped: 0, Time elapsed: 0.163 sec - in com.shapesecurity.shift.es2017.codegen.CodeGenTest
Running com.shapesecurity.shift.es2017.codegen.WebSafeCodeGenTest
Tests run: 4, Failures: 0, Errors: 0, Skipped: 0, Time elapsed: 0.014 sec - in com.shapesecurity.shift.es2017.codegen.WebSafeCodeGenTest
Running com.shapesecurity.shift.es2017.Serialization.DeserializerTest
Tests run: 52, Failures: 0, Errors: 0, Skipped: 0, Time elapsed: 0.141 sec - in com.shapesecurity.shift.es2017.Serialization.DeserializerTest
Running com.shapesecurity.shift.es2017.scope.ScopeLookupTest
Tests run: 4, Failures: 0, Errors: 0, Skipped: 0, Time elapsed: 0.054 sec - in com.shapesecurity.shift.es2017.scope.ScopeLookupTest
Running com.shapesecurity.shift.es2017.scope.ScopeTest
Tests run: 39, Failures: 0, Errors: 0, Skipped: 0, Time elapsed: 0.074 sec - in com.shapesecurity.shift.es2017.scope.ScopeTest
Running com.shapesecurity.shift.es2017.scope.ScopeSerializerTest
Tests run: 7, Failures: 0, Errors: 0, Skipped: 0, Time elapsed: 0.007 sec - in com.shapesecurity.shift.es2017.scope.ScopeSerializerTest
Running com.shapesecurity.shift.es2017.integration.IntegrationTest
Fuzzer ran for 5 seconds and generated all valid ASTs.
Tests run: 4, Failures: 0, Errors: 0, Skipped: 0, Time elapsed: 5.025 sec - in com.shapesecurity.shift.es2017.integration.IntegrationTest
Running com.shapesecurity.shift.es2017.path.ToStringTest
Tests run: 1, Failures: 0, Errors: 0, Skipped: 0, Time elapsed: 0 sec - in com.shapesecurity.shift.es2017.path.ToStringTest
Running com.shapesecurity.shift.es2017.path.BranchIteratorTest
Tests run: 1, Failures: 0, Errors: 0, Skipped: 0, Time elapsed: 0.426 sec - in com.shapesecurity.shift.es2017.path.BranchIteratorTest
Running com.shapesecurity.shift.es2017.path.BranchGetterTest
Tests run: 1, Failures: 0, Errors: 0, Skipped: 0, Time elapsed: 0 sec - in com.shapesecurity.shift.es2017.path.BranchGetterTest
Running com.shapesecurity.shift.es2017.path.EqualityTest
Tests run: 2, Failures: 0, Errors: 0, Skipped: 0, Time elapsed: 0 sec - in com.shapesecurity.shift.es2017.path.EqualityTest
Running com.shapesecurity.shift.es2017.validator.ValidatorTest
Tests run: 23, Failures: 0, Errors: 0, Skipped: 0, Time elapsed: 0.007 sec - in com.shapesecurity.shift.es2017.validator.ValidatorTest
Running com.shapesecurity.shift.es2017.template.ApplyStructuredTemplateTest
Tests run: 1, Failures: 0, Errors: 0, Skipped: 0, Time elapsed: 0.046 sec - in com.shapesecurity.shift.es2017.template.ApplyStructuredTemplateTest
Running com.shapesecurity.shift.es2017.template.FindNodesTest
Tests run: 15, Failures: 0, Errors: 0, Skipped: 0, Time elapsed: 0.006 sec - in com.shapesecurity.shift.es2017.template.FindNodesTest
Running com.shapesecurity.shift.es2017.template.ApplyTemplateTest
Tests run: 8, Failures: 0, Errors: 0, Skipped: 0, Time elapsed: 0.006 sec - in com.shapesecurity.shift.es2017.template.ApplyTemplateTest

Results :

Tests in error: 
  PassTest.data:178  NullPointer
  FailTest.data:46  NullPointer
  EarlyTest.data:117  NullPointer
  Test262.testTest262:187  NoSuchFile src/test/resources/test262/test

Tests run: 407, Failures: 0, Errors: 4, Skipped: 0

[INFO] ------------------------------------------------------------------------
[INFO] BUILD FAILURE
[INFO] ------------------------------------------------------------------------
[INFO] Total time:  11.017 s
[INFO] Finished at: 2022-07-25T21:09:39-07:00
[INFO] ------------------------------------------------------------------------
[ERROR] Failed to execute goal org.apache.maven.plugins:maven-surefire-plugin:2.17:test (default-test) on project es2017: There are test failures.
[ERROR] 
[ERROR] Please refer to /home/user/Workspace/reproducibility/Reproducibility-Scanner/reproducer/workspace/Bears-239/target/surefire-reports for the individual test results.
[ERROR] -> [Help 1]
[ERROR] 
[ERROR] To see the full stack trace of the errors, re-run Maven with the -e switch.
[ERROR] Re-run Maven using the -X switch to enable full debug logging.
[ERROR] 
[ERROR] For more information about the errors and possible solutions, please read the following articles:
[ERROR] [Help 1] http://cwiki.apache.org/confluence/display/MAVEN/MojoFailureException
Running the tests related to the bug Bears-239...
The tests related to the bug Bears-239 were executed.