Apache Maven 3.6.3
Maven home: /usr/share/maven
Java version: 1.8.0_312, vendor: Private Build, runtime: /usr/lib/jvm/java-8-openjdk-amd64/jre
Default locale: en_US, platform encoding: UTF-8
OS name: "linux", version: "5.15.0-41-generic", arch: "amd64", family: "unix"
[INFO] Scanning for projects...
[INFO] ------------------------------------------------------------------------
[INFO] Reactor Build Order:
[INFO] 
[INFO] Spring Cloud GCP                                                   [pom]
[INFO] Spring Cloud GCP Core Module                                       [jar]
[INFO] Spring Cloud GCP Pub/Sub Module                                    [jar]
[INFO] Spring Cloud GCP Storage Module                                    [jar]
[INFO] Spring Cloud GCP Spanner Module                                    [jar]
[INFO] Spring Cloud GCP Autoconfigure Module                              [jar]
[INFO] Spring Cloud GCP Starters                                          [pom]
[INFO] Spring Cloud GCP Support Starter                                   [jar]
[INFO] Spring Cloud GCP Pub/Sub Starter                                   [jar]
[INFO] Spring Cloud GCP Stream                                            [jar]
[INFO] Spring Cloud GCP Documentation                                     [jar]
[INFO] Spring Cloud GCP Dependencies                                      [pom]
[INFO] Spring Cloud GCP Config Starter                                    [jar]
[INFO] Spring Cloud GCP Storage Starter                                   [jar]
[INFO] Spring Cloud GCP Spanner Starter                                   [jar]
[INFO] Spring Cloud GCP Cloud Trace Starter                               [jar]
[INFO] Spring Cloud GCP Stackdriver Logging Starter                       [jar]
[INFO] Spring Cloud GCP Cloud SQL MySQL Starter                           [jar]
[INFO] Spring Cloud GCP Cloud SQL PostgreSQL Starter                      [jar]
[INFO] Spring Cloud GCP Code Samples                                      [pom]
[INFO] Spring Cloud GCP Runtime Configuration Code Sample                 [jar]
[INFO] Spring Cloud GCP Trace Code Sample                                 [jar]
[INFO] Spring Cloud GCP Logging Code Sample                               [jar]
[INFO] Spring Cloud GCP SQL MySQL Starter Code Sample                     [jar]
[INFO] Spring Cloud GCP Integration Pub/Sub Channel Adapters Code Sample  [pom]
[INFO] Spring Cloud GCP Integration Pub/Sub Sender Code Sample            [jar]
[INFO] Spring Cloud GCP Integration Pub/Sub Receiver Code Sample          [jar]
[INFO] Spring Cloud GCP Storage Sample                                    [jar]
[INFO] Spring Cloud GCP Spanner Code Sample                               [jar]
[INFO] Spring Cloud GCP Pub/Sub Code Sample                               [jar]
[INFO] Spring Cloud GCP with Spring Data JPA Code Sample                  [jar]
[INFO] Spring Cloud GCP Vision API Sample                                 [jar]
[INFO] Spring Cloud GCP Integration Storage Sample                        [jar]
[INFO] 
[INFO] -------------< org.springframework.cloud:spring-cloud-gcp >-------------
[INFO] Building Spring Cloud GCP 1.0.0.BUILD-SNAPSHOT                    [1/33]
[INFO] --------------------------------[ pom ]---------------------------------
[INFO] 
[INFO] --- maven-checkstyle-plugin:2.17:check (validate) @ spring-cloud-gcp ---
[INFO] 
[INFO] --- maven-checkstyle-plugin:2.17:check (checkstyle-validation) @ spring-cloud-gcp ---
[INFO] 
[INFO] ----------< org.springframework.cloud:spring-cloud-gcp-core >-----------
[INFO] Building Spring Cloud GCP Core Module 1.0.0.BUILD-SNAPSHOT        [2/33]
[INFO] --------------------------------[ jar ]---------------------------------
[INFO] 
[INFO] --- maven-checkstyle-plugin:2.17:check (validate) @ spring-cloud-gcp-core ---
[INFO] 
[INFO] --- maven-checkstyle-plugin:2.17:check (checkstyle-validation) @ spring-cloud-gcp-core ---
[INFO] 
[INFO] --- maven-resources-plugin:2.6:resources (default-resources) @ spring-cloud-gcp-core ---
[INFO] Using 'UTF-8' encoding to copy filtered resources.
[INFO] skip non existing resourceDirectory /home/user/Workspace/reproducibility/Reproducibility-Scanner/reproducer/workspace/Bears-183/spring-cloud-gcp-core/src/main/resources
[INFO] skip non existing resourceDirectory /home/user/Workspace/reproducibility/Reproducibility-Scanner/reproducer/workspace/Bears-183/spring-cloud-gcp-core/src/main/resources
[INFO] 
[INFO] --- maven-compiler-plugin:3.1:compile (default-compile) @ spring-cloud-gcp-core ---
[INFO] Nothing to compile - all classes are up to date
[INFO] 
[INFO] --- maven-resources-plugin:2.6:testResources (default-testResources) @ spring-cloud-gcp-core ---
[INFO] Using 'UTF-8' encoding to copy filtered resources.
[INFO] skip non existing resourceDirectory /home/user/Workspace/reproducibility/Reproducibility-Scanner/reproducer/workspace/Bears-183/spring-cloud-gcp-core/src/test/resources
[INFO] 
[INFO] --- maven-compiler-plugin:3.1:testCompile (default-testCompile) @ spring-cloud-gcp-core ---
[INFO] Nothing to compile - all classes are up to date
[INFO] 
[INFO] --- maven-surefire-plugin:2.12.4:test (default-test) @ spring-cloud-gcp-core ---
[INFO] Surefire report directory: /home/user/Workspace/reproducibility/Reproducibility-Scanner/reproducer/workspace/Bears-183/spring-cloud-gcp-core/target/surefire-reports

-------------------------------------------------------
 T E S T S
-------------------------------------------------------
Running org.springframework.cloud.gcp.core.DefaultCredentialsProviderTests
Tests run: 3, Failures: 0, Errors: 0, Skipped: 0, Time elapsed: 0.239 sec

Results :

Tests run: 3, Failures: 0, Errors: 0, Skipped: 0

[INFO] 
[INFO] ---------< org.springframework.cloud:spring-cloud-gcp-pubsub >----------
[INFO] Building Spring Cloud GCP Pub/Sub Module 1.0.0.BUILD-SNAPSHOT     [3/33]
[INFO] --------------------------------[ jar ]---------------------------------
[INFO] 
[INFO] --- maven-checkstyle-plugin:2.17:check (validate) @ spring-cloud-gcp-pubsub ---
[INFO] 
[INFO] --- maven-checkstyle-plugin:2.17:check (checkstyle-validation) @ spring-cloud-gcp-pubsub ---
[INFO] 
[INFO] --- maven-resources-plugin:2.6:resources (default-resources) @ spring-cloud-gcp-pubsub ---
[INFO] Using 'UTF-8' encoding to copy filtered resources.
[INFO] skip non existing resourceDirectory /home/user/Workspace/reproducibility/Reproducibility-Scanner/reproducer/workspace/Bears-183/spring-cloud-gcp-pubsub/src/main/resources
[INFO] skip non existing resourceDirectory /home/user/Workspace/reproducibility/Reproducibility-Scanner/reproducer/workspace/Bears-183/spring-cloud-gcp-pubsub/src/main/resources
[INFO] 
[INFO] --- maven-compiler-plugin:3.1:compile (default-compile) @ spring-cloud-gcp-pubsub ---
[INFO] Nothing to compile - all classes are up to date
[INFO] 
[INFO] --- maven-resources-plugin:2.6:testResources (default-testResources) @ spring-cloud-gcp-pubsub ---
[INFO] Using 'UTF-8' encoding to copy filtered resources.
[INFO] Copying 1 resource
[INFO] 
[INFO] --- maven-compiler-plugin:3.1:testCompile (default-testCompile) @ spring-cloud-gcp-pubsub ---
[INFO] Nothing to compile - all classes are up to date
[INFO] 
[INFO] --- maven-surefire-plugin:2.12.4:test (default-test) @ spring-cloud-gcp-pubsub ---
[INFO] Surefire report directory: /home/user/Workspace/reproducibility/Reproducibility-Scanner/reproducer/workspace/Bears-183/spring-cloud-gcp-pubsub/target/surefire-reports

-------------------------------------------------------
 T E S T S
-------------------------------------------------------
Running org.springframework.cloud.gcp.pubsub.support.DefaultPublisherFactoryTests
18:20:02,343 |-INFO in ch.qos.logback.classic.LoggerContext[default] - Could NOT find resource [logback-test.xml]
18:20:02,343 |-INFO in ch.qos.logback.classic.LoggerContext[default] - Could NOT find resource [logback.groovy]
18:20:02,343 |-INFO in ch.qos.logback.classic.LoggerContext[default] - Found resource [logback.xml] at [file:/home/user/Workspace/reproducibility/Reproducibility-Scanner/reproducer/workspace/Bears-183/spring-cloud-gcp-pubsub/target/test-classes/logback.xml]
18:20:02,390 |-INFO in ch.qos.logback.classic.joran.action.ConfigurationAction - debug attribute not set
18:20:02,390 |-INFO in ch.qos.logback.core.joran.action.AppenderAction - About to instantiate appender of type [ch.qos.logback.core.ConsoleAppender]
18:20:02,396 |-INFO in ch.qos.logback.core.joran.action.AppenderAction - Naming appender as [STDOUT]
18:20:02,442 |-WARN in ch.qos.logback.core.ConsoleAppender[STDOUT] - This appender no longer admits a layout as a sub-component, set an encoder instead.
18:20:02,442 |-WARN in ch.qos.logback.core.ConsoleAppender[STDOUT] - To ensure compatibility, wrapping your layout in LayoutWrappingEncoder.
18:20:02,442 |-WARN in ch.qos.logback.core.ConsoleAppender[STDOUT] - See also http://logback.qos.ch/codes.html#layoutInsteadOfEncoder for details
18:20:02,443 |-INFO in ch.qos.logback.classic.joran.action.LoggerAction - Setting level of logger [io.netty.handler] to DEBUG
18:20:02,443 |-INFO in ch.qos.logback.classic.joran.action.LoggerAction - Setting level of logger [org.springframework.cloud] to INFO
18:20:02,443 |-INFO in ch.qos.logback.classic.joran.action.RootLoggerAction - Setting level of ROOT logger to INFO
18:20:02,443 |-INFO in ch.qos.logback.core.joran.action.AppenderRefAction - Attaching appender named [STDOUT] to Logger[ROOT]
18:20:02,443 |-INFO in ch.qos.logback.classic.joran.action.ConfigurationAction - End of configuration.
18:20:02,444 |-INFO in ch.qos.logback.classic.joran.JoranConfigurator@436c81a3 - Registering current configuration as safe fallback point

Tests run: 3, Failures: 0, Errors: 0, Skipped: 0, Time elapsed: 1.349 sec
Running org.springframework.cloud.gcp.pubsub.support.DefaultSubscriberFactoryTests
Tests run: 3, Failures: 0, Errors: 0, Skipped: 0, Time elapsed: 0.111 sec
Running org.springframework.cloud.gcp.pubsub.core.PubSubTemplateTests
2022-07-25 18:20:03.499 [main] WARN  o.s.c.gcp.pubsub.core.PubSubTemplate - Publishing to testTopic topic failed.
java.lang.Exception: future failed.
	at org.springframework.cloud.gcp.pubsub.core.PubSubTemplateTests.testSend_onFailure(PubSubTemplateTests.java:127)
	at sun.reflect.NativeMethodAccessorImpl.invoke0(Native Method)
	at sun.reflect.NativeMethodAccessorImpl.invoke(NativeMethodAccessorImpl.java:62)
	at sun.reflect.DelegatingMethodAccessorImpl.invoke(DelegatingMethodAccessorImpl.java:43)
	at java.lang.reflect.Method.invoke(Method.java:498)
	at org.junit.runners.model.FrameworkMethod$1.runReflectiveCall(FrameworkMethod.java:50)
	at org.junit.internal.runners.model.ReflectiveCallable.run(ReflectiveCallable.java:12)
	at org.junit.runners.model.FrameworkMethod.invokeExplosively(FrameworkMethod.java:47)
	at org.junit.internal.runners.statements.InvokeMethod.evaluate(InvokeMethod.java:17)
	at org.junit.internal.runners.statements.RunBefores.evaluate(RunBefores.java:26)
	at org.junit.runners.ParentRunner.runLeaf(ParentRunner.java:325)
	at org.junit.runners.BlockJUnit4ClassRunner.runChild(BlockJUnit4ClassRunner.java:78)
	at org.junit.runners.BlockJUnit4ClassRunner.runChild(BlockJUnit4ClassRunner.java:57)
	at org.junit.runners.ParentRunner$3.run(ParentRunner.java:290)
	at org.junit.runners.ParentRunner$1.schedule(ParentRunner.java:71)
	at org.junit.runners.ParentRunner.runChildren(ParentRunner.java:288)
	at org.junit.runners.ParentRunner.access$000(ParentRunner.java:58)
	at org.junit.runners.ParentRunner$2.evaluate(ParentRunner.java:268)
	at org.junit.runners.ParentRunner.run(ParentRunner.java:363)
	at org.mockito.internal.runners.DefaultInternalRunner$1.run(DefaultInternalRunner.java:79)
	at org.mockito.internal.runners.DefaultInternalRunner.run(DefaultInternalRunner.java:85)
	at org.mockito.internal.runners.StrictRunner.run(StrictRunner.java:39)
	at org.mockito.junit.MockitoJUnitRunner.run(MockitoJUnitRunner.java:163)
	at org.apache.maven.surefire.junit4.JUnit4Provider.execute(JUnit4Provider.java:252)
	at org.apache.maven.surefire.junit4.JUnit4Provider.executeTestSet(JUnit4Provider.java:141)
	at org.apache.maven.surefire.junit4.JUnit4Provider.invoke(JUnit4Provider.java:112)
	at sun.reflect.NativeMethodAccessorImpl.invoke0(Native Method)
	at sun.reflect.NativeMethodAccessorImpl.invoke(NativeMethodAccessorImpl.java:62)
	at sun.reflect.DelegatingMethodAccessorImpl.invoke(DelegatingMethodAccessorImpl.java:43)
	at java.lang.reflect.Method.invoke(Method.java:498)
	at org.apache.maven.surefire.util.ReflectionUtils.invokeMethodWithArray(ReflectionUtils.java:189)
	at org.apache.maven.surefire.booter.ProviderFactory$ProviderProxy.invoke(ProviderFactory.java:165)
	at org.apache.maven.surefire.booter.ProviderFactory.invokeProvider(ProviderFactory.java:85)
	at org.apache.maven.surefire.booter.ForkedBooter.runSuitesInProcess(ForkedBooter.java:115)
	at org.apache.maven.surefire.booter.ForkedBooter.main(ForkedBooter.java:75)
Tests run: 6, Failures: 0, Errors: 0, Skipped: 0, Time elapsed: 0.364 sec
Running org.springframework.cloud.gcp.pubsub.integration.outbound.PubSubMessageHandlerTests
Tests run: 4, Failures: 0, Errors: 0, Skipped: 0, Time elapsed: 0.205 sec
Running org.springframework.cloud.gcp.pubsub.integration.inbound.PubSubInboundChannelAdapterTests
Tests run: 1, Failures: 0, Errors: 0, Skipped: 0, Time elapsed: 0.008 sec
Running org.springframework.cloud.gcp.pubsub.PubSubAdminTests
Tests run: 3, Failures: 0, Errors: 0, Skipped: 0, Time elapsed: 0.063 sec

Results :

Tests run: 20, Failures: 0, Errors: 0, Skipped: 0

[INFO] 
[INFO] ---------< org.springframework.cloud:spring-cloud-gcp-storage >---------
[INFO] Building Spring Cloud GCP Storage Module 1.0.0.BUILD-SNAPSHOT     [4/33]
[INFO] --------------------------------[ jar ]---------------------------------
[INFO] 
[INFO] --- maven-checkstyle-plugin:2.17:check (validate) @ spring-cloud-gcp-storage ---
[INFO] 
[INFO] --- maven-checkstyle-plugin:2.17:check (checkstyle-validation) @ spring-cloud-gcp-storage ---
[INFO] 
[INFO] --- maven-resources-plugin:2.6:resources (default-resources) @ spring-cloud-gcp-storage ---
[INFO] Using 'UTF-8' encoding to copy filtered resources.
[INFO] skip non existing resourceDirectory /home/user/Workspace/reproducibility/Reproducibility-Scanner/reproducer/workspace/Bears-183/spring-cloud-gcp-storage/src/main/resources
[INFO] skip non existing resourceDirectory /home/user/Workspace/reproducibility/Reproducibility-Scanner/reproducer/workspace/Bears-183/spring-cloud-gcp-storage/src/main/resources
[INFO] 
[INFO] --- maven-compiler-plugin:3.1:compile (default-compile) @ spring-cloud-gcp-storage ---
[INFO] Nothing to compile - all classes are up to date
[INFO] 
[INFO] --- maven-resources-plugin:2.6:testResources (default-testResources) @ spring-cloud-gcp-storage ---
[INFO] Using 'UTF-8' encoding to copy filtered resources.
[INFO] Copying 1 resource
[INFO] 
[INFO] --- maven-compiler-plugin:3.1:testCompile (default-testCompile) @ spring-cloud-gcp-storage ---
[INFO] Nothing to compile - all classes are up to date
[INFO] 
[INFO] --- maven-surefire-plugin:2.12.4:test (default-test) @ spring-cloud-gcp-storage ---
[INFO] Surefire report directory: /home/user/Workspace/reproducibility/Reproducibility-Scanner/reproducer/workspace/Bears-183/spring-cloud-gcp-storage/target/surefire-reports

-------------------------------------------------------
 T E S T S
-------------------------------------------------------
Running org.springframework.cloud.gcp.storage.GoogleStorageIntegrationTests
18:20:04.426 [main] DEBUG org.springframework.test.context.junit4.SpringJUnit4ClassRunner - SpringJUnit4ClassRunner constructor called with [class org.springframework.cloud.gcp.storage.GoogleStorageIntegrationTests]
18:20:04.434 [main] DEBUG org.springframework.test.context.BootstrapUtils - Instantiating CacheAwareContextLoaderDelegate from class [org.springframework.test.context.cache.DefaultCacheAwareContextLoaderDelegate]
18:20:04.442 [main] DEBUG org.springframework.test.context.BootstrapUtils - Instantiating BootstrapContext using constructor [public org.springframework.test.context.support.DefaultBootstrapContext(java.lang.Class,org.springframework.test.context.CacheAwareContextLoaderDelegate)]
18:20:04.450 [main] DEBUG org.springframework.test.context.BootstrapUtils - Instantiating TestContextBootstrapper for test class [org.springframework.cloud.gcp.storage.GoogleStorageIntegrationTests] from class [org.springframework.test.context.support.DefaultTestContextBootstrapper]
18:20:04.479 [main] DEBUG org.springframework.test.context.support.AbstractDelegatingSmartContextLoader - Delegating to AnnotationConfigContextLoader to process context configuration [ContextConfigurationAttributes@5f3a4b84 declaringClass = 'org.springframework.cloud.gcp.storage.GoogleStorageIntegrationTests', classes = '{class org.springframework.cloud.gcp.storage.GoogleStorageIntegrationTestsConfiguration}', locations = '{}', inheritLocations = true, initializers = '{}', inheritInitializers = true, name = [null], contextLoaderClass = 'org.springframework.test.context.ContextLoader'].
18:20:04.524 [main] DEBUG org.springframework.test.context.support.ActiveProfilesUtils - Could not find an 'annotation declaring class' for annotation type [org.springframework.test.context.ActiveProfiles] and class [org.springframework.cloud.gcp.storage.GoogleStorageIntegrationTests]
18:20:04.525 [main] DEBUG org.springframework.test.context.support.DefaultTestContextBootstrapper - @TestExecutionListeners is not present for class [org.springframework.cloud.gcp.storage.GoogleStorageIntegrationTests]: using defaults.
18:20:04.526 [main] INFO org.springframework.test.context.support.DefaultTestContextBootstrapper - Loaded default TestExecutionListener class names from location [META-INF/spring.factories]: [org.springframework.boot.test.mock.mockito.MockitoTestExecutionListener, org.springframework.boot.test.mock.mockito.ResetMocksTestExecutionListener, org.springframework.boot.test.autoconfigure.restdocs.RestDocsTestExecutionListener, org.springframework.boot.test.autoconfigure.web.client.MockRestServiceServerResetTestExecutionListener, org.springframework.boot.test.autoconfigure.web.servlet.MockMvcPrintOnlyOnFailureTestExecutionListener, org.springframework.boot.test.autoconfigure.web.servlet.WebDriverTestExecutionListener, org.springframework.test.context.web.ServletTestExecutionListener, org.springframework.test.context.support.DirtiesContextBeforeModesTestExecutionListener, org.springframework.test.context.support.DependencyInjectionTestExecutionListener, org.springframework.test.context.support.DirtiesContextTestExecutionListener, org.springframework.test.context.transaction.TransactionalTestExecutionListener, org.springframework.test.context.jdbc.SqlScriptsTestExecutionListener]
18:20:04.534 [main] DEBUG org.springframework.test.context.support.DefaultTestContextBootstrapper - Skipping candidate TestExecutionListener [org.springframework.test.context.web.ServletTestExecutionListener] due to a missing dependency. Specify custom listener classes or make the default listener classes and their required dependencies available. Offending class: [javax/servlet/ServletContext]
18:20:04.619 [main] INFO org.springframework.test.context.support.DefaultTestContextBootstrapper - Using TestExecutionListeners: [org.springframework.test.context.support.DirtiesContextBeforeModesTestExecutionListener@4c9f8c13, org.springframework.boot.test.mock.mockito.MockitoTestExecutionListener@5ae50ce6, org.springframework.test.context.support.DependencyInjectionTestExecutionListener@6f96c77, org.springframework.test.context.support.DirtiesContextTestExecutionListener@be64738, org.springframework.test.context.transaction.TransactionalTestExecutionListener@3ba9ad43, org.springframework.test.context.jdbc.SqlScriptsTestExecutionListener@49d904ec, org.springframework.boot.test.mock.mockito.ResetMocksTestExecutionListener@48e4374, org.springframework.boot.test.autoconfigure.restdocs.RestDocsTestExecutionListener@3d680b5a, org.springframework.boot.test.autoconfigure.web.client.MockRestServiceServerResetTestExecutionListener@4b5d6a01, org.springframework.boot.test.autoconfigure.web.servlet.MockMvcPrintOnlyOnFailureTestExecutionListener@4a22f9e2, org.springframework.boot.test.autoconfigure.web.servlet.WebDriverTestExecutionListener@3c419631]
18:20:04.620 [main] DEBUG org.springframework.test.annotation.ProfileValueUtils - Retrieved @ProfileValueSourceConfiguration [null] for test class [org.springframework.cloud.gcp.storage.GoogleStorageIntegrationTests]
18:20:04.621 [main] DEBUG org.springframework.test.annotation.ProfileValueUtils - Retrieved ProfileValueSource type [class org.springframework.test.annotation.SystemProfileValueSource] for class [org.springframework.cloud.gcp.storage.GoogleStorageIntegrationTests]
18:20:04.621 [main] DEBUG org.springframework.test.annotation.ProfileValueUtils - Retrieved @ProfileValueSourceConfiguration [null] for test class [org.springframework.cloud.gcp.storage.GoogleStorageIntegrationTests]
18:20:04.622 [main] DEBUG org.springframework.test.annotation.ProfileValueUtils - Retrieved ProfileValueSource type [class org.springframework.test.annotation.SystemProfileValueSource] for class [org.springframework.cloud.gcp.storage.GoogleStorageIntegrationTests]
18:20:04.624 [main] DEBUG org.springframework.test.context.support.AbstractDirtiesContextTestExecutionListener - Before test class: context [DefaultTestContext@e056f20 testClass = GoogleStorageIntegrationTests, testInstance = [null], testMethod = [null], testException = [null], mergedContextConfiguration = [MergedContextConfiguration@4b0b0854 testClass = GoogleStorageIntegrationTests, locations = '{}', classes = '{class org.springframework.cloud.gcp.storage.GoogleStorageIntegrationTestsConfiguration}', contextInitializerClasses = '[]', activeProfiles = '{}', propertySourceLocations = '{}', propertySourceProperties = '{}', contextCustomizers = set[org.springframework.boot.test.context.filter.ExcludeFilterContextCustomizer@6eceb130, org.springframework.boot.test.json.DuplicateJsonObjectContextCustomizerFactory$DuplicateJsonObjectContextCustomizer@5c072e3f, org.springframework.boot.test.mock.mockito.MockitoContextCustomizer@0, org.springframework.boot.test.autoconfigure.properties.PropertyMappingContextCustomizer@0, org.springframework.boot.test.autoconfigure.web.servlet.WebDriverContextCustomizerFactory$Customizer@7e9a5fbe], contextLoader = 'org.springframework.test.context.support.DelegatingSmartContextLoader', parent = [null]], attributes = map[[empty]]], class annotated with @DirtiesContext [false] with mode [null].
18:20:04.629 [main] DEBUG org.springframework.test.context.support.AbstractDirtiesContextTestExecutionListener - After test class: context [DefaultTestContext@e056f20 testClass = GoogleStorageIntegrationTests, testInstance = [null], testMethod = [null], testException = [null], mergedContextConfiguration = [MergedContextConfiguration@4b0b0854 testClass = GoogleStorageIntegrationTests, locations = '{}', classes = '{class org.springframework.cloud.gcp.storage.GoogleStorageIntegrationTestsConfiguration}', contextInitializerClasses = '[]', activeProfiles = '{}', propertySourceLocations = '{}', propertySourceProperties = '{}', contextCustomizers = set[org.springframework.boot.test.context.filter.ExcludeFilterContextCustomizer@6eceb130, org.springframework.boot.test.json.DuplicateJsonObjectContextCustomizerFactory$DuplicateJsonObjectContextCustomizer@5c072e3f, org.springframework.boot.test.mock.mockito.MockitoContextCustomizer@0, org.springframework.boot.test.autoconfigure.properties.PropertyMappingContextCustomizer@0, org.springframework.boot.test.autoconfigure.web.servlet.WebDriverContextCustomizerFactory$Customizer@7e9a5fbe], contextLoader = 'org.springframework.test.context.support.DelegatingSmartContextLoader', parent = [null]], attributes = map[[empty]]], class annotated with @DirtiesContext [false] with mode [null].
Tests run: 1, Failures: 0, Errors: 0, Skipped: 1, Time elapsed: 0.467 sec
Running org.springframework.cloud.gcp.storage.GoogleStorageTests
18:20:04.636 [main] DEBUG org.springframework.test.context.junit4.SpringJUnit4ClassRunner - SpringJUnit4ClassRunner constructor called with [class org.springframework.cloud.gcp.storage.GoogleStorageTests]
18:20:04.637 [main] DEBUG org.springframework.test.context.BootstrapUtils - Instantiating CacheAwareContextLoaderDelegate from class [org.springframework.test.context.cache.DefaultCacheAwareContextLoaderDelegate]
18:20:04.637 [main] DEBUG org.springframework.test.context.BootstrapUtils - Instantiating BootstrapContext using constructor [public org.springframework.test.context.support.DefaultBootstrapContext(java.lang.Class,org.springframework.test.context.CacheAwareContextLoaderDelegate)]
18:20:04.640 [main] DEBUG org.springframework.test.context.BootstrapUtils - Instantiating TestContextBootstrapper for test class [org.springframework.cloud.gcp.storage.GoogleStorageTests] from class [org.springframework.boot.test.context.SpringBootTestContextBootstrapper]
18:20:04.644 [main] INFO org.springframework.boot.test.context.SpringBootTestContextBootstrapper - Neither @ContextConfiguration nor @ContextHierarchy found for test class [org.springframework.cloud.gcp.storage.GoogleStorageTests], using SpringBootContextLoader
18:20:04.645 [main] DEBUG org.springframework.test.context.support.AbstractContextLoader - Did not detect default resource location for test class [org.springframework.cloud.gcp.storage.GoogleStorageTests]: class path resource [org/springframework/cloud/gcp/storage/GoogleStorageTests-context.xml] does not exist
18:20:04.645 [main] DEBUG org.springframework.test.context.support.AbstractContextLoader - Did not detect default resource location for test class [org.springframework.cloud.gcp.storage.GoogleStorageTests]: class path resource [org/springframework/cloud/gcp/storage/GoogleStorageTestsContext.groovy] does not exist
18:20:04.645 [main] INFO org.springframework.test.context.support.AbstractContextLoader - Could not detect default resource locations for test class [org.springframework.cloud.gcp.storage.GoogleStorageTests]: no resource found for suffixes {-context.xml, Context.groovy}.
18:20:04.654 [main] DEBUG org.springframework.test.context.support.ActiveProfilesUtils - Could not find an 'annotation declaring class' for annotation type [org.springframework.test.context.ActiveProfiles] and class [org.springframework.cloud.gcp.storage.GoogleStorageTests]
18:20:04.786 [main] DEBUG org.springframework.boot.test.context.SpringBootTestContextBootstrapper - @TestExecutionListeners is not present for class [org.springframework.cloud.gcp.storage.GoogleStorageTests]: using defaults.
18:20:04.786 [main] INFO org.springframework.boot.test.context.SpringBootTestContextBootstrapper - Loaded default TestExecutionListener class names from location [META-INF/spring.factories]: [org.springframework.boot.test.mock.mockito.MockitoTestExecutionListener, org.springframework.boot.test.mock.mockito.ResetMocksTestExecutionListener, org.springframework.boot.test.autoconfigure.restdocs.RestDocsTestExecutionListener, org.springframework.boot.test.autoconfigure.web.client.MockRestServiceServerResetTestExecutionListener, org.springframework.boot.test.autoconfigure.web.servlet.MockMvcPrintOnlyOnFailureTestExecutionListener, org.springframework.boot.test.autoconfigure.web.servlet.WebDriverTestExecutionListener, org.springframework.test.context.web.ServletTestExecutionListener, org.springframework.test.context.support.DirtiesContextBeforeModesTestExecutionListener, org.springframework.test.context.support.DependencyInjectionTestExecutionListener, org.springframework.test.context.support.DirtiesContextTestExecutionListener, org.springframework.test.context.transaction.TransactionalTestExecutionListener, org.springframework.test.context.jdbc.SqlScriptsTestExecutionListener]
18:20:04.788 [main] DEBUG org.springframework.boot.test.context.SpringBootTestContextBootstrapper - Skipping candidate TestExecutionListener [org.springframework.test.context.web.ServletTestExecutionListener] due to a missing dependency. Specify custom listener classes or make the default listener classes and their required dependencies available. Offending class: [javax/servlet/ServletContext]
18:20:04.788 [main] INFO org.springframework.boot.test.context.SpringBootTestContextBootstrapper - Using TestExecutionListeners: [org.springframework.test.context.support.DirtiesContextBeforeModesTestExecutionListener@5403f35f, org.springframework.boot.test.mock.mockito.MockitoTestExecutionListener@483f6d77, org.springframework.boot.test.autoconfigure.SpringBootDependencyInjectionTestExecutionListener@7e5afaa6, org.springframework.test.context.support.DirtiesContextTestExecutionListener@63a12c68, org.springframework.test.context.transaction.TransactionalTestExecutionListener@28f3b248, org.springframework.test.context.jdbc.SqlScriptsTestExecutionListener@1b1426f4, org.springframework.boot.test.mock.mockito.ResetMocksTestExecutionListener@32b260fa, org.springframework.boot.test.autoconfigure.restdocs.RestDocsTestExecutionListener@581ac8a8, org.springframework.boot.test.autoconfigure.web.client.MockRestServiceServerResetTestExecutionListener@6d4e5011, org.springframework.boot.test.autoconfigure.web.servlet.MockMvcPrintOnlyOnFailureTestExecutionListener@57d7f8ca, org.springframework.boot.test.autoconfigure.web.servlet.WebDriverTestExecutionListener@76c3e77a]
18:20:04.789 [main] DEBUG org.springframework.test.annotation.ProfileValueUtils - Retrieved @ProfileValueSourceConfiguration [null] for test class [org.springframework.cloud.gcp.storage.GoogleStorageTests]
18:20:04.789 [main] DEBUG org.springframework.test.annotation.ProfileValueUtils - Retrieved ProfileValueSource type [class org.springframework.test.annotation.SystemProfileValueSource] for class [org.springframework.cloud.gcp.storage.GoogleStorageTests]
18:20:04.789 [main] DEBUG org.springframework.test.annotation.ProfileValueUtils - Retrieved @ProfileValueSourceConfiguration [null] for test class [org.springframework.cloud.gcp.storage.GoogleStorageTests]
18:20:04.789 [main] DEBUG org.springframework.test.annotation.ProfileValueUtils - Retrieved ProfileValueSource type [class org.springframework.test.annotation.SystemProfileValueSource] for class [org.springframework.cloud.gcp.storage.GoogleStorageTests]
18:20:04.791 [main] DEBUG org.springframework.test.context.support.AbstractDirtiesContextTestExecutionListener - Before test class: context [DefaultTestContext@78123e82 testClass = GoogleStorageTests, testInstance = [null], testMethod = [null], testException = [null], mergedContextConfiguration = [MergedContextConfiguration@67c33749 testClass = GoogleStorageTests, locations = '{}', classes = '{class org.springframework.cloud.gcp.storage.GoogleStorageTests$StorageApplication}', contextInitializerClasses = '[]', activeProfiles = '{}', propertySourceLocations = '{}', propertySourceProperties = '{org.springframework.boot.test.context.SpringBootTestContextBootstrapper=true}', contextCustomizers = set[org.springframework.boot.test.context.filter.ExcludeFilterContextCustomizer@6eceb130, org.springframework.boot.test.json.DuplicateJsonObjectContextCustomizerFactory$DuplicateJsonObjectContextCustomizer@5c072e3f, org.springframework.boot.test.mock.mockito.MockitoContextCustomizer@0, org.springframework.boot.test.web.client.TestRestTemplateContextCustomizer@55b7a4e0, org.springframework.boot.test.autoconfigure.properties.PropertyMappingContextCustomizer@0, org.springframework.boot.test.autoconfigure.web.servlet.WebDriverContextCustomizerFactory$Customizer@7e9a5fbe], contextLoader = 'org.springframework.boot.test.context.SpringBootContextLoader', parent = [null]], attributes = map[[empty]]], class annotated with @DirtiesContext [false] with mode [null].
18:20:04.791 [main] DEBUG org.springframework.test.annotation.ProfileValueUtils - Retrieved @ProfileValueSourceConfiguration [null] for test class [org.springframework.cloud.gcp.storage.GoogleStorageTests]
18:20:04.792 [main] DEBUG org.springframework.test.annotation.ProfileValueUtils - Retrieved ProfileValueSource type [class org.springframework.test.annotation.SystemProfileValueSource] for class [org.springframework.cloud.gcp.storage.GoogleStorageTests]
18:20:04.795 [main] DEBUG org.springframework.test.context.support.DependencyInjectionTestExecutionListener - Performing dependency injection for test context [[DefaultTestContext@78123e82 testClass = GoogleStorageTests, testInstance = org.springframework.cloud.gcp.storage.GoogleStorageTests@28f2a10f, testMethod = [null], testException = [null], mergedContextConfiguration = [MergedContextConfiguration@67c33749 testClass = GoogleStorageTests, locations = '{}', classes = '{class org.springframework.cloud.gcp.storage.GoogleStorageTests$StorageApplication}', contextInitializerClasses = '[]', activeProfiles = '{}', propertySourceLocations = '{}', propertySourceProperties = '{org.springframework.boot.test.context.SpringBootTestContextBootstrapper=true}', contextCustomizers = set[org.springframework.boot.test.context.filter.ExcludeFilterContextCustomizer@6eceb130, org.springframework.boot.test.json.DuplicateJsonObjectContextCustomizerFactory$DuplicateJsonObjectContextCustomizer@5c072e3f, org.springframework.boot.test.mock.mockito.MockitoContextCustomizer@0, org.springframework.boot.test.web.client.TestRestTemplateContextCustomizer@55b7a4e0, org.springframework.boot.test.autoconfigure.properties.PropertyMappingContextCustomizer@0, org.springframework.boot.test.autoconfigure.web.servlet.WebDriverContextCustomizerFactory$Customizer@7e9a5fbe], contextLoader = 'org.springframework.boot.test.context.SpringBootContextLoader', parent = [null]], attributes = map[[empty]]]].
18:20:04.815 [main] DEBUG org.springframework.core.env.StandardEnvironment - Adding PropertySource 'systemProperties' with lowest search precedence
18:20:04.816 [main] DEBUG org.springframework.core.env.StandardEnvironment - Adding PropertySource 'systemEnvironment' with lowest search precedence
18:20:04.817 [main] DEBUG org.springframework.core.env.StandardEnvironment - Initialized StandardEnvironment with PropertySources [MapPropertySource@1627396964 {name='systemProperties', properties={java.runtime.name=OpenJDK Runtime Environment, sun.boot.library.path=/usr/lib/jvm/java-8-openjdk-amd64/jre/lib/amd64, java.vm.version=25.312-b07, java.vm.vendor=Private Build, java.vendor.url=http://java.oracle.com/, skip.gulp=true, path.separator=:, java.vm.name=OpenJDK 64-Bit Server VM, file.encoding.pkg=sun.io, findbugs.skip=true, user.country=US, sun.java.launcher=SUN_STANDARD, sun.os.patch.level=unknown, java.vm.specification.name=Java Virtual Machine Specification, user.dir=/home/user/Workspace/reproducibility/Reproducibility-Scanner/reproducer/workspace/Bears-183/spring-cloud-gcp-storage, checkstyle.skip=true, java.runtime.version=1.8.0_312-8u312-b07-0ubuntu1~20.04-b07, skip.npm=true, basedir=/home/user/Workspace/reproducibility/Reproducibility-Scanner/reproducer/workspace/Bears-183/spring-cloud-gcp-storage, java.awt.graphicsenv=sun.awt.X11GraphicsEnvironment, java.endorsed.dirs=/usr/lib/jvm/java-8-openjdk-amd64/jre/lib/endorsed, os.arch=amd64, surefire.real.class.path=/home/user/Workspace/reproducibility/Reproducibility-Scanner/reproducer/workspace/Bears-183/spring-cloud-gcp-storage/target/surefire/surefirebooter8980402010061905914.jar, gpg.skip=true, java.io.tmpdir=/tmp, line.separator=
, cobertura.skip=true, java.vm.specification.vendor=Oracle Corporation, os.name=Linux, sun.jnu.encoding=UTF-8, license.skip=true, java.library.path=/usr/java/packages/lib/amd64:/usr/lib/x86_64-linux-gnu/jni:/lib/x86_64-linux-gnu:/usr/lib/x86_64-linux-gnu:/usr/lib/jni:/lib:/usr/lib, surefire.test.class.path=/home/user/Workspace/reproducibility/Reproducibility-Scanner/reproducer/workspace/Bears-183/spring-cloud-gcp-storage/target/test-classes:/home/user/Workspace/reproducibility/Reproducibility-Scanner/reproducer/workspace/Bears-183/spring-cloud-gcp-storage/target/classes:/home/user/.m2/repository/org/springframework/spring-context/5.0.5.RELEASE/spring-context-5.0.5.RELEASE.jar:/home/user/.m2/repository/org/springframework/spring-aop/5.0.5.RELEASE/spring-aop-5.0.5.RELEASE.jar:/home/user/.m2/repository/org/springframework/spring-beans/5.0.5.RELEASE/spring-beans-5.0.5.RELEASE.jar:/home/user/.m2/repository/org/springframework/spring-core/5.0.5.RELEASE/spring-core-5.0.5.RELEASE.jar:/home/user/.m2/repository/org/springframework/spring-jcl/5.0.5.RELEASE/spring-jcl-5.0.5.RELEASE.jar:/home/user/.m2/repository/org/springframework/spring-expression/5.0.5.RELEASE/spring-expression-5.0.5.RELEASE.jar:/home/user/.m2/repository/com/google/cloud/google-cloud-storage/1.25.0/google-cloud-storage-1.25.0.jar:/home/user/.m2/repository/com/google/cloud/google-cloud-core/1.25.0/google-cloud-core-1.25.0.jar:/home/user/.m2/repository/com/google/guava/guava/20.0/guava-20.0.jar:/home/user/.m2/repository/joda-time/joda-time/2.9.9/joda-time-2.9.9.jar:/home/user/.m2/repository/com/google/http-client/google-http-client/1.23.0/google-http-client-1.23.0.jar:/home/user/.m2/repository/org/apache/httpcomponents/httpclient/4.5.5/httpclient-4.5.5.jar:/home/user/.m2/repository/org/apache/httpcomponents/httpcore/4.4.9/httpcore-4.4.9.jar:/home/user/.m2/repository/commons-codec/commons-codec/1.11/commons-codec-1.11.jar:/home/user/.m2/repository/com/google/code/findbugs/jsr305/3.0.1/jsr305-3.0.1.jar:/home/user/.m2/repository/com/google/api/api-common/1.5.0/api-common-1.5.0.jar:/home/user/.m2/repository/com/google/api/gax/1.23.0/gax-1.23.0.jar:/home/user/.m2/repository/org/threeten/threetenbp/1.3.3/threetenbp-1.3.3.jar:/home/user/.m2/repository/com/google/protobuf/protobuf-java-util/3.5.1/protobuf-java-util-3.5.1.jar:/home/user/.m2/repository/com/google/protobuf/protobuf-java/3.5.1/protobuf-java-3.5.1.jar:/home/user/.m2/repository/com/google/code/gson/gson/2.8.2/gson-2.8.2.jar:/home/user/.m2/repository/com/google/api/grpc/proto-google-common-protos/1.7.0/proto-google-common-protos-1.7.0.jar:/home/user/.m2/repository/com/google/api/grpc/proto-google-iam-v1/0.8.0/proto-google-iam-v1-0.8.0.jar:/home/user/.m2/repository/com/google/cloud/google-cloud-core-http/1.25.0/google-cloud-core-http-1.25.0.jar:/home/user/.m2/repository/com/google/auth/google-auth-library-credentials/0.9.0/google-auth-library-credentials-0.9.0.jar:/home/user/.m2/repository/com/google/auth/google-auth-library-oauth2-http/0.7.1/google-auth-library-oauth2-http-0.7.1.jar:/home/user/.m2/repository/com/google/oauth-client/google-oauth-client/1.23.0/google-oauth-client-1.23.0.jar:/home/user/.m2/repository/com/google/api-client/google-api-client/1.23.0/google-api-client-1.23.0.jar:/home/user/.m2/repository/com/google/http-client/google-http-client-appengine/1.23.0/google-http-client-appengine-1.23.0.jar:/home/user/.m2/repository/com/google/http-client/google-http-client-jackson/1.23.0/google-http-client-jackson-1.23.0.jar:/home/user/.m2/repository/org/codehaus/jackson/jackson-core-asl/1.9.11/jackson-core-asl-1.9.11.jar:/home/user/.m2/repository/com/google/http-client/google-http-client-jackson2/1.23.0/google-http-client-jackson2-1.23.0.jar:/home/user/.m2/repository/com/fasterxml/jackson/core/jackson-core/2.9.3/jackson-core-2.9.3.jar:/home/user/.m2/repository/com/google/api/gax-httpjson/0.40.0/gax-httpjson-0.40.0.jar:/home/user/.m2/repository/io/opencensus/opencensus-api/0.11.1/opencensus-api-0.11.1.jar:/home/user/.m2/repository/com/google/errorprone/error_prone_annotations/2.2.0/error_prone_annotations-2.2.0.jar:/home/user/.m2/repository/io/grpc/grpc-context/1.9.0/grpc-context-1.9.0.jar:/home/user/.m2/repository/io/opencensus/opencensus-contrib-http-util/0.11.1/opencensus-contrib-http-util-0.11.1.jar:/home/user/.m2/repository/com/google/apis/google-api-services-storage/v1-rev114-1.23.0/google-api-services-storage-v1-rev114-1.23.0.jar:/home/user/.m2/repository/org/springframework/integration/spring-integration-file/5.0.4.RELEASE/spring-integration-file-5.0.4.RELEASE.jar:/home/user/.m2/repository/org/springframework/integration/spring-integration-core/5.0.4.RELEASE/spring-integration-core-5.0.4.RELEASE.jar:/home/user/.m2/repository/org/springframework/spring-messaging/5.0.5.RELEASE/spring-messaging-5.0.5.RELEASE.jar:/home/user/.m2/repository/org/springframework/spring-tx/5.0.5.RELEASE/spring-tx-5.0.5.RELEASE.jar:/home/user/.m2/repository/org/springframework/retry/spring-retry/1.2.2.RELEASE/spring-retry-1.2.2.RELEASE.jar:/home/user/.m2/repository/io/projectreactor/reactor-core/3.1.6.RELEASE/reactor-core-3.1.6.RELEASE.jar:/home/user/.m2/repository/org/reactivestreams/reactive-streams/1.0.2/reactive-streams-1.0.2.jar:/home/user/.m2/repository/commons-io/commons-io/2.4/commons-io-2.4.jar:/home/user/Workspace/reproducibility/Reproducibility-Scanner/reproducer/workspace/Bears-183/spring-cloud-gcp-core/target/classes:/home/user/.m2/repository/junit/junit/4.12/junit-4.12.jar:/home/user/.m2/repository/org/hamcrest/hamcrest-core/1.3/hamcrest-core-1.3.jar:/home/user/.m2/repository/org/slf4j/slf4j-api/1.7.25/slf4j-api-1.7.25.jar:/home/user/.m2/repository/org/mockito/mockito-core/2.15.0/mockito-core-2.15.0.jar:/home/user/.m2/repository/net/bytebuddy/byte-buddy/1.7.11/byte-buddy-1.7.11.jar:/home/user/.m2/repository/net/bytebuddy/byte-buddy-agent/1.7.11/byte-buddy-agent-1.7.11.jar:/home/user/.m2/repository/org/objenesis/objenesis/2.6/objenesis-2.6.jar:/home/user/.m2/repository/org/springframework/boot/spring-boot-starter-test/2.0.1.RELEASE/spring-boot-starter-test-2.0.1.RELEASE.jar:/home/user/.m2/repository/org/springframework/boot/spring-boot-starter/2.0.1.RELEASE/spring-boot-starter-2.0.1.RELEASE.jar:/home/user/.m2/repository/org/springframework/boot/spring-boot/2.0.1.RELEASE/spring-boot-2.0.1.RELEASE.jar:/home/user/.m2/repository/org/springframework/boot/spring-boot-autoconfigure/2.0.1.RELEASE/spring-boot-autoconfigure-2.0.1.RELEASE.jar:/home/user/.m2/repository/org/springframework/boot/spring-boot-starter-logging/2.0.1.RELEASE/spring-boot-starter-logging-2.0.1.RELEASE.jar:/home/user/.m2/repository/ch/qos/logback/logback-classic/1.2.3/logback-classic-1.2.3.jar:/home/user/.m2/repository/ch/qos/logback/logback-core/1.2.3/logback-core-1.2.3.jar:/home/user/.m2/repository/org/apache/logging/log4j/log4j-to-slf4j/2.10.0/log4j-to-slf4j-2.10.0.jar:/home/user/.m2/repository/org/apache/logging/log4j/log4j-api/2.10.0/log4j-api-2.10.0.jar:/home/user/.m2/repository/org/slf4j/jul-to-slf4j/1.7.25/jul-to-slf4j-1.7.25.jar:/home/user/.m2/repository/javax/annotation/javax.annotation-api/1.3.2/javax.annotation-api-1.3.2.jar:/home/user/.m2/repository/org/yaml/snakeyaml/1.19/snakeyaml-1.19.jar:/home/user/.m2/repository/org/springframework/boot/spring-boot-test/2.0.1.RELEASE/spring-boot-test-2.0.1.RELEASE.jar:/home/user/.m2/repository/org/springframework/boot/spring-boot-test-autoconfigure/2.0.1.RELEASE/spring-boot-test-autoconfigure-2.0.1.RELEASE.jar:/home/user/.m2/repository/com/jayway/jsonpath/json-path/2.4.0/json-path-2.4.0.jar:/home/user/.m2/repository/net/minidev/json-smart/2.3/json-smart-2.3.jar:/home/user/.m2/repository/net/minidev/accessors-smart/1.2/accessors-smart-1.2.jar:/home/user/.m2/repository/org/ow2/asm/asm/5.0.4/asm-5.0.4.jar:/home/user/.m2/repository/org/assertj/assertj-core/3.9.1/assertj-core-3.9.1.jar:/home/user/.m2/repository/org/hamcrest/hamcrest-library/1.3/hamcrest-library-1.3.jar:/home/user/.m2/repository/org/skyscreamer/jsonassert/1.5.0/jsonassert-1.5.0.jar:/home/user/.m2/repository/com/vaadin/external/google/android-json/0.0.20131108.vaadin1/android-json-0.0.20131108.vaadin1.jar:/home/user/.m2/repository/org/springframework/spring-test/5.0.5.RELEASE/spring-test-5.0.5.RELEASE.jar:/home/user/.m2/repository/org/xmlunit/xmlunit-core/2.5.1/xmlunit-core-2.5.1.jar:, altSnapshotDeploymentRepository=repo.spring.io::default::https://repo.spring.io/libs-snapshot-local, java.specification.name=Java Platform API Specification, java.class.version=52.0, skip.bower=true, sun.management.compiler=HotSpot 64-Bit Tiered Compilers, os.version=5.15.0-41-generic, user.home=/home/user, user.timezone=America/Los_Angeles, java.awt.printerjob=sun.print.PSPrinterJob, file.encoding=UTF-8, java.specification.version=1.8, java.class.path=/home/user/Workspace/reproducibility/Reproducibility-Scanner/reproducer/workspace/Bears-183/spring-cloud-gcp-storage/target/test-classes:/home/user/Workspace/reproducibility/Reproducibility-Scanner/reproducer/workspace/Bears-183/spring-cloud-gcp-storage/target/classes:/home/user/.m2/repository/org/springframework/spring-context/5.0.5.RELEASE/spring-context-5.0.5.RELEASE.jar:/home/user/.m2/repository/org/springframework/spring-aop/5.0.5.RELEASE/spring-aop-5.0.5.RELEASE.jar:/home/user/.m2/repository/org/springframework/spring-beans/5.0.5.RELEASE/spring-beans-5.0.5.RELEASE.jar:/home/user/.m2/repository/org/springframework/spring-core/5.0.5.RELEASE/spring-core-5.0.5.RELEASE.jar:/home/user/.m2/repository/org/springframework/spring-jcl/5.0.5.RELEASE/spring-jcl-5.0.5.RELEASE.jar:/home/user/.m2/repository/org/springframework/spring-expression/5.0.5.RELEASE/spring-expression-5.0.5.RELEASE.jar:/home/user/.m2/repository/com/google/cloud/google-cloud-storage/1.25.0/google-cloud-storage-1.25.0.jar:/home/user/.m2/repository/com/google/cloud/google-cloud-core/1.25.0/google-cloud-core-1.25.0.jar:/home/user/.m2/repository/com/google/guava/guava/20.0/guava-20.0.jar:/home/user/.m2/repository/joda-time/joda-time/2.9.9/joda-time-2.9.9.jar:/home/user/.m2/repository/com/google/http-client/google-http-client/1.23.0/google-http-client-1.23.0.jar:/home/user/.m2/repository/org/apache/httpcomponents/httpclient/4.5.5/httpclient-4.5.5.jar:/home/user/.m2/repository/org/apache/httpcomponents/httpcore/4.4.9/httpcore-4.4.9.jar:/home/user/.m2/repository/commons-codec/commons-codec/1.11/commons-codec-1.11.jar:/home/user/.m2/repository/com/google/code/findbugs/jsr305/3.0.1/jsr305-3.0.1.jar:/home/user/.m2/repository/com/google/api/api-common/1.5.0/api-common-1.5.0.jar:/home/user/.m2/repository/com/google/api/gax/1.23.0/gax-1.23.0.jar:/home/user/.m2/repository/org/threeten/threetenbp/1.3.3/threetenbp-1.3.3.jar:/home/user/.m2/repository/com/google/protobuf/protobuf-java-util/3.5.1/protobuf-java-util-3.5.1.jar:/home/user/.m2/repository/com/google/protobuf/protobuf-java/3.5.1/protobuf-java-3.5.1.jar:/home/user/.m2/repository/com/google/code/gson/gson/2.8.2/gson-2.8.2.jar:/home/user/.m2/repository/com/google/api/grpc/proto-google-common-protos/1.7.0/proto-google-common-protos-1.7.0.jar:/home/user/.m2/repository/com/google/api/grpc/proto-google-iam-v1/0.8.0/proto-google-iam-v1-0.8.0.jar:/home/user/.m2/repository/com/google/cloud/google-cloud-core-http/1.25.0/google-cloud-core-http-1.25.0.jar:/home/user/.m2/repository/com/google/auth/google-auth-library-credentials/0.9.0/google-auth-library-credentials-0.9.0.jar:/home/user/.m2/repository/com/google/auth/google-auth-library-oauth2-http/0.7.1/google-auth-library-oauth2-http-0.7.1.jar:/home/user/.m2/repository/com/google/oauth-client/google-oauth-client/1.23.0/google-oauth-client-1.23.0.jar:/home/user/.m2/repository/com/google/api-client/google-api-client/1.23.0/google-api-client-1.23.0.jar:/home/user/.m2/repository/com/google/http-client/google-http-client-appengine/1.23.0/google-http-client-appengine-1.23.0.jar:/home/user/.m2/repository/com/google/http-client/google-http-client-jackson/1.23.0/google-http-client-jackson-1.23.0.jar:/home/user/.m2/repository/org/codehaus/jackson/jackson-core-asl/1.9.11/jackson-core-asl-1.9.11.jar:/home/user/.m2/repository/com/google/http-client/google-http-client-jackson2/1.23.0/google-http-client-jackson2-1.23.0.jar:/home/user/.m2/repository/com/fasterxml/jackson/core/jackson-core/2.9.3/jackson-core-2.9.3.jar:/home/user/.m2/repository/com/google/api/gax-httpjson/0.40.0/gax-httpjson-0.40.0.jar:/home/user/.m2/repository/io/opencensus/opencensus-api/0.11.1/opencensus-api-0.11.1.jar:/home/user/.m2/repository/com/google/errorprone/error_prone_annotations/2.2.0/error_prone_annotations-2.2.0.jar:/home/user/.m2/repository/io/grpc/grpc-context/1.9.0/grpc-context-1.9.0.jar:/home/user/.m2/repository/io/opencensus/opencensus-contrib-http-util/0.11.1/opencensus-contrib-http-util-0.11.1.jar:/home/user/.m2/repository/com/google/apis/google-api-services-storage/v1-rev114-1.23.0/google-api-services-storage-v1-rev114-1.23.0.jar:/home/user/.m2/repository/org/springframework/integration/spring-integration-file/5.0.4.RELEASE/spring-integration-file-5.0.4.RELEASE.jar:/home/user/.m2/repository/org/springframework/integration/spring-integration-core/5.0.4.RELEASE/spring-integration-core-5.0.4.RELEASE.jar:/home/user/.m2/repository/org/springframework/spring-messaging/5.0.5.RELEASE/spring-messaging-5.0.5.RELEASE.jar:/home/user/.m2/repository/org/springframework/spring-tx/5.0.5.RELEASE/spring-tx-5.0.5.RELEASE.jar:/home/user/.m2/repository/org/springframework/retry/spring-retry/1.2.2.RELEASE/spring-retry-1.2.2.RELEASE.jar:/home/user/.m2/repository/io/projectreactor/reactor-core/3.1.6.RELEASE/reactor-core-3.1.6.RELEASE.jar:/home/user/.m2/repository/org/reactivestreams/reactive-streams/1.0.2/reactive-streams-1.0.2.jar:/home/user/.m2/repository/commons-io/commons-io/2.4/commons-io-2.4.jar:/home/user/Workspace/reproducibility/Reproducibility-Scanner/reproducer/workspace/Bears-183/spring-cloud-gcp-core/target/classes:/home/user/.m2/repository/junit/junit/4.12/junit-4.12.jar:/home/user/.m2/repository/org/hamcrest/hamcrest-core/1.3/hamcrest-core-1.3.jar:/home/user/.m2/repository/org/slf4j/slf4j-api/1.7.25/slf4j-api-1.7.25.jar:/home/user/.m2/repository/org/mockito/mockito-core/2.15.0/mockito-core-2.15.0.jar:/home/user/.m2/repository/net/bytebuddy/byte-buddy/1.7.11/byte-buddy-1.7.11.jar:/home/user/.m2/repository/net/bytebuddy/byte-buddy-agent/1.7.11/byte-buddy-agent-1.7.11.jar:/home/user/.m2/repository/org/objenesis/objenesis/2.6/objenesis-2.6.jar:/home/user/.m2/repository/org/springframework/boot/spring-boot-starter-test/2.0.1.RELEASE/spring-boot-starter-test-2.0.1.RELEASE.jar:/home/user/.m2/repository/org/springframework/boot/spring-boot-starter/2.0.1.RELEASE/spring-boot-starter-2.0.1.RELEASE.jar:/home/user/.m2/repository/org/springframework/boot/spring-boot/2.0.1.RELEASE/spring-boot-2.0.1.RELEASE.jar:/home/user/.m2/repository/org/springframework/boot/spring-boot-autoconfigure/2.0.1.RELEASE/spring-boot-autoconfigure-2.0.1.RELEASE.jar:/home/user/.m2/repository/org/springframework/boot/spring-boot-starter-logging/2.0.1.RELEASE/spring-boot-starter-logging-2.0.1.RELEASE.jar:/home/user/.m2/repository/ch/qos/logback/logback-classic/1.2.3/logback-classic-1.2.3.jar:/home/user/.m2/repository/ch/qos/logback/logback-core/1.2.3/logback-core-1.2.3.jar:/home/user/.m2/repository/org/apache/logging/log4j/log4j-to-slf4j/2.10.0/log4j-to-slf4j-2.10.0.jar:/home/user/.m2/repository/org/apache/logging/log4j/log4j-api/2.10.0/log4j-api-2.10.0.jar:/home/user/.m2/repository/org/slf4j/jul-to-slf4j/1.7.25/jul-to-slf4j-1.7.25.jar:/home/user/.m2/repository/javax/annotation/javax.annotation-api/1.3.2/javax.annotation-api-1.3.2.jar:/home/user/.m2/repository/org/yaml/snakeyaml/1.19/snakeyaml-1.19.jar:/home/user/.m2/repository/org/springframework/boot/spring-boot-test/2.0.1.RELEASE/spring-boot-test-2.0.1.RELEASE.jar:/home/user/.m2/repository/org/springframework/boot/spring-boot-test-autoconfigure/2.0.1.RELEASE/spring-boot-test-autoconfigure-2.0.1.RELEASE.jar:/home/user/.m2/repository/com/jayway/jsonpath/json-path/2.4.0/json-path-2.4.0.jar:/home/user/.m2/repository/net/minidev/json-smart/2.3/json-smart-2.3.jar:/home/user/.m2/repository/net/minidev/accessors-smart/1.2/accessors-smart-1.2.jar:/home/user/.m2/repository/org/ow2/asm/asm/5.0.4/asm-5.0.4.jar:/home/user/.m2/repository/org/assertj/assertj-core/3.9.1/assertj-core-3.9.1.jar:/home/user/.m2/repository/org/hamcrest/hamcrest-library/1.3/hamcrest-library-1.3.jar:/home/user/.m2/repository/org/skyscreamer/jsonassert/1.5.0/jsonassert-1.5.0.jar:/home/user/.m2/repository/com/vaadin/external/google/android-json/0.0.20131108.vaadin1/android-json-0.0.20131108.vaadin1.jar:/home/user/.m2/repository/org/springframework/spring-test/5.0.5.RELEASE/spring-test-5.0.5.RELEASE.jar:/home/user/.m2/repository/org/xmlunit/xmlunit-core/2.5.1/xmlunit-core-2.5.1.jar:, user.name=user, skipITs=true, java.vm.specification.version=1.8, sun.java.command=/home/user/Workspace/reproducibility/Reproducibility-Scanner/reproducer/workspace/Bears-183/spring-cloud-gcp-storage/target/surefire/surefirebooter8980402010061905914.jar /home/user/Workspace/reproducibility/Reproducibility-Scanner/reproducer/workspace/Bears-183/spring-cloud-gcp-storage/target/surefire/surefire7051951535818039558tmp /home/user/Workspace/reproducibility/Reproducibility-Scanner/reproducer/workspace/Bears-183/spring-cloud-gcp-storage/target/surefire/surefire_21377193884691790883tmp, java.home=/usr/lib/jvm/java-8-openjdk-amd64/jre, sun.arch.data.model=64, user.language=en, java.specification.vendor=Oracle Corporation, awt.toolkit=sun.awt.X11.XToolkit, java.vm.info=mixed mode, java.version=1.8.0_312, java.ext.dirs=/usr/lib/jvm/java-8-openjdk-amd64/jre/lib/ext:/usr/java/packages/lib/ext, sun.boot.class.path=/usr/lib/jvm/java-8-openjdk-amd64/jre/lib/resources.jar:/usr/lib/jvm/java-8-openjdk-amd64/jre/lib/rt.jar:/usr/lib/jvm/java-8-openjdk-amd64/jre/lib/sunrsasign.jar:/usr/lib/jvm/java-8-openjdk-amd64/jre/lib/jsse.jar:/usr/lib/jvm/java-8-openjdk-amd64/jre/lib/jce.jar:/usr/lib/jvm/java-8-openjdk-amd64/jre/lib/charsets.jar:/usr/lib/jvm/java-8-openjdk-amd64/jre/lib/jfr.jar:/usr/lib/jvm/java-8-openjdk-amd64/jre/classes, rat.skip=true, enforcer.skip=true, java.vendor=Private Build, localRepository=/home/user/.m2/repository, file.separator=/, java.vendor.url.bug=http://bugreport.sun.com/bugreport/, sun.io.unicode.encoding=UnicodeLittle, sun.cpu.endian=little, sun.cpu.isalist=}}, SystemEnvironmentPropertySource@70323523 {name='systemEnvironment', properties={TMUX_PANE=%13, PATH=/home/user/Workspace/reproducibility/Reproducibility-Scanner/venv/bin:/home/user/anaconda3/condabin:/home/user/perl5/perlbrew/bin:/home/user/perl5/perlbrew/perls/perl-5.32.0/bin:/home/user/anaconda3/envs/Python-3.8/bin:/home/user/anaconda3/condabin:/usr/local/sbin:/usr/local/bin:/usr/sbin:/usr/bin:/sbin:/bin:/usr/games:/usr/local/games:/snap/bin, LESSCLOSE=/usr/bin/lesspipe %s %s, MANPATH=/home/user/perl5/perlbrew/perls/perl-5.32.0/man:/home/user/anaconda3/envs/Python-3.8/share/man:/home/user/anaconda3/man:/home/user/anaconda3/share/man:/usr/local/man:/usr/local/share/man:/usr/share/man, XDG_DATA_DIRS=/usr/local/share:/usr/share:/var/lib/snapd/desktop, CONDA_EXE=/home/user/anaconda3/bin/conda, JAVA_HOME=/usr/lib/jvm/java-8-openjdk-amd64, CONDA_PYTHON_EXE=/home/user/anaconda3/bin/python, TERM=screen, MOTD_SHOWN=pam, LANG=en_US.UTF-8, DBUS_SESSION_BUS_ADDRESS=unix:path=/run/user/1201328/bus, XDG_SESSION_ID=35, XDG_SESSION_TYPE=tty, PS1=(venv) %(?:%{[01;32m%} :%{[01;31m%} ) %{$fg[cyan]%}%~%{$reset_color%} $(git_prompt_info), _CE_M=, LOGNAME=user, PWD=/home/user/Workspace/reproducibility/Reproducibility-Scanner/reproducer/workspace/Bears-183/spring-cloud-gcp-storage, MAVEN_CMD_LINE_ARGS= test -V -B -Denforcer.skip=true -Dcheckstyle.skip=true -Dcobertura.skip=true -DskipITs=true -Drat.skip=true -Dlicense.skip=true -Dfindbugs.skip=true -Dgpg.skip=true -Dskip.npm=true -Dskip.gulp=true -Dskip.bower=true, CONDA_SHLVL=0, XDG_SESSION_CLASS=user, _=/home/user/Workspace/reproducibility/Reproducibility-Scanner/venv/bin/python, SHELL=/bin/bash, LESSOPEN=| /usr/bin/lesspipe %s, PERLBREW_SHELLRC_VERSION=0.95, PAGER=less, LSCOLORS=Gxfxcxdxbxegedabagacad, SSH_TTY=/dev/pts/4, SSH_CLIENT=192.168.98.21 61829 22, PERLBREW_HOME=/home/user/.perlbrew, MAVEN_PROJECTBASEDIR=/home/user/Workspace/reproducibility/Reproducibility-Scanner/reproducer/workspace/Bears-183, OLDPWD=/home/user/Workspace/reproducibility/Reproducibility-Scanner/reproducer/workspace/Bears-183/spring-cloud-gcp-storage, USER=user, ZSH=/home/user/.oh-my-zsh, VIRTUAL_ENV=/home/user/Workspace/reproducibility/Reproducibility-Scanner/venv, _CE_CONDA=, SSH_CONNECTION=192.168.98.21 60977 169.237.118.129 22, PERLBREW_PERL=perl-5.32.0, PERLBREW_PATH=/home/user/perl5/perlbrew/bin:/home/user/perl5/perlbrew/perls/perl-5.32.0/bin, LESS=-R, TMUX=/tmp/tmux-1201328/default,89837,2, LS_COLORS=rs=0:di=01;34:ln=01;36:mh=00:pi=40;33:so=01;35:do=01;35:bd=40;33;01:cd=40;33;01:or=40;31;01:mi=00:su=37;41:sg=30;43:ca=30;41:tw=30;42:ow=34;42:st=37;44:ex=01;32:*.tar=01;31:*.tgz=01;31:*.arc=01;31:*.arj=01;31:*.taz=01;31:*.lha=01;31:*.lz4=01;31:*.lzh=01;31:*.lzma=01;31:*.tlz=01;31:*.txz=01;31:*.tzo=01;31:*.t7z=01;31:*.zip=01;31:*.z=01;31:*.dz=01;31:*.gz=01;31:*.lrz=01;31:*.lz=01;31:*.lzo=01;31:*.xz=01;31:*.zst=01;31:*.tzst=01;31:*.bz2=01;31:*.bz=01;31:*.tbz=01;31:*.tbz2=01;31:*.tz=01;31:*.deb=01;31:*.rpm=01;31:*.jar=01;31:*.war=01;31:*.ear=01;31:*.sar=01;31:*.rar=01;31:*.alz=01;31:*.ace=01;31:*.zoo=01;31:*.cpio=01;31:*.7z=01;31:*.rz=01;31:*.cab=01;31:*.wim=01;31:*.swm=01;31:*.dwm=01;31:*.esd=01;31:*.jpg=01;35:*.jpeg=01;35:*.mjpg=01;35:*.mjpeg=01;35:*.gif=01;35:*.bmp=01;35:*.pbm=01;35:*.pgm=01;35:*.ppm=01;35:*.tga=01;35:*.xbm=01;35:*.xpm=01;35:*.tif=01;35:*.tiff=01;35:*.png=01;35:*.svg=01;35:*.svgz=01;35:*.mng=01;35:*.pcx=01;35:*.mov=01;35:*.mpg=01;35:*.mpeg=01;35:*.m2v=01;35:*.mkv=01;35:*.webm=01;35:*.ogm=01;35:*.mp4=01;35:*.m4v=01;35:*.mp4v=01;35:*.vob=01;35:*.qt=01;35:*.nuv=01;35:*.wmv=01;35:*.asf=01;35:*.rm=01;35:*.rmvb=01;35:*.flc=01;35:*.avi=01;35:*.fli=01;35:*.flv=01;35:*.gl=01;35:*.dl=01;35:*.xcf=01;35:*.xwd=01;35:*.yuv=01;35:*.cgm=01;35:*.emf=01;35:*.ogv=01;35:*.ogx=01;35:*.aac=00;36:*.au=00;36:*.flac=00;36:*.m4a=00;36:*.mid=00;36:*.midi=00;36:*.mka=00;36:*.mp3=00;36:*.mpc=00;36:*.ogg=00;36:*.ra=00;36:*.wav=00;36:*.oga=00;36:*.opus=00;36:*.spx=00;36:*.xspf=00;36:, XDG_RUNTIME_DIR=/run/user/1201328, PERLBREW_ROOT=/home/user/perl5/perlbrew, PERLBREW_MANPATH=/home/user/perl5/perlbrew/perls/perl-5.32.0/man, HOME=/home/user, SHLVL=5, PERLBREW_VERSION=0.95}}]
18:20:04.823 [main] DEBUG org.springframework.test.context.support.TestPropertySourceUtils - Adding inlined properties to environment: {spring.jmx.enabled=false, org.springframework.boot.test.context.SpringBootTestContextBootstrapper=true, server.port=-1}
18:20:04.823 [main] DEBUG org.springframework.core.env.StandardEnvironment - Adding PropertySource 'Inlined Test Properties' with highest search precedence

  .   ____          _            __ _ _
 /\\ / ___'_ __ _ _(_)_ __  __ _ \ \ \ \
( ( )\___ | '_ | '_| | '_ \/ _` | \ \ \ \
 \\/  ___)| |_)| | | | | || (_| |  ) ) ) )
  '  |____| .__|_| |_|_| |_\__, | / / / /
 =========|_|==============|___/=/_/_/_/
 :: Spring Boot ::        (v2.0.1.RELEASE)

2022-07-25 18:20:05.102  INFO 774787 --- [           main] o.s.c.gcp.storage.GoogleStorageTests     : Starting GoogleStorageTests on host with PID 774787 (started by user in /home/user/Workspace/reproducibility/Reproducibility-Scanner/reproducer/workspace/Bears-183/spring-cloud-gcp-storage)
2022-07-25 18:20:05.103  INFO 774787 --- [           main] o.s.c.gcp.storage.GoogleStorageTests     : No active profile set, falling back to default profiles: default
2022-07-25 18:20:05.123  INFO 774787 --- [           main] s.c.a.AnnotationConfigApplicationContext : Refreshing org.springframework.context.annotation.AnnotationConfigApplicationContext@7354b8c5: startup date [Mon Jul 25 18:20:05 PDT 2022]; root of context hierarchy
2022-07-25 18:20:06.150  INFO 774787 --- [           main] o.s.c.gcp.storage.GoogleStorageTests     : Started GoogleStorageTests in 1.323 seconds (JVM running for 2.24)
2022-07-25 18:20:06.231  WARN 774787 --- [           main] o.s.c.gcp.storage.GoogleStorageResource  : Creating signed URL for non-existing GCS object gs://test-spring/t1/test.png
Tests run: 27, Failures: 0, Errors: 0, Skipped: 0, Time elapsed: 1.676 sec
Running org.springframework.cloud.gcp.storage.integration.outbound.GcsMessageHandlerTests
2022-07-25 18:20:06.314  INFO 774787 --- [           main] o.s.t.c.support.AbstractContextLoader    : Could not detect default resource locations for test class [org.springframework.cloud.gcp.storage.integration.outbound.GcsMessageHandlerTests]: no resource found for suffixes {-context.xml}.
2022-07-25 18:20:06.317  INFO 774787 --- [           main] c.s.AbstractDelegatingSmartContextLoader : AnnotationConfigContextLoader detected default configuration classes for context configuration [ContextConfigurationAttributes@4bbb49b0 declaringClass = 'org.springframework.cloud.gcp.storage.integration.outbound.GcsMessageHandlerTests', classes = '{class org.springframework.cloud.gcp.storage.integration.outbound.GcsMessageHandlerTests$Config}', locations = '{}', inheritLocations = true, initializers = '{}', inheritInitializers = true, name = [null], contextLoaderClass = 'org.springframework.test.context.ContextLoader'].
2022-07-25 18:20:06.319  INFO 774787 --- [           main] o.s.t.c.s.DefaultTestContextBootstrapper : Loaded default TestExecutionListener class names from location [META-INF/spring.factories]: [org.springframework.boot.test.mock.mockito.MockitoTestExecutionListener, org.springframework.boot.test.mock.mockito.ResetMocksTestExecutionListener, org.springframework.boot.test.autoconfigure.restdocs.RestDocsTestExecutionListener, org.springframework.boot.test.autoconfigure.web.client.MockRestServiceServerResetTestExecutionListener, org.springframework.boot.test.autoconfigure.web.servlet.MockMvcPrintOnlyOnFailureTestExecutionListener, org.springframework.boot.test.autoconfigure.web.servlet.WebDriverTestExecutionListener, org.springframework.test.context.web.ServletTestExecutionListener, org.springframework.test.context.support.DirtiesContextBeforeModesTestExecutionListener, org.springframework.test.context.support.DependencyInjectionTestExecutionListener, org.springframework.test.context.support.DirtiesContextTestExecutionListener, org.springframework.test.context.transaction.TransactionalTestExecutionListener, org.springframework.test.context.jdbc.SqlScriptsTestExecutionListener]
2022-07-25 18:20:06.320  INFO 774787 --- [           main] o.s.t.c.s.DefaultTestContextBootstrapper : Using TestExecutionListeners: [org.springframework.test.context.support.DirtiesContextBeforeModesTestExecutionListener@3effd4f3, org.springframework.boot.test.mock.mockito.MockitoTestExecutionListener@41f4fe5, org.springframework.test.context.support.DependencyInjectionTestExecutionListener@15f8701f, org.springframework.test.context.support.DirtiesContextTestExecutionListener@514cd540, org.springframework.test.context.transaction.TransactionalTestExecutionListener@11d4dbd6, org.springframework.test.context.jdbc.SqlScriptsTestExecutionListener@6f4ade6e, org.springframework.boot.test.mock.mockito.ResetMocksTestExecutionListener@39e43310, org.springframework.boot.test.autoconfigure.restdocs.RestDocsTestExecutionListener@eb507b9, org.springframework.boot.test.autoconfigure.web.client.MockRestServiceServerResetTestExecutionListener@390877d2, org.springframework.boot.test.autoconfigure.web.servlet.MockMvcPrintOnlyOnFailureTestExecutionListener@86733, org.springframework.boot.test.autoconfigure.web.servlet.WebDriverTestExecutionListener@186cb891]
2022-07-25 18:20:06.324  INFO 774787 --- [           main] o.s.c.support.GenericApplicationContext  : Refreshing org.springframework.context.support.GenericApplicationContext@624a24f6: startup date [Mon Jul 25 18:20:06 PDT 2022]; root of context hierarchy
2022-07-25 18:20:06.338  INFO 774787 --- [           main] o.s.i.config.IntegrationRegistrar        : No bean named 'integrationHeaderChannelRegistry' has been explicitly defined. Therefore, a default DefaultHeaderChannelRegistry will be created.
2022-07-25 18:20:06.377  INFO 774787 --- [           main] faultConfiguringBeanFactoryPostProcessor : No bean named 'errorChannel' has been explicitly defined. Therefore, a default PublishSubscribeChannel will be created.
2022-07-25 18:20:06.384  INFO 774787 --- [           main] faultConfiguringBeanFactoryPostProcessor : No bean named 'taskScheduler' has been explicitly defined. Therefore, a default ThreadPoolTaskScheduler will be created.
2022-07-25 18:20:06.707  INFO 774787 --- [           main] o.s.s.c.ThreadPoolTaskScheduler          : Initializing ExecutorService  'taskScheduler'
2022-07-25 18:20:06.809  INFO 774787 --- [           main] o.s.c.support.DefaultLifecycleProcessor  : Starting beans in phase -2147483648
2022-07-25 18:20:06.810  INFO 774787 --- [           main] o.s.i.endpoint.EventDrivenConsumer       : Adding {message-handler:gcsMessageHandlerTests.Config.outboundAdapter.serviceActivator} as a subscriber to the 'siGcsTestChannel' channel
2022-07-25 18:20:06.810  INFO 774787 --- [           main] o.s.integration.channel.DirectChannel    : Channel 'org.springframework.context.support.GenericApplicationContext@624a24f6.siGcsTestChannel' has 1 subscriber(s).
2022-07-25 18:20:06.810  INFO 774787 --- [           main] o.s.i.endpoint.EventDrivenConsumer       : started gcsMessageHandlerTests.Config.outboundAdapter.serviceActivator
2022-07-25 18:20:06.810  INFO 774787 --- [           main] o.s.c.support.DefaultLifecycleProcessor  : Starting beans in phase 0
2022-07-25 18:20:06.810  INFO 774787 --- [           main] o.s.i.endpoint.EventDrivenConsumer       : Adding {logging-channel-adapter:_org.springframework.integration.errorLogger} as a subscriber to the 'errorChannel' channel
2022-07-25 18:20:06.810  INFO 774787 --- [           main] o.s.i.channel.PublishSubscribeChannel    : Channel 'org.springframework.context.support.GenericApplicationContext@624a24f6.errorChannel' has 1 subscriber(s).
2022-07-25 18:20:06.810  INFO 774787 --- [           main] o.s.i.endpoint.EventDrivenConsumer       : started _org.springframework.integration.errorLogger
Tests run: 1, Failures: 0, Errors: 0, Skipped: 0, Time elapsed: 0.582 sec
Running org.springframework.cloud.gcp.storage.integration.inbound.GcsStreamingMessageSourceTests
2022-07-25 18:20:06.893  INFO 774787 --- [           main] o.s.t.c.support.AbstractContextLoader    : Could not detect default resource locations for test class [org.springframework.cloud.gcp.storage.integration.inbound.GcsStreamingMessageSourceTests]: no resource found for suffixes {-context.xml}.
2022-07-25 18:20:06.894  INFO 774787 --- [           main] c.s.AbstractDelegatingSmartContextLoader : AnnotationConfigContextLoader detected default configuration classes for context configuration [ContextConfigurationAttributes@68f0f72c declaringClass = 'org.springframework.cloud.gcp.storage.integration.inbound.GcsStreamingMessageSourceTests', classes = '{class org.springframework.cloud.gcp.storage.integration.inbound.GcsStreamingMessageSourceTests$Config}', locations = '{}', inheritLocations = true, initializers = '{}', inheritInitializers = true, name = [null], contextLoaderClass = 'org.springframework.test.context.ContextLoader'].
2022-07-25 18:20:06.895  INFO 774787 --- [           main] o.s.t.c.s.DefaultTestContextBootstrapper : Loaded default TestExecutionListener class names from location [META-INF/spring.factories]: [org.springframework.boot.test.mock.mockito.MockitoTestExecutionListener, org.springframework.boot.test.mock.mockito.ResetMocksTestExecutionListener, org.springframework.boot.test.autoconfigure.restdocs.RestDocsTestExecutionListener, org.springframework.boot.test.autoconfigure.web.client.MockRestServiceServerResetTestExecutionListener, org.springframework.boot.test.autoconfigure.web.servlet.MockMvcPrintOnlyOnFailureTestExecutionListener, org.springframework.boot.test.autoconfigure.web.servlet.WebDriverTestExecutionListener, org.springframework.test.context.web.ServletTestExecutionListener, org.springframework.test.context.support.DirtiesContextBeforeModesTestExecutionListener, org.springframework.test.context.support.DependencyInjectionTestExecutionListener, org.springframework.test.context.support.DirtiesContextTestExecutionListener, org.springframework.test.context.transaction.TransactionalTestExecutionListener, org.springframework.test.context.jdbc.SqlScriptsTestExecutionListener]
2022-07-25 18:20:06.896  INFO 774787 --- [           main] o.s.t.c.s.DefaultTestContextBootstrapper : Using TestExecutionListeners: [org.springframework.test.context.support.DirtiesContextBeforeModesTestExecutionListener@3d96fa9e, org.springframework.boot.test.mock.mockito.MockitoTestExecutionListener@3b545206, org.springframework.test.context.support.DependencyInjectionTestExecutionListener@77bb48d5, org.springframework.test.context.support.DirtiesContextTestExecutionListener@181d8899, org.springframework.test.context.transaction.TransactionalTestExecutionListener@12d5c30e, org.springframework.test.context.jdbc.SqlScriptsTestExecutionListener@b887730, org.springframework.boot.test.mock.mockito.ResetMocksTestExecutionListener@26586b74, org.springframework.boot.test.autoconfigure.restdocs.RestDocsTestExecutionListener@52f57666, org.springframework.boot.test.autoconfigure.web.client.MockRestServiceServerResetTestExecutionListener@6e041285, org.springframework.boot.test.autoconfigure.web.servlet.MockMvcPrintOnlyOnFailureTestExecutionListener@267dc982, org.springframework.boot.test.autoconfigure.web.servlet.WebDriverTestExecutionListener@439b15f2]
2022-07-25 18:20:06.898  INFO 774787 --- [           main] o.s.c.support.GenericApplicationContext  : Refreshing org.springframework.context.support.GenericApplicationContext@74fab04a: startup date [Mon Jul 25 18:20:06 PDT 2022]; root of context hierarchy
2022-07-25 18:20:06.904  INFO 774787 --- [           main] o.s.i.config.IntegrationRegistrar        : No bean named 'integrationHeaderChannelRegistry' has been explicitly defined. Therefore, a default DefaultHeaderChannelRegistry will be created.
2022-07-25 18:20:06.914  INFO 774787 --- [           main] faultConfiguringBeanFactoryPostProcessor : No bean named 'errorChannel' has been explicitly defined. Therefore, a default PublishSubscribeChannel will be created.
2022-07-25 18:20:06.915  INFO 774787 --- [           main] faultConfiguringBeanFactoryPostProcessor : No bean named 'taskScheduler' has been explicitly defined. Therefore, a default ThreadPoolTaskScheduler will be created.
2022-07-25 18:20:07.080  INFO 774787 --- [           main] o.s.s.c.ThreadPoolTaskScheduler          : Initializing ExecutorService  'taskScheduler'
2022-07-25 18:20:07.157  INFO 774787 --- [           main] o.s.c.support.DefaultLifecycleProcessor  : Starting beans in phase 0
2022-07-25 18:20:07.157  INFO 774787 --- [           main] o.s.i.endpoint.EventDrivenConsumer       : Adding {logging-channel-adapter:_org.springframework.integration.errorLogger} as a subscriber to the 'errorChannel' channel
2022-07-25 18:20:07.158  INFO 774787 --- [           main] o.s.i.channel.PublishSubscribeChannel    : Channel 'org.springframework.context.support.GenericApplicationContext@74fab04a.errorChannel' has 1 subscriber(s).
2022-07-25 18:20:07.158  INFO 774787 --- [           main] o.s.i.endpoint.EventDrivenConsumer       : started _org.springframework.integration.errorLogger
2022-07-25 18:20:07.161  INFO 774787 --- [           main] o.s.i.e.SourcePollingChannelAdapter      : started gcsStreamingMessageSourceTests.Config.adapter.inboundChannelAdapter
Tests run: 1, Failures: 0, Errors: 0, Skipped: 0, Time elapsed: 0.399 sec
Running org.springframework.cloud.gcp.storage.integration.inbound.GcsInboundFileSynchronizerTests
2022-07-25 18:20:07.297  INFO 774787 --- [           main] o.s.t.c.support.AbstractContextLoader    : Could not detect default resource locations for test class [org.springframework.cloud.gcp.storage.integration.inbound.GcsInboundFileSynchronizerTests]: no resource found for suffixes {-context.xml}.
2022-07-25 18:20:07.298  INFO 774787 --- [           main] c.s.AbstractDelegatingSmartContextLoader : AnnotationConfigContextLoader detected default configuration classes for context configuration [ContextConfigurationAttributes@18578491 declaringClass = 'org.springframework.cloud.gcp.storage.integration.inbound.GcsInboundFileSynchronizerTests', classes = '{class org.springframework.cloud.gcp.storage.integration.inbound.GcsInboundFileSynchronizerTests$Config}', locations = '{}', inheritLocations = true, initializers = '{}', inheritInitializers = true, name = [null], contextLoaderClass = 'org.springframework.test.context.ContextLoader'].
2022-07-25 18:20:07.299  INFO 774787 --- [           main] o.s.t.c.s.DefaultTestContextBootstrapper : Loaded default TestExecutionListener class names from location [META-INF/spring.factories]: [org.springframework.boot.test.mock.mockito.MockitoTestExecutionListener, org.springframework.boot.test.mock.mockito.ResetMocksTestExecutionListener, org.springframework.boot.test.autoconfigure.restdocs.RestDocsTestExecutionListener, org.springframework.boot.test.autoconfigure.web.client.MockRestServiceServerResetTestExecutionListener, org.springframework.boot.test.autoconfigure.web.servlet.MockMvcPrintOnlyOnFailureTestExecutionListener, org.springframework.boot.test.autoconfigure.web.servlet.WebDriverTestExecutionListener, org.springframework.test.context.web.ServletTestExecutionListener, org.springframework.test.context.support.DirtiesContextBeforeModesTestExecutionListener, org.springframework.test.context.support.DependencyInjectionTestExecutionListener, org.springframework.test.context.support.DirtiesContextTestExecutionListener, org.springframework.test.context.transaction.TransactionalTestExecutionListener, org.springframework.test.context.jdbc.SqlScriptsTestExecutionListener]
2022-07-25 18:20:07.300  INFO 774787 --- [           main] o.s.t.c.s.DefaultTestContextBootstrapper : Using TestExecutionListeners: [org.springframework.test.context.support.DirtiesContextBeforeModesTestExecutionListener@3291b443, org.springframework.boot.test.mock.mockito.MockitoTestExecutionListener@671c4166, org.springframework.test.context.support.DependencyInjectionTestExecutionListener@53d13cd4, org.springframework.test.context.support.DirtiesContextTestExecutionListener@77865933, org.springframework.test.context.transaction.TransactionalTestExecutionListener@480ad82c, org.springframework.test.context.jdbc.SqlScriptsTestExecutionListener@4d18b73a, org.springframework.boot.test.mock.mockito.ResetMocksTestExecutionListener@177515d1, org.springframework.boot.test.autoconfigure.restdocs.RestDocsTestExecutionListener@52ff99cd, org.springframework.boot.test.autoconfigure.web.client.MockRestServiceServerResetTestExecutionListener@4c2af006, org.springframework.boot.test.autoconfigure.web.servlet.MockMvcPrintOnlyOnFailureTestExecutionListener@44032fde, org.springframework.boot.test.autoconfigure.web.servlet.WebDriverTestExecutionListener@7b676112]
2022-07-25 18:20:07.302  INFO 774787 --- [           main] o.s.c.support.GenericApplicationContext  : Refreshing org.springframework.context.support.GenericApplicationContext@4e49ce2b: startup date [Mon Jul 25 18:20:07 PDT 2022]; root of context hierarchy
2022-07-25 18:20:07.304  INFO 774787 --- [           main] o.s.i.config.IntegrationRegistrar        : No bean named 'integrationHeaderChannelRegistry' has been explicitly defined. Therefore, a default DefaultHeaderChannelRegistry will be created.
2022-07-25 18:20:07.312  INFO 774787 --- [           main] faultConfiguringBeanFactoryPostProcessor : No bean named 'errorChannel' has been explicitly defined. Therefore, a default PublishSubscribeChannel will be created.
2022-07-25 18:20:07.312  INFO 774787 --- [           main] faultConfiguringBeanFactoryPostProcessor : No bean named 'taskScheduler' has been explicitly defined. Therefore, a default ThreadPoolTaskScheduler will be created.
2022-07-25 18:20:07.382  INFO 774787 --- [           main] o.s.s.c.ThreadPoolTaskScheduler          : Initializing ExecutorService  'taskScheduler'
2022-07-25 18:20:07.441  INFO 774787 --- [           main] o.s.c.support.DefaultLifecycleProcessor  : Starting beans in phase 0
2022-07-25 18:20:07.441  INFO 774787 --- [           main] o.s.i.endpoint.EventDrivenConsumer       : Adding {logging-channel-adapter:_org.springframework.integration.errorLogger} as a subscriber to the 'errorChannel' channel
2022-07-25 18:20:07.441  INFO 774787 --- [           main] o.s.i.channel.PublishSubscribeChannel    : Channel 'org.springframework.context.support.GenericApplicationContext@4e49ce2b.errorChannel' has 1 subscriber(s).
2022-07-25 18:20:07.441  INFO 774787 --- [           main] o.s.i.endpoint.EventDrivenConsumer       : started _org.springframework.integration.errorLogger
2022-07-25 18:20:07.486  WARN 774787 --- [           main] o.s.c.g.s.i.i.GcsInboundFileSynchronizer : The remote file 'Mock for Blob, hashCode: 1922' has not been transferred to the existing local file 'test/legend of heroes'. Consider removing the local file.
2022-07-25 18:20:07.487  WARN 774787 --- [           main] o.s.c.g.s.i.i.GcsInboundFileSynchronizer : The remote file 'Mock for Blob, hashCode: 1922' has not been transferred to the existing local file 'test/trails in the sky'. Consider removing the local file.
Tests run: 1, Failures: 0, Errors: 0, Skipped: 0, Time elapsed: 0.196 sec
2022-07-25 18:20:07.492  INFO 774787 --- [       Thread-3] o.s.c.support.GenericApplicationContext  : Closing org.springframework.context.support.GenericApplicationContext@74fab04a: startup date [Mon Jul 25 18:20:06 PDT 2022]; root of context hierarchy
2022-07-25 18:20:07.492  INFO 774787 --- [       Thread-4] o.s.c.support.GenericApplicationContext  : Closing org.springframework.context.support.GenericApplicationContext@4e49ce2b: startup date [Mon Jul 25 18:20:07 PDT 2022]; root of context hierarchy
2022-07-25 18:20:07.492  INFO 774787 --- [       Thread-1] s.c.a.AnnotationConfigApplicationContext : Closing org.springframework.context.annotation.AnnotationConfigApplicationContext@7354b8c5: startup date [Mon Jul 25 18:20:05 PDT 2022]; root of context hierarchy
2022-07-25 18:20:07.493  INFO 774787 --- [       Thread-2] o.s.c.support.GenericApplicationContext  : Closing org.springframework.context.support.GenericApplicationContext@624a24f6: startup date [Mon Jul 25 18:20:06 PDT 2022]; root of context hierarchy
2022-07-25 18:20:07.494  INFO 774787 --- [       Thread-3] o.s.c.support.DefaultLifecycleProcessor  : Stopping beans in phase 0
2022-07-25 18:20:07.494  INFO 774787 --- [       Thread-2] o.s.c.support.DefaultLifecycleProcessor  : Stopping beans in phase 0
2022-07-25 18:20:07.494  INFO 774787 --- [       Thread-4] o.s.c.support.DefaultLifecycleProcessor  : Stopping beans in phase 0
2022-07-25 18:20:07.494  INFO 774787 --- [       Thread-3] o.s.i.endpoint.EventDrivenConsumer       : Removing {logging-channel-adapter:_org.springframework.integration.errorLogger} as a subscriber to the 'errorChannel' channel
2022-07-25 18:20:07.494  INFO 774787 --- [       Thread-3] o.s.i.channel.PublishSubscribeChannel    : Channel 'org.springframework.context.support.GenericApplicationContext@74fab04a.errorChannel' has 0 subscriber(s).
2022-07-25 18:20:07.494  INFO 774787 --- [       Thread-3] o.s.i.endpoint.EventDrivenConsumer       : stopped _org.springframework.integration.errorLogger
2022-07-25 18:20:07.495  INFO 774787 --- [       Thread-3] o.s.i.e.SourcePollingChannelAdapter      : stopped gcsStreamingMessageSourceTests.Config.adapter.inboundChannelAdapter
2022-07-25 18:20:07.495  INFO 774787 --- [       Thread-4] o.s.i.endpoint.EventDrivenConsumer       : Removing {logging-channel-adapter:_org.springframework.integration.errorLogger} as a subscriber to the 'errorChannel' channel
2022-07-25 18:20:07.495  INFO 774787 --- [       Thread-2] o.s.i.endpoint.EventDrivenConsumer       : Removing {logging-channel-adapter:_org.springframework.integration.errorLogger} as a subscriber to the 'errorChannel' channel
2022-07-25 18:20:07.495  INFO 774787 --- [       Thread-4] o.s.i.channel.PublishSubscribeChannel    : Channel 'org.springframework.context.support.GenericApplicationContext@4e49ce2b.errorChannel' has 0 subscriber(s).
2022-07-25 18:20:07.495  INFO 774787 --- [       Thread-4] o.s.i.endpoint.EventDrivenConsumer       : stopped _org.springframework.integration.errorLogger
2022-07-25 18:20:07.495  INFO 774787 --- [       Thread-2] o.s.i.channel.PublishSubscribeChannel    : Channel 'org.springframework.context.support.GenericApplicationContext@624a24f6.errorChannel' has 0 subscriber(s).
2022-07-25 18:20:07.495  INFO 774787 --- [       Thread-3] o.s.s.c.ThreadPoolTaskScheduler          : Shutting down ExecutorService 'taskScheduler'
2022-07-25 18:20:07.495  INFO 774787 --- [       Thread-2] o.s.i.endpoint.EventDrivenConsumer       : stopped _org.springframework.integration.errorLogger
2022-07-25 18:20:07.495  INFO 774787 --- [       Thread-4] o.s.s.c.ThreadPoolTaskScheduler          : Shutting down ExecutorService 'taskScheduler'
2022-07-25 18:20:07.495  INFO 774787 --- [       Thread-2] o.s.c.support.DefaultLifecycleProcessor  : Stopping beans in phase -2147483648
2022-07-25 18:20:07.495  INFO 774787 --- [       Thread-2] o.s.i.endpoint.EventDrivenConsumer       : Removing {message-handler:gcsMessageHandlerTests.Config.outboundAdapter.serviceActivator} as a subscriber to the 'siGcsTestChannel' channel
2022-07-25 18:20:07.496  INFO 774787 --- [       Thread-2] o.s.integration.channel.DirectChannel    : Channel 'org.springframework.context.support.GenericApplicationContext@624a24f6.siGcsTestChannel' has 0 subscriber(s).
2022-07-25 18:20:07.496  INFO 774787 --- [       Thread-2] o.s.i.endpoint.EventDrivenConsumer       : stopped gcsMessageHandlerTests.Config.outboundAdapter.serviceActivator
2022-07-25 18:20:07.496  INFO 774787 --- [       Thread-2] o.s.s.c.ThreadPoolTaskScheduler          : Shutting down ExecutorService 'taskScheduler'

Results :

Tests run: 31, Failures: 0, Errors: 0, Skipped: 1

[INFO] 
[INFO] ------< org.springframework.cloud:spring-cloud-gcp-data-spanner >-------
[INFO] Building Spring Cloud GCP Spanner Module 1.0.0.BUILD-SNAPSHOT     [5/33]
[INFO] --------------------------------[ jar ]---------------------------------
[INFO] 
[INFO] --- maven-checkstyle-plugin:2.17:check (validate) @ spring-cloud-gcp-data-spanner ---
[INFO] 
[INFO] --- maven-checkstyle-plugin:2.17:check (checkstyle-validation) @ spring-cloud-gcp-data-spanner ---
[INFO] 
[INFO] --- maven-resources-plugin:2.6:resources (default-resources) @ spring-cloud-gcp-data-spanner ---
[INFO] Using 'UTF-8' encoding to copy filtered resources.
[INFO] skip non existing resourceDirectory /home/user/Workspace/reproducibility/Reproducibility-Scanner/reproducer/workspace/Bears-183/spring-cloud-gcp-data-spanner/src/main/resources
[INFO] skip non existing resourceDirectory /home/user/Workspace/reproducibility/Reproducibility-Scanner/reproducer/workspace/Bears-183/spring-cloud-gcp-data-spanner/src/main/resources
[INFO] 
[INFO] --- maven-compiler-plugin:3.1:compile (default-compile) @ spring-cloud-gcp-data-spanner ---
[INFO] Nothing to compile - all classes are up to date
[INFO] 
[INFO] --- maven-resources-plugin:2.6:testResources (default-testResources) @ spring-cloud-gcp-data-spanner ---
[INFO] Using 'UTF-8' encoding to copy filtered resources.
[INFO] Copying 2 resources
[INFO] 
[INFO] --- maven-compiler-plugin:3.1:testCompile (default-testCompile) @ spring-cloud-gcp-data-spanner ---
[INFO] Nothing to compile - all classes are up to date
[INFO] 
[INFO] --- maven-surefire-plugin:2.12.4:test (default-test) @ spring-cloud-gcp-data-spanner ---
[INFO] Surefire report directory: /home/user/Workspace/reproducibility/Reproducibility-Scanner/reproducer/workspace/Bears-183/spring-cloud-gcp-data-spanner/target/surefire-reports

-------------------------------------------------------
 T E S T S
-------------------------------------------------------
Running org.springframework.cloud.gcp.data.spanner.core.it.SpannerTemplateIntegrationTests
18:20:08.367 [main] INFO  o.s.t.c.s.DefaultTestContextBootstrapper - Loaded default TestExecutionListener class names from location [META-INF/spring.factories]: [org.springframework.boot.test.mock.mockito.MockitoTestExecutionListener, org.springframework.boot.test.mock.mockito.ResetMocksTestExecutionListener, org.springframework.boot.test.autoconfigure.restdocs.RestDocsTestExecutionListener, org.springframework.boot.test.autoconfigure.web.client.MockRestServiceServerResetTestExecutionListener, org.springframework.boot.test.autoconfigure.web.servlet.MockMvcPrintOnlyOnFailureTestExecutionListener, org.springframework.boot.test.autoconfigure.web.servlet.WebDriverTestExecutionListener, org.springframework.test.context.web.ServletTestExecutionListener, org.springframework.test.context.support.DirtiesContextBeforeModesTestExecutionListener, org.springframework.test.context.support.DependencyInjectionTestExecutionListener, org.springframework.test.context.support.DirtiesContextTestExecutionListener, org.springframework.test.context.transaction.TransactionalTestExecutionListener, org.springframework.test.context.jdbc.SqlScriptsTestExecutionListener]
18:20:08.385 [main] INFO  o.s.t.c.s.DefaultTestContextBootstrapper - Using TestExecutionListeners: [org.springframework.test.context.support.DirtiesContextBeforeModesTestExecutionListener@12b0404f, org.springframework.boot.test.mock.mockito.MockitoTestExecutionListener@769e7ee8, org.springframework.test.context.support.DependencyInjectionTestExecutionListener@5276e6b0, org.springframework.test.context.support.DirtiesContextTestExecutionListener@71b1176b, org.springframework.test.context.transaction.TransactionalTestExecutionListener@6193932a, org.springframework.test.context.jdbc.SqlScriptsTestExecutionListener@647fd8ce, org.springframework.boot.test.mock.mockito.ResetMocksTestExecutionListener@159f197, org.springframework.boot.test.autoconfigure.restdocs.RestDocsTestExecutionListener@78aab498, org.springframework.boot.test.autoconfigure.web.client.MockRestServiceServerResetTestExecutionListener@5dd6264, org.springframework.boot.test.autoconfigure.web.servlet.MockMvcPrintOnlyOnFailureTestExecutionListener@1ffe63b9, org.springframework.boot.test.autoconfigure.web.servlet.WebDriverTestExecutionListener@51e5fc98]
Tests run: 1, Failures: 0, Errors: 0, Skipped: 1, Time elapsed: 0.449 sec
Running org.springframework.cloud.gcp.data.spanner.core.SpannerQueryOptionsTests
Tests run: 6, Failures: 0, Errors: 0, Skipped: 0, Time elapsed: 0.408 sec
Running org.springframework.cloud.gcp.data.spanner.core.SpannerMutationFactoryImplTests
Tests run: 7, Failures: 0, Errors: 0, Skipped: 0, Time elapsed: 0.248 sec
Running org.springframework.cloud.gcp.data.spanner.core.SpannerTemplateTests
Tests run: 30, Failures: 0, Errors: 0, Skipped: 0, Time elapsed: 0.474 sec
Running org.springframework.cloud.gcp.data.spanner.core.SpannerReadOptionsTests
Tests run: 5, Failures: 0, Errors: 0, Skipped: 0, Time elapsed: 0.001 sec
Running org.springframework.cloud.gcp.data.spanner.core.SpannerObjectMapperImplTests
Tests run: 11, Failures: 0, Errors: 0, Skipped: 0, Time elapsed: 0.401 sec
Running org.springframework.cloud.gcp.data.spanner.core.admin.SpannerDatabaseAdminTemplateTests
Tests run: 1, Failures: 0, Errors: 0, Skipped: 0, Time elapsed: 0.041 sec
Running org.springframework.cloud.gcp.data.spanner.core.admin.SpannerSchemaUtilsTests
Tests run: 1, Failures: 0, Errors: 0, Skipped: 0, Time elapsed: 0.006 sec
Running org.springframework.cloud.gcp.data.spanner.core.mapping.SpannerPersistentPropertyImplTests
18:20:09.982 [main] INFO  o.s.t.c.s.DefaultTestContextBootstrapper - Neither @ContextConfiguration nor @ContextHierarchy found for test class [org.springframework.cloud.gcp.data.spanner.core.mapping.SpannerPersistentPropertyImplTests], using DelegatingSmartContextLoader
18:20:09.983 [main] INFO  o.s.t.c.s.AbstractContextLoader - Could not detect default resource locations for test class [org.springframework.cloud.gcp.data.spanner.core.mapping.SpannerPersistentPropertyImplTests]: no resource found for suffixes {-context.xml}.
18:20:09.984 [main] INFO  o.s.t.c.s.AnnotationConfigContextLoaderUtils - Could not detect default configuration classes for test class [org.springframework.cloud.gcp.data.spanner.core.mapping.SpannerPersistentPropertyImplTests]: SpannerPersistentPropertyImplTests does not declare any static, non-private, non-final, nested classes annotated with @Configuration.
18:20:09.986 [main] INFO  o.s.t.c.s.DefaultTestContextBootstrapper - Loaded default TestExecutionListener class names from location [META-INF/spring.factories]: [org.springframework.boot.test.mock.mockito.MockitoTestExecutionListener, org.springframework.boot.test.mock.mockito.ResetMocksTestExecutionListener, org.springframework.boot.test.autoconfigure.restdocs.RestDocsTestExecutionListener, org.springframework.boot.test.autoconfigure.web.client.MockRestServiceServerResetTestExecutionListener, org.springframework.boot.test.autoconfigure.web.servlet.MockMvcPrintOnlyOnFailureTestExecutionListener, org.springframework.boot.test.autoconfigure.web.servlet.WebDriverTestExecutionListener, org.springframework.test.context.web.ServletTestExecutionListener, org.springframework.test.context.support.DirtiesContextBeforeModesTestExecutionListener, org.springframework.test.context.support.DependencyInjectionTestExecutionListener, org.springframework.test.context.support.DirtiesContextTestExecutionListener, org.springframework.test.context.transaction.TransactionalTestExecutionListener, org.springframework.test.context.jdbc.SqlScriptsTestExecutionListener]
18:20:09.987 [main] INFO  o.s.t.c.s.DefaultTestContextBootstrapper - Using TestExecutionListeners: [org.springframework.test.context.support.DirtiesContextBeforeModesTestExecutionListener@2dbd803f, org.springframework.boot.test.mock.mockito.MockitoTestExecutionListener@3e48e859, org.springframework.test.context.support.DependencyInjectionTestExecutionListener@31ddd4a4, org.springframework.test.context.support.DirtiesContextTestExecutionListener@1a5f7e7c, org.springframework.test.context.transaction.TransactionalTestExecutionListener@5b22b970, org.springframework.test.context.jdbc.SqlScriptsTestExecutionListener@22d1886d, org.springframework.boot.test.mock.mockito.ResetMocksTestExecutionListener@7df60067, org.springframework.boot.test.autoconfigure.restdocs.RestDocsTestExecutionListener@1cbb3d3b, org.springframework.boot.test.autoconfigure.web.client.MockRestServiceServerResetTestExecutionListener@529cfee5, org.springframework.boot.test.autoconfigure.web.servlet.MockMvcPrintOnlyOnFailureTestExecutionListener@7ca0863b, org.springframework.boot.test.autoconfigure.web.servlet.WebDriverTestExecutionListener@319854f0]
18:20:10.039 [main] INFO  o.s.c.s.GenericApplicationContext - Refreshing org.springframework.context.support.GenericApplicationContext@29f0c4f2: startup date [Mon Jul 25 18:20:10 PDT 2022]; root of context hierarchy
Tests run: 7, Failures: 0, Errors: 0, Skipped: 0, Time elapsed: 0.203 sec
Running org.springframework.cloud.gcp.data.spanner.core.mapping.SpannerMappingContextTests
18:20:10.185 [main] INFO  o.s.t.c.s.DefaultTestContextBootstrapper - Neither @ContextConfiguration nor @ContextHierarchy found for test class [org.springframework.cloud.gcp.data.spanner.core.mapping.SpannerMappingContextTests], using DelegatingSmartContextLoader
18:20:10.186 [main] INFO  o.s.t.c.s.AbstractContextLoader - Could not detect default resource locations for test class [org.springframework.cloud.gcp.data.spanner.core.mapping.SpannerMappingContextTests]: no resource found for suffixes {-context.xml}.
18:20:10.186 [main] INFO  o.s.t.c.s.AnnotationConfigContextLoaderUtils - Could not detect default configuration classes for test class [org.springframework.cloud.gcp.data.spanner.core.mapping.SpannerMappingContextTests]: SpannerMappingContextTests does not declare any static, non-private, non-final, nested classes annotated with @Configuration.
18:20:10.187 [main] INFO  o.s.t.c.s.DefaultTestContextBootstrapper - Loaded default TestExecutionListener class names from location [META-INF/spring.factories]: [org.springframework.boot.test.mock.mockito.MockitoTestExecutionListener, org.springframework.boot.test.mock.mockito.ResetMocksTestExecutionListener, org.springframework.boot.test.autoconfigure.restdocs.RestDocsTestExecutionListener, org.springframework.boot.test.autoconfigure.web.client.MockRestServiceServerResetTestExecutionListener, org.springframework.boot.test.autoconfigure.web.servlet.MockMvcPrintOnlyOnFailureTestExecutionListener, org.springframework.boot.test.autoconfigure.web.servlet.WebDriverTestExecutionListener, org.springframework.test.context.web.ServletTestExecutionListener, org.springframework.test.context.support.DirtiesContextBeforeModesTestExecutionListener, org.springframework.test.context.support.DependencyInjectionTestExecutionListener, org.springframework.test.context.support.DirtiesContextTestExecutionListener, org.springframework.test.context.transaction.TransactionalTestExecutionListener, org.springframework.test.context.jdbc.SqlScriptsTestExecutionListener]
18:20:10.188 [main] INFO  o.s.t.c.s.DefaultTestContextBootstrapper - Using TestExecutionListeners: [org.springframework.test.context.support.DirtiesContextBeforeModesTestExecutionListener@28348c6, org.springframework.boot.test.mock.mockito.MockitoTestExecutionListener@6de0f580, org.springframework.test.context.support.DependencyInjectionTestExecutionListener@6e495b48, org.springframework.test.context.support.DirtiesContextTestExecutionListener@1d61c6dc, org.springframework.test.context.transaction.TransactionalTestExecutionListener@53c68ce, org.springframework.test.context.jdbc.SqlScriptsTestExecutionListener@6f9ad11c, org.springframework.boot.test.mock.mockito.ResetMocksTestExecutionListener@4b2d44bc, org.springframework.boot.test.autoconfigure.restdocs.RestDocsTestExecutionListener@58e92c23, org.springframework.boot.test.autoconfigure.web.client.MockRestServiceServerResetTestExecutionListener@3e7545e8, org.springframework.boot.test.autoconfigure.web.servlet.MockMvcPrintOnlyOnFailureTestExecutionListener@75e710b, org.springframework.boot.test.autoconfigure.web.servlet.WebDriverTestExecutionListener@26f7cdf8]
Tests run: 4, Failures: 0, Errors: 0, Skipped: 0, Time elapsed: 0.152 sec
Running org.springframework.cloud.gcp.data.spanner.core.mapping.ConversionUtilsTests
Tests run: 5, Failures: 0, Errors: 0, Skipped: 0, Time elapsed: 0 sec
Running org.springframework.cloud.gcp.data.spanner.core.mapping.SpannerKeyPropertyTests
Tests run: 32, Failures: 0, Errors: 0, Skipped: 0, Time elapsed: 0.037 sec
Running org.springframework.cloud.gcp.data.spanner.core.mapping.SpannerPersistentEntityImplTests
Tests run: 13, Failures: 0, Errors: 0, Skipped: 0, Time elapsed: 0.046 sec
Running org.springframework.cloud.gcp.data.spanner.repository.it.SpannerRepositoryIntegrationTests
18:20:10.429 [main] INFO  o.s.t.c.s.DefaultTestContextBootstrapper - Loaded default TestExecutionListener class names from location [META-INF/spring.factories]: [org.springframework.boot.test.mock.mockito.MockitoTestExecutionListener, org.springframework.boot.test.mock.mockito.ResetMocksTestExecutionListener, org.springframework.boot.test.autoconfigure.restdocs.RestDocsTestExecutionListener, org.springframework.boot.test.autoconfigure.web.client.MockRestServiceServerResetTestExecutionListener, org.springframework.boot.test.autoconfigure.web.servlet.MockMvcPrintOnlyOnFailureTestExecutionListener, org.springframework.boot.test.autoconfigure.web.servlet.WebDriverTestExecutionListener, org.springframework.test.context.web.ServletTestExecutionListener, org.springframework.test.context.support.DirtiesContextBeforeModesTestExecutionListener, org.springframework.test.context.support.DependencyInjectionTestExecutionListener, org.springframework.test.context.support.DirtiesContextTestExecutionListener, org.springframework.test.context.transaction.TransactionalTestExecutionListener, org.springframework.test.context.jdbc.SqlScriptsTestExecutionListener]
18:20:10.429 [main] INFO  o.s.t.c.s.DefaultTestContextBootstrapper - Using TestExecutionListeners: [org.springframework.test.context.support.DirtiesContextBeforeModesTestExecutionListener@13d9261f, org.springframework.boot.test.mock.mockito.MockitoTestExecutionListener@e9ef5b6, org.springframework.test.context.support.DependencyInjectionTestExecutionListener@5300cac, org.springframework.test.context.support.DirtiesContextTestExecutionListener@4110765e, org.springframework.test.context.transaction.TransactionalTestExecutionListener@1ba359bd, org.springframework.test.context.jdbc.SqlScriptsTestExecutionListener@62e93c3a, org.springframework.boot.test.mock.mockito.ResetMocksTestExecutionListener@673919a7, org.springframework.boot.test.autoconfigure.restdocs.RestDocsTestExecutionListener@25d93198, org.springframework.boot.test.autoconfigure.web.client.MockRestServiceServerResetTestExecutionListener@2436ea2f, org.springframework.boot.test.autoconfigure.web.servlet.MockMvcPrintOnlyOnFailureTestExecutionListener@f951a7f, org.springframework.boot.test.autoconfigure.web.servlet.WebDriverTestExecutionListener@20cece0b]
Tests run: 1, Failures: 0, Errors: 0, Skipped: 1, Time elapsed: 0.004 sec
Running org.springframework.cloud.gcp.data.spanner.repository.support.SpannerRepositoryFactoryTests
Tests run: 5, Failures: 0, Errors: 0, Skipped: 0, Time elapsed: 0.1 sec
Running org.springframework.cloud.gcp.data.spanner.repository.support.SpannerRepositoryImplTests
Tests run: 27, Failures: 0, Errors: 0, Skipped: 0, Time elapsed: 0.009 sec
Running org.springframework.cloud.gcp.data.spanner.repository.support.SpannerRepositoryFactoryBeanTests
Tests run: 1, Failures: 0, Errors: 0, Skipped: 0, Time elapsed: 0.001 sec
Running org.springframework.cloud.gcp.data.spanner.repository.query.SpannerStatementQueryTests
Tests run: 8, Failures: 0, Errors: 0, Skipped: 0, Time elapsed: 0.061 sec
Running org.springframework.cloud.gcp.data.spanner.repository.query.SpannerQueryLookupStrategyTests
Tests run: 2, Failures: 0, Errors: 0, Skipped: 0, Time elapsed: 0.077 sec
Running org.springframework.cloud.gcp.data.spanner.repository.query.SqlSpannerQueryTests
Tests run: 1, Failures: 0, Errors: 0, Skipped: 0, Time elapsed: 0.005 sec
18:20:10.691 [Thread-0] INFO  o.s.c.s.GenericApplicationContext - Closing org.springframework.context.support.GenericApplicationContext@29f0c4f2: startup date [Mon Jul 25 18:20:10 PDT 2022]; root of context hierarchy

Results :

Tests run: 168, Failures: 0, Errors: 0, Skipped: 2

[INFO] 
[INFO] ------< org.springframework.cloud:spring-cloud-gcp-autoconfigure >------
[INFO] Building Spring Cloud GCP Autoconfigure Module 1.0.0.BUILD-SNAPSHOT [6/33]
[INFO] --------------------------------[ jar ]---------------------------------
[INFO] 
[INFO] --- maven-checkstyle-plugin:2.17:check (validate) @ spring-cloud-gcp-autoconfigure ---
[INFO] 
[INFO] --- maven-checkstyle-plugin:2.17:check (checkstyle-validation) @ spring-cloud-gcp-autoconfigure ---
[INFO] 
[INFO] --- maven-resources-plugin:2.6:resources (default-resources) @ spring-cloud-gcp-autoconfigure ---
[INFO] Using 'UTF-8' encoding to copy filtered resources.
[INFO] Copying 0 resource
[INFO] Copying 3 resources
[INFO] 
[INFO] --- maven-compiler-plugin:3.1:compile (default-compile) @ spring-cloud-gcp-autoconfigure ---
[INFO] Nothing to compile - all classes are up to date
[INFO] 
[INFO] --- maven-resources-plugin:2.6:testResources (default-testResources) @ spring-cloud-gcp-autoconfigure ---
[INFO] Using 'UTF-8' encoding to copy filtered resources.
[INFO] Copying 2 resources
[INFO] 
[INFO] --- maven-compiler-plugin:3.1:testCompile (default-testCompile) @ spring-cloud-gcp-autoconfigure ---
[INFO] Nothing to compile - all classes are up to date
[INFO] 
[INFO] --- maven-surefire-plugin:2.12.4:test (default-test) @ spring-cloud-gcp-autoconfigure ---
[INFO] Surefire report directory: /home/user/Workspace/reproducibility/Reproducibility-Scanner/reproducer/workspace/Bears-183/spring-cloud-gcp-autoconfigure/target/surefire-reports

-------------------------------------------------------
 T E S T S
-------------------------------------------------------
Running org.springframework.cloud.gcp.autoconfigure.pubsub.GcpPubSubEmulatorConfigurationTests
Tests run: 1, Failures: 0, Errors: 0, Skipped: 0, Time elapsed: 1.703 sec
Running org.springframework.cloud.gcp.autoconfigure.pubsub.it.PubSubChannelAdaptersIntegrationTests
Tests run: 1, Failures: 0, Errors: 0, Skipped: 1, Time elapsed: 0.634 sec
Running org.springframework.cloud.gcp.autoconfigure.sql.GcpCloudSqlAutoConfigurationMockTests
2022-07-25 18:20:13.834 [main] WARN  o.s.c.g.a.s.GcpCloudSqlAutoConfiguration - spring.datasource.username is not specified. Setting default username.
2022-07-25 18:20:14.017 [main] WARN  o.s.c.g.a.s.GcpCloudSqlAutoConfiguration - spring.datasource.username is not specified. Setting default username.
2022-07-25 18:20:14.101 [main] WARN  o.s.c.g.a.s.GcpCloudSqlAutoConfiguration - spring.datasource.username is not specified. Setting default username.
2022-07-25 18:20:14.253 [main] WARN  o.s.c.g.a.s.GcpCloudSqlAutoConfiguration - spring.datasource.username is not specified. Setting default username.
2022-07-25 18:20:14.356 [main] WARN  o.s.c.g.a.s.GcpCloudSqlAutoConfiguration - spring.datasource.username is not specified. Setting default username.
Tests run: 7, Failures: 0, Errors: 0, Skipped: 0, Time elapsed: 0.687 sec
Running org.springframework.cloud.gcp.autoconfigure.core.cloudfoundry.GcpCloudFoundryEnvironmentPostProcessorTests
Tests run: 1, Failures: 0, Errors: 0, Skipped: 0, Time elapsed: 0.256 sec
Running org.springframework.cloud.gcp.autoconfigure.core.GcpContextAutoConfigurationTests
2022-07-25 18:20:16.192 [main] ERROR o.s.c.g.c.DefaultCredentialsProvider - No credentials were found.
java.io.IOException: The Application Default Credentials are not available. They are available if running in Google Compute Engine. Otherwise, the environment variable GOOGLE_APPLICATION_CREDENTIALS must be defined pointing to a file defining the credentials. See https://developers.google.com/accounts/docs/application-default-credentials for more information.
	at com.google.auth.oauth2.DefaultCredentialsProvider.getDefaultCredentials(DefaultCredentialsProvider.java:116)
	at com.google.auth.oauth2.GoogleCredentials.getApplicationDefault(GoogleCredentials.java:103)
	at com.google.auth.oauth2.GoogleCredentials.getApplicationDefault(GoogleCredentials.java:76)
	at com.google.api.gax.core.GoogleCredentialsProvider.getCredentials(GoogleCredentialsProvider.java:53)
	at org.springframework.cloud.gcp.core.DefaultCredentialsProvider.<init>(DefaultCredentialsProvider.java:110)
	at org.springframework.cloud.gcp.autoconfigure.core.GcpContextAutoConfiguration.googleCredentials(GcpContextAutoConfiguration.java:54)
	at org.springframework.cloud.gcp.autoconfigure.core.GcpContextAutoConfiguration$$EnhancerBySpringCGLIB$$2ade556d.CGLIB$googleCredentials$0(<generated>)
	at org.springframework.cloud.gcp.autoconfigure.core.GcpContextAutoConfiguration$$EnhancerBySpringCGLIB$$2ade556d$$FastClassBySpringCGLIB$$183d2be9.invoke(<generated>)
	at org.springframework.cglib.proxy.MethodProxy.invokeSuper(MethodProxy.java:228)
	at org.springframework.context.annotation.ConfigurationClassEnhancer$BeanMethodInterceptor.intercept(ConfigurationClassEnhancer.java:361)
	at org.springframework.cloud.gcp.autoconfigure.core.GcpContextAutoConfiguration$$EnhancerBySpringCGLIB$$2ade556d.googleCredentials(<generated>)
	at sun.reflect.NativeMethodAccessorImpl.invoke0(Native Method)
	at sun.reflect.NativeMethodAccessorImpl.invoke(NativeMethodAccessorImpl.java:62)
	at sun.reflect.DelegatingMethodAccessorImpl.invoke(DelegatingMethodAccessorImpl.java:43)
	at java.lang.reflect.Method.invoke(Method.java:498)
	at org.springframework.beans.factory.support.SimpleInstantiationStrategy.instantiate(SimpleInstantiationStrategy.java:154)
	at org.springframework.beans.factory.support.ConstructorResolver.instantiateUsingFactoryMethod(ConstructorResolver.java:579)
	at org.springframework.beans.factory.support.AbstractAutowireCapableBeanFactory.instantiateUsingFactoryMethod(AbstractAutowireCapableBeanFactory.java:1250)
	at org.springframework.beans.factory.support.AbstractAutowireCapableBeanFactory.createBeanInstance(AbstractAutowireCapableBeanFactory.java:1099)
	at org.springframework.beans.factory.support.AbstractAutowireCapableBeanFactory.doCreateBean(AbstractAutowireCapableBeanFactory.java:541)
	at org.springframework.beans.factory.support.AbstractAutowireCapableBeanFactory.createBean(AbstractAutowireCapableBeanFactory.java:501)
	at org.springframework.beans.factory.support.AbstractBeanFactory.lambda$doGetBean$0(AbstractBeanFactory.java:317)
	at org.springframework.beans.factory.support.DefaultSingletonBeanRegistry.getSingleton(DefaultSingletonBeanRegistry.java:228)
	at org.springframework.beans.factory.support.AbstractBeanFactory.doGetBean(AbstractBeanFactory.java:315)
	at org.springframework.beans.factory.support.AbstractBeanFactory.getBean(AbstractBeanFactory.java:199)
	at org.springframework.beans.factory.support.DefaultListableBeanFactory.preInstantiateSingletons(DefaultListableBeanFactory.java:760)
	at org.springframework.context.support.AbstractApplicationContext.finishBeanFactoryInitialization(AbstractApplicationContext.java:869)
	at org.springframework.context.support.AbstractApplicationContext.refresh(AbstractApplicationContext.java:550)
	at org.springframework.boot.test.context.runner.AbstractApplicationContextRunner.configureContext(AbstractApplicationContextRunner.java:322)
	at org.springframework.boot.test.context.runner.AbstractApplicationContextRunner.createAndLoadContext(AbstractApplicationContextRunner.java:299)
	at org.springframework.boot.test.context.assertj.AssertProviderApplicationContextInvocationHandler.getContextOrStartupFailure(AssertProviderApplicationContextInvocationHandler.java:62)
	at org.springframework.boot.test.context.assertj.AssertProviderApplicationContextInvocationHandler.<init>(AssertProviderApplicationContextInvocationHandler.java:49)
	at org.springframework.boot.test.context.assertj.ApplicationContextAssertProvider.get(ApplicationContextAssertProvider.java:111)
	at org.springframework.boot.test.context.runner.AbstractApplicationContextRunner.createAssertableContext(AbstractApplicationContextRunner.java:292)
	at org.springframework.boot.test.context.runner.AbstractApplicationContextRunner.lambda$run$0(AbstractApplicationContextRunner.java:278)
	at org.springframework.boot.test.util.TestPropertyValues.applyToSystemProperties(TestPropertyValues.java:130)
	at org.springframework.boot.test.context.runner.AbstractApplicationContextRunner.run(AbstractApplicationContextRunner.java:277)
	at org.springframework.cloud.gcp.autoconfigure.core.GcpContextAutoConfigurationTests.testGetProjectIdProvider_withoutGcpProperties(GcpContextAutoConfigurationTests.java:49)
	at sun.reflect.NativeMethodAccessorImpl.invoke0(Native Method)
	at sun.reflect.NativeMethodAccessorImpl.invoke(NativeMethodAccessorImpl.java:62)
	at sun.reflect.DelegatingMethodAccessorImpl.invoke(DelegatingMethodAccessorImpl.java:43)
	at java.lang.reflect.Method.invoke(Method.java:498)
	at org.junit.runners.model.FrameworkMethod$1.runReflectiveCall(FrameworkMethod.java:50)
	at org.junit.internal.runners.model.ReflectiveCallable.run(ReflectiveCallable.java:12)
	at org.junit.runners.model.FrameworkMethod.invokeExplosively(FrameworkMethod.java:47)
	at org.junit.internal.runners.statements.InvokeMethod.evaluate(InvokeMethod.java:17)
	at org.junit.runners.ParentRunner.runLeaf(ParentRunner.java:325)
	at org.junit.runners.BlockJUnit4ClassRunner.runChild(BlockJUnit4ClassRunner.java:78)
	at org.junit.runners.BlockJUnit4ClassRunner.runChild(BlockJUnit4ClassRunner.java:57)
	at org.junit.runners.ParentRunner$3.run(ParentRunner.java:290)
	at org.junit.runners.ParentRunner$1.schedule(ParentRunner.java:71)
	at org.junit.runners.ParentRunner.runChildren(ParentRunner.java:288)
	at org.junit.runners.ParentRunner.access$000(ParentRunner.java:58)
	at org.junit.runners.ParentRunner$2.evaluate(ParentRunner.java:268)
	at org.junit.runners.ParentRunner.run(ParentRunner.java:363)
	at org.apache.maven.surefire.junit4.JUnit4Provider.execute(JUnit4Provider.java:252)
	at org.apache.maven.surefire.junit4.JUnit4Provider.executeTestSet(JUnit4Provider.java:141)
	at org.apache.maven.surefire.junit4.JUnit4Provider.invoke(JUnit4Provider.java:112)
	at sun.reflect.NativeMethodAccessorImpl.invoke0(Native Method)
	at sun.reflect.NativeMethodAccessorImpl.invoke(NativeMethodAccessorImpl.java:62)
	at sun.reflect.DelegatingMethodAccessorImpl.invoke(DelegatingMethodAccessorImpl.java:43)
	at java.lang.reflect.Method.invoke(Method.java:498)
	at org.apache.maven.surefire.util.ReflectionUtils.invokeMethodWithArray(ReflectionUtils.java:189)
	at org.apache.maven.surefire.booter.ProviderFactory$ProviderProxy.invoke(ProviderFactory.java:165)
	at org.apache.maven.surefire.booter.ProviderFactory.invokeProvider(ProviderFactory.java:85)
	at org.apache.maven.surefire.booter.ForkedBooter.runSuitesInProcess(ForkedBooter.java:115)
	at org.apache.maven.surefire.booter.ForkedBooter.main(ForkedBooter.java:75)
2022-07-25 18:20:16.219 [main] ERROR o.s.c.g.c.DefaultCredentialsProvider - No credentials were found.
java.io.IOException: The Application Default Credentials are not available. They are available if running in Google Compute Engine. Otherwise, the environment variable GOOGLE_APPLICATION_CREDENTIALS must be defined pointing to a file defining the credentials. See https://developers.google.com/accounts/docs/application-default-credentials for more information.
	at com.google.auth.oauth2.DefaultCredentialsProvider.getDefaultCredentials(DefaultCredentialsProvider.java:116)
	at com.google.auth.oauth2.GoogleCredentials.getApplicationDefault(GoogleCredentials.java:103)
	at com.google.auth.oauth2.GoogleCredentials.getApplicationDefault(GoogleCredentials.java:76)
	at com.google.api.gax.core.GoogleCredentialsProvider.getCredentials(GoogleCredentialsProvider.java:53)
	at org.springframework.cloud.gcp.core.DefaultCredentialsProvider.<init>(DefaultCredentialsProvider.java:110)
	at org.springframework.cloud.gcp.autoconfigure.core.GcpContextAutoConfiguration.googleCredentials(GcpContextAutoConfiguration.java:54)
	at org.springframework.cloud.gcp.autoconfigure.core.GcpContextAutoConfiguration$$EnhancerBySpringCGLIB$$2ade556d.CGLIB$googleCredentials$0(<generated>)
	at org.springframework.cloud.gcp.autoconfigure.core.GcpContextAutoConfiguration$$EnhancerBySpringCGLIB$$2ade556d$$FastClassBySpringCGLIB$$183d2be9.invoke(<generated>)
	at org.springframework.cglib.proxy.MethodProxy.invokeSuper(MethodProxy.java:228)
	at org.springframework.context.annotation.ConfigurationClassEnhancer$BeanMethodInterceptor.intercept(ConfigurationClassEnhancer.java:361)
	at org.springframework.cloud.gcp.autoconfigure.core.GcpContextAutoConfiguration$$EnhancerBySpringCGLIB$$2ade556d.googleCredentials(<generated>)
	at sun.reflect.NativeMethodAccessorImpl.invoke0(Native Method)
	at sun.reflect.NativeMethodAccessorImpl.invoke(NativeMethodAccessorImpl.java:62)
	at sun.reflect.DelegatingMethodAccessorImpl.invoke(DelegatingMethodAccessorImpl.java:43)
	at java.lang.reflect.Method.invoke(Method.java:498)
	at org.springframework.beans.factory.support.SimpleInstantiationStrategy.instantiate(SimpleInstantiationStrategy.java:154)
	at org.springframework.beans.factory.support.ConstructorResolver.instantiateUsingFactoryMethod(ConstructorResolver.java:579)
	at org.springframework.beans.factory.support.AbstractAutowireCapableBeanFactory.instantiateUsingFactoryMethod(AbstractAutowireCapableBeanFactory.java:1250)
	at org.springframework.beans.factory.support.AbstractAutowireCapableBeanFactory.createBeanInstance(AbstractAutowireCapableBeanFactory.java:1099)
	at org.springframework.beans.factory.support.AbstractAutowireCapableBeanFactory.doCreateBean(AbstractAutowireCapableBeanFactory.java:541)
	at org.springframework.beans.factory.support.AbstractAutowireCapableBeanFactory.createBean(AbstractAutowireCapableBeanFactory.java:501)
	at org.springframework.beans.factory.support.AbstractBeanFactory.lambda$doGetBean$0(AbstractBeanFactory.java:317)
	at org.springframework.beans.factory.support.DefaultSingletonBeanRegistry.getSingleton(DefaultSingletonBeanRegistry.java:228)
	at org.springframework.beans.factory.support.AbstractBeanFactory.doGetBean(AbstractBeanFactory.java:315)
	at org.springframework.beans.factory.support.AbstractBeanFactory.getBean(AbstractBeanFactory.java:199)
	at org.springframework.beans.factory.support.DefaultListableBeanFactory.preInstantiateSingletons(DefaultListableBeanFactory.java:760)
	at org.springframework.context.support.AbstractApplicationContext.finishBeanFactoryInitialization(AbstractApplicationContext.java:869)
	at org.springframework.context.support.AbstractApplicationContext.refresh(AbstractApplicationContext.java:550)
	at org.springframework.boot.test.context.runner.AbstractApplicationContextRunner.configureContext(AbstractApplicationContextRunner.java:322)
	at org.springframework.boot.test.context.runner.AbstractApplicationContextRunner.createAndLoadContext(AbstractApplicationContextRunner.java:299)
	at org.springframework.boot.test.context.assertj.AssertProviderApplicationContextInvocationHandler.getContextOrStartupFailure(AssertProviderApplicationContextInvocationHandler.java:62)
	at org.springframework.boot.test.context.assertj.AssertProviderApplicationContextInvocationHandler.<init>(AssertProviderApplicationContextInvocationHandler.java:49)
	at org.springframework.boot.test.context.assertj.ApplicationContextAssertProvider.get(ApplicationContextAssertProvider.java:111)
	at org.springframework.boot.test.context.runner.AbstractApplicationContextRunner.createAssertableContext(AbstractApplicationContextRunner.java:292)
	at org.springframework.boot.test.context.runner.AbstractApplicationContextRunner.lambda$run$0(AbstractApplicationContextRunner.java:278)
	at org.springframework.boot.test.util.TestPropertyValues.applyToSystemProperties(TestPropertyValues.java:130)
	at org.springframework.boot.test.context.runner.AbstractApplicationContextRunner.run(AbstractApplicationContextRunner.java:277)
	at org.springframework.cloud.gcp.autoconfigure.core.GcpContextAutoConfigurationTests.testGetProjectIdProvider_withGcpProperties(GcpContextAutoConfigurationTests.java:40)
	at sun.reflect.NativeMethodAccessorImpl.invoke0(Native Method)
	at sun.reflect.NativeMethodAccessorImpl.invoke(NativeMethodAccessorImpl.java:62)
	at sun.reflect.DelegatingMethodAccessorImpl.invoke(DelegatingMethodAccessorImpl.java:43)
	at java.lang.reflect.Method.invoke(Method.java:498)
	at org.junit.runners.model.FrameworkMethod$1.runReflectiveCall(FrameworkMethod.java:50)
	at org.junit.internal.runners.model.ReflectiveCallable.run(ReflectiveCallable.java:12)
	at org.junit.runners.model.FrameworkMethod.invokeExplosively(FrameworkMethod.java:47)
	at org.junit.internal.runners.statements.InvokeMethod.evaluate(InvokeMethod.java:17)
	at org.junit.runners.ParentRunner.runLeaf(ParentRunner.java:325)
	at org.junit.runners.BlockJUnit4ClassRunner.runChild(BlockJUnit4ClassRunner.java:78)
	at org.junit.runners.BlockJUnit4ClassRunner.runChild(BlockJUnit4ClassRunner.java:57)
	at org.junit.runners.ParentRunner$3.run(ParentRunner.java:290)
	at org.junit.runners.ParentRunner$1.schedule(ParentRunner.java:71)
	at org.junit.runners.ParentRunner.runChildren(ParentRunner.java:288)
	at org.junit.runners.ParentRunner.access$000(ParentRunner.java:58)
	at org.junit.runners.ParentRunner$2.evaluate(ParentRunner.java:268)
	at org.junit.runners.ParentRunner.run(ParentRunner.java:363)
	at org.apache.maven.surefire.junit4.JUnit4Provider.execute(JUnit4Provider.java:252)
	at org.apache.maven.surefire.junit4.JUnit4Provider.executeTestSet(JUnit4Provider.java:141)
	at org.apache.maven.surefire.junit4.JUnit4Provider.invoke(JUnit4Provider.java:112)
	at sun.reflect.NativeMethodAccessorImpl.invoke0(Native Method)
	at sun.reflect.NativeMethodAccessorImpl.invoke(NativeMethodAccessorImpl.java:62)
	at sun.reflect.DelegatingMethodAccessorImpl.invoke(DelegatingMethodAccessorImpl.java:43)
	at java.lang.reflect.Method.invoke(Method.java:498)
	at org.apache.maven.surefire.util.ReflectionUtils.invokeMethodWithArray(ReflectionUtils.java:189)
	at org.apache.maven.surefire.booter.ProviderFactory$ProviderProxy.invoke(ProviderFactory.java:165)
	at org.apache.maven.surefire.booter.ProviderFactory.invokeProvider(ProviderFactory.java:85)
	at org.apache.maven.surefire.booter.ForkedBooter.runSuitesInProcess(ForkedBooter.java:115)
	at org.apache.maven.surefire.booter.ForkedBooter.main(ForkedBooter.java:75)
Tests run: 2, Failures: 0, Errors: 0, Skipped: 0, Time elapsed: 1.592 sec
Running org.springframework.cloud.gcp.autoconfigure.logging.XCloudTraceIdExtractorTests
Tests run: 3, Failures: 0, Errors: 0, Skipped: 0, Time elapsed: 0.026 sec
Running org.springframework.cloud.gcp.autoconfigure.logging.CompositeTraceIdExtractorTests
Tests run: 2, Failures: 0, Errors: 0, Skipped: 0, Time elapsed: 0.001 sec
Running org.springframework.cloud.gcp.autoconfigure.logging.StackdriverJsonLayoutLoggerTests
Tests run: 1, Failures: 0, Errors: 0, Skipped: 0, Time elapsed: 0.012 sec
Running org.springframework.cloud.gcp.autoconfigure.logging.TraceIdLoggingWebMvcInterceptorTests
Tests run: 2, Failures: 0, Errors: 0, Skipped: 0, Time elapsed: 0.001 sec
Running org.springframework.cloud.gcp.autoconfigure.logging.ZipkinTraceIdExtractorTests
Tests run: 2, Failures: 0, Errors: 0, Skipped: 0, Time elapsed: 0.001 sec
Running org.springframework.cloud.gcp.autoconfigure.logging.StackdriverLoggingAutoConfigurationTests
Tests run: 7, Failures: 0, Errors: 0, Skipped: 0, Time elapsed: 0.138 sec
Running org.springframework.cloud.gcp.autoconfigure.logging.LoggingWebMvcConfigurerTests
Tests run: 1, Failures: 0, Errors: 0, Skipped: 0, Time elapsed: 0.39 sec
Running org.springframework.cloud.gcp.autoconfigure.spanner.GcpSpannerAutoConfigurationTests
Tests run: 5, Failures: 0, Errors: 0, Skipped: 0, Time elapsed: 1.194 sec
Running org.springframework.cloud.gcp.autoconfigure.trace.sleuth.StackdriverTraceReporterTests
Tests run: 3, Failures: 0, Errors: 0, Skipped: 0, Time elapsed: 0.142 sec
Running org.springframework.cloud.gcp.autoconfigure.trace.sleuth.LabelExtractorTests
Tests run: 2, Failures: 0, Errors: 0, Skipped: 0, Time elapsed: 0.002 sec
Running org.springframework.cloud.gcp.autoconfigure.trace.StackdriverTraceAutoConfigurationTests
Tests run: 1, Failures: 0, Errors: 0, Skipped: 0, Time elapsed: 0.308 sec
Running org.springframework.cloud.gcp.autoconfigure.storage.GcpStorageAutoConfigurationTests

  .   ____          _            __ _ _
 /\\ / ___'_ __ _ _(_)_ __  __ _ \ \ \ \
( ( )\___ | '_ | '_| | '_ \/ _` | \ \ \ \
 \\/  ___)| |_)| | | | | || (_| |  ) ) ) )
  '  |____| .__|_| |_|_| |_\__, | / / / /
 =========|_|==============|___/=/_/_/_/
 :: Spring Boot ::        (v2.0.1.RELEASE)

Tests run: 2, Failures: 0, Errors: 0, Skipped: 0, Time elapsed: 5.963 sec
Running org.springframework.cloud.gcp.autoconfigure.config.GcpConfigBootstrapConfigurationTest
Tests run: 2, Failures: 0, Errors: 0, Skipped: 0, Time elapsed: 0.016 sec
Running org.springframework.cloud.gcp.autoconfigure.config.GoogleConfigPropertySourceLocatorTest
Tests run: 5, Failures: 0, Errors: 0, Skipped: 0, Time elapsed: 0.09 sec

Results :

Tests run: 50, Failures: 0, Errors: 0, Skipped: 1

[INFO] 
[INFO] --------< org.springframework.cloud:spring-cloud-gcp-starters >---------
[INFO] Building Spring Cloud GCP Starters 1.0.0.BUILD-SNAPSHOT           [7/33]
[INFO] --------------------------------[ pom ]---------------------------------
[INFO] 
[INFO] --- maven-checkstyle-plugin:2.17:check (validate) @ spring-cloud-gcp-starters ---
[INFO] 
[INFO] --- maven-checkstyle-plugin:2.17:check (checkstyle-validation) @ spring-cloud-gcp-starters ---
[INFO] 
[INFO] ---------< org.springframework.cloud:spring-cloud-gcp-starter >---------
[INFO] Building Spring Cloud GCP Support Starter 1.0.0.BUILD-SNAPSHOT    [8/33]
[INFO] --------------------------------[ jar ]---------------------------------
[INFO] 
[INFO] --- maven-checkstyle-plugin:2.17:check (validate) @ spring-cloud-gcp-starter ---
[INFO] 
[INFO] --- maven-checkstyle-plugin:2.17:check (checkstyle-validation) @ spring-cloud-gcp-starter ---
[INFO] 
[INFO] --- maven-resources-plugin:2.6:resources (default-resources) @ spring-cloud-gcp-starter ---
[INFO] Using 'UTF-8' encoding to copy filtered resources.
[INFO] Copying 0 resource
[INFO] Copying 1 resource
[INFO] 
[INFO] --- maven-compiler-plugin:3.1:compile (default-compile) @ spring-cloud-gcp-starter ---
[INFO] No sources to compile
[INFO] 
[INFO] --- maven-resources-plugin:2.6:testResources (default-testResources) @ spring-cloud-gcp-starter ---
[INFO] Using 'UTF-8' encoding to copy filtered resources.
[INFO] skip non existing resourceDirectory /home/user/Workspace/reproducibility/Reproducibility-Scanner/reproducer/workspace/Bears-183/spring-cloud-gcp-starters/spring-cloud-gcp-starter/src/test/resources
[INFO] 
[INFO] --- maven-compiler-plugin:3.1:testCompile (default-testCompile) @ spring-cloud-gcp-starter ---
[INFO] No sources to compile
[INFO] 
[INFO] --- maven-surefire-plugin:2.12.4:test (default-test) @ spring-cloud-gcp-starter ---
[INFO] No tests to run.
[INFO] 
[INFO] -----< org.springframework.cloud:spring-cloud-gcp-starter-pubsub >------
[INFO] Building Spring Cloud GCP Pub/Sub Starter 1.0.0.BUILD-SNAPSHOT    [9/33]
[INFO] --------------------------------[ jar ]---------------------------------
[INFO] 
[INFO] --- maven-checkstyle-plugin:2.17:check (validate) @ spring-cloud-gcp-starter-pubsub ---
[INFO] 
[INFO] --- maven-checkstyle-plugin:2.17:check (checkstyle-validation) @ spring-cloud-gcp-starter-pubsub ---
[INFO] 
[INFO] --- maven-resources-plugin:2.6:resources (default-resources) @ spring-cloud-gcp-starter-pubsub ---
[INFO] Using 'UTF-8' encoding to copy filtered resources.
[INFO] Copying 0 resource
[INFO] Copying 1 resource
[INFO] 
[INFO] --- maven-compiler-plugin:3.1:compile (default-compile) @ spring-cloud-gcp-starter-pubsub ---
[INFO] No sources to compile
[INFO] 
[INFO] --- maven-resources-plugin:2.6:testResources (default-testResources) @ spring-cloud-gcp-starter-pubsub ---
[INFO] Using 'UTF-8' encoding to copy filtered resources.
[INFO] skip non existing resourceDirectory /home/user/Workspace/reproducibility/Reproducibility-Scanner/reproducer/workspace/Bears-183/spring-cloud-gcp-starters/spring-cloud-gcp-starter-pubsub/src/test/resources
[INFO] 
[INFO] --- maven-compiler-plugin:3.1:testCompile (default-testCompile) @ spring-cloud-gcp-starter-pubsub ---
[INFO] No sources to compile
[INFO] 
[INFO] --- maven-surefire-plugin:2.12.4:test (default-test) @ spring-cloud-gcp-starter-pubsub ---
[INFO] No tests to run.
[INFO] 
[INFO] --< org.springframework.cloud:spring-cloud-gcp-pubsub-stream-binder >---
[INFO] Building Spring Cloud GCP Stream 1.0.0.BUILD-SNAPSHOT            [10/33]
[INFO] --------------------------------[ jar ]---------------------------------
[INFO] 
[INFO] --- maven-checkstyle-plugin:2.17:check (validate) @ spring-cloud-gcp-pubsub-stream-binder ---
[INFO] 
[INFO] --- maven-checkstyle-plugin:2.17:check (checkstyle-validation) @ spring-cloud-gcp-pubsub-stream-binder ---
[INFO] 
[INFO] --- maven-resources-plugin:2.6:resources (default-resources) @ spring-cloud-gcp-pubsub-stream-binder ---
[INFO] Using 'UTF-8' encoding to copy filtered resources.
[INFO] Copying 0 resource
[INFO] Copying 1 resource
[INFO] 
[INFO] --- maven-compiler-plugin:3.1:compile (default-compile) @ spring-cloud-gcp-pubsub-stream-binder ---
[INFO] Nothing to compile - all classes are up to date
[INFO] 
[INFO] --- maven-resources-plugin:2.6:testResources (default-testResources) @ spring-cloud-gcp-pubsub-stream-binder ---
[INFO] Using 'UTF-8' encoding to copy filtered resources.
[INFO] skip non existing resourceDirectory /home/user/Workspace/reproducibility/Reproducibility-Scanner/reproducer/workspace/Bears-183/spring-cloud-gcp-pubsub-stream-binder/src/test/resources
[INFO] 
[INFO] --- maven-compiler-plugin:3.1:testCompile (default-testCompile) @ spring-cloud-gcp-pubsub-stream-binder ---
[INFO] Nothing to compile - all classes are up to date
[INFO] 
[INFO] --- maven-surefire-plugin:2.12.4:test (default-test) @ spring-cloud-gcp-pubsub-stream-binder ---
[INFO] Surefire report directory: /home/user/Workspace/reproducibility/Reproducibility-Scanner/reproducer/workspace/Bears-183/spring-cloud-gcp-pubsub-stream-binder/target/surefire-reports

-------------------------------------------------------
 T E S T S
-------------------------------------------------------
Running org.springframework.cloud.gcp.stream.binder.pubsub.PubSubMessageChannelBinderTests
Tests run: 1, Failures: 0, Errors: 0, Skipped: 1, Time elapsed: 0.779 sec

Results :

Tests run: 1, Failures: 0, Errors: 0, Skipped: 1

[INFO] 
[INFO] ----------< org.springframework.cloud:spring-cloud-gcp-docs >-----------
[INFO] Building Spring Cloud GCP Documentation 1.0.0.BUILD-SNAPSHOT     [11/33]
[INFO] --------------------------------[ jar ]---------------------------------
[INFO] 
[INFO] --- maven-checkstyle-plugin:2.17:check (validate) @ spring-cloud-gcp-docs ---
[INFO] 
[INFO] --- maven-checkstyle-plugin:2.17:check (checkstyle-validation) @ spring-cloud-gcp-docs ---
[INFO] 
[INFO] --- maven-resources-plugin:2.6:resources (default-resources) @ spring-cloud-gcp-docs ---
[INFO] Using 'UTF-8' encoding to copy filtered resources.
[INFO] skip non existing resourceDirectory /home/user/Workspace/reproducibility/Reproducibility-Scanner/reproducer/workspace/Bears-183/spring-cloud-gcp-docs/src/main/resources
[INFO] skip non existing resourceDirectory /home/user/Workspace/reproducibility/Reproducibility-Scanner/reproducer/workspace/Bears-183/spring-cloud-gcp-docs/src/main/resources
[INFO] 
[INFO] --- maven-compiler-plugin:3.1:compile (default-compile) @ spring-cloud-gcp-docs ---
[INFO] No sources to compile
[INFO] 
[INFO] --- maven-resources-plugin:2.6:testResources (default-testResources) @ spring-cloud-gcp-docs ---
[INFO] Using 'UTF-8' encoding to copy filtered resources.
[INFO] skip non existing resourceDirectory /home/user/Workspace/reproducibility/Reproducibility-Scanner/reproducer/workspace/Bears-183/spring-cloud-gcp-docs/src/test/resources
[INFO] 
[INFO] --- maven-compiler-plugin:3.1:testCompile (default-testCompile) @ spring-cloud-gcp-docs ---
[INFO] No sources to compile
[INFO] 
[INFO] --- maven-surefire-plugin:2.12.4:test (default-test) @ spring-cloud-gcp-docs ---
[INFO] No tests to run.
[INFO] 
[INFO] ------< org.springframework.cloud:spring-cloud-gcp-dependencies >-------
[INFO] Building Spring Cloud GCP Dependencies 1.0.0.BUILD-SNAPSHOT      [12/33]
[INFO] --------------------------------[ pom ]---------------------------------
[INFO] 
[INFO] -----< org.springframework.cloud:spring-cloud-gcp-starter-config >------
[INFO] Building Spring Cloud GCP Config Starter 1.0.0.BUILD-SNAPSHOT    [13/33]
[INFO] --------------------------------[ jar ]---------------------------------
[INFO] 
[INFO] --- maven-checkstyle-plugin:2.17:check (validate) @ spring-cloud-gcp-starter-config ---
[INFO] 
[INFO] --- maven-checkstyle-plugin:2.17:check (checkstyle-validation) @ spring-cloud-gcp-starter-config ---
[INFO] 
[INFO] --- maven-resources-plugin:2.6:resources (default-resources) @ spring-cloud-gcp-starter-config ---
[INFO] Using 'UTF-8' encoding to copy filtered resources.
[INFO] Copying 0 resource
[INFO] Copying 1 resource
[INFO] 
[INFO] --- maven-compiler-plugin:3.1:compile (default-compile) @ spring-cloud-gcp-starter-config ---
[INFO] No sources to compile
[INFO] 
[INFO] --- maven-resources-plugin:2.6:testResources (default-testResources) @ spring-cloud-gcp-starter-config ---
[INFO] Using 'UTF-8' encoding to copy filtered resources.
[INFO] skip non existing resourceDirectory /home/user/Workspace/reproducibility/Reproducibility-Scanner/reproducer/workspace/Bears-183/spring-cloud-gcp-starters/spring-cloud-gcp-starter-config/src/test/resources
[INFO] 
[INFO] --- maven-compiler-plugin:3.1:testCompile (default-testCompile) @ spring-cloud-gcp-starter-config ---
[INFO] No sources to compile
[INFO] 
[INFO] --- maven-surefire-plugin:2.12.4:test (default-test) @ spring-cloud-gcp-starter-config ---
[INFO] No tests to run.
[INFO] 
[INFO] -----< org.springframework.cloud:spring-cloud-gcp-starter-storage >-----
[INFO] Building Spring Cloud GCP Storage Starter 1.0.0.BUILD-SNAPSHOT   [14/33]
[INFO] --------------------------------[ jar ]---------------------------------
[INFO] 
[INFO] --- maven-checkstyle-plugin:2.17:check (validate) @ spring-cloud-gcp-starter-storage ---
[INFO] 
[INFO] --- maven-checkstyle-plugin:2.17:check (checkstyle-validation) @ spring-cloud-gcp-starter-storage ---
[INFO] 
[INFO] --- maven-resources-plugin:2.6:resources (default-resources) @ spring-cloud-gcp-starter-storage ---
[INFO] Using 'UTF-8' encoding to copy filtered resources.
[INFO] Copying 0 resource
[INFO] Copying 1 resource
[INFO] 
[INFO] --- maven-compiler-plugin:3.1:compile (default-compile) @ spring-cloud-gcp-starter-storage ---
[INFO] No sources to compile
[INFO] 
[INFO] --- maven-resources-plugin:2.6:testResources (default-testResources) @ spring-cloud-gcp-starter-storage ---
[INFO] Using 'UTF-8' encoding to copy filtered resources.
[INFO] skip non existing resourceDirectory /home/user/Workspace/reproducibility/Reproducibility-Scanner/reproducer/workspace/Bears-183/spring-cloud-gcp-starters/spring-cloud-gcp-starter-storage/src/test/resources
[INFO] 
[INFO] --- maven-compiler-plugin:3.1:testCompile (default-testCompile) @ spring-cloud-gcp-starter-storage ---
[INFO] No sources to compile
[INFO] 
[INFO] --- maven-surefire-plugin:2.12.4:test (default-test) @ spring-cloud-gcp-starter-storage ---
[INFO] No tests to run.
[INFO] 
[INFO] --< org.springframework.cloud:spring-cloud-gcp-starter-data-spanner >---
[INFO] Building Spring Cloud GCP Spanner Starter 1.0.0.BUILD-SNAPSHOT   [15/33]
[INFO] --------------------------------[ jar ]---------------------------------
[INFO] 
[INFO] --- maven-checkstyle-plugin:2.17:check (validate) @ spring-cloud-gcp-starter-data-spanner ---
[INFO] 
[INFO] --- maven-checkstyle-plugin:2.17:check (checkstyle-validation) @ spring-cloud-gcp-starter-data-spanner ---
[INFO] 
[INFO] --- maven-resources-plugin:2.6:resources (default-resources) @ spring-cloud-gcp-starter-data-spanner ---
[INFO] Using 'UTF-8' encoding to copy filtered resources.
[INFO] Copying 0 resource
[INFO] Copying 1 resource
[INFO] 
[INFO] --- maven-compiler-plugin:3.1:compile (default-compile) @ spring-cloud-gcp-starter-data-spanner ---
[INFO] No sources to compile
[INFO] 
[INFO] --- maven-resources-plugin:2.6:testResources (default-testResources) @ spring-cloud-gcp-starter-data-spanner ---
[INFO] Using 'UTF-8' encoding to copy filtered resources.
[INFO] skip non existing resourceDirectory /home/user/Workspace/reproducibility/Reproducibility-Scanner/reproducer/workspace/Bears-183/spring-cloud-gcp-starters/spring-cloud-gcp-starter-data-spanner/src/test/resources
[INFO] 
[INFO] --- maven-compiler-plugin:3.1:testCompile (default-testCompile) @ spring-cloud-gcp-starter-data-spanner ---
[INFO] No sources to compile
[INFO] 
[INFO] --- maven-surefire-plugin:2.12.4:test (default-test) @ spring-cloud-gcp-starter-data-spanner ---
[INFO] No tests to run.
[INFO] 
[INFO] ------< org.springframework.cloud:spring-cloud-gcp-starter-trace >------
[INFO] Building Spring Cloud GCP Cloud Trace Starter 1.0.0.BUILD-SNAPSHOT [16/33]
[INFO] --------------------------------[ jar ]---------------------------------
[INFO] 
[INFO] --- maven-checkstyle-plugin:2.17:check (validate) @ spring-cloud-gcp-starter-trace ---
[INFO] 
[INFO] --- maven-checkstyle-plugin:2.17:check (checkstyle-validation) @ spring-cloud-gcp-starter-trace ---
[INFO] 
[INFO] --- maven-resources-plugin:2.6:resources (default-resources) @ spring-cloud-gcp-starter-trace ---
[INFO] Using 'UTF-8' encoding to copy filtered resources.
[INFO] Copying 0 resource
[INFO] Copying 1 resource
[INFO] 
[INFO] --- maven-compiler-plugin:3.1:compile (default-compile) @ spring-cloud-gcp-starter-trace ---
[INFO] No sources to compile
[INFO] 
[INFO] --- maven-resources-plugin:2.6:testResources (default-testResources) @ spring-cloud-gcp-starter-trace ---
[INFO] Using 'UTF-8' encoding to copy filtered resources.
[INFO] skip non existing resourceDirectory /home/user/Workspace/reproducibility/Reproducibility-Scanner/reproducer/workspace/Bears-183/spring-cloud-gcp-starters/spring-cloud-gcp-starter-trace/src/test/resources
[INFO] 
[INFO] --- maven-compiler-plugin:3.1:testCompile (default-testCompile) @ spring-cloud-gcp-starter-trace ---
[INFO] No sources to compile
[INFO] 
[INFO] --- maven-surefire-plugin:2.12.4:test (default-test) @ spring-cloud-gcp-starter-trace ---
[INFO] No tests to run.
[INFO] 
[INFO] -----< org.springframework.cloud:spring-cloud-gcp-starter-logging >-----
[INFO] Building Spring Cloud GCP Stackdriver Logging Starter 1.0.0.BUILD-SNAPSHOT [17/33]
[INFO] --------------------------------[ jar ]---------------------------------
[INFO] 
[INFO] --- maven-checkstyle-plugin:2.17:check (validate) @ spring-cloud-gcp-starter-logging ---
[INFO] 
[INFO] --- maven-checkstyle-plugin:2.17:check (checkstyle-validation) @ spring-cloud-gcp-starter-logging ---
[INFO] 
[INFO] --- maven-resources-plugin:2.6:resources (default-resources) @ spring-cloud-gcp-starter-logging ---
[INFO] Using 'UTF-8' encoding to copy filtered resources.
[INFO] Copying 0 resource
[INFO] Copying 1 resource
[INFO] 
[INFO] --- maven-compiler-plugin:3.1:compile (default-compile) @ spring-cloud-gcp-starter-logging ---
[INFO] No sources to compile
[INFO] 
[INFO] --- maven-resources-plugin:2.6:testResources (default-testResources) @ spring-cloud-gcp-starter-logging ---
[INFO] Using 'UTF-8' encoding to copy filtered resources.
[INFO] skip non existing resourceDirectory /home/user/Workspace/reproducibility/Reproducibility-Scanner/reproducer/workspace/Bears-183/spring-cloud-gcp-starters/spring-cloud-gcp-starter-logging/src/test/resources
[INFO] 
[INFO] --- maven-compiler-plugin:3.1:testCompile (default-testCompile) @ spring-cloud-gcp-starter-logging ---
[INFO] No sources to compile
[INFO] 
[INFO] --- maven-surefire-plugin:2.12.4:test (default-test) @ spring-cloud-gcp-starter-logging ---
[INFO] No tests to run.
[INFO] 
[INFO] ----< org.springframework.cloud:spring-cloud-gcp-starter-sql-mysql >----
[INFO] Building Spring Cloud GCP Cloud SQL MySQL Starter 1.0.0.BUILD-SNAPSHOT [18/33]
[INFO] --------------------------------[ jar ]---------------------------------
[INFO] 
[INFO] --- maven-checkstyle-plugin:2.17:check (validate) @ spring-cloud-gcp-starter-sql-mysql ---
[INFO] 
[INFO] --- maven-checkstyle-plugin:2.17:check (checkstyle-validation) @ spring-cloud-gcp-starter-sql-mysql ---
[INFO] 
[INFO] --- maven-resources-plugin:2.6:resources (default-resources) @ spring-cloud-gcp-starter-sql-mysql ---
[INFO] Using 'UTF-8' encoding to copy filtered resources.
[INFO] Copying 0 resource
[INFO] Copying 1 resource
[INFO] 
[INFO] --- maven-compiler-plugin:3.1:compile (default-compile) @ spring-cloud-gcp-starter-sql-mysql ---
[INFO] No sources to compile
[INFO] 
[INFO] --- maven-resources-plugin:2.6:testResources (default-testResources) @ spring-cloud-gcp-starter-sql-mysql ---
[INFO] Using 'UTF-8' encoding to copy filtered resources.
[INFO] skip non existing resourceDirectory /home/user/Workspace/reproducibility/Reproducibility-Scanner/reproducer/workspace/Bears-183/spring-cloud-gcp-starters/spring-cloud-gcp-starter-sql-mysql/src/test/resources
[INFO] 
[INFO] --- maven-compiler-plugin:3.1:testCompile (default-testCompile) @ spring-cloud-gcp-starter-sql-mysql ---
[INFO] No sources to compile
[INFO] 
[INFO] --- maven-surefire-plugin:2.12.4:test (default-test) @ spring-cloud-gcp-starter-sql-mysql ---
[INFO] No tests to run.
[INFO] 
[INFO] --< org.springframework.cloud:spring-cloud-gcp-starter-sql-postgresql >--
[INFO] Building Spring Cloud GCP Cloud SQL PostgreSQL Starter 1.0.0.BUILD-SNAPSHOT [19/33]
[INFO] --------------------------------[ jar ]---------------------------------
[INFO] 
[INFO] --- maven-checkstyle-plugin:2.17:check (validate) @ spring-cloud-gcp-starter-sql-postgresql ---
[INFO] 
[INFO] --- maven-checkstyle-plugin:2.17:check (checkstyle-validation) @ spring-cloud-gcp-starter-sql-postgresql ---
[INFO] 
[INFO] --- maven-resources-plugin:2.6:resources (default-resources) @ spring-cloud-gcp-starter-sql-postgresql ---
[INFO] Using 'UTF-8' encoding to copy filtered resources.
[INFO] Copying 0 resource
[INFO] Copying 1 resource
[INFO] 
[INFO] --- maven-compiler-plugin:3.1:compile (default-compile) @ spring-cloud-gcp-starter-sql-postgresql ---
[INFO] No sources to compile
[INFO] 
[INFO] --- maven-resources-plugin:2.6:testResources (default-testResources) @ spring-cloud-gcp-starter-sql-postgresql ---
[INFO] Using 'UTF-8' encoding to copy filtered resources.
[INFO] skip non existing resourceDirectory /home/user/Workspace/reproducibility/Reproducibility-Scanner/reproducer/workspace/Bears-183/spring-cloud-gcp-starters/spring-cloud-gcp-starter-sql-postgresql/src/test/resources
[INFO] 
[INFO] --- maven-compiler-plugin:3.1:testCompile (default-testCompile) @ spring-cloud-gcp-starter-sql-postgresql ---
[INFO] No sources to compile
[INFO] 
[INFO] --- maven-surefire-plugin:2.12.4:test (default-test) @ spring-cloud-gcp-starter-sql-postgresql ---
[INFO] No tests to run.
[INFO] 
[INFO] ---------< org.springframework.cloud:spring-cloud-gcp-samples >---------
[INFO] Building Spring Cloud GCP Code Samples 1.0.0.BUILD-SNAPSHOT      [20/33]
[INFO] --------------------------------[ pom ]---------------------------------
[INFO] 
[INFO] --- maven-checkstyle-plugin:2.17:check (validate) @ spring-cloud-gcp-samples ---
[INFO] 
[INFO] --- maven-checkstyle-plugin:2.17:check (checkstyle-validation) @ spring-cloud-gcp-samples ---
[INFO] 
[INFO] -------------< com.example:spring-cloud-gcp-config-sample >-------------
[INFO] Building Spring Cloud GCP Runtime Configuration Code Sample 1.0.0.BUILD-SNAPSHOT [21/33]
[INFO] --------------------------------[ jar ]---------------------------------
[INFO] 
[INFO] --- maven-checkstyle-plugin:2.17:check (validate) @ spring-cloud-gcp-config-sample ---
[INFO] 
[INFO] --- maven-checkstyle-plugin:2.17:check (checkstyle-validation) @ spring-cloud-gcp-config-sample ---
[INFO] 
[INFO] --- maven-resources-plugin:2.6:resources (default-resources) @ spring-cloud-gcp-config-sample ---
[INFO] Using 'UTF-8' encoding to copy filtered resources.
[INFO] Copying 1 resource
[INFO] Copying 1 resource
[INFO] 
[INFO] --- maven-compiler-plugin:3.1:compile (default-compile) @ spring-cloud-gcp-config-sample ---
[INFO] Nothing to compile - all classes are up to date
[INFO] 
[INFO] --- maven-resources-plugin:2.6:testResources (default-testResources) @ spring-cloud-gcp-config-sample ---
[INFO] Using 'UTF-8' encoding to copy filtered resources.
[INFO] skip non existing resourceDirectory /home/user/Workspace/reproducibility/Reproducibility-Scanner/reproducer/workspace/Bears-183/spring-cloud-gcp-samples/spring-cloud-gcp-config-sample/src/test/resources
[INFO] 
[INFO] --- maven-compiler-plugin:3.1:testCompile (default-testCompile) @ spring-cloud-gcp-config-sample ---
[INFO] No sources to compile
[INFO] 
[INFO] --- maven-surefire-plugin:2.12.4:test (default-test) @ spring-cloud-gcp-config-sample ---
[INFO] No tests to run.
[INFO] 
[INFO] -------------< com.example:spring-cloud-gcp-trace-sample >--------------
[INFO] Building Spring Cloud GCP Trace Code Sample 1.0.0.BUILD-SNAPSHOT [22/33]
[INFO] --------------------------------[ jar ]---------------------------------
[INFO] 
[INFO] --- maven-checkstyle-plugin:2.17:check (validate) @ spring-cloud-gcp-trace-sample ---
[INFO] 
[INFO] --- maven-checkstyle-plugin:2.17:check (checkstyle-validation) @ spring-cloud-gcp-trace-sample ---
[INFO] 
[INFO] --- maven-resources-plugin:2.6:resources (default-resources) @ spring-cloud-gcp-trace-sample ---
[INFO] Using 'UTF-8' encoding to copy filtered resources.
[INFO] Copying 1 resource
[INFO] Copying 0 resource
[INFO] 
[INFO] --- maven-compiler-plugin:3.1:compile (default-compile) @ spring-cloud-gcp-trace-sample ---
[INFO] Nothing to compile - all classes are up to date
[INFO] 
[INFO] --- maven-resources-plugin:2.6:testResources (default-testResources) @ spring-cloud-gcp-trace-sample ---
[INFO] Using 'UTF-8' encoding to copy filtered resources.
[INFO] skip non existing resourceDirectory /home/user/Workspace/reproducibility/Reproducibility-Scanner/reproducer/workspace/Bears-183/spring-cloud-gcp-samples/spring-cloud-gcp-trace-sample/src/test/resources
[INFO] 
[INFO] --- maven-compiler-plugin:3.1:testCompile (default-testCompile) @ spring-cloud-gcp-trace-sample ---
[INFO] No sources to compile
[INFO] 
[INFO] --- maven-surefire-plugin:2.12.4:test (default-test) @ spring-cloud-gcp-trace-sample ---
[INFO] No tests to run.
[INFO] 
[INFO] ------------< com.example:spring-cloud-gcp-logging-sample >-------------
[INFO] Building Spring Cloud GCP Logging Code Sample 1.0.0.BUILD-SNAPSHOT [23/33]
[INFO] --------------------------------[ jar ]---------------------------------
[INFO] 
[INFO] --- maven-checkstyle-plugin:2.17:check (validate) @ spring-cloud-gcp-logging-sample ---
[INFO] 
[INFO] --- maven-checkstyle-plugin:2.17:check (checkstyle-validation) @ spring-cloud-gcp-logging-sample ---
[INFO] 
[INFO] --- maven-resources-plugin:2.6:resources (default-resources) @ spring-cloud-gcp-logging-sample ---
[INFO] Using 'UTF-8' encoding to copy filtered resources.
[INFO] Copying 1 resource
[INFO] Copying 1 resource
[INFO] 
[INFO] --- maven-compiler-plugin:3.1:compile (default-compile) @ spring-cloud-gcp-logging-sample ---
[INFO] Nothing to compile - all classes are up to date
[INFO] 
[INFO] --- maven-resources-plugin:2.6:testResources (default-testResources) @ spring-cloud-gcp-logging-sample ---
[INFO] Using 'UTF-8' encoding to copy filtered resources.
[INFO] skip non existing resourceDirectory /home/user/Workspace/reproducibility/Reproducibility-Scanner/reproducer/workspace/Bears-183/spring-cloud-gcp-samples/spring-cloud-gcp-logging-sample/src/test/resources
[INFO] 
[INFO] --- maven-compiler-plugin:3.1:testCompile (default-testCompile) @ spring-cloud-gcp-logging-sample ---
[INFO] No sources to compile
[INFO] 
[INFO] --- maven-surefire-plugin:2.12.4:test (default-test) @ spring-cloud-gcp-logging-sample ---
[INFO] No tests to run.
[INFO] 
[INFO] -------< org.springframework.cloud:spring-cloud-gcp-sql-sample >--------
[INFO] Building Spring Cloud GCP SQL MySQL Starter Code Sample 1.0.0.BUILD-SNAPSHOT [24/33]
[INFO] --------------------------------[ jar ]---------------------------------
[INFO] 
[INFO] --- maven-checkstyle-plugin:2.17:check (validate) @ spring-cloud-gcp-sql-sample ---
[INFO] 
[INFO] --- maven-checkstyle-plugin:2.17:check (checkstyle-validation) @ spring-cloud-gcp-sql-sample ---
[INFO] 
[INFO] --- maven-resources-plugin:2.6:resources (default-resources) @ spring-cloud-gcp-sql-sample ---
[INFO] Using 'UTF-8' encoding to copy filtered resources.
[INFO] Copying 1 resource
[INFO] Copying 2 resources
[INFO] 
[INFO] --- maven-compiler-plugin:3.1:compile (default-compile) @ spring-cloud-gcp-sql-sample ---
[INFO] Nothing to compile - all classes are up to date
[INFO] 
[INFO] --- maven-resources-plugin:2.6:testResources (default-testResources) @ spring-cloud-gcp-sql-sample ---
[INFO] Using 'UTF-8' encoding to copy filtered resources.
[INFO] skip non existing resourceDirectory /home/user/Workspace/reproducibility/Reproducibility-Scanner/reproducer/workspace/Bears-183/spring-cloud-gcp-samples/spring-cloud-gcp-sql-sample/src/test/resources
[INFO] 
[INFO] --- maven-compiler-plugin:3.1:testCompile (default-testCompile) @ spring-cloud-gcp-sql-sample ---
[INFO] No sources to compile
[INFO] 
[INFO] --- maven-surefire-plugin:2.12.4:test (default-test) @ spring-cloud-gcp-sql-sample ---
[INFO] No tests to run.
[INFO] 
[INFO] -------< com.example:spring-cloud-gcp-integration-pubsub-sample >-------
[INFO] Building Spring Cloud GCP Integration Pub/Sub Channel Adapters Code Sample 1.0.0.BUILD-SNAPSHOT [25/33]
[INFO] --------------------------------[ pom ]---------------------------------
[INFO] 
[INFO] --- maven-checkstyle-plugin:2.17:check (validate) @ spring-cloud-gcp-integration-pubsub-sample ---
[INFO] 
[INFO] --- maven-checkstyle-plugin:2.17:check (checkstyle-validation) @ spring-cloud-gcp-integration-pubsub-sample ---
[INFO] 
[INFO] ---< com.example:spring-cloud-gcp-integration-pubsub-sample-sender >----
[INFO] Building Spring Cloud GCP Integration Pub/Sub Sender Code Sample 1.0.0.BUILD-SNAPSHOT [26/33]
[INFO] --------------------------------[ jar ]---------------------------------
[INFO] 
[INFO] --- maven-checkstyle-plugin:2.17:check (validate) @ spring-cloud-gcp-integration-pubsub-sample-sender ---
[INFO] 
[INFO] --- maven-checkstyle-plugin:2.17:check (checkstyle-validation) @ spring-cloud-gcp-integration-pubsub-sample-sender ---
[INFO] 
[INFO] --- maven-resources-plugin:2.6:resources (default-resources) @ spring-cloud-gcp-integration-pubsub-sample-sender ---
[INFO] Using 'UTF-8' encoding to copy filtered resources.
[INFO] Copying 1 resource
[INFO] Copying 1 resource
[INFO] 
[INFO] --- maven-compiler-plugin:3.1:compile (default-compile) @ spring-cloud-gcp-integration-pubsub-sample-sender ---
[INFO] Nothing to compile - all classes are up to date
[INFO] 
[INFO] --- maven-resources-plugin:2.6:testResources (default-testResources) @ spring-cloud-gcp-integration-pubsub-sample-sender ---
[INFO] Using 'UTF-8' encoding to copy filtered resources.
[INFO] skip non existing resourceDirectory /home/user/Workspace/reproducibility/Reproducibility-Scanner/reproducer/workspace/Bears-183/spring-cloud-gcp-samples/spring-cloud-gcp-integration-pubsub-sample/spring-cloud-gcp-integration-pubsub-sample-sender/src/test/resources
[INFO] 
[INFO] --- maven-compiler-plugin:3.1:testCompile (default-testCompile) @ spring-cloud-gcp-integration-pubsub-sample-sender ---
[INFO] No sources to compile
[INFO] 
[INFO] --- maven-surefire-plugin:2.12.4:test (default-test) @ spring-cloud-gcp-integration-pubsub-sample-sender ---
[INFO] No tests to run.
[INFO] 
[INFO] --< com.example:spring-cloud-gcp-integration-pubsub-sample-receiver >---
[INFO] Building Spring Cloud GCP Integration Pub/Sub Receiver Code Sample 1.0.0.BUILD-SNAPSHOT [27/33]
[INFO] --------------------------------[ jar ]---------------------------------
[INFO] 
[INFO] --- maven-checkstyle-plugin:2.17:check (validate) @ spring-cloud-gcp-integration-pubsub-sample-receiver ---
[INFO] 
[INFO] --- maven-checkstyle-plugin:2.17:check (checkstyle-validation) @ spring-cloud-gcp-integration-pubsub-sample-receiver ---
[INFO] 
[INFO] --- maven-resources-plugin:2.6:resources (default-resources) @ spring-cloud-gcp-integration-pubsub-sample-receiver ---
[INFO] Using 'UTF-8' encoding to copy filtered resources.
[INFO] Copying 1 resource
[INFO] Copying 0 resource
[INFO] 
[INFO] --- maven-compiler-plugin:3.1:compile (default-compile) @ spring-cloud-gcp-integration-pubsub-sample-receiver ---
[INFO] Nothing to compile - all classes are up to date
[INFO] 
[INFO] --- maven-resources-plugin:2.6:testResources (default-testResources) @ spring-cloud-gcp-integration-pubsub-sample-receiver ---
[INFO] Using 'UTF-8' encoding to copy filtered resources.
[INFO] skip non existing resourceDirectory /home/user/Workspace/reproducibility/Reproducibility-Scanner/reproducer/workspace/Bears-183/spring-cloud-gcp-samples/spring-cloud-gcp-integration-pubsub-sample/spring-cloud-gcp-integration-pubsub-sample-receiver/src/test/resources
[INFO] 
[INFO] --- maven-compiler-plugin:3.1:testCompile (default-testCompile) @ spring-cloud-gcp-integration-pubsub-sample-receiver ---
[INFO] No sources to compile
[INFO] 
[INFO] --- maven-surefire-plugin:2.12.4:test (default-test) @ spring-cloud-gcp-integration-pubsub-sample-receiver ---
[INFO] No tests to run.
[INFO] 
[INFO] --< org.springframework.cloud:spring-cloud-gcp-storage-resource-sample >--
[INFO] Building Spring Cloud GCP Storage Sample 1.0.0.BUILD-SNAPSHOT    [28/33]
[INFO] --------------------------------[ jar ]---------------------------------
[INFO] 
[INFO] --- maven-checkstyle-plugin:2.17:check (validate) @ spring-cloud-gcp-storage-resource-sample ---
[INFO] 
[INFO] --- maven-checkstyle-plugin:2.17:check (checkstyle-validation) @ spring-cloud-gcp-storage-resource-sample ---
[INFO] 
[INFO] --- maven-resources-plugin:2.6:resources (default-resources) @ spring-cloud-gcp-storage-resource-sample ---
[INFO] Using 'UTF-8' encoding to copy filtered resources.
[INFO] Copying 1 resource
[INFO] Copying 0 resource
[INFO] 
[INFO] --- maven-compiler-plugin:3.1:compile (default-compile) @ spring-cloud-gcp-storage-resource-sample ---
[INFO] Nothing to compile - all classes are up to date
[INFO] 
[INFO] --- maven-resources-plugin:2.6:testResources (default-testResources) @ spring-cloud-gcp-storage-resource-sample ---
[INFO] Using 'UTF-8' encoding to copy filtered resources.
[INFO] skip non existing resourceDirectory /home/user/Workspace/reproducibility/Reproducibility-Scanner/reproducer/workspace/Bears-183/spring-cloud-gcp-samples/spring-cloud-gcp-storage-resource-sample/src/test/resources
[INFO] 
[INFO] --- maven-compiler-plugin:3.1:testCompile (default-testCompile) @ spring-cloud-gcp-storage-resource-sample ---
[INFO] No sources to compile
[INFO] 
[INFO] --- maven-surefire-plugin:2.12.4:test (default-test) @ spring-cloud-gcp-storage-resource-sample ---
[INFO] No tests to run.
[INFO] 
[INFO] ----------< com.example:spring-cloud-gcp-data-spanner-sample >----------
[INFO] Building Spring Cloud GCP Spanner Code Sample 1.0.0.BUILD-SNAPSHOT [29/33]
[INFO] --------------------------------[ jar ]---------------------------------
[INFO] 
[INFO] --- maven-checkstyle-plugin:2.17:check (validate) @ spring-cloud-gcp-data-spanner-sample ---
[INFO] 
[INFO] --- maven-checkstyle-plugin:2.17:check (checkstyle-validation) @ spring-cloud-gcp-data-spanner-sample ---
[INFO] 
[INFO] --- maven-resources-plugin:2.6:resources (default-resources) @ spring-cloud-gcp-data-spanner-sample ---
[INFO] Using 'UTF-8' encoding to copy filtered resources.
[INFO] Copying 1 resource
[INFO] Copying 1 resource
[INFO] 
[INFO] --- maven-compiler-plugin:3.1:compile (default-compile) @ spring-cloud-gcp-data-spanner-sample ---
[INFO] Nothing to compile - all classes are up to date
[INFO] 
[INFO] --- maven-resources-plugin:2.6:testResources (default-testResources) @ spring-cloud-gcp-data-spanner-sample ---
[INFO] Using 'UTF-8' encoding to copy filtered resources.
[INFO] skip non existing resourceDirectory /home/user/Workspace/reproducibility/Reproducibility-Scanner/reproducer/workspace/Bears-183/spring-cloud-gcp-samples/spring-cloud-gcp-data-spanner-sample/src/test/resources
[INFO] 
[INFO] --- maven-compiler-plugin:3.1:testCompile (default-testCompile) @ spring-cloud-gcp-data-spanner-sample ---
[INFO] No sources to compile
[INFO] 
[INFO] --- maven-surefire-plugin:2.12.4:test (default-test) @ spring-cloud-gcp-data-spanner-sample ---
[INFO] No tests to run.
[INFO] 
[INFO] ------< org.springframework.cloud:spring-cloud-gcp-pubsub-sample >------
[INFO] Building Spring Cloud GCP Pub/Sub Code Sample 1.0.0.BUILD-SNAPSHOT [30/33]
[INFO] --------------------------------[ jar ]---------------------------------
[INFO] 
[INFO] --- maven-checkstyle-plugin:2.17:check (validate) @ spring-cloud-gcp-pubsub-sample ---
[INFO] 
[INFO] --- maven-checkstyle-plugin:2.17:check (checkstyle-validation) @ spring-cloud-gcp-pubsub-sample ---
[INFO] 
[INFO] --- maven-resources-plugin:2.6:resources (default-resources) @ spring-cloud-gcp-pubsub-sample ---
[INFO] Using 'UTF-8' encoding to copy filtered resources.
[INFO] Copying 1 resource
[INFO] Copying 1 resource
[INFO] 
[INFO] --- maven-compiler-plugin:3.1:compile (default-compile) @ spring-cloud-gcp-pubsub-sample ---
[INFO] Nothing to compile - all classes are up to date
[INFO] 
[INFO] --- maven-resources-plugin:2.6:testResources (default-testResources) @ spring-cloud-gcp-pubsub-sample ---
[INFO] Using 'UTF-8' encoding to copy filtered resources.
[INFO] skip non existing resourceDirectory /home/user/Workspace/reproducibility/Reproducibility-Scanner/reproducer/workspace/Bears-183/spring-cloud-gcp-samples/spring-cloud-gcp-pubsub-sample/src/test/resources
[INFO] 
[INFO] --- maven-compiler-plugin:3.1:testCompile (default-testCompile) @ spring-cloud-gcp-pubsub-sample ---
[INFO] No sources to compile
[INFO] 
[INFO] --- maven-surefire-plugin:2.12.4:test (default-test) @ spring-cloud-gcp-pubsub-sample ---
[INFO] No tests to run.
[INFO] 
[INFO] -----< org.springframework.cloud:spring-cloud-gcp-data-jpa-sample >-----
[INFO] Building Spring Cloud GCP with Spring Data JPA Code Sample 1.0.0.BUILD-SNAPSHOT [31/33]
[INFO] --------------------------------[ jar ]---------------------------------
[INFO] 
[INFO] --- maven-checkstyle-plugin:2.17:check (validate) @ spring-cloud-gcp-data-jpa-sample ---
[INFO] 
[INFO] --- maven-checkstyle-plugin:2.17:check (checkstyle-validation) @ spring-cloud-gcp-data-jpa-sample ---
[INFO] 
[INFO] --- maven-resources-plugin:2.6:resources (default-resources) @ spring-cloud-gcp-data-jpa-sample ---
[INFO] Using 'UTF-8' encoding to copy filtered resources.
[INFO] Copying 1 resource
[INFO] Copying 0 resource
[INFO] 
[INFO] --- maven-compiler-plugin:3.1:compile (default-compile) @ spring-cloud-gcp-data-jpa-sample ---
[INFO] Nothing to compile - all classes are up to date
[INFO] 
[INFO] --- maven-resources-plugin:2.6:testResources (default-testResources) @ spring-cloud-gcp-data-jpa-sample ---
[INFO] Using 'UTF-8' encoding to copy filtered resources.
[INFO] skip non existing resourceDirectory /home/user/Workspace/reproducibility/Reproducibility-Scanner/reproducer/workspace/Bears-183/spring-cloud-gcp-samples/spring-cloud-gcp-data-jpa-sample/src/test/resources
[INFO] 
[INFO] --- maven-compiler-plugin:3.1:testCompile (default-testCompile) @ spring-cloud-gcp-data-jpa-sample ---
[INFO] No sources to compile
[INFO] 
[INFO] --- maven-surefire-plugin:2.12.4:test (default-test) @ spring-cloud-gcp-data-jpa-sample ---
[INFO] No tests to run.
[INFO] 
[INFO] ----< org.springframework.cloud:spring-cloud-gcp-vision-api-sample >----
[INFO] Building Spring Cloud GCP Vision API Sample 1.0.0.BUILD-SNAPSHOT [32/33]
[INFO] --------------------------------[ jar ]---------------------------------
[INFO] 
[INFO] --- maven-checkstyle-plugin:2.17:check (validate) @ spring-cloud-gcp-vision-api-sample ---
[INFO] 
[INFO] --- maven-checkstyle-plugin:2.17:check (checkstyle-validation) @ spring-cloud-gcp-vision-api-sample ---
[INFO] 
[INFO] --- maven-resources-plugin:2.6:resources (default-resources) @ spring-cloud-gcp-vision-api-sample ---
[INFO] Using 'UTF-8' encoding to copy filtered resources.
[INFO] Copying 1 resource
[INFO] Copying 1 resource
[INFO] 
[INFO] --- maven-compiler-plugin:3.1:compile (default-compile) @ spring-cloud-gcp-vision-api-sample ---
[INFO] Nothing to compile - all classes are up to date
[INFO] 
[INFO] --- maven-resources-plugin:2.6:testResources (default-testResources) @ spring-cloud-gcp-vision-api-sample ---
[INFO] Using 'UTF-8' encoding to copy filtered resources.
[INFO] skip non existing resourceDirectory /home/user/Workspace/reproducibility/Reproducibility-Scanner/reproducer/workspace/Bears-183/spring-cloud-gcp-samples/spring-cloud-gcp-vision-api-sample/src/test/resources
[INFO] 
[INFO] --- maven-compiler-plugin:3.1:testCompile (default-testCompile) @ spring-cloud-gcp-vision-api-sample ---
[INFO] No sources to compile
[INFO] 
[INFO] --- maven-surefire-plugin:2.12.4:test (default-test) @ spring-cloud-gcp-vision-api-sample ---
[INFO] No tests to run.
[INFO] 
[INFO] --< org.springframework.cloud:spring-cloud-gcp-integration-storage-sample >--
[INFO] Building Spring Cloud GCP Integration Storage Sample 1.0.0.BUILD-SNAPSHOT [33/33]
[INFO] --------------------------------[ jar ]---------------------------------
[INFO] 
[INFO] --- maven-checkstyle-plugin:2.17:check (validate) @ spring-cloud-gcp-integration-storage-sample ---
[INFO] 
[INFO] --- maven-checkstyle-plugin:2.17:check (checkstyle-validation) @ spring-cloud-gcp-integration-storage-sample ---
[INFO] 
[INFO] --- maven-resources-plugin:2.6:resources (default-resources) @ spring-cloud-gcp-integration-storage-sample ---
[INFO] Using 'UTF-8' encoding to copy filtered resources.
[INFO] Copying 1 resource
[INFO] Copying 0 resource
[INFO] 
[INFO] --- maven-compiler-plugin:3.1:compile (default-compile) @ spring-cloud-gcp-integration-storage-sample ---
[INFO] Nothing to compile - all classes are up to date
[INFO] 
[INFO] --- maven-resources-plugin:2.6:testResources (default-testResources) @ spring-cloud-gcp-integration-storage-sample ---
[INFO] Using 'UTF-8' encoding to copy filtered resources.
[INFO] skip non existing resourceDirectory /home/user/Workspace/reproducibility/Reproducibility-Scanner/reproducer/workspace/Bears-183/spring-cloud-gcp-samples/spring-cloud-gcp-integration-storage-sample/src/test/resources
[INFO] 
[INFO] --- maven-compiler-plugin:3.1:testCompile (default-testCompile) @ spring-cloud-gcp-integration-storage-sample ---
[INFO] No sources to compile
[INFO] 
[INFO] --- maven-surefire-plugin:2.12.4:test (default-test) @ spring-cloud-gcp-integration-storage-sample ---
[INFO] No tests to run.
[INFO] ------------------------------------------------------------------------
[INFO] Reactor Summary for Spring Cloud GCP 1.0.0.BUILD-SNAPSHOT:
[INFO] 
[INFO] Spring Cloud GCP ................................... SUCCESS [  0.587 s]
[INFO] Spring Cloud GCP Core Module ....................... SUCCESS [  0.975 s]
[INFO] Spring Cloud GCP Pub/Sub Module .................... SUCCESS [  2.467 s]
[INFO] Spring Cloud GCP Storage Module .................... SUCCESS [  3.759 s]
[INFO] Spring Cloud GCP Spanner Module .................... SUCCESS [  3.155 s]
[INFO] Spring Cloud GCP Autoconfigure Module .............. SUCCESS [ 13.978 s]
[INFO] Spring Cloud GCP Starters .......................... SUCCESS [  0.017 s]
[INFO] Spring Cloud GCP Support Starter ................... SUCCESS [  0.022 s]
[INFO] Spring Cloud GCP Pub/Sub Starter ................... SUCCESS [  0.023 s]
[INFO] Spring Cloud GCP Stream ............................ SUCCESS [  1.160 s]
[INFO] Spring Cloud GCP Documentation ..................... SUCCESS [  0.047 s]
[INFO] Spring Cloud GCP Dependencies ...................... SUCCESS [  0.001 s]
[INFO] Spring Cloud GCP Config Starter .................... SUCCESS [  0.023 s]
[INFO] Spring Cloud GCP Storage Starter ................... SUCCESS [  0.027 s]
[INFO] Spring Cloud GCP Spanner Starter ................... SUCCESS [  0.030 s]
[INFO] Spring Cloud GCP Cloud Trace Starter ............... SUCCESS [  0.041 s]
[INFO] Spring Cloud GCP Stackdriver Logging Starter ....... SUCCESS [  0.026 s]
[INFO] Spring Cloud GCP Cloud SQL MySQL Starter ........... SUCCESS [  0.026 s]
[INFO] Spring Cloud GCP Cloud SQL PostgreSQL Starter ...... SUCCESS [  0.137 s]
[INFO] Spring Cloud GCP Code Samples ...................... SUCCESS [  0.019 s]
[INFO] Spring Cloud GCP Runtime Configuration Code Sample . SUCCESS [  0.051 s]
[INFO] Spring Cloud GCP Trace Code Sample ................. SUCCESS [  0.041 s]
[INFO] Spring Cloud GCP Logging Code Sample ............... SUCCESS [  0.031 s]
[INFO] Spring Cloud GCP SQL MySQL Starter Code Sample ..... SUCCESS [  0.029 s]
[INFO] Spring Cloud GCP Integration Pub/Sub Channel Adapters Code Sample SUCCESS [  0.011 s]
[INFO] Spring Cloud GCP Integration Pub/Sub Sender Code Sample SUCCESS [  0.026 s]
[INFO] Spring Cloud GCP Integration Pub/Sub Receiver Code Sample SUCCESS [  0.034 s]
[INFO] Spring Cloud GCP Storage Sample .................... SUCCESS [  0.031 s]
[INFO] Spring Cloud GCP Spanner Code Sample ............... SUCCESS [  0.042 s]
[INFO] Spring Cloud GCP Pub/Sub Code Sample ............... SUCCESS [  0.031 s]
[INFO] Spring Cloud GCP with Spring Data JPA Code Sample .. SUCCESS [  0.040 s]
[INFO] Spring Cloud GCP Vision API Sample ................. SUCCESS [  0.033 s]
[INFO] Spring Cloud GCP Integration Storage Sample ........ SUCCESS [  0.028 s]
[INFO] ------------------------------------------------------------------------
[INFO] BUILD SUCCESS
[INFO] ------------------------------------------------------------------------
[INFO] Total time:  27.315 s
[INFO] Finished at: 2022-07-25T18:20:26-07:00
[INFO] ------------------------------------------------------------------------
Running the tests related to the bug Bears-183...
The tests related to the bug Bears-183 were executed.