Checking out c7c9c57d to /tmp/test_d4j_3170087_1658741244/test_trigger/Shir OK
Init local repository...................................................... OK
Tag post-fix revision...................................................... OK
Copy generated Ant build file.............................................. OK
Run post-checkout hook..................................................... OK
Excluding broken/flaky tests............................................... OK
Initialize fixed program version........................................... OK
Apply patch................................................................ OK
Initialize buggy program version........................................... OK
Diff c7c9c57d:dc380036..................................................... OK
Apply patch................................................................ OK
Tag pre-fix revision....................................................... OK
Check out program version: Shiro_core-202b................................. OK
Running ant (compile)...................................................... FAIL
Executed command:  cd /tmp/test_d4j_3170087_1658741244/test_trigger/Shiro_core && /home/user/Workspace/reproducibility/Reproducibility-Scanner/benchmarks/growingbugs/major/bin/ant -f /home/user/Workspace/reproducibility/Reproducibility-Scanner/benchmarks/growingbugs/framework/projects/defects4j.build.xml -Dd4j.home=/home/user/Workspace/reproducibility/Reproducibility-Scanner/benchmarks/growingbugs -Dd4j.dir.projects=/home/user/Workspace/reproducibility/Reproducibility-Scanner/benchmarks/growingbugs/framework/projects -Dbasedir=/tmp/test_d4j_3170087_1658741244/test_trigger/Shiro_core -Dbuild.compiler=javac1.8  compile 2>&1
OpenJDK 64-Bit Server VM warning: ignoring option MaxPermSize=1G; support was removed in 8.0
Buildfile: /home/user/Workspace/reproducibility/Reproducibility-Scanner/benchmarks/growingbugs/framework/projects/defects4j.build.xml

test-offline:

get-deps:

shiro-core-from-maven.compile:
    [mkdir] Created dir: /tmp/test_d4j_3170087_1658741244/test_trigger/Shiro_core/target/classes
    [javac] /tmp/test_d4j_3170087_1658741244/test_trigger/Shiro_core/maven-build.xml:116: warning: 'includeantruntime' was not set, defaulting to build.sysclasspath=last; set to false for repeatable builds

BUILD FAILED
/tmp/test_d4j_3170087_1658741244/test_trigger/Shiro_core/maven-build.xml:116: srcdir "/tmp/test_d4j_3170087_1658741244/test_trigger/Shiro_core/src/main/java" does not exist!

Total time: 0 seconds
Cannot compile sources! at /home/user/Workspace/reproducibility/Reproducibility-Scanner/benchmarks/growingbugs/framework/bin/d4j/d4j-compile line 82.
Compilation failed in require at /home/user/Workspace/reproducibility/Reproducibility-Scanner/benchmarks/growingbugs/framework/bin/defects4j line 195.
Error: compile: Shiro_core-202b
Running ant (compile.tests)................................................ FAIL
Executed command:  cd /tmp/test_d4j_3170087_1658741244/test_trigger/Shiro_core && /home/user/Workspace/reproducibility/Reproducibility-Scanner/benchmarks/growingbugs/major/bin/ant -f /home/user/Workspace/reproducibility/Reproducibility-Scanner/benchmarks/growingbugs/framework/projects/defects4j.build.xml -Dd4j.home=/home/user/Workspace/reproducibility/Reproducibility-Scanner/benchmarks/growingbugs -Dd4j.dir.projects=/home/user/Workspace/reproducibility/Reproducibility-Scanner/benchmarks/growingbugs/framework/projects -Dbasedir=/tmp/test_d4j_3170087_1658741244/test_trigger/Shiro_core -Dbuild.compiler=javac1.8  compile.tests 2>&1
OpenJDK 64-Bit Server VM warning: ignoring option MaxPermSize=1G; support was removed in 8.0
Buildfile: /home/user/Workspace/reproducibility/Reproducibility-Scanner/benchmarks/growingbugs/framework/projects/defects4j.build.xml

test-offline:

get-deps:

shiro-core-from-maven.compile:
    [javac] /tmp/test_d4j_3170087_1658741244/test_trigger/Shiro_core/maven-build.xml:116: warning: 'includeantruntime' was not set, defaulting to build.sysclasspath=last; set to false for repeatable builds

BUILD FAILED
/tmp/test_d4j_3170087_1658741244/test_trigger/Shiro_core/maven-build.xml:116: srcdir "/tmp/test_d4j_3170087_1658741244/test_trigger/Shiro_core/src/main/java" does not exist!

Total time: 0 seconds
Cannot compile test suite! at /home/user/Workspace/reproducibility/Reproducibility-Scanner/benchmarks/growingbugs/framework/bin/d4j/d4j-test line 130.
Compilation failed in require at /home/user/Workspace/reproducibility/Reproducibility-Scanner/benchmarks/growingbugs/framework/bin/defects4j line 195.
Error: run relevant tests: Shiro_core-202b
cat: /tmp/test_d4j_3170087_1658741244/test_trigger/Shiro_core/failing_tests: No such file or directory
grep: /tmp/test_d4j_3170087_1658741244/test_trigger/Shiro_core/failing_tests: No such file or directory
Error: verify number of triggering tests: Shiro_core-202b (expected: 3, actual: 0)
grep: /tmp/test_d4j_3170087_1658741244/test_trigger/Shiro_core/failing_tests: No such file or directory
Error: expected triggering test org.apache.shiro.authc.pam.FirstSuccessfulStrategyTest::testBeforeAttemptEmptyList did not fail
grep: /tmp/test_d4j_3170087_1658741244/test_trigger/Shiro_core/failing_tests: No such file or directory
Error: expected triggering test org.apache.shiro.authc.pam.FirstSuccessfulStrategyTest::testBeforeAttemptStopAfterFirstSuccess did not fail
grep: /tmp/test_d4j_3170087_1658741244/test_trigger/Shiro_core/failing_tests: No such file or directory
Error: expected triggering test org.apache.shiro.authc.pam.FirstSuccessfulStrategyTest::testBeforeAttemptEmptyPrincipal did not fail
Check out program version: Shiro_core-202f................................. OK
Running ant (compile)...................................................... FAIL
Executed command:  cd /tmp/test_d4j_3170087_1658741244/test_trigger/Shiro_core && /home/user/Workspace/reproducibility/Reproducibility-Scanner/benchmarks/growingbugs/major/bin/ant -f /home/user/Workspace/reproducibility/Reproducibility-Scanner/benchmarks/growingbugs/framework/projects/defects4j.build.xml -Dd4j.home=/home/user/Workspace/reproducibility/Reproducibility-Scanner/benchmarks/growingbugs -Dd4j.dir.projects=/home/user/Workspace/reproducibility/Reproducibility-Scanner/benchmarks/growingbugs/framework/projects -Dbasedir=/tmp/test_d4j_3170087_1658741244/test_trigger/Shiro_core -Dbuild.compiler=javac1.8  compile 2>&1
OpenJDK 64-Bit Server VM warning: ignoring option MaxPermSize=1G; support was removed in 8.0
Buildfile: /home/user/Workspace/reproducibility/Reproducibility-Scanner/benchmarks/growingbugs/framework/projects/defects4j.build.xml

test-offline:

get-deps:

shiro-core-from-maven.compile:
    [mkdir] Created dir: /tmp/test_d4j_3170087_1658741244/test_trigger/Shiro_core/target/classes
    [javac] /tmp/test_d4j_3170087_1658741244/test_trigger/Shiro_core/maven-build.xml:116: warning: 'includeantruntime' was not set, defaulting to build.sysclasspath=last; set to false for repeatable builds

BUILD FAILED
/tmp/test_d4j_3170087_1658741244/test_trigger/Shiro_core/maven-build.xml:116: srcdir "/tmp/test_d4j_3170087_1658741244/test_trigger/Shiro_core/src/main/java" does not exist!

Total time: 0 seconds
Cannot compile sources! at /home/user/Workspace/reproducibility/Reproducibility-Scanner/benchmarks/growingbugs/framework/bin/d4j/d4j-compile line 82.
Compilation failed in require at /home/user/Workspace/reproducibility/Reproducibility-Scanner/benchmarks/growingbugs/framework/bin/defects4j line 195.
Error: compile: Shiro_core-202f
Running ant (compile.tests)................................................ FAIL
Executed command:  cd /tmp/test_d4j_3170087_1658741244/test_trigger/Shiro_core && /home/user/Workspace/reproducibility/Reproducibility-Scanner/benchmarks/growingbugs/major/bin/ant -f /home/user/Workspace/reproducibility/Reproducibility-Scanner/benchmarks/growingbugs/framework/projects/defects4j.build.xml -Dd4j.home=/home/user/Workspace/reproducibility/Reproducibility-Scanner/benchmarks/growingbugs -Dd4j.dir.projects=/home/user/Workspace/reproducibility/Reproducibility-Scanner/benchmarks/growingbugs/framework/projects -Dbasedir=/tmp/test_d4j_3170087_1658741244/test_trigger/Shiro_core -Dbuild.compiler=javac1.8  compile.tests 2>&1
OpenJDK 64-Bit Server VM warning: ignoring option MaxPermSize=1G; support was removed in 8.0
Buildfile: /home/user/Workspace/reproducibility/Reproducibility-Scanner/benchmarks/growingbugs/framework/projects/defects4j.build.xml

test-offline:

get-deps:

shiro-core-from-maven.compile:
    [javac] /tmp/test_d4j_3170087_1658741244/test_trigger/Shiro_core/maven-build.xml:116: warning: 'includeantruntime' was not set, defaulting to build.sysclasspath=last; set to false for repeatable builds

BUILD FAILED
/tmp/test_d4j_3170087_1658741244/test_trigger/Shiro_core/maven-build.xml:116: srcdir "/tmp/test_d4j_3170087_1658741244/test_trigger/Shiro_core/src/main/java" does not exist!

Total time: 0 seconds
Cannot compile test suite! at /home/user/Workspace/reproducibility/Reproducibility-Scanner/benchmarks/growingbugs/framework/bin/d4j/d4j-test line 130.
Compilation failed in require at /home/user/Workspace/reproducibility/Reproducibility-Scanner/benchmarks/growingbugs/framework/bin/defects4j line 195.
Error: run relevant tests: Shiro_core-202f
cat: /tmp/test_d4j_3170087_1658741244/test_trigger/Shiro_core/failing_tests: No such file or directory
grep: /tmp/test_d4j_3170087_1658741244/test_trigger/Shiro_core/failing_tests: No such file or directory
================================================================================
The following errors occurred:
Error: compile: Shiro_core-202b
Error: run relevant tests: Shiro_core-202b
Error: verify number of triggering tests: Shiro_core-202b (expected: 3, actual: 0)
Error: expected triggering test org.apache.shiro.authc.pam.FirstSuccessfulStrategyTest::testBeforeAttemptEmptyList did not fail
Error: expected triggering test org.apache.shiro.authc.pam.FirstSuccessfulStrategyTest::testBeforeAttemptStopAfterFirstSuccess did not fail
Error: expected triggering test org.apache.shiro.authc.pam.FirstSuccessfulStrategyTest::testBeforeAttemptEmptyPrincipal did not fail
Error: compile: Shiro_core-202f
Error: run relevant tests: Shiro_core-202f
================================================================================
FAILED
