Checking out ad849602 to /tmp/test_d4j_3417039_1658746985/test_trigger/Wick OK
Init local repository...................................................... OK
Tag post-fix revision...................................................... OK
Copy generated Ant build file.............................................. OK
Run post-checkout hook..................................................... OK
Excluding broken/flaky tests............................................... OK
Initialize fixed program version........................................... OK
Apply patch................................................................ OK
Initialize buggy program version........................................... OK
Diff ad849602:600f5dfb..................................................... OK
Apply patch................................................................ OK
Tag pre-fix revision....................................................... OK
Check out program version: Wicket_core-5b.................................. OK
Running ant (compile)...................................................... FAIL
Executed command:  cd /tmp/test_d4j_3417039_1658746985/test_trigger/Wicket_core && /home/user/Workspace/reproducibility/Reproducibility-Scanner/benchmarks/growingbugs/major/bin/ant -f /home/user/Workspace/reproducibility/Reproducibility-Scanner/benchmarks/growingbugs/framework/projects/defects4j.build.xml -Dd4j.home=/home/user/Workspace/reproducibility/Reproducibility-Scanner/benchmarks/growingbugs -Dd4j.dir.projects=/home/user/Workspace/reproducibility/Reproducibility-Scanner/benchmarks/growingbugs/framework/projects -Dbasedir=/tmp/test_d4j_3417039_1658746985/test_trigger/Wicket_core -Dbuild.compiler=javac1.8  compile 2>&1
OpenJDK 64-Bit Server VM warning: ignoring option MaxPermSize=1G; support was removed in 8.0
Buildfile: /home/user/Workspace/reproducibility/Reproducibility-Scanner/benchmarks/growingbugs/framework/projects/defects4j.build.xml

test-offline:

get-deps:

compile:
    [mkdir] Created dir: /tmp/test_d4j_3417039_1658746985/test_trigger/Wicket_core/target/classes
    [javac] /tmp/test_d4j_3417039_1658746985/test_trigger/Wicket_core/maven-build.xml:93: warning: 'includeantruntime' was not set, defaulting to build.sysclasspath=last; set to false for repeatable builds

BUILD FAILED
/tmp/test_d4j_3417039_1658746985/test_trigger/Wicket_core/maven-build.xml:93: srcdir "/tmp/test_d4j_3417039_1658746985/test_trigger/Wicket_core/src/main/java" does not exist!

Total time: 0 seconds
Cannot compile sources! at /home/user/Workspace/reproducibility/Reproducibility-Scanner/benchmarks/growingbugs/framework/bin/d4j/d4j-compile line 82.
Compilation failed in require at /home/user/Workspace/reproducibility/Reproducibility-Scanner/benchmarks/growingbugs/framework/bin/defects4j line 195.
Error: compile: Wicket_core-5b
Running ant (compile.tests)................................................ FAIL
Executed command:  cd /tmp/test_d4j_3417039_1658746985/test_trigger/Wicket_core && /home/user/Workspace/reproducibility/Reproducibility-Scanner/benchmarks/growingbugs/major/bin/ant -f /home/user/Workspace/reproducibility/Reproducibility-Scanner/benchmarks/growingbugs/framework/projects/defects4j.build.xml -Dd4j.home=/home/user/Workspace/reproducibility/Reproducibility-Scanner/benchmarks/growingbugs -Dd4j.dir.projects=/home/user/Workspace/reproducibility/Reproducibility-Scanner/benchmarks/growingbugs/framework/projects -Dbasedir=/tmp/test_d4j_3417039_1658746985/test_trigger/Wicket_core -Dbuild.compiler=javac1.8  compile.tests 2>&1
OpenJDK 64-Bit Server VM warning: ignoring option MaxPermSize=1G; support was removed in 8.0
Buildfile: /home/user/Workspace/reproducibility/Reproducibility-Scanner/benchmarks/growingbugs/framework/projects/defects4j.build.xml

test-offline:

get-deps:

compile:
    [javac] /tmp/test_d4j_3417039_1658746985/test_trigger/Wicket_core/maven-build.xml:93: warning: 'includeantruntime' was not set, defaulting to build.sysclasspath=last; set to false for repeatable builds

BUILD FAILED
/tmp/test_d4j_3417039_1658746985/test_trigger/Wicket_core/maven-build.xml:93: srcdir "/tmp/test_d4j_3417039_1658746985/test_trigger/Wicket_core/src/main/java" does not exist!

Total time: 0 seconds
Cannot compile test suite! at /home/user/Workspace/reproducibility/Reproducibility-Scanner/benchmarks/growingbugs/framework/bin/d4j/d4j-test line 130.
Compilation failed in require at /home/user/Workspace/reproducibility/Reproducibility-Scanner/benchmarks/growingbugs/framework/bin/defects4j line 195.
Error: run relevant tests: Wicket_core-5b
cat: /tmp/test_d4j_3417039_1658746985/test_trigger/Wicket_core/failing_tests: No such file or directory
grep: /tmp/test_d4j_3417039_1658746985/test_trigger/Wicket_core/failing_tests: No such file or directory
Error: verify number of triggering tests: Wicket_core-5b (expected: 1, actual: 0)
grep: /tmp/test_d4j_3417039_1658746985/test_trigger/Wicket_core/failing_tests: No such file or directory
Error: expected triggering test org.apache.wicket.protocol.https.HttpsMapperTest::mapHandler did not fail
Check out program version: Wicket_core-5f.................................. OK
Running ant (compile)...................................................... FAIL
Executed command:  cd /tmp/test_d4j_3417039_1658746985/test_trigger/Wicket_core && /home/user/Workspace/reproducibility/Reproducibility-Scanner/benchmarks/growingbugs/major/bin/ant -f /home/user/Workspace/reproducibility/Reproducibility-Scanner/benchmarks/growingbugs/framework/projects/defects4j.build.xml -Dd4j.home=/home/user/Workspace/reproducibility/Reproducibility-Scanner/benchmarks/growingbugs -Dd4j.dir.projects=/home/user/Workspace/reproducibility/Reproducibility-Scanner/benchmarks/growingbugs/framework/projects -Dbasedir=/tmp/test_d4j_3417039_1658746985/test_trigger/Wicket_core -Dbuild.compiler=javac1.8  compile 2>&1
OpenJDK 64-Bit Server VM warning: ignoring option MaxPermSize=1G; support was removed in 8.0
Buildfile: /home/user/Workspace/reproducibility/Reproducibility-Scanner/benchmarks/growingbugs/framework/projects/defects4j.build.xml

test-offline:

get-deps:

compile:
    [mkdir] Created dir: /tmp/test_d4j_3417039_1658746985/test_trigger/Wicket_core/target/classes
    [javac] /tmp/test_d4j_3417039_1658746985/test_trigger/Wicket_core/maven-build.xml:93: warning: 'includeantruntime' was not set, defaulting to build.sysclasspath=last; set to false for repeatable builds

BUILD FAILED
/tmp/test_d4j_3417039_1658746985/test_trigger/Wicket_core/maven-build.xml:93: srcdir "/tmp/test_d4j_3417039_1658746985/test_trigger/Wicket_core/src/main/java" does not exist!

Total time: 0 seconds
Cannot compile sources! at /home/user/Workspace/reproducibility/Reproducibility-Scanner/benchmarks/growingbugs/framework/bin/d4j/d4j-compile line 82.
Compilation failed in require at /home/user/Workspace/reproducibility/Reproducibility-Scanner/benchmarks/growingbugs/framework/bin/defects4j line 195.
Error: compile: Wicket_core-5f
Running ant (compile.tests)................................................ FAIL
Executed command:  cd /tmp/test_d4j_3417039_1658746985/test_trigger/Wicket_core && /home/user/Workspace/reproducibility/Reproducibility-Scanner/benchmarks/growingbugs/major/bin/ant -f /home/user/Workspace/reproducibility/Reproducibility-Scanner/benchmarks/growingbugs/framework/projects/defects4j.build.xml -Dd4j.home=/home/user/Workspace/reproducibility/Reproducibility-Scanner/benchmarks/growingbugs -Dd4j.dir.projects=/home/user/Workspace/reproducibility/Reproducibility-Scanner/benchmarks/growingbugs/framework/projects -Dbasedir=/tmp/test_d4j_3417039_1658746985/test_trigger/Wicket_core -Dbuild.compiler=javac1.8  compile.tests 2>&1
OpenJDK 64-Bit Server VM warning: ignoring option MaxPermSize=1G; support was removed in 8.0
Buildfile: /home/user/Workspace/reproducibility/Reproducibility-Scanner/benchmarks/growingbugs/framework/projects/defects4j.build.xml

test-offline:

get-deps:

compile:
    [javac] /tmp/test_d4j_3417039_1658746985/test_trigger/Wicket_core/maven-build.xml:93: warning: 'includeantruntime' was not set, defaulting to build.sysclasspath=last; set to false for repeatable builds

BUILD FAILED
/tmp/test_d4j_3417039_1658746985/test_trigger/Wicket_core/maven-build.xml:93: srcdir "/tmp/test_d4j_3417039_1658746985/test_trigger/Wicket_core/src/main/java" does not exist!

Total time: 0 seconds
Cannot compile test suite! at /home/user/Workspace/reproducibility/Reproducibility-Scanner/benchmarks/growingbugs/framework/bin/d4j/d4j-test line 130.
Compilation failed in require at /home/user/Workspace/reproducibility/Reproducibility-Scanner/benchmarks/growingbugs/framework/bin/defects4j line 195.
Error: run relevant tests: Wicket_core-5f
cat: /tmp/test_d4j_3417039_1658746985/test_trigger/Wicket_core/failing_tests: No such file or directory
grep: /tmp/test_d4j_3417039_1658746985/test_trigger/Wicket_core/failing_tests: No such file or directory
================================================================================
The following errors occurred:
Error: compile: Wicket_core-5b
Error: run relevant tests: Wicket_core-5b
Error: verify number of triggering tests: Wicket_core-5b (expected: 1, actual: 0)
Error: expected triggering test org.apache.wicket.protocol.https.HttpsMapperTest::mapHandler did not fail
Error: compile: Wicket_core-5f
Error: run relevant tests: Wicket_core-5f
================================================================================
FAILED
