Apache Maven 3.6.3
Maven home: /usr/share/maven
Java version: 1.8.0_342, vendor: Private Build, runtime: /usr/lib/jvm/java-8-openjdk-amd64/jre
Default locale: en_US, platform encoding: UTF-8
OS name: "linux", version: "5.15.0-41-generic", arch: "amd64", family: "unix"
[INFO] Scanning for projects...
[WARNING] The project slash.navigation:RouteConverter:pom:2.23-SNAPSHOT uses prerequisites which is only intended for maven-plugin projects but not for non maven-plugin projects. For such purposes you should use the maven-enforcer-plugin. See https://maven.apache.org/enforcer/enforcer-rules/requireMavenVersion.html
[INFO] ------------------------------------------------------------------------
[INFO] Reactor Build Order:
[INFO] 
[INFO] RouteConverter                                                     [pom]
[INFO] Code shared by all modules                                         [jar]
[INFO] Code shared by all Navigation modules                              [jar]
[INFO] Simple REST webservices client                                     [jar]
[INFO] Manage reliable Downloads                                          [jar]
[INFO] Support for the DataSources format                                 [jar]
[INFO] Interface for routing services                                     [jar]
[INFO] BRouter offline routing                                            [jar]
[INFO] Code shared by all UI modules                                      [jar]
[INFO] Interface for elevation services                                   [jar]
[INFO] Interface for geocoding services                                   [jar]
[INFO] Access the Google Maps API services                                [jar]
[INFO] Support for the GPX formats                                        [jar]
[INFO] Support for the Google Earth KML formats                           [jar]
[INFO] Read and write all supported navigation formats                    [jar]
[INFO] Code shared by all MapView modules                                 [jar]
[INFO] Code shared by all browser based MapViews                          [jar]
[INFO] Access the Feedback service                                        [jar]
[INFO] Access the geonames.org service                                    [jar]
[INFO] GraphHopper offline routing                                        [jar]
[INFO] Read elevation data from HGT files                                 [jar]
[INFO] MapView based on the JavaFX WebView for Java 7                     [jar]
[INFO] MapView based on the JavaFX WebView for Java 8                     [jar]
[INFO] Read mapsforge maps and themes                                     [jar]
[INFO] MapView based on mapsforge                                         [jar]
[INFO] Access the OSM Nominatim service                                   [jar]
[INFO] Access the OSM Photon service                                      [jar]
[INFO] ProfileView based on the JFreeChart library                        [jar]
[INFO] Access the RouteCatalog service                                    [jar]
[INFO] The build license module                                           [jar]
[INFO] The build parent module                                            [pom]
[INFO] Platform-independent command line tool                             [jar]
[INFO] The RouteConverter command line tool                               [jar]
[INFO] Platform-independent Online Edition                                [jar]
[INFO] The RouteConverter UI tool for Linux                               [jar]
[INFO] The RouteConverter UI tool for Mac OS X                            [jar]
[INFO] The RouteConverter UI tool for Windows                             [jar]
[INFO] Platform-independent Offline Edition                               [jar]
[INFO] The RouteConverter UI tool for Linux (Offline)                     [jar]
[INFO] The RouteConverter UI tool for Mac OS X (Offline)                  [jar]
[INFO] The RouteConverter UI tool for Windows (Offline)                   [jar]
[INFO] Platform-independent TimeAlbum Pro                                 [jar]
[INFO] The TimeAlbum Pro tool for Linux                                   [jar]
[INFO] The TimeAlbum Pro tool for Mac OS X                                [jar]
[INFO] The TimeAlbum Pro tool for Windows                                 [jar]
[INFO] Tools to generate DataSources for Downloads                        [jar]
[INFO] Tools to filter resource bundles                                   [jar]
[INFO] 
[INFO] ------------------< slash.navigation:RouteConverter >-------------------
[INFO] Building RouteConverter 2.23-SNAPSHOT                             [1/47]
[INFO] --------------------------------[ pom ]---------------------------------
[INFO] 
[INFO] ----------------------< slash.navigation:common >-----------------------
[INFO] Building Code shared by all modules 2.23-SNAPSHOT                 [2/47]
[INFO] --------------------------------[ jar ]---------------------------------
[INFO] 
[INFO] --- maven-resources-plugin:3.0.2:resources (default-resources) @ common ---
[INFO] Using 'ISO-8859-15' encoding to copy filtered resources.
[INFO] Copying 1 resource
[INFO] 
[INFO] --- maven-compiler-plugin:3.7.0:compile (default-compile) @ common ---
[INFO] Changes detected - recompiling the module!
[INFO] Compiling 29 source files to /On-the-Reproducibility/section-2/reproducibility-scanner/reproducer/workspace/Bears-158/common/target/classes
[INFO] 
[INFO] --- maven-resources-plugin:3.0.2:testResources (default-testResources) @ common ---
[INFO] Using 'ISO-8859-15' encoding to copy filtered resources.
[INFO] skip non existing resourceDirectory /On-the-Reproducibility/section-2/reproducibility-scanner/reproducer/workspace/Bears-158/common/src/test/resources
[INFO] 
[INFO] --- maven-compiler-plugin:3.7.0:testCompile (default-testCompile) @ common ---
[INFO] Nothing to compile - all classes are up to date
[INFO] 
[INFO] --- maven-surefire-plugin:2.20.1:test (default-test) @ common ---
[INFO] Downloading from routeconverter-thirdparty: http://subversion.routeconverter.com/public/RouteThirdParty/org/apache/maven/surefire/surefire-junit4/2.20.1/surefire-junit4-2.20.1.pom
[INFO] Downloading from central: https://repo.maven.apache.org/maven2/org/apache/maven/surefire/surefire-junit4/2.20.1/surefire-junit4-2.20.1.pom
[INFO] Downloaded from central: https://repo.maven.apache.org/maven2/org/apache/maven/surefire/surefire-junit4/2.20.1/surefire-junit4-2.20.1.pom (3.3 kB at 9.1 kB/s)
[INFO] Downloading from routeconverter-thirdparty: http://subversion.routeconverter.com/public/RouteThirdParty/org/apache/maven/surefire/surefire-providers/2.20.1/surefire-providers-2.20.1.pom
[INFO] Downloading from central: https://repo.maven.apache.org/maven2/org/apache/maven/surefire/surefire-providers/2.20.1/surefire-providers-2.20.1.pom
[INFO] Downloaded from central: https://repo.maven.apache.org/maven2/org/apache/maven/surefire/surefire-providers/2.20.1/surefire-providers-2.20.1.pom (2.6 kB at 120 kB/s)
[INFO] Downloading from routeconverter-thirdparty: http://subversion.routeconverter.com/public/RouteThirdParty/org/apache/maven/surefire/surefire-junit4/2.20.1/surefire-junit4-2.20.1.jar
[INFO] Downloading from central: https://repo.maven.apache.org/maven2/org/apache/maven/surefire/surefire-junit4/2.20.1/surefire-junit4-2.20.1.jar
[INFO] Downloaded from central: https://repo.maven.apache.org/maven2/org/apache/maven/surefire/surefire-junit4/2.20.1/surefire-junit4-2.20.1.jar (82 kB at 1.7 MB/s)
[INFO] 
[INFO] -------------------------------------------------------
[INFO]  T E S T S
[INFO] -------------------------------------------------------
[INFO] Running slash.common.system.PlatformTest
[INFO] Tests run: 1, Failures: 0, Errors: 0, Skipped: 0, Time elapsed: 0.031 s - in slash.common.system.PlatformTest
[INFO] Running slash.common.system.VersionTest
[INFO] Tests run: 7, Failures: 0, Errors: 0, Skipped: 0, Time elapsed: 0.048 s - in slash.common.system.VersionTest
[INFO] Running slash.common.type.CompactCalendarTest
[INFO] Tests run: 3, Failures: 0, Errors: 0, Skipped: 0, Time elapsed: 0.001 s - in slash.common.type.CompactCalendarTest
[INFO] Running slash.common.type.HexadecimalNumberTest
[INFO] Tests run: 4, Failures: 0, Errors: 0, Skipped: 0, Time elapsed: 0.006 s - in slash.common.type.HexadecimalNumberTest
[INFO] Running slash.common.type.ISO8601Test
[INFO] Tests run: 9, Failures: 0, Errors: 0, Skipped: 0, Time elapsed: 0.047 s - in slash.common.type.ISO8601Test
[INFO] Running slash.common.io.TransferTest
[INFO] Tests run: 9, Failures: 0, Errors: 0, Skipped: 0, Time elapsed: 0.012 s - in slash.common.io.TransferTest
[INFO] Running slash.common.io.FilesTest
[INFO] Tests run: 9, Failures: 0, Errors: 0, Skipped: 0, Time elapsed: 0.022 s - in slash.common.io.FilesTest
[INFO] 
[INFO] Results:
[INFO] 
[INFO] Tests run: 42, Failures: 0, Errors: 0, Skipped: 0
[INFO] 
[INFO] 
[INFO] -----------------< slash.navigation:common-navigation >-----------------
[INFO] Building Code shared by all Navigation modules 2.23-SNAPSHOT      [3/47]
[INFO] --------------------------------[ jar ]---------------------------------
[INFO] 
[INFO] --- maven-resources-plugin:3.0.2:resources (default-resources) @ common-navigation ---
[INFO] Using 'ISO-8859-15' encoding to copy filtered resources.
[INFO] skip non existing resourceDirectory /On-the-Reproducibility/section-2/reproducibility-scanner/reproducer/workspace/Bears-158/common-navigation/src/main/resources
[INFO] 
[INFO] --- maven-compiler-plugin:3.7.0:compile (default-compile) @ common-navigation ---
[INFO] Changes detected - recompiling the module!
[INFO] Compiling 19 source files to /On-the-Reproducibility/section-2/reproducibility-scanner/reproducer/workspace/Bears-158/common-navigation/target/classes
[INFO] 
[INFO] --- maven-resources-plugin:3.0.2:testResources (default-testResources) @ common-navigation ---
[INFO] Using 'ISO-8859-15' encoding to copy filtered resources.
[INFO] skip non existing resourceDirectory /On-the-Reproducibility/section-2/reproducibility-scanner/reproducer/workspace/Bears-158/common-navigation/src/test/resources
[INFO] 
[INFO] --- maven-compiler-plugin:3.7.0:testCompile (default-testCompile) @ common-navigation ---
[INFO] Nothing to compile - all classes are up to date
[INFO] 
[INFO] --- maven-surefire-plugin:2.20.1:test (default-test) @ common-navigation ---
[INFO] 
[INFO] -------------------------------------------------------
[INFO]  T E S T S
[INFO] -------------------------------------------------------
[INFO] Running slash.navigation.common.NavigationConversionTest
[INFO] Tests run: 13, Failures: 0, Errors: 0, Skipped: 0, Time elapsed: 0.097 s - in slash.navigation.common.NavigationConversionTest
[INFO] Running slash.navigation.common.PositionParserTest
[INFO] Tests run: 9, Failures: 0, Errors: 0, Skipped: 0, Time elapsed: 0.008 s - in slash.navigation.common.PositionParserTest
[INFO] Running slash.navigation.common.UnitConversionTest
[INFO] Tests run: 11, Failures: 0, Errors: 0, Skipped: 0, Time elapsed: 0.007 s - in slash.navigation.common.UnitConversionTest
[INFO] Running slash.navigation.common.BearingTest
[INFO] Tests run: 5, Failures: 0, Errors: 0, Skipped: 0, Time elapsed: 0 s - in slash.navigation.common.BearingTest
[INFO] Running slash.navigation.common.UnitSystemTest
[INFO] Tests run: 3, Failures: 0, Errors: 0, Skipped: 0, Time elapsed: 0.001 s - in slash.navigation.common.UnitSystemTest
[INFO] Running slash.navigation.common.DegreeFormatTest
[INFO] Tests run: 3, Failures: 0, Errors: 0, Skipped: 0, Time elapsed: 0.004 s - in slash.navigation.common.DegreeFormatTest
[INFO] 
[INFO] Results:
[INFO] 
[INFO] Tests run: 44, Failures: 0, Errors: 0, Skipped: 0
[INFO] 
[INFO] 
[INFO] -----------------------< slash.navigation:rest >------------------------
[INFO] Building Simple REST webservices client 2.23-SNAPSHOT             [4/47]
[INFO] --------------------------------[ jar ]---------------------------------
[INFO] 
[INFO] --- maven-resources-plugin:3.0.2:resources (default-resources) @ rest ---
[INFO] Using 'ISO-8859-15' encoding to copy filtered resources.
[INFO] Copying 1 resource
[INFO] 
[INFO] --- maven-compiler-plugin:3.7.0:compile (default-compile) @ rest ---
[INFO] Nothing to compile - all classes are up to date
[INFO] 
[INFO] --- maven-resources-plugin:3.0.2:testResources (default-testResources) @ rest ---
[INFO] Using 'ISO-8859-15' encoding to copy filtered resources.
[INFO] skip non existing resourceDirectory /On-the-Reproducibility/section-2/reproducibility-scanner/reproducer/workspace/Bears-158/rest/src/test/resources
[INFO] 
[INFO] --- maven-compiler-plugin:3.7.0:testCompile (default-testCompile) @ rest ---
[INFO] Nothing to compile - all classes are up to date
[INFO] 
[INFO] --- maven-surefire-plugin:2.20.1:test (default-test) @ rest ---
[INFO] 
[INFO] -------------------------------------------------------
[INFO]  T E S T S
[INFO] -------------------------------------------------------
[INFO] Running slash.navigation.rest.RFC2616Test
[INFO] Tests run: 2, Failures: 0, Errors: 0, Skipped: 0, Time elapsed: 0.071 s - in slash.navigation.rest.RFC2616Test
[INFO] 
[INFO] Results:
[INFO] 
[INFO] Tests run: 2, Failures: 0, Errors: 0, Skipped: 0
[INFO] 
[INFO] 
[INFO] ---------------------< slash.navigation:download >----------------------
[INFO] Building Manage reliable Downloads 2.23-SNAPSHOT                  [5/47]
[INFO] --------------------------------[ jar ]---------------------------------
[INFO] 
[INFO] --- maven-resources-plugin:3.0.2:resources (default-resources) @ download ---
[INFO] Using 'ISO-8859-15' encoding to copy filtered resources.
[INFO] skip non existing resourceDirectory /On-the-Reproducibility/section-2/reproducibility-scanner/reproducer/workspace/Bears-158/download/src/main/resources
[INFO] 
[INFO] --- maven-compiler-plugin:3.7.0:compile (default-compile) @ download ---
[INFO] Nothing to compile - all classes are up to date
[INFO] 
[INFO] --- maven-resources-plugin:3.0.2:testResources (default-testResources) @ download ---
[INFO] Using 'ISO-8859-15' encoding to copy filtered resources.
[INFO] skip non existing resourceDirectory /On-the-Reproducibility/section-2/reproducibility-scanner/reproducer/workspace/Bears-158/download/src/test/resources
[INFO] 
[INFO] --- maven-compiler-plugin:3.7.0:testCompile (default-testCompile) @ download ---
[INFO] Nothing to compile - all classes are up to date
[INFO] 
[INFO] --- maven-surefire-plugin:2.20.1:test (default-test) @ download ---
[INFO] 
[INFO] --------------------< slash.navigation:datasource >---------------------
[INFO] Building Support for the DataSources format 2.23-SNAPSHOT         [6/47]
[INFO] --------------------------------[ jar ]---------------------------------
[INFO] 
[INFO] --- maven-resources-plugin:3.0.2:resources (default-resources) @ datasource ---
[INFO] Using 'ISO-8859-15' encoding to copy filtered resources.
[INFO] skip non existing resourceDirectory /On-the-Reproducibility/section-2/reproducibility-scanner/reproducer/workspace/Bears-158/datasource/src/main/resources
[INFO] 
[INFO] --- maven-compiler-plugin:3.7.0:compile (default-compile) @ datasource ---
[INFO] Nothing to compile - all classes are up to date
[INFO] 
[INFO] --- maven-resources-plugin:3.0.2:testResources (default-testResources) @ datasource ---
[INFO] Using 'ISO-8859-15' encoding to copy filtered resources.
[INFO] Copying 1 resource
[INFO] 
[INFO] --- maven-compiler-plugin:3.7.0:testCompile (default-testCompile) @ datasource ---
[INFO] Nothing to compile - all classes are up to date
[INFO] 
[INFO] --- maven-surefire-plugin:2.20.1:test (default-test) @ datasource ---
[INFO] 
[INFO] -------------------------------------------------------
[INFO]  T E S T S
[INFO] -------------------------------------------------------
[INFO] Running slash.navigation.datasources.DataSourceServiceTest
[INFO] Tests run: 1, Failures: 0, Errors: 0, Skipped: 0, Time elapsed: 0.384 s - in slash.navigation.datasources.DataSourceServiceTest
[INFO] 
[INFO] Results:
[INFO] 
[INFO] Tests run: 1, Failures: 0, Errors: 0, Skipped: 0
[INFO] 
[INFO] 
[INFO] ------------------< slash.navigation:routing-service >------------------
[INFO] Building Interface for routing services 2.23-SNAPSHOT             [7/47]
[INFO] --------------------------------[ jar ]---------------------------------
[INFO] 
[INFO] --- maven-resources-plugin:3.0.2:resources (default-resources) @ routing-service ---
[INFO] Using 'ISO-8859-15' encoding to copy filtered resources.
[INFO] skip non existing resourceDirectory /On-the-Reproducibility/section-2/reproducibility-scanner/reproducer/workspace/Bears-158/routing-service/src/main/resources
[INFO] 
[INFO] --- maven-compiler-plugin:3.7.0:compile (default-compile) @ routing-service ---
[INFO] Nothing to compile - all classes are up to date
[INFO] 
[INFO] --- maven-resources-plugin:3.0.2:testResources (default-testResources) @ routing-service ---
[INFO] Using 'ISO-8859-15' encoding to copy filtered resources.
[INFO] skip non existing resourceDirectory /On-the-Reproducibility/section-2/reproducibility-scanner/reproducer/workspace/Bears-158/routing-service/src/test/resources
[INFO] 
[INFO] --- maven-compiler-plugin:3.7.0:testCompile (default-testCompile) @ routing-service ---
[INFO] No sources to compile
[INFO] 
[INFO] --- maven-surefire-plugin:2.20.1:test (default-test) @ routing-service ---
[INFO] No tests to run.
[INFO] 
[INFO] ----------------------< slash.navigation:brouter >----------------------
[INFO] Building BRouter offline routing 2.23-SNAPSHOT                    [8/47]
[INFO] --------------------------------[ jar ]---------------------------------
[INFO] 
[INFO] --- maven-resources-plugin:3.0.2:resources (default-resources) @ brouter ---
[INFO] Using 'ISO-8859-15' encoding to copy filtered resources.
[INFO] skip non existing resourceDirectory /On-the-Reproducibility/section-2/reproducibility-scanner/reproducer/workspace/Bears-158/brouter/src/main/resources
[INFO] 
[INFO] --- maven-compiler-plugin:3.7.0:compile (default-compile) @ brouter ---
[INFO] Nothing to compile - all classes are up to date
[INFO] 
[INFO] --- maven-resources-plugin:3.0.2:testResources (default-testResources) @ brouter ---
[INFO] Using 'ISO-8859-15' encoding to copy filtered resources.
[INFO] Copying 3 resources
[INFO] 
[INFO] --- maven-compiler-plugin:3.7.0:testCompile (default-testCompile) @ brouter ---
[INFO] Nothing to compile - all classes are up to date
[INFO] 
[INFO] --- maven-surefire-plugin:2.20.1:test (default-test) @ brouter ---
[INFO] 
[INFO] -------------------------------------------------------
[INFO]  T E S T S
[INFO] -------------------------------------------------------
[INFO] Running slash.navigation.brouter.BRouterTest
[INFO] Tests run: 3, Failures: 0, Errors: 0, Skipped: 0, Time elapsed: 0.063 s - in slash.navigation.brouter.BRouterTest
[INFO] 
[INFO] Results:
[INFO] 
[INFO] Tests run: 3, Failures: 0, Errors: 0, Skipped: 0
[INFO] 
[INFO] 
[INFO] --------------------< slash.navigation:common-gui >---------------------
[INFO] Building Code shared by all UI modules 2.23-SNAPSHOT              [9/47]
[INFO] --------------------------------[ jar ]---------------------------------
[INFO] 
[INFO] --- maven-resources-plugin:3.0.2:resources (default-resources) @ common-gui ---
[INFO] Using 'ISO-8859-15' encoding to copy filtered resources.
[INFO] skip non existing resourceDirectory /On-the-Reproducibility/section-2/reproducibility-scanner/reproducer/workspace/Bears-158/common-gui/src/main/resources
[INFO] 
[INFO] --- maven-compiler-plugin:3.7.0:compile (default-compile) @ common-gui ---
[INFO] Nothing to compile - all classes are up to date
[INFO] 
[INFO] --- maven-resources-plugin:3.0.2:testResources (default-testResources) @ common-gui ---
[INFO] Using 'ISO-8859-15' encoding to copy filtered resources.
[INFO] skip non existing resourceDirectory /On-the-Reproducibility/section-2/reproducibility-scanner/reproducer/workspace/Bears-158/common-gui/src/test/resources
[INFO] 
[INFO] --- maven-compiler-plugin:3.7.0:testCompile (default-testCompile) @ common-gui ---
[INFO] Nothing to compile - all classes are up to date
[INFO] 
[INFO] --- maven-surefire-plugin:2.20.1:test (default-test) @ common-gui ---
[INFO] 
[INFO] -------------------------------------------------------
[INFO]  T E S T S
[INFO] -------------------------------------------------------
[INFO] Running slash.navigation.gui.events.RangeTest
[INFO] Tests run: 5, Failures: 0, Errors: 0, Skipped: 0, Time elapsed: 0.09 s - in slash.navigation.gui.events.RangeTest
[INFO] 
[INFO] Results:
[INFO] 
[INFO] Tests run: 5, Failures: 0, Errors: 0, Skipped: 0
[INFO] 
[INFO] 
[INFO] -----------------< slash.navigation:elevation-service >-----------------
[INFO] Building Interface for elevation services 2.23-SNAPSHOT          [10/47]
[INFO] --------------------------------[ jar ]---------------------------------
[INFO] 
[INFO] --- maven-resources-plugin:3.0.2:resources (default-resources) @ elevation-service ---
[INFO] Using 'ISO-8859-15' encoding to copy filtered resources.
[INFO] skip non existing resourceDirectory /On-the-Reproducibility/section-2/reproducibility-scanner/reproducer/workspace/Bears-158/elevation-service/src/main/resources
[INFO] 
[INFO] --- maven-compiler-plugin:3.7.0:compile (default-compile) @ elevation-service ---
[INFO] Nothing to compile - all classes are up to date
[INFO] 
[INFO] --- maven-resources-plugin:3.0.2:testResources (default-testResources) @ elevation-service ---
[INFO] Using 'ISO-8859-15' encoding to copy filtered resources.
[INFO] skip non existing resourceDirectory /On-the-Reproducibility/section-2/reproducibility-scanner/reproducer/workspace/Bears-158/elevation-service/src/test/resources
[INFO] 
[INFO] --- maven-compiler-plugin:3.7.0:testCompile (default-testCompile) @ elevation-service ---
[INFO] No sources to compile
[INFO] 
[INFO] --- maven-surefire-plugin:2.20.1:test (default-test) @ elevation-service ---
[INFO] No tests to run.
[INFO] 
[INFO] -----------------< slash.navigation:geocoding-service >-----------------
[INFO] Building Interface for geocoding services 2.23-SNAPSHOT          [11/47]
[INFO] --------------------------------[ jar ]---------------------------------
[INFO] 
[INFO] --- maven-resources-plugin:3.0.2:resources (default-resources) @ geocoding-service ---
[INFO] Using 'ISO-8859-15' encoding to copy filtered resources.
[INFO] skip non existing resourceDirectory /On-the-Reproducibility/section-2/reproducibility-scanner/reproducer/workspace/Bears-158/geocoding-service/src/main/resources
[INFO] 
[INFO] --- maven-compiler-plugin:3.7.0:compile (default-compile) @ geocoding-service ---
[INFO] Nothing to compile - all classes are up to date
[INFO] 
[INFO] --- maven-resources-plugin:3.0.2:testResources (default-testResources) @ geocoding-service ---
[INFO] Using 'ISO-8859-15' encoding to copy filtered resources.
[INFO] skip non existing resourceDirectory /On-the-Reproducibility/section-2/reproducibility-scanner/reproducer/workspace/Bears-158/geocoding-service/src/test/resources
[INFO] 
[INFO] --- maven-compiler-plugin:3.7.0:testCompile (default-testCompile) @ geocoding-service ---
[INFO] No sources to compile
[INFO] 
[INFO] --- maven-surefire-plugin:2.20.1:test (default-test) @ geocoding-service ---
[INFO] No tests to run.
[INFO] 
[INFO] --------------------< slash.navigation:googlemaps >---------------------
[INFO] Building Access the Google Maps API services 2.23-SNAPSHOT       [12/47]
[INFO] --------------------------------[ jar ]---------------------------------
[INFO] 
[INFO] --- maven-resources-plugin:3.0.2:resources (default-resources) @ googlemaps ---
[INFO] Using 'ISO-8859-15' encoding to copy filtered resources.
[INFO] skip non existing resourceDirectory /On-the-Reproducibility/section-2/reproducibility-scanner/reproducer/workspace/Bears-158/googlemaps/src/main/resources
[INFO] 
[INFO] --- maven-compiler-plugin:3.7.0:compile (default-compile) @ googlemaps ---
[INFO] Nothing to compile - all classes are up to date
[INFO] 
[INFO] --- maven-resources-plugin:3.0.2:testResources (default-testResources) @ googlemaps ---
[INFO] Using 'ISO-8859-15' encoding to copy filtered resources.
[INFO] skip non existing resourceDirectory /On-the-Reproducibility/section-2/reproducibility-scanner/reproducer/workspace/Bears-158/googlemaps/src/test/resources
[INFO] 
[INFO] --- maven-compiler-plugin:3.7.0:testCompile (default-testCompile) @ googlemaps ---
[INFO] Nothing to compile - all classes are up to date
[INFO] 
[INFO] --- maven-surefire-plugin:2.20.1:test (default-test) @ googlemaps ---
[INFO] 
[INFO] ------------------------< slash.navigation:gpx >------------------------
[INFO] Building Support for the GPX formats 2.23-SNAPSHOT               [13/47]
[INFO] --------------------------------[ jar ]---------------------------------
[INFO] 
[INFO] --- maven-resources-plugin:3.0.2:resources (default-resources) @ gpx ---
[INFO] Using 'ISO-8859-15' encoding to copy filtered resources.
[INFO] skip non existing resourceDirectory /On-the-Reproducibility/section-2/reproducibility-scanner/reproducer/workspace/Bears-158/gpx/src/main/resources
[INFO] 
[INFO] --- maven-compiler-plugin:3.7.0:compile (default-compile) @ gpx ---
[INFO] Nothing to compile - all classes are up to date
[INFO] 
[INFO] --- maven-resources-plugin:3.0.2:testResources (default-testResources) @ gpx ---
[INFO] Using 'ISO-8859-15' encoding to copy filtered resources.
[INFO] skip non existing resourceDirectory /On-the-Reproducibility/section-2/reproducibility-scanner/reproducer/workspace/Bears-158/gpx/src/test/resources
[INFO] 
[INFO] --- maven-compiler-plugin:3.7.0:testCompile (default-testCompile) @ gpx ---
[INFO] No sources to compile
[INFO] 
[INFO] --- maven-surefire-plugin:2.20.1:test (default-test) @ gpx ---
[INFO] No tests to run.
[INFO] 
[INFO] ------------------------< slash.navigation:kml >------------------------
[INFO] Building Support for the Google Earth KML formats 2.23-SNAPSHOT  [14/47]
[INFO] --------------------------------[ jar ]---------------------------------
[INFO] 
[INFO] --- maven-resources-plugin:3.0.2:resources (default-resources) @ kml ---
[INFO] Using 'ISO-8859-15' encoding to copy filtered resources.
[INFO] skip non existing resourceDirectory /On-the-Reproducibility/section-2/reproducibility-scanner/reproducer/workspace/Bears-158/kml/src/main/resources
[INFO] 
[INFO] --- maven-compiler-plugin:3.7.0:compile (default-compile) @ kml ---
[INFO] Nothing to compile - all classes are up to date
[INFO] 
[INFO] --- maven-resources-plugin:3.0.2:testResources (default-testResources) @ kml ---
[INFO] Using 'ISO-8859-15' encoding to copy filtered resources.
[INFO] skip non existing resourceDirectory /On-the-Reproducibility/section-2/reproducibility-scanner/reproducer/workspace/Bears-158/kml/src/test/resources
[INFO] 
[INFO] --- maven-compiler-plugin:3.7.0:testCompile (default-testCompile) @ kml ---
[INFO] No sources to compile
[INFO] 
[INFO] --- maven-surefire-plugin:2.20.1:test (default-test) @ kml ---
[INFO] No tests to run.
[INFO] 
[INFO] ----------------< slash.navigation:navigation-formats >-----------------
[INFO] Building Read and write all supported navigation formats 2.23-SNAPSHOT [15/47]
[INFO] --------------------------------[ jar ]---------------------------------
[INFO] 
[INFO] --- maven-resources-plugin:3.0.2:resources (default-resources) @ navigation-formats ---
[INFO] Using 'ISO-8859-15' encoding to copy filtered resources.
[INFO] Copying 1 resource
[INFO] 
[INFO] --- maven-compiler-plugin:3.7.0:compile (default-compile) @ navigation-formats ---
[INFO] Changes detected - recompiling the module!
[INFO] Compiling 388 source files to /On-the-Reproducibility/section-2/reproducibility-scanner/reproducer/workspace/Bears-158/navigation-formats/target/classes
[INFO] 
[INFO] --- maven-resources-plugin:3.0.2:testResources (default-testResources) @ navigation-formats ---
[INFO] Using 'ISO-8859-15' encoding to copy filtered resources.
[INFO] skip non existing resourceDirectory /On-the-Reproducibility/section-2/reproducibility-scanner/reproducer/workspace/Bears-158/navigation-formats/src/test/resources
[INFO] 
[INFO] --- maven-compiler-plugin:3.7.0:testCompile (default-testCompile) @ navigation-formats ---
[INFO] Nothing to compile - all classes are up to date
[INFO] 
[INFO] --- maven-surefire-plugin:2.20.1:test (default-test) @ navigation-formats ---
[INFO] 
[INFO] -------------------------------------------------------
[INFO]  T E S T S
[INFO] -------------------------------------------------------
[INFO] Running slash.navigation.gopal.GoPalTrackFormatTest
[INFO] Tests run: 5, Failures: 0, Errors: 0, Skipped: 0, Time elapsed: 0.091 s - in slash.navigation.gopal.GoPalTrackFormatTest
[INFO] Running slash.navigation.base.TextNavigationFormatTest
[INFO] Tests run: 1, Failures: 0, Errors: 0, Skipped: 0, Time elapsed: 0.623 s - in slash.navigation.base.TextNavigationFormatTest
[INFO] Running slash.navigation.base.TimeZoneTest
[INFO] Tests run: 6, Failures: 0, Errors: 0, Skipped: 0, Time elapsed: 0.06 s - in slash.navigation.base.TimeZoneTest
[INFO] Running slash.navigation.base.NavigationFormatRegistryTest
[INFO] Tests run: 4, Failures: 0, Errors: 0, Skipped: 0, Time elapsed: 0.092 s - in slash.navigation.base.NavigationFormatRegistryTest
[INFO] Running slash.navigation.base.BaseNavigationFormatTest
[INFO] Tests run: 5, Failures: 0, Errors: 0, Skipped: 0, Time elapsed: 0.001 s - in slash.navigation.base.BaseNavigationFormatTest
[INFO] Running slash.navigation.base.BaseUrlParsingFormatTest
[INFO] Tests run: 3, Failures: 0, Errors: 0, Skipped: 0, Time elapsed: 0 s - in slash.navigation.base.BaseUrlParsingFormatTest
[INFO] Running slash.navigation.base.BoundingBoxTest
[INFO] Tests run: 4, Failures: 0, Errors: 0, Skipped: 0, Time elapsed: 0 s - in slash.navigation.base.BoundingBoxTest
[INFO] Running slash.navigation.url.MotoPlanerUrlFormatTest
[INFO] Tests run: 3, Failures: 0, Errors: 0, Skipped: 0, Time elapsed: 0 s - in slash.navigation.url.MotoPlanerUrlFormatTest
[INFO] Running slash.navigation.url.GoogleMapsUrlFormatTest
[INFO] Tests run: 19, Failures: 0, Errors: 0, Skipped: 0, Time elapsed: 0.014 s - in slash.navigation.url.GoogleMapsUrlFormatTest
[INFO] Running slash.navigation.url.UrlFormatTest
[INFO] Tests run: 4, Failures: 0, Errors: 0, Skipped: 0, Time elapsed: 0 s - in slash.navigation.url.UrlFormatTest
[INFO] Running slash.navigation.copilot.CoPilotFormatTest
[INFO] Tests run: 3, Failures: 0, Errors: 0, Skipped: 0, Time elapsed: 0 s - in slash.navigation.copilot.CoPilotFormatTest
[INFO] Running slash.navigation.gpx.GpxFormatTest
[INFO] Tests run: 4, Failures: 0, Errors: 0, Skipped: 0, Time elapsed: 0 s - in slash.navigation.gpx.GpxFormatTest
[INFO] Running slash.navigation.gpx.Gpx11ExtensionsTest
[INFO] Tests run: 15, Failures: 0, Errors: 0, Skipped: 0, Time elapsed: 1.687 s - in slash.navigation.gpx.Gpx11ExtensionsTest
[INFO] Running slash.navigation.nmea.MagellanExploristFormatTest
[INFO] Tests run: 4, Failures: 0, Errors: 0, Skipped: 0, Time elapsed: 0.006 s - in slash.navigation.nmea.MagellanExploristFormatTest
[INFO] Running slash.navigation.nmea.MagellanRouteFormatTest
[INFO] Tests run: 5, Failures: 0, Errors: 0, Skipped: 0, Time elapsed: 0.002 s - in slash.navigation.nmea.MagellanRouteFormatTest
[INFO] Running slash.navigation.nmea.NmeaFormatTest
[INFO] Tests run: 27, Failures: 0, Errors: 0, Skipped: 0, Time elapsed: 0.143 s - in slash.navigation.nmea.NmeaFormatTest
[INFO] Running slash.navigation.ovl.OvlFormatTest
[INFO] Tests run: 4, Failures: 0, Errors: 0, Skipped: 0, Time elapsed: 0.01 s - in slash.navigation.ovl.OvlFormatTest
[INFO] Running slash.navigation.tcx.TcxFormatTest
[INFO] Tests run: 1, Failures: 0, Errors: 0, Skipped: 0, Time elapsed: 0 s - in slash.navigation.tcx.TcxFormatTest
[INFO] Running slash.navigation.columbus.ColumbusGpsType2FormatTest
[INFO] Tests run: 6, Failures: 0, Errors: 0, Skipped: 0, Time elapsed: 0 s - in slash.navigation.columbus.ColumbusGpsType2FormatTest
[INFO] Running slash.navigation.columbus.ColumbusNavigationFormatRegistryTest
[INFO] Tests run: 6, Failures: 0, Errors: 0, Skipped: 0, Time elapsed: 0.018 s - in slash.navigation.columbus.ColumbusNavigationFormatRegistryTest
[INFO] Running slash.navigation.columbus.ColumbusGpsType1FormatTest
[INFO] Tests run: 6, Failures: 0, Errors: 0, Skipped: 0, Time elapsed: 0.002 s - in slash.navigation.columbus.ColumbusGpsType1FormatTest
[INFO] Running slash.navigation.columbus.ColumbusGpsBinaryFormatTest
[INFO] Tests run: 2, Failures: 0, Errors: 0, Skipped: 0, Time elapsed: 0 s - in slash.navigation.columbus.ColumbusGpsBinaryFormatTest
[INFO] Running slash.navigation.bcr.BcrRouteTest
[INFO] Tests run: 32, Failures: 0, Errors: 0, Skipped: 0, Time elapsed: 0.015 s - in slash.navigation.bcr.BcrRouteTest
[INFO] Running slash.navigation.bcr.MTP0607FormatTest
[INFO] Tests run: 12, Failures: 0, Errors: 0, Skipped: 0, Time elapsed: 0 s - in slash.navigation.bcr.MTP0607FormatTest
[INFO] Running slash.navigation.bcr.MG2009IntranetTest
[INFO] Tests run: 1, Failures: 0, Errors: 0, Skipped: 0, Time elapsed: 0 s - in slash.navigation.bcr.MG2009IntranetTest
[INFO] Running slash.navigation.bcr.MTP0809FormatTest
[INFO] Tests run: 2, Failures: 0, Errors: 0, Skipped: 0, Time elapsed: 0 s - in slash.navigation.bcr.MTP0809FormatTest
[INFO] Running slash.navigation.kml.Kml21FormatTest
[INFO] Tests run: 2, Failures: 0, Errors: 0, Skipped: 0, Time elapsed: 0.143 s - in slash.navigation.kml.Kml21FormatTest
[INFO] Running slash.navigation.kml.QstarzTest
[INFO] Tests run: 2, Failures: 0, Errors: 0, Skipped: 0, Time elapsed: 0 s - in slash.navigation.kml.QstarzTest
[INFO] Running slash.navigation.kml.TavellogTest
[INFO] Tests run: 3, Failures: 0, Errors: 0, Skipped: 0, Time elapsed: 0.001 s - in slash.navigation.kml.TavellogTest
[INFO] Running slash.navigation.kml.Navigon6310Test
[INFO] Tests run: 3, Failures: 0, Errors: 0, Skipped: 0, Time elapsed: 0.001 s - in slash.navigation.kml.Navigon6310Test
[INFO] Running slash.navigation.kml.Wbt201LogTest
[INFO] Tests run: 1, Failures: 0, Errors: 0, Skipped: 0, Time elapsed: 0.001 s - in slash.navigation.kml.Wbt201LogTest
[INFO] Running slash.navigation.kml.Kml22FormatTest
[INFO] Tests run: 5, Failures: 0, Errors: 0, Skipped: 0, Time elapsed: 0.459 s - in slash.navigation.kml.Kml22FormatTest
[INFO] Running slash.navigation.kml.Bt747Test
[INFO] Tests run: 2, Failures: 0, Errors: 0, Skipped: 0, Time elapsed: 0.001 s - in slash.navigation.kml.Bt747Test
[INFO] Running slash.navigation.tour.TourFormatTest
[INFO] Tests run: 3, Failures: 0, Errors: 0, Skipped: 0, Time elapsed: 0 s - in slash.navigation.tour.TourFormatTest
[INFO] Running slash.navigation.nmn.NavigatingPoiWarnerFormatTest
[INFO] Tests run: 5, Failures: 0, Errors: 0, Skipped: 0, Time elapsed: 0.001 s - in slash.navigation.nmn.NavigatingPoiWarnerFormatTest
[INFO] Running slash.navigation.nmn.Nmn5FormatTest
[INFO] Tests run: 5, Failures: 0, Errors: 0, Skipped: 0, Time elapsed: 0.001 s - in slash.navigation.nmn.Nmn5FormatTest
[INFO] Running slash.navigation.nmn.Nmn6FormatTest
[INFO] Tests run: 8, Failures: 0, Errors: 0, Skipped: 0, Time elapsed: 0 s - in slash.navigation.nmn.Nmn6FormatTest
[INFO] Running slash.navigation.nmn.NmnUrlFormatTest
[INFO] Tests run: 10, Failures: 0, Errors: 0, Skipped: 0, Time elapsed: 0 s - in slash.navigation.nmn.NmnUrlFormatTest
[INFO] Running slash.navigation.nmn.Nmn4FormatTest
[INFO] Tests run: 6, Failures: 0, Errors: 0, Skipped: 0, Time elapsed: 0 s - in slash.navigation.nmn.Nmn4FormatTest
[INFO] Running slash.navigation.nmn.Nmn6FavoritesFormatTest
[INFO] Tests run: 2, Failures: 0, Errors: 0, Skipped: 0, Time elapsed: 0 s - in slash.navigation.nmn.Nmn6FavoritesFormatTest
[INFO] Running slash.navigation.mm.MagicMaps2GoFormatTest
[INFO] Tests run: 2, Failures: 0, Errors: 0, Skipped: 0, Time elapsed: 0 s - in slash.navigation.mm.MagicMaps2GoFormatTest
[INFO] Running slash.navigation.mm.MagicMapsPthFormatTest
[INFO] Tests run: 3, Failures: 0, Errors: 0, Skipped: 0, Time elapsed: 0 s - in slash.navigation.mm.MagicMapsPthFormatTest
[INFO] Running slash.navigation.csv.ExcelFormatTest
[ERROR] Tests run: 1, Failures: 0, Errors: 1, Skipped: 0, Time elapsed: 0.002 s <<< FAILURE! - in slash.navigation.csv.ExcelFormatTest
[ERROR] testSetAndGetTime(slash.navigation.csv.ExcelFormatTest)  Time elapsed: 0.002 s  <<< ERROR!
java.lang.UnsupportedOperationException
	at slash.navigation.csv.ExcelFormatTest.testSetAndGetTime(ExcelFormatTest.java:32)

[INFO] Running slash.navigation.simple.GroundTrackFormatTest
[INFO] Tests run: 4, Failures: 0, Errors: 0, Skipped: 0, Time elapsed: 0 s - in slash.navigation.simple.GroundTrackFormatTest
[INFO] Running slash.navigation.simple.GoRiderGpsFormatTest
[INFO] Tests run: 3, Failures: 0, Errors: 0, Skipped: 0, Time elapsed: 0 s - in slash.navigation.simple.GoRiderGpsFormatTest
[INFO] Running slash.navigation.simple.HaicomLoggerFormatTest
[INFO] Tests run: 4, Failures: 0, Errors: 0, Skipped: 0, Time elapsed: 0 s - in slash.navigation.simple.HaicomLoggerFormatTest
[INFO] Running slash.navigation.simple.GpsTunerFormatTest
[INFO] Tests run: 4, Failures: 0, Errors: 0, Skipped: 0, Time elapsed: 0 s - in slash.navigation.simple.GpsTunerFormatTest
[INFO] Running slash.navigation.simple.OpelNaviFormatTest
[INFO] Tests run: 3, Failures: 0, Errors: 0, Skipped: 0, Time elapsed: 0.001 s - in slash.navigation.simple.OpelNaviFormatTest
[INFO] Running slash.navigation.simple.QstarzQ1000FormatTest
[INFO] Tests run: 3, Failures: 0, Errors: 0, Skipped: 0, Time elapsed: 0 s - in slash.navigation.simple.QstarzQ1000FormatTest
[INFO] Running slash.navigation.simple.GlopusFormatTest
[INFO] Tests run: 2, Failures: 0, Errors: 0, Skipped: 0, Time elapsed: 0 s - in slash.navigation.simple.GlopusFormatTest
[INFO] Running slash.navigation.simple.SygicFormatTest
[INFO] Tests run: 4, Failures: 0, Errors: 0, Skipped: 0, Time elapsed: 0 s - in slash.navigation.simple.SygicFormatTest
[INFO] Running slash.navigation.simple.ApeMapFormatTest
[INFO] Tests run: 4, Failures: 0, Errors: 0, Skipped: 0, Time elapsed: 0 s - in slash.navigation.simple.ApeMapFormatTest
[INFO] Running slash.navigation.simple.Iblue747FormatTest
[INFO] Tests run: 3, Failures: 0, Errors: 0, Skipped: 0, Time elapsed: 0.001 s - in slash.navigation.simple.Iblue747FormatTest
[INFO] Running slash.navigation.simple.Route66FormatTest
[INFO] Tests run: 3, Failures: 0, Errors: 0, Skipped: 0, Time elapsed: 0 s - in slash.navigation.simple.Route66FormatTest
[INFO] Running slash.navigation.simple.KompassFormatTest
[INFO] Tests run: 3, Failures: 0, Errors: 0, Skipped: 0, Time elapsed: 0 s - in slash.navigation.simple.KompassFormatTest
[INFO] Running slash.navigation.simple.KienzleGpsFormatTest
[INFO] Tests run: 4, Failures: 0, Errors: 0, Skipped: 0, Time elapsed: 0 s - in slash.navigation.simple.KienzleGpsFormatTest
[INFO] Running slash.navigation.itn.TTTracklogTest
[INFO] Tests run: 4, Failures: 0, Errors: 0, Skipped: 0, Time elapsed: 0.015 s - in slash.navigation.itn.TTTracklogTest
[INFO] Running slash.navigation.itn.LogposTest
[INFO] Tests run: 5, Failures: 0, Errors: 0, Skipped: 0, Time elapsed: 0 s - in slash.navigation.itn.LogposTest
[INFO] Running slash.navigation.itn.TomTomRouteFormatTest
[INFO] Tests run: 16, Failures: 0, Errors: 0, Skipped: 0, Time elapsed: 0 s - in slash.navigation.itn.TomTomRouteFormatTest
[INFO] Running slash.navigation.itn.TripmasterTest
[INFO] Tests run: 17, Failures: 0, Errors: 0, Skipped: 0, Time elapsed: 0.002 s - in slash.navigation.itn.TripmasterTest
[INFO] 
[INFO] Results:
[INFO] 
[ERROR] Errors: 
[ERROR]   ExcelFormatTest.testSetAndGetTime:32 Â» UnsupportedOperation
[INFO] 
[ERROR] Tests run: 333, Failures: 0, Errors: 1, Skipped: 0
[INFO] 
[INFO] ------------------------------------------------------------------------
[INFO] Reactor Summary for RouteConverter 2.23-SNAPSHOT:
[INFO] 
[INFO] RouteConverter ..................................... SUCCESS [  0.002 s]
[INFO] Code shared by all modules ......................... SUCCESS [  8.679 s]
[INFO] Code shared by all Navigation modules .............. SUCCESS [  1.073 s]
[INFO] Simple REST webservices client ..................... SUCCESS [  0.748 s]
[INFO] Manage reliable Downloads .......................... SUCCESS [  0.051 s]
[INFO] Support for the DataSources format ................. SUCCESS [  1.082 s]
[INFO] Interface for routing services ..................... SUCCESS [  0.022 s]
[INFO] BRouter offline routing ............................ SUCCESS [  0.773 s]
[INFO] Code shared by all UI modules ...................... SUCCESS [  0.741 s]
[INFO] Interface for elevation services ................... SUCCESS [  0.035 s]
[INFO] Interface for geocoding services ................... SUCCESS [  0.019 s]
[INFO] Access the Google Maps API services ................ SUCCESS [  0.029 s]
[INFO] Support for the GPX formats ........................ SUCCESS [  0.029 s]
[INFO] Support for the Google Earth KML formats ........... SUCCESS [  0.095 s]
[INFO] Read and write all supported navigation formats .... FAILURE [  7.317 s]
[INFO] Code shared by all MapView modules ................. SKIPPED
[INFO] Code shared by all browser based MapViews .......... SKIPPED
[INFO] Access the Feedback service ........................ SKIPPED
[INFO] Access the geonames.org service .................... SKIPPED
[INFO] GraphHopper offline routing ........................ SKIPPED
[INFO] Read elevation data from HGT files ................. SKIPPED
[INFO] MapView based on the JavaFX WebView for Java 7 ..... SKIPPED
[INFO] MapView based on the JavaFX WebView for Java 8 ..... SKIPPED
[INFO] Read mapsforge maps and themes ..................... SKIPPED
[INFO] MapView based on mapsforge ......................... SKIPPED
[INFO] Access the OSM Nominatim service ................... SKIPPED
[INFO] Access the OSM Photon service ...................... SKIPPED
[INFO] ProfileView based on the JFreeChart library ........ SKIPPED
[INFO] Access the RouteCatalog service .................... SKIPPED
[INFO] The build license module ........................... SKIPPED
[INFO] The build parent module ............................ SKIPPED
[INFO] Platform-independent command line tool ............. SKIPPED
[INFO] The RouteConverter command line tool ............... SKIPPED
[INFO] Platform-independent Online Edition ................ SKIPPED
[INFO] The RouteConverter UI tool for Linux ............... SKIPPED
[INFO] The RouteConverter UI tool for Mac OS X ............ SKIPPED
[INFO] The RouteConverter UI tool for Windows ............. SKIPPED
[INFO] Platform-independent Offline Edition ............... SKIPPED
[INFO] The RouteConverter UI tool for Linux (Offline) ..... SKIPPED
[INFO] The RouteConverter UI tool for Mac OS X (Offline) .. SKIPPED
[INFO] The RouteConverter UI tool for Windows (Offline) ... SKIPPED
[INFO] Platform-independent TimeAlbum Pro ................. SKIPPED
[INFO] The TimeAlbum Pro tool for Linux ................... SKIPPED
[INFO] The TimeAlbum Pro tool for Mac OS X ................ SKIPPED
[INFO] The TimeAlbum Pro tool for Windows ................. SKIPPED
[INFO] Tools to generate DataSources for Downloads ........ SKIPPED
[INFO] Tools to filter resource bundles ................... SKIPPED
[INFO] ------------------------------------------------------------------------
[INFO] BUILD FAILURE
[INFO] ------------------------------------------------------------------------
[INFO] Total time:  21.478 s
[INFO] Finished at: 2022-08-17T01:08:52-07:00
[INFO] ------------------------------------------------------------------------
[ERROR] Failed to execute goal org.apache.maven.plugins:maven-surefire-plugin:2.20.1:test (default-test) on project navigation-formats: There are test failures.
[ERROR] 
[ERROR] Please refer to /On-the-Reproducibility/section-2/reproducibility-scanner/reproducer/workspace/Bears-158/navigation-formats/target/surefire-reports for the individual test results.
[ERROR] Please refer to dump files (if any exist) [date]-jvmRun[N].dump, [date].dumpstream and [date]-jvmRun[N].dumpstream.
[ERROR] -> [Help 1]
[ERROR] 
[ERROR] To see the full stack trace of the errors, re-run Maven with the -e switch.
[ERROR] Re-run Maven using the -X switch to enable full debug logging.
[ERROR] 
[ERROR] For more information about the errors and possible solutions, please read the following articles:
[ERROR] [Help 1] http://cwiki.apache.org/confluence/display/MAVEN/MojoFailureException
[ERROR] 
[ERROR] After correcting the problems, you can resume the build with the command
[ERROR]   mvn <args> -rf :navigation-formats
Running the tests related to the bug Bears-158...
The tests related to the bug Bears-158 were executed.