Apache Maven 3.6.3
Maven home: /usr/share/maven
Java version: 1.8.0_342, vendor: Private Build, runtime: /usr/lib/jvm/java-8-openjdk-amd64/jre
Default locale: en_US, platform encoding: UTF-8
OS name: "linux", version: "5.15.0-41-generic", arch: "amd64", family: "unix"
[INFO] Scanning for projects...
[INFO] Inspecting build with total of 10 modules...
[INFO] Installing Nexus Staging features:
[INFO]   ... total of 9 executions of maven-deploy-plugin replaced with nexus-staging-maven-plugin
[INFO] ------------------------------------------------------------------------
[INFO] Reactor Build Order:
[INFO] 
[INFO] Debezium Checkstyle Rules                                          [jar]
[INFO] Debezium Parent POM                                                [pom]
[INFO] Debezium Core                                                      [jar]
[INFO] Debezium ANTLR DDL parsers                                         [jar]
[INFO] Debezium Assembly Descriptors                                      [jar]
[INFO] Debezium Embedded                                                  [jar]
[INFO] Debezium Connector for MySQL                                       [jar]
[INFO] Debezium Connector for PostgreSQL                                  [jar]
[INFO] Debezium Connector for MongoDB                                     [jar]
[INFO] Debezium Microbenchmark Tests                                      [jar]
[INFO] 
[INFO] ------------------< io.debezium:debezium-checkstyle >-------------------
[INFO] Building Debezium Checkstyle Rules 0.9.0-SNAPSHOT                 [1/10]
[INFO] --------------------------------[ jar ]---------------------------------
[INFO] 
[INFO] --- maven-enforcer-plugin:3.0.0-M1:enforce (enforce-java-version) @ debezium-checkstyle ---
[INFO] Skipping Rule Enforcement.
[INFO] 
[INFO] --- maven-enforcer-plugin:3.0.0-M1:enforce (enforce-maven-version) @ debezium-checkstyle ---
[INFO] Skipping Rule Enforcement.
[INFO] 
[INFO] --- buildnumber-maven-plugin:1.3:create (get-scm-revision) @ debezium-checkstyle ---
[INFO] Executing: /bin/sh -c cd /On-the-Reproducibility/section-2/reproducibility-scanner/reproducer/workspace/Bears-208/support/checkstyle && git rev-parse --verify HEAD
[INFO] Working directory: /On-the-Reproducibility/section-2/reproducibility-scanner/reproducer/workspace/Bears-208/support/checkstyle
[INFO] Storing buildNumber: UNKNOWN at timestamp: 1660852786306
[WARNING] Cannot get the branch information from the git repository: 
Detecting the current branch failed: fatal: not a git repository: /On-the-Reproducibility/section-2/reproducibility-scanner/reproducer/workspace/Bears-208/../../.git/modules/benchmarks/bears-benchmark

[INFO] Executing: /bin/sh -c cd /On-the-Reproducibility/section-2/reproducibility-scanner/reproducer/workspace/Bears-208/support/checkstyle && git rev-parse --verify HEAD
[INFO] Working directory: /On-the-Reproducibility/section-2/reproducibility-scanner/reproducer/workspace/Bears-208/support/checkstyle
[INFO] Storing buildScmBranch: UNKNOWN_BRANCH
[INFO] 
[INFO] --- maven-resources-plugin:2.7:resources (default-resources) @ debezium-checkstyle ---
[INFO] Using 'UTF-8' encoding to copy filtered resources.
[INFO] Copying 4 resources
[INFO] 
[INFO] --- maven-compiler-plugin:3.1:compile (default-compile) @ debezium-checkstyle ---
[INFO] Nothing to compile - all classes are up to date
[INFO] 
[INFO] --- maven-resources-plugin:2.7:testResources (default-testResources) @ debezium-checkstyle ---
[INFO] Using 'UTF-8' encoding to copy filtered resources.
[INFO] skip non existing resourceDirectory /On-the-Reproducibility/section-2/reproducibility-scanner/reproducer/workspace/Bears-208/support/checkstyle/src/test/resources
[INFO] 
[INFO] --- maven-compiler-plugin:3.1:testCompile (default-testCompile) @ debezium-checkstyle ---
[INFO] No sources to compile
[INFO] 
[INFO] --- maven-surefire-plugin:2.18.1:test (default-test) @ debezium-checkstyle ---
[INFO] No tests to run.
[INFO] 
[INFO] --------------------< io.debezium:debezium-parent >---------------------
[INFO] Building Debezium Parent POM 0.9.0-SNAPSHOT                       [2/10]
[INFO] --------------------------------[ pom ]---------------------------------
[INFO] 
[INFO] --- maven-enforcer-plugin:3.0.0-M1:enforce (enforce-java-version) @ debezium-parent ---
[INFO] Skipping Rule Enforcement.
[INFO] 
[INFO] --- maven-enforcer-plugin:3.0.0-M1:enforce (enforce-maven-version) @ debezium-parent ---
[INFO] Skipping Rule Enforcement.
[INFO] 
[INFO] --- maven-enforcer-plugin:3.0.0-M1:enforce (enforce-maven) @ debezium-parent ---
[INFO] Skipping Rule Enforcement.
[INFO] 
[INFO] --- buildnumber-maven-plugin:1.3:create (get-scm-revision) @ debezium-parent ---
[INFO] 
[INFO] ---------------------< io.debezium:debezium-core >----------------------
[INFO] Building Debezium Core 0.9.0-SNAPSHOT                             [3/10]
[INFO] --------------------------------[ jar ]---------------------------------
[INFO] 
[INFO] --- maven-enforcer-plugin:3.0.0-M1:enforce (enforce-java-version) @ debezium-core ---
[INFO] Skipping Rule Enforcement.
[INFO] 
[INFO] --- maven-enforcer-plugin:3.0.0-M1:enforce (enforce-maven-version) @ debezium-core ---
[INFO] Skipping Rule Enforcement.
[INFO] 
[INFO] --- maven-enforcer-plugin:3.0.0-M1:enforce (enforce-maven) @ debezium-core ---
[INFO] Skipping Rule Enforcement.
[INFO] 
[INFO] --- buildnumber-maven-plugin:1.3:create (get-scm-revision) @ debezium-core ---
[INFO] 
[INFO] --- maven-resources-plugin:2.7:resources (default-resources) @ debezium-core ---
[INFO] Using 'UTF-8' encoding to copy filtered resources.
[INFO] skip non existing resourceDirectory /On-the-Reproducibility/section-2/reproducibility-scanner/reproducer/workspace/Bears-208/debezium-core/src/main/resources
[INFO] 
[INFO] --- maven-compiler-plugin:3.1:compile (default-compile) @ debezium-core ---
[INFO] Nothing to compile - all classes are up to date
[INFO] 
[INFO] --- maven-resources-plugin:2.7:testResources (default-testResources) @ debezium-core ---
[INFO] Using 'UTF-8' encoding to copy filtered resources.
[INFO] Copying 8 resources
[INFO] 
[INFO] --- maven-compiler-plugin:3.1:testCompile (default-testCompile) @ debezium-core ---
[INFO] Nothing to compile - all classes are up to date
[INFO] 
[INFO] --- maven-surefire-plugin:2.18.1:test (default-test) @ debezium-core ---
[INFO] Surefire report directory: /On-the-Reproducibility/section-2/reproducibility-scanner/reproducer/workspace/Bears-208/debezium-core/target/surefire-reports

-------------------------------------------------------
 T E S T S
-------------------------------------------------------
Running io.debezium.relational.TableSchemaBuilderTest
Tests run: 4, Failures: 0, Errors: 0, Skipped: 0, Time elapsed: 0.185 sec - in io.debezium.relational.TableSchemaBuilderTest
Running io.debezium.relational.TableEditorTest
Tests run: 11, Failures: 0, Errors: 0, Skipped: 0, Time elapsed: 0.001 sec - in io.debezium.relational.TableEditorTest
Running io.debezium.relational.TableTest
Tests run: 17, Failures: 0, Errors: 0, Skipped: 0, Time elapsed: 0.006 sec - in io.debezium.relational.TableTest
Running io.debezium.relational.ddl.DdlParserSql2003Test
Tests run: 3, Failures: 0, Errors: 0, Skipped: 0, Time elapsed: 0.032 sec - in io.debezium.relational.ddl.DdlParserSql2003Test
Running io.debezium.relational.ddl.DataTypeGrammarParserTest
Tests run: 14, Failures: 0, Errors: 0, Skipped: 0, Time elapsed: 0.008 sec - in io.debezium.relational.ddl.DataTypeGrammarParserTest
Running io.debezium.relational.ddl.DdlChangesTest
Tests run: 3, Failures: 0, Errors: 0, Skipped: 0, Time elapsed: 0.008 sec - in io.debezium.relational.ddl.DdlChangesTest
Running io.debezium.relational.ddl.DataTypeParserTest
Tests run: 6, Failures: 0, Errors: 0, Skipped: 0, Time elapsed: 0.006 sec - in io.debezium.relational.ddl.DataTypeParserTest
Running io.debezium.relational.history.MemoryDatabaseHistoryTest
Tests run: 1, Failures: 0, Errors: 0, Skipped: 0, Time elapsed: 0.029 sec - in io.debezium.relational.history.MemoryDatabaseHistoryTest
Running io.debezium.relational.history.HistoryRecordTest
{
  "source" : {
    "server" : "abc"
  },
  "position" : {
    "file" : "x.log",
    "positionInt" : 100,
    "positionLong" : 9223372036854775807,
    "entry" : 1
  },
  "databaseName" : "db",
  "schemaName" : "myschema",
  "ddl" : "CREATE TABLE foo ( first VARCHAR(22) NOT NULL );",
  "tableChanges" : [ {
    "type" : "CREATE",
    "id" : "db.myschema.foo",
    "table" : {
      "defaultCharsetName" : null,
      "primaryKeyColumnNames" : [ "first" ],
      "columns" : [ {
        "name" : "first",
        "jdbcType" : 12,
        "typeName" : "VARCHAR",
        "typeExpression" : "VARCHAR",
        "charsetName" : null,
        "length" : 22,
        "position" : 1,
        "optional" : false,
        "autoIncremented" : false,
        "generated" : false
      } ]
    }
  } ]
}
Tests run: 1, Failures: 0, Errors: 0, Skipped: 0, Time elapsed: 0.046 sec - in io.debezium.relational.history.HistoryRecordTest
Running io.debezium.relational.history.FileDatabaseHistoryTest
Tests run: 1, Failures: 0, Errors: 0, Skipped: 0, Time elapsed: 0.091 sec - in io.debezium.relational.history.FileDatabaseHistoryTest
Running io.debezium.relational.history.KafkaDatabaseHistoryTest
2022-08-18 12:59:49,861 INFO  DBZ Started Kafka server 1 at localhost:41101 with storage in /On-the-Reproducibility/section-2/reproducibility-scanner/reproducer/workspace/Bears-208/debezium-core/target/data/history_cluster/kafka/broker1 (io.debezium.kafka.KafkaServer)
2022-08-18 12:59:50,146 INFO  DBZ KafkaDatabaseHistory Consumer config: {enable.auto.commit=false, value.deserializer=org.apache.kafka.common.serialization.StringDeserializer, group.id=my-db-history, auto.offset.reset=earliest, session.timeout.ms=50000, bootstrap.servers=localhost:41101, max.poll.interval.ms=100, client.id=my-db-history, key.deserializer=org.apache.kafka.common.serialization.StringDeserializer, fetch.min.bytes=1} (io.debezium.relational.history.KafkaDatabaseHistory)
2022-08-18 12:59:50,146 INFO  DBZ KafkaDatabaseHistory Producer config: {bootstrap.servers=localhost:41101, value.serializer=org.apache.kafka.common.serialization.StringSerializer, buffer.memory=1048576, retries=1, key.serializer=org.apache.kafka.common.serialization.StringSerializer, client.id=my-db-history, linger.ms=0, batch.size=32768, max.block.ms=10000, acks=1} (io.debezium.relational.history.KafkaDatabaseHistory)
2022-08-18 12:59:50,235 INFO  DBZ Database history topic '(name=schema-changes-topic, numPartitions=1, replicationFactor=1, replicasAssignments=null, configs={cleanup.policy=delete, retention.ms=9223372036854775807, retention.bytes=-1})' created (io.debezium.relational.history.KafkaDatabaseHistory)
2022-08-18 12:59:50,278 INFO  DBZ Database history topic '(name=schema-changes-topic, numPartitions=1, replicationFactor=1, replicasAssignments=null, configs={cleanup.policy=delete, retention.ms=9223372036854775807, retention.bytes=-1})' created (io.debezium.relational.history.KafkaDatabaseHistory)
2022-08-18 12:59:50,610 INFO  DBZ KafkaDatabaseHistory Consumer config: {enable.auto.commit=false, value.deserializer=org.apache.kafka.common.serialization.StringDeserializer, group.id=my-db-history, auto.offset.reset=earliest, session.timeout.ms=50000, bootstrap.servers=localhost:41101, max.poll.interval.ms=100, client.id=my-db-history, key.deserializer=org.apache.kafka.common.serialization.StringDeserializer, fetch.min.bytes=1} (io.debezium.relational.history.KafkaDatabaseHistory)
2022-08-18 12:59:50,610 INFO  DBZ KafkaDatabaseHistory Producer config: {bootstrap.servers=localhost:41101, value.serializer=org.apache.kafka.common.serialization.StringSerializer, buffer.memory=1048576, retries=1, key.serializer=org.apache.kafka.common.serialization.StringSerializer, client.id=my-db-history, linger.ms=0, batch.size=32768, max.block.ms=10000, acks=1} (io.debezium.relational.history.KafkaDatabaseHistory)
2022-08-18 12:59:50,673 ERROR DBZ Unexpected exception while processing record 'ConsumerRecord(topic = schema-changes-topic, partition = 0, offset = 0, CreateTime = 1660852790069, serialized key size = -1, serialized value size = 137, headers = RecordHeaders(headers = [], isReadOnly = false), key = null, value = {"source":{"server":"my-server"},"position":{"filename":"my-txn-file.log","position":39},"databaseName":"db1","ddl":"xxxDROP TABLE foo;"})' (io.debezium.relational.history.KafkaDatabaseHistory)
io.debezium.text.ParsingException: Failed to parse statement 'xxxDROP TABLE foo;'
	at io.debezium.relational.ddl.LegacyDdlParser.parse(LegacyDdlParser.java:225)
	at io.debezium.relational.ddl.LegacyDdlParser.parse(LegacyDdlParser.java:200)
	at io.debezium.relational.history.AbstractDatabaseHistory.lambda$recover$1(AbstractDatabaseHistory.java:104)
	at io.debezium.relational.history.KafkaDatabaseHistory.recoverRecords(KafkaDatabaseHistory.java:238)
	at io.debezium.relational.history.AbstractDatabaseHistory.recover(AbstractDatabaseHistory.java:73)
	at io.debezium.relational.history.KafkaDatabaseHistoryTest.testHistoryTopicContent(KafkaDatabaseHistoryTest.java:176)
	at io.debezium.relational.history.KafkaDatabaseHistoryTest.shouldStopOnUnparseableSQL(KafkaDatabaseHistoryTest.java:254)
	at sun.reflect.NativeMethodAccessorImpl.invoke0(Native Method)
	at sun.reflect.NativeMethodAccessorImpl.invoke(NativeMethodAccessorImpl.java:62)
	at sun.reflect.DelegatingMethodAccessorImpl.invoke(DelegatingMethodAccessorImpl.java:43)
	at java.lang.reflect.Method.invoke(Method.java:498)
	at org.junit.runners.model.FrameworkMethod$1.runReflectiveCall(FrameworkMethod.java:50)
	at org.junit.internal.runners.model.ReflectiveCallable.run(ReflectiveCallable.java:12)
	at org.junit.runners.model.FrameworkMethod.invokeExplosively(FrameworkMethod.java:47)
	at org.junit.internal.runners.statements.InvokeMethod.evaluate(InvokeMethod.java:17)
	at org.junit.internal.runners.statements.ExpectException.evaluate(ExpectException.java:19)
	at org.junit.internal.runners.statements.RunBefores.evaluate(RunBefores.java:26)
	at org.junit.internal.runners.statements.RunAfters.evaluate(RunAfters.java:27)
	at org.junit.runners.ParentRunner.runLeaf(ParentRunner.java:325)
	at org.junit.runners.BlockJUnit4ClassRunner.runChild(BlockJUnit4ClassRunner.java:78)
	at org.junit.runners.BlockJUnit4ClassRunner.runChild(BlockJUnit4ClassRunner.java:57)
	at org.junit.runners.ParentRunner$3.run(ParentRunner.java:290)
	at org.junit.runners.ParentRunner$1.schedule(ParentRunner.java:71)
	at org.junit.runners.ParentRunner.runChildren(ParentRunner.java:288)
	at org.junit.runners.ParentRunner.access$000(ParentRunner.java:58)
	at org.junit.runners.ParentRunner$2.evaluate(ParentRunner.java:268)
	at org.junit.runners.ParentRunner.run(ParentRunner.java:363)
	at org.apache.maven.surefire.junit4.JUnit4Provider.execute(JUnit4Provider.java:283)
	at org.apache.maven.surefire.junit4.JUnit4Provider.executeWithRerun(JUnit4Provider.java:173)
	at org.apache.maven.surefire.junit4.JUnit4Provider.executeTestSet(JUnit4Provider.java:153)
	at org.apache.maven.surefire.junit4.JUnit4Provider.invoke(JUnit4Provider.java:128)
	at org.apache.maven.surefire.booter.ForkedBooter.invokeProviderInSameClassLoader(ForkedBooter.java:203)
	at org.apache.maven.surefire.booter.ForkedBooter.runSuitesInProcess(ForkedBooter.java:155)
	at org.apache.maven.surefire.booter.ForkedBooter.main(ForkedBooter.java:103)
Caused by: io.debezium.text.ParsingException: Expecting token type 128 at line 1, column 1 but found 'xxxDROP':  ===>> xxxDROP TABLE foo;
	at io.debezium.text.TokenStream.consume(TokenStream.java:750)
	at io.debezium.relational.ddl.LegacyDdlParser.consumeStatement(LegacyDdlParser.java:462)
	at io.debezium.relational.ddl.LegacyDdlParser.parseUnknownStatement(LegacyDdlParser.java:309)
	at io.debezium.relational.ddl.DdlParserSql2003.parseNextStatement(DdlParserSql2003.java:120)
	at io.debezium.relational.ddl.LegacyDdlParser.parse(LegacyDdlParser.java:219)
	... 33 more
2022-08-18 12:59:53,484 INFO  DBZ Stopped Kafka server 1 at localhost:41101 (io.debezium.kafka.KafkaServer)
2022-08-18 12:59:53,675 INFO  DBZ Started Kafka server 1 at localhost:34003 with storage in /On-the-Reproducibility/section-2/reproducibility-scanner/reproducer/workspace/Bears-208/debezium-core/target/data/history_cluster/kafka/broker1 (io.debezium.kafka.KafkaServer)
2022-08-18 12:59:53,689 INFO  DBZ KafkaDatabaseHistory Consumer config: {enable.auto.commit=false, value.deserializer=org.apache.kafka.common.serialization.StringDeserializer, group.id=my-db-history, auto.offset.reset=earliest, session.timeout.ms=50000, bootstrap.servers=localhost:34003, max.poll.interval.ms=100, client.id=my-db-history, key.deserializer=org.apache.kafka.common.serialization.StringDeserializer, fetch.min.bytes=1} (io.debezium.relational.history.KafkaDatabaseHistory)
2022-08-18 12:59:53,689 INFO  DBZ KafkaDatabaseHistory Producer config: {bootstrap.servers=localhost:34003, value.serializer=org.apache.kafka.common.serialization.StringSerializer, buffer.memory=1048576, retries=1, key.serializer=org.apache.kafka.common.serialization.StringSerializer, client.id=my-db-history, linger.ms=0, batch.size=32768, max.block.ms=10000, acks=1} (io.debezium.relational.history.KafkaDatabaseHistory)
2022-08-18 12:59:53,723 INFO  DBZ Database history topic '(name=schema-changes-topic, numPartitions=1, replicationFactor=1, replicasAssignments=null, configs={cleanup.policy=delete, retention.ms=9223372036854775807, retention.bytes=-1})' created (io.debezium.relational.history.KafkaDatabaseHistory)
2022-08-18 12:59:53,749 INFO  DBZ Database history topic '(name=schema-changes-topic, numPartitions=1, replicationFactor=1, replicasAssignments=null, configs={cleanup.policy=delete, retention.ms=9223372036854775807, retention.bytes=-1})' created (io.debezium.relational.history.KafkaDatabaseHistory)
2022-08-18 12:59:54,431 INFO  DBZ KafkaDatabaseHistory Consumer config: {enable.auto.commit=false, value.deserializer=org.apache.kafka.common.serialization.StringDeserializer, group.id=my-db-history, auto.offset.reset=earliest, session.timeout.ms=50000, bootstrap.servers=localhost:34003, max.poll.interval.ms=100, client.id=my-db-history, key.deserializer=org.apache.kafka.common.serialization.StringDeserializer, fetch.min.bytes=1} (io.debezium.relational.history.KafkaDatabaseHistory)
2022-08-18 12:59:54,431 INFO  DBZ KafkaDatabaseHistory Producer config: {bootstrap.servers=localhost:34003, value.serializer=org.apache.kafka.common.serialization.StringSerializer, buffer.memory=1048576, retries=1, key.serializer=org.apache.kafka.common.serialization.StringSerializer, client.id=my-db-history, linger.ms=0, batch.size=32768, max.block.ms=10000, acks=1} (io.debezium.relational.history.KafkaDatabaseHistory)
2022-08-18 12:59:55,598 INFO  DBZ Stopped Kafka server 1 at localhost:34003 (io.debezium.kafka.KafkaServer)
2022-08-18 12:59:55,876 INFO  DBZ Started Kafka server 1 at localhost:43547 with storage in /On-the-Reproducibility/section-2/reproducibility-scanner/reproducer/workspace/Bears-208/debezium-core/target/data/history_cluster/kafka/broker1 (io.debezium.kafka.KafkaServer)
2022-08-18 12:59:56,036 INFO  DBZ KafkaDatabaseHistory Consumer config: {enable.auto.commit=false, value.deserializer=org.apache.kafka.common.serialization.StringDeserializer, group.id=my-db-history, auto.offset.reset=earliest, session.timeout.ms=50000, bootstrap.servers=localhost:43547, max.poll.interval.ms=100, client.id=my-db-history, key.deserializer=org.apache.kafka.common.serialization.StringDeserializer, fetch.min.bytes=1} (io.debezium.relational.history.KafkaDatabaseHistory)
2022-08-18 12:59:56,037 INFO  DBZ KafkaDatabaseHistory Producer config: {bootstrap.servers=localhost:43547, value.serializer=org.apache.kafka.common.serialization.StringSerializer, buffer.memory=1048576, retries=1, key.serializer=org.apache.kafka.common.serialization.StringSerializer, client.id=my-db-history, linger.ms=0, batch.size=32768, max.block.ms=10000, acks=1} (io.debezium.relational.history.KafkaDatabaseHistory)
2022-08-18 12:59:56,067 INFO  DBZ Database history topic '(name=schema-changes-topic, numPartitions=1, replicationFactor=1, replicasAssignments=null, configs={cleanup.policy=delete, retention.ms=9223372036854775807, retention.bytes=-1})' created (io.debezium.relational.history.KafkaDatabaseHistory)
2022-08-18 12:59:56,097 INFO  DBZ Database history topic '(name=schema-changes-topic, numPartitions=1, replicationFactor=1, replicasAssignments=null, configs={cleanup.policy=delete, retention.ms=9223372036854775807, retention.bytes=-1})' created (io.debezium.relational.history.KafkaDatabaseHistory)
2022-08-18 12:59:56,239 WARN  DBZ Skipping null database history record. This is often not an issue, but if it happens repeatedly please check the 'schema-changes-topic' topic. (io.debezium.relational.history.KafkaDatabaseHistory)
2022-08-18 12:59:56,240 ERROR DBZ Error while deserializing history record 'ConsumerRecord(topic = schema-changes-topic, partition = 0, offset = 1, CreateTime = 1660852796014, serialized key size = -1, serialized value size = 0, headers = RecordHeaders(headers = [], isReadOnly = false), key = null, value = )' (io.debezium.relational.history.KafkaDatabaseHistory)
java.io.IOException: Expected data to start with an Object, but was null
	at io.debezium.document.JacksonReader.parseDocument(JacksonReader.java:116)
	at io.debezium.document.JacksonReader.parse(JacksonReader.java:102)
	at io.debezium.document.JacksonReader.read(JacksonReader.java:57)
	at io.debezium.relational.history.KafkaDatabaseHistory.recoverRecords(KafkaDatabaseHistory.java:231)
	at io.debezium.relational.history.AbstractDatabaseHistory.recover(AbstractDatabaseHistory.java:73)
	at io.debezium.relational.history.KafkaDatabaseHistoryTest.testHistoryTopicContent(KafkaDatabaseHistoryTest.java:125)
	at io.debezium.relational.history.KafkaDatabaseHistoryTest.shouldIgnoreUnparseableMessages(KafkaDatabaseHistoryTest.java:232)
	at sun.reflect.NativeMethodAccessorImpl.invoke0(Native Method)
	at sun.reflect.NativeMethodAccessorImpl.invoke(NativeMethodAccessorImpl.java:62)
	at sun.reflect.DelegatingMethodAccessorImpl.invoke(DelegatingMethodAccessorImpl.java:43)
	at java.lang.reflect.Method.invoke(Method.java:498)
	at org.junit.runners.model.FrameworkMethod$1.runReflectiveCall(FrameworkMethod.java:50)
	at org.junit.internal.runners.model.ReflectiveCallable.run(ReflectiveCallable.java:12)
	at org.junit.runners.model.FrameworkMethod.invokeExplosively(FrameworkMethod.java:47)
	at org.junit.internal.runners.statements.InvokeMethod.evaluate(InvokeMethod.java:17)
	at org.junit.internal.runners.statements.RunBefores.evaluate(RunBefores.java:26)
	at org.junit.internal.runners.statements.RunAfters.evaluate(RunAfters.java:27)
	at org.junit.runners.ParentRunner.runLeaf(ParentRunner.java:325)
	at org.junit.runners.BlockJUnit4ClassRunner.runChild(BlockJUnit4ClassRunner.java:78)
	at org.junit.runners.BlockJUnit4ClassRunner.runChild(BlockJUnit4ClassRunner.java:57)
	at org.junit.runners.ParentRunner$3.run(ParentRunner.java:290)
	at org.junit.runners.ParentRunner$1.schedule(ParentRunner.java:71)
	at org.junit.runners.ParentRunner.runChildren(ParentRunner.java:288)
	at org.junit.runners.ParentRunner.access$000(ParentRunner.java:58)
	at org.junit.runners.ParentRunner$2.evaluate(ParentRunner.java:268)
	at org.junit.runners.ParentRunner.run(ParentRunner.java:363)
	at org.apache.maven.surefire.junit4.JUnit4Provider.execute(JUnit4Provider.java:283)
	at org.apache.maven.surefire.junit4.JUnit4Provider.executeWithRerun(JUnit4Provider.java:173)
	at org.apache.maven.surefire.junit4.JUnit4Provider.executeTestSet(JUnit4Provider.java:153)
	at org.apache.maven.surefire.junit4.JUnit4Provider.invoke(JUnit4Provider.java:128)
	at org.apache.maven.surefire.booter.ForkedBooter.invokeProviderInSameClassLoader(ForkedBooter.java:203)
	at org.apache.maven.surefire.booter.ForkedBooter.runSuitesInProcess(ForkedBooter.java:155)
	at org.apache.maven.surefire.booter.ForkedBooter.main(ForkedBooter.java:103)
2022-08-18 12:59:56,242 WARN  DBZ Skipping invalid database history record '{
  "position" : {
    "filename" : "my-txn-file.log",
    "position" : 39
  },
  "databaseName" : "db1",
  "ddl" : "DROP TABLE foo;"
}'. This is often not an issue, but if it happens repeatedly please check the 'schema-changes-topic' topic. (io.debezium.relational.history.KafkaDatabaseHistory)
2022-08-18 12:59:56,242 WARN  DBZ Skipping invalid database history record '{
  "source" : {
    "server" : "my-server"
  },
  "databaseName" : "db1",
  "ddl" : "DROP TABLE foo;"
}'. This is often not an issue, but if it happens repeatedly please check the 'schema-changes-topic' topic. (io.debezium.relational.history.KafkaDatabaseHistory)
2022-08-18 12:59:56,244 ERROR DBZ Error while deserializing history record 'ConsumerRecord(topic = schema-changes-topic, partition = 0, offset = 4, CreateTime = 1660852796022, serialized key size = -1, serialized value size = 133, headers = RecordHeaders(headers = [], isReadOnly = false), key = null, value = {"source":{"server":"my-server"},"position":{"filename":"my-txn-file.log","position":39},"databaseName":"db1","ddl":"DROP TABLE foo;")' (io.debezium.relational.history.KafkaDatabaseHistory)
com.fasterxml.jackson.core.io.JsonEOFException: Unexpected end-of-input: expected close marker for Object (start marker at [Source: (String)"{"source":{"server":"my-server"},"position":{"filename":"my-txn-file.log","position":39},"databaseName":"db1","ddl":"DROP TABLE foo;""; line: 1, column: 1])
 at [Source: (String)"{"source":{"server":"my-server"},"position":{"filename":"my-txn-file.log","position":39},"databaseName":"db1","ddl":"DROP TABLE foo;""; line: 1, column: 267]
	at com.fasterxml.jackson.core.base.ParserMinimalBase._reportInvalidEOF(ParserMinimalBase.java:594)
	at com.fasterxml.jackson.core.base.ParserBase._handleEOF(ParserBase.java:485)
	at com.fasterxml.jackson.core.base.ParserBase._eofAsNextChar(ParserBase.java:497)
	at com.fasterxml.jackson.core.json.ReaderBasedJsonParser._skipWSOrEnd(ReaderBasedJsonParser.java:2332)
	at com.fasterxml.jackson.core.json.ReaderBasedJsonParser.nextToken(ReaderBasedJsonParser.java:646)
	at io.debezium.document.JacksonReader.parseDocument(JacksonReader.java:192)
	at io.debezium.document.JacksonReader.parse(JacksonReader.java:102)
	at io.debezium.document.JacksonReader.read(JacksonReader.java:57)
	at io.debezium.relational.history.KafkaDatabaseHistory.recoverRecords(KafkaDatabaseHistory.java:231)
	at io.debezium.relational.history.AbstractDatabaseHistory.recover(AbstractDatabaseHistory.java:73)
	at io.debezium.relational.history.KafkaDatabaseHistoryTest.testHistoryTopicContent(KafkaDatabaseHistoryTest.java:125)
	at io.debezium.relational.history.KafkaDatabaseHistoryTest.shouldIgnoreUnparseableMessages(KafkaDatabaseHistoryTest.java:232)
	at sun.reflect.NativeMethodAccessorImpl.invoke0(Native Method)
	at sun.reflect.NativeMethodAccessorImpl.invoke(NativeMethodAccessorImpl.java:62)
	at sun.reflect.DelegatingMethodAccessorImpl.invoke(DelegatingMethodAccessorImpl.java:43)
	at java.lang.reflect.Method.invoke(Method.java:498)
	at org.junit.runners.model.FrameworkMethod$1.runReflectiveCall(FrameworkMethod.java:50)
	at org.junit.internal.runners.model.ReflectiveCallable.run(ReflectiveCallable.java:12)
	at org.junit.runners.model.FrameworkMethod.invokeExplosively(FrameworkMethod.java:47)
	at org.junit.internal.runners.statements.InvokeMethod.evaluate(InvokeMethod.java:17)
	at org.junit.internal.runners.statements.RunBefores.evaluate(RunBefores.java:26)
	at org.junit.internal.runners.statements.RunAfters.evaluate(RunAfters.java:27)
	at org.junit.runners.ParentRunner.runLeaf(ParentRunner.java:325)
	at org.junit.runners.BlockJUnit4ClassRunner.runChild(BlockJUnit4ClassRunner.java:78)
	at org.junit.runners.BlockJUnit4ClassRunner.runChild(BlockJUnit4ClassRunner.java:57)
	at org.junit.runners.ParentRunner$3.run(ParentRunner.java:290)
	at org.junit.runners.ParentRunner$1.schedule(ParentRunner.java:71)
	at org.junit.runners.ParentRunner.runChildren(ParentRunner.java:288)
	at org.junit.runners.ParentRunner.access$000(ParentRunner.java:58)
	at org.junit.runners.ParentRunner$2.evaluate(ParentRunner.java:268)
	at org.junit.runners.ParentRunner.run(ParentRunner.java:363)
	at org.apache.maven.surefire.junit4.JUnit4Provider.execute(JUnit4Provider.java:283)
	at org.apache.maven.surefire.junit4.JUnit4Provider.executeWithRerun(JUnit4Provider.java:173)
	at org.apache.maven.surefire.junit4.JUnit4Provider.executeTestSet(JUnit4Provider.java:153)
	at org.apache.maven.surefire.junit4.JUnit4Provider.invoke(JUnit4Provider.java:128)
	at org.apache.maven.surefire.booter.ForkedBooter.invokeProviderInSameClassLoader(ForkedBooter.java:203)
	at org.apache.maven.surefire.booter.ForkedBooter.runSuitesInProcess(ForkedBooter.java:155)
	at org.apache.maven.surefire.booter.ForkedBooter.main(ForkedBooter.java:103)
2022-08-18 12:59:56,245 ERROR DBZ Error while deserializing history record 'ConsumerRecord(topic = schema-changes-topic, partition = 0, offset = 5, CreateTime = 1660852796024, serialized key size = -1, serialized value size = 133, headers = RecordHeaders(headers = [], isReadOnly = false), key = null, value = "source":{"server":"my-server"},"position":{"filename":"my-txn-file.log","position":39},"databaseName":"db1","ddl":"DROP TABLE foo;"})' (io.debezium.relational.history.KafkaDatabaseHistory)
java.io.IOException: Expected data to start with an Object, but was VALUE_STRING
	at io.debezium.document.JacksonReader.parseDocument(JacksonReader.java:116)
	at io.debezium.document.JacksonReader.parse(JacksonReader.java:102)
	at io.debezium.document.JacksonReader.read(JacksonReader.java:57)
	at io.debezium.relational.history.KafkaDatabaseHistory.recoverRecords(KafkaDatabaseHistory.java:231)
	at io.debezium.relational.history.AbstractDatabaseHistory.recover(AbstractDatabaseHistory.java:73)
	at io.debezium.relational.history.KafkaDatabaseHistoryTest.testHistoryTopicContent(KafkaDatabaseHistoryTest.java:125)
	at io.debezium.relational.history.KafkaDatabaseHistoryTest.shouldIgnoreUnparseableMessages(KafkaDatabaseHistoryTest.java:232)
	at sun.reflect.NativeMethodAccessorImpl.invoke0(Native Method)
	at sun.reflect.NativeMethodAccessorImpl.invoke(NativeMethodAccessorImpl.java:62)
	at sun.reflect.DelegatingMethodAccessorImpl.invoke(DelegatingMethodAccessorImpl.java:43)
	at java.lang.reflect.Method.invoke(Method.java:498)
	at org.junit.runners.model.FrameworkMethod$1.runReflectiveCall(FrameworkMethod.java:50)
	at org.junit.internal.runners.model.ReflectiveCallable.run(ReflectiveCallable.java:12)
	at org.junit.runners.model.FrameworkMethod.invokeExplosively(FrameworkMethod.java:47)
	at org.junit.internal.runners.statements.InvokeMethod.evaluate(InvokeMethod.java:17)
	at org.junit.internal.runners.statements.RunBefores.evaluate(RunBefores.java:26)
	at org.junit.internal.runners.statements.RunAfters.evaluate(RunAfters.java:27)
	at org.junit.runners.ParentRunner.runLeaf(ParentRunner.java:325)
	at org.junit.runners.BlockJUnit4ClassRunner.runChild(BlockJUnit4ClassRunner.java:78)
	at org.junit.runners.BlockJUnit4ClassRunner.runChild(BlockJUnit4ClassRunner.java:57)
	at org.junit.runners.ParentRunner$3.run(ParentRunner.java:290)
	at org.junit.runners.ParentRunner$1.schedule(ParentRunner.java:71)
	at org.junit.runners.ParentRunner.runChildren(ParentRunner.java:288)
	at org.junit.runners.ParentRunner.access$000(ParentRunner.java:58)
	at org.junit.runners.ParentRunner$2.evaluate(ParentRunner.java:268)
	at org.junit.runners.ParentRunner.run(ParentRunner.java:363)
	at org.apache.maven.surefire.junit4.JUnit4Provider.execute(JUnit4Provider.java:283)
	at org.apache.maven.surefire.junit4.JUnit4Provider.executeWithRerun(JUnit4Provider.java:173)
	at org.apache.maven.surefire.junit4.JUnit4Provider.executeTestSet(JUnit4Provider.java:153)
	at org.apache.maven.surefire.junit4.JUnit4Provider.invoke(JUnit4Provider.java:128)
	at org.apache.maven.surefire.booter.ForkedBooter.invokeProviderInSameClassLoader(ForkedBooter.java:203)
	at org.apache.maven.surefire.booter.ForkedBooter.runSuitesInProcess(ForkedBooter.java:155)
	at org.apache.maven.surefire.booter.ForkedBooter.main(ForkedBooter.java:103)
2022-08-18 12:59:56,273 INFO  DBZ KafkaDatabaseHistory Consumer config: {enable.auto.commit=false, value.deserializer=org.apache.kafka.common.serialization.StringDeserializer, group.id=my-db-history, auto.offset.reset=earliest, session.timeout.ms=50000, bootstrap.servers=localhost:43547, max.poll.interval.ms=100, client.id=my-db-history, key.deserializer=org.apache.kafka.common.serialization.StringDeserializer, fetch.min.bytes=1} (io.debezium.relational.history.KafkaDatabaseHistory)
2022-08-18 12:59:56,274 INFO  DBZ KafkaDatabaseHistory Producer config: {bootstrap.servers=localhost:43547, value.serializer=org.apache.kafka.common.serialization.StringSerializer, buffer.memory=1048576, retries=1, key.serializer=org.apache.kafka.common.serialization.StringSerializer, client.id=my-db-history, linger.ms=0, batch.size=32768, max.block.ms=10000, acks=1} (io.debezium.relational.history.KafkaDatabaseHistory)
2022-08-18 12:59:56,296 WARN  DBZ Skipping null database history record. This is often not an issue, but if it happens repeatedly please check the 'schema-changes-topic' topic. (io.debezium.relational.history.KafkaDatabaseHistory)
2022-08-18 12:59:56,296 ERROR DBZ Error while deserializing history record 'ConsumerRecord(topic = schema-changes-topic, partition = 0, offset = 1, CreateTime = 1660852796014, serialized key size = -1, serialized value size = 0, headers = RecordHeaders(headers = [], isReadOnly = false), key = null, value = )' (io.debezium.relational.history.KafkaDatabaseHistory)
java.io.IOException: Expected data to start with an Object, but was null
	at io.debezium.document.JacksonReader.parseDocument(JacksonReader.java:116)
	at io.debezium.document.JacksonReader.parse(JacksonReader.java:102)
	at io.debezium.document.JacksonReader.read(JacksonReader.java:57)
	at io.debezium.relational.history.KafkaDatabaseHistory.recoverRecords(KafkaDatabaseHistory.java:231)
	at io.debezium.relational.history.AbstractDatabaseHistory.recover(AbstractDatabaseHistory.java:73)
	at io.debezium.relational.history.KafkaDatabaseHistoryTest.testHistoryTopicContent(KafkaDatabaseHistoryTest.java:170)
	at io.debezium.relational.history.KafkaDatabaseHistoryTest.shouldIgnoreUnparseableMessages(KafkaDatabaseHistoryTest.java:232)
	at sun.reflect.NativeMethodAccessorImpl.invoke0(Native Method)
	at sun.reflect.NativeMethodAccessorImpl.invoke(NativeMethodAccessorImpl.java:62)
	at sun.reflect.DelegatingMethodAccessorImpl.invoke(DelegatingMethodAccessorImpl.java:43)
	at java.lang.reflect.Method.invoke(Method.java:498)
	at org.junit.runners.model.FrameworkMethod$1.runReflectiveCall(FrameworkMethod.java:50)
	at org.junit.internal.runners.model.ReflectiveCallable.run(ReflectiveCallable.java:12)
	at org.junit.runners.model.FrameworkMethod.invokeExplosively(FrameworkMethod.java:47)
	at org.junit.internal.runners.statements.InvokeMethod.evaluate(InvokeMethod.java:17)
	at org.junit.internal.runners.statements.RunBefores.evaluate(RunBefores.java:26)
	at org.junit.internal.runners.statements.RunAfters.evaluate(RunAfters.java:27)
	at org.junit.runners.ParentRunner.runLeaf(ParentRunner.java:325)
	at org.junit.runners.BlockJUnit4ClassRunner.runChild(BlockJUnit4ClassRunner.java:78)
	at org.junit.runners.BlockJUnit4ClassRunner.runChild(BlockJUnit4ClassRunner.java:57)
	at org.junit.runners.ParentRunner$3.run(ParentRunner.java:290)
	at org.junit.runners.ParentRunner$1.schedule(ParentRunner.java:71)
	at org.junit.runners.ParentRunner.runChildren(ParentRunner.java:288)
	at org.junit.runners.ParentRunner.access$000(ParentRunner.java:58)
	at org.junit.runners.ParentRunner$2.evaluate(ParentRunner.java:268)
	at org.junit.runners.ParentRunner.run(ParentRunner.java:363)
	at org.apache.maven.surefire.junit4.JUnit4Provider.execute(JUnit4Provider.java:283)
	at org.apache.maven.surefire.junit4.JUnit4Provider.executeWithRerun(JUnit4Provider.java:173)
	at org.apache.maven.surefire.junit4.JUnit4Provider.executeTestSet(JUnit4Provider.java:153)
	at org.apache.maven.surefire.junit4.JUnit4Provider.invoke(JUnit4Provider.java:128)
	at org.apache.maven.surefire.booter.ForkedBooter.invokeProviderInSameClassLoader(ForkedBooter.java:203)
	at org.apache.maven.surefire.booter.ForkedBooter.runSuitesInProcess(ForkedBooter.java:155)
	at org.apache.maven.surefire.booter.ForkedBooter.main(ForkedBooter.java:103)
2022-08-18 12:59:56,298 WARN  DBZ Skipping invalid database history record '{
  "position" : {
    "filename" : "my-txn-file.log",
    "position" : 39
  },
  "databaseName" : "db1",
  "ddl" : "DROP TABLE foo;"
}'. This is often not an issue, but if it happens repeatedly please check the 'schema-changes-topic' topic. (io.debezium.relational.history.KafkaDatabaseHistory)
2022-08-18 12:59:56,298 WARN  DBZ Skipping invalid database history record '{
  "source" : {
    "server" : "my-server"
  },
  "databaseName" : "db1",
  "ddl" : "DROP TABLE foo;"
}'. This is often not an issue, but if it happens repeatedly please check the 'schema-changes-topic' topic. (io.debezium.relational.history.KafkaDatabaseHistory)
2022-08-18 12:59:56,299 ERROR DBZ Error while deserializing history record 'ConsumerRecord(topic = schema-changes-topic, partition = 0, offset = 4, CreateTime = 1660852796022, serialized key size = -1, serialized value size = 133, headers = RecordHeaders(headers = [], isReadOnly = false), key = null, value = {"source":{"server":"my-server"},"position":{"filename":"my-txn-file.log","position":39},"databaseName":"db1","ddl":"DROP TABLE foo;")' (io.debezium.relational.history.KafkaDatabaseHistory)
com.fasterxml.jackson.core.io.JsonEOFException: Unexpected end-of-input: expected close marker for Object (start marker at [Source: (String)"{"source":{"server":"my-server"},"position":{"filename":"my-txn-file.log","position":39},"databaseName":"db1","ddl":"DROP TABLE foo;""; line: 1, column: 1])
 at [Source: (String)"{"source":{"server":"my-server"},"position":{"filename":"my-txn-file.log","position":39},"databaseName":"db1","ddl":"DROP TABLE foo;""; line: 1, column: 267]
	at com.fasterxml.jackson.core.base.ParserMinimalBase._reportInvalidEOF(ParserMinimalBase.java:594)
	at com.fasterxml.jackson.core.base.ParserBase._handleEOF(ParserBase.java:485)
	at com.fasterxml.jackson.core.base.ParserBase._eofAsNextChar(ParserBase.java:497)
	at com.fasterxml.jackson.core.json.ReaderBasedJsonParser._skipWSOrEnd(ReaderBasedJsonParser.java:2332)
	at com.fasterxml.jackson.core.json.ReaderBasedJsonParser.nextToken(ReaderBasedJsonParser.java:646)
	at io.debezium.document.JacksonReader.parseDocument(JacksonReader.java:192)
	at io.debezium.document.JacksonReader.parse(JacksonReader.java:102)
	at io.debezium.document.JacksonReader.read(JacksonReader.java:57)
	at io.debezium.relational.history.KafkaDatabaseHistory.recoverRecords(KafkaDatabaseHistory.java:231)
	at io.debezium.relational.history.AbstractDatabaseHistory.recover(AbstractDatabaseHistory.java:73)
	at io.debezium.relational.history.KafkaDatabaseHistoryTest.testHistoryTopicContent(KafkaDatabaseHistoryTest.java:170)
	at io.debezium.relational.history.KafkaDatabaseHistoryTest.shouldIgnoreUnparseableMessages(KafkaDatabaseHistoryTest.java:232)
	at sun.reflect.NativeMethodAccessorImpl.invoke0(Native Method)
	at sun.reflect.NativeMethodAccessorImpl.invoke(NativeMethodAccessorImpl.java:62)
	at sun.reflect.DelegatingMethodAccessorImpl.invoke(DelegatingMethodAccessorImpl.java:43)
	at java.lang.reflect.Method.invoke(Method.java:498)
	at org.junit.runners.model.FrameworkMethod$1.runReflectiveCall(FrameworkMethod.java:50)
	at org.junit.internal.runners.model.ReflectiveCallable.run(ReflectiveCallable.java:12)
	at org.junit.runners.model.FrameworkMethod.invokeExplosively(FrameworkMethod.java:47)
	at org.junit.internal.runners.statements.InvokeMethod.evaluate(InvokeMethod.java:17)
	at org.junit.internal.runners.statements.RunBefores.evaluate(RunBefores.java:26)
	at org.junit.internal.runners.statements.RunAfters.evaluate(RunAfters.java:27)
	at org.junit.runners.ParentRunner.runLeaf(ParentRunner.java:325)
	at org.junit.runners.BlockJUnit4ClassRunner.runChild(BlockJUnit4ClassRunner.java:78)
	at org.junit.runners.BlockJUnit4ClassRunner.runChild(BlockJUnit4ClassRunner.java:57)
	at org.junit.runners.ParentRunner$3.run(ParentRunner.java:290)
	at org.junit.runners.ParentRunner$1.schedule(ParentRunner.java:71)
	at org.junit.runners.ParentRunner.runChildren(ParentRunner.java:288)
	at org.junit.runners.ParentRunner.access$000(ParentRunner.java:58)
	at org.junit.runners.ParentRunner$2.evaluate(ParentRunner.java:268)
	at org.junit.runners.ParentRunner.run(ParentRunner.java:363)
	at org.apache.maven.surefire.junit4.JUnit4Provider.execute(JUnit4Provider.java:283)
	at org.apache.maven.surefire.junit4.JUnit4Provider.executeWithRerun(JUnit4Provider.java:173)
	at org.apache.maven.surefire.junit4.JUnit4Provider.executeTestSet(JUnit4Provider.java:153)
	at org.apache.maven.surefire.junit4.JUnit4Provider.invoke(JUnit4Provider.java:128)
	at org.apache.maven.surefire.booter.ForkedBooter.invokeProviderInSameClassLoader(ForkedBooter.java:203)
	at org.apache.maven.surefire.booter.ForkedBooter.runSuitesInProcess(ForkedBooter.java:155)
	at org.apache.maven.surefire.booter.ForkedBooter.main(ForkedBooter.java:103)
2022-08-18 12:59:56,300 ERROR DBZ Error while deserializing history record 'ConsumerRecord(topic = schema-changes-topic, partition = 0, offset = 5, CreateTime = 1660852796024, serialized key size = -1, serialized value size = 133, headers = RecordHeaders(headers = [], isReadOnly = false), key = null, value = "source":{"server":"my-server"},"position":{"filename":"my-txn-file.log","position":39},"databaseName":"db1","ddl":"DROP TABLE foo;"})' (io.debezium.relational.history.KafkaDatabaseHistory)
java.io.IOException: Expected data to start with an Object, but was VALUE_STRING
	at io.debezium.document.JacksonReader.parseDocument(JacksonReader.java:116)
	at io.debezium.document.JacksonReader.parse(JacksonReader.java:102)
	at io.debezium.document.JacksonReader.read(JacksonReader.java:57)
	at io.debezium.relational.history.KafkaDatabaseHistory.recoverRecords(KafkaDatabaseHistory.java:231)
	at io.debezium.relational.history.AbstractDatabaseHistory.recover(AbstractDatabaseHistory.java:73)
	at io.debezium.relational.history.KafkaDatabaseHistoryTest.testHistoryTopicContent(KafkaDatabaseHistoryTest.java:170)
	at io.debezium.relational.history.KafkaDatabaseHistoryTest.shouldIgnoreUnparseableMessages(KafkaDatabaseHistoryTest.java:232)
	at sun.reflect.NativeMethodAccessorImpl.invoke0(Native Method)
	at sun.reflect.NativeMethodAccessorImpl.invoke(NativeMethodAccessorImpl.java:62)
	at sun.reflect.DelegatingMethodAccessorImpl.invoke(DelegatingMethodAccessorImpl.java:43)
	at java.lang.reflect.Method.invoke(Method.java:498)
	at org.junit.runners.model.FrameworkMethod$1.runReflectiveCall(FrameworkMethod.java:50)
	at org.junit.internal.runners.model.ReflectiveCallable.run(ReflectiveCallable.java:12)
	at org.junit.runners.model.FrameworkMethod.invokeExplosively(FrameworkMethod.java:47)
	at org.junit.internal.runners.statements.InvokeMethod.evaluate(InvokeMethod.java:17)
	at org.junit.internal.runners.statements.RunBefores.evaluate(RunBefores.java:26)
	at org.junit.internal.runners.statements.RunAfters.evaluate(RunAfters.java:27)
	at org.junit.runners.ParentRunner.runLeaf(ParentRunner.java:325)
	at org.junit.runners.BlockJUnit4ClassRunner.runChild(BlockJUnit4ClassRunner.java:78)
	at org.junit.runners.BlockJUnit4ClassRunner.runChild(BlockJUnit4ClassRunner.java:57)
	at org.junit.runners.ParentRunner$3.run(ParentRunner.java:290)
	at org.junit.runners.ParentRunner$1.schedule(ParentRunner.java:71)
	at org.junit.runners.ParentRunner.runChildren(ParentRunner.java:288)
	at org.junit.runners.ParentRunner.access$000(ParentRunner.java:58)
	at org.junit.runners.ParentRunner$2.evaluate(ParentRunner.java:268)
	at org.junit.runners.ParentRunner.run(ParentRunner.java:363)
	at org.apache.maven.surefire.junit4.JUnit4Provider.execute(JUnit4Provider.java:283)
	at org.apache.maven.surefire.junit4.JUnit4Provider.executeWithRerun(JUnit4Provider.java:173)
	at org.apache.maven.surefire.junit4.JUnit4Provider.executeTestSet(JUnit4Provider.java:153)
	at org.apache.maven.surefire.junit4.JUnit4Provider.invoke(JUnit4Provider.java:128)
	at org.apache.maven.surefire.booter.ForkedBooter.invokeProviderInSameClassLoader(ForkedBooter.java:203)
	at org.apache.maven.surefire.booter.ForkedBooter.runSuitesInProcess(ForkedBooter.java:155)
	at org.apache.maven.surefire.booter.ForkedBooter.main(ForkedBooter.java:103)
2022-08-18 12:59:56,330 WARN  DBZ Skipping null database history record. This is often not an issue, but if it happens repeatedly please check the 'schema-changes-topic' topic. (io.debezium.relational.history.KafkaDatabaseHistory)
2022-08-18 12:59:56,330 ERROR DBZ Error while deserializing history record 'ConsumerRecord(topic = schema-changes-topic, partition = 0, offset = 1, CreateTime = 1660852796014, serialized key size = -1, serialized value size = 0, headers = RecordHeaders(headers = [], isReadOnly = false), key = null, value = )' (io.debezium.relational.history.KafkaDatabaseHistory)
java.io.IOException: Expected data to start with an Object, but was null
	at io.debezium.document.JacksonReader.parseDocument(JacksonReader.java:116)
	at io.debezium.document.JacksonReader.parse(JacksonReader.java:102)
	at io.debezium.document.JacksonReader.read(JacksonReader.java:57)
	at io.debezium.relational.history.KafkaDatabaseHistory.recoverRecords(KafkaDatabaseHistory.java:231)
	at io.debezium.relational.history.AbstractDatabaseHistory.recover(AbstractDatabaseHistory.java:73)
	at io.debezium.relational.history.KafkaDatabaseHistoryTest.testHistoryTopicContent(KafkaDatabaseHistoryTest.java:176)
	at io.debezium.relational.history.KafkaDatabaseHistoryTest.shouldIgnoreUnparseableMessages(KafkaDatabaseHistoryTest.java:232)
	at sun.reflect.NativeMethodAccessorImpl.invoke0(Native Method)
	at sun.reflect.NativeMethodAccessorImpl.invoke(NativeMethodAccessorImpl.java:62)
	at sun.reflect.DelegatingMethodAccessorImpl.invoke(DelegatingMethodAccessorImpl.java:43)
	at java.lang.reflect.Method.invoke(Method.java:498)
	at org.junit.runners.model.FrameworkMethod$1.runReflectiveCall(FrameworkMethod.java:50)
	at org.junit.internal.runners.model.ReflectiveCallable.run(ReflectiveCallable.java:12)
	at org.junit.runners.model.FrameworkMethod.invokeExplosively(FrameworkMethod.java:47)
	at org.junit.internal.runners.statements.InvokeMethod.evaluate(InvokeMethod.java:17)
	at org.junit.internal.runners.statements.RunBefores.evaluate(RunBefores.java:26)
	at org.junit.internal.runners.statements.RunAfters.evaluate(RunAfters.java:27)
	at org.junit.runners.ParentRunner.runLeaf(ParentRunner.java:325)
	at org.junit.runners.BlockJUnit4ClassRunner.runChild(BlockJUnit4ClassRunner.java:78)
	at org.junit.runners.BlockJUnit4ClassRunner.runChild(BlockJUnit4ClassRunner.java:57)
	at org.junit.runners.ParentRunner$3.run(ParentRunner.java:290)
	at org.junit.runners.ParentRunner$1.schedule(ParentRunner.java:71)
	at org.junit.runners.ParentRunner.runChildren(ParentRunner.java:288)
	at org.junit.runners.ParentRunner.access$000(ParentRunner.java:58)
	at org.junit.runners.ParentRunner$2.evaluate(ParentRunner.java:268)
	at org.junit.runners.ParentRunner.run(ParentRunner.java:363)
	at org.apache.maven.surefire.junit4.JUnit4Provider.execute(JUnit4Provider.java:283)
	at org.apache.maven.surefire.junit4.JUnit4Provider.executeWithRerun(JUnit4Provider.java:173)
	at org.apache.maven.surefire.junit4.JUnit4Provider.executeTestSet(JUnit4Provider.java:153)
	at org.apache.maven.surefire.junit4.JUnit4Provider.invoke(JUnit4Provider.java:128)
	at org.apache.maven.surefire.booter.ForkedBooter.invokeProviderInSameClassLoader(ForkedBooter.java:203)
	at org.apache.maven.surefire.booter.ForkedBooter.runSuitesInProcess(ForkedBooter.java:155)
	at org.apache.maven.surefire.booter.ForkedBooter.main(ForkedBooter.java:103)
2022-08-18 12:59:56,332 WARN  DBZ Skipping invalid database history record '{
  "position" : {
    "filename" : "my-txn-file.log",
    "position" : 39
  },
  "databaseName" : "db1",
  "ddl" : "DROP TABLE foo;"
}'. This is often not an issue, but if it happens repeatedly please check the 'schema-changes-topic' topic. (io.debezium.relational.history.KafkaDatabaseHistory)
2022-08-18 12:59:56,332 WARN  DBZ Skipping invalid database history record '{
  "source" : {
    "server" : "my-server"
  },
  "databaseName" : "db1",
  "ddl" : "DROP TABLE foo;"
}'. This is often not an issue, but if it happens repeatedly please check the 'schema-changes-topic' topic. (io.debezium.relational.history.KafkaDatabaseHistory)
2022-08-18 12:59:56,332 ERROR DBZ Error while deserializing history record 'ConsumerRecord(topic = schema-changes-topic, partition = 0, offset = 4, CreateTime = 1660852796022, serialized key size = -1, serialized value size = 133, headers = RecordHeaders(headers = [], isReadOnly = false), key = null, value = {"source":{"server":"my-server"},"position":{"filename":"my-txn-file.log","position":39},"databaseName":"db1","ddl":"DROP TABLE foo;")' (io.debezium.relational.history.KafkaDatabaseHistory)
com.fasterxml.jackson.core.io.JsonEOFException: Unexpected end-of-input: expected close marker for Object (start marker at [Source: (String)"{"source":{"server":"my-server"},"position":{"filename":"my-txn-file.log","position":39},"databaseName":"db1","ddl":"DROP TABLE foo;""; line: 1, column: 1])
 at [Source: (String)"{"source":{"server":"my-server"},"position":{"filename":"my-txn-file.log","position":39},"databaseName":"db1","ddl":"DROP TABLE foo;""; line: 1, column: 267]
	at com.fasterxml.jackson.core.base.ParserMinimalBase._reportInvalidEOF(ParserMinimalBase.java:594)
	at com.fasterxml.jackson.core.base.ParserBase._handleEOF(ParserBase.java:485)
	at com.fasterxml.jackson.core.base.ParserBase._eofAsNextChar(ParserBase.java:497)
	at com.fasterxml.jackson.core.json.ReaderBasedJsonParser._skipWSOrEnd(ReaderBasedJsonParser.java:2332)
	at com.fasterxml.jackson.core.json.ReaderBasedJsonParser.nextToken(ReaderBasedJsonParser.java:646)
	at io.debezium.document.JacksonReader.parseDocument(JacksonReader.java:192)
	at io.debezium.document.JacksonReader.parse(JacksonReader.java:102)
	at io.debezium.document.JacksonReader.read(JacksonReader.java:57)
	at io.debezium.relational.history.KafkaDatabaseHistory.recoverRecords(KafkaDatabaseHistory.java:231)
	at io.debezium.relational.history.AbstractDatabaseHistory.recover(AbstractDatabaseHistory.java:73)
	at io.debezium.relational.history.KafkaDatabaseHistoryTest.testHistoryTopicContent(KafkaDatabaseHistoryTest.java:176)
	at io.debezium.relational.history.KafkaDatabaseHistoryTest.shouldIgnoreUnparseableMessages(KafkaDatabaseHistoryTest.java:232)
	at sun.reflect.NativeMethodAccessorImpl.invoke0(Native Method)
	at sun.reflect.NativeMethodAccessorImpl.invoke(NativeMethodAccessorImpl.java:62)
	at sun.reflect.DelegatingMethodAccessorImpl.invoke(DelegatingMethodAccessorImpl.java:43)
	at java.lang.reflect.Method.invoke(Method.java:498)
	at org.junit.runners.model.FrameworkMethod$1.runReflectiveCall(FrameworkMethod.java:50)
	at org.junit.internal.runners.model.ReflectiveCallable.run(ReflectiveCallable.java:12)
	at org.junit.runners.model.FrameworkMethod.invokeExplosively(FrameworkMethod.java:47)
	at org.junit.internal.runners.statements.InvokeMethod.evaluate(InvokeMethod.java:17)
	at org.junit.internal.runners.statements.RunBefores.evaluate(RunBefores.java:26)
	at org.junit.internal.runners.statements.RunAfters.evaluate(RunAfters.java:27)
	at org.junit.runners.ParentRunner.runLeaf(ParentRunner.java:325)
	at org.junit.runners.BlockJUnit4ClassRunner.runChild(BlockJUnit4ClassRunner.java:78)
	at org.junit.runners.BlockJUnit4ClassRunner.runChild(BlockJUnit4ClassRunner.java:57)
	at org.junit.runners.ParentRunner$3.run(ParentRunner.java:290)
	at org.junit.runners.ParentRunner$1.schedule(ParentRunner.java:71)
	at org.junit.runners.ParentRunner.runChildren(ParentRunner.java:288)
	at org.junit.runners.ParentRunner.access$000(ParentRunner.java:58)
	at org.junit.runners.ParentRunner$2.evaluate(ParentRunner.java:268)
	at org.junit.runners.ParentRunner.run(ParentRunner.java:363)
	at org.apache.maven.surefire.junit4.JUnit4Provider.execute(JUnit4Provider.java:283)
	at org.apache.maven.surefire.junit4.JUnit4Provider.executeWithRerun(JUnit4Provider.java:173)
	at org.apache.maven.surefire.junit4.JUnit4Provider.executeTestSet(JUnit4Provider.java:153)
	at org.apache.maven.surefire.junit4.JUnit4Provider.invoke(JUnit4Provider.java:128)
	at org.apache.maven.surefire.booter.ForkedBooter.invokeProviderInSameClassLoader(ForkedBooter.java:203)
	at org.apache.maven.surefire.booter.ForkedBooter.runSuitesInProcess(ForkedBooter.java:155)
	at org.apache.maven.surefire.booter.ForkedBooter.main(ForkedBooter.java:103)
2022-08-18 12:59:56,334 ERROR DBZ Error while deserializing history record 'ConsumerRecord(topic = schema-changes-topic, partition = 0, offset = 5, CreateTime = 1660852796024, serialized key size = -1, serialized value size = 133, headers = RecordHeaders(headers = [], isReadOnly = false), key = null, value = "source":{"server":"my-server"},"position":{"filename":"my-txn-file.log","position":39},"databaseName":"db1","ddl":"DROP TABLE foo;"})' (io.debezium.relational.history.KafkaDatabaseHistory)
java.io.IOException: Expected data to start with an Object, but was VALUE_STRING
	at io.debezium.document.JacksonReader.parseDocument(JacksonReader.java:116)
	at io.debezium.document.JacksonReader.parse(JacksonReader.java:102)
	at io.debezium.document.JacksonReader.read(JacksonReader.java:57)
	at io.debezium.relational.history.KafkaDatabaseHistory.recoverRecords(KafkaDatabaseHistory.java:231)
	at io.debezium.relational.history.AbstractDatabaseHistory.recover(AbstractDatabaseHistory.java:73)
	at io.debezium.relational.history.KafkaDatabaseHistoryTest.testHistoryTopicContent(KafkaDatabaseHistoryTest.java:176)
	at io.debezium.relational.history.KafkaDatabaseHistoryTest.shouldIgnoreUnparseableMessages(KafkaDatabaseHistoryTest.java:232)
	at sun.reflect.NativeMethodAccessorImpl.invoke0(Native Method)
	at sun.reflect.NativeMethodAccessorImpl.invoke(NativeMethodAccessorImpl.java:62)
	at sun.reflect.DelegatingMethodAccessorImpl.invoke(DelegatingMethodAccessorImpl.java:43)
	at java.lang.reflect.Method.invoke(Method.java:498)
	at org.junit.runners.model.FrameworkMethod$1.runReflectiveCall(FrameworkMethod.java:50)
	at org.junit.internal.runners.model.ReflectiveCallable.run(ReflectiveCallable.java:12)
	at org.junit.runners.model.FrameworkMethod.invokeExplosively(FrameworkMethod.java:47)
	at org.junit.internal.runners.statements.InvokeMethod.evaluate(InvokeMethod.java:17)
	at org.junit.internal.runners.statements.RunBefores.evaluate(RunBefores.java:26)
	at org.junit.internal.runners.statements.RunAfters.evaluate(RunAfters.java:27)
	at org.junit.runners.ParentRunner.runLeaf(ParentRunner.java:325)
	at org.junit.runners.BlockJUnit4ClassRunner.runChild(BlockJUnit4ClassRunner.java:78)
	at org.junit.runners.BlockJUnit4ClassRunner.runChild(BlockJUnit4ClassRunner.java:57)
	at org.junit.runners.ParentRunner$3.run(ParentRunner.java:290)
	at org.junit.runners.ParentRunner$1.schedule(ParentRunner.java:71)
	at org.junit.runners.ParentRunner.runChildren(ParentRunner.java:288)
	at org.junit.runners.ParentRunner.access$000(ParentRunner.java:58)
	at org.junit.runners.ParentRunner$2.evaluate(ParentRunner.java:268)
	at org.junit.runners.ParentRunner.run(ParentRunner.java:363)
	at org.apache.maven.surefire.junit4.JUnit4Provider.execute(JUnit4Provider.java:283)
	at org.apache.maven.surefire.junit4.JUnit4Provider.executeWithRerun(JUnit4Provider.java:173)
	at org.apache.maven.surefire.junit4.JUnit4Provider.executeTestSet(JUnit4Provider.java:153)
	at org.apache.maven.surefire.junit4.JUnit4Provider.invoke(JUnit4Provider.java:128)
	at org.apache.maven.surefire.booter.ForkedBooter.invokeProviderInSameClassLoader(ForkedBooter.java:203)
	at org.apache.maven.surefire.booter.ForkedBooter.runSuitesInProcess(ForkedBooter.java:155)
	at org.apache.maven.surefire.booter.ForkedBooter.main(ForkedBooter.java:103)
2022-08-18 12:59:56,335 WARN  DBZ Ignoring unparseable statements 'xxxDROP TABLE foo;' stored in database history: {} (io.debezium.relational.history.KafkaDatabaseHistory)
io.debezium.text.ParsingException: Failed to parse statement 'xxxDROP TABLE foo;'
	at io.debezium.relational.ddl.LegacyDdlParser.parse(LegacyDdlParser.java:225)
	at io.debezium.relational.ddl.LegacyDdlParser.parse(LegacyDdlParser.java:200)
	at io.debezium.relational.history.AbstractDatabaseHistory.lambda$recover$1(AbstractDatabaseHistory.java:104)
	at io.debezium.relational.history.KafkaDatabaseHistory.recoverRecords(KafkaDatabaseHistory.java:238)
	at io.debezium.relational.history.AbstractDatabaseHistory.recover(AbstractDatabaseHistory.java:73)
	at io.debezium.relational.history.KafkaDatabaseHistoryTest.testHistoryTopicContent(KafkaDatabaseHistoryTest.java:176)
	at io.debezium.relational.history.KafkaDatabaseHistoryTest.shouldIgnoreUnparseableMessages(KafkaDatabaseHistoryTest.java:232)
	at sun.reflect.NativeMethodAccessorImpl.invoke0(Native Method)
	at sun.reflect.NativeMethodAccessorImpl.invoke(NativeMethodAccessorImpl.java:62)
	at sun.reflect.DelegatingMethodAccessorImpl.invoke(DelegatingMethodAccessorImpl.java:43)
	at java.lang.reflect.Method.invoke(Method.java:498)
	at org.junit.runners.model.FrameworkMethod$1.runReflectiveCall(FrameworkMethod.java:50)
	at org.junit.internal.runners.model.ReflectiveCallable.run(ReflectiveCallable.java:12)
	at org.junit.runners.model.FrameworkMethod.invokeExplosively(FrameworkMethod.java:47)
	at org.junit.internal.runners.statements.InvokeMethod.evaluate(InvokeMethod.java:17)
	at org.junit.internal.runners.statements.RunBefores.evaluate(RunBefores.java:26)
	at org.junit.internal.runners.statements.RunAfters.evaluate(RunAfters.java:27)
	at org.junit.runners.ParentRunner.runLeaf(ParentRunner.java:325)
	at org.junit.runners.BlockJUnit4ClassRunner.runChild(BlockJUnit4ClassRunner.java:78)
	at org.junit.runners.BlockJUnit4ClassRunner.runChild(BlockJUnit4ClassRunner.java:57)
	at org.junit.runners.ParentRunner$3.run(ParentRunner.java:290)
	at org.junit.runners.ParentRunner$1.schedule(ParentRunner.java:71)
	at org.junit.runners.ParentRunner.runChildren(ParentRunner.java:288)
	at org.junit.runners.ParentRunner.access$000(ParentRunner.java:58)
	at org.junit.runners.ParentRunner$2.evaluate(ParentRunner.java:268)
	at org.junit.runners.ParentRunner.run(ParentRunner.java:363)
	at org.apache.maven.surefire.junit4.JUnit4Provider.execute(JUnit4Provider.java:283)
	at org.apache.maven.surefire.junit4.JUnit4Provider.executeWithRerun(JUnit4Provider.java:173)
	at org.apache.maven.surefire.junit4.JUnit4Provider.executeTestSet(JUnit4Provider.java:153)
	at org.apache.maven.surefire.junit4.JUnit4Provider.invoke(JUnit4Provider.java:128)
	at org.apache.maven.surefire.booter.ForkedBooter.invokeProviderInSameClassLoader(ForkedBooter.java:203)
	at org.apache.maven.surefire.booter.ForkedBooter.runSuitesInProcess(ForkedBooter.java:155)
	at org.apache.maven.surefire.booter.ForkedBooter.main(ForkedBooter.java:103)
Caused by: io.debezium.text.ParsingException: Expecting token type 128 at line 1, column 1 but found 'xxxDROP':  ===>> xxxDROP TABLE foo;
	at io.debezium.text.TokenStream.consume(TokenStream.java:750)
	at io.debezium.relational.ddl.LegacyDdlParser.consumeStatement(LegacyDdlParser.java:462)
	at io.debezium.relational.ddl.LegacyDdlParser.parseUnknownStatement(LegacyDdlParser.java:309)
	at io.debezium.relational.ddl.DdlParserSql2003.parseNextStatement(DdlParserSql2003.java:120)
	at io.debezium.relational.ddl.LegacyDdlParser.parse(LegacyDdlParser.java:219)
	... 32 more
2022-08-18 12:59:56,363 WARN  DBZ Skipping null database history record. This is often not an issue, but if it happens repeatedly please check the 'schema-changes-topic' topic. (io.debezium.relational.history.KafkaDatabaseHistory)
2022-08-18 12:59:56,363 ERROR DBZ Error while deserializing history record 'ConsumerRecord(topic = schema-changes-topic, partition = 0, offset = 1, CreateTime = 1660852796014, serialized key size = -1, serialized value size = 0, headers = RecordHeaders(headers = [], isReadOnly = false), key = null, value = )' (io.debezium.relational.history.KafkaDatabaseHistory)
java.io.IOException: Expected data to start with an Object, but was null
	at io.debezium.document.JacksonReader.parseDocument(JacksonReader.java:116)
	at io.debezium.document.JacksonReader.parse(JacksonReader.java:102)
	at io.debezium.document.JacksonReader.read(JacksonReader.java:57)
	at io.debezium.relational.history.KafkaDatabaseHistory.recoverRecords(KafkaDatabaseHistory.java:231)
	at io.debezium.relational.history.AbstractDatabaseHistory.recover(AbstractDatabaseHistory.java:73)
	at io.debezium.relational.history.KafkaDatabaseHistoryTest.testHistoryTopicContent(KafkaDatabaseHistoryTest.java:182)
	at io.debezium.relational.history.KafkaDatabaseHistoryTest.shouldIgnoreUnparseableMessages(KafkaDatabaseHistoryTest.java:232)
	at sun.reflect.NativeMethodAccessorImpl.invoke0(Native Method)
	at sun.reflect.NativeMethodAccessorImpl.invoke(NativeMethodAccessorImpl.java:62)
	at sun.reflect.DelegatingMethodAccessorImpl.invoke(DelegatingMethodAccessorImpl.java:43)
	at java.lang.reflect.Method.invoke(Method.java:498)
	at org.junit.runners.model.FrameworkMethod$1.runReflectiveCall(FrameworkMethod.java:50)
	at org.junit.internal.runners.model.ReflectiveCallable.run(ReflectiveCallable.java:12)
	at org.junit.runners.model.FrameworkMethod.invokeExplosively(FrameworkMethod.java:47)
	at org.junit.internal.runners.statements.InvokeMethod.evaluate(InvokeMethod.java:17)
	at org.junit.internal.runners.statements.RunBefores.evaluate(RunBefores.java:26)
	at org.junit.internal.runners.statements.RunAfters.evaluate(RunAfters.java:27)
	at org.junit.runners.ParentRunner.runLeaf(ParentRunner.java:325)
	at org.junit.runners.BlockJUnit4ClassRunner.runChild(BlockJUnit4ClassRunner.java:78)
	at org.junit.runners.BlockJUnit4ClassRunner.runChild(BlockJUnit4ClassRunner.java:57)
	at org.junit.runners.ParentRunner$3.run(ParentRunner.java:290)
	at org.junit.runners.ParentRunner$1.schedule(ParentRunner.java:71)
	at org.junit.runners.ParentRunner.runChildren(ParentRunner.java:288)
	at org.junit.runners.ParentRunner.access$000(ParentRunner.java:58)
	at org.junit.runners.ParentRunner$2.evaluate(ParentRunner.java:268)
	at org.junit.runners.ParentRunner.run(ParentRunner.java:363)
	at org.apache.maven.surefire.junit4.JUnit4Provider.execute(JUnit4Provider.java:283)
	at org.apache.maven.surefire.junit4.JUnit4Provider.executeWithRerun(JUnit4Provider.java:173)
	at org.apache.maven.surefire.junit4.JUnit4Provider.executeTestSet(JUnit4Provider.java:153)
	at org.apache.maven.surefire.junit4.JUnit4Provider.invoke(JUnit4Provider.java:128)
	at org.apache.maven.surefire.booter.ForkedBooter.invokeProviderInSameClassLoader(ForkedBooter.java:203)
	at org.apache.maven.surefire.booter.ForkedBooter.runSuitesInProcess(ForkedBooter.java:155)
	at org.apache.maven.surefire.booter.ForkedBooter.main(ForkedBooter.java:103)
2022-08-18 12:59:56,365 WARN  DBZ Skipping invalid database history record '{
  "position" : {
    "filename" : "my-txn-file.log",
    "position" : 39
  },
  "databaseName" : "db1",
  "ddl" : "DROP TABLE foo;"
}'. This is often not an issue, but if it happens repeatedly please check the 'schema-changes-topic' topic. (io.debezium.relational.history.KafkaDatabaseHistory)
2022-08-18 12:59:56,366 WARN  DBZ Skipping invalid database history record '{
  "source" : {
    "server" : "my-server"
  },
  "databaseName" : "db1",
  "ddl" : "DROP TABLE foo;"
}'. This is often not an issue, but if it happens repeatedly please check the 'schema-changes-topic' topic. (io.debezium.relational.history.KafkaDatabaseHistory)
2022-08-18 12:59:56,366 ERROR DBZ Error while deserializing history record 'ConsumerRecord(topic = schema-changes-topic, partition = 0, offset = 4, CreateTime = 1660852796022, serialized key size = -1, serialized value size = 133, headers = RecordHeaders(headers = [], isReadOnly = false), key = null, value = {"source":{"server":"my-server"},"position":{"filename":"my-txn-file.log","position":39},"databaseName":"db1","ddl":"DROP TABLE foo;")' (io.debezium.relational.history.KafkaDatabaseHistory)
com.fasterxml.jackson.core.io.JsonEOFException: Unexpected end-of-input: expected close marker for Object (start marker at [Source: (String)"{"source":{"server":"my-server"},"position":{"filename":"my-txn-file.log","position":39},"databaseName":"db1","ddl":"DROP TABLE foo;""; line: 1, column: 1])
 at [Source: (String)"{"source":{"server":"my-server"},"position":{"filename":"my-txn-file.log","position":39},"databaseName":"db1","ddl":"DROP TABLE foo;""; line: 1, column: 267]
	at com.fasterxml.jackson.core.base.ParserMinimalBase._reportInvalidEOF(ParserMinimalBase.java:594)
	at com.fasterxml.jackson.core.base.ParserBase._handleEOF(ParserBase.java:485)
	at com.fasterxml.jackson.core.base.ParserBase._eofAsNextChar(ParserBase.java:497)
	at com.fasterxml.jackson.core.json.ReaderBasedJsonParser._skipWSOrEnd(ReaderBasedJsonParser.java:2332)
	at com.fasterxml.jackson.core.json.ReaderBasedJsonParser.nextToken(ReaderBasedJsonParser.java:646)
	at io.debezium.document.JacksonReader.parseDocument(JacksonReader.java:192)
	at io.debezium.document.JacksonReader.parse(JacksonReader.java:102)
	at io.debezium.document.JacksonReader.read(JacksonReader.java:57)
	at io.debezium.relational.history.KafkaDatabaseHistory.recoverRecords(KafkaDatabaseHistory.java:231)
	at io.debezium.relational.history.AbstractDatabaseHistory.recover(AbstractDatabaseHistory.java:73)
	at io.debezium.relational.history.KafkaDatabaseHistoryTest.testHistoryTopicContent(KafkaDatabaseHistoryTest.java:182)
	at io.debezium.relational.history.KafkaDatabaseHistoryTest.shouldIgnoreUnparseableMessages(KafkaDatabaseHistoryTest.java:232)
	at sun.reflect.NativeMethodAccessorImpl.invoke0(Native Method)
	at sun.reflect.NativeMethodAccessorImpl.invoke(NativeMethodAccessorImpl.java:62)
	at sun.reflect.DelegatingMethodAccessorImpl.invoke(DelegatingMethodAccessorImpl.java:43)
	at java.lang.reflect.Method.invoke(Method.java:498)
	at org.junit.runners.model.FrameworkMethod$1.runReflectiveCall(FrameworkMethod.java:50)
	at org.junit.internal.runners.model.ReflectiveCallable.run(ReflectiveCallable.java:12)
	at org.junit.runners.model.FrameworkMethod.invokeExplosively(FrameworkMethod.java:47)
	at org.junit.internal.runners.statements.InvokeMethod.evaluate(InvokeMethod.java:17)
	at org.junit.internal.runners.statements.RunBefores.evaluate(RunBefores.java:26)
	at org.junit.internal.runners.statements.RunAfters.evaluate(RunAfters.java:27)
	at org.junit.runners.ParentRunner.runLeaf(ParentRunner.java:325)
	at org.junit.runners.BlockJUnit4ClassRunner.runChild(BlockJUnit4ClassRunner.java:78)
	at org.junit.runners.BlockJUnit4ClassRunner.runChild(BlockJUnit4ClassRunner.java:57)
	at org.junit.runners.ParentRunner$3.run(ParentRunner.java:290)
	at org.junit.runners.ParentRunner$1.schedule(ParentRunner.java:71)
	at org.junit.runners.ParentRunner.runChildren(ParentRunner.java:288)
	at org.junit.runners.ParentRunner.access$000(ParentRunner.java:58)
	at org.junit.runners.ParentRunner$2.evaluate(ParentRunner.java:268)
	at org.junit.runners.ParentRunner.run(ParentRunner.java:363)
	at org.apache.maven.surefire.junit4.JUnit4Provider.execute(JUnit4Provider.java:283)
	at org.apache.maven.surefire.junit4.JUnit4Provider.executeWithRerun(JUnit4Provider.java:173)
	at org.apache.maven.surefire.junit4.JUnit4Provider.executeTestSet(JUnit4Provider.java:153)
	at org.apache.maven.surefire.junit4.JUnit4Provider.invoke(JUnit4Provider.java:128)
	at org.apache.maven.surefire.booter.ForkedBooter.invokeProviderInSameClassLoader(ForkedBooter.java:203)
	at org.apache.maven.surefire.booter.ForkedBooter.runSuitesInProcess(ForkedBooter.java:155)
	at org.apache.maven.surefire.booter.ForkedBooter.main(ForkedBooter.java:103)
2022-08-18 12:59:56,367 ERROR DBZ Error while deserializing history record 'ConsumerRecord(topic = schema-changes-topic, partition = 0, offset = 5, CreateTime = 1660852796024, serialized key size = -1, serialized value size = 133, headers = RecordHeaders(headers = [], isReadOnly = false), key = null, value = "source":{"server":"my-server"},"position":{"filename":"my-txn-file.log","position":39},"databaseName":"db1","ddl":"DROP TABLE foo;"})' (io.debezium.relational.history.KafkaDatabaseHistory)
java.io.IOException: Expected data to start with an Object, but was VALUE_STRING
	at io.debezium.document.JacksonReader.parseDocument(JacksonReader.java:116)
	at io.debezium.document.JacksonReader.parse(JacksonReader.java:102)
	at io.debezium.document.JacksonReader.read(JacksonReader.java:57)
	at io.debezium.relational.history.KafkaDatabaseHistory.recoverRecords(KafkaDatabaseHistory.java:231)
	at io.debezium.relational.history.AbstractDatabaseHistory.recover(AbstractDatabaseHistory.java:73)
	at io.debezium.relational.history.KafkaDatabaseHistoryTest.testHistoryTopicContent(KafkaDatabaseHistoryTest.java:182)
	at io.debezium.relational.history.KafkaDatabaseHistoryTest.shouldIgnoreUnparseableMessages(KafkaDatabaseHistoryTest.java:232)
	at sun.reflect.NativeMethodAccessorImpl.invoke0(Native Method)
	at sun.reflect.NativeMethodAccessorImpl.invoke(NativeMethodAccessorImpl.java:62)
	at sun.reflect.DelegatingMethodAccessorImpl.invoke(DelegatingMethodAccessorImpl.java:43)
	at java.lang.reflect.Method.invoke(Method.java:498)
	at org.junit.runners.model.FrameworkMethod$1.runReflectiveCall(FrameworkMethod.java:50)
	at org.junit.internal.runners.model.ReflectiveCallable.run(ReflectiveCallable.java:12)
	at org.junit.runners.model.FrameworkMethod.invokeExplosively(FrameworkMethod.java:47)
	at org.junit.internal.runners.statements.InvokeMethod.evaluate(InvokeMethod.java:17)
	at org.junit.internal.runners.statements.RunBefores.evaluate(RunBefores.java:26)
	at org.junit.internal.runners.statements.RunAfters.evaluate(RunAfters.java:27)
	at org.junit.runners.ParentRunner.runLeaf(ParentRunner.java:325)
	at org.junit.runners.BlockJUnit4ClassRunner.runChild(BlockJUnit4ClassRunner.java:78)
	at org.junit.runners.BlockJUnit4ClassRunner.runChild(BlockJUnit4ClassRunner.java:57)
	at org.junit.runners.ParentRunner$3.run(ParentRunner.java:290)
	at org.junit.runners.ParentRunner$1.schedule(ParentRunner.java:71)
	at org.junit.runners.ParentRunner.runChildren(ParentRunner.java:288)
	at org.junit.runners.ParentRunner.access$000(ParentRunner.java:58)
	at org.junit.runners.ParentRunner$2.evaluate(ParentRunner.java:268)
	at org.junit.runners.ParentRunner.run(ParentRunner.java:363)
	at org.apache.maven.surefire.junit4.JUnit4Provider.execute(JUnit4Provider.java:283)
	at org.apache.maven.surefire.junit4.JUnit4Provider.executeWithRerun(JUnit4Provider.java:173)
	at org.apache.maven.surefire.junit4.JUnit4Provider.executeTestSet(JUnit4Provider.java:153)
	at org.apache.maven.surefire.junit4.JUnit4Provider.invoke(JUnit4Provider.java:128)
	at org.apache.maven.surefire.booter.ForkedBooter.invokeProviderInSameClassLoader(ForkedBooter.java:203)
	at org.apache.maven.surefire.booter.ForkedBooter.runSuitesInProcess(ForkedBooter.java:155)
	at org.apache.maven.surefire.booter.ForkedBooter.main(ForkedBooter.java:103)
2022-08-18 12:59:56,368 WARN  DBZ Ignoring unparseable statements 'xxxDROP TABLE foo;' stored in database history: {} (io.debezium.relational.history.KafkaDatabaseHistory)
io.debezium.text.ParsingException: Failed to parse statement 'xxxDROP TABLE foo;'
	at io.debezium.relational.ddl.LegacyDdlParser.parse(LegacyDdlParser.java:225)
	at io.debezium.relational.ddl.LegacyDdlParser.parse(LegacyDdlParser.java:200)
	at io.debezium.relational.history.AbstractDatabaseHistory.lambda$recover$1(AbstractDatabaseHistory.java:104)
	at io.debezium.relational.history.KafkaDatabaseHistory.recoverRecords(KafkaDatabaseHistory.java:238)
	at io.debezium.relational.history.AbstractDatabaseHistory.recover(AbstractDatabaseHistory.java:73)
	at io.debezium.relational.history.KafkaDatabaseHistoryTest.testHistoryTopicContent(KafkaDatabaseHistoryTest.java:182)
	at io.debezium.relational.history.KafkaDatabaseHistoryTest.shouldIgnoreUnparseableMessages(KafkaDatabaseHistoryTest.java:232)
	at sun.reflect.NativeMethodAccessorImpl.invoke0(Native Method)
	at sun.reflect.NativeMethodAccessorImpl.invoke(NativeMethodAccessorImpl.java:62)
	at sun.reflect.DelegatingMethodAccessorImpl.invoke(DelegatingMethodAccessorImpl.java:43)
	at java.lang.reflect.Method.invoke(Method.java:498)
	at org.junit.runners.model.FrameworkMethod$1.runReflectiveCall(FrameworkMethod.java:50)
	at org.junit.internal.runners.model.ReflectiveCallable.run(ReflectiveCallable.java:12)
	at org.junit.runners.model.FrameworkMethod.invokeExplosively(FrameworkMethod.java:47)
	at org.junit.internal.runners.statements.InvokeMethod.evaluate(InvokeMethod.java:17)
	at org.junit.internal.runners.statements.RunBefores.evaluate(RunBefores.java:26)
	at org.junit.internal.runners.statements.RunAfters.evaluate(RunAfters.java:27)
	at org.junit.runners.ParentRunner.runLeaf(ParentRunner.java:325)
	at org.junit.runners.BlockJUnit4ClassRunner.runChild(BlockJUnit4ClassRunner.java:78)
	at org.junit.runners.BlockJUnit4ClassRunner.runChild(BlockJUnit4ClassRunner.java:57)
	at org.junit.runners.ParentRunner$3.run(ParentRunner.java:290)
	at org.junit.runners.ParentRunner$1.schedule(ParentRunner.java:71)
	at org.junit.runners.ParentRunner.runChildren(ParentRunner.java:288)
	at org.junit.runners.ParentRunner.access$000(ParentRunner.java:58)
	at org.junit.runners.ParentRunner$2.evaluate(ParentRunner.java:268)
	at org.junit.runners.ParentRunner.run(ParentRunner.java:363)
	at org.apache.maven.surefire.junit4.JUnit4Provider.execute(JUnit4Provider.java:283)
	at org.apache.maven.surefire.junit4.JUnit4Provider.executeWithRerun(JUnit4Provider.java:173)
	at org.apache.maven.surefire.junit4.JUnit4Provider.executeTestSet(JUnit4Provider.java:153)
	at org.apache.maven.surefire.junit4.JUnit4Provider.invoke(JUnit4Provider.java:128)
	at org.apache.maven.surefire.booter.ForkedBooter.invokeProviderInSameClassLoader(ForkedBooter.java:203)
	at org.apache.maven.surefire.booter.ForkedBooter.runSuitesInProcess(ForkedBooter.java:155)
	at org.apache.maven.surefire.booter.ForkedBooter.main(ForkedBooter.java:103)
Caused by: io.debezium.text.ParsingException: Expecting token type 128 at line 1, column 1 but found 'xxxDROP':  ===>> xxxDROP TABLE foo;
	at io.debezium.text.TokenStream.consume(TokenStream.java:750)
	at io.debezium.relational.ddl.LegacyDdlParser.consumeStatement(LegacyDdlParser.java:462)
	at io.debezium.relational.ddl.LegacyDdlParser.parseUnknownStatement(LegacyDdlParser.java:309)
	at io.debezium.relational.ddl.DdlParserSql2003.parseNextStatement(DdlParserSql2003.java:120)
	at io.debezium.relational.ddl.LegacyDdlParser.parse(LegacyDdlParser.java:219)
	... 32 more
2022-08-18 12:59:56,396 WARN  DBZ Skipping null database history record. This is often not an issue, but if it happens repeatedly please check the 'schema-changes-topic' topic. (io.debezium.relational.history.KafkaDatabaseHistory)
2022-08-18 12:59:56,396 ERROR DBZ Error while deserializing history record 'ConsumerRecord(topic = schema-changes-topic, partition = 0, offset = 1, CreateTime = 1660852796014, serialized key size = -1, serialized value size = 0, headers = RecordHeaders(headers = [], isReadOnly = false), key = null, value = )' (io.debezium.relational.history.KafkaDatabaseHistory)
java.io.IOException: Expected data to start with an Object, but was null
	at io.debezium.document.JacksonReader.parseDocument(JacksonReader.java:116)
	at io.debezium.document.JacksonReader.parse(JacksonReader.java:102)
	at io.debezium.document.JacksonReader.read(JacksonReader.java:57)
	at io.debezium.relational.history.KafkaDatabaseHistory.recoverRecords(KafkaDatabaseHistory.java:231)
	at io.debezium.relational.history.AbstractDatabaseHistory.recover(AbstractDatabaseHistory.java:73)
	at io.debezium.relational.history.KafkaDatabaseHistoryTest.testHistoryTopicContent(KafkaDatabaseHistoryTest.java:188)
	at io.debezium.relational.history.KafkaDatabaseHistoryTest.shouldIgnoreUnparseableMessages(KafkaDatabaseHistoryTest.java:232)
	at sun.reflect.NativeMethodAccessorImpl.invoke0(Native Method)
	at sun.reflect.NativeMethodAccessorImpl.invoke(NativeMethodAccessorImpl.java:62)
	at sun.reflect.DelegatingMethodAccessorImpl.invoke(DelegatingMethodAccessorImpl.java:43)
	at java.lang.reflect.Method.invoke(Method.java:498)
	at org.junit.runners.model.FrameworkMethod$1.runReflectiveCall(FrameworkMethod.java:50)
	at org.junit.internal.runners.model.ReflectiveCallable.run(ReflectiveCallable.java:12)
	at org.junit.runners.model.FrameworkMethod.invokeExplosively(FrameworkMethod.java:47)
	at org.junit.internal.runners.statements.InvokeMethod.evaluate(InvokeMethod.java:17)
	at org.junit.internal.runners.statements.RunBefores.evaluate(RunBefores.java:26)
	at org.junit.internal.runners.statements.RunAfters.evaluate(RunAfters.java:27)
	at org.junit.runners.ParentRunner.runLeaf(ParentRunner.java:325)
	at org.junit.runners.BlockJUnit4ClassRunner.runChild(BlockJUnit4ClassRunner.java:78)
	at org.junit.runners.BlockJUnit4ClassRunner.runChild(BlockJUnit4ClassRunner.java:57)
	at org.junit.runners.ParentRunner$3.run(ParentRunner.java:290)
	at org.junit.runners.ParentRunner$1.schedule(ParentRunner.java:71)
	at org.junit.runners.ParentRunner.runChildren(ParentRunner.java:288)
	at org.junit.runners.ParentRunner.access$000(ParentRunner.java:58)
	at org.junit.runners.ParentRunner$2.evaluate(ParentRunner.java:268)
	at org.junit.runners.ParentRunner.run(ParentRunner.java:363)
	at org.apache.maven.surefire.junit4.JUnit4Provider.execute(JUnit4Provider.java:283)
	at org.apache.maven.surefire.junit4.JUnit4Provider.executeWithRerun(JUnit4Provider.java:173)
	at org.apache.maven.surefire.junit4.JUnit4Provider.executeTestSet(JUnit4Provider.java:153)
	at org.apache.maven.surefire.junit4.JUnit4Provider.invoke(JUnit4Provider.java:128)
	at org.apache.maven.surefire.booter.ForkedBooter.invokeProviderInSameClassLoader(ForkedBooter.java:203)
	at org.apache.maven.surefire.booter.ForkedBooter.runSuitesInProcess(ForkedBooter.java:155)
	at org.apache.maven.surefire.booter.ForkedBooter.main(ForkedBooter.java:103)
2022-08-18 12:59:56,397 WARN  DBZ Skipping invalid database history record '{
  "position" : {
    "filename" : "my-txn-file.log",
    "position" : 39
  },
  "databaseName" : "db1",
  "ddl" : "DROP TABLE foo;"
}'. This is often not an issue, but if it happens repeatedly please check the 'schema-changes-topic' topic. (io.debezium.relational.history.KafkaDatabaseHistory)
2022-08-18 12:59:56,397 WARN  DBZ Skipping invalid database history record '{
  "source" : {
    "server" : "my-server"
  },
  "databaseName" : "db1",
  "ddl" : "DROP TABLE foo;"
}'. This is often not an issue, but if it happens repeatedly please check the 'schema-changes-topic' topic. (io.debezium.relational.history.KafkaDatabaseHistory)
2022-08-18 12:59:56,397 ERROR DBZ Error while deserializing history record 'ConsumerRecord(topic = schema-changes-topic, partition = 0, offset = 4, CreateTime = 1660852796022, serialized key size = -1, serialized value size = 133, headers = RecordHeaders(headers = [], isReadOnly = false), key = null, value = {"source":{"server":"my-server"},"position":{"filename":"my-txn-file.log","position":39},"databaseName":"db1","ddl":"DROP TABLE foo;")' (io.debezium.relational.history.KafkaDatabaseHistory)
com.fasterxml.jackson.core.io.JsonEOFException: Unexpected end-of-input: expected close marker for Object (start marker at [Source: (String)"{"source":{"server":"my-server"},"position":{"filename":"my-txn-file.log","position":39},"databaseName":"db1","ddl":"DROP TABLE foo;""; line: 1, column: 1])
 at [Source: (String)"{"source":{"server":"my-server"},"position":{"filename":"my-txn-file.log","position":39},"databaseName":"db1","ddl":"DROP TABLE foo;""; line: 1, column: 267]
	at com.fasterxml.jackson.core.base.ParserMinimalBase._reportInvalidEOF(ParserMinimalBase.java:594)
	at com.fasterxml.jackson.core.base.ParserBase._handleEOF(ParserBase.java:485)
	at com.fasterxml.jackson.core.base.ParserBase._eofAsNextChar(ParserBase.java:497)
	at com.fasterxml.jackson.core.json.ReaderBasedJsonParser._skipWSOrEnd(ReaderBasedJsonParser.java:2332)
	at com.fasterxml.jackson.core.json.ReaderBasedJsonParser.nextToken(ReaderBasedJsonParser.java:646)
	at io.debezium.document.JacksonReader.parseDocument(JacksonReader.java:192)
	at io.debezium.document.JacksonReader.parse(JacksonReader.java:102)
	at io.debezium.document.JacksonReader.read(JacksonReader.java:57)
	at io.debezium.relational.history.KafkaDatabaseHistory.recoverRecords(KafkaDatabaseHistory.java:231)
	at io.debezium.relational.history.AbstractDatabaseHistory.recover(AbstractDatabaseHistory.java:73)
	at io.debezium.relational.history.KafkaDatabaseHistoryTest.testHistoryTopicContent(KafkaDatabaseHistoryTest.java:188)
	at io.debezium.relational.history.KafkaDatabaseHistoryTest.shouldIgnoreUnparseableMessages(KafkaDatabaseHistoryTest.java:232)
	at sun.reflect.NativeMethodAccessorImpl.invoke0(Native Method)
	at sun.reflect.NativeMethodAccessorImpl.invoke(NativeMethodAccessorImpl.java:62)
	at sun.reflect.DelegatingMethodAccessorImpl.invoke(DelegatingMethodAccessorImpl.java:43)
	at java.lang.reflect.Method.invoke(Method.java:498)
	at org.junit.runners.model.FrameworkMethod$1.runReflectiveCall(FrameworkMethod.java:50)
	at org.junit.internal.runners.model.ReflectiveCallable.run(ReflectiveCallable.java:12)
	at org.junit.runners.model.FrameworkMethod.invokeExplosively(FrameworkMethod.java:47)
	at org.junit.internal.runners.statements.InvokeMethod.evaluate(InvokeMethod.java:17)
	at org.junit.internal.runners.statements.RunBefores.evaluate(RunBefores.java:26)
	at org.junit.internal.runners.statements.RunAfters.evaluate(RunAfters.java:27)
	at org.junit.runners.ParentRunner.runLeaf(ParentRunner.java:325)
	at org.junit.runners.BlockJUnit4ClassRunner.runChild(BlockJUnit4ClassRunner.java:78)
	at org.junit.runners.BlockJUnit4ClassRunner.runChild(BlockJUnit4ClassRunner.java:57)
	at org.junit.runners.ParentRunner$3.run(ParentRunner.java:290)
	at org.junit.runners.ParentRunner$1.schedule(ParentRunner.java:71)
	at org.junit.runners.ParentRunner.runChildren(ParentRunner.java:288)
	at org.junit.runners.ParentRunner.access$000(ParentRunner.java:58)
	at org.junit.runners.ParentRunner$2.evaluate(ParentRunner.java:268)
	at org.junit.runners.ParentRunner.run(ParentRunner.java:363)
	at org.apache.maven.surefire.junit4.JUnit4Provider.execute(JUnit4Provider.java:283)
	at org.apache.maven.surefire.junit4.JUnit4Provider.executeWithRerun(JUnit4Provider.java:173)
	at org.apache.maven.surefire.junit4.JUnit4Provider.executeTestSet(JUnit4Provider.java:153)
	at org.apache.maven.surefire.junit4.JUnit4Provider.invoke(JUnit4Provider.java:128)
	at org.apache.maven.surefire.booter.ForkedBooter.invokeProviderInSameClassLoader(ForkedBooter.java:203)
	at org.apache.maven.surefire.booter.ForkedBooter.runSuitesInProcess(ForkedBooter.java:155)
	at org.apache.maven.surefire.booter.ForkedBooter.main(ForkedBooter.java:103)
2022-08-18 12:59:56,398 ERROR DBZ Error while deserializing history record 'ConsumerRecord(topic = schema-changes-topic, partition = 0, offset = 5, CreateTime = 1660852796024, serialized key size = -1, serialized value size = 133, headers = RecordHeaders(headers = [], isReadOnly = false), key = null, value = "source":{"server":"my-server"},"position":{"filename":"my-txn-file.log","position":39},"databaseName":"db1","ddl":"DROP TABLE foo;"})' (io.debezium.relational.history.KafkaDatabaseHistory)
java.io.IOException: Expected data to start with an Object, but was VALUE_STRING
	at io.debezium.document.JacksonReader.parseDocument(JacksonReader.java:116)
	at io.debezium.document.JacksonReader.parse(JacksonReader.java:102)
	at io.debezium.document.JacksonReader.read(JacksonReader.java:57)
	at io.debezium.relational.history.KafkaDatabaseHistory.recoverRecords(KafkaDatabaseHistory.java:231)
	at io.debezium.relational.history.AbstractDatabaseHistory.recover(AbstractDatabaseHistory.java:73)
	at io.debezium.relational.history.KafkaDatabaseHistoryTest.testHistoryTopicContent(KafkaDatabaseHistoryTest.java:188)
	at io.debezium.relational.history.KafkaDatabaseHistoryTest.shouldIgnoreUnparseableMessages(KafkaDatabaseHistoryTest.java:232)
	at sun.reflect.NativeMethodAccessorImpl.invoke0(Native Method)
	at sun.reflect.NativeMethodAccessorImpl.invoke(NativeMethodAccessorImpl.java:62)
	at sun.reflect.DelegatingMethodAccessorImpl.invoke(DelegatingMethodAccessorImpl.java:43)
	at java.lang.reflect.Method.invoke(Method.java:498)
	at org.junit.runners.model.FrameworkMethod$1.runReflectiveCall(FrameworkMethod.java:50)
	at org.junit.internal.runners.model.ReflectiveCallable.run(ReflectiveCallable.java:12)
	at org.junit.runners.model.FrameworkMethod.invokeExplosively(FrameworkMethod.java:47)
	at org.junit.internal.runners.statements.InvokeMethod.evaluate(InvokeMethod.java:17)
	at org.junit.internal.runners.statements.RunBefores.evaluate(RunBefores.java:26)
	at org.junit.internal.runners.statements.RunAfters.evaluate(RunAfters.java:27)
	at org.junit.runners.ParentRunner.runLeaf(ParentRunner.java:325)
	at org.junit.runners.BlockJUnit4ClassRunner.runChild(BlockJUnit4ClassRunner.java:78)
	at org.junit.runners.BlockJUnit4ClassRunner.runChild(BlockJUnit4ClassRunner.java:57)
	at org.junit.runners.ParentRunner$3.run(ParentRunner.java:290)
	at org.junit.runners.ParentRunner$1.schedule(ParentRunner.java:71)
	at org.junit.runners.ParentRunner.runChildren(ParentRunner.java:288)
	at org.junit.runners.ParentRunner.access$000(ParentRunner.java:58)
	at org.junit.runners.ParentRunner$2.evaluate(ParentRunner.java:268)
	at org.junit.runners.ParentRunner.run(ParentRunner.java:363)
	at org.apache.maven.surefire.junit4.JUnit4Provider.execute(JUnit4Provider.java:283)
	at org.apache.maven.surefire.junit4.JUnit4Provider.executeWithRerun(JUnit4Provider.java:173)
	at org.apache.maven.surefire.junit4.JUnit4Provider.executeTestSet(JUnit4Provider.java:153)
	at org.apache.maven.surefire.junit4.JUnit4Provider.invoke(JUnit4Provider.java:128)
	at org.apache.maven.surefire.booter.ForkedBooter.invokeProviderInSameClassLoader(ForkedBooter.java:203)
	at org.apache.maven.surefire.booter.ForkedBooter.runSuitesInProcess(ForkedBooter.java:155)
	at org.apache.maven.surefire.booter.ForkedBooter.main(ForkedBooter.java:103)
2022-08-18 12:59:56,399 WARN  DBZ Ignoring unparseable statements 'xxxDROP TABLE foo;' stored in database history: {} (io.debezium.relational.history.KafkaDatabaseHistory)
io.debezium.text.ParsingException: Failed to parse statement 'xxxDROP TABLE foo;'
	at io.debezium.relational.ddl.LegacyDdlParser.parse(LegacyDdlParser.java:225)
	at io.debezium.relational.ddl.LegacyDdlParser.parse(LegacyDdlParser.java:200)
	at io.debezium.relational.history.AbstractDatabaseHistory.lambda$recover$1(AbstractDatabaseHistory.java:104)
	at io.debezium.relational.history.KafkaDatabaseHistory.recoverRecords(KafkaDatabaseHistory.java:238)
	at io.debezium.relational.history.AbstractDatabaseHistory.recover(AbstractDatabaseHistory.java:73)
	at io.debezium.relational.history.KafkaDatabaseHistoryTest.testHistoryTopicContent(KafkaDatabaseHistoryTest.java:188)
	at io.debezium.relational.history.KafkaDatabaseHistoryTest.shouldIgnoreUnparseableMessages(KafkaDatabaseHistoryTest.java:232)
	at sun.reflect.NativeMethodAccessorImpl.invoke0(Native Method)
	at sun.reflect.NativeMethodAccessorImpl.invoke(NativeMethodAccessorImpl.java:62)
	at sun.reflect.DelegatingMethodAccessorImpl.invoke(DelegatingMethodAccessorImpl.java:43)
	at java.lang.reflect.Method.invoke(Method.java:498)
	at org.junit.runners.model.FrameworkMethod$1.runReflectiveCall(FrameworkMethod.java:50)
	at org.junit.internal.runners.model.ReflectiveCallable.run(ReflectiveCallable.java:12)
	at org.junit.runners.model.FrameworkMethod.invokeExplosively(FrameworkMethod.java:47)
	at org.junit.internal.runners.statements.InvokeMethod.evaluate(InvokeMethod.java:17)
	at org.junit.internal.runners.statements.RunBefores.evaluate(RunBefores.java:26)
	at org.junit.internal.runners.statements.RunAfters.evaluate(RunAfters.java:27)
	at org.junit.runners.ParentRunner.runLeaf(ParentRunner.java:325)
	at org.junit.runners.BlockJUnit4ClassRunner.runChild(BlockJUnit4ClassRunner.java:78)
	at org.junit.runners.BlockJUnit4ClassRunner.runChild(BlockJUnit4ClassRunner.java:57)
	at org.junit.runners.ParentRunner$3.run(ParentRunner.java:290)
	at org.junit.runners.ParentRunner$1.schedule(ParentRunner.java:71)
	at org.junit.runners.ParentRunner.runChildren(ParentRunner.java:288)
	at org.junit.runners.ParentRunner.access$000(ParentRunner.java:58)
	at org.junit.runners.ParentRunner$2.evaluate(ParentRunner.java:268)
	at org.junit.runners.ParentRunner.run(ParentRunner.java:363)
	at org.apache.maven.surefire.junit4.JUnit4Provider.execute(JUnit4Provider.java:283)
	at org.apache.maven.surefire.junit4.JUnit4Provider.executeWithRerun(JUnit4Provider.java:173)
	at org.apache.maven.surefire.junit4.JUnit4Provider.executeTestSet(JUnit4Provider.java:153)
	at org.apache.maven.surefire.junit4.JUnit4Provider.invoke(JUnit4Provider.java:128)
	at org.apache.maven.surefire.booter.ForkedBooter.invokeProviderInSameClassLoader(ForkedBooter.java:203)
	at org.apache.maven.surefire.booter.ForkedBooter.runSuitesInProcess(ForkedBooter.java:155)
	at org.apache.maven.surefire.booter.ForkedBooter.main(ForkedBooter.java:103)
Caused by: io.debezium.text.ParsingException: Expecting token type 128 at line 1, column 1 but found 'xxxDROP':  ===>> xxxDROP TABLE foo;
	at io.debezium.text.TokenStream.consume(TokenStream.java:750)
	at io.debezium.relational.ddl.LegacyDdlParser.consumeStatement(LegacyDdlParser.java:462)
	at io.debezium.relational.ddl.LegacyDdlParser.parseUnknownStatement(LegacyDdlParser.java:309)
	at io.debezium.relational.ddl.DdlParserSql2003.parseNextStatement(DdlParserSql2003.java:120)
	at io.debezium.relational.ddl.LegacyDdlParser.parse(LegacyDdlParser.java:219)
	... 32 more
2022-08-18 12:59:57,739 INFO  DBZ Stopped Kafka server 1 at localhost:43547 (io.debezium.kafka.KafkaServer)
2022-08-18 12:59:57,943 INFO  DBZ Started Kafka server 1 at localhost:35329 with storage in /On-the-Reproducibility/section-2/reproducibility-scanner/reproducer/workspace/Bears-208/debezium-core/target/data/history_cluster/kafka/broker1 (io.debezium.kafka.KafkaServer)
2022-08-18 12:59:57,944 INFO  DBZ KafkaDatabaseHistory Consumer config: {enable.auto.commit=false, value.deserializer=org.apache.kafka.common.serialization.StringDeserializer, group.id=my-db-history, auto.offset.reset=earliest, session.timeout.ms=50000, bootstrap.servers=localhost:35329, max.poll.interval.ms=100, client.id=my-db-history, key.deserializer=org.apache.kafka.common.serialization.StringDeserializer, fetch.min.bytes=1} (io.debezium.relational.history.KafkaDatabaseHistory)
2022-08-18 12:59:57,944 INFO  DBZ KafkaDatabaseHistory Producer config: {bootstrap.servers=localhost:35329, value.serializer=org.apache.kafka.common.serialization.StringSerializer, buffer.memory=1048576, retries=1, key.serializer=org.apache.kafka.common.serialization.StringSerializer, client.id=my-db-history, linger.ms=0, batch.size=32768, max.block.ms=10000, acks=1} (io.debezium.relational.history.KafkaDatabaseHistory)
2022-08-18 12:59:57,964 INFO  DBZ Database history topic '(name=schema-changes-topic, numPartitions=1, replicationFactor=1, replicasAssignments=null, configs={cleanup.policy=delete, retention.ms=9223372036854775807, retention.bytes=-1})' created (io.debezium.relational.history.KafkaDatabaseHistory)
2022-08-18 12:59:58,009 INFO  DBZ Database history topic '(name=schema-changes-topic, numPartitions=1, replicationFactor=1, replicasAssignments=null, configs={cleanup.policy=delete, retention.ms=9223372036854775807, retention.bytes=-1})' created (io.debezium.relational.history.KafkaDatabaseHistory)
2022-08-18 12:59:58,669 INFO  DBZ KafkaDatabaseHistory Consumer config: {enable.auto.commit=false, value.deserializer=org.apache.kafka.common.serialization.StringDeserializer, group.id=my-db-history, auto.offset.reset=earliest, session.timeout.ms=50000, bootstrap.servers=localhost:35329, max.poll.interval.ms=100, client.id=my-db-history, key.deserializer=org.apache.kafka.common.serialization.StringDeserializer, fetch.min.bytes=1} (io.debezium.relational.history.KafkaDatabaseHistory)
2022-08-18 12:59:58,669 INFO  DBZ KafkaDatabaseHistory Producer config: {bootstrap.servers=localhost:35329, value.serializer=org.apache.kafka.common.serialization.StringSerializer, buffer.memory=1048576, retries=1, key.serializer=org.apache.kafka.common.serialization.StringSerializer, client.id=my-db-history, linger.ms=0, batch.size=32768, max.block.ms=10000, acks=1} (io.debezium.relational.history.KafkaDatabaseHistory)
2022-08-18 12:59:58,775 INFO  DBZ KafkaDatabaseHistory Consumer config: {enable.auto.commit=false, value.deserializer=org.apache.kafka.common.serialization.StringDeserializer, group.id=my-db-history, auto.offset.reset=earliest, session.timeout.ms=50000, bootstrap.servers=localhost:35329, max.poll.interval.ms=100, client.id=my-db-history, key.deserializer=org.apache.kafka.common.serialization.StringDeserializer, fetch.min.bytes=1} (io.debezium.relational.history.KafkaDatabaseHistory)
2022-08-18 12:59:58,775 INFO  DBZ KafkaDatabaseHistory Producer config: {bootstrap.servers=localhost:35329, value.serializer=org.apache.kafka.common.serialization.StringSerializer, buffer.memory=1048576, retries=1, key.serializer=org.apache.kafka.common.serialization.StringSerializer, client.id=my-db-history, linger.ms=0, batch.size=32768, max.block.ms=10000, acks=1} (io.debezium.relational.history.KafkaDatabaseHistory)
2022-08-18 12:59:59,851 INFO  DBZ Stopped Kafka server 1 at localhost:35329 (io.debezium.kafka.KafkaServer)
Tests run: 4, Failures: 0, Errors: 0, Skipped: 0, Time elapsed: 11.402 sec - in io.debezium.relational.history.KafkaDatabaseHistoryTest
Running io.debezium.relational.ColumnEditorTest
Tests run: 3, Failures: 0, Errors: 0, Skipped: 0, Time elapsed: 0.001 sec - in io.debezium.relational.ColumnEditorTest
Running io.debezium.relational.SelectorsTest
Tests run: 12, Failures: 0, Errors: 0, Skipped: 0, Time elapsed: 0.01 sec - in io.debezium.relational.SelectorsTest
Running io.debezium.relational.TableIdParserTest
Tests run: 5, Failures: 0, Errors: 0, Skipped: 0, Time elapsed: 0.001 sec - in io.debezium.relational.TableIdParserTest
Running io.debezium.relational.mapping.PropagateSourceTypeToSchemaParameterTest
Tests run: 1, Failures: 0, Errors: 0, Skipped: 0, Time elapsed: 0 sec - in io.debezium.relational.mapping.PropagateSourceTypeToSchemaParameterTest
Running io.debezium.relational.mapping.ColumnMappersTest
Tests run: 7, Failures: 0, Errors: 0, Skipped: 0, Time elapsed: 0.015 sec - in io.debezium.relational.mapping.ColumnMappersTest
Running io.debezium.relational.mapping.TruncateStringsTest
Tests run: 1, Failures: 0, Errors: 0, Skipped: 0, Time elapsed: 0 sec - in io.debezium.relational.mapping.TruncateStringsTest
Running io.debezium.relational.mapping.MaskStringsTest
Tests run: 1, Failures: 0, Errors: 0, Skipped: 0, Time elapsed: 0 sec - in io.debezium.relational.mapping.MaskStringsTest
Running io.debezium.kafka.KafkaClusterTest
Skipped shouldStartClusterWithMultipleBrokerAndLeaveData(io.debezium.kafka.KafkaClusterTest) because: long-running
Skipped shouldStartClusterAndAllowAsynchronousProductionAndAutomaticConsumersToUseIt(io.debezium.kafka.KafkaClusterTest) because: long-running
2022-08-18 13:00:00,130 INFO  DBZ Started Kafka server 1 at localhost:43411 with storage in /On-the-Reproducibility/section-2/reproducibility-scanner/reproducer/workspace/Bears-208/debezium-core/target/data/cluster/kafka/broker1 (io.debezium.kafka.KafkaServer)
The consumer completed normally in   0.15360s total;   1 samples;  0.15360s avg;  0.15360s min;  0.15360s max
2022-08-18 13:00:02,030 INFO  DBZ Stopped Kafka server 1 at localhost:43411 (io.debezium.kafka.KafkaServer)
Skipped shouldStartClusterWithMultipleBrokerAndRemoveData(io.debezium.kafka.KafkaClusterTest) because: long-running
Skipped shouldStartClusterWithOneBrokerAndRemoveData(io.debezium.kafka.KafkaClusterTest) because: long-running
Skipped shouldStartClusterWithOneBrokerAndLeaveData(io.debezium.kafka.KafkaClusterTest) because: long-running
Skipped shouldStartClusterAndAllowProducersAndConsumersToUseIt(io.debezium.kafka.KafkaClusterTest) because: long-running
Tests run: 9, Failures: 0, Errors: 0, Skipped: 0, Time elapsed: 2.148 sec - in io.debezium.kafka.KafkaClusterTest
Running io.debezium.kafka.ZookeeperServerTest
Running 1
Running 2
Tests run: 2, Failures: 0, Errors: 0, Skipped: 0, Time elapsed: 0.016 sec - in io.debezium.kafka.ZookeeperServerTest
Running io.debezium.function.BufferedBlockingConsumerTest
Tests run: 1, Failures: 0, Errors: 0, Skipped: 0, Time elapsed: 0.002 sec - in io.debezium.function.BufferedBlockingConsumerTest
Running io.debezium.function.PredicatesTest
Tests run: 4, Failures: 0, Errors: 0, Skipped: 0, Time elapsed: 0.005 sec - in io.debezium.function.PredicatesTest
Running io.debezium.text.PositionTest
Tests run: 5, Failures: 0, Errors: 0, Skipped: 0, Time elapsed: 0 sec - in io.debezium.text.PositionTest
Running io.debezium.text.XmlCharactersTest
Tests run: 4, Failures: 0, Errors: 0, Skipped: 0, Time elapsed: 0.085 sec - in io.debezium.text.XmlCharactersTest
Running io.debezium.text.TokenStreamTest
Tests run: 46, Failures: 0, Errors: 0, Skipped: 0, Time elapsed: 0.01 sec - in io.debezium.text.TokenStreamTest
Running io.debezium.data.EnvelopeTest
Tests run: 1, Failures: 0, Errors: 0, Skipped: 0, Time elapsed: 0 sec - in io.debezium.data.EnvelopeTest
Running io.debezium.data.SchemaUtilTest
Tests run: 3, Failures: 0, Errors: 0, Skipped: 0, Time elapsed: 0 sec - in io.debezium.data.SchemaUtilTest
Running io.debezium.util.ElapsedTimeStrategyTest
Tests run: 5, Failures: 0, Errors: 0, Skipped: 0, Time elapsed: 0.01 sec - in io.debezium.util.ElapsedTimeStrategyTest
Running io.debezium.util.HashCodeTest
Tests run: 4, Failures: 0, Errors: 0, Skipped: 0, Time elapsed: 0.001 sec - in io.debezium.util.HashCodeTest
Running io.debezium.util.CollectTest
Tests run: 2, Failures: 0, Errors: 0, Skipped: 0, Time elapsed: 0 sec - in io.debezium.util.CollectTest
Running io.debezium.util.TestingTest
Tests run: 2, Failures: 0, Errors: 0, Skipped: 0, Time elapsed: 0 sec - in io.debezium.util.TestingTest
Running io.debezium.util.SchemaNameAdjusterTest
Tests run: 7, Failures: 0, Errors: 0, Skipped: 0, Time elapsed: 0 sec - in io.debezium.util.SchemaNameAdjusterTest
Running io.debezium.util.StringsTest
Tests run: 42, Failures: 0, Errors: 0, Skipped: 0, Time elapsed: 0.007 sec - in io.debezium.util.StringsTest
Running io.debezium.transforms.UnwrapFromEnvelopeTest
2022-08-18 13:00:02,210 WARN  DBZ drop.deletes option is deprecated. Please use delete.handling.mode (io.debezium.transforms.UnwrapFromEnvelope)
2022-08-18 13:00:02,212 WARN  DBZ Expected Envelope for transformation, passing it unchanged (io.debezium.transforms.UnwrapFromEnvelope)
2022-08-18 13:00:02,212 WARN  DBZ Expected Envelope for transformation, passing it unchanged (io.debezium.transforms.UnwrapFromEnvelope)
2022-08-18 13:00:02,213 WARN  DBZ drop.deletes option is deprecated. Please use delete.handling.mode (io.debezium.transforms.UnwrapFromEnvelope)
Tests run: 12, Failures: 0, Errors: 0, Skipped: 0, Time elapsed: 0.012 sec - in io.debezium.transforms.UnwrapFromEnvelopeTest
Running io.debezium.transforms.ByLogicalTableRouterTest
2022-08-18 13:00:02,217 ERROR DBZ The 'topic.replacement' value '' is invalid: A value is required (io.debezium.transforms.ByLogicalTableRouter)
2022-08-18 13:00:02,217 WARN  DBZ The Kafka Connect schema name 'mysql-server-1.inventory.customers_all_shards.Key' is not a valid Avro schema name, so replacing with 'mysql_server_1.inventory.customers_all_shards.Key' (io.debezium.transforms.ByLogicalTableRouter)
2022-08-18 13:00:02,218 ERROR DBZ The 'topic.replacement' value is invalid: A value is required (io.debezium.transforms.ByLogicalTableRouter)
2022-08-18 13:00:02,218 ERROR DBZ The 'key.field.replacement' value is invalid: key.field.replacement must be non-empty if key.field.regex is set. (io.debezium.transforms.ByLogicalTableRouter)
2022-08-18 13:00:02,219 ERROR DBZ The 'key.field.replacement' value is invalid: key.field.replacement must be non-empty if key.field.regex is set. (io.debezium.transforms.ByLogicalTableRouter)
Tests run: 6, Failures: 0, Errors: 0, Skipped: 0, Time elapsed: 0.004 sec - in io.debezium.transforms.ByLogicalTableRouterTest
Running io.debezium.time.TemporalsTest
Tests run: 3, Failures: 0, Errors: 0, Skipped: 0, Time elapsed: 0 sec - in io.debezium.time.TemporalsTest
Running io.debezium.time.ConversionsTest
Tests run: 20, Failures: 0, Errors: 0, Skipped: 0, Time elapsed: 0.01 sec - in io.debezium.time.ConversionsTest
Running io.debezium.document.DocumentSerdesTest
Tests run: 5, Failures: 0, Errors: 0, Skipped: 0, Time elapsed: 0.004 sec - in io.debezium.document.DocumentSerdesTest
Running io.debezium.document.ArraySerdesTest
Tests run: 2, Failures: 0, Errors: 0, Skipped: 0, Time elapsed: 0 sec - in io.debezium.document.ArraySerdesTest
Running io.debezium.document.JacksonWriterTest
Tests run: 4, Failures: 0, Errors: 0, Skipped: 0, Time elapsed: 0 sec - in io.debezium.document.JacksonWriterTest
Running io.debezium.document.DocumentTest
Tests run: 2, Failures: 0, Errors: 0, Skipped: 0, Time elapsed: 0.002 sec - in io.debezium.document.DocumentTest
Running io.debezium.document.JacksonReaderTest
Tests run: 1, Failures: 0, Errors: 0, Skipped: 0, Time elapsed: 0 sec - in io.debezium.document.JacksonReaderTest
Running io.debezium.document.BinaryValueTest
Tests run: 1, Failures: 0, Errors: 0, Skipped: 0, Time elapsed: 0 sec - in io.debezium.document.BinaryValueTest
Running io.debezium.document.JacksonArrayReadingAndWritingTest
Tests run: 4, Failures: 0, Errors: 0, Skipped: 0, Time elapsed: 0 sec - in io.debezium.document.JacksonArrayReadingAndWritingTest
Running io.debezium.document.PathsTest
Tests run: 7, Failures: 0, Errors: 0, Skipped: 0, Time elapsed: 0.001 sec - in io.debezium.document.PathsTest
Running io.debezium.config.ConfigurationTest
Tests run: 6, Failures: 0, Errors: 0, Skipped: 0, Time elapsed: 0.002 sec - in io.debezium.config.ConfigurationTest

Results :

Tests run: 305, Failures: 0, Errors: 0, Skipped: 0

[INFO] 
[INFO] ------------------< io.debezium:debezium-ddl-parser >-------------------
[INFO] Building Debezium ANTLR DDL parsers 0.9.0-SNAPSHOT                [4/10]
[INFO] --------------------------------[ jar ]---------------------------------
[INFO] 
[INFO] --- maven-enforcer-plugin:3.0.0-M1:enforce (enforce-java-version) @ debezium-ddl-parser ---
[INFO] Skipping Rule Enforcement.
[INFO] 
[INFO] --- maven-enforcer-plugin:3.0.0-M1:enforce (enforce-maven-version) @ debezium-ddl-parser ---
[INFO] Skipping Rule Enforcement.
[INFO] 
[INFO] --- maven-enforcer-plugin:3.0.0-M1:enforce (enforce-maven) @ debezium-ddl-parser ---
[INFO] Skipping Rule Enforcement.
[INFO] 
[INFO] --- buildnumber-maven-plugin:1.3:create (get-scm-revision) @ debezium-ddl-parser ---
[INFO] 
[INFO] --- antlr4-maven-plugin:4.7:antlr4 (default) @ debezium-ddl-parser ---
[INFO] No grammars to process
[INFO] ANTLR 4: Processing source directory /On-the-Reproducibility/section-2/reproducibility-scanner/reproducer/workspace/Bears-208/debezium-ddl-parser/src/main/antlr4
[INFO] 
[INFO] --- maven-resources-plugin:2.7:resources (default-resources) @ debezium-ddl-parser ---
[INFO] Using 'UTF-8' encoding to copy filtered resources.
[INFO] Copying 1 resource
[INFO] 
[INFO] --- maven-compiler-plugin:3.1:compile (default-compile) @ debezium-ddl-parser ---
[INFO] Nothing to compile - all classes are up to date
[INFO] 
[INFO] --- maven-resources-plugin:2.7:testResources (default-testResources) @ debezium-ddl-parser ---
[INFO] Using 'UTF-8' encoding to copy filtered resources.
[INFO] Copying 15 resources
[INFO] 
[INFO] --- maven-compiler-plugin:3.1:testCompile (default-testCompile) @ debezium-ddl-parser ---
[INFO] No sources to compile
[INFO] 
[INFO] --- maven-surefire-plugin:2.18.1:test (default-test) @ debezium-ddl-parser ---
[INFO] 
[INFO] --- antlr4test-maven-plugin:1.10:test (default) @ debezium-ddl-parser ---
Parsing :/On-the-Reproducibility/section-2/reproducibility-scanner/reproducer/workspace/Bears-208/debezium-ddl-parser/src/test/resources/mysql/examples/ddl_alter.sql
Parsing :/On-the-Reproducibility/section-2/reproducibility-scanner/reproducer/workspace/Bears-208/debezium-ddl-parser/src/test/resources/mysql/examples/case_sensitive_sql.sql
Parsing :/On-the-Reproducibility/section-2/reproducibility-scanner/reproducer/workspace/Bears-208/debezium-ddl-parser/src/test/resources/mysql/examples/ddl_drop.sql
Parsing :/On-the-Reproducibility/section-2/reproducibility-scanner/reproducer/workspace/Bears-208/debezium-ddl-parser/src/test/resources/mysql/examples/grant.sql
Parsing :/On-the-Reproducibility/section-2/reproducibility-scanner/reproducer/workspace/Bears-208/debezium-ddl-parser/src/test/resources/mysql/examples/dml_update.sql
Parsing :/On-the-Reproducibility/section-2/reproducibility-scanner/reproducer/workspace/Bears-208/debezium-ddl-parser/src/test/resources/mysql/examples/mysql_spec_comment.sql
Parsing :/On-the-Reproducibility/section-2/reproducibility-scanner/reproducer/workspace/Bears-208/debezium-ddl-parser/src/test/resources/mysql/examples/ddl_create.sql
Parsing :/On-the-Reproducibility/section-2/reproducibility-scanner/reproducer/workspace/Bears-208/debezium-ddl-parser/src/test/resources/mysql/examples/dml_replace.sql
Parsing :/On-the-Reproducibility/section-2/reproducibility-scanner/reproducer/workspace/Bears-208/debezium-ddl-parser/src/test/resources/mysql/examples/dml_union.sql
Parsing :/On-the-Reproducibility/section-2/reproducibility-scanner/reproducer/workspace/Bears-208/debezium-ddl-parser/src/test/resources/mysql/examples/bitrix_queries_cut.sql
Parsing :/On-the-Reproducibility/section-2/reproducibility-scanner/reproducer/workspace/Bears-208/debezium-ddl-parser/src/test/resources/mysql/examples/smoke_tests.sql
Parsing :/On-the-Reproducibility/section-2/reproducibility-scanner/reproducer/workspace/Bears-208/debezium-ddl-parser/src/test/resources/mysql/examples/dml_insert.sql
Parsing :/On-the-Reproducibility/section-2/reproducibility-scanner/reproducer/workspace/Bears-208/debezium-ddl-parser/src/test/resources/mysql/examples/dml_select.sql
Parsing :/On-the-Reproducibility/section-2/reproducibility-scanner/reproducer/workspace/Bears-208/debezium-ddl-parser/src/test/resources/mysql/examples/ext_tests.sql
Parsing :/On-the-Reproducibility/section-2/reproducibility-scanner/reproducer/workspace/Bears-208/debezium-ddl-parser/src/test/resources/mysql/examples/dml_delete.sql
[INFO] 
[INFO] -------------< io.debezium:debezium-assembly-descriptors >--------------
[INFO] Building Debezium Assembly Descriptors 0.9.0-SNAPSHOT             [5/10]
[INFO] --------------------------------[ jar ]---------------------------------
[INFO] 
[INFO] --- maven-enforcer-plugin:3.0.0-M1:enforce (enforce-java-version) @ debezium-assembly-descriptors ---
[INFO] Skipping Rule Enforcement.
[INFO] 
[INFO] --- maven-enforcer-plugin:3.0.0-M1:enforce (enforce-maven-version) @ debezium-assembly-descriptors ---
[INFO] Skipping Rule Enforcement.
[INFO] 
[INFO] --- maven-enforcer-plugin:3.0.0-M1:enforce (enforce-maven) @ debezium-assembly-descriptors ---
[INFO] Skipping Rule Enforcement.
[INFO] 
[INFO] --- buildnumber-maven-plugin:1.3:create (get-scm-revision) @ debezium-assembly-descriptors ---
[INFO] 
[INFO] --- maven-resources-plugin:2.7:resources (default-resources) @ debezium-assembly-descriptors ---
[INFO] Using 'UTF-8' encoding to copy filtered resources.
[INFO] Copying 1 resource
[INFO] 
[INFO] --- maven-compiler-plugin:3.1:compile (default-compile) @ debezium-assembly-descriptors ---
[INFO] No sources to compile
[INFO] 
[INFO] --- maven-resources-plugin:2.7:testResources (default-testResources) @ debezium-assembly-descriptors ---
[INFO] Using 'UTF-8' encoding to copy filtered resources.
[INFO] skip non existing resourceDirectory /On-the-Reproducibility/section-2/reproducibility-scanner/reproducer/workspace/Bears-208/debezium-assembly-descriptors/src/test/resources
[INFO] 
[INFO] --- maven-compiler-plugin:3.1:testCompile (default-testCompile) @ debezium-assembly-descriptors ---
[INFO] No sources to compile
[INFO] 
[INFO] --- maven-surefire-plugin:2.18.1:test (default-test) @ debezium-assembly-descriptors ---
[INFO] Tests are skipped.
[INFO] 
[INFO] -------------------< io.debezium:debezium-embedded >--------------------
[INFO] Building Debezium Embedded 0.9.0-SNAPSHOT                         [6/10]
[INFO] --------------------------------[ jar ]---------------------------------
[INFO] 
[INFO] --- maven-enforcer-plugin:3.0.0-M1:enforce (enforce-java-version) @ debezium-embedded ---
[INFO] Skipping Rule Enforcement.
[INFO] 
[INFO] --- maven-enforcer-plugin:3.0.0-M1:enforce (enforce-maven-version) @ debezium-embedded ---
[INFO] Skipping Rule Enforcement.
[INFO] 
[INFO] --- maven-enforcer-plugin:3.0.0-M1:enforce (enforce-maven) @ debezium-embedded ---
[INFO] Skipping Rule Enforcement.
[INFO] 
[INFO] --- buildnumber-maven-plugin:1.3:create (get-scm-revision) @ debezium-embedded ---
[INFO] 
[INFO] --- maven-resources-plugin:2.7:resources (default-resources) @ debezium-embedded ---
[INFO] Using 'UTF-8' encoding to copy filtered resources.
[INFO] skip non existing resourceDirectory /On-the-Reproducibility/section-2/reproducibility-scanner/reproducer/workspace/Bears-208/debezium-embedded/src/main/resources
[INFO] 
[INFO] --- maven-compiler-plugin:3.1:compile (default-compile) @ debezium-embedded ---
[INFO] Changes detected - recompiling the module!
[INFO] Compiling 5 source files to /On-the-Reproducibility/section-2/reproducibility-scanner/reproducer/workspace/Bears-208/debezium-embedded/target/classes
[INFO] 
[INFO] --- maven-resources-plugin:2.7:testResources (default-testResources) @ debezium-embedded ---
[INFO] Using 'UTF-8' encoding to copy filtered resources.
[INFO] Copying 13 resources
[INFO] 
[INFO] --- maven-compiler-plugin:3.1:testCompile (default-testCompile) @ debezium-embedded ---
[INFO] Nothing to compile - all classes are up to date
[INFO] 
[INFO] --- maven-surefire-plugin:2.18.1:test (default-test) @ debezium-embedded ---
[INFO] Surefire report directory: /On-the-Reproducibility/section-2/reproducibility-scanner/reproducer/workspace/Bears-208/debezium-embedded/target/surefire-reports

-------------------------------------------------------
 T E S T S
-------------------------------------------------------
Running io.debezium.embedded.EmbeddedEngineTest
2022-08-18 13:00:26,350 INFO   EmbeddedEngineTest||test  Stopping the connector   [io.debezium.embedded.EmbeddedEngineTest]
2022-08-18 13:00:26,352 INFO   EmbeddedEngineTest||engine  Connector 'org.apache.kafka.connect.file.FileStreamSourceConnector' completed normally.   [io.debezium.embedded.EmbeddedEngineTest]
2022-08-18 13:00:26,377 INFO   EmbeddedEngineTest||test  Stopping the connector   [io.debezium.embedded.EmbeddedEngineTest]
2022-08-18 13:00:26,378 WARN   EmbeddedEngineTest||engine  Flush of EmbeddedConnector{id=testing-connector} offsets interrupted, cancelling   [io.debezium.embedded.EmbeddedEngine]
2022-08-18 13:00:26,378 INFO   EmbeddedEngineTest||engine  Connector 'org.apache.kafka.connect.file.FileStreamSourceConnector' completed normally.   [io.debezium.embedded.EmbeddedEngineTest]
Tests run: 1, Failures: 0, Errors: 0, Skipped: 0, Time elapsed: 0.511 sec - in io.debezium.embedded.EmbeddedEngineTest
Running io.debezium.embedded.OffsetCommitPolicyTest
Tests run: 4, Failures: 0, Errors: 0, Skipped: 0, Time elapsed: 0.006 sec - in io.debezium.embedded.OffsetCommitPolicyTest
Running io.debezium.connector.simple.SimpleSourceConnectorOutputTest
Tests run: 5, Failures: 0, Errors: 0, Skipped: 0, Time elapsed: 1.693 sec - in io.debezium.connector.simple.SimpleSourceConnectorOutputTest

Results :

Tests run: 10, Failures: 0, Errors: 0, Skipped: 0

[INFO] 
[INFO] ----------------< io.debezium:debezium-connector-mysql >----------------
[INFO] Building Debezium Connector for MySQL 0.9.0-SNAPSHOT              [7/10]
[INFO] --------------------------------[ jar ]---------------------------------
[INFO] 
[INFO] --- maven-enforcer-plugin:3.0.0-M1:enforce (enforce-java-version) @ debezium-connector-mysql ---
[INFO] Skipping Rule Enforcement.
[INFO] 
[INFO] --- maven-enforcer-plugin:3.0.0-M1:enforce (enforce-maven-version) @ debezium-connector-mysql ---
[INFO] Skipping Rule Enforcement.
[INFO] 
[INFO] --- maven-enforcer-plugin:3.0.0-M1:enforce (enforce-maven) @ debezium-connector-mysql ---
[INFO] Skipping Rule Enforcement.
[INFO] 
[INFO] --- buildnumber-maven-plugin:1.3:create (get-scm-revision) @ debezium-connector-mysql ---
[INFO] 
[INFO] --- maven-resources-plugin:2.7:resources (default-resources) @ debezium-connector-mysql ---
[INFO] Using 'UTF-8' encoding to copy filtered resources.
[INFO] Copying 1 resource
[INFO] 
[INFO] --- maven-compiler-plugin:3.1:compile (default-compile) @ debezium-connector-mysql ---
[INFO] Nothing to compile - all classes are up to date
[INFO] 
[INFO] --- maven-resources-plugin:2.7:testResources (default-testResources) @ debezium-connector-mysql ---
[INFO] Using 'UTF-8' encoding to copy filtered resources.
[INFO] Copying 45 resources
[INFO] 
[INFO] --- maven-compiler-plugin:3.1:testCompile (default-testCompile) @ debezium-connector-mysql ---
[INFO] Nothing to compile - all classes are up to date
[INFO] 
[INFO] --- maven-surefire-plugin:2.18.1:test (default-test) @ debezium-connector-mysql ---
[INFO] Surefire report directory: /On-the-Reproducibility/section-2/reproducibility-scanner/reproducer/workspace/Bears-208/debezium-connector-mysql/target/surefire-reports

-------------------------------------------------------
 T E S T S
-------------------------------------------------------
Running io.debezium.connector.mysql.ChainedReaderTest
Tests run: 6, Failures: 0, Errors: 0, Skipped: 0, Time elapsed: 0.272 sec - in io.debezium.connector.mysql.ChainedReaderTest
Running io.debezium.connector.mysql.MySqlValueConvertersTest
Tests run: 4, Failures: 0, Errors: 0, Skipped: 0, Time elapsed: 0.008 sec - in io.debezium.connector.mysql.MySqlValueConvertersTest
Running io.debezium.connector.mysql.MysqlDefaultValueTest
2022-08-18 13:00:29,237 WARN   ||  Column is missing a character set: A CHAR DEFAULT VALUE A   [io.debezium.connector.mysql.MySqlValueConverters]
2022-08-18 13:00:29,239 WARN   ||  Using UTF-8 charset by default for column without charset: A CHAR DEFAULT VALUE A   [io.debezium.connector.mysql.MySqlValueConverters]
2022-08-18 13:00:29,240 WARN   ||  Column is missing a character set: B CHAR DEFAULT VALUE b   [io.debezium.connector.mysql.MySqlValueConverters]
2022-08-18 13:00:29,240 WARN   ||  Using UTF-8 charset by default for column without charset: B CHAR DEFAULT VALUE b   [io.debezium.connector.mysql.MySqlValueConverters]
2022-08-18 13:00:29,240 WARN   ||  Column is missing a character set: C VARCHAR(10) DEFAULT VALUE CC   [io.debezium.connector.mysql.MySqlValueConverters]
2022-08-18 13:00:29,240 WARN   ||  Using UTF-8 charset by default for column without charset: C VARCHAR(10) DEFAULT VALUE CC   [io.debezium.connector.mysql.MySqlValueConverters]
Tests run: 16, Failures: 0, Errors: 2, Skipped: 0, Time elapsed: 0.211 sec <<< FAILURE! - in io.debezium.connector.mysql.MysqlDefaultValueTest
parseTimeDefaultValue(io.debezium.connector.mysql.MysqlDefaultValueTest)  Time elapsed: 0.025 sec  <<< ERROR!
io.debezium.text.ParsingException: Unexpected exception while parsing statement CREATE TABLE TIME_TABLE (  A timestamp NOT NULL DEFAULT CURRENT_TIMESTAMP ON UPDATE CURRENT_TIMESTAMP,  B timestamp NOT NULL DEFAULT '0000-00-00 00:00:00',  C timestamp NOT NULL DEFAULT '0000-00-00 00:00:00.000',  D timestamp NOT NULL DEFAULT '2018-06-26 12:34:56',  E timestamp NOT NULL DEFAULT '2018-06-26 12:34:56.000',  F timestamp NOT NULL DEFAULT '2018-06-26 12:34:56.78',  G datetime NOT NULL DEFAULT CURRENT_TIMESTAMP ON UPDATE CURRENT_TIMESTAMP,  H datetime NOT NULL DEFAULT '0000-00-00 00:00:00',  I datetime(3) NOT NULL DEFAULT '0000-00-00 00:00:00.000',  J datetime NOT NULL DEFAULT '2018-06-26 12:34:56',  K datetime(3) NOT NULL DEFAULT '2018-06-26 12:34:56.000',  L datetime(2) NOT NULL DEFAULT '2018-06-26 12:34:56.78',  M datetime NOT NULL DEFAULT '2000-01-00 00:00:00',  N datetime NOT NULL DEFAULT '0000-12-01 00:00:00',  O datetime NOT NULL DEFAULT '2000-00-01 00:00:00'); at line 1, column 786
	at io.debezium.relational.ddl.LegacyDdlParser.parsingFailed(LegacyDdlParser.java:555)
	at io.debezium.relational.ddl.LegacyDdlParser.parse(LegacyDdlParser.java:227)
	at io.debezium.relational.ddl.LegacyDdlParser.parse(LegacyDdlParser.java:200)
	at io.debezium.connector.mysql.AbstractMysqlDefaultValueTest.parseTimeDefaultValue(AbstractMysqlDefaultValueTest.java:347)
	at sun.reflect.NativeMethodAccessorImpl.invoke0(Native Method)
	at sun.reflect.NativeMethodAccessorImpl.invoke(NativeMethodAccessorImpl.java:62)
	at sun.reflect.DelegatingMethodAccessorImpl.invoke(DelegatingMethodAccessorImpl.java:43)
	at java.lang.reflect.Method.invoke(Method.java:498)
	at org.junit.runners.model.FrameworkMethod$1.runReflectiveCall(FrameworkMethod.java:50)
	at org.junit.internal.runners.model.ReflectiveCallable.run(ReflectiveCallable.java:12)
	at org.junit.runners.model.FrameworkMethod.invokeExplosively(FrameworkMethod.java:47)
	at org.junit.internal.runners.statements.InvokeMethod.evaluate(InvokeMethod.java:17)
	at org.junit.internal.runners.statements.RunBefores.evaluate(RunBefores.java:26)
	at org.junit.runners.ParentRunner.runLeaf(ParentRunner.java:325)
	at org.junit.runners.BlockJUnit4ClassRunner.runChild(BlockJUnit4ClassRunner.java:78)
	at org.junit.runners.BlockJUnit4ClassRunner.runChild(BlockJUnit4ClassRunner.java:57)
	at org.junit.runners.ParentRunner$3.run(ParentRunner.java:290)
	at org.junit.runners.ParentRunner$1.schedule(ParentRunner.java:71)
	at org.junit.runners.ParentRunner.runChildren(ParentRunner.java:288)
	at org.junit.runners.ParentRunner.access$000(ParentRunner.java:58)
	at org.junit.runners.ParentRunner$2.evaluate(ParentRunner.java:268)
	at org.junit.runners.ParentRunner.run(ParentRunner.java:363)
	at org.apache.maven.surefire.junit4.JUnit4Provider.execute(JUnit4Provider.java:283)
	at org.apache.maven.surefire.junit4.JUnit4Provider.executeWithRerun(JUnit4Provider.java:173)
	at org.apache.maven.surefire.junit4.JUnit4Provider.executeTestSet(JUnit4Provider.java:153)
	at org.apache.maven.surefire.junit4.JUnit4Provider.invoke(JUnit4Provider.java:128)
	at org.apache.maven.surefire.booter.ForkedBooter.invokeProviderInSameClassLoader(ForkedBooter.java:203)
	at org.apache.maven.surefire.booter.ForkedBooter.runSuitesInProcess(ForkedBooter.java:155)
	at org.apache.maven.surefire.booter.ForkedBooter.main(ForkedBooter.java:103)
Caused by: java.time.format.DateTimeParseException: Text '2000-01-00 00:00:00' could not be parsed: Invalid value for DayOfMonth (valid values 1 - 28/31): 0
	at java.time.format.DateTimeFormatter.createError(DateTimeFormatter.java:1920)
	at java.time.format.DateTimeFormatter.parse(DateTimeFormatter.java:1781)
	at io.debezium.connector.mysql.MySqlDefaultValuePreConverter.convertToLocalDateTime(MySqlDefaultValuePreConverter.java:129)
	at io.debezium.connector.mysql.MySqlDefaultValuePreConverter.convert(MySqlDefaultValuePreConverter.java:60)
	at io.debezium.connector.mysql.MySqlDdlParser.convertDefaultValueToSchemaType(MySqlDdlParser.java:810)
	at io.debezium.connector.mysql.MySqlDdlParser.parseCreateColumn(MySqlDdlParser.java:771)
	at io.debezium.connector.mysql.MySqlDdlParser.parseCreateDefinition(MySqlDdlParser.java:747)
	at io.debezium.connector.mysql.MySqlDdlParser.parseCreateDefinitionList(MySqlDdlParser.java:591)
	at io.debezium.connector.mysql.MySqlDdlParser.parseCreateTable(MySqlDdlParser.java:403)
	at io.debezium.connector.mysql.MySqlDdlParser.parseCreate(MySqlDdlParser.java:306)
	at io.debezium.connector.mysql.MySqlDdlParser.parseNextStatement(MySqlDdlParser.java:175)
	at io.debezium.relational.ddl.LegacyDdlParser.parse(LegacyDdlParser.java:219)
	at io.debezium.relational.ddl.LegacyDdlParser.parse(LegacyDdlParser.java:200)
	at io.debezium.connector.mysql.AbstractMysqlDefaultValueTest.parseTimeDefaultValue(AbstractMysqlDefaultValueTest.java:347)
	at sun.reflect.NativeMethodAccessorImpl.invoke0(Native Method)
	at sun.reflect.NativeMethodAccessorImpl.invoke(NativeMethodAccessorImpl.java:62)
	at sun.reflect.DelegatingMethodAccessorImpl.invoke(DelegatingMethodAccessorImpl.java:43)
	at java.lang.reflect.Method.invoke(Method.java:498)
	at org.junit.runners.model.FrameworkMethod$1.runReflectiveCall(FrameworkMethod.java:50)
	at org.junit.internal.runners.model.ReflectiveCallable.run(ReflectiveCallable.java:12)
	at org.junit.runners.model.FrameworkMethod.invokeExplosively(FrameworkMethod.java:47)
	at org.junit.internal.runners.statements.InvokeMethod.evaluate(InvokeMethod.java:17)
	at org.junit.internal.runners.statements.RunBefores.evaluate(RunBefores.java:26)
	at org.junit.runners.ParentRunner.runLeaf(ParentRunner.java:325)
	at org.junit.runners.BlockJUnit4ClassRunner.runChild(BlockJUnit4ClassRunner.java:78)
	at org.junit.runners.BlockJUnit4ClassRunner.runChild(BlockJUnit4ClassRunner.java:57)
	at org.junit.runners.ParentRunner$3.run(ParentRunner.java:290)
	at org.junit.runners.ParentRunner$1.schedule(ParentRunner.java:71)
	at org.junit.runners.ParentRunner.runChildren(ParentRunner.java:288)
	at org.junit.runners.ParentRunner.access$000(ParentRunner.java:58)
	at org.junit.runners.ParentRunner$2.evaluate(ParentRunner.java:268)
	at org.junit.runners.ParentRunner.run(ParentRunner.java:363)
	at org.apache.maven.surefire.junit4.JUnit4Provider.execute(JUnit4Provider.java:283)
	at org.apache.maven.surefire.junit4.JUnit4Provider.executeWithRerun(JUnit4Provider.java:173)
	at org.apache.maven.surefire.junit4.JUnit4Provider.executeTestSet(JUnit4Provider.java:153)
	at org.apache.maven.surefire.junit4.JUnit4Provider.invoke(JUnit4Provider.java:128)
	at org.apache.maven.surefire.booter.ForkedBooter.invokeProviderInSameClassLoader(ForkedBooter.java:203)
	at org.apache.maven.surefire.booter.ForkedBooter.runSuitesInProcess(ForkedBooter.java:155)
	at org.apache.maven.surefire.booter.ForkedBooter.main(ForkedBooter.java:103)
Caused by: java.time.DateTimeException: Invalid value for DayOfMonth (valid values 1 - 28/31): 0
	at java.time.temporal.ValueRange.checkValidIntValue(ValueRange.java:330)
	at java.time.temporal.ChronoField.checkValidIntValue(ChronoField.java:722)
	at java.time.chrono.IsoChronology.resolveYMD(IsoChronology.java:551)
	at java.time.chrono.IsoChronology.resolveYMD(IsoChronology.java:123)
	at java.time.chrono.AbstractChronology.resolveDate(AbstractChronology.java:472)
	at java.time.chrono.IsoChronology.resolveDate(IsoChronology.java:492)
	at java.time.chrono.IsoChronology.resolveDate(IsoChronology.java:123)
	at java.time.format.Parsed.resolveDateFields(Parsed.java:351)
	at java.time.format.Parsed.resolveFields(Parsed.java:257)
	at java.time.format.Parsed.resolve(Parsed.java:244)
	at java.time.format.DateTimeParseContext.toResolved(DateTimeParseContext.java:331)
	at java.time.format.DateTimeFormatter.parseResolved0(DateTimeFormatter.java:1955)
	at java.time.format.DateTimeFormatter.parse(DateTimeFormatter.java:1777)
	at io.debezium.connector.mysql.MySqlDefaultValuePreConverter.convertToLocalDateTime(MySqlDefaultValuePreConverter.java:129)
	at io.debezium.connector.mysql.MySqlDefaultValuePreConverter.convert(MySqlDefaultValuePreConverter.java:60)
	at io.debezium.connector.mysql.MySqlDdlParser.convertDefaultValueToSchemaType(MySqlDdlParser.java:810)
	at io.debezium.connector.mysql.MySqlDdlParser.parseCreateColumn(MySqlDdlParser.java:771)
	at io.debezium.connector.mysql.MySqlDdlParser.parseCreateDefinition(MySqlDdlParser.java:747)
	at io.debezium.connector.mysql.MySqlDdlParser.parseCreateDefinitionList(MySqlDdlParser.java:591)
	at io.debezium.connector.mysql.MySqlDdlParser.parseCreateTable(MySqlDdlParser.java:403)
	at io.debezium.connector.mysql.MySqlDdlParser.parseCreate(MySqlDdlParser.java:306)
	at io.debezium.connector.mysql.MySqlDdlParser.parseNextStatement(MySqlDdlParser.java:175)
	at io.debezium.relational.ddl.LegacyDdlParser.parse(LegacyDdlParser.java:219)
	at io.debezium.relational.ddl.LegacyDdlParser.parse(LegacyDdlParser.java:200)
	at io.debezium.connector.mysql.AbstractMysqlDefaultValueTest.parseTimeDefaultValue(AbstractMysqlDefaultValueTest.java:347)
	at sun.reflect.NativeMethodAccessorImpl.invoke0(Native Method)
	at sun.reflect.NativeMethodAccessorImpl.invoke(NativeMethodAccessorImpl.java:62)
	at sun.reflect.DelegatingMethodAccessorImpl.invoke(DelegatingMethodAccessorImpl.java:43)
	at java.lang.reflect.Method.invoke(Method.java:498)
	at org.junit.runners.model.FrameworkMethod$1.runReflectiveCall(FrameworkMethod.java:50)
	at org.junit.internal.runners.model.ReflectiveCallable.run(ReflectiveCallable.java:12)
	at org.junit.runners.model.FrameworkMethod.invokeExplosively(FrameworkMethod.java:47)
	at org.junit.internal.runners.statements.InvokeMethod.evaluate(InvokeMethod.java:17)
	at org.junit.internal.runners.statements.RunBefores.evaluate(RunBefores.java:26)
	at org.junit.runners.ParentRunner.runLeaf(ParentRunner.java:325)
	at org.junit.runners.BlockJUnit4ClassRunner.runChild(BlockJUnit4ClassRunner.java:78)
	at org.junit.runners.BlockJUnit4ClassRunner.runChild(BlockJUnit4ClassRunner.java:57)
	at org.junit.runners.ParentRunner$3.run(ParentRunner.java:290)
	at org.junit.runners.ParentRunner$1.schedule(ParentRunner.java:71)
	at org.junit.runners.ParentRunner.runChildren(ParentRunner.java:288)
	at org.junit.runners.ParentRunner.access$000(ParentRunner.java:58)
	at org.junit.runners.ParentRunner$2.evaluate(ParentRunner.java:268)
	at org.junit.runners.ParentRunner.run(ParentRunner.java:363)
	at org.apache.maven.surefire.junit4.JUnit4Provider.execute(JUnit4Provider.java:283)
	at org.apache.maven.surefire.junit4.JUnit4Provider.executeWithRerun(JUnit4Provider.java:173)
	at org.apache.maven.surefire.junit4.JUnit4Provider.executeTestSet(JUnit4Provider.java:153)
	at org.apache.maven.surefire.junit4.JUnit4Provider.invoke(JUnit4Provider.java:128)
	at org.apache.maven.surefire.booter.ForkedBooter.invokeProviderInSameClassLoader(ForkedBooter.java:203)
	at org.apache.maven.surefire.booter.ForkedBooter.runSuitesInProcess(ForkedBooter.java:155)
	at org.apache.maven.surefire.booter.ForkedBooter.main(ForkedBooter.java:103)

parseDateDefaultValue(io.debezium.connector.mysql.MysqlDefaultValueTest)  Time elapsed: 0.004 sec  <<< ERROR!
io.debezium.text.ParsingException: Unexpected exception while parsing statement CREATE TABLE DATE_TABLE (  A date NOT NULL DEFAULT '0000-00-00',  B date NOT NULL DEFAULT '2018-00-01',  C date NOT NULL DEFAULT '0000-12-31',  D date NOT NULL DEFAULT '2018-01-00',  E date NOT NULL DEFAULT '9999-09-09',  F date NOT NULL DEFAULT '1111-11-11',  G date NOT NULL DEFAULT '2018-08-31',  H date NOT NULL DEFAULT 0); at line 1, column 103
	at io.debezium.relational.ddl.LegacyDdlParser.parsingFailed(LegacyDdlParser.java:555)
	at io.debezium.relational.ddl.LegacyDdlParser.parse(LegacyDdlParser.java:227)
	at io.debezium.relational.ddl.LegacyDdlParser.parse(LegacyDdlParser.java:200)
	at io.debezium.connector.mysql.AbstractMysqlDefaultValueTest.parseDateDefaultValue(AbstractMysqlDefaultValueTest.java:378)
	at sun.reflect.NativeMethodAccessorImpl.invoke0(Native Method)
	at sun.reflect.NativeMethodAccessorImpl.invoke(NativeMethodAccessorImpl.java:62)
	at sun.reflect.DelegatingMethodAccessorImpl.invoke(DelegatingMethodAccessorImpl.java:43)
	at java.lang.reflect.Method.invoke(Method.java:498)
	at org.junit.runners.model.FrameworkMethod$1.runReflectiveCall(FrameworkMethod.java:50)
	at org.junit.internal.runners.model.ReflectiveCallable.run(ReflectiveCallable.java:12)
	at org.junit.runners.model.FrameworkMethod.invokeExplosively(FrameworkMethod.java:47)
	at org.junit.internal.runners.statements.InvokeMethod.evaluate(InvokeMethod.java:17)
	at org.junit.internal.runners.statements.RunBefores.evaluate(RunBefores.java:26)
	at org.junit.runners.ParentRunner.runLeaf(ParentRunner.java:325)
	at org.junit.runners.BlockJUnit4ClassRunner.runChild(BlockJUnit4ClassRunner.java:78)
	at org.junit.runners.BlockJUnit4ClassRunner.runChild(BlockJUnit4ClassRunner.java:57)
	at org.junit.runners.ParentRunner$3.run(ParentRunner.java:290)
	at org.junit.runners.ParentRunner$1.schedule(ParentRunner.java:71)
	at org.junit.runners.ParentRunner.runChildren(ParentRunner.java:288)
	at org.junit.runners.ParentRunner.access$000(ParentRunner.java:58)
	at org.junit.runners.ParentRunner$2.evaluate(ParentRunner.java:268)
	at org.junit.runners.ParentRunner.run(ParentRunner.java:363)
	at org.apache.maven.surefire.junit4.JUnit4Provider.execute(JUnit4Provider.java:283)
	at org.apache.maven.surefire.junit4.JUnit4Provider.executeWithRerun(JUnit4Provider.java:173)
	at org.apache.maven.surefire.junit4.JUnit4Provider.executeTestSet(JUnit4Provider.java:153)
	at org.apache.maven.surefire.junit4.JUnit4Provider.invoke(JUnit4Provider.java:128)
	at org.apache.maven.surefire.booter.ForkedBooter.invokeProviderInSameClassLoader(ForkedBooter.java:203)
	at org.apache.maven.surefire.booter.ForkedBooter.runSuitesInProcess(ForkedBooter.java:155)
	at org.apache.maven.surefire.booter.ForkedBooter.main(ForkedBooter.java:103)
Caused by: java.time.format.DateTimeParseException: Text '2018-00-01' could not be parsed: Invalid value for MonthOfYear (valid values 1 - 12): 0
	at java.time.format.DateTimeFormatter.createError(DateTimeFormatter.java:1920)
	at java.time.format.DateTimeFormatter.parse(DateTimeFormatter.java:1781)
	at io.debezium.connector.mysql.MySqlDefaultValuePreConverter.convertToLocalDate(MySqlDefaultValuePreConverter.java:107)
	at io.debezium.connector.mysql.MySqlDefaultValuePreConverter.convert(MySqlDefaultValuePreConverter.java:58)
	at io.debezium.connector.mysql.MySqlDdlParser.convertDefaultValueToSchemaType(MySqlDdlParser.java:810)
	at io.debezium.connector.mysql.MySqlDdlParser.parseCreateColumn(MySqlDdlParser.java:771)
	at io.debezium.connector.mysql.MySqlDdlParser.parseCreateDefinition(MySqlDdlParser.java:747)
	at io.debezium.connector.mysql.MySqlDdlParser.parseCreateDefinitionList(MySqlDdlParser.java:591)
	at io.debezium.connector.mysql.MySqlDdlParser.parseCreateTable(MySqlDdlParser.java:403)
	at io.debezium.connector.mysql.MySqlDdlParser.parseCreate(MySqlDdlParser.java:306)
	at io.debezium.connector.mysql.MySqlDdlParser.parseNextStatement(MySqlDdlParser.java:175)
	at io.debezium.relational.ddl.LegacyDdlParser.parse(LegacyDdlParser.java:219)
	at io.debezium.relational.ddl.LegacyDdlParser.parse(LegacyDdlParser.java:200)
	at io.debezium.connector.mysql.AbstractMysqlDefaultValueTest.parseDateDefaultValue(AbstractMysqlDefaultValueTest.java:378)
	at sun.reflect.NativeMethodAccessorImpl.invoke0(Native Method)
	at sun.reflect.NativeMethodAccessorImpl.invoke(NativeMethodAccessorImpl.java:62)
	at sun.reflect.DelegatingMethodAccessorImpl.invoke(DelegatingMethodAccessorImpl.java:43)
	at java.lang.reflect.Method.invoke(Method.java:498)
	at org.junit.runners.model.FrameworkMethod$1.runReflectiveCall(FrameworkMethod.java:50)
	at org.junit.internal.runners.model.ReflectiveCallable.run(ReflectiveCallable.java:12)
	at org.junit.runners.model.FrameworkMethod.invokeExplosively(FrameworkMethod.java:47)
	at org.junit.internal.runners.statements.InvokeMethod.evaluate(InvokeMethod.java:17)
	at org.junit.internal.runners.statements.RunBefores.evaluate(RunBefores.java:26)
	at org.junit.runners.ParentRunner.runLeaf(ParentRunner.java:325)
	at org.junit.runners.BlockJUnit4ClassRunner.runChild(BlockJUnit4ClassRunner.java:78)
	at org.junit.runners.BlockJUnit4ClassRunner.runChild(BlockJUnit4ClassRunner.java:57)
	at org.junit.runners.ParentRunner$3.run(ParentRunner.java:290)
	at org.junit.runners.ParentRunner$1.schedule(ParentRunner.java:71)
	at org.junit.runners.ParentRunner.runChildren(ParentRunner.java:288)
	at org.junit.runners.ParentRunner.access$000(ParentRunner.java:58)
	at org.junit.runners.ParentRunner$2.evaluate(ParentRunner.java:268)
	at org.junit.runners.ParentRunner.run(ParentRunner.java:363)
	at org.apache.maven.surefire.junit4.JUnit4Provider.execute(JUnit4Provider.java:283)
	at org.apache.maven.surefire.junit4.JUnit4Provider.executeWithRerun(JUnit4Provider.java:173)
	at org.apache.maven.surefire.junit4.JUnit4Provider.executeTestSet(JUnit4Provider.java:153)
	at org.apache.maven.surefire.junit4.JUnit4Provider.invoke(JUnit4Provider.java:128)
	at org.apache.maven.surefire.booter.ForkedBooter.invokeProviderInSameClassLoader(ForkedBooter.java:203)
	at org.apache.maven.surefire.booter.ForkedBooter.runSuitesInProcess(ForkedBooter.java:155)
	at org.apache.maven.surefire.booter.ForkedBooter.main(ForkedBooter.java:103)
Caused by: java.time.DateTimeException: Invalid value for MonthOfYear (valid values 1 - 12): 0
	at java.time.temporal.ValueRange.checkValidIntValue(ValueRange.java:330)
	at java.time.temporal.ChronoField.checkValidIntValue(ChronoField.java:722)
	at java.time.chrono.IsoChronology.resolveYMD(IsoChronology.java:550)
	at java.time.chrono.IsoChronology.resolveYMD(IsoChronology.java:123)
	at java.time.chrono.AbstractChronology.resolveDate(AbstractChronology.java:472)
	at java.time.chrono.IsoChronology.resolveDate(IsoChronology.java:492)
	at java.time.chrono.IsoChronology.resolveDate(IsoChronology.java:123)
	at java.time.format.Parsed.resolveDateFields(Parsed.java:351)
	at java.time.format.Parsed.resolveFields(Parsed.java:257)
	at java.time.format.Parsed.resolve(Parsed.java:244)
	at java.time.format.DateTimeParseContext.toResolved(DateTimeParseContext.java:331)
	at java.time.format.DateTimeFormatter.parseResolved0(DateTimeFormatter.java:1955)
	at java.time.format.DateTimeFormatter.parse(DateTimeFormatter.java:1777)
	at io.debezium.connector.mysql.MySqlDefaultValuePreConverter.convertToLocalDate(MySqlDefaultValuePreConverter.java:107)
	at io.debezium.connector.mysql.MySqlDefaultValuePreConverter.convert(MySqlDefaultValuePreConverter.java:58)
	at io.debezium.connector.mysql.MySqlDdlParser.convertDefaultValueToSchemaType(MySqlDdlParser.java:810)
	at io.debezium.connector.mysql.MySqlDdlParser.parseCreateColumn(MySqlDdlParser.java:771)
	at io.debezium.connector.mysql.MySqlDdlParser.parseCreateDefinition(MySqlDdlParser.java:747)
	at io.debezium.connector.mysql.MySqlDdlParser.parseCreateDefinitionList(MySqlDdlParser.java:591)
	at io.debezium.connector.mysql.MySqlDdlParser.parseCreateTable(MySqlDdlParser.java:403)
	at io.debezium.connector.mysql.MySqlDdlParser.parseCreate(MySqlDdlParser.java:306)
	at io.debezium.connector.mysql.MySqlDdlParser.parseNextStatement(MySqlDdlParser.java:175)
	at io.debezium.relational.ddl.LegacyDdlParser.parse(LegacyDdlParser.java:219)
	at io.debezium.relational.ddl.LegacyDdlParser.parse(LegacyDdlParser.java:200)
	at io.debezium.connector.mysql.AbstractMysqlDefaultValueTest.parseDateDefaultValue(AbstractMysqlDefaultValueTest.java:378)
	at sun.reflect.NativeMethodAccessorImpl.invoke0(Native Method)
	at sun.reflect.NativeMethodAccessorImpl.invoke(NativeMethodAccessorImpl.java:62)
	at sun.reflect.DelegatingMethodAccessorImpl.invoke(DelegatingMethodAccessorImpl.java:43)
	at java.lang.reflect.Method.invoke(Method.java:498)
	at org.junit.runners.model.FrameworkMethod$1.runReflectiveCall(FrameworkMethod.java:50)
	at org.junit.internal.runners.model.ReflectiveCallable.run(ReflectiveCallable.java:12)
	at org.junit.runners.model.FrameworkMethod.invokeExplosively(FrameworkMethod.java:47)
	at org.junit.internal.runners.statements.InvokeMethod.evaluate(InvokeMethod.java:17)
	at org.junit.internal.runners.statements.RunBefores.evaluate(RunBefores.java:26)
	at org.junit.runners.ParentRunner.runLeaf(ParentRunner.java:325)
	at org.junit.runners.BlockJUnit4ClassRunner.runChild(BlockJUnit4ClassRunner.java:78)
	at org.junit.runners.BlockJUnit4ClassRunner.runChild(BlockJUnit4ClassRunner.java:57)
	at org.junit.runners.ParentRunner$3.run(ParentRunner.java:290)
	at org.junit.runners.ParentRunner$1.schedule(ParentRunner.java:71)
	at org.junit.runners.ParentRunner.runChildren(ParentRunner.java:288)
	at org.junit.runners.ParentRunner.access$000(ParentRunner.java:58)
	at org.junit.runners.ParentRunner$2.evaluate(ParentRunner.java:268)
	at org.junit.runners.ParentRunner.run(ParentRunner.java:363)
	at org.apache.maven.surefire.junit4.JUnit4Provider.execute(JUnit4Provider.java:283)
	at org.apache.maven.surefire.junit4.JUnit4Provider.executeWithRerun(JUnit4Provider.java:173)
	at org.apache.maven.surefire.junit4.JUnit4Provider.executeTestSet(JUnit4Provider.java:153)
	at org.apache.maven.surefire.junit4.JUnit4Provider.invoke(JUnit4Provider.java:128)
	at org.apache.maven.surefire.booter.ForkedBooter.invokeProviderInSameClassLoader(ForkedBooter.java:203)
	at org.apache.maven.surefire.booter.ForkedBooter.runSuitesInProcess(ForkedBooter.java:155)
	at org.apache.maven.surefire.booter.ForkedBooter.main(ForkedBooter.java:103)

Running io.debezium.connector.mysql.SourceInfoTest
Tests run: 36, Failures: 0, Errors: 0, Skipped: 0, Time elapsed: 0.312 sec - in io.debezium.connector.mysql.SourceInfoTest
Running io.debezium.connector.mysql.TableConvertersTest
Tests run: 1, Failures: 0, Errors: 0, Skipped: 1, Time elapsed: 0.001 sec - in io.debezium.connector.mysql.TableConvertersTest
Running io.debezium.connector.mysql.MySqlAntlrDdlParserTest
2022-08-18 13:00:30,915 WARN   ||  Column is missing a character set: key VARCHAR(64) NOT NULL DEFAULT VALUE    [io.debezium.connector.mysql.MySqlValueConverters]
2022-08-18 13:00:30,915 WARN   ||  Using UTF-8 charset by default for column without charset: key VARCHAR(64) NOT NULL DEFAULT VALUE    [io.debezium.connector.mysql.MySqlValueConverters]
2022-08-18 13:00:30,951 WARN   ||  Column is missing a character set: STATE VARCHAR(256) NOT NULL DEFAULT VALUE NORMAL   [io.debezium.connector.mysql.MySqlValueConverters]
2022-08-18 13:00:30,951 WARN   ||  Using UTF-8 charset by default for column without charset: STATE VARCHAR(256) NOT NULL DEFAULT VALUE NORMAL   [io.debezium.connector.mysql.MySqlValueConverters]
2022-08-18 13:00:31,325 WARN   ||  Column is missing a character set: plugin CHAR(64) DEFAULT VALUE mysql_native_password   [io.debezium.connector.mysql.MySqlValueConverters]
2022-08-18 13:00:31,326 WARN   ||  Using UTF-8 charset by default for column without charset: plugin CHAR(64) DEFAULT VALUE mysql_native_password   [io.debezium.connector.mysql.MySqlValueConverters]
2022-08-18 13:00:31,327 WARN   ||  Column is missing a character set: dl CHAR(128) DEFAULT VALUE    [io.debezium.connector.mysql.MySqlValueConverters]
2022-08-18 13:00:31,327 WARN   ||  Using UTF-8 charset by default for column without charset: dl CHAR(128) DEFAULT VALUE    [io.debezium.connector.mysql.MySqlValueConverters]
2022-08-18 13:00:31,329 WARN   ||  Column is missing a character set: name VARCHAR(64) DEFAULT VALUE    [io.debezium.connector.mysql.MySqlValueConverters]
2022-08-18 13:00:31,329 WARN   ||  Using UTF-8 charset by default for column without charset: name VARCHAR(64) DEFAULT VALUE    [io.debezium.connector.mysql.MySqlValueConverters]
2022-08-18 13:00:31,329 WARN   ||  Column is missing a character set: dl VARCHAR(128) DEFAULT VALUE    [io.debezium.connector.mysql.MySqlValueConverters]
2022-08-18 13:00:31,329 WARN   ||  Using UTF-8 charset by default for column without charset: dl VARCHAR(128) DEFAULT VALUE    [io.debezium.connector.mysql.MySqlValueConverters]
2022-08-18 13:00:31,330 WARN   ||  Column is missing a character set: Server_name CHAR(64) NOT NULL DEFAULT VALUE    [io.debezium.connector.mysql.MySqlValueConverters]
2022-08-18 13:00:31,330 WARN   ||  Using UTF-8 charset by default for column without charset: Server_name CHAR(64) NOT NULL DEFAULT VALUE    [io.debezium.connector.mysql.MySqlValueConverters]
2022-08-18 13:00:31,330 WARN   ||  Column is missing a character set: Host CHAR(64) NOT NULL DEFAULT VALUE    [io.debezium.connector.mysql.MySqlValueConverters]
2022-08-18 13:00:31,330 WARN   ||  Using UTF-8 charset by default for column without charset: Host CHAR(64) NOT NULL DEFAULT VALUE    [io.debezium.connector.mysql.MySqlValueConverters]
2022-08-18 13:00:31,331 WARN   ||  Column is missing a character set: Db CHAR(64) NOT NULL DEFAULT VALUE    [io.debezium.connector.mysql.MySqlValueConverters]
2022-08-18 13:00:31,331 WARN   ||  Using UTF-8 charset by default for column without charset: Db CHAR(64) NOT NULL DEFAULT VALUE    [io.debezium.connector.mysql.MySqlValueConverters]
2022-08-18 13:00:31,331 WARN   ||  Column is missing a character set: Username CHAR(64) NOT NULL DEFAULT VALUE    [io.debezium.connector.mysql.MySqlValueConverters]
2022-08-18 13:00:31,331 WARN   ||  Using UTF-8 charset by default for column without charset: Username CHAR(64) NOT NULL DEFAULT VALUE    [io.debezium.connector.mysql.MySqlValueConverters]
2022-08-18 13:00:31,331 WARN   ||  Column is missing a character set: Password CHAR(64) NOT NULL DEFAULT VALUE    [io.debezium.connector.mysql.MySqlValueConverters]
2022-08-18 13:00:31,331 WARN   ||  Using UTF-8 charset by default for column without charset: Password CHAR(64) NOT NULL DEFAULT VALUE    [io.debezium.connector.mysql.MySqlValueConverters]
2022-08-18 13:00:31,332 WARN   ||  Column is missing a character set: Socket CHAR(64) NOT NULL DEFAULT VALUE    [io.debezium.connector.mysql.MySqlValueConverters]
2022-08-18 13:00:31,332 WARN   ||  Using UTF-8 charset by default for column without charset: Socket CHAR(64) NOT NULL DEFAULT VALUE    [io.debezium.connector.mysql.MySqlValueConverters]
2022-08-18 13:00:31,333 WARN   ||  Column is missing a character set: Wrapper CHAR(64) NOT NULL DEFAULT VALUE    [io.debezium.connector.mysql.MySqlValueConverters]
2022-08-18 13:00:31,333 WARN   ||  Using UTF-8 charset by default for column without charset: Wrapper CHAR(64) NOT NULL DEFAULT VALUE    [io.debezium.connector.mysql.MySqlValueConverters]
2022-08-18 13:00:31,333 WARN   ||  Column is missing a character set: Owner CHAR(64) NOT NULL DEFAULT VALUE    [io.debezium.connector.mysql.MySqlValueConverters]
2022-08-18 13:00:31,333 WARN   ||  Using UTF-8 charset by default for column without charset: Owner CHAR(64) NOT NULL DEFAULT VALUE    [io.debezium.connector.mysql.MySqlValueConverters]
2022-08-18 13:00:31,334 WARN   ||  Column is missing a character set: Grantor CHAR(77) DEFAULT VALUE    [io.debezium.connector.mysql.MySqlValueConverters]
2022-08-18 13:00:31,335 WARN   ||  Using UTF-8 charset by default for column without charset: Grantor CHAR(77) DEFAULT VALUE    [io.debezium.connector.mysql.MySqlValueConverters]
2022-08-18 13:00:31,343 WARN   ||  Column is missing a character set: Abbreviation CHAR(8) DEFAULT VALUE    [io.debezium.connector.mysql.MySqlValueConverters]
2022-08-18 13:00:31,343 WARN   ||  Using UTF-8 charset by default for column without charset: Abbreviation CHAR(8) DEFAULT VALUE    [io.debezium.connector.mysql.MySqlValueConverters]
2022-08-18 13:00:31,344 WARN   ||  Column is missing a character set: db CHAR(64) DEFAULT VALUE    [io.debezium.connector.mysql.MySqlValueConverters]
2022-08-18 13:00:31,344 WARN   ||  Using UTF-8 charset by default for column without charset: db CHAR(64) DEFAULT VALUE    [io.debezium.connector.mysql.MySqlValueConverters]
2022-08-18 13:00:31,344 WARN   ||  Column is missing a character set: name CHAR(64) DEFAULT VALUE    [io.debezium.connector.mysql.MySqlValueConverters]
2022-08-18 13:00:31,345 WARN   ||  Using UTF-8 charset by default for column without charset: name CHAR(64) DEFAULT VALUE    [io.debezium.connector.mysql.MySqlValueConverters]
2022-08-18 13:00:31,345 WARN   ||  Column is missing a character set: specific_name CHAR(64) DEFAULT VALUE    [io.debezium.connector.mysql.MySqlValueConverters]
2022-08-18 13:00:31,345 WARN   ||  Using UTF-8 charset by default for column without charset: specific_name CHAR(64) DEFAULT VALUE    [io.debezium.connector.mysql.MySqlValueConverters]
2022-08-18 13:00:31,346 WARN   ||  Column is missing a character set: definer CHAR(77) DEFAULT VALUE    [io.debezium.connector.mysql.MySqlValueConverters]
2022-08-18 13:00:31,346 WARN   ||  Using UTF-8 charset by default for column without charset: definer CHAR(77) DEFAULT VALUE    [io.debezium.connector.mysql.MySqlValueConverters]
2022-08-18 13:00:31,349 WARN   ||  Column is missing a character set: Routine_name CHAR(64) DEFAULT VALUE    [io.debezium.connector.mysql.MySqlValueConverters]
2022-08-18 13:00:31,349 WARN   ||  Using UTF-8 charset by default for column without charset: Routine_name CHAR(64) DEFAULT VALUE    [io.debezium.connector.mysql.MySqlValueConverters]
2022-08-18 13:00:31,349 WARN   ||  Column is missing a character set: Grantor CHAR(77) DEFAULT VALUE    [io.debezium.connector.mysql.MySqlValueConverters]
2022-08-18 13:00:31,349 WARN   ||  Using UTF-8 charset by default for column without charset: Grantor CHAR(77) DEFAULT VALUE    [io.debezium.connector.mysql.MySqlValueConverters]
2022-08-18 13:00:31,388 WARN   ||  Column is missing a character set: HOST CHAR(60) DEFAULT VALUE %   [io.debezium.connector.mysql.MySqlValueConverters]
2022-08-18 13:00:31,388 WARN   ||  Using UTF-8 charset by default for column without charset: HOST CHAR(60) DEFAULT VALUE %   [io.debezium.connector.mysql.MySqlValueConverters]
2022-08-18 13:00:31,388 WARN   ||  Column is missing a character set: USER CHAR(32) DEFAULT VALUE %   [io.debezium.connector.mysql.MySqlValueConverters]
2022-08-18 13:00:31,388 WARN   ||  Using UTF-8 charset by default for column without charset: USER CHAR(32) DEFAULT VALUE %   [io.debezium.connector.mysql.MySqlValueConverters]
2022-08-18 13:00:31,388 WARN   ||  Column is missing a character set: ROLE CHAR(16) DEFAULT VALUE %   [io.debezium.connector.mysql.MySqlValueConverters]
2022-08-18 13:00:31,388 WARN   ||  Using UTF-8 charset by default for column without charset: ROLE CHAR(16) DEFAULT VALUE %   [io.debezium.connector.mysql.MySqlValueConverters]
2022-08-18 13:00:31,390 WARN   ||  Column is missing a character set: OBJECT_SCHEMA VARCHAR(64) DEFAULT VALUE %   [io.debezium.connector.mysql.MySqlValueConverters]
2022-08-18 13:00:31,390 WARN   ||  Using UTF-8 charset by default for column without charset: OBJECT_SCHEMA VARCHAR(64) DEFAULT VALUE %   [io.debezium.connector.mysql.MySqlValueConverters]
2022-08-18 13:00:31,390 WARN   ||  Column is missing a character set: OBJECT_NAME VARCHAR(64) NOT NULL DEFAULT VALUE %   [io.debezium.connector.mysql.MySqlValueConverters]
2022-08-18 13:00:31,390 WARN   ||  Using UTF-8 charset by default for column without charset: OBJECT_NAME VARCHAR(64) NOT NULL DEFAULT VALUE %   [io.debezium.connector.mysql.MySqlValueConverters]
2022-08-18 13:00:31,458 WARN   ||  Column is missing a character set: Grantor CHAR(77) DEFAULT VALUE    [io.debezium.connector.mysql.MySqlValueConverters]
2022-08-18 13:00:31,458 WARN   ||  Using UTF-8 charset by default for column without charset: Grantor CHAR(77) DEFAULT VALUE    [io.debezium.connector.mysql.MySqlValueConverters]
2022-08-18 13:00:31,881 WARN   ||  Column is missing a character set: plugin CHAR(64) DEFAULT VALUE mysql_native_password   [io.debezium.connector.mysql.MySqlValueConverters]
2022-08-18 13:00:31,881 WARN   ||  Using UTF-8 charset by default for column without charset: plugin CHAR(64) DEFAULT VALUE mysql_native_password   [io.debezium.connector.mysql.MySqlValueConverters]
2022-08-18 13:00:32,077 WARN   ||  Column is missing a character set: column VARCHAR(255) NOT NULL DEFAULT VALUE    [io.debezium.connector.mysql.MySqlValueConverters]
2022-08-18 13:00:32,077 WARN   ||  Using UTF-8 charset by default for column without charset: column VARCHAR(255) NOT NULL DEFAULT VALUE    [io.debezium.connector.mysql.MySqlValueConverters]
2022-08-18 13:00:32,077 WARN   ||  Column is missing a character set: ghi VARCHAR(255) NOT NULL DEFAULT VALUE    [io.debezium.connector.mysql.MySqlValueConverters]
2022-08-18 13:00:32,077 WARN   ||  Using UTF-8 charset by default for column without charset: ghi VARCHAR(255) NOT NULL DEFAULT VALUE    [io.debezium.connector.mysql.MySqlValueConverters]
2022-08-18 13:00:32,078 WARN   ||  Column is missing a character set: jkl VARCHAR(255) NOT NULL DEFAULT VALUE    [io.debezium.connector.mysql.MySqlValueConverters]
2022-08-18 13:00:32,078 WARN   ||  Using UTF-8 charset by default for column without charset: jkl VARCHAR(255) NOT NULL DEFAULT VALUE    [io.debezium.connector.mysql.MySqlValueConverters]
2022-08-18 13:00:32,081 WARN   ||  Column is missing a character set: column VARCHAR(1023) NOT NULL DEFAULT VALUE    [io.debezium.connector.mysql.MySqlValueConverters]
2022-08-18 13:00:32,082 WARN   ||  Using UTF-8 charset by default for column without charset: column VARCHAR(1023) NOT NULL DEFAULT VALUE    [io.debezium.connector.mysql.MySqlValueConverters]
2022-08-18 13:00:32,087 WARN   ||  Column is missing a character set: column VARCHAR(1023) NOT NULL DEFAULT VALUE    [io.debezium.connector.mysql.MySqlValueConverters]
2022-08-18 13:00:32,087 WARN   ||  Using UTF-8 charset by default for column without charset: column VARCHAR(1023) NOT NULL DEFAULT VALUE    [io.debezium.connector.mysql.MySqlValueConverters]
2022-08-18 13:00:32,089 WARN   ||  Column is missing a character set: newcol VARCHAR(255) NOT NULL DEFAULT VALUE    [io.debezium.connector.mysql.MySqlValueConverters]
2022-08-18 13:00:32,089 WARN   ||  Using UTF-8 charset by default for column without charset: newcol VARCHAR(255) NOT NULL DEFAULT VALUE    [io.debezium.connector.mysql.MySqlValueConverters]
2022-08-18 13:00:32,099 WARN   ||  Column is missing a character set: column VARCHAR(255) NOT NULL DEFAULT VALUE    [io.debezium.connector.mysql.MySqlValueConverters]
2022-08-18 13:00:32,099 WARN   ||  Using UTF-8 charset by default for column without charset: column VARCHAR(255) NOT NULL DEFAULT VALUE    [io.debezium.connector.mysql.MySqlValueConverters]
2022-08-18 13:00:32,099 WARN   ||  Column is missing a character set: ghi VARCHAR(255) NOT NULL DEFAULT VALUE    [io.debezium.connector.mysql.MySqlValueConverters]
2022-08-18 13:00:32,100 WARN   ||  Using UTF-8 charset by default for column without charset: ghi VARCHAR(255) NOT NULL DEFAULT VALUE    [io.debezium.connector.mysql.MySqlValueConverters]
2022-08-18 13:00:32,100 WARN   ||  Column is missing a character set: jkl VARCHAR(255) NOT NULL DEFAULT VALUE    [io.debezium.connector.mysql.MySqlValueConverters]
2022-08-18 13:00:32,100 WARN   ||  Using UTF-8 charset by default for column without charset: jkl VARCHAR(255) NOT NULL DEFAULT VALUE    [io.debezium.connector.mysql.MySqlValueConverters]
2022-08-18 13:00:32,101 WARN   ||  Column is missing a character set: column VARCHAR(1023) NOT NULL DEFAULT VALUE    [io.debezium.connector.mysql.MySqlValueConverters]
2022-08-18 13:00:32,102 WARN   ||  Using UTF-8 charset by default for column without charset: column VARCHAR(1023) NOT NULL DEFAULT VALUE    [io.debezium.connector.mysql.MySqlValueConverters]
2022-08-18 13:00:32,104 WARN   ||  Column is missing a character set: column VARCHAR(1023) NOT NULL DEFAULT VALUE    [io.debezium.connector.mysql.MySqlValueConverters]
2022-08-18 13:00:32,104 WARN   ||  Using UTF-8 charset by default for column without charset: column VARCHAR(1023) NOT NULL DEFAULT VALUE    [io.debezium.connector.mysql.MySqlValueConverters]
2022-08-18 13:00:32,106 WARN   ||  Column is missing a character set: newcol VARCHAR(255) NOT NULL DEFAULT VALUE    [io.debezium.connector.mysql.MySqlValueConverters]
2022-08-18 13:00:32,106 WARN   ||  Using UTF-8 charset by default for column without charset: newcol VARCHAR(255) NOT NULL DEFAULT VALUE    [io.debezium.connector.mysql.MySqlValueConverters]
2022-08-18 13:00:35,808 WARN   ||  Column is missing a character set: columnA CHAR(60) NOT NULL DEFAULT VALUE A   [io.debezium.connector.mysql.MySqlValueConverters]
2022-08-18 13:00:35,809 WARN   ||  Using UTF-8 charset by default for column without charset: columnA CHAR(60) NOT NULL DEFAULT VALUE A   [io.debezium.connector.mysql.MySqlValueConverters]
2022-08-18 13:00:35,809 WARN   ||  Column is missing a character set: columnC VARCHAR(10) DEFAULT VALUE C   [io.debezium.connector.mysql.MySqlValueConverters]
2022-08-18 13:00:35,809 WARN   ||  Using UTF-8 charset by default for column without charset: columnC VARCHAR(10) DEFAULT VALUE C   [io.debezium.connector.mysql.MySqlValueConverters]
2022-08-18 13:00:35,888 WARN   ||  Column is missing a character set: ghi VARCHAR(255) NOT NULL DEFAULT VALUE    [io.debezium.connector.mysql.MySqlValueConverters]
2022-08-18 13:00:35,888 WARN   ||  Using UTF-8 charset by default for column without charset: ghi VARCHAR(255) NOT NULL DEFAULT VALUE    [io.debezium.connector.mysql.MySqlValueConverters]
2022-08-18 13:00:35,889 WARN   ||  Column is missing a character set: column VARCHAR(255) NOT NULL DEFAULT VALUE    [io.debezium.connector.mysql.MySqlValueConverters]
2022-08-18 13:00:35,889 WARN   ||  Using UTF-8 charset by default for column without charset: column VARCHAR(255) NOT NULL DEFAULT VALUE    [io.debezium.connector.mysql.MySqlValueConverters]
2022-08-18 13:00:35,938 WARN   ||  Column is missing a character set: plugin CHAR(64) DEFAULT VALUE mysql_native_password   [io.debezium.connector.mysql.MySqlValueConverters]
2022-08-18 13:00:35,939 WARN   ||  Using UTF-8 charset by default for column without charset: plugin CHAR(64) DEFAULT VALUE mysql_native_password   [io.debezium.connector.mysql.MySqlValueConverters]
2022-08-18 13:00:35,939 WARN   ||  Column is missing a character set: dl CHAR(128) DEFAULT VALUE    [io.debezium.connector.mysql.MySqlValueConverters]
2022-08-18 13:00:35,940 WARN   ||  Using UTF-8 charset by default for column without charset: dl CHAR(128) DEFAULT VALUE    [io.debezium.connector.mysql.MySqlValueConverters]
2022-08-18 13:00:35,940 WARN   ||  Column is missing a character set: name VARCHAR(64) DEFAULT VALUE    [io.debezium.connector.mysql.MySqlValueConverters]
2022-08-18 13:00:35,940 WARN   ||  Using UTF-8 charset by default for column without charset: name VARCHAR(64) DEFAULT VALUE    [io.debezium.connector.mysql.MySqlValueConverters]
2022-08-18 13:00:35,940 WARN   ||  Column is missing a character set: dl VARCHAR(128) DEFAULT VALUE    [io.debezium.connector.mysql.MySqlValueConverters]
2022-08-18 13:00:35,941 WARN   ||  Using UTF-8 charset by default for column without charset: dl VARCHAR(128) DEFAULT VALUE    [io.debezium.connector.mysql.MySqlValueConverters]
2022-08-18 13:00:35,941 WARN   ||  Column is missing a character set: Server_name CHAR(64) NOT NULL DEFAULT VALUE    [io.debezium.connector.mysql.MySqlValueConverters]
2022-08-18 13:00:35,941 WARN   ||  Using UTF-8 charset by default for column without charset: Server_name CHAR(64) NOT NULL DEFAULT VALUE    [io.debezium.connector.mysql.MySqlValueConverters]
2022-08-18 13:00:35,941 WARN   ||  Column is missing a character set: Host CHAR(64) NOT NULL DEFAULT VALUE    [io.debezium.connector.mysql.MySqlValueConverters]
2022-08-18 13:00:35,942 WARN   ||  Using UTF-8 charset by default for column without charset: Host CHAR(64) NOT NULL DEFAULT VALUE    [io.debezium.connector.mysql.MySqlValueConverters]
2022-08-18 13:00:35,942 WARN   ||  Column is missing a character set: Db CHAR(64) NOT NULL DEFAULT VALUE    [io.debezium.connector.mysql.MySqlValueConverters]
2022-08-18 13:00:35,942 WARN   ||  Using UTF-8 charset by default for column without charset: Db CHAR(64) NOT NULL DEFAULT VALUE    [io.debezium.connector.mysql.MySqlValueConverters]
2022-08-18 13:00:35,942 WARN   ||  Column is missing a character set: Username CHAR(64) NOT NULL DEFAULT VALUE    [io.debezium.connector.mysql.MySqlValueConverters]
2022-08-18 13:00:35,942 WARN   ||  Using UTF-8 charset by default for column without charset: Username CHAR(64) NOT NULL DEFAULT VALUE    [io.debezium.connector.mysql.MySqlValueConverters]
2022-08-18 13:00:35,942 WARN   ||  Column is missing a character set: Password CHAR(64) NOT NULL DEFAULT VALUE    [io.debezium.connector.mysql.MySqlValueConverters]
2022-08-18 13:00:35,943 WARN   ||  Using UTF-8 charset by default for column without charset: Password CHAR(64) NOT NULL DEFAULT VALUE    [io.debezium.connector.mysql.MySqlValueConverters]
2022-08-18 13:00:35,943 WARN   ||  Column is missing a character set: Socket CHAR(64) NOT NULL DEFAULT VALUE    [io.debezium.connector.mysql.MySqlValueConverters]
2022-08-18 13:00:35,943 WARN   ||  Using UTF-8 charset by default for column without charset: Socket CHAR(64) NOT NULL DEFAULT VALUE    [io.debezium.connector.mysql.MySqlValueConverters]
2022-08-18 13:00:35,944 WARN   ||  Column is missing a character set: Wrapper CHAR(64) NOT NULL DEFAULT VALUE    [io.debezium.connector.mysql.MySqlValueConverters]
2022-08-18 13:00:35,944 WARN   ||  Using UTF-8 charset by default for column without charset: Wrapper CHAR(64) NOT NULL DEFAULT VALUE    [io.debezium.connector.mysql.MySqlValueConverters]
2022-08-18 13:00:35,944 WARN   ||  Column is missing a character set: Owner CHAR(64) NOT NULL DEFAULT VALUE    [io.debezium.connector.mysql.MySqlValueConverters]
2022-08-18 13:00:35,944 WARN   ||  Using UTF-8 charset by default for column without charset: Owner CHAR(64) NOT NULL DEFAULT VALUE    [io.debezium.connector.mysql.MySqlValueConverters]
2022-08-18 13:00:35,945 WARN   ||  Column is missing a character set: Grantor CHAR(77) DEFAULT VALUE    [io.debezium.connector.mysql.MySqlValueConverters]
2022-08-18 13:00:35,945 WARN   ||  Using UTF-8 charset by default for column without charset: Grantor CHAR(77) DEFAULT VALUE    [io.debezium.connector.mysql.MySqlValueConverters]
2022-08-18 13:00:35,950 WARN   ||  Column is missing a character set: Abbreviation CHAR(8) DEFAULT VALUE    [io.debezium.connector.mysql.MySqlValueConverters]
2022-08-18 13:00:35,950 WARN   ||  Using UTF-8 charset by default for column without charset: Abbreviation CHAR(8) DEFAULT VALUE    [io.debezium.connector.mysql.MySqlValueConverters]
2022-08-18 13:00:35,951 WARN   ||  Column is missing a character set: db CHAR(64) DEFAULT VALUE    [io.debezium.connector.mysql.MySqlValueConverters]
2022-08-18 13:00:35,951 WARN   ||  Using UTF-8 charset by default for column without charset: db CHAR(64) DEFAULT VALUE    [io.debezium.connector.mysql.MySqlValueConverters]
2022-08-18 13:00:35,951 WARN   ||  Column is missing a character set: name CHAR(64) DEFAULT VALUE    [io.debezium.connector.mysql.MySqlValueConverters]
2022-08-18 13:00:35,951 WARN   ||  Using UTF-8 charset by default for column without charset: name CHAR(64) DEFAULT VALUE    [io.debezium.connector.mysql.MySqlValueConverters]
2022-08-18 13:00:35,951 WARN   ||  Column is missing a character set: specific_name CHAR(64) DEFAULT VALUE    [io.debezium.connector.mysql.MySqlValueConverters]
2022-08-18 13:00:35,951 WARN   ||  Using UTF-8 charset by default for column without charset: specific_name CHAR(64) DEFAULT VALUE    [io.debezium.connector.mysql.MySqlValueConverters]
2022-08-18 13:00:35,952 WARN   ||  Column is missing a character set: definer CHAR(77) DEFAULT VALUE    [io.debezium.connector.mysql.MySqlValueConverters]
2022-08-18 13:00:35,953 WARN   ||  Using UTF-8 charset by default for column without charset: definer CHAR(77) DEFAULT VALUE    [io.debezium.connector.mysql.MySqlValueConverters]
2022-08-18 13:00:35,954 WARN   ||  Column is missing a character set: Routine_name CHAR(64) DEFAULT VALUE    [io.debezium.connector.mysql.MySqlValueConverters]
2022-08-18 13:00:35,954 WARN   ||  Using UTF-8 charset by default for column without charset: Routine_name CHAR(64) DEFAULT VALUE    [io.debezium.connector.mysql.MySqlValueConverters]
2022-08-18 13:00:35,954 WARN   ||  Column is missing a character set: Grantor CHAR(77) DEFAULT VALUE    [io.debezium.connector.mysql.MySqlValueConverters]
2022-08-18 13:00:35,955 WARN   ||  Using UTF-8 charset by default for column without charset: Grantor CHAR(77) DEFAULT VALUE    [io.debezium.connector.mysql.MySqlValueConverters]
2022-08-18 13:00:35,979 WARN   ||  Column is missing a character set: HOST CHAR(60) DEFAULT VALUE %   [io.debezium.connector.mysql.MySqlValueConverters]
2022-08-18 13:00:35,979 WARN   ||  Using UTF-8 charset by default for column without charset: HOST CHAR(60) DEFAULT VALUE %   [io.debezium.connector.mysql.MySqlValueConverters]
2022-08-18 13:00:35,979 WARN   ||  Column is missing a character set: USER CHAR(16) DEFAULT VALUE %   [io.debezium.connector.mysql.MySqlValueConverters]
2022-08-18 13:00:35,979 WARN   ||  Using UTF-8 charset by default for column without charset: USER CHAR(16) DEFAULT VALUE %   [io.debezium.connector.mysql.MySqlValueConverters]
2022-08-18 13:00:35,979 WARN   ||  Column is missing a character set: ROLE CHAR(16) DEFAULT VALUE %   [io.debezium.connector.mysql.MySqlValueConverters]
2022-08-18 13:00:35,979 WARN   ||  Using UTF-8 charset by default for column without charset: ROLE CHAR(16) DEFAULT VALUE %   [io.debezium.connector.mysql.MySqlValueConverters]
2022-08-18 13:00:35,980 WARN   ||  Column is missing a character set: OBJECT_SCHEMA VARCHAR(64) DEFAULT VALUE %   [io.debezium.connector.mysql.MySqlValueConverters]
2022-08-18 13:00:35,980 WARN   ||  Using UTF-8 charset by default for column without charset: OBJECT_SCHEMA VARCHAR(64) DEFAULT VALUE %   [io.debezium.connector.mysql.MySqlValueConverters]
2022-08-18 13:00:35,980 WARN   ||  Column is missing a character set: OBJECT_NAME VARCHAR(64) NOT NULL DEFAULT VALUE %   [io.debezium.connector.mysql.MySqlValueConverters]
2022-08-18 13:00:35,980 WARN   ||  Using UTF-8 charset by default for column without charset: OBJECT_NAME VARCHAR(64) NOT NULL DEFAULT VALUE %   [io.debezium.connector.mysql.MySqlValueConverters]
2022-08-18 13:00:36,007 WARN   ||  Column is missing a character set: Grantor CHAR(77) DEFAULT VALUE    [io.debezium.connector.mysql.MySqlValueConverters]
2022-08-18 13:00:36,007 WARN   ||  Using UTF-8 charset by default for column without charset: Grantor CHAR(77) DEFAULT VALUE    [io.debezium.connector.mysql.MySqlValueConverters]
2022-08-18 13:00:36,582 WARN   ||  Column is missing a character set: MULTI_SOURCED CHAR(1) DEFAULT VALUE 0   [io.debezium.connector.mysql.MySqlValueConverters]
2022-08-18 13:00:36,582 WARN   ||  Using UTF-8 charset by default for column without charset: MULTI_SOURCED CHAR(1) DEFAULT VALUE 0   [io.debezium.connector.mysql.MySqlValueConverters]
2022-08-18 13:00:36,583 WARN   ||  Column is missing a character set: WSDL_DEFINED CHAR(1) DEFAULT VALUE 0   [io.debezium.connector.mysql.MySqlValueConverters]
2022-08-18 13:00:36,583 WARN   ||  Using UTF-8 charset by default for column without charset: WSDL_DEFINED CHAR(1) DEFAULT VALUE 0   [io.debezium.connector.mysql.MySqlValueConverters]
Tests run: 101, Failures: 0, Errors: 0, Skipped: 0, Time elapsed: 6.989 sec - in io.debezium.connector.mysql.MySqlAntlrDdlParserTest
Running io.debezium.connector.mysql.FiltersTest
Tests run: 22, Failures: 0, Errors: 0, Skipped: 0, Time elapsed: 0.058 sec - in io.debezium.connector.mysql.FiltersTest
Running io.debezium.connector.mysql.GtidSetTest
Tests run: 9, Failures: 0, Errors: 0, Skipped: 0, Time elapsed: 0.005 sec - in io.debezium.connector.mysql.GtidSetTest
Running io.debezium.connector.mysql.MySqlSchemaTest
2022-08-18 13:00:37,055 WARN   ||  Ignoring unparseable DDL statement 'xxxCREATE TABLE mytable
# Create the database that we'll use to populate data and watch the effect in the binlog
CREATE DATABASE connector_test;

# Create and populate our products using a single insert with many rows
CREATE TABLE connector_test.products (
  id INTEGER NOT NULL AUTO_INCREMENT PRIMARY KEY,
  name VARCHAR(255) NOT NULL,
  description VARCHAR(512),
  weight FLOAT
);
ALTER TABLE connector_test.products AUTO_INCREMENT = 101;

# Create and populate the products on hand using multiple inserts
CREATE TABLE connector_test.products_on_hand (
  product_id INTEGER NOT NULL PRIMARY KEY,
  quantity INTEGER NOT NULL,
  FOREIGN KEY (product_id) REFERENCES products(id)
);

# Create some customers ...
CREATE TABLE connector_test.customers (
  id INTEGER NOT NULL AUTO_INCREMENT PRIMARY KEY,
  first_name VARCHAR(255) NOT NULL,
  last_name VARCHAR(255) NOT NULL,
  email VARCHAR(255) NOT NULL UNIQUE KEY
) AUTO_INCREMENT=1001;

# Create some veyr simple orders
CREATE TABLE connector_test.orders (
  order_number INTEGER NOT NULL AUTO_INCREMENT PRIMARY KEY,
  order_date DATE NOT NULL,
  purchaser INTEGER NOT NULL,
  quantity INTEGER NOT NULL,
  product_id INTEGER NOT NULL,
  FOREIGN KEY order_customer (purchaser) REFERENCES customers(id),
  FOREIGN KEY ordered_product (product_id) REFERENCES products(id)
) AUTO_INCREMENT = 10001;': {}   [io.debezium.connector.mysql.MySqlSchema]
2022-08-18 13:00:37,063 WARN   ||  Ignoring unparseable statements 'xxxCREATE TABLE mytable
# Create the database that we'll use to populate data and watch the effect in the binlog
CREATE DATABASE connector_test;

# Create and populate our products using a single insert with many rows
CREATE TABLE connector_test.products (
  id INTEGER NOT NULL AUTO_INCREMENT PRIMARY KEY,
  name VARCHAR(255) NOT NULL,
  description VARCHAR(512),
  weight FLOAT
);
ALTER TABLE connector_test.products AUTO_INCREMENT = 101;

# Create and populate the products on hand using multiple inserts
CREATE TABLE connector_test.products_on_hand (
  product_id INTEGER NOT NULL PRIMARY KEY,
  quantity INTEGER NOT NULL,
  FOREIGN KEY (product_id) REFERENCES products(id)
);

# Create some customers ...
CREATE TABLE connector_test.customers (
  id INTEGER NOT NULL AUTO_INCREMENT PRIMARY KEY,
  first_name VARCHAR(255) NOT NULL,
  last_name VARCHAR(255) NOT NULL,
  email VARCHAR(255) NOT NULL UNIQUE KEY
) AUTO_INCREMENT=1001;

# Create some veyr simple orders
CREATE TABLE connector_test.orders (
  order_number INTEGER NOT NULL AUTO_INCREMENT PRIMARY KEY,
  order_date DATE NOT NULL,
  purchaser INTEGER NOT NULL,
  quantity INTEGER NOT NULL,
  product_id INTEGER NOT NULL,
  FOREIGN KEY order_customer (purchaser) REFERENCES customers(id),
  FOREIGN KEY ordered_product (product_id) REFERENCES products(id)
) AUTO_INCREMENT = 10001;' stored in database history: {}   [io.debezium.relational.history.FileDatabaseHistory]
io.debezium.text.ParsingException: Failed to parse statement 'xxxCREATE TABLE mytable
# Create the database that we'll use to populate data and watch the effect in the binlog
CREATE DATABASE connector_test;

# Create and populate our products using a single insert with many rows
CREATE TABLE connector_test.products (
  id INTEGER NOT NULL AUTO_INCREMENT PRIMARY KEY,
  name VARCHAR(255) NOT NULL,
  description VARCHAR(512),
  weight FLOAT
);
ALTER TABLE connector_test.products AUTO_INCREMENT = 101;

# Create and populate the products on hand using multiple inserts
CREATE TABLE connector_test.products_on_hand (
  product_id INTEGER NOT NULL PRIMARY KEY,
  quantity INTEGER NOT NULL,
  FOREIGN KEY (product_id) REFERENCES products(id)
);

# Create some customers ...
CREATE TABLE connector_test.customers (
  id INTEGER NOT NULL AUTO_INCREMENT PRIMARY KEY,
  first_name VARCHAR(255) NOT NULL,
  last_name VARCHAR(255) NOT NULL,
  email VARCHAR(255) NOT NULL UNIQUE KEY
) AUTO_INCREMENT=1001;

# Create some veyr simple orders
CREATE TABLE connector_test.orders (
  order_number INTEGER NOT NULL AUTO_INCREMENT PRIMARY KEY,
  order_date DATE NOT NULL,
  purchaser INTEGER NOT NULL,
  quantity INTEGER NOT NULL,
  product_id INTEGER NOT NULL,
  FOREIGN KEY order_customer (purchaser) REFERENCES customers(id),
  FOREIGN KEY ordered_product (product_id) REFERENCES products(id)
) AUTO_INCREMENT = 10001;'
	at io.debezium.relational.ddl.LegacyDdlParser.parse(LegacyDdlParser.java:225)
	at io.debezium.relational.ddl.LegacyDdlParser.parse(LegacyDdlParser.java:200)
	at io.debezium.relational.history.AbstractDatabaseHistory.lambda$recover$1(AbstractDatabaseHistory.java:104)
	at io.debezium.relational.history.FileDatabaseHistory.lambda$recoverRecords$2(FileDatabaseHistory.java:131)
	at io.debezium.util.FunctionalReadWriteLock.write(FunctionalReadWriteLock.java:96)
	at io.debezium.relational.history.FileDatabaseHistory.recoverRecords(FileDatabaseHistory.java:126)
	at io.debezium.relational.history.AbstractDatabaseHistory.recover(AbstractDatabaseHistory.java:73)
	at io.debezium.connector.mysql.MySqlSchema.loadHistory(MySqlSchema.java:250)
	at io.debezium.connector.mysql.MySqlSchemaTest.assertHistoryRecorded(MySqlSchemaTest.java:194)
	at io.debezium.connector.mysql.MySqlSchemaTest.shouldIgnoreUnparseableDdlAndRecover(MySqlSchemaTest.java:101)
	at sun.reflect.NativeMethodAccessorImpl.invoke0(Native Method)
	at sun.reflect.NativeMethodAccessorImpl.invoke(NativeMethodAccessorImpl.java:62)
	at sun.reflect.DelegatingMethodAccessorImpl.invoke(DelegatingMethodAccessorImpl.java:43)
	at java.lang.reflect.Method.invoke(Method.java:498)
	at org.junit.runners.model.FrameworkMethod$1.runReflectiveCall(FrameworkMethod.java:50)
	at org.junit.internal.runners.model.ReflectiveCallable.run(ReflectiveCallable.java:12)
	at org.junit.runners.model.FrameworkMethod.invokeExplosively(FrameworkMethod.java:47)
	at org.junit.internal.runners.statements.InvokeMethod.evaluate(InvokeMethod.java:17)
	at org.junit.internal.runners.statements.RunBefores.evaluate(RunBefores.java:26)
	at org.junit.internal.runners.statements.RunAfters.evaluate(RunAfters.java:27)
	at org.junit.runners.ParentRunner.runLeaf(ParentRunner.java:325)
	at org.junit.runners.BlockJUnit4ClassRunner.runChild(BlockJUnit4ClassRunner.java:78)
	at org.junit.runners.BlockJUnit4ClassRunner.runChild(BlockJUnit4ClassRunner.java:57)
	at org.junit.runners.ParentRunner$3.run(ParentRunner.java:290)
	at org.junit.runners.ParentRunner$1.schedule(ParentRunner.java:71)
	at org.junit.runners.ParentRunner.runChildren(ParentRunner.java:288)
	at org.junit.runners.ParentRunner.access$000(ParentRunner.java:58)
	at org.junit.runners.ParentRunner$2.evaluate(ParentRunner.java:268)
	at org.junit.runners.ParentRunner.run(ParentRunner.java:363)
	at org.apache.maven.surefire.junit4.JUnit4Provider.execute(JUnit4Provider.java:283)
	at org.apache.maven.surefire.junit4.JUnit4Provider.executeWithRerun(JUnit4Provider.java:173)
	at org.apache.maven.surefire.junit4.JUnit4Provider.executeTestSet(JUnit4Provider.java:153)
	at org.apache.maven.surefire.junit4.JUnit4Provider.invoke(JUnit4Provider.java:128)
	at org.apache.maven.surefire.booter.ForkedBooter.invokeProviderInSameClassLoader(ForkedBooter.java:203)
	at org.apache.maven.surefire.booter.ForkedBooter.runSuitesInProcess(ForkedBooter.java:155)
	at org.apache.maven.surefire.booter.ForkedBooter.main(ForkedBooter.java:103)
Caused by: io.debezium.text.ParsingException: Expecting token type 128 at line 1, column 1 but found 'xxxCREATE':  ===>> xxxCREATE TABLE myta
	at io.debezium.text.TokenStream.consume(TokenStream.java:750)
	at io.debezium.relational.ddl.LegacyDdlParser.consumeStatement(LegacyDdlParser.java:462)
	at io.debezium.relational.ddl.LegacyDdlParser.parseUnknownStatement(LegacyDdlParser.java:309)
	at io.debezium.connector.mysql.MySqlDdlParser.parseNextStatement(MySqlDdlParser.java:191)
	at io.debezium.relational.ddl.LegacyDdlParser.parse(LegacyDdlParser.java:219)
	... 35 more
2022-08-18 13:00:37,084 WARN   ||  Column is missing a character set: plugin CHAR(64) NOT NULL DEFAULT VALUE mysql_native_password   [io.debezium.connector.mysql.MySqlValueConverters]
2022-08-18 13:00:37,084 WARN   ||  Using UTF-8 charset by default for column without charset: plugin CHAR(64) NOT NULL DEFAULT VALUE mysql_native_password   [io.debezium.connector.mysql.MySqlValueConverters]
2022-08-18 13:00:37,085 WARN   ||  Column is missing a character set: dl CHAR(128) NOT NULL DEFAULT VALUE    [io.debezium.connector.mysql.MySqlValueConverters]
2022-08-18 13:00:37,085 WARN   ||  Using UTF-8 charset by default for column without charset: dl CHAR(128) NOT NULL DEFAULT VALUE    [io.debezium.connector.mysql.MySqlValueConverters]
2022-08-18 13:00:37,085 WARN   ||  Column is missing a character set: name VARCHAR(64) NOT NULL DEFAULT VALUE    [io.debezium.connector.mysql.MySqlValueConverters]
2022-08-18 13:00:37,085 WARN   ||  Using UTF-8 charset by default for column without charset: name VARCHAR(64) NOT NULL DEFAULT VALUE    [io.debezium.connector.mysql.MySqlValueConverters]
2022-08-18 13:00:37,085 WARN   ||  Column is missing a character set: dl VARCHAR(128) NOT NULL DEFAULT VALUE    [io.debezium.connector.mysql.MySqlValueConverters]
2022-08-18 13:00:37,085 WARN   ||  Using UTF-8 charset by default for column without charset: dl VARCHAR(128) NOT NULL DEFAULT VALUE    [io.debezium.connector.mysql.MySqlValueConverters]
2022-08-18 13:00:37,086 WARN   ||  Column is missing a character set: Server_name CHAR(64) NOT NULL DEFAULT VALUE    [io.debezium.connector.mysql.MySqlValueConverters]
2022-08-18 13:00:37,086 WARN   ||  Using UTF-8 charset by default for column without charset: Server_name CHAR(64) NOT NULL DEFAULT VALUE    [io.debezium.connector.mysql.MySqlValueConverters]
2022-08-18 13:00:37,086 WARN   ||  Column is missing a character set: Host CHAR(64) NOT NULL DEFAULT VALUE    [io.debezium.connector.mysql.MySqlValueConverters]
2022-08-18 13:00:37,086 WARN   ||  Using UTF-8 charset by default for column without charset: Host CHAR(64) NOT NULL DEFAULT VALUE    [io.debezium.connector.mysql.MySqlValueConverters]
2022-08-18 13:00:37,086 WARN   ||  Column is missing a character set: Db CHAR(64) NOT NULL DEFAULT VALUE    [io.debezium.connector.mysql.MySqlValueConverters]
2022-08-18 13:00:37,086 WARN   ||  Using UTF-8 charset by default for column without charset: Db CHAR(64) NOT NULL DEFAULT VALUE    [io.debezium.connector.mysql.MySqlValueConverters]
2022-08-18 13:00:37,086 WARN   ||  Column is missing a character set: Username CHAR(64) NOT NULL DEFAULT VALUE    [io.debezium.connector.mysql.MySqlValueConverters]
2022-08-18 13:00:37,086 WARN   ||  Using UTF-8 charset by default for column without charset: Username CHAR(64) NOT NULL DEFAULT VALUE    [io.debezium.connector.mysql.MySqlValueConverters]
2022-08-18 13:00:37,086 WARN   ||  Column is missing a character set: Password CHAR(64) NOT NULL DEFAULT VALUE    [io.debezium.connector.mysql.MySqlValueConverters]
2022-08-18 13:00:37,086 WARN   ||  Using UTF-8 charset by default for column without charset: Password CHAR(64) NOT NULL DEFAULT VALUE    [io.debezium.connector.mysql.MySqlValueConverters]
2022-08-18 13:00:37,086 WARN   ||  Column is missing a character set: Socket CHAR(64) NOT NULL DEFAULT VALUE    [io.debezium.connector.mysql.MySqlValueConverters]
2022-08-18 13:00:37,086 WARN   ||  Using UTF-8 charset by default for column without charset: Socket CHAR(64) NOT NULL DEFAULT VALUE    [io.debezium.connector.mysql.MySqlValueConverters]
2022-08-18 13:00:37,086 WARN   ||  Column is missing a character set: Wrapper CHAR(64) NOT NULL DEFAULT VALUE    [io.debezium.connector.mysql.MySqlValueConverters]
2022-08-18 13:00:37,086 WARN   ||  Using UTF-8 charset by default for column without charset: Wrapper CHAR(64) NOT NULL DEFAULT VALUE    [io.debezium.connector.mysql.MySqlValueConverters]
2022-08-18 13:00:37,087 WARN   ||  Column is missing a character set: Owner CHAR(64) NOT NULL DEFAULT VALUE    [io.debezium.connector.mysql.MySqlValueConverters]
2022-08-18 13:00:37,087 WARN   ||  Using UTF-8 charset by default for column without charset: Owner CHAR(64) NOT NULL DEFAULT VALUE    [io.debezium.connector.mysql.MySqlValueConverters]
2022-08-18 13:00:37,087 WARN   ||  Column is missing a character set: Grantor CHAR(77) NOT NULL DEFAULT VALUE    [io.debezium.connector.mysql.MySqlValueConverters]
2022-08-18 13:00:37,087 WARN   ||  Using UTF-8 charset by default for column without charset: Grantor CHAR(77) NOT NULL DEFAULT VALUE    [io.debezium.connector.mysql.MySqlValueConverters]
2022-08-18 13:00:37,091 WARN   ||  Column is missing a character set: Abbreviation CHAR(8) NOT NULL DEFAULT VALUE    [io.debezium.connector.mysql.MySqlValueConverters]
2022-08-18 13:00:37,091 WARN   ||  Using UTF-8 charset by default for column without charset: Abbreviation CHAR(8) NOT NULL DEFAULT VALUE    [io.debezium.connector.mysql.MySqlValueConverters]
2022-08-18 13:00:37,091 WARN   ||  Column is missing a character set: db CHAR(64) NOT NULL DEFAULT VALUE    [io.debezium.connector.mysql.MySqlValueConverters]
2022-08-18 13:00:37,091 WARN   ||  Using UTF-8 charset by default for column without charset: db CHAR(64) NOT NULL DEFAULT VALUE    [io.debezium.connector.mysql.MySqlValueConverters]
2022-08-18 13:00:37,091 WARN   ||  Column is missing a character set: name CHAR(64) NOT NULL DEFAULT VALUE    [io.debezium.connector.mysql.MySqlValueConverters]
2022-08-18 13:00:37,091 WARN   ||  Using UTF-8 charset by default for column without charset: name CHAR(64) NOT NULL DEFAULT VALUE    [io.debezium.connector.mysql.MySqlValueConverters]
2022-08-18 13:00:37,092 WARN   ||  Column is missing a character set: specific_name CHAR(64) NOT NULL DEFAULT VALUE    [io.debezium.connector.mysql.MySqlValueConverters]
2022-08-18 13:00:37,092 WARN   ||  Using UTF-8 charset by default for column without charset: specific_name CHAR(64) NOT NULL DEFAULT VALUE    [io.debezium.connector.mysql.MySqlValueConverters]
2022-08-18 13:00:37,092 WARN   ||  Column is missing a character set: definer CHAR(77) NOT NULL DEFAULT VALUE    [io.debezium.connector.mysql.MySqlValueConverters]
2022-08-18 13:00:37,092 WARN   ||  Using UTF-8 charset by default for column without charset: definer CHAR(77) NOT NULL DEFAULT VALUE    [io.debezium.connector.mysql.MySqlValueConverters]
2022-08-18 13:00:37,093 WARN   ||  Column is missing a character set: Routine_name CHAR(64) NOT NULL DEFAULT VALUE    [io.debezium.connector.mysql.MySqlValueConverters]
2022-08-18 13:00:37,093 WARN   ||  Using UTF-8 charset by default for column without charset: Routine_name CHAR(64) NOT NULL DEFAULT VALUE    [io.debezium.connector.mysql.MySqlValueConverters]
2022-08-18 13:00:37,094 WARN   ||  Column is missing a character set: Grantor CHAR(77) NOT NULL DEFAULT VALUE    [io.debezium.connector.mysql.MySqlValueConverters]
2022-08-18 13:00:37,094 WARN   ||  Using UTF-8 charset by default for column without charset: Grantor CHAR(77) NOT NULL DEFAULT VALUE    [io.debezium.connector.mysql.MySqlValueConverters]
2022-08-18 13:00:37,113 WARN   ||  Column is missing a character set: HOST CHAR(60) NOT NULL DEFAULT VALUE %   [io.debezium.connector.mysql.MySqlValueConverters]
2022-08-18 13:00:37,113 WARN   ||  Using UTF-8 charset by default for column without charset: HOST CHAR(60) NOT NULL DEFAULT VALUE %   [io.debezium.connector.mysql.MySqlValueConverters]
2022-08-18 13:00:37,113 WARN   ||  Column is missing a character set: USER CHAR(32) NOT NULL DEFAULT VALUE %   [io.debezium.connector.mysql.MySqlValueConverters]
2022-08-18 13:00:37,113 WARN   ||  Using UTF-8 charset by default for column without charset: USER CHAR(32) NOT NULL DEFAULT VALUE %   [io.debezium.connector.mysql.MySqlValueConverters]
2022-08-18 13:00:37,113 WARN   ||  Column is missing a character set: ROLE CHAR(16) NOT NULL DEFAULT VALUE %   [io.debezium.connector.mysql.MySqlValueConverters]
2022-08-18 13:00:37,113 WARN   ||  Using UTF-8 charset by default for column without charset: ROLE CHAR(16) NOT NULL DEFAULT VALUE %   [io.debezium.connector.mysql.MySqlValueConverters]
2022-08-18 13:00:37,113 WARN   ||  Column is missing a character set: OBJECT_SCHEMA VARCHAR(64) DEFAULT VALUE %   [io.debezium.connector.mysql.MySqlValueConverters]
2022-08-18 13:00:37,114 WARN   ||  Using UTF-8 charset by default for column without charset: OBJECT_SCHEMA VARCHAR(64) DEFAULT VALUE %   [io.debezium.connector.mysql.MySqlValueConverters]
2022-08-18 13:00:37,114 WARN   ||  Column is missing a character set: OBJECT_NAME VARCHAR(64) NOT NULL DEFAULT VALUE %   [io.debezium.connector.mysql.MySqlValueConverters]
2022-08-18 13:00:37,114 WARN   ||  Using UTF-8 charset by default for column without charset: OBJECT_NAME VARCHAR(64) NOT NULL DEFAULT VALUE %   [io.debezium.connector.mysql.MySqlValueConverters]
2022-08-18 13:00:37,144 WARN   ||  Column is missing a character set: Grantor CHAR(77) NOT NULL DEFAULT VALUE    [io.debezium.connector.mysql.MySqlValueConverters]
2022-08-18 13:00:37,144 WARN   ||  Using UTF-8 charset by default for column without charset: Grantor CHAR(77) NOT NULL DEFAULT VALUE    [io.debezium.connector.mysql.MySqlValueConverters]
2022-08-18 13:00:37,188 WARN   ||  Column is missing a character set: plugin CHAR(64) NOT NULL DEFAULT VALUE mysql_native_password   [io.debezium.connector.mysql.MySqlValueConverters]
2022-08-18 13:00:37,188 WARN   ||  Using UTF-8 charset by default for column without charset: plugin CHAR(64) NOT NULL DEFAULT VALUE mysql_native_password   [io.debezium.connector.mysql.MySqlValueConverters]
2022-08-18 13:00:37,189 WARN   ||  Column is missing a character set: dl CHAR(128) NOT NULL DEFAULT VALUE    [io.debezium.connector.mysql.MySqlValueConverters]
2022-08-18 13:00:37,189 WARN   ||  Using UTF-8 charset by default for column without charset: dl CHAR(128) NOT NULL DEFAULT VALUE    [io.debezium.connector.mysql.MySqlValueConverters]
2022-08-18 13:00:37,189 WARN   ||  Column is missing a character set: name VARCHAR(64) NOT NULL DEFAULT VALUE    [io.debezium.connector.mysql.MySqlValueConverters]
2022-08-18 13:00:37,189 WARN   ||  Using UTF-8 charset by default for column without charset: name VARCHAR(64) NOT NULL DEFAULT VALUE    [io.debezium.connector.mysql.MySqlValueConverters]
2022-08-18 13:00:37,189 WARN   ||  Column is missing a character set: dl VARCHAR(128) NOT NULL DEFAULT VALUE    [io.debezium.connector.mysql.MySqlValueConverters]
2022-08-18 13:00:37,189 WARN   ||  Using UTF-8 charset by default for column without charset: dl VARCHAR(128) NOT NULL DEFAULT VALUE    [io.debezium.connector.mysql.MySqlValueConverters]
2022-08-18 13:00:37,189 WARN   ||  Column is missing a character set: Server_name CHAR(64) NOT NULL DEFAULT VALUE    [io.debezium.connector.mysql.MySqlValueConverters]
2022-08-18 13:00:37,189 WARN   ||  Using UTF-8 charset by default for column without charset: Server_name CHAR(64) NOT NULL DEFAULT VALUE    [io.debezium.connector.mysql.MySqlValueConverters]
2022-08-18 13:00:37,189 WARN   ||  Column is missing a character set: Host CHAR(64) NOT NULL DEFAULT VALUE    [io.debezium.connector.mysql.MySqlValueConverters]
2022-08-18 13:00:37,189 WARN   ||  Using UTF-8 charset by default for column without charset: Host CHAR(64) NOT NULL DEFAULT VALUE    [io.debezium.connector.mysql.MySqlValueConverters]
2022-08-18 13:00:37,190 WARN   ||  Column is missing a character set: Db CHAR(64) NOT NULL DEFAULT VALUE    [io.debezium.connector.mysql.MySqlValueConverters]
2022-08-18 13:00:37,190 WARN   ||  Using UTF-8 charset by default for column without charset: Db CHAR(64) NOT NULL DEFAULT VALUE    [io.debezium.connector.mysql.MySqlValueConverters]
2022-08-18 13:00:37,190 WARN   ||  Column is missing a character set: Username CHAR(64) NOT NULL DEFAULT VALUE    [io.debezium.connector.mysql.MySqlValueConverters]
2022-08-18 13:00:37,190 WARN   ||  Using UTF-8 charset by default for column without charset: Username CHAR(64) NOT NULL DEFAULT VALUE    [io.debezium.connector.mysql.MySqlValueConverters]
2022-08-18 13:00:37,190 WARN   ||  Column is missing a character set: Password CHAR(64) NOT NULL DEFAULT VALUE    [io.debezium.connector.mysql.MySqlValueConverters]
2022-08-18 13:00:37,190 WARN   ||  Using UTF-8 charset by default for column without charset: Password CHAR(64) NOT NULL DEFAULT VALUE    [io.debezium.connector.mysql.MySqlValueConverters]
2022-08-18 13:00:37,190 WARN   ||  Column is missing a character set: Socket CHAR(64) NOT NULL DEFAULT VALUE    [io.debezium.connector.mysql.MySqlValueConverters]
2022-08-18 13:00:37,190 WARN   ||  Using UTF-8 charset by default for column without charset: Socket CHAR(64) NOT NULL DEFAULT VALUE    [io.debezium.connector.mysql.MySqlValueConverters]
2022-08-18 13:00:37,190 WARN   ||  Column is missing a character set: Wrapper CHAR(64) NOT NULL DEFAULT VALUE    [io.debezium.connector.mysql.MySqlValueConverters]
2022-08-18 13:00:37,190 WARN   ||  Using UTF-8 charset by default for column without charset: Wrapper CHAR(64) NOT NULL DEFAULT VALUE    [io.debezium.connector.mysql.MySqlValueConverters]
2022-08-18 13:00:37,190 WARN   ||  Column is missing a character set: Owner CHAR(64) NOT NULL DEFAULT VALUE    [io.debezium.connector.mysql.MySqlValueConverters]
2022-08-18 13:00:37,190 WARN   ||  Using UTF-8 charset by default for column without charset: Owner CHAR(64) NOT NULL DEFAULT VALUE    [io.debezium.connector.mysql.MySqlValueConverters]
2022-08-18 13:00:37,191 WARN   ||  Column is missing a character set: Grantor CHAR(77) NOT NULL DEFAULT VALUE    [io.debezium.connector.mysql.MySqlValueConverters]
2022-08-18 13:00:37,191 WARN   ||  Using UTF-8 charset by default for column without charset: Grantor CHAR(77) NOT NULL DEFAULT VALUE    [io.debezium.connector.mysql.MySqlValueConverters]
2022-08-18 13:00:37,193 WARN   ||  Column is missing a character set: Abbreviation CHAR(8) NOT NULL DEFAULT VALUE    [io.debezium.connector.mysql.MySqlValueConverters]
2022-08-18 13:00:37,193 WARN   ||  Using UTF-8 charset by default for column without charset: Abbreviation CHAR(8) NOT NULL DEFAULT VALUE    [io.debezium.connector.mysql.MySqlValueConverters]
2022-08-18 13:00:37,193 WARN   ||  Column is missing a character set: db CHAR(64) NOT NULL DEFAULT VALUE    [io.debezium.connector.mysql.MySqlValueConverters]
2022-08-18 13:00:37,193 WARN   ||  Using UTF-8 charset by default for column without charset: db CHAR(64) NOT NULL DEFAULT VALUE    [io.debezium.connector.mysql.MySqlValueConverters]
2022-08-18 13:00:37,194 WARN   ||  Column is missing a character set: name CHAR(64) NOT NULL DEFAULT VALUE    [io.debezium.connector.mysql.MySqlValueConverters]
2022-08-18 13:00:37,194 WARN   ||  Using UTF-8 charset by default for column without charset: name CHAR(64) NOT NULL DEFAULT VALUE    [io.debezium.connector.mysql.MySqlValueConverters]
2022-08-18 13:00:37,194 WARN   ||  Column is missing a character set: specific_name CHAR(64) NOT NULL DEFAULT VALUE    [io.debezium.connector.mysql.MySqlValueConverters]
2022-08-18 13:00:37,194 WARN   ||  Using UTF-8 charset by default for column without charset: specific_name CHAR(64) NOT NULL DEFAULT VALUE    [io.debezium.connector.mysql.MySqlValueConverters]
2022-08-18 13:00:37,194 WARN   ||  Column is missing a character set: definer CHAR(77) NOT NULL DEFAULT VALUE    [io.debezium.connector.mysql.MySqlValueConverters]
2022-08-18 13:00:37,194 WARN   ||  Using UTF-8 charset by default for column without charset: definer CHAR(77) NOT NULL DEFAULT VALUE    [io.debezium.connector.mysql.MySqlValueConverters]
2022-08-18 13:00:37,195 WARN   ||  Column is missing a character set: Routine_name CHAR(64) NOT NULL DEFAULT VALUE    [io.debezium.connector.mysql.MySqlValueConverters]
2022-08-18 13:00:37,195 WARN   ||  Using UTF-8 charset by default for column without charset: Routine_name CHAR(64) NOT NULL DEFAULT VALUE    [io.debezium.connector.mysql.MySqlValueConverters]
2022-08-18 13:00:37,195 WARN   ||  Column is missing a character set: Grantor CHAR(77) NOT NULL DEFAULT VALUE    [io.debezium.connector.mysql.MySqlValueConverters]
2022-08-18 13:00:37,195 WARN   ||  Using UTF-8 charset by default for column without charset: Grantor CHAR(77) NOT NULL DEFAULT VALUE    [io.debezium.connector.mysql.MySqlValueConverters]
2022-08-18 13:00:37,210 WARN   ||  Column is missing a character set: HOST CHAR(60) NOT NULL DEFAULT VALUE %   [io.debezium.connector.mysql.MySqlValueConverters]
2022-08-18 13:00:37,210 WARN   ||  Using UTF-8 charset by default for column without charset: HOST CHAR(60) NOT NULL DEFAULT VALUE %   [io.debezium.connector.mysql.MySqlValueConverters]
2022-08-18 13:00:37,210 WARN   ||  Column is missing a character set: USER CHAR(32) NOT NULL DEFAULT VALUE %   [io.debezium.connector.mysql.MySqlValueConverters]
2022-08-18 13:00:37,210 WARN   ||  Using UTF-8 charset by default for column without charset: USER CHAR(32) NOT NULL DEFAULT VALUE %   [io.debezium.connector.mysql.MySqlValueConverters]
2022-08-18 13:00:37,210 WARN   ||  Column is missing a character set: ROLE CHAR(16) NOT NULL DEFAULT VALUE %   [io.debezium.connector.mysql.MySqlValueConverters]
2022-08-18 13:00:37,210 WARN   ||  Using UTF-8 charset by default for column without charset: ROLE CHAR(16) NOT NULL DEFAULT VALUE %   [io.debezium.connector.mysql.MySqlValueConverters]
2022-08-18 13:00:37,211 WARN   ||  Column is missing a character set: OBJECT_SCHEMA VARCHAR(64) DEFAULT VALUE %   [io.debezium.connector.mysql.MySqlValueConverters]
2022-08-18 13:00:37,211 WARN   ||  Using UTF-8 charset by default for column without charset: OBJECT_SCHEMA VARCHAR(64) DEFAULT VALUE %   [io.debezium.connector.mysql.MySqlValueConverters]
2022-08-18 13:00:37,211 WARN   ||  Column is missing a character set: OBJECT_NAME VARCHAR(64) NOT NULL DEFAULT VALUE %   [io.debezium.connector.mysql.MySqlValueConverters]
2022-08-18 13:00:37,212 WARN   ||  Using UTF-8 charset by default for column without charset: OBJECT_NAME VARCHAR(64) NOT NULL DEFAULT VALUE %   [io.debezium.connector.mysql.MySqlValueConverters]
2022-08-18 13:00:37,241 WARN   ||  Column is missing a character set: Grantor CHAR(77) NOT NULL DEFAULT VALUE    [io.debezium.connector.mysql.MySqlValueConverters]
2022-08-18 13:00:37,241 WARN   ||  Using UTF-8 charset by default for column without charset: Grantor CHAR(77) NOT NULL DEFAULT VALUE    [io.debezium.connector.mysql.MySqlValueConverters]
2022-08-18 13:00:37,260 WARN   ||  Column is missing a character set: plugin CHAR(64) NOT NULL DEFAULT VALUE mysql_native_password   [io.debezium.connector.mysql.MySqlValueConverters]
2022-08-18 13:00:37,260 WARN   ||  Using UTF-8 charset by default for column without charset: plugin CHAR(64) NOT NULL DEFAULT VALUE mysql_native_password   [io.debezium.connector.mysql.MySqlValueConverters]
2022-08-18 13:00:37,261 WARN   ||  Column is missing a character set: dl CHAR(128) NOT NULL DEFAULT VALUE    [io.debezium.connector.mysql.MySqlValueConverters]
2022-08-18 13:00:37,261 WARN   ||  Using UTF-8 charset by default for column without charset: dl CHAR(128) NOT NULL DEFAULT VALUE    [io.debezium.connector.mysql.MySqlValueConverters]
2022-08-18 13:00:37,261 WARN   ||  Column is missing a character set: name VARCHAR(64) NOT NULL DEFAULT VALUE    [io.debezium.connector.mysql.MySqlValueConverters]
2022-08-18 13:00:37,261 WARN   ||  Using UTF-8 charset by default for column without charset: name VARCHAR(64) NOT NULL DEFAULT VALUE    [io.debezium.connector.mysql.MySqlValueConverters]
2022-08-18 13:00:37,261 WARN   ||  Column is missing a character set: dl VARCHAR(128) NOT NULL DEFAULT VALUE    [io.debezium.connector.mysql.MySqlValueConverters]
2022-08-18 13:00:37,261 WARN   ||  Using UTF-8 charset by default for column without charset: dl VARCHAR(128) NOT NULL DEFAULT VALUE    [io.debezium.connector.mysql.MySqlValueConverters]
2022-08-18 13:00:37,261 WARN   ||  Column is missing a character set: Server_name CHAR(64) NOT NULL DEFAULT VALUE    [io.debezium.connector.mysql.MySqlValueConverters]
2022-08-18 13:00:37,261 WARN   ||  Using UTF-8 charset by default for column without charset: Server_name CHAR(64) NOT NULL DEFAULT VALUE    [io.debezium.connector.mysql.MySqlValueConverters]
2022-08-18 13:00:37,261 WARN   ||  Column is missing a character set: Host CHAR(64) NOT NULL DEFAULT VALUE    [io.debezium.connector.mysql.MySqlValueConverters]
2022-08-18 13:00:37,261 WARN   ||  Using UTF-8 charset by default for column without charset: Host CHAR(64) NOT NULL DEFAULT VALUE    [io.debezium.connector.mysql.MySqlValueConverters]
2022-08-18 13:00:37,261 WARN   ||  Column is missing a character set: Db CHAR(64) NOT NULL DEFAULT VALUE    [io.debezium.connector.mysql.MySqlValueConverters]
2022-08-18 13:00:37,261 WARN   ||  Using UTF-8 charset by default for column without charset: Db CHAR(64) NOT NULL DEFAULT VALUE    [io.debezium.connector.mysql.MySqlValueConverters]
2022-08-18 13:00:37,262 WARN   ||  Column is missing a character set: Username CHAR(64) NOT NULL DEFAULT VALUE    [io.debezium.connector.mysql.MySqlValueConverters]
2022-08-18 13:00:37,262 WARN   ||  Using UTF-8 charset by default for column without charset: Username CHAR(64) NOT NULL DEFAULT VALUE    [io.debezium.connector.mysql.MySqlValueConverters]
2022-08-18 13:00:37,262 WARN   ||  Column is missing a character set: Password CHAR(64) NOT NULL DEFAULT VALUE    [io.debezium.connector.mysql.MySqlValueConverters]
2022-08-18 13:00:37,262 WARN   ||  Using UTF-8 charset by default for column without charset: Password CHAR(64) NOT NULL DEFAULT VALUE    [io.debezium.connector.mysql.MySqlValueConverters]
2022-08-18 13:00:37,262 WARN   ||  Column is missing a character set: Socket CHAR(64) NOT NULL DEFAULT VALUE    [io.debezium.connector.mysql.MySqlValueConverters]
2022-08-18 13:00:37,262 WARN   ||  Using UTF-8 charset by default for column without charset: Socket CHAR(64) NOT NULL DEFAULT VALUE    [io.debezium.connector.mysql.MySqlValueConverters]
2022-08-18 13:00:37,262 WARN   ||  Column is missing a character set: Wrapper CHAR(64) NOT NULL DEFAULT VALUE    [io.debezium.connector.mysql.MySqlValueConverters]
2022-08-18 13:00:37,262 WARN   ||  Using UTF-8 charset by default for column without charset: Wrapper CHAR(64) NOT NULL DEFAULT VALUE    [io.debezium.connector.mysql.MySqlValueConverters]
2022-08-18 13:00:37,262 WARN   ||  Column is missing a character set: Owner CHAR(64) NOT NULL DEFAULT VALUE    [io.debezium.connector.mysql.MySqlValueConverters]
2022-08-18 13:00:37,262 WARN   ||  Using UTF-8 charset by default for column without charset: Owner CHAR(64) NOT NULL DEFAULT VALUE    [io.debezium.connector.mysql.MySqlValueConverters]
2022-08-18 13:00:37,262 WARN   ||  Column is missing a character set: Grantor CHAR(77) NOT NULL DEFAULT VALUE    [io.debezium.connector.mysql.MySqlValueConverters]
2022-08-18 13:00:37,262 WARN   ||  Using UTF-8 charset by default for column without charset: Grantor CHAR(77) NOT NULL DEFAULT VALUE    [io.debezium.connector.mysql.MySqlValueConverters]
2022-08-18 13:00:37,264 WARN   ||  Column is missing a character set: Abbreviation CHAR(8) NOT NULL DEFAULT VALUE    [io.debezium.connector.mysql.MySqlValueConverters]
2022-08-18 13:00:37,264 WARN   ||  Using UTF-8 charset by default for column without charset: Abbreviation CHAR(8) NOT NULL DEFAULT VALUE    [io.debezium.connector.mysql.MySqlValueConverters]
2022-08-18 13:00:37,264 WARN   ||  Column is missing a character set: db CHAR(64) NOT NULL DEFAULT VALUE    [io.debezium.connector.mysql.MySqlValueConverters]
2022-08-18 13:00:37,264 WARN   ||  Using UTF-8 charset by default for column without charset: db CHAR(64) NOT NULL DEFAULT VALUE    [io.debezium.connector.mysql.MySqlValueConverters]
2022-08-18 13:00:37,264 WARN   ||  Column is missing a character set: name CHAR(64) NOT NULL DEFAULT VALUE    [io.debezium.connector.mysql.MySqlValueConverters]
2022-08-18 13:00:37,264 WARN   ||  Using UTF-8 charset by default for column without charset: name CHAR(64) NOT NULL DEFAULT VALUE    [io.debezium.connector.mysql.MySqlValueConverters]
2022-08-18 13:00:37,265 WARN   ||  Column is missing a character set: specific_name CHAR(64) NOT NULL DEFAULT VALUE    [io.debezium.connector.mysql.MySqlValueConverters]
2022-08-18 13:00:37,265 WARN   ||  Using UTF-8 charset by default for column without charset: specific_name CHAR(64) NOT NULL DEFAULT VALUE    [io.debezium.connector.mysql.MySqlValueConverters]
2022-08-18 13:00:37,265 WARN   ||  Column is missing a character set: definer CHAR(77) NOT NULL DEFAULT VALUE    [io.debezium.connector.mysql.MySqlValueConverters]
2022-08-18 13:00:37,265 WARN   ||  Using UTF-8 charset by default for column without charset: definer CHAR(77) NOT NULL DEFAULT VALUE    [io.debezium.connector.mysql.MySqlValueConverters]
2022-08-18 13:00:37,266 WARN   ||  Column is missing a character set: Routine_name CHAR(64) NOT NULL DEFAULT VALUE    [io.debezium.connector.mysql.MySqlValueConverters]
2022-08-18 13:00:37,266 WARN   ||  Using UTF-8 charset by default for column without charset: Routine_name CHAR(64) NOT NULL DEFAULT VALUE    [io.debezium.connector.mysql.MySqlValueConverters]
2022-08-18 13:00:37,266 WARN   ||  Column is missing a character set: Grantor CHAR(77) NOT NULL DEFAULT VALUE    [io.debezium.connector.mysql.MySqlValueConverters]
2022-08-18 13:00:37,266 WARN   ||  Using UTF-8 charset by default for column without charset: Grantor CHAR(77) NOT NULL DEFAULT VALUE    [io.debezium.connector.mysql.MySqlValueConverters]
2022-08-18 13:00:37,279 WARN   ||  Column is missing a character set: HOST CHAR(60) NOT NULL DEFAULT VALUE %   [io.debezium.connector.mysql.MySqlValueConverters]
2022-08-18 13:00:37,279 WARN   ||  Using UTF-8 charset by default for column without charset: HOST CHAR(60) NOT NULL DEFAULT VALUE %   [io.debezium.connector.mysql.MySqlValueConverters]
2022-08-18 13:00:37,279 WARN   ||  Column is missing a character set: USER CHAR(32) NOT NULL DEFAULT VALUE %   [io.debezium.connector.mysql.MySqlValueConverters]
2022-08-18 13:00:37,279 WARN   ||  Using UTF-8 charset by default for column without charset: USER CHAR(32) NOT NULL DEFAULT VALUE %   [io.debezium.connector.mysql.MySqlValueConverters]
2022-08-18 13:00:37,279 WARN   ||  Column is missing a character set: ROLE CHAR(16) NOT NULL DEFAULT VALUE %   [io.debezium.connector.mysql.MySqlValueConverters]
2022-08-18 13:00:37,279 WARN   ||  Using UTF-8 charset by default for column without charset: ROLE CHAR(16) NOT NULL DEFAULT VALUE %   [io.debezium.connector.mysql.MySqlValueConverters]
2022-08-18 13:00:37,279 WARN   ||  Column is missing a character set: OBJECT_SCHEMA VARCHAR(64) DEFAULT VALUE %   [io.debezium.connector.mysql.MySqlValueConverters]
2022-08-18 13:00:37,279 WARN   ||  Using UTF-8 charset by default for column without charset: OBJECT_SCHEMA VARCHAR(64) DEFAULT VALUE %   [io.debezium.connector.mysql.MySqlValueConverters]
2022-08-18 13:00:37,280 WARN   ||  Column is missing a character set: OBJECT_NAME VARCHAR(64) NOT NULL DEFAULT VALUE %   [io.debezium.connector.mysql.MySqlValueConverters]
2022-08-18 13:00:37,280 WARN   ||  Using UTF-8 charset by default for column without charset: OBJECT_NAME VARCHAR(64) NOT NULL DEFAULT VALUE %   [io.debezium.connector.mysql.MySqlValueConverters]
2022-08-18 13:00:37,303 WARN   ||  Column is missing a character set: Grantor CHAR(77) NOT NULL DEFAULT VALUE    [io.debezium.connector.mysql.MySqlValueConverters]
2022-08-18 13:00:37,303 WARN   ||  Using UTF-8 charset by default for column without charset: Grantor CHAR(77) NOT NULL DEFAULT VALUE    [io.debezium.connector.mysql.MySqlValueConverters]
2022-08-18 13:00:37,351 WARN   ||  Column is missing a character set: plugin CHAR(64) NOT NULL DEFAULT VALUE mysql_native_password   [io.debezium.connector.mysql.MySqlValueConverters]
2022-08-18 13:00:37,351 WARN   ||  Using UTF-8 charset by default for column without charset: plugin CHAR(64) NOT NULL DEFAULT VALUE mysql_native_password   [io.debezium.connector.mysql.MySqlValueConverters]
2022-08-18 13:00:37,351 WARN   ||  Column is missing a character set: dl CHAR(128) NOT NULL DEFAULT VALUE    [io.debezium.connector.mysql.MySqlValueConverters]
2022-08-18 13:00:37,351 WARN   ||  Using UTF-8 charset by default for column without charset: dl CHAR(128) NOT NULL DEFAULT VALUE    [io.debezium.connector.mysql.MySqlValueConverters]
2022-08-18 13:00:37,351 WARN   ||  Column is missing a character set: name VARCHAR(64) NOT NULL DEFAULT VALUE    [io.debezium.connector.mysql.MySqlValueConverters]
2022-08-18 13:00:37,351 WARN   ||  Using UTF-8 charset by default for column without charset: name VARCHAR(64) NOT NULL DEFAULT VALUE    [io.debezium.connector.mysql.MySqlValueConverters]
2022-08-18 13:00:37,352 WARN   ||  Column is missing a character set: dl VARCHAR(128) NOT NULL DEFAULT VALUE    [io.debezium.connector.mysql.MySqlValueConverters]
2022-08-18 13:00:37,352 WARN   ||  Using UTF-8 charset by default for column without charset: dl VARCHAR(128) NOT NULL DEFAULT VALUE    [io.debezium.connector.mysql.MySqlValueConverters]
2022-08-18 13:00:37,352 WARN   ||  Column is missing a character set: Server_name CHAR(64) NOT NULL DEFAULT VALUE    [io.debezium.connector.mysql.MySqlValueConverters]
2022-08-18 13:00:37,352 WARN   ||  Using UTF-8 charset by default for column without charset: Server_name CHAR(64) NOT NULL DEFAULT VALUE    [io.debezium.connector.mysql.MySqlValueConverters]
2022-08-18 13:00:37,352 WARN   ||  Column is missing a character set: Host CHAR(64) NOT NULL DEFAULT VALUE    [io.debezium.connector.mysql.MySqlValueConverters]
2022-08-18 13:00:37,352 WARN   ||  Using UTF-8 charset by default for column without charset: Host CHAR(64) NOT NULL DEFAULT VALUE    [io.debezium.connector.mysql.MySqlValueConverters]
2022-08-18 13:00:37,352 WARN   ||  Column is missing a character set: Db CHAR(64) NOT NULL DEFAULT VALUE    [io.debezium.connector.mysql.MySqlValueConverters]
2022-08-18 13:00:37,352 WARN   ||  Using UTF-8 charset by default for column without charset: Db CHAR(64) NOT NULL DEFAULT VALUE    [io.debezium.connector.mysql.MySqlValueConverters]
2022-08-18 13:00:37,352 WARN   ||  Column is missing a character set: Username CHAR(64) NOT NULL DEFAULT VALUE    [io.debezium.connector.mysql.MySqlValueConverters]
2022-08-18 13:00:37,352 WARN   ||  Using UTF-8 charset by default for column without charset: Username CHAR(64) NOT NULL DEFAULT VALUE    [io.debezium.connector.mysql.MySqlValueConverters]
2022-08-18 13:00:37,352 WARN   ||  Column is missing a character set: Password CHAR(64) NOT NULL DEFAULT VALUE    [io.debezium.connector.mysql.MySqlValueConverters]
2022-08-18 13:00:37,352 WARN   ||  Using UTF-8 charset by default for column without charset: Password CHAR(64) NOT NULL DEFAULT VALUE    [io.debezium.connector.mysql.MySqlValueConverters]
2022-08-18 13:00:37,352 WARN   ||  Column is missing a character set: Socket CHAR(64) NOT NULL DEFAULT VALUE    [io.debezium.connector.mysql.MySqlValueConverters]
2022-08-18 13:00:37,352 WARN   ||  Using UTF-8 charset by default for column without charset: Socket CHAR(64) NOT NULL DEFAULT VALUE    [io.debezium.connector.mysql.MySqlValueConverters]
2022-08-18 13:00:37,352 WARN   ||  Column is missing a character set: Wrapper CHAR(64) NOT NULL DEFAULT VALUE    [io.debezium.connector.mysql.MySqlValueConverters]
2022-08-18 13:00:37,352 WARN   ||  Using UTF-8 charset by default for column without charset: Wrapper CHAR(64) NOT NULL DEFAULT VALUE    [io.debezium.connector.mysql.MySqlValueConverters]
2022-08-18 13:00:37,352 WARN   ||  Column is missing a character set: Owner CHAR(64) NOT NULL DEFAULT VALUE    [io.debezium.connector.mysql.MySqlValueConverters]
2022-08-18 13:00:37,352 WARN   ||  Using UTF-8 charset by default for column without charset: Owner CHAR(64) NOT NULL DEFAULT VALUE    [io.debezium.connector.mysql.MySqlValueConverters]
2022-08-18 13:00:37,353 WARN   ||  Column is missing a character set: Grantor CHAR(77) NOT NULL DEFAULT VALUE    [io.debezium.connector.mysql.MySqlValueConverters]
2022-08-18 13:00:37,353 WARN   ||  Using UTF-8 charset by default for column without charset: Grantor CHAR(77) NOT NULL DEFAULT VALUE    [io.debezium.connector.mysql.MySqlValueConverters]
2022-08-18 13:00:37,355 WARN   ||  Column is missing a character set: Abbreviation CHAR(8) NOT NULL DEFAULT VALUE    [io.debezium.connector.mysql.MySqlValueConverters]
2022-08-18 13:00:37,355 WARN   ||  Using UTF-8 charset by default for column without charset: Abbreviation CHAR(8) NOT NULL DEFAULT VALUE    [io.debezium.connector.mysql.MySqlValueConverters]
2022-08-18 13:00:37,355 WARN   ||  Column is missing a character set: db CHAR(64) NOT NULL DEFAULT VALUE    [io.debezium.connector.mysql.MySqlValueConverters]
2022-08-18 13:00:37,355 WARN   ||  Using UTF-8 charset by default for column without charset: db CHAR(64) NOT NULL DEFAULT VALUE    [io.debezium.connector.mysql.MySqlValueConverters]
2022-08-18 13:00:37,355 WARN   ||  Column is missing a character set: name CHAR(64) NOT NULL DEFAULT VALUE    [io.debezium.connector.mysql.MySqlValueConverters]
2022-08-18 13:00:37,355 WARN   ||  Using UTF-8 charset by default for column without charset: name CHAR(64) NOT NULL DEFAULT VALUE    [io.debezium.connector.mysql.MySqlValueConverters]
2022-08-18 13:00:37,355 WARN   ||  Column is missing a character set: specific_name CHAR(64) NOT NULL DEFAULT VALUE    [io.debezium.connector.mysql.MySqlValueConverters]
2022-08-18 13:00:37,355 WARN   ||  Using UTF-8 charset by default for column without charset: specific_name CHAR(64) NOT NULL DEFAULT VALUE    [io.debezium.connector.mysql.MySqlValueConverters]
2022-08-18 13:00:37,356 WARN   ||  Column is missing a character set: definer CHAR(77) NOT NULL DEFAULT VALUE    [io.debezium.connector.mysql.MySqlValueConverters]
2022-08-18 13:00:37,356 WARN   ||  Using UTF-8 charset by default for column without charset: definer CHAR(77) NOT NULL DEFAULT VALUE    [io.debezium.connector.mysql.MySqlValueConverters]
2022-08-18 13:00:37,357 WARN   ||  Column is missing a character set: Routine_name CHAR(64) NOT NULL DEFAULT VALUE    [io.debezium.connector.mysql.MySqlValueConverters]
2022-08-18 13:00:37,357 WARN   ||  Using UTF-8 charset by default for column without charset: Routine_name CHAR(64) NOT NULL DEFAULT VALUE    [io.debezium.connector.mysql.MySqlValueConverters]
2022-08-18 13:00:37,357 WARN   ||  Column is missing a character set: Grantor CHAR(77) NOT NULL DEFAULT VALUE    [io.debezium.connector.mysql.MySqlValueConverters]
2022-08-18 13:00:37,357 WARN   ||  Using UTF-8 charset by default for column without charset: Grantor CHAR(77) NOT NULL DEFAULT VALUE    [io.debezium.connector.mysql.MySqlValueConverters]
2022-08-18 13:00:37,369 WARN   ||  Column is missing a character set: HOST CHAR(60) NOT NULL DEFAULT VALUE %   [io.debezium.connector.mysql.MySqlValueConverters]
2022-08-18 13:00:37,369 WARN   ||  Using UTF-8 charset by default for column without charset: HOST CHAR(60) NOT NULL DEFAULT VALUE %   [io.debezium.connector.mysql.MySqlValueConverters]
2022-08-18 13:00:37,369 WARN   ||  Column is missing a character set: USER CHAR(32) NOT NULL DEFAULT VALUE %   [io.debezium.connector.mysql.MySqlValueConverters]
2022-08-18 13:00:37,369 WARN   ||  Using UTF-8 charset by default for column without charset: USER CHAR(32) NOT NULL DEFAULT VALUE %   [io.debezium.connector.mysql.MySqlValueConverters]
2022-08-18 13:00:37,369 WARN   ||  Column is missing a character set: ROLE CHAR(16) NOT NULL DEFAULT VALUE %   [io.debezium.connector.mysql.MySqlValueConverters]
2022-08-18 13:00:37,369 WARN   ||  Using UTF-8 charset by default for column without charset: ROLE CHAR(16) NOT NULL DEFAULT VALUE %   [io.debezium.connector.mysql.MySqlValueConverters]
2022-08-18 13:00:37,369 WARN   ||  Column is missing a character set: OBJECT_SCHEMA VARCHAR(64) DEFAULT VALUE %   [io.debezium.connector.mysql.MySqlValueConverters]
2022-08-18 13:00:37,369 WARN   ||  Using UTF-8 charset by default for column without charset: OBJECT_SCHEMA VARCHAR(64) DEFAULT VALUE %   [io.debezium.connector.mysql.MySqlValueConverters]
2022-08-18 13:00:37,370 WARN   ||  Column is missing a character set: OBJECT_NAME VARCHAR(64) NOT NULL DEFAULT VALUE %   [io.debezium.connector.mysql.MySqlValueConverters]
2022-08-18 13:00:37,370 WARN   ||  Using UTF-8 charset by default for column without charset: OBJECT_NAME VARCHAR(64) NOT NULL DEFAULT VALUE %   [io.debezium.connector.mysql.MySqlValueConverters]
2022-08-18 13:00:37,394 WARN   ||  Column is missing a character set: Grantor CHAR(77) NOT NULL DEFAULT VALUE    [io.debezium.connector.mysql.MySqlValueConverters]
2022-08-18 13:00:37,394 WARN   ||  Using UTF-8 charset by default for column without charset: Grantor CHAR(77) NOT NULL DEFAULT VALUE    [io.debezium.connector.mysql.MySqlValueConverters]
Tests run: 5, Failures: 0, Errors: 0, Skipped: 0, Time elapsed: 0.723 sec - in io.debezium.connector.mysql.MySqlSchemaTest
Running io.debezium.connector.mysql.MySqlGeometryTest
Tests run: 5, Failures: 0, Errors: 0, Skipped: 0, Time elapsed: 0.004 sec - in io.debezium.connector.mysql.MySqlGeometryTest
Running io.debezium.connector.mysql.MySqlTaskContextTest
Tests run: 9, Failures: 0, Errors: 0, Skipped: 0, Time elapsed: 0.034 sec - in io.debezium.connector.mysql.MySqlTaskContextTest
Running io.debezium.connector.mysql.MySqlDdlParserTest
2022-08-18 13:00:37,495 WARN   ||  Column is missing a character set: key VARCHAR(64) NOT NULL DEFAULT VALUE    [io.debezium.connector.mysql.MySqlValueConverters]
2022-08-18 13:00:37,496 WARN   ||  Using UTF-8 charset by default for column without charset: key VARCHAR(64) NOT NULL DEFAULT VALUE    [io.debezium.connector.mysql.MySqlValueConverters]
2022-08-18 13:00:37,501 WARN   ||  Column is missing a character set: STATE VARCHAR(256) NOT NULL DEFAULT VALUE NORMAL   [io.debezium.connector.mysql.MySqlValueConverters]
2022-08-18 13:00:37,502 WARN   ||  Using UTF-8 charset by default for column without charset: STATE VARCHAR(256) NOT NULL DEFAULT VALUE NORMAL   [io.debezium.connector.mysql.MySqlValueConverters]
2022-08-18 13:00:37,526 WARN   ||  Column is missing a character set: plugin CHAR(64) NOT NULL DEFAULT VALUE mysql_native_password   [io.debezium.connector.mysql.MySqlValueConverters]
2022-08-18 13:00:37,526 WARN   ||  Using UTF-8 charset by default for column without charset: plugin CHAR(64) NOT NULL DEFAULT VALUE mysql_native_password   [io.debezium.connector.mysql.MySqlValueConverters]
2022-08-18 13:00:37,527 WARN   ||  Column is missing a character set: dl CHAR(128) NOT NULL DEFAULT VALUE    [io.debezium.connector.mysql.MySqlValueConverters]
2022-08-18 13:00:37,527 WARN   ||  Using UTF-8 charset by default for column without charset: dl CHAR(128) NOT NULL DEFAULT VALUE    [io.debezium.connector.mysql.MySqlValueConverters]
2022-08-18 13:00:37,527 WARN   ||  Column is missing a character set: name VARCHAR(64) NOT NULL DEFAULT VALUE    [io.debezium.connector.mysql.MySqlValueConverters]
2022-08-18 13:00:37,527 WARN   ||  Using UTF-8 charset by default for column without charset: name VARCHAR(64) NOT NULL DEFAULT VALUE    [io.debezium.connector.mysql.MySqlValueConverters]
2022-08-18 13:00:37,527 WARN   ||  Column is missing a character set: dl VARCHAR(128) NOT NULL DEFAULT VALUE    [io.debezium.connector.mysql.MySqlValueConverters]
2022-08-18 13:00:37,528 WARN   ||  Using UTF-8 charset by default for column without charset: dl VARCHAR(128) NOT NULL DEFAULT VALUE    [io.debezium.connector.mysql.MySqlValueConverters]
2022-08-18 13:00:37,528 WARN   ||  Column is missing a character set: Server_name CHAR(64) NOT NULL DEFAULT VALUE    [io.debezium.connector.mysql.MySqlValueConverters]
2022-08-18 13:00:37,528 WARN   ||  Using UTF-8 charset by default for column without charset: Server_name CHAR(64) NOT NULL DEFAULT VALUE    [io.debezium.connector.mysql.MySqlValueConverters]
2022-08-18 13:00:37,528 WARN   ||  Column is missing a character set: Host CHAR(64) NOT NULL DEFAULT VALUE    [io.debezium.connector.mysql.MySqlValueConverters]
2022-08-18 13:00:37,528 WARN   ||  Using UTF-8 charset by default for column without charset: Host CHAR(64) NOT NULL DEFAULT VALUE    [io.debezium.connector.mysql.MySqlValueConverters]
2022-08-18 13:00:37,528 WARN   ||  Column is missing a character set: Db CHAR(64) NOT NULL DEFAULT VALUE    [io.debezium.connector.mysql.MySqlValueConverters]
2022-08-18 13:00:37,528 WARN   ||  Using UTF-8 charset by default for column without charset: Db CHAR(64) NOT NULL DEFAULT VALUE    [io.debezium.connector.mysql.MySqlValueConverters]
2022-08-18 13:00:37,528 WARN   ||  Column is missing a character set: Username CHAR(64) NOT NULL DEFAULT VALUE    [io.debezium.connector.mysql.MySqlValueConverters]
2022-08-18 13:00:37,528 WARN   ||  Using UTF-8 charset by default for column without charset: Username CHAR(64) NOT NULL DEFAULT VALUE    [io.debezium.connector.mysql.MySqlValueConverters]
2022-08-18 13:00:37,528 WARN   ||  Column is missing a character set: Password CHAR(64) NOT NULL DEFAULT VALUE    [io.debezium.connector.mysql.MySqlValueConverters]
2022-08-18 13:00:37,528 WARN   ||  Using UTF-8 charset by default for column without charset: Password CHAR(64) NOT NULL DEFAULT VALUE    [io.debezium.connector.mysql.MySqlValueConverters]
2022-08-18 13:00:37,529 WARN   ||  Column is missing a character set: Socket CHAR(64) NOT NULL DEFAULT VALUE    [io.debezium.connector.mysql.MySqlValueConverters]
2022-08-18 13:00:37,529 WARN   ||  Using UTF-8 charset by default for column without charset: Socket CHAR(64) NOT NULL DEFAULT VALUE    [io.debezium.connector.mysql.MySqlValueConverters]
2022-08-18 13:00:37,529 WARN   ||  Column is missing a character set: Wrapper CHAR(64) NOT NULL DEFAULT VALUE    [io.debezium.connector.mysql.MySqlValueConverters]
2022-08-18 13:00:37,529 WARN   ||  Using UTF-8 charset by default for column without charset: Wrapper CHAR(64) NOT NULL DEFAULT VALUE    [io.debezium.connector.mysql.MySqlValueConverters]
2022-08-18 13:00:37,529 WARN   ||  Column is missing a character set: Owner CHAR(64) NOT NULL DEFAULT VALUE    [io.debezium.connector.mysql.MySqlValueConverters]
2022-08-18 13:00:37,529 WARN   ||  Using UTF-8 charset by default for column without charset: Owner CHAR(64) NOT NULL DEFAULT VALUE    [io.debezium.connector.mysql.MySqlValueConverters]
2022-08-18 13:00:37,529 WARN   ||  Column is missing a character set: Grantor CHAR(77) NOT NULL DEFAULT VALUE    [io.debezium.connector.mysql.MySqlValueConverters]
2022-08-18 13:00:37,529 WARN   ||  Using UTF-8 charset by default for column without charset: Grantor CHAR(77) NOT NULL DEFAULT VALUE    [io.debezium.connector.mysql.MySqlValueConverters]
2022-08-18 13:00:37,532 WARN   ||  Column is missing a character set: Abbreviation CHAR(8) NOT NULL DEFAULT VALUE    [io.debezium.connector.mysql.MySqlValueConverters]
2022-08-18 13:00:37,533 WARN   ||  Using UTF-8 charset by default for column without charset: Abbreviation CHAR(8) NOT NULL DEFAULT VALUE    [io.debezium.connector.mysql.MySqlValueConverters]
2022-08-18 13:00:37,533 WARN   ||  Column is missing a character set: db CHAR(64) NOT NULL DEFAULT VALUE    [io.debezium.connector.mysql.MySqlValueConverters]
2022-08-18 13:00:37,533 WARN   ||  Using UTF-8 charset by default for column without charset: db CHAR(64) NOT NULL DEFAULT VALUE    [io.debezium.connector.mysql.MySqlValueConverters]
2022-08-18 13:00:37,533 WARN   ||  Column is missing a character set: name CHAR(64) NOT NULL DEFAULT VALUE    [io.debezium.connector.mysql.MySqlValueConverters]
2022-08-18 13:00:37,533 WARN   ||  Using UTF-8 charset by default for column without charset: name CHAR(64) NOT NULL DEFAULT VALUE    [io.debezium.connector.mysql.MySqlValueConverters]
2022-08-18 13:00:37,533 WARN   ||  Column is missing a character set: specific_name CHAR(64) NOT NULL DEFAULT VALUE    [io.debezium.connector.mysql.MySqlValueConverters]
2022-08-18 13:00:37,533 WARN   ||  Using UTF-8 charset by default for column without charset: specific_name CHAR(64) NOT NULL DEFAULT VALUE    [io.debezium.connector.mysql.MySqlValueConverters]
2022-08-18 13:00:37,534 WARN   ||  Column is missing a character set: definer CHAR(77) NOT NULL DEFAULT VALUE    [io.debezium.connector.mysql.MySqlValueConverters]
2022-08-18 13:00:37,534 WARN   ||  Using UTF-8 charset by default for column without charset: definer CHAR(77) NOT NULL DEFAULT VALUE    [io.debezium.connector.mysql.MySqlValueConverters]
2022-08-18 13:00:37,535 WARN   ||  Column is missing a character set: Routine_name CHAR(64) NOT NULL DEFAULT VALUE    [io.debezium.connector.mysql.MySqlValueConverters]
2022-08-18 13:00:37,535 WARN   ||  Using UTF-8 charset by default for column without charset: Routine_name CHAR(64) NOT NULL DEFAULT VALUE    [io.debezium.connector.mysql.MySqlValueConverters]
2022-08-18 13:00:37,535 WARN   ||  Column is missing a character set: Grantor CHAR(77) NOT NULL DEFAULT VALUE    [io.debezium.connector.mysql.MySqlValueConverters]
2022-08-18 13:00:37,535 WARN   ||  Using UTF-8 charset by default for column without charset: Grantor CHAR(77) NOT NULL DEFAULT VALUE    [io.debezium.connector.mysql.MySqlValueConverters]
2022-08-18 13:00:37,557 WARN   ||  Column is missing a character set: HOST CHAR(60) NOT NULL DEFAULT VALUE %   [io.debezium.connector.mysql.MySqlValueConverters]
2022-08-18 13:00:37,557 WARN   ||  Using UTF-8 charset by default for column without charset: HOST CHAR(60) NOT NULL DEFAULT VALUE %   [io.debezium.connector.mysql.MySqlValueConverters]
2022-08-18 13:00:37,557 WARN   ||  Column is missing a character set: USER CHAR(32) NOT NULL DEFAULT VALUE %   [io.debezium.connector.mysql.MySqlValueConverters]
2022-08-18 13:00:37,557 WARN   ||  Using UTF-8 charset by default for column without charset: USER CHAR(32) NOT NULL DEFAULT VALUE %   [io.debezium.connector.mysql.MySqlValueConverters]
2022-08-18 13:00:37,558 WARN   ||  Column is missing a character set: ROLE CHAR(16) NOT NULL DEFAULT VALUE %   [io.debezium.connector.mysql.MySqlValueConverters]
2022-08-18 13:00:37,558 WARN   ||  Using UTF-8 charset by default for column without charset: ROLE CHAR(16) NOT NULL DEFAULT VALUE %   [io.debezium.connector.mysql.MySqlValueConverters]
2022-08-18 13:00:37,558 WARN   ||  Column is missing a character set: OBJECT_SCHEMA VARCHAR(64) DEFAULT VALUE %   [io.debezium.connector.mysql.MySqlValueConverters]
2022-08-18 13:00:37,558 WARN   ||  Using UTF-8 charset by default for column without charset: OBJECT_SCHEMA VARCHAR(64) DEFAULT VALUE %   [io.debezium.connector.mysql.MySqlValueConverters]
2022-08-18 13:00:37,558 WARN   ||  Column is missing a character set: OBJECT_NAME VARCHAR(64) NOT NULL DEFAULT VALUE %   [io.debezium.connector.mysql.MySqlValueConverters]
2022-08-18 13:00:37,558 WARN   ||  Using UTF-8 charset by default for column without charset: OBJECT_NAME VARCHAR(64) NOT NULL DEFAULT VALUE %   [io.debezium.connector.mysql.MySqlValueConverters]
2022-08-18 13:00:37,603 WARN   ||  Column is missing a character set: Grantor CHAR(77) NOT NULL DEFAULT VALUE    [io.debezium.connector.mysql.MySqlValueConverters]
2022-08-18 13:00:37,603 WARN   ||  Using UTF-8 charset by default for column without charset: Grantor CHAR(77) NOT NULL DEFAULT VALUE    [io.debezium.connector.mysql.MySqlValueConverters]
2022-08-18 13:00:37,615 WARN   ||  Column is missing a character set: plugin CHAR(64) NOT NULL DEFAULT VALUE mysql_native_password   [io.debezium.connector.mysql.MySqlValueConverters]
2022-08-18 13:00:37,615 WARN   ||  Using UTF-8 charset by default for column without charset: plugin CHAR(64) NOT NULL DEFAULT VALUE mysql_native_password   [io.debezium.connector.mysql.MySqlValueConverters]
2022-08-18 13:00:37,626 WARN   ||  Column is missing a character set: column VARCHAR(255) NOT NULL DEFAULT VALUE    [io.debezium.connector.mysql.MySqlValueConverters]
2022-08-18 13:00:37,626 WARN   ||  Using UTF-8 charset by default for column without charset: column VARCHAR(255) NOT NULL DEFAULT VALUE    [io.debezium.connector.mysql.MySqlValueConverters]
2022-08-18 13:00:37,626 WARN   ||  Column is missing a character set: ghi VARCHAR(255) NOT NULL DEFAULT VALUE    [io.debezium.connector.mysql.MySqlValueConverters]
2022-08-18 13:00:37,627 WARN   ||  Using UTF-8 charset by default for column without charset: ghi VARCHAR(255) NOT NULL DEFAULT VALUE    [io.debezium.connector.mysql.MySqlValueConverters]
2022-08-18 13:00:37,627 WARN   ||  Column is missing a character set: jkl VARCHAR(255) NOT NULL DEFAULT VALUE    [io.debezium.connector.mysql.MySqlValueConverters]
2022-08-18 13:00:37,627 WARN   ||  Using UTF-8 charset by default for column without charset: jkl VARCHAR(255) NOT NULL DEFAULT VALUE    [io.debezium.connector.mysql.MySqlValueConverters]
2022-08-18 13:00:37,629 WARN   ||  Column is missing a character set: column VARCHAR(255) NOT NULL DEFAULT VALUE    [io.debezium.connector.mysql.MySqlValueConverters]
2022-08-18 13:00:37,629 WARN   ||  Using UTF-8 charset by default for column without charset: column VARCHAR(255) NOT NULL DEFAULT VALUE    [io.debezium.connector.mysql.MySqlValueConverters]
2022-08-18 13:00:37,629 WARN   ||  Column is missing a character set: ghi VARCHAR(255) NOT NULL DEFAULT VALUE    [io.debezium.connector.mysql.MySqlValueConverters]
2022-08-18 13:00:37,629 WARN   ||  Using UTF-8 charset by default for column without charset: ghi VARCHAR(255) NOT NULL DEFAULT VALUE    [io.debezium.connector.mysql.MySqlValueConverters]
2022-08-18 13:00:37,630 WARN   ||  Column is missing a character set: jkl VARCHAR(255) NOT NULL DEFAULT VALUE    [io.debezium.connector.mysql.MySqlValueConverters]
2022-08-18 13:00:37,630 WARN   ||  Using UTF-8 charset by default for column without charset: jkl VARCHAR(255) NOT NULL DEFAULT VALUE    [io.debezium.connector.mysql.MySqlValueConverters]
2022-08-18 13:00:37,695 WARN   ||  Column is missing a character set: columnA CHAR(60) NOT NULL DEFAULT VALUE A   [io.debezium.connector.mysql.MySqlValueConverters]
2022-08-18 13:00:37,695 WARN   ||  Using UTF-8 charset by default for column without charset: columnA CHAR(60) NOT NULL DEFAULT VALUE A   [io.debezium.connector.mysql.MySqlValueConverters]
2022-08-18 13:00:37,695 WARN   ||  Column is missing a character set: columnC VARCHAR(10) DEFAULT VALUE C   [io.debezium.connector.mysql.MySqlValueConverters]
2022-08-18 13:00:37,695 WARN   ||  Using UTF-8 charset by default for column without charset: columnC VARCHAR(10) DEFAULT VALUE C   [io.debezium.connector.mysql.MySqlValueConverters]
2022-08-18 13:00:37,703 WARN   ||  Column is missing a character set: ghi VARCHAR(255) NOT NULL DEFAULT VALUE    [io.debezium.connector.mysql.MySqlValueConverters]
2022-08-18 13:00:37,703 WARN   ||  Using UTF-8 charset by default for column without charset: ghi VARCHAR(255) NOT NULL DEFAULT VALUE    [io.debezium.connector.mysql.MySqlValueConverters]
2022-08-18 13:00:37,703 WARN   ||  Column is missing a character set: column VARCHAR(255) NOT NULL DEFAULT VALUE    [io.debezium.connector.mysql.MySqlValueConverters]
2022-08-18 13:00:37,703 WARN   ||  Using UTF-8 charset by default for column without charset: column VARCHAR(255) NOT NULL DEFAULT VALUE    [io.debezium.connector.mysql.MySqlValueConverters]
2022-08-18 13:00:37,714 WARN   ||  Column is missing a character set: MULTI_SOURCED CHAR(1) DEFAULT VALUE 0   [io.debezium.connector.mysql.MySqlValueConverters]
2022-08-18 13:00:37,714 WARN   ||  Using UTF-8 charset by default for column without charset: MULTI_SOURCED CHAR(1) DEFAULT VALUE 0   [io.debezium.connector.mysql.MySqlValueConverters]
2022-08-18 13:00:37,715 WARN   ||  Column is missing a character set: WSDL_DEFINED CHAR(1) DEFAULT VALUE 0   [io.debezium.connector.mysql.MySqlValueConverters]
2022-08-18 13:00:37,715 WARN   ||  Using UTF-8 charset by default for column without charset: WSDL_DEFINED CHAR(1) DEFAULT VALUE 0   [io.debezium.connector.mysql.MySqlValueConverters]
Tests run: 91, Failures: 0, Errors: 0, Skipped: 0, Time elapsed: 0.264 sec - in io.debezium.connector.mysql.MySqlDdlParserTest
Running io.debezium.connector.mysql.MysqlAntlrDefaultValueTest
2022-08-18 13:00:37,765 WARN   ||  Column is missing a character set: A CHAR DEFAULT VALUE A   [io.debezium.connector.mysql.MySqlValueConverters]
2022-08-18 13:00:37,765 WARN   ||  Using UTF-8 charset by default for column without charset: A CHAR DEFAULT VALUE A   [io.debezium.connector.mysql.MySqlValueConverters]
2022-08-18 13:00:37,765 WARN   ||  Column is missing a character set: B CHAR DEFAULT VALUE b   [io.debezium.connector.mysql.MySqlValueConverters]
2022-08-18 13:00:37,765 WARN   ||  Using UTF-8 charset by default for column without charset: B CHAR DEFAULT VALUE b   [io.debezium.connector.mysql.MySqlValueConverters]
2022-08-18 13:00:37,765 WARN   ||  Column is missing a character set: C VARCHAR(10) DEFAULT VALUE CC   [io.debezium.connector.mysql.MySqlValueConverters]
2022-08-18 13:00:37,765 WARN   ||  Using UTF-8 charset by default for column without charset: C VARCHAR(10) DEFAULT VALUE CC   [io.debezium.connector.mysql.MySqlValueConverters]
Tests run: 17, Failures: 0, Errors: 2, Skipped: 0, Time elapsed: 0.058 sec <<< FAILURE! - in io.debezium.connector.mysql.MysqlAntlrDefaultValueTest
parseTimeDefaultValue(io.debezium.connector.mysql.MysqlAntlrDefaultValueTest)  Time elapsed: 0.008 sec  <<< ERROR!
java.time.format.DateTimeParseException: Text '2000-01-00 00:00:00' could not be parsed: Invalid value for DayOfMonth (valid values 1 - 28/31): 0
	at java.time.format.DateTimeFormatter.createError(DateTimeFormatter.java:1920)
	at java.time.format.DateTimeFormatter.parse(DateTimeFormatter.java:1781)
	at io.debezium.connector.mysql.MySqlDefaultValuePreConverter.convertToLocalDateTime(MySqlDefaultValuePreConverter.java:129)
	at io.debezium.connector.mysql.MySqlDefaultValuePreConverter.convert(MySqlDefaultValuePreConverter.java:60)
	at io.debezium.connector.mysql.antlr.listener.ColumnDefinitionParserListener.convertDefaultValueToSchemaType(ColumnDefinitionParserListener.java:261)
	at io.debezium.connector.mysql.antlr.listener.ColumnDefinitionParserListener.enterDefaultValue(ColumnDefinitionParserListener.java:129)
	at io.debezium.ddl.parser.mysql.generated.MySqlParser$DefaultValueContext.enterRule(MySqlParser.java:49034)
	at io.debezium.antlr.ProxyParseTreeListenerUtil.delegateEnterRule(ProxyParseTreeListenerUtil.java:46)
	at io.debezium.connector.mysql.antlr.listener.MySqlAntlrDdlParserListener.enterEveryRule(MySqlAntlrDdlParserListener.java:89)
	at org.antlr.v4.runtime.tree.ParseTreeWalker.enterRule(ParseTreeWalker.java:41)
	at org.antlr.v4.runtime.tree.ParseTreeWalker.walk(ParseTreeWalker.java:25)
	at org.antlr.v4.runtime.tree.ParseTreeWalker.walk(ParseTreeWalker.java:28)
	at org.antlr.v4.runtime.tree.ParseTreeWalker.walk(ParseTreeWalker.java:28)
	at org.antlr.v4.runtime.tree.ParseTreeWalker.walk(ParseTreeWalker.java:28)
	at org.antlr.v4.runtime.tree.ParseTreeWalker.walk(ParseTreeWalker.java:28)
	at org.antlr.v4.runtime.tree.ParseTreeWalker.walk(ParseTreeWalker.java:28)
	at org.antlr.v4.runtime.tree.ParseTreeWalker.walk(ParseTreeWalker.java:28)
	at org.antlr.v4.runtime.tree.ParseTreeWalker.walk(ParseTreeWalker.java:28)
	at org.antlr.v4.runtime.tree.ParseTreeWalker.walk(ParseTreeWalker.java:28)
	at org.antlr.v4.runtime.tree.ParseTreeWalker.walk(ParseTreeWalker.java:28)
	at io.debezium.antlr.AntlrDdlParser.parse(AntlrDdlParser.java:85)
	at io.debezium.connector.mysql.AbstractMysqlDefaultValueTest.parseTimeDefaultValue(AbstractMysqlDefaultValueTest.java:347)
	at sun.reflect.NativeMethodAccessorImpl.invoke0(Native Method)
	at sun.reflect.NativeMethodAccessorImpl.invoke(NativeMethodAccessorImpl.java:62)
	at sun.reflect.DelegatingMethodAccessorImpl.invoke(DelegatingMethodAccessorImpl.java:43)
	at java.lang.reflect.Method.invoke(Method.java:498)
	at org.junit.runners.model.FrameworkMethod$1.runReflectiveCall(FrameworkMethod.java:50)
	at org.junit.internal.runners.model.ReflectiveCallable.run(ReflectiveCallable.java:12)
	at org.junit.runners.model.FrameworkMethod.invokeExplosively(FrameworkMethod.java:47)
	at org.junit.internal.runners.statements.InvokeMethod.evaluate(InvokeMethod.java:17)
	at org.junit.internal.runners.statements.RunBefores.evaluate(RunBefores.java:26)
	at org.junit.runners.ParentRunner.runLeaf(ParentRunner.java:325)
	at org.junit.runners.BlockJUnit4ClassRunner.runChild(BlockJUnit4ClassRunner.java:78)
	at org.junit.runners.BlockJUnit4ClassRunner.runChild(BlockJUnit4ClassRunner.java:57)
	at org.junit.runners.ParentRunner$3.run(ParentRunner.java:290)
	at org.junit.runners.ParentRunner$1.schedule(ParentRunner.java:71)
	at org.junit.runners.ParentRunner.runChildren(ParentRunner.java:288)
	at org.junit.runners.ParentRunner.access$000(ParentRunner.java:58)
	at org.junit.runners.ParentRunner$2.evaluate(ParentRunner.java:268)
	at org.junit.runners.ParentRunner.run(ParentRunner.java:363)
	at org.apache.maven.surefire.junit4.JUnit4Provider.execute(JUnit4Provider.java:283)
	at org.apache.maven.surefire.junit4.JUnit4Provider.executeWithRerun(JUnit4Provider.java:173)
	at org.apache.maven.surefire.junit4.JUnit4Provider.executeTestSet(JUnit4Provider.java:153)
	at org.apache.maven.surefire.junit4.JUnit4Provider.invoke(JUnit4Provider.java:128)
	at org.apache.maven.surefire.booter.ForkedBooter.invokeProviderInSameClassLoader(ForkedBooter.java:203)
	at org.apache.maven.surefire.booter.ForkedBooter.runSuitesInProcess(ForkedBooter.java:155)
	at org.apache.maven.surefire.booter.ForkedBooter.main(ForkedBooter.java:103)
Caused by: java.time.DateTimeException: Invalid value for DayOfMonth (valid values 1 - 28/31): 0
	at java.time.temporal.ValueRange.checkValidIntValue(ValueRange.java:330)
	at java.time.temporal.ChronoField.checkValidIntValue(ChronoField.java:722)
	at java.time.chrono.IsoChronology.resolveYMD(IsoChronology.java:551)
	at java.time.chrono.IsoChronology.resolveYMD(IsoChronology.java:123)
	at java.time.chrono.AbstractChronology.resolveDate(AbstractChronology.java:472)
	at java.time.chrono.IsoChronology.resolveDate(IsoChronology.java:492)
	at java.time.chrono.IsoChronology.resolveDate(IsoChronology.java:123)
	at java.time.format.Parsed.resolveDateFields(Parsed.java:351)
	at java.time.format.Parsed.resolveFields(Parsed.java:257)
	at java.time.format.Parsed.resolve(Parsed.java:244)
	at java.time.format.DateTimeParseContext.toResolved(DateTimeParseContext.java:331)
	at java.time.format.DateTimeFormatter.parseResolved0(DateTimeFormatter.java:1955)
	at java.time.format.DateTimeFormatter.parse(DateTimeFormatter.java:1777)
	at io.debezium.connector.mysql.MySqlDefaultValuePreConverter.convertToLocalDateTime(MySqlDefaultValuePreConverter.java:129)
	at io.debezium.connector.mysql.MySqlDefaultValuePreConverter.convert(MySqlDefaultValuePreConverter.java:60)
	at io.debezium.connector.mysql.antlr.listener.ColumnDefinitionParserListener.convertDefaultValueToSchemaType(ColumnDefinitionParserListener.java:261)
	at io.debezium.connector.mysql.antlr.listener.ColumnDefinitionParserListener.enterDefaultValue(ColumnDefinitionParserListener.java:129)
	at io.debezium.ddl.parser.mysql.generated.MySqlParser$DefaultValueContext.enterRule(MySqlParser.java:49034)
	at io.debezium.antlr.ProxyParseTreeListenerUtil.delegateEnterRule(ProxyParseTreeListenerUtil.java:46)
	at io.debezium.connector.mysql.antlr.listener.MySqlAntlrDdlParserListener.enterEveryRule(MySqlAntlrDdlParserListener.java:89)
	at org.antlr.v4.runtime.tree.ParseTreeWalker.enterRule(ParseTreeWalker.java:41)
	at org.antlr.v4.runtime.tree.ParseTreeWalker.walk(ParseTreeWalker.java:25)
	at org.antlr.v4.runtime.tree.ParseTreeWalker.walk(ParseTreeWalker.java:28)
	at org.antlr.v4.runtime.tree.ParseTreeWalker.walk(ParseTreeWalker.java:28)
	at org.antlr.v4.runtime.tree.ParseTreeWalker.walk(ParseTreeWalker.java:28)
	at org.antlr.v4.runtime.tree.ParseTreeWalker.walk(ParseTreeWalker.java:28)
	at org.antlr.v4.runtime.tree.ParseTreeWalker.walk(ParseTreeWalker.java:28)
	at org.antlr.v4.runtime.tree.ParseTreeWalker.walk(ParseTreeWalker.java:28)
	at org.antlr.v4.runtime.tree.ParseTreeWalker.walk(ParseTreeWalker.java:28)
	at org.antlr.v4.runtime.tree.ParseTreeWalker.walk(ParseTreeWalker.java:28)
	at org.antlr.v4.runtime.tree.ParseTreeWalker.walk(ParseTreeWalker.java:28)
	at io.debezium.antlr.AntlrDdlParser.parse(AntlrDdlParser.java:85)
	at io.debezium.connector.mysql.AbstractMysqlDefaultValueTest.parseTimeDefaultValue(AbstractMysqlDefaultValueTest.java:347)
	at sun.reflect.NativeMethodAccessorImpl.invoke0(Native Method)
	at sun.reflect.NativeMethodAccessorImpl.invoke(NativeMethodAccessorImpl.java:62)
	at sun.reflect.DelegatingMethodAccessorImpl.invoke(DelegatingMethodAccessorImpl.java:43)
	at java.lang.reflect.Method.invoke(Method.java:498)
	at org.junit.runners.model.FrameworkMethod$1.runReflectiveCall(FrameworkMethod.java:50)
	at org.junit.internal.runners.model.ReflectiveCallable.run(ReflectiveCallable.java:12)
	at org.junit.runners.model.FrameworkMethod.invokeExplosively(FrameworkMethod.java:47)
	at org.junit.internal.runners.statements.InvokeMethod.evaluate(InvokeMethod.java:17)
	at org.junit.internal.runners.statements.RunBefores.evaluate(RunBefores.java:26)
	at org.junit.runners.ParentRunner.runLeaf(ParentRunner.java:325)
	at org.junit.runners.BlockJUnit4ClassRunner.runChild(BlockJUnit4ClassRunner.java:78)
	at org.junit.runners.BlockJUnit4ClassRunner.runChild(BlockJUnit4ClassRunner.java:57)
	at org.junit.runners.ParentRunner$3.run(ParentRunner.java:290)
	at org.junit.runners.ParentRunner$1.schedule(ParentRunner.java:71)
	at org.junit.runners.ParentRunner.runChildren(ParentRunner.java:288)
	at org.junit.runners.ParentRunner.access$000(ParentRunner.java:58)
	at org.junit.runners.ParentRunner$2.evaluate(ParentRunner.java:268)
	at org.junit.runners.ParentRunner.run(ParentRunner.java:363)
	at org.apache.maven.surefire.junit4.JUnit4Provider.execute(JUnit4Provider.java:283)
	at org.apache.maven.surefire.junit4.JUnit4Provider.executeWithRerun(JUnit4Provider.java:173)
	at org.apache.maven.surefire.junit4.JUnit4Provider.executeTestSet(JUnit4Provider.java:153)
	at org.apache.maven.surefire.junit4.JUnit4Provider.invoke(JUnit4Provider.java:128)
	at org.apache.maven.surefire.booter.ForkedBooter.invokeProviderInSameClassLoader(ForkedBooter.java:203)
	at org.apache.maven.surefire.booter.ForkedBooter.runSuitesInProcess(ForkedBooter.java:155)
	at org.apache.maven.surefire.booter.ForkedBooter.main(ForkedBooter.java:103)

parseDateDefaultValue(io.debezium.connector.mysql.MysqlAntlrDefaultValueTest)  Time elapsed: 0.004 sec  <<< ERROR!
java.time.format.DateTimeParseException: Text '2018-00-01' could not be parsed: Invalid value for MonthOfYear (valid values 1 - 12): 0
	at java.time.format.DateTimeFormatter.createError(DateTimeFormatter.java:1920)
	at java.time.format.DateTimeFormatter.parse(DateTimeFormatter.java:1781)
	at io.debezium.connector.mysql.MySqlDefaultValuePreConverter.convertToLocalDate(MySqlDefaultValuePreConverter.java:107)
	at io.debezium.connector.mysql.MySqlDefaultValuePreConverter.convert(MySqlDefaultValuePreConverter.java:58)
	at io.debezium.connector.mysql.antlr.listener.ColumnDefinitionParserListener.convertDefaultValueToSchemaType(ColumnDefinitionParserListener.java:261)
	at io.debezium.connector.mysql.antlr.listener.ColumnDefinitionParserListener.enterDefaultValue(ColumnDefinitionParserListener.java:129)
	at io.debezium.ddl.parser.mysql.generated.MySqlParser$DefaultValueContext.enterRule(MySqlParser.java:49034)
	at io.debezium.antlr.ProxyParseTreeListenerUtil.delegateEnterRule(ProxyParseTreeListenerUtil.java:46)
	at io.debezium.connector.mysql.antlr.listener.MySqlAntlrDdlParserListener.enterEveryRule(MySqlAntlrDdlParserListener.java:89)
	at org.antlr.v4.runtime.tree.ParseTreeWalker.enterRule(ParseTreeWalker.java:41)
	at org.antlr.v4.runtime.tree.ParseTreeWalker.walk(ParseTreeWalker.java:25)
	at org.antlr.v4.runtime.tree.ParseTreeWalker.walk(ParseTreeWalker.java:28)
	at org.antlr.v4.runtime.tree.ParseTreeWalker.walk(ParseTreeWalker.java:28)
	at org.antlr.v4.runtime.tree.ParseTreeWalker.walk(ParseTreeWalker.java:28)
	at org.antlr.v4.runtime.tree.ParseTreeWalker.walk(ParseTreeWalker.java:28)
	at org.antlr.v4.runtime.tree.ParseTreeWalker.walk(ParseTreeWalker.java:28)
	at org.antlr.v4.runtime.tree.ParseTreeWalker.walk(ParseTreeWalker.java:28)
	at org.antlr.v4.runtime.tree.ParseTreeWalker.walk(ParseTreeWalker.java:28)
	at org.antlr.v4.runtime.tree.ParseTreeWalker.walk(ParseTreeWalker.java:28)
	at org.antlr.v4.runtime.tree.ParseTreeWalker.walk(ParseTreeWalker.java:28)
	at io.debezium.antlr.AntlrDdlParser.parse(AntlrDdlParser.java:85)
	at io.debezium.connector.mysql.AbstractMysqlDefaultValueTest.parseDateDefaultValue(AbstractMysqlDefaultValueTest.java:378)
	at sun.reflect.NativeMethodAccessorImpl.invoke0(Native Method)
	at sun.reflect.NativeMethodAccessorImpl.invoke(NativeMethodAccessorImpl.java:62)
	at sun.reflect.DelegatingMethodAccessorImpl.invoke(DelegatingMethodAccessorImpl.java:43)
	at java.lang.reflect.Method.invoke(Method.java:498)
	at org.junit.runners.model.FrameworkMethod$1.runReflectiveCall(FrameworkMethod.java:50)
	at org.junit.internal.runners.model.ReflectiveCallable.run(ReflectiveCallable.java:12)
	at org.junit.runners.model.FrameworkMethod.invokeExplosively(FrameworkMethod.java:47)
	at org.junit.internal.runners.statements.InvokeMethod.evaluate(InvokeMethod.java:17)
	at org.junit.internal.runners.statements.RunBefores.evaluate(RunBefores.java:26)
	at org.junit.runners.ParentRunner.runLeaf(ParentRunner.java:325)
	at org.junit.runners.BlockJUnit4ClassRunner.runChild(BlockJUnit4ClassRunner.java:78)
	at org.junit.runners.BlockJUnit4ClassRunner.runChild(BlockJUnit4ClassRunner.java:57)
	at org.junit.runners.ParentRunner$3.run(ParentRunner.java:290)
	at org.junit.runners.ParentRunner$1.schedule(ParentRunner.java:71)
	at org.junit.runners.ParentRunner.runChildren(ParentRunner.java:288)
	at org.junit.runners.ParentRunner.access$000(ParentRunner.java:58)
	at org.junit.runners.ParentRunner$2.evaluate(ParentRunner.java:268)
	at org.junit.runners.ParentRunner.run(ParentRunner.java:363)
	at org.apache.maven.surefire.junit4.JUnit4Provider.execute(JUnit4Provider.java:283)
	at org.apache.maven.surefire.junit4.JUnit4Provider.executeWithRerun(JUnit4Provider.java:173)
	at org.apache.maven.surefire.junit4.JUnit4Provider.executeTestSet(JUnit4Provider.java:153)
	at org.apache.maven.surefire.junit4.JUnit4Provider.invoke(JUnit4Provider.java:128)
	at org.apache.maven.surefire.booter.ForkedBooter.invokeProviderInSameClassLoader(ForkedBooter.java:203)
	at org.apache.maven.surefire.booter.ForkedBooter.runSuitesInProcess(ForkedBooter.java:155)
	at org.apache.maven.surefire.booter.ForkedBooter.main(ForkedBooter.java:103)
Caused by: java.time.DateTimeException: Invalid value for MonthOfYear (valid values 1 - 12): 0
	at java.time.temporal.ValueRange.checkValidIntValue(ValueRange.java:330)
	at java.time.temporal.ChronoField.checkValidIntValue(ChronoField.java:722)
	at java.time.chrono.IsoChronology.resolveYMD(IsoChronology.java:550)
	at java.time.chrono.IsoChronology.resolveYMD(IsoChronology.java:123)
	at java.time.chrono.AbstractChronology.resolveDate(AbstractChronology.java:472)
	at java.time.chrono.IsoChronology.resolveDate(IsoChronology.java:492)
	at java.time.chrono.IsoChronology.resolveDate(IsoChronology.java:123)
	at java.time.format.Parsed.resolveDateFields(Parsed.java:351)
	at java.time.format.Parsed.resolveFields(Parsed.java:257)
	at java.time.format.Parsed.resolve(Parsed.java:244)
	at java.time.format.DateTimeParseContext.toResolved(DateTimeParseContext.java:331)
	at java.time.format.DateTimeFormatter.parseResolved0(DateTimeFormatter.java:1955)
	at java.time.format.DateTimeFormatter.parse(DateTimeFormatter.java:1777)
	at io.debezium.connector.mysql.MySqlDefaultValuePreConverter.convertToLocalDate(MySqlDefaultValuePreConverter.java:107)
	at io.debezium.connector.mysql.MySqlDefaultValuePreConverter.convert(MySqlDefaultValuePreConverter.java:58)
	at io.debezium.connector.mysql.antlr.listener.ColumnDefinitionParserListener.convertDefaultValueToSchemaType(ColumnDefinitionParserListener.java:261)
	at io.debezium.connector.mysql.antlr.listener.ColumnDefinitionParserListener.enterDefaultValue(ColumnDefinitionParserListener.java:129)
	at io.debezium.ddl.parser.mysql.generated.MySqlParser$DefaultValueContext.enterRule(MySqlParser.java:49034)
	at io.debezium.antlr.ProxyParseTreeListenerUtil.delegateEnterRule(ProxyParseTreeListenerUtil.java:46)
	at io.debezium.connector.mysql.antlr.listener.MySqlAntlrDdlParserListener.enterEveryRule(MySqlAntlrDdlParserListener.java:89)
	at org.antlr.v4.runtime.tree.ParseTreeWalker.enterRule(ParseTreeWalker.java:41)
	at org.antlr.v4.runtime.tree.ParseTreeWalker.walk(ParseTreeWalker.java:25)
	at org.antlr.v4.runtime.tree.ParseTreeWalker.walk(ParseTreeWalker.java:28)
	at org.antlr.v4.runtime.tree.ParseTreeWalker.walk(ParseTreeWalker.java:28)
	at org.antlr.v4.runtime.tree.ParseTreeWalker.walk(ParseTreeWalker.java:28)
	at org.antlr.v4.runtime.tree.ParseTreeWalker.walk(ParseTreeWalker.java:28)
	at org.antlr.v4.runtime.tree.ParseTreeWalker.walk(ParseTreeWalker.java:28)
	at org.antlr.v4.runtime.tree.ParseTreeWalker.walk(ParseTreeWalker.java:28)
	at org.antlr.v4.runtime.tree.ParseTreeWalker.walk(ParseTreeWalker.java:28)
	at org.antlr.v4.runtime.tree.ParseTreeWalker.walk(ParseTreeWalker.java:28)
	at org.antlr.v4.runtime.tree.ParseTreeWalker.walk(ParseTreeWalker.java:28)
	at io.debezium.antlr.AntlrDdlParser.parse(AntlrDdlParser.java:85)
	at io.debezium.connector.mysql.AbstractMysqlDefaultValueTest.parseDateDefaultValue(AbstractMysqlDefaultValueTest.java:378)
	at sun.reflect.NativeMethodAccessorImpl.invoke0(Native Method)
	at sun.reflect.NativeMethodAccessorImpl.invoke(NativeMethodAccessorImpl.java:62)
	at sun.reflect.DelegatingMethodAccessorImpl.invoke(DelegatingMethodAccessorImpl.java:43)
	at java.lang.reflect.Method.invoke(Method.java:498)
	at org.junit.runners.model.FrameworkMethod$1.runReflectiveCall(FrameworkMethod.java:50)
	at org.junit.internal.runners.model.ReflectiveCallable.run(ReflectiveCallable.java:12)
	at org.junit.runners.model.FrameworkMethod.invokeExplosively(FrameworkMethod.java:47)
	at org.junit.internal.runners.statements.InvokeMethod.evaluate(InvokeMethod.java:17)
	at org.junit.internal.runners.statements.RunBefores.evaluate(RunBefores.java:26)
	at org.junit.runners.ParentRunner.runLeaf(ParentRunner.java:325)
	at org.junit.runners.BlockJUnit4ClassRunner.runChild(BlockJUnit4ClassRunner.java:78)
	at org.junit.runners.BlockJUnit4ClassRunner.runChild(BlockJUnit4ClassRunner.java:57)
	at org.junit.runners.ParentRunner$3.run(ParentRunner.java:290)
	at org.junit.runners.ParentRunner$1.schedule(ParentRunner.java:71)
	at org.junit.runners.ParentRunner.runChildren(ParentRunner.java:288)
	at org.junit.runners.ParentRunner.access$000(ParentRunner.java:58)
	at org.junit.runners.ParentRunner$2.evaluate(ParentRunner.java:268)
	at org.junit.runners.ParentRunner.run(ParentRunner.java:363)
	at org.apache.maven.surefire.junit4.JUnit4Provider.execute(JUnit4Provider.java:283)
	at org.apache.maven.surefire.junit4.JUnit4Provider.executeWithRerun(JUnit4Provider.java:173)
	at org.apache.maven.surefire.junit4.JUnit4Provider.executeTestSet(JUnit4Provider.java:153)
	at org.apache.maven.surefire.junit4.JUnit4Provider.invoke(JUnit4Provider.java:128)
	at org.apache.maven.surefire.booter.ForkedBooter.invokeProviderInSameClassLoader(ForkedBooter.java:203)
	at org.apache.maven.surefire.booter.ForkedBooter.runSuitesInProcess(ForkedBooter.java:155)
	at org.apache.maven.surefire.booter.ForkedBooter.main(ForkedBooter.java:103)

Running io.debezium.connector.mysql.MySqlConnectorTest
Tests run: 1, Failures: 0, Errors: 0, Skipped: 0, Time elapsed: 0.006 sec - in io.debezium.connector.mysql.MySqlConnectorTest
Running io.debezium.connector.mysql.MySqlUnsignedIntegerConverterTest
Tests run: 5, Failures: 0, Errors: 0, Skipped: 0, Time elapsed: 0 sec - in io.debezium.connector.mysql.MySqlUnsignedIntegerConverterTest

Results :

Tests in error: 
  MysqlAntlrDefaultValueTest>AbstractMysqlDefaultValueTest.parseDateDefaultValue:378  DateTimeParse
  MysqlAntlrDefaultValueTest>AbstractMysqlDefaultValueTest.parseTimeDefaultValue:347  DateTimeParse
  MysqlDefaultValueTest>AbstractMysqlDefaultValueTest.parseDateDefaultValue:378  Parsing
  MysqlDefaultValueTest>AbstractMysqlDefaultValueTest.parseTimeDefaultValue:347  Parsing

Tests run: 328, Failures: 0, Errors: 4, Skipped: 1

[INFO] ------------------------------------------------------------------------
[INFO] Reactor Summary for Debezium Parent POM 0.9.0-SNAPSHOT:
[INFO] 
[INFO] Debezium Checkstyle Rules .......................... SUCCESS [  1.298 s]
[INFO] Debezium Parent POM ................................ SUCCESS [  0.152 s]
[INFO] Debezium Core ...................................... SUCCESS [ 15.190 s]
[INFO] Debezium ANTLR DDL parsers ......................... SUCCESS [ 22.230 s]
[INFO] Debezium Assembly Descriptors ...................... SUCCESS [  0.017 s]
[INFO] Debezium Embedded .................................. SUCCESS [  3.525 s]
[INFO] Debezium Connector for MySQL ....................... FAILURE [  9.931 s]
[INFO] Debezium Connector for PostgreSQL .................. SKIPPED
[INFO] Debezium Connector for MongoDB ..................... SKIPPED
[INFO] Debezium Microbenchmark Tests ...................... SKIPPED
[INFO] ------------------------------------------------------------------------
[INFO] BUILD FAILURE
[INFO] ------------------------------------------------------------------------
[INFO] Total time:  53.107 s
[INFO] Finished at: 2022-08-18T13:00:38-07:00
[INFO] ------------------------------------------------------------------------
[ERROR] Failed to execute goal org.apache.maven.plugins:maven-surefire-plugin:2.18.1:test (default-test) on project debezium-connector-mysql: There are test failures.
[ERROR] 
[ERROR] Please refer to /On-the-Reproducibility/section-2/reproducibility-scanner/reproducer/workspace/Bears-208/debezium-connector-mysql/target/surefire-reports for the individual test results.
[ERROR] -> [Help 1]
[ERROR] 
[ERROR] To see the full stack trace of the errors, re-run Maven with the -e switch.
[ERROR] Re-run Maven using the -X switch to enable full debug logging.
[ERROR] 
[ERROR] For more information about the errors and possible solutions, please read the following articles:
[ERROR] [Help 1] http://cwiki.apache.org/confluence/display/MAVEN/MojoFailureException
[ERROR] 
[ERROR] After correcting the problems, you can resume the build with the command
[ERROR]   mvn <args> -rf :debezium-connector-mysql
Running the tests related to the bug Bears-208...
The tests related to the bug Bears-208 were executed.