Apache Maven 3.6.3
Maven home: /usr/share/maven
Java version: 1.8.0_342, vendor: Private Build, runtime: /usr/lib/jvm/java-8-openjdk-amd64/jre
Default locale: en_US, platform encoding: UTF-8
OS name: "linux", version: "5.15.0-41-generic", arch: "amd64", family: "unix"
[INFO] Scanning for projects...
[INFO] ------------------------------------------------------------------------
[INFO] Reactor Build Order:
[INFO] 
[INFO] MOLGENIS                                                           [pom]
[INFO] test                                                               [jar]
[INFO] util                                                               [jar]
[INFO] i18n                                                               [jar]
[INFO] data                                                               [jar]
[INFO] security-core                                                      [jar]
[INFO] settings                                                           [jar]
[INFO] data-security                                                      [jar]
[INFO] data-file                                                          [jar]
[INFO] data-i18n                                                          [jar]
[INFO] scripts-core                                                       [jar]
[INFO] js                                                                 [jar]
[INFO] data-validation                                                    [jar]
[INFO] data-import                                                        [jar]
[INFO] jobs                                                               [jar]
[INFO] data-excel                                                         [jar]
[INFO] data-csv                                                           [jar]
[INFO] amazon-bucket                                                      [jar]
[INFO] core                                                               [jar]
[INFO] data-cache                                                         [jar]
[INFO] data-index                                                         [jar]
[INFO] data-platform                                                      [jar]
[INFO] data-plugin                                                        [jar]
[INFO] web                                                                [jar]
[INFO] security                                                           [jar]
[INFO] core-ui                                                            [jar]
[INFO] apps                                                               [jar]
[INFO] data-vcf                                                           [jar]
[INFO] data-rest                                                          [jar]
[INFO] genomebrowser                                                      [jar]
[INFO] beacon                                                             [jar]
[INFO] data-migrate                                                       [jar]
[INFO] data-annotators                                                    [jar]
[INFO] data-postgresql                                                    [jar]
[INFO] bootstrap                                                          [jar]
[INFO] dataexplorer                                                       [jar]
[INFO] python                                                             [jar]
[INFO] r                                                                  [jar]
[INFO] searchall                                                          [jar]
[INFO] data-elasticsearch                                                 [jar]
[INFO] ontology-core                                                      [jar]
[INFO] semantic-search                                                    [jar]
[INFO] semantic-mapper                                                    [jar]
[INFO] ontology                                                           [jar]
[INFO] questionnaires                                                     [jar]
[INFO] scripts                                                            [jar]
[INFO] file-ingester                                                      [jar]
[INFO] gavin                                                              [jar]
[INFO] fair                                                               [jar]
[INFO] settings-ui                                                        [jar]
[INFO] swagger                                                            [jar]
[INFO] navigator                                                          [jar]
[INFO] metadata-manager                                                   [jar]
[INFO] one-click-importer                                                 [jar]
[INFO] app                                                                [war]
[INFO] api-tests                                                          [jar]
[INFO] data-rest-client                                                   [jar]
[INFO] platform-integration-tests                                         [jar]
[INFO] 
[INFO] -----------------------< org.molgenis:molgenis >------------------------
[INFO] Building MOLGENIS 7.0.0-SNAPSHOT                                  [1/58]
[INFO] --------------------------------[ pom ]---------------------------------
[INFO] 
[INFO] --- maven-enforcer-plugin:1.4.1:enforce (enforce-banned-dependencies) @ molgenis ---
[INFO] Skipping Rule Enforcement.
[INFO] 
[INFO] --- jacoco-maven-plugin:0.8.1:prepare-agent (pre-unit-test) @ molgenis ---
[INFO] argLine set to -javaagent:/root/.m2/repository/org/jacoco/org.jacoco.agent/0.8.1/org.jacoco.agent-0.8.1-runtime.jar=destfile=/On-the-Reproducibility/section-2/reproducibility-scanner/reproducer/workspace/Bears-173/target/jacoco.exec
[INFO] 
[INFO] --- build-helper-maven-plugin:3.0.0:add-source (execution-annotations) @ molgenis ---
[INFO] Source directory: /On-the-Reproducibility/section-2/reproducibility-scanner/reproducer/workspace/Bears-173/target/generated-sources/annotations added.
[INFO] 
[INFO] --- build-helper-maven-plugin:3.0.0:add-resource (minify-build-helper) @ molgenis ---
[INFO] 
[INFO] --- maven-resources-plugin:3.0.2:copy-resources (copy-generated-resources) @ molgenis ---
[INFO] Using 'UTF-8' encoding to copy filtered resources.
[INFO] skip non existing resourceDirectory /On-the-Reproducibility/section-2/reproducibility-scanner/reproducer/workspace/Bears-173/target/generated-resources
[INFO] 
[INFO] --- jacoco-maven-plugin:0.8.1:report (post-unit-test) @ molgenis ---
[INFO] Skipping JaCoCo execution due to missing execution data file.
[INFO] 
[INFO] ---------------------< org.molgenis:molgenis-test >---------------------
[INFO] Building test 7.0.0-SNAPSHOT                                      [2/58]
[INFO] --------------------------------[ jar ]---------------------------------
[INFO] 
[INFO] --- maven-enforcer-plugin:1.4.1:enforce (enforce-banned-dependencies) @ molgenis-test ---
[INFO] Skipping Rule Enforcement.
[INFO] 
[INFO] --- jacoco-maven-plugin:0.8.1:prepare-agent (pre-unit-test) @ molgenis-test ---
[INFO] argLine set to -javaagent:/root/.m2/repository/org/jacoco/org.jacoco.agent/0.8.1/org.jacoco.agent-0.8.1-runtime.jar=destfile=/On-the-Reproducibility/section-2/reproducibility-scanner/reproducer/workspace/Bears-173/molgenis-test/target/jacoco.exec
[INFO] 
[INFO] --- build-helper-maven-plugin:3.0.0:add-source (execution-annotations) @ molgenis-test ---
[INFO] Source directory: /On-the-Reproducibility/section-2/reproducibility-scanner/reproducer/workspace/Bears-173/molgenis-test/target/generated-sources/annotations added.
[INFO] 
[INFO] --- build-helper-maven-plugin:3.0.0:add-resource (minify-build-helper) @ molgenis-test ---
[INFO] 
[INFO] --- maven-resources-plugin:3.0.2:resources (default-resources) @ molgenis-test ---
[INFO] Using 'UTF-8' encoding to copy filtered resources.
[INFO] Copying 0 resource
[INFO] skip non existing resourceDirectory /On-the-Reproducibility/section-2/reproducibility-scanner/reproducer/workspace/Bears-173/molgenis-test/src/main/resources
[INFO] skip non existing resourceDirectory /On-the-Reproducibility/section-2/reproducibility-scanner/reproducer/workspace/Bears-173/molgenis-test/target/generated-resources
[INFO] 
[INFO] --- maven-compiler-plugin:3.7.0:compile (default-compile) @ molgenis-test ---
[INFO] Nothing to compile - all classes are up to date
[INFO] 
[INFO] --- maven-resources-plugin:3.0.2:copy-resources (copy-generated-resources) @ molgenis-test ---
[INFO] Using 'UTF-8' encoding to copy filtered resources.
[INFO] skip non existing resourceDirectory /On-the-Reproducibility/section-2/reproducibility-scanner/reproducer/workspace/Bears-173/molgenis-test/target/generated-resources
[INFO] 
[INFO] --- maven-resources-plugin:3.0.2:testResources (default-testResources) @ molgenis-test ---
[INFO] Using 'UTF-8' encoding to copy filtered resources.
[INFO] skip non existing resourceDirectory /On-the-Reproducibility/section-2/reproducibility-scanner/reproducer/workspace/Bears-173/molgenis-test/src/test/resources
[INFO] 
[INFO] --- maven-compiler-plugin:3.7.0:testCompile (default-testCompile) @ molgenis-test ---
[INFO] No sources to compile
[INFO] 
[INFO] --- maven-surefire-plugin:2.19.1:test (default-test) @ molgenis-test ---
[INFO] No tests to run.
[INFO] 
[INFO] --- jacoco-maven-plugin:0.8.1:report (post-unit-test) @ molgenis-test ---
[INFO] Skipping JaCoCo execution due to missing execution data file.
[INFO] 
[INFO] ---------------------< org.molgenis:molgenis-util >---------------------
[INFO] Building util 7.0.0-SNAPSHOT                                      [3/58]
[INFO] --------------------------------[ jar ]---------------------------------
[INFO] 
[INFO] --- maven-enforcer-plugin:1.4.1:enforce (enforce-banned-dependencies) @ molgenis-util ---
[INFO] Skipping Rule Enforcement.
[INFO] 
[INFO] --- jacoco-maven-plugin:0.8.1:prepare-agent (pre-unit-test) @ molgenis-util ---
[INFO] argLine set to -javaagent:/root/.m2/repository/org/jacoco/org.jacoco.agent/0.8.1/org.jacoco.agent-0.8.1-runtime.jar=destfile=/On-the-Reproducibility/section-2/reproducibility-scanner/reproducer/workspace/Bears-173/molgenis-util/target/jacoco.exec
[INFO] 
[INFO] --- build-helper-maven-plugin:3.0.0:add-source (execution-annotations) @ molgenis-util ---
[INFO] Source directory: /On-the-Reproducibility/section-2/reproducibility-scanner/reproducer/workspace/Bears-173/molgenis-util/target/generated-sources/annotations added.
[INFO] 
[INFO] --- build-helper-maven-plugin:3.0.0:add-resource (minify-build-helper) @ molgenis-util ---
[INFO] 
[INFO] --- maven-resources-plugin:3.0.2:resources (default-resources) @ molgenis-util ---
[INFO] Using 'UTF-8' encoding to copy filtered resources.
[INFO] Copying 0 resource
[INFO] Copying 1 resource
[INFO] skip non existing resourceDirectory /On-the-Reproducibility/section-2/reproducibility-scanner/reproducer/workspace/Bears-173/molgenis-util/target/generated-resources
[INFO] 
[INFO] --- maven-compiler-plugin:3.7.0:compile (default-compile) @ molgenis-util ---
[INFO] Nothing to compile - all classes are up to date
[INFO] 
[INFO] --- maven-resources-plugin:3.0.2:copy-resources (copy-generated-resources) @ molgenis-util ---
[INFO] Using 'UTF-8' encoding to copy filtered resources.
[INFO] skip non existing resourceDirectory /On-the-Reproducibility/section-2/reproducibility-scanner/reproducer/workspace/Bears-173/molgenis-util/target/generated-resources
[INFO] 
[INFO] --- maven-resources-plugin:3.0.2:testResources (default-testResources) @ molgenis-util ---
[INFO] Using 'UTF-8' encoding to copy filtered resources.
[INFO] Copying 2 resources
[INFO] 
[INFO] --- maven-compiler-plugin:3.7.0:testCompile (default-testCompile) @ molgenis-util ---
[INFO] Nothing to compile - all classes are up to date
[INFO] 
[INFO] --- maven-surefire-plugin:2.19.1:test (default-test) @ molgenis-util ---

-------------------------------------------------------
 T E S T S
-------------------------------------------------------
Running TestSuite
02:35:49.624 [main] DEBUG org.molgenis.util.mail.MailSenderImpl - Sent message.
02:35:49.644 [main] DEBUG org.molgenis.util.mail.MailSenderImpl - Sent messages.
02:35:49.732 [main] DEBUG org.molgenis.util.mail.JavaMailSenderFactory - Mail properties: {}; defaults: {mail.smtp.starttls.enable=true, mail.smtp.quitwait=false, mail.smtp.auth=true}
02:35:49.748 [main] DEBUG org.molgenis.util.mail.JavaMailSenderFactory - Mail properties: {mail.smtp.starttls.enable=false, mail.debug=true}; defaults: {mail.smtp.starttls.enable=true, mail.smtp.quitwait=false, mail.smtp.auth=true}
02:35:49.751 [main] INFO org.molgenis.util.mail.JavaMailSenderFactory - Validating mail settings...
02:35:49.756 [main] DEBUG org.molgenis.util.mail.JavaMailSenderFactory - Mail properties: {}; defaults: {mail.smtp.starttls.enable=true, mail.smtp.quitwait=false, mail.smtp.auth=true}
02:35:49.834 [main] INFO org.molgenis.util.mail.JavaMailSenderFactory - Unable to ping to host
com.sun.mail.util.MailConnectException: Couldn't connect to host, port: host, 1234; timeout -1
	at com.sun.mail.smtp.SMTPTransport.openServer(SMTPTransport.java:1961)
	at com.sun.mail.smtp.SMTPTransport.protocolConnect(SMTPTransport.java:654)
	at javax.mail.Service.connect(Service.java:345)
	at org.springframework.mail.javamail.JavaMailSenderImpl.connectTransport(JavaMailSenderImpl.java:515)
	at org.springframework.mail.javamail.JavaMailSenderImpl.testConnection(JavaMailSenderImpl.java:396)
	at org.molgenis.util.mail.JavaMailSenderFactory.validateConnection(JavaMailSenderFactory.java:63)
	at org.molgenis.util.mail.JavaMailSenderFactoryTest.testValidateConnectionInvalidConnection(JavaMailSenderFactoryTest.java:74)
	at sun.reflect.NativeMethodAccessorImpl.invoke0(Native Method)
	at sun.reflect.NativeMethodAccessorImpl.invoke(NativeMethodAccessorImpl.java:62)
	at sun.reflect.DelegatingMethodAccessorImpl.invoke(DelegatingMethodAccessorImpl.java:43)
	at java.lang.reflect.Method.invoke(Method.java:498)
	at org.testng.internal.MethodInvocationHelper.invokeMethod(MethodInvocationHelper.java:80)
	at org.testng.internal.Invoker.invokeMethod(Invoker.java:714)
	at org.testng.internal.Invoker.invokeTestMethod(Invoker.java:901)
	at org.testng.internal.Invoker.invokeTestMethods(Invoker.java:1231)
	at org.testng.internal.TestMethodWorker.invokeTestMethods(TestMethodWorker.java:127)
	at org.testng.internal.TestMethodWorker.run(TestMethodWorker.java:111)
	at org.testng.TestRunner.privateRun(TestRunner.java:767)
	at org.testng.TestRunner.run(TestRunner.java:617)
	at org.testng.SuiteRunner.runTest(SuiteRunner.java:334)
	at org.testng.SuiteRunner.runSequentially(SuiteRunner.java:329)
	at org.testng.SuiteRunner.privateRun(SuiteRunner.java:291)
	at org.testng.SuiteRunner.run(SuiteRunner.java:240)
	at org.testng.SuiteRunnerWorker.runSuite(SuiteRunnerWorker.java:52)
	at org.testng.SuiteRunnerWorker.run(SuiteRunnerWorker.java:86)
	at org.testng.TestNG.runSuitesSequentially(TestNG.java:1198)
	at org.testng.TestNG.runSuitesLocally(TestNG.java:1123)
	at org.testng.TestNG.run(TestNG.java:1031)
	at org.apache.maven.surefire.testng.TestNGExecutor.run(TestNGExecutor.java:132)
	at org.apache.maven.surefire.testng.TestNGDirectoryTestSuite.executeMulti(TestNGDirectoryTestSuite.java:193)
	at org.apache.maven.surefire.testng.TestNGDirectoryTestSuite.execute(TestNGDirectoryTestSuite.java:94)
	at org.apache.maven.surefire.testng.TestNGProvider.invoke(TestNGProvider.java:147)
	at org.apache.maven.surefire.booter.ForkedBooter.invokeProviderInSameClassLoader(ForkedBooter.java:290)
	at org.apache.maven.surefire.booter.ForkedBooter.runSuitesInProcess(ForkedBooter.java:242)
	at org.apache.maven.surefire.booter.ForkedBooter.main(ForkedBooter.java:121)
Caused by: java.net.UnknownHostException: host
	at java.net.AbstractPlainSocketImpl.connect(AbstractPlainSocketImpl.java:184)
	at java.net.SocksSocketImpl.connect(SocksSocketImpl.java:392)
	at java.net.Socket.connect(Socket.java:607)
	at java.net.Socket.connect(Socket.java:556)
	at com.sun.mail.util.SocketFetcher.createSocket(SocketFetcher.java:297)
	at com.sun.mail.util.SocketFetcher.getSocket(SocketFetcher.java:229)
	at com.sun.mail.smtp.SMTPTransport.openServer(SMTPTransport.java:1927)
	... 34 common frames omitted
Tests run: 58, Failures: 0, Errors: 0, Skipped: 0, Time elapsed: 2.171 sec - in TestSuite

Results :

Tests run: 58, Failures: 0, Errors: 0, Skipped: 0

[INFO] 
[INFO] --- jacoco-maven-plugin:0.8.1:report (post-unit-test) @ molgenis-util ---
[INFO] Loading execution data file /On-the-Reproducibility/section-2/reproducibility-scanner/reproducer/workspace/Bears-173/molgenis-util/target/jacoco.exec
[INFO] Analyzed bundle 'util' with 15 classes
[INFO] 
[INFO] ---------------------< org.molgenis:molgenis-i18n >---------------------
[INFO] Building i18n 7.0.0-SNAPSHOT                                      [4/58]
[INFO] --------------------------------[ jar ]---------------------------------
[INFO] 
[INFO] --- maven-enforcer-plugin:1.4.1:enforce (enforce-banned-dependencies) @ molgenis-i18n ---
[INFO] Skipping Rule Enforcement.
[INFO] 
[INFO] --- jacoco-maven-plugin:0.8.1:prepare-agent (pre-unit-test) @ molgenis-i18n ---
[INFO] argLine set to -javaagent:/root/.m2/repository/org/jacoco/org.jacoco.agent/0.8.1/org.jacoco.agent-0.8.1-runtime.jar=destfile=/On-the-Reproducibility/section-2/reproducibility-scanner/reproducer/workspace/Bears-173/molgenis-i18n/target/jacoco.exec
[INFO] 
[INFO] --- build-helper-maven-plugin:3.0.0:add-source (execution-annotations) @ molgenis-i18n ---
[INFO] Source directory: /On-the-Reproducibility/section-2/reproducibility-scanner/reproducer/workspace/Bears-173/molgenis-i18n/target/generated-sources/annotations added.
[INFO] 
[INFO] --- build-helper-maven-plugin:3.0.0:add-resource (minify-build-helper) @ molgenis-i18n ---
[INFO] 
[INFO] --- maven-resources-plugin:3.0.2:resources (default-resources) @ molgenis-i18n ---
[INFO] Using 'UTF-8' encoding to copy filtered resources.
[INFO] Copying 0 resource
[INFO] skip non existing resourceDirectory /On-the-Reproducibility/section-2/reproducibility-scanner/reproducer/workspace/Bears-173/molgenis-i18n/src/main/resources
[INFO] skip non existing resourceDirectory /On-the-Reproducibility/section-2/reproducibility-scanner/reproducer/workspace/Bears-173/molgenis-i18n/target/generated-resources
[INFO] 
[INFO] --- maven-compiler-plugin:3.7.0:compile (default-compile) @ molgenis-i18n ---
[INFO] Nothing to compile - all classes are up to date
[INFO] 
[INFO] --- maven-resources-plugin:3.0.2:copy-resources (copy-generated-resources) @ molgenis-i18n ---
[INFO] Using 'UTF-8' encoding to copy filtered resources.
[INFO] skip non existing resourceDirectory /On-the-Reproducibility/section-2/reproducibility-scanner/reproducer/workspace/Bears-173/molgenis-i18n/target/generated-resources
[INFO] 
[INFO] --- maven-resources-plugin:3.0.2:testResources (default-testResources) @ molgenis-i18n ---
[INFO] Using 'UTF-8' encoding to copy filtered resources.
[INFO] Copying 3 resources
[INFO] 
[INFO] --- maven-compiler-plugin:3.7.0:testCompile (default-testCompile) @ molgenis-i18n ---
[INFO] Nothing to compile - all classes are up to date
[INFO] 
[INFO] --- maven-surefire-plugin:2.19.1:test (default-test) @ molgenis-i18n ---

-------------------------------------------------------
 T E S T S
-------------------------------------------------------
Running TestSuite
02:35:53.404 [main] WARN  o.m.i.p.AllPropertiesMessageSource - ResourceBundle [l10n.test] not found for MessageSource: Can't find bundle for base name l10n.test, locale de
02:35:53.408 [main] WARN  o.m.i.p.AllPropertiesMessageSource - ResourceBundle [l10n.test] not found for MessageSource: Can't find bundle for base name l10n.test, locale es
02:35:53.409 [main] WARN  o.m.i.p.AllPropertiesMessageSource - ResourceBundle [l10n.test] not found for MessageSource: Can't find bundle for base name l10n.test, locale it
02:35:53.409 [main] WARN  o.m.i.p.AllPropertiesMessageSource - ResourceBundle [l10n.test] not found for MessageSource: Can't find bundle for base name l10n.test, locale pt
02:35:53.410 [main] WARN  o.m.i.p.AllPropertiesMessageSource - ResourceBundle [l10n.test] not found for MessageSource: Can't find bundle for base name l10n.test, locale fr
02:35:53.411 [main] WARN  o.m.i.p.AllPropertiesMessageSource - ResourceBundle [l10n.test] not found for MessageSource: Can't find bundle for base name l10n.test, locale xx
Tests run: 23, Failures: 0, Errors: 0, Skipped: 0, Time elapsed: 1.896 sec - in TestSuite

Results :

Tests run: 23, Failures: 0, Errors: 0, Skipped: 0

[INFO] 
[INFO] --- jacoco-maven-plugin:0.8.1:report (post-unit-test) @ molgenis-i18n ---
[INFO] Loading execution data file /On-the-Reproducibility/section-2/reproducibility-scanner/reproducer/workspace/Bears-173/molgenis-i18n/target/jacoco.exec
[INFO] Analyzed bundle 'i18n' with 13 classes
[INFO] 
[INFO] ---------------------< org.molgenis:molgenis-data >---------------------
[INFO] Building data 7.0.0-SNAPSHOT                                      [5/58]
[INFO] --------------------------------[ jar ]---------------------------------
[INFO] 
[INFO] --- maven-enforcer-plugin:1.4.1:enforce (enforce-banned-dependencies) @ molgenis-data ---
[INFO] Skipping Rule Enforcement.
[INFO] 
[INFO] --- jacoco-maven-plugin:0.8.1:prepare-agent (pre-unit-test) @ molgenis-data ---
[INFO] argLine set to -javaagent:/root/.m2/repository/org/jacoco/org.jacoco.agent/0.8.1/org.jacoco.agent-0.8.1-runtime.jar=destfile=/On-the-Reproducibility/section-2/reproducibility-scanner/reproducer/workspace/Bears-173/molgenis-data/target/jacoco.exec
[INFO] 
[INFO] --- build-helper-maven-plugin:3.0.0:add-source (execution-annotations) @ molgenis-data ---
[INFO] Source directory: /On-the-Reproducibility/section-2/reproducibility-scanner/reproducer/workspace/Bears-173/molgenis-data/target/generated-sources/annotations added.
[INFO] 
[INFO] --- build-helper-maven-plugin:3.0.0:add-resource (minify-build-helper) @ molgenis-data ---
[INFO] 
[INFO] --- maven-resources-plugin:3.0.2:resources (default-resources) @ molgenis-data ---
[INFO] Using 'UTF-8' encoding to copy filtered resources.
[INFO] Copying 0 resource
[INFO] Copying 2 resources
[INFO] skip non existing resourceDirectory /On-the-Reproducibility/section-2/reproducibility-scanner/reproducer/workspace/Bears-173/molgenis-data/target/generated-resources
[INFO] 
[INFO] --- maven-compiler-plugin:3.7.0:compile (default-compile) @ molgenis-data ---
[INFO] Changes detected - recompiling the module!
[INFO] Compiling 162 source files to /On-the-Reproducibility/section-2/reproducibility-scanner/reproducer/workspace/Bears-173/molgenis-data/target/classes
[WARNING] /On-the-Reproducibility/section-2/reproducibility-scanner/reproducer/workspace/Bears-173/molgenis-data/src/main/java/org/molgenis/data/decorator/DynamicRepositoryDecoratorRegistryImpl.java:[68,83] unchecked method invocation: method findOne in interface org.molgenis.data.DataService is applied to given types
  required: java.lang.String,org.molgenis.data.Query<E>,java.lang.Class<E>
  found: java.lang.String,org.molgenis.data.Query,java.lang.Class<org.molgenis.data.decorator.meta.DecoratorConfiguration>
[WARNING] /On-the-Reproducibility/section-2/reproducibility-scanner/reproducer/workspace/Bears-173/molgenis-data/src/main/java/org/molgenis/data/decorator/DynamicRepositoryDecoratorRegistryImpl.java:[68,109] unchecked conversion
  required: org.molgenis.data.Query<E>
  found:    org.molgenis.data.Query
[WARNING] /On-the-Reproducibility/section-2/reproducibility-scanner/reproducer/workspace/Bears-173/molgenis-data/src/main/java/org/molgenis/data/decorator/meta/DynamicDecoratorPopulator.java:[52,75] unchecked cast
  required: java.util.stream.Stream<java.lang.Object>
  found:    java.util.stream.Stream<capture#1 of ?>
[INFO] /On-the-Reproducibility/section-2/reproducibility-scanner/reproducer/workspace/Bears-173/molgenis-data/src/main/java/org/molgenis/data/meta/model/EntityType.java: Some input files use or override a deprecated API.
[INFO] /On-the-Reproducibility/section-2/reproducibility-scanner/reproducer/workspace/Bears-173/molgenis-data/src/main/java/org/molgenis/data/meta/model/EntityType.java: Recompile with -Xlint:deprecation for details.
[INFO] 
[INFO] --- maven-resources-plugin:3.0.2:copy-resources (copy-generated-resources) @ molgenis-data ---
[INFO] Using 'UTF-8' encoding to copy filtered resources.
[INFO] skip non existing resourceDirectory /On-the-Reproducibility/section-2/reproducibility-scanner/reproducer/workspace/Bears-173/molgenis-data/target/generated-resources
[INFO] 
[INFO] --- maven-resources-plugin:3.0.2:testResources (default-testResources) @ molgenis-data ---
[INFO] Using 'UTF-8' encoding to copy filtered resources.
[INFO] Copying 1 resource
[INFO] 
[INFO] --- maven-compiler-plugin:3.7.0:testCompile (default-testCompile) @ molgenis-data ---
[INFO] Nothing to compile - all classes are up to date
[INFO] 
[INFO] --- maven-surefire-plugin:2.19.1:test (default-test) @ molgenis-data ---

-------------------------------------------------------
 T E S T S
-------------------------------------------------------
Running TestSuite
02:35:59,259 |-INFO in ch.qos.logback.classic.LoggerContext[default] - Found resource [logback-test.xml] at [file:/On-the-Reproducibility/section-2/reproducibility-scanner/reproducer/workspace/Bears-173/molgenis-data/target/test-classes/logback-test.xml]
02:35:59,260 |-WARN in ch.qos.logback.classic.LoggerContext[default] - Resource [logback-test.xml] occurs multiple times on the classpath.
02:35:59,260 |-WARN in ch.qos.logback.classic.LoggerContext[default] - Resource [logback-test.xml] occurs at [file:/On-the-Reproducibility/section-2/reproducibility-scanner/reproducer/workspace/Bears-173/molgenis-data/target/test-classes/logback-test.xml]
02:35:59,260 |-WARN in ch.qos.logback.classic.LoggerContext[default] - Resource [logback-test.xml] occurs at [file:/On-the-Reproducibility/section-2/reproducibility-scanner/reproducer/workspace/Bears-173/molgenis-i18n/target/test-classes/logback-test.xml]
02:35:59,361 |-INFO in ch.qos.logback.classic.joran.action.ConfigurationAction - debug attribute not set
02:35:59,362 |-INFO in ch.qos.logback.core.joran.action.AppenderAction - About to instantiate appender of type [ch.qos.logback.core.ConsoleAppender]
02:35:59,376 |-INFO in ch.qos.logback.core.joran.action.AppenderAction - Naming appender as [STDOUT]
02:35:59,386 |-INFO in ch.qos.logback.core.joran.action.NestedComplexPropertyIA - Assuming default type [ch.qos.logback.classic.encoder.PatternLayoutEncoder] for [encoder] property
02:35:59,455 |-INFO in ch.qos.logback.classic.joran.action.LoggerAction - Setting level of logger [org.molgenis] to INFO
02:35:59,455 |-INFO in ch.qos.logback.classic.joran.action.RootLoggerAction - Setting level of ROOT logger to WARN
02:35:59,455 |-INFO in ch.qos.logback.core.joran.action.AppenderRefAction - Attaching appender named [STDOUT] to Logger[ROOT]
02:35:59,456 |-INFO in ch.qos.logback.classic.joran.action.ConfigurationAction - End of configuration.
02:35:59,458 |-INFO in ch.qos.logback.classic.joran.JoranConfigurator@209f3887 - Registering current configuration as safe fallback point

0
02:36:02.155 [main] ERROR o.m.d.l.EntityListenersService - Repository [EntityRepo] is not registered in the entity listeners service
02:36:03.921 [main] INFO  o.m.data.meta.MetaDataServiceImpl - Removed entity [entity]
02:36:03.927 [main] INFO  o.m.data.meta.MetaDataServiceImpl - Removed entities [entity0,entity1]
02:36:05.092 [main] INFO  o.m.d.populate.IdGeneratorImplTest - Generated 1000000 identifiers using strategy SEQUENTIAL_UUID in 924.5 ms
02:36:05.164 [main] INFO  o.m.d.populate.IdGeneratorImplTest - Generated 1000 identifiers using strategy SHORT_RANDOM in 3.055 ms
02:36:05.181 [main] INFO  o.m.d.populate.IdGeneratorImplTest - Generated 1000 identifiers using strategy SECURE_RANDOM in 15.84 ms
02:36:05.186 [main] INFO  o.m.d.populate.IdGeneratorImplTest - Generated 1000 identifiers using strategy LONG_SECURE_RANDOM in 4.299 ms
02:36:05.188 [main] INFO  o.m.d.populate.IdGeneratorImplTest - Generated 1000 identifiers using strategy SHORT_SECURE_RANDOM in 1.375 ms
[MockitoHint] MapOfStringsExpressionEvaluatorTest.null (see javadoc for MockitoHint):
[MockitoHint] 1. Unused -> at org.molgenis.data.support.MapOfStringsExpressionEvaluatorTest.testEvaluate(MapOfStringsExpressionEvaluatorTest.java:183)
[MockitoHint] 2. Unused -> at org.molgenis.data.support.MapOfStringsExpressionEvaluatorTest.testEvaluate(MapOfStringsExpressionEvaluatorTest.java:187)
[MockitoHint] 3. Unused -> at org.molgenis.data.support.MapOfStringsExpressionEvaluatorTest.testEvaluate(MapOfStringsExpressionEvaluatorTest.java:188)

[MockitoHint] MapOfStringsExpressionEvaluatorTest.null (see javadoc for MockitoHint):
[MockitoHint] 1. Unused -> at org.molgenis.data.support.MapOfStringsExpressionEvaluatorTest.testMapOfStringsEvaluatorConstructorChecksIfAttributeHasExpression(MapOfStringsExpressionEvaluatorTest.java:76)
[MockitoHint] 2. Unused -> at org.molgenis.data.support.MapOfStringsExpressionEvaluatorTest.testMapOfStringsEvaluatorConstructorChecksIfAttributeHasExpression(MapOfStringsExpressionEvaluatorTest.java:77)

[MockitoHint] MapOfStringsExpressionEvaluatorTest.null (see javadoc for MockitoHint):
[MockitoHint] 1. Unused -> at org.molgenis.data.support.MapOfStringsExpressionEvaluatorTest.testMapOfStringsEvaluatorConstructorChecksIfAttributeHasRefEntity(MapOfStringsExpressionEvaluatorTest.java:92)
[MockitoHint] 2. Unused -> at org.molgenis.data.support.MapOfStringsExpressionEvaluatorTest.testMapOfStringsEvaluatorConstructorChecksIfAttributeHasRefEntity(MapOfStringsExpressionEvaluatorTest.java:93)

[MockitoHint] MapOfStringsExpressionEvaluatorTest.null (see javadoc for MockitoHint):
[MockitoHint] 1. Unused -> at org.molgenis.data.support.MapOfStringsExpressionEvaluatorTest.testMapOfStringsEvaluatorConstructorChecksIfCalculatedAttributesAllExist(MapOfStringsExpressionEvaluatorTest.java:146)
[MockitoHint] 2. Unused -> at org.molgenis.data.support.MapOfStringsExpressionEvaluatorTest.testMapOfStringsEvaluatorConstructorChecksIfCalculatedAttributesAllExist(MapOfStringsExpressionEvaluatorTest.java:147)

[MockitoHint] MapOfStringsExpressionEvaluatorTest.null (see javadoc for MockitoHint):
[MockitoHint] 1. Unused -> at org.molgenis.data.support.MapOfStringsExpressionEvaluatorTest.testMapOfStringsEvaluatorConstructorChecksIfExpressionIsMap(MapOfStringsExpressionEvaluatorTest.java:109)
[MockitoHint] 2. Unused -> at org.molgenis.data.support.MapOfStringsExpressionEvaluatorTest.testMapOfStringsEvaluatorConstructorChecksIfExpressionIsMap(MapOfStringsExpressionEvaluatorTest.java:110)

[MockitoHint] MapOfStringsExpressionEvaluatorTest.null (see javadoc for MockitoHint):
[MockitoHint] 1. Unused -> at org.molgenis.data.support.MapOfStringsExpressionEvaluatorTest.testMapOfStringsEvaluatorConstructorChecksIfMentionedAttributesAllExist(MapOfStringsExpressionEvaluatorTest.java:164)
[MockitoHint] 2. Unused -> at org.molgenis.data.support.MapOfStringsExpressionEvaluatorTest.testMapOfStringsEvaluatorConstructorChecksIfMentionedAttributesAllExist(MapOfStringsExpressionEvaluatorTest.java:165)

[MockitoHint] MapOfStringsExpressionEvaluatorTest.null (see javadoc for MockitoHint):
[MockitoHint] 1. Unused -> at org.molgenis.data.support.MapOfStringsExpressionEvaluatorTest.testMapOfStringsEvaluatorConstructorChecksThatExpressionIsMapOfStrings(MapOfStringsExpressionEvaluatorTest.java:127)
[MockitoHint] 2. Unused -> at org.molgenis.data.support.MapOfStringsExpressionEvaluatorTest.testMapOfStringsEvaluatorConstructorChecksThatExpressionIsMapOfStrings(MapOfStringsExpressionEvaluatorTest.java:128)

02:36:05.863 [main] INFO  o.m.data.support.RepositoryCopier - Creating a copy of Repository repository, with id: copiedEntityTypeId, package: Package and label: copiedEntityTypeLabel
Tests run: 727, Failures: 0, Errors: 0, Skipped: 0, Time elapsed: 8.03 sec - in TestSuite

Results :

Tests run: 727, Failures: 0, Errors: 0, Skipped: 0

[INFO] 
[INFO] --- jacoco-maven-plugin:0.8.1:report (post-unit-test) @ molgenis-data ---
[INFO] Loading execution data file /On-the-Reproducibility/section-2/reproducibility-scanner/reproducer/workspace/Bears-173/molgenis-data/target/jacoco.exec
[INFO] Analyzed bundle 'data' with 165 classes
[INFO] 
[INFO] ----------------< org.molgenis:molgenis-security-core >-----------------
[INFO] Building security-core 7.0.0-SNAPSHOT                             [6/58]
[INFO] --------------------------------[ jar ]---------------------------------
[INFO] 
[INFO] --- maven-enforcer-plugin:1.4.1:enforce (enforce-banned-dependencies) @ molgenis-security-core ---
[INFO] Skipping Rule Enforcement.
[INFO] 
[INFO] --- jacoco-maven-plugin:0.8.1:prepare-agent (pre-unit-test) @ molgenis-security-core ---
[INFO] argLine set to -javaagent:/root/.m2/repository/org/jacoco/org.jacoco.agent/0.8.1/org.jacoco.agent-0.8.1-runtime.jar=destfile=/On-the-Reproducibility/section-2/reproducibility-scanner/reproducer/workspace/Bears-173/molgenis-security-core/target/jacoco.exec
[INFO] 
[INFO] --- build-helper-maven-plugin:3.0.0:add-source (execution-annotations) @ molgenis-security-core ---
[INFO] Source directory: /On-the-Reproducibility/section-2/reproducibility-scanner/reproducer/workspace/Bears-173/molgenis-security-core/target/generated-sources/annotations added.
[INFO] 
[INFO] --- build-helper-maven-plugin:3.0.0:add-resource (minify-build-helper) @ molgenis-security-core ---
[INFO] 
[INFO] --- maven-resources-plugin:3.0.2:resources (default-resources) @ molgenis-security-core ---
[INFO] Using 'UTF-8' encoding to copy filtered resources.
[INFO] Copying 0 resource
[INFO] skip non existing resourceDirectory /On-the-Reproducibility/section-2/reproducibility-scanner/reproducer/workspace/Bears-173/molgenis-security-core/src/main/resources
[INFO] skip non existing resourceDirectory /On-the-Reproducibility/section-2/reproducibility-scanner/reproducer/workspace/Bears-173/molgenis-security-core/target/generated-resources
[INFO] 
[INFO] --- maven-compiler-plugin:3.7.0:compile (default-compile) @ molgenis-security-core ---
[INFO] Nothing to compile - all classes are up to date
[INFO] 
[INFO] --- maven-resources-plugin:3.0.2:copy-resources (copy-generated-resources) @ molgenis-security-core ---
[INFO] Using 'UTF-8' encoding to copy filtered resources.
[INFO] skip non existing resourceDirectory /On-the-Reproducibility/section-2/reproducibility-scanner/reproducer/workspace/Bears-173/molgenis-security-core/target/generated-resources
[INFO] 
[INFO] --- maven-resources-plugin:3.0.2:testResources (default-testResources) @ molgenis-security-core ---
[INFO] Using 'UTF-8' encoding to copy filtered resources.
[INFO] Copying 1 resource
[INFO] 
[INFO] --- maven-compiler-plugin:3.7.0:testCompile (default-testCompile) @ molgenis-security-core ---
[INFO] Nothing to compile - all classes are up to date
[INFO] 
[INFO] --- maven-surefire-plugin:2.19.1:test (default-test) @ molgenis-security-core ---

-------------------------------------------------------
 T E S T S
-------------------------------------------------------
Running TestSuite
Tests run: 17, Failures: 0, Errors: 0, Skipped: 0, Time elapsed: 2.4 sec - in TestSuite

Results :

Tests run: 17, Failures: 0, Errors: 0, Skipped: 0

[INFO] 
[INFO] --- jacoco-maven-plugin:0.8.1:report (post-unit-test) @ molgenis-security-core ---
[INFO] Loading execution data file /On-the-Reproducibility/section-2/reproducibility-scanner/reproducer/workspace/Bears-173/molgenis-security-core/target/jacoco.exec
[INFO] Analyzed bundle 'security-core' with 6 classes
[INFO] 
[INFO] -------------------< org.molgenis:molgenis-settings >-------------------
[INFO] Building settings 7.0.0-SNAPSHOT                                  [7/58]
[INFO] --------------------------------[ jar ]---------------------------------
[INFO] 
[INFO] --- maven-enforcer-plugin:1.4.1:enforce (enforce-banned-dependencies) @ molgenis-settings ---
[INFO] Skipping Rule Enforcement.
[INFO] 
[INFO] --- jacoco-maven-plugin:0.8.1:prepare-agent (pre-unit-test) @ molgenis-settings ---
[INFO] argLine set to -javaagent:/root/.m2/repository/org/jacoco/org.jacoco.agent/0.8.1/org.jacoco.agent-0.8.1-runtime.jar=destfile=/On-the-Reproducibility/section-2/reproducibility-scanner/reproducer/workspace/Bears-173/molgenis-settings/target/jacoco.exec
[INFO] 
[INFO] --- build-helper-maven-plugin:3.0.0:add-source (execution-annotations) @ molgenis-settings ---
[INFO] Source directory: /On-the-Reproducibility/section-2/reproducibility-scanner/reproducer/workspace/Bears-173/molgenis-settings/target/generated-sources/annotations added.
[INFO] 
[INFO] --- build-helper-maven-plugin:3.0.0:add-resource (minify-build-helper) @ molgenis-settings ---
[INFO] 
[INFO] --- maven-resources-plugin:3.0.2:resources (default-resources) @ molgenis-settings ---
[INFO] Using 'UTF-8' encoding to copy filtered resources.
[INFO] Copying 0 resource
[INFO] skip non existing resourceDirectory /On-the-Reproducibility/section-2/reproducibility-scanner/reproducer/workspace/Bears-173/molgenis-settings/src/main/resources
[INFO] skip non existing resourceDirectory /On-the-Reproducibility/section-2/reproducibility-scanner/reproducer/workspace/Bears-173/molgenis-settings/target/generated-resources
[INFO] 
[INFO] --- maven-compiler-plugin:3.7.0:compile (default-compile) @ molgenis-settings ---
[INFO] Nothing to compile - all classes are up to date
[INFO] 
[INFO] --- maven-resources-plugin:3.0.2:copy-resources (copy-generated-resources) @ molgenis-settings ---
[INFO] Using 'UTF-8' encoding to copy filtered resources.
[INFO] skip non existing resourceDirectory /On-the-Reproducibility/section-2/reproducibility-scanner/reproducer/workspace/Bears-173/molgenis-settings/target/generated-resources
[INFO] 
[INFO] --- maven-resources-plugin:3.0.2:testResources (default-testResources) @ molgenis-settings ---
[INFO] Using 'UTF-8' encoding to copy filtered resources.
[INFO] skip non existing resourceDirectory /On-the-Reproducibility/section-2/reproducibility-scanner/reproducer/workspace/Bears-173/molgenis-settings/src/test/resources
[INFO] 
[INFO] --- maven-compiler-plugin:3.7.0:testCompile (default-testCompile) @ molgenis-settings ---
[INFO] Nothing to compile - all classes are up to date
[INFO] 
[INFO] --- maven-surefire-plugin:2.19.1:test (default-test) @ molgenis-settings ---

-------------------------------------------------------
 T E S T S
-------------------------------------------------------
Running org.molgenis.settings.mail.MailSettingsRepositoryDecoratorTest
Tests run: 10, Failures: 0, Errors: 0, Skipped: 0, Time elapsed: 1.579 sec - in org.molgenis.settings.mail.MailSettingsRepositoryDecoratorTest

Results :

Tests run: 10, Failures: 0, Errors: 0, Skipped: 0

[INFO] 
[INFO] --- jacoco-maven-plugin:0.8.1:report (post-unit-test) @ molgenis-settings ---
[INFO] Loading execution data file /On-the-Reproducibility/section-2/reproducibility-scanner/reproducer/workspace/Bears-173/molgenis-settings/target/jacoco.exec
[INFO] Analyzed bundle 'settings' with 17 classes
[INFO] 
[INFO] ----------------< org.molgenis:molgenis-data-security >-----------------
[INFO] Building data-security 7.0.0-SNAPSHOT                             [8/58]
[INFO] --------------------------------[ jar ]---------------------------------
[INFO] 
[INFO] --- maven-enforcer-plugin:1.4.1:enforce (enforce-banned-dependencies) @ molgenis-data-security ---
[INFO] Skipping Rule Enforcement.
[INFO] 
[INFO] --- jacoco-maven-plugin:0.8.1:prepare-agent (pre-unit-test) @ molgenis-data-security ---
[INFO] argLine set to -javaagent:/root/.m2/repository/org/jacoco/org.jacoco.agent/0.8.1/org.jacoco.agent-0.8.1-runtime.jar=destfile=/On-the-Reproducibility/section-2/reproducibility-scanner/reproducer/workspace/Bears-173/molgenis-data-security/target/jacoco.exec
[INFO] 
[INFO] --- build-helper-maven-plugin:3.0.0:add-source (execution-annotations) @ molgenis-data-security ---
[INFO] Source directory: /On-the-Reproducibility/section-2/reproducibility-scanner/reproducer/workspace/Bears-173/molgenis-data-security/target/generated-sources/annotations added.
[INFO] 
[INFO] --- build-helper-maven-plugin:3.0.0:add-resource (minify-build-helper) @ molgenis-data-security ---
[INFO] 
[INFO] --- maven-resources-plugin:3.0.2:resources (default-resources) @ molgenis-data-security ---
[INFO] Using 'UTF-8' encoding to copy filtered resources.
[INFO] Copying 0 resource
[INFO] skip non existing resourceDirectory /On-the-Reproducibility/section-2/reproducibility-scanner/reproducer/workspace/Bears-173/molgenis-data-security/src/main/resources
[INFO] skip non existing resourceDirectory /On-the-Reproducibility/section-2/reproducibility-scanner/reproducer/workspace/Bears-173/molgenis-data-security/target/generated-resources
[INFO] 
[INFO] --- maven-compiler-plugin:3.7.0:compile (default-compile) @ molgenis-data-security ---
[INFO] Nothing to compile - all classes are up to date
[INFO] 
[INFO] --- maven-resources-plugin:3.0.2:copy-resources (copy-generated-resources) @ molgenis-data-security ---
[INFO] Using 'UTF-8' encoding to copy filtered resources.
[INFO] skip non existing resourceDirectory /On-the-Reproducibility/section-2/reproducibility-scanner/reproducer/workspace/Bears-173/molgenis-data-security/target/generated-resources
[INFO] 
[INFO] --- maven-resources-plugin:3.0.2:testResources (default-testResources) @ molgenis-data-security ---
[INFO] Using 'UTF-8' encoding to copy filtered resources.
[INFO] Copying 1 resource
[INFO] 
[INFO] --- maven-compiler-plugin:3.7.0:testCompile (default-testCompile) @ molgenis-data-security ---
[INFO] Nothing to compile - all classes are up to date
[INFO] 
[INFO] --- maven-surefire-plugin:2.19.1:test (default-test) @ molgenis-data-security ---

-------------------------------------------------------
 T E S T S
-------------------------------------------------------
Running TestSuite
02:36:15,507 |-INFO in ch.qos.logback.classic.LoggerContext[default] - Found resource [logback-test.xml] at [file:/On-the-Reproducibility/section-2/reproducibility-scanner/reproducer/workspace/Bears-173/molgenis-data-security/target/test-classes/logback-test.xml]
02:36:15,508 |-WARN in ch.qos.logback.classic.LoggerContext[default] - Resource [logback-test.xml] occurs multiple times on the classpath.
02:36:15,508 |-WARN in ch.qos.logback.classic.LoggerContext[default] - Resource [logback-test.xml] occurs at [file:/On-the-Reproducibility/section-2/reproducibility-scanner/reproducer/workspace/Bears-173/molgenis-data/target/test-classes/logback-test.xml]
02:36:15,508 |-WARN in ch.qos.logback.classic.LoggerContext[default] - Resource [logback-test.xml] occurs at [file:/On-the-Reproducibility/section-2/reproducibility-scanner/reproducer/workspace/Bears-173/molgenis-data-security/target/test-classes/logback-test.xml]
02:36:15,622 |-INFO in ch.qos.logback.classic.joran.action.ConfigurationAction - debug attribute not set
02:36:15,623 |-INFO in ch.qos.logback.core.joran.action.AppenderAction - About to instantiate appender of type [ch.qos.logback.core.ConsoleAppender]
02:36:15,639 |-INFO in ch.qos.logback.core.joran.action.AppenderAction - Naming appender as [STDOUT]
02:36:15,651 |-INFO in ch.qos.logback.core.joran.action.NestedComplexPropertyIA - Assuming default type [ch.qos.logback.classic.encoder.PatternLayoutEncoder] for [encoder] property
02:36:15,733 |-INFO in ch.qos.logback.classic.joran.action.LoggerAction - Setting level of logger [org.molgenis] to INFO
02:36:15,733 |-INFO in ch.qos.logback.classic.joran.action.RootLoggerAction - Setting level of ROOT logger to WARN
02:36:15,733 |-INFO in ch.qos.logback.core.joran.action.AppenderRefAction - Attaching appender named [STDOUT] to Logger[ROOT]
02:36:15,734 |-INFO in ch.qos.logback.classic.joran.action.ConfigurationAction - End of configuration.
02:36:15,736 |-INFO in ch.qos.logback.classic.joran.JoranConfigurator@228bda54 - Registering current configuration as safe fallback point

[MockitoHint] AttributeRepositorySecurityDecoratorTest.null (see javadoc for MockitoHint):
[MockitoHint] 1. Unused -> at org.molgenis.data.security.meta.AttributeRepositorySecurityDecoratorTest.setUpBeforeMethod(AttributeRepositorySecurityDecoratorTest.java:85)
[MockitoHint] 2. Unused -> at org.molgenis.data.security.meta.AttributeRepositorySecurityDecoratorTest.setUpBeforeMethod(AttributeRepositorySecurityDecoratorTest.java:86)
[MockitoHint] 3. Unused -> at org.molgenis.data.security.meta.AttributeRepositorySecurityDecoratorTest.setUpBeforeMethod(AttributeRepositorySecurityDecoratorTest.java:87)
[MockitoHint] 4. Unused -> at org.molgenis.data.security.meta.AttributeRepositorySecurityDecoratorTest.setUpBeforeMethod(AttributeRepositorySecurityDecoratorTest.java:88)
[MockitoHint] 5. Unused -> at org.molgenis.data.security.meta.AttributeRepositorySecurityDecoratorTest.setUpBeforeMethod(AttributeRepositorySecurityDecoratorTest.java:90)
[MockitoHint] 6. Unused -> at org.molgenis.data.security.meta.AttributeRepositorySecurityDecoratorTest.setUpBeforeMethod(AttributeRepositorySecurityDecoratorTest.java:91)
[MockitoHint] 7. Unused -> at org.molgenis.data.security.meta.AttributeRepositorySecurityDecoratorTest.setUpBeforeMethod(AttributeRepositorySecurityDecoratorTest.java:92)

[MockitoHint] AttributeRepositorySecurityDecoratorTest.null (see javadoc for MockitoHint):
[MockitoHint] 1. Unused -> at org.molgenis.data.security.meta.AttributeRepositorySecurityDecoratorTest.setUpBeforeMethod(AttributeRepositorySecurityDecoratorTest.java:85)
[MockitoHint] 2. Unused -> at org.molgenis.data.security.meta.AttributeRepositorySecurityDecoratorTest.setUpBeforeMethod(AttributeRepositorySecurityDecoratorTest.java:86)
[MockitoHint] 3. Unused -> at org.molgenis.data.security.meta.AttributeRepositorySecurityDecoratorTest.setUpBeforeMethod(AttributeRepositorySecurityDecoratorTest.java:87)
[MockitoHint] 4. Unused -> at org.molgenis.data.security.meta.AttributeRepositorySecurityDecoratorTest.setUpBeforeMethod(AttributeRepositorySecurityDecoratorTest.java:88)
[MockitoHint] 5. Unused -> at org.molgenis.data.security.meta.AttributeRepositorySecurityDecoratorTest.setUpBeforeMethod(AttributeRepositorySecurityDecoratorTest.java:90)
[MockitoHint] 6. Unused -> at org.molgenis.data.security.meta.AttributeRepositorySecurityDecoratorTest.setUpBeforeMethod(AttributeRepositorySecurityDecoratorTest.java:91)
[MockitoHint] 7. Unused -> at org.molgenis.data.security.meta.AttributeRepositorySecurityDecoratorTest.setUpBeforeMethod(AttributeRepositorySecurityDecoratorTest.java:92)

[MockitoHint] AttributeRepositorySecurityDecoratorTest.null (see javadoc for MockitoHint):
[MockitoHint] 1. Unused -> at org.molgenis.data.security.meta.AttributeRepositorySecurityDecoratorTest.setUpBeforeMethod(AttributeRepositorySecurityDecoratorTest.java:85)
[MockitoHint] 2. Unused -> at org.molgenis.data.security.meta.AttributeRepositorySecurityDecoratorTest.setUpBeforeMethod(AttributeRepositorySecurityDecoratorTest.java:86)
[MockitoHint] 3. Unused -> at org.molgenis.data.security.meta.AttributeRepositorySecurityDecoratorTest.setUpBeforeMethod(AttributeRepositorySecurityDecoratorTest.java:87)
[MockitoHint] 4. Unused -> at org.molgenis.data.security.meta.AttributeRepositorySecurityDecoratorTest.setUpBeforeMethod(AttributeRepositorySecurityDecoratorTest.java:88)
[MockitoHint] 5. Unused -> at org.molgenis.data.security.meta.AttributeRepositorySecurityDecoratorTest.setUpBeforeMethod(AttributeRepositorySecurityDecoratorTest.java:90)
[MockitoHint] 6. Unused -> at org.molgenis.data.security.meta.AttributeRepositorySecurityDecoratorTest.setUpBeforeMethod(AttributeRepositorySecurityDecoratorTest.java:91)
[MockitoHint] 7. Unused -> at org.molgenis.data.security.meta.AttributeRepositorySecurityDecoratorTest.setUpBeforeMethod(AttributeRepositorySecurityDecoratorTest.java:92)

[MockitoHint] AttributeRepositorySecurityDecoratorTest.null (see javadoc for MockitoHint):
[MockitoHint] 1. Unused -> at org.molgenis.data.security.meta.AttributeRepositorySecurityDecoratorTest.setUpBeforeMethod(AttributeRepositorySecurityDecoratorTest.java:85)
[MockitoHint] 2. Unused -> at org.molgenis.data.security.meta.AttributeRepositorySecurityDecoratorTest.setUpBeforeMethod(AttributeRepositorySecurityDecoratorTest.java:86)
[MockitoHint] 3. Unused -> at org.molgenis.data.security.meta.AttributeRepositorySecurityDecoratorTest.setUpBeforeMethod(AttributeRepositorySecurityDecoratorTest.java:87)
[MockitoHint] 4. Unused -> at org.molgenis.data.security.meta.AttributeRepositorySecurityDecoratorTest.setUpBeforeMethod(AttributeRepositorySecurityDecoratorTest.java:88)
[MockitoHint] 5. Unused -> at org.molgenis.data.security.meta.AttributeRepositorySecurityDecoratorTest.setUpBeforeMethod(AttributeRepositorySecurityDecoratorTest.java:90)
[MockitoHint] 6. Unused -> at org.molgenis.data.security.meta.AttributeRepositorySecurityDecoratorTest.setUpBeforeMethod(AttributeRepositorySecurityDecoratorTest.java:91)
[MockitoHint] 7. Unused -> at org.molgenis.data.security.meta.AttributeRepositorySecurityDecoratorTest.setUpBeforeMethod(AttributeRepositorySecurityDecoratorTest.java:92)

[MockitoHint] AttributeRepositorySecurityDecoratorTest.null (see javadoc for MockitoHint):
[MockitoHint] 1. Unused -> at org.molgenis.data.security.meta.AttributeRepositorySecurityDecoratorTest.setUpBeforeMethod(AttributeRepositorySecurityDecoratorTest.java:85)
[MockitoHint] 2. Unused -> at org.molgenis.data.security.meta.AttributeRepositorySecurityDecoratorTest.setUpBeforeMethod(AttributeRepositorySecurityDecoratorTest.java:86)
[MockitoHint] 3. Unused -> at org.molgenis.data.security.meta.AttributeRepositorySecurityDecoratorTest.setUpBeforeMethod(AttributeRepositorySecurityDecoratorTest.java:87)
[MockitoHint] 4. Unused -> at org.molgenis.data.security.meta.AttributeRepositorySecurityDecoratorTest.setUpBeforeMethod(AttributeRepositorySecurityDecoratorTest.java:88)
[MockitoHint] 5. Unused -> at org.molgenis.data.security.meta.AttributeRepositorySecurityDecoratorTest.setUpBeforeMethod(AttributeRepositorySecurityDecoratorTest.java:90)
[MockitoHint] 6. Unused -> at org.molgenis.data.security.meta.AttributeRepositorySecurityDecoratorTest.setUpBeforeMethod(AttributeRepositorySecurityDecoratorTest.java:91)
[MockitoHint] 7. Unused -> at org.molgenis.data.security.meta.AttributeRepositorySecurityDecoratorTest.setUpBeforeMethod(AttributeRepositorySecurityDecoratorTest.java:92)

[MockitoHint] AttributeRepositorySecurityDecoratorTest.null (see javadoc for MockitoHint):
[MockitoHint] 1. Unused -> at org.molgenis.data.security.meta.AttributeRepositorySecurityDecoratorTest.setUpBeforeMethod(AttributeRepositorySecurityDecoratorTest.java:85)
[MockitoHint] 2. Unused -> at org.molgenis.data.security.meta.AttributeRepositorySecurityDecoratorTest.setUpBeforeMethod(AttributeRepositorySecurityDecoratorTest.java:86)
[MockitoHint] 3. Unused -> at org.molgenis.data.security.meta.AttributeRepositorySecurityDecoratorTest.setUpBeforeMethod(AttributeRepositorySecurityDecoratorTest.java:87)
[MockitoHint] 4. Unused -> at org.molgenis.data.security.meta.AttributeRepositorySecurityDecoratorTest.setUpBeforeMethod(AttributeRepositorySecurityDecoratorTest.java:88)
[MockitoHint] 5. Unused -> at org.molgenis.data.security.meta.AttributeRepositorySecurityDecoratorTest.setUpBeforeMethod(AttributeRepositorySecurityDecoratorTest.java:90)
[MockitoHint] 6. Unused -> at org.molgenis.data.security.meta.AttributeRepositorySecurityDecoratorTest.setUpBeforeMethod(AttributeRepositorySecurityDecoratorTest.java:91)
[MockitoHint] 7. Unused -> at org.molgenis.data.security.meta.AttributeRepositorySecurityDecoratorTest.setUpBeforeMethod(AttributeRepositorySecurityDecoratorTest.java:92)
[MockitoHint] 8. Unused -> at org.molgenis.data.security.meta.AttributeRepositorySecurityDecoratorTest.countQueryUser(AttributeRepositorySecurityDecoratorTest.java:172)
[MockitoHint] 9. Unused -> at org.molgenis.data.security.meta.AttributeRepositorySecurityDecoratorTest.countQueryUser(AttributeRepositorySecurityDecoratorTest.java:175)

[MockitoHint] AttributeRepositorySecurityDecoratorTest.null (see javadoc for MockitoHint):
[MockitoHint] 1. Unused -> at org.molgenis.data.security.meta.AttributeRepositorySecurityDecoratorTest.setUpBeforeMethod(AttributeRepositorySecurityDecoratorTest.java:85)
[MockitoHint] 2. Unused -> at org.molgenis.data.security.meta.AttributeRepositorySecurityDecoratorTest.setUpBeforeMethod(AttributeRepositorySecurityDecoratorTest.java:86)
[MockitoHint] 3. Unused -> at org.molgenis.data.security.meta.AttributeRepositorySecurityDecoratorTest.setUpBeforeMethod(AttributeRepositorySecurityDecoratorTest.java:87)
[MockitoHint] 4. Unused -> at org.molgenis.data.security.meta.AttributeRepositorySecurityDecoratorTest.setUpBeforeMethod(AttributeRepositorySecurityDecoratorTest.java:88)
[MockitoHint] 5. Unused -> at org.molgenis.data.security.meta.AttributeRepositorySecurityDecoratorTest.setUpBeforeMethod(AttributeRepositorySecurityDecoratorTest.java:90)
[MockitoHint] 6. Unused -> at org.molgenis.data.security.meta.AttributeRepositorySecurityDecoratorTest.setUpBeforeMethod(AttributeRepositorySecurityDecoratorTest.java:91)
[MockitoHint] 7. Unused -> at org.molgenis.data.security.meta.AttributeRepositorySecurityDecoratorTest.setUpBeforeMethod(AttributeRepositorySecurityDecoratorTest.java:92)

[MockitoHint] AttributeRepositorySecurityDecoratorTest.null (see javadoc for MockitoHint):
[MockitoHint] 1. Unused -> at org.molgenis.data.security.meta.AttributeRepositorySecurityDecoratorTest.setUpBeforeMethod(AttributeRepositorySecurityDecoratorTest.java:85)
[MockitoHint] 2. Unused -> at org.molgenis.data.security.meta.AttributeRepositorySecurityDecoratorTest.setUpBeforeMethod(AttributeRepositorySecurityDecoratorTest.java:86)
[MockitoHint] 3. Unused -> at org.molgenis.data.security.meta.AttributeRepositorySecurityDecoratorTest.setUpBeforeMethod(AttributeRepositorySecurityDecoratorTest.java:87)
[MockitoHint] 4. Unused -> at org.molgenis.data.security.meta.AttributeRepositorySecurityDecoratorTest.setUpBeforeMethod(AttributeRepositorySecurityDecoratorTest.java:88)
[MockitoHint] 5. Unused -> at org.molgenis.data.security.meta.AttributeRepositorySecurityDecoratorTest.setUpBeforeMethod(AttributeRepositorySecurityDecoratorTest.java:90)
[MockitoHint] 6. Unused -> at org.molgenis.data.security.meta.AttributeRepositorySecurityDecoratorTest.setUpBeforeMethod(AttributeRepositorySecurityDecoratorTest.java:91)
[MockitoHint] 7. Unused -> at org.molgenis.data.security.meta.AttributeRepositorySecurityDecoratorTest.setUpBeforeMethod(AttributeRepositorySecurityDecoratorTest.java:92)

[MockitoHint] AttributeRepositorySecurityDecoratorTest.null (see javadoc for MockitoHint):
[MockitoHint] 1. Unused -> at org.molgenis.data.security.meta.AttributeRepositorySecurityDecoratorTest.setUpBeforeMethod(AttributeRepositorySecurityDecoratorTest.java:85)
[MockitoHint] 2. Unused -> at org.molgenis.data.security.meta.AttributeRepositorySecurityDecoratorTest.setUpBeforeMethod(AttributeRepositorySecurityDecoratorTest.java:86)
[MockitoHint] 3. Unused -> at org.molgenis.data.security.meta.AttributeRepositorySecurityDecoratorTest.setUpBeforeMethod(AttributeRepositorySecurityDecoratorTest.java:87)
[MockitoHint] 4. Unused -> at org.molgenis.data.security.meta.AttributeRepositorySecurityDecoratorTest.setUpBeforeMethod(AttributeRepositorySecurityDecoratorTest.java:88)
[MockitoHint] 5. Unused -> at org.molgenis.data.security.meta.AttributeRepositorySecurityDecoratorTest.setUpBeforeMethod(AttributeRepositorySecurityDecoratorTest.java:90)
[MockitoHint] 6. Unused -> at org.molgenis.data.security.meta.AttributeRepositorySecurityDecoratorTest.setUpBeforeMethod(AttributeRepositorySecurityDecoratorTest.java:91)
[MockitoHint] 7. Unused -> at org.molgenis.data.security.meta.AttributeRepositorySecurityDecoratorTest.setUpBeforeMethod(AttributeRepositorySecurityDecoratorTest.java:92)
[MockitoHint] 8. Unused -> at org.molgenis.data.security.meta.AttributeRepositorySecurityDecoratorTest.countUser(AttributeRepositorySecurityDecoratorTest.java:127)
[MockitoHint] 9. Unused -> at org.molgenis.data.security.meta.AttributeRepositorySecurityDecoratorTest.countUser(AttributeRepositorySecurityDecoratorTest.java:130)

[MockitoHint] AttributeRepositorySecurityDecoratorTest.null (see javadoc for MockitoHint):
[MockitoHint] 1. Unused -> at org.molgenis.data.security.meta.AttributeRepositorySecurityDecoratorTest.setUpBeforeMethod(AttributeRepositorySecurityDecoratorTest.java:85)
[MockitoHint] 2. Unused -> at org.molgenis.data.security.meta.AttributeRepositorySecurityDecoratorTest.setUpBeforeMethod(AttributeRepositorySecurityDecoratorTest.java:86)
[MockitoHint] 3. Unused -> at org.molgenis.data.security.meta.AttributeRepositorySecurityDecoratorTest.setUpBeforeMethod(AttributeRepositorySecurityDecoratorTest.java:87)
[MockitoHint] 4. Unused -> at org.molgenis.data.security.meta.AttributeRepositorySecurityDecoratorTest.setUpBeforeMethod(AttributeRepositorySecurityDecoratorTest.java:88)
[MockitoHint] 5. Unused -> at org.molgenis.data.security.meta.AttributeRepositorySecurityDecoratorTest.setUpBeforeMethod(AttributeRepositorySecurityDecoratorTest.java:90)
[MockitoHint] 6. Unused -> at org.molgenis.data.security.meta.AttributeRepositorySecurityDecoratorTest.setUpBeforeMethod(AttributeRepositorySecurityDecoratorTest.java:91)
[MockitoHint] 7. Unused -> at org.molgenis.data.security.meta.AttributeRepositorySecurityDecoratorTest.setUpBeforeMethod(AttributeRepositorySecurityDecoratorTest.java:92)
[MockitoHint] 8. Unused -> at org.molgenis.data.security.meta.AttributeRepositorySecurityDecoratorTest.delete(AttributeRepositorySecurityDecoratorTest.java:694)

[MockitoHint] AttributeRepositorySecurityDecoratorTest.null (see javadoc for MockitoHint):
[MockitoHint] 1. Unused -> at org.molgenis.data.security.meta.AttributeRepositorySecurityDecoratorTest.setUpBeforeMethod(AttributeRepositorySecurityDecoratorTest.java:85)
[MockitoHint] 2. Unused -> at org.molgenis.data.security.meta.AttributeRepositorySecurityDecoratorTest.setUpBeforeMethod(AttributeRepositorySecurityDecoratorTest.java:86)
[MockitoHint] 3. Unused -> at org.molgenis.data.security.meta.AttributeRepositorySecurityDecoratorTest.setUpBeforeMethod(AttributeRepositorySecurityDecoratorTest.java:87)
[MockitoHint] 4. Unused -> at org.molgenis.data.security.meta.AttributeRepositorySecurityDecoratorTest.setUpBeforeMethod(AttributeRepositorySecurityDecoratorTest.java:88)
[MockitoHint] 5. Unused -> at org.molgenis.data.security.meta.AttributeRepositorySecurityDecoratorTest.setUpBeforeMethod(AttributeRepositorySecurityDecoratorTest.java:90)
[MockitoHint] 6. Unused -> at org.molgenis.data.security.meta.AttributeRepositorySecurityDecoratorTest.setUpBeforeMethod(AttributeRepositorySecurityDecoratorTest.java:91)
[MockitoHint] 7. Unused -> at org.molgenis.data.security.meta.AttributeRepositorySecurityDecoratorTest.setUpBeforeMethod(AttributeRepositorySecurityDecoratorTest.java:92)

[MockitoHint] AttributeRepositorySecurityDecoratorTest.null (see javadoc for MockitoHint):
[MockitoHint] 1. Unused -> at org.molgenis.data.security.meta.AttributeRepositorySecurityDecoratorTest.setUpBeforeMethod(AttributeRepositorySecurityDecoratorTest.java:85)
[MockitoHint] 2. Unused -> at org.molgenis.data.security.meta.AttributeRepositorySecurityDecoratorTest.setUpBeforeMethod(AttributeRepositorySecurityDecoratorTest.java:86)
[MockitoHint] 3. Unused -> at org.molgenis.data.security.meta.AttributeRepositorySecurityDecoratorTest.setUpBeforeMethod(AttributeRepositorySecurityDecoratorTest.java:87)
[MockitoHint] 4. Unused -> at org.molgenis.data.security.meta.AttributeRepositorySecurityDecoratorTest.setUpBeforeMethod(AttributeRepositorySecurityDecoratorTest.java:88)
[MockitoHint] 5. Unused -> at org.molgenis.data.security.meta.AttributeRepositorySecurityDecoratorTest.setUpBeforeMethod(AttributeRepositorySecurityDecoratorTest.java:90)
[MockitoHint] 6. Unused -> at org.molgenis.data.security.meta.AttributeRepositorySecurityDecoratorTest.setUpBeforeMethod(AttributeRepositorySecurityDecoratorTest.java:91)
[MockitoHint] 7. Unused -> at org.molgenis.data.security.meta.AttributeRepositorySecurityDecoratorTest.setUpBeforeMethod(AttributeRepositorySecurityDecoratorTest.java:92)

[MockitoHint] AttributeRepositorySecurityDecoratorTest.null (see javadoc for MockitoHint):
[MockitoHint] 1. Unused -> at org.molgenis.data.security.meta.AttributeRepositorySecurityDecoratorTest.setUpBeforeMethod(AttributeRepositorySecurityDecoratorTest.java:85)
[MockitoHint] 2. Unused -> at org.molgenis.data.security.meta.AttributeRepositorySecurityDecoratorTest.setUpBeforeMethod(AttributeRepositorySecurityDecoratorTest.java:86)
[MockitoHint] 3. Unused -> at org.molgenis.data.security.meta.AttributeRepositorySecurityDecoratorTest.setUpBeforeMethod(AttributeRepositorySecurityDecoratorTest.java:87)
[MockitoHint] 4. Unused -> at org.molgenis.data.security.meta.AttributeRepositorySecurityDecoratorTest.setUpBeforeMethod(AttributeRepositorySecurityDecoratorTest.java:88)
[MockitoHint] 5. Unused -> at org.molgenis.data.security.meta.AttributeRepositorySecurityDecoratorTest.setUpBeforeMethod(AttributeRepositorySecurityDecoratorTest.java:90)
[MockitoHint] 6. Unused -> at org.molgenis.data.security.meta.AttributeRepositorySecurityDecoratorTest.setUpBeforeMethod(AttributeRepositorySecurityDecoratorTest.java:91)
[MockitoHint] 7. Unused -> at org.molgenis.data.security.meta.AttributeRepositorySecurityDecoratorTest.setUpBeforeMethod(AttributeRepositorySecurityDecoratorTest.java:92)

[MockitoHint] AttributeRepositorySecurityDecoratorTest.null (see javadoc for MockitoHint):
[MockitoHint] 1. Unused -> at org.molgenis.data.security.meta.AttributeRepositorySecurityDecoratorTest.setUpBeforeMethod(AttributeRepositorySecurityDecoratorTest.java:85)
[MockitoHint] 2. Unused -> at org.molgenis.data.security.meta.AttributeRepositorySecurityDecoratorTest.setUpBeforeMethod(AttributeRepositorySecurityDecoratorTest.java:86)
[MockitoHint] 3. Unused -> at org.molgenis.data.security.meta.AttributeRepositorySecurityDecoratorTest.setUpBeforeMethod(AttributeRepositorySecurityDecoratorTest.java:87)
[MockitoHint] 4. Unused -> at org.molgenis.data.security.meta.AttributeRepositorySecurityDecoratorTest.setUpBeforeMethod(AttributeRepositorySecurityDecoratorTest.java:88)
[MockitoHint] 5. Unused -> at org.molgenis.data.security.meta.AttributeRepositorySecurityDecoratorTest.setUpBeforeMethod(AttributeRepositorySecurityDecoratorTest.java:90)
[MockitoHint] 6. Unused -> at org.molgenis.data.security.meta.AttributeRepositorySecurityDecoratorTest.setUpBeforeMethod(AttributeRepositorySecurityDecoratorTest.java:91)
[MockitoHint] 7. Unused -> at org.molgenis.data.security.meta.AttributeRepositorySecurityDecoratorTest.setUpBeforeMethod(AttributeRepositorySecurityDecoratorTest.java:92)

[MockitoHint] AttributeRepositorySecurityDecoratorTest.null (see javadoc for MockitoHint):
[MockitoHint] 1. Unused -> at org.molgenis.data.security.meta.AttributeRepositorySecurityDecoratorTest.setUpBeforeMethod(AttributeRepositorySecurityDecoratorTest.java:85)
[MockitoHint] 2. Unused -> at org.molgenis.data.security.meta.AttributeRepositorySecurityDecoratorTest.setUpBeforeMethod(AttributeRepositorySecurityDecoratorTest.java:86)
[MockitoHint] 3. Unused -> at org.molgenis.data.security.meta.AttributeRepositorySecurityDecoratorTest.setUpBeforeMethod(AttributeRepositorySecurityDecoratorTest.java:87)
[MockitoHint] 4. Unused -> at org.molgenis.data.security.meta.AttributeRepositorySecurityDecoratorTest.setUpBeforeMethod(AttributeRepositorySecurityDecoratorTest.java:88)
[MockitoHint] 5. Unused -> at org.molgenis.data.security.meta.AttributeRepositorySecurityDecoratorTest.setUpBeforeMethod(AttributeRepositorySecurityDecoratorTest.java:90)
[MockitoHint] 6. Unused -> at org.molgenis.data.security.meta.AttributeRepositorySecurityDecoratorTest.setUpBeforeMethod(AttributeRepositorySecurityDecoratorTest.java:91)
[MockitoHint] 7. Unused -> at org.molgenis.data.security.meta.AttributeRepositorySecurityDecoratorTest.setUpBeforeMethod(AttributeRepositorySecurityDecoratorTest.java:92)
[MockitoHint] 8. Unused -> at org.molgenis.data.security.meta.AttributeRepositorySecurityDecoratorTest.findAllIdsFetchUser(AttributeRepositorySecurityDecoratorTest.java:645)
[MockitoHint] 9. Unused -> at org.molgenis.data.security.meta.AttributeRepositorySecurityDecoratorTest.findAllIdsFetchUser(AttributeRepositorySecurityDecoratorTest.java:648)

[MockitoHint] AttributeRepositorySecurityDecoratorTest.null (see javadoc for MockitoHint):
[MockitoHint] 1. Unused -> at org.molgenis.data.security.meta.AttributeRepositorySecurityDecoratorTest.setUpBeforeMethod(AttributeRepositorySecurityDecoratorTest.java:85)
[MockitoHint] 2. Unused -> at org.molgenis.data.security.meta.AttributeRepositorySecurityDecoratorTest.setUpBeforeMethod(AttributeRepositorySecurityDecoratorTest.java:86)
[MockitoHint] 3. Unused -> at org.molgenis.data.security.meta.AttributeRepositorySecurityDecoratorTest.setUpBeforeMethod(AttributeRepositorySecurityDecoratorTest.java:87)
[MockitoHint] 4. Unused -> at org.molgenis.data.security.meta.AttributeRepositorySecurityDecoratorTest.setUpBeforeMethod(AttributeRepositorySecurityDecoratorTest.java:88)
[MockitoHint] 5. Unused -> at org.molgenis.data.security.meta.AttributeRepositorySecurityDecoratorTest.setUpBeforeMethod(AttributeRepositorySecurityDecoratorTest.java:90)
[MockitoHint] 6. Unused -> at org.molgenis.data.security.meta.AttributeRepositorySecurityDecoratorTest.setUpBeforeMethod(AttributeRepositorySecurityDecoratorTest.java:91)
[MockitoHint] 7. Unused -> at org.molgenis.data.security.meta.AttributeRepositorySecurityDecoratorTest.setUpBeforeMethod(AttributeRepositorySecurityDecoratorTest.java:92)

[MockitoHint] AttributeRepositorySecurityDecoratorTest.null (see javadoc for MockitoHint):
[MockitoHint] 1. Unused -> at org.molgenis.data.security.meta.AttributeRepositorySecurityDecoratorTest.setUpBeforeMethod(AttributeRepositorySecurityDecoratorTest.java:85)
[MockitoHint] 2. Unused -> at org.molgenis.data.security.meta.AttributeRepositorySecurityDecoratorTest.setUpBeforeMethod(AttributeRepositorySecurityDecoratorTest.java:86)
[MockitoHint] 3. Unused -> at org.molgenis.data.security.meta.AttributeRepositorySecurityDecoratorTest.setUpBeforeMethod(AttributeRepositorySecurityDecoratorTest.java:87)
[MockitoHint] 4. Unused -> at org.molgenis.data.security.meta.AttributeRepositorySecurityDecoratorTest.setUpBeforeMethod(AttributeRepositorySecurityDecoratorTest.java:88)
[MockitoHint] 5. Unused -> at org.molgenis.data.security.meta.AttributeRepositorySecurityDecoratorTest.setUpBeforeMethod(AttributeRepositorySecurityDecoratorTest.java:90)
[MockitoHint] 6. Unused -> at org.molgenis.data.security.meta.AttributeRepositorySecurityDecoratorTest.setUpBeforeMethod(AttributeRepositorySecurityDecoratorTest.java:91)
[MockitoHint] 7. Unused -> at org.molgenis.data.security.meta.AttributeRepositorySecurityDecoratorTest.setUpBeforeMethod(AttributeRepositorySecurityDecoratorTest.java:92)

[MockitoHint] AttributeRepositorySecurityDecoratorTest.null (see javadoc for MockitoHint):
[MockitoHint] 1. Unused -> at org.molgenis.data.security.meta.AttributeRepositorySecurityDecoratorTest.setUpBeforeMethod(AttributeRepositorySecurityDecoratorTest.java:85)
[MockitoHint] 2. Unused -> at org.molgenis.data.security.meta.AttributeRepositorySecurityDecoratorTest.setUpBeforeMethod(AttributeRepositorySecurityDecoratorTest.java:86)
[MockitoHint] 3. Unused -> at org.molgenis.data.security.meta.AttributeRepositorySecurityDecoratorTest.setUpBeforeMethod(AttributeRepositorySecurityDecoratorTest.java:87)
[MockitoHint] 4. Unused -> at org.molgenis.data.security.meta.AttributeRepositorySecurityDecoratorTest.setUpBeforeMethod(AttributeRepositorySecurityDecoratorTest.java:88)
[MockitoHint] 5. Unused -> at org.molgenis.data.security.meta.AttributeRepositorySecurityDecoratorTest.setUpBeforeMethod(AttributeRepositorySecurityDecoratorTest.java:90)
[MockitoHint] 6. Unused -> at org.molgenis.data.security.meta.AttributeRepositorySecurityDecoratorTest.setUpBeforeMethod(AttributeRepositorySecurityDecoratorTest.java:91)
[MockitoHint] 7. Unused -> at org.molgenis.data.security.meta.AttributeRepositorySecurityDecoratorTest.setUpBeforeMethod(AttributeRepositorySecurityDecoratorTest.java:92)
[MockitoHint] 8. Unused -> at org.molgenis.data.security.meta.AttributeRepositorySecurityDecoratorTest.findAllIdsUser(AttributeRepositorySecurityDecoratorTest.java:598)
[MockitoHint] 9. Unused -> at org.molgenis.data.security.meta.AttributeRepositorySecurityDecoratorTest.findAllIdsUser(AttributeRepositorySecurityDecoratorTest.java:601)

[MockitoHint] AttributeRepositorySecurityDecoratorTest.null (see javadoc for MockitoHint):
[MockitoHint] 1. Unused -> at org.molgenis.data.security.meta.AttributeRepositorySecurityDecoratorTest.setUpBeforeMethod(AttributeRepositorySecurityDecoratorTest.java:85)
[MockitoHint] 2. Unused -> at org.molgenis.data.security.meta.AttributeRepositorySecurityDecoratorTest.setUpBeforeMethod(AttributeRepositorySecurityDecoratorTest.java:86)
[MockitoHint] 3. Unused -> at org.molgenis.data.security.meta.AttributeRepositorySecurityDecoratorTest.setUpBeforeMethod(AttributeRepositorySecurityDecoratorTest.java:87)
[MockitoHint] 4. Unused -> at org.molgenis.data.security.meta.AttributeRepositorySecurityDecoratorTest.setUpBeforeMethod(AttributeRepositorySecurityDecoratorTest.java:88)
[MockitoHint] 5. Unused -> at org.molgenis.data.security.meta.AttributeRepositorySecurityDecoratorTest.setUpBeforeMethod(AttributeRepositorySecurityDecoratorTest.java:90)
[MockitoHint] 6. Unused -> at org.molgenis.data.security.meta.AttributeRepositorySecurityDecoratorTest.setUpBeforeMethod(AttributeRepositorySecurityDecoratorTest.java:91)
[MockitoHint] 7. Unused -> at org.molgenis.data.security.meta.AttributeRepositorySecurityDecoratorTest.setUpBeforeMethod(AttributeRepositorySecurityDecoratorTest.java:92)

[MockitoHint] AttributeRepositorySecurityDecoratorTest.null (see javadoc for MockitoHint):
[MockitoHint] 1. Unused -> at org.molgenis.data.security.meta.AttributeRepositorySecurityDecoratorTest.setUpBeforeMethod(AttributeRepositorySecurityDecoratorTest.java:85)
[MockitoHint] 2. Unused -> at org.molgenis.data.security.meta.AttributeRepositorySecurityDecoratorTest.setUpBeforeMethod(AttributeRepositorySecurityDecoratorTest.java:86)
[MockitoHint] 3. Unused -> at org.molgenis.data.security.meta.AttributeRepositorySecurityDecoratorTest.setUpBeforeMethod(AttributeRepositorySecurityDecoratorTest.java:87)
[MockitoHint] 4. Unused -> at org.molgenis.data.security.meta.AttributeRepositorySecurityDecoratorTest.setUpBeforeMethod(AttributeRepositorySecurityDecoratorTest.java:88)
[MockitoHint] 5. Unused -> at org.molgenis.data.security.meta.AttributeRepositorySecurityDecoratorTest.setUpBeforeMethod(AttributeRepositorySecurityDecoratorTest.java:90)
[MockitoHint] 6. Unused -> at org.molgenis.data.security.meta.AttributeRepositorySecurityDecoratorTest.setUpBeforeMethod(AttributeRepositorySecurityDecoratorTest.java:91)
[MockitoHint] 7. Unused -> at org.molgenis.data.security.meta.AttributeRepositorySecurityDecoratorTest.setUpBeforeMethod(AttributeRepositorySecurityDecoratorTest.java:92)

[MockitoHint] AttributeRepositorySecurityDecoratorTest.null (see javadoc for MockitoHint):
[MockitoHint] 1. Unused -> at org.molgenis.data.security.meta.AttributeRepositorySecurityDecoratorTest.setUpBeforeMethod(AttributeRepositorySecurityDecoratorTest.java:85)
[MockitoHint] 2. Unused -> at org.molgenis.data.security.meta.AttributeRepositorySecurityDecoratorTest.setUpBeforeMethod(AttributeRepositorySecurityDecoratorTest.java:86)
[MockitoHint] 3. Unused -> at org.molgenis.data.security.meta.AttributeRepositorySecurityDecoratorTest.setUpBeforeMethod(AttributeRepositorySecurityDecoratorTest.java:87)
[MockitoHint] 4. Unused -> at org.molgenis.data.security.meta.AttributeRepositorySecurityDecoratorTest.setUpBeforeMethod(AttributeRepositorySecurityDecoratorTest.java:88)
[MockitoHint] 5. Unused -> at org.molgenis.data.security.meta.AttributeRepositorySecurityDecoratorTest.setUpBeforeMethod(AttributeRepositorySecurityDecoratorTest.java:90)
[MockitoHint] 6. Unused -> at org.molgenis.data.security.meta.AttributeRepositorySecurityDecoratorTest.setUpBeforeMethod(AttributeRepositorySecurityDecoratorTest.java:91)
[MockitoHint] 7. Unused -> at org.molgenis.data.security.meta.AttributeRepositorySecurityDecoratorTest.setUpBeforeMethod(AttributeRepositorySecurityDecoratorTest.java:92)
[MockitoHint] 8. Unused -> at org.molgenis.data.security.meta.AttributeRepositorySecurityDecoratorTest.findAllQueryUser(AttributeRepositorySecurityDecoratorTest.java:223)
[MockitoHint] 9. Unused -> at org.molgenis.data.security.meta.AttributeRepositorySecurityDecoratorTest.findAllQueryUser(AttributeRepositorySecurityDecoratorTest.java:226)

[MockitoHint] AttributeRepositorySecurityDecoratorTest.null (see javadoc for MockitoHint):
[MockitoHint] 1. Unused -> at org.molgenis.data.security.meta.AttributeRepositorySecurityDecoratorTest.setUpBeforeMethod(AttributeRepositorySecurityDecoratorTest.java:85)
[MockitoHint] 2. Unused -> at org.molgenis.data.security.meta.AttributeRepositorySecurityDecoratorTest.setUpBeforeMethod(AttributeRepositorySecurityDecoratorTest.java:86)
[MockitoHint] 3. Unused -> at org.molgenis.data.security.meta.AttributeRepositorySecurityDecoratorTest.setUpBeforeMethod(AttributeRepositorySecurityDecoratorTest.java:87)
[MockitoHint] 4. Unused -> at org.molgenis.data.security.meta.AttributeRepositorySecurityDecoratorTest.setUpBeforeMethod(AttributeRepositorySecurityDecoratorTest.java:88)
[MockitoHint] 5. Unused -> at org.molgenis.data.security.meta.AttributeRepositorySecurityDecoratorTest.setUpBeforeMethod(AttributeRepositorySecurityDecoratorTest.java:90)
[MockitoHint] 6. Unused -> at org.molgenis.data.security.meta.AttributeRepositorySecurityDecoratorTest.setUpBeforeMethod(AttributeRepositorySecurityDecoratorTest.java:91)
[MockitoHint] 7. Unused -> at org.molgenis.data.security.meta.AttributeRepositorySecurityDecoratorTest.setUpBeforeMethod(AttributeRepositorySecurityDecoratorTest.java:92)
[MockitoHint] 8. Unused -> at org.molgenis.data.security.meta.AttributeRepositorySecurityDecoratorTest.findAllQueryUserOffsetLimit(AttributeRepositorySecurityDecoratorTest.java:250)
[MockitoHint] 9. Unused -> at org.molgenis.data.security.meta.AttributeRepositorySecurityDecoratorTest.findAllQueryUserOffsetLimit(AttributeRepositorySecurityDecoratorTest.java:253)

[MockitoHint] AttributeRepositorySecurityDecoratorTest.null (see javadoc for MockitoHint):
[MockitoHint] 1. Unused -> at org.molgenis.data.security.meta.AttributeRepositorySecurityDecoratorTest.setUpBeforeMethod(AttributeRepositorySecurityDecoratorTest.java:85)
[MockitoHint] 2. Unused -> at org.molgenis.data.security.meta.AttributeRepositorySecurityDecoratorTest.setUpBeforeMethod(AttributeRepositorySecurityDecoratorTest.java:86)
[MockitoHint] 3. Unused -> at org.molgenis.data.security.meta.AttributeRepositorySecurityDecoratorTest.setUpBeforeMethod(AttributeRepositorySecurityDecoratorTest.java:87)
[MockitoHint] 4. Unused -> at org.molgenis.data.security.meta.AttributeRepositorySecurityDecoratorTest.setUpBeforeMethod(AttributeRepositorySecurityDecoratorTest.java:88)
[MockitoHint] 5. Unused -> at org.molgenis.data.security.meta.AttributeRepositorySecurityDecoratorTest.setUpBeforeMethod(AttributeRepositorySecurityDecoratorTest.java:90)
[MockitoHint] 6. Unused -> at org.molgenis.data.security.meta.AttributeRepositorySecurityDecoratorTest.setUpBeforeMethod(AttributeRepositorySecurityDecoratorTest.java:91)
[MockitoHint] 7. Unused -> at org.molgenis.data.security.meta.AttributeRepositorySecurityDecoratorTest.setUpBeforeMethod(AttributeRepositorySecurityDecoratorTest.java:92)

[MockitoHint] AttributeRepositorySecurityDecoratorTest.null (see javadoc for MockitoHint):
[MockitoHint] 1. Unused -> at org.molgenis.data.security.meta.AttributeRepositorySecurityDecoratorTest.setUpBeforeMethod(AttributeRepositorySecurityDecoratorTest.java:85)
[MockitoHint] 2. Unused -> at org.molgenis.data.security.meta.AttributeRepositorySecurityDecoratorTest.setUpBeforeMethod(AttributeRepositorySecurityDecoratorTest.java:86)
[MockitoHint] 3. Unused -> at org.molgenis.data.security.meta.AttributeRepositorySecurityDecoratorTest.setUpBeforeMethod(AttributeRepositorySecurityDecoratorTest.java:87)
[MockitoHint] 4. Unused -> at org.molgenis.data.security.meta.AttributeRepositorySecurityDecoratorTest.setUpBeforeMethod(AttributeRepositorySecurityDecoratorTest.java:88)
[MockitoHint] 5. Unused -> at org.molgenis.data.security.meta.AttributeRepositorySecurityDecoratorTest.setUpBeforeMethod(AttributeRepositorySecurityDecoratorTest.java:90)
[MockitoHint] 6. Unused -> at org.molgenis.data.security.meta.AttributeRepositorySecurityDecoratorTest.setUpBeforeMethod(AttributeRepositorySecurityDecoratorTest.java:91)
[MockitoHint] 7. Unused -> at org.molgenis.data.security.meta.AttributeRepositorySecurityDecoratorTest.setUpBeforeMethod(AttributeRepositorySecurityDecoratorTest.java:92)

[MockitoHint] AttributeRepositorySecurityDecoratorTest.null (see javadoc for MockitoHint):
[MockitoHint] 1. Unused -> at org.molgenis.data.security.meta.AttributeRepositorySecurityDecoratorTest.setUpBeforeMethod(AttributeRepositorySecurityDecoratorTest.java:85)
[MockitoHint] 2. Unused -> at org.molgenis.data.security.meta.AttributeRepositorySecurityDecoratorTest.setUpBeforeMethod(AttributeRepositorySecurityDecoratorTest.java:86)
[MockitoHint] 3. Unused -> at org.molgenis.data.security.meta.AttributeRepositorySecurityDecoratorTest.setUpBeforeMethod(AttributeRepositorySecurityDecoratorTest.java:87)
[MockitoHint] 4. Unused -> at org.molgenis.data.security.meta.AttributeRepositorySecurityDecoratorTest.setUpBeforeMethod(AttributeRepositorySecurityDecoratorTest.java:88)
[MockitoHint] 5. Unused -> at org.molgenis.data.security.meta.AttributeRepositorySecurityDecoratorTest.setUpBeforeMethod(AttributeRepositorySecurityDecoratorTest.java:90)
[MockitoHint] 6. Unused -> at org.molgenis.data.security.meta.AttributeRepositorySecurityDecoratorTest.setUpBeforeMethod(AttributeRepositorySecurityDecoratorTest.java:91)
[MockitoHint] 7. Unused -> at org.molgenis.data.security.meta.AttributeRepositorySecurityDecoratorTest.setUpBeforeMethod(AttributeRepositorySecurityDecoratorTest.java:92)
[MockitoHint] 8. Unused -> at org.molgenis.data.security.meta.AttributeRepositorySecurityDecoratorTest.findOneByIdFetchUserPermissionAllowed(AttributeRepositorySecurityDecoratorTest.java:539)

[MockitoHint] AttributeRepositorySecurityDecoratorTest.null (see javadoc for MockitoHint):
[MockitoHint] 1. Unused -> at org.molgenis.data.security.meta.AttributeRepositorySecurityDecoratorTest.setUpBeforeMethod(AttributeRepositorySecurityDecoratorTest.java:85)
[MockitoHint] 2. Unused -> at org.molgenis.data.security.meta.AttributeRepositorySecurityDecoratorTest.setUpBeforeMethod(AttributeRepositorySecurityDecoratorTest.java:86)
[MockitoHint] 3. Unused -> at org.molgenis.data.security.meta.AttributeRepositorySecurityDecoratorTest.setUpBeforeMethod(AttributeRepositorySecurityDecoratorTest.java:87)
[MockitoHint] 4. Unused -> at org.molgenis.data.security.meta.AttributeRepositorySecurityDecoratorTest.setUpBeforeMethod(AttributeRepositorySecurityDecoratorTest.java:88)
[MockitoHint] 5. Unused -> at org.molgenis.data.security.meta.AttributeRepositorySecurityDecoratorTest.setUpBeforeMethod(AttributeRepositorySecurityDecoratorTest.java:90)
[MockitoHint] 6. Unused -> at org.molgenis.data.security.meta.AttributeRepositorySecurityDecoratorTest.setUpBeforeMethod(AttributeRepositorySecurityDecoratorTest.java:91)
[MockitoHint] 7. Unused -> at org.molgenis.data.security.meta.AttributeRepositorySecurityDecoratorTest.setUpBeforeMethod(AttributeRepositorySecurityDecoratorTest.java:92)
[MockitoHint] 8. Unused -> at org.molgenis.data.security.meta.AttributeRepositorySecurityDecoratorTest.findOneByIdFetchUserPermissionDenied(AttributeRepositorySecurityDecoratorTest.java:556)

[MockitoHint] AttributeRepositorySecurityDecoratorTest.null (see javadoc for MockitoHint):
[MockitoHint] 1. Unused -> at org.molgenis.data.security.meta.AttributeRepositorySecurityDecoratorTest.setUpBeforeMethod(AttributeRepositorySecurityDecoratorTest.java:85)
[MockitoHint] 2. Unused -> at org.molgenis.data.security.meta.AttributeRepositorySecurityDecoratorTest.setUpBeforeMethod(AttributeRepositorySecurityDecoratorTest.java:86)
[MockitoHint] 3. Unused -> at org.molgenis.data.security.meta.AttributeRepositorySecurityDecoratorTest.setUpBeforeMethod(AttributeRepositorySecurityDecoratorTest.java:87)
[MockitoHint] 4. Unused -> at org.molgenis.data.security.meta.AttributeRepositorySecurityDecoratorTest.setUpBeforeMethod(AttributeRepositorySecurityDecoratorTest.java:88)
[MockitoHint] 5. Unused -> at org.molgenis.data.security.meta.AttributeRepositorySecurityDecoratorTest.setUpBeforeMethod(AttributeRepositorySecurityDecoratorTest.java:90)
[MockitoHint] 6. Unused -> at org.molgenis.data.security.meta.AttributeRepositorySecurityDecoratorTest.setUpBeforeMethod(AttributeRepositorySecurityDecoratorTest.java:91)
[MockitoHint] 7. Unused -> at org.molgenis.data.security.meta.AttributeRepositorySecurityDecoratorTest.setUpBeforeMethod(AttributeRepositorySecurityDecoratorTest.java:92)

[MockitoHint] AttributeRepositorySecurityDecoratorTest.null (see javadoc for MockitoHint):
[MockitoHint] 1. Unused -> at org.molgenis.data.security.meta.AttributeRepositorySecurityDecoratorTest.setUpBeforeMethod(AttributeRepositorySecurityDecoratorTest.java:85)
[MockitoHint] 2. Unused -> at org.molgenis.data.security.meta.AttributeRepositorySecurityDecoratorTest.setUpBeforeMethod(AttributeRepositorySecurityDecoratorTest.java:86)
[MockitoHint] 3. Unused -> at org.molgenis.data.security.meta.AttributeRepositorySecurityDecoratorTest.setUpBeforeMethod(AttributeRepositorySecurityDecoratorTest.java:87)
[MockitoHint] 4. Unused -> at org.molgenis.data.security.meta.AttributeRepositorySecurityDecoratorTest.setUpBeforeMethod(AttributeRepositorySecurityDecoratorTest.java:88)
[MockitoHint] 5. Unused -> at org.molgenis.data.security.meta.AttributeRepositorySecurityDecoratorTest.setUpBeforeMethod(AttributeRepositorySecurityDecoratorTest.java:90)
[MockitoHint] 6. Unused -> at org.molgenis.data.security.meta.AttributeRepositorySecurityDecoratorTest.setUpBeforeMethod(AttributeRepositorySecurityDecoratorTest.java:91)
[MockitoHint] 7. Unused -> at org.molgenis.data.security.meta.AttributeRepositorySecurityDecoratorTest.setUpBeforeMethod(AttributeRepositorySecurityDecoratorTest.java:92)

[MockitoHint] AttributeRepositorySecurityDecoratorTest.null (see javadoc for MockitoHint):
[MockitoHint] 1. Unused -> at org.molgenis.data.security.meta.AttributeRepositorySecurityDecoratorTest.setUpBeforeMethod(AttributeRepositorySecurityDecoratorTest.java:85)
[MockitoHint] 2. Unused -> at org.molgenis.data.security.meta.AttributeRepositorySecurityDecoratorTest.setUpBeforeMethod(AttributeRepositorySecurityDecoratorTest.java:86)
[MockitoHint] 3. Unused -> at org.molgenis.data.security.meta.AttributeRepositorySecurityDecoratorTest.setUpBeforeMethod(AttributeRepositorySecurityDecoratorTest.java:87)
[MockitoHint] 4. Unused -> at org.molgenis.data.security.meta.AttributeRepositorySecurityDecoratorTest.setUpBeforeMethod(AttributeRepositorySecurityDecoratorTest.java:88)
[MockitoHint] 5. Unused -> at org.molgenis.data.security.meta.AttributeRepositorySecurityDecoratorTest.setUpBeforeMethod(AttributeRepositorySecurityDecoratorTest.java:90)
[MockitoHint] 6. Unused -> at org.molgenis.data.security.meta.AttributeRepositorySecurityDecoratorTest.setUpBeforeMethod(AttributeRepositorySecurityDecoratorTest.java:91)
[MockitoHint] 7. Unused -> at org.molgenis.data.security.meta.AttributeRepositorySecurityDecoratorTest.setUpBeforeMethod(AttributeRepositorySecurityDecoratorTest.java:92)
[MockitoHint] 8. Unused -> at org.molgenis.data.security.meta.AttributeRepositorySecurityDecoratorTest.findOneByIdUserPermissionAllowed(AttributeRepositorySecurityDecoratorTest.java:466)

[MockitoHint] AttributeRepositorySecurityDecoratorTest.null (see javadoc for MockitoHint):
[MockitoHint] 1. Unused -> at org.molgenis.data.security.meta.AttributeRepositorySecurityDecoratorTest.setUpBeforeMethod(AttributeRepositorySecurityDecoratorTest.java:85)
[MockitoHint] 2. Unused -> at org.molgenis.data.security.meta.AttributeRepositorySecurityDecoratorTest.setUpBeforeMethod(AttributeRepositorySecurityDecoratorTest.java:86)
[MockitoHint] 3. Unused -> at org.molgenis.data.security.meta.AttributeRepositorySecurityDecoratorTest.setUpBeforeMethod(AttributeRepositorySecurityDecoratorTest.java:87)
[MockitoHint] 4. Unused -> at org.molgenis.data.security.meta.AttributeRepositorySecurityDecoratorTest.setUpBeforeMethod(AttributeRepositorySecurityDecoratorTest.java:88)
[MockitoHint] 5. Unused -> at org.molgenis.data.security.meta.AttributeRepositorySecurityDecoratorTest.setUpBeforeMethod(AttributeRepositorySecurityDecoratorTest.java:90)
[MockitoHint] 6. Unused -> at org.molgenis.data.security.meta.AttributeRepositorySecurityDecoratorTest.setUpBeforeMethod(AttributeRepositorySecurityDecoratorTest.java:91)
[MockitoHint] 7. Unused -> at org.molgenis.data.security.meta.AttributeRepositorySecurityDecoratorTest.setUpBeforeMethod(AttributeRepositorySecurityDecoratorTest.java:92)
[MockitoHint] 8. Unused -> at org.molgenis.data.security.meta.AttributeRepositorySecurityDecoratorTest.findOneByIdUserPermissionAllowedAttrInCompoundWithOneAttr(AttributeRepositorySecurityDecoratorTest.java:482)
[MockitoHint] 9. Unused -> at org.molgenis.data.security.meta.AttributeRepositorySecurityDecoratorTest.findOneByIdUserPermissionAllowedAttrInCompoundWithOneAttr(AttributeRepositorySecurityDecoratorTest.java:485)
[MockitoHint] 10. Unused -> at org.molgenis.data.security.meta.AttributeRepositorySecurityDecoratorTest.findOneByIdUserPermissionAllowedAttrInCompoundWithOneAttr(AttributeRepositorySecurityDecoratorTest.java:486)

[MockitoHint] AttributeRepositorySecurityDecoratorTest.null (see javadoc for MockitoHint):
[MockitoHint] 1. Unused -> at org.molgenis.data.security.meta.AttributeRepositorySecurityDecoratorTest.setUpBeforeMethod(AttributeRepositorySecurityDecoratorTest.java:85)
[MockitoHint] 2. Unused -> at org.molgenis.data.security.meta.AttributeRepositorySecurityDecoratorTest.setUpBeforeMethod(AttributeRepositorySecurityDecoratorTest.java:86)
[MockitoHint] 3. Unused -> at org.molgenis.data.security.meta.AttributeRepositorySecurityDecoratorTest.setUpBeforeMethod(AttributeRepositorySecurityDecoratorTest.java:87)
[MockitoHint] 4. Unused -> at org.molgenis.data.security.meta.AttributeRepositorySecurityDecoratorTest.setUpBeforeMethod(AttributeRepositorySecurityDecoratorTest.java:88)
[MockitoHint] 5. Unused -> at org.molgenis.data.security.meta.AttributeRepositorySecurityDecoratorTest.setUpBeforeMethod(AttributeRepositorySecurityDecoratorTest.java:90)
[MockitoHint] 6. Unused -> at org.molgenis.data.security.meta.AttributeRepositorySecurityDecoratorTest.setUpBeforeMethod(AttributeRepositorySecurityDecoratorTest.java:91)
[MockitoHint] 7. Unused -> at org.molgenis.data.security.meta.AttributeRepositorySecurityDecoratorTest.setUpBeforeMethod(AttributeRepositorySecurityDecoratorTest.java:92)
[MockitoHint] 8. Unused -> at org.molgenis.data.security.meta.AttributeRepositorySecurityDecoratorTest.findOneByIdUserPermissionDenied(AttributeRepositorySecurityDecoratorTest.java:501)

[MockitoHint] AttributeRepositorySecurityDecoratorTest.null (see javadoc for MockitoHint):
[MockitoHint] 1. Unused -> at org.molgenis.data.security.meta.AttributeRepositorySecurityDecoratorTest.setUpBeforeMethod(AttributeRepositorySecurityDecoratorTest.java:85)
[MockitoHint] 2. Unused -> at org.molgenis.data.security.meta.AttributeRepositorySecurityDecoratorTest.setUpBeforeMethod(AttributeRepositorySecurityDecoratorTest.java:86)
[MockitoHint] 3. Unused -> at org.molgenis.data.security.meta.AttributeRepositorySecurityDecoratorTest.setUpBeforeMethod(AttributeRepositorySecurityDecoratorTest.java:87)
[MockitoHint] 4. Unused -> at org.molgenis.data.security.meta.AttributeRepositorySecurityDecoratorTest.setUpBeforeMethod(AttributeRepositorySecurityDecoratorTest.java:88)
[MockitoHint] 5. Unused -> at org.molgenis.data.security.meta.AttributeRepositorySecurityDecoratorTest.setUpBeforeMethod(AttributeRepositorySecurityDecoratorTest.java:90)
[MockitoHint] 6. Unused -> at org.molgenis.data.security.meta.AttributeRepositorySecurityDecoratorTest.setUpBeforeMethod(AttributeRepositorySecurityDecoratorTest.java:91)
[MockitoHint] 7. Unused -> at org.molgenis.data.security.meta.AttributeRepositorySecurityDecoratorTest.setUpBeforeMethod(AttributeRepositorySecurityDecoratorTest.java:92)

[MockitoHint] AttributeRepositorySecurityDecoratorTest.null (see javadoc for MockitoHint):
[MockitoHint] 1. Unused -> at org.molgenis.data.security.meta.AttributeRepositorySecurityDecoratorTest.setUpBeforeMethod(AttributeRepositorySecurityDecoratorTest.java:85)
[MockitoHint] 2. Unused -> at org.molgenis.data.security.meta.AttributeRepositorySecurityDecoratorTest.setUpBeforeMethod(AttributeRepositorySecurityDecoratorTest.java:86)
[MockitoHint] 3. Unused -> at org.molgenis.data.security.meta.AttributeRepositorySecurityDecoratorTest.setUpBeforeMethod(AttributeRepositorySecurityDecoratorTest.java:87)
[MockitoHint] 4. Unused -> at org.molgenis.data.security.meta.AttributeRepositorySecurityDecoratorTest.setUpBeforeMethod(AttributeRepositorySecurityDecoratorTest.java:88)
[MockitoHint] 5. Unused -> at org.molgenis.data.security.meta.AttributeRepositorySecurityDecoratorTest.setUpBeforeMethod(AttributeRepositorySecurityDecoratorTest.java:90)
[MockitoHint] 6. Unused -> at org.molgenis.data.security.meta.AttributeRepositorySecurityDecoratorTest.setUpBeforeMethod(AttributeRepositorySecurityDecoratorTest.java:91)
[MockitoHint] 7. Unused -> at org.molgenis.data.security.meta.AttributeRepositorySecurityDecoratorTest.setUpBeforeMethod(AttributeRepositorySecurityDecoratorTest.java:92)

[MockitoHint] AttributeRepositorySecurityDecoratorTest.null (see javadoc for MockitoHint):
[MockitoHint] 1. Unused -> at org.molgenis.data.security.meta.AttributeRepositorySecurityDecoratorTest.setUpBeforeMethod(AttributeRepositorySecurityDecoratorTest.java:85)
[MockitoHint] 2. Unused -> at org.molgenis.data.security.meta.AttributeRepositorySecurityDecoratorTest.setUpBeforeMethod(AttributeRepositorySecurityDecoratorTest.java:86)
[MockitoHint] 3. Unused -> at org.molgenis.data.security.meta.AttributeRepositorySecurityDecoratorTest.setUpBeforeMethod(AttributeRepositorySecurityDecoratorTest.java:87)
[MockitoHint] 4. Unused -> at org.molgenis.data.security.meta.AttributeRepositorySecurityDecoratorTest.setUpBeforeMethod(AttributeRepositorySecurityDecoratorTest.java:88)
[MockitoHint] 5. Unused -> at org.molgenis.data.security.meta.AttributeRepositorySecurityDecoratorTest.setUpBeforeMethod(AttributeRepositorySecurityDecoratorTest.java:90)
[MockitoHint] 6. Unused -> at org.molgenis.data.security.meta.AttributeRepositorySecurityDecoratorTest.setUpBeforeMethod(AttributeRepositorySecurityDecoratorTest.java:91)
[MockitoHint] 7. Unused -> at org.molgenis.data.security.meta.AttributeRepositorySecurityDecoratorTest.setUpBeforeMethod(AttributeRepositorySecurityDecoratorTest.java:92)
[MockitoHint] 8. Unused -> at org.molgenis.data.security.meta.AttributeRepositorySecurityDecoratorTest.findOneQueryUserPermissionAllowed(AttributeRepositorySecurityDecoratorTest.java:412)

[MockitoHint] AttributeRepositorySecurityDecoratorTest.null (see javadoc for MockitoHint):
[MockitoHint] 1. Unused -> at org.molgenis.data.security.meta.AttributeRepositorySecurityDecoratorTest.setUpBeforeMethod(AttributeRepositorySecurityDecoratorTest.java:85)
[MockitoHint] 2. Unused -> at org.molgenis.data.security.meta.AttributeRepositorySecurityDecoratorTest.setUpBeforeMethod(AttributeRepositorySecurityDecoratorTest.java:86)
[MockitoHint] 3. Unused -> at org.molgenis.data.security.meta.AttributeRepositorySecurityDecoratorTest.setUpBeforeMethod(AttributeRepositorySecurityDecoratorTest.java:87)
[MockitoHint] 4. Unused -> at org.molgenis.data.security.meta.AttributeRepositorySecurityDecoratorTest.setUpBeforeMethod(AttributeRepositorySecurityDecoratorTest.java:88)
[MockitoHint] 5. Unused -> at org.molgenis.data.security.meta.AttributeRepositorySecurityDecoratorTest.setUpBeforeMethod(AttributeRepositorySecurityDecoratorTest.java:90)
[MockitoHint] 6. Unused -> at org.molgenis.data.security.meta.AttributeRepositorySecurityDecoratorTest.setUpBeforeMethod(AttributeRepositorySecurityDecoratorTest.java:91)
[MockitoHint] 7. Unused -> at org.molgenis.data.security.meta.AttributeRepositorySecurityDecoratorTest.setUpBeforeMethod(AttributeRepositorySecurityDecoratorTest.java:92)
[MockitoHint] 8. Unused -> at org.molgenis.data.security.meta.AttributeRepositorySecurityDecoratorTest.findOneQueryUserPermissionDenied(AttributeRepositorySecurityDecoratorTest.java:428)

[MockitoHint] AttributeRepositorySecurityDecoratorTest.null (see javadoc for MockitoHint):
[MockitoHint] 1. Unused -> at org.molgenis.data.security.meta.AttributeRepositorySecurityDecoratorTest.setUpBeforeMethod(AttributeRepositorySecurityDecoratorTest.java:85)
[MockitoHint] 2. Unused -> at org.molgenis.data.security.meta.AttributeRepositorySecurityDecoratorTest.setUpBeforeMethod(AttributeRepositorySecurityDecoratorTest.java:86)
[MockitoHint] 3. Unused -> at org.molgenis.data.security.meta.AttributeRepositorySecurityDecoratorTest.setUpBeforeMethod(AttributeRepositorySecurityDecoratorTest.java:87)
[MockitoHint] 4. Unused -> at org.molgenis.data.security.meta.AttributeRepositorySecurityDecoratorTest.setUpBeforeMethod(AttributeRepositorySecurityDecoratorTest.java:88)
[MockitoHint] 5. Unused -> at org.molgenis.data.security.meta.AttributeRepositorySecurityDecoratorTest.setUpBeforeMethod(AttributeRepositorySecurityDecoratorTest.java:90)
[MockitoHint] 6. Unused -> at org.molgenis.data.security.meta.AttributeRepositorySecurityDecoratorTest.setUpBeforeMethod(AttributeRepositorySecurityDecoratorTest.java:91)
[MockitoHint] 7. Unused -> at org.molgenis.data.security.meta.AttributeRepositorySecurityDecoratorTest.setUpBeforeMethod(AttributeRepositorySecurityDecoratorTest.java:92)

[MockitoHint] AttributeRepositorySecurityDecoratorTest.null (see javadoc for MockitoHint):
[MockitoHint] 1. Unused -> at org.molgenis.data.security.meta.AttributeRepositorySecurityDecoratorTest.setUpBeforeMethod(AttributeRepositorySecurityDecoratorTest.java:85)
[MockitoHint] 2. Unused -> at org.molgenis.data.security.meta.AttributeRepositorySecurityDecoratorTest.setUpBeforeMethod(AttributeRepositorySecurityDecoratorTest.java:86)
[MockitoHint] 3. Unused -> at org.molgenis.data.security.meta.AttributeRepositorySecurityDecoratorTest.setUpBeforeMethod(AttributeRepositorySecurityDecoratorTest.java:87)
[MockitoHint] 4. Unused -> at org.molgenis.data.security.meta.AttributeRepositorySecurityDecoratorTest.setUpBeforeMethod(AttributeRepositorySecurityDecoratorTest.java:88)
[MockitoHint] 5. Unused -> at org.molgenis.data.security.meta.AttributeRepositorySecurityDecoratorTest.setUpBeforeMethod(AttributeRepositorySecurityDecoratorTest.java:90)
[MockitoHint] 6. Unused -> at org.molgenis.data.security.meta.AttributeRepositorySecurityDecoratorTest.setUpBeforeMethod(AttributeRepositorySecurityDecoratorTest.java:91)
[MockitoHint] 7. Unused -> at org.molgenis.data.security.meta.AttributeRepositorySecurityDecoratorTest.setUpBeforeMethod(AttributeRepositorySecurityDecoratorTest.java:92)

[MockitoHint] AttributeRepositorySecurityDecoratorTest.null (see javadoc for MockitoHint):
[MockitoHint] 1. Unused -> at org.molgenis.data.security.meta.AttributeRepositorySecurityDecoratorTest.setUpBeforeMethod(AttributeRepositorySecurityDecoratorTest.java:85)
[MockitoHint] 2. Unused -> at org.molgenis.data.security.meta.AttributeRepositorySecurityDecoratorTest.setUpBeforeMethod(AttributeRepositorySecurityDecoratorTest.java:86)
[MockitoHint] 3. Unused -> at org.molgenis.data.security.meta.AttributeRepositorySecurityDecoratorTest.setUpBeforeMethod(AttributeRepositorySecurityDecoratorTest.java:87)
[MockitoHint] 4. Unused -> at org.molgenis.data.security.meta.AttributeRepositorySecurityDecoratorTest.setUpBeforeMethod(AttributeRepositorySecurityDecoratorTest.java:88)
[MockitoHint] 5. Unused -> at org.molgenis.data.security.meta.AttributeRepositorySecurityDecoratorTest.setUpBeforeMethod(AttributeRepositorySecurityDecoratorTest.java:90)
[MockitoHint] 6. Unused -> at org.molgenis.data.security.meta.AttributeRepositorySecurityDecoratorTest.setUpBeforeMethod(AttributeRepositorySecurityDecoratorTest.java:91)
[MockitoHint] 7. Unused -> at org.molgenis.data.security.meta.AttributeRepositorySecurityDecoratorTest.setUpBeforeMethod(AttributeRepositorySecurityDecoratorTest.java:92)

[MockitoHint] AttributeRepositorySecurityDecoratorTest.null (see javadoc for MockitoHint):
[MockitoHint] 1. Unused -> at org.molgenis.data.security.meta.AttributeRepositorySecurityDecoratorTest.setUpBeforeMethod(AttributeRepositorySecurityDecoratorTest.java:85)
[MockitoHint] 2. Unused -> at org.molgenis.data.security.meta.AttributeRepositorySecurityDecoratorTest.setUpBeforeMethod(AttributeRepositorySecurityDecoratorTest.java:86)
[MockitoHint] 3. Unused -> at org.molgenis.data.security.meta.AttributeRepositorySecurityDecoratorTest.setUpBeforeMethod(AttributeRepositorySecurityDecoratorTest.java:87)
[MockitoHint] 4. Unused -> at org.molgenis.data.security.meta.AttributeRepositorySecurityDecoratorTest.setUpBeforeMethod(AttributeRepositorySecurityDecoratorTest.java:88)
[MockitoHint] 5. Unused -> at org.molgenis.data.security.meta.AttributeRepositorySecurityDecoratorTest.setUpBeforeMethod(AttributeRepositorySecurityDecoratorTest.java:90)
[MockitoHint] 6. Unused -> at org.molgenis.data.security.meta.AttributeRepositorySecurityDecoratorTest.setUpBeforeMethod(AttributeRepositorySecurityDecoratorTest.java:91)
[MockitoHint] 7. Unused -> at org.molgenis.data.security.meta.AttributeRepositorySecurityDecoratorTest.setUpBeforeMethod(AttributeRepositorySecurityDecoratorTest.java:92)

[MockitoHint] AttributeRepositorySecurityDecoratorTest.null (see javadoc for MockitoHint):
[MockitoHint] 1. Unused -> at org.molgenis.data.security.meta.AttributeRepositorySecurityDecoratorTest.setUpBeforeMethod(AttributeRepositorySecurityDecoratorTest.java:85)
[MockitoHint] 2. Unused -> at org.molgenis.data.security.meta.AttributeRepositorySecurityDecoratorTest.setUpBeforeMethod(AttributeRepositorySecurityDecoratorTest.java:86)
[MockitoHint] 3. Unused -> at org.molgenis.data.security.meta.AttributeRepositorySecurityDecoratorTest.setUpBeforeMethod(AttributeRepositorySecurityDecoratorTest.java:87)
[MockitoHint] 4. Unused -> at org.molgenis.data.security.meta.AttributeRepositorySecurityDecoratorTest.setUpBeforeMethod(AttributeRepositorySecurityDecoratorTest.java:88)
[MockitoHint] 5. Unused -> at org.molgenis.data.security.meta.AttributeRepositorySecurityDecoratorTest.setUpBeforeMethod(AttributeRepositorySecurityDecoratorTest.java:90)
[MockitoHint] 6. Unused -> at org.molgenis.data.security.meta.AttributeRepositorySecurityDecoratorTest.setUpBeforeMethod(AttributeRepositorySecurityDecoratorTest.java:91)
[MockitoHint] 7. Unused -> at org.molgenis.data.security.meta.AttributeRepositorySecurityDecoratorTest.setUpBeforeMethod(AttributeRepositorySecurityDecoratorTest.java:92)

[MockitoHint] AttributeRepositorySecurityDecoratorTest.null (see javadoc for MockitoHint):
[MockitoHint] 1. Unused -> at org.molgenis.data.security.meta.AttributeRepositorySecurityDecoratorTest.setUpBeforeMethod(AttributeRepositorySecurityDecoratorTest.java:85)
[MockitoHint] 2. Unused -> at org.molgenis.data.security.meta.AttributeRepositorySecurityDecoratorTest.setUpBeforeMethod(AttributeRepositorySecurityDecoratorTest.java:86)
[MockitoHint] 3. Unused -> at org.molgenis.data.security.meta.AttributeRepositorySecurityDecoratorTest.setUpBeforeMethod(AttributeRepositorySecurityDecoratorTest.java:87)
[MockitoHint] 4. Unused -> at org.molgenis.data.security.meta.AttributeRepositorySecurityDecoratorTest.setUpBeforeMethod(AttributeRepositorySecurityDecoratorTest.java:88)
[MockitoHint] 5. Unused -> at org.molgenis.data.security.meta.AttributeRepositorySecurityDecoratorTest.setUpBeforeMethod(AttributeRepositorySecurityDecoratorTest.java:90)
[MockitoHint] 6. Unused -> at org.molgenis.data.security.meta.AttributeRepositorySecurityDecoratorTest.setUpBeforeMethod(AttributeRepositorySecurityDecoratorTest.java:91)
[MockitoHint] 7. Unused -> at org.molgenis.data.security.meta.AttributeRepositorySecurityDecoratorTest.setUpBeforeMethod(AttributeRepositorySecurityDecoratorTest.java:92)
[MockitoHint] 8. Unused -> at org.molgenis.data.security.meta.AttributeRepositorySecurityDecoratorTest.iteratorUser(AttributeRepositorySecurityDecoratorTest.java:302)
[MockitoHint] 9. Unused -> at org.molgenis.data.security.meta.AttributeRepositorySecurityDecoratorTest.iteratorUser(AttributeRepositorySecurityDecoratorTest.java:305)

[MockitoHint] AttributeRepositorySecurityDecoratorTest.null (see javadoc for MockitoHint):
[MockitoHint] 1. Unused -> at org.molgenis.data.security.meta.AttributeRepositorySecurityDecoratorTest.setUpBeforeMethod(AttributeRepositorySecurityDecoratorTest.java:85)
[MockitoHint] 2. Unused -> at org.molgenis.data.security.meta.AttributeRepositorySecurityDecoratorTest.setUpBeforeMethod(AttributeRepositorySecurityDecoratorTest.java:87)
[MockitoHint] 3. Unused -> at org.molgenis.data.security.meta.AttributeRepositorySecurityDecoratorTest.setUpBeforeMethod(AttributeRepositorySecurityDecoratorTest.java:88)
[MockitoHint] 4. Unused -> at org.molgenis.data.security.meta.AttributeRepositorySecurityDecoratorTest.setUpBeforeMethod(AttributeRepositorySecurityDecoratorTest.java:90)
[MockitoHint] 5. Unused -> at org.molgenis.data.security.meta.AttributeRepositorySecurityDecoratorTest.setUpBeforeMethod(AttributeRepositorySecurityDecoratorTest.java:91)

Tests run: 207, Failures: 0, Errors: 0, Skipped: 0, Time elapsed: 6.052 sec - in TestSuite

Results :

Tests run: 207, Failures: 0, Errors: 0, Skipped: 0

[INFO] 
[INFO] --- jacoco-maven-plugin:0.8.1:report (post-unit-test) @ molgenis-data-security ---
[INFO] Loading execution data file /On-the-Reproducibility/section-2/reproducibility-scanner/reproducer/workspace/Bears-173/molgenis-data-security/target/jacoco.exec
[INFO] Analyzed bundle 'data-security' with 40 classes
[INFO] 
[INFO] ------------------< org.molgenis:molgenis-data-file >-------------------
[INFO] Building data-file 7.0.0-SNAPSHOT                                 [9/58]
[INFO] --------------------------------[ jar ]---------------------------------
[INFO] 
[INFO] --- maven-enforcer-plugin:1.4.1:enforce (enforce-banned-dependencies) @ molgenis-data-file ---
[INFO] Skipping Rule Enforcement.
[INFO] 
[INFO] --- jacoco-maven-plugin:0.8.1:prepare-agent (pre-unit-test) @ molgenis-data-file ---
[INFO] argLine set to -javaagent:/root/.m2/repository/org/jacoco/org.jacoco.agent/0.8.1/org.jacoco.agent-0.8.1-runtime.jar=destfile=/On-the-Reproducibility/section-2/reproducibility-scanner/reproducer/workspace/Bears-173/molgenis-data-file/target/jacoco.exec
[INFO] 
[INFO] --- build-helper-maven-plugin:3.0.0:add-source (execution-annotations) @ molgenis-data-file ---
[INFO] Source directory: /On-the-Reproducibility/section-2/reproducibility-scanner/reproducer/workspace/Bears-173/molgenis-data-file/target/generated-sources/annotations added.
[INFO] 
[INFO] --- build-helper-maven-plugin:3.0.0:add-resource (minify-build-helper) @ molgenis-data-file ---
[INFO] 
[INFO] --- maven-resources-plugin:3.0.2:resources (default-resources) @ molgenis-data-file ---
[INFO] Using 'UTF-8' encoding to copy filtered resources.
[INFO] Copying 0 resource
[INFO] skip non existing resourceDirectory /On-the-Reproducibility/section-2/reproducibility-scanner/reproducer/workspace/Bears-173/molgenis-data-file/src/main/resources
[INFO] skip non existing resourceDirectory /On-the-Reproducibility/section-2/reproducibility-scanner/reproducer/workspace/Bears-173/molgenis-data-file/target/generated-resources
[INFO] 
[INFO] --- maven-compiler-plugin:3.7.0:compile (default-compile) @ molgenis-data-file ---
[INFO] Nothing to compile - all classes are up to date
[INFO] 
[INFO] --- maven-resources-plugin:3.0.2:copy-resources (copy-generated-resources) @ molgenis-data-file ---
[INFO] Using 'UTF-8' encoding to copy filtered resources.
[INFO] skip non existing resourceDirectory /On-the-Reproducibility/section-2/reproducibility-scanner/reproducer/workspace/Bears-173/molgenis-data-file/target/generated-resources
[INFO] 
[INFO] --- maven-resources-plugin:3.0.2:testResources (default-testResources) @ molgenis-data-file ---
[INFO] Using 'UTF-8' encoding to copy filtered resources.
[INFO] Copying 1 resource
[INFO] 
[INFO] --- maven-compiler-plugin:3.7.0:testCompile (default-testCompile) @ molgenis-data-file ---
[INFO] Nothing to compile - all classes are up to date
[INFO] 
[INFO] --- maven-surefire-plugin:2.19.1:test (default-test) @ molgenis-data-file ---

-------------------------------------------------------
 T E S T S
-------------------------------------------------------
Running TestSuite
02:36:24,049 |-INFO in ch.qos.logback.classic.LoggerContext[default] - Found resource [logback-test.xml] at [file:/On-the-Reproducibility/section-2/reproducibility-scanner/reproducer/workspace/Bears-173/molgenis-data-file/target/test-classes/logback-test.xml]
02:36:24,050 |-WARN in ch.qos.logback.classic.LoggerContext[default] - Resource [logback-test.xml] occurs multiple times on the classpath.
02:36:24,050 |-WARN in ch.qos.logback.classic.LoggerContext[default] - Resource [logback-test.xml] occurs at [file:/On-the-Reproducibility/section-2/reproducibility-scanner/reproducer/workspace/Bears-173/molgenis-data/target/test-classes/logback-test.xml]
02:36:24,050 |-WARN in ch.qos.logback.classic.LoggerContext[default] - Resource [logback-test.xml] occurs at [file:/On-the-Reproducibility/section-2/reproducibility-scanner/reproducer/workspace/Bears-173/molgenis-data-file/target/test-classes/logback-test.xml]
02:36:24,151 |-INFO in ch.qos.logback.classic.joran.action.ConfigurationAction - debug attribute not set
02:36:24,152 |-INFO in ch.qos.logback.core.joran.action.AppenderAction - About to instantiate appender of type [ch.qos.logback.core.ConsoleAppender]
02:36:24,166 |-INFO in ch.qos.logback.core.joran.action.AppenderAction - Naming appender as [STDOUT]
02:36:24,176 |-INFO in ch.qos.logback.core.joran.action.NestedComplexPropertyIA - Assuming default type [ch.qos.logback.classic.encoder.PatternLayoutEncoder] for [encoder] property
02:36:24,250 |-INFO in ch.qos.logback.classic.joran.action.LoggerAction - Setting level of logger [org.molgenis] to INFO
02:36:24,250 |-INFO in ch.qos.logback.classic.joran.action.RootLoggerAction - Setting level of ROOT logger to WARN
02:36:24,250 |-INFO in ch.qos.logback.core.joran.action.AppenderRefAction - Attaching appender named [STDOUT] to Logger[ROOT]
02:36:24,251 |-INFO in ch.qos.logback.classic.joran.action.ConfigurationAction - End of configuration.
02:36:24,253 |-INFO in ch.qos.logback.classic.joran.JoranConfigurator@7a247711 - Registering current configuration as safe fallback point

02:36:24.460 [main] WARN  o.m.d.f.FileMetaRepositoryDecorator - Could not delete file 'id' from file store
02:36:24.549 [main] WARN  o.m.d.f.FileMetaRepositoryDecorator - Could not delete file 'id0' from file store
02:36:24.549 [main] WARN  o.m.d.f.FileMetaRepositoryDecorator - Could not delete file 'id1' from file store
02:36:24.563 [main] WARN  o.m.d.f.FileMetaRepositoryDecorator - Could not delete file 'id0' from file store
02:36:24.563 [main] WARN  o.m.d.f.FileMetaRepositoryDecorator - Could not delete file 'id1' from file store
02:36:24.570 [main] WARN  o.m.d.f.FileMetaRepositoryDecorator - Could not delete file 'id' from file store
02:36:24.849 [main] WARN  o.m.d.f.FileMetaRepositoryDecorator - Could not delete file 'id0' from file store
02:36:24.849 [main] WARN  o.m.d.f.FileMetaRepositoryDecorator - Could not delete file 'id1' from file store
Tests run: 25, Failures: 0, Errors: 0, Skipped: 0, Time elapsed: 2.521 sec - in TestSuite

Results :

Tests run: 25, Failures: 0, Errors: 0, Skipped: 0

[INFO] 
[INFO] --- jacoco-maven-plugin:0.8.1:report (post-unit-test) @ molgenis-data-file ---
[INFO] Loading execution data file /On-the-Reproducibility/section-2/reproducibility-scanner/reproducer/workspace/Bears-173/molgenis-data-file/target/jacoco.exec
[INFO] Analyzed bundle 'data-file' with 13 classes
[INFO] 
[INFO] ------------------< org.molgenis:molgenis-data-i18n >-------------------
[INFO] Building data-i18n 7.0.0-SNAPSHOT                                [10/58]
[INFO] --------------------------------[ jar ]---------------------------------
[INFO] 
[INFO] --- maven-enforcer-plugin:1.4.1:enforce (enforce-banned-dependencies) @ molgenis-data-i18n ---
[INFO] Skipping Rule Enforcement.
[INFO] 
[INFO] --- jacoco-maven-plugin:0.8.1:prepare-agent (pre-unit-test) @ molgenis-data-i18n ---
[INFO] argLine set to -javaagent:/root/.m2/repository/org/jacoco/org.jacoco.agent/0.8.1/org.jacoco.agent-0.8.1-runtime.jar=destfile=/On-the-Reproducibility/section-2/reproducibility-scanner/reproducer/workspace/Bears-173/molgenis-data-i18n/target/jacoco.exec
[INFO] 
[INFO] --- build-helper-maven-plugin:3.0.0:add-source (execution-annotations) @ molgenis-data-i18n ---
[INFO] Source directory: /On-the-Reproducibility/section-2/reproducibility-scanner/reproducer/workspace/Bears-173/molgenis-data-i18n/target/generated-sources/annotations added.
[INFO] 
[INFO] --- build-helper-maven-plugin:3.0.0:add-resource (minify-build-helper) @ molgenis-data-i18n ---
[INFO] 
[INFO] --- maven-resources-plugin:3.0.2:resources (default-resources) @ molgenis-data-i18n ---
[INFO] Using 'UTF-8' encoding to copy filtered resources.
[INFO] Copying 0 resource
[INFO] skip non existing resourceDirectory /On-the-Reproducibility/section-2/reproducibility-scanner/reproducer/workspace/Bears-173/molgenis-data-i18n/src/main/resources
[INFO] skip non existing resourceDirectory /On-the-Reproducibility/section-2/reproducibility-scanner/reproducer/workspace/Bears-173/molgenis-data-i18n/target/generated-resources
[INFO] 
[INFO] --- maven-compiler-plugin:3.7.0:compile (default-compile) @ molgenis-data-i18n ---
[INFO] Nothing to compile - all classes are up to date
[INFO] 
[INFO] --- maven-resources-plugin:3.0.2:copy-resources (copy-generated-resources) @ molgenis-data-i18n ---
[INFO] Using 'UTF-8' encoding to copy filtered resources.
[INFO] skip non existing resourceDirectory /On-the-Reproducibility/section-2/reproducibility-scanner/reproducer/workspace/Bears-173/molgenis-data-i18n/target/generated-resources
[INFO] 
[INFO] --- maven-resources-plugin:3.0.2:testResources (default-testResources) @ molgenis-data-i18n ---
[INFO] Using 'UTF-8' encoding to copy filtered resources.
[INFO] Copying 3 resources
[INFO] 
[INFO] --- maven-compiler-plugin:3.7.0:testCompile (default-testCompile) @ molgenis-data-i18n ---
[INFO] Nothing to compile - all classes are up to date
[INFO] 
[INFO] --- maven-surefire-plugin:2.19.1:test (default-test) @ molgenis-data-i18n ---

-------------------------------------------------------
 T E S T S
-------------------------------------------------------
Running TestSuite
02:36:27,805 |-INFO in ch.qos.logback.classic.LoggerContext[default] - Found resource [logback-test.xml] at [file:/On-the-Reproducibility/section-2/reproducibility-scanner/reproducer/workspace/Bears-173/molgenis-data-i18n/target/test-classes/logback-test.xml]
02:36:27,806 |-WARN in ch.qos.logback.classic.LoggerContext[default] - Resource [logback-test.xml] occurs multiple times on the classpath.
02:36:27,806 |-WARN in ch.qos.logback.classic.LoggerContext[default] - Resource [logback-test.xml] occurs at [file:/On-the-Reproducibility/section-2/reproducibility-scanner/reproducer/workspace/Bears-173/molgenis-data/target/test-classes/logback-test.xml]
02:36:27,806 |-WARN in ch.qos.logback.classic.LoggerContext[default] - Resource [logback-test.xml] occurs at [file:/On-the-Reproducibility/section-2/reproducibility-scanner/reproducer/workspace/Bears-173/molgenis-data-i18n/target/test-classes/logback-test.xml]
02:36:27,912 |-INFO in ch.qos.logback.classic.joran.action.ConfigurationAction - debug attribute not set
02:36:27,913 |-INFO in ch.qos.logback.core.joran.action.AppenderAction - About to instantiate appender of type [ch.qos.logback.core.ConsoleAppender]
02:36:27,927 |-INFO in ch.qos.logback.core.joran.action.AppenderAction - Naming appender as [STDOUT]
02:36:27,938 |-INFO in ch.qos.logback.core.joran.action.NestedComplexPropertyIA - Assuming default type [ch.qos.logback.classic.encoder.PatternLayoutEncoder] for [encoder] property
02:36:28,014 |-INFO in ch.qos.logback.classic.joran.action.LoggerAction - Setting level of logger [org.molgenis] to INFO
02:36:28,014 |-INFO in ch.qos.logback.classic.joran.action.RootLoggerAction - Setting level of ROOT logger to WARN
02:36:28,014 |-INFO in ch.qos.logback.core.joran.action.AppenderRefAction - Attaching appender named [STDOUT] to Logger[ROOT]
02:36:28,015 |-INFO in ch.qos.logback.classic.joran.action.ConfigurationAction - End of configuration.
02:36:28,017 |-INFO in ch.qos.logback.classic.joran.JoranConfigurator@4b22214d - Registering current configuration as safe fallback point

02:36:28.816 [main] WARN  o.m.i.p.AllPropertiesMessageSource - ResourceBundle [l10n.test] not found for MessageSource: Can't find bundle for base name l10n.test, locale de
02:36:28.820 [main] WARN  o.m.i.p.AllPropertiesMessageSource - ResourceBundle [l10n.test] not found for MessageSource: Can't find bundle for base name l10n.test, locale es
02:36:28.821 [main] WARN  o.m.i.p.AllPropertiesMessageSource - ResourceBundle [l10n.test] not found for MessageSource: Can't find bundle for base name l10n.test, locale it
02:36:28.822 [main] WARN  o.m.i.p.AllPropertiesMessageSource - ResourceBundle [l10n.test] not found for MessageSource: Can't find bundle for base name l10n.test, locale pt
02:36:28.823 [main] WARN  o.m.i.p.AllPropertiesMessageSource - ResourceBundle [l10n.test] not found for MessageSource: Can't find bundle for base name l10n.test, locale fr
02:36:28.824 [main] WARN  o.m.i.p.AllPropertiesMessageSource - ResourceBundle [l10n.test] not found for MessageSource: Can't find bundle for base name l10n.test, locale xx
02:36:28.848 [main] WARN  o.m.i.p.AllPropertiesMessageSource - ResourceBundle [l10n.test] not found for MessageSource: Can't find bundle for base name l10n.test, locale de
02:36:28.848 [main] WARN  o.m.i.p.AllPropertiesMessageSource - ResourceBundle [l10n.test] not found for MessageSource: Can't find bundle for base name l10n.test, locale es
02:36:28.848 [main] WARN  o.m.i.p.AllPropertiesMessageSource - ResourceBundle [l10n.test] not found for MessageSource: Can't find bundle for base name l10n.test, locale it
02:36:28.849 [main] WARN  o.m.i.p.AllPropertiesMessageSource - ResourceBundle [l10n.test] not found for MessageSource: Can't find bundle for base name l10n.test, locale pt
02:36:28.849 [main] WARN  o.m.i.p.AllPropertiesMessageSource - ResourceBundle [l10n.test] not found for MessageSource: Can't find bundle for base name l10n.test, locale fr
02:36:28.849 [main] WARN  o.m.i.p.AllPropertiesMessageSource - ResourceBundle [l10n.test] not found for MessageSource: Can't find bundle for base name l10n.test, locale xx
02:36:28.850 [main] WARN  o.m.i.p.AllPropertiesMessageSource - ResourceBundle [l10n.test] not found for MessageSource: Can't find bundle for base name l10n.test, locale de
02:36:28.850 [main] WARN  o.m.i.p.AllPropertiesMessageSource - ResourceBundle [l10n.test] not found for MessageSource: Can't find bundle for base name l10n.test, locale es
02:36:28.850 [main] WARN  o.m.i.p.AllPropertiesMessageSource - ResourceBundle [l10n.test] not found for MessageSource: Can't find bundle for base name l10n.test, locale it
02:36:28.851 [main] WARN  o.m.i.p.AllPropertiesMessageSource - ResourceBundle [l10n.test] not found for MessageSource: Can't find bundle for base name l10n.test, locale pt
02:36:28.851 [main] WARN  o.m.i.p.AllPropertiesMessageSource - ResourceBundle [l10n.test] not found for MessageSource: Can't find bundle for base name l10n.test, locale fr
02:36:28.851 [main] WARN  o.m.i.p.AllPropertiesMessageSource - ResourceBundle [l10n.test] not found for MessageSource: Can't find bundle for base name l10n.test, locale xx
02:36:28.852 [main] WARN  o.m.i.p.AllPropertiesMessageSource - ResourceBundle [l10n.test] not found for MessageSource: Can't find bundle for base name l10n.test, locale de
02:36:28.852 [main] WARN  o.m.i.p.AllPropertiesMessageSource - ResourceBundle [l10n.test] not found for MessageSource: Can't find bundle for base name l10n.test, locale es
02:36:28.853 [main] WARN  o.m.i.p.AllPropertiesMessageSource - ResourceBundle [l10n.test] not found for MessageSource: Can't find bundle for base name l10n.test, locale it
02:36:28.853 [main] WARN  o.m.i.p.AllPropertiesMessageSource - ResourceBundle [l10n.test] not found for MessageSource: Can't find bundle for base name l10n.test, locale pt
02:36:28.853 [main] WARN  o.m.i.p.AllPropertiesMessageSource - ResourceBundle [l10n.test] not found for MessageSource: Can't find bundle for base name l10n.test, locale fr
02:36:28.854 [main] WARN  o.m.i.p.AllPropertiesMessageSource - ResourceBundle [l10n.test] not found for MessageSource: Can't find bundle for base name l10n.test, locale xx
02:36:28.854 [main] WARN  o.m.i.p.AllPropertiesMessageSource - ResourceBundle [l10n.test] not found for MessageSource: Can't find bundle for base name l10n.test, locale de
02:36:28.854 [main] WARN  o.m.i.p.AllPropertiesMessageSource - ResourceBundle [l10n.test] not found for MessageSource: Can't find bundle for base name l10n.test, locale es
02:36:28.855 [main] WARN  o.m.i.p.AllPropertiesMessageSource - ResourceBundle [l10n.test] not found for MessageSource: Can't find bundle for base name l10n.test, locale it
02:36:28.855 [main] WARN  o.m.i.p.AllPropertiesMessageSource - ResourceBundle [l10n.test] not found for MessageSource: Can't find bundle for base name l10n.test, locale pt
02:36:28.855 [main] WARN  o.m.i.p.AllPropertiesMessageSource - ResourceBundle [l10n.test] not found for MessageSource: Can't find bundle for base name l10n.test, locale fr
02:36:28.855 [main] WARN  o.m.i.p.AllPropertiesMessageSource - ResourceBundle [l10n.test] not found for MessageSource: Can't find bundle for base name l10n.test, locale xx
Tests run: 16, Failures: 0, Errors: 0, Skipped: 0, Time elapsed: 3.044 sec - in TestSuite

Results :

Tests run: 16, Failures: 0, Errors: 0, Skipped: 0

[INFO] 
[INFO] --- jacoco-maven-plugin:0.8.1:report (post-unit-test) @ molgenis-data-i18n ---
[INFO] Loading execution data file /On-the-Reproducibility/section-2/reproducibility-scanner/reproducer/workspace/Bears-173/molgenis-data-i18n/target/jacoco.exec
[INFO] Analyzed bundle 'data-i18n' with 13 classes
[INFO] 
[INFO] -----------------< org.molgenis:molgenis-scripts-core >-----------------
[INFO] Building scripts-core 7.0.0-SNAPSHOT                             [11/58]
[INFO] --------------------------------[ jar ]---------------------------------
[INFO] 
[INFO] --- maven-enforcer-plugin:1.4.1:enforce (enforce-banned-dependencies) @ molgenis-scripts-core ---
[INFO] Skipping Rule Enforcement.
[INFO] 
[INFO] --- jacoco-maven-plugin:0.8.1:prepare-agent (pre-unit-test) @ molgenis-scripts-core ---
[INFO] argLine set to -javaagent:/root/.m2/repository/org/jacoco/org.jacoco.agent/0.8.1/org.jacoco.agent-0.8.1-runtime.jar=destfile=/On-the-Reproducibility/section-2/reproducibility-scanner/reproducer/workspace/Bears-173/molgenis-scripts-core/target/jacoco.exec
[INFO] 
[INFO] --- build-helper-maven-plugin:3.0.0:add-source (execution-annotations) @ molgenis-scripts-core ---
[INFO] Source directory: /On-the-Reproducibility/section-2/reproducibility-scanner/reproducer/workspace/Bears-173/molgenis-scripts-core/target/generated-sources/annotations added.
[INFO] 
[INFO] --- build-helper-maven-plugin:3.0.0:add-resource (minify-build-helper) @ molgenis-scripts-core ---
[INFO] 
[INFO] --- maven-resources-plugin:3.0.2:resources (default-resources) @ molgenis-scripts-core ---
[INFO] Using 'UTF-8' encoding to copy filtered resources.
[INFO] Copying 0 resource
[INFO] skip non existing resourceDirectory /On-the-Reproducibility/section-2/reproducibility-scanner/reproducer/workspace/Bears-173/molgenis-scripts-core/src/main/resources
[INFO] skip non existing resourceDirectory /On-the-Reproducibility/section-2/reproducibility-scanner/reproducer/workspace/Bears-173/molgenis-scripts-core/target/generated-resources
[INFO] 
[INFO] --- maven-compiler-plugin:3.7.0:compile (default-compile) @ molgenis-scripts-core ---
[INFO] Nothing to compile - all classes are up to date
[INFO] 
[INFO] --- maven-resources-plugin:3.0.2:copy-resources (copy-generated-resources) @ molgenis-scripts-core ---
[INFO] Using 'UTF-8' encoding to copy filtered resources.
[INFO] skip non existing resourceDirectory /On-the-Reproducibility/section-2/reproducibility-scanner/reproducer/workspace/Bears-173/molgenis-scripts-core/target/generated-resources
[INFO] 
[INFO] --- maven-resources-plugin:3.0.2:testResources (default-testResources) @ molgenis-scripts-core ---
[INFO] Using 'UTF-8' encoding to copy filtered resources.
[INFO] Copying 1 resource
[INFO] 
[INFO] --- maven-compiler-plugin:3.7.0:testCompile (default-testCompile) @ molgenis-scripts-core ---
[INFO] Nothing to compile - all classes are up to date
[INFO] 
[INFO] --- maven-surefire-plugin:2.19.1:test (default-test) @ molgenis-scripts-core ---

-------------------------------------------------------
 T E S T S
-------------------------------------------------------
Running TestSuite
02:36:32,185 |-INFO in ch.qos.logback.classic.LoggerContext[default] - Found resource [logback-test.xml] at [file:/On-the-Reproducibility/section-2/reproducibility-scanner/reproducer/workspace/Bears-173/molgenis-scripts-core/target/test-classes/logback-test.xml]
02:36:32,186 |-WARN in ch.qos.logback.classic.LoggerContext[default] - Resource [logback-test.xml] occurs multiple times on the classpath.
02:36:32,186 |-WARN in ch.qos.logback.classic.LoggerContext[default] - Resource [logback-test.xml] occurs at [file:/On-the-Reproducibility/section-2/reproducibility-scanner/reproducer/workspace/Bears-173/molgenis-data/target/test-classes/logback-test.xml]
02:36:32,186 |-WARN in ch.qos.logback.classic.LoggerContext[default] - Resource [logback-test.xml] occurs at [file:/On-the-Reproducibility/section-2/reproducibility-scanner/reproducer/workspace/Bears-173/molgenis-scripts-core/target/test-classes/logback-test.xml]
02:36:32,260 |-INFO in ch.qos.logback.classic.joran.action.ConfigurationAction - debug attribute not set
02:36:32,261 |-INFO in ch.qos.logback.core.joran.action.AppenderAction - About to instantiate appender of type [ch.qos.logback.core.ConsoleAppender]
02:36:32,273 |-INFO in ch.qos.logback.core.joran.action.AppenderAction - Naming appender as [STDOUT]
02:36:32,283 |-INFO in ch.qos.logback.core.joran.action.NestedComplexPropertyIA - Assuming default type [ch.qos.logback.classic.encoder.PatternLayoutEncoder] for [encoder] property
02:36:32,328 |-INFO in ch.qos.logback.classic.joran.action.LoggerAction - Setting level of logger [org.molgenis] to INFO
02:36:32,328 |-INFO in ch.qos.logback.classic.joran.action.RootLoggerAction - Setting level of ROOT logger to WARN
02:36:32,328 |-INFO in ch.qos.logback.core.joran.action.AppenderRefAction - Attaching appender named [STDOUT] to Logger[ROOT]
02:36:32,329 |-INFO in ch.qos.logback.classic.joran.action.ConfigurationAction - End of configuration.
02:36:32,330 |-INFO in ch.qos.logback.classic.joran.JoranConfigurator@6c4eccd2 - Registering current configuration as safe fallback point

Tests run: 3, Failures: 0, Errors: 0, Skipped: 0, Time elapsed: 2.247 sec - in TestSuite

Results :

Tests run: 3, Failures: 0, Errors: 0, Skipped: 0

[INFO] 
[INFO] --- jacoco-maven-plugin:0.8.1:report (post-unit-test) @ molgenis-scripts-core ---
[INFO] Loading execution data file /On-the-Reproducibility/section-2/reproducibility-scanner/reproducer/workspace/Bears-173/molgenis-scripts-core/target/jacoco.exec
[INFO] Analyzed bundle 'scripts-core' with 17 classes
[INFO] 
[INFO] ----------------------< org.molgenis:molgenis-js >----------------------
[INFO] Building js 7.0.0-SNAPSHOT                                       [12/58]
[INFO] --------------------------------[ jar ]---------------------------------
[INFO] 
[INFO] --- maven-enforcer-plugin:1.4.1:enforce (enforce-banned-dependencies) @ molgenis-js ---
[INFO] Skipping Rule Enforcement.
[INFO] 
[INFO] --- jacoco-maven-plugin:0.8.1:prepare-agent (pre-unit-test) @ molgenis-js ---
[INFO] argLine set to -javaagent:/root/.m2/repository/org/jacoco/org.jacoco.agent/0.8.1/org.jacoco.agent-0.8.1-runtime.jar=destfile=/On-the-Reproducibility/section-2/reproducibility-scanner/reproducer/workspace/Bears-173/molgenis-js/target/jacoco.exec
[INFO] 
[INFO] --- build-helper-maven-plugin:3.0.0:add-source (execution-annotations) @ molgenis-js ---
[INFO] Source directory: /On-the-Reproducibility/section-2/reproducibility-scanner/reproducer/workspace/Bears-173/molgenis-js/target/generated-sources/annotations added.
[INFO] 
[INFO] --- build-helper-maven-plugin:3.0.0:add-resource (minify-build-helper) @ molgenis-js ---
[INFO] 
[INFO] --- minify-maven-plugin:1.7.4:minify (default-minify) @ molgenis-js ---
[INFO] Starting CSS task:
[ERROR] No valid CSS source files found to process.
[INFO] Starting JavaScript task:
[INFO] Skipping the merge step...
[INFO] Creating the minified file [es6-shims.min.js].
[INFO] Uncompressed size: 358 bytes.
[INFO] Compressed size: 177 bytes minified (146 bytes gzipped).
[INFO] Creating the minified file [script-evaluator.min.js].
[INFO] Uncompressed size: 12817 bytes.
[INFO] Compressed size: 3872 bytes minified (1104 bytes gzipped).
[INFO] 
[INFO] 
[INFO] --- maven-resources-plugin:3.0.2:resources (default-resources) @ molgenis-js ---
[INFO] Using 'UTF-8' encoding to copy filtered resources.
[INFO] Copying 0 resource
[INFO] Copying 3 resources
[INFO] Copying 2 resources
[INFO] 
[INFO] --- maven-compiler-plugin:3.7.0:compile (default-compile) @ molgenis-js ---
[INFO] Nothing to compile - all classes are up to date
[INFO] 
[INFO] --- maven-resources-plugin:3.0.2:copy-resources (copy-generated-resources) @ molgenis-js ---
[INFO] Using 'UTF-8' encoding to copy filtered resources.
[INFO] Copying 2 resources
[INFO] 
[INFO] --- maven-resources-plugin:3.0.2:testResources (default-testResources) @ molgenis-js ---
[INFO] Using 'UTF-8' encoding to copy filtered resources.
[INFO] Copying 2 resources
[INFO] 
[INFO] --- maven-compiler-plugin:3.7.0:testCompile (default-testCompile) @ molgenis-js ---
[INFO] Nothing to compile - all classes are up to date
[INFO] 
[INFO] --- maven-surefire-plugin:2.19.1:test (default-test) @ molgenis-js ---

-------------------------------------------------------
 T E S T S
-------------------------------------------------------
Running TestSuite
Tests run: 37, Failures: 0, Errors: 0, Skipped: 0, Time elapsed: 9.525 sec - in TestSuite

Results :

Tests run: 37, Failures: 0, Errors: 0, Skipped: 0

[INFO] 
[INFO] --- jacoco-maven-plugin:0.8.1:report (post-unit-test) @ molgenis-js ---
[INFO] Loading execution data file /On-the-Reproducibility/section-2/reproducibility-scanner/reproducer/workspace/Bears-173/molgenis-js/target/jacoco.exec
[INFO] Analyzed bundle 'js' with 7 classes
[INFO] 
[INFO] ---------------< org.molgenis:molgenis-data-validation >----------------
[INFO] Building data-validation 7.0.0-SNAPSHOT                          [13/58]
[INFO] --------------------------------[ jar ]---------------------------------
[INFO] 
[INFO] --- maven-enforcer-plugin:1.4.1:enforce (enforce-banned-dependencies) @ molgenis-data-validation ---
[INFO] Skipping Rule Enforcement.
[INFO] 
[INFO] --- jacoco-maven-plugin:0.8.1:prepare-agent (pre-unit-test) @ molgenis-data-validation ---
[INFO] argLine set to -javaagent:/root/.m2/repository/org/jacoco/org.jacoco.agent/0.8.1/org.jacoco.agent-0.8.1-runtime.jar=destfile=/On-the-Reproducibility/section-2/reproducibility-scanner/reproducer/workspace/Bears-173/molgenis-data-validation/target/jacoco.exec
[INFO] 
[INFO] --- build-helper-maven-plugin:3.0.0:add-source (execution-annotations) @ molgenis-data-validation ---
[INFO] Source directory: /On-the-Reproducibility/section-2/reproducibility-scanner/reproducer/workspace/Bears-173/molgenis-data-validation/target/generated-sources/annotations added.
[INFO] 
[INFO] --- build-helper-maven-plugin:3.0.0:add-resource (minify-build-helper) @ molgenis-data-validation ---
[INFO] 
[INFO] --- maven-resources-plugin:3.0.2:resources (default-resources) @ molgenis-data-validation ---
[INFO] Using 'UTF-8' encoding to copy filtered resources.
[INFO] Copying 0 resource
[INFO] skip non existing resourceDirectory /On-the-Reproducibility/section-2/reproducibility-scanner/reproducer/workspace/Bears-173/molgenis-data-validation/src/main/resources
[INFO] skip non existing resourceDirectory /On-the-Reproducibility/section-2/reproducibility-scanner/reproducer/workspace/Bears-173/molgenis-data-validation/target/generated-resources
[INFO] 
[INFO] --- maven-compiler-plugin:3.7.0:compile (default-compile) @ molgenis-data-validation ---
[INFO] Nothing to compile - all classes are up to date
[INFO] 
[INFO] --- maven-resources-plugin:3.0.2:copy-resources (copy-generated-resources) @ molgenis-data-validation ---
[INFO] Using 'UTF-8' encoding to copy filtered resources.
[INFO] skip non existing resourceDirectory /On-the-Reproducibility/section-2/reproducibility-scanner/reproducer/workspace/Bears-173/molgenis-data-validation/target/generated-resources
[INFO] 
[INFO] --- maven-resources-plugin:3.0.2:testResources (default-testResources) @ molgenis-data-validation ---
[INFO] Using 'UTF-8' encoding to copy filtered resources.
[INFO] Copying 1 resource
[INFO] 
[INFO] --- maven-compiler-plugin:3.7.0:testCompile (default-testCompile) @ molgenis-data-validation ---
[INFO] Nothing to compile - all classes are up to date
[INFO] 
[INFO] --- maven-surefire-plugin:2.19.1:test (default-test) @ molgenis-data-validation ---

-------------------------------------------------------
 T E S T S
-------------------------------------------------------
Running TestSuite
02:36:48.343 [main] ERROR o.m.d.v.meta.PackageValidator - validatePackageAllowed, the system package registry does not contain package with id sys_myPackage and label null
[MockitoHint] EntityAttributesValidatorTest.null (see javadoc for MockitoHint):
[MockitoHint] 1. Unused -> at org.molgenis.data.validation.EntityAttributesValidatorTest.setUpBeforeMethod(EntityAttributesValidatorTest.java:51)
[MockitoHint] 2. Unused -> at org.molgenis.data.validation.EntityAttributesValidatorTest.setUpBeforeMethod(EntityAttributesValidatorTest.java:52)
[MockitoHint] 3. Unused -> at org.molgenis.data.validation.EntityAttributesValidatorTest.setUpBeforeMethod(EntityAttributesValidatorTest.java:53)
[MockitoHint] 4. Unused -> at org.molgenis.data.validation.EntityAttributesValidatorTest.setUpBeforeMethod(EntityAttributesValidatorTest.java:54)
[MockitoHint] 5. Unused -> at org.molgenis.data.validation.EntityAttributesValidatorTest.setUpBeforeMethod(EntityAttributesValidatorTest.java:55)
[MockitoHint] 6. Unused -> at org.molgenis.data.validation.EntityAttributesValidatorTest.setUpBeforeMethod(EntityAttributesValidatorTest.java:56)
[MockitoHint] 7. Unused -> at org.molgenis.data.validation.EntityAttributesValidatorTest.setUpBeforeMethod(EntityAttributesValidatorTest.java:57)
[MockitoHint] 8. Unused -> at org.molgenis.data.validation.EntityAttributesValidatorTest.setUpBeforeMethod(EntityAttributesValidatorTest.java:58)
[MockitoHint] 9. Unused -> at org.molgenis.data.validation.EntityAttributesValidatorTest.setUpBeforeMethod(EntityAttributesValidatorTest.java:60)
[MockitoHint] 10. Unused -> at org.molgenis.data.validation.EntityAttributesValidatorTest.setUpBeforeMethod(EntityAttributesValidatorTest.java:61)
[MockitoHint] 11. Unused -> at org.molgenis.data.validation.EntityAttributesValidatorTest.setUpBeforeMethod(EntityAttributesValidatorTest.java:62)
[MockitoHint] 12. Unused -> at org.molgenis.data.validation.EntityAttributesValidatorTest.setUpBeforeMethod(EntityAttributesValidatorTest.java:63)
[MockitoHint] 13. Unused -> at org.molgenis.data.validation.EntityAttributesValidatorTest.setUpBeforeMethod(EntityAttributesValidatorTest.java:64)
[MockitoHint] 14. Unused -> at org.molgenis.data.validation.EntityAttributesValidatorTest.setUpBeforeMethod(EntityAttributesValidatorTest.java:66)
[MockitoHint] 15. Unused -> at org.molgenis.data.validation.EntityAttributesValidatorTest.setUpBeforeMethod(EntityAttributesValidatorTest.java:67)
[MockitoHint] 16. Unused -> at org.molgenis.data.validation.EntityAttributesValidatorTest.setUpBeforeMethod(EntityAttributesValidatorTest.java:68)
[MockitoHint] 17. Unused -> at org.molgenis.data.validation.EntityAttributesValidatorTest.setUpBeforeMethod(EntityAttributesValidatorTest.java:69)
[MockitoHint] 18. Unused -> at org.molgenis.data.validation.EntityAttributesValidatorTest.setUpBeforeMethod(EntityAttributesValidatorTest.java:70)
[MockitoHint] 19. Unused -> at org.molgenis.data.validation.EntityAttributesValidatorTest.checkMrefNullValue(EntityAttributesValidatorTest.java:291)
[MockitoHint] 20. Unused -> at org.molgenis.data.validation.EntityAttributesValidatorTest.checkMrefNullValue(EntityAttributesValidatorTest.java:292)
[MockitoHint] 21. Unused -> at org.molgenis.data.validation.EntityAttributesValidatorTest.checkMrefNullValue(EntityAttributesValidatorTest.java:296)
[MockitoHint] 22. Unused -> at org.molgenis.data.validation.EntityAttributesValidatorTest.checkMrefNullValue(EntityAttributesValidatorTest.java:297)
[MockitoHint] 23. Unused -> at org.molgenis.data.validation.EntityAttributesValidatorTest.checkMrefNullValue(EntityAttributesValidatorTest.java:309)
[MockitoHint] 24. Unused -> at org.molgenis.data.validation.EntityAttributesValidatorTest.checkMrefNullValue(EntityAttributesValidatorTest.java:315)
[MockitoHint] 25. Unused -> at org.molgenis.data.validation.EntityAttributesValidatorTest.checkMrefNullValue(EntityAttributesValidatorTest.java:319)

[MockitoHint] EntityAttributesValidatorTest.null (see javadoc for MockitoHint):
[MockitoHint] 1. Unused -> at org.molgenis.data.validation.EntityAttributesValidatorTest.setUpBeforeMethod(EntityAttributesValidatorTest.java:51)
[MockitoHint] 2. Unused -> at org.molgenis.data.validation.EntityAttributesValidatorTest.setUpBeforeMethod(EntityAttributesValidatorTest.java:52)
[MockitoHint] 3. Unused -> at org.molgenis.data.validation.EntityAttributesValidatorTest.setUpBeforeMethod(EntityAttributesValidatorTest.java:53)
[MockitoHint] 4. Unused -> at org.molgenis.data.validation.EntityAttributesValidatorTest.setUpBeforeMethod(EntityAttributesValidatorTest.java:54)
[MockitoHint] 5. Unused -> at org.molgenis.data.validation.EntityAttributesValidatorTest.setUpBeforeMethod(EntityAttributesValidatorTest.java:55)
[MockitoHint] 6. Unused -> at org.molgenis.data.validation.EntityAttributesValidatorTest.setUpBeforeMethod(EntityAttributesValidatorTest.java:56)
[MockitoHint] 7. Unused -> at org.molgenis.data.validation.EntityAttributesValidatorTest.setUpBeforeMethod(EntityAttributesValidatorTest.java:57)
[MockitoHint] 8. Unused -> at org.molgenis.data.validation.EntityAttributesValidatorTest.setUpBeforeMethod(EntityAttributesValidatorTest.java:58)
[MockitoHint] 9. Unused -> at org.molgenis.data.validation.EntityAttributesValidatorTest.setUpBeforeMethod(EntityAttributesValidatorTest.java:60)
[MockitoHint] 10. Unused -> at org.molgenis.data.validation.EntityAttributesValidatorTest.setUpBeforeMethod(EntityAttributesValidatorTest.java:61)
[MockitoHint] 11. Unused -> at org.molgenis.data.validation.EntityAttributesValidatorTest.setUpBeforeMethod(EntityAttributesValidatorTest.java:62)
[MockitoHint] 12. Unused -> at org.molgenis.data.validation.EntityAttributesValidatorTest.setUpBeforeMethod(EntityAttributesValidatorTest.java:63)
[MockitoHint] 13. Unused -> at org.molgenis.data.validation.EntityAttributesValidatorTest.setUpBeforeMethod(EntityAttributesValidatorTest.java:64)
[MockitoHint] 14. Unused -> at org.molgenis.data.validation.EntityAttributesValidatorTest.setUpBeforeMethod(EntityAttributesValidatorTest.java:66)
[MockitoHint] 15. Unused -> at org.molgenis.data.validation.EntityAttributesValidatorTest.setUpBeforeMethod(EntityAttributesValidatorTest.java:67)
[MockitoHint] 16. Unused -> at org.molgenis.data.validation.EntityAttributesValidatorTest.setUpBeforeMethod(EntityAttributesValidatorTest.java:68)
[MockitoHint] 17. Unused -> at org.molgenis.data.validation.EntityAttributesValidatorTest.setUpBeforeMethod(EntityAttributesValidatorTest.java:69)
[MockitoHint] 18. Unused -> at org.molgenis.data.validation.EntityAttributesValidatorTest.setUpBeforeMethod(EntityAttributesValidatorTest.java:70)
[MockitoHint] 19. Unused -> at org.molgenis.data.validation.EntityAttributesValidatorTest.checkMrefNullValue(EntityAttributesValidatorTest.java:291)
[MockitoHint] 20. Unused -> at org.molgenis.data.validation.EntityAttributesValidatorTest.checkMrefNullValue(EntityAttributesValidatorTest.java:292)
[MockitoHint] 21. Unused -> at org.molgenis.data.validation.EntityAttributesValidatorTest.checkMrefNullValue(EntityAttributesValidatorTest.java:296)
[MockitoHint] 22. Unused -> at org.molgenis.data.validation.EntityAttributesValidatorTest.checkMrefNullValue(EntityAttributesValidatorTest.java:297)
[MockitoHint] 23. Unused -> at org.molgenis.data.validation.EntityAttributesValidatorTest.checkMrefNullValue(EntityAttributesValidatorTest.java:309)
[MockitoHint] 24. Unused -> at org.molgenis.data.validation.EntityAttributesValidatorTest.checkMrefNullValue(EntityAttributesValidatorTest.java:313)
[MockitoHint] 25. Unused -> at org.molgenis.data.validation.EntityAttributesValidatorTest.checkMrefNullValue(EntityAttributesValidatorTest.java:315)
[MockitoHint] 26. Unused -> at org.molgenis.data.validation.EntityAttributesValidatorTest.checkMrefNullValue(EntityAttributesValidatorTest.java:316)
[MockitoHint] 27. Unused -> at org.molgenis.data.validation.EntityAttributesValidatorTest.checkMrefNullValue(EntityAttributesValidatorTest.java:319)

[MockitoHint] EntityAttributesValidatorTest.null (see javadoc for MockitoHint):
[MockitoHint] 1. Unused -> at org.molgenis.data.validation.EntityAttributesValidatorTest.setUpBeforeMethod(EntityAttributesValidatorTest.java:51)
[MockitoHint] 2. Unused -> at org.molgenis.data.validation.EntityAttributesValidatorTest.setUpBeforeMethod(EntityAttributesValidatorTest.java:52)
[MockitoHint] 3. Unused -> at org.molgenis.data.validation.EntityAttributesValidatorTest.setUpBeforeMethod(EntityAttributesValidatorTest.java:53)
[MockitoHint] 4. Unused -> at org.molgenis.data.validation.EntityAttributesValidatorTest.setUpBeforeMethod(EntityAttributesValidatorTest.java:54)
[MockitoHint] 5. Unused -> at org.molgenis.data.validation.EntityAttributesValidatorTest.setUpBeforeMethod(EntityAttributesValidatorTest.java:55)
[MockitoHint] 6. Unused -> at org.molgenis.data.validation.EntityAttributesValidatorTest.setUpBeforeMethod(EntityAttributesValidatorTest.java:56)
[MockitoHint] 7. Unused -> at org.molgenis.data.validation.EntityAttributesValidatorTest.setUpBeforeMethod(EntityAttributesValidatorTest.java:57)
[MockitoHint] 8. Unused -> at org.molgenis.data.validation.EntityAttributesValidatorTest.setUpBeforeMethod(EntityAttributesValidatorTest.java:58)
[MockitoHint] 9. Unused -> at org.molgenis.data.validation.EntityAttributesValidatorTest.setUpBeforeMethod(EntityAttributesValidatorTest.java:60)
[MockitoHint] 10. Unused -> at org.molgenis.data.validation.EntityAttributesValidatorTest.setUpBeforeMethod(EntityAttributesValidatorTest.java:61)
[MockitoHint] 11. Unused -> at org.molgenis.data.validation.EntityAttributesValidatorTest.setUpBeforeMethod(EntityAttributesValidatorTest.java:62)
[MockitoHint] 12. Unused -> at org.molgenis.data.validation.EntityAttributesValidatorTest.setUpBeforeMethod(EntityAttributesValidatorTest.java:63)
[MockitoHint] 13. Unused -> at org.molgenis.data.validation.EntityAttributesValidatorTest.setUpBeforeMethod(EntityAttributesValidatorTest.java:64)
[MockitoHint] 14. Unused -> at org.molgenis.data.validation.EntityAttributesValidatorTest.setUpBeforeMethod(EntityAttributesValidatorTest.java:66)
[MockitoHint] 15. Unused -> at org.molgenis.data.validation.EntityAttributesValidatorTest.setUpBeforeMethod(EntityAttributesValidatorTest.java:67)
[MockitoHint] 16. Unused -> at org.molgenis.data.validation.EntityAttributesValidatorTest.setUpBeforeMethod(EntityAttributesValidatorTest.java:68)
[MockitoHint] 17. Unused -> at org.molgenis.data.validation.EntityAttributesValidatorTest.setUpBeforeMethod(EntityAttributesValidatorTest.java:69)
[MockitoHint] 18. Unused -> at org.molgenis.data.validation.EntityAttributesValidatorTest.setUpBeforeMethod(EntityAttributesValidatorTest.java:70)
[MockitoHint] 19. Unused -> at org.molgenis.data.validation.EntityAttributesValidatorTest.checkMrefValid(EntityAttributesValidatorTest.java:207)
[MockitoHint] 20. Unused -> at org.molgenis.data.validation.EntityAttributesValidatorTest.checkMrefValid(EntityAttributesValidatorTest.java:208)
[MockitoHint] 21. Unused -> at org.molgenis.data.validation.EntityAttributesValidatorTest.checkMrefValid(EntityAttributesValidatorTest.java:212)
[MockitoHint] 22. Unused -> at org.molgenis.data.validation.EntityAttributesValidatorTest.checkMrefValid(EntityAttributesValidatorTest.java:213)
[MockitoHint] 23. Unused -> at org.molgenis.data.validation.EntityAttributesValidatorTest.checkMrefValid(EntityAttributesValidatorTest.java:224)
[MockitoHint] 24. Unused -> at org.molgenis.data.validation.EntityAttributesValidatorTest.checkMrefValid(EntityAttributesValidatorTest.java:225)
[MockitoHint] 25. Unused -> at org.molgenis.data.validation.EntityAttributesValidatorTest.checkMrefValid(EntityAttributesValidatorTest.java:229)
[MockitoHint] 26. Unused -> at org.molgenis.data.validation.EntityAttributesValidatorTest.checkMrefValid(EntityAttributesValidatorTest.java:232)
[MockitoHint] 27. Unused -> at org.molgenis.data.validation.EntityAttributesValidatorTest.checkMrefValid(EntityAttributesValidatorTest.java:235)

[MockitoHint] EntityAttributesValidatorTest.null (see javadoc for MockitoHint):
[MockitoHint] 1. Unused -> at org.molgenis.data.validation.EntityAttributesValidatorTest.setUpBeforeMethod(EntityAttributesValidatorTest.java:51)
[MockitoHint] 2. Unused -> at org.molgenis.data.validation.EntityAttributesValidatorTest.setUpBeforeMethod(EntityAttributesValidatorTest.java:52)
[MockitoHint] 3. Unused -> at org.molgenis.data.validation.EntityAttributesValidatorTest.setUpBeforeMethod(EntityAttributesValidatorTest.java:53)
[MockitoHint] 4. Unused -> at org.molgenis.data.validation.EntityAttributesValidatorTest.setUpBeforeMethod(EntityAttributesValidatorTest.java:54)
[MockitoHint] 5. Unused -> at org.molgenis.data.validation.EntityAttributesValidatorTest.setUpBeforeMethod(EntityAttributesValidatorTest.java:55)
[MockitoHint] 6. Unused -> at org.molgenis.data.validation.EntityAttributesValidatorTest.setUpBeforeMethod(EntityAttributesValidatorTest.java:56)
[MockitoHint] 7. Unused -> at org.molgenis.data.validation.EntityAttributesValidatorTest.setUpBeforeMethod(EntityAttributesValidatorTest.java:57)
[MockitoHint] 8. Unused -> at org.molgenis.data.validation.EntityAttributesValidatorTest.setUpBeforeMethod(EntityAttributesValidatorTest.java:58)
[MockitoHint] 9. Unused -> at org.molgenis.data.validation.EntityAttributesValidatorTest.setUpBeforeMethod(EntityAttributesValidatorTest.java:60)
[MockitoHint] 10. Unused -> at org.molgenis.data.validation.EntityAttributesValidatorTest.setUpBeforeMethod(EntityAttributesValidatorTest.java:61)
[MockitoHint] 11. Unused -> at org.molgenis.data.validation.EntityAttributesValidatorTest.setUpBeforeMethod(EntityAttributesValidatorTest.java:62)
[MockitoHint] 12. Unused -> at org.molgenis.data.validation.EntityAttributesValidatorTest.setUpBeforeMethod(EntityAttributesValidatorTest.java:63)
[MockitoHint] 13. Unused -> at org.molgenis.data.validation.EntityAttributesValidatorTest.setUpBeforeMethod(EntityAttributesValidatorTest.java:64)
[MockitoHint] 14. Unused -> at org.molgenis.data.validation.EntityAttributesValidatorTest.setUpBeforeMethod(EntityAttributesValidatorTest.java:66)
[MockitoHint] 15. Unused -> at org.molgenis.data.validation.EntityAttributesValidatorTest.setUpBeforeMethod(EntityAttributesValidatorTest.java:67)
[MockitoHint] 16. Unused -> at org.molgenis.data.validation.EntityAttributesValidatorTest.setUpBeforeMethod(EntityAttributesValidatorTest.java:68)
[MockitoHint] 17. Unused -> at org.molgenis.data.validation.EntityAttributesValidatorTest.setUpBeforeMethod(EntityAttributesValidatorTest.java:69)
[MockitoHint] 18. Unused -> at org.molgenis.data.validation.EntityAttributesValidatorTest.setUpBeforeMethod(EntityAttributesValidatorTest.java:70)
[MockitoHint] 19. Unused -> at org.molgenis.data.validation.EntityAttributesValidatorTest.checkMrefValid(EntityAttributesValidatorTest.java:207)
[MockitoHint] 20. Unused -> at org.molgenis.data.validation.EntityAttributesValidatorTest.checkMrefValid(EntityAttributesValidatorTest.java:208)
[MockitoHint] 21. Unused -> at org.molgenis.data.validation.EntityAttributesValidatorTest.checkMrefValid(EntityAttributesValidatorTest.java:212)
[MockitoHint] 22. Unused -> at org.molgenis.data.validation.EntityAttributesValidatorTest.checkMrefValid(EntityAttributesValidatorTest.java:213)
[MockitoHint] 23. Unused -> at org.molgenis.data.validation.EntityAttributesValidatorTest.checkMrefValid(EntityAttributesValidatorTest.java:224)
[MockitoHint] 24. Unused -> at org.molgenis.data.validation.EntityAttributesValidatorTest.checkMrefValid(EntityAttributesValidatorTest.java:225)
[MockitoHint] 25. Unused -> at org.molgenis.data.validation.EntityAttributesValidatorTest.checkMrefValid(EntityAttributesValidatorTest.java:229)
[MockitoHint] 26. Unused -> at org.molgenis.data.validation.EntityAttributesValidatorTest.checkMrefValid(EntityAttributesValidatorTest.java:232)
[MockitoHint] 27. Unused -> at org.molgenis.data.validation.EntityAttributesValidatorTest.checkMrefValid(EntityAttributesValidatorTest.java:235)

[MockitoHint] EntityAttributesValidatorTest.null (see javadoc for MockitoHint):
[MockitoHint] 1. Unused -> at org.molgenis.data.validation.EntityAttributesValidatorTest.setUpBeforeMethod(EntityAttributesValidatorTest.java:51)
[MockitoHint] 2. Unused -> at org.molgenis.data.validation.EntityAttributesValidatorTest.setUpBeforeMethod(EntityAttributesValidatorTest.java:52)
[MockitoHint] 3. Unused -> at org.molgenis.data.validation.EntityAttributesValidatorTest.setUpBeforeMethod(EntityAttributesValidatorTest.java:53)
[MockitoHint] 4. Unused -> at org.molgenis.data.validation.EntityAttributesValidatorTest.setUpBeforeMethod(EntityAttributesValidatorTest.java:54)
[MockitoHint] 5. Unused -> at org.molgenis.data.validation.EntityAttributesValidatorTest.setUpBeforeMethod(EntityAttributesValidatorTest.java:55)
[MockitoHint] 6. Unused -> at org.molgenis.data.validation.EntityAttributesValidatorTest.setUpBeforeMethod(EntityAttributesValidatorTest.java:56)
[MockitoHint] 7. Unused -> at org.molgenis.data.validation.EntityAttributesValidatorTest.setUpBeforeMethod(EntityAttributesValidatorTest.java:57)
[MockitoHint] 8. Unused -> at org.molgenis.data.validation.EntityAttributesValidatorTest.setUpBeforeMethod(EntityAttributesValidatorTest.java:58)
[MockitoHint] 9. Unused -> at org.molgenis.data.validation.EntityAttributesValidatorTest.setUpBeforeMethod(EntityAttributesValidatorTest.java:60)
[MockitoHint] 10. Unused -> at org.molgenis.data.validation.EntityAttributesValidatorTest.setUpBeforeMethod(EntityAttributesValidatorTest.java:61)
[MockitoHint] 11. Unused -> at org.molgenis.data.validation.EntityAttributesValidatorTest.setUpBeforeMethod(EntityAttributesValidatorTest.java:62)
[MockitoHint] 12. Unused -> at org.molgenis.data.validation.EntityAttributesValidatorTest.setUpBeforeMethod(EntityAttributesValidatorTest.java:63)
[MockitoHint] 13. Unused -> at org.molgenis.data.validation.EntityAttributesValidatorTest.setUpBeforeMethod(EntityAttributesValidatorTest.java:64)
[MockitoHint] 14. Unused -> at org.molgenis.data.validation.EntityAttributesValidatorTest.setUpBeforeMethod(EntityAttributesValidatorTest.java:66)
[MockitoHint] 15. Unused -> at org.molgenis.data.validation.EntityAttributesValidatorTest.setUpBeforeMethod(EntityAttributesValidatorTest.java:67)
[MockitoHint] 16. Unused -> at org.molgenis.data.validation.EntityAttributesValidatorTest.setUpBeforeMethod(EntityAttributesValidatorTest.java:68)
[MockitoHint] 17. Unused -> at org.molgenis.data.validation.EntityAttributesValidatorTest.setUpBeforeMethod(EntityAttributesValidatorTest.java:69)
[MockitoHint] 18. Unused -> at org.molgenis.data.validation.EntityAttributesValidatorTest.setUpBeforeMethod(EntityAttributesValidatorTest.java:70)
[MockitoHint] 19. Unused -> at org.molgenis.data.validation.EntityAttributesValidatorTest.checkMrefValidWrongType(EntityAttributesValidatorTest.java:245)
[MockitoHint] 20. Unused -> at org.molgenis.data.validation.EntityAttributesValidatorTest.checkMrefValidWrongType(EntityAttributesValidatorTest.java:246)
[MockitoHint] 21. Unused -> at org.molgenis.data.validation.EntityAttributesValidatorTest.checkMrefValidWrongType(EntityAttributesValidatorTest.java:250)
[MockitoHint] 22. Unused -> at org.molgenis.data.validation.EntityAttributesValidatorTest.checkMrefValidWrongType(EntityAttributesValidatorTest.java:251)
[MockitoHint] 23. Unused -> at org.molgenis.data.validation.EntityAttributesValidatorTest.checkMrefValidWrongType(EntityAttributesValidatorTest.java:263)
[MockitoHint] 24. Unused -> at org.molgenis.data.validation.EntityAttributesValidatorTest.checkMrefValidWrongType(EntityAttributesValidatorTest.java:266)
[MockitoHint] 25. Unused -> at org.molgenis.data.validation.EntityAttributesValidatorTest.checkMrefValidWrongType(EntityAttributesValidatorTest.java:267)
[MockitoHint] 26. Unused -> at org.molgenis.data.validation.EntityAttributesValidatorTest.checkMrefValidWrongType(EntityAttributesValidatorTest.java:271)
[MockitoHint] 27. Unused -> at org.molgenis.data.validation.EntityAttributesValidatorTest.checkMrefValidWrongType(EntityAttributesValidatorTest.java:272)
[MockitoHint] 28. Unused -> at org.molgenis.data.validation.EntityAttributesValidatorTest.checkMrefValidWrongType(EntityAttributesValidatorTest.java:277)
[MockitoHint] 29. Unused -> at org.molgenis.data.validation.EntityAttributesValidatorTest.checkMrefValidWrongType(EntityAttributesValidatorTest.java:281)

[MockitoHint] EntityAttributesValidatorTest.null (see javadoc for MockitoHint):
[MockitoHint] 1. Unused -> at org.molgenis.data.validation.EntityAttributesValidatorTest.setUpBeforeMethod(EntityAttributesValidatorTest.java:51)
[MockitoHint] 2. Unused -> at org.molgenis.data.validation.EntityAttributesValidatorTest.setUpBeforeMethod(EntityAttributesValidatorTest.java:52)
[MockitoHint] 3. Unused -> at org.molgenis.data.validation.EntityAttributesValidatorTest.setUpBeforeMethod(EntityAttributesValidatorTest.java:53)
[MockitoHint] 4. Unused -> at org.molgenis.data.validation.EntityAttributesValidatorTest.setUpBeforeMethod(EntityAttributesValidatorTest.java:54)
[MockitoHint] 5. Unused -> at org.molgenis.data.validation.EntityAttributesValidatorTest.setUpBeforeMethod(EntityAttributesValidatorTest.java:55)
[MockitoHint] 6. Unused -> at org.molgenis.data.validation.EntityAttributesValidatorTest.setUpBeforeMethod(EntityAttributesValidatorTest.java:56)
[MockitoHint] 7. Unused -> at org.molgenis.data.validation.EntityAttributesValidatorTest.setUpBeforeMethod(EntityAttributesValidatorTest.java:57)
[MockitoHint] 8. Unused -> at org.molgenis.data.validation.EntityAttributesValidatorTest.setUpBeforeMethod(EntityAttributesValidatorTest.java:58)
[MockitoHint] 9. Unused -> at org.molgenis.data.validation.EntityAttributesValidatorTest.setUpBeforeMethod(EntityAttributesValidatorTest.java:60)
[MockitoHint] 10. Unused -> at org.molgenis.data.validation.EntityAttributesValidatorTest.setUpBeforeMethod(EntityAttributesValidatorTest.java:61)
[MockitoHint] 11. Unused -> at org.molgenis.data.validation.EntityAttributesValidatorTest.setUpBeforeMethod(EntityAttributesValidatorTest.java:62)
[MockitoHint] 12. Unused -> at org.molgenis.data.validation.EntityAttributesValidatorTest.setUpBeforeMethod(EntityAttributesValidatorTest.java:63)
[MockitoHint] 13. Unused -> at org.molgenis.data.validation.EntityAttributesValidatorTest.setUpBeforeMethod(EntityAttributesValidatorTest.java:64)
[MockitoHint] 14. Unused -> at org.molgenis.data.validation.EntityAttributesValidatorTest.setUpBeforeMethod(EntityAttributesValidatorTest.java:66)
[MockitoHint] 15. Unused -> at org.molgenis.data.validation.EntityAttributesValidatorTest.setUpBeforeMethod(EntityAttributesValidatorTest.java:67)
[MockitoHint] 16. Unused -> at org.molgenis.data.validation.EntityAttributesValidatorTest.setUpBeforeMethod(EntityAttributesValidatorTest.java:68)
[MockitoHint] 17. Unused -> at org.molgenis.data.validation.EntityAttributesValidatorTest.setUpBeforeMethod(EntityAttributesValidatorTest.java:69)
[MockitoHint] 18. Unused -> at org.molgenis.data.validation.EntityAttributesValidatorTest.setUpBeforeMethod(EntityAttributesValidatorTest.java:70)
[MockitoHint] 19. Unused -> at org.molgenis.data.validation.EntityAttributesValidatorTest.checkMrefValidWrongType(EntityAttributesValidatorTest.java:245)
[MockitoHint] 20. Unused -> at org.molgenis.data.validation.EntityAttributesValidatorTest.checkMrefValidWrongType(EntityAttributesValidatorTest.java:246)
[MockitoHint] 21. Unused -> at org.molgenis.data.validation.EntityAttributesValidatorTest.checkMrefValidWrongType(EntityAttributesValidatorTest.java:250)
[MockitoHint] 22. Unused -> at org.molgenis.data.validation.EntityAttributesValidatorTest.checkMrefValidWrongType(EntityAttributesValidatorTest.java:251)
[MockitoHint] 23. Unused -> at org.molgenis.data.validation.EntityAttributesValidatorTest.checkMrefValidWrongType(EntityAttributesValidatorTest.java:263)
[MockitoHint] 24. Unused -> at org.molgenis.data.validation.EntityAttributesValidatorTest.checkMrefValidWrongType(EntityAttributesValidatorTest.java:266)
[MockitoHint] 25. Unused -> at org.molgenis.data.validation.EntityAttributesValidatorTest.checkMrefValidWrongType(EntityAttributesValidatorTest.java:267)
[MockitoHint] 26. Unused -> at org.molgenis.data.validation.EntityAttributesValidatorTest.checkMrefValidWrongType(EntityAttributesValidatorTest.java:271)
[MockitoHint] 27. Unused -> at org.molgenis.data.validation.EntityAttributesValidatorTest.checkMrefValidWrongType(EntityAttributesValidatorTest.java:272)
[MockitoHint] 28. Unused -> at org.molgenis.data.validation.EntityAttributesValidatorTest.checkMrefValidWrongType(EntityAttributesValidatorTest.java:275)
[MockitoHint] 29. Unused -> at org.molgenis.data.validation.EntityAttributesValidatorTest.checkMrefValidWrongType(EntityAttributesValidatorTest.java:277)
[MockitoHint] 30. Unused -> at org.molgenis.data.validation.EntityAttributesValidatorTest.checkMrefValidWrongType(EntityAttributesValidatorTest.java:278)
[MockitoHint] 31. Unused -> at org.molgenis.data.validation.EntityAttributesValidatorTest.checkMrefValidWrongType(EntityAttributesValidatorTest.java:281)

[MockitoHint] EntityAttributesValidatorTest.null (see javadoc for MockitoHint):
[MockitoHint] 1. Unused -> at org.molgenis.data.validation.EntityAttributesValidatorTest.setUpBeforeMethod(EntityAttributesValidatorTest.java:53)
[MockitoHint] 2. Unused -> at org.molgenis.data.validation.EntityAttributesValidatorTest.setUpBeforeMethod(EntityAttributesValidatorTest.java:54)
[MockitoHint] 3. Unused -> at org.molgenis.data.validation.EntityAttributesValidatorTest.setUpBeforeMethod(EntityAttributesValidatorTest.java:55)
[MockitoHint] 4. Unused -> at org.molgenis.data.validation.EntityAttributesValidatorTest.setUpBeforeMethod(EntityAttributesValidatorTest.java:60)
[MockitoHint] 5. Unused -> at org.molgenis.data.validation.EntityAttributesValidatorTest.setUpBeforeMethod(EntityAttributesValidatorTest.java:61)
[MockitoHint] 6. Unused -> at org.molgenis.data.validation.EntityAttributesValidatorTest.setUpBeforeMethod(EntityAttributesValidatorTest.java:62)
[MockitoHint] 7. Unused -> at org.molgenis.data.validation.EntityAttributesValidatorTest.setUpBeforeMethod(EntityAttributesValidatorTest.java:63)
[MockitoHint] 8. Unused -> at org.molgenis.data.validation.EntityAttributesValidatorTest.setUpBeforeMethod(EntityAttributesValidatorTest.java:64)
[MockitoHint] 9. Unused -> at org.molgenis.data.validation.EntityAttributesValidatorTest.setUpBeforeMethod(EntityAttributesValidatorTest.java:66)
[MockitoHint] 10. Unused -> at org.molgenis.data.validation.EntityAttributesValidatorTest.setUpBeforeMethod(EntityAttributesValidatorTest.java:67)

[MockitoHint] EntityAttributesValidatorTest.null (see javadoc for MockitoHint):
[MockitoHint] 1. Unused -> at org.molgenis.data.validation.EntityAttributesValidatorTest.setUpBeforeMethod(EntityAttributesValidatorTest.java:53)
[MockitoHint] 2. Unused -> at org.molgenis.data.validation.EntityAttributesValidatorTest.setUpBeforeMethod(EntityAttributesValidatorTest.java:54)
[MockitoHint] 3. Unused -> at org.molgenis.data.validation.EntityAttributesValidatorTest.setUpBeforeMethod(EntityAttributesValidatorTest.java:55)
[MockitoHint] 4. Unused -> at org.molgenis.data.validation.EntityAttributesValidatorTest.setUpBeforeMethod(EntityAttributesValidatorTest.java:60)
[MockitoHint] 5. Unused -> at org.molgenis.data.validation.EntityAttributesValidatorTest.setUpBeforeMethod(EntityAttributesValidatorTest.java:61)
[MockitoHint] 6. Unused -> at org.molgenis.data.validation.EntityAttributesValidatorTest.setUpBeforeMethod(EntityAttributesValidatorTest.java:62)
[MockitoHint] 7. Unused -> at org.molgenis.data.validation.EntityAttributesValidatorTest.setUpBeforeMethod(EntityAttributesValidatorTest.java:63)
[MockitoHint] 8. Unused -> at org.molgenis.data.validation.EntityAttributesValidatorTest.setUpBeforeMethod(EntityAttributesValidatorTest.java:64)
[MockitoHint] 9. Unused -> at org.molgenis.data.validation.EntityAttributesValidatorTest.setUpBeforeMethod(EntityAttributesValidatorTest.java:67)

[MockitoHint] EntityAttributesValidatorTest.null (see javadoc for MockitoHint):
[MockitoHint] 1. Unused -> at org.molgenis.data.validation.EntityAttributesValidatorTest.setUpBeforeMethod(EntityAttributesValidatorTest.java:56)
[MockitoHint] 2. Unused -> at org.molgenis.data.validation.EntityAttributesValidatorTest.setUpBeforeMethod(EntityAttributesValidatorTest.java:57)
[MockitoHint] 3. Unused -> at org.molgenis.data.validation.EntityAttributesValidatorTest.setUpBeforeMethod(EntityAttributesValidatorTest.java:58)
[MockitoHint] 4. Unused -> at org.molgenis.data.validation.EntityAttributesValidatorTest.setUpBeforeMethod(EntityAttributesValidatorTest.java:60)
[MockitoHint] 5. Unused -> at org.molgenis.data.validation.EntityAttributesValidatorTest.setUpBeforeMethod(EntityAttributesValidatorTest.java:61)
[MockitoHint] 6. Unused -> at org.molgenis.data.validation.EntityAttributesValidatorTest.setUpBeforeMethod(EntityAttributesValidatorTest.java:66)
[MockitoHint] 7. Unused -> at org.molgenis.data.validation.EntityAttributesValidatorTest.setUpBeforeMethod(EntityAttributesValidatorTest.java:67)
[MockitoHint] 8. Unused -> at org.molgenis.data.validation.EntityAttributesValidatorTest.setUpBeforeMethod(EntityAttributesValidatorTest.java:68)
[MockitoHint] 9. Unused -> at org.molgenis.data.validation.EntityAttributesValidatorTest.setUpBeforeMethod(EntityAttributesValidatorTest.java:69)
[MockitoHint] 10. Unused -> at org.molgenis.data.validation.EntityAttributesValidatorTest.setUpBeforeMethod(EntityAttributesValidatorTest.java:70)

[MockitoHint] EntityAttributesValidatorTest.null (see javadoc for MockitoHint):
[MockitoHint] 1. Unused -> at org.molgenis.data.validation.EntityAttributesValidatorTest.setUpBeforeMethod(EntityAttributesValidatorTest.java:56)
[MockitoHint] 2. Unused -> at org.molgenis.data.validation.EntityAttributesValidatorTest.setUpBeforeMethod(EntityAttributesValidatorTest.java:57)
[MockitoHint] 3. Unused -> at org.molgenis.data.validation.EntityAttributesValidatorTest.setUpBeforeMethod(EntityAttributesValidatorTest.java:58)
[MockitoHint] 4. Unused -> at org.molgenis.data.validation.EntityAttributesValidatorTest.setUpBeforeMethod(EntityAttributesValidatorTest.java:61)
[MockitoHint] 5. Unused -> at org.molgenis.data.validation.EntityAttributesValidatorTest.setUpBeforeMethod(EntityAttributesValidatorTest.java:66)
[MockitoHint] 6. Unused -> at org.molgenis.data.validation.EntityAttributesValidatorTest.setUpBeforeMethod(EntityAttributesValidatorTest.java:67)
[MockitoHint] 7. Unused -> at org.molgenis.data.validation.EntityAttributesValidatorTest.setUpBeforeMethod(EntityAttributesValidatorTest.java:68)
[MockitoHint] 8. Unused -> at org.molgenis.data.validation.EntityAttributesValidatorTest.setUpBeforeMethod(EntityAttributesValidatorTest.java:69)
[MockitoHint] 9. Unused -> at org.molgenis.data.validation.EntityAttributesValidatorTest.setUpBeforeMethod(EntityAttributesValidatorTest.java:70)

[MockitoHint] EntityAttributesValidatorTest.null (see javadoc for MockitoHint):
[MockitoHint] 1. Unused -> at org.molgenis.data.validation.EntityAttributesValidatorTest.setUpBeforeMethod(EntityAttributesValidatorTest.java:51)
[MockitoHint] 2. Unused -> at org.molgenis.data.validation.EntityAttributesValidatorTest.setUpBeforeMethod(EntityAttributesValidatorTest.java:52)
[MockitoHint] 3. Unused -> at org.molgenis.data.validation.EntityAttributesValidatorTest.setUpBeforeMethod(EntityAttributesValidatorTest.java:53)
[MockitoHint] 4. Unused -> at org.molgenis.data.validation.EntityAttributesValidatorTest.setUpBeforeMethod(EntityAttributesValidatorTest.java:54)
[MockitoHint] 5. Unused -> at org.molgenis.data.validation.EntityAttributesValidatorTest.setUpBeforeMethod(EntityAttributesValidatorTest.java:55)
[MockitoHint] 6. Unused -> at org.molgenis.data.validation.EntityAttributesValidatorTest.setUpBeforeMethod(EntityAttributesValidatorTest.java:56)
[MockitoHint] 7. Unused -> at org.molgenis.data.validation.EntityAttributesValidatorTest.setUpBeforeMethod(EntityAttributesValidatorTest.java:57)
[MockitoHint] 8. Unused -> at org.molgenis.data.validation.EntityAttributesValidatorTest.setUpBeforeMethod(EntityAttributesValidatorTest.java:58)
[MockitoHint] 9. Unused -> at org.molgenis.data.validation.EntityAttributesValidatorTest.setUpBeforeMethod(EntityAttributesValidatorTest.java:60)
[MockitoHint] 10. Unused -> at org.molgenis.data.validation.EntityAttributesValidatorTest.setUpBeforeMethod(EntityAttributesValidatorTest.java:61)
[MockitoHint] 11. Unused -> at org.molgenis.data.validation.EntityAttributesValidatorTest.setUpBeforeMethod(EntityAttributesValidatorTest.java:62)
[MockitoHint] 12. Unused -> at org.molgenis.data.validation.EntityAttributesValidatorTest.setUpBeforeMethod(EntityAttributesValidatorTest.java:63)
[MockitoHint] 13. Unused -> at org.molgenis.data.validation.EntityAttributesValidatorTest.setUpBeforeMethod(EntityAttributesValidatorTest.java:64)
[MockitoHint] 14. Unused -> at org.molgenis.data.validation.EntityAttributesValidatorTest.setUpBeforeMethod(EntityAttributesValidatorTest.java:66)
[MockitoHint] 15. Unused -> at org.molgenis.data.validation.EntityAttributesValidatorTest.setUpBeforeMethod(EntityAttributesValidatorTest.java:67)
[MockitoHint] 16. Unused -> at org.molgenis.data.validation.EntityAttributesValidatorTest.setUpBeforeMethod(EntityAttributesValidatorTest.java:68)
[MockitoHint] 17. Unused -> at org.molgenis.data.validation.EntityAttributesValidatorTest.setUpBeforeMethod(EntityAttributesValidatorTest.java:69)
[MockitoHint] 18. Unused -> at org.molgenis.data.validation.EntityAttributesValidatorTest.setUpBeforeMethod(EntityAttributesValidatorTest.java:70)
[MockitoHint] 19. Unused -> at org.molgenis.data.validation.EntityAttributesValidatorTest.checkXrefEntityWrongType(EntityAttributesValidatorTest.java:157)
[MockitoHint] 20. Unused -> at org.molgenis.data.validation.EntityAttributesValidatorTest.checkXrefEntityWrongType(EntityAttributesValidatorTest.java:158)
[MockitoHint] 21. Unused -> at org.molgenis.data.validation.EntityAttributesValidatorTest.checkXrefEntityWrongType(EntityAttributesValidatorTest.java:162)
[MockitoHint] 22. Unused -> at org.molgenis.data.validation.EntityAttributesValidatorTest.checkXrefEntityWrongType(EntityAttributesValidatorTest.java:163)
[MockitoHint] 23. Unused -> at org.molgenis.data.validation.EntityAttributesValidatorTest.checkXrefEntityWrongType(EntityAttributesValidatorTest.java:165)
[MockitoHint] 24. Unused -> at org.molgenis.data.validation.EntityAttributesValidatorTest.checkXrefEntityWrongType(EntityAttributesValidatorTest.java:166)
[MockitoHint] 25. Unused -> at org.molgenis.data.validation.EntityAttributesValidatorTest.checkXrefEntityWrongType(EntityAttributesValidatorTest.java:170)
[MockitoHint] 26. Unused -> at org.molgenis.data.validation.EntityAttributesValidatorTest.checkXrefEntityWrongType(EntityAttributesValidatorTest.java:171)
[MockitoHint] 27. Unused -> at org.molgenis.data.validation.EntityAttributesValidatorTest.checkXrefEntityWrongType(EntityAttributesValidatorTest.java:183)
[MockitoHint] 28. Unused -> at org.molgenis.data.validation.EntityAttributesValidatorTest.checkXrefEntityWrongType(EntityAttributesValidatorTest.java:191)

[MockitoHint] EntityAttributesValidatorTest.null (see javadoc for MockitoHint):
[MockitoHint] 1. Unused -> at org.molgenis.data.validation.EntityAttributesValidatorTest.setUpBeforeMethod(EntityAttributesValidatorTest.java:51)
[MockitoHint] 2. Unused -> at org.molgenis.data.validation.EntityAttributesValidatorTest.setUpBeforeMethod(EntityAttributesValidatorTest.java:52)
[MockitoHint] 3. Unused -> at org.molgenis.data.validation.EntityAttributesValidatorTest.setUpBeforeMethod(EntityAttributesValidatorTest.java:53)
[MockitoHint] 4. Unused -> at org.molgenis.data.validation.EntityAttributesValidatorTest.setUpBeforeMethod(EntityAttributesValidatorTest.java:54)
[MockitoHint] 5. Unused -> at org.molgenis.data.validation.EntityAttributesValidatorTest.setUpBeforeMethod(EntityAttributesValidatorTest.java:55)
[MockitoHint] 6. Unused -> at org.molgenis.data.validation.EntityAttributesValidatorTest.setUpBeforeMethod(EntityAttributesValidatorTest.java:56)
[MockitoHint] 7. Unused -> at org.molgenis.data.validation.EntityAttributesValidatorTest.setUpBeforeMethod(EntityAttributesValidatorTest.java:57)
[MockitoHint] 8. Unused -> at org.molgenis.data.validation.EntityAttributesValidatorTest.setUpBeforeMethod(EntityAttributesValidatorTest.java:58)
[MockitoHint] 9. Unused -> at org.molgenis.data.validation.EntityAttributesValidatorTest.setUpBeforeMethod(EntityAttributesValidatorTest.java:60)
[MockitoHint] 10. Unused -> at org.molgenis.data.validation.EntityAttributesValidatorTest.setUpBeforeMethod(EntityAttributesValidatorTest.java:61)
[MockitoHint] 11. Unused -> at org.molgenis.data.validation.EntityAttributesValidatorTest.setUpBeforeMethod(EntityAttributesValidatorTest.java:62)
[MockitoHint] 12. Unused -> at org.molgenis.data.validation.EntityAttributesValidatorTest.setUpBeforeMethod(EntityAttributesValidatorTest.java:63)
[MockitoHint] 13. Unused -> at org.molgenis.data.validation.EntityAttributesValidatorTest.setUpBeforeMethod(EntityAttributesValidatorTest.java:64)
[MockitoHint] 14. Unused -> at org.molgenis.data.validation.EntityAttributesValidatorTest.setUpBeforeMethod(EntityAttributesValidatorTest.java:66)
[MockitoHint] 15. Unused -> at org.molgenis.data.validation.EntityAttributesValidatorTest.setUpBeforeMethod(EntityAttributesValidatorTest.java:67)
[MockitoHint] 16. Unused -> at org.molgenis.data.validation.EntityAttributesValidatorTest.setUpBeforeMethod(EntityAttributesValidatorTest.java:68)
[MockitoHint] 17. Unused -> at org.molgenis.data.validation.EntityAttributesValidatorTest.setUpBeforeMethod(EntityAttributesValidatorTest.java:69)
[MockitoHint] 18. Unused -> at org.molgenis.data.validation.EntityAttributesValidatorTest.setUpBeforeMethod(EntityAttributesValidatorTest.java:70)
[MockitoHint] 19. Unused -> at org.molgenis.data.validation.EntityAttributesValidatorTest.checkXrefEntityWrongType(EntityAttributesValidatorTest.java:157)
[MockitoHint] 20. Unused -> at org.molgenis.data.validation.EntityAttributesValidatorTest.checkXrefEntityWrongType(EntityAttributesValidatorTest.java:158)
[MockitoHint] 21. Unused -> at org.molgenis.data.validation.EntityAttributesValidatorTest.checkXrefEntityWrongType(EntityAttributesValidatorTest.java:162)
[MockitoHint] 22. Unused -> at org.molgenis.data.validation.EntityAttributesValidatorTest.checkXrefEntityWrongType(EntityAttributesValidatorTest.java:163)
[MockitoHint] 23. Unused -> at org.molgenis.data.validation.EntityAttributesValidatorTest.checkXrefEntityWrongType(EntityAttributesValidatorTest.java:165)
[MockitoHint] 24. Unused -> at org.molgenis.data.validation.EntityAttributesValidatorTest.checkXrefEntityWrongType(EntityAttributesValidatorTest.java:166)
[MockitoHint] 25. Unused -> at org.molgenis.data.validation.EntityAttributesValidatorTest.checkXrefEntityWrongType(EntityAttributesValidatorTest.java:170)
[MockitoHint] 26. Unused -> at org.molgenis.data.validation.EntityAttributesValidatorTest.checkXrefEntityWrongType(EntityAttributesValidatorTest.java:171)
[MockitoHint] 27. Unused -> at org.molgenis.data.validation.EntityAttributesValidatorTest.checkXrefEntityWrongType(EntityAttributesValidatorTest.java:183)
[MockitoHint] 28. Unused -> at org.molgenis.data.validation.EntityAttributesValidatorTest.checkXrefEntityWrongType(EntityAttributesValidatorTest.java:191)

[MockitoHint] EntityAttributesValidatorTest.null (see javadoc for MockitoHint):
[MockitoHint] 1. Unused -> at org.molgenis.data.validation.EntityAttributesValidatorTest.setUpBeforeMethod(EntityAttributesValidatorTest.java:51)
[MockitoHint] 2. Unused -> at org.molgenis.data.validation.EntityAttributesValidatorTest.setUpBeforeMethod(EntityAttributesValidatorTest.java:52)
[MockitoHint] 3. Unused -> at org.molgenis.data.validation.EntityAttributesValidatorTest.setUpBeforeMethod(EntityAttributesValidatorTest.java:53)
[MockitoHint] 4. Unused -> at org.molgenis.data.validation.EntityAttributesValidatorTest.setUpBeforeMethod(EntityAttributesValidatorTest.java:54)
[MockitoHint] 5. Unused -> at org.molgenis.data.validation.EntityAttributesValidatorTest.setUpBeforeMethod(EntityAttributesValidatorTest.java:55)
[MockitoHint] 6. Unused -> at org.molgenis.data.validation.EntityAttributesValidatorTest.setUpBeforeMethod(EntityAttributesValidatorTest.java:56)
[MockitoHint] 7. Unused -> at org.molgenis.data.validation.EntityAttributesValidatorTest.setUpBeforeMethod(EntityAttributesValidatorTest.java:57)
[MockitoHint] 8. Unused -> at org.molgenis.data.validation.EntityAttributesValidatorTest.setUpBeforeMethod(EntityAttributesValidatorTest.java:58)
[MockitoHint] 9. Unused -> at org.molgenis.data.validation.EntityAttributesValidatorTest.setUpBeforeMethod(EntityAttributesValidatorTest.java:60)
[MockitoHint] 10. Unused -> at org.molgenis.data.validation.EntityAttributesValidatorTest.setUpBeforeMethod(EntityAttributesValidatorTest.java:61)
[MockitoHint] 11. Unused -> at org.molgenis.data.validation.EntityAttributesValidatorTest.setUpBeforeMethod(EntityAttributesValidatorTest.java:62)
[MockitoHint] 12. Unused -> at org.molgenis.data.validation.EntityAttributesValidatorTest.setUpBeforeMethod(EntityAttributesValidatorTest.java:63)
[MockitoHint] 13. Unused -> at org.molgenis.data.validation.EntityAttributesValidatorTest.setUpBeforeMethod(EntityAttributesValidatorTest.java:64)
[MockitoHint] 14. Unused -> at org.molgenis.data.validation.EntityAttributesValidatorTest.setUpBeforeMethod(EntityAttributesValidatorTest.java:66)
[MockitoHint] 15. Unused -> at org.molgenis.data.validation.EntityAttributesValidatorTest.setUpBeforeMethod(EntityAttributesValidatorTest.java:67)
[MockitoHint] 16. Unused -> at org.molgenis.data.validation.EntityAttributesValidatorTest.setUpBeforeMethod(EntityAttributesValidatorTest.java:68)
[MockitoHint] 17. Unused -> at org.molgenis.data.validation.EntityAttributesValidatorTest.setUpBeforeMethod(EntityAttributesValidatorTest.java:69)
[MockitoHint] 18. Unused -> at org.molgenis.data.validation.EntityAttributesValidatorTest.setUpBeforeMethod(EntityAttributesValidatorTest.java:70)
[MockitoHint] 19. Unused -> at org.molgenis.data.validation.EntityAttributesValidatorTest.checkXrefValid(EntityAttributesValidatorTest.java:122)
[MockitoHint] 20. Unused -> at org.molgenis.data.validation.EntityAttributesValidatorTest.checkXrefValid(EntityAttributesValidatorTest.java:123)
[MockitoHint] 21. Unused -> at org.molgenis.data.validation.EntityAttributesValidatorTest.checkXrefValid(EntityAttributesValidatorTest.java:127)
[MockitoHint] 22. Unused -> at org.molgenis.data.validation.EntityAttributesValidatorTest.checkXrefValid(EntityAttributesValidatorTest.java:128)
[MockitoHint] 23. Unused -> at org.molgenis.data.validation.EntityAttributesValidatorTest.checkXrefValid(EntityAttributesValidatorTest.java:139)
[MockitoHint] 24. Unused -> at org.molgenis.data.validation.EntityAttributesValidatorTest.checkXrefValid(EntityAttributesValidatorTest.java:140)
[MockitoHint] 25. Unused -> at org.molgenis.data.validation.EntityAttributesValidatorTest.checkXrefValid(EntityAttributesValidatorTest.java:144)
[MockitoHint] 26. Unused -> at org.molgenis.data.validation.EntityAttributesValidatorTest.checkXrefValid(EntityAttributesValidatorTest.java:147)

[MockitoHint] EntityAttributesValidatorTest.null (see javadoc for MockitoHint):
[MockitoHint] 1. Unused -> at org.molgenis.data.validation.EntityAttributesValidatorTest.setUpBeforeMethod(EntityAttributesValidatorTest.java:51)
[MockitoHint] 2. Unused -> at org.molgenis.data.validation.EntityAttributesValidatorTest.setUpBeforeMethod(EntityAttributesValidatorTest.java:52)
[MockitoHint] 3. Unused -> at org.molgenis.data.validation.EntityAttributesValidatorTest.setUpBeforeMethod(EntityAttributesValidatorTest.java:53)
[MockitoHint] 4. Unused -> at org.molgenis.data.validation.EntityAttributesValidatorTest.setUpBeforeMethod(EntityAttributesValidatorTest.java:54)
[MockitoHint] 5. Unused -> at org.molgenis.data.validation.EntityAttributesValidatorTest.setUpBeforeMethod(EntityAttributesValidatorTest.java:55)
[MockitoHint] 6. Unused -> at org.molgenis.data.validation.EntityAttributesValidatorTest.setUpBeforeMethod(EntityAttributesValidatorTest.java:56)
[MockitoHint] 7. Unused -> at org.molgenis.data.validation.EntityAttributesValidatorTest.setUpBeforeMethod(EntityAttributesValidatorTest.java:57)
[MockitoHint] 8. Unused -> at org.molgenis.data.validation.EntityAttributesValidatorTest.setUpBeforeMethod(EntityAttributesValidatorTest.java:58)
[MockitoHint] 9. Unused -> at org.molgenis.data.validation.EntityAttributesValidatorTest.setUpBeforeMethod(EntityAttributesValidatorTest.java:60)
[MockitoHint] 10. Unused -> at org.molgenis.data.validation.EntityAttributesValidatorTest.setUpBeforeMethod(EntityAttributesValidatorTest.java:61)
[MockitoHint] 11. Unused -> at org.molgenis.data.validation.EntityAttributesValidatorTest.setUpBeforeMethod(EntityAttributesValidatorTest.java:62)
[MockitoHint] 12. Unused -> at org.molgenis.data.validation.EntityAttributesValidatorTest.setUpBeforeMethod(EntityAttributesValidatorTest.java:63)
[MockitoHint] 13. Unused -> at org.molgenis.data.validation.EntityAttributesValidatorTest.setUpBeforeMethod(EntityAttributesValidatorTest.java:64)
[MockitoHint] 14. Unused -> at org.molgenis.data.validation.EntityAttributesValidatorTest.setUpBeforeMethod(EntityAttributesValidatorTest.java:66)
[MockitoHint] 15. Unused -> at org.molgenis.data.validation.EntityAttributesValidatorTest.setUpBeforeMethod(EntityAttributesValidatorTest.java:67)
[MockitoHint] 16. Unused -> at org.molgenis.data.validation.EntityAttributesValidatorTest.setUpBeforeMethod(EntityAttributesValidatorTest.java:68)
[MockitoHint] 17. Unused -> at org.molgenis.data.validation.EntityAttributesValidatorTest.setUpBeforeMethod(EntityAttributesValidatorTest.java:69)
[MockitoHint] 18. Unused -> at org.molgenis.data.validation.EntityAttributesValidatorTest.setUpBeforeMethod(EntityAttributesValidatorTest.java:70)
[MockitoHint] 19. Unused -> at org.molgenis.data.validation.EntityAttributesValidatorTest.checkXrefValid(EntityAttributesValidatorTest.java:122)
[MockitoHint] 20. Unused -> at org.molgenis.data.validation.EntityAttributesValidatorTest.checkXrefValid(EntityAttributesValidatorTest.java:123)
[MockitoHint] 21. Unused -> at org.molgenis.data.validation.EntityAttributesValidatorTest.checkXrefValid(EntityAttributesValidatorTest.java:127)
[MockitoHint] 22. Unused -> at org.molgenis.data.validation.EntityAttributesValidatorTest.checkXrefValid(EntityAttributesValidatorTest.java:128)
[MockitoHint] 23. Unused -> at org.molgenis.data.validation.EntityAttributesValidatorTest.checkXrefValid(EntityAttributesValidatorTest.java:139)
[MockitoHint] 24. Unused -> at org.molgenis.data.validation.EntityAttributesValidatorTest.checkXrefValid(EntityAttributesValidatorTest.java:140)
[MockitoHint] 25. Unused -> at org.molgenis.data.validation.EntityAttributesValidatorTest.checkXrefValid(EntityAttributesValidatorTest.java:144)
[MockitoHint] 26. Unused -> at org.molgenis.data.validation.EntityAttributesValidatorTest.checkXrefValid(EntityAttributesValidatorTest.java:147)

[MockitoHint] EntityAttributesValidatorTest.null (see javadoc for MockitoHint):
[MockitoHint] 1. Unused -> at org.molgenis.data.validation.EntityAttributesValidatorTest.setUpBeforeMethod(EntityAttributesValidatorTest.java:51)
[MockitoHint] 2. Unused -> at org.molgenis.data.validation.EntityAttributesValidatorTest.setUpBeforeMethod(EntityAttributesValidatorTest.java:52)
[MockitoHint] 3. Unused -> at org.molgenis.data.validation.EntityAttributesValidatorTest.setUpBeforeMethod(EntityAttributesValidatorTest.java:53)
[MockitoHint] 4. Unused -> at org.molgenis.data.validation.EntityAttributesValidatorTest.setUpBeforeMethod(EntityAttributesValidatorTest.java:54)
[MockitoHint] 5. Unused -> at org.molgenis.data.validation.EntityAttributesValidatorTest.setUpBeforeMethod(EntityAttributesValidatorTest.java:55)
[MockitoHint] 6. Unused -> at org.molgenis.data.validation.EntityAttributesValidatorTest.setUpBeforeMethod(EntityAttributesValidatorTest.java:56)
[MockitoHint] 7. Unused -> at org.molgenis.data.validation.EntityAttributesValidatorTest.setUpBeforeMethod(EntityAttributesValidatorTest.java:57)
[MockitoHint] 8. Unused -> at org.molgenis.data.validation.EntityAttributesValidatorTest.setUpBeforeMethod(EntityAttributesValidatorTest.java:58)
[MockitoHint] 9. Unused -> at org.molgenis.data.validation.EntityAttributesValidatorTest.setUpBeforeMethod(EntityAttributesValidatorTest.java:60)
[MockitoHint] 10. Unused -> at org.molgenis.data.validation.EntityAttributesValidatorTest.setUpBeforeMethod(EntityAttributesValidatorTest.java:61)
[MockitoHint] 11. Unused -> at org.molgenis.data.validation.EntityAttributesValidatorTest.setUpBeforeMethod(EntityAttributesValidatorTest.java:62)
[MockitoHint] 12. Unused -> at org.molgenis.data.validation.EntityAttributesValidatorTest.setUpBeforeMethod(EntityAttributesValidatorTest.java:63)
[MockitoHint] 13. Unused -> at org.molgenis.data.validation.EntityAttributesValidatorTest.setUpBeforeMethod(EntityAttributesValidatorTest.java:64)
[MockitoHint] 14. Unused -> at org.molgenis.data.validation.EntityAttributesValidatorTest.setUpBeforeMethod(EntityAttributesValidatorTest.java:66)
[MockitoHint] 15. Unused -> at org.molgenis.data.validation.EntityAttributesValidatorTest.setUpBeforeMethod(EntityAttributesValidatorTest.java:67)
[MockitoHint] 16. Unused -> at org.molgenis.data.validation.EntityAttributesValidatorTest.setUpBeforeMethod(EntityAttributesValidatorTest.java:68)
[MockitoHint] 17. Unused -> at org.molgenis.data.validation.EntityAttributesValidatorTest.setUpBeforeMethod(EntityAttributesValidatorTest.java:69)
[MockitoHint] 18. Unused -> at org.molgenis.data.validation.EntityAttributesValidatorTest.setUpBeforeMethod(EntityAttributesValidatorTest.java:70)
[MockitoHint] 19. Unused -> at org.molgenis.data.validation.EntityAttributesValidatorTest.createMockAttribute(EntityAttributesValidatorTest.java:364)
[MockitoHint] 20. Unused -> at org.molgenis.data.validation.EntityAttributesValidatorTest.createMockAttribute(EntityAttributesValidatorTest.java:367)
[MockitoHint] 21. Unused -> at org.molgenis.data.validation.EntityAttributesValidatorTest.createMockAttribute(EntityAttributesValidatorTest.java:367)
[MockitoHint] 22. Unused -> at org.molgenis.data.validation.EntityAttributesValidatorTest.createMockAttribute(EntityAttributesValidatorTest.java:367)
[MockitoHint] 23. Unused -> at org.molgenis.data.validation.EntityAttributesValidatorTest.createMockAttribute(EntityAttributesValidatorTest.java:364)
[MockitoHint] 24. Unused -> at org.molgenis.data.validation.EntityAttributesValidatorTest.createMockAttribute(EntityAttributesValidatorTest.java:367)
[MockitoHint] 25. Unused -> at org.molgenis.data.validation.EntityAttributesValidatorTest.validateNullableExpression(EntityAttributesValidatorTest.java:340)
[MockitoHint] 26. Unused -> at org.molgenis.data.validation.EntityAttributesValidatorTest.validateNullableExpression(EntityAttributesValidatorTest.java:347)

Tests run: 451, Failures: 0, Errors: 0, Skipped: 0, Time elapsed: 5.509 sec - in TestSuite

Results :

Tests run: 451, Failures: 0, Errors: 0, Skipped: 0

[INFO] 
[INFO] --- jacoco-maven-plugin:0.8.1:report (post-unit-test) @ molgenis-data-validation ---
[INFO] Loading execution data file /On-the-Reproducibility/section-2/reproducibility-scanner/reproducer/workspace/Bears-173/molgenis-data-validation/target/jacoco.exec
[INFO] Analyzed bundle 'data-validation' with 30 classes
[INFO] 
[INFO] -----------------< org.molgenis:molgenis-data-import >------------------
[INFO] Building data-import 7.0.0-SNAPSHOT                              [14/58]
[INFO] --------------------------------[ jar ]---------------------------------
[INFO] 
[INFO] --- maven-enforcer-plugin:1.4.1:enforce (enforce-banned-dependencies) @ molgenis-data-import ---
[INFO] Skipping Rule Enforcement.
[INFO] 
[INFO] --- jacoco-maven-plugin:0.8.1:prepare-agent (pre-unit-test) @ molgenis-data-import ---
[INFO] argLine set to -javaagent:/root/.m2/repository/org/jacoco/org.jacoco.agent/0.8.1/org.jacoco.agent-0.8.1-runtime.jar=destfile=/On-the-Reproducibility/section-2/reproducibility-scanner/reproducer/workspace/Bears-173/molgenis-data-import/target/jacoco.exec
[INFO] 
[INFO] --- build-helper-maven-plugin:3.0.0:add-source (execution-annotations) @ molgenis-data-import ---
[INFO] Source directory: /On-the-Reproducibility/section-2/reproducibility-scanner/reproducer/workspace/Bears-173/molgenis-data-import/target/generated-sources/annotations added.
[INFO] 
[INFO] --- build-helper-maven-plugin:3.0.0:add-resource (minify-build-helper) @ molgenis-data-import ---
[INFO] 
[INFO] --- maven-resources-plugin:3.0.2:resources (default-resources) @ molgenis-data-import ---
[INFO] Using 'UTF-8' encoding to copy filtered resources.
[INFO] Copying 0 resource
[INFO] Copying 5 resources
[INFO] skip non existing resourceDirectory /On-the-Reproducibility/section-2/reproducibility-scanner/reproducer/workspace/Bears-173/molgenis-data-import/target/generated-resources
[INFO] 
[INFO] --- maven-compiler-plugin:3.7.0:compile (default-compile) @ molgenis-data-import ---
[INFO] Nothing to compile - all classes are up to date
[INFO] 
[INFO] --- maven-resources-plugin:3.0.2:copy-resources (copy-generated-resources) @ molgenis-data-import ---
[INFO] Using 'UTF-8' encoding to copy filtered resources.
[INFO] skip non existing resourceDirectory /On-the-Reproducibility/section-2/reproducibility-scanner/reproducer/workspace/Bears-173/molgenis-data-import/target/generated-resources
[INFO] 
[INFO] --- maven-resources-plugin:3.0.2:testResources (default-testResources) @ molgenis-data-import ---
[INFO] Using 'UTF-8' encoding to copy filtered resources.
[INFO] Copying 6 resources
[INFO] 
[INFO] --- maven-compiler-plugin:3.7.0:testCompile (default-testCompile) @ molgenis-data-import ---
[INFO] Nothing to compile - all classes are up to date
[INFO] 
[INFO] --- maven-surefire-plugin:2.19.1:test (default-test) @ molgenis-data-import ---

-------------------------------------------------------
 T E S T S
-------------------------------------------------------
Running TestSuite
02:36:52,385 |-INFO in ch.qos.logback.classic.LoggerContext[default] - Found resource [logback-test.xml] at [file:/On-the-Reproducibility/section-2/reproducibility-scanner/reproducer/workspace/Bears-173/molgenis-data-import/target/test-classes/logback-test.xml]
02:36:52,386 |-WARN in ch.qos.logback.classic.LoggerContext[default] - Resource [logback-test.xml] occurs multiple times on the classpath.
02:36:52,386 |-WARN in ch.qos.logback.classic.LoggerContext[default] - Resource [logback-test.xml] occurs at [file:/On-the-Reproducibility/section-2/reproducibility-scanner/reproducer/workspace/Bears-173/molgenis-data/target/test-classes/logback-test.xml]
02:36:52,386 |-WARN in ch.qos.logback.classic.LoggerContext[default] - Resource [logback-test.xml] occurs at [file:/On-the-Reproducibility/section-2/reproducibility-scanner/reproducer/workspace/Bears-173/molgenis-data-import/target/test-classes/logback-test.xml]
02:36:52,386 |-WARN in ch.qos.logback.classic.LoggerContext[default] - Resource [logback-test.xml] occurs at [file:/On-the-Reproducibility/section-2/reproducibility-scanner/reproducer/workspace/Bears-173/molgenis-data-security/target/test-classes/logback-test.xml]
02:36:52,487 |-INFO in ch.qos.logback.classic.joran.action.ConfigurationAction - debug attribute not set
02:36:52,488 |-INFO in ch.qos.logback.core.joran.action.AppenderAction - About to instantiate appender of type [ch.qos.logback.core.ConsoleAppender]
02:36:52,505 |-INFO in ch.qos.logback.core.joran.action.AppenderAction - Naming appender as [STDOUT]
02:36:52,516 |-INFO in ch.qos.logback.core.joran.action.NestedComplexPropertyIA - Assuming default type [ch.qos.logback.classic.encoder.PatternLayoutEncoder] for [encoder] property
02:36:52,594 |-INFO in ch.qos.logback.classic.joran.action.LoggerAction - Setting level of logger [org.molgenis] to INFO
02:36:52,594 |-INFO in ch.qos.logback.classic.joran.action.RootLoggerAction - Setting level of ROOT logger to WARN
02:36:52,594 |-INFO in ch.qos.logback.core.joran.action.AppenderRefAction - Attaching appender named [STDOUT] to Logger[ROOT]
02:36:52,595 |-INFO in ch.qos.logback.classic.joran.action.ConfigurationAction - End of configuration.
02:36:52,597 |-INFO in ch.qos.logback.classic.joran.JoranConfigurator@a96d56c - Registering current configuration as safe fallback point

[MockitoHint] EmxDataProviderTest.null (see javadoc for MockitoHint):
[MockitoHint] 1. Unused -> at org.molgenis.data.importer.emx.EmxDataProviderTest.testGetEntitiesUnknownRepository(EmxDataProviderTest.java:138)

[MockitoHint] EmxDataProviderTest.null (see javadoc for MockitoHint):
[MockitoHint] 1. Unused -> at org.molgenis.data.importer.emx.EmxDataProviderTest.testHasEntitiesTrue(EmxDataProviderTest.java:57)

[MockitoHint] DataPersisterImplTest.null (see javadoc for MockitoHint):
[MockitoHint] 1. Unused -> at org.molgenis.data.importer.DataPersisterImplTest.setUpBeforeMethod(DataPersisterImplTest.java:63)
[MockitoHint] 2. Unused -> at org.molgenis.data.importer.DataPersisterImplTest.setUpBeforeMethod(DataPersisterImplTest.java:66)
[MockitoHint] 3. Unused -> at org.molgenis.data.importer.DataPersisterImplTest.setUpBeforeMethod(DataPersisterImplTest.java:69)
[MockitoHint] 4. Unused -> at org.molgenis.data.importer.DataPersisterImplTest.setUpBeforeMethod(DataPersisterImplTest.java:71)
[MockitoHint] 5. Unused -> at org.molgenis.data.importer.DataPersisterImplTest.setUpBeforeMethod(DataPersisterImplTest.java:73)
[MockitoHint] 6. Unused -> at org.molgenis.data.importer.DataPersisterImplTest.setUpBeforeMethod(DataPersisterImplTest.java:76)
[MockitoHint] 7. Unused -> at org.molgenis.data.importer.DataPersisterImplTest.setUpBeforeMethod(DataPersisterImplTest.java:78)
[MockitoHint] 8. Unused -> at org.molgenis.data.importer.DataPersisterImplTest.setUpBeforeMethod(DataPersisterImplTest.java:82)
[MockitoHint] 9. Unused -> at org.molgenis.data.importer.DataPersisterImplTest.setUpBeforeMethod(DataPersisterImplTest.java:84)
[MockitoHint] 10. Unused -> at org.molgenis.data.importer.DataPersisterImplTest.setUpBeforeMethod(DataPersisterImplTest.java:86)
[MockitoHint] 11. Unused -> at org.molgenis.data.importer.DataPersisterImplTest.setUpBeforeMethod(DataPersisterImplTest.java:101)
[MockitoHint] 12. Unused -> at org.molgenis.data.importer.DataPersisterImplTest.setUpBeforeMethod(DataPersisterImplTest.java:114)

[MockitoHint] DataPersisterImplTest.null (see javadoc for MockitoHint):
[MockitoHint] 1. Unused -> at org.molgenis.data.importer.DataPersisterImplTest.setUpBeforeMethod(DataPersisterImplTest.java:69)
[MockitoHint] 2. Unused -> at org.molgenis.data.importer.DataPersisterImplTest.setUpBeforeMethod(DataPersisterImplTest.java:114)

[MockitoHint] DataPersisterImplTest.null (see javadoc for MockitoHint):
[MockitoHint] 1. Unused -> at org.molgenis.data.importer.DataPersisterImplTest.setUpBeforeMethod(DataPersisterImplTest.java:69)

[MockitoHint] DataPersisterImplTest.null (see javadoc for MockitoHint):
[MockitoHint] 1. Unused -> at org.molgenis.data.importer.DataPersisterImplTest.setUpBeforeMethod(DataPersisterImplTest.java:69)
[MockitoHint] 2. Unused -> at org.molgenis.data.importer.DataPersisterImplTest.setUpBeforeMethod(DataPersisterImplTest.java:114)

[MockitoHint] DataPersisterImplTest.null (see javadoc for MockitoHint):
[MockitoHint] 1. Unused -> at org.molgenis.data.importer.DataPersisterImplTest.setUpBeforeMethod(DataPersisterImplTest.java:69)
[MockitoHint] 2. Unused -> at org.molgenis.data.importer.DataPersisterImplTest.setUpBeforeMethod(DataPersisterImplTest.java:101)

[MockitoHint] DataPersisterImplTest.null (see javadoc for MockitoHint):
[MockitoHint] 1. Unused -> at org.molgenis.data.importer.DataPersisterImplTest.setUpBeforeMethod(DataPersisterImplTest.java:69)
[MockitoHint] 2. Unused -> at org.molgenis.data.importer.DataPersisterImplTest.setUpBeforeMethod(DataPersisterImplTest.java:101)
[MockitoHint] 3. Unused -> at org.molgenis.data.importer.DataPersisterImplTest.setUpBeforeMethod(DataPersisterImplTest.java:114)

[MockitoHint] DataPersisterImplTest.null (see javadoc for MockitoHint):
[MockitoHint] 1. Unused -> at org.molgenis.data.importer.DataPersisterImplTest.setUpBeforeMethod(DataPersisterImplTest.java:114)

[MockitoHint] DataPersisterImplTest.null (see javadoc for MockitoHint):
[MockitoHint] 1. Unused -> at org.molgenis.data.importer.DataPersisterImplTest.setUpBeforeMethod(DataPersisterImplTest.java:114)

Tests run: 21, Failures: 0, Errors: 0, Skipped: 0, Time elapsed: 4.992 sec - in TestSuite

Results :

Tests run: 21, Failures: 0, Errors: 0, Skipped: 0

[INFO] 
[INFO] --- jacoco-maven-plugin:0.8.1:report (post-unit-test) @ molgenis-data-import ---
[INFO] Loading execution data file /On-the-Reproducibility/section-2/reproducibility-scanner/reproducer/workspace/Bears-173/molgenis-data-import/target/jacoco.exec
[INFO] Analyzed bundle 'data-import' with 32 classes
[INFO] 
[INFO] ---------------------< org.molgenis:molgenis-jobs >---------------------
[INFO] Building jobs 7.0.0-SNAPSHOT                                     [15/58]
[INFO] --------------------------------[ jar ]---------------------------------
[INFO] 
[INFO] --- maven-enforcer-plugin:1.4.1:enforce (enforce-banned-dependencies) @ molgenis-jobs ---
[INFO] Skipping Rule Enforcement.
[INFO] 
[INFO] --- jacoco-maven-plugin:0.8.1:prepare-agent (pre-unit-test) @ molgenis-jobs ---
[INFO] argLine set to -javaagent:/root/.m2/repository/org/jacoco/org.jacoco.agent/0.8.1/org.jacoco.agent-0.8.1-runtime.jar=destfile=/On-the-Reproducibility/section-2/reproducibility-scanner/reproducer/workspace/Bears-173/molgenis-jobs/target/jacoco.exec
[INFO] 
[INFO] --- build-helper-maven-plugin:3.0.0:add-source (execution-annotations) @ molgenis-jobs ---
[INFO] Source directory: /On-the-Reproducibility/section-2/reproducibility-scanner/reproducer/workspace/Bears-173/molgenis-jobs/target/generated-sources/annotations added.
[INFO] 
[INFO] --- build-helper-maven-plugin:3.0.0:add-resource (minify-build-helper) @ molgenis-jobs ---
[INFO] 
[INFO] --- maven-resources-plugin:3.0.2:resources (default-resources) @ molgenis-jobs ---
[INFO] Using 'UTF-8' encoding to copy filtered resources.
[INFO] Copying 0 resource
[INFO] skip non existing resourceDirectory /On-the-Reproducibility/section-2/reproducibility-scanner/reproducer/workspace/Bears-173/molgenis-jobs/src/main/resources
[INFO] skip non existing resourceDirectory /On-the-Reproducibility/section-2/reproducibility-scanner/reproducer/workspace/Bears-173/molgenis-jobs/target/generated-resources
[INFO] 
[INFO] --- maven-compiler-plugin:3.7.0:compile (default-compile) @ molgenis-jobs ---
[INFO] Nothing to compile - all classes are up to date
[INFO] 
[INFO] --- maven-resources-plugin:3.0.2:copy-resources (copy-generated-resources) @ molgenis-jobs ---
[INFO] Using 'UTF-8' encoding to copy filtered resources.
[INFO] skip non existing resourceDirectory /On-the-Reproducibility/section-2/reproducibility-scanner/reproducer/workspace/Bears-173/molgenis-jobs/target/generated-resources
[INFO] 
[INFO] --- maven-resources-plugin:3.0.2:testResources (default-testResources) @ molgenis-jobs ---
[INFO] Using 'UTF-8' encoding to copy filtered resources.
[INFO] Copying 1 resource
[INFO] 
[INFO] --- maven-compiler-plugin:3.7.0:testCompile (default-testCompile) @ molgenis-jobs ---
[INFO] Changes detected - recompiling the module!
[INFO] Compiling 15 source files to /On-the-Reproducibility/section-2/reproducibility-scanner/reproducer/workspace/Bears-173/molgenis-jobs/target/test-classes
[WARNING] /On-the-Reproducibility/section-2/reproducibility-scanner/reproducer/workspace/Bears-173/molgenis-jobs/src/test/java/org/molgenis/jobs/JobExecutorTest.java:[129,42] unchecked call to createJob(T) as a member of the raw type org.molgenis.jobs.JobFactory
[WARNING] /On-the-Reproducibility/section-2/reproducibility-scanner/reproducer/workspace/Bears-173/molgenis-jobs/src/test/java/org/molgenis/jobs/JobExecutorTest.java:[164,42] unchecked call to createJob(T) as a member of the raw type org.molgenis.jobs.JobFactory
[WARNING] /On-the-Reproducibility/section-2/reproducibility-scanner/reproducer/workspace/Bears-173/molgenis-jobs/src/test/java/org/molgenis/jobs/JobExecutorTest.java:[186,42] unchecked call to createJob(T) as a member of the raw type org.molgenis.jobs.JobFactory
[INFO] /On-the-Reproducibility/section-2/reproducibility-scanner/reproducer/workspace/Bears-173/molgenis-jobs/src/test/java/org/molgenis/jobs/JobTest.java: Some input files use or override a deprecated API.
[INFO] /On-the-Reproducibility/section-2/reproducibility-scanner/reproducer/workspace/Bears-173/molgenis-jobs/src/test/java/org/molgenis/jobs/JobTest.java: Recompile with -Xlint:deprecation for details.
[INFO] 
[INFO] --- maven-surefire-plugin:2.19.1:test (default-test) @ molgenis-jobs ---

-------------------------------------------------------
 T E S T S
-------------------------------------------------------
Running TestSuite
02:36:59,395 |-INFO in ch.qos.logback.classic.LoggerContext[default] - Found resource [logback-test.xml] at [file:/On-the-Reproducibility/section-2/reproducibility-scanner/reproducer/workspace/Bears-173/molgenis-jobs/target/test-classes/logback-test.xml]
02:36:59,396 |-WARN in ch.qos.logback.classic.LoggerContext[default] - Resource [logback-test.xml] occurs multiple times on the classpath.
02:36:59,396 |-WARN in ch.qos.logback.classic.LoggerContext[default] - Resource [logback-test.xml] occurs at [file:/On-the-Reproducibility/section-2/reproducibility-scanner/reproducer/workspace/Bears-173/molgenis-jobs/target/test-classes/logback-test.xml]
02:36:59,396 |-WARN in ch.qos.logback.classic.LoggerContext[default] - Resource [logback-test.xml] occurs at [file:/On-the-Reproducibility/section-2/reproducibility-scanner/reproducer/workspace/Bears-173/molgenis-data/target/test-classes/logback-test.xml]
02:36:59,517 |-INFO in ch.qos.logback.classic.joran.action.ConfigurationAction - debug attribute not set
02:36:59,519 |-INFO in ch.qos.logback.core.joran.action.AppenderAction - About to instantiate appender of type [ch.qos.logback.core.ConsoleAppender]
02:36:59,540 |-INFO in ch.qos.logback.core.joran.action.AppenderAction - Naming appender as [STDOUT]
02:36:59,553 |-INFO in ch.qos.logback.core.joran.action.NestedComplexPropertyIA - Assuming default type [ch.qos.logback.classic.encoder.PatternLayoutEncoder] for [encoder] property
02:36:59,657 |-INFO in ch.qos.logback.core.joran.action.AppenderAction - About to instantiate appender of type [org.molgenis.jobs.model.JobExecutionLogAppender]
02:36:59,658 |-INFO in ch.qos.logback.core.joran.action.AppenderAction - Naming appender as [jobExecutionLogAppender]
02:36:59,660 |-INFO in ch.qos.logback.classic.joran.action.LoggerAction - Setting level of logger [org.molgenis] to INFO
02:36:59,660 |-INFO in ch.qos.logback.classic.joran.action.RootLoggerAction - Setting level of ROOT logger to WARN
02:36:59,660 |-INFO in ch.qos.logback.core.joran.action.AppenderRefAction - Attaching appender named [STDOUT] to Logger[ROOT]
02:36:59,662 |-INFO in ch.qos.logback.classic.joran.action.LoggerAction - Setting level of logger [org.molgenis.jobs.model.JobExecution] to ALL
02:36:59,663 |-INFO in ch.qos.logback.core.joran.action.AppenderRefAction - Attaching appender named [jobExecutionLogAppender] to Logger[org.molgenis.jobs.model.JobExecution]
02:36:59,663 |-INFO in ch.qos.logback.classic.joran.action.ConfigurationAction - End of configuration.
02:36:59,666 |-INFO in ch.qos.logback.classic.joran.JoranConfigurator@7a4d582c - Registering current configuration as safe fallback point

02:37:01.185 [main] ERROR o.molgenis.jobs.JobExecutionTemplate - Transaction error while running job
org.springframework.transaction.TransactionTimedOutException: Transaction timeout test.
	at org.molgenis.jobs.JobExecutionTemplate.tryCallInTransaction(JobExecutionTemplate.java:81)
	at org.molgenis.jobs.JobExecutionTemplate.lambda$call$0(JobExecutionTemplate.java:36)
	at org.molgenis.jobs.JobExecutionTemplate.runWithAuthentication(JobExecutionTemplate.java:61)
	at org.molgenis.jobs.JobExecutionTemplate.call(JobExecutionTemplate.java:36)
	at org.molgenis.jobs.TransactionalJob.call(TransactionalJob.java:36)
	at org.molgenis.jobs.JobTest.testTransactionTimeout(JobTest.java:88)
	at sun.reflect.NativeMethodAccessorImpl.invoke0(Native Method)
	at sun.reflect.NativeMethodAccessorImpl.invoke(NativeMethodAccessorImpl.java:62)
	at sun.reflect.DelegatingMethodAccessorImpl.invoke(DelegatingMethodAccessorImpl.java:43)
	at java.lang.reflect.Method.invoke(Method.java:498)
	at org.testng.internal.MethodInvocationHelper.invokeMethod(MethodInvocationHelper.java:80)
	at org.testng.internal.Invoker.invokeMethod(Invoker.java:714)
	at org.testng.internal.Invoker.invokeTestMethod(Invoker.java:901)
	at org.testng.internal.Invoker.invokeTestMethods(Invoker.java:1231)
	at org.testng.internal.TestMethodWorker.invokeTestMethods(TestMethodWorker.java:127)
	at org.testng.internal.TestMethodWorker.run(TestMethodWorker.java:111)
	at org.testng.TestRunner.privateRun(TestRunner.java:767)
	at org.testng.TestRunner.run(TestRunner.java:617)
	at org.testng.SuiteRunner.runTest(SuiteRunner.java:334)
	at org.testng.SuiteRunner.runSequentially(SuiteRunner.java:329)
	at org.testng.SuiteRunner.privateRun(SuiteRunner.java:291)
	at org.testng.SuiteRunner.run(SuiteRunner.java:240)
	at org.testng.SuiteRunnerWorker.runSuite(SuiteRunnerWorker.java:52)
	at org.testng.SuiteRunnerWorker.run(SuiteRunnerWorker.java:86)
	at org.testng.TestNG.runSuitesSequentially(TestNG.java:1198)
	at org.testng.TestNG.runSuitesLocally(TestNG.java:1123)
	at org.testng.TestNG.run(TestNG.java:1031)
	at org.apache.maven.surefire.testng.TestNGExecutor.run(TestNGExecutor.java:132)
	at org.apache.maven.surefire.testng.TestNGDirectoryTestSuite.executeMulti(TestNGDirectoryTestSuite.java:193)
	at org.apache.maven.surefire.testng.TestNGDirectoryTestSuite.execute(TestNGDirectoryTestSuite.java:94)
	at org.apache.maven.surefire.testng.TestNGProvider.invoke(TestNGProvider.java:147)
	at org.apache.maven.surefire.booter.ForkedBooter.invokeProviderInSameClassLoader(ForkedBooter.java:290)
	at org.apache.maven.surefire.booter.ForkedBooter.runSuitesInProcess(ForkedBooter.java:242)
	at org.apache.maven.surefire.booter.ForkedBooter.main(ForkedBooter.java:121)
02:37:01.195 [main] WARN  o.molgenis.jobs.JobExecutionTemplate - Error executing job
org.molgenis.data.MolgenisDataException: 
	at org.molgenis.jobs.JobTest$1.call(JobTest.java:61)
	at org.molgenis.jobs.JobTest$1.call(JobTest.java:57)
	at org.molgenis.jobs.JobExecutionTemplate.tryCall(JobExecutionTemplate.java:96)
	at org.molgenis.jobs.JobExecutionTemplate.lambda$tryCallInTransaction$2(JobExecutionTemplate.java:81)
	at org.molgenis.jobs.JobTest.lambda$testTransactionalJobFailure$2(JobTest.java:131)
	at org.molgenis.jobs.JobExecutionTemplate.tryCallInTransaction(JobExecutionTemplate.java:81)
	at org.molgenis.jobs.JobExecutionTemplate.lambda$call$0(JobExecutionTemplate.java:36)
	at org.molgenis.jobs.JobExecutionTemplate.runWithAuthentication(JobExecutionTemplate.java:61)
	at org.molgenis.jobs.JobExecutionTemplate.call(JobExecutionTemplate.java:36)
	at org.molgenis.jobs.TransactionalJob.call(TransactionalJob.java:36)
	at org.molgenis.jobs.JobTest.testTransactionalJobFailure(JobTest.java:137)
	at sun.reflect.NativeMethodAccessorImpl.invoke0(Native Method)
	at sun.reflect.NativeMethodAccessorImpl.invoke(NativeMethodAccessorImpl.java:62)
	at sun.reflect.DelegatingMethodAccessorImpl.invoke(DelegatingMethodAccessorImpl.java:43)
	at java.lang.reflect.Method.invoke(Method.java:498)
	at org.testng.internal.MethodInvocationHelper.invokeMethod(MethodInvocationHelper.java:80)
	at org.testng.internal.Invoker.invokeMethod(Invoker.java:714)
	at org.testng.internal.Invoker.invokeTestMethod(Invoker.java:901)
	at org.testng.internal.Invoker.invokeTestMethods(Invoker.java:1231)
	at org.testng.internal.TestMethodWorker.invokeTestMethods(TestMethodWorker.java:127)
	at org.testng.internal.TestMethodWorker.run(TestMethodWorker.java:111)
	at org.testng.TestRunner.privateRun(TestRunner.java:767)
	at org.testng.TestRunner.run(TestRunner.java:617)
	at org.testng.SuiteRunner.runTest(SuiteRunner.java:334)
	at org.testng.SuiteRunner.runSequentially(SuiteRunner.java:329)
	at org.testng.SuiteRunner.privateRun(SuiteRunner.java:291)
	at org.testng.SuiteRunner.run(SuiteRunner.java:240)
	at org.testng.SuiteRunnerWorker.runSuite(SuiteRunnerWorker.java:52)
	at org.testng.SuiteRunnerWorker.run(SuiteRunnerWorker.java:86)
	at org.testng.TestNG.runSuitesSequentially(TestNG.java:1198)
	at org.testng.TestNG.runSuitesLocally(TestNG.java:1123)
	at org.testng.TestNG.run(TestNG.java:1031)
	at org.apache.maven.surefire.testng.TestNGExecutor.run(TestNGExecutor.java:132)
	at org.apache.maven.surefire.testng.TestNGDirectoryTestSuite.executeMulti(TestNGDirectoryTestSuite.java:193)
	at org.apache.maven.surefire.testng.TestNGDirectoryTestSuite.execute(TestNGDirectoryTestSuite.java:94)
	at org.apache.maven.surefire.testng.TestNGProvider.invoke(TestNGProvider.java:147)
	at org.apache.maven.surefire.booter.ForkedBooter.invokeProviderInSameClassLoader(ForkedBooter.java:290)
	at org.apache.maven.surefire.booter.ForkedBooter.runSuitesInProcess(ForkedBooter.java:242)
	at org.apache.maven.surefire.booter.ForkedBooter.main(ForkedBooter.java:121)
02:37:03.824 [main] INFO  org.molgenis.jobs.model.JobExecution - Execution started.
02:37:03.906 [main] INFO  org.molgenis.jobs.model.JobExecution - Execution successful. Time spent: 96ms 
[MockitoHint] JobExecutorTest.null (see javadoc for MockitoHint):
[MockitoHint] 1. Unused -> at org.molgenis.jobs.JobExecutorTest.beforeMethod(JobExecutorTest.java:118)

02:37:03.931 [main] INFO  org.molgenis.jobs.model.JobExecution - Execution started.
02:37:03.932 [main] INFO  org.molgenis.jobs.model.JobExecution - Execution successful. Time spent: 6ms 
[MockitoHint] JobExecutorTest.null (see javadoc for MockitoHint):
[MockitoHint] 1. Unused -> at org.molgenis.jobs.JobExecutorTest.beforeMethod(JobExecutorTest.java:118)

02:37:03.938 [main] ERROR org.molgenis.jobs.JobExecutor - Error creating job for JobExecution.
java.lang.NullPointerException: null
	at org.molgenis.jobs.JobExecutor.saveExecutionAndCreateJob(JobExecutor.java:134)
	at org.molgenis.jobs.JobExecutor.submit(JobExecutor.java:123)
	at org.molgenis.jobs.JobExecutor.submit(JobExecutor.java:110)
	at org.molgenis.jobs.JobExecutorTest.submitJobExecutionJobFactoryThrowsException(JobExecutorTest.java:190)
	at sun.reflect.NativeMethodAccessorImpl.invoke0(Native Method)
	at sun.reflect.NativeMethodAccessorImpl.invoke(NativeMethodAccessorImpl.java:62)
	at sun.reflect.DelegatingMethodAccessorImpl.invoke(DelegatingMethodAccessorImpl.java:43)
	at java.lang.reflect.Method.invoke(Method.java:498)
	at org.testng.internal.MethodInvocationHelper.invokeMethod(MethodInvocationHelper.java:80)
	at org.testng.internal.MethodInvocationHelper$1.runTestMethod(MethodInvocationHelper.java:182)
	at org.springframework.test.context.testng.AbstractTestNGSpringContextTests.run(AbstractTestNGSpringContextTests.java:180)
	at sun.reflect.NativeMethodAccessorImpl.invoke0(Native Method)
	at sun.reflect.NativeMethodAccessorImpl.invoke(NativeMethodAccessorImpl.java:62)
	at sun.reflect.DelegatingMethodAccessorImpl.invoke(DelegatingMethodAccessorImpl.java:43)
	at java.lang.reflect.Method.invoke(Method.java:498)
	at org.testng.internal.MethodInvocationHelper.invokeHookable(MethodInvocationHelper.java:194)
	at org.testng.internal.Invoker.invokeMethod(Invoker.java:707)
	at org.testng.internal.Invoker.invokeTestMethod(Invoker.java:901)
	at org.testng.internal.Invoker.invokeTestMethods(Invoker.java:1231)
	at org.testng.internal.TestMethodWorker.invokeTestMethods(TestMethodWorker.java:127)
	at org.testng.internal.TestMethodWorker.run(TestMethodWorker.java:111)
	at org.testng.TestRunner.privateRun(TestRunner.java:767)
	at org.testng.TestRunner.run(TestRunner.java:617)
	at org.testng.SuiteRunner.runTest(SuiteRunner.java:334)
	at org.testng.SuiteRunner.runSequentially(SuiteRunner.java:329)
	at org.testng.SuiteRunner.privateRun(SuiteRunner.java:291)
	at org.testng.SuiteRunner.run(SuiteRunner.java:240)
	at org.testng.SuiteRunnerWorker.runSuite(SuiteRunnerWorker.java:52)
	at org.testng.SuiteRunnerWorker.run(SuiteRunnerWorker.java:86)
	at org.testng.TestNG.runSuitesSequentially(TestNG.java:1198)
	at org.testng.TestNG.runSuitesLocally(TestNG.java:1123)
	at org.testng.TestNG.run(TestNG.java:1031)
	at org.apache.maven.surefire.testng.TestNGExecutor.run(TestNGExecutor.java:132)
	at org.apache.maven.surefire.testng.TestNGDirectoryTestSuite.executeMulti(TestNGDirectoryTestSuite.java:193)
	at org.apache.maven.surefire.testng.TestNGDirectoryTestSuite.execute(TestNGDirectoryTestSuite.java:94)
	at org.apache.maven.surefire.testng.TestNGProvider.invoke(TestNGProvider.java:147)
	at org.apache.maven.surefire.booter.ForkedBooter.invokeProviderInSameClassLoader(ForkedBooter.java:290)
	at org.apache.maven.surefire.booter.ForkedBooter.runSuitesInProcess(ForkedBooter.java:242)
	at org.apache.maven.surefire.booter.ForkedBooter.main(ForkedBooter.java:121)
[MockitoHint] JobExecutorTest.null (see javadoc for MockitoHint):
[MockitoHint] 1. Unused -> at org.molgenis.jobs.JobExecutorTest.beforeMethod(JobExecutorTest.java:116)
[MockitoHint] 2. Unused -> at org.molgenis.jobs.JobExecutorTest.beforeMethod(JobExecutorTest.java:117)
[MockitoHint] 3. Unused -> at org.molgenis.jobs.JobExecutorTest.beforeMethod(JobExecutorTest.java:118)
[MockitoHint] 4. Unused -> at org.molgenis.jobs.JobExecutorTest.submitJobExecutionJobFactoryThrowsException(JobExecutorTest.java:184)

[MockitoHint] ScheduledJobRepositoryDecoratorTest.null (see javadoc for MockitoHint):
[MockitoHint] 1. Unused -> at org.molgenis.jobs.schedule.ScheduledJobRepositoryDecoratorTest.setUpBeforeMethod(ScheduledJobRepositoryDecoratorTest.java:65)
[MockitoHint] 2. Unused -> at org.molgenis.jobs.schedule.ScheduledJobRepositoryDecoratorTest.setUpBeforeMethod(ScheduledJobRepositoryDecoratorTest.java:66)
[MockitoHint] 3. Unused -> at org.molgenis.jobs.schedule.ScheduledJobRepositoryDecoratorTest.setUpBeforeMethod(ScheduledJobRepositoryDecoratorTest.java:67)

[MockitoHint] ScheduledJobRepositoryDecoratorTest.null (see javadoc for MockitoHint):
[MockitoHint] 1. Unused -> at org.molgenis.jobs.schedule.ScheduledJobRepositoryDecoratorTest.setUpBeforeMethod(ScheduledJobRepositoryDecoratorTest.java:65)
[MockitoHint] 2. Unused -> at org.molgenis.jobs.schedule.ScheduledJobRepositoryDecoratorTest.setUpBeforeMethod(ScheduledJobRepositoryDecoratorTest.java:66)
[MockitoHint] 3. Unused -> at org.molgenis.jobs.schedule.ScheduledJobRepositoryDecoratorTest.setUpBeforeMethod(ScheduledJobRepositoryDecoratorTest.java:67)

[MockitoHint] ScheduledJobRepositoryDecoratorTest.null (see javadoc for MockitoHint):
[MockitoHint] 1. Unused -> at org.molgenis.jobs.schedule.ScheduledJobRepositoryDecoratorTest.setUpBeforeMethod(ScheduledJobRepositoryDecoratorTest.java:65)
[MockitoHint] 2. Unused -> at org.molgenis.jobs.schedule.ScheduledJobRepositoryDecoratorTest.setUpBeforeMethod(ScheduledJobRepositoryDecoratorTest.java:66)
[MockitoHint] 3. Unused -> at org.molgenis.jobs.schedule.ScheduledJobRepositoryDecoratorTest.setUpBeforeMethod(ScheduledJobRepositoryDecoratorTest.java:67)

[MockitoHint] ScheduledJobRepositoryDecoratorTest.null (see javadoc for MockitoHint):
[MockitoHint] 1. Unused -> at org.molgenis.jobs.schedule.ScheduledJobRepositoryDecoratorTest.testSetUsernameUpdate(ScheduledJobRepositoryDecoratorTest.java:125)

02:37:05.235 [main] INFO  o.m.jobs.schedule.JobScheduler - Scheduled Job 'name' with trigger 'Trigger 'DEFAULT.id':  triggerClass: 'org.quartz.impl.triggers.CronTriggerImpl calendar: 'null' misfireInstruction: 0 nextFireTime: null'
02:37:05.240 [main] INFO  o.m.jobs.schedule.JobScheduler - Scheduled Job 'name' with trigger 'Trigger 'DEFAULT.id':  triggerClass: 'org.quartz.impl.triggers.CronTriggerImpl calendar: 'null' misfireInstruction: 0 nextFireTime: null'
02:37:05.456 [main] INFO  org.molgenis.jobs.model.JobExecution - Execution started.
02:37:05.458 [main] WARN  org.molgenis.jobs.model.JobExecution - Canceled
02:37:05.462 [main] INFO  org.molgenis.jobs.model.JobExecution - Execution started.
02:37:05.463 [main] ERROR org.molgenis.jobs.model.JobExecution - Failed. x is not a number
java.lang.IllegalArgumentException: x is not a number
	at org.molgenis.jobs.ProgressImplTest.jobFailsAndMailFails(ProgressImplTest.java:127)
	at sun.reflect.NativeMethodAccessorImpl.invoke0(Native Method)
	at sun.reflect.NativeMethodAccessorImpl.invoke(NativeMethodAccessorImpl.java:62)
	at sun.reflect.DelegatingMethodAccessorImpl.invoke(DelegatingMethodAccessorImpl.java:43)
	at java.lang.reflect.Method.invoke(Method.java:498)
	at org.testng.internal.MethodInvocationHelper.invokeMethod(MethodInvocationHelper.java:80)
	at org.testng.internal.MethodInvocationHelper$1.runTestMethod(MethodInvocationHelper.java:182)
	at org.springframework.test.context.testng.AbstractTestNGSpringContextTests.run(AbstractTestNGSpringContextTests.java:180)
	at sun.reflect.GeneratedMethodAccessor54.invoke(Unknown Source)
	at sun.reflect.DelegatingMethodAccessorImpl.invoke(DelegatingMethodAccessorImpl.java:43)
	at java.lang.reflect.Method.invoke(Method.java:498)
	at org.testng.internal.MethodInvocationHelper.invokeHookable(MethodInvocationHelper.java:194)
	at org.testng.internal.Invoker.invokeMethod(Invoker.java:707)
	at org.testng.internal.Invoker.invokeTestMethod(Invoker.java:901)
	at org.testng.internal.Invoker.invokeTestMethods(Invoker.java:1231)
	at org.testng.internal.TestMethodWorker.invokeTestMethods(TestMethodWorker.java:127)
	at org.testng.internal.TestMethodWorker.run(TestMethodWorker.java:111)
	at org.testng.TestRunner.privateRun(TestRunner.java:767)
	at org.testng.TestRunner.run(TestRunner.java:617)
	at org.testng.SuiteRunner.runTest(SuiteRunner.java:334)
	at org.testng.SuiteRunner.runSequentially(SuiteRunner.java:329)
	at org.testng.SuiteRunner.privateRun(SuiteRunner.java:291)
	at org.testng.SuiteRunner.run(SuiteRunner.java:240)
	at org.testng.SuiteRunnerWorker.runSuite(SuiteRunnerWorker.java:52)
	at org.testng.SuiteRunnerWorker.run(SuiteRunnerWorker.java:86)
	at org.testng.TestNG.runSuitesSequentially(TestNG.java:1198)
	at org.testng.TestNG.runSuitesLocally(TestNG.java:1123)
	at org.testng.TestNG.run(TestNG.java:1031)
	at org.apache.maven.surefire.testng.TestNGExecutor.run(TestNGExecutor.java:132)
	at org.apache.maven.surefire.testng.TestNGDirectoryTestSuite.executeMulti(TestNGDirectoryTestSuite.java:193)
	at org.apache.maven.surefire.testng.TestNGDirectoryTestSuite.execute(TestNGDirectoryTestSuite.java:94)
	at org.apache.maven.surefire.testng.TestNGProvider.invoke(TestNGProvider.java:147)
	at org.apache.maven.surefire.booter.ForkedBooter.invokeProviderInSameClassLoader(ForkedBooter.java:290)
	at org.apache.maven.surefire.booter.ForkedBooter.runSuitesInProcess(ForkedBooter.java:242)
	at org.apache.maven.surefire.booter.ForkedBooter.main(ForkedBooter.java:121)
02:37:05.468 [main] INFO  org.molgenis.jobs.model.JobExecution - Execution started.
02:37:05.469 [main] INFO  org.molgenis.jobs.model.JobExecution - Execution successful. Time spent: 0ms 
02:37:05.472 [main] INFO  org.molgenis.jobs.model.JobExecution - Execution started.
02:37:05.473 [main] INFO  org.molgenis.jobs.model.JobExecution - Working....
02:37:05.473 [main] INFO  org.molgenis.jobs.model.JobExecution - Execution successful. Time spent: 1ms 
02:37:05.472 - Execution started.
02:37:05.472 - Execution started.
02:37:05.473 - Working....
02:37:05.473 - Working....
02:37:05.473 - Execution successful. Time spent: 1ms 
02:37:05.473 - Execution successful. Time spent: 1ms 

02:37:05.476 [main] INFO  org.molgenis.jobs.model.JobExecution - Execution started.
02:37:05.476 [main] INFO  org.molgenis.jobs.model.JobExecution - Working....
02:37:05.477 [main] ERROR org.molgenis.jobs.model.JobExecution - Failed. blah
java.lang.IllegalArgumentException: blah
	at org.molgenis.jobs.ProgressImplTest.testMailFailed(ProgressImplTest.java:90)
	at sun.reflect.NativeMethodAccessorImpl.invoke0(Native Method)
	at sun.reflect.NativeMethodAccessorImpl.invoke(NativeMethodAccessorImpl.java:62)
	at sun.reflect.DelegatingMethodAccessorImpl.invoke(DelegatingMethodAccessorImpl.java:43)
	at java.lang.reflect.Method.invoke(Method.java:498)
	at org.testng.internal.MethodInvocationHelper.invokeMethod(MethodInvocationHelper.java:80)
	at org.testng.internal.MethodInvocationHelper$1.runTestMethod(MethodInvocationHelper.java:182)
	at org.springframework.test.context.testng.AbstractTestNGSpringContextTests.run(AbstractTestNGSpringContextTests.java:180)
	at sun.reflect.GeneratedMethodAccessor54.invoke(Unknown Source)
	at sun.reflect.DelegatingMethodAccessorImpl.invoke(DelegatingMethodAccessorImpl.java:43)
	at java.lang.reflect.Method.invoke(Method.java:498)
	at org.testng.internal.MethodInvocationHelper.invokeHookable(MethodInvocationHelper.java:194)
	at org.testng.internal.Invoker.invokeMethod(Invoker.java:707)
	at org.testng.internal.Invoker.invokeTestMethod(Invoker.java:901)
	at org.testng.internal.Invoker.invokeTestMethods(Invoker.java:1231)
	at org.testng.internal.TestMethodWorker.invokeTestMethods(TestMethodWorker.java:127)
	at org.testng.internal.TestMethodWorker.run(TestMethodWorker.java:111)
	at org.testng.TestRunner.privateRun(TestRunner.java:767)
	at org.testng.TestRunner.run(TestRunner.java:617)
	at org.testng.SuiteRunner.runTest(SuiteRunner.java:334)
	at org.testng.SuiteRunner.runSequentially(SuiteRunner.java:329)
	at org.testng.SuiteRunner.privateRun(SuiteRunner.java:291)
	at org.testng.SuiteRunner.run(SuiteRunner.java:240)
	at org.testng.SuiteRunnerWorker.runSuite(SuiteRunnerWorker.java:52)
	at org.testng.SuiteRunnerWorker.run(SuiteRunnerWorker.java:86)
	at org.testng.TestNG.runSuitesSequentially(TestNG.java:1198)
	at org.testng.TestNG.runSuitesLocally(TestNG.java:1123)
	at org.testng.TestNG.run(TestNG.java:1031)
	at org.apache.maven.surefire.testng.TestNGExecutor.run(TestNGExecutor.java:132)
	at org.apache.maven.surefire.testng.TestNGDirectoryTestSuite.executeMulti(TestNGDirectoryTestSuite.java:193)
	at org.apache.maven.surefire.testng.TestNGDirectoryTestSuite.execute(TestNGDirectoryTestSuite.java:94)
	at org.apache.maven.surefire.testng.TestNGProvider.invoke(TestNGProvider.java:147)
	at org.apache.maven.surefire.booter.ForkedBooter.invokeProviderInSameClassLoader(ForkedBooter.java:290)
	at org.apache.maven.surefire.booter.ForkedBooter.runSuitesInProcess(ForkedBooter.java:242)
	at org.apache.maven.surefire.booter.ForkedBooter.main(ForkedBooter.java:121)
02:37:05.476 - Execution started.
02:37:05.476 - Execution started.
02:37:05.476 - Working....
02:37:05.476 - Working....
02:37:05.477 - Failed. blah
02:37:05.477 - Failed. blah

02:37:05.481 [main] INFO  org.molgenis.jobs.model.JobExecution - Execution started.
02:37:05.481 [main] INFO  org.molgenis.jobs.model.JobExecution - Working....
02:37:05.482 [main] INFO  org.molgenis.jobs.model.JobExecution - Execution successful. Time spent: 1ms 
02:37:05.481 - Execution started.
02:37:05.481 - Execution started.
02:37:05.481 - Working....
02:37:05.481 - Working....
02:37:05.482 - Execution successful. Time spent: 1ms 
02:37:05.482 - Execution successful. Time spent: 1ms 

02:37:06.391 [molgenis-job-0] INFO  org.molgenis.jobs.model.JobExecution - Execution started.
02:37:06.392 [molgenis-job-0] DEBUG org.molgenis.jobs.model.JobExecution - progress (0, Wait for it...)
02:37:07.393 [molgenis-job-0] INFO  org.molgenis.jobs.model.JobExecution - Hello user!
02:37:07.394 [molgenis-job-0] INFO  org.molgenis.jobs.model.JobExecution - Execution successful. Time spent: 1s 1ms 
Tests run: 32, Failures: 0, Errors: 0, Skipped: 0, Time elapsed: 8.708 sec - in TestSuite

Results :

Tests run: 32, Failures: 0, Errors: 0, Skipped: 0

[INFO] 
[INFO] --- jacoco-maven-plugin:0.8.1:report (post-unit-test) @ molgenis-jobs ---
[INFO] Loading execution data file /On-the-Reproducibility/section-2/reproducibility-scanner/reproducer/workspace/Bears-173/molgenis-jobs/target/jacoco.exec
[INFO] Analyzed bundle 'jobs' with 33 classes
[INFO] 
[INFO] ------------------< org.molgenis:molgenis-data-excel >------------------
[INFO] Building data-excel 7.0.0-SNAPSHOT                               [16/58]
[INFO] --------------------------------[ jar ]---------------------------------
[INFO] 
[INFO] --- maven-enforcer-plugin:1.4.1:enforce (enforce-banned-dependencies) @ molgenis-data-excel ---
[INFO] Skipping Rule Enforcement.
[INFO] 
[INFO] --- jacoco-maven-plugin:0.8.1:prepare-agent (pre-unit-test) @ molgenis-data-excel ---
[INFO] argLine set to -javaagent:/root/.m2/repository/org/jacoco/org.jacoco.agent/0.8.1/org.jacoco.agent-0.8.1-runtime.jar=destfile=/On-the-Reproducibility/section-2/reproducibility-scanner/reproducer/workspace/Bears-173/molgenis-data-excel/target/jacoco.exec
[INFO] 
[INFO] --- build-helper-maven-plugin:3.0.0:add-source (execution-annotations) @ molgenis-data-excel ---
[INFO] Source directory: /On-the-Reproducibility/section-2/reproducibility-scanner/reproducer/workspace/Bears-173/molgenis-data-excel/target/generated-sources/annotations added.
[INFO] 
[INFO] --- build-helper-maven-plugin:3.0.0:add-resource (minify-build-helper) @ molgenis-data-excel ---
[INFO] 
[INFO] --- maven-resources-plugin:3.0.2:resources (default-resources) @ molgenis-data-excel ---
[INFO] Using 'UTF-8' encoding to copy filtered resources.
[INFO] Copying 0 resource
[INFO] skip non existing resourceDirectory /On-the-Reproducibility/section-2/reproducibility-scanner/reproducer/workspace/Bears-173/molgenis-data-excel/src/main/resources
[INFO] skip non existing resourceDirectory /On-the-Reproducibility/section-2/reproducibility-scanner/reproducer/workspace/Bears-173/molgenis-data-excel/target/generated-resources
[INFO] 
[INFO] --- maven-compiler-plugin:3.7.0:compile (default-compile) @ molgenis-data-excel ---
[INFO] Nothing to compile - all classes are up to date
[INFO] 
[INFO] --- maven-resources-plugin:3.0.2:copy-resources (copy-generated-resources) @ molgenis-data-excel ---
[INFO] Using 'UTF-8' encoding to copy filtered resources.
[INFO] skip non existing resourceDirectory /On-the-Reproducibility/section-2/reproducibility-scanner/reproducer/workspace/Bears-173/molgenis-data-excel/target/generated-resources
[INFO] 
[INFO] --- maven-resources-plugin:3.0.2:testResources (default-testResources) @ molgenis-data-excel ---
[INFO] Using 'UTF-8' encoding to copy filtered resources.
[INFO] Copying 5 resources
[INFO] 
[INFO] --- maven-compiler-plugin:3.7.0:testCompile (default-testCompile) @ molgenis-data-excel ---
[INFO] Nothing to compile - all classes are up to date
[INFO] 
[INFO] --- maven-surefire-plugin:2.19.1:test (default-test) @ molgenis-data-excel ---

-------------------------------------------------------
 T E S T S
-------------------------------------------------------
Running TestSuite
02:37:09,605 |-INFO in ch.qos.logback.classic.LoggerContext[default] - Found resource [logback-test.xml] at [file:/On-the-Reproducibility/section-2/reproducibility-scanner/reproducer/workspace/Bears-173/molgenis-data-excel/target/test-classes/logback-test.xml]
02:37:09,607 |-WARN in ch.qos.logback.classic.LoggerContext[default] - Resource [logback-test.xml] occurs multiple times on the classpath.
02:37:09,607 |-WARN in ch.qos.logback.classic.LoggerContext[default] - Resource [logback-test.xml] occurs at [file:/On-the-Reproducibility/section-2/reproducibility-scanner/reproducer/workspace/Bears-173/molgenis-data/target/test-classes/logback-test.xml]
02:37:09,607 |-WARN in ch.qos.logback.classic.LoggerContext[default] - Resource [logback-test.xml] occurs at [file:/On-the-Reproducibility/section-2/reproducibility-scanner/reproducer/workspace/Bears-173/molgenis-data-excel/target/test-classes/logback-test.xml]
02:37:09,723 |-INFO in ch.qos.logback.classic.joran.action.ConfigurationAction - debug attribute not set
02:37:09,724 |-INFO in ch.qos.logback.core.joran.action.AppenderAction - About to instantiate appender of type [ch.qos.logback.core.ConsoleAppender]
02:37:09,742 |-INFO in ch.qos.logback.core.joran.action.AppenderAction - Naming appender as [STDOUT]
02:37:09,759 |-INFO in ch.qos.logback.core.joran.action.NestedComplexPropertyIA - Assuming default type [ch.qos.logback.classic.encoder.PatternLayoutEncoder] for [encoder] property
02:37:09,848 |-INFO in ch.qos.logback.classic.joran.action.LoggerAction - Setting level of logger [org.molgenis] to INFO
02:37:09,848 |-INFO in ch.qos.logback.classic.joran.action.RootLoggerAction - Setting level of ROOT logger to WARN
02:37:09,848 |-INFO in ch.qos.logback.core.joran.action.AppenderRefAction - Attaching appender named [STDOUT] to Logger[ROOT]
02:37:09,849 |-INFO in ch.qos.logback.classic.joran.action.ConfigurationAction - End of configuration.
02:37:09,851 |-INFO in ch.qos.logback.classic.joran.JoranConfigurator@7b27e8f4 - Registering current configuration as safe fallback point

Tests run: 46, Failures: 1, Errors: 0, Skipped: 0, Time elapsed: 6.433 sec <<< FAILURE! - in TestSuite
iteratorDuplicateSheetHeader(org.molgenis.data.excel.ExcelRepositoryTest)  Time elapsed: 0.194 sec  <<< FAILURE!
org.testng.TestException: 

Method ExcelRepositoryTest.iteratorDuplicateSheetHeader()[pri:0, instance:org.molgenis.data.excel.ExcelRepositoryTest@43c7fe8a] should have thrown an exception of class org.molgenis.data.MolgenisDataException


Results :

Failed tests: 
  ExcelRepositoryTest.iteratorDuplicateSheetHeader  Test 
Method ExcelRepositor...

Tests run: 46, Failures: 1, Errors: 0, Skipped: 0

[INFO] ------------------------------------------------------------------------
[INFO] Reactor Summary for MOLGENIS 7.0.0-SNAPSHOT:
[INFO] 
[INFO] MOLGENIS ........................................... SUCCESS [  1.333 s]
[INFO] test ............................................... SUCCESS [  0.403 s]
[INFO] util ............................................... SUCCESS [  3.733 s]
[INFO] i18n ............................................... SUCCESS [  3.064 s]
[INFO] data ............................................... SUCCESS [ 13.988 s]
[INFO] security-core ...................................... SUCCESS [  3.533 s]
[INFO] settings ........................................... SUCCESS [  2.702 s]
[INFO] data-security ...................................... SUCCESS [  7.554 s]
[INFO] data-file .......................................... SUCCESS [  3.657 s]
[INFO] data-i18n .......................................... SUCCESS [  4.209 s]
[INFO] scripts-core ....................................... SUCCESS [  3.338 s]
[INFO] js ................................................. SUCCESS [ 11.077 s]
[INFO] data-validation .................................... SUCCESS [  6.976 s]
[INFO] data-import ........................................ SUCCESS [  6.447 s]
[INFO] jobs ............................................... SUCCESS [ 10.749 s]
[INFO] data-excel ......................................... FAILURE [  7.855 s]
[INFO] data-csv ........................................... SKIPPED
[INFO] amazon-bucket ...................................... SKIPPED
[INFO] core ............................................... SKIPPED
[INFO] data-cache ......................................... SKIPPED
[INFO] data-index ......................................... SKIPPED
[INFO] data-platform ...................................... SKIPPED
[INFO] data-plugin ........................................ SKIPPED
[INFO] web ................................................ SKIPPED
[INFO] security ........................................... SKIPPED
[INFO] core-ui ............................................ SKIPPED
[INFO] apps ............................................... SKIPPED
[INFO] data-vcf ........................................... SKIPPED
[INFO] data-rest .......................................... SKIPPED
[INFO] genomebrowser ...................................... SKIPPED
[INFO] beacon ............................................. SKIPPED
[INFO] data-migrate ....................................... SKIPPED
[INFO] data-annotators .................................... SKIPPED
[INFO] data-postgresql .................................... SKIPPED
[INFO] bootstrap .......................................... SKIPPED
[INFO] dataexplorer ....................................... SKIPPED
[INFO] python ............................................. SKIPPED
[INFO] r .................................................. SKIPPED
[INFO] searchall .......................................... SKIPPED
[INFO] data-elasticsearch ................................. SKIPPED
[INFO] ontology-core ...................................... SKIPPED
[INFO] semantic-search .................................... SKIPPED
[INFO] semantic-mapper .................................... SKIPPED
[INFO] ontology ........................................... SKIPPED
[INFO] questionnaires ..................................... SKIPPED
[INFO] scripts ............................................ SKIPPED
[INFO] file-ingester ...................................... SKIPPED
[INFO] gavin .............................................. SKIPPED
[INFO] fair ............................................... SKIPPED
[INFO] settings-ui ........................................ SKIPPED
[INFO] swagger ............................................ SKIPPED
[INFO] navigator .......................................... SKIPPED
[INFO] metadata-manager ................................... SKIPPED
[INFO] one-click-importer ................................. SKIPPED
[INFO] app ................................................ SKIPPED
[INFO] api-tests .......................................... SKIPPED
[INFO] data-rest-client ................................... SKIPPED
[INFO] platform-integration-tests ......................... SKIPPED
[INFO] ------------------------------------------------------------------------
[INFO] BUILD FAILURE
[INFO] ------------------------------------------------------------------------
[INFO] Total time:  01:31 min
[INFO] Finished at: 2022-08-17T02:37:16-07:00
[INFO] ------------------------------------------------------------------------
[ERROR] Failed to execute goal org.apache.maven.plugins:maven-surefire-plugin:2.19.1:test (default-test) on project molgenis-data-excel: There are test failures.
[ERROR] 
[ERROR] Please refer to /On-the-Reproducibility/section-2/reproducibility-scanner/reproducer/workspace/Bears-173/molgenis-data-excel/target/surefire-reports for the individual test results.
[ERROR] -> [Help 1]
[ERROR] 
[ERROR] To see the full stack trace of the errors, re-run Maven with the -e switch.
[ERROR] Re-run Maven using the -X switch to enable full debug logging.
[ERROR] 
[ERROR] For more information about the errors and possible solutions, please read the following articles:
[ERROR] [Help 1] http://cwiki.apache.org/confluence/display/MAVEN/MojoFailureException
[ERROR] 
[ERROR] After correcting the problems, you can resume the build with the command
[ERROR]   mvn <args> -rf :molgenis-data-excel
Running the tests related to the bug Bears-173...
The tests related to the bug Bears-173 were executed.