travis_time:start:0895635c[0Ktravis_time:end:0895635c:start=1660983682809530398,finish=1660983682956443886,duration=146913488,event=no_world_writable_dirs[0Ktravis_time:start:2c98f464[0Ktravis_time:end:2c98f464:start=1660983682962132221,finish=1660983682965812189,duration=3679968,event=check_unsupported[0Ktravis_time:start:03397751[0Ktravis_fold:start:system_info[0K[33;1mBuild system information[0m
Build language: java
Build group: stable
Build dist: precise
Build id: ''
Job id: ''
Runtime kernel version: 4.15.0-109-generic
[34m[1mBuild image provisioning date and time[0m
Thu Feb  5 15:09:33 UTC 2015
[34m[1mOperating System Details[0m
Distributor ID:	Ubuntu
Description:	Ubuntu 12.04.5 LTS
Release:	12.04
Codename:	precise
[34m[1mLinux Version[0m
3.13.0-29-generic
[34m[1mCookbooks Version[0m
a68419e https://github.com/travis-ci/travis-cookbooks/tree/a68419e
[34m[1mGCC version[0m
gcc (Ubuntu/Linaro 4.6.3-1ubuntu5) 4.6.3
Copyright (C) 2011 Free Software Foundation, Inc.
This is free software; see the source for copying conditions.  There is NO
warranty; not even for MERCHANTABILITY or FITNESS FOR A PARTICULAR PURPOSE.

[34m[1mLLVM version[0m
clang version 3.4 (tags/RELEASE_34/final)
Target: x86_64-unknown-linux-gnu
Thread model: posix
[34m[1mPre-installed Ruby versions[0m
ruby-1.9.3-p551
[34m[1mPre-installed Node.js versions[0m
v0.10.36
[34m[1mPre-installed Go versions[0m
1.4.1
[34m[1mRedis version[0m
redis-server 2.8.19
[34m[1mriak version[0m
2.0.2
[34m[1mMongoDB version[0m
MongoDB 2.4.12
[34m[1mCouchDB version[0m
couchdb 1.6.1
[34m[1mNeo4j version[0m
1.9.4
[34m[1mRabbitMQ Version[0m
3.4.3
[34m[1mElasticSearch version[0m
1.4.0
[34m[1mInstalled Sphinx versions[0m
2.0.10
2.1.9
2.2.6
[34m[1mDefault Sphinx version[0m
2.2.6
[34m[1mInstalled Firefox version[0m
firefox 31.0esr
[34m[1mPhantomJS version[0m
1.9.8
[34m[1mant -version[0m
Apache Ant(TM) version 1.8.2 compiled on December 3 2011
[34m[1mmvn -version[0m
Apache Maven 3.2.5 (12a6b3acb947671f09b81f49094c53f426d8cea1; 2014-12-14T17:29:23+00:00)
Maven home: /usr/local/maven
Java version: 1.7.0_76, vendor: Oracle Corporation
Java home: /usr/lib/jvm/java-7-oracle/jre
Default locale: en_US, platform encoding: ANSI_X3.4-1968
OS name: "linux", version: "3.13.0-29-generic", arch: "amd64", family: "unix"
travis_fold:end:system_info[0K
travis_time:end:03397751:start=1660983682970952218,finish=1660983682979509950,duration=8557732,event=show_system_info[0Ktravis_time:start:01996540[0Ktravis_time:end:01996540:start=1660983682985503324,finish=1660983683000551976,duration=15048652,event=rm_riak_source[0Ktravis_time:start:07f7d9f0[0Ktravis_time:end:07f7d9f0:start=1660983683006026218,finish=1660983683015179961,duration=9153743,event=fix_rwky_redis[0Ktravis_time:start:3490e2e6[0K[31;1mTimeout waiting for network availability.[0m
travis_time:end:3490e2e6:start=1660983683020325364,finish=1660983703717581680,duration=20697256316,event=wait_for_network[0Ktravis_time:start:35e1c9d8[0Ktravis_time:end:35e1c9d8:start=1660983703723292447,finish=1660983880766797526,duration=177043505079,event=update_apt_keys[0Ktravis_time:start:0abab6b2[0Ktravis_time:end:0abab6b2:start=1660983880772309415,finish=1660983880835510021,duration=63200606,event=fix_hhvm_source[0Ktravis_time:start:018b082f[0Ktravis_time:end:018b082f:start=1660983880841860262,finish=1660983880847752383,duration=5892121,event=update_mongo_arch[0Ktravis_time:start:06dbd406[0Ktravis_time:end:06dbd406:start=1660983880853192827,finish=1660983880885105010,duration=31912183,event=fix_sudo_enabled_trusty[0Ktravis_time:start:161403aa[0Ktravis_time:end:161403aa:start=1660983880891744912,finish=1660983880907089003,duration=15344091,event=clean_up_path[0Ktravis_time:start:341dd9d4[0Ktravis_time:end:341dd9d4:start=1660983880912604146,finish=1660983880924428940,duration=11824794,event=fix_resolv_conf[0Ktravis_time:start:0008dc1b[0Ktravis_time:end:0008dc1b:start=1660983880929591334,finish=1660983880944846003,duration=15254669,event=fix_etc_hosts[0Ktravis_time:start:1ec7244a[0Ktravis_time:end:1ec7244a:start=1660983880950059876,finish=1660983881396488622,duration=446428746,event=fix_mvn_settings_xml[0Ktravis_time:start:1bf2504a[0Ktravis_time:end:1bf2504a:start=1660983881402563639,finish=1660983881416118703,duration=13555064,event=no_ipv6_localhost[0Ktravis_time:start:20451f54[0Ktravis_time:end:20451f54:start=1660983881422649602,finish=1660983881549407559,duration=126757957,event=fix_etc_mavenrc[0Ktravis_time:start:0e130e80[0Ktravis_time:end:0e130e80:start=1660983881555377967,finish=1660983881561207352,duration=5829385,event=fix_wwdr_certificate[0Ktravis_time:start:104599b6[0Ktravis_time:end:104599b6:start=1660983881566989562,finish=1660983881599573788,duration=32584226,event=put_localhost_first[0Ktravis_time:start:137ae154[0Ktravis_time:end:137ae154:start=1660983881604476196,finish=1660983881609224659,duration=4748463,event=home_paths[0Ktravis_time:start:0e26c7a0[0Ktravis_time:end:0e26c7a0:start=1660983881614456986,finish=1660983882526729303,duration=912272317,event=disable_initramfs[0Ktravis_time:start:01b638c0[0Ktravis_time:end:01b638c0:start=1660983882534430870,finish=1660983882556929295,duration=22498425,event=disable_ssh_roaming[0Ktravis_time:start:1940b34c[0Ktravis_time:end:1940b34c:start=1660983882562764103,finish=1660983882567388414,duration=4624311,event=debug_tools[0Ktravis_time:start:3357c708[0Ktravis_time:end:3357c708:start=1660983882573653441,finish=1660983882580573695,duration=6920254,event=uninstall_oclint[0Ktravis_time:start:075c6240[0Ktravis_time:end:075c6240:start=1660983882587284026,finish=1660983882593327508,duration=6043482,event=rvm_use[0Ktravis_time:start:09012471[0Ktravis_time:end:09012471:start=1660983882599109970,finish=1660983882611957673,duration=12847703,event=rm_etc_boto_cfg[0Ktravis_time:start:073970b8[0Ktravis_time:end:073970b8:start=1660983882617488493,finish=1660983882621706229,duration=4217736,event=rm_oraclejdk8_symlink[0Ktravis_time:start:1a7d8e73[0Ktravis_time:end:1a7d8e73:start=1660983882626670417,finish=1660983882670266221,duration=43595804,event=enable_i386[0Ktravis_time:start:00127180[0Ktravis_time:end:00127180:start=1660983882676694885,finish=1660983882683884226,duration=7189341,event=update_rubygems[0Ktravis_time:start:1369ba99[0Ktravis_time:end:1369ba99:start=1660983882689831212,finish=1660983882699524624,duration=9693412,event=ensure_path_components[0Ktravis_time:start:0e10e896[0Ktravis_time:end:0e10e896:start=1660983882705407160,finish=1660983882709755109,duration=4347949,event=redefine_curl[0Ktravis_time:start:0e349074[0Ktravis_time:end:0e349074:start=1660983882715683017,finish=1660983882719597350,duration=3914333,event=nonblock_pipe[0Ktravis_time:start:2243e150[0Ktravis_time:end:2243e150:start=1660983882725770107,finish=1660983885683376847,duration=2957606740,event=apt_get_update[0Ktravis_time:start:3114f09b[0Ktravis_time:end:3114f09b:start=1660983885689094217,finish=1660983885693119077,duration=4024860,event=deprecate_xcode_64[0Ktravis_time:start:21c8ab76[0Ktravis_time:end:21c8ab76:start=1660983885698814195,finish=1660983885705384101,duration=6569906,event=update_heroku[0Ktravis_time:start:07c365b7[0Ktravis_time:end:07c365b7:start=1660983885711088150,finish=1660983885715706712,duration=4618562,event=shell_session_update[0Ktravis_time:start:1cd8f4a0[0Ktravis_fold:start:docker_mtu[0Ktee: /etc/docker/daemon.json: No such file or directory
docker: unrecognized service
travis_fold:end:docker_mtu[0Ktravis_time:end:1cd8f4a0:start=1660983885720994087,finish=1660983885754971005,duration=33976918,event=set_docker_mtu[0Ktravis_time:start:03277dc6[0Ktravis_time:end:03277dc6:start=1660983885760906760,finish=1660983885777191479,duration=16284719,event=resolvconf[0K
travis_fold:start:install_jdk[0K[33;1mInstalling openjdk6[0m
$ jdk_switcher use "openjdk6"
Switching to OpenJDK6 (java-1.6.0-openjdk-amd64), JAVA_HOME will be set to /usr/lib/jvm/java-6-openjdk-amd64
travis_fold:end:install_jdk[0Ktravis_time:start:080c6960[0Ktravis_time:end:080c6960:start=1660983885798774180,finish=1660983885803322537,duration=4548357,event=fix_ps4[0Ktravis_time:start:062ee948[0K
$ cd passed/Scout24/deadcode4j

travis_time:end:062ee948:start=1660983885809362881,finish=1660983885814139734,duration=4776853,event=checkout[0Ktravis_time:start:08998c22[0K
[33;1mSetting environment variables from .travis.yml[0m
$ export MVN_VERSION=3.2.5

travis_time:end:08998c22:start=1660983885820113725,finish=1660983885884285476,duration=64171751,event=env[0Ktravis_fold:start:cache.1[0KSetting up build cache
$ export CASHER_DIR=${TRAVIS_HOME}/.casher
travis_time:start:0446973c[0K$ Installing caching utilities

[31;1mThe command "eval curl -sf  -o $CASHER_DIR/bin/casher https:///files/casher " failed. Retrying, 2 of 3.[0m


[31;1mThe command "eval curl -sf  -o $CASHER_DIR/bin/casher https:///files/casher " failed. Retrying, 3 of 3.[0m


[31;1mThe command "eval curl -sf  -o $CASHER_DIR/bin/casher https:///files/casher " failed 3 times.[0m

travis_time:end:0446973c:start=1660983896599099652,finish=1660983899687058029,duration=3087958377,event=setup_casher[0Ktravis_time:start:215a6b75[0K$ Installing caching utilities from the Travis CI server (https:///files/casher) failed, failing over to using GitHub (https://raw.githubusercontent.com/travis-ci/casher/bash/bin/casher)
travis_time:end:215a6b75:start=1660983899695013542,finish=1660983899771179727,duration=76166185,event=setup_casher[0Ktravis_time:start:0bbab155[0Ktravis_time:end:0bbab155:start=1660983899780462914,finish=1660983899785784700,duration=5321786,event=setup_casher[0Ktravis_time:start:2dd074cc[0KYAML safe loading is not available. Please upgrade psych to a version that supports safe loading (>= 2.0).
attempting to download cache archive[0m
[31;1mcould not download cache[0m
travis_time:end:2dd074cc:start=1660983899792295144,finish=1660983901145499784,duration=1353204640,event=setup_casher[0Ktravis_time:start:233464ad[0Ktravis_time:end:233464ad:start=1660983901152892283,finish=1660983901158244802,duration=5352519,event=setup_casher[0Ktravis_time:start:0b9445a2[0KYAML safe loading is not available. Please upgrade psych to a version that supports safe loading (>= 2.0).
adding /home/travis/.m2/repository to cache[0m
travis_time:end:0b9445a2:start=1660983901165253155,finish=1660983902747136770,duration=1581883615,event=setup_casher[0Ktravis_fold:end:cache.1[0K
$ java -Xmx32m -version
java version "1.6.0_34"
OpenJDK Runtime Environment (IcedTea6 1.13.6) (6b34-1.13.6-1ubuntu0.12.04.1)
OpenJDK 64-Bit Server VM (build 23.25-b01, mixed mode)
$ javac -J-Xmx32m -version
javac 1.6.0_34
travis_fold:start:before_install.1[0Ktravis_time:start:051678ea[0K$ MVN_URL=https://archive.apache.org/dist/maven/maven-3/$MVN_VERSION/binaries/apache-maven-$MVN_VERSION-bin.tar.gz
travis_time:end:051678ea:start=1660983903002885957,finish=1660983903007481526,duration=4595569,event=before_install[0Ktravis_fold:end:before_install.1[0Ktravis_fold:start:before_install.2[0Ktravis_time:start:0ca54983[0K$ wget -q -O /tmp/maven.tar.gz $MVN_URL
travis_time:end:0ca54983:start=1660983903014982191,finish=1660983905581620374,duration=2566638183,event=before_install[0Ktravis_fold:end:before_install.2[0Ktravis_fold:start:before_install.3[0Ktravis_time:start:029c518a[0K$ tar xzf /tmp/maven.tar.gz
travis_time:end:029c518a:start=1660983905587762122,finish=1660983905710446160,duration=122684038,event=before_install[0Ktravis_fold:end:before_install.3[0Ktravis_fold:start:before_install.4[0Ktravis_time:start:08c79c6f[0K$ export M2_HOME=`pwd`/apache-maven-$MVN_VERSION
travis_time:end:08c79c6f:start=1660983905718319904,finish=1660983905725339234,duration=7019330,event=before_install[0Ktravis_fold:end:before_install.4[0Ktravis_fold:start:before_install.5[0Ktravis_time:start:078b37e0[0K$ export PATH=$M2_HOME/bin:$PATH
travis_time:end:078b37e0:start=1660983905732466080,finish=1660983905738559888,duration=6093808,event=before_install[0Ktravis_fold:end:before_install.5[0Ktravis_fold:start:before_install.6[0Ktravis_time:start:1c87b8fc[0K$ export MAVEN_SKIP_RC=true
travis_time:end:1c87b8fc:start=1660983905747031344,finish=1660983905752505592,duration=5474248,event=before_install[0Ktravis_fold:end:before_install.6[0Ktravis_fold:start:install.1[0Ktravis_time:start:38916af5[0K$ mvn -B -U clean verify org.apache.maven.plugins:maven-war-plugin:2.4:help -Dinvoker.skip=true -Dmaven.main.skip=true -Dmaven.plugin.skip=true -Dmaven.test.skip=true -PenableCoverage,travis
[INFO] Scanning for projects...
[INFO] Downloading: https://repo.maven.apache.org/maven2/org/apache/maven/plugins/maven-war-plugin/2.4/maven-war-plugin-2.4.pom
[INFO] ------------------------------------------------------------------------
[INFO] BUILD FAILURE
[INFO] ------------------------------------------------------------------------
[INFO] Total time: 2.824 s
[INFO] Finished at: 2022-08-20T08:25:09+00:00
[INFO] Final Memory: 15M/1962M
[INFO] ------------------------------------------------------------------------
[ERROR] Plugin org.apache.maven.plugins:maven-war-plugin:2.4 or one of its dependencies could not be resolved: Failed to read artifact descriptor for org.apache.maven.plugins:maven-war-plugin:jar:2.4: Could not transfer artifact org.apache.maven.plugins:maven-war-plugin:pom:2.4 from/to central (https://repo.maven.apache.org/maven2): Received fatal alert: protocol_version -> [Help 1]
[ERROR] 
[ERROR] To see the full stack trace of the errors, re-run Maven with the -e switch.
[ERROR] Re-run Maven using the -X switch to enable full debug logging.
[ERROR] 
[ERROR] For more information about the errors and possible solutions, please read the following articles:
[ERROR] [Help 1] http://cwiki.apache.org/confluence/display/MAVEN/PluginResolutionException
travis_time:end:38916af5:start=1660983905761051171,finish=1660983910033804635,duration=4272753464,event=install[0K[31;1mThe command "mvn -B -U clean verify org.apache.maven.plugins:maven-war-plugin:2.4:help -Dinvoker.skip=true -Dmaven.main.skip=true -Dmaven.plugin.skip=true -Dmaven.test.skip=true -PenableCoverage,travis" failed and exited with 1 during .[0m

Your build has been stopped.
