travis_fold:start:system_info[0K[33;1mBuild system information[0m
Build language: java
Build group: stable
Build dist: trusty
Build id: ''
Job id: ''
[34m[1mBuild image provisioning date and time[0m
Tue Aug 29 02:50:02 UTC 2017
[34m[1mOperating System Details[0m
Distributor ID:	Ubuntu
Description:	Ubuntu 14.04.5 LTS
Release:	14.04
Codename:	trusty
[34m[1mCookbooks Version[0m
4642454 https://github.com/travis-ci/travis-cookbooks/tree/4642454
[34m[1mgit version[0m
git version 2.14.1
[34m[1mbash version[0m
GNU bash, version 4.3.11(1)-release (x86_64-pc-linux-gnu)
[34m[1mgcc version[0m
gcc (Ubuntu 4.8.4-2ubuntu1~14.04.3) 4.8.4
Copyright (C) 2013 Free Software Foundation, Inc.
This is free software; see the source for copying conditions.  There is NO
warranty; not even for MERCHANTABILITY or FITNESS FOR A PARTICULAR PURPOSE.

[34m[1mdocker version[0m
Client:
 Version:      17.03.1-ce
 API version:  1.27
 Go version:   go1.7.5
 Git commit:   c6d412e
 Built:        Mon Mar 27 16:58:30 2017
 OS/Arch:      linux/amd64
[34m[1mclang version[0m
clang version 3.9.0 (tags/RELEASE_390/final)
Target: x86_64-unknown-linux-gnu
Thread model: posix
InstalledDir: /usr/local/clang-3.9.0/bin
[34m[1mjq version[0m
jq-1.5
[34m[1mbats version[0m
Bats 0.4.0
[34m[1mshellcheck version[0m
0.4.6
[34m[1mshfmt version[0m
v1.3.1
[34m[1mccache version[0m
ccache version 3.1.9

Copyright (C) 2002-2007 Andrew Tridgell
Copyright (C) 2009-2011 Joel Rosdahl

This program is free software; you can redistribute it and/or modify it under
the terms of the GNU General Public License as published by the Free Software
Foundation; either version 3 of the License, or (at your option) any later
version.
[34m[1mcmake version[0m
cmake version 3.2.2

CMake suite maintained and supported by Kitware (kitware.com/cmake).
[34m[1mheroku version[0m
heroku-cli/6.13.19-6cd27b3 (linux-x64) node-v8.3.0
[34m[1mimagemagick version[0m
Version: ImageMagick 6.7.7-10 2017-07-31 Q16 http://www.imagemagick.org
[34m[1mmd5deep version[0m
4.2
[34m[1mmercurial version[0m
Mercurial Distributed SCM (version 4.2.2)
(see https://mercurial-scm.org for more information)

Copyright (C) 2005-2017 Matt Mackall and others
This is free software; see the source for copying conditions. There is NO
warranty; not even for MERCHANTABILITY or FITNESS FOR A PARTICULAR PURPOSE.
[34m[1mmysql version[0m
mysql  Ver 14.14 Distrib 5.6.33, for debian-linux-gnu (x86_64) using  EditLine wrapper
[34m[1mopenssl version[0m
OpenSSL 1.0.1f 6 Jan 2014
[34m[1mpacker version[0m
Packer v1.0.2

Your version of Packer is out of date! The latest version
is 1.0.4. You can update by downloading from www.packer.io
[34m[1mpostgresql client version[0m
psql (PostgreSQL) 9.6.4
[34m[1mragel version[0m
Ragel State Machine Compiler version 6.8 Feb 2013
Copyright (c) 2001-2009 by Adrian Thurston
[34m[1msubversion version[0m
svn, version 1.8.8 (r1568071)
   compiled Aug 10 2017, 17:20:39 on x86_64-pc-linux-gnu

Copyright (C) 2013 The Apache Software Foundation.
This software consists of contributions made by many people;
see the NOTICE file for more information.
Subversion is open source software, see http://subversion.apache.org/

The following repository access (RA) modules are available:

* ra_svn : Module for accessing a repository using the svn network protocol.
  - with Cyrus SASL authentication
  - handles 'svn' scheme
* ra_local : Module for accessing a repository on local disk.
  - handles 'file' scheme
* ra_serf : Module for accessing a repository via WebDAV protocol using serf.
  - using serf 1.3.3
  - handles 'http' scheme
  - handles 'https' scheme

[34m[1msudo version[0m
Sudo version 1.8.9p5
Configure options: --prefix=/usr -v --with-all-insults --with-pam --with-fqdn --with-logging=syslog --with-logfac=authpriv --with-env-editor --with-editor=/usr/bin/editor --with-timeout=15 --with-password-timeout=0 --with-passprompt=[sudo] password for %p:  --without-lecture --with-tty-tickets --disable-root-mailer --enable-admin-flag --with-sendmail=/usr/sbin/sendmail --with-timedir=/var/lib/sudo --mandir=/usr/share/man --libexecdir=/usr/lib/sudo --with-sssd --with-sssd-lib=/usr/lib/x86_64-linux-gnu --with-selinux
Sudoers policy plugin version 1.8.9p5
Sudoers file grammar version 43

Sudoers path: /etc/sudoers
Authentication methods: 'pam'
Syslog facility if syslog is being used for logging: authpriv
Syslog priority to use when user authenticates successfully: notice
Syslog priority to use when user authenticates unsuccessfully: alert
Send mail if the user is not in sudoers
Use a separate timestamp for each user/tty combo
Lecture user the first time they run sudo
Root may run sudo
Allow some information gathering to give useful error messages
Require fully-qualified hostnames in the sudoers file
Visudo will honor the EDITOR environment variable
Set the LOGNAME and USER environment variables
Length at which to wrap log file lines (0 for no wrap): 80
Authentication timestamp timeout: 15.0 minutes
Password prompt timeout: 0.0 minutes
Number of tries to enter a password: 3
Umask to use or 0777 to use user's: 022
Path to mail program: /usr/sbin/sendmail
Flags for mail program: -t
Address to send mail to: root
Subject line for mail messages: *** SECURITY information for %h ***
Incorrect password message: Sorry, try again.
Path to authentication timestamp dir: /var/lib/sudo
Default password prompt: [sudo] password for %p: 
Default user to run commands as: root
Value to override user's $PATH with: /usr/local/sbin:/usr/local/bin:/usr/sbin:/usr/bin:/sbin:/bin:/snap/bin
Path to the editor for use by visudo: /usr/bin/editor
When to require a password for 'list' pseudocommand: any
When to require a password for 'verify' pseudocommand: all
File descriptors >= 3 will be closed before executing a command
Environment variables to check for sanity:
	TZ
	TERM
	LINGUAS
	LC_*
	LANGUAGE
	LANG
	COLORTERM
Environment variables to remove:
	RUBYOPT
	RUBYLIB
	PYTHONUSERBASE
	PYTHONINSPECT
	PYTHONPATH
	PYTHONHOME
	TMPPREFIX
	ZDOTDIR
	READNULLCMD
	NULLCMD
	FPATH
	PERL5DB
	PERL5OPT
	PERL5LIB
	PERLLIB
	PERLIO_DEBUG 
	JAVA_TOOL_OPTIONS
	SHELLOPTS
	GLOBIGNORE
	PS4
	BASH_ENV
	ENV
	TERMCAP
	TERMPATH
	TERMINFO_DIRS
	TERMINFO
	_RLD*
	LD_*
	PATH_LOCALE
	NLSPATH
	HOSTALIASES
	RES_OPTIONS
	LOCALDOMAIN
	CDPATH
	IFS
Environment variables to preserve:
	JAVA_HOME
	TRAVIS
	CI
	DEBIAN_FRONTEND
	XAUTHORIZATION
	XAUTHORITY
	PS2
	PS1
	PATH
	LS_COLORS
	KRB5CCNAME
	HOSTNAME
	HOME
	DISPLAY
	COLORS
Locale to use while parsing sudoers: C
Directory in which to store input/output logs: /var/log/sudo-io
File in which to store the input/output log: %{seq}
Add an entry to the utmp/utmpx file when allocating a pty
PAM service name to use
PAM service name to use for login shells
Create a new PAM session for the command to run in
Maximum I/O log sequence number: 0

Local IP address and netmask pairs:
	172.17.0.2/255.255.0.0

Sudoers I/O plugin version 1.8.9p5
[34m[1mgzip version[0m
gzip 1.6
Copyright (C) 2007, 2010, 2011 Free Software Foundation, Inc.
Copyright (C) 1993 Jean-loup Gailly.
This is free software.  You may redistribute copies of it under the terms of
the GNU General Public License <http://www.gnu.org/licenses/gpl.html>.
There is NO WARRANTY, to the extent permitted by law.

Written by Jean-loup Gailly.
[34m[1mzip version[0m
Copyright (c) 1990-2008 Info-ZIP - Type 'zip "-L"' for software license.
This is Zip 3.0 (July 5th 2008), by Info-ZIP.
Currently maintained by E. Gordon.  Please send bug reports to
the authors using the web page at www.info-zip.org; see README for details.

Latest sources and executables are at ftp://ftp.info-zip.org/pub/infozip,
as of above date; see http://www.info-zip.org/ for other sites.

Compiled with gcc 4.8.2 for Unix (Linux ELF) on Oct 21 2013.

Zip special compilation options:
	USE_EF_UT_TIME       (store Universal Time)
	BZIP2_SUPPORT        (bzip2 library version 1.0.6, 6-Sept-2010)
	    bzip2 code and library copyright (c) Julian R Seward
	    (See the bzip2 license for terms of use)
	SYMLINK_SUPPORT      (symbolic links supported)
	LARGE_FILE_SUPPORT   (can read and write large files on file system)
	ZIP64_SUPPORT        (use Zip64 to store large files in archives)
	UNICODE_SUPPORT      (store and read UTF-8 Unicode paths)
	STORE_UNIX_UIDs_GIDs (store UID/GID sizes/values using new extra field)
	UIDGID_NOT_16BIT     (old Unix 16-bit UID/GID extra field not used)
	[encryption, version 2.91 of 05 Jan 2007] (modified for Zip 3)

Encryption notice:
	The encryption code of this program is not copyrighted and is
	put in the public domain.  It was originally written in Europe
	and, to the best of our knowledge, can be freely distributed
	in both source and object forms from any country, including
	the USA under License Exception TSU of the U.S. Export
	Administration Regulations (section 740.13(e)) of 6 June 2002.

Zip environment options:
             ZIP:  [none]
          ZIPOPT:  [none]
[34m[1mvim version[0m
VIM - Vi IMproved 7.4 (2013 Aug 10, compiled Nov 24 2016 16:43:18)
Included patches: 1-52
Extra patches: 8.0.0056
Modified by pkg-vim-maintainers@lists.alioth.debian.org
Compiled by buildd@
Huge version without GUI.  Features included (+) or not (-):
+acl             +farsi           +mouse_netterm   +syntax
+arabic          +file_in_path    +mouse_sgr       +tag_binary
+autocmd         +find_in_path    -mouse_sysmouse  +tag_old_static
-balloon_eval    +float           +mouse_urxvt     -tag_any_white
-browse          +folding         +mouse_xterm     -tcl
++builtin_terms  -footer          +multi_byte      +terminfo
+byte_offset     +fork()          +multi_lang      +termresponse
+cindent         +gettext         -mzscheme        +textobjects
-clientserver    -hangul_input    +netbeans_intg   +title
-clipboard       +iconv           +path_extra      -toolbar
+cmdline_compl   +insert_expand   -perl            +user_commands
+cmdline_hist    +jumplist        +persistent_undo +vertsplit
+cmdline_info    +keymap          +postscript      +virtualedit
+comments        +langmap         +printer         +visual
+conceal         +libcall         +profile         +visualextra
+cryptv          +linebreak       +python          +viminfo
+cscope          +lispindent      -python3         +vreplace
+cursorbind      +listcmds        +quickfix        +wildignore
+cursorshape     +localmap        +reltime         +wildmenu
+dialog_con      -lua             +rightleft       +windows
+diff            +menu            -ruby            +writebackup
+digraphs        +mksession       +scrollbind      -X11
-dnd             +modify_fname    +signs           -xfontset
-ebcdic          +mouse           +smartindent     -xim
+emacs_tags      -mouseshape      -sniff           -xsmp
+eval            +mouse_dec       +startuptime     -xterm_clipboard
+ex_extra        +mouse_gpm       +statusline      -xterm_save
+extra_search    -mouse_jsbterm   -sun_workshop    -xpm
   system vimrc file: "$VIM/vimrc"
     user vimrc file: "$HOME/.vimrc"
 2nd user vimrc file: "~/.vim/vimrc"
      user exrc file: "$HOME/.exrc"
  fall-back for $VIM: "/usr/share/vim"
Compilation: gcc -c -I. -Iproto -DHAVE_CONFIG_H     -g -O2 -fstack-protector --param=ssp-buffer-size=4 -Wformat -Werror=format-security -U_FORTIFY_SOURCE -D_FORTIFY_SOURCE=1      
Linking: gcc   -Wl,-Bsymbolic-functions -Wl,-z,relro -Wl,--as-needed -o vim        -lm -ltinfo -lnsl  -lselinux  -lacl -lattr -lgpm -ldl    -L/usr/lib/python2.7/config-x86_64-linux-gnu -lpython2.7 -lpthread -ldl -lutil -lm -Xlinker -export-dynamic -Wl,-O1 -Wl,-Bsymbolic-functions      
[34m[1miptables version[0m
iptables v1.4.21
[34m[1mcurl version[0m
curl 7.35.0 (x86_64-pc-linux-gnu) libcurl/7.35.0 OpenSSL/1.0.1f zlib/1.2.8 libidn/1.28 librtmp/2.3
[34m[1mwget version[0m
GNU Wget 1.15 built on linux-gnu.
[34m[1mrsync version[0m
rsync  version 3.1.0  protocol version 31
[34m[1mgimme version[0m
v1.2.0
[34m[1mnvm version[0m
0.33.2
[34m[1mperlbrew version[0m
/home/travis/perl5/perlbrew/bin/perlbrew  - App::perlbrew/0.80
[34m[1mphpenv version[0m
rbenv 1.1.1-4-g4ebd1bd
[34m[1mrvm version[0m
rvm 1.29.2 (latest) by Michal Papis, Piotr Kuczynski, Wayne E. Seguin [https://rvm.io/]
[34m[1mdefault ruby version[0m
ruby 2.4.1p111 (2017-03-22 revision 58053) [x86_64-linux]
[34m[1mCouchDB version[0m
couchdb 1.6.1
[34m[1mElasticSearch version[0m
5.5.0
[34m[1mInstalled Firefox version[0m
firefox 55.0.2
[34m[1mMongoDB version[0m
MongoDB 3.2.16
[34m[1mPre-installed PostgreSQL versions[0m
9.2.22
9.3.18
9.4.13
9.5.8
9.6.4
[34m[1mRabbitMQ Version[0m
3.6.11
[34m[1mRedis version[0m
redis-server 4.0.1
[34m[1mriak version[0m
2.2.3
[34m[1mPre-installed Go versions[0m
1.7.4
[34m[1mant version[0m
Apache Ant(TM) version 1.9.3 compiled on April 8 2014
[34m[1mmvn version[0m
Apache Maven 3.5.0 (ff8f5e7444045639af65f6095c62210b5713f426; 2017-04-03T19:39:06Z)
Maven home: /usr/local/maven-3.5.0
Java version: 1.8.0_144, vendor: Oracle Corporation
Java home: /usr/lib/jvm/java-8-oracle/jre
Default locale: en_US, platform encoding: UTF-8
OS name: "linux", version: "4.4.0-92-generic", arch: "amd64", family: "unix"
[34m[1mgradle version[0m

------------------------------------------------------------
Gradle 4.0.1
------------------------------------------------------------

Build time:   2017-07-07 14:02:41 UTC
Revision:     38e5dc0f772daecca1d2681885d3d85414eb6826

Groovy:       2.4.11
Ant:          Apache Ant(TM) version 1.9.6 compiled on June 29 2015
JVM:          1.8.0_144 (Oracle Corporation 25.144-b01)
OS:           Linux 4.4.0-92-generic amd64

[34m[1mlein version[0m
WARNING: You're currently running as root; probably by accident.
Press control-C to abort or Enter to continue as root.
Set LEIN_ROOT to disable this warning.
Leiningen 2.7.1 on Java 1.8.0_144 Java HotSpot(TM) 64-Bit Server VM
[34m[1mPre-installed Node.js versions[0m
v4.8.4
v6.11.2
v6.9.4
v7.4.0
v8.4
[34m[1mphpenv versions[0m
  system
  5.6
* 5.6.31 (set by /home/travis/.phpenv/version)
  7.0
  7.0.22
  hhvm
  hhvm-stable
[34m[1mcomposer --version[0m
Composer version 1.4.2 2017-05-17 08:17:52
[34m[1mPre-installed Ruby versions[0m
ruby-2.2.7
ruby-2.3.4
ruby-2.4.1
travis_fold:end:system_info[0K
W: GPG error: http://dl.google.com/linux/chrome/deb stable InRelease: The following signatures couldn't be verified because the public key is not available: NO_PUBKEY 4EB27DB2A3B88B8B
W: The repository 'http://dl.google.com/linux/chrome/deb stable InRelease' is not signed.
W: There is no public key available for the following key IDs:
4EB27DB2A3B88B8B  
W: The repository 'http://www.apache.org/dist/cassandra/debian 39x Release' does not have a Release file.
W: GPG error: http://dl.hhvm.com/ubuntu trusty InRelease: The following signatures couldn't be verified because the public key is not available: NO_PUBKEY B4112585D386EB94
W: The repository 'http://dl.hhvm.com/ubuntu trusty InRelease' is not signed.
W: There is no public key available for the following key IDs:
B4112585D386EB94  
W: GPG error: http://repo.mongodb.org/apt/ubuntu trusty/mongodb-org/3.2 Release: The following signatures were invalid: KEYEXPIRED 1507497109
W: The repository 'http://repo.mongodb.org/apt/ubuntu trusty/mongodb-org/3.2 Release' is not signed.
W: The repository 'http://apt.postgresql.org/pub/repos/apt trusty-pgdg Release' does not have a Release file.
W: GPG error: https://packagecloud.io/github/git-lfs/ubuntu trusty InRelease: The following signatures couldn't be verified because the public key is not available: NO_PUBKEY 6B05F25D762E3157
W: The repository 'https://packagecloud.io/github/git-lfs/ubuntu trusty InRelease' is not signed.
W: There is no public key available for the following key IDs:
6B05F25D762E3157  
W: The repository 'https://packagecloud.io/basho/riak/ubuntu trusty Release' does not have a Release file.
W: GPG error: https://packagecloud.io/rabbitmq/rabbitmq-server/ubuntu trusty InRelease: The following signatures couldn't be verified because the public key is not available: NO_PUBKEY F6609E60DC62814E
W: The repository 'https://packagecloud.io/rabbitmq/rabbitmq-server/ubuntu trusty InRelease' is not signed.
W: There is no public key available for the following key IDs:
F6609E60DC62814E  
W: http://ppa.launchpad.net/couchdb/stable/ubuntu/dists/trusty/Release.gpg: Signature by key 15866BAFD9BCC4F3C1E0DFC7D69548E1C17EAB57 uses weak digest algorithm (SHA1)
E: Failed to fetch https://www.apache.org/dist/cassandra/debian/dists/39x/main/binary-amd64/Packages  gnutls_handshake() failed: Handshake failed
E: Failed to fetch https://www.apache.org/dist/cassandra/debian/dists/39x/main/binary-i386/Packages  gnutls_handshake() failed: Handshake failed
E: Failed to fetch http://apt.postgresql.org/pub/repos/apt/dists/trusty-pgdg/main/binary-amd64/Packages  404  Not Found [IP: 87.238.57.227 80]
E: Failed to fetch http://apt.postgresql.org/pub/repos/apt/dists/trusty-pgdg/main/binary-i386/Packages  404  Not Found [IP: 87.238.57.227 80]
E: Failed to fetch https://packagecloud.io/basho/riak/ubuntu/dists/trusty/main/source/Sources  HttpError402
E: Failed to fetch https://packagecloud.io/basho/riak/ubuntu/dists/trusty/main/binary-amd64/Packages  HttpError402
E: Failed to fetch https://packagecloud.io/basho/riak/ubuntu/dists/trusty/main/binary-i386/Packages  HttpError402
E: Some index files failed to download. They have been ignored, or old ones used instead.
sed: cannot rename /etc/hosts: Device or resource busy
sed: cannot rename /etc/hosts: Device or resource busy
$ jdk_switcher use oraclejdk8
Switching to Oracle JDK8 (java-8-oracle), JAVA_HOME will be set to /usr/lib/jvm/java-8-oracle
$ cd passed/stagemonitor/stagemonitor
travis_fold:start:apt[0K[33;1mInstalling APT Packages (BETA)[0m
$ export DEBIAN_FRONTEND=noninteractive
travis_time:start:15f069c0[0K$ sudo -E apt-get -yq update &>> ~/apt-get-update.log

travis_time:end:15f069c0:start=1660982012652206011,finish=1660982019956483986,duration=7304277975[0Ktravis_time:start:09ee06de[0K$ sudo -E apt-get -yq --no-install-suggests --no-install-recommends --force-yes install oracle-java8-installer
Reading package lists...
Building dependency tree...
Reading state information...
oracle-java8-installer is already the newest version (8u144-1~webupd8~0).
0 upgraded, 0 newly installed, 0 to remove and 296 not upgraded.

travis_time:end:09ee06de:start=1660982019968937364,finish=1660982023533182320,duration=3564244956[0Ktravis_fold:end:apt[0K
[33;1mSetting environment variables from .travis.yml[0m
$ export GH_TOKEN=[secure]
$ export COVERITY_SCAN_TOKEN=[secure]
$ export TERM=dumb

$ export TERM=dumb
travis_fold:start:cache.1[0KSetting up build cache
$ export CASHER_DIR=$HOME/.casher
travis_time:start:2d13952a[0K$ Installing caching utilities

travis_time:end:2d13952a:start=1660982024290973791,finish=1660982024348526172,duration=57552381[0Ktravis_time:start:0f2486cd[0K
travis_time:end:0f2486cd:start=1660982024363684357,finish=1660982024373707168,duration=10022811[0Ktravis_time:start:28cc983c[0K/home/travis/.casher/bin/casher:213:in `cache_archive_name': undefined method `[]' for nil:NilClass (NoMethodError)
	from /home/travis/.casher/bin/casher:65:in `block in fetch'
	from /home/travis/.casher/bin/casher:64:in `each'
	from /home/travis/.casher/bin/casher:64:in `fetch'
	from /home/travis/.casher/bin/casher:53:in `block in run'
	from /home/travis/.rvm/rubies/ruby-2.2.7/lib/ruby/2.2.0/timeout.rb:88:in `block in timeout'
	from /home/travis/.rvm/rubies/ruby-2.2.7/lib/ruby/2.2.0/timeout.rb:32:in `block in catch'
	from /home/travis/.rvm/rubies/ruby-2.2.7/lib/ruby/2.2.0/timeout.rb:32:in `catch'
	from /home/travis/.rvm/rubies/ruby-2.2.7/lib/ruby/2.2.0/timeout.rb:32:in `catch'
	from /home/travis/.rvm/rubies/ruby-2.2.7/lib/ruby/2.2.0/timeout.rb:103:in `timeout'
	from /home/travis/.casher/bin/casher:53:in `run'
	from /home/travis/.casher/bin/casher:263:in `<main>'
[32;1mattempting to download cache archive[0m

travis_time:end:28cc983c:start=1660982024385963490,finish=1660982025252549317,duration=866585827[0Ktravis_time:start:15871978[0K
travis_time:end:15871978:start=1660982025264824013,finish=1660982025275499412,duration=10675399[0Ktravis_time:start:05f7c6de[0K[32;1madding /home/travis/.m2 to cache[0m
[32;1madding /home/travis/.gradle to cache[0m
[32;1mcreating directory /home/travis/.gradle[0m

travis_time:end:05f7c6de:start=1660982025287523204,finish=1660982026160821606,duration=873298402[0Ktravis_fold:end:cache.1[0K$ java -Xmx32m -version
Picked up _JAVA_OPTIONS: -Xmx2048m -Xms512m
java version "1.8.0_144"
Java(TM) SE Runtime Environment (build 1.8.0_144-b01)
Java HotSpot(TM) 64-Bit Server VM (build 25.144-b01, mixed mode)
$ javac -J-Xmx32m -version
Picked up _JAVA_OPTIONS: -Xmx2048m -Xms512m
javac 1.8.0_144
travis_fold:start:install[0Ktravis_time:start:1f664316[0K$ ./gradlew assemble --stacktrace
Picked up _JAVA_OPTIONS: -Xmx2048m -Xms512m
Downloading https://services.gradle.org/distributions/gradle-4.2-all.zip
.........................................................................................
Unzipping /home/travis/.gradle/wrapper/dists/gradle-4.2-all/35kgqhc6h01n0g1he8zslvs9l/gradle-4.2-all.zip to /home/travis/.gradle/wrapper/dists/gradle-4.2-all/35kgqhc6h01n0g1he8zslvs9l
Set executable permissions for: /home/travis/.gradle/wrapper/dists/gradle-4.2-all/35kgqhc6h01n0g1he8zslvs9l/gradle-4.2/bin/gradle
Starting a Gradle Daemon (subsequent builds will be faster)
Download https://repo1.maven.org/maven2/org/kt3k/gradle/plugin/coveralls-gradle-plugin/2.6.3/coveralls-gradle-plugin-2.6.3.pom
Download https://repo1.maven.org/maven2/com/bmuschko/gradle-nexus-plugin/2.3.1/gradle-nexus-plugin-2.3.1.pom
Download https://repo1.maven.org/maven2/net/researchgate/gradle-release/2.3.5/gradle-release-2.3.5.pom
Download https://repo1.maven.org/maven2/net/saliman/gradle-cobertura-plugin/2.3.0/gradle-cobertura-plugin-2.3.0.pom
Download https://jcenter.bintray.com/com/github/ben-manes/gradle-versions-plugin/0.15.0/gradle-versions-plugin-0.15.0.pom
Download https://repo1.maven.org/maven2/org/apache/httpcomponents/httpmime/4.3/httpmime-4.3.pom
Download https://repo1.maven.org/maven2/org/codehaus/groovy/modules/http-builder/http-builder/0.7.1/http-builder-0.7.1.pom
Download https://repo1.maven.org/maven2/org/eclipse/jgit/org.eclipse.jgit/3.6.0.201412230720-r/org.eclipse.jgit-3.6.0.201412230720-r.pom
Download https://repo1.maven.org/maven2/org/eclipse/jgit/org.eclipse.jgit-parent/3.6.0.201412230720-r/org.eclipse.jgit-parent-3.6.0.201412230720-r.pom
Download https://repo1.maven.org/maven2/org/apache/httpcomponents/httpcomponents-client/4.3/httpcomponents-client-4.3.pom
Download https://repo1.maven.org/maven2/org/apache/httpcomponents/project/7/project-7.pom
Download https://repo1.maven.org/maven2/org/apache/apache/13/apache-13.pom
Download https://repo1.maven.org/maven2/com/thoughtworks/xstream/xstream/1.4.7/xstream-1.4.7.pom
Download https://repo1.maven.org/maven2/com/thoughtworks/xstream/xstream-parent/1.4.7/xstream-parent-1.4.7.pom
Download https://repo1.maven.org/maven2/org/codehaus/codehaus-parent/3/codehaus-parent-3.pom
Download https://repo1.maven.org/maven2/org/apache/httpcomponents/httpclient/4.3/httpclient-4.3.pom
Download https://repo1.maven.org/maven2/com/jcraft/jsch/0.1.50/jsch-0.1.50.pom
Download https://repo1.maven.org/maven2/com/googlecode/javaewah/JavaEWAH/0.7.9/JavaEWAH-0.7.9.pom
Download https://repo1.maven.org/maven2/org/sonatype/oss/oss-parent/6/oss-parent-6.pom
Download https://repo1.maven.org/maven2/org/sonatype/oss/oss-parent/5/oss-parent-5.pom
Download https://repo1.maven.org/maven2/net/sf/json-lib/json-lib/2.3/json-lib-2.3.pom
Download https://repo1.maven.org/maven2/xml-resolver/xml-resolver/1.2/xml-resolver-1.2.pom
Download https://repo1.maven.org/maven2/net/sourceforge/nekohtml/nekohtml/1.9.16/nekohtml-1.9.16.pom
Download https://repo1.maven.org/maven2/org/apache/apache/3/apache-3.pom
Download https://repo1.maven.org/maven2/xmlpull/xmlpull/1.1.3.1/xmlpull-1.1.3.1.pom
Download https://repo1.maven.org/maven2/xpp3/xpp3_min/1.1.4c/xpp3_min-1.1.4c.pom
Download https://repo1.maven.org/maven2/commons-logging/commons-logging/1.1.1/commons-logging-1.1.1.pom
Download https://repo1.maven.org/maven2/net/sf/ezmorph/ezmorph/1.0.6/ezmorph-1.0.6.pom
Download https://repo1.maven.org/maven2/commons-beanutils/commons-beanutils/1.8.0/commons-beanutils-1.8.0.pom
Download https://repo1.maven.org/maven2/commons-lang/commons-lang/2.4/commons-lang-2.4.pom
Download https://repo1.maven.org/maven2/commons-collections/commons-collections/3.2.1/commons-collections-3.2.1.pom
Download https://repo1.maven.org/maven2/org/apache/commons/commons-parent/11/commons-parent-11.pom
Download https://repo1.maven.org/maven2/org/apache/commons/commons-parent/9/commons-parent-9.pom
Download https://repo1.maven.org/maven2/org/apache/commons/commons-parent/5/commons-parent-5.pom
Download https://repo1.maven.org/maven2/org/apache/apache/4/apache-4.pom
Download https://repo1.maven.org/maven2/xerces/xercesImpl/2.9.1/xercesImpl-2.9.1.pom
Download https://repo1.maven.org/maven2/xml-apis/xml-apis/1.3.04/xml-apis-1.3.04.pom
Download https://repo1.maven.org/maven2/org/apache/httpcomponents/httpcore/4.3/httpcore-4.3.pom
Download https://repo1.maven.org/maven2/commons-codec/commons-codec/1.6/commons-codec-1.6.pom
Download https://repo1.maven.org/maven2/org/apache/httpcomponents/httpcomponents-core/4.3/httpcomponents-core-4.3.pom
Download https://repo1.maven.org/maven2/org/apache/commons/commons-parent/22/commons-parent-22.pom
Download https://repo1.maven.org/maven2/org/apache/apache/9/apache-9.pom
Download https://repo1.maven.org/maven2/commons-logging/commons-logging/1.1.3/commons-logging-1.1.3.pom
Download https://repo1.maven.org/maven2/org/apache/commons/commons-parent/28/commons-parent-28.pom
Download https://repo1.maven.org/maven2/com/googlecode/javaewah/JavaEWAH/0.7.9/JavaEWAH-0.7.9.jar
Download https://repo1.maven.org/maven2/com/thoughtworks/xstream/xstream/1.4.7/xstream-1.4.7.jar
Download https://repo1.maven.org/maven2/org/apache/httpcomponents/httpclient/4.3/httpclient-4.3.jar
Download https://repo1.maven.org/maven2/com/bmuschko/gradle-nexus-plugin/2.3.1/gradle-nexus-plugin-2.3.1.jar
Download https://repo1.maven.org/maven2/org/eclipse/jgit/org.eclipse.jgit/3.6.0.201412230720-r/org.eclipse.jgit-3.6.0.201412230720-r.jar
Download https://repo1.maven.org/maven2/net/researchgate/gradle-release/2.3.5/gradle-release-2.3.5.jar
Download https://repo1.maven.org/maven2/net/sf/json-lib/json-lib/2.3/json-lib-2.3-jdk15.jar
Download https://repo1.maven.org/maven2/xmlpull/xmlpull/1.1.3.1/xmlpull-1.1.3.1.jar
Download https://repo1.maven.org/maven2/commons-logging/commons-logging/1.1.3/commons-logging-1.1.3.jar
Download https://repo1.maven.org/maven2/net/saliman/gradle-cobertura-plugin/2.3.0/gradle-cobertura-plugin-2.3.0.jar
Download https://repo1.maven.org/maven2/xml-apis/xml-apis/1.3.04/xml-apis-1.3.04.jar
Download https://repo1.maven.org/maven2/xml-resolver/xml-resolver/1.2/xml-resolver-1.2.jar
Download https://repo1.maven.org/maven2/com/jcraft/jsch/0.1.50/jsch-0.1.50.jar
Download https://repo1.maven.org/maven2/commons-beanutils/commons-beanutils/1.8.0/commons-beanutils-1.8.0.jar
Download https://repo1.maven.org/maven2/xpp3/xpp3_min/1.1.4c/xpp3_min-1.1.4c.jar
Download https://repo1.maven.org/maven2/org/codehaus/groovy/modules/http-builder/http-builder/0.7.1/http-builder-0.7.1.jar
Download https://repo1.maven.org/maven2/net/sf/ezmorph/ezmorph/1.0.6/ezmorph-1.0.6.jar
Download https://repo1.maven.org/maven2/commons-collections/commons-collections/3.2.1/commons-collections-3.2.1.jar
Download https://repo1.maven.org/maven2/org/kt3k/gradle/plugin/coveralls-gradle-plugin/2.6.3/coveralls-gradle-plugin-2.6.3.jar
Download https://repo1.maven.org/maven2/xerces/xercesImpl/2.9.1/xercesImpl-2.9.1.jar
Download https://repo1.maven.org/maven2/commons-lang/commons-lang/2.4/commons-lang-2.4.jar
Download https://repo1.maven.org/maven2/org/apache/httpcomponents/httpmime/4.3/httpmime-4.3.jar
Download https://repo1.maven.org/maven2/commons-codec/commons-codec/1.6/commons-codec-1.6.jar
Download https://repo1.maven.org/maven2/net/sourceforge/nekohtml/nekohtml/1.9.16/nekohtml-1.9.16.jar
Download https://repo1.maven.org/maven2/org/apache/httpcomponents/httpcore/4.3/httpcore-4.3.jar
Download https://jcenter.bintray.com/com/github/ben-manes/gradle-versions-plugin/0.15.0/gradle-versions-plugin-0.15.0.jar
The Task.leftShift(Closure) method has been deprecated and is scheduled to be removed in Gradle 5.0. Please use Task.doLast(Action) instead.
	at org.gradle.api.internal.AbstractTask.leftShift(AbstractTask.java:597)
	at org.gradle.api.Task$leftShift.call(Unknown Source)
	at org.codehaus.groovy.runtime.callsite.CallSiteArray.defaultCall(CallSiteArray.java:48)
	at org.codehaus.groovy.runtime.callsite.AbstractCallSite.call(AbstractCallSite.java:113)
	at org.codehaus.groovy.runtime.callsite.AbstractCallSite.call(AbstractCallSite.java:125)
	at net.researchgate.release.ReleasePlugin.apply(ReleasePlugin.groovy:61)
	at net.researchgate.release.ReleasePlugin.apply(ReleasePlugin.groovy)
	at org.gradle.api.internal.plugins.ImperativeOnlyPluginTarget.applyImperative(ImperativeOnlyPluginTarget.java:42)
	at org.gradle.api.internal.plugins.RuleBasedPluginTarget.applyImperative(RuleBasedPluginTarget.java:50)
	at org.gradle.api.internal.plugins.DefaultPluginManager.addPlugin(DefaultPluginManager.java:165)
	at org.gradle.api.internal.plugins.DefaultPluginManager.access$200(DefaultPluginManager.java:47)
	at org.gradle.api.internal.plugins.DefaultPluginManager$AddPluginBuildOperation.run(DefaultPluginManager.java:252)
	at org.gradle.internal.progress.DefaultBuildOperationExecutor$RunnableBuildOperationWorker.execute(DefaultBuildOperationExecutor.java:336)
	at org.gradle.internal.progress.DefaultBuildOperationExecutor$RunnableBuildOperationWorker.execute(DefaultBuildOperationExecutor.java:328)
	at org.gradle.internal.progress.DefaultBuildOperationExecutor.execute(DefaultBuildOperationExecutor.java:199)
	at org.gradle.internal.progress.DefaultBuildOperationExecutor.run(DefaultBuildOperationExecutor.java:110)
	at org.gradle.api.internal.plugins.DefaultPluginManager.doApply(DefaultPluginManager.java:144)
	at org.gradle.api.internal.plugins.DefaultPluginManager.apply(DefaultPluginManager.java:125)
	at org.gradle.plugin.use.internal.DefaultPluginRequestApplicator$3.run(DefaultPluginRequestApplicator.java:154)
	at org.gradle.plugin.use.internal.DefaultPluginRequestApplicator.applyPlugin(DefaultPluginRequestApplicator.java:230)
	at org.gradle.plugin.use.internal.DefaultPluginRequestApplicator.applyPlugins(DefaultPluginRequestApplicator.java:151)
	at org.gradle.configuration.DefaultScriptPluginFactory$ScriptPluginImpl.apply(DefaultScriptPluginFactory.java:182)
	at org.gradle.configuration.BuildOperationScriptPlugin$1.run(BuildOperationScriptPlugin.java:61)
	at org.gradle.internal.progress.DefaultBuildOperationExecutor$RunnableBuildOperationWorker.execute(DefaultBuildOperationExecutor.java:336)
	at org.gradle.internal.progress.DefaultBuildOperationExecutor$RunnableBuildOperationWorker.execute(DefaultBuildOperationExecutor.java:328)
	at org.gradle.internal.progress.DefaultBuildOperationExecutor.execute(DefaultBuildOperationExecutor.java:199)
	at org.gradle.internal.progress.DefaultBuildOperationExecutor.run(DefaultBuildOperationExecutor.java:110)
	at org.gradle.configuration.BuildOperationScriptPlugin.apply(BuildOperationScriptPlugin.java:58)
	at org.gradle.configuration.project.BuildScriptProcessor.execute(BuildScriptProcessor.java:41)
	at org.gradle.configuration.project.BuildScriptProcessor.execute(BuildScriptProcessor.java:26)
	at org.gradle.configuration.project.ConfigureActionsProjectEvaluator.evaluate(ConfigureActionsProjectEvaluator.java:34)
	at org.gradle.configuration.project.LifecycleProjectEvaluator.doConfigure(LifecycleProjectEvaluator.java:64)
	at org.gradle.configuration.project.LifecycleProjectEvaluator.access$100(LifecycleProjectEvaluator.java:34)
	at org.gradle.configuration.project.LifecycleProjectEvaluator$ConfigureProject.run(LifecycleProjectEvaluator.java:110)
	at org.gradle.internal.progress.DefaultBuildOperationExecutor$RunnableBuildOperationWorker.execute(DefaultBuildOperationExecutor.java:336)
	at org.gradle.internal.progress.DefaultBuildOperationExecutor$RunnableBuildOperationWorker.execute(DefaultBuildOperationExecutor.java:328)
	at org.gradle.internal.progress.DefaultBuildOperationExecutor.execute(DefaultBuildOperationExecutor.java:199)
	at org.gradle.internal.progress.DefaultBuildOperationExecutor.run(DefaultBuildOperationExecutor.java:110)
	at org.gradle.configuration.project.LifecycleProjectEvaluator.evaluate(LifecycleProjectEvaluator.java:50)
	at org.gradle.api.internal.project.DefaultProject.evaluate(DefaultProject.java:656)
	at org.gradle.api.internal.project.DefaultProject.evaluate(DefaultProject.java:135)
	at org.gradle.execution.TaskPathProjectEvaluator.configure(TaskPathProjectEvaluator.java:35)
	at org.gradle.execution.TaskPathProjectEvaluator.configureHierarchy(TaskPathProjectEvaluator.java:60)
	at org.gradle.configuration.DefaultBuildConfigurer.configure(DefaultBuildConfigurer.java:38)
	at org.gradle.initialization.DefaultGradleLauncher$ConfigureBuild.run(DefaultGradleLauncher.java:249)
	at org.gradle.internal.progress.DefaultBuildOperationExecutor$RunnableBuildOperationWorker.execute(DefaultBuildOperationExecutor.java:336)
	at org.gradle.internal.progress.DefaultBuildOperationExecutor$RunnableBuildOperationWorker.execute(DefaultBuildOperationExecutor.java:328)
	at org.gradle.internal.progress.DefaultBuildOperationExecutor.execute(DefaultBuildOperationExecutor.java:199)
	at org.gradle.internal.progress.DefaultBuildOperationExecutor.run(DefaultBuildOperationExecutor.java:110)
	at org.gradle.initialization.DefaultGradleLauncher.configureBuild(DefaultGradleLauncher.java:167)
	at org.gradle.initialization.DefaultGradleLauncher.doBuildStages(DefaultGradleLauncher.java:126)
	at org.gradle.initialization.DefaultGradleLauncher.executeTasks(DefaultGradleLauncher.java:109)
	at org.gradle.internal.invocation.GradleBuildController$1.call(GradleBuildController.java:78)
	at org.gradle.internal.invocation.GradleBuildController$1.call(GradleBuildController.java:75)
	at org.gradle.internal.work.DefaultWorkerLeaseService.withLocks(DefaultWorkerLeaseService.java:152)
	at org.gradle.internal.invocation.GradleBuildController.doBuild(GradleBuildController.java:100)
	at org.gradle.internal.invocation.GradleBuildController.run(GradleBuildController.java:75)
	at org.gradle.tooling.internal.provider.ExecuteBuildActionRunner.run(ExecuteBuildActionRunner.java:28)
	at org.gradle.launcher.exec.ChainingBuildActionRunner.run(ChainingBuildActionRunner.java:35)
	at org.gradle.tooling.internal.provider.ValidatingBuildActionRunner.run(ValidatingBuildActionRunner.java:32)
	at org.gradle.launcher.exec.RunAsBuildOperationBuildActionRunner$1.run(RunAsBuildOperationBuildActionRunner.java:43)
	at org.gradle.internal.progress.DefaultBuildOperationExecutor$RunnableBuildOperationWorker.execute(DefaultBuildOperationExecutor.java:336)
	at org.gradle.internal.progress.DefaultBuildOperationExecutor$RunnableBuildOperationWorker.execute(DefaultBuildOperationExecutor.java:328)
	at org.gradle.internal.progress.DefaultBuildOperationExecutor.execute(DefaultBuildOperationExecutor.java:199)
	at org.gradle.internal.progress.DefaultBuildOperationExecutor.run(DefaultBuildOperationExecutor.java:110)
	at org.gradle.launcher.exec.RunAsBuildOperationBuildActionRunner.run(RunAsBuildOperationBuildActionRunner.java:40)
	at org.gradle.tooling.internal.provider.SubscribableBuildActionRunner.run(SubscribableBuildActionRunner.java:51)
	at org.gradle.launcher.exec.InProcessBuildActionExecuter.execute(InProcessBuildActionExecuter.java:47)
	at org.gradle.launcher.exec.InProcessBuildActionExecuter.execute(InProcessBuildActionExecuter.java:30)
	at org.gradle.launcher.exec.BuildTreeScopeBuildActionExecuter.execute(BuildTreeScopeBuildActionExecuter.java:39)
	at org.gradle.launcher.exec.BuildTreeScopeBuildActionExecuter.execute(BuildTreeScopeBuildActionExecuter.java:25)
	at org.gradle.tooling.internal.provider.ContinuousBuildActionExecuter.execute(ContinuousBuildActionExecuter.java:80)
	at org.gradle.tooling.internal.provider.ContinuousBuildActionExecuter.execute(ContinuousBuildActionExecuter.java:53)
	at org.gradle.tooling.internal.provider.ServicesSetupBuildActionExecuter.execute(ServicesSetupBuildActionExecuter.java:57)
	at org.gradle.tooling.internal.provider.ServicesSetupBuildActionExecuter.execute(ServicesSetupBuildActionExecuter.java:32)
	at org.gradle.tooling.internal.provider.GradleThreadBuildActionExecuter.execute(GradleThreadBuildActionExecuter.java:36)
	at org.gradle.tooling.internal.provider.GradleThreadBuildActionExecuter.execute(GradleThreadBuildActionExecuter.java:25)
	at org.gradle.tooling.internal.provider.ParallelismConfigurationBuildActionExecuter.execute(ParallelismConfigurationBuildActionExecuter.java:43)
	at org.gradle.tooling.internal.provider.ParallelismConfigurationBuildActionExecuter.execute(ParallelismConfigurationBuildActionExecuter.java:29)
	at org.gradle.tooling.internal.provider.StartParamsValidatingActionExecuter.execute(StartParamsValidatingActionExecuter.java:64)
	at org.gradle.tooling.internal.provider.StartParamsValidatingActionExecuter.execute(StartParamsValidatingActionExecuter.java:29)
	at org.gradle.tooling.internal.provider.SessionFailureReportingActionExecuter.execute(SessionFailureReportingActionExecuter.java:59)
	at org.gradle.tooling.internal.provider.SessionFailureReportingActionExecuter.execute(SessionFailureReportingActionExecuter.java:44)
	at org.gradle.tooling.internal.provider.SetupLoggingActionExecuter.execute(SetupLoggingActionExecuter.java:45)
	at org.gradle.tooling.internal.provider.SetupLoggingActionExecuter.execute(SetupLoggingActionExecuter.java:30)
	at org.gradle.launcher.daemon.server.exec.ExecuteBuild.doBuild(ExecuteBuild.java:67)
	at org.gradle.launcher.daemon.server.exec.BuildCommandOnly.execute(BuildCommandOnly.java:36)
	at org.gradle.launcher.daemon.server.api.DaemonCommandExecution.proceed(DaemonCommandExecution.java:120)
	at org.gradle.launcher.daemon.server.exec.WatchForDisconnection.execute(WatchForDisconnection.java:37)
	at org.gradle.launcher.daemon.server.api.DaemonCommandExecution.proceed(DaemonCommandExecution.java:120)
	at org.gradle.launcher.daemon.server.exec.ResetDeprecationLogger.execute(ResetDeprecationLogger.java:26)
	at org.gradle.launcher.daemon.server.api.DaemonCommandExecution.proceed(DaemonCommandExecution.java:120)
	at org.gradle.launcher.daemon.server.exec.RequestStopIfSingleUsedDaemon.execute(RequestStopIfSingleUsedDaemon.java:34)
	at org.gradle.launcher.daemon.server.api.DaemonCommandExecution.proceed(DaemonCommandExecution.java:120)
	at org.gradle.launcher.daemon.server.exec.ForwardClientInput$2.call(ForwardClientInput.java:74)
	at org.gradle.launcher.daemon.server.exec.ForwardClientInput$2.call(ForwardClientInput.java:72)
	at org.gradle.util.Swapper.swap(Swapper.java:38)
	at org.gradle.launcher.daemon.server.exec.ForwardClientInput.execute(ForwardClientInput.java:72)
	at org.gradle.launcher.daemon.server.api.DaemonCommandExecution.proceed(DaemonCommandExecution.java:120)
	at org.gradle.launcher.daemon.server.exec.LogAndCheckHealth.execute(LogAndCheckHealth.java:55)
	at org.gradle.launcher.daemon.server.api.DaemonCommandExecution.proceed(DaemonCommandExecution.java:120)
	at org.gradle.launcher.daemon.server.exec.LogToClient.doBuild(LogToClient.java:62)
	at org.gradle.launcher.daemon.server.exec.BuildCommandOnly.execute(BuildCommandOnly.java:36)
	at org.gradle.launcher.daemon.server.api.DaemonCommandExecution.proceed(DaemonCommandExecution.java:120)
	at org.gradle.launcher.daemon.server.exec.EstablishBuildEnvironment.doBuild(EstablishBuildEnvironment.java:82)
	at org.gradle.launcher.daemon.server.exec.BuildCommandOnly.execute(BuildCommandOnly.java:36)
	at org.gradle.launcher.daemon.server.api.DaemonCommandExecution.proceed(DaemonCommandExecution.java:120)
	at org.gradle.launcher.daemon.server.exec.StartBuildOrRespondWithBusy$1.run(StartBuildOrRespondWithBusy.java:50)
	at org.gradle.launcher.daemon.server.DaemonStateCoordinator$1.run(DaemonStateCoordinator.java:295)
	at org.gradle.internal.concurrent.ExecutorPolicy$CatchAndRecordFailures.onExecute(ExecutorPolicy.java:63)
	at org.gradle.internal.concurrent.ManagedExecutorImpl$1.run(ManagedExecutorImpl.java:46)
	at java.util.concurrent.ThreadPoolExecutor.runWorker(ThreadPoolExecutor.java:1149)
	at java.util.concurrent.ThreadPoolExecutor$Worker.run(ThreadPoolExecutor.java:624)
	at org.gradle.internal.concurrent.ThreadFactoryImpl$ManagedThreadRunnable.run(ThreadFactoryImpl.java:55)
	at java.lang.Thread.run(Thread.java:748)
Gradle now uses separate output directories for each JVM language, but this build assumes a single directory for all classes from a source set. This behaviour has been deprecated and is scheduled to be removed in Gradle 5.0
	at org.gradle.api.internal.tasks.DefaultSourceSetOutput.getClassesDir(DefaultSourceSetOutput.java:80)
	at org.gradle.api.internal.tasks.DefaultSourceSetOutput_Decorated.getClassesDir(Unknown Source)
	at sun.reflect.NativeMethodAccessorImpl.invoke0(Native Method)
	at sun.reflect.NativeMethodAccessorImpl.invoke(NativeMethodAccessorImpl.java:62)
	at sun.reflect.DelegatingMethodAccessorImpl.invoke(DelegatingMethodAccessorImpl.java:43)
	at java.lang.reflect.Method.invoke(Method.java:498)
	at org.codehaus.groovy.reflection.CachedMethod.invoke(CachedMethod.java:93)
	at org.codehaus.groovy.runtime.metaclass.MultipleSetterProperty.getProperty(MultipleSetterProperty.java:49)
	at org.gradle.internal.metaobject.BeanDynamicObject$MetaClassAdapter.getProperty(BeanDynamicObject.java:228)
	at org.gradle.internal.metaobject.BeanDynamicObject.tryGetProperty(BeanDynamicObject.java:171)
	at org.gradle.internal.metaobject.CompositeDynamicObject.tryGetProperty(CompositeDynamicObject.java:55)
	at org.gradle.internal.metaobject.AbstractDynamicObject.getProperty(AbstractDynamicObject.java:59)
	at org.gradle.api.internal.tasks.DefaultSourceSetOutput_Decorated.getProperty(Unknown Source)
	at org.codehaus.groovy.runtime.callsite.PogoGetPropertySite.getProperty(PogoGetPropertySite.java:50)
	at org.codehaus.groovy.runtime.callsite.AbstractCallSite.callGetProperty(AbstractCallSite.java:296)
	at net.saliman.gradle.plugin.cobertura.CoberturaExtension.initJava(CoberturaExtension.groovy:496)
	at sun.reflect.NativeMethodAccessorImpl.invoke0(Native Method)
	at sun.reflect.NativeMethodAccessorImpl.invoke(NativeMethodAccessorImpl.java:62)
	at sun.reflect.DelegatingMethodAccessorImpl.invoke(DelegatingMethodAccessorImpl.java:43)
	at java.lang.reflect.Method.invoke(Method.java:498)
	at org.codehaus.groovy.runtime.callsite.PogoMetaMethodSite$PogoCachedMethodSiteNoUnwrapNoCoerce.invoke(PogoMetaMethodSite.java:210)
	at org.codehaus.groovy.runtime.callsite.PogoMetaMethodSite.callCurrent(PogoMetaMethodSite.java:59)
	at org.codehaus.groovy.runtime.callsite.CallSiteArray.defaultCallCurrent(CallSiteArray.java:52)
	at org.codehaus.groovy.runtime.callsite.AbstractCallSite.callCurrent(AbstractCallSite.java:154)
	at org.codehaus.groovy.runtime.callsite.AbstractCallSite.callCurrent(AbstractCallSite.java:166)
	at net.saliman.gradle.plugin.cobertura.CoberturaExtension.<init>(CoberturaExtension.groovy:221)
	at net.saliman.gradle.plugin.cobertura.CoberturaExtension_Decorated.<init>(Unknown Source)
	at sun.reflect.NativeConstructorAccessorImpl.newInstance0(Native Method)
	at sun.reflect.NativeConstructorAccessorImpl.newInstance(NativeConstructorAccessorImpl.java:62)
	at sun.reflect.DelegatingConstructorAccessorImpl.newInstance(DelegatingConstructorAccessorImpl.java:45)
	at java.lang.reflect.Constructor.newInstance(Constructor.java:423)
	at org.gradle.internal.reflect.DirectInstantiator.newInstance(DirectInstantiator.java:51)
	at org.gradle.api.internal.ClassGeneratorBackedInstantiator.newInstance(ClassGeneratorBackedInstantiator.java:36)
	at org.gradle.api.internal.plugins.DefaultConvention.instantiate(DefaultConvention.java:236)
	at org.gradle.api.internal.plugins.DefaultConvention.create(DefaultConvention.java:138)
	at sun.reflect.NativeMethodAccessorImpl.invoke0(Native Method)
	at sun.reflect.NativeMethodAccessorImpl.invoke(NativeMethodAccessorImpl.java:62)
	at sun.reflect.DelegatingMethodAccessorImpl.invoke(DelegatingMethodAccessorImpl.java:43)
	at java.lang.reflect.Method.invoke(Method.java:498)
	at org.codehaus.groovy.runtime.callsite.PojoMetaMethodSite$PojoCachedMethodSite.invoke(PojoMetaMethodSite.java:192)
	at org.codehaus.groovy.runtime.callsite.PojoMetaMethodSite.call(PojoMetaMethodSite.java:56)
	at org.codehaus.groovy.runtime.callsite.CallSiteArray.defaultCall(CallSiteArray.java:48)
	at org.codehaus.groovy.runtime.callsite.AbstractCallSite.call(AbstractCallSite.java:113)
	at org.codehaus.groovy.runtime.callsite.AbstractCallSite.call(AbstractCallSite.java:141)
	at net.saliman.gradle.plugin.cobertura.CoberturaPlugin.apply(CoberturaPlugin.groovy:77)
	at net.saliman.gradle.plugin.cobertura.CoberturaPlugin.apply(CoberturaPlugin.groovy)
	at org.gradle.api.internal.plugins.ImperativeOnlyPluginTarget.applyImperative(ImperativeOnlyPluginTarget.java:42)
	at org.gradle.api.internal.plugins.RuleBasedPluginTarget.applyImperative(RuleBasedPluginTarget.java:50)
	at org.gradle.api.internal.plugins.DefaultPluginManager.addPlugin(DefaultPluginManager.java:165)
	at org.gradle.api.internal.plugins.DefaultPluginManager.access$200(DefaultPluginManager.java:47)
	at org.gradle.api.internal.plugins.DefaultPluginManager$AddPluginBuildOperation.run(DefaultPluginManager.java:252)
	at org.gradle.internal.progress.DefaultBuildOperationExecutor$RunnableBuildOperationWorker.execute(DefaultBuildOperationExecutor.java:336)
	at org.gradle.internal.progress.DefaultBuildOperationExecutor$RunnableBuildOperationWorker.execute(DefaultBuildOperationExecutor.java:328)
	at org.gradle.internal.progress.DefaultBuildOperationExecutor.execute(DefaultBuildOperationExecutor.java:199)
	at org.gradle.internal.progress.DefaultBuildOperationExecutor.run(DefaultBuildOperationExecutor.java:110)
	at org.gradle.api.internal.plugins.DefaultPluginManager.doApply(DefaultPluginManager.java:144)
	at org.gradle.api.internal.plugins.DefaultPluginManager.apply(DefaultPluginManager.java:125)
	at org.gradle.api.internal.plugins.DefaultObjectConfigurationAction.applyType(DefaultObjectConfigurationAction.java:120)
	at org.gradle.api.internal.plugins.DefaultObjectConfigurationAction.access$200(DefaultObjectConfigurationAction.java:38)
	at org.gradle.api.internal.plugins.DefaultObjectConfigurationAction$3.run(DefaultObjectConfigurationAction.java:86)
	at org.gradle.api.internal.plugins.DefaultObjectConfigurationAction.execute(DefaultObjectConfigurationAction.java:143)
	at org.gradle.api.internal.project.AbstractPluginAware.apply(AbstractPluginAware.java:46)
	at org.gradle.api.internal.project.ProjectScript.apply(ProjectScript.java:34)
	at org.gradle.api.Script$apply$0.callCurrent(Unknown Source)
	at org.codehaus.groovy.runtime.callsite.CallSiteArray.defaultCallCurrent(CallSiteArray.java:52)
	at org.codehaus.groovy.runtime.callsite.AbstractCallSite.callCurrent(AbstractCallSite.java:154)
	at org.codehaus.groovy.runtime.callsite.AbstractCallSite.callCurrent(AbstractCallSite.java:166)
	at build_5ldss8qhws3wjr4zw9200xqr4.run(/home/travis/build/passed/stagemonitor/stagemonitor/build.gradle:48)
	at org.gradle.groovy.scripts.internal.DefaultScriptRunnerFactory$ScriptRunnerImpl.run(DefaultScriptRunnerFactory.java:90)
	at org.gradle.configuration.DefaultScriptPluginFactory$ScriptPluginImpl$2.run(DefaultScriptPluginFactory.java:202)
	at org.gradle.configuration.ProjectScriptTarget.addConfiguration(ProjectScriptTarget.java:77)
	at org.gradle.configuration.DefaultScriptPluginFactory$ScriptPluginImpl.apply(DefaultScriptPluginFactory.java:207)
	at org.gradle.configuration.BuildOperationScriptPlugin$1.run(BuildOperationScriptPlugin.java:61)
	at org.gradle.internal.progress.DefaultBuildOperationExecutor$RunnableBuildOperationWorker.execute(DefaultBuildOperationExecutor.java:336)
	at org.gradle.internal.progress.DefaultBuildOperationExecutor$RunnableBuildOperationWorker.execute(DefaultBuildOperationExecutor.java:328)
	at org.gradle.internal.progress.DefaultBuildOperationExecutor.execute(DefaultBuildOperationExecutor.java:199)
	at org.gradle.internal.progress.DefaultBuildOperationExecutor.run(DefaultBuildOperationExecutor.java:110)
	at org.gradle.configuration.BuildOperationScriptPlugin.apply(BuildOperationScriptPlugin.java:58)
	at org.gradle.configuration.project.BuildScriptProcessor.execute(BuildScriptProcessor.java:41)
	at org.gradle.configuration.project.BuildScriptProcessor.execute(BuildScriptProcessor.java:26)
	at org.gradle.configuration.project.ConfigureActionsProjectEvaluator.evaluate(ConfigureActionsProjectEvaluator.java:34)
	at org.gradle.configuration.project.LifecycleProjectEvaluator.doConfigure(LifecycleProjectEvaluator.java:64)
	at org.gradle.configuration.project.LifecycleProjectEvaluator.access$100(LifecycleProjectEvaluator.java:34)
	at org.gradle.configuration.project.LifecycleProjectEvaluator$ConfigureProject.run(LifecycleProjectEvaluator.java:110)
	at org.gradle.internal.progress.DefaultBuildOperationExecutor$RunnableBuildOperationWorker.execute(DefaultBuildOperationExecutor.java:336)
	at org.gradle.internal.progress.DefaultBuildOperationExecutor$RunnableBuildOperationWorker.execute(DefaultBuildOperationExecutor.java:328)
	at org.gradle.internal.progress.DefaultBuildOperationExecutor.execute(DefaultBuildOperationExecutor.java:199)
	at org.gradle.internal.progress.DefaultBuildOperationExecutor.run(DefaultBuildOperationExecutor.java:110)
	at org.gradle.configuration.project.LifecycleProjectEvaluator.evaluate(LifecycleProjectEvaluator.java:50)
	at org.gradle.api.internal.project.DefaultProject.evaluate(DefaultProject.java:656)
	at org.gradle.api.internal.project.DefaultProject.evaluate(DefaultProject.java:135)
	at org.gradle.execution.TaskPathProjectEvaluator.configure(TaskPathProjectEvaluator.java:35)
	at org.gradle.execution.TaskPathProjectEvaluator.configureHierarchy(TaskPathProjectEvaluator.java:60)
	at org.gradle.configuration.DefaultBuildConfigurer.configure(DefaultBuildConfigurer.java:38)
	at org.gradle.initialization.DefaultGradleLauncher$ConfigureBuild.run(DefaultGradleLauncher.java:249)
	at org.gradle.internal.progress.DefaultBuildOperationExecutor$RunnableBuildOperationWorker.execute(DefaultBuildOperationExecutor.java:336)
	at org.gradle.internal.progress.DefaultBuildOperationExecutor$RunnableBuildOperationWorker.execute(DefaultBuildOperationExecutor.java:328)
	at org.gradle.internal.progress.DefaultBuildOperationExecutor.execute(DefaultBuildOperationExecutor.java:199)
	at org.gradle.internal.progress.DefaultBuildOperationExecutor.run(DefaultBuildOperationExecutor.java:110)
	at org.gradle.initialization.DefaultGradleLauncher.configureBuild(DefaultGradleLauncher.java:167)
	at org.gradle.initialization.DefaultGradleLauncher.doBuildStages(DefaultGradleLauncher.java:126)
	at org.gradle.initialization.DefaultGradleLauncher.executeTasks(DefaultGradleLauncher.java:109)
	at org.gradle.internal.invocation.GradleBuildController$1.call(GradleBuildController.java:78)
	at org.gradle.internal.invocation.GradleBuildController$1.call(GradleBuildController.java:75)
	at org.gradle.internal.work.DefaultWorkerLeaseService.withLocks(DefaultWorkerLeaseService.java:152)
	at org.gradle.internal.invocation.GradleBuildController.doBuild(GradleBuildController.java:100)
	at org.gradle.internal.invocation.GradleBuildController.run(GradleBuildController.java:75)
	at org.gradle.tooling.internal.provider.ExecuteBuildActionRunner.run(ExecuteBuildActionRunner.java:28)
	at org.gradle.launcher.exec.ChainingBuildActionRunner.run(ChainingBuildActionRunner.java:35)
	at org.gradle.tooling.internal.provider.ValidatingBuildActionRunner.run(ValidatingBuildActionRunner.java:32)
	at org.gradle.launcher.exec.RunAsBuildOperationBuildActionRunner$1.run(RunAsBuildOperationBuildActionRunner.java:43)
	at org.gradle.internal.progress.DefaultBuildOperationExecutor$RunnableBuildOperationWorker.execute(DefaultBuildOperationExecutor.java:336)
	at org.gradle.internal.progress.DefaultBuildOperationExecutor$RunnableBuildOperationWorker.execute(DefaultBuildOperationExecutor.java:328)
	at org.gradle.internal.progress.DefaultBuildOperationExecutor.execute(DefaultBuildOperationExecutor.java:199)
	at org.gradle.internal.progress.DefaultBuildOperationExecutor.run(DefaultBuildOperationExecutor.java:110)
	at org.gradle.launcher.exec.RunAsBuildOperationBuildActionRunner.run(RunAsBuildOperationBuildActionRunner.java:40)
	at org.gradle.tooling.internal.provider.SubscribableBuildActionRunner.run(SubscribableBuildActionRunner.java:51)
	at org.gradle.launcher.exec.InProcessBuildActionExecuter.execute(InProcessBuildActionExecuter.java:47)
	at org.gradle.launcher.exec.InProcessBuildActionExecuter.execute(InProcessBuildActionExecuter.java:30)
	at org.gradle.launcher.exec.BuildTreeScopeBuildActionExecuter.execute(BuildTreeScopeBuildActionExecuter.java:39)
	at org.gradle.launcher.exec.BuildTreeScopeBuildActionExecuter.execute(BuildTreeScopeBuildActionExecuter.java:25)
	at org.gradle.tooling.internal.provider.ContinuousBuildActionExecuter.execute(ContinuousBuildActionExecuter.java:80)
	at org.gradle.tooling.internal.provider.ContinuousBuildActionExecuter.execute(ContinuousBuildActionExecuter.java:53)
	at org.gradle.tooling.internal.provider.ServicesSetupBuildActionExecuter.execute(ServicesSetupBuildActionExecuter.java:57)
	at org.gradle.tooling.internal.provider.ServicesSetupBuildActionExecuter.execute(ServicesSetupBuildActionExecuter.java:32)
	at org.gradle.tooling.internal.provider.GradleThreadBuildActionExecuter.execute(GradleThreadBuildActionExecuter.java:36)
	at org.gradle.tooling.internal.provider.GradleThreadBuildActionExecuter.execute(GradleThreadBuildActionExecuter.java:25)
	at org.gradle.tooling.internal.provider.ParallelismConfigurationBuildActionExecuter.execute(ParallelismConfigurationBuildActionExecuter.java:43)
	at org.gradle.tooling.internal.provider.ParallelismConfigurationBuildActionExecuter.execute(ParallelismConfigurationBuildActionExecuter.java:29)
	at org.gradle.tooling.internal.provider.StartParamsValidatingActionExecuter.execute(StartParamsValidatingActionExecuter.java:64)
	at org.gradle.tooling.internal.provider.StartParamsValidatingActionExecuter.execute(StartParamsValidatingActionExecuter.java:29)
	at org.gradle.tooling.internal.provider.SessionFailureReportingActionExecuter.execute(SessionFailureReportingActionExecuter.java:59)
	at org.gradle.tooling.internal.provider.SessionFailureReportingActionExecuter.execute(SessionFailureReportingActionExecuter.java:44)
	at org.gradle.tooling.internal.provider.SetupLoggingActionExecuter.execute(SetupLoggingActionExecuter.java:45)
	at org.gradle.tooling.internal.provider.SetupLoggingActionExecuter.execute(SetupLoggingActionExecuter.java:30)
	at org.gradle.launcher.daemon.server.exec.ExecuteBuild.doBuild(ExecuteBuild.java:67)
	at org.gradle.launcher.daemon.server.exec.BuildCommandOnly.execute(BuildCommandOnly.java:36)
	at org.gradle.launcher.daemon.server.api.DaemonCommandExecution.proceed(DaemonCommandExecution.java:120)
	at org.gradle.launcher.daemon.server.exec.WatchForDisconnection.execute(WatchForDisconnection.java:37)
	at org.gradle.launcher.daemon.server.api.DaemonCommandExecution.proceed(DaemonCommandExecution.java:120)
	at org.gradle.launcher.daemon.server.exec.ResetDeprecationLogger.execute(ResetDeprecationLogger.java:26)
	at org.gradle.launcher.daemon.server.api.DaemonCommandExecution.proceed(DaemonCommandExecution.java:120)
	at org.gradle.launcher.daemon.server.exec.RequestStopIfSingleUsedDaemon.execute(RequestStopIfSingleUsedDaemon.java:34)
	at org.gradle.launcher.daemon.server.api.DaemonCommandExecution.proceed(DaemonCommandExecution.java:120)
	at org.gradle.launcher.daemon.server.exec.ForwardClientInput$2.call(ForwardClientInput.java:74)
	at org.gradle.launcher.daemon.server.exec.ForwardClientInput$2.call(ForwardClientInput.java:72)
	at org.gradle.util.Swapper.swap(Swapper.java:38)
	at org.gradle.launcher.daemon.server.exec.ForwardClientInput.execute(ForwardClientInput.java:72)
	at org.gradle.launcher.daemon.server.api.DaemonCommandExecution.proceed(DaemonCommandExecution.java:120)
	at org.gradle.launcher.daemon.server.exec.LogAndCheckHealth.execute(LogAndCheckHealth.java:55)
	at org.gradle.launcher.daemon.server.api.DaemonCommandExecution.proceed(DaemonCommandExecution.java:120)
	at org.gradle.launcher.daemon.server.exec.LogToClient.doBuild(LogToClient.java:62)
	at org.gradle.launcher.daemon.server.exec.BuildCommandOnly.execute(BuildCommandOnly.java:36)
	at org.gradle.launcher.daemon.server.api.DaemonCommandExecution.proceed(DaemonCommandExecution.java:120)
	at org.gradle.launcher.daemon.server.exec.EstablishBuildEnvironment.doBuild(EstablishBuildEnvironment.java:82)
	at org.gradle.launcher.daemon.server.exec.BuildCommandOnly.execute(BuildCommandOnly.java:36)
	at org.gradle.launcher.daemon.server.api.DaemonCommandExecution.proceed(DaemonCommandExecution.java:120)
	at org.gradle.launcher.daemon.server.exec.StartBuildOrRespondWithBusy$1.run(StartBuildOrRespondWithBusy.java:50)
	at org.gradle.launcher.daemon.server.DaemonStateCoordinator$1.run(DaemonStateCoordinator.java:295)
	at org.gradle.internal.concurrent.ExecutorPolicy$CatchAndRecordFailures.onExecute(ExecutorPolicy.java:63)
	at org.gradle.internal.concurrent.ManagedExecutorImpl$1.run(ManagedExecutorImpl.java:46)
	at java.util.concurrent.ThreadPoolExecutor.runWorker(ThreadPoolExecutor.java:1149)
	at java.util.concurrent.ThreadPoolExecutor$Worker.run(ThreadPoolExecutor.java:624)
	at org.gradle.internal.concurrent.ThreadFactoryImpl$ManagedThreadRunnable.run(ThreadFactoryImpl.java:55)
	at java.lang.Thread.run(Thread.java:748)
Download https://plugins.gradle.org/m2/gradle/plugin/me/champeau/gradle/jmh-gradle-plugin/0.3.0/jmh-gradle-plugin-0.3.0.pom
Download https://plugins.gradle.org/m2/gradle/plugin/me/champeau/gradle/jmh-gradle-plugin/0.3.0/jmh-gradle-plugin-0.3.0.jar
Download https://repo.spring.io/milestone/org/springframework/boot/spring-boot-gradle-plugin/2.0.0.M4/spring-boot-gradle-plugin-2.0.0.M4.pom
Download https://repo.spring.io/milestone/org/springframework/boot/spring-boot-tools/2.0.0.M4/spring-boot-tools-2.0.0.M4.pom
Download https://repo.spring.io/milestone/org/springframework/boot/spring-boot-parent/2.0.0.M4/spring-boot-parent-2.0.0.M4.pom
Download https://repo.spring.io/milestone/org/springframework/boot/spring-boot-dependencies/2.0.0.M4/spring-boot-dependencies-2.0.0.M4.pom
Download https://repo1.maven.org/maven2/com/fasterxml/jackson/jackson-bom/2.9.1/jackson-bom-2.9.1.pom
Download https://repo1.maven.org/maven2/com/fasterxml/jackson/jackson-parent/2.9.1/jackson-parent-2.9.1.pom
Download https://repo1.maven.org/maven2/com/fasterxml/oss-parent/30/oss-parent-30.pom
Download https://repo1.maven.org/maven2/io/netty/netty-bom/4.1.15.Final/netty-bom-4.1.15.Final.pom
Download https://repo1.maven.org/maven2/org/sonatype/oss/oss-parent/7/oss-parent-7.pom
Download https://repo.spring.io/milestone/io/projectreactor/reactor-bom/Bismuth-M4/reactor-bom-Bismuth-M4.pom
Download https://repo1.maven.org/maven2/org/apache/logging/log4j/log4j-bom/2.9.0/log4j-bom-2.9.0.pom
Download https://repo1.maven.org/maven2/org/apache/logging/logging-parent/1/logging-parent-1.pom
Download https://repo1.maven.org/maven2/org/apache/apache/18/apache-18.pom
Download https://repo.spring.io/milestone/org/springframework/spring-framework-bom/5.0.0.RC4/spring-framework-bom-5.0.0.RC4.pom
Download https://repo.spring.io/milestone/org/springframework/data/spring-data-releasetrain/Kay-RC3/spring-data-releasetrain-Kay-RC3.pom
Download https://repo.spring.io/milestone/org/springframework/data/build/spring-data-build/2.0.0.RC3/spring-data-build-2.0.0.RC3.pom
Download https://repo.spring.io/milestone/org/springframework/integration/spring-integration-bom/5.0.0.M7/spring-integration-bom-5.0.0.M7.pom
Download https://repo.spring.io/milestone/org/springframework/security/spring-security-bom/5.0.0.M4/spring-security-bom-5.0.0.M4.pom
Download https://repo1.maven.org/maven2/org/apache/commons/commons-compress/1.14/commons-compress-1.14.pom
Download https://repo1.maven.org/maven2/org/apache/commons/commons-parent/42/commons-parent-42.pom
Download https://repo1.maven.org/maven2/io/spring/gradle/dependency-management-plugin/1.0.3.RELEASE/dependency-management-plugin-1.0.3.RELEASE.pom
Download https://repo.spring.io/milestone/org/springframework/boot/spring-boot-loader-tools/2.0.0.M4/spring-boot-loader-tools-2.0.0.M4.pom
Download https://repo.spring.io/milestone/org/springframework/spring-core/5.0.0.RC4/spring-core-5.0.0.RC4.pom
Download https://repo.spring.io/milestone/org/springframework/spring-jcl/5.0.0.RC4/spring-jcl-5.0.0.RC4.pom
Download https://repo1.maven.org/maven2/io/spring/gradle/dependency-management-plugin/1.0.3.RELEASE/dependency-management-plugin-1.0.3.RELEASE.jar
Download https://repo1.maven.org/maven2/org/apache/commons/commons-compress/1.14/commons-compress-1.14.jar
Download https://repo.spring.io/milestone/org/springframework/boot/spring-boot-gradle-plugin/2.0.0.M4/spring-boot-gradle-plugin-2.0.0.M4.jar
Download https://repo.spring.io/milestone/org/springframework/spring-core/5.0.0.RC4/spring-core-5.0.0.RC4.jar
Download https://repo.spring.io/milestone/org/springframework/spring-jcl/5.0.0.RC4/spring-jcl-5.0.0.RC4.jar
Download https://repo.spring.io/milestone/org/springframework/boot/spring-boot-loader-tools/2.0.0.M4/spring-boot-loader-tools-2.0.0.M4.jar
Download https://plugins.gradle.org/m2/com/moowork/gradle/gradle-node-plugin/0.12/gradle-node-plugin-0.12.pom
Download https://plugins.gradle.org/m2/com/moowork/gradle/gradle-node-plugin/0.12/gradle-node-plugin-0.12.jar
:compileJava NO-SOURCE
:processResources NO-SOURCE
:classes UP-TO-DATE
:jar
:assemble
:stagemonitor-configuration:compileJava
Download https://repo1.maven.org/maven2/org/slf4j/slf4j-api/1.7.25/slf4j-api-1.7.25.pom
Download https://repo1.maven.org/maven2/com/fasterxml/jackson/core/jackson-databind/2.9.0/jackson-databind-2.9.0.pom
Download https://repo1.maven.org/maven2/org/slf4j/slf4j-parent/1.7.25/slf4j-parent-1.7.25.pom
Download https://repo1.maven.org/maven2/com/fasterxml/jackson/jackson-bom/2.9.0/jackson-bom-2.9.0.pom
Download https://repo1.maven.org/maven2/com/fasterxml/jackson/jackson-parent/2.9.0/jackson-parent-2.9.0.pom
Download https://repo1.maven.org/maven2/com/fasterxml/oss-parent/28/oss-parent-28.pom
Download https://repo1.maven.org/maven2/com/fasterxml/jackson/core/jackson-annotations/2.9.0/jackson-annotations-2.9.0.pom
Download https://repo1.maven.org/maven2/com/fasterxml/jackson/core/jackson-core/2.9.0/jackson-core-2.9.0.pom
Download https://repo1.maven.org/maven2/com/fasterxml/jackson/core/jackson-annotations/2.9.0/jackson-annotations-2.9.0.jar
Download https://repo1.maven.org/maven2/com/fasterxml/jackson/core/jackson-databind/2.9.0/jackson-databind-2.9.0.jar
Download https://repo1.maven.org/maven2/com/fasterxml/jackson/core/jackson-core/2.9.0/jackson-core-2.9.0.jar
Download https://repo1.maven.org/maven2/org/slf4j/slf4j-api/1.7.25/slf4j-api-1.7.25.jar
warning: [options] bootstrap class path not set in conjunction with -source 1.6
Note: /home/travis/build/passed/stagemonitor/stagemonitor/stagemonitor-configuration/src/main/java/org/stagemonitor/configuration/ConfigurationRegistry.java uses unchecked or unsafe operations.
Note: Recompile with -Xlint:unchecked for details.
1 warning
:stagemonitor-configuration:processResources NO-SOURCE
:stagemonitor-configuration:classes
:stagemonitor-configuration:osgiClasses
:stagemonitor-configuration:jar
:stagemonitor-dispatcher:compileJavawarning: [options] bootstrap class path not set in conjunction with -source 1.6
1 warning

:stagemonitor-dispatcher:processResources NO-SOURCE
:stagemonitor-dispatcher:classes
:stagemonitor-dispatcher:osgiClasses
:stagemonitor-dispatcher:jar
:stagemonitor-core:compileJava
Download https://repo1.maven.org/maven2/io/dropwizard/metrics/metrics-graphite/3.2.4/metrics-graphite-3.2.4.pom
Download https://repo1.maven.org/maven2/io/dropwizard/metrics/metrics-healthchecks/3.2.4/metrics-healthchecks-3.2.4.pom
Download https://repo1.maven.org/maven2/io/prometheus/simpleclient/0.0.26/simpleclient-0.0.26.pom
Download https://repo1.maven.org/maven2/net/bytebuddy/byte-buddy/1.7.5/byte-buddy-1.7.5.pom
Download https://repo1.maven.org/maven2/io/dropwizard/metrics/metrics-core/3.2.4/metrics-core-3.2.4.pom
Download https://repo1.maven.org/maven2/io/dropwizard/metrics/metrics-annotation/3.2.4/metrics-annotation-3.2.4.pom
Download https://repo1.maven.org/maven2/io/dropwizard/metrics/metrics-json/3.2.4/metrics-json-3.2.4.pom
Download https://repo1.maven.org/maven2/com/fasterxml/jackson/module/jackson-module-afterburner/2.9.0/jackson-module-afterburner-2.9.0.pom
Download https://repo1.maven.org/maven2/net/bytebuddy/byte-buddy-agent/1.7.5/byte-buddy-agent-1.7.5.pom
Download https://repo1.maven.org/maven2/com/fasterxml/jackson/module/jackson-modules-base/2.9.0/jackson-modules-base-2.9.0.pom
Download https://repo1.maven.org/maven2/io/prometheus/parent/0.0.26/parent-0.0.26.pom
Download https://repo1.maven.org/maven2/io/dropwizard/metrics/metrics-parent/3.2.4/metrics-parent-3.2.4.pom
Download https://repo1.maven.org/maven2/net/bytebuddy/byte-buddy-parent/1.7.5/byte-buddy-parent-1.7.5.pom
Download https://repo1.maven.org/maven2/net/bytebuddy/byte-buddy-agent/1.7.5/byte-buddy-agent-1.7.5.jar
Download https://repo1.maven.org/maven2/io/dropwizard/metrics/metrics-annotation/3.2.4/metrics-annotation-3.2.4.jar
Download https://repo1.maven.org/maven2/io/dropwizard/metrics/metrics-json/3.2.4/metrics-json-3.2.4.jar
Download https://repo1.maven.org/maven2/io/dropwizard/metrics/metrics-healthchecks/3.2.4/metrics-healthchecks-3.2.4.jar
Download https://repo1.maven.org/maven2/io/dropwizard/metrics/metrics-core/3.2.4/metrics-core-3.2.4.jar
Download https://repo1.maven.org/maven2/com/fasterxml/jackson/module/jackson-module-afterburner/2.9.0/jackson-module-afterburner-2.9.0.jar
Download https://repo1.maven.org/maven2/io/prometheus/simpleclient/0.0.26/simpleclient-0.0.26.jar
Download https://repo1.maven.org/maven2/net/bytebuddy/byte-buddy/1.7.5/byte-buddy-1.7.5.jar
Download https://repo1.maven.org/maven2/io/dropwizard/metrics/metrics-graphite/3.2.4/metrics-graphite-3.2.4.jar
warning: [options] bootstrap class path not set in conjunction with -source 1.6
/home/travis/build/passed/stagemonitor/stagemonitor/stagemonitor-core/src/main/java/org/stagemonitor/core/instrument/CallerUtil.java:7: warning: JavaLangAccess is internal proprietary API and may be removed in a future release
import sun.misc.JavaLangAccess;
               ^
/home/travis/build/passed/stagemonitor/stagemonitor/stagemonitor-core/src/main/java/org/stagemonitor/core/instrument/CallerUtil.java:8: warning: SharedSecrets is internal proprietary API and may be removed in a future release
import sun.misc.SharedSecrets;
               ^
/home/travis/build/passed/stagemonitor/stagemonitor/stagemonitor-core/src/main/java/org/stagemonitor/core/instrument/CallerUtil.java:16: warning: SharedSecrets is internal proprietary API and may be removed in a future release
			javaLangAccessObject = SharedSecrets.getJavaLangAccess();
			                       ^
/home/travis/build/passed/stagemonitor/stagemonitor/stagemonitor-core/src/main/java/org/stagemonitor/core/instrument/CallerUtil.java:42: warning: JavaLangAccess is internal proprietary API and may be removed in a future release
		final JavaLangAccess javaLangAccess = (JavaLangAccess) javaLangAccessObject;
		      ^
/home/travis/build/passed/stagemonitor/stagemonitor/stagemonitor-core/src/main/java/org/stagemonitor/core/instrument/CallerUtil.java:42: warning: JavaLangAccess is internal proprietary API and may be removed in a future release
		final JavaLangAccess javaLangAccess = (JavaLangAccess) javaLangAccessObject;
		                                       ^
Note: Some input files use or override a deprecated API.
Note: Recompile with -Xlint:deprecation for details.
Note: Some input files use unchecked or unsafe operations.
Note: Recompile with -Xlint:unchecked for details.
6 warnings
:stagemonitor-core:processResources
:stagemonitor-core:classes
:stagemonitor-core:osgiClasses
:stagemonitor-core:jar
:stagemonitor-tracing:compileJava
Download https://repo1.maven.org/maven2/javax/ejb/ejb-api/3.0/ejb-api-3.0.pom
Download https://repo1.maven.org/maven2/org/freemarker/freemarker/2.3.23/freemarker-2.3.23.pom
Download https://repo1.maven.org/maven2/org/elasticsearch/elasticsearch/5.1.2/elasticsearch-5.1.2.pom
Download https://repo1.maven.org/maven2/io/opentracing/opentracing-util/0.31.0-RC1/opentracing-util-0.31.0-RC1.pom
Download https://repo1.maven.org/maven2/org/sonatype/oss/oss-parent/9/oss-parent-9.pom
Download https://repo1.maven.org/maven2/io/opentracing/parent/0.31.0-RC1/parent-0.31.0-RC1.pom
Download https://repo1.maven.org/maven2/io/opentracing/opentracing-noop/0.31.0-RC1/opentracing-noop-0.31.0-RC1.pom
Download https://repo1.maven.org/maven2/io/opentracing/opentracing-api/0.31.0-RC1/opentracing-api-0.31.0-RC1.pom
Download https://repo1.maven.org/maven2/org/apache/lucene/lucene-grouping/6.3.0/lucene-grouping-6.3.0.pom
Download https://repo1.maven.org/maven2/org/apache/lucene/lucene-core/6.3.0/lucene-core-6.3.0.pom
Download https://repo1.maven.org/maven2/org/apache/lucene/lucene-analyzers-common/6.3.0/lucene-analyzers-common-6.3.0.pom
Download https://repo1.maven.org/maven2/org/apache/lucene/lucene-highlighter/6.3.0/lucene-highlighter-6.3.0.pom
Download https://repo1.maven.org/maven2/org/apache/lucene/lucene-spatial/6.3.0/lucene-spatial-6.3.0.pom
Download https://repo1.maven.org/maven2/org/apache/lucene/lucene-queries/6.3.0/lucene-queries-6.3.0.pom
Download https://repo1.maven.org/maven2/org/apache/lucene/lucene-queryparser/6.3.0/lucene-queryparser-6.3.0.pom
Download https://repo1.maven.org/maven2/org/apache/lucene/lucene-spatial3d/6.3.0/lucene-spatial3d-6.3.0.pom
Download https://repo1.maven.org/maven2/com/fasterxml/jackson/dataformat/jackson-dataformat-smile/2.8.1/jackson-dataformat-smile-2.8.1.pom
Download https://repo1.maven.org/maven2/org/apache/lucene/lucene-join/6.3.0/lucene-join-6.3.0.pom
Download https://repo1.maven.org/maven2/org/yaml/snakeyaml/1.15/snakeyaml-1.15.pom
Download https://repo1.maven.org/maven2/org/apache/lucene/lucene-sandbox/6.3.0/lucene-sandbox-6.3.0.pom
Download https://repo1.maven.org/maven2/com/fasterxml/jackson/dataformat/jackson-dataformat-yaml/2.8.1/jackson-dataformat-yaml-2.8.1.pom
Download https://repo1.maven.org/maven2/org/apache/lucene/lucene-backward-codecs/6.3.0/lucene-backward-codecs-6.3.0.pom
Download https://repo1.maven.org/maven2/org/apache/lucene/lucene-parent/6.3.0/lucene-parent-6.3.0.pom
Download https://repo1.maven.org/maven2/org/apache/lucene/lucene-spatial-extras/6.3.0/lucene-spatial-extras-6.3.0.pom
Download https://repo1.maven.org/maven2/org/apache/lucene/lucene-suggest/6.3.0/lucene-suggest-6.3.0.pom
Download https://repo1.maven.org/maven2/com/carrotsearch/hppc/0.7.1/hppc-0.7.1.pom
Download https://repo1.maven.org/maven2/org/elasticsearch/securesm/1.1/securesm-1.1.pom
Download https://repo1.maven.org/maven2/com/fasterxml/jackson/dataformat/jackson-dataformat-cbor/2.8.1/jackson-dataformat-cbor-2.8.1.pom
Download https://repo1.maven.org/maven2/net/sf/jopt-simple/jopt-simple/5.0.2/jopt-simple-5.0.2.pom
Download https://repo1.maven.org/maven2/net/java/dev/jna/jna/4.2.2/jna-4.2.2.pom
Download https://repo1.maven.org/maven2/org/apache/lucene/lucene-memory/6.3.0/lucene-memory-6.3.0.pom
Download https://repo1.maven.org/maven2/joda-time/joda-time/2.9.5/joda-time-2.9.5.pom
Download https://repo1.maven.org/maven2/com/tdunning/t-digest/3.0/t-digest-3.0.pom
Download https://repo1.maven.org/maven2/com/fasterxml/jackson/core/jackson-core/2.8.1/jackson-core-2.8.1.pom
Download https://repo1.maven.org/maven2/org/apache/lucene/lucene-solr-grandparent/6.3.0/lucene-solr-grandparent-6.3.0.pom
Download https://repo1.maven.org/maven2/com/fasterxml/jackson/dataformat/jackson-dataformats-binary/2.8.1/jackson-dataformats-binary-2.8.1.pom
Download https://repo1.maven.org/maven2/org/apache/lucene/lucene-misc/6.3.0/lucene-misc-6.3.0.pom
Download https://repo1.maven.org/maven2/org/hdrhistogram/HdrHistogram/2.1.6/HdrHistogram-2.1.6.pom
Download https://repo1.maven.org/maven2/com/fasterxml/jackson/jackson-parent/2.8/jackson-parent-2.8.pom
Download https://repo1.maven.org/maven2/com/carrotsearch/hppc-parent/0.7.1/hppc-parent-0.7.1.pom
Download https://repo1.maven.org/maven2/com/fasterxml/oss-parent/27/oss-parent-27.pom
Download https://repo1.maven.org/maven2/io/opentracing/opentracing-api/0.31.0-RC1/opentracing-api-0.31.0-RC1.jar
Download https://repo1.maven.org/maven2/io/opentracing/opentracing-noop/0.31.0-RC1/opentracing-noop-0.31.0-RC1.jar
Download https://repo1.maven.org/maven2/org/apache/lucene/lucene-memory/6.3.0/lucene-memory-6.3.0.jar
Download https://repo1.maven.org/maven2/org/apache/lucene/lucene-grouping/6.3.0/lucene-grouping-6.3.0.jar
Download https://repo1.maven.org/maven2/com/fasterxml/jackson/dataformat/jackson-dataformat-smile/2.8.1/jackson-dataformat-smile-2.8.1.jar
Download https://repo1.maven.org/maven2/org/elasticsearch/elasticsearch/5.1.2/elasticsearch-5.1.2.jar
Download https://repo1.maven.org/maven2/javax/ejb/ejb-api/3.0/ejb-api-3.0.jar
Download https://repo1.maven.org/maven2/org/elasticsearch/securesm/1.1/securesm-1.1.jar
Download https://repo1.maven.org/maven2/com/fasterxml/jackson/dataformat/jackson-dataformat-yaml/2.8.1/jackson-dataformat-yaml-2.8.1.jar
Download https://repo1.maven.org/maven2/org/apache/lucene/lucene-spatial3d/6.3.0/lucene-spatial3d-6.3.0.jar
Download https://repo1.maven.org/maven2/org/apache/lucene/lucene-analyzers-common/6.3.0/lucene-analyzers-common-6.3.0.jar
Download https://repo1.maven.org/maven2/com/tdunning/t-digest/3.0/t-digest-3.0.jar
Download https://repo1.maven.org/maven2/org/hdrhistogram/HdrHistogram/2.1.6/HdrHistogram-2.1.6.jar
Download https://repo1.maven.org/maven2/org/yaml/snakeyaml/1.15/snakeyaml-1.15.jar
Download https://repo1.maven.org/maven2/org/apache/lucene/lucene-misc/6.3.0/lucene-misc-6.3.0.jar
Download https://repo1.maven.org/maven2/org/apache/lucene/lucene-spatial/6.3.0/lucene-spatial-6.3.0.jar
Download https://repo1.maven.org/maven2/org/freemarker/freemarker/2.3.23/freemarker-2.3.23.jar
Download https://repo1.maven.org/maven2/net/sf/jopt-simple/jopt-simple/5.0.2/jopt-simple-5.0.2.jar
Download https://repo1.maven.org/maven2/org/apache/lucene/lucene-suggest/6.3.0/lucene-suggest-6.3.0.jar
Download https://repo1.maven.org/maven2/io/opentracing/opentracing-util/0.31.0-RC1/opentracing-util-0.31.0-RC1.jar
Download https://repo1.maven.org/maven2/com/fasterxml/jackson/dataformat/jackson-dataformat-cbor/2.8.1/jackson-dataformat-cbor-2.8.1.jar
Download https://repo1.maven.org/maven2/org/apache/lucene/lucene-core/6.3.0/lucene-core-6.3.0.jar
Download https://repo1.maven.org/maven2/org/apache/lucene/lucene-sandbox/6.3.0/lucene-sandbox-6.3.0.jar
Download https://repo1.maven.org/maven2/org/apache/lucene/lucene-queryparser/6.3.0/lucene-queryparser-6.3.0.jar
Download https://repo1.maven.org/maven2/org/apache/lucene/lucene-join/6.3.0/lucene-join-6.3.0.jar
Download https://repo1.maven.org/maven2/org/apache/lucene/lucene-highlighter/6.3.0/lucene-highlighter-6.3.0.jar
Download https://repo1.maven.org/maven2/org/apache/lucene/lucene-queries/6.3.0/lucene-queries-6.3.0.jar
Download https://repo1.maven.org/maven2/joda-time/joda-time/2.9.5/joda-time-2.9.5.jar
Download https://repo1.maven.org/maven2/org/apache/lucene/lucene-spatial-extras/6.3.0/lucene-spatial-extras-6.3.0.jar
Download https://repo1.maven.org/maven2/com/carrotsearch/hppc/0.7.1/hppc-0.7.1.jar
Download https://repo1.maven.org/maven2/org/apache/lucene/lucene-backward-codecs/6.3.0/lucene-backward-codecs-6.3.0.jar
Download https://repo1.maven.org/maven2/net/java/dev/jna/jna/4.2.2/jna-4.2.2.jar
warning: [options] bootstrap class path not set in conjunction with -source 1.6
Note: Some input files use or override a deprecated API.
Note: Recompile with -Xlint:deprecation for details.
Note: Some input files use unchecked or unsafe operations.
Note: Recompile with -Xlint:unchecked for details.
1 warning
:stagemonitor-tracing:processResources
:stagemonitor-tracing:classes
:stagemonitor-tracing:osgiClasses
:stagemonitor-tracing:jar
:stagemonitor-jdbc:compileJava
Download https://repo1.maven.org/maven2/p6spy/p6spy/3.0.0/p6spy-3.0.0.pom
Download https://repo1.maven.org/maven2/p6spy/p6spy/3.0.0/p6spy-3.0.0.jar
warning: [options] bootstrap class path not set in conjunction with -source 1.6
Note: /home/travis/build/passed/stagemonitor/stagemonitor/stagemonitor-jdbc/src/main/java/org/stagemonitor/jdbc/StagemonitorJdbcEventListener.java uses unchecked or unsafe operations.
Note: Recompile with -Xlint:unchecked for details.
1 warning
:stagemonitor-jdbc:processResources
:stagemonitor-jdbc:classes
:stagemonitor-jdbc:osgiClasses
:stagemonitor-jdbc:jar
:stagemonitor-jvm:compileJava
Download https://repo1.maven.org/maven2/io/dropwizard/metrics/metrics-jvm/3.2.4/metrics-jvm-3.2.4.pom
Download https://repo1.maven.org/maven2/io/dropwizard/metrics/metrics-jvm/3.2.4/metrics-jvm-3.2.4.jar
warning: [options] bootstrap class path not set in conjunction with -source 1.6
1 warning
:stagemonitor-jvm:processResources
:stagemonitor-jvm:classes
:stagemonitor-jvm:osgiClasses
:stagemonitor-jvm:jar
:stagemonitor-web-servlet:compileJava
Download https://repo1.maven.org/maven2/javax/servlet/javax.servlet-api/3.0.1/javax.servlet-api-3.0.1.pom
Download https://repo1.maven.org/maven2/org/jboss/resteasy/resteasy-jaxrs/3.0.10.Final/resteasy-jaxrs-3.0.10.Final.pom
Download https://repo1.maven.org/maven2/org/springframework/spring-webmvc/3.1.0.RELEASE/spring-webmvc-3.1.0.RELEASE.pom
Download https://repo1.maven.org/maven2/net/sf/uadetector/uadetector-resources/2014.10/uadetector-resources-2014.10.pom
Download https://repo1.maven.org/maven2/org/springframework/boot/spring-boot/1.5.2.RELEASE/spring-boot-1.5.2.RELEASE.pom
Download https://repo1.maven.org/maven2/org/jboss/resteasy/resteasy-jaxrs-all/3.0.10.Final/resteasy-jaxrs-all-3.0.10.Final.pom
Download https://repo1.maven.org/maven2/net/java/jvnet-parent/1/jvnet-parent-1.pom
Download https://repo1.maven.org/maven2/net/sf/uadetector/uadetector-parent/2014.10/uadetector-parent-2014.10.pom
Download https://repo1.maven.org/maven2/org/springframework/spring-parent/3.1.0.RELEASE/spring-parent-3.1.0.RELEASE.pom
Download https://repo1.maven.org/maven2/org/springframework/boot/spring-boot-parent/1.5.2.RELEASE/spring-boot-parent-1.5.2.RELEASE.pom
Download https://repo1.maven.org/maven2/org/springframework/boot/spring-boot-dependencies/1.5.2.RELEASE/spring-boot-dependencies-1.5.2.RELEASE.pom
Download https://repo1.maven.org/maven2/com/fasterxml/jackson/jackson-bom/2.8.7/jackson-bom-2.8.7.pom
Download https://repo1.maven.org/maven2/org/apache/logging/log4j/log4j-bom/2.7/log4j-bom-2.7.pom
Download https://repo1.maven.org/maven2/org/springframework/spring-framework-bom/4.3.7.RELEASE/spring-framework-bom-4.3.7.RELEASE.pom
Download https://repo1.maven.org/maven2/org/springframework/data/spring-data-releasetrain/Ingalls-SR1/spring-data-releasetrain-Ingalls-SR1.pom
Download https://repo1.maven.org/maven2/org/springframework/data/build/spring-data-build/1.9.1.RELEASE/spring-data-build-1.9.1.RELEASE.pom
Download https://repo1.maven.org/maven2/org/springframework/integration/spring-integration-bom/4.3.8.RELEASE/spring-integration-bom-4.3.8.RELEASE.pom
Download https://repo1.maven.org/maven2/org/springframework/security/spring-security-bom/4.2.2.RELEASE/spring-security-bom-4.2.2.RELEASE.pom
Download https://repo1.maven.org/maven2/org/slf4j/slf4j-api/1.7.22/slf4j-api-1.7.22.pom
Download https://repo1.maven.org/maven2/com/fasterxml/jackson/core/jackson-databind/2.6.6/jackson-databind-2.6.6.pom
Download https://repo1.maven.org/maven2/org/slf4j/slf4j-parent/1.7.22/slf4j-parent-1.7.22.pom
Download https://repo1.maven.org/maven2/com/fasterxml/jackson/jackson-parent/2.6.2/jackson-parent-2.6.2.pom
Download https://repo1.maven.org/maven2/com/fasterxml/oss-parent/24/oss-parent-24.pom
Download https://repo1.maven.org/maven2/net/sf/uadetector/uadetector-core/0.9.22/uadetector-core-0.9.22.pom
Download https://repo1.maven.org/maven2/org/springframework/spring-asm/3.1.0.RELEASE/spring-asm-3.1.0.RELEASE.pom
Download https://repo1.maven.org/maven2/org/springframework/spring-beans/3.1.0.RELEASE/spring-beans-3.1.0.RELEASE.pom
Download https://repo1.maven.org/maven2/org/springframework/spring-context/3.1.0.RELEASE/spring-context-3.1.0.RELEASE.pom
Download https://repo1.maven.org/maven2/org/springframework/spring-context-support/3.1.0.RELEASE/spring-context-support-3.1.0.RELEASE.pom
Download https://repo1.maven.org/maven2/org/springframework/spring-expression/3.1.0.RELEASE/spring-expression-3.1.0.RELEASE.pom
Download https://repo1.maven.org/maven2/org/springframework/spring-web/3.1.0.RELEASE/spring-web-3.1.0.RELEASE.pom
Download https://repo1.maven.org/maven2/org/springframework/spring-core/3.1.0.RELEASE/spring-core-3.1.0.RELEASE.pom
Download https://repo1.maven.org/maven2/javax/activation/activation/1.1/activation-1.1.pom
Download https://repo1.maven.org/maven2/org/jboss/resteasy/jaxrs-api/3.0.10.Final/jaxrs-api-3.0.10.Final.pom
Download https://repo1.maven.org/maven2/net/jcip/jcip-annotations/1.0/jcip-annotations-1.0.pom
Download https://repo1.maven.org/maven2/org/apache/httpcomponents/httpclient/4.2.6/httpclient-4.2.6.pom
Download https://repo1.maven.org/maven2/commons-io/commons-io/2.1/commons-io-2.1.pom
Download https://repo1.maven.org/maven2/org/jboss/spec/javax/annotation/jboss-annotations-api_1.1_spec/1.0.1.Final/jboss-annotations-api_1.1_spec-1.0.1.Final.pom
Download https://repo1.maven.org/maven2/org/apache/httpcomponents/httpcomponents-client/4.2.6/httpcomponents-client-4.2.6.pom
Download https://repo1.maven.org/maven2/org/jboss/jboss-parent/9/jboss-parent-9.pom
Download https://repo1.maven.org/maven2/javax/annotation/jsr250-api/1.0/jsr250-api-1.0.pom
Download https://repo1.maven.org/maven2/com/google/code/findbugs/jsr305/2.0.3/jsr305-2.0.3.pom
Download https://repo1.maven.org/maven2/net/sf/qualitycheck/quality-check/1.3/quality-check-1.3.pom
Download https://repo1.maven.org/maven2/net/sf/qualitycheck/quality-parent/1.3/quality-parent-1.3.pom
Download https://repo1.maven.org/maven2/aopalliance/aopalliance/1.0/aopalliance-1.0.pom
Download https://repo1.maven.org/maven2/org/apache/httpcomponents/httpcore/4.2.5/httpcore-4.2.5.pom
Download https://repo1.maven.org/maven2/org/apache/httpcomponents/httpcomponents-core/4.2.5/httpcomponents-core-4.2.5.pom
Download https://repo1.maven.org/maven2/org/springframework/spring-core/4.3.7.RELEASE/spring-core-4.3.7.RELEASE.pom
Download https://repo1.maven.org/maven2/org/springframework/spring-context/4.3.7.RELEASE/spring-context-4.3.7.RELEASE.pom
Download https://repo1.maven.org/maven2/org/springframework/spring-aop/4.3.7.RELEASE/spring-aop-4.3.7.RELEASE.pom
Download https://repo1.maven.org/maven2/commons-logging/commons-logging/1.2/commons-logging-1.2.pom
Download https://repo1.maven.org/maven2/org/apache/commons/commons-parent/34/commons-parent-34.pom
Download https://repo1.maven.org/maven2/org/springframework/spring-beans/4.3.7.RELEASE/spring-beans-4.3.7.RELEASE.pom
Download https://repo1.maven.org/maven2/org/springframework/spring-expression/4.3.7.RELEASE/spring-expression-4.3.7.RELEASE.pom
Download https://repo1.maven.org/maven2/javax/servlet/javax.servlet-api/3.0.1/javax.servlet-api-3.0.1.jar
Download https://repo1.maven.org/maven2/aopalliance/aopalliance/1.0/aopalliance-1.0.jar
Download https://repo1.maven.org/maven2/org/springframework/boot/spring-boot/1.5.2.RELEASE/spring-boot-1.5.2.RELEASE.jar
Download https://repo1.maven.org/maven2/org/springframework/spring-context/4.3.7.RELEASE/spring-context-4.3.7.RELEASE.jar
Download https://repo1.maven.org/maven2/org/springframework/spring-webmvc/3.1.0.RELEASE/spring-webmvc-3.1.0.RELEASE.jar
Download https://repo1.maven.org/maven2/org/springframework/spring-beans/4.3.7.RELEASE/spring-beans-4.3.7.RELEASE.jar
Download https://repo1.maven.org/maven2/org/apache/httpcomponents/httpclient/4.2.6/httpclient-4.2.6.jar
Download https://repo1.maven.org/maven2/org/springframework/spring-web/3.1.0.RELEASE/spring-web-3.1.0.RELEASE.jar
Download https://repo1.maven.org/maven2/org/apache/httpcomponents/httpcore/4.2.5/httpcore-4.2.5.jar
Download https://repo1.maven.org/maven2/net/sf/uadetector/uadetector-core/0.9.22/uadetector-core-0.9.22.jar
Download https://repo1.maven.org/maven2/org/jboss/spec/javax/annotation/jboss-annotations-api_1.1_spec/1.0.1.Final/jboss-annotations-api_1.1_spec-1.0.1.Final.jar
Download https://repo1.maven.org/maven2/commons-logging/commons-logging/1.2/commons-logging-1.2.jar
Download https://repo1.maven.org/maven2/org/jboss/resteasy/resteasy-jaxrs/3.0.10.Final/resteasy-jaxrs-3.0.10.Final.jar
Download https://repo1.maven.org/maven2/commons-io/commons-io/2.1/commons-io-2.1.jar
Download https://repo1.maven.org/maven2/org/springframework/spring-expression/4.3.7.RELEASE/spring-expression-4.3.7.RELEASE.jar
Download https://repo1.maven.org/maven2/org/jboss/resteasy/jaxrs-api/3.0.10.Final/jaxrs-api-3.0.10.Final.jar
Download https://repo1.maven.org/maven2/org/springframework/spring-context-support/3.1.0.RELEASE/spring-context-support-3.1.0.RELEASE.jar
Download https://repo1.maven.org/maven2/net/sf/uadetector/uadetector-resources/2014.10/uadetector-resources-2014.10.jar
Download https://repo1.maven.org/maven2/org/springframework/spring-asm/3.1.0.RELEASE/spring-asm-3.1.0.RELEASE.jar
Download https://repo1.maven.org/maven2/net/sf/qualitycheck/quality-check/1.3/quality-check-1.3.jar
Download https://repo1.maven.org/maven2/com/google/code/findbugs/jsr305/2.0.3/jsr305-2.0.3.jar
Download https://repo1.maven.org/maven2/net/jcip/jcip-annotations/1.0/jcip-annotations-1.0.jar
Download https://repo1.maven.org/maven2/javax/annotation/jsr250-api/1.0/jsr250-api-1.0.jar
Download https://repo1.maven.org/maven2/org/springframework/spring-core/4.3.7.RELEASE/spring-core-4.3.7.RELEASE.jar
Download https://repo1.maven.org/maven2/javax/activation/activation/1.1/activation-1.1.jar
Download https://repo1.maven.org/maven2/org/springframework/spring-aop/4.3.7.RELEASE/spring-aop-4.3.7.RELEASE.jar
warning: [options] bootstrap class path not set in conjunction with -source 1.6
Note: Some input files use or override a deprecated API.
Note: Recompile with -Xlint:deprecation for details.
1 warning
:stagemonitor-web-servlet:processResources
:stagemonitor-web-servlet:classes
:stagemonitor-web-servlet:osgiClasses
:stagemonitor-web-servlet:jar
:stagemonitor-alerting:compileJava
Download https://repo1.maven.org/maven2/javax/mail/mail/1.4.1/mail-1.4.1.pom
Download https://repo1.maven.org/maven2/javax/mail/mail/1.4.1/mail-1.4.1.jar
warning: [options] bootstrap class path not set in conjunction with -source 1.6
Note: /home/travis/build/passed/stagemonitor/stagemonitor/stagemonitor-alerting/src/main/java/org/stagemonitor/alerting/AlertingPlugin.java uses or overrides a deprecated API.
Note: Recompile with -Xlint:deprecation for details.
Note: /home/travis/build/passed/stagemonitor/stagemonitor/stagemonitor-alerting/src/main/java/org/stagemonitor/alerting/ThresholdMonitoringReporter.java uses unchecked or unsafe operations.
Note: Recompile with -Xlint:unchecked for details.
1 warning
:stagemonitor-alerting:processResources
:stagemonitor-alerting:classes
:stagemonitor-alerting:osgiClasses
:stagemonitor-alerting:jar
:stagemonitor-configuration:javadocPicked up _JAVA_OPTIONS: -Xmx2048m -Xms512m
/home/travis/build/passed/stagemonitor/stagemonitor/stagemonitor-configuration/src/main/java/org/stagemonitor/configuration/source/ConfigurationSource.java:18: warning: no @throws for java.io.IOException
	void reload() throws IOException;
	     ^
/home/travis/build/passed/stagemonitor/stagemonitor/stagemonitor-configuration/src/main/java/org/stagemonitor/configuration/ConfigurationOption.java:182: warning: no @param for <K>
	public static <K, V> ConfigurationOptionBuilder<Map<K, V>> mapOption(ValueConverter<K> keyConverter, ValueConverter<V> valueConverter) {
	                                                           ^
/home/travis/build/passed/stagemonitor/stagemonitor/stagemonitor-configuration/src/main/java/org/stagemonitor/configuration/ConfigurationOption.java:182: warning: no @param for <V>
	public static <K, V> ConfigurationOptionBuilder<Map<K, V>> mapOption(ValueConverter<K> keyConverter, ValueConverter<V> valueConverter) {
	                                                           ^
/home/travis/build/passed/stagemonitor/stagemonitor/stagemonitor-configuration/src/main/java/org/stagemonitor/configuration/ConfigurationOption.java:182: warning: no @param for keyConverter
	public static <K, V> ConfigurationOptionBuilder<Map<K, V>> mapOption(ValueConverter<K> keyConverter, ValueConverter<V> valueConverter) {
	                                                           ^
/home/travis/build/passed/stagemonitor/stagemonitor/stagemonitor-configuration/src/main/java/org/stagemonitor/configuration/ConfigurationOption.java:182: warning: no @param for valueConverter
	public static <K, V> ConfigurationOptionBuilder<Map<K, V>> mapOption(ValueConverter<K> keyConverter, ValueConverter<V> valueConverter) {
	                                                           ^
/home/travis/build/passed/stagemonitor/stagemonitor/stagemonitor-configuration/src/main/java/org/stagemonitor/configuration/ConfigurationOption.java:192: warning: no @param for <T>
	public static <T extends Enum<T>> ConfigurationOptionBuilder<T> enumOption(Class<T> clazz) {
	                                                                ^
/home/travis/build/passed/stagemonitor/stagemonitor/stagemonitor-configuration/src/main/java/org/stagemonitor/configuration/ConfigurationOption.java:192: warning: no @param for clazz
	public static <T extends Enum<T>> ConfigurationOptionBuilder<T> enumOption(Class<T> clazz) {
	                                                                ^
/home/travis/build/passed/stagemonitor/stagemonitor/stagemonitor-configuration/src/main/java/org/stagemonitor/configuration/ConfigurationOption.java:209: warning: no @param for <T>
	public static <T> ConfigurationOptionBuilder<T> serviceLoaderStrategyOption(Class<T> serviceLoaderInterface) {
	                                                ^
/home/travis/build/passed/stagemonitor/stagemonitor/stagemonitor-configuration/src/main/java/org/stagemonitor/configuration/ConfigurationOption.java:209: warning: no @param for serviceLoaderInterface
	public static <T> ConfigurationOptionBuilder<T> serviceLoaderStrategyOption(Class<T> serviceLoaderInterface) {
	                                                ^
/home/travis/build/passed/stagemonitor/stagemonitor/stagemonitor-configuration/src/main/java/org/stagemonitor/configuration/ConfigurationOption.java:209: warning: no @return
	public static <T> ConfigurationOptionBuilder<T> serviceLoaderStrategyOption(Class<T> serviceLoaderInterface) {
	                                                ^
/home/travis/build/passed/stagemonitor/stagemonitor/stagemonitor-configuration/src/main/java/org/stagemonitor/configuration/ConfigurationOption.java:646: warning: no @return
		public ConfigurationOption<T> build() {
		                              ^
/home/travis/build/passed/stagemonitor/stagemonitor/stagemonitor-configuration/src/main/java/org/stagemonitor/configuration/ConfigurationOption.java:664: warning: no @return
		public ConfigurationOption<T> buildRequired() {
		                              ^
/home/travis/build/passed/stagemonitor/stagemonitor/stagemonitor-configuration/src/main/java/org/stagemonitor/configuration/ConfigurationOption.java:676: warning: no @return
		public ConfigurationOption<T> buildWithDefault(T defaultValue) {
		                              ^
/home/travis/build/passed/stagemonitor/stagemonitor/stagemonitor-configuration/src/main/java/org/stagemonitor/configuration/ConfigurationOption.java:691: warning: no @return
		public ConfigurationOption<Optional<T>> buildOptional() {
		                                        ^
/home/travis/build/passed/stagemonitor/stagemonitor/stagemonitor-configuration/src/main/java/org/stagemonitor/configuration/ConfigurationOption.java:722: warning: no @param for aliasKeys
		public ConfigurationOptionBuilder<T> aliasKeys(String... aliasKeys) {
		                                     ^
/home/travis/build/passed/stagemonitor/stagemonitor/stagemonitor-configuration/src/main/java/org/stagemonitor/configuration/ConfigurationOption.java:741: warning: no @param for defaultValue
		public ConfigurationOptionBuilder<T> defaultValue(T defaultValue) {
		                                     ^
/home/travis/build/passed/stagemonitor/stagemonitor/stagemonitor-configuration/src/main/java/org/stagemonitor/configuration/ConfigurationOption.java:741: warning: no @return
		public ConfigurationOptionBuilder<T> defaultValue(T defaultValue) {
		                                     ^
/home/travis/build/passed/stagemonitor/stagemonitor/stagemonitor-configuration/src/main/java/org/stagemonitor/configuration/ConfigurationRegistry.java:98: warning: no @param for failOnMissingRequiredValues
	public ConfigurationRegistry(Iterable<? extends ConfigurationOptionProvider> optionProviders,
	       ^

18 warnings
:stagemonitor-dispatcher:javadocPicked up _JAVA_OPTIONS: -Xmx2048m -Xms512m
/home/travis/build/passed/stagemonitor/stagemonitor/stagemonitor-dispatcher/src/main/java/__redirected/org/stagemonitor/dispatcher/Dispatcher.java:90: warning: no @param for o
	public static boolean isVisibleToCurrentContextClassLoader(Object o) {
	                      ^
/home/travis/build/passed/stagemonitor/stagemonitor/stagemonitor-dispatcher/src/main/java/__redirected/org/stagemonitor/dispatcher/Dispatcher.java:90: warning: no @return
	public static boolean isVisibleToCurrentContextClassLoader(Object o) {
	                      ^

2 warnings
:stagemonitor-core:javadocPicked up _JAVA_OPTIONS: -Xmx2048m -Xms512m
/home/travis/build/passed/stagemonitor/stagemonitor/stagemonitor-core/src/main/java/org/stagemonitor/core/elasticsearch/ElasticsearchClient.java:349: warning: no @param for optimizeAndMoveIndicesToColdNodesOlderThanDays
	public void scheduleIndexManagement(String indexPrefix, int optimizeAndMoveIndicesToColdNodesOlderThanDays, int deleteIndicesOlderThanDays) {
	            ^
/home/travis/build/passed/stagemonitor/stagemonitor/stagemonitor-core/src/main/java/org/stagemonitor/core/elasticsearch/ElasticsearchClient.java:349: warning: no @param for deleteIndicesOlderThanDays
	public void scheduleIndexManagement(String indexPrefix, int optimizeAndMoveIndicesToColdNodesOlderThanDays, int deleteIndicesOlderThanDays) {
	            ^
/home/travis/build/passed/stagemonitor/stagemonitor/stagemonitor-core/src/main/java/org/stagemonitor/core/instrument/StagemonitorByteBuddyTransformer.java:86: warning: no @return
	protected AgentBuilder.RawMatcher getRawMatcher() {
	                                  ^
/home/travis/build/passed/stagemonitor/stagemonitor/stagemonitor-core/src/main/java/org/stagemonitor/core/instrument/CallerUtil.java:28: warning: no @return
	public static String getCallerSignature() {
	                     ^
/home/travis/build/passed/stagemonitor/stagemonitor/stagemonitor-core/src/main/java/org/stagemonitor/core/metrics/prometheus/StagemonitorPrometheusCollector.java:44: warning: empty <p> tag
 * <p>
   ^
/home/travis/build/passed/stagemonitor/stagemonitor/stagemonitor-core/src/main/java/org/stagemonitor/core/StagemonitorPlugin.java:47: warning: no description for @param
	 * @param initArguments
	   ^
/home/travis/build/passed/stagemonitor/stagemonitor/stagemonitor-core/src/main/java/org/stagemonitor/core/StagemonitorPlugin.java:49: warning: no @throws for java.lang.Exception
	public void initializePlugin(InitArguments initArguments) throws Exception {
	            ^
/home/travis/build/passed/stagemonitor/stagemonitor/stagemonitor-core/src/main/java/org/stagemonitor/core/StagemonitorPlugin.java:59: warning: no @throws for java.lang.Exception
	public void onShutDown() throws Exception {
	            ^
/home/travis/build/passed/stagemonitor/stagemonitor/stagemonitor-core/src/main/java/org/stagemonitor/core/StagemonitorPlugin.java:73: warning: no @param for widgetTabPluginsRegistry
	public void registerWidgetTabPlugins(WidgetTabPluginsRegistry widgetTabPluginsRegistry) {
	            ^
/home/travis/build/passed/stagemonitor/stagemonitor/stagemonitor-core/src/main/java/org/stagemonitor/core/StagemonitorPlugin.java:90: warning: no @param for widgetMetricTabPluginsRegistry
	public void registerWidgetMetricTabPlugins(WidgetMetricTabPluginsRegistry widgetMetricTabPluginsRegistry) {
	            ^
/home/travis/build/passed/stagemonitor/stagemonitor/stagemonitor-core/src/main/java/org/stagemonitor/core/Stagemonitor.java:265: warning: no @return
	public static MetricRegistry getMetricRegistry() {
	                             ^
/home/travis/build/passed/stagemonitor/stagemonitor/stagemonitor-core/src/main/java/org/stagemonitor/core/Stagemonitor.java:289: warning: no @param for <T>
	public static <T extends StagemonitorPlugin> T getConfiguration(Class<T> plugin) {
	                                               ^
/home/travis/build/passed/stagemonitor/stagemonitor/stagemonitor-core/src/main/java/org/stagemonitor/core/Stagemonitor.java:289: warning: no @param for plugin
	public static <T extends StagemonitorPlugin> T getConfiguration(Class<T> plugin) {
	                                               ^
/home/travis/build/passed/stagemonitor/stagemonitor/stagemonitor-core/src/main/java/org/stagemonitor/core/Stagemonitor.java:289: warning: no @return
	public static <T extends StagemonitorPlugin> T getConfiguration(Class<T> plugin) {
	                                               ^
/home/travis/build/passed/stagemonitor/stagemonitor/stagemonitor-core/src/main/java/org/stagemonitor/core/Stagemonitor.java:316: warning: no @return
	public static List<String> getPathsOfWidgetTabPlugins() {
	                           ^
/home/travis/build/passed/stagemonitor/stagemonitor/stagemonitor-core/src/main/java/org/stagemonitor/core/Stagemonitor.java:323: warning: no @return
	public static List<String> getPathsOfWidgetMetricTabPlugins() {
	                           ^
/home/travis/build/passed/stagemonitor/stagemonitor/stagemonitor-core/src/main/java/org/stagemonitor/core/Stagemonitor.java:339: warning: no @param for measurementSession
	public static void reset(MeasurementSession measurementSession) {
	                   ^
/home/travis/build/passed/stagemonitor/stagemonitor/stagemonitor-core/src/main/java/org/stagemonitor/core/StagemonitorConfigurationSourceInitializer.java:22: warning: no description for @param
	 * @param modifyArguments
	   ^
/home/travis/build/passed/stagemonitor/stagemonitor/stagemonitor-core/src/main/java/org/stagemonitor/core/StagemonitorConfigurationSourceInitializer.java:31: warning: no description for @param
	 * @param configInitializedArguments@throws Exception if there was a initialisation error. If a exception is thrown, stagemonitor will be deactivated!
	   ^
/home/travis/build/passed/stagemonitor/stagemonitor/stagemonitor-core/src/main/java/org/stagemonitor/core/metrics/metrics2/MetricName.java:194: warning - Tag @link: can't find MetricNameTemplate(MetricName, String...) in org.stagemonitor.core.metrics.metrics2.MetricName.MetricNameTemplate
/home/travis/build/passed/stagemonitor/stagemonitor/stagemonitor-core/src/main/java/org/stagemonitor/core/metrics/metrics2/MetricName.java:216: warning - Tag @link: can't find MetricNameTemplate(MetricName, String) in org.stagemonitor.core.metrics.metrics2.MetricName.MetricNameTemplate
/home/travis/build/passed/stagemonitor/stagemonitor/stagemonitor-core/src/main/java/org/stagemonitor/core/metrics/MetricNameFilter.java:15: warning: no description for @param
	 * @param patterns
	   ^
/home/travis/build/passed/stagemonitor/stagemonitor/stagemonitor-core/src/main/java/org/stagemonitor/core/metrics/MetricNameFilter.java:16: warning: no description for @return
	 * @return
	   ^
/home/travis/build/passed/stagemonitor/stagemonitor/stagemonitor-core/src/main/java/org/stagemonitor/core/metrics/MetricNameFilter.java:24: warning: no description for @param
	 * @param patterns
	   ^
/home/travis/build/passed/stagemonitor/stagemonitor/stagemonitor-core/src/main/java/org/stagemonitor/core/metrics/MetricNameFilter.java:25: warning: no description for @return
	 * @return
	   ^
/home/travis/build/passed/stagemonitor/stagemonitor/stagemonitor-core/src/main/java/org/stagemonitor/core/metrics/MetricNameFilter.java:34: warning: no description for @param
	 * @param patterns
	   ^
/home/travis/build/passed/stagemonitor/stagemonitor/stagemonitor-core/src/main/java/org/stagemonitor/core/metrics/MetricNameFilter.java:35: warning: no description for @return
	 * @return
	   ^
/home/travis/build/passed/stagemonitor/stagemonitor/stagemonitor-core/src/main/java/org/stagemonitor/core/metrics/MetricNameFilter.java:46: warning: no description for @param
	 * @param patterns
	   ^
/home/travis/build/passed/stagemonitor/stagemonitor/stagemonitor-core/src/main/java/org/stagemonitor/core/util/Assert.java:18: warning: no @param for expression
	public static void checkArgument(boolean expression,
	                   ^
/home/travis/build/passed/stagemonitor/stagemonitor/stagemonitor-core/src/main/java/org/stagemonitor/core/util/Assert.java:18: warning: no @param for errorMessageTemplate
	public static void checkArgument(boolean expression,
	                   ^
/home/travis/build/passed/stagemonitor/stagemonitor/stagemonitor-core/src/main/java/org/stagemonitor/core/util/Assert.java:18: warning: no @param for errorMessageArgs
	public static void checkArgument(boolean expression,
	                   ^
/home/travis/build/passed/stagemonitor/stagemonitor/stagemonitor-core/src/main/java/org/stagemonitor/core/util/GraphiteSanitizer.java:15: warning: empty <p> tag
	 * <p>
	   ^
/home/travis/build/passed/stagemonitor/stagemonitor/stagemonitor-core/src/main/java/org/stagemonitor/core/util/Ints.java:30: warning: no @param for value
	public static byte[] toByteArray(int value) {
	                     ^
/home/travis/build/passed/stagemonitor/stagemonitor/stagemonitor-core/src/main/java/org/stagemonitor/core/util/Ints.java:30: warning: no @return
	public static byte[] toByteArray(int value) {
	                     ^
/home/travis/build/passed/stagemonitor/stagemonitor/stagemonitor-core/src/main/java/org/stagemonitor/core/util/JsonMerger.java:57: warning: no @throws for java.io.IOException
	public static JsonNode merge(JsonNode source, JsonNode replacement) throws IOException {
	                       ^
/home/travis/build/passed/stagemonitor/stagemonitor/stagemonitor-core/src/main/java/org/stagemonitor/core/util/JsonMerger.java:71: warning: no @return
	public static JsonNode merge(JsonNode source, JsonNode replacement, MergeStrategy mergeStrategy) throws IOException {
	                       ^
/home/travis/build/passed/stagemonitor/stagemonitor/stagemonitor-core/src/main/java/org/stagemonitor/core/util/JsonMerger.java:71: warning: no @throws for java.io.IOException
	public static JsonNode merge(JsonNode source, JsonNode replacement, MergeStrategy mergeStrategy) throws IOException {
	                       ^
/home/travis/build/passed/stagemonitor/stagemonitor/stagemonitor-core/src/main/java/org/stagemonitor/core/util/JsonMerger.java:146: warning: no @return
		public MergeStrategy encodedArrayWithKey(String field, String key) {
		                     ^
/home/travis/build/passed/stagemonitor/stagemonitor/stagemonitor-core/src/main/java/org/stagemonitor/core/util/JsonMerger.java:168: warning: no @return
		public MergeStrategy mergeEncodedObjects(String field) {
		                     ^
/home/travis/build/passed/stagemonitor/stagemonitor/stagemonitor-core/src/main/java/org/stagemonitor/core/util/JsonMerger.java:178: warning: no @return
		public MergeStrategy defaultMerger(Merger defaultMerger) {
		                     ^
/home/travis/build/passed/stagemonitor/stagemonitor/stagemonitor-core/src/main/java/org/stagemonitor/core/util/JsonMerger.java:189: warning: no @return
		public MergeStrategy addFieldMerger(String field, Merger merger) {
		                     ^

41 warnings
:stagemonitor-tracing:javadocPicked up _JAVA_OPTIONS: -Xmx2048m -Xms512m
/home/travis/build/passed/stagemonitor/stagemonitor/stagemonitor-tracing/src/main/java/org/stagemonitor/tracing/TracerFactory.java:19: warning: no @param for span
	public abstract boolean isRoot(Span span);
	                        ^
/home/travis/build/passed/stagemonitor/stagemonitor/stagemonitor-tracing/src/main/java/org/stagemonitor/tracing/TracerFactory.java:19: warning: no @return
	public abstract boolean isRoot(Span span);
	                        ^
/home/travis/build/passed/stagemonitor/stagemonitor/stagemonitor-tracing/src/main/java/org/stagemonitor/tracing/TracerFactory.java:25: warning: no @param for span
	public abstract boolean isSampled(Span span);
	                        ^
/home/travis/build/passed/stagemonitor/stagemonitor/stagemonitor-tracing/src/main/java/org/stagemonitor/tracing/TracerFactory.java:25: warning: no @return
	public abstract boolean isSampled(Span span);
	                        ^
/home/travis/build/passed/stagemonitor/stagemonitor/stagemonitor-tracing/src/main/java/org/stagemonitor/tracing/profiler/CallStackElement.java:55: warning: no @param for signature
	public static CallStackElement create(CallStackElement parent, String signature, long startTimestamp) {
	                               ^
/home/travis/build/passed/stagemonitor/stagemonitor/stagemonitor-tracing/src/main/java/org/stagemonitor/tracing/profiler/CallStackElement.java:55: warning: no @return
	public static CallStackElement create(CallStackElement parent, String signature, long startTimestamp) {
	                               ^
/home/travis/build/passed/stagemonitor/stagemonitor/stagemonitor-tracing/src/main/java/org/stagemonitor/tracing/profiler/Profiler.java:48: warning: no @param for signature
	public static CallStackElement activateProfiling(String signature) {
	                               ^
/home/travis/build/passed/stagemonitor/stagemonitor/stagemonitor-tracing/src/main/java/org/stagemonitor/tracing/profiler/Profiler.java:60: warning: no description for @return
	 * @return
	   ^
/home/travis/build/passed/stagemonitor/stagemonitor/stagemonitor-tracing/src/main/java/org/stagemonitor/tracing/wrapper/SpanWrappingTracer.java:76: warning: no @param for spanEventListenerFactory
	public boolean removeEventListenerFactory(SpanEventListenerFactory spanEventListenerFactory) {
	               ^
/home/travis/build/passed/stagemonitor/stagemonitor/stagemonitor-tracing/src/main/java/org/stagemonitor/tracing/wrapper/SpanWrappingTracer.java:76: warning: no @return
	public boolean removeEventListenerFactory(SpanEventListenerFactory spanEventListenerFactory) {
	               ^
/home/travis/build/passed/stagemonitor/stagemonitor/stagemonitor-tracing/src/main/java/org/stagemonitor/tracing/MonitoredRequest.java:24: warning: no description for @throws
	 * @throws Exception
	   ^
/home/travis/build/passed/stagemonitor/stagemonitor/stagemonitor-tracing/src/main/java/org/stagemonitor/tracing/SpanContextInformation.java:48: warning: no @param for span
	public static SpanContextInformation forSpan(Span span) {
	                                     ^
/home/travis/build/passed/stagemonitor/stagemonitor/stagemonitor-tracing/src/main/java/org/stagemonitor/tracing/SpanContextInformation.java:48: warning: no @return
	public static SpanContextInformation forSpan(Span span) {
	                                     ^
/home/travis/build/passed/stagemonitor/stagemonitor/stagemonitor-tracing/src/main/java/org/stagemonitor/tracing/SpanContextInformation.java:71: warning: no @param for key
	public void addRequestAttribute(String key, Object value) {
	            ^
/home/travis/build/passed/stagemonitor/stagemonitor/stagemonitor-tracing/src/main/java/org/stagemonitor/tracing/SpanContextInformation.java:71: warning: no @param for value
	public void addRequestAttribute(String key, Object value) {
	            ^
/home/travis/build/passed/stagemonitor/stagemonitor/stagemonitor-tracing/src/main/java/org/stagemonitor/tracing/SpanContextInformation.java:90: warning: no @param for callTree
	public void setCallTree(CallStackElement callTree) {
	            ^
/home/travis/build/passed/stagemonitor/stagemonitor/stagemonitor-tracing/src/main/java/org/stagemonitor/tracing/SpanContextInformation.java:122: warning: no @param for postExecutionInterceptorContext
	public void setPostExecutionInterceptorContext(PostExecutionInterceptorContext postExecutionInterceptorContext) {
	            ^
/home/travis/build/passed/stagemonitor/stagemonitor/stagemonitor-tracing/src/main/java/org/stagemonitor/tracing/SpanContextInformation.java:149: warning: no @param for preExecutionInterceptorContext
	public void setPreExecutionInterceptorContext(PreExecutionInterceptorContext preExecutionInterceptorContext) {
	            ^
/home/travis/build/passed/stagemonitor/stagemonitor/stagemonitor-tracing/src/main/java/org/stagemonitor/tracing/TracingPlugin.java:384: warning: no @return
	public Tracer getTracer() {
	              ^
/home/travis/build/passed/stagemonitor/stagemonitor/stagemonitor-tracing/src/main/java/org/stagemonitor/tracing/reporter/SpanReporter.java:24: warning: no @throws for java.lang.Exception
	public abstract void report(SpanContextInformation spanContext, SpanWrapper spanWrapper) throws Exception;
	                     ^

20 warnings
:stagemonitor-jdbc:javadocPicked up _JAVA_OPTIONS: -Xmx2048m -Xms512m

:stagemonitor-jvm:javadocPicked up _JAVA_OPTIONS: -Xmx2048m -Xms512m

:stagemonitor-web-servlet:javadocPicked up _JAVA_OPTIONS: -Xmx2048m -Xms512m
/home/travis/build/passed/stagemonitor/stagemonitor/stagemonitor-web-servlet/src/main/java/org/stagemonitor/web/servlet/filter/HtmlInjector.java:22: warning: no description for @param
	 * @param initArguments
	   ^
/home/travis/build/passed/stagemonitor/stagemonitor/stagemonitor-web-servlet/src/main/java/org/stagemonitor/web/servlet/filter/HtmlInjector.java:30: warning: no description for @param
	 * @param injectArguments
	   ^
/home/travis/build/passed/stagemonitor/stagemonitor/stagemonitor-web-servlet/src/main/java/org/stagemonitor/web/servlet/filter/HtmlInjector.java:38: warning: no description for @param
	 * @param isActiveArguments
	   ^
/home/travis/build/passed/stagemonitor/stagemonitor/stagemonitor-web-servlet/src/main/java/org/stagemonitor/web/servlet/filter/AbstractExclusionFilter.java:52: warning: no @param for filterConfig
	public void initInternal(FilterConfig filterConfig) throws ServletException {
	            ^
/home/travis/build/passed/stagemonitor/stagemonitor/stagemonitor-web-servlet/src/main/java/org/stagemonitor/web/servlet/filter/AbstractExclusionFilter.java:52: warning: no @throws for javax.servlet.ServletException
	public void initInternal(FilterConfig filterConfig) throws ServletException {
	            ^
/home/travis/build/passed/stagemonitor/stagemonitor/stagemonitor-web-servlet/src/main/java/org/stagemonitor/web/servlet/util/AntPathMatcher.java:124: warning: no @param for pathSeparator
	public void setPathSeparator(String pathSeparator) {
	            ^
/home/travis/build/passed/stagemonitor/stagemonitor/stagemonitor-web-servlet/src/main/java/org/stagemonitor/web/servlet/util/AntPathMatcher.java:134: warning: no @param for caseSensitive
	public void setCaseSensitive(boolean caseSensitive) {
	            ^
/home/travis/build/passed/stagemonitor/stagemonitor/stagemonitor-web-servlet/src/main/java/org/stagemonitor/web/servlet/util/AntPathMatcher.java:142: warning: no @param for trimTokens
	public void setTrimTokens(boolean trimTokens) {
	            ^
/home/travis/build/passed/stagemonitor/stagemonitor/stagemonitor-web-servlet/src/main/java/org/stagemonitor/web/servlet/util/AntPathMatcher.java:158: warning: no @param for cachePatterns
	public void setCachePatterns(boolean cachePatterns) {
	            ^
/home/travis/build/passed/stagemonitor/stagemonitor/stagemonitor-web-servlet/src/main/java/org/stagemonitor/web/servlet/util/AntPathMatcher.java:189: warning: no @param for uriTemplateVariables
	protected boolean doMatch(String pattern, String path, boolean fullMatch,
	                  ^
/home/travis/build/passed/stagemonitor/stagemonitor/stagemonitor-web-servlet/src/main/java/org/stagemonitor/web/servlet/util/AntPathMatcher.java:468: warning: no @param for pattern
	public String extractPathWithinPattern(String pattern, String path) {
	              ^
/home/travis/build/passed/stagemonitor/stagemonitor/stagemonitor-web-servlet/src/main/java/org/stagemonitor/web/servlet/util/AntPathMatcher.java:468: warning: no @param for path
	public String extractPathWithinPattern(String pattern, String path) {
	              ^
/home/travis/build/passed/stagemonitor/stagemonitor/stagemonitor-web-servlet/src/main/java/org/stagemonitor/web/servlet/util/AntPathMatcher.java:468: warning: no @return
	public String extractPathWithinPattern(String pattern, String path) {
	              ^
/home/travis/build/passed/stagemonitor/stagemonitor/stagemonitor-web-servlet/src/main/java/org/stagemonitor/web/servlet/util/AntPathMatcher.java:677: warning: no @param for str
		public boolean matchStrings(String str, Map<String, String> uriTemplateVariables) {
		               ^
/home/travis/build/passed/stagemonitor/stagemonitor/stagemonitor-web-servlet/src/main/java/org/stagemonitor/web/servlet/util/AntPathMatcher.java:677: warning: no @param for uriTemplateVariables
		public boolean matchStrings(String str, Map<String, String> uriTemplateVariables) {
		               ^

15 warnings
:stagemonitor-alerting:javadocPicked up _JAVA_OPTIONS: -Xmx2048m -Xms512m
/home/travis/build/passed/stagemonitor/stagemonitor/stagemonitor-alerting/src/main/java/org/stagemonitor/alerting/check/Threshold.java:108: warning: no description for @param
		 * @param actualValue
		   ^
/home/travis/build/passed/stagemonitor/stagemonitor/stagemonitor-alerting/src/main/java/org/stagemonitor/alerting/check/Threshold.java:109: warning: no description for @param
		 * @param expectedValue
		   ^
/home/travis/build/passed/stagemonitor/stagemonitor/stagemonitor-alerting/src/main/java/org/stagemonitor/alerting/check/Threshold.java:110: warning: no description for @return
		 * @return
		   ^
/home/travis/build/passed/stagemonitor/stagemonitor/stagemonitor-alerting/src/main/java/org/stagemonitor/alerting/annotation/SLA.java:56: warning: no @return
	int alertAfterXFailures() default 1;
	    ^
/home/travis/build/passed/stagemonitor/stagemonitor/stagemonitor-alerting/src/main/java/org/stagemonitor/alerting/annotation/SLA.java:29: warning: no @return
	double errorRateThreshold() default -1;
	       ^
/home/travis/build/passed/stagemonitor/stagemonitor/stagemonitor-alerting/src/main/java/org/stagemonitor/alerting/annotation/SLA.java:36: warning: no @return
	MetricValueType[] metric() default {};
	                  ^
/home/travis/build/passed/stagemonitor/stagemonitor/stagemonitor-alerting/src/main/java/org/stagemonitor/alerting/annotation/SLA.java:51: warning: no @return
	Threshold.Operator operator() default Threshold.Operator.LESS;
	                   ^
/home/travis/build/passed/stagemonitor/stagemonitor/stagemonitor-alerting/src/main/java/org/stagemonitor/alerting/annotation/SLA.java:44: warning: no @return
	double[] threshold() default {};
	         ^
/home/travis/build/passed/stagemonitor/stagemonitor/stagemonitor-alerting/src/main/java/org/stagemonitor/alerting/alerter/Alerter.java:22: warning: no description for @param
	 * @param alertArguments
	   ^
/home/travis/build/passed/stagemonitor/stagemonitor/stagemonitor-alerting/src/main/java/org/stagemonitor/alerting/alerter/MailRequest.java:76: warning: no description for @throws
	 * @throws MessagingException
	   ^

10 warnings
:stagemonitor-alerting:javadocJar
:stagemonitor-alerting:sourcesJar
:stagemonitor-alerting:signArchives SKIPPED
:stagemonitor-alerting:assemble
:stagemonitor-ehcache:compileJava
Download https://repo1.maven.org/maven2/net/sf/ehcache/ehcache-core/2.6.6/ehcache-core-2.6.6.pom
Download https://repo1.maven.org/maven2/net/sf/ehcache/ehcache-parent/2.3/ehcache-parent-2.3.pom
Download https://repo1.maven.org/maven2/org/slf4j/slf4j-api/1.6.1/slf4j-api-1.6.1.pom
Download https://repo1.maven.org/maven2/org/slf4j/slf4j-parent/1.6.1/slf4j-parent-1.6.1.pom
Download https://repo1.maven.org/maven2/net/sf/ehcache/ehcache-core/2.6.6/ehcache-core-2.6.6.jar
warning: [options] bootstrap class path not set in conjunction with -source 1.6
Note: /home/travis/build/passed/stagemonitor/stagemonitor/stagemonitor-ehcache/src/main/java/org/stagemonitor/ehcache/EhCachePlugin.java uses or overrides a deprecated API.
Note: Recompile with -Xlint:deprecation for details.
1 warning
:stagemonitor-ehcache:processResources
:stagemonitor-ehcache:classes
:stagemonitor-ehcache:osgiClasses
:stagemonitor-ehcache:jar
:stagemonitor-logging:compileJavawarning: [options] bootstrap class path not set in conjunction with -source 1.6
1 warning

:stagemonitor-logging:processResources
:stagemonitor-logging:classes
:stagemonitor-logging:osgiClasses
:stagemonitor-logging:jar
:stagemonitor-os:compileJava
Download https://repo1.maven.org/maven2/org/slf4j/slf4j-simple/1.7.25/slf4j-simple-1.7.25.pom
Download https://repo1.maven.org/maven2/org/fusesource/sigar/1.6.4/sigar-1.6.4.pom
Download https://repo1.maven.org/maven2/org/fusesource/fusesource-pom/1.5/fusesource-pom-1.5.pom
Download https://repo1.maven.org/maven2/log4j/log4j/1.2.15/log4j-1.2.15.pom
Download https://repo1.maven.org/maven2/org/fusesource/sigar/1.6.4/sigar-1.6.4.jar
Download https://repo1.maven.org/maven2/org/slf4j/slf4j-simple/1.7.25/slf4j-simple-1.7.25.jar
Download https://repo1.maven.org/maven2/log4j/log4j/1.2.15/log4j-1.2.15.jar
warning: [options] bootstrap class path not set in conjunction with -source 1.6
1 warning
:stagemonitor-os:processResources
:stagemonitor-os:classes
:stagemonitor-os:osgiClasses
:stagemonitor-os:jar
:stagemonitor-tracing-elasticsearch:compileJava
Download https://repo1.maven.org/maven2/com/uber/jaeger/jaeger-core/0.22.0-RC1/jaeger-core-0.22.0-RC1.pom
Download https://repo1.maven.org/maven2/com/uber/jaeger/jaeger-b3/0.22.0-RC1/jaeger-b3-0.22.0-RC1.pom
Download https://repo1.maven.org/maven2/com/uber/jaeger/jaeger-thrift/0.22.0-RC1/jaeger-thrift-0.22.0-RC1.pom
Download https://repo1.maven.org/maven2/com/google/code/gson/gson/2.8.0/gson-2.8.0.pom
Download https://repo1.maven.org/maven2/com/squareup/okhttp3/okhttp/3.8.1/okhttp-3.8.1.pom
Download https://repo1.maven.org/maven2/org/slf4j/slf4j-api/1.7.16/slf4j-api-1.7.16.pom
Download https://repo1.maven.org/maven2/com/google/code/gson/gson-parent/2.8.0/gson-parent-2.8.0.pom
Download https://repo1.maven.org/maven2/com/squareup/okhttp3/parent/3.8.1/parent-3.8.1.pom
Download https://repo1.maven.org/maven2/org/slf4j/slf4j-parent/1.7.16/slf4j-parent-1.7.16.pom
Download https://repo1.maven.org/maven2/org/apache/thrift/libthrift/0.9.2/libthrift-0.9.2.pom
Download https://repo1.maven.org/maven2/com/squareup/okio/okio/1.13.0/okio-1.13.0.pom
Download https://repo1.maven.org/maven2/com/squareup/okio/okio-parent/1.13.0/okio-parent-1.13.0.pom
Download https://repo1.maven.org/maven2/org/apache/httpcomponents/httpclient/4.2.5/httpclient-4.2.5.pom
Download https://repo1.maven.org/maven2/org/apache/httpcomponents/httpcore/4.2.4/httpcore-4.2.4.pom
Download https://repo1.maven.org/maven2/org/apache/httpcomponents/httpcomponents-client/4.2.5/httpcomponents-client-4.2.5.pom
Download https://repo1.maven.org/maven2/org/apache/httpcomponents/httpcomponents-core/4.2.4/httpcomponents-core-4.2.4.pom
Download https://repo1.maven.org/maven2/org/apache/httpcomponents/project/6/project-6.pom
Download https://repo1.maven.org/maven2/com/uber/jaeger/jaeger-core/0.22.0-RC1/jaeger-core-0.22.0-RC1.jar
Download https://repo1.maven.org/maven2/com/google/code/gson/gson/2.8.0/gson-2.8.0.jar
Download https://repo1.maven.org/maven2/com/squareup/okhttp3/okhttp/3.8.1/okhttp-3.8.1.jar
Download https://repo1.maven.org/maven2/com/uber/jaeger/jaeger-core/0.22.0-RC1/jaeger-core-0.22.0-RC1-okhttp381.jar
Download https://repo1.maven.org/maven2/org/apache/httpcomponents/httpclient/4.2.5/httpclient-4.2.5.jar
Download https://repo1.maven.org/maven2/com/uber/jaeger/jaeger-b3/0.22.0-RC1/jaeger-b3-0.22.0-RC1.jar
Download https://repo1.maven.org/maven2/org/apache/thrift/libthrift/0.9.2/libthrift-0.9.2.jar
Download https://repo1.maven.org/maven2/commons-logging/commons-logging/1.1.1/commons-logging-1.1.1.jar
Download https://repo1.maven.org/maven2/com/uber/jaeger/jaeger-thrift/0.22.0-RC1/jaeger-thrift-0.22.0-RC1.jar
Download https://repo1.maven.org/maven2/com/squareup/okio/okio/1.13.0/okio-1.13.0.jar
Download https://repo1.maven.org/maven2/org/apache/httpcomponents/httpcore/4.2.4/httpcore-4.2.4.jar
warning: [options] bootstrap class path not set in conjunction with -source 1.6
Note: Some input files use or override a deprecated API.
Note: Recompile with -Xlint:deprecation for details.
1 warning
:stagemonitor-tracing-elasticsearch:processResources
:stagemonitor-tracing-elasticsearch:classes
:stagemonitor-tracing-elasticsearch:osgiClasses
:stagemonitor-tracing-elasticsearch:jar
:stagemonitor-benchmark:compileJava NO-SOURCE
:stagemonitor-benchmark:processResources NO-SOURCE
:stagemonitor-benchmark:classes UP-TO-DATE
:stagemonitor-benchmark:jar
:stagemonitor-benchmark:assemble
:stagemonitor-configuration:javadocJar
:stagemonitor-configuration:sourcesJar
:stagemonitor-configuration:signArchives SKIPPED
:stagemonitor-configuration:assemble
:stagemonitor-core:javadocJar
:stagemonitor-core:sourcesJar
:stagemonitor-core:signArchives SKIPPED
:stagemonitor-core:assemble
:stagemonitor-dispatcher:javadocJar
:stagemonitor-dispatcher:sourcesJar
:stagemonitor-dispatcher:signArchives SKIPPED
:stagemonitor-dispatcher:assemble
:stagemonitor-ehcache:javadocPicked up _JAVA_OPTIONS: -Xmx2048m -Xms512m

:stagemonitor-ehcache:javadocJar
:stagemonitor-ehcache:sourcesJar
:stagemonitor-ehcache:signArchives SKIPPED
:stagemonitor-ehcache:assemble
:stagemonitor-eum-server:compileJava
Download https://repo.spring.io/milestone/org/springframework/boot/spring-boot-starter-web/2.0.0.M4/spring-boot-starter-web-2.0.0.M4.pom
Download https://repo.spring.io/milestone/org/springframework/boot/spring-boot-starters/2.0.0.M4/spring-boot-starters-2.0.0.M4.pom
Download https://repo1.maven.org/maven2/org/hibernate/hibernate-validator/5.4.1.Final/hibernate-validator-5.4.1.Final.pom
Download https://repo1.maven.org/maven2/org/hibernate/hibernate-validator-parent/5.4.1.Final/hibernate-validator-parent-5.4.1.Final.pom
Download https://repo1.maven.org/maven2/org/jboss/arquillian/arquillian-bom/1.1.11.Final/arquillian-bom-1.1.11.Final.pom
Download https://repo1.maven.org/maven2/org/jboss/shrinkwrap/shrinkwrap-bom/1.2.3/shrinkwrap-bom-1.2.3.pom
Download https://repo1.maven.org/maven2/org/jboss/shrinkwrap/resolver/shrinkwrap-resolver-bom/2.2.0/shrinkwrap-resolver-bom-2.2.0.pom
Download https://repo1.maven.org/maven2/org/jboss/shrinkwrap/descriptors/shrinkwrap-descriptors-bom/2.0.0-alpha-8/shrinkwrap-descriptors-bom-2.0.0-alpha-8.pom
Download https://repo.spring.io/milestone/org/springframework/boot/spring-boot-starter-json/2.0.0.M4/spring-boot-starter-json-2.0.0.M4.pom
Download https://repo.spring.io/milestone/org/springframework/boot/spring-boot-starter/2.0.0.M4/spring-boot-starter-2.0.0.M4.pom
Download https://repo.spring.io/milestone/org/springframework/boot/spring-boot-starter-tomcat/2.0.0.M4/spring-boot-starter-tomcat-2.0.0.M4.pom
Download https://repo.spring.io/milestone/org/springframework/spring-webmvc/5.0.0.RC4/spring-webmvc-5.0.0.RC4.pom
Download https://repo.spring.io/milestone/org/springframework/spring-web/5.0.0.RC4/spring-web-5.0.0.RC4.pom
Download https://repo1.maven.org/maven2/javax/servlet/javax.servlet-api/3.1.0/javax.servlet-api-3.1.0.pom
Download https://repo1.maven.org/maven2/net/java/jvnet-parent/3/jvnet-parent-3.pom
Download https://repo.spring.io/milestone/org/springframework/boot/spring-boot/2.0.0.M4/spring-boot-2.0.0.M4.pom
Download https://repo1.maven.org/maven2/org/yaml/snakeyaml/1.18/snakeyaml-1.18.pom
Download https://repo1.maven.org/maven2/javax/annotation/javax.annotation-api/1.3/javax.annotation-api-1.3.pom
Download https://repo.spring.io/milestone/org/springframework/boot/spring-boot-starter-logging/2.0.0.M4/spring-boot-starter-logging-2.0.0.M4.pom
Download https://repo.spring.io/milestone/org/springframework/boot/spring-boot-autoconfigure/2.0.0.M4/spring-boot-autoconfigure-2.0.0.M4.pom
Download https://repo1.maven.org/maven2/com/fasterxml/jackson/core/jackson-databind/2.9.1/jackson-databind-2.9.1.pom
Download https://repo1.maven.org/maven2/com/fasterxml/jackson/module/jackson-module-parameter-names/2.9.1/jackson-module-parameter-names-2.9.1.pom
Download https://repo1.maven.org/maven2/com/fasterxml/jackson/datatype/jackson-datatype-jsr310/2.9.1/jackson-datatype-jsr310-2.9.1.pom
Download https://repo1.maven.org/maven2/com/fasterxml/jackson/datatype/jackson-datatype-jdk8/2.9.1/jackson-datatype-jdk8-2.9.1.pom
Download https://repo1.maven.org/maven2/com/fasterxml/jackson/module/jackson-module-kotlin/2.9.1/jackson-module-kotlin-2.9.1.pom
Download https://repo1.maven.org/maven2/com/fasterxml/jackson/module/jackson-modules-java8/2.9.1/jackson-modules-java8-2.9.1.pom
Download https://repo1.maven.org/maven2/org/apache/tomcat/embed/tomcat-embed-websocket/8.5.20/tomcat-embed-websocket-8.5.20.pom
Download https://repo1.maven.org/maven2/org/apache/tomcat/embed/tomcat-embed-core/8.5.20/tomcat-embed-core-8.5.20.pom
Download https://repo1.maven.org/maven2/org/apache/tomcat/embed/tomcat-embed-el/8.5.20/tomcat-embed-el-8.5.20.pom
Download https://repo1.maven.org/maven2/javax/validation/validation-api/1.1.0.Final/validation-api-1.1.0.Final.pom
Download https://repo1.maven.org/maven2/com/fasterxml/classmate/1.3.4/classmate-1.3.4.pom
Download https://repo1.maven.org/maven2/org/jboss/logging/jboss-logging/3.3.1.Final/jboss-logging-3.3.1.Final.pom
Download https://repo1.maven.org/maven2/org/jboss/jboss-parent/15/jboss-parent-15.pom
Download https://repo.spring.io/milestone/org/springframework/spring-beans/5.0.0.RC4/spring-beans-5.0.0.RC4.pom
Download https://repo.spring.io/milestone/org/springframework/spring-expression/5.0.0.RC4/spring-expression-5.0.0.RC4.pom
Download https://repo.spring.io/milestone/org/springframework/spring-aop/5.0.0.RC4/spring-aop-5.0.0.RC4.pom
Download https://repo.spring.io/milestone/org/springframework/spring-context/5.0.0.RC4/spring-context-5.0.0.RC4.pom
Download https://repo1.maven.org/maven2/org/freemarker/freemarker/2.3.26-incubating/freemarker-2.3.26-incubating.pom
Download https://repo1.maven.org/maven2/org/apache/apache/17/apache-17.pom
Download https://repo1.maven.org/maven2/org/apache/httpcomponents/httpclient/4.5.3/httpclient-4.5.3.pom
Download https://repo1.maven.org/maven2/org/apache/httpcomponents/httpcomponents-client/4.5.3/httpcomponents-client-4.5.3.pom
Download https://repo1.maven.org/maven2/com/google/code/gson/gson/2.8.1/gson-2.8.1.pom
Download https://repo1.maven.org/maven2/com/google/code/gson/gson-parent/2.8.1/gson-parent-2.8.1.pom
Download https://repo1.maven.org/maven2/org/slf4j/log4j-over-slf4j/1.7.25/log4j-over-slf4j-1.7.25.pom
Download https://repo1.maven.org/maven2/ch/qos/logback/logback-classic/1.2.3/logback-classic-1.2.3.pom
Download https://repo1.maven.org/maven2/org/slf4j/jul-to-slf4j/1.7.25/jul-to-slf4j-1.7.25.pom
Download https://repo1.maven.org/maven2/ch/qos/logback/logback-parent/1.2.3/logback-parent-1.2.3.pom
Download https://repo1.maven.org/maven2/com/fasterxml/jackson/core/jackson-core/2.9.1/jackson-core-2.9.1.pom
Download https://repo1.maven.org/maven2/com/fasterxml/jackson/module/jackson-module-afterburner/2.9.1/jackson-module-afterburner-2.9.1.pom
Download https://repo1.maven.org/maven2/com/fasterxml/jackson/module/jackson-modules-base/2.9.1/jackson-modules-base-2.9.1.pom
Download https://repo1.maven.org/maven2/commons-codec/commons-codec/1.10/commons-codec-1.10.pom
Download https://repo1.maven.org/maven2/org/apache/httpcomponents/httpcore/4.4.6/httpcore-4.4.6.pom
Download https://repo1.maven.org/maven2/org/apache/httpcomponents/httpcomponents-core/4.4.6/httpcomponents-core-4.4.6.pom
Download https://repo1.maven.org/maven2/org/apache/commons/commons-parent/35/commons-parent-35.pom
Download https://repo1.maven.org/maven2/org/apache/apache/15/apache-15.pom
Download https://repo1.maven.org/maven2/ch/qos/logback/logback-core/1.2.3/logback-core-1.2.3.pom
Download https://repo1.maven.org/maven2/org/slf4j/log4j-over-slf4j/1.7.25/log4j-over-slf4j-1.7.25.jar
Download https://repo1.maven.org/maven2/javax/annotation/javax.annotation-api/1.3/javax.annotation-api-1.3.jar
Download https://repo1.maven.org/maven2/com/fasterxml/jackson/module/jackson-module-afterburner/2.9.1/jackson-module-afterburner-2.9.1.jar
Download https://repo1.maven.org/maven2/org/hibernate/hibernate-validator/5.4.1.Final/hibernate-validator-5.4.1.Final.jar
Download https://repo1.maven.org/maven2/ch/qos/logback/logback-classic/1.2.3/logback-classic-1.2.3.jar
Download https://repo1.maven.org/maven2/com/fasterxml/jackson/datatype/jackson-datatype-jdk8/2.9.1/jackson-datatype-jdk8-2.9.1.jar
Download https://repo1.maven.org/maven2/org/apache/httpcomponents/httpclient/4.5.3/httpclient-4.5.3.jar
Download https://repo1.maven.org/maven2/com/fasterxml/jackson/datatype/jackson-datatype-jsr310/2.9.1/jackson-datatype-jsr310-2.9.1.jar
Download https://repo1.maven.org/maven2/com/fasterxml/jackson/module/jackson-module-parameter-names/2.9.1/jackson-module-parameter-names-2.9.1.jar
Download https://repo1.maven.org/maven2/com/google/code/gson/gson/2.8.1/gson-2.8.1.jar
Download https://repo1.maven.org/maven2/javax/servlet/javax.servlet-api/3.1.0/javax.servlet-api-3.1.0.jar
Download https://repo1.maven.org/maven2/com/fasterxml/jackson/module/jackson-module-kotlin/2.9.1/jackson-module-kotlin-2.9.1.jar
Download https://repo1.maven.org/maven2/javax/validation/validation-api/1.1.0.Final/validation-api-1.1.0.Final.jar
Download https://repo1.maven.org/maven2/org/jboss/logging/jboss-logging/3.3.1.Final/jboss-logging-3.3.1.Final.jar
Download https://repo1.maven.org/maven2/com/fasterxml/classmate/1.3.4/classmate-1.3.4.jar
Download https://repo1.maven.org/maven2/org/slf4j/jul-to-slf4j/1.7.25/jul-to-slf4j-1.7.25.jar
Download https://repo1.maven.org/maven2/org/yaml/snakeyaml/1.18/snakeyaml-1.18.jar
Download https://repo1.maven.org/maven2/org/apache/httpcomponents/httpcore/4.4.6/httpcore-4.4.6.jar
Download https://repo1.maven.org/maven2/com/fasterxml/jackson/core/jackson-databind/2.9.1/jackson-databind-2.9.1.jar
Download https://repo1.maven.org/maven2/org/apache/tomcat/embed/tomcat-embed-websocket/8.5.20/tomcat-embed-websocket-8.5.20.jar
Download https://repo1.maven.org/maven2/org/apache/tomcat/embed/tomcat-embed-el/8.5.20/tomcat-embed-el-8.5.20.jar
Download https://repo1.maven.org/maven2/org/apache/tomcat/embed/tomcat-embed-core/8.5.20/tomcat-embed-core-8.5.20.jar
Download https://repo1.maven.org/maven2/org/freemarker/freemarker/2.3.26-incubating/freemarker-2.3.26-incubating.jar
Download https://repo1.maven.org/maven2/com/fasterxml/jackson/core/jackson-core/2.9.1/jackson-core-2.9.1.jar
Download https://repo1.maven.org/maven2/ch/qos/logback/logback-core/1.2.3/logback-core-1.2.3.jar
Download https://repo1.maven.org/maven2/commons-codec/commons-codec/1.10/commons-codec-1.10.jar
Download https://repo.spring.io/milestone/org/springframework/boot/spring-boot-starter-web/2.0.0.M4/spring-boot-starter-web-2.0.0.M4.jar
Download https://repo.spring.io/milestone/org/springframework/spring-web/5.0.0.RC4/spring-web-5.0.0.RC4.jar
Download https://repo.spring.io/milestone/org/springframework/boot/spring-boot-starter-tomcat/2.0.0.M4/spring-boot-starter-tomcat-2.0.0.M4.jar
Download https://repo.spring.io/milestone/org/springframework/boot/spring-boot-starter-json/2.0.0.M4/spring-boot-starter-json-2.0.0.M4.jar
Download https://repo.spring.io/milestone/org/springframework/boot/spring-boot/2.0.0.M4/spring-boot-2.0.0.M4.jar
Download https://repo.spring.io/milestone/org/springframework/boot/spring-boot-autoconfigure/2.0.0.M4/spring-boot-autoconfigure-2.0.0.M4.jar
Download https://repo.spring.io/milestone/org/springframework/boot/spring-boot-starter/2.0.0.M4/spring-boot-starter-2.0.0.M4.jar
Download https://repo.spring.io/milestone/org/springframework/spring-webmvc/5.0.0.RC4/spring-webmvc-5.0.0.RC4.jar
Download https://repo.spring.io/milestone/org/springframework/spring-expression/5.0.0.RC4/spring-expression-5.0.0.RC4.jar
Download https://repo.spring.io/milestone/org/springframework/boot/spring-boot-starter-logging/2.0.0.M4/spring-boot-starter-logging-2.0.0.M4.jar
Download https://repo.spring.io/milestone/org/springframework/spring-beans/5.0.0.RC4/spring-beans-5.0.0.RC4.jar
Download https://repo.spring.io/milestone/org/springframework/spring-context/5.0.0.RC4/spring-context-5.0.0.RC4.jar
Download https://repo.spring.io/milestone/org/springframework/spring-aop/5.0.0.RC4/spring-aop-5.0.0.RC4.jar
warning: [options] bootstrap class path not set in conjunction with -source 1.6
1 warning
:stagemonitor-eum-server:processResources
:stagemonitor-eum-server:classes
:stagemonitor-eum-server:bootWar
:stagemonitor-tracing-elasticsearch:javadocPicked up _JAVA_OPTIONS: -Xmx2048m -Xms512m

:stagemonitor-eum-server:javadocPicked up _JAVA_OPTIONS: -Xmx2048m -Xms512m

:stagemonitor-eum-server:javadocJar
:stagemonitor-eum-server:sourcesJar
:stagemonitor-eum-server:signArchives SKIPPED
:stagemonitor-eum-server:assemble
:stagemonitor-grafana-elasticsearch:compileJava NO-SOURCE
:stagemonitor-grafana-elasticsearch:processResources NO-SOURCE
:stagemonitor-grafana-elasticsearch:classes UP-TO-DATE
:stagemonitor-grafana-elasticsearch:jar
:stagemonitor-grafana-elasticsearch:assemble
:stagemonitor-jdbc:javadocJar
:stagemonitor-jdbc:sourcesJar
:stagemonitor-jdbc:signArchives SKIPPED
:stagemonitor-jdbc:assemble
:stagemonitor-jvm:javadocJar
:stagemonitor-jvm:sourcesJar
:stagemonitor-jvm:signArchives SKIPPED
:stagemonitor-jvm:assemble
:stagemonitor-logging:javadocPicked up _JAVA_OPTIONS: -Xmx2048m -Xms512m

:stagemonitor-logging:javadocJar
:stagemonitor-logging:sourcesJar
:stagemonitor-logging:signArchives SKIPPED
:stagemonitor-logging:assemble
:stagemonitor-os:startScripts
:stagemonitor-os:distTar
:stagemonitor-os:distZip
:stagemonitor-os:javadocPicked up _JAVA_OPTIONS: -Xmx2048m -Xms512m
/home/travis/build/passed/stagemonitor/stagemonitor/stagemonitor-os/src/main/java/org/stagemonitor/os/SigarNativeBindingLoader.java:40: warning: no description for @throws
	 * @throws Exception
	   ^
/home/travis/build/passed/stagemonitor/stagemonitor/stagemonitor-os/src/main/java/org/stagemonitor/os/SigarNativeBindingLoader.java:81: warning: no @param for tempDirectory
	public static void extractFromJarToTemp(String path, File tempDirectory) throws IOException {
	                   ^

2 warnings
:stagemonitor-os:javadocJar
:stagemonitor-os:sourcesJar
:stagemonitor-os:signArchives SKIPPED
:stagemonitor-os:assemble
:stagemonitor-tracing:javadocJar
:stagemonitor-tracing:sourcesJar
:stagemonitor-tracing:signArchives SKIPPED
:stagemonitor-tracing:assemble
:stagemonitor-tracing-elasticsearch:javadocJar
:stagemonitor-tracing-elasticsearch:sourcesJar
:stagemonitor-tracing-elasticsearch:signArchives SKIPPED
:stagemonitor-tracing-elasticsearch:assemble
:stagemonitor-tracing-zipkin:compileJava
Download https://repo1.maven.org/maven2/io/zipkin/reporter/zipkin-sender-urlconnection/1.0.2/zipkin-sender-urlconnection-1.0.2.pom
Download https://repo1.maven.org/maven2/io/opentracing/brave/brave-opentracing/0.20.0/brave-opentracing-0.20.0.pom
Download https://repo1.maven.org/maven2/io/zipkin/reporter/zipkin-reporter-parent/1.0.2/zipkin-reporter-parent-1.0.2.pom
Download https://repo1.maven.org/maven2/io/zipkin/brave/brave/4.2.0/brave-4.2.0.pom
Download https://repo1.maven.org/maven2/io/zipkin/brave/brave-parent/4.2.0/brave-parent-4.2.0.pom
Download https://repo1.maven.org/maven2/io/zipkin/reporter/zipkin-reporter/1.0.2/zipkin-reporter-1.0.2.pom
Download https://repo1.maven.org/maven2/io/zipkin/java/zipkin/1.31.0/zipkin-1.31.0.pom
Download https://repo1.maven.org/maven2/io/zipkin/java/parent/1.31.0/parent-1.31.0.pom
Download https://repo1.maven.org/maven2/io/opentracing/brave/brave-opentracing/0.20.0/brave-opentracing-0.20.0.jar
Download https://repo1.maven.org/maven2/io/zipkin/reporter/zipkin-sender-urlconnection/1.0.2/zipkin-sender-urlconnection-1.0.2.jar
Download https://repo1.maven.org/maven2/io/zipkin/reporter/zipkin-reporter/1.0.2/zipkin-reporter-1.0.2.jar
Download https://repo1.maven.org/maven2/io/zipkin/java/zipkin/1.31.0/zipkin-1.31.0.jar
Download https://repo1.maven.org/maven2/io/zipkin/brave/brave/4.2.0/brave-4.2.0.jar
warning: [options] bootstrap class path not set in conjunction with -source 1.6
Note: Some input files use or override a deprecated API.
Note: Recompile with -Xlint:deprecation for details.
1 warning
:stagemonitor-tracing-zipkin:processResources
:stagemonitor-tracing-zipkin:classes
:stagemonitor-tracing-zipkin:jar
:stagemonitor-tracing-zipkin:assemble
:stagemonitor-web-servlet:javadocJar
:stagemonitor-web-servlet:sourcesJar
:stagemonitor-web-servlet:signArchives SKIPPED
:stagemonitor-web-servlet:assemble

BUILD SUCCESSFUL in 2m 0s
97 actionable tasks: 97 executed

travis_time:end:1f664316:start=1660982026445022367,finish=1660982147763383466,duration=121318361099[0Ktravis_fold:end:install[0Ktravis_time:start:14661c9c[0K$ ./gradlew test
Picked up _JAVA_OPTIONS: -Xmx2048m -Xms512m
The Task.leftShift(Closure) method has been deprecated and is scheduled to be removed in Gradle 5.0. Please use Task.doLast(Action) instead.
Gradle now uses separate output directories for each JVM language, but this build assumes a single directory for all classes from a source set. This behaviour has been deprecated and is scheduled to be removed in Gradle 5.0
	at build_5ldss8qhws3wjr4zw9200xqr4.run(/home/travis/build/passed/stagemonitor/stagemonitor/build.gradle:48)
	(Run with --stacktrace to get the full stack trace of this deprecation warning.)
:compileJava NO-SOURCE
:processResources NO-SOURCE
:classes UP-TO-DATE
:instrument SKIPPED
:copyCoberturaDatafile SKIPPED
:compileTestJava NO-SOURCE
:processTestResources NO-SOURCE
:testClasses UP-TO-DATE
:stagemonitor-configuration:compileJava UP-TO-DATE
:stagemonitor-configuration:processResources NO-SOURCE
:stagemonitor-configuration:classes UP-TO-DATE
:stagemonitor-configuration:osgiClasses UP-TO-DATE
:stagemonitor-configuration:jar UP-TO-DATE
:stagemonitor-dispatcher:compileJava UP-TO-DATE
:stagemonitor-dispatcher:processResources NO-SOURCE
:stagemonitor-dispatcher:classes UP-TO-DATE
:stagemonitor-dispatcher:osgiClasses UP-TO-DATE
:stagemonitor-dispatcher:jar UP-TO-DATE
:stagemonitor-core:compileJava UP-TO-DATE
:stagemonitor-core:processResources UP-TO-DATE
:stagemonitor-core:classes UP-TO-DATE
:stagemonitor-core:osgiClasses UP-TO-DATE
:stagemonitor-core:jar UP-TO-DATE
:stagemonitor-tracing:compileJava UP-TO-DATE
:stagemonitor-tracing:processResources UP-TO-DATE
:stagemonitor-tracing:classes UP-TO-DATE
:stagemonitor-tracing:osgiClasses UP-TO-DATE
:stagemonitor-tracing:jar UP-TO-DATE
:stagemonitor-jdbc:compileJava UP-TO-DATE
:stagemonitor-jdbc:processResources UP-TO-DATE
:stagemonitor-jdbc:classes UP-TO-DATE
:stagemonitor-jdbc:osgiClasses UP-TO-DATE
:stagemonitor-jdbc:jar UP-TO-DATE
:stagemonitor-jvm:compileJava UP-TO-DATE
:stagemonitor-jvm:processResources UP-TO-DATE
:stagemonitor-jvm:classes UP-TO-DATE
:stagemonitor-jvm:osgiClasses UP-TO-DATE
:stagemonitor-jvm:jar UP-TO-DATE
:stagemonitor-web-servlet:compileJava UP-TO-DATE
:stagemonitor-web-servlet:processResources UP-TO-DATE
:stagemonitor-web-servlet:classes UP-TO-DATE
:stagemonitor-web-servlet:osgiClasses UP-TO-DATE
:stagemonitor-web-servlet:jar UP-TO-DATE
:stagemonitor-alerting:compileJava UP-TO-DATE
:stagemonitor-alerting:processResources UP-TO-DATE
:stagemonitor-alerting:classes UP-TO-DATE
:stagemonitor-alerting:instrument SKIPPED
:stagemonitor-alerting:copyCoberturaDatafile SKIPPED
:stagemonitor-core:compileTestJava
Download https://repo1.maven.org/maven2/org/eclipse/jetty/jetty-server/9.3.13.v20161014/jetty-server-9.3.13.v20161014.pom
Download https://repo1.maven.org/maven2/org/elasticsearch/client/transport/5.1.2/transport-5.1.2.pom
Download https://repo1.maven.org/maven2/junit/junit/4.12/junit-4.12.pom
Download https://repo1.maven.org/maven2/io/prometheus/simpleclient_common/0.0.26/simpleclient_common-0.0.26.pom
Download https://repo1.maven.org/maven2/commons-io/commons-io/2.5/commons-io-2.5.pom
Download https://repo1.maven.org/maven2/org/mockito/mockito-core/2.10.0/mockito-core-2.10.0.pom
Download https://repo1.maven.org/maven2/ch/qos/logback/logback-classic/1.1.7/logback-classic-1.1.7.pom
Download https://repo1.maven.org/maven2/org/assertj/assertj-core/3.8.0/assertj-core-3.8.0.pom
Download https://repo1.maven.org/maven2/org/apache/logging/log4j/log4j-core/2.7/log4j-core-2.7.pom
Download https://repo1.maven.org/maven2/org/apache/commons/commons-parent/39/commons-parent-39.pom
Download https://repo1.maven.org/maven2/ch/qos/logback/logback-parent/1.1.7/logback-parent-1.1.7.pom
Download https://repo1.maven.org/maven2/org/assertj/assertj-parent-pom/2.1.6/assertj-parent-pom-2.1.6.pom
Download https://repo1.maven.org/maven2/org/eclipse/jetty/jetty-project/9.3.13.v20161014/jetty-project-9.3.13.v20161014.pom
Download https://repo1.maven.org/maven2/org/apache/logging/log4j/log4j/2.7/log4j-2.7.pom
Download https://repo1.maven.org/maven2/org/eclipse/jetty/jetty-parent/25/jetty-parent-25.pom
Download https://repo1.maven.org/maven2/org/apache/apache/16/apache-16.pom
Download https://repo1.maven.org/maven2/org/hamcrest/hamcrest-core/1.3/hamcrest-core-1.3.pom
Download https://repo1.maven.org/maven2/org/hamcrest/hamcrest-parent/1.3/hamcrest-parent-1.3.pom
Download https://repo1.maven.org/maven2/org/objenesis/objenesis/2.6/objenesis-2.6.pom
Download https://repo1.maven.org/maven2/org/objenesis/objenesis-parent/2.6/objenesis-parent-2.6.pom
Download https://repo1.maven.org/maven2/ch/qos/logback/logback-core/1.1.7/logback-core-1.1.7.pom
Download https://repo1.maven.org/maven2/org/apache/logging/log4j/log4j-api/2.7/log4j-api-2.7.pom
Download https://repo1.maven.org/maven2/org/eclipse/jetty/jetty-io/9.3.13.v20161014/jetty-io-9.3.13.v20161014.pom
Download https://repo1.maven.org/maven2/org/eclipse/jetty/jetty-http/9.3.13.v20161014/jetty-http-9.3.13.v20161014.pom
Download https://repo1.maven.org/maven2/org/elasticsearch/plugin/transport-netty4-client/5.1.2/transport-netty4-client-5.1.2.pom
Download https://repo1.maven.org/maven2/org/elasticsearch/plugin/transport-netty3-client/5.1.2/transport-netty3-client-5.1.2.pom
Download https://repo1.maven.org/maven2/org/elasticsearch/plugin/percolator-client/5.1.2/percolator-client-5.1.2.pom
Download https://repo1.maven.org/maven2/org/elasticsearch/plugin/lang-mustache-client/5.1.2/lang-mustache-client-5.1.2.pom
Download https://repo1.maven.org/maven2/org/elasticsearch/plugin/reindex-client/5.1.2/reindex-client-5.1.2.pom
Download https://repo1.maven.org/maven2/org/eclipse/jetty/jetty-util/9.3.13.v20161014/jetty-util-9.3.13.v20161014.pom
Download https://repo1.maven.org/maven2/io/netty/netty/3.10.6.Final/netty-3.10.6.Final.pom
Download https://repo1.maven.org/maven2/io/netty/netty-buffer/4.1.6.Final/netty-buffer-4.1.6.Final.pom
Download https://repo1.maven.org/maven2/io/netty/netty-common/4.1.6.Final/netty-common-4.1.6.Final.pom
Download https://repo1.maven.org/maven2/io/netty/netty-codec/4.1.6.Final/netty-codec-4.1.6.Final.pom
Download https://repo1.maven.org/maven2/io/netty/netty-resolver/4.1.6.Final/netty-resolver-4.1.6.Final.pom
Download https://repo1.maven.org/maven2/io/netty/netty-codec-http/4.1.6.Final/netty-codec-http-4.1.6.Final.pom
Download https://repo1.maven.org/maven2/io/netty/netty-transport/4.1.6.Final/netty-transport-4.1.6.Final.pom
Download https://repo1.maven.org/maven2/io/netty/netty-handler/4.1.6.Final/netty-handler-4.1.6.Final.pom
Download https://repo1.maven.org/maven2/io/netty/netty-parent/4.1.6.Final/netty-parent-4.1.6.Final.pom
Download https://repo1.maven.org/maven2/org/elasticsearch/client/rest/5.1.2/rest-5.1.2.pom
Download https://repo1.maven.org/maven2/com/github/spullara/mustache/java/compiler/0.9.3/compiler-0.9.3.pom
Download https://repo1.maven.org/maven2/com/github/spullara/mustache/java/mustache.java/0.9.3/mustache.java-0.9.3.pom
Download https://repo1.maven.org/maven2/org/apache/httpcomponents/httpcore/4.4.5/httpcore-4.4.5.pom
Download https://repo1.maven.org/maven2/org/apache/httpcomponents/httpclient/4.5.2/httpclient-4.5.2.pom
Download https://repo1.maven.org/maven2/org/apache/httpcomponents/httpasyncclient/4.1.2/httpasyncclient-4.1.2.pom
Download https://repo1.maven.org/maven2/org/apache/httpcomponents/httpcore-nio/4.4.5/httpcore-nio-4.4.5.pom
Download https://repo1.maven.org/maven2/org/apache/httpcomponents/httpcomponents-core/4.4.5/httpcomponents-core-4.4.5.pom
Download https://repo1.maven.org/maven2/org/apache/httpcomponents/httpcomponents-client/4.5.2/httpcomponents-client-4.5.2.pom
Download https://repo1.maven.org/maven2/org/apache/httpcomponents/httpcomponents-asyncclient/4.1.2/httpcomponents-asyncclient-4.1.2.pom
Download https://repo1.maven.org/maven2/junit/junit/4.12/junit-4.12.jar
Download https://repo1.maven.org/maven2/io/prometheus/simpleclient_common/0.0.26/simpleclient_common-0.0.26.jar
Download https://repo1.maven.org/maven2/org/elasticsearch/client/transport/5.1.2/transport-5.1.2.jar
Download https://repo1.maven.org/maven2/org/hamcrest/hamcrest-core/1.3/hamcrest-core-1.3.jar
Download https://repo1.maven.org/maven2/org/eclipse/jetty/jetty-server/9.3.13.v20161014/jetty-server-9.3.13.v20161014.jar
Download https://repo1.maven.org/maven2/org/elasticsearch/plugin/transport-netty4-client/5.1.2/transport-netty4-client-5.1.2.jar
Download https://repo1.maven.org/maven2/org/mockito/mockito-core/2.10.0/mockito-core-2.10.0.jar
Download https://repo1.maven.org/maven2/org/apache/logging/log4j/log4j-core/2.7/log4j-core-2.7.jar
Download https://repo1.maven.org/maven2/org/elasticsearch/plugin/transport-netty3-client/5.1.2/transport-netty3-client-5.1.2.jar
Download https://repo1.maven.org/maven2/io/netty/netty-resolver/4.1.6.Final/netty-resolver-4.1.6.Final.jar
Download https://repo1.maven.org/maven2/com/github/spullara/mustache/java/compiler/0.9.3/compiler-0.9.3.jar
Download https://repo1.maven.org/maven2/io/netty/netty-common/4.1.6.Final/netty-common-4.1.6.Final.jar
Download https://repo1.maven.org/maven2/io/netty/netty-buffer/4.1.6.Final/netty-buffer-4.1.6.Final.jar
Download https://repo1.maven.org/maven2/commons-io/commons-io/2.5/commons-io-2.5.jar
Download https://repo1.maven.org/maven2/ch/qos/logback/logback-classic/1.1.7/logback-classic-1.1.7.jar
Download https://repo1.maven.org/maven2/io/netty/netty-codec/4.1.6.Final/netty-codec-4.1.6.Final.jar
Download https://repo1.maven.org/maven2/io/netty/netty-codec-http/4.1.6.Final/netty-codec-http-4.1.6.Final.jar
Download https://repo1.maven.org/maven2/org/elasticsearch/plugin/percolator-client/5.1.2/percolator-client-5.1.2.jar
Download https://repo1.maven.org/maven2/org/apache/httpcomponents/httpcore/4.4.5/httpcore-4.4.5.jar
Download https://repo1.maven.org/maven2/org/eclipse/jetty/jetty-util/9.3.13.v20161014/jetty-util-9.3.13.v20161014.jar
Download https://repo1.maven.org/maven2/org/elasticsearch/client/rest/5.1.2/rest-5.1.2.jar
Download https://repo1.maven.org/maven2/org/apache/httpcomponents/httpclient/4.5.2/httpclient-4.5.2.jar
Download https://repo1.maven.org/maven2/io/netty/netty-transport/4.1.6.Final/netty-transport-4.1.6.Final.jar
Download https://repo1.maven.org/maven2/org/elasticsearch/plugin/lang-mustache-client/5.1.2/lang-mustache-client-5.1.2.jar
Download https://repo1.maven.org/maven2/io/netty/netty-handler/4.1.6.Final/netty-handler-4.1.6.Final.jar
Download https://repo1.maven.org/maven2/org/objenesis/objenesis/2.6/objenesis-2.6.jar
Download https://repo1.maven.org/maven2/io/netty/netty/3.10.6.Final/netty-3.10.6.Final.jar
Download https://repo1.maven.org/maven2/org/elasticsearch/plugin/reindex-client/5.1.2/reindex-client-5.1.2.jar
Download https://repo1.maven.org/maven2/org/assertj/assertj-core/3.8.0/assertj-core-3.8.0.jar
Download https://repo1.maven.org/maven2/ch/qos/logback/logback-core/1.1.7/logback-core-1.1.7.jar
Download https://repo1.maven.org/maven2/org/eclipse/jetty/jetty-http/9.3.13.v20161014/jetty-http-9.3.13.v20161014.jar
Download https://repo1.maven.org/maven2/org/apache/logging/log4j/log4j-api/2.7/log4j-api-2.7.jar
Download https://repo1.maven.org/maven2/org/apache/httpcomponents/httpasyncclient/4.1.2/httpasyncclient-4.1.2.jar
Download https://repo1.maven.org/maven2/org/eclipse/jetty/jetty-io/9.3.13.v20161014/jetty-io-9.3.13.v20161014.jar
Download https://repo1.maven.org/maven2/org/apache/httpcomponents/httpcore-nio/4.4.5/httpcore-nio-4.4.5.jar
Note: Some input files use or override a deprecated API.
Note: Recompile with -Xlint:deprecation for details.
Note: /home/travis/build/passed/stagemonitor/stagemonitor/stagemonitor-core/src/test/java/org/stagemonitor/core/metrics/metrics2/Metric2RegistryTest.java uses unchecked or unsafe operations.
Note: Recompile with -Xlint:unchecked for details.
:stagemonitor-core:processTestResources
:stagemonitor-core:testClasses
:stagemonitor-alerting:compileTestJava
Download https://repo1.maven.org/maven2/org/springframework/spring-test/4.1.0.RELEASE/spring-test-4.1.0.RELEASE.pom
Download https://repo1.maven.org/maven2/org/springframework/spring-webmvc/4.1.0.RELEASE/spring-webmvc-4.1.0.RELEASE.pom
Download https://repo1.maven.org/maven2/net/bytebuddy/byte-buddy/1.7.4/byte-buddy-1.7.4.pom
Download https://repo1.maven.org/maven2/net/bytebuddy/byte-buddy-agent/1.7.4/byte-buddy-agent-1.7.4.pom
Download https://repo1.maven.org/maven2/net/bytebuddy/byte-buddy-parent/1.7.4/byte-buddy-parent-1.7.4.pom
Download https://repo1.maven.org/maven2/org/slf4j/slf4j-api/1.7.20/slf4j-api-1.7.20.pom
Download https://repo1.maven.org/maven2/org/slf4j/slf4j-parent/1.7.20/slf4j-parent-1.7.20.pom
Download https://repo1.maven.org/maven2/org/springframework/spring-core/4.1.0.RELEASE/spring-core-4.1.0.RELEASE.pom
Download https://repo1.maven.org/maven2/org/springframework/spring-web/4.1.0.RELEASE/spring-web-4.1.0.RELEASE.pom
Download https://repo1.maven.org/maven2/org/springframework/spring-webmvc/4.1.0.RELEASE/spring-webmvc-4.1.0.RELEASE.jar
Download https://repo1.maven.org/maven2/org/springframework/spring-test/4.1.0.RELEASE/spring-test-4.1.0.RELEASE.jar
Download https://repo1.maven.org/maven2/org/springframework/spring-web/4.1.0.RELEASE/spring-web-4.1.0.RELEASE.jar
Note: Some input files use or override a deprecated API.
Note: Recompile with -Xlint:deprecation for details.
:stagemonitor-alerting:processTestResources
:stagemonitor-alerting:testClasses
:stagemonitor-alerting:testPicked up _JAVA_OPTIONS: -Xmx2048m -Xms512m


org.stagemonitor.alerting.alerter.ElasticsearchAlerterTest > classMethod FAILED
    java.lang.AssertionError: 0::/system.slice/containerd.service

org.stagemonitor.alerting.alerter.HttpAlerterTest > classMethod FAILED
    java.lang.AssertionError: 0::/system.slice/containerd.service

org.stagemonitor.alerting.incident.IncidentRepositoryTest > classMethod FAILED
    java.lang.AssertionError: 0::/system.slice/containerd.service

org.stagemonitor.alerting.incident.ElasticsearchIncidentRepositoryTest > classMethod FAILED
    java.lang.AssertionError: 0::/system.slice/containerd.service

38 tests completed, 4 failed
:stagemonitor-alerting:test FAILED
:stagemonitor-alerting:generateCoberturaReport SKIPPED
:stagemonitor-alerting:performCoverageCheck SKIPPED

FAILURE: Build failed with an exception.

* What went wrong:
Execution failed for task ':stagemonitor-alerting:test'.
> There were failing tests. See the report at: file:///home/travis/build/passed/stagemonitor/stagemonitor/stagemonitor-alerting/build/reports/tests/test/index.html

* Try:
Run with --stacktrace option to get the stack trace. Run with --info or --debug option to get more log output.

* Get more help at https://help.gradle.org

BUILD FAILED in 19s
33 actionable tasks: 5 executed, 28 up-to-date

travis_time:end:14661c9c:start=1660982147772101267,finish=1660982167387473215,duration=19615371948[0K
[31;1mThe command "./gradlew test" exited with 1.[0m
travis_fold:start:cache.2[0Kstore build cache
travis_time:start:0841607d[0K
travis_time:end:0841607d:start=1660982167398900305,finish=1660982167409136095,duration=10235790[0Ktravis_time:start:06804f51[0K[32;1mchanges detected, packing new archive[0m
/home/travis/.casher/bin/casher:213:in `cache_archive_name': undefined method `[]' for nil:NilClass (NoMethodError)
	from /home/travis/.casher/bin/casher:143:in `push'
	from /home/travis/.casher/bin/casher:53:in `block in run'
	from /home/travis/.rvm/rubies/ruby-2.2.7/lib/ruby/2.2.0/timeout.rb:88:in `block in timeout'
	from /home/travis/.rvm/rubies/ruby-2.2.7/lib/ruby/2.2.0/timeout.rb:32:in `block in catch'
	from /home/travis/.rvm/rubies/ruby-2.2.7/lib/ruby/2.2.0/timeout.rb:32:in `catch'
	from /home/travis/.rvm/rubies/ruby-2.2.7/lib/ruby/2.2.0/timeout.rb:32:in `catch'
	from /home/travis/.rvm/rubies/ruby-2.2.7/lib/ruby/2.2.0/timeout.rb:103:in `timeout'
	from /home/travis/.casher/bin/casher:53:in `run'
	from /home/travis/.casher/bin/casher:263:in `<main>'
.
.
.

travis_time:end:06804f51:start=1660982167420619117,finish=1660982186331598359,duration=18910979242[0Ktravis_fold:end:cache.2[0Ktravis_fold:start:after_failure[0Ktravis_time:start:00920d99[0K$ cat /home/travis/build/stagemonitor/stagemonitor/stagemonitor-*/hs_err_*.log
cat: /home/travis/build/stagemonitor/stagemonitor/stagemonitor-*/hs_err_*.log: No such file or directory

travis_time:end:00920d99:start=1660982186343663654,finish=1660982186355406286,duration=11742632[0Ktravis_fold:end:after_failure[0K
Done. Your build exited with 1.
