[INFO] Scanning for projects...
[INFO]                                                                         
[INFO] ------------------------------------------------------------------------
[INFO] Building Maven Core 3.2.4-SNAPSHOT
[INFO] ------------------------------------------------------------------------
[INFO] 
[INFO] --- maven-enforcer-plugin:1.3.1:enforce (enforce-bytecode-version) @ maven-core ---
[INFO] 
[INFO] --- maven-enforcer-plugin:1.3.1:enforce (ban-known-bad-maven-versions) @ maven-core ---
[INFO] 
[INFO] --- apache-rat-plugin:0.11:check (rat-check) @ maven-core ---
[INFO] 51 implicit excludes (use -debug for more details).
[INFO] Exclude: src/test/resources*/**
[INFO] Exclude: src/test/projects/**
[INFO] Exclude: src/test/remote-repo/**
[INFO] Exclude: **/*.odg
[INFO] Exclude: lifecycle-executor.txt
[INFO] Exclude: plugin-manager.txt
[INFO] Exclude: project-builder.txt
[INFO] Exclude: src/site/resources/design/**
[INFO] Exclude: bootstrap/**
[INFO] Exclude: README.bootstrap.txt
[INFO] Exclude: .repository/**
[INFO] Exclude: .maven/spy.log
[INFO] 416 resources included (use -debug for more details)
[INFO] Rat check: Summary of files. Unapproved: 0 unknown: 0 generated: 0 approved: 416 licence.
[INFO] 
[INFO] --- buildnumber-maven-plugin:1.2:create-timestamp (create-noncanonicalrev) @ maven-core ---
[INFO] 
[INFO] --- buildnumber-maven-plugin:1.2:create (create-buildnumber) @ maven-core ---
[INFO] Checking for local modifications: skipped.
[INFO] Updating project files from SCM: skipped.
[INFO] Executing: /bin/sh -c cd /home/ylyu/parallel/maven/maven9/dataset/mng/MNG-5727_ce6f0bfdb527e20c3afbd76b9c742e07b13d25b2/maven-core && git rev-parse --verify HEAD
[INFO] Working directory: /home/ylyu/parallel/maven/maven9/dataset/mng/MNG-5727_ce6f0bfdb527e20c3afbd76b9c742e07b13d25b2/maven-core
[INFO] Storing buildNumber: NON-CANONICAL_2016-07-13T21:28:45_ylyu at timestamp: 1468470525432
[INFO] Executing: /bin/sh -c cd /home/ylyu/parallel/maven/maven9/dataset/mng/MNG-5727_ce6f0bfdb527e20c3afbd76b9c742e07b13d25b2/maven-core && git rev-parse --verify HEAD
[INFO] Working directory: /home/ylyu/parallel/maven/maven9/dataset/mng/MNG-5727_ce6f0bfdb527e20c3afbd76b9c742e07b13d25b2/maven-core
[INFO] Storing buildScmBranch: UNKNOWN_BRANCH
[INFO] 
[INFO] --- modello-maven-plugin:1.8.1:java (standard) @ maven-core ---
[INFO] outputDirectory: /home/ylyu/parallel/maven/maven9/dataset/mng/MNG-5727_ce6f0bfdb527e20c3afbd76b9c742e07b13d25b2/maven-core/target/generated-sources/modello
[INFO] Working on model: src/main/mdo/toolchains.mdo
[INFO] Generating current version: 1.1.0
[INFO] 
[INFO] --- modello-maven-plugin:1.8.1:xpp3-reader (standard) @ maven-core ---
[INFO] outputDirectory: /home/ylyu/parallel/maven/maven9/dataset/mng/MNG-5727_ce6f0bfdb527e20c3afbd76b9c742e07b13d25b2/maven-core/target/generated-sources/modello
[INFO] Working on model: src/main/mdo/toolchains.mdo
[INFO] Generating current version: 1.1.0
[INFO] 
[INFO] --- modello-maven-plugin:1.8.1:xpp3-writer (standard) @ maven-core ---
[INFO] outputDirectory: /home/ylyu/parallel/maven/maven9/dataset/mng/MNG-5727_ce6f0bfdb527e20c3afbd76b9c742e07b13d25b2/maven-core/target/generated-sources/modello
[INFO] Working on model: src/main/mdo/toolchains.mdo
[INFO] Generating current version: 1.1.0
[INFO] 
[INFO] --- maven-remote-resources-plugin:1.5:process (default) @ maven-core ---
[INFO] 
[INFO] --- maven-resources-plugin:2.6:resources (default-resources) @ maven-core ---
[INFO] Using 'UTF-8' encoding to copy filtered resources.
[INFO] Copying 17 resources
[INFO] Copying 3 resources
[INFO] 
[INFO] --- maven-compiler-plugin:3.1:compile (default-compile) @ maven-core ---
[INFO] Changes detected - recompiling the module!
[INFO] Compiling 314 source files to /home/ylyu/parallel/maven/maven9/dataset/mng/MNG-5727_ce6f0bfdb527e20c3afbd76b9c742e07b13d25b2/maven-core/target/classes
[WARNING] /home/ylyu/parallel/maven/maven9/dataset/mng/MNG-5727_ce6f0bfdb527e20c3afbd76b9c742e07b13d25b2/maven-core/src/main/java/org/apache/maven/artifact/repository/metadata/RepositoryMetadataManager.java: Some input files use or override a deprecated API.
[WARNING] /home/ylyu/parallel/maven/maven9/dataset/mng/MNG-5727_ce6f0bfdb527e20c3afbd76b9c742e07b13d25b2/maven-core/src/main/java/org/apache/maven/artifact/repository/metadata/RepositoryMetadataManager.java: Recompile with -Xlint:deprecation for details.
[WARNING] /home/ylyu/parallel/maven/maven9/dataset/mng/MNG-5727_ce6f0bfdb527e20c3afbd76b9c742e07b13d25b2/maven-core/src/main/java/org/apache/maven/execution/ReactorManager.java: Some input files use unchecked or unsafe operations.
[WARNING] /home/ylyu/parallel/maven/maven9/dataset/mng/MNG-5727_ce6f0bfdb527e20c3afbd76b9c742e07b13d25b2/maven-core/src/main/java/org/apache/maven/execution/ReactorManager.java: Recompile with -Xlint:unchecked for details.
[INFO] 
[INFO] --- animal-sniffer-maven-plugin:1.10:check (check-java-1.6-compat) @ maven-core ---
[INFO] Checking unresolved references to org.codehaus.mojo.signature:java16:1.1
[INFO] 
[INFO] --- plexus-component-metadata:1.5.5:generate-metadata (default) @ maven-core ---
[INFO] Discovered 59 component descriptors(s)
[INFO] 
[INFO] --- sisu-maven-plugin:1.1:main-index (default) @ maven-core ---
[INFO] 
[INFO] --- maven-resources-plugin:2.6:testResources (default-testResources) @ maven-core ---
[INFO] Using 'UTF-8' encoding to copy filtered resources.
[INFO] Copying 220 resources
[INFO] Copying 3 resources
[INFO] 
[INFO] --- maven-compiler-plugin:3.1:testCompile (default-testCompile) @ maven-core ---
[INFO] Nothing to compile - all classes are up to date
[INFO] 
[INFO] --- plexus-component-metadata:1.5.5:generate-test-metadata (default) @ maven-core ---
[INFO] Discovered 4 component descriptors(s)
[INFO] 
[INFO] --- sisu-maven-plugin:1.1:test-index (default) @ maven-core ---
[INFO] 
[INFO] --- maven-surefire-plugin:2.17:test (default-test) @ maven-core ---
[INFO] Surefire report directory: /home/ylyu/parallel/maven/maven9/dataset/mng/MNG-5727_ce6f0bfdb527e20c3afbd76b9c742e07b13d25b2/maven-core/target/surefire-reports

-------------------------------------------------------
 T E S T S
-------------------------------------------------------
Running org.apache.maven.configuration.DefaultBeanConfiguratorTest
Tests run: 3, Failures: 0, Errors: 0, Skipped: 0, Time elapsed: 0.74 sec - in org.apache.maven.configuration.DefaultBeanConfiguratorTest
Running org.apache.maven.lifecycle.LifecycleExecutorTest
Tests run: 13, Failures: 0, Errors: 0, Skipped: 0, Time elapsed: 2.102 sec - in org.apache.maven.lifecycle.LifecycleExecutorTest
Running org.apache.maven.lifecycle.MavenExecutionPlanTest
Tests run: 4, Failures: 0, Errors: 0, Skipped: 0, Time elapsed: 0.001 sec - in org.apache.maven.lifecycle.MavenExecutionPlanTest
Running org.apache.maven.lifecycle.LifecycleExecutorSubModulesTest
Tests run: 1, Failures: 0, Errors: 0, Skipped: 0, Time elapsed: 0.07 sec - in org.apache.maven.lifecycle.LifecycleExecutorSubModulesTest
Running org.apache.maven.lifecycle.internal.ConcurrencyDependencyGraphTest
Tests run: 2, Failures: 0, Errors: 0, Skipped: 0, Time elapsed: 0 sec - in org.apache.maven.lifecycle.internal.ConcurrencyDependencyGraphTest
Running org.apache.maven.lifecycle.internal.LifecycleTaskSegmentCalculatorImplTest
Tests run: 1, Failures: 0, Errors: 0, Skipped: 0, Time elapsed: 0 sec - in org.apache.maven.lifecycle.internal.LifecycleTaskSegmentCalculatorImplTest
Running org.apache.maven.lifecycle.internal.LifecycleExecutionPlanCalculatorTest
Tests run: 1, Failures: 0, Errors: 0, Skipped: 0, Time elapsed: 0.059 sec - in org.apache.maven.lifecycle.internal.LifecycleExecutionPlanCalculatorTest
Running org.apache.maven.lifecycle.internal.stub.ProjectDependencyGraphStubTest
Tests run: 1, Failures: 0, Errors: 0, Skipped: 0, Time elapsed: 0 sec - in org.apache.maven.lifecycle.internal.stub.ProjectDependencyGraphStubTest
Running org.apache.maven.lifecycle.internal.PhaseRecorderTest
Tests run: 1, Failures: 0, Errors: 0, Skipped: 0, Time elapsed: 0 sec - in org.apache.maven.lifecycle.internal.PhaseRecorderTest
Running org.apache.maven.lifecycle.internal.BuildListCalculatorTest
Tests run: 1, Failures: 0, Errors: 0, Skipped: 0, Time elapsed: 0 sec - in org.apache.maven.lifecycle.internal.BuildListCalculatorTest
Running org.apache.maven.lifecycle.internal.builder.multithreaded.ThreadOutputMuxerTest
Tests run: 2, Failures: 0, Errors: 0, Skipped: 0, Time elapsed: 0.713 sec - in org.apache.maven.lifecycle.internal.builder.multithreaded.ThreadOutputMuxerTest
Running org.apache.maven.lifecycle.internal.BuilderCommonTest
Tests run: 4, Failures: 0, Errors: 0, Skipped: 0, Time elapsed: 0.003 sec - in org.apache.maven.lifecycle.internal.BuilderCommonTest
Running org.apache.maven.lifecycle.internal.ProjectBuildListTest
Tests run: 1, Failures: 0, Errors: 0, Skipped: 0, Time elapsed: 0.001 sec - in org.apache.maven.lifecycle.internal.ProjectBuildListTest
Running org.apache.maven.lifecycle.DefaultLifecyclesTest
Tests run: 1, Failures: 0, Errors: 0, Skipped: 0, Time elapsed: 0.038 sec - in org.apache.maven.lifecycle.DefaultLifecyclesTest
Running org.apache.maven.MavenLifecycleParticipantTest
Tests run: 2, Failures: 0, Errors: 0, Skipped: 0, Time elapsed: 0.275 sec - in org.apache.maven.MavenLifecycleParticipantTest
Running org.apache.maven.rtinfo.internal.DefaultRuntimeInformationTest
Tests run: 2, Failures: 0, Errors: 0, Skipped: 0, Time elapsed: 0.045 sec - in org.apache.maven.rtinfo.internal.DefaultRuntimeInformationTest
Running org.apache.maven.execution.scope.internal.MojoExecutionScopeTest
Tests run: 2, Failures: 0, Errors: 0, Skipped: 0, Time elapsed: 0.001 sec - in org.apache.maven.execution.scope.internal.MojoExecutionScopeTest
Running org.apache.maven.execution.DefaultMavenExecutionTest
Tests run: 2, Failures: 0, Errors: 0, Skipped: 0, Time elapsed: 0 sec - in org.apache.maven.execution.DefaultMavenExecutionTest
Running org.apache.maven.artifact.handler.ArtifactHandlerTest
Tests run: 1, Failures: 0, Errors: 0, Skipped: 0, Time elapsed: 0.041 sec - in org.apache.maven.artifact.handler.ArtifactHandlerTest
Running org.apache.maven.ProjectDependenciesResolverTest
Tests run: 2, Failures: 0, Errors: 0, Skipped: 0, Time elapsed: 0.127 sec - in org.apache.maven.ProjectDependenciesResolverTest
Running org.apache.maven.DefaultProjectDependencyGraphTest
Tests run: 8, Failures: 0, Errors: 0, Skipped: 0, Time elapsed: 0.002 sec - in org.apache.maven.DefaultProjectDependencyGraphTest
Running org.apache.maven.plugin.PluginManagerTest
Tests run: 11, Failures: 0, Errors: 0, Skipped: 0, Time elapsed: 0.566 sec - in org.apache.maven.plugin.PluginManagerTest
Running org.apache.maven.plugin.PluginParameterExceptionTest
Tests run: 4, Failures: 0, Errors: 0, Skipped: 0, Time elapsed: 0 sec - in org.apache.maven.plugin.PluginParameterExceptionTest
Running org.apache.maven.plugin.internal.DefaultLegacySupportTest
Tests run: 1, Failures: 0, Errors: 0, Skipped: 0, Time elapsed: 0.001 sec - in org.apache.maven.plugin.internal.DefaultLegacySupportTest
Running org.apache.maven.plugin.PluginParameterExpressionEvaluatorTest
Tests run: 16, Failures: 0, Errors: 0, Skipped: 0, Time elapsed: 0.656 sec - in org.apache.maven.plugin.PluginParameterExpressionEvaluatorTest
Running org.apache.maven.project.artifact.MavenMetadataSourceTest
Tests run: 1, Failures: 0, Errors: 0, Skipped: 0, Time elapsed: 0.013 sec - in org.apache.maven.project.artifact.MavenMetadataSourceTest
Running org.apache.maven.project.artifact.DefaultMavenMetadataCacheTest
Tests run: 1, Failures: 0, Errors: 0, Skipped: 0, Time elapsed: 0.015 sec - in org.apache.maven.project.artifact.DefaultMavenMetadataCacheTest
Running org.apache.maven.project.ProjectSorterTest
Tests run: 12, Failures: 0, Errors: 0, Skipped: 0, Time elapsed: 0.003 sec - in org.apache.maven.project.ProjectSorterTest
Running org.apache.maven.project.ExtensionDescriptorBuilderTest
Tests run: 2, Failures: 0, Errors: 0, Skipped: 0, Time elapsed: 0 sec - in org.apache.maven.project.ExtensionDescriptorBuilderTest
Running org.apache.maven.project.ProjectBuilderTest
Tests run: 3, Failures: 0, Errors: 1, Skipped: 0, Time elapsed: 0.131 sec <<< FAILURE! - in org.apache.maven.project.ProjectBuilderTest
testVersionlessManagedDependency(org.apache.maven.project.ProjectBuilderTest)  Time elapsed: 0.048 sec  <<< ERROR!
org.apache.maven.artifact.InvalidArtifactRTException: For artifact {org.apache.maven.its:a:null:jar}: The version cannot be empty.
	at org.apache.maven.artifact.DefaultArtifact.validateIdentity(DefaultArtifact.java:148)
	at org.apache.maven.artifact.DefaultArtifact.<init>(DefaultArtifact.java:123)
	at org.apache.maven.bridge.MavenRepositorySystem.XcreateArtifact(MavenRepositorySystem.java:695)
	at org.apache.maven.bridge.MavenRepositorySystem.XcreateDependencyArtifact(MavenRepositorySystem.java:613)
	at org.apache.maven.bridge.MavenRepositorySystem.createDependencyArtifact(MavenRepositorySystem.java:120)
	at org.apache.maven.project.DefaultProjectBuilder.initProject(DefaultProjectBuilder.java:808)
	at org.apache.maven.project.DefaultProjectBuilder.build(DefaultProjectBuilder.java:174)
	at org.apache.maven.project.DefaultProjectBuilder.build(DefaultProjectBuilder.java:118)
	at org.apache.maven.project.ProjectBuilderTest.testVersionlessManagedDependency(ProjectBuilderTest.java:79)

Running org.apache.maven.project.canonical.CanonicalProjectBuilderTest
Tests run: 1, Failures: 0, Errors: 0, Skipped: 0, Time elapsed: 0.039 sec - in org.apache.maven.project.canonical.CanonicalProjectBuilderTest
Running org.apache.maven.project.DefaultMavenProjectBuilderTest
Tests run: 5, Failures: 0, Errors: 0, Skipped: 0, Time elapsed: 0.231 sec - in org.apache.maven.project.DefaultMavenProjectBuilderTest
Running org.apache.maven.project.PomConstructionTest
Tests run: 122, Failures: 0, Errors: 0, Skipped: 0, Time elapsed: 4.253 sec - in org.apache.maven.project.PomConstructionTest
Running org.apache.maven.project.MavenProjectTest
Tests run: 9, Failures: 0, Errors: 0, Skipped: 0, Time elapsed: 0.291 sec - in org.apache.maven.project.MavenProjectTest
Running org.apache.maven.toolchain.merge.MavenToolchainMergerTest
Tests run: 4, Failures: 0, Errors: 0, Skipped: 0, Time elapsed: 0.011 sec - in org.apache.maven.toolchain.merge.MavenToolchainMergerTest
Running org.apache.maven.toolchain.RequirementMatcherFactoryTest
Tests run: 2, Failures: 0, Errors: 0, Skipped: 0, Time elapsed: 0.001 sec - in org.apache.maven.toolchain.RequirementMatcherFactoryTest
Running org.apache.maven.toolchain.DefaultToolchainTest
Tests run: 1, Failures: 0, Errors: 0, Skipped: 0, Time elapsed: 0.001 sec - in org.apache.maven.toolchain.DefaultToolchainTest
Running org.apache.maven.exception.DefaultExceptionHandlerTest
Tests run: 1, Failures: 0, Errors: 0, Skipped: 0, Time elapsed: 0.001 sec - in org.apache.maven.exception.DefaultExceptionHandlerTest
Running org.apache.maven.MavenTest
Tests run: 1, Failures: 0, Errors: 0, Skipped: 0, Time elapsed: 0.031 sec - in org.apache.maven.MavenTest
Running org.apache.maven.DefaultMavenTest
Tests run: 1, Failures: 0, Errors: 0, Skipped: 0, Time elapsed: 0.046 sec - in org.apache.maven.DefaultMavenTest
Running org.apache.maven.settings.PomConstructionWithSettingsTest
Tests run: 3, Failures: 0, Errors: 0, Skipped: 0, Time elapsed: 0.1 sec - in org.apache.maven.settings.PomConstructionWithSettingsTest
Running org.apache.maven.settings.SettingsUtilsTest
Tests run: 2, Failures: 0, Errors: 0, Skipped: 0, Time elapsed: 0.001 sec - in org.apache.maven.settings.SettingsUtilsTest

Results :

Tests in error: 
  ProjectBuilderTest.testVersionlessManagedDependency:79 Â» InvalidArtifactRT For...

Tests run: 258, Failures: 0, Errors: 1, Skipped: 0

[INFO] ------------------------------------------------------------------------
[INFO] BUILD FAILURE
[INFO] ------------------------------------------------------------------------
[INFO] Total time: 20.618 s
[INFO] Finished at: 2016-07-13T21:29:03-07:00
[INFO] Final Memory: 30M/978M
[INFO] ------------------------------------------------------------------------
[ERROR] Failed to execute goal org.apache.maven.plugins:maven-surefire-plugin:2.17:test (default-test) on project maven-core: There are test failures.
[ERROR] 
[ERROR] Please refer to /home/ylyu/parallel/maven/maven9/dataset/mng/MNG-5727_ce6f0bfdb527e20c3afbd76b9c742e07b13d25b2/maven-core/target/surefire-reports for the individual test results.
[ERROR] -> [Help 1]
[ERROR] 
[ERROR] To see the full stack trace of the errors, re-run Maven with the -e switch.
[ERROR] Re-run Maven using the -X switch to enable full debug logging.
[ERROR] 
[ERROR] For more information about the errors and possible solutions, please read the following articles:
[ERROR] [Help 1] http://cwiki.apache.org/confluence/display/MAVEN/MojoFailureException
