[INFO] Scanning for projects...
[INFO]                                                                         
[INFO] ------------------------------------------------------------------------
[INFO] Building flink-runtime 1.0-SNAPSHOT
[INFO] ------------------------------------------------------------------------
[INFO] 
[INFO] --- maven-checkstyle-plugin:2.16:check (validate) @ flink-runtime ---
[INFO] 
[INFO] --- maven-enforcer-plugin:1.3.1:enforce (enforce-maven) @ flink-runtime ---
[INFO] 
[INFO] --- git-commit-id-plugin:2.1.5:revision (default) @ flink-runtime ---
[info] 
[info] 
[INFO] 
[INFO] --- build-helper-maven-plugin:1.7:add-source (add-source) @ flink-runtime ---
[INFO] Source directory: /space/parallel/flink/flink9/dataset/flink/FLINK-3011_a402002df7b6a3f21d84f9338b8b0afec1cc65ec/flink-runtime/src/main/scala added.
[INFO] 
[INFO] --- maven-remote-resources-plugin:1.5:process (default) @ flink-runtime ---
[INFO] 
[INFO] --- maven-resources-plugin:2.6:resources (default-resources) @ flink-runtime ---
[INFO] Using 'UTF-8' encoding to copy filtered resources.
[INFO] Copying 1 resource
[INFO] Copying 3 resources
[INFO] 
[INFO] --- scala-maven-plugin:3.1.4:compile (scala-compile-first) @ flink-runtime ---
[INFO] Nothing to compile - all classes are up to date
[INFO] 
[INFO] --- maven-compiler-plugin:3.1:compile (default-compile) @ flink-runtime ---
[INFO] Changes detected - recompiling the module!
[INFO] Compiling 505 source files to /space/parallel/flink/flink9/dataset/flink/FLINK-3011_a402002df7b6a3f21d84f9338b8b0afec1cc65ec/flink-runtime/target/classes
[WARNING] /space/parallel/flink/flink9/dataset/flink/FLINK-3011_a402002df7b6a3f21d84f9338b8b0afec1cc65ec/flink-runtime/src/main/java/org/apache/flink/runtime/operators/CollectorMapDriver.java:[23,45] org.apache.flink.api.common.functions.GenericCollectorMap in org.apache.flink.api.common.functions has been deprecated
[WARNING] /space/parallel/flink/flink9/dataset/flink/FLINK-3011_a402002df7b6a3f21d84f9338b8b0afec1cc65ec/flink-runtime/src/main/java/org/apache/flink/runtime/operators/CollectorMapDriver.java:[43,59] org.apache.flink.api.common.functions.GenericCollectorMap in org.apache.flink.api.common.functions has been deprecated
[WARNING] /space/parallel/flink/flink9/dataset/flink/FLINK-3011_a402002df7b6a3f21d84f9338b8b0afec1cc65ec/flink-runtime/src/main/java/org/apache/flink/runtime/operators/chaining/ChainedCollectorMapDriver.java:[22,45] org.apache.flink.api.common.functions.GenericCollectorMap in org.apache.flink.api.common.functions has been deprecated
[WARNING] /space/parallel/flink/flink9/dataset/flink/FLINK-3011_a402002df7b6a3f21d84f9338b8b0afec1cc65ec/flink-runtime/src/main/java/org/apache/flink/runtime/util/SignalHandler.java:[21,16] sun.misc.Signal is internal proprietary API and may be removed in a future release
[WARNING] /space/parallel/flink/flink9/dataset/flink/FLINK-3011_a402002df7b6a3f21d84f9338b8b0afec1cc65ec/flink-runtime/src/main/java/org/apache/flink/runtime/util/SignalHandler.java:[32,57] sun.misc.SignalHandler is internal proprietary API and may be removed in a future release
[WARNING] /space/parallel/flink/flink9/dataset/flink/FLINK-3011_a402002df7b6a3f21d84f9338b8b0afec1cc65ec/flink-runtime/src/main/java/org/apache/flink/runtime/util/DataOutputSerializer.java:[308,38] sun.misc.Unsafe is internal proprietary API and may be removed in a future release
[WARNING] /space/parallel/flink/flink9/dataset/flink/FLINK-3011_a402002df7b6a3f21d84f9338b8b0afec1cc65ec/flink-runtime/src/main/java/org/apache/flink/runtime/zookeeper/ZooKeeperStateHandleStore.java:[90,44] unchecked conversion
  required: org.apache.flink.runtime.zookeeper.StateStorageHelper<T>
  found:    org.apache.flink.runtime.zookeeper.StateStorageHelper
[WARNING] /space/parallel/flink/flink9/dataset/flink/FLINK-3011_a402002df7b6a3f21d84f9338b8b0afec1cc65ec/flink-runtime/src/main/java/org/apache/flink/runtime/util/DataInputDeserializer.java:[316,38] sun.misc.Unsafe is internal proprietary API and may be removed in a future release
[WARNING] /space/parallel/flink/flink9/dataset/flink/FLINK-3011_a402002df7b6a3f21d84f9338b8b0afec1cc65ec/flink-runtime/src/main/java/org/apache/flink/runtime/util/SignalHandler.java:[34,39] sun.misc.SignalHandler is internal proprietary API and may be removed in a future release
[WARNING] /space/parallel/flink/flink9/dataset/flink/FLINK-3011_a402002df7b6a3f21d84f9338b8b0afec1cc65ec/flink-runtime/src/main/java/org/apache/flink/runtime/util/SignalHandler.java:[38,57] sun.misc.Signal is internal proprietary API and may be removed in a future release
[WARNING] /space/parallel/flink/flink9/dataset/flink/FLINK-3011_a402002df7b6a3f21d84f9338b8b0afec1cc65ec/flink-runtime/src/main/java/org/apache/flink/runtime/util/SignalHandler.java:[38,39] sun.misc.Signal is internal proprietary API and may be removed in a future release
[WARNING] /space/parallel/flink/flink9/dataset/flink/FLINK-3011_a402002df7b6a3f21d84f9338b8b0afec1cc65ec/flink-runtime/src/main/java/org/apache/flink/runtime/util/SignalHandler.java:[47,36] sun.misc.Signal is internal proprietary API and may be removed in a future release
[WARNING] /space/parallel/flink/flink9/dataset/flink/FLINK-3011_a402002df7b6a3f21d84f9338b8b0afec1cc65ec/flink-runtime/src/main/java/org/apache/flink/runtime/util/DependencyVisitor.java:[191,29] visitMethodInsn(int,java.lang.String,java.lang.String,java.lang.String) in org.objectweb.asm.MethodVisitor has been deprecated
[INFO] 
[INFO] --- build-helper-maven-plugin:1.7:add-test-source (add-test-source) @ flink-runtime ---
[INFO] Test Source directory: /space/parallel/flink/flink9/dataset/flink/FLINK-3011_a402002df7b6a3f21d84f9338b8b0afec1cc65ec/flink-runtime/src/test/scala added.
[INFO] 
[INFO] --- maven-resources-plugin:2.6:testResources (default-testResources) @ flink-runtime ---
[INFO] Using 'UTF-8' encoding to copy filtered resources.
[INFO] Copying 2 resources
[INFO] Copying 3 resources
[INFO] 
[INFO] --- scala-maven-plugin:3.1.4:testCompile (scala-test-compile) @ flink-runtime ---
[INFO] Nothing to compile - all classes are up to date
[INFO] 
[INFO] --- maven-compiler-plugin:3.1:testCompile (default-testCompile) @ flink-runtime ---
[INFO] Nothing to compile - all classes are up to date
[INFO] 
[INFO] --- maven-surefire-plugin:2.18.1:test (default-test) @ flink-runtime ---
[INFO] Surefire report directory: /space/parallel/flink/flink9/dataset/flink/FLINK-3011_a402002df7b6a3f21d84f9338b8b0afec1cc65ec/flink-runtime/target/surefire-reports

-------------------------------------------------------
 T E S T S
-------------------------------------------------------
Running org.apache.flink.runtime.operators.drivers.GroupReduceDriverTest
Running org.apache.flink.runtime.operators.drivers.ReduceDriverTest
Running org.apache.flink.runtime.operators.resettable.BlockResettableMutableObjectIteratorTest
Running org.apache.flink.runtime.operators.resettable.NonReusingBlockResettableIteratorTest
Running org.apache.flink.runtime.operators.FullOuterJoinTaskTest
Running org.apache.flink.runtime.operators.drivers.ReduceCombineDriverTest
Running org.apache.flink.runtime.operators.hash.CompactingHashTableTest
Running org.apache.flink.runtime.operators.CombineTaskTest
Tests run: 3, Failures: 0, Errors: 0, Skipped: 0, Time elapsed: 0.786 sec - in org.apache.flink.runtime.operators.drivers.ReduceDriverTest
Running org.apache.flink.runtime.operators.hash.MemoryHashTableTest
Running org.apache.flink.runtime.operators.LeftOuterJoinTaskTest
Running org.apache.flink.runtime.operators.JoinTaskTest
Running org.apache.flink.runtime.operators.hash.HashTableTest
Running org.apache.flink.runtime.operators.drivers.AllGroupReduceDriverTest
Running org.apache.flink.runtime.operators.resettable.SpillingResettableMutableObjectIteratorTest
Tests run: 5, Failures: 0, Errors: 0, Skipped: 0, Time elapsed: 1.329 sec - in org.apache.flink.runtime.operators.drivers.GroupReduceDriverTest
Running org.apache.flink.runtime.operators.resettable.ReusingBlockResettableIteratorTest
Running org.apache.flink.runtime.operators.drivers.AllReduceDriverTest
Running org.apache.flink.runtime.operators.CachedMatchTaskTest
Running org.apache.flink.runtime.operators.CoGroupTaskTest
Running org.apache.flink.runtime.operators.resettable.SpillingResettableIteratorTest
Running org.apache.flink.runtime.operators.CombinerOversizedRecordsTest
Running org.apache.flink.runtime.operators.FlatMapTaskTest
Running org.apache.flink.runtime.operators.RightOuterJoinTaskTest
Tests run: 3, Failures: 0, Errors: 0, Skipped: 0, Time elapsed: 2.344 sec - in org.apache.flink.runtime.operators.drivers.ReduceCombineDriverTest
Tests run: 3, Failures: 0, Errors: 0, Skipped: 0, Time elapsed: 1.851 sec - in org.apache.flink.runtime.operators.drivers.AllGroupReduceDriverTest
Tests run: 3, Failures: 0, Errors: 0, Skipped: 0, Time elapsed: 3.015 sec - in org.apache.flink.runtime.operators.resettable.NonReusingBlockResettableIteratorTest
Running org.apache.flink.runtime.operators.sort.FixedLengthRecordSorterTest
Tests run: 6, Failures: 0, Errors: 0, Skipped: 0, Time elapsed: 2.774 sec - in org.apache.flink.runtime.operators.CombineTaskTest
Running org.apache.flink.runtime.operators.sort.MergeIteratorTest
Tests run: 3, Failures: 0, Errors: 0, Skipped: 0, Time elapsed: 2.433 sec - in org.apache.flink.runtime.operators.drivers.AllReduceDriverTest
Running org.apache.flink.runtime.operators.sort.NormalizedKeySorterTest
Tests run: 3, Failures: 0, Errors: 0, Skipped: 0, Time elapsed: 4.345 sec - in org.apache.flink.runtime.operators.resettable.BlockResettableMutableObjectIteratorTest
Tests run: 3, Failures: 0, Errors: 0, Skipped: 0, Time elapsed: 3.085 sec - in org.apache.flink.runtime.operators.resettable.ReusingBlockResettableIteratorTest
Running org.apache.flink.runtime.operators.sort.LargeRecordHandlerTest
Tests run: 3, Failures: 0, Errors: 0, Skipped: 0, Time elapsed: 0.947 sec - in org.apache.flink.runtime.operators.sort.MergeIteratorTest
Running org.apache.flink.runtime.operators.util.BloomFilterTest
Tests run: 6, Failures: 0, Errors: 0, Skipped: 0, Time elapsed: 3.232 sec - in org.apache.flink.runtime.operators.FlatMapTaskTest
Tests run: 9, Failures: 0, Errors: 0, Skipped: 0, Time elapsed: 0.245 sec - in org.apache.flink.runtime.operators.util.BloomFilterTest
Running org.apache.flink.runtime.operators.util.RecordOutputEmitterTest
Tests run: 4, Failures: 0, Errors: 0, Skipped: 0, Time elapsed: 4.18 sec - in org.apache.flink.runtime.operators.resettable.SpillingResettableIteratorTest
Running org.apache.flink.runtime.operators.util.OutputEmitterTest
Running org.apache.flink.runtime.checkpoint.CheckpointStateRestoreTest
Tests run: 7, Failures: 0, Errors: 0, Skipped: 0, Time elapsed: 0.783 sec - in org.apache.flink.runtime.operators.util.OutputEmitterTest
Running org.apache.flink.runtime.operators.CrossTaskTest
Tests run: 2, Failures: 0, Errors: 0, Skipped: 0, Time elapsed: 5.633 sec - in org.apache.flink.runtime.operators.CombinerOversizedRecordsTest
Running org.apache.flink.runtime.checkpoint.CheckpointCoordinatorTest
Running org.apache.flink.runtime.operators.ReduceTaskTest
Tests run: 2, Failures: 0, Errors: 0, Skipped: 0, Time elapsed: 6.675 sec - in org.apache.flink.runtime.operators.resettable.SpillingResettableMutableObjectIteratorTest
Running org.apache.flink.runtime.checkpoint.CheckpointIDCounterTest$StandaloneCheckpointIDCounterTest
Tests run: 3, Failures: 0, Errors: 0, Skipped: 0, Time elapsed: 1.991 sec - in org.apache.flink.runtime.checkpoint.CheckpointStateRestoreTest
Running org.apache.flink.runtime.checkpoint.StandaloneCompletedCheckpointStoreTest
Running org.apache.flink.runtime.checkpoint.CoordinatorShutdownTest
Running org.apache.flink.runtime.memory.MemoryManagerConcurrentModReleaseTest
Running org.apache.flink.runtime.memory.MemorySegmentSimpleTest
Tests run: 6, Failures: 0, Errors: 0, Skipped: 0, Time elapsed: 1.105 sec - in org.apache.flink.runtime.checkpoint.StandaloneCompletedCheckpointStoreTest
Tests run: 26, Failures: 0, Errors: 0, Skipped: 0, Time elapsed: 10.667 sec - in org.apache.flink.runtime.operators.FullOuterJoinTaskTest
Tests run: 18, Failures: 0, Errors: 0, Skipped: 0, Time elapsed: 9.417 sec - in org.apache.flink.runtime.operators.CoGroupTaskTest
Tests run: 8, Failures: 0, Errors: 0, Skipped: 0, Time elapsed: 3.993 sec - in org.apache.flink.runtime.checkpoint.CheckpointCoordinatorTest
Tests run: 2, Failures: 0, Errors: 0, Skipped: 0, Time elapsed: 1.35 sec - in org.apache.flink.runtime.memory.MemoryManagerConcurrentModReleaseTest
Tests run: 2, Failures: 0, Errors: 0, Skipped: 0, Time elapsed: 3.214 sec - in org.apache.flink.runtime.checkpoint.CheckpointIDCounterTest$StandaloneCheckpointIDCounterTest
Running org.apache.flink.runtime.memory.MemoryManagerTest
Running org.apache.flink.runtime.operators.chaining.ChainTaskTest
Running org.apache.flink.runtime.iterative.event.EventWithAggregatorsTest
Tests run: 2, Failures: 0, Errors: 0, Skipped: 0, Time elapsed: 0.132 sec - in org.apache.flink.runtime.iterative.event.EventWithAggregatorsTest
Running org.apache.flink.runtime.memory.MemoryManagerLazyAllocationTest
Running org.apache.flink.runtime.iterative.concurrent.BlockingBackChannelTest
Running org.apache.flink.runtime.iterative.concurrent.SuperstepBarrierTest
Tests run: 4, Failures: 0, Errors: 0, Skipped: 0, Time elapsed: 1.678 sec - in org.apache.flink.runtime.memory.MemoryManagerTest
Running org.apache.flink.runtime.operators.DataSinkTaskTest
Tests run: 9, Failures: 0, Errors: 0, Skipped: 0, Time elapsed: 4.11 sec - in org.apache.flink.runtime.memory.MemorySegmentSimpleTest
Tests run: 22, Failures: 0, Errors: 0, Skipped: 0, Time elapsed: 13.081 sec - in org.apache.flink.runtime.operators.CachedMatchTaskTest
Running org.apache.flink.runtime.iterative.concurrent.BrokerTest
Running org.apache.flink.runtime.iterative.concurrent.SuperstepKickoffLatchTest
Tests run: 2, Failures: 0, Errors: 0, Skipped: 0, Time elapsed: 1.443 sec - in org.apache.flink.runtime.iterative.concurrent.SuperstepBarrierTest
Tests run: 5, Failures: 0, Errors: 0, Skipped: 0, Time elapsed: 0.592 sec - in org.apache.flink.runtime.iterative.concurrent.SuperstepKickoffLatchTest
Tests run: 4, Failures: 0, Errors: 0, Skipped: 0, Time elapsed: 2.11 sec - in org.apache.flink.runtime.memory.MemoryManagerLazyAllocationTest
Running org.apache.flink.runtime.net.ConnectionUtilsTest
Tests run: 12, Failures: 0, Errors: 0, Skipped: 0, Time elapsed: 8.605 sec - in org.apache.flink.runtime.operators.ReduceTaskTest
Running org.apache.flink.runtime.operators.DataSourceTaskTest
Tests run: 1, Failures: 0, Errors: 0, Skipped: 0, Time elapsed: 2.577 sec - in org.apache.flink.runtime.iterative.concurrent.BlockingBackChannelTest
22 > 18:08:56,802 INFO  org.apache.flink.runtime.blob.BlobServer                      - Created BLOB server storage directory /tmp/blobStore-0dd58dd9-79c9-4ea9-af05-f717e1e61416
22 > 18:08:56,871 INFO  org.apache.flink.runtime.blob.BlobServer                      - Started BLOB server at 0.0.0.0:57500 - max concurrent requests: 50 - max backlog: 1000
Running org.apache.flink.runtime.blob.BlobCacheRetriesTest
Running org.apache.flink.runtime.blob.BlobServerPutTest
Running org.apache.flink.runtime.blob.BlobKeyTest
Tests run: 4, Failures: 0, Errors: 0, Skipped: 0, Time elapsed: 0.166 sec - in org.apache.flink.runtime.blob.BlobKeyTest
Running org.apache.flink.runtime.blob.BlobServerGetTest
24 > 18:08:58,159 INFO  org.apache.flink.runtime.blob.BlobServer                      - Created BLOB server storage directory /tmp/blobStore-6d24764f-abc9-4214-b9c4-3b176ff1641a
Tests run: 1, Failures: 0, Errors: 0, Skipped: 0, Time elapsed: 3.067 sec - in org.apache.flink.runtime.iterative.concurrent.BrokerTest
Tests run: 32, Failures: 0, Errors: 0, Skipped: 0, Time elapsed: 10.868 sec - in org.apache.flink.runtime.operators.CrossTaskTest
24 > 18:08:58,258 INFO  org.apache.flink.runtime.blob.BlobServer                      - Started BLOB server at 0.0.0.0:57198 - max concurrent requests: 50 - max backlog: 1000
Running org.apache.flink.runtime.blob.BlobClientTest
Tests run: 44, Failures: 0, Errors: 0, Skipped: 0, Time elapsed: 16.836 sec - in org.apache.flink.runtime.operators.LeftOuterJoinTaskTest
24 > 18:08:58,417 DEBUG org.apache.flink.runtime.blob.BlobClient                      - PUT content addressable BLOB buffer (2000000 bytes) to /127.0.0.1:51131
24 > 18:08:58,418 DEBUG org.apache.flink.runtime.blob.BlobServerConnection            - Received PUT request for content addressable BLOB
3 > 18:08:58,433 INFO  org.apache.flink.runtime.blob.BlobServer                      - Created BLOB server storage directory /tmp/blobStore-0fbdb2b0-3f54-43dd-a6d7-0aaf4dc3696e
3 > 18:08:58,478 INFO  org.apache.flink.runtime.blob.BlobServer                      - Started BLOB server at 0.0.0.0:35473 - max concurrent requests: 50 - max backlog: 1000
3 > 18:08:58,495 DEBUG org.apache.flink.runtime.blob.BlobClient                      - PUT content addressable BLOB buffer (10 bytes) to /127.0.0.1:38903
3 > 18:08:58,497 DEBUG org.apache.flink.runtime.blob.BlobServerConnection            - Received PUT request for content addressable BLOB
3 > 18:08:58,549 INFO  org.apache.flink.runtime.blob.BlobCache                       - Created BLOB cache storage directory /tmp/blobStore-9d00a35f-d8fe-4cdc-96e0-7df207423b9f
3 > 18:08:58,550 INFO  org.apache.flink.runtime.blob.BlobCache                       - Downloading e89ad5a9631c3efdded7e3ecce79b4d0fedce1bf from localhost/127.0.0.1:35473
3 > 18:08:58,551 DEBUG org.apache.flink.runtime.blob.BlobClient                      - GET content addressable BLOB e89ad5a9631c3efdded7e3ecce79b4d0fedce1bf from /127.0.0.1:38904
3 > 18:08:58,552 DEBUG org.apache.flink.runtime.blob.BlobCache                       - Failed to fetch BLOB e89ad5a9631c3efdded7e3ecce79b4d0fedce1bf from localhost/127.0.0.1:35473 and store it under /tmp/blobStore-9d00a35f-d8fe-4cdc-96e0-7df207423b9f/cache/blob_e89ad5a9631c3efdded7e3ecce79b4d0fedce1bf Retrying...
java.io.IOException: GET operation failed: Broken pipe
	at org.apache.flink.runtime.blob.BlobClient.get(BlobClient.java:165)
	at org.apache.flink.runtime.blob.BlobCache.getURL(BlobCache.java:125)
	at org.apache.flink.runtime.blob.BlobCacheRetriesTest.testBlobFetchRetries(BlobCacheRetriesTest.java:70)
	at sun.reflect.NativeMethodAccessorImpl.invoke0(Native Method)
	at sun.reflect.NativeMethodAccessorImpl.invoke(NativeMethodAccessorImpl.java:57)
	at sun.reflect.DelegatingMethodAccessorImpl.invoke(DelegatingMethodAccessorImpl.java:43)
	at java.lang.reflect.Method.invoke(Method.java:606)
	at org.junit.runners.model.FrameworkMethod$1.runReflectiveCall(FrameworkMethod.java:47)
	at org.junit.internal.runners.model.ReflectiveCallable.run(ReflectiveCallable.java:12)
	at org.junit.runners.model.FrameworkMethod.invokeExplosively(FrameworkMethod.java:44)
	at org.junit.internal.runners.statements.InvokeMethod.evaluate(InvokeMethod.java:17)
	at org.junit.runners.ParentRunner.runLeaf(ParentRunner.java:271)
	at org.junit.runners.BlockJUnit4ClassRunner.runChild(BlockJUnit4ClassRunner.java:70)
	at org.junit.runners.BlockJUnit4ClassRunner.runChild(BlockJUnit4ClassRunner.java:50)
	at org.junit.runners.ParentRunner$3.run(ParentRunner.java:238)
	at org.junit.runners.ParentRunner$1.schedule(ParentRunner.java:63)
	at org.junit.runners.ParentRunner.runChildren(ParentRunner.java:236)
	at org.junit.runners.ParentRunner.access$000(ParentRunner.java:53)
	at org.junit.runners.ParentRunner$2.evaluate(ParentRunner.java:229)
	at org.junit.runners.ParentRunner.run(ParentRunner.java:309)
	at org.apache.maven.surefire.junit4.JUnit4Provider.execute(JUnit4Provider.java:283)
	at org.apache.maven.surefire.junit4.JUnit4Provider.executeWithRerun(JUnit4Provider.java:173)
	at org.apache.maven.surefire.junit4.JUnit4Provider.executeTestSet(JUnit4Provider.java:153)
	at org.apache.maven.surefire.junit4.JUnit4Provider.invoke(JUnit4Provider.java:128)
	at org.apache.maven.surefire.booter.ForkedBooter.invokeProviderInSameClassLoader(ForkedBooter.java:203)
	at org.apache.maven.surefire.booter.ForkedBooter.runSuitesInProcess(ForkedBooter.java:155)
	at org.apache.maven.surefire.booter.ForkedBooter.main(ForkedBooter.java:103)
Caused by: java.net.SocketException: Broken pipe
	at java.net.SocketOutputStream.socketWrite0(Native Method)
	at java.net.SocketOutputStream.socketWrite(SocketOutputStream.java:113)
	at java.net.SocketOutputStream.write(SocketOutputStream.java:138)
	at org.apache.flink.runtime.blob.BlobClient.sendGetHeader(BlobClient.java:193)
	at org.apache.flink.runtime.blob.BlobClient.get(BlobClient.java:158)
	... 26 more
3 > 18:08:58,556 INFO  org.apache.flink.runtime.blob.BlobCache                       - Downloading e89ad5a9631c3efdded7e3ecce79b4d0fedce1bf from localhost/127.0.0.1:35473 (retry 1)
3 > 18:08:58,557 DEBUG org.apache.flink.runtime.blob.BlobClient                      - GET content addressable BLOB e89ad5a9631c3efdded7e3ecce79b4d0fedce1bf from /127.0.0.1:38905
3 > 18:08:58,557 DEBUG org.apache.flink.runtime.blob.BlobCache                       - Failed to fetch BLOB e89ad5a9631c3efdded7e3ecce79b4d0fedce1bf from localhost/127.0.0.1:35473 and store it under /tmp/blobStore-9d00a35f-d8fe-4cdc-96e0-7df207423b9f/cache/blob_e89ad5a9631c3efdded7e3ecce79b4d0fedce1bf Retrying...
java.io.IOException: GET operation failed: Broken pipe
	at org.apache.flink.runtime.blob.BlobClient.get(BlobClient.java:165)
	at org.apache.flink.runtime.blob.BlobCache.getURL(BlobCache.java:125)
	at org.apache.flink.runtime.blob.BlobCacheRetriesTest.testBlobFetchRetries(BlobCacheRetriesTest.java:70)
	at sun.reflect.NativeMethodAccessorImpl.invoke0(Native Method)
	at sun.reflect.NativeMethodAccessorImpl.invoke(NativeMethodAccessorImpl.java:57)
	at sun.reflect.DelegatingMethodAccessorImpl.invoke(DelegatingMethodAccessorImpl.java:43)
	at java.lang.reflect.Method.invoke(Method.java:606)
	at org.junit.runners.model.FrameworkMethod$1.runReflectiveCall(FrameworkMethod.java:47)
	at org.junit.internal.runners.model.ReflectiveCallable.run(ReflectiveCallable.java:12)
	at org.junit.runners.model.FrameworkMethod.invokeExplosively(FrameworkMethod.java:44)
	at org.junit.internal.runners.statements.InvokeMethod.evaluate(InvokeMethod.java:17)
	at org.junit.runners.ParentRunner.runLeaf(ParentRunner.java:271)
	at org.junit.runners.BlockJUnit4ClassRunner.runChild(BlockJUnit4ClassRunner.java:70)
	at org.junit.runners.BlockJUnit4ClassRunner.runChild(BlockJUnit4ClassRunner.java:50)
	at org.junit.runners.ParentRunner$3.run(ParentRunner.java:238)
	at org.junit.runners.ParentRunner$1.schedule(ParentRunner.java:63)
	at org.junit.runners.ParentRunner.runChildren(ParentRunner.java:236)
	at org.junit.runners.ParentRunner.access$000(ParentRunner.java:53)
	at org.junit.runners.ParentRunner$2.evaluate(ParentRunner.java:229)
	at org.junit.runners.ParentRunner.run(ParentRunner.java:309)
	at org.apache.maven.surefire.junit4.JUnit4Provider.execute(JUnit4Provider.java:283)
	at org.apache.maven.surefire.junit4.JUnit4Provider.executeWithRerun(JUnit4Provider.java:173)
	at org.apache.maven.surefire.junit4.JUnit4Provider.executeTestSet(JUnit4Provider.java:153)
	at org.apache.maven.surefire.junit4.JUnit4Provider.invoke(JUnit4Provider.java:128)
	at org.apache.maven.surefire.booter.ForkedBooter.invokeProviderInSameClassLoader(ForkedBooter.java:203)
	at org.apache.maven.surefire.booter.ForkedBooter.runSuitesInProcess(ForkedBooter.java:155)
	at org.apache.maven.surefire.booter.ForkedBooter.main(ForkedBooter.java:103)
Caused by: java.net.SocketException: Broken pipe
	at java.net.SocketOutputStream.socketWrite0(Native Method)
	at java.net.SocketOutputStream.socketWrite(SocketOutputStream.java:113)
	at java.net.SocketOutputStream.write(SocketOutputStream.java:138)
	at org.apache.flink.runtime.blob.BlobClient.sendGetHeader(BlobClient.java:193)
	at org.apache.flink.runtime.blob.BlobClient.get(BlobClient.java:158)
	... 26 more
3 > 18:08:58,559 INFO  org.apache.flink.runtime.blob.BlobCache                       - Downloading e89ad5a9631c3efdded7e3ecce79b4d0fedce1bf from localhost/127.0.0.1:35473 (retry 2)
3 > 18:08:58,559 DEBUG org.apache.flink.runtime.blob.BlobClient                      - GET content addressable BLOB e89ad5a9631c3efdded7e3ecce79b4d0fedce1bf from /127.0.0.1:38906
24 > 18:08:58,700 DEBUG org.apache.flink.runtime.blob.BlobClient                      - PUT content addressable BLOB buffer (44 bytes) to /127.0.0.1:51131
24 > 18:08:58,700 DEBUG org.apache.flink.runtime.blob.BlobServerConnection            - Received PUT request for content addressable BLOB
24 > 18:08:58,746 DEBUG org.apache.flink.runtime.blob.BlobClient                      - PUT BLOB buffer (2000000 bytes) under 017a7a735e969c59a93a0df9f195f9cd / "my test key" to /127.0.0.1:51131
24 > 18:08:58,749 DEBUG org.apache.flink.runtime.blob.BlobServerConnection            - Received PUT request for BLOB under 017a7a735e969c59a93a0df9f195f9cd / "my test key"
3 > 18:08:58,782 INFO  org.apache.flink.runtime.blob.BlobServer                      - Stopped BLOB server at 0.0.0.0:35473
3 > 18:08:58,784 INFO  org.apache.flink.runtime.blob.BlobServer                      - Created BLOB server storage directory /tmp/blobStore-f01c1bd1-4f6e-4d4c-9e2f-95eee745f5bb
3 > 18:08:58,816 INFO  org.apache.flink.runtime.blob.BlobServer                      - Started BLOB server at 0.0.0.0:41139 - max concurrent requests: 50 - max backlog: 1000
3 > 18:08:58,821 DEBUG org.apache.flink.runtime.blob.BlobClient                      - PUT content addressable BLOB buffer (10 bytes) to /127.0.0.1:60571
3 > 18:08:58,821 DEBUG org.apache.flink.runtime.blob.BlobServerConnection            - Received PUT request for content addressable BLOB
Running org.apache.flink.runtime.blob.BlobUtilsTest
3 > 18:08:58,844 INFO  org.apache.flink.runtime.blob.BlobCache                       - Created BLOB cache storage directory /tmp/blobStore-14aee38c-abb6-4413-976a-d7efdf75e998
3 > 18:08:58,844 INFO  org.apache.flink.runtime.blob.BlobCache                       - Downloading e89ad5a9631c3efdded7e3ecce79b4d0fedce1bf from localhost/127.0.0.1:41139
3 > 18:08:58,844 DEBUG org.apache.flink.runtime.blob.BlobClient                      - GET content addressable BLOB e89ad5a9631c3efdded7e3ecce79b4d0fedce1bf from /127.0.0.1:60572
3 > 18:08:58,876 DEBUG org.apache.flink.runtime.blob.BlobCache                       - Failed to fetch BLOB e89ad5a9631c3efdded7e3ecce79b4d0fedce1bf from localhost/127.0.0.1:41139 and store it under /tmp/blobStore-14aee38c-abb6-4413-976a-d7efdf75e998/cache/blob_e89ad5a9631c3efdded7e3ecce79b4d0fedce1bf Retrying...
java.io.IOException: GET operation failed: Connection reset
	at org.apache.flink.runtime.blob.BlobClient.get(BlobClient.java:165)
	at org.apache.flink.runtime.blob.BlobCache.getURL(BlobCache.java:125)
	at org.apache.flink.runtime.blob.BlobCacheRetriesTest.testBlobFetchWithTooManyFailures(BlobCacheRetriesTest.java:130)
	at sun.reflect.NativeMethodAccessorImpl.invoke0(Native Method)
	at sun.reflect.NativeMethodAccessorImpl.invoke(NativeMethodAccessorImpl.java:57)
	at sun.reflect.DelegatingMethodAccessorImpl.invoke(DelegatingMethodAccessorImpl.java:43)
	at java.lang.reflect.Method.invoke(Method.java:606)
	at org.junit.runners.model.FrameworkMethod$1.runReflectiveCall(FrameworkMethod.java:47)
	at org.junit.internal.runners.model.ReflectiveCallable.run(ReflectiveCallable.java:12)
	at org.junit.runners.model.FrameworkMethod.invokeExplosively(FrameworkMethod.java:44)
	at org.junit.internal.runners.statements.InvokeMethod.evaluate(InvokeMethod.java:17)
	at org.junit.runners.ParentRunner.runLeaf(ParentRunner.java:271)
	at org.junit.runners.BlockJUnit4ClassRunner.runChild(BlockJUnit4ClassRunner.java:70)
	at org.junit.runners.BlockJUnit4ClassRunner.runChild(BlockJUnit4ClassRunner.java:50)
	at org.junit.runners.ParentRunner$3.run(ParentRunner.java:238)
	at org.junit.runners.ParentRunner$1.schedule(ParentRunner.java:63)
	at org.junit.runners.ParentRunner.runChildren(ParentRunner.java:236)
	at org.junit.runners.ParentRunner.access$000(ParentRunner.java:53)
	at org.junit.runners.ParentRunner$2.evaluate(ParentRunner.java:229)
	at org.junit.runners.ParentRunner.run(ParentRunner.java:309)
	at org.apache.maven.surefire.junit4.JUnit4Provider.execute(JUnit4Provider.java:283)
	at org.apache.maven.surefire.junit4.JUnit4Provider.executeWithRerun(JUnit4Provider.java:173)
	at org.apache.maven.surefire.junit4.JUnit4Provider.executeTestSet(JUnit4Provider.java:153)
	at org.apache.maven.surefire.junit4.JUnit4Provider.invoke(JUnit4Provider.java:128)
	at org.apache.maven.surefire.booter.ForkedBooter.invokeProviderInSameClassLoader(ForkedBooter.java:203)
	at org.apache.maven.surefire.booter.ForkedBooter.runSuitesInProcess(ForkedBooter.java:155)
	at org.apache.maven.surefire.booter.ForkedBooter.main(ForkedBooter.java:103)
Caused by: java.net.SocketException: Connection reset
	at java.net.SocketInputStream.read(SocketInputStream.java:196)
	at java.net.SocketInputStream.read(SocketInputStream.java:122)
	at java.net.SocketInputStream.read(SocketInputStream.java:210)
	at org.apache.flink.runtime.blob.BlobClient.receiveAndCheckResponse(BlobClient.java:207)
	at org.apache.flink.runtime.blob.BlobClient.get(BlobClient.java:159)
	... 26 more
3 > 18:08:58,878 INFO  org.apache.flink.runtime.blob.BlobCache                       - Downloading e89ad5a9631c3efdded7e3ecce79b4d0fedce1bf from localhost/127.0.0.1:41139 (retry 1)
3 > 18:08:58,903 DEBUG org.apache.flink.runtime.blob.BlobClient                      - GET content addressable BLOB e89ad5a9631c3efdded7e3ecce79b4d0fedce1bf from /127.0.0.1:60573
3 > 18:08:58,904 DEBUG org.apache.flink.runtime.blob.BlobCache                       - Failed to fetch BLOB e89ad5a9631c3efdded7e3ecce79b4d0fedce1bf from localhost/127.0.0.1:41139 and store it under /tmp/blobStore-14aee38c-abb6-4413-976a-d7efdf75e998/cache/blob_e89ad5a9631c3efdded7e3ecce79b4d0fedce1bf Retrying...
java.io.IOException: GET operation failed: Broken pipe
	at org.apache.flink.runtime.blob.BlobClient.get(BlobClient.java:165)
	at org.apache.flink.runtime.blob.BlobCache.getURL(BlobCache.java:125)
	at org.apache.flink.runtime.blob.BlobCacheRetriesTest.testBlobFetchWithTooManyFailures(BlobCacheRetriesTest.java:130)
	at sun.reflect.NativeMethodAccessorImpl.invoke0(Native Method)
	at sun.reflect.NativeMethodAccessorImpl.invoke(NativeMethodAccessorImpl.java:57)
	at sun.reflect.DelegatingMethodAccessorImpl.invoke(DelegatingMethodAccessorImpl.java:43)
	at java.lang.reflect.Method.invoke(Method.java:606)
	at org.junit.runners.model.FrameworkMethod$1.runReflectiveCall(FrameworkMethod.java:47)
	at org.junit.internal.runners.model.ReflectiveCallable.run(ReflectiveCallable.java:12)
	at org.junit.runners.model.FrameworkMethod.invokeExplosively(FrameworkMethod.java:44)
	at org.junit.internal.runners.statements.InvokeMethod.evaluate(InvokeMethod.java:17)
	at org.junit.runners.ParentRunner.runLeaf(ParentRunner.java:271)
	at org.junit.runners.BlockJUnit4ClassRunner.runChild(BlockJUnit4ClassRunner.java:70)
	at org.junit.runners.BlockJUnit4ClassRunner.runChild(BlockJUnit4ClassRunner.java:50)
	at org.junit.runners.ParentRunner$3.run(ParentRunner.java:238)
	at org.junit.runners.ParentRunner$1.schedule(ParentRunner.java:63)
	at org.junit.runners.ParentRunner.runChildren(ParentRunner.java:236)
	at org.junit.runners.ParentRunner.access$000(ParentRunner.java:53)
	at org.junit.runners.ParentRunner$2.evaluate(ParentRunner.java:229)
	at org.junit.runners.ParentRunner.run(ParentRunner.java:309)
	at org.apache.maven.surefire.junit4.JUnit4Provider.execute(JUnit4Provider.java:283)
	at org.apache.maven.surefire.junit4.JUnit4Provider.executeWithRerun(JUnit4Provider.java:173)
	at org.apache.maven.surefire.junit4.JUnit4Provider.executeTestSet(JUnit4Provider.java:153)
	at org.apache.maven.surefire.junit4.JUnit4Provider.invoke(JUnit4Provider.java:128)
	at org.apache.maven.surefire.booter.ForkedBooter.invokeProviderInSameClassLoader(ForkedBooter.java:203)
	at org.apache.maven.surefire.booter.ForkedBooter.runSuitesInProcess(ForkedBooter.java:155)
	at org.apache.maven.surefire.booter.ForkedBooter.main(ForkedBooter.java:103)
Caused by: java.net.SocketException: Broken pipe
	at java.net.SocketOutputStream.socketWrite0(Native Method)
	at java.net.SocketOutputStream.socketWrite(SocketOutputStream.java:113)
	at java.net.SocketOutputStream.write(SocketOutputStream.java:138)
	at org.apache.flink.runtime.blob.BlobClient.sendGetHeader(BlobClient.java:193)
	at org.apache.flink.runtime.blob.BlobClient.get(BlobClient.java:158)
	... 26 more
3 > 18:08:58,905 INFO  org.apache.flink.runtime.blob.BlobCache                       - Downloading e89ad5a9631c3efdded7e3ecce79b4d0fedce1bf from localhost/127.0.0.1:41139 (retry 2)
3 > 18:08:58,911 DEBUG org.apache.flink.runtime.blob.BlobClient                      - GET content addressable BLOB e89ad5a9631c3efdded7e3ecce79b4d0fedce1bf from /127.0.0.1:60575
3 > 18:08:58,911 DEBUG org.apache.flink.runtime.blob.BlobCache                       - Failed to fetch BLOB e89ad5a9631c3efdded7e3ecce79b4d0fedce1bf from localhost/127.0.0.1:41139 and store it under /tmp/blobStore-14aee38c-abb6-4413-976a-d7efdf75e998/cache/blob_e89ad5a9631c3efdded7e3ecce79b4d0fedce1bf Retrying...
java.io.IOException: GET operation failed: Broken pipe
	at org.apache.flink.runtime.blob.BlobClient.get(BlobClient.java:165)
	at org.apache.flink.runtime.blob.BlobCache.getURL(BlobCache.java:125)
	at org.apache.flink.runtime.blob.BlobCacheRetriesTest.testBlobFetchWithTooManyFailures(BlobCacheRetriesTest.java:130)
	at sun.reflect.NativeMethodAccessorImpl.invoke0(Native Method)
	at sun.reflect.NativeMethodAccessorImpl.invoke(NativeMethodAccessorImpl.java:57)
	at sun.reflect.DelegatingMethodAccessorImpl.invoke(DelegatingMethodAccessorImpl.java:43)
	at java.lang.reflect.Method.invoke(Method.java:606)
	at org.junit.runners.model.FrameworkMethod$1.runReflectiveCall(FrameworkMethod.java:47)
	at org.junit.internal.runners.model.ReflectiveCallable.run(ReflectiveCallable.java:12)
	at org.junit.runners.model.FrameworkMethod.invokeExplosively(FrameworkMethod.java:44)
	at org.junit.internal.runners.statements.InvokeMethod.evaluate(InvokeMethod.java:17)
	at org.junit.runners.ParentRunner.runLeaf(ParentRunner.java:271)
	at org.junit.runners.BlockJUnit4ClassRunner.runChild(BlockJUnit4ClassRunner.java:70)
	at org.junit.runners.BlockJUnit4ClassRunner.runChild(BlockJUnit4ClassRunner.java:50)
	at org.junit.runners.ParentRunner$3.run(ParentRunner.java:238)
	at org.junit.runners.ParentRunner$1.schedule(ParentRunner.java:63)
	at org.junit.runners.ParentRunner.runChildren(ParentRunner.java:236)
	at org.junit.runners.ParentRunner.access$000(ParentRunner.java:53)
	at org.junit.runners.ParentRunner$2.evaluate(ParentRunner.java:229)
	at org.junit.runners.ParentRunner.run(ParentRunner.java:309)
	at org.apache.maven.surefire.junit4.JUnit4Provider.execute(JUnit4Provider.java:283)
	at org.apache.maven.surefire.junit4.JUnit4Provider.executeWithRerun(JUnit4Provider.java:173)
	at org.apache.maven.surefire.junit4.JUnit4Provider.executeTestSet(JUnit4Provider.java:153)
	at org.apache.maven.surefire.junit4.JUnit4Provider.invoke(JUnit4Provider.java:128)
	at org.apache.maven.surefire.booter.ForkedBooter.invokeProviderInSameClassLoader(ForkedBooter.java:203)
	at org.apache.maven.surefire.booter.ForkedBooter.runSuitesInProcess(ForkedBooter.java:155)
	at org.apache.maven.surefire.booter.ForkedBooter.main(ForkedBooter.java:103)
Caused by: java.net.SocketException: Broken pipe
	at java.net.SocketOutputStream.socketWrite0(Native Method)
	at java.net.SocketOutputStream.socketWrite(SocketOutputStream.java:113)
	at java.net.SocketOutputStream.write(SocketOutputStream.java:138)
	at org.apache.flink.runtime.blob.BlobClient.sendGetHeader(BlobClient.java:193)
	at org.apache.flink.runtime.blob.BlobClient.get(BlobClient.java:158)
	... 26 more
3 > 18:08:58,913 INFO  org.apache.flink.runtime.blob.BlobCache                       - Downloading e89ad5a9631c3efdded7e3ecce79b4d0fedce1bf from localhost/127.0.0.1:41139 (retry 3)
3 > 18:08:58,914 DEBUG org.apache.flink.runtime.blob.BlobClient                      - GET content addressable BLOB e89ad5a9631c3efdded7e3ecce79b4d0fedce1bf from /127.0.0.1:60576
3 > 18:08:58,914 DEBUG org.apache.flink.runtime.blob.BlobCache                       - Failed to fetch BLOB e89ad5a9631c3efdded7e3ecce79b4d0fedce1bf from localhost/127.0.0.1:41139 and store it under /tmp/blobStore-14aee38c-abb6-4413-976a-d7efdf75e998/cache/blob_e89ad5a9631c3efdded7e3ecce79b4d0fedce1bf Retrying...
java.io.IOException: GET operation failed: Broken pipe
	at org.apache.flink.runtime.blob.BlobClient.get(BlobClient.java:165)
	at org.apache.flink.runtime.blob.BlobCache.getURL(BlobCache.java:125)
	at org.apache.flink.runtime.blob.BlobCacheRetriesTest.testBlobFetchWithTooManyFailures(BlobCacheRetriesTest.java:130)
	at sun.reflect.NativeMethodAccessorImpl.invoke0(Native Method)
	at sun.reflect.NativeMethodAccessorImpl.invoke(NativeMethodAccessorImpl.java:57)
	at sun.reflect.DelegatingMethodAccessorImpl.invoke(DelegatingMethodAccessorImpl.java:43)
	at java.lang.reflect.Method.invoke(Method.java:606)
	at org.junit.runners.model.FrameworkMethod$1.runReflectiveCall(FrameworkMethod.java:47)
	at org.junit.internal.runners.model.ReflectiveCallable.run(ReflectiveCallable.java:12)
	at org.junit.runners.model.FrameworkMethod.invokeExplosively(FrameworkMethod.java:44)
	at org.junit.internal.runners.statements.InvokeMethod.evaluate(InvokeMethod.java:17)
	at org.junit.runners.ParentRunner.runLeaf(ParentRunner.java:271)
	at org.junit.runners.BlockJUnit4ClassRunner.runChild(BlockJUnit4ClassRunner.java:70)
	at org.junit.runners.BlockJUnit4ClassRunner.runChild(BlockJUnit4ClassRunner.java:50)
	at org.junit.runners.ParentRunner$3.run(ParentRunner.java:238)
	at org.junit.runners.ParentRunner$1.schedule(ParentRunner.java:63)
	at org.junit.runners.ParentRunner.runChildren(ParentRunner.java:236)
	at org.junit.runners.ParentRunner.access$000(ParentRunner.java:53)
	at org.junit.runners.ParentRunner$2.evaluate(ParentRunner.java:229)
	at org.junit.runners.ParentRunner.run(ParentRunner.java:309)
	at org.apache.maven.surefire.junit4.JUnit4Provider.execute(JUnit4Provider.java:283)
	at org.apache.maven.surefire.junit4.JUnit4Provider.executeWithRerun(JUnit4Provider.java:173)
	at org.apache.maven.surefire.junit4.JUnit4Provider.executeTestSet(JUnit4Provider.java:153)
	at org.apache.maven.surefire.junit4.JUnit4Provider.invoke(JUnit4Provider.java:128)
	at org.apache.maven.surefire.booter.ForkedBooter.invokeProviderInSameClassLoader(ForkedBooter.java:203)
	at org.apache.maven.surefire.booter.ForkedBooter.runSuitesInProcess(ForkedBooter.java:155)
	at org.apache.maven.surefire.booter.ForkedBooter.main(ForkedBooter.java:103)
Caused by: java.net.SocketException: Broken pipe
	at java.net.SocketOutputStream.socketWrite0(Native Method)
	at java.net.SocketOutputStream.socketWrite(SocketOutputStream.java:113)
	at java.net.SocketOutputStream.write(SocketOutputStream.java:138)
	at org.apache.flink.runtime.blob.BlobClient.sendGetHeader(BlobClient.java:193)
	at org.apache.flink.runtime.blob.BlobClient.get(BlobClient.java:158)
	... 26 more
3 > 18:08:58,916 INFO  org.apache.flink.runtime.blob.BlobCache                       - Downloading e89ad5a9631c3efdded7e3ecce79b4d0fedce1bf from localhost/127.0.0.1:41139 (retry 4)
3 > 18:08:58,916 DEBUG org.apache.flink.runtime.blob.BlobClient                      - GET content addressable BLOB e89ad5a9631c3efdded7e3ecce79b4d0fedce1bf from /127.0.0.1:60577
3 > 18:08:58,916 DEBUG org.apache.flink.runtime.blob.BlobCache                       - Failed to fetch BLOB e89ad5a9631c3efdded7e3ecce79b4d0fedce1bf from localhost/127.0.0.1:41139 and store it under /tmp/blobStore-14aee38c-abb6-4413-976a-d7efdf75e998/cache/blob_e89ad5a9631c3efdded7e3ecce79b4d0fedce1bf Retrying...
java.io.IOException: GET operation failed: Broken pipe
	at org.apache.flink.runtime.blob.BlobClient.get(BlobClient.java:165)
	at org.apache.flink.runtime.blob.BlobCache.getURL(BlobCache.java:125)
	at org.apache.flink.runtime.blob.BlobCacheRetriesTest.testBlobFetchWithTooManyFailures(BlobCacheRetriesTest.java:130)
	at sun.reflect.NativeMethodAccessorImpl.invoke0(Native Method)
	at sun.reflect.NativeMethodAccessorImpl.invoke(NativeMethodAccessorImpl.java:57)
	at sun.reflect.DelegatingMethodAccessorImpl.invoke(DelegatingMethodAccessorImpl.java:43)
	at java.lang.reflect.Method.invoke(Method.java:606)
	at org.junit.runners.model.FrameworkMethod$1.runReflectiveCall(FrameworkMethod.java:47)
	at org.junit.internal.runners.model.ReflectiveCallable.run(ReflectiveCallable.java:12)
	at org.junit.runners.model.FrameworkMethod.invokeExplosively(FrameworkMethod.java:44)
	at org.junit.internal.runners.statements.InvokeMethod.evaluate(InvokeMethod.java:17)
	at org.junit.runners.ParentRunner.runLeaf(ParentRunner.java:271)
	at org.junit.runners.BlockJUnit4ClassRunner.runChild(BlockJUnit4ClassRunner.java:70)
	at org.junit.runners.BlockJUnit4ClassRunner.runChild(BlockJUnit4ClassRunner.java:50)
	at org.junit.runners.ParentRunner$3.run(ParentRunner.java:238)
	at org.junit.runners.ParentRunner$1.schedule(ParentRunner.java:63)
	at org.junit.runners.ParentRunner.runChildren(ParentRunner.java:236)
	at org.junit.runners.ParentRunner.access$000(ParentRunner.java:53)
	at org.junit.runners.ParentRunner$2.evaluate(ParentRunner.java:229)
	at org.junit.runners.ParentRunner.run(ParentRunner.java:309)
	at org.apache.maven.surefire.junit4.JUnit4Provider.execute(JUnit4Provider.java:283)
	at org.apache.maven.surefire.junit4.JUnit4Provider.executeWithRerun(JUnit4Provider.java:173)
	at org.apache.maven.surefire.junit4.JUnit4Provider.executeTestSet(JUnit4Provider.java:153)
	at org.apache.maven.surefire.junit4.JUnit4Provider.invoke(JUnit4Provider.java:128)
	at org.apache.maven.surefire.booter.ForkedBooter.invokeProviderInSameClassLoader(ForkedBooter.java:203)
	at org.apache.maven.surefire.booter.ForkedBooter.runSuitesInProcess(ForkedBooter.java:155)
	at org.apache.maven.surefire.booter.ForkedBooter.main(ForkedBooter.java:103)
Caused by: java.net.SocketException: Broken pipe
	at java.net.SocketOutputStream.socketWrite0(Native Method)
	at java.net.SocketOutputStream.socketWrite(SocketOutputStream.java:113)
	at java.net.SocketOutputStream.write(SocketOutputStream.java:138)
	at org.apache.flink.runtime.blob.BlobClient.sendGetHeader(BlobClient.java:193)
	at org.apache.flink.runtime.blob.BlobClient.get(BlobClient.java:158)
	... 26 more
3 > 18:08:58,918 INFO  org.apache.flink.runtime.blob.BlobCache                       - Downloading e89ad5a9631c3efdded7e3ecce79b4d0fedce1bf from localhost/127.0.0.1:41139 (retry 5)
3 > 18:08:58,918 DEBUG org.apache.flink.runtime.blob.BlobClient                      - GET content addressable BLOB e89ad5a9631c3efdded7e3ecce79b4d0fedce1bf from /127.0.0.1:60578
3 > 18:08:58,919 ERROR org.apache.flink.runtime.blob.BlobCache                       - Failed to fetch BLOB e89ad5a9631c3efdded7e3ecce79b4d0fedce1bf from localhost/127.0.0.1:41139 and store it under /tmp/blobStore-14aee38c-abb6-4413-976a-d7efdf75e998/cache/blob_e89ad5a9631c3efdded7e3ecce79b4d0fedce1bf No retries left.
java.io.IOException: GET operation failed: Broken pipe
	at org.apache.flink.runtime.blob.BlobClient.get(BlobClient.java:165)
	at org.apache.flink.runtime.blob.BlobCache.getURL(BlobCache.java:125)
	at org.apache.flink.runtime.blob.BlobCacheRetriesTest.testBlobFetchWithTooManyFailures(BlobCacheRetriesTest.java:130)
	at sun.reflect.NativeMethodAccessorImpl.invoke0(Native Method)
	at sun.reflect.NativeMethodAccessorImpl.invoke(NativeMethodAccessorImpl.java:57)
	at sun.reflect.DelegatingMethodAccessorImpl.invoke(DelegatingMethodAccessorImpl.java:43)
	at java.lang.reflect.Method.invoke(Method.java:606)
	at org.junit.runners.model.FrameworkMethod$1.runReflectiveCall(FrameworkMethod.java:47)
	at org.junit.internal.runners.model.ReflectiveCallable.run(ReflectiveCallable.java:12)
	at org.junit.runners.model.FrameworkMethod.invokeExplosively(FrameworkMethod.java:44)
	at org.junit.internal.runners.statements.InvokeMethod.evaluate(InvokeMethod.java:17)
	at org.junit.runners.ParentRunner.runLeaf(ParentRunner.java:271)
	at org.junit.runners.BlockJUnit4ClassRunner.runChild(BlockJUnit4ClassRunner.java:70)
	at org.junit.runners.BlockJUnit4ClassRunner.runChild(BlockJUnit4ClassRunner.java:50)
	at org.junit.runners.ParentRunner$3.run(ParentRunner.java:238)
	at org.junit.runners.ParentRunner$1.schedule(ParentRunner.java:63)
	at org.junit.runners.ParentRunner.runChildren(ParentRunner.java:236)
	at org.junit.runners.ParentRunner.access$000(ParentRunner.java:53)
	at org.junit.runners.ParentRunner$2.evaluate(ParentRunner.java:229)
	at org.junit.runners.ParentRunner.run(ParentRunner.java:309)
	at org.apache.maven.surefire.junit4.JUnit4Provider.execute(JUnit4Provider.java:283)
	at org.apache.maven.surefire.junit4.JUnit4Provider.executeWithRerun(JUnit4Provider.java:173)
	at org.apache.maven.surefire.junit4.JUnit4Provider.executeTestSet(JUnit4Provider.java:153)
	at org.apache.maven.surefire.junit4.JUnit4Provider.invoke(JUnit4Provider.java:128)
	at org.apache.maven.surefire.booter.ForkedBooter.invokeProviderInSameClassLoader(ForkedBooter.java:203)
	at org.apache.maven.surefire.booter.ForkedBooter.runSuitesInProcess(ForkedBooter.java:155)
	at org.apache.maven.surefire.booter.ForkedBooter.main(ForkedBooter.java:103)
Caused by: java.net.SocketException: Broken pipe
	at java.net.SocketOutputStream.socketWrite0(Native Method)
	at java.net.SocketOutputStream.socketWrite(SocketOutputStream.java:113)
	at java.net.SocketOutputStream.write(SocketOutputStream.java:138)
	at org.apache.flink.runtime.blob.BlobClient.sendGetHeader(BlobClient.java:193)
	at org.apache.flink.runtime.blob.BlobClient.get(BlobClient.java:158)
	... 26 more
3 > 18:08:58,922 INFO  org.apache.flink.runtime.blob.BlobServer                      - Stopped BLOB server at 0.0.0.0:41139
Tests run: 2, Failures: 0, Errors: 0, Skipped: 0, Time elapsed: 1.674 sec - in org.apache.flink.runtime.blob.BlobCacheRetriesTest
24 > 18:08:58,974 DEBUG org.apache.flink.runtime.blob.BlobClient                      - GET content addressable BLOB 262f98506caff39c940cf74f876fe61a3ed8fe23 from /127.0.0.1:51131
24 > 18:08:59,051 DEBUG org.apache.flink.runtime.blob.BlobClient                      - GET content addressable BLOB 38074a9dacb93dc13b4e7b47970a942c531c6c57 from /127.0.0.1:51157
Running org.apache.flink.runtime.blob.BlobServerDeleteTest
4 > 18:08:59,406 INFO  org.apache.flink.runtime.blob.BlobServer                      - Created BLOB server storage directory /tmp/blobStore-241e318a-f320-47d2-a975-a98c87c23c16
4 > 18:08:59,561 INFO  org.apache.flink.runtime.blob.BlobServer                      - Started BLOB server at 0.0.0.0:35758 - max concurrent requests: 50 - max backlog: 1000
8 > 18:08:59,601 INFO  org.apache.flink.runtime.blob.BlobServer                      - Created BLOB server storage directory /tmp/blobStore-950dd07c-f8f5-432c-b5cd-8a59b01af031
4 > 18:08:59,688 DEBUG org.apache.flink.runtime.blob.BlobClient                      - PUT content addressable BLOB buffer (17000 bytes) to /127.0.0.1:40119
4 > 18:08:59,694 DEBUG org.apache.flink.runtime.blob.BlobServerConnection            - Received PUT request for content addressable BLOB
8 > 18:08:59,708 INFO  org.apache.flink.runtime.blob.BlobServer                      - Started BLOB server at 0.0.0.0:59238 - max concurrent requests: 50 - max backlog: 1000
4 > 18:08:59,739 DEBUG org.apache.flink.runtime.blob.BlobClient                      - GET content addressable BLOB f4cfbb2fa70643191b6619c3ebb3f95242a7326d from /127.0.0.1:40119
Tests run: 44, Failures: 0, Errors: 0, Skipped: 0, Time elapsed: 17.222 sec - in org.apache.flink.runtime.operators.RightOuterJoinTaskTest
4 > 18:08:59,780 DEBUG org.apache.flink.runtime.blob.BlobClient                      - GET content addressable BLOB 0000000000000000000000000000000000000000 from /127.0.0.1:40119
Tests run: 1, Failures: 0, Errors: 0, Skipped: 0, Time elapsed: 3.245 sec - in org.apache.flink.runtime.net.ConnectionUtilsTest
4 > 18:08:59,820 ERROR org.apache.flink.runtime.blob.BlobServerConnection            - GET operation failed
java.io.IOException: Cannot find required BLOB at /tmp/blobStore-241e318a-f320-47d2-a975-a98c87c23c16/cache/blob_0000000000000000000000000000000000000000
	at org.apache.flink.runtime.blob.BlobServerConnection.get(BlobServerConnection.java:202)
	at org.apache.flink.runtime.blob.BlobServerConnection.run(BlobServerConnection.java:112)
8 > 18:08:59,889 DEBUG org.apache.flink.runtime.blob.BlobClient                      - PUT content addressable BLOB buffer (5000000 bytes) to /127.0.0.1:49872
8 > 18:08:59,907 DEBUG org.apache.flink.runtime.blob.BlobServerConnection            - Received PUT request for content addressable BLOB
Tests run: 2, Failures: 0, Errors: 0, Skipped: 0, Time elapsed: 1.067 sec - in org.apache.flink.runtime.blob.BlobUtilsTest
22 > 18:08:59,933 INFO  org.apache.flink.runtime.blob.BlobCache                       - Created BLOB cache storage directory /tmp/blobStore-8628cfff-8051-4202-ba3a-6388f75e755b
4 > 18:08:59,974 DEBUG org.apache.flink.runtime.blob.BlobClient                      - PUT BLOB buffer (17000 bytes) under e11c0688dfe4660490468e935ffcb614 / "testkey" to /127.0.0.1:40127
4 > 18:08:59,975 DEBUG org.apache.flink.runtime.blob.BlobServerConnection            - Socket connection closed
java.net.SocketException: Socket closed
	at java.net.SocketInputStream.socketRead0(Native Method)
	at java.net.SocketInputStream.read(SocketInputStream.java:152)
	at java.net.SocketInputStream.read(SocketInputStream.java:122)
	at java.net.SocketInputStream.read(SocketInputStream.java:210)
	at org.apache.flink.runtime.blob.BlobServerConnection.run(BlobServerConnection.java:101)
4 > 18:08:59,992 DEBUG org.apache.flink.runtime.blob.BlobServerConnection            - Received PUT request for BLOB under e11c0688dfe4660490468e935ffcb614 / "testkey"
Running org.apache.flink.runtime.jobgraph.JobGraphTest
4 > 18:09:00,124 DEBUG org.apache.flink.runtime.blob.BlobClient                      - GET BLOB e11c0688dfe4660490468e935ffcb614 / "testkey" from /127.0.0.1:40127
4 > 18:09:00,205 DEBUG org.apache.flink.runtime.blob.BlobClient                      - GET BLOB e11c0688dfe4660490468e935ffcb614 / "testkey" from /127.0.0.1:40127
4 > 18:09:00,244 ERROR org.apache.flink.runtime.blob.BlobServerConnection            - GET operation failed
java.io.IOException: Cannot find required BLOB at /tmp/blobStore-241e318a-f320-47d2-a975-a98c87c23c16/job_e11c0688dfe4660490468e935ffcb614/blob_dGVzdGtleQ==
	at org.apache.flink.runtime.blob.BlobServerConnection.get(BlobServerConnection.java:202)
	at org.apache.flink.runtime.blob.BlobServerConnection.run(BlobServerConnection.java:112)
4 > 18:09:00,255 DEBUG org.apache.flink.runtime.blob.BlobServerConnection            - Socket connection closed
java.net.SocketException: Socket closed
	at java.net.SocketInputStream.socketRead0(Native Method)
	at java.net.SocketInputStream.read(SocketInputStream.java:152)
	at java.net.SocketInputStream.read(SocketInputStream.java:122)
	at java.net.SocketInputStream.read(SocketInputStream.java:210)
	at org.apache.flink.runtime.blob.BlobServerConnection.run(BlobServerConnection.java:101)
4 > 18:09:00,320 DEBUG org.apache.flink.runtime.blob.BlobClient                      - PUT content addressable BLOB stream to /127.0.0.1:40135
4 > 18:09:00,335 DEBUG org.apache.flink.runtime.blob.BlobServerConnection            - Received PUT request for content addressable BLOB
4 > 18:09:00,367 DEBUG org.apache.flink.runtime.blob.BlobClient                      - GET content addressable BLOB 7330500e9a462fd2f632c0105998c6559ed6b66c from /127.0.0.1:40135
Tests run: 3, Failures: 0, Errors: 0, Skipped: 0, Time elapsed: 18.855 sec - in org.apache.flink.runtime.operators.hash.HashTableTest
8 > 18:09:00,463 DEBUG org.apache.flink.runtime.blob.BlobClient                      - GET content addressable BLOB ddf690d454d845b729a0201db57d9b32a476791c from /127.0.0.1:49872
8 > 18:09:00,473 DEBUG org.apache.flink.runtime.blob.BlobServerConnection            - Socket connection closed
java.net.SocketException: Socket closed
	at java.net.SocketOutputStream.socketWrite(SocketOutputStream.java:121)
	at java.net.SocketOutputStream.write(SocketOutputStream.java:159)
	at org.apache.flink.runtime.blob.BlobServerConnection.get(BlobServerConnection.java:238)
	at org.apache.flink.runtime.blob.BlobServerConnection.run(BlobServerConnection.java:112)
8 > 18:09:00,475 DEBUG org.apache.flink.runtime.blob.BlobServer                      - Shutting down connection BLOB connection for /127.0.0.1:49872
8 > 18:09:00,537 INFO  org.apache.flink.runtime.blob.BlobServer                      - Stopped BLOB server at 0.0.0.0:59238
8 > 18:09:00,538 DEBUG org.apache.flink.runtime.blob.BlobServerConnection            - Socket connection closed
java.net.SocketException: Socket closed
	at java.net.SocketInputStream.socketRead0(Native Method)
	at java.net.SocketInputStream.read(SocketInputStream.java:152)
	at java.net.SocketInputStream.read(SocketInputStream.java:122)
	at java.net.SocketInputStream.read(SocketInputStream.java:210)
	at org.apache.flink.runtime.blob.BlobServerConnection.run(BlobServerConnection.java:101)
8 > 18:09:00,540 INFO  org.apache.flink.runtime.blob.BlobServer                      - Created BLOB server storage directory /tmp/blobStore-ae074901-af9e-4066-938b-70fe682fbfc5
8 > 18:09:00,548 INFO  org.apache.flink.runtime.blob.BlobServer                      - Started BLOB server at 0.0.0.0:48992 - max concurrent requests: 50 - max backlog: 1000
Running org.apache.flink.runtime.filecache.FileCacheDeleteValidationTest
8 > 18:09:00,677 DEBUG org.apache.flink.runtime.blob.BlobClient                      - PUT content addressable BLOB buffer (2000000 bytes) to /127.0.0.1:56547
8 > 18:09:00,680 DEBUG org.apache.flink.runtime.blob.BlobServerConnection            - Received PUT request for content addressable BLOB
22 > 18:09:00,740 INFO  org.apache.flink.runtime.blob.BlobServer                      - Stopped BLOB server at 0.0.0.0:57500
Running org.apache.flink.runtime.jobgraph.JobIdTest
8 > 18:09:00,806 DEBUG org.apache.flink.runtime.blob.BlobClient                      - GET content addressable BLOB b8159f84e0af061e57885848bf3c9fdadc3ef91d from /127.0.0.1:56547
Tests run: 1, Failures: 0, Errors: 0, Skipped: 0, Time elapsed: 0.071 sec - in org.apache.flink.runtime.jobgraph.JobIdTest
8 > 18:09:00,855 ERROR org.apache.flink.runtime.blob.BlobServerConnection            - GET operation failed
java.io.IOException: Cannot find required BLOB at /tmp/blobStore-ae074901-af9e-4066-938b-70fe682fbfc5/cache/blob_b8159f84e0af061e57885848bf3c9fdadc3ef91d
	at org.apache.flink.runtime.blob.BlobServerConnection.get(BlobServerConnection.java:202)
	at org.apache.flink.runtime.blob.BlobServerConnection.run(BlobServerConnection.java:112)
Running org.apache.flink.runtime.jobgraph.JobTaskVertexTest
Running org.apache.flink.runtime.blob.BlobCacheSuccessTest
8 > 18:09:00,950 DEBUG org.apache.flink.runtime.blob.BlobServer                      - Shutting down connection BLOB connection for /127.0.0.1:56547
8 > 18:09:00,953 INFO  org.apache.flink.runtime.blob.BlobServer                      - Stopped BLOB server at 0.0.0.0:48992
Tests run: 2, Failures: 0, Errors: 0, Skipped: 0, Time elapsed: 3.02 sec - in org.apache.flink.runtime.blob.BlobServerGetTest
24 > 18:09:01,262 DEBUG org.apache.flink.runtime.blob.BlobClient                      - GET BLOB 017a7a735e969c59a93a0df9f195f9cd / "my test key" from /127.0.0.1:51157
22 > 18:09:01,348 INFO  org.apache.flink.runtime.blob.BlobServer                      - Created BLOB server storage directory /tmp/blobStore-ca4c10c1-6e9a-494a-9c6f-62fb8d779bbb
22 > 18:09:01,359 INFO  org.apache.flink.runtime.blob.BlobServer                      - Started BLOB server at 0.0.0.0:55156 - max concurrent requests: 50 - max backlog: 1000
22 > 18:09:01,507 INFO  org.apache.flink.runtime.blob.BlobServer                      - Stopped BLOB server at 0.0.0.0:55156
Tests run: 2, Failures: 0, Errors: 0, Skipped: 0, Time elapsed: 11.538 sec - in org.apache.flink.runtime.checkpoint.CoordinatorShutdownTest
10 > 18:09:01,523 INFO  org.apache.flink.runtime.blob.BlobServer                      - Created BLOB server storage directory /tmp/blobStore-03fe5fc0-decd-4bad-94fd-b1e2eaa3cfc6
10 > 18:09:01,595 INFO  org.apache.flink.runtime.blob.BlobServer                      - Started BLOB server at 0.0.0.0:60448 - max concurrent requests: 50 - max backlog: 1000
10 > 18:09:01,695 DEBUG org.apache.flink.runtime.blob.BlobClient                      - PUT content addressable BLOB buffer (2000000 bytes) to /127.0.0.1:46537
10 > 18:09:01,696 DEBUG org.apache.flink.runtime.blob.BlobServerConnection            - Received PUT request for content addressable BLOB
Tests run: 6, Failures: 0, Errors: 0, Skipped: 0, Time elapsed: 1.799 sec - in org.apache.flink.runtime.jobgraph.JobGraphTest
Running org.apache.flink.runtime.jobgraph.jsonplan.JsonGeneratorTest
10 > 18:09:01,939 ERROR org.apache.flink.runtime.blob.BlobServerConnection            - DELETE operation failed
java.io.IOException: Cannot delete BLOB file /tmp/blobStore-03fe5fc0-decd-4bad-94fd-b1e2eaa3cfc6/cache/blob_08f52f89bcea046b29db4ee2066f41c9230398a9
	at org.apache.flink.runtime.blob.BlobServerConnection.delete(BlobServerConnection.java:390)
	at org.apache.flink.runtime.blob.BlobServerConnection.run(BlobServerConnection.java:115)
Running org.apache.flink.runtime.leaderelection.StandaloneLeaderElectionTest
10 > 18:09:02,094 DEBUG org.apache.flink.runtime.blob.BlobServer                      - Shutting down connection BLOB connection for /127.0.0.1:46537
10 > 18:09:02,111 DEBUG org.apache.flink.runtime.blob.BlobServerConnection            - Socket connection closed
java.net.SocketException: Socket closed
	at java.net.SocketInputStream.socketRead0(Native Method)
	at java.net.SocketInputStream.read(SocketInputStream.java:152)
	at java.net.SocketInputStream.read(SocketInputStream.java:122)
	at java.net.SocketInputStream.read(SocketInputStream.java:210)
	at org.apache.flink.runtime.blob.BlobServerConnection.run(BlobServerConnection.java:101)
10 > 18:09:02,124 INFO  org.apache.flink.runtime.blob.BlobServer                      - Stopped BLOB server at 0.0.0.0:60448
10 > 18:09:02,146 INFO  org.apache.flink.runtime.blob.BlobServer                      - Created BLOB server storage directory /tmp/blobStore-f8c91258-58fe-4018-96c2-e74ecf0dc659
1 > 18:09:02,159 INFO  org.apache.flink.runtime.blob.BlobServer                      - Created BLOB server storage directory /tmp/blobStore-64aa05ce-d33d-4105-8c67-3424a1f00a5f
10 > 18:09:02,170 INFO  org.apache.flink.runtime.blob.BlobServer                      - Started BLOB server at 0.0.0.0:48633 - max concurrent requests: 50 - max backlog: 1000
1 > 18:09:02,211 INFO  org.apache.flink.runtime.blob.BlobServer                      - Started BLOB server at 0.0.0.0:59470 - max concurrent requests: 50 - max backlog: 1000
1 > 18:09:02,219 DEBUG org.apache.flink.runtime.blob.BlobClient                      - PUT content addressable BLOB buffer (128 bytes) to /127.0.0.1:35340
1 > 18:09:02,241 DEBUG org.apache.flink.runtime.blob.BlobServerConnection            - Received PUT request for content addressable BLOB
10 > 18:09:02,264 DEBUG org.apache.flink.runtime.blob.BlobClient                      - PUT BLOB buffer (2000000 bytes) under b99bf523682f3a7c8159929707902f8f / "------------fdghljEgRJHF+##4U789Q345" to /127.0.0.1:40935
10 > 18:09:02,266 DEBUG org.apache.flink.runtime.blob.BlobServerConnection            - Received PUT request for BLOB under b99bf523682f3a7c8159929707902f8f / "------------fdghljEgRJHF+##4U789Q345"
1 > 18:09:02,333 DEBUG org.apache.flink.runtime.blob.BlobClient                      - PUT content addressable BLOB buffer (128 bytes) to /127.0.0.1:35340
1 > 18:09:02,333 DEBUG org.apache.flink.runtime.blob.BlobServerConnection            - Received PUT request for content addressable BLOB
1 > 18:09:02,373 INFO  org.apache.flink.runtime.blob.BlobCache                       - Created BLOB cache storage directory /tmp/blobStore-97a6f9b4-1300-4bc2-87ee-181a933825a2
1 > 18:09:02,373 INFO  org.apache.flink.runtime.blob.BlobCache                       - Downloading 0ae4f711ef5d6e9d26c611fd2c8c8ac45ecbf9e7 from 0.0.0.0/0.0.0.0:59470
1 > 18:09:02,382 DEBUG org.apache.flink.runtime.blob.BlobClient                      - GET content addressable BLOB 0ae4f711ef5d6e9d26c611fd2c8c8ac45ecbf9e7 from /127.0.0.1:35344
10 > 18:09:02,382 DEBUG org.apache.flink.runtime.blob.BlobServer                      - Shutting down connection BLOB connection for /127.0.0.1:40935
10 > 18:09:02,384 INFO  org.apache.flink.runtime.blob.BlobServer                      - Stopped BLOB server at 0.0.0.0:48633
10 > 18:09:02,386 INFO  org.apache.flink.runtime.blob.BlobServer                      - Created BLOB server storage directory /tmp/blobStore-9d3becc5-6d05-442d-b96e-b85648300d7a
10 > 18:09:02,390 DEBUG org.apache.flink.runtime.blob.BlobServerConnection            - Socket connection closed
java.net.SocketException: Socket closed
	at java.net.SocketInputStream.socketRead0(Native Method)
	at java.net.SocketInputStream.read(SocketInputStream.java:152)
	at java.net.SocketInputStream.read(SocketInputStream.java:122)
	at java.net.SocketInputStream.read(SocketInputStream.java:210)
	at org.apache.flink.runtime.blob.BlobServerConnection.run(BlobServerConnection.java:101)
10 > 18:09:02,398 INFO  org.apache.flink.runtime.blob.BlobServer                      - Started BLOB server at 0.0.0.0:52704 - max concurrent requests: 50 - max backlog: 1000
10 > 18:09:02,422 DEBUG org.apache.flink.runtime.blob.BlobClient                      - PUT content addressable BLOB buffer (2000000 bytes) to /127.0.0.1:33091
1 > 18:09:02,426 INFO  org.apache.flink.runtime.blob.BlobCache                       - Downloading 6679e963bacac02aa237b48d1fefed467c27fa05 from 0.0.0.0/0.0.0.0:59470
1 > 18:09:02,427 DEBUG org.apache.flink.runtime.blob.BlobClient                      - GET content addressable BLOB 6679e963bacac02aa237b48d1fefed467c27fa05 from /127.0.0.1:35346
1 > 18:09:02,443 DEBUG org.apache.flink.runtime.blob.BlobServer                      - Shutting down connection BLOB connection for /127.0.0.1:35346
1 > 18:09:02,454 INFO  org.apache.flink.runtime.blob.BlobServer                      - Stopped BLOB server at 0.0.0.0:59470
10 > 18:09:02,479 DEBUG org.apache.flink.runtime.blob.BlobServerConnection            - Received PUT request for content addressable BLOB
Tests run: 1, Failures: 0, Errors: 0, Skipped: 0, Time elapsed: 1.537 sec - in org.apache.flink.runtime.blob.BlobCacheSuccessTest
1 > 18:09:02,473 DEBUG org.apache.flink.runtime.blob.BlobServerConnection            - Socket connection closed
java.net.SocketException: Socket closed
	at java.net.SocketInputStream.socketRead0(Native Method)
	at java.net.SocketInputStream.read(SocketInputStream.java:152)
	at java.net.SocketInputStream.read(SocketInputStream.java:122)
	at java.net.SocketInputStream.read(SocketInputStream.java:210)
	at org.apache.flink.runtime.blob.BlobServerConnection.run(BlobServerConnection.java:101)
Running org.apache.flink.runtime.leaderelection.ZooKeeperLeaderElectionTest
10 > 18:09:02,558 DEBUG org.apache.flink.runtime.blob.BlobClient                      - GET content addressable BLOB 9aa0d7eba2ba11513581ed2a92b6b641bbf6e1df from /127.0.0.1:33095
10 > 18:09:02,572 ERROR org.apache.flink.runtime.blob.BlobServerConnection            - GET operation failed
java.io.IOException: Cannot find required BLOB at /tmp/blobStore-9d3becc5-6d05-442d-b96e-b85648300d7a/cache/blob_9aa0d7eba2ba11513581ed2a92b6b641bbf6e1df
	at org.apache.flink.runtime.blob.BlobServerConnection.get(BlobServerConnection.java:202)
	at org.apache.flink.runtime.blob.BlobServerConnection.run(BlobServerConnection.java:112)
10 > 18:09:02,577 DEBUG org.apache.flink.runtime.blob.BlobServer                      - Shutting down connection BLOB connection for /127.0.0.1:33095
10 > 18:09:02,578 INFO  org.apache.flink.runtime.blob.BlobServer                      - Stopped BLOB server at 0.0.0.0:52704
10 > 18:09:02,579 INFO  org.apache.flink.runtime.blob.BlobServer                      - Created BLOB server storage directory /tmp/blobStore-34abef2c-5fcc-4c73-8600-3c7431c52c2e
10 > 18:09:02,583 INFO  org.apache.flink.runtime.blob.BlobServer                      - Started BLOB server at 0.0.0.0:39121 - max concurrent requests: 50 - max backlog: 1000
10 > 18:09:02,598 DEBUG org.apache.flink.runtime.blob.BlobClient                      - PUT BLOB buffer (2000000 bytes) under dd4c32883658c08778c18470f5f1ed9d / "random name" to /127.0.0.1:57072
10 > 18:09:02,599 DEBUG org.apache.flink.runtime.blob.BlobServerConnection            - Socket connection closed
java.net.SocketException: Socket closed
	at java.net.SocketInputStream.socketRead0(Native Method)
	at java.net.SocketInputStream.read(SocketInputStream.java:152)
	at java.net.SocketInputStream.read(SocketInputStream.java:122)
	at java.net.SocketInputStream.read(SocketInputStream.java:210)
	at org.apache.flink.runtime.blob.BlobServerConnection.run(BlobServerConnection.java:101)
10 > 18:09:02,624 DEBUG org.apache.flink.runtime.blob.BlobServerConnection            - Received PUT request for BLOB under dd4c32883658c08778c18470f5f1ed9d / "random name"
10 > 18:09:02,653 DEBUG org.apache.flink.runtime.blob.BlobClient                      - PUT BLOB buffer (712 bytes) under dd4c32883658c08778c18470f5f1ed9d / "any nyme" to /127.0.0.1:57072
10 > 18:09:02,704 DEBUG org.apache.flink.runtime.blob.BlobServerConnection            - Received PUT request for BLOB under dd4c32883658c08778c18470f5f1ed9d / "any nyme"
Running org.apache.flink.runtime.leaderelection.LeaderChangeStateCleanupTest
10 > 18:09:02,746 DEBUG org.apache.flink.runtime.blob.BlobClient                      - GET BLOB dd4c32883658c08778c18470f5f1ed9d / "random name" from /127.0.0.1:57074
Tests run: 4, Failures: 0, Errors: 0, Skipped: 0, Time elapsed: 1.809 sec - in org.apache.flink.runtime.jobgraph.JobTaskVertexTest
10 > 18:09:02,755 ERROR org.apache.flink.runtime.blob.BlobServerConnection            - GET operation failed
java.io.IOException: Cannot find required BLOB at /tmp/blobStore-34abef2c-5fcc-4c73-8600-3c7431c52c2e/job_dd4c32883658c08778c18470f5f1ed9d/blob_cmFuZG9tIG5hbWU=
	at org.apache.flink.runtime.blob.BlobServerConnection.get(BlobServerConnection.java:202)
	at org.apache.flink.runtime.blob.BlobServerConnection.run(BlobServerConnection.java:112)
10 > 18:09:02,760 DEBUG org.apache.flink.runtime.blob.BlobServerConnection            - Socket connection closed
java.net.SocketException: Socket closed
	at java.net.SocketInputStream.socketRead0(Native Method)
	at java.net.SocketInputStream.read(SocketInputStream.java:152)
	at java.net.SocketInputStream.read(SocketInputStream.java:122)
	at java.net.SocketInputStream.read(SocketInputStream.java:210)
	at org.apache.flink.runtime.blob.BlobServerConnection.run(BlobServerConnection.java:101)
10 > 18:09:02,765 DEBUG org.apache.flink.runtime.blob.BlobClient                      - GET BLOB dd4c32883658c08778c18470f5f1ed9d / "any nyme" from /127.0.0.1:57075
10 > 18:09:02,772 ERROR org.apache.flink.runtime.blob.BlobServerConnection            - GET operation failed
java.io.IOException: Cannot find required BLOB at /tmp/blobStore-34abef2c-5fcc-4c73-8600-3c7431c52c2e/job_dd4c32883658c08778c18470f5f1ed9d/blob_YW55IG55bWU=
	at org.apache.flink.runtime.blob.BlobServerConnection.get(BlobServerConnection.java:202)
	at org.apache.flink.runtime.blob.BlobServerConnection.run(BlobServerConnection.java:112)
10 > 18:09:02,783 DEBUG org.apache.flink.runtime.blob.BlobServer                      - Shutting down connection BLOB connection for /127.0.0.1:57075
10 > 18:09:02,784 INFO  org.apache.flink.runtime.blob.BlobServer                      - Stopped BLOB server at 0.0.0.0:39121
10 > 18:09:02,785 INFO  org.apache.flink.runtime.blob.BlobServer                      - Created BLOB server storage directory /tmp/blobStore-829ef26c-c6ef-4d2c-9976-d564fa6e6f31
10 > 18:09:02,786 INFO  org.apache.flink.runtime.blob.BlobServer                      - Started BLOB server at 0.0.0.0:42253 - max concurrent requests: 50 - max backlog: 1000
10 > 18:09:02,807 DEBUG org.apache.flink.runtime.blob.BlobServerConnection            - Socket connection closed
java.net.SocketException: Socket closed
	at java.net.SocketInputStream.socketRead0(Native Method)
	at java.net.SocketInputStream.read(SocketInputStream.java:152)
	at java.net.SocketInputStream.read(SocketInputStream.java:122)
	at java.net.SocketInputStream.read(SocketInputStream.java:210)
	at org.apache.flink.runtime.blob.BlobServerConnection.run(BlobServerConnection.java:101)
10 > 18:09:02,820 DEBUG org.apache.flink.runtime.blob.BlobClient                      - PUT content addressable BLOB buffer (2000000 bytes) to /127.0.0.1:48740
10 > 18:09:02,832 DEBUG org.apache.flink.runtime.blob.BlobServerConnection            - Received PUT request for content addressable BLOB
Tests run: 1, Failures: 0, Errors: 0, Skipped: 0, Time elapsed: 0.808 sec - in org.apache.flink.runtime.leaderelection.StandaloneLeaderElectionTest
Tests run: 46, Failures: 0, Errors: 0, Skipped: 0, Time elapsed: 21.325 sec - in org.apache.flink.runtime.operators.JoinTaskTest
10 > 18:09:02,955 DEBUG org.apache.flink.runtime.blob.BlobServer                      - Shutting down connection BLOB connection for /127.0.0.1:48740
10 > 18:09:02,957 INFO  org.apache.flink.runtime.blob.BlobServer                      - Stopped BLOB server at 0.0.0.0:42253
Tests run: 5, Failures: 0, Errors: 0, Skipped: 0, Time elapsed: 3.516 sec - in org.apache.flink.runtime.blob.BlobServerDeleteTest
Running org.apache.flink.runtime.leaderelection.ZooKeeperLeaderRetrievalTest
Running org.apache.flink.runtime.leaderelection.JobManagerLeaderElectionTest
Running org.apache.flink.runtime.event.task.TaskEventTest
Tests run: 3, Failures: 0, Errors: 0, Skipped: 0, Time elapsed: 0.195 sec - in org.apache.flink.runtime.event.task.TaskEventTest
Running org.apache.flink.runtime.messages.WebMonitorMessagesTest
Running org.apache.flink.runtime.messages.CheckpointMessagesTest
Tests run: 1, Failures: 0, Errors: 0, Skipped: 0, Time elapsed: 2.484 sec - in org.apache.flink.runtime.jobgraph.jsonplan.JsonGeneratorTest
Running org.apache.flink.runtime.executiongraph.ExecutionVertexSchedulingTest
Tests run: 2, Failures: 0, Errors: 0, Skipped: 0, Time elapsed: 0.292 sec - in org.apache.flink.runtime.messages.CheckpointMessagesTest
Tests run: 8, Failures: 0, Errors: 0, Skipped: 0, Time elapsed: 18.481 sec - in org.apache.flink.runtime.operators.util.RecordOutputEmitterTest
Running org.apache.flink.runtime.executiongraph.ExecutionStateProgressTest
24 > 18:09:04,605 INFO  org.apache.flink.runtime.blob.BlobServer                      - Stopped BLOB server at 0.0.0.0:57198
24 > 18:09:04,624 INFO  org.apache.flink.runtime.blob.BlobServer                      - Created BLOB server storage directory /tmp/blobStore-30c1f3d8-a2f1-4f7b-9bd5-726b9b614571
Tests run: 3, Failures: 0, Errors: 0, Skipped: 0, Time elapsed: 0.525 sec - in org.apache.flink.runtime.messages.WebMonitorMessagesTest
24 > 18:09:04,643 INFO  org.apache.flink.runtime.blob.BlobServer                      - Started BLOB server at 0.0.0.0:59143 - max concurrent requests: 50 - max backlog: 1000
Running org.apache.flink.runtime.executiongraph.TerminalStateDeadlockTest
24 > 18:09:04,709 DEBUG org.apache.flink.runtime.blob.BlobClient                      - PUT content addressable BLOB stream to /127.0.0.1:40175
24 > 18:09:04,729 DEBUG org.apache.flink.runtime.blob.BlobServerConnection            - Received PUT request for content addressable BLOB
24 > 18:09:04,834 DEBUG org.apache.flink.runtime.blob.BlobClient                      - PUT BLOB stream under d5fffdb3af846a2e56e574445211e815 / "my test key" to /127.0.0.1:40175
24 > 18:09:04,844 DEBUG org.apache.flink.runtime.blob.BlobServerConnection            - Received PUT request for BLOB under d5fffdb3af846a2e56e574445211e815 / "my test key"
24 > 18:09:04,888 DEBUG org.apache.flink.runtime.blob.BlobServer                      - Shutting down connection BLOB connection for /127.0.0.1:40175
24 > 18:09:04,891 INFO  org.apache.flink.runtime.blob.BlobServer                      - Stopped BLOB server at 0.0.0.0:59143
24 > 18:09:04,900 DEBUG org.apache.flink.runtime.blob.BlobServerConnection            - Socket connection closed
java.net.SocketException: Socket closed
	at java.net.SocketInputStream.read(SocketInputStream.java:190)
	at java.net.SocketInputStream.read(SocketInputStream.java:122)
	at java.net.SocketInputStream.read(SocketInputStream.java:210)
	at org.apache.flink.runtime.blob.BlobServerConnection.run(BlobServerConnection.java:101)
24 > 18:09:04,906 INFO  org.apache.flink.runtime.blob.BlobServer                      - Created BLOB server storage directory /tmp/blobStore-1ff1b21f-3961-48f0-987f-665092abd553
24 > 18:09:04,959 INFO  org.apache.flink.runtime.blob.BlobServer                      - Started BLOB server at 0.0.0.0:53780 - max concurrent requests: 50 - max backlog: 1000
24 > 18:09:04,982 DEBUG org.apache.flink.runtime.blob.BlobClient                      - PUT content addressable BLOB buffer (2000000 bytes) to /127.0.0.1:38294
24 > 18:09:05,001 DEBUG org.apache.flink.runtime.blob.BlobServerConnection            - Received PUT request for content addressable BLOB
4 > 18:09:05,016 DEBUG org.apache.flink.runtime.blob.BlobClient                      - PUT BLOB stream under aa753cc19628a63b83dc006a0ed04148 / "testkey3" to /127.0.0.1:40220
4 > 18:09:05,020 DEBUG org.apache.flink.runtime.blob.BlobServerConnection            - Received PUT request for BLOB under aa753cc19628a63b83dc006a0ed04148 / "testkey3"
4 > 18:09:05,023 DEBUG org.apache.flink.runtime.blob.BlobClient                      - GET BLOB aa753cc19628a63b83dc006a0ed04148 / "testkey3" from /127.0.0.1:40220
Tests run: 3, Failures: 0, Errors: 0, Skipped: 0, Time elapsed: 19.98 sec - in org.apache.flink.runtime.operators.sort.LargeRecordHandlerTest
24 > 18:09:05,072 ERROR org.apache.flink.runtime.blob.BlobServerConnection            - PUT operation failed
java.lang.RuntimeException: Could not create cache directory '/tmp/blobStore-1ff1b21f-3961-48f0-987f-665092abd553/cache'.
	at org.apache.flink.runtime.blob.BlobUtils.getCacheDirectory(BlobUtils.java:128)
	at org.apache.flink.runtime.blob.BlobUtils.getStorageLocation(BlobUtils.java:142)
	at org.apache.flink.runtime.blob.BlobServer.getStorageLocation(BlobServer.java:173)
	at org.apache.flink.runtime.blob.BlobServerConnection.put(BlobServerConnection.java:329)
	at org.apache.flink.runtime.blob.BlobServerConnection.run(BlobServerConnection.java:109)
24 > 18:09:05,230 DEBUG org.apache.flink.runtime.blob.BlobServer                      - Shutting down connection BLOB connection for /127.0.0.1:38294
24 > 18:09:05,232 INFO  org.apache.flink.runtime.blob.BlobServer                      - Stopped BLOB server at 0.0.0.0:53780
24 > 18:09:05,235 INFO  org.apache.flink.runtime.blob.BlobServer                      - Created BLOB server storage directory /tmp/blobStore-960e6b46-65eb-485f-9de6-94e94353e0b6
24 > 18:09:05,239 INFO  org.apache.flink.runtime.blob.BlobServer                      - Started BLOB server at 0.0.0.0:34336 - max concurrent requests: 50 - max backlog: 1000
24 > 18:09:05,267 WARN  org.apache.flink.runtime.blob.BlobServerConnection            - Cannot delete BLOB server staging file /tmp/blobStore-1ff1b21f-3961-48f0-987f-665092abd553/incoming/temp-00000001
24 > 18:09:05,267 DEBUG org.apache.flink.runtime.blob.BlobServerConnection            - Socket connection closed
java.net.SocketException: Socket closed
	at java.net.SocketInputStream.socketRead0(Native Method)
	at java.net.SocketInputStream.read(SocketInputStream.java:152)
	at java.net.SocketInputStream.read(SocketInputStream.java:122)
	at java.net.SocketInputStream.read(SocketInputStream.java:210)
	at org.apache.flink.runtime.blob.BlobServerConnection.run(BlobServerConnection.java:101)
24 > 18:09:05,269 DEBUG org.apache.flink.runtime.blob.BlobClient                      - PUT BLOB buffer (2000000 bytes) under 78a1e9809ed33a896b9627a1ed52b3d1 / "my test key" to /127.0.0.1:37706
24 > 18:09:05,272 DEBUG org.apache.flink.runtime.blob.BlobServerConnection            - Received PUT request for BLOB under 78a1e9809ed33a896b9627a1ed52b3d1 / "my test key"
24 > 18:09:05,276 ERROR org.apache.flink.runtime.blob.BlobServerConnection            - PUT operation failed
java.lang.RuntimeException: Could not create jobId directory '/tmp/blobStore-960e6b46-65eb-485f-9de6-94e94353e0b6/job_78a1e9809ed33a896b9627a1ed52b3d1'.
	at org.apache.flink.runtime.blob.BlobUtils.getJobDirectory(BlobUtils.java:169)
	at org.apache.flink.runtime.blob.BlobUtils.getStorageLocation(BlobUtils.java:155)
	at org.apache.flink.runtime.blob.BlobServer.getStorageLocation(BlobServer.java:186)
	at org.apache.flink.runtime.blob.BlobServerConnection.put(BlobServerConnection.java:319)
	at org.apache.flink.runtime.blob.BlobServerConnection.run(BlobServerConnection.java:109)
24 > 18:09:05,280 DEBUG org.apache.flink.runtime.blob.BlobServerConnection            - Socket connection closed
java.net.SocketException: Socket closed
	at java.net.SocketInputStream.socketRead0(Native Method)
	at java.net.SocketInputStream.read(SocketInputStream.java:152)
	at java.net.SocketInputStream.read(SocketInputStream.java:122)
	at java.net.SocketInputStream.read(SocketInputStream.java:210)
	at org.apache.flink.runtime.blob.BlobServerConnection.run(BlobServerConnection.java:101)
24 > 18:09:05,282 DEBUG org.apache.flink.runtime.blob.BlobServer                      - Shutting down connection BLOB connection for /127.0.0.1:37706
24 > 18:09:05,286 INFO  org.apache.flink.runtime.blob.BlobServer                      - Stopped BLOB server at 0.0.0.0:34336
24 > 18:09:05,287 INFO  org.apache.flink.runtime.blob.BlobServer                      - Created BLOB server storage directory /tmp/blobStore-6d68e3ac-6497-490e-943c-a87b5007e8fa
24 > 18:09:05,295 INFO  org.apache.flink.runtime.blob.BlobServer                      - Started BLOB server at 0.0.0.0:42468 - max concurrent requests: 50 - max backlog: 1000
24 > 18:09:05,344 DEBUG org.apache.flink.runtime.blob.BlobClient                      - PUT content addressable BLOB stream to /127.0.0.1:33230
Running org.apache.flink.runtime.executiongraph.VertexSlotSharingTest
24 > 18:09:05,367 DEBUG org.apache.flink.runtime.blob.BlobServerConnection            - Received PUT request for content addressable BLOB
24 > 18:09:05,428 DEBUG org.apache.flink.runtime.blob.BlobClient                      - PUT BLOB stream under 29f7885a7d387e47c23bb2ddc6574652 / "my test key" to /127.0.0.1:33230
24 > 18:09:05,430 DEBUG org.apache.flink.runtime.blob.BlobServerConnection            - Received PUT request for BLOB under 29f7885a7d387e47c23bb2ddc6574652 / "my test key"
24 > 18:09:05,443 DEBUG org.apache.flink.runtime.blob.BlobServer                      - Shutting down connection BLOB connection for /127.0.0.1:33230
24 > 18:09:05,446 INFO  org.apache.flink.runtime.blob.BlobServer                      - Stopped BLOB server at 0.0.0.0:42468
Tests run: 5, Failures: 0, Errors: 0, Skipped: 0, Time elapsed: 8.083 sec - in org.apache.flink.runtime.blob.BlobServerPutTest
24 > 18:09:05,458 DEBUG org.apache.flink.runtime.blob.BlobServerConnection            - Socket connection closed
java.net.SocketException: Socket closed
	at java.net.SocketInputStream.socketRead0(Native Method)
	at java.net.SocketInputStream.read(SocketInputStream.java:152)
	at java.net.SocketInputStream.read(SocketInputStream.java:122)
	at java.net.SocketInputStream.read(SocketInputStream.java:210)
	at org.apache.flink.runtime.blob.BlobServerConnection.run(BlobServerConnection.java:101)
Tests run: 3, Failures: 0, Errors: 0, Skipped: 0, Time elapsed: 24.951 sec - in org.apache.flink.runtime.operators.hash.CompactingHashTableTest
Running org.apache.flink.runtime.executiongraph.PointwisePatternTest
Running org.apache.flink.runtime.executiongraph.ExecutionGraphDeploymentTest
Running org.apache.flink.runtime.executiongraph.ExecutionVertexCancelTest
Running org.apache.flink.runtime.executiongraph.AllVerticesIteratorTest
Running org.apache.flink.runtime.executiongraph.ExecutionGraphConstructionTest
Running org.apache.flink.runtime.executiongraph.ExecutionVertexDeploymentTest
Running org.apache.flink.runtime.executiongraph.TaskManagerLossFailsTasksTest
Tests run: 1, Failures: 0, Errors: 0, Skipped: 0, Time elapsed: 7.441 sec - in org.apache.flink.runtime.filecache.FileCacheDeleteValidationTest
4 > 18:09:09,110 INFO  org.apache.flink.runtime.blob.BlobServer                      - Stopped BLOB server at 0.0.0.0:35758
Tests run: 4, Failures: 0, Errors: 0, Skipped: 0, Time elapsed: 10.861 sec - in org.apache.flink.runtime.blob.BlobClientTest
Tests run: 1, Failures: 0, Errors: 0, Skipped: 0, Time elapsed: 4.628 sec - in org.apache.flink.runtime.executiongraph.ExecutionStateProgressTest
8 > 18:09:09,381 INFO  org.apache.flink.runtime.blob.BlobServer                      - Created BLOB server storage directory /tmp/blobStore-baa592ea-41a4-410f-9a99-22b75291b918
8 > 18:09:09,428 INFO  org.apache.flink.runtime.blob.BlobServer                      - Started BLOB server at 0.0.0.0:33499 - max concurrent requests: 50 - max backlog: 1000
8 > 18:09:09,522 INFO  org.apache.flink.runtime.blob.BlobServer                      - Created BLOB server storage directory /tmp/blobStore-5c8ee5a2-44cb-49df-bbbb-8b4b7d1ed631
8 > 18:09:09,555 INFO  org.apache.flink.runtime.blob.BlobServer                      - Started BLOB server at 0.0.0.0:44656 - max concurrent requests: 50 - max backlog: 1000
Tests run: 1, Failures: 0, Errors: 0, Skipped: 0, Time elapsed: 4.588 sec - in org.apache.flink.runtime.executiongraph.VertexSlotSharingTest
Running org.apache.flink.runtime.executiongraph.VertexLocationConstraintTest
Running org.apache.flink.runtime.executiongraph.ExecutionGraphRestartTest
Tests run: 7, Failures: 0, Errors: 0, Skipped: 0, Time elapsed: 3.822 sec - in org.apache.flink.runtime.executiongraph.PointwisePatternTest
Tests run: 3, Failures: 0, Errors: 0, Skipped: 0, Time elapsed: 6.602 sec - in org.apache.flink.runtime.executiongraph.ExecutionVertexSchedulingTest
Tests run: 8, Failures: 0, Errors: 0, Skipped: 0, Time elapsed: 3.92 sec - in org.apache.flink.runtime.executiongraph.ExecutionGraphConstructionTest
Tests run: 1, Failures: 0, Errors: 0, Skipped: 0, Time elapsed: 3.991 sec - in org.apache.flink.runtime.executiongraph.AllVerticesIteratorTest
Running org.apache.flink.runtime.jobmanager.JobManagerProcessReapingTest
Running org.apache.flink.runtime.jobmanager.SlotCountExceedingParallelismTest
Tests run: 7, Failures: 0, Errors: 0, Skipped: 0, Time elapsed: 4.894 sec - in org.apache.flink.runtime.executiongraph.ExecutionVertexDeploymentTest
Running org.apache.flink.runtime.executiongraph.LocalInputSplitsTest
Running org.apache.flink.runtime.jobmanager.JobManagerTest
Tests run: 1, Failures: 0, Errors: 0, Skipped: 0, Time elapsed: 5.035 sec - in org.apache.flink.runtime.executiongraph.TaskManagerLossFailsTasksTest
Tests run: 6, Failures: 0, Errors: 0, Skipped: 0, Time elapsed: 3.243 sec - in org.apache.flink.runtime.executiongraph.VertexLocationConstraintTest
Running org.apache.flink.runtime.jobmanager.JobManagerStartupTest
Tests run: 8, Failures: 0, Errors: 0, Skipped: 0, Time elapsed: 29.679 sec - in org.apache.flink.runtime.operators.sort.FixedLengthRecordSorterTest
Running org.apache.flink.runtime.jobmanager.JobManagerConnectionTest
8 > 18:09:14,018 INFO  org.apache.flink.runtime.blob.BlobCache                       - Created BLOB cache storage directory /tmp/blobStore-76aa0f6f-b10f-4216-972d-a4859c4705bd
8 > 18:09:14,063 INFO  org.apache.flink.runtime.blob.BlobCache                       - Created BLOB cache storage directory /tmp/blobStore-ea91d553-ba90-449f-8b2c-8fa760437176
Running org.apache.flink.runtime.jobmanager.scheduler.SchedulerSlotSharingTest
Tests run: 11, Failures: 0, Errors: 0, Skipped: 0, Time elapsed: 8.191 sec - in org.apache.flink.runtime.executiongraph.ExecutionVertexCancelTest
3 > 18:09:15,188 INFO  org.apache.flink.runtime.blob.BlobServer                      - Created BLOB server storage directory /tmp/blobStore-ecba76f3-3a84-4ac5-b436-5368516b5568
3 > 18:09:15,289 INFO  org.apache.flink.runtime.blob.FileSystemBlobStore             - Created blob directory /tmp/junit7276486868164589888/recovery/blob.
3 > 18:09:15,310 INFO  org.apache.flink.runtime.blob.BlobServer                      - Started BLOB server at 0.0.0.0:35293 - max concurrent requests: 50 - max backlog: 1000
Running org.apache.flink.runtime.jobmanager.scheduler.SlotAllocationFutureTest
Running org.apache.flink.runtime.jobmanager.scheduler.ScheduleOrUpdateConsumersTest
[ERROR] [07/14/2016 18:09:16.194] [TestingActorSystem-akka.actor.default-dispatcher-2] [akka://TestingActorSystem/user/$a] Kill (akka.actor.ActorKilledException)
3 > 18:09:16,233 INFO  org.apache.flink.runtime.blob.BlobServer                      - Created BLOB server storage directory /tmp/blobStore-bf86e247-3a59-487a-aceb-2a90b4e99f10
3 > 18:09:16,234 INFO  org.apache.flink.runtime.blob.FileSystemBlobStore             - Created blob directory /tmp/junit5839357963967636027/recovery/blob.
3 > 18:09:16,239 INFO  org.apache.flink.runtime.blob.BlobServer                      - Started BLOB server at 0.0.0.0:56061 - max concurrent requests: 50 - max backlog: 1000
Tests run: 3, Failures: 0, Errors: 0, Skipped: 0, Time elapsed: 0.967 sec - in org.apache.flink.runtime.jobmanager.scheduler.SlotAllocationFutureTest
3 > 18:09:16,390 DEBUG org.apache.flink.runtime.blob.FileSystemBlobStore             - Cleaning up /tmp/junit7276486868164589888/recovery/blob.
3 > 18:09:16,421 INFO  org.apache.flink.runtime.blob.BlobServer                      - Stopped BLOB server at 0.0.0.0:35293
Tests run: 2, Failures: 0, Errors: 1, Skipped: 0, Time elapsed: 6.348 sec <<< FAILURE! - in org.apache.flink.runtime.executiongraph.ExecutionGraphRestartTest
The execution graph must not be manually restartable(org.apache.flink.runtime.executiongraph.ExecutionGraphRestartTest)  Time elapsed: 3.889 sec  <<< ERROR!
org.scalatest.exceptions.TestFailedException: RUNNING did not equal FAILED
	at org.scalatest.Assertions$class.newAssertionFailedException(Assertions.scala:495)
	at org.apache.flink.runtime.executiongraph.ExecutionGraphRestartTest.newAssertionFailedException(ExecutionGraphRestartTest.scala:41)

[INFO] [07/14/2016 18:09:16.464] [TestingActorSystem-akka.actor.default-dispatcher-3] [akka://TestingActorSystem/user/$a] Message [org.apache.flink.runtime.messages.JobManagerMessages$LeaderSessionMessage] from Actor[akka://TestingActorSystem/deadLetters] to Actor[akka://TestingActorSystem/user/$a#271477334] was not delivered. [1] dead letters encountered. This logging can be turned off or adjusted with configuration settings 'akka.log-dead-letters' and 'akka.log-dead-letters-during-shutdown'.
Tests run: 1, Failures: 0, Errors: 0, Skipped: 0, Time elapsed: 12.371 sec - in org.apache.flink.runtime.executiongraph.TerminalStateDeadlockTest
Running org.apache.flink.runtime.jobmanager.scheduler.ScheduleWithCoLocationHintTest
3 > 18:09:17,343 INFO  org.apache.flink.runtime.blob.BlobServer                      - Created BLOB server storage directory /tmp/blobStore-ee89636e-63d3-46f2-ab59-799b2bdd7712
3 > 18:09:17,344 INFO  org.apache.flink.runtime.blob.FileSystemBlobStore             - Created blob directory /tmp/junit5839357963967636027/recovery/blob.
3 > 18:09:17,347 INFO  org.apache.flink.runtime.blob.BlobServer                      - Started BLOB server at 0.0.0.0:60796 - max concurrent requests: 50 - max backlog: 1000
3 > 18:09:17,392 DEBUG org.apache.flink.runtime.blob.FileSystemBlobStore             - Cleaning up /tmp/junit5839357963967636027/recovery/blob.
3 > 18:09:17,399 INFO  org.apache.flink.runtime.blob.BlobServer                      - Stopped BLOB server at 0.0.0.0:56061
[ERROR] [07/14/2016 18:09:17.403] [TestingActorSystem-akka.actor.default-dispatcher-7] [akka://TestingActorSystem/user/$c] Kill (akka.actor.ActorKilledException)
Running org.apache.flink.runtime.jobmanager.scheduler.SetQueueTest
3 > 18:09:17,476 DEBUG org.apache.flink.runtime.blob.FileSystemBlobStore             - Cleaning up /tmp/junit5839357963967636027/recovery/blob.
3 > 18:09:17,477 INFO  org.apache.flink.runtime.blob.BlobServer                      - Stopped BLOB server at 0.0.0.0:60796
[INFO] [07/14/2016 18:09:17.477] [TestingActorSystem-akka.actor.default-dispatcher-6] [akka://TestingActorSystem/user/$c] Message [akka.dispatch.sysmsg.Terminate] from Actor[akka://TestingActorSystem/user/$c#-966461300] to Actor[akka://TestingActorSystem/user/$c#-966461300] was not delivered. [2] dead letters encountered. This logging can be turned off or adjusted with configuration settings 'akka.log-dead-letters' and 'akka.log-dead-letters-during-shutdown'.
[INFO] [07/14/2016 18:09:17.479] [TestingActorSystem-akka.actor.default-dispatcher-4] [akka://TestingActorSystem/user/$c] Message [org.apache.flink.runtime.messages.JobManagerMessages$LeaderSessionMessage] from Actor[akka://TestingActorSystem/deadLetters] to Actor[akka://TestingActorSystem/user/$c#-966461300] was not delivered. [3] dead letters encountered. This logging can be turned off or adjusted with configuration settings 'akka.log-dead-letters' and 'akka.log-dead-letters-during-shutdown'.
Tests run: 2, Failures: 0, Errors: 0, Skipped: 0, Time elapsed: 14.245 sec - in org.apache.flink.runtime.leaderelection.JobManagerLeaderElectionTest
Tests run: 2, Failures: 0, Errors: 0, Skipped: 0, Time elapsed: 0.228 sec - in org.apache.flink.runtime.jobmanager.scheduler.SetQueueTest
Tests run: 7, Failures: 0, Errors: 0, Skipped: 0, Time elapsed: 5.564 sec - in org.apache.flink.runtime.executiongraph.LocalInputSplitsTest
Running org.apache.flink.runtime.jobmanager.scheduler.LifoSetQueueTest
Tests run: 2, Failures: 0, Errors: 0, Skipped: 0, Time elapsed: 0.063 sec - in org.apache.flink.runtime.jobmanager.scheduler.LifoSetQueueTest
4 > 18:09:18,785 INFO  org.apache.flink.runtime.blob.BlobServer                      - Created BLOB server storage directory /tmp/blobStore-8aed455d-6046-4972-8573-36820aa7834b
4 > 18:09:18,811 INFO  org.apache.flink.runtime.blob.BlobServer                      - Started BLOB server at 0.0.0.0:42499 - max concurrent requests: 50 - max backlog: 1000
Running org.apache.flink.runtime.jobmanager.scheduler.SchedulerIsolatedTasksTest
Running org.apache.flink.runtime.jobmanager.scheduler.CoLocationConstraintTest
Running org.apache.flink.runtime.jobmanager.JobSubmitTest
Tests run: 2, Failures: 0, Errors: 0, Skipped: 0, Time elapsed: 26.583 sec - in org.apache.flink.runtime.operators.chaining.ChainTaskTest
Running org.apache.flink.runtime.jobmanager.StandaloneSubmittedJobGraphStoreTest
Running org.apache.flink.runtime.taskmanager.TaskExecutionStateTest
13 > 18:09:20,208 INFO  org.apache.flink.runtime.blob.BlobServer                      - Created BLOB server storage directory /tmp/blobStore-94980899-4609-4807-aab4-0ba61f97b713
Tests run: 1, Failures: 0, Errors: 0, Skipped: 0, Time elapsed: 0.834 sec - in org.apache.flink.runtime.jobmanager.StandaloneSubmittedJobGraphStoreTest
13 > 18:09:20,233 INFO  org.apache.flink.runtime.blob.BlobServer                      - Started BLOB server at 0.0.0.0:51577 - max concurrent requests: 50 - max backlog: 1000
Running org.apache.flink.runtime.taskmanager.TaskManagerTest
Tests run: 2, Failures: 0, Errors: 0, Skipped: 0, Time elapsed: 1.463 sec - in org.apache.flink.runtime.jobmanager.scheduler.CoLocationConstraintTest
Running org.apache.flink.runtime.jobmanager.JobManagerRegistrationTest
Tests run: 3, Failures: 0, Errors: 0, Skipped: 0, Time elapsed: 0.726 sec - in org.apache.flink.runtime.taskmanager.TaskExecutionStateTest
Running org.apache.flink.runtime.taskmanager.TaskAsyncCallTest
14 > 18:09:21,671 INFO  org.apache.flink.runtime.blob.BlobServer                      - Created BLOB server storage directory /tmp/blobStore-7604c047-4d4b-4b45-8f82-3cf800671f73
14 > 18:09:21,747 INFO  org.apache.flink.runtime.blob.BlobServer                      - Started BLOB server at 0.0.0.0:48397 - max concurrent requests: 50 - max backlog: 1000
13 > 18:09:21,824 INFO  org.apache.flink.runtime.blob.BlobCache                       - Created BLOB cache storage directory /tmp/blobStore-49a7ab5a-c850-4708-b17f-25049390b827
Running org.apache.flink.runtime.taskmanager.TaskInputSplitProviderTest
14 > 18:09:22,046 INFO  org.apache.flink.runtime.blob.BlobServer                      - Created BLOB server storage directory /tmp/blobStore-b23ec2bb-1499-47c9-9c88-afe6de785180
14 > 18:09:22,087 INFO  org.apache.flink.runtime.blob.BlobServer                      - Started BLOB server at 0.0.0.0:33869 - max concurrent requests: 50 - max backlog: 1000
14 > 18:09:22,265 INFO  org.apache.flink.runtime.blob.BlobServer                      - Stopped BLOB server at 0.0.0.0:33869
14 > 18:09:22,267 INFO  org.apache.flink.runtime.blob.BlobServer                      - Stopped BLOB server at 0.0.0.0:48397
Tests run: 2, Failures: 0, Errors: 0, Skipped: 0, Time elapsed: 1.592 sec - in org.apache.flink.runtime.jobmanager.JobManagerRegistrationTest
Tests run: 12, Failures: 0, Errors: 0, Skipped: 0, Time elapsed: 7.385 sec - in org.apache.flink.runtime.jobmanager.scheduler.SchedulerSlotSharingTest
2 > 18:09:22,590 INFO  org.apache.flink.runtime.blob.BlobServer                      - Created BLOB server storage directory /tmp/blobStore-f44d9be2-efda-477d-8548-4eb7b5235b24
2 > 18:09:22,627 INFO  org.apache.flink.runtime.blob.BlobServer                      - Started BLOB server at 0.0.0.0:54773 - max concurrent requests: 50 - max backlog: 1000
13 > 18:09:22,969 INFO  org.apache.flink.runtime.blob.BlobServer                      - Stopped BLOB server at 0.0.0.0:51577
Tests run: 2, Failures: 0, Errors: 0, Skipped: 0, Time elapsed: 10.401 sec - in org.apache.flink.runtime.jobmanager.JobManagerTest
4 > 18:09:23,269 INFO  org.apache.flink.runtime.blob.BlobCache                       - Created BLOB cache storage directory /tmp/blobStore-9d8fb005-333e-4ee7-895b-bd1ba2d38214
4 > 18:09:23,280 INFO  org.apache.flink.runtime.blob.BlobCache                       - Created BLOB cache storage directory /tmp/blobStore-1cf3a290-b8b5-48b8-8472-41b8054d00bf
Running org.apache.flink.runtime.taskmanager.TaskManagerStartupTest
Running org.apache.flink.runtime.taskmanager.TaskManagerRegistrationTest
Tests run: 2, Failures: 0, Errors: 0, Skipped: 0, Time elapsed: 10.25 sec - in org.apache.flink.runtime.jobmanager.JobManagerStartupTest
Tests run: 2, Failures: 0, Errors: 0, Skipped: 0, Time elapsed: 10.155 sec - in org.apache.flink.runtime.jobmanager.JobManagerConnectionTest
Running org.apache.flink.runtime.taskmanager.TaskCancelTest
Tests run: 9, Failures: 0, Errors: 0, Skipped: 0, Time elapsed: 7.673 sec - in org.apache.flink.runtime.jobmanager.scheduler.ScheduleWithCoLocationHintTest
Running org.apache.flink.runtime.taskmanager.TaskManagerConfigurationTest
Running org.apache.flink.runtime.taskmanager.TaskManagerComponentsStartupShutdownTest
Tests run: 1, Failures: 0, Errors: 0, Skipped: 0, Time elapsed: 3.414 sec - in org.apache.flink.runtime.taskmanager.TaskInputSplitProviderTest
Running org.apache.flink.runtime.taskmanager.TaskTest
Tests run: 2, Failures: 0, Errors: 0, Skipped: 0, Time elapsed: 22.708 sec - in org.apache.flink.runtime.leaderelection.ZooKeeperLeaderRetrievalTest
Tests run: 14, Failures: 0, Errors: 0, Skipped: 0, Time elapsed: 44.431 sec - in org.apache.flink.runtime.operators.hash.MemoryHashTableTest
Running org.apache.flink.runtime.taskmanager.TaskManagerProcessReapingTest
Tests run: 2, Failures: 0, Errors: 0, Skipped: 0, Time elapsed: 5.485 sec - in org.apache.flink.runtime.taskmanager.TaskAsyncCallTest
8 > 18:09:27,057 INFO  org.apache.flink.runtime.blob.BlobCache                       - Created BLOB cache storage directory /tmp/blobStore-d4ac756c-608c-48be-ba44-30a34374974f
8 > 18:09:27,083 INFO  org.apache.flink.runtime.blob.BlobCache                       - Created BLOB cache storage directory /tmp/blobStore-09fe7c70-594f-4052-8ccb-148effe6f642
2 > 18:09:27,198 INFO  org.apache.flink.runtime.blob.BlobCache                       - Created BLOB cache storage directory /tmp/blobStore-edd9a4fb-ee74-4fab-8364-f1e3a0b3832c
2 > 18:09:27,239 INFO  org.apache.flink.runtime.blob.BlobCache                       - Created BLOB cache storage directory /tmp/blobStore-483acbf7-40a4-4a3f-a2c5-e7069f68ebb3
Running org.apache.flink.runtime.akka.FlinkUntypedActorTest
4 > 18:09:26,870 INFO  org.apache.flink.runtime.blob.BlobServer                      - Stopped BLOB server at 0.0.0.0:42499
Tests run: 3, Failures: 0, Errors: 0, Skipped: 0, Time elapsed: 2.845 sec - in org.apache.flink.runtime.taskmanager.TaskManagerConfigurationTest
8 > 18:09:27,736 INFO  org.apache.flink.runtime.blob.BlobServer                      - Stopped BLOB server at 0.0.0.0:44656
Running org.apache.flink.runtime.client.SerializedJobExecutionResultTest
8 > 18:09:27,736 INFO  org.apache.flink.runtime.blob.BlobServer                      - Stopped BLOB server at 0.0.0.0:33499
Tests run: 6, Failures: 0, Errors: 0, Skipped: 0, Time elapsed: 21.522 sec - in org.apache.flink.runtime.executiongraph.ExecutionGraphDeploymentTest
Tests run: 1, Failures: 0, Errors: 0, Skipped: 0, Time elapsed: 16.286 sec - in org.apache.flink.runtime.jobmanager.SlotCountExceedingParallelismTest
Tests run: 2, Failures: 0, Errors: 0, Skipped: 0, Time elapsed: 0.398 sec - in org.apache.flink.runtime.client.SerializedJobExecutionResultTest
Tests run: 1, Failures: 0, Errors: 0, Skipped: 0, Time elapsed: 16.761 sec - in org.apache.flink.runtime.jobmanager.JobManagerProcessReapingTest
Running org.apache.flink.runtime.akka.AkkaUtilsTest
23 > 18:09:29,131 INFO  org.apache.flink.runtime.blob.BlobCache                       - Created BLOB cache storage directory /tmp/blobStore-5392d5a4-2ec6-4721-b9b3-83e2375b2164
8 > 18:09:29,608 INFO  org.apache.flink.runtime.blob.BlobServer                      - Created BLOB server storage directory /tmp/blobStore-82c64c8b-9625-4727-954d-089bc9664453
8 > 18:09:29,611 INFO  org.apache.flink.runtime.blob.BlobServer                      - Started BLOB server at 0.0.0.0:57475 - max concurrent requests: 50 - max backlog: 1000
8 > 18:09:29,640 INFO  org.apache.flink.runtime.blob.BlobServer                      - Created BLOB server storage directory /tmp/blobStore-03308aa1-d71c-4bb9-91bd-73c3f2ce4b97
8 > 18:09:29,666 INFO  org.apache.flink.runtime.blob.BlobServer                      - Started BLOB server at 0.0.0.0:43730 - max concurrent requests: 50 - max backlog: 1000
Running org.apache.flink.runtime.client.JobClientActorTest
15 > 18:09:29,702 INFO  org.apache.flink.runtime.blob.BlobServer                      - Created BLOB server storage directory /tmp/blobStore-180b941d-a53a-4e01-8386-6031881bc184
15 > 18:09:29,763 INFO  org.apache.flink.runtime.blob.BlobServer                      - Started BLOB server at 0.0.0.0:54482 - max concurrent requests: 50 - max backlog: 1000
23 > 18:09:29,830 INFO  org.apache.flink.runtime.blob.BlobCache                       - Created BLOB cache storage directory /tmp/blobStore-79d6d2eb-c9ae-442a-aa53-f8200459c505
Running org.apache.flink.runtime.execution.librarycache.BlobLibraryCacheManagerTest
15 > 18:09:30,051 DEBUG org.apache.flink.runtime.blob.BlobClient                      - PUT content addressable BLOB buffer (10 bytes) to /127.0.0.1:53442
15 > 18:09:30,059 DEBUG org.apache.flink.runtime.blob.BlobServerConnection            - Received PUT request for content addressable BLOB
19 > 18:09:30,045 INFO  org.apache.flink.runtime.blob.BlobServer                      - Created BLOB server storage directory /tmp/blobStore-f2f3b818-6302-487e-b1f8-e08dad774466
19 > 18:09:30,179 INFO  org.apache.flink.runtime.blob.BlobServer                      - Started BLOB server at 0.0.0.0:56497 - max concurrent requests: 50 - max backlog: 1000
15 > 18:09:30,229 DEBUG org.apache.flink.runtime.blob.BlobClient                      - PUT content addressable BLOB buffer (10 bytes) to /127.0.0.1:53442
15 > 18:09:30,230 DEBUG org.apache.flink.runtime.blob.BlobServerConnection            - Received PUT request for content addressable BLOB
23 > 18:09:30,441 INFO  org.apache.flink.runtime.blob.BlobCache                       - Created BLOB cache storage directory /tmp/blobStore-fce6df3a-1a14-41cb-ad0c-6e8c088d1e40
Running org.apache.flink.runtime.deployment.TaskDeploymentDescriptorTest
Tests run: 2, Failures: 0, Errors: 0, Skipped: 0, Time elapsed: 11.516 sec - in org.apache.flink.runtime.jobmanager.JobSubmitTest
23 > 18:09:30,745 INFO  org.apache.flink.runtime.blob.BlobCache                       - Created BLOB cache storage directory /tmp/blobStore-9420cfa7-f45c-488e-bd26-da24798fcdf4
2 > 18:09:29,740 INFO  org.apache.flink.runtime.blob.BlobServer                      - Stopped BLOB server at 0.0.0.0:54773
15 > 18:09:30,758 INFO  org.apache.flink.runtime.blob.BlobServer                      - Stopped BLOB server at 0.0.0.0:54482
8 > 18:09:30,832 INFO  org.apache.flink.runtime.blob.BlobCache                       - Created BLOB cache storage directory /tmp/blobStore-ae6a359c-77da-4897-8c95-bdd41ae058f8
8 > 18:09:30,863 INFO  org.apache.flink.runtime.blob.BlobCache                       - Created BLOB cache storage directory /tmp/blobStore-78c5f2e4-cd33-492b-9703-cdfebe22b465
Running org.apache.flink.runtime.util.ReusingKeyGroupedIteratorTest
Tests run: 4, Failures: 0, Errors: 0, Skipped: 0, Time elapsed: 0.049 sec - in org.apache.flink.runtime.util.ReusingKeyGroupedIteratorTest
17 > 18:09:31,027 INFO  org.apache.flink.runtime.blob.BlobServer                      - Created BLOB server storage directory /tmp/blobStore-2a4f39e4-1744-4c7a-9e0b-128a2d6fc3f5
Running org.apache.flink.runtime.util.MathUtilTest
17 > 18:09:31,100 INFO  org.apache.flink.runtime.blob.BlobServer                      - Started BLOB server at 0.0.0.0:38340 - max concurrent requests: 50 - max backlog: 1000
17 > 18:09:31,103 INFO  org.apache.flink.runtime.blob.BlobCache                       - Created BLOB cache storage directory /tmp/blobStore-57647316-ae80-492c-a700-5dac6f0193d3
17 > 18:09:31,113 DEBUG org.apache.flink.runtime.blob.BlobClient                      - PUT content addressable BLOB buffer (8 bytes) to /127.0.0.1:44567
Tests run: 3, Failures: 0, Errors: 0, Skipped: 0, Time elapsed: 0.079 sec - in org.apache.flink.runtime.util.MathUtilTest
17 > 18:09:31,129 DEBUG org.apache.flink.runtime.blob.BlobServerConnection            - Received PUT request for content addressable BLOB
Running org.apache.flink.runtime.util.AtomicDisposableReferenceCounterTest
17 > 18:09:31,168 DEBUG org.apache.flink.runtime.blob.BlobClient                      - PUT content addressable BLOB buffer (8 bytes) to /127.0.0.1:44567
17 > 18:09:31,207 DEBUG org.apache.flink.runtime.blob.BlobServerConnection            - Received PUT request for content addressable BLOB
Tests run: 1, Failures: 0, Errors: 0, Skipped: 0, Time elapsed: 15.665 sec - in org.apache.flink.runtime.jobmanager.scheduler.ScheduleOrUpdateConsumersTest
17 > 18:09:31,274 INFO  org.apache.flink.runtime.blob.BlobCache                       - Downloading dd5783bcf1e9002bc00ad5b83a95ed6e4ebb4ad5 from localhost/127.0.0.1:38340
Tests run: 7, Failures: 0, Errors: 0, Skipped: 0, Time elapsed: 2.24 sec - in org.apache.flink.runtime.akka.AkkaUtilsTest
17 > 18:09:31,276 DEBUG org.apache.flink.runtime.blob.BlobClient                      - GET content addressable BLOB dd5783bcf1e9002bc00ad5b83a95ed6e4ebb4ad5 from /127.0.0.1:44572
17 > 18:09:31,321 INFO  org.apache.flink.runtime.blob.BlobCache                       - Downloading e52e6f94e5afa6502299cf982d31105111e1d9a4 from localhost/127.0.0.1:38340
17 > 18:09:31,322 DEBUG org.apache.flink.runtime.blob.BlobClient                      - GET content addressable BLOB e52e6f94e5afa6502299cf982d31105111e1d9a4 from /127.0.0.1:44575
17 > 18:09:31,335 DEBUG org.apache.flink.runtime.blob.BlobCache                       - Failed to fetch BLOB e52e6f94e5afa6502299cf982d31105111e1d9a4 from localhost/127.0.0.1:38340 and store it under /tmp/blobStore-57647316-ae80-492c-a700-5dac6f0193d3/cache/blob_e52e6f94e5afa6502299cf982d31105111e1d9a4 Retrying...
java.io.FileNotFoundException: /tmp/blobStore-57647316-ae80-492c-a700-5dac6f0193d3/cache/blob_e52e6f94e5afa6502299cf982d31105111e1d9a4 (Permission denied)
	at java.io.FileOutputStream.open(Native Method)
	at java.io.FileOutputStream.<init>(FileOutputStream.java:221)
	at java.io.FileOutputStream.<init>(FileOutputStream.java:171)
	at org.apache.flink.runtime.blob.BlobCache.getURL(BlobCache.java:126)
	at org.apache.flink.runtime.execution.librarycache.BlobLibraryCacheManager.registerReferenceToBlobKeyAndGetURL(BlobLibraryCacheManager.java:245)
	at org.apache.flink.runtime.execution.librarycache.BlobLibraryCacheManager.registerTask(BlobLibraryCacheManager.java:114)
	at org.apache.flink.runtime.execution.librarycache.BlobLibraryCacheManagerTest.testRegisterAndDownload(BlobLibraryCacheManagerTest.java:209)
	at sun.reflect.NativeMethodAccessorImpl.invoke0(Native Method)
	at sun.reflect.NativeMethodAccessorImpl.invoke(NativeMethodAccessorImpl.java:57)
	at sun.reflect.DelegatingMethodAccessorImpl.invoke(DelegatingMethodAccessorImpl.java:43)
	at java.lang.reflect.Method.invoke(Method.java:606)
	at org.junit.runners.model.FrameworkMethod$1.runReflectiveCall(FrameworkMethod.java:47)
	at org.junit.internal.runners.model.ReflectiveCallable.run(ReflectiveCallable.java:12)
	at org.junit.runners.model.FrameworkMethod.invokeExplosively(FrameworkMethod.java:44)
	at org.junit.internal.runners.statements.InvokeMethod.evaluate(InvokeMethod.java:17)
	at org.junit.runners.ParentRunner.runLeaf(ParentRunner.java:271)
	at org.junit.runners.BlockJUnit4ClassRunner.runChild(BlockJUnit4ClassRunner.java:70)
	at org.junit.runners.BlockJUnit4ClassRunner.runChild(BlockJUnit4ClassRunner.java:50)
	at org.junit.runners.ParentRunner$3.run(ParentRunner.java:238)
	at org.junit.runners.ParentRunner$1.schedule(ParentRunner.java:63)
	at org.junit.runners.ParentRunner.runChildren(ParentRunner.java:236)
	at org.junit.runners.ParentRunner.access$000(ParentRunner.java:53)
	at org.junit.runners.ParentRunner$2.evaluate(ParentRunner.java:229)
	at org.junit.runners.ParentRunner.run(ParentRunner.java:309)
	at org.apache.maven.surefire.junit4.JUnit4Provider.execute(JUnit4Provider.java:283)
	at org.apache.maven.surefire.junit4.JUnit4Provider.executeWithRerun(JUnit4Provider.java:173)
	at org.apache.maven.surefire.junit4.JUnit4Provider.executeTestSet(JUnit4Provider.java:153)
	at org.apache.maven.surefire.junit4.JUnit4Provider.invoke(JUnit4Provider.java:128)
	at org.apache.maven.surefire.booter.ForkedBooter.invokeProviderInSameClassLoader(ForkedBooter.java:203)
	at org.apache.maven.surefire.booter.ForkedBooter.runSuitesInProcess(ForkedBooter.java:155)
	at org.apache.maven.surefire.booter.ForkedBooter.main(ForkedBooter.java:103)
17 > 18:09:31,343 INFO  org.apache.flink.runtime.blob.BlobCache                       - Downloading e52e6f94e5afa6502299cf982d31105111e1d9a4 from localhost/127.0.0.1:38340 (retry 1)
17 > 18:09:31,345 DEBUG org.apache.flink.runtime.blob.BlobClient                      - GET content addressable BLOB e52e6f94e5afa6502299cf982d31105111e1d9a4 from /127.0.0.1:44576
Tests run: 3, Failures: 0, Errors: 0, Skipped: 0, Time elapsed: 0.183 sec - in org.apache.flink.runtime.util.AtomicDisposableReferenceCounterTest
17 > 18:09:31,364 DEBUG org.apache.flink.runtime.blob.BlobCache                       - Failed to fetch BLOB e52e6f94e5afa6502299cf982d31105111e1d9a4 from localhost/127.0.0.1:38340 and store it under /tmp/blobStore-57647316-ae80-492c-a700-5dac6f0193d3/cache/blob_e52e6f94e5afa6502299cf982d31105111e1d9a4 Retrying...
java.io.FileNotFoundException: /tmp/blobStore-57647316-ae80-492c-a700-5dac6f0193d3/cache/blob_e52e6f94e5afa6502299cf982d31105111e1d9a4 (Permission denied)
	at java.io.FileOutputStream.open(Native Method)
	at java.io.FileOutputStream.<init>(FileOutputStream.java:221)
	at java.io.FileOutputStream.<init>(FileOutputStream.java:171)
	at org.apache.flink.runtime.blob.BlobCache.getURL(BlobCache.java:126)
	at org.apache.flink.runtime.execution.librarycache.BlobLibraryCacheManager.registerReferenceToBlobKeyAndGetURL(BlobLibraryCacheManager.java:245)
	at org.apache.flink.runtime.execution.librarycache.BlobLibraryCacheManager.registerTask(BlobLibraryCacheManager.java:114)
	at org.apache.flink.runtime.execution.librarycache.BlobLibraryCacheManagerTest.testRegisterAndDownload(BlobLibraryCacheManagerTest.java:209)
	at sun.reflect.NativeMethodAccessorImpl.invoke0(Native Method)
	at sun.reflect.NativeMethodAccessorImpl.invoke(NativeMethodAccessorImpl.java:57)
	at sun.reflect.DelegatingMethodAccessorImpl.invoke(DelegatingMethodAccessorImpl.java:43)
	at java.lang.reflect.Method.invoke(Method.java:606)
	at org.junit.runners.model.FrameworkMethod$1.runReflectiveCall(FrameworkMethod.java:47)
	at org.junit.internal.runners.model.ReflectiveCallable.run(ReflectiveCallable.java:12)
	at org.junit.runners.model.FrameworkMethod.invokeExplosively(FrameworkMethod.java:44)
	at org.junit.internal.runners.statements.InvokeMethod.evaluate(InvokeMethod.java:17)
	at org.junit.runners.ParentRunner.runLeaf(ParentRunner.java:271)
	at org.junit.runners.BlockJUnit4ClassRunner.runChild(BlockJUnit4ClassRunner.java:70)
	at org.junit.runners.BlockJUnit4ClassRunner.runChild(BlockJUnit4ClassRunner.java:50)
	at org.junit.runners.ParentRunner$3.run(ParentRunner.java:238)
	at org.junit.runners.ParentRunner$1.schedule(ParentRunner.java:63)
	at org.junit.runners.ParentRunner.runChildren(ParentRunner.java:236)
	at org.junit.runners.ParentRunner.access$000(ParentRunner.java:53)
	at org.junit.runners.ParentRunner$2.evaluate(ParentRunner.java:229)
	at org.junit.runners.ParentRunner.run(ParentRunner.java:309)
	at org.apache.maven.surefire.junit4.JUnit4Provider.execute(JUnit4Provider.java:283)
	at org.apache.maven.surefire.junit4.JUnit4Provider.executeWithRerun(JUnit4Provider.java:173)
	at org.apache.maven.surefire.junit4.JUnit4Provider.executeTestSet(JUnit4Provider.java:153)
	at org.apache.maven.surefire.junit4.JUnit4Provider.invoke(JUnit4Provider.java:128)
	at org.apache.maven.surefire.booter.ForkedBooter.invokeProviderInSameClassLoader(ForkedBooter.java:203)
	at org.apache.maven.surefire.booter.ForkedBooter.runSuitesInProcess(ForkedBooter.java:155)
	at org.apache.maven.surefire.booter.ForkedBooter.main(ForkedBooter.java:103)
17 > 18:09:31,371 INFO  org.apache.flink.runtime.blob.BlobCache                       - Downloading e52e6f94e5afa6502299cf982d31105111e1d9a4 from localhost/127.0.0.1:38340 (retry 2)
17 > 18:09:31,372 DEBUG org.apache.flink.runtime.blob.BlobClient                      - GET content addressable BLOB e52e6f94e5afa6502299cf982d31105111e1d9a4 from /127.0.0.1:44577
17 > 18:09:31,382 DEBUG org.apache.flink.runtime.blob.BlobCache                       - Failed to fetch BLOB e52e6f94e5afa6502299cf982d31105111e1d9a4 from localhost/127.0.0.1:38340 and store it under /tmp/blobStore-57647316-ae80-492c-a700-5dac6f0193d3/cache/blob_e52e6f94e5afa6502299cf982d31105111e1d9a4 Retrying...
java.io.FileNotFoundException: /tmp/blobStore-57647316-ae80-492c-a700-5dac6f0193d3/cache/blob_e52e6f94e5afa6502299cf982d31105111e1d9a4 (Permission denied)
	at java.io.FileOutputStream.open(Native Method)
	at java.io.FileOutputStream.<init>(FileOutputStream.java:221)
	at java.io.FileOutputStream.<init>(FileOutputStream.java:171)
	at org.apache.flink.runtime.blob.BlobCache.getURL(BlobCache.java:126)
	at org.apache.flink.runtime.execution.librarycache.BlobLibraryCacheManager.registerReferenceToBlobKeyAndGetURL(BlobLibraryCacheManager.java:245)
	at org.apache.flink.runtime.execution.librarycache.BlobLibraryCacheManager.registerTask(BlobLibraryCacheManager.java:114)
	at org.apache.flink.runtime.execution.librarycache.BlobLibraryCacheManagerTest.testRegisterAndDownload(BlobLibraryCacheManagerTest.java:209)
	at sun.reflect.NativeMethodAccessorImpl.invoke0(Native Method)
	at sun.reflect.NativeMethodAccessorImpl.invoke(NativeMethodAccessorImpl.java:57)
	at sun.reflect.DelegatingMethodAccessorImpl.invoke(DelegatingMethodAccessorImpl.java:43)
	at java.lang.reflect.Method.invoke(Method.java:606)
	at org.junit.runners.model.FrameworkMethod$1.runReflectiveCall(FrameworkMethod.java:47)
	at org.junit.internal.runners.model.ReflectiveCallable.run(ReflectiveCallable.java:12)
	at org.junit.runners.model.FrameworkMethod.invokeExplosively(FrameworkMethod.java:44)
	at org.junit.internal.runners.statements.InvokeMethod.evaluate(InvokeMethod.java:17)
	at org.junit.runners.ParentRunner.runLeaf(ParentRunner.java:271)
	at org.junit.runners.BlockJUnit4ClassRunner.runChild(BlockJUnit4ClassRunner.java:70)
	at org.junit.runners.BlockJUnit4ClassRunner.runChild(BlockJUnit4ClassRunner.java:50)
	at org.junit.runners.ParentRunner$3.run(ParentRunner.java:238)
	at org.junit.runners.ParentRunner$1.schedule(ParentRunner.java:63)
	at org.junit.runners.ParentRunner.runChildren(ParentRunner.java:236)
	at org.junit.runners.ParentRunner.access$000(ParentRunner.java:53)
	at org.junit.runners.ParentRunner$2.evaluate(ParentRunner.java:229)
	at org.junit.runners.ParentRunner.run(ParentRunner.java:309)
	at org.apache.maven.surefire.junit4.JUnit4Provider.execute(JUnit4Provider.java:283)
	at org.apache.maven.surefire.junit4.JUnit4Provider.executeWithRerun(JUnit4Provider.java:173)
	at org.apache.maven.surefire.junit4.JUnit4Provider.executeTestSet(JUnit4Provider.java:153)
	at org.apache.maven.surefire.junit4.JUnit4Provider.invoke(JUnit4Provider.java:128)
	at org.apache.maven.surefire.booter.ForkedBooter.invokeProviderInSameClassLoader(ForkedBooter.java:203)
	at org.apache.maven.surefire.booter.ForkedBooter.runSuitesInProcess(ForkedBooter.java:155)
	at org.apache.maven.surefire.booter.ForkedBooter.main(ForkedBooter.java:103)
17 > 18:09:31,385 INFO  org.apache.flink.runtime.blob.BlobCache                       - Downloading e52e6f94e5afa6502299cf982d31105111e1d9a4 from localhost/127.0.0.1:38340 (retry 3)
17 > 18:09:31,385 DEBUG org.apache.flink.runtime.blob.BlobClient                      - GET content addressable BLOB e52e6f94e5afa6502299cf982d31105111e1d9a4 from /127.0.0.1:44579
17 > 18:09:31,399 DEBUG org.apache.flink.runtime.blob.BlobCache                       - Failed to fetch BLOB e52e6f94e5afa6502299cf982d31105111e1d9a4 from localhost/127.0.0.1:38340 and store it under /tmp/blobStore-57647316-ae80-492c-a700-5dac6f0193d3/cache/blob_e52e6f94e5afa6502299cf982d31105111e1d9a4 Retrying...
java.io.FileNotFoundException: /tmp/blobStore-57647316-ae80-492c-a700-5dac6f0193d3/cache/blob_e52e6f94e5afa6502299cf982d31105111e1d9a4 (Permission denied)
	at java.io.FileOutputStream.open(Native Method)
	at java.io.FileOutputStream.<init>(FileOutputStream.java:221)
	at java.io.FileOutputStream.<init>(FileOutputStream.java:171)
	at org.apache.flink.runtime.blob.BlobCache.getURL(BlobCache.java:126)
	at org.apache.flink.runtime.execution.librarycache.BlobLibraryCacheManager.registerReferenceToBlobKeyAndGetURL(BlobLibraryCacheManager.java:245)
	at org.apache.flink.runtime.execution.librarycache.BlobLibraryCacheManager.registerTask(BlobLibraryCacheManager.java:114)
	at org.apache.flink.runtime.execution.librarycache.BlobLibraryCacheManagerTest.testRegisterAndDownload(BlobLibraryCacheManagerTest.java:209)
	at sun.reflect.NativeMethodAccessorImpl.invoke0(Native Method)
	at sun.reflect.NativeMethodAccessorImpl.invoke(NativeMethodAccessorImpl.java:57)
	at sun.reflect.DelegatingMethodAccessorImpl.invoke(DelegatingMethodAccessorImpl.java:43)
	at java.lang.reflect.Method.invoke(Method.java:606)
	at org.junit.runners.model.FrameworkMethod$1.runReflectiveCall(FrameworkMethod.java:47)
	at org.junit.internal.runners.model.ReflectiveCallable.run(ReflectiveCallable.java:12)
	at org.junit.runners.model.FrameworkMethod.invokeExplosively(FrameworkMethod.java:44)
	at org.junit.internal.runners.statements.InvokeMethod.evaluate(InvokeMethod.java:17)
	at org.junit.runners.ParentRunner.runLeaf(ParentRunner.java:271)
	at org.junit.runners.BlockJUnit4ClassRunner.runChild(BlockJUnit4ClassRunner.java:70)
	at org.junit.runners.BlockJUnit4ClassRunner.runChild(BlockJUnit4ClassRunner.java:50)
	at org.junit.runners.ParentRunner$3.run(ParentRunner.java:238)
	at org.junit.runners.ParentRunner$1.schedule(ParentRunner.java:63)
	at org.junit.runners.ParentRunner.runChildren(ParentRunner.java:236)
	at org.junit.runners.ParentRunner.access$000(ParentRunner.java:53)
	at org.junit.runners.ParentRunner$2.evaluate(ParentRunner.java:229)
	at org.junit.runners.ParentRunner.run(ParentRunner.java:309)
	at org.apache.maven.surefire.junit4.JUnit4Provider.execute(JUnit4Provider.java:283)
	at org.apache.maven.surefire.junit4.JUnit4Provider.executeWithRerun(JUnit4Provider.java:173)
	at org.apache.maven.surefire.junit4.JUnit4Provider.executeTestSet(JUnit4Provider.java:153)
	at org.apache.maven.surefire.junit4.JUnit4Provider.invoke(JUnit4Provider.java:128)
	at org.apache.maven.surefire.booter.ForkedBooter.invokeProviderInSameClassLoader(ForkedBooter.java:203)
	at org.apache.maven.surefire.booter.ForkedBooter.runSuitesInProcess(ForkedBooter.java:155)
	at org.apache.maven.surefire.booter.ForkedBooter.main(ForkedBooter.java:103)
17 > 18:09:31,401 INFO  org.apache.flink.runtime.blob.BlobCache                       - Downloading e52e6f94e5afa6502299cf982d31105111e1d9a4 from localhost/127.0.0.1:38340 (retry 4)
17 > 18:09:31,402 DEBUG org.apache.flink.runtime.blob.BlobClient                      - GET content addressable BLOB e52e6f94e5afa6502299cf982d31105111e1d9a4 from /127.0.0.1:44580
17 > 18:09:31,410 DEBUG org.apache.flink.runtime.blob.BlobServerConnection            - Socket connection closed
java.net.SocketException: Connection reset
	at java.net.SocketInputStream.read(SocketInputStream.java:196)
	at java.net.SocketInputStream.read(SocketInputStream.java:122)
	at java.net.SocketInputStream.read(SocketInputStream.java:210)
	at org.apache.flink.runtime.blob.BlobServerConnection.run(BlobServerConnection.java:101)
17 > 18:09:31,427 DEBUG org.apache.flink.runtime.blob.BlobCache                       - Failed to fetch BLOB e52e6f94e5afa6502299cf982d31105111e1d9a4 from localhost/127.0.0.1:38340 and store it under /tmp/blobStore-57647316-ae80-492c-a700-5dac6f0193d3/cache/blob_e52e6f94e5afa6502299cf982d31105111e1d9a4 Retrying...
java.io.FileNotFoundException: /tmp/blobStore-57647316-ae80-492c-a700-5dac6f0193d3/cache/blob_e52e6f94e5afa6502299cf982d31105111e1d9a4 (Permission denied)
	at java.io.FileOutputStream.open(Native Method)
	at java.io.FileOutputStream.<init>(FileOutputStream.java:221)
	at java.io.FileOutputStream.<init>(FileOutputStream.java:171)
	at org.apache.flink.runtime.blob.BlobCache.getURL(BlobCache.java:126)
	at org.apache.flink.runtime.execution.librarycache.BlobLibraryCacheManager.registerReferenceToBlobKeyAndGetURL(BlobLibraryCacheManager.java:245)
	at org.apache.flink.runtime.execution.librarycache.BlobLibraryCacheManager.registerTask(BlobLibraryCacheManager.java:114)
	at org.apache.flink.runtime.execution.librarycache.BlobLibraryCacheManagerTest.testRegisterAndDownload(BlobLibraryCacheManagerTest.java:209)
	at sun.reflect.NativeMethodAccessorImpl.invoke0(Native Method)
	at sun.reflect.NativeMethodAccessorImpl.invoke(NativeMethodAccessorImpl.java:57)
	at sun.reflect.DelegatingMethodAccessorImpl.invoke(DelegatingMethodAccessorImpl.java:43)
	at java.lang.reflect.Method.invoke(Method.java:606)
	at org.junit.runners.model.FrameworkMethod$1.runReflectiveCall(FrameworkMethod.java:47)
	at org.junit.internal.runners.model.ReflectiveCallable.run(ReflectiveCallable.java:12)
	at org.junit.runners.model.FrameworkMethod.invokeExplosively(FrameworkMethod.java:44)
	at org.junit.internal.runners.statements.InvokeMethod.evaluate(InvokeMethod.java:17)
	at org.junit.runners.ParentRunner.runLeaf(ParentRunner.java:271)
	at org.junit.runners.BlockJUnit4ClassRunner.runChild(BlockJUnit4ClassRunner.java:70)
	at org.junit.runners.BlockJUnit4ClassRunner.runChild(BlockJUnit4ClassRunner.java:50)
	at org.junit.runners.ParentRunner$3.run(ParentRunner.java:238)
	at org.junit.runners.ParentRunner$1.schedule(ParentRunner.java:63)
	at org.junit.runners.ParentRunner.runChildren(ParentRunner.java:236)
	at org.junit.runners.ParentRunner.access$000(ParentRunner.java:53)
	at org.junit.runners.ParentRunner$2.evaluate(ParentRunner.java:229)
	at org.junit.runners.ParentRunner.run(ParentRunner.java:309)
	at org.apache.maven.surefire.junit4.JUnit4Provider.execute(JUnit4Provider.java:283)
	at org.apache.maven.surefire.junit4.JUnit4Provider.executeWithRerun(JUnit4Provider.java:173)
	at org.apache.maven.surefire.junit4.JUnit4Provider.executeTestSet(JUnit4Provider.java:153)
	at org.apache.maven.surefire.junit4.JUnit4Provider.invoke(JUnit4Provider.java:128)
	at org.apache.maven.surefire.booter.ForkedBooter.invokeProviderInSameClassLoader(ForkedBooter.java:203)
	at org.apache.maven.surefire.booter.ForkedBooter.runSuitesInProcess(ForkedBooter.java:155)
	at org.apache.maven.surefire.booter.ForkedBooter.main(ForkedBooter.java:103)
17 > 18:09:31,429 INFO  org.apache.flink.runtime.blob.BlobCache                       - Downloading e52e6f94e5afa6502299cf982d31105111e1d9a4 from localhost/127.0.0.1:38340 (retry 5)
17 > 18:09:31,429 DEBUG org.apache.flink.runtime.blob.BlobClient                      - GET content addressable BLOB e52e6f94e5afa6502299cf982d31105111e1d9a4 from /127.0.0.1:44582
19 > 18:09:31,460 INFO  org.apache.flink.runtime.blob.BlobCache                       - Created BLOB cache storage directory /tmp/blobStore-b06b9675-1cce-4db3-83cc-50d8d0926550
17 > 18:09:31,475 ERROR org.apache.flink.runtime.blob.BlobCache                       - Failed to fetch BLOB e52e6f94e5afa6502299cf982d31105111e1d9a4 from localhost/127.0.0.1:38340 and store it under /tmp/blobStore-57647316-ae80-492c-a700-5dac6f0193d3/cache/blob_e52e6f94e5afa6502299cf982d31105111e1d9a4 No retries left.
java.io.FileNotFoundException: /tmp/blobStore-57647316-ae80-492c-a700-5dac6f0193d3/cache/blob_e52e6f94e5afa6502299cf982d31105111e1d9a4 (Permission denied)
	at java.io.FileOutputStream.open(Native Method)
	at java.io.FileOutputStream.<init>(FileOutputStream.java:221)
	at java.io.FileOutputStream.<init>(FileOutputStream.java:171)
	at org.apache.flink.runtime.blob.BlobCache.getURL(BlobCache.java:126)
	at org.apache.flink.runtime.execution.librarycache.BlobLibraryCacheManager.registerReferenceToBlobKeyAndGetURL(BlobLibraryCacheManager.java:245)
	at org.apache.flink.runtime.execution.librarycache.BlobLibraryCacheManager.registerTask(BlobLibraryCacheManager.java:114)
	at org.apache.flink.runtime.execution.librarycache.BlobLibraryCacheManagerTest.testRegisterAndDownload(BlobLibraryCacheManagerTest.java:209)
	at sun.reflect.NativeMethodAccessorImpl.invoke0(Native Method)
	at sun.reflect.NativeMethodAccessorImpl.invoke(NativeMethodAccessorImpl.java:57)
	at sun.reflect.DelegatingMethodAccessorImpl.invoke(DelegatingMethodAccessorImpl.java:43)
	at java.lang.reflect.Method.invoke(Method.java:606)
	at org.junit.runners.model.FrameworkMethod$1.runReflectiveCall(FrameworkMethod.java:47)
	at org.junit.internal.runners.model.ReflectiveCallable.run(ReflectiveCallable.java:12)
	at org.junit.runners.model.FrameworkMethod.invokeExplosively(FrameworkMethod.java:44)
	at org.junit.internal.runners.statements.InvokeMethod.evaluate(InvokeMethod.java:17)
	at org.junit.runners.ParentRunner.runLeaf(ParentRunner.java:271)
	at org.junit.runners.BlockJUnit4ClassRunner.runChild(BlockJUnit4ClassRunner.java:70)
	at org.junit.runners.BlockJUnit4ClassRunner.runChild(BlockJUnit4ClassRunner.java:50)
	at org.junit.runners.ParentRunner$3.run(ParentRunner.java:238)
	at org.junit.runners.ParentRunner$1.schedule(ParentRunner.java:63)
	at org.junit.runners.ParentRunner.runChildren(ParentRunner.java:236)
	at org.junit.runners.ParentRunner.access$000(ParentRunner.java:53)
	at org.junit.runners.ParentRunner$2.evaluate(ParentRunner.java:229)
	at org.junit.runners.ParentRunner.run(ParentRunner.java:309)
	at org.apache.maven.surefire.junit4.JUnit4Provider.execute(JUnit4Provider.java:283)
	at org.apache.maven.surefire.junit4.JUnit4Provider.executeWithRerun(JUnit4Provider.java:173)
	at org.apache.maven.surefire.junit4.JUnit4Provider.executeTestSet(JUnit4Provider.java:153)
	at org.apache.maven.surefire.junit4.JUnit4Provider.invoke(JUnit4Provider.java:128)
	at org.apache.maven.surefire.booter.ForkedBooter.invokeProviderInSameClassLoader(ForkedBooter.java:203)
	at org.apache.maven.surefire.booter.ForkedBooter.runSuitesInProcess(ForkedBooter.java:155)
	at org.apache.maven.surefire.booter.ForkedBooter.main(ForkedBooter.java:103)
17 > 18:09:31,493 INFO  org.apache.flink.runtime.blob.BlobServer                      - Stopped BLOB server at 0.0.0.0:38340
Tests run: 1, Failures: 0, Errors: 0, Skipped: 0, Time elapsed: 0.99 sec - in org.apache.flink.runtime.deployment.TaskDeploymentDescriptorTest
17 > 18:09:31,517 INFO  org.apache.flink.runtime.blob.BlobServer                      - Created BLOB server storage directory /tmp/blobStore-646095a2-9971-41ac-a8e7-21736b50cb85
17 > 18:09:31,541 INFO  org.apache.flink.runtime.blob.BlobServer                      - Started BLOB server at 0.0.0.0:58938 - max concurrent requests: 50 - max backlog: 1000
17 > 18:09:31,546 DEBUG org.apache.flink.runtime.blob.BlobClient                      - PUT content addressable BLOB buffer (128 bytes) to /127.0.0.1:39453
17 > 18:09:31,567 DEBUG org.apache.flink.runtime.blob.BlobServerConnection            - Received PUT request for content addressable BLOB
17 > 18:09:31,575 DEBUG org.apache.flink.runtime.blob.BlobClient                      - PUT content addressable BLOB buffer (128 bytes) to /127.0.0.1:39453
19 > 18:09:31,588 INFO  org.apache.flink.runtime.blob.BlobServer                      - Stopped BLOB server at 0.0.0.0:56497
17 > 18:09:31,622 DEBUG org.apache.flink.runtime.blob.BlobServerConnection            - Received PUT request for content addressable BLOB
Tests run: 1, Failures: 0, Errors: 0, Skipped: 0, Time elapsed: 6.554 sec - in org.apache.flink.runtime.taskmanager.TaskManagerComponentsStartupShutdownTest
Tests run: 5, Failures: 0, Errors: 0, Skipped: 0, Time elapsed: 13.372 sec - in org.apache.flink.runtime.jobmanager.scheduler.SchedulerIsolatedTasksTest
14 > 18:09:32,668 INFO  org.apache.flink.runtime.blob.BlobServer                      - Created BLOB server storage directory /tmp/blobStore-db7eb443-490e-42af-b8be-9a7c6cbbc772
14 > 18:09:32,690 INFO  org.apache.flink.runtime.blob.BlobServer                      - Started BLOB server at 0.0.0.0:39465 - max concurrent requests: 50 - max backlog: 1000
17 > 18:09:32,696 INFO  org.apache.flink.runtime.blob.BlobServer                      - Stopped BLOB server at 0.0.0.0:58938
Tests run: 2, Failures: 0, Errors: 0, Skipped: 0, Time elapsed: 2.824 sec - in org.apache.flink.runtime.execution.librarycache.BlobLibraryCacheManagerTest
Running org.apache.flink.runtime.util.DataInputOutputSerializerTest
Running org.apache.flink.runtime.util.ClassLoaderUtilsTest
8 > 18:09:32,965 INFO  org.apache.flink.runtime.blob.BlobServer                      - Stopped BLOB server at 0.0.0.0:43730
8 > 18:09:32,966 INFO  org.apache.flink.runtime.blob.BlobServer                      - Stopped BLOB server at 0.0.0.0:57475
Tests run: 2, Failures: 0, Errors: 0, Skipped: 0, Time elapsed: 5.398 sec - in org.apache.flink.runtime.akka.FlinkUntypedActorTest
Running org.apache.flink.runtime.util.UnionIteratorTest
Running org.apache.flink.runtime.util.NonReusingKeyGroupedIteratorTest
Tests run: 2, Failures: 0, Errors: 0, Skipped: 0, Time elapsed: 0.078 sec - in org.apache.flink.runtime.util.UnionIteratorTest
Tests run: 4, Failures: 0, Errors: 0, Skipped: 0, Time elapsed: 0.108 sec - in org.apache.flink.runtime.util.NonReusingKeyGroupedIteratorTest
8 > 18:09:33,202 INFO  org.apache.flink.runtime.blob.BlobServer                      - Created BLOB server storage directory /tmp/blobStore-5203c959-2c1c-4aec-95be-e8c99c75d28c
8 > 18:09:33,235 INFO  org.apache.flink.runtime.blob.BlobServer                      - Started BLOB server at 0.0.0.0:38505 - max concurrent requests: 50 - max backlog: 1000
Running org.apache.flink.runtime.util.DelegatingConfigurationTest
8 > 18:09:33,315 INFO  org.apache.flink.runtime.blob.BlobServer                      - Created BLOB server storage directory /tmp/blobStore-d33e7e4b-f8b8-4357-8fee-743016ba3fea
Running org.apache.flink.runtime.util.LRUCacheMapTest
8 > 18:09:33,323 INFO  org.apache.flink.runtime.blob.BlobServer                      - Started BLOB server at 0.0.0.0:37105 - max concurrent requests: 50 - max backlog: 1000
Tests run: 1, Failures: 0, Errors: 0, Skipped: 0, Time elapsed: 0.085 sec - in org.apache.flink.runtime.util.DelegatingConfigurationTest
Tests run: 5, Failures: 0, Errors: 0, Skipped: 0, Time elapsed: 0.173 sec - in org.apache.flink.runtime.util.LRUCacheMapTest
Tests run: 3, Failures: 0, Errors: 0, Skipped: 0, Time elapsed: 0.561 sec - in org.apache.flink.runtime.util.ClassLoaderUtilsTest
8 > 18:09:33,508 INFO  org.apache.flink.runtime.blob.BlobCache                       - Created BLOB cache storage directory /tmp/blobStore-0fff5f31-3377-4cfc-9ebf-e85ffa519ea7
8 > 18:09:33,598 INFO  org.apache.flink.runtime.blob.BlobCache                       - Created BLOB cache storage directory /tmp/blobStore-ec0f2e56-dc04-497d-8add-52958532a98b
7 > 18:09:33,686 INFO  org.apache.flink.runtime.blob.BlobCache                       - Created BLOB cache storage directory /tmp/blobStore-06b51601-5ce2-4c1a-ac7f-0d8cd829ff70
24 > 18:09:33,879 INFO  org.apache.flink.runtime.blob.BlobServer                      - Created BLOB server storage directory /tmp/blobStore-222877f8-b6a9-4975-9769-0cefdc9d976e
24 > 18:09:33,885 INFO  org.apache.flink.runtime.blob.BlobServer                      - Started BLOB server at 0.0.0.0:56075 - max concurrent requests: 50 - max backlog: 1000
7 > 18:09:34,007 INFO  org.apache.flink.runtime.blob.BlobCache                       - Created BLOB cache storage directory /tmp/blobStore-9c3c9bc1-4e0c-4b9b-a462-e703f4b97e60
Running org.apache.flink.runtime.util.ZooKeeperUtilTest
Tests run: 19, Failures: 0, Errors: 0, Skipped: 0, Time elapsed: 8.914 sec - in org.apache.flink.runtime.taskmanager.TaskTest
Tests run: 3, Failures: 0, Errors: 0, Skipped: 0, Time elapsed: 10.954 sec - in org.apache.flink.runtime.taskmanager.TaskManagerStartupTest
Running org.apache.flink.runtime.util.SerializedThrowableTest
Running org.apache.flink.runtime.util.event.TaskEventHandlerTest
Running org.apache.flink.runtime.instance.InstanceTest
Running org.apache.flink.runtime.util.JarFileCreatorTest
Tests run: 2, Failures: 0, Errors: 0, Skipped: 0, Time elapsed: 0.632 sec - in org.apache.flink.runtime.util.SerializedThrowableTest
Tests run: 1, Failures: 0, Errors: 0, Skipped: 0, Time elapsed: 0.896 sec - in org.apache.flink.runtime.util.ZooKeeperUtilTest
Running org.apache.flink.runtime.instance.SimpleSlotTest
Tests run: 1, Failures: 0, Errors: 0, Skipped: 0, Time elapsed: 0.696 sec - in org.apache.flink.runtime.util.event.TaskEventHandlerTest
Tests run: 4, Failures: 0, Errors: 0, Skipped: 0, Time elapsed: 0.791 sec - in org.apache.flink.runtime.instance.InstanceTest
Running org.apache.flink.runtime.instance.InstanceConnectionInfoTest
7 > 18:09:35,675 INFO  org.apache.flink.runtime.blob.BlobServer                      - Created BLOB server storage directory /tmp/blobStore-cba8eeb1-d1c5-4a7a-a237-4cb46a2d710d
7 > 18:09:35,700 INFO  org.apache.flink.runtime.blob.BlobServer                      - Started BLOB server at 0.0.0.0:46320 - max concurrent requests: 50 - max backlog: 1000
Tests run: 9, Failures: 0, Errors: 0, Skipped: 0, Time elapsed: 0.993 sec - in org.apache.flink.runtime.util.JarFileCreatorTest
Running org.apache.flink.runtime.instance.HardwareTest
Running org.apache.flink.runtime.util.EnvironmentInformationTest
8 > 18:09:35,960 INFO  org.apache.flink.runtime.blob.BlobServer                      - Stopped BLOB server at 0.0.0.0:38505
8 > 18:09:35,973 INFO  org.apache.flink.runtime.blob.BlobServer                      - Stopped BLOB server at 0.0.0.0:37105
Running org.apache.flink.runtime.instance.InstanceManagerTest
Running org.apache.flink.runtime.akka.FlinkActorTest
8 > 18:09:36,137 INFO  org.apache.flink.runtime.blob.BlobServer                      - Created BLOB server storage directory /tmp/blobStore-d40adbe2-5729-4099-b432-f6518dd80770
8 > 18:09:36,146 INFO  org.apache.flink.runtime.blob.BlobServer                      - Started BLOB server at 0.0.0.0:37522 - max concurrent requests: 50 - max backlog: 1000
8 > 18:09:36,162 INFO  org.apache.flink.runtime.blob.BlobServer                      - Created BLOB server storage directory /tmp/blobStore-df64af60-01e3-4653-8d14-64edff3938c8
8 > 18:09:36,163 INFO  org.apache.flink.runtime.blob.BlobServer                      - Started BLOB server at 0.0.0.0:36717 - max concurrent requests: 50 - max backlog: 1000
Running org.apache.flink.runtime.state.FileStateBackendTest
Tests run: 2, Failures: 0, Errors: 0, Skipped: 0, Time elapsed: 3.65 sec - in org.apache.flink.runtime.util.DataInputOutputSerializerTest
14 > 18:09:36,540 INFO  org.apache.flink.runtime.blob.BlobCache                       - Created BLOB cache storage directory /tmp/blobStore-8dc888e8-c698-4d07-9ce5-7e527dc81f1b
14 > 18:09:36,541 INFO  org.apache.flink.runtime.blob.BlobCache                       - Created BLOB cache storage directory /tmp/blobStore-9792fbc6-91c7-483a-af66-d36657abc4e8
8 > 18:09:36,587 INFO  org.apache.flink.runtime.blob.BlobCache                       - Created BLOB cache storage directory /tmp/blobStore-b809be3b-9080-48f8-97ef-733bac053dac
8 > 18:09:36,639 INFO  org.apache.flink.runtime.blob.BlobCache                       - Created BLOB cache storage directory /tmp/blobStore-506cb83d-73e9-4fbc-804b-5002fde9f62b
Running org.apache.flink.runtime.instance.SharedSlotsTest
Tests run: 2, Failures: 0, Errors: 0, Skipped: 0, Time elapsed: 0.97 sec - in org.apache.flink.runtime.instance.HardwareTest
Running org.apache.flink.runtime.io.disk.iomanager.BufferFileWriterReaderTest
Running org.apache.flink.runtime.io.disk.iomanager.BufferFileWriterFileSegmentReaderTest
Tests run: 8, Failures: 0, Errors: 0, Skipped: 0, Time elapsed: 1.131 sec - in org.apache.flink.runtime.instance.SharedSlotsTest
Tests run: 2, Failures: 0, Errors: 0, Skipped: 0, Time elapsed: 1.885 sec - in org.apache.flink.runtime.akka.FlinkActorTest
Running org.apache.flink.runtime.state.MemoryStateBackendTest
Running org.apache.flink.runtime.io.disk.iomanager.IOManagerTest
Tests run: 1, Failures: 0, Errors: 0, Skipped: 0, Time elapsed: 1.245 sec - in org.apache.flink.runtime.io.disk.iomanager.BufferFileWriterFileSegmentReaderTest
Tests run: 3, Failures: 0, Errors: 0, Skipped: 0, Time elapsed: 3.055 sec - in org.apache.flink.runtime.instance.SimpleSlotTest
7 > 18:09:38,399 INFO  org.apache.flink.runtime.blob.BlobServer                      - Stopped BLOB server at 0.0.0.0:46320
Tests run: 3, Failures: 0, Errors: 0, Skipped: 0, Time elapsed: 41.947 sec - in org.apache.flink.runtime.operators.DataSourceTaskTest
Running org.apache.flink.runtime.io.disk.iomanager.IOManagerAsyncTest
8 > 18:09:38,765 INFO  org.apache.flink.runtime.blob.BlobCache                       - Created BLOB cache storage directory /tmp/blobStore-43dfdc3e-53c4-4940-89d5-3cfc14ea890c
8 > 18:09:38,787 INFO  org.apache.flink.runtime.blob.BlobCache                       - Created BLOB cache storage directory /tmp/blobStore-0f6dfabc-0ed2-4dce-97f0-39ea0b499038
7 > 18:09:39,038 INFO  org.apache.flink.runtime.blob.BlobServer                      - Created BLOB server storage directory /tmp/blobStore-5c065d5a-0c37-4153-ac0d-8ea8340d0592
7 > 18:09:39,095 INFO  org.apache.flink.runtime.blob.BlobServer                      - Started BLOB server at 0.0.0.0:36481 - max concurrent requests: 50 - max backlog: 1000
Tests run: 6, Failures: 0, Errors: 0, Skipped: 0, Time elapsed: 3.568 sec - in org.apache.flink.runtime.instance.InstanceConnectionInfoTest
7 > 18:09:39,327 INFO  org.apache.flink.runtime.blob.BlobCache                       - Created BLOB cache storage directory /tmp/blobStore-4dfb8b40-1bb3-4d77-8c8c-6d5c888b4a88
Running org.apache.flink.runtime.io.disk.iomanager.AsynchronousBufferFileWriterTest
Tests run: 7, Failures: 0, Errors: 0, Skipped: 0, Time elapsed: 1.407 sec - in org.apache.flink.runtime.state.MemoryStateBackendTest
8 > 18:09:39,676 INFO  org.apache.flink.runtime.blob.BlobServer                      - Stopped BLOB server at 0.0.0.0:37522
Running org.apache.flink.runtime.io.disk.FileChannelStreamsTest
Running org.apache.flink.runtime.io.network.DefaultChannelSelectorTest
7 > 18:09:39,844 INFO  org.apache.flink.runtime.blob.BlobCache                       - Created BLOB cache storage directory /tmp/blobStore-8e660a93-5a5d-40c7-86b5-7979cabf3407
Tests run: 1, Failures: 0, Errors: 0, Skipped: 0, Time elapsed: 0.163 sec - in org.apache.flink.runtime.io.network.DefaultChannelSelectorTest
Tests run: 1, Failures: 0, Errors: 0, Skipped: 0, Time elapsed: 1.842 sec - in org.apache.flink.runtime.io.disk.iomanager.IOManagerTest
7 > 18:09:40,043 INFO  org.apache.flink.runtime.blob.BlobServer                      - Stopped BLOB server at 0.0.0.0:36481
Tests run: 2, Failures: 0, Errors: 0, Skipped: 0, Time elapsed: 3.387 sec - in org.apache.flink.runtime.io.disk.iomanager.BufferFileWriterReaderTest
23 > 18:09:40,418 INFO  org.apache.flink.runtime.blob.BlobCache                       - Created BLOB cache storage directory /tmp/blobStore-17532390-51ae-4028-ac75-354656d2416a
Running org.apache.flink.runtime.io.disk.SeekableFileChannelInputViewTest
Running org.apache.flink.runtime.io.network.netty.CancelPartitionRequestTest
Running org.apache.flink.runtime.io.disk.iomanager.AsynchronousFileIOChannelTest
Running org.apache.flink.runtime.io.disk.ChannelViewsTest
Tests run: 2, Failures: 0, Errors: 0, Skipped: 0, Time elapsed: 1.071 sec - in org.apache.flink.runtime.io.disk.FileChannelStreamsTest
8 > 18:09:40,897 INFO  org.apache.flink.runtime.blob.BlobServer                      - Stopped BLOB server at 0.0.0.0:36717
Tests run: 4, Failures: 0, Errors: 0, Skipped: 0, Time elapsed: 38.251 sec - in org.apache.flink.runtime.leaderelection.LeaderChangeStateCleanupTest
Running org.apache.flink.runtime.io.network.netty.PartitionRequestClientFactoryTest
Tests run: 1, Failures: 0, Errors: 0, Skipped: 1, Time elapsed: 0.031 sec - in org.apache.flink.runtime.io.network.netty.PartitionRequestClientFactoryTest
Running org.apache.flink.runtime.io.disk.SpillingBufferTest
Tests run: 6, Failures: 0, Errors: 0, Skipped: 0, Time elapsed: 5.123 sec - in org.apache.flink.runtime.state.FileStateBackendTest
Running org.apache.flink.runtime.io.network.netty.NettyServerLowAndHighWatermarkTest
Tests run: 6, Failures: 0, Errors: 0, Skipped: 0, Time elapsed: 3.934 sec - in org.apache.flink.runtime.io.disk.iomanager.IOManagerAsyncTest
Running org.apache.flink.runtime.io.network.netty.NettyMessageSerializationTest
Running org.apache.flink.runtime.io.network.netty.ServerTransportErrorHandlingTest
Tests run: 1, Failures: 0, Errors: 0, Skipped: 0, Time elapsed: 2.583 sec - in org.apache.flink.runtime.io.disk.SeekableFileChannelInputViewTest
Running org.apache.flink.runtime.io.network.netty.ClientTransportErrorHandlingTest
Running org.apache.flink.runtime.io.network.netty.PartitionRequestClientHandlerTest
Tests run: 3, Failures: 0, Errors: 0, Skipped: 0, Time elapsed: 7.726 sec - in org.apache.flink.runtime.util.EnvironmentInformationTest
Running org.apache.flink.runtime.io.network.netty.PartitionRequestQueueTest
14 > 18:09:43,891 INFO  org.apache.flink.runtime.blob.BlobServer                      - Stopped BLOB server at 0.0.0.0:39465
Tests run: 1, Failures: 0, Errors: 0, Skipped: 0, Time elapsed: 20.736 sec - in org.apache.flink.runtime.taskmanager.TaskCancelTest
Tests run: 4, Failures: 0, Errors: 0, Skipped: 0, Time elapsed: 8.786 sec - in org.apache.flink.runtime.instance.InstanceManagerTest
Running org.apache.flink.runtime.io.network.partition.PartialConsumePipelinedResultTest
Tests run: 1, Failures: 0, Errors: 0, Skipped: 0, Time elapsed: 3.499 sec - in org.apache.flink.runtime.io.network.netty.NettyServerLowAndHighWatermarkTest
Running org.apache.flink.runtime.io.network.partition.SpilledSubpartitionViewTest
Running org.apache.flink.runtime.io.network.partition.SpilledSubpartitionViewSyncIOTest
7 > 18:09:46,040 INFO  org.apache.flink.runtime.blob.BlobServer                      - Created BLOB server storage directory /tmp/blobStore-ca99d16c-35f6-465c-8973-eca90e8ec537
7 > 18:09:46,069 INFO  org.apache.flink.runtime.blob.BlobServer                      - Started BLOB server at 0.0.0.0:40576 - max concurrent requests: 50 - max backlog: 1000
Running org.apache.flink.runtime.io.network.partition.SpillableSubpartitionTest
Running org.apache.flink.runtime.io.network.partition.consumer.InputChannelTest
Running org.apache.flink.runtime.io.network.partition.PipelinedSubpartitionTest
Tests run: 4, Failures: 0, Errors: 0, Skipped: 0, Time elapsed: 6.399 sec - in org.apache.flink.runtime.io.disk.SpillingBufferTest
7 > 18:09:47,668 INFO  org.apache.flink.runtime.blob.BlobCache                       - Created BLOB cache storage directory /tmp/blobStore-0fc08531-f173-459e-8dd4-55eeeedb451e
7 > 18:09:47,711 INFO  org.apache.flink.runtime.blob.BlobServer                      - Stopped BLOB server at 0.0.0.0:40576
7 > 18:09:47,858 INFO  org.apache.flink.runtime.blob.BlobCache                       - Created BLOB cache storage directory /tmp/blobStore-812d6100-d3b7-4d60-832b-2ede2d8f265f
Tests run: 7, Failures: 0, Errors: 0, Skipped: 0, Time elapsed: 24.416 sec - in org.apache.flink.runtime.taskmanager.TaskManagerRegistrationTest
Tests run: 4, Failures: 0, Errors: 0, Skipped: 0, Time elapsed: 1.459 sec - in org.apache.flink.runtime.io.network.partition.consumer.InputChannelTest
Tests run: 4, Failures: 0, Errors: 0, Skipped: 0, Time elapsed: 4.403 sec - in org.apache.flink.runtime.io.network.netty.PartitionRequestClientHandlerTest
Tests run: 1, Failures: 0, Errors: 0, Skipped: 0, Time elapsed: 4.172 sec - in org.apache.flink.runtime.io.network.netty.PartitionRequestQueueTest
Tests run: 1, Failures: 0, Errors: 0, Skipped: 0, Time elapsed: 5.317 sec - in org.apache.flink.runtime.io.network.netty.NettyMessageSerializationTest
Running org.apache.flink.runtime.io.network.partition.consumer.RemoteInputChannelTest
23 > 18:09:48,874 INFO  org.apache.flink.runtime.blob.BlobCache                       - Created BLOB cache storage directory /tmp/blobStore-81ad96c8-3917-40bd-ac84-c76acbca75de
Running org.apache.flink.runtime.io.network.partition.consumer.LocalInputChannelTest
23 > 18:09:49,036 INFO  org.apache.flink.runtime.blob.BlobCache                       - Created BLOB cache storage directory /tmp/blobStore-c5bc8c30-6126-41c8-8da3-0af35acb221f
Tests run: 2, Failures: 0, Errors: 0, Skipped: 0, Time elapsed: 3.694 sec - in org.apache.flink.runtime.io.network.partition.SpilledSubpartitionViewTest
Tests run: 7, Failures: 0, Errors: 0, Skipped: 0, Time elapsed: 28.731 sec - in org.apache.flink.runtime.taskmanager.TaskManagerTest
Tests run: 6, Failures: 0, Errors: 0, Skipped: 0, Time elapsed: 3.138 sec - in org.apache.flink.runtime.io.network.partition.SpillableSubpartitionTest
Tests run: 1, Failures: 0, Errors: 0, Skipped: 0, Time elapsed: 23.518 sec - in org.apache.flink.runtime.taskmanager.TaskManagerProcessReapingTest
Running org.apache.flink.runtime.io.network.partition.ProducerFailedExceptionTest
24 > 18:09:49,912 INFO  org.apache.flink.runtime.blob.BlobServer                      - Stopped BLOB server at 0.0.0.0:56075
Running org.apache.flink.runtime.io.network.partition.consumer.SingleInputGateTest
Running org.apache.flink.runtime.io.network.partition.SpilledSubpartitionViewAsyncIOTest
Tests run: 2, Failures: 0, Errors: 0, Skipped: 0, Time elapsed: 0.224 sec - in org.apache.flink.runtime.io.network.partition.ProducerFailedExceptionTest
Tests run: 4, Failures: 0, Errors: 0, Skipped: 0, Time elapsed: 9.505 sec - in org.apache.flink.runtime.io.disk.iomanager.AsynchronousFileIOChannelTest
Tests run: 2, Failures: 0, Errors: 0, Skipped: 0, Time elapsed: 4.557 sec - in org.apache.flink.runtime.io.network.partition.SpilledSubpartitionViewSyncIOTest
Running org.apache.flink.runtime.io.network.partition.consumer.UnionInputGateTest
Tests run: 1, Failures: 0, Errors: 0, Skipped: 0, Time elapsed: 7.484 sec - in org.apache.flink.runtime.io.network.netty.ServerTransportErrorHandlingTest
Running org.apache.flink.runtime.io.network.api.reader.AbstractReaderTest
Running org.apache.flink.runtime.io.network.api.serialization.PagedViewsTest
Tests run: 4, Failures: 0, Errors: 0, Skipped: 0, Time elapsed: 11.921 sec - in org.apache.flink.runtime.io.disk.iomanager.AsynchronousBufferFileWriterTest
Tests run: 6, Failures: 0, Errors: 0, Skipped: 0, Time elapsed: 8.392 sec - in org.apache.flink.runtime.io.network.netty.ClientTransportErrorHandlingTest
15 > 18:09:51,836 INFO  org.apache.flink.runtime.blob.BlobServer                      - Created BLOB server storage directory /tmp/blobStore-2ffe33fc-7442-43c8-876f-8959882735dd
15 > 18:09:51,899 INFO  org.apache.flink.runtime.blob.BlobServer                      - Started BLOB server at 0.0.0.0:33497 - max concurrent requests: 50 - max backlog: 1000
Tests run: 1, Failures: 0, Errors: 0, Skipped: 0, Time elapsed: 1.844 sec - in org.apache.flink.runtime.io.network.partition.consumer.UnionInputGateTest
Tests run: 4, Failures: 0, Errors: 0, Skipped: 0, Time elapsed: 1.414 sec - in org.apache.flink.runtime.io.network.api.reader.AbstractReaderTest
Running org.apache.flink.runtime.io.network.api.serialization.SpanningRecordSerializationTest
Running org.apache.flink.runtime.io.network.api.serialization.SpanningRecordSerializerTest
Running org.apache.flink.runtime.io.network.DataExchangeModeTest
Running org.apache.flink.runtime.io.network.api.serialization.EventSerializerTest
Tests run: 3, Failures: 0, Errors: 0, Skipped: 0, Time elapsed: 0.213 sec - in org.apache.flink.runtime.io.network.DataExchangeModeTest
Tests run: 2, Failures: 0, Errors: 0, Skipped: 0, Time elapsed: 3.231 sec - in org.apache.flink.runtime.io.network.partition.consumer.SingleInputGateTest
Running org.apache.flink.runtime.io.network.buffer.NetworkBufferPoolTest
Tests run: 1, Failures: 0, Errors: 0, Skipped: 0, Time elapsed: 3.834 sec - in org.apache.flink.runtime.io.network.partition.SpilledSubpartitionViewAsyncIOTest
Running org.apache.flink.runtime.io.network.serialization.LargeRecordsTest
15 > 18:09:54,150 INFO  org.apache.flink.runtime.blob.BlobCache                       - Created BLOB cache storage directory /tmp/blobStore-dda9068a-e9cd-4bca-9c6b-4f256acbc392
Running org.apache.flink.runtime.io.network.buffer.BufferPoolFactoryTest
Running org.apache.flink.runtime.io.network.buffer.BufferTest
Tests run: 12, Failures: 0, Errors: 0, Skipped: 0, Time elapsed: 7.266 sec - in org.apache.flink.runtime.io.network.partition.PipelinedSubpartitionTest
Tests run: 1, Failures: 0, Errors: 0, Skipped: 0, Time elapsed: 1.859 sec - in org.apache.flink.runtime.io.network.api.serialization.EventSerializerTest
Tests run: 3, Failures: 0, Errors: 0, Skipped: 0, Time elapsed: 25.643 sec - in org.apache.flink.runtime.client.JobClientActorTest
Running org.apache.flink.runtime.io.network.buffer.LocalBufferPoolTest
Tests run: 2, Failures: 0, Errors: 0, Skipped: 0, Time elapsed: 2.072 sec - in org.apache.flink.runtime.io.network.buffer.NetworkBufferPoolTest
15 > 18:09:55,952 INFO  org.apache.flink.runtime.blob.BlobServer                      - Stopped BLOB server at 0.0.0.0:33497
Tests run: 1, Failures: 0, Errors: 0, Skipped: 0, Time elapsed: 11.42 sec - in org.apache.flink.runtime.io.network.partition.PartialConsumePipelinedResultTest
Running org.apache.flink.runtime.io.network.NetworkEnvironmentTest
Tests run: 7, Failures: 0, Errors: 0, Skipped: 0, Time elapsed: 2.782 sec - in org.apache.flink.runtime.io.network.buffer.BufferPoolFactoryTest
Running org.apache.flink.runtime.io.network.api.writer.RecordWriterTest
Tests run: 10, Failures: 0, Errors: 0, Skipped: 0, Time elapsed: 7.21 sec - in org.apache.flink.runtime.io.network.api.serialization.PagedViewsTest
Tests run: 2, Failures: 0, Errors: 0, Skipped: 0, Time elapsed: 4.635 sec - in org.apache.flink.runtime.io.network.buffer.BufferTest
Tests run: 10, Failures: 0, Errors: 0, Skipped: 0, Time elapsed: 4.919 sec - in org.apache.flink.runtime.io.network.buffer.LocalBufferPoolTest
Tests run: 3, Failures: 0, Errors: 0, Skipped: 0, Time elapsed: 11.668 sec - in org.apache.flink.runtime.io.network.partition.consumer.LocalInputChannelTest
Tests run: 4, Failures: 0, Errors: 0, Skipped: 0, Time elapsed: 8.652 sec - in org.apache.flink.runtime.io.network.api.serialization.SpanningRecordSerializationTest
Tests run: 6, Failures: 0, Errors: 0, Skipped: 0, Time elapsed: 9.117 sec - in org.apache.flink.runtime.io.network.api.serialization.SpanningRecordSerializerTest
Running org.apache.flink.runtime.io.network.api.reader.BufferReaderTest
Tests run: 1, Failures: 0, Errors: 0, Skipped: 0, Time elapsed: 6.203 sec - in org.apache.flink.runtime.io.network.NetworkEnvironmentTest
Tests run: 3, Failures: 0, Errors: 0, Skipped: 0, Time elapsed: 4.947 sec - in org.apache.flink.runtime.io.network.api.writer.RecordWriterTest
Tests run: 2, Failures: 0, Errors: 0, Skipped: 0, Time elapsed: 23.036 sec - in org.apache.flink.runtime.io.network.netty.CancelPartitionRequestTest
Tests run: 7, Failures: 0, Errors: 0, Skipped: 0, Time elapsed: 69.852 sec - in org.apache.flink.runtime.operators.DataSinkTaskTest
Tests run: 2, Failures: 0, Errors: 0, Skipped: 0, Time elapsed: 3.506 sec - in org.apache.flink.runtime.io.network.api.reader.BufferReaderTest
Tests run: 8, Failures: 0, Errors: 0, Skipped: 0, Time elapsed: 30.343 sec - in org.apache.flink.runtime.io.network.partition.consumer.RemoteInputChannelTest
Tests run: 6, Failures: 0, Errors: 0, Skipped: 0, Time elapsed: 79.836 sec - in org.apache.flink.runtime.leaderelection.ZooKeeperLeaderElectionTest
Tests run: 8, Failures: 0, Errors: 0, Skipped: 0, Time elapsed: 98.142 sec - in org.apache.flink.runtime.operators.sort.NormalizedKeySorterTest
Tests run: 2, Failures: 0, Errors: 0, Skipped: 0, Time elapsed: 31.723 sec - in org.apache.flink.runtime.io.network.serialization.LargeRecordsTest
Tests run: 6, Failures: 0, Errors: 0, Skipped: 0, Time elapsed: 64.853 sec - in org.apache.flink.runtime.io.disk.ChannelViewsTest

Results :

Tests in error: 
  ExecutionGraphRestartTest.run:41->org$scalatest$WordSpecLike$$super$run:41->runTests:41->runTest:41->withFixture:41->fail:41->newAssertionFailedException:41  TestFailed

Tests run: 892, Failures: 0, Errors: 1, Skipped: 1

[INFO] ------------------------------------------------------------------------
[INFO] BUILD FAILURE
[INFO] ------------------------------------------------------------------------
[INFO] Total time: 02:21 min
[INFO] Finished at: 2016-07-14T18:10:45-07:00
[INFO] Final Memory: 60M/3502M
[INFO] ------------------------------------------------------------------------
[ERROR] Failed to execute goal org.apache.maven.plugins:maven-surefire-plugin:2.18.1:test (default-test) on project flink-runtime: There are test failures.
[ERROR] 
[ERROR] Please refer to /space/parallel/flink/flink9/dataset/flink/FLINK-3011_a402002df7b6a3f21d84f9338b8b0afec1cc65ec/flink-runtime/target/surefire-reports for the individual test results.
[ERROR] -> [Help 1]
[ERROR] 
[ERROR] To see the full stack trace of the errors, re-run Maven with the -e switch.
[ERROR] Re-run Maven using the -X switch to enable full debug logging.
[ERROR] 
[ERROR] For more information about the errors and possible solutions, please read the following articles:
[ERROR] [Help 1] http://cwiki.apache.org/confluence/display/MAVEN/MojoFailureException
