Apache Maven 3.5.4 (1edded0938998edf8bf061f1ceb3cfdeccf443fe; 2018-06-17T11:33:14-07:00)
Maven home: /usr/local/apache-maven
Java version: 1.8.0_312, vendor: Private Build, runtime: /usr/lib/jvm/java-8-openjdk-amd64/jre
Default locale: en_US, platform encoding: UTF-8
OS name: "linux", version: "4.15.0-173-generic", arch: "amd64", family: "unix"
[INFO] Scanning for projects...
[WARNING] 
[WARNING] Some problems were encountered while building the effective model for org.axonframework:axon-integrationtests:jar:4.0.1-SNAPSHOT
[WARNING] 'dependencies.dependency.systemPath' for com.oracle:ojdbc7:jar should not point at files within the project directory, ${project.basedir}/src/test/binary/ojdbc7.jar will be unresolvable by dependent projects @ org.axonframework:axon-integrationtests:[unknown-version], /data-depot/user/Workspace/Reproducibility/Reproducibility-Scanner/reproducer/workspace/Bears-200/integrationtests/pom.xml, line 138, column 25
[WARNING] 
[WARNING] It is highly recommended to fix these problems because they threaten the stability of your build.
[WARNING] 
[WARNING] For this reason, future Maven versions might no longer support building such malformed projects.
[WARNING] 
[INFO] ------------------------------------------------------------------------
[INFO] Detecting the operating system and CPU architecture
[INFO] ------------------------------------------------------------------------
[INFO] os.detected.name: linux
[INFO] os.detected.arch: x86_64
[INFO] os.detected.release: ubuntu
[INFO] os.detected.release.version: 18.04
[INFO] os.detected.release.like.ubuntu: true
[INFO] os.detected.release.like.debian: true
[INFO] os.detected.classifier: linux-x86_64
[INFO] ------------------------------------------------------------------------
[INFO] Reactor Build Order:
[INFO] 
[INFO] Axon Framework                                                     [pom]
[INFO] Axon Framework Messaging                                        [bundle]
[INFO] Axon Framework Modelling                                        [bundle]
[INFO] Axon Event Sourcing                                             [bundle]
[INFO] Axon Disruptor                                                  [bundle]
[INFO] Axon Configuration                                              [bundle]
[INFO] Axon Framework Test Fixtures                                       [jar]
[INFO] Axon Framework Connector for AxonServer                            [jar]
[INFO] Axon Framework Metrics                                          [bundle]
[INFO] Axon Framework Spring Support                                   [bundle]
[INFO] Axon Framework Spring Boot Support                                 [jar]
[INFO] Spring Boot Starter module for Axon Framework                      [jar]
[INFO] Axon Integration tests                                             [jar]
[INFO] Axon Legacy Components                                             [jar]
[INFO] 
[INFO] -----------------------< org.axonframework:axon >-----------------------
[INFO] Building Axon Framework 4.0.1-SNAPSHOT                            [1/14]
[INFO] --------------------------------[ pom ]---------------------------------
[INFO] 
[INFO] ------------------< org.axonframework:axon-messaging >------------------
[INFO] Building Axon Framework Messaging 4.0.1-SNAPSHOT                  [2/14]
[INFO] -------------------------------[ bundle ]-------------------------------
[INFO] 
[INFO] --- maven-enforcer-plugin:1.4.1:enforce (enforce-banned-dependencies) @ axon-messaging ---
[INFO] Skipping Rule Enforcement.
[INFO] 
[INFO] --- maven-resources-plugin:3.0.2:resources (default-resources) @ axon-messaging ---
[INFO] Using 'UTF-8' encoding to copy filtered resources.
[INFO] Copying 5 resources
[INFO] 
[INFO] --- maven-compiler-plugin:3.5.1:compile (default-compile) @ axon-messaging ---
[INFO] Changes detected - recompiling the module!
[INFO] Compiling 395 source files to /data-depot/user/Workspace/Reproducibility/Reproducibility-Scanner/reproducer/workspace/Bears-200/messaging/target/classes
[INFO] /data-depot/user/Workspace/Reproducibility/Reproducibility-Scanner/reproducer/workspace/Bears-200/messaging/src/main/java/org/axonframework/commandhandling/gateway/AbstractCommandGateway.java: Some input files use unchecked or unsafe operations.
[INFO] /data-depot/user/Workspace/Reproducibility/Reproducibility-Scanner/reproducer/workspace/Bears-200/messaging/src/main/java/org/axonframework/commandhandling/gateway/AbstractCommandGateway.java: Recompile with -Xlint:unchecked for details.
[INFO] 
[INFO] --- maven-bundle-plugin:3.3.0:manifest (default) @ axon-messaging ---
[INFO] 
[INFO] --- maven-resources-plugin:3.0.2:testResources (default-testResources) @ axon-messaging ---
[INFO] Using 'UTF-8' encoding to copy filtered resources.
[INFO] Copying 5 resources
[INFO] 
[INFO] --- maven-compiler-plugin:3.5.1:testCompile (default-testCompile) @ axon-messaging ---
[INFO] Nothing to compile - all classes are up to date
[INFO] 
[INFO] --- maven-surefire-plugin:2.19.1:test (default-test) @ axon-messaging ---

-------------------------------------------------------
 T E S T S
-------------------------------------------------------
Running org.axonframework.messaging.annotation.MultiParameterResolverFactoryTest
Tests run: 3, Failures: 0, Errors: 0, Skipped: 0, Time elapsed: 0.588 sec - in org.axonframework.messaging.annotation.MultiParameterResolverFactoryTest
Running org.axonframework.messaging.annotation.HandlerComparatorTest
Tests run: 4, Failures: 0, Errors: 0, Skipped: 0, Time elapsed: 0 sec - in org.axonframework.messaging.annotation.HandlerComparatorTest
Running org.axonframework.messaging.annotation.SimpleResourceParameterResolverFactoryTest
Tests run: 4, Failures: 0, Errors: 0, Skipped: 0, Time elapsed: 0.001 sec - in org.axonframework.messaging.annotation.SimpleResourceParameterResolverFactoryTest
Running org.axonframework.messaging.annotation.MessageIdentifierParameterResolverFactoryTest
Tests run: 4, Failures: 0, Errors: 0, Skipped: 0, Time elapsed: 0 sec - in org.axonframework.messaging.annotation.MessageIdentifierParameterResolverFactoryTest
Running org.axonframework.messaging.MetaDataTest
Tests run: 1, Failures: 0, Errors: 0, Skipped: 0, Time elapsed: 0.006 sec - in org.axonframework.messaging.MetaDataTest
Running org.axonframework.messaging.interceptors.TransactionManagingInterceptorTest
Tests run: 2, Failures: 0, Errors: 0, Skipped: 0, Time elapsed: 0.231 sec - in org.axonframework.messaging.interceptors.TransactionManagingInterceptorTest
Running org.axonframework.messaging.interceptors.CorrelationDataInterceptorTest
Tests run: 1, Failures: 0, Errors: 0, Skipped: 0, Time elapsed: 0.067 sec - in org.axonframework.messaging.interceptors.CorrelationDataInterceptorTest
Running org.axonframework.messaging.interceptors.LoggingInterceptorTest
Tests run: 5, Failures: 0, Errors: 0, Skipped: 0, Time elapsed: 0.127 sec - in org.axonframework.messaging.interceptors.LoggingInterceptorTest
Running org.axonframework.messaging.interceptors.BeanValidationInterceptorTest
2022-07-14 17:20:28,348 [main] INFO  Version                         - HV000001: Hibernate Validator 5.2.4.Final
Tests run: 5, Failures: 0, Errors: 0, Skipped: 0, Time elapsed: 0.311 sec - in org.axonframework.messaging.interceptors.BeanValidationInterceptorTest
Running org.axonframework.messaging.unitofwork.RollbackConfigurationTypeTest
Tests run: 3, Failures: 0, Errors: 0, Skipped: 0, Time elapsed: 0.001 sec - in org.axonframework.messaging.unitofwork.RollbackConfigurationTypeTest
Running org.axonframework.messaging.unitofwork.CurrentUnitOfWorkTest
Tests run: 3, Failures: 0, Errors: 0, Skipped: 0, Time elapsed: 0.002 sec - in org.axonframework.messaging.unitofwork.CurrentUnitOfWorkTest
Running org.axonframework.messaging.unitofwork.ExecutionResultTest
Tests run: 3, Failures: 0, Errors: 0, Skipped: 0, Time elapsed: 0.001 sec - in org.axonframework.messaging.unitofwork.ExecutionResultTest
Running org.axonframework.messaging.unitofwork.AbstractUnitOfWorkTest
Tests run: 8, Failures: 0, Errors: 0, Skipped: 0, Time elapsed: 0.129 sec - in org.axonframework.messaging.unitofwork.AbstractUnitOfWorkTest
Running org.axonframework.messaging.unitofwork.BatchingUnitOfWorkTest
Tests run: 3, Failures: 0, Errors: 0, Skipped: 0, Time elapsed: 0.019 sec - in org.axonframework.messaging.unitofwork.BatchingUnitOfWorkTest
Running org.axonframework.messaging.unitofwork.UnitOfWorkNestingTest
Tests run: 6, Failures: 0, Errors: 0, Skipped: 0, Time elapsed: 0.008 sec - in org.axonframework.messaging.unitofwork.UnitOfWorkNestingTest
Running org.axonframework.messaging.HeadersTests
Tests run: 11, Failures: 0, Errors: 0, Skipped: 0, Time elapsed: 0.199 sec - in org.axonframework.messaging.HeadersTests
Running org.axonframework.messaging.DefaultInterceptorChainTest
Tests run: 1, Failures: 0, Errors: 0, Skipped: 0, Time elapsed: 0.022 sec - in org.axonframework.messaging.DefaultInterceptorChainTest
Running org.axonframework.messaging.GenericMessageTest
Tests run: 2, Failures: 0, Errors: 0, Skipped: 0, Time elapsed: 0.31 sec - in org.axonframework.messaging.GenericMessageTest
Running org.axonframework.messaging.GenericResultMessageTest
Tests run: 2, Failures: 0, Errors: 0, Skipped: 0, Time elapsed: 0.058 sec - in org.axonframework.messaging.GenericResultMessageTest
Running org.axonframework.messaging.correlation.MetaDataValueTest
Tests run: 18, Failures: 0, Errors: 0, Skipped: 0, Time elapsed: 0.01 sec - in org.axonframework.messaging.correlation.MetaDataValueTest
Running org.axonframework.messaging.correlation.SimpleCorrelationDataProviderTest
Tests run: 1, Failures: 0, Errors: 0, Skipped: 0, Time elapsed: 0 sec - in org.axonframework.messaging.correlation.SimpleCorrelationDataProviderTest
Running org.axonframework.messaging.responsetypes.MultipleInstancesResponseTypeTest
2022-07-14 17:20:29,419 [main] INFO  MultipleInstancesResponseType   - The given response is an Iterable without any contents, hence we cannot verify if the contained type is assignable to the expected type.
Tests run: 46, Failures: 0, Errors: 0, Skipped: 0, Time elapsed: 0.022 sec - in org.axonframework.messaging.responsetypes.MultipleInstancesResponseTypeTest
Running org.axonframework.messaging.responsetypes.ResponseTypesJacksonSerializationTest
Tests run: 2, Failures: 0, Errors: 0, Skipped: 0, Time elapsed: 0.019 sec - in org.axonframework.messaging.responsetypes.ResponseTypesJacksonSerializationTest
Running org.axonframework.messaging.responsetypes.InstanceResponseTypeTest
Tests run: 36, Failures: 0, Errors: 0, Skipped: 0, Time elapsed: 0.007 sec - in org.axonframework.messaging.responsetypes.InstanceResponseTypeTest
Running org.axonframework.queryhandling.DefaultQueryGatewayTest
Tests run: 6, Failures: 0, Errors: 0, Skipped: 0, Time elapsed: 0.136 sec - in org.axonframework.queryhandling.DefaultQueryGatewayTest
Running org.axonframework.queryhandling.SimpleQueryBusTest
Tests run: 25, Failures: 0, Errors: 0, Skipped: 0, Time elapsed: 0.082 sec - in org.axonframework.queryhandling.SimpleQueryBusTest
Running org.axonframework.queryhandling.SubscriptionQueryTest
2022-07-14 17:20:29,729 [main] ERROR SimpleQueryBus                  - An error happened while trying to report an initial result. Query: GenericQueryMessage{payload={axonFrameworkCR}, metadata={}, messageIdentifier='c72ff9c0-6673-4c21-8b52-f74198ad1256', queryName='failingQuery', expectedResponseType='InstanceResponseType{class java.lang.String}'}
java.lang.RuntimeException: oops
	at org.axonframework.queryhandling.SubscriptionQueryTest$ChatQueryHandler.<init>(SubscriptionQueryTest.java:786)
	at org.axonframework.queryhandling.SubscriptionQueryTest$ChatQueryHandler.<init>(SubscriptionQueryTest.java:783)
	at org.axonframework.queryhandling.SubscriptionQueryTest.<init>(SubscriptionQueryTest.java:57)
	at sun.reflect.NativeConstructorAccessorImpl.newInstance0(Native Method)
	at sun.reflect.NativeConstructorAccessorImpl.newInstance(NativeConstructorAccessorImpl.java:62)
	at sun.reflect.DelegatingConstructorAccessorImpl.newInstance(DelegatingConstructorAccessorImpl.java:45)
	at java.lang.reflect.Constructor.newInstance(Constructor.java:423)
	at org.junit.runners.BlockJUnit4ClassRunner.createTest(BlockJUnit4ClassRunner.java:217)
	at org.junit.runners.BlockJUnit4ClassRunner$1.runReflectiveCall(BlockJUnit4ClassRunner.java:266)
	at org.junit.internal.runners.model.ReflectiveCallable.run(ReflectiveCallable.java:12)
	at org.junit.runners.BlockJUnit4ClassRunner.methodBlock(BlockJUnit4ClassRunner.java:263)
	at org.junit.runners.BlockJUnit4ClassRunner.runChild(BlockJUnit4ClassRunner.java:78)
	at org.junit.runners.BlockJUnit4ClassRunner.runChild(BlockJUnit4ClassRunner.java:57)
	at org.junit.runners.ParentRunner$3.run(ParentRunner.java:290)
	at org.junit.runners.ParentRunner$1.schedule(ParentRunner.java:71)
	at org.junit.runners.ParentRunner.runChildren(ParentRunner.java:288)
	at org.junit.runners.ParentRunner.access$000(ParentRunner.java:58)
	at org.junit.runners.ParentRunner$2.evaluate(ParentRunner.java:268)
	at org.junit.runners.ParentRunner.run(ParentRunner.java:363)
	at org.apache.maven.surefire.junit4.JUnit4Provider.execute(JUnit4Provider.java:367)
	at org.apache.maven.surefire.junit4.JUnit4Provider.executeWithRerun(JUnit4Provider.java:274)
	at org.apache.maven.surefire.junit4.JUnit4Provider.executeTestSet(JUnit4Provider.java:238)
	at org.apache.maven.surefire.junit4.JUnit4Provider.invoke(JUnit4Provider.java:161)
	at org.apache.maven.surefire.booter.ForkedBooter.invokeProviderInSameClassLoader(ForkedBooter.java:290)
	at org.apache.maven.surefire.booter.ForkedBooter.runSuitesInProcess(ForkedBooter.java:242)
	at org.apache.maven.surefire.booter.ForkedBooter.main(ForkedBooter.java:121)
2022-07-14 17:20:29,763 [main] INFO  SimpleQueryUpdateEmitter        - An error occurred while trying to emit an update to a query 'chatMessages'. The subscription will be cancelled. Exception summary: reactor.core.Exceptions$ErrorCallbackNotImplemented: java.lang.IllegalStateException: oops
2022-07-14 17:20:29,792 [main] ERROR SimpleQueryUpdateEmitter        - An error happened while trying to inform update handler about the error. Query: GenericQueryMessage{payload={axonFrameworkCR}, metadata={}, messageIdentifier='d44332e0-0e25-4159-bd68-0c858c4a4dd1', queryName='chatMessages', expectedResponseType='MultipleInstancesResponseType{class java.lang.String}'}
2022-07-14 17:20:29,795 [main] ERROR SimpleQueryUpdateEmitter        - An error happened while trying to inform update handler about the error. Query: GenericQueryMessage{payload={axonFrameworkCR}, metadata={}, messageIdentifier='a9f8d7d9-b79e-47e4-af80-1d2cc3039496', queryName='chatMessages', expectedResponseType='MultipleInstancesResponseType{class java.lang.String}'}
2022-07-14 17:20:30,326 [main] ERROR SimpleQueryBus                  - An error happened while trying to report an initial result. Query: GenericQueryMessage{payload={axonFrameworkCR}, metadata={}, messageIdentifier='1e996ecf-838b-4954-90ad-3726f41af8c2', queryName='failingQuery', expectedResponseType='InstanceResponseType{class java.lang.String}'}
java.lang.RuntimeException: oops
	at org.axonframework.queryhandling.SubscriptionQueryTest$ChatQueryHandler.<init>(SubscriptionQueryTest.java:786)
	at org.axonframework.queryhandling.SubscriptionQueryTest$ChatQueryHandler.<init>(SubscriptionQueryTest.java:783)
	at org.axonframework.queryhandling.SubscriptionQueryTest.<init>(SubscriptionQueryTest.java:57)
	at sun.reflect.GeneratedConstructorAccessor17.newInstance(Unknown Source)
	at sun.reflect.DelegatingConstructorAccessorImpl.newInstance(DelegatingConstructorAccessorImpl.java:45)
	at java.lang.reflect.Constructor.newInstance(Constructor.java:423)
	at org.junit.runners.BlockJUnit4ClassRunner.createTest(BlockJUnit4ClassRunner.java:217)
	at org.junit.runners.BlockJUnit4ClassRunner$1.runReflectiveCall(BlockJUnit4ClassRunner.java:266)
	at org.junit.internal.runners.model.ReflectiveCallable.run(ReflectiveCallable.java:12)
	at org.junit.runners.BlockJUnit4ClassRunner.methodBlock(BlockJUnit4ClassRunner.java:263)
	at org.junit.runners.BlockJUnit4ClassRunner.runChild(BlockJUnit4ClassRunner.java:78)
	at org.junit.runners.BlockJUnit4ClassRunner.runChild(BlockJUnit4ClassRunner.java:57)
	at org.junit.runners.ParentRunner$3.run(ParentRunner.java:290)
	at org.junit.runners.ParentRunner$1.schedule(ParentRunner.java:71)
	at org.junit.runners.ParentRunner.runChildren(ParentRunner.java:288)
	at org.junit.runners.ParentRunner.access$000(ParentRunner.java:58)
	at org.junit.runners.ParentRunner$2.evaluate(ParentRunner.java:268)
	at org.junit.runners.ParentRunner.run(ParentRunner.java:363)
	at org.apache.maven.surefire.junit4.JUnit4Provider.execute(JUnit4Provider.java:367)
	at org.apache.maven.surefire.junit4.JUnit4Provider.executeWithRerun(JUnit4Provider.java:274)
	at org.apache.maven.surefire.junit4.JUnit4Provider.executeTestSet(JUnit4Provider.java:238)
	at org.apache.maven.surefire.junit4.JUnit4Provider.invoke(JUnit4Provider.java:161)
	at org.apache.maven.surefire.booter.ForkedBooter.invokeProviderInSameClassLoader(ForkedBooter.java:290)
	at org.apache.maven.surefire.booter.ForkedBooter.runSuitesInProcess(ForkedBooter.java:242)
	at org.apache.maven.surefire.booter.ForkedBooter.main(ForkedBooter.java:121)
2022-07-14 17:20:30,329 [main] ERROR SimpleQueryBus                  - An error happened while trying to report an initial result. Query: GenericQueryMessage{payload={axonFrameworkCR}, metadata={}, messageIdentifier='d1b4b4e7-d61f-4d55-89a6-880810bef153', queryName='failingQuery', expectedResponseType='InstanceResponseType{class java.lang.String}'}
java.lang.RuntimeException: oops
	at org.axonframework.queryhandling.SubscriptionQueryTest$ChatQueryHandler.<init>(SubscriptionQueryTest.java:786)
	at org.axonframework.queryhandling.SubscriptionQueryTest$ChatQueryHandler.<init>(SubscriptionQueryTest.java:783)
	at org.axonframework.queryhandling.SubscriptionQueryTest.<init>(SubscriptionQueryTest.java:57)
	at sun.reflect.GeneratedConstructorAccessor17.newInstance(Unknown Source)
	at sun.reflect.DelegatingConstructorAccessorImpl.newInstance(DelegatingConstructorAccessorImpl.java:45)
	at java.lang.reflect.Constructor.newInstance(Constructor.java:423)
	at org.junit.runners.BlockJUnit4ClassRunner.createTest(BlockJUnit4ClassRunner.java:217)
	at org.junit.runners.BlockJUnit4ClassRunner$1.runReflectiveCall(BlockJUnit4ClassRunner.java:266)
	at org.junit.internal.runners.model.ReflectiveCallable.run(ReflectiveCallable.java:12)
	at org.junit.runners.BlockJUnit4ClassRunner.methodBlock(BlockJUnit4ClassRunner.java:263)
	at org.junit.runners.BlockJUnit4ClassRunner.runChild(BlockJUnit4ClassRunner.java:78)
	at org.junit.runners.BlockJUnit4ClassRunner.runChild(BlockJUnit4ClassRunner.java:57)
	at org.junit.runners.ParentRunner$3.run(ParentRunner.java:290)
	at org.junit.runners.ParentRunner$1.schedule(ParentRunner.java:71)
	at org.junit.runners.ParentRunner.runChildren(ParentRunner.java:288)
	at org.junit.runners.ParentRunner.access$000(ParentRunner.java:58)
	at org.junit.runners.ParentRunner$2.evaluate(ParentRunner.java:268)
	at org.junit.runners.ParentRunner.run(ParentRunner.java:363)
	at org.apache.maven.surefire.junit4.JUnit4Provider.execute(JUnit4Provider.java:367)
	at org.apache.maven.surefire.junit4.JUnit4Provider.executeWithRerun(JUnit4Provider.java:274)
	at org.apache.maven.surefire.junit4.JUnit4Provider.executeTestSet(JUnit4Provider.java:238)
	at org.apache.maven.surefire.junit4.JUnit4Provider.invoke(JUnit4Provider.java:161)
	at org.apache.maven.surefire.booter.ForkedBooter.invokeProviderInSameClassLoader(ForkedBooter.java:290)
	at org.apache.maven.surefire.booter.ForkedBooter.runSuitesInProcess(ForkedBooter.java:242)
	at org.apache.maven.surefire.booter.ForkedBooter.main(ForkedBooter.java:121)
Tests run: 25, Failures: 0, Errors: 0, Skipped: 0, Time elapsed: 1.654 sec - in org.axonframework.queryhandling.SubscriptionQueryTest
Running org.axonframework.queryhandling.annotation.AnnotationQueryHandlerAdapterTest
Tests run: 6, Failures: 0, Errors: 0, Skipped: 0, Time elapsed: 0.032 sec - in org.axonframework.queryhandling.annotation.AnnotationQueryHandlerAdapterTest
Running org.axonframework.queryhandling.FutureAsResponseTypeToQueryHandlersTest
Tests run: 6, Failures: 0, Errors: 0, Skipped: 0, Time elapsed: 3.014 sec - in org.axonframework.queryhandling.FutureAsResponseTypeToQueryHandlersTest
Running org.axonframework.common.AssertTest
Tests run: 4, Failures: 0, Errors: 0, Skipped: 0, Time elapsed: 0.001 sec - in org.axonframework.common.AssertTest
Running org.axonframework.common.AxonThreadFactoryTest
Tests run: 5, Failures: 0, Errors: 0, Skipped: 0, Time elapsed: 0 sec - in org.axonframework.common.AxonThreadFactoryTest
Running org.axonframework.common.property.BeanPropertyAccessStrategyTest
Tests run: 4, Failures: 0, Errors: 0, Skipped: 0, Time elapsed: 0.004 sec - in org.axonframework.common.property.BeanPropertyAccessStrategyTest
Running org.axonframework.common.property.DirectPropertyAccessStrategyTest
Tests run: 4, Failures: 0, Errors: 0, Skipped: 0, Time elapsed: 0 sec - in org.axonframework.common.property.DirectPropertyAccessStrategyTest
Running org.axonframework.common.property.UniformPropertyAccessStrategyTest
Tests run: 4, Failures: 0, Errors: 0, Skipped: 0, Time elapsed: 0.001 sec - in org.axonframework.common.property.UniformPropertyAccessStrategyTest
Running org.axonframework.common.property.PropertyAccessStrategyTest
Tests run: 5, Failures: 0, Errors: 0, Skipped: 0, Time elapsed: 0.001 sec - in org.axonframework.common.property.PropertyAccessStrategyTest
Running org.axonframework.common.annotation.AnnotationUtilsTest
Tests run: 5, Failures: 0, Errors: 0, Skipped: 0, Time elapsed: 0.001 sec - in org.axonframework.common.annotation.AnnotationUtilsTest
Running org.axonframework.common.annotation.PriorityAnnotationComparatorTest
Tests run: 4, Failures: 0, Errors: 0, Skipped: 0, Time elapsed: 0.003 sec - in org.axonframework.common.annotation.PriorityAnnotationComparatorTest
Running org.axonframework.common.jdbc.JdbcUtilsTest
Tests run: 4, Failures: 0, Errors: 0, Skipped: 0, Time elapsed: 0.207 sec - in org.axonframework.common.jdbc.JdbcUtilsTest
Running org.axonframework.common.jdbc.ConnectionWrapperFactoryTest
Tests run: 8, Failures: 0, Errors: 0, Skipped: 0, Time elapsed: 0.064 sec - in org.axonframework.common.jdbc.ConnectionWrapperFactoryTest
Running org.axonframework.common.jdbc.UnitOfWorkAwareConnectionProviderWrapperTest
Tests run: 5, Failures: 0, Errors: 0, Skipped: 0, Time elapsed: 0.012 sec - in org.axonframework.common.jdbc.UnitOfWorkAwareConnectionProviderWrapperTest
Running org.axonframework.common.lock.PessimisticLockFactoryTest
Tests run: 10, Failures: 0, Errors: 0, Skipped: 0, Time elapsed: 3.621 sec - in org.axonframework.common.lock.PessimisticLockFactoryTest
Running org.axonframework.common.lock.LockFactoryTest
Tests run: 1, Failures: 0, Errors: 0, Skipped: 0, Time elapsed: 0.025 sec - in org.axonframework.common.lock.LockFactoryTest
Running org.axonframework.common.caching.WeakReferenceCacheTest
Tests run: 2, Failures: 0, Errors: 0, Skipped: 0, Time elapsed: 0.308 sec - in org.axonframework.common.caching.WeakReferenceCacheTest
Running org.axonframework.common.caching.NoCacheTest
Tests run: 1, Failures: 0, Errors: 0, Skipped: 0, Time elapsed: 0.001 sec - in org.axonframework.common.caching.NoCacheTest
Running org.axonframework.common.DateTimeUtilsTest
Tests run: 1, Failures: 0, Errors: 0, Skipped: 0, Time elapsed: 0.004 sec - in org.axonframework.common.DateTimeUtilsTest
Running org.axonframework.common.CollectionUtilsTest
Tests run: 2, Failures: 0, Errors: 0, Skipped: 0, Time elapsed: 0.001 sec - in org.axonframework.common.CollectionUtilsTest
Running org.axonframework.common.ReflectionUtilsTest
Tests run: 11, Failures: 0, Errors: 0, Skipped: 0, Time elapsed: 0.002 sec - in org.axonframework.common.ReflectionUtilsTest
Running org.axonframework.common.IdentifierValidatorTest
Tests run: 4, Failures: 0, Errors: 0, Skipped: 0, Time elapsed: 0 sec - in org.axonframework.common.IdentifierValidatorTest
Running org.axonframework.commandhandling.CurrentUnitOfWorkParameterResolverFactoryTest
Tests run: 4, Failures: 0, Errors: 0, Skipped: 0, Time elapsed: 0.076 sec - in org.axonframework.commandhandling.CurrentUnitOfWorkParameterResolverFactoryTest
Running org.axonframework.commandhandling.callbacks.FutureCallbackTest
Tests run: 4, Failures: 0, Errors: 0, Skipped: 0, Time elapsed: 0.002 sec - in org.axonframework.commandhandling.callbacks.FutureCallbackTest
Running org.axonframework.commandhandling.distributed.DistributedCommandBusTest
2022-07-14 17:20:38,803 [main] WARN  LoggingCallback                 - Command resulted in exception: java.lang.String
java.lang.Exception: Failing
	at org.axonframework.commandhandling.distributed.DistributedCommandBusTest$StubCommandBusConnector.send(DistributedCommandBusTest.java:197)
	at org.axonframework.commandhandling.distributed.DistributedCommandBusTest$StubCommandBusConnector$MockitoMock$1541458931.send$accessor$Dk34FYW3(Unknown Source)
	at org.axonframework.commandhandling.distributed.DistributedCommandBusTest$StubCommandBusConnector$MockitoMock$1541458931$auxiliary$Otp6n19n.call(Unknown Source)
	at org.mockito.internal.invocation.RealMethod$FromCallable$1.call(RealMethod.java:40)
	at org.mockito.internal.invocation.RealMethod$FromBehavior.invoke(RealMethod.java:62)
	at org.mockito.internal.creation.bytebuddy.InterceptedInvocation.callRealMethod(InterceptedInvocation.java:129)
	at org.mockito.internal.stubbing.answers.CallsRealMethods.answer(CallsRealMethods.java:43)
	at org.mockito.Answers.answer(Answers.java:100)
	at org.mockito.internal.handler.MockHandlerImpl.handle(MockHandlerImpl.java:97)
	at org.mockito.internal.handler.NullResultGuardian.handle(NullResultGuardian.java:29)
	at org.mockito.internal.handler.InvocationNotifierHandler.handle(InvocationNotifierHandler.java:35)
	at org.mockito.internal.creation.bytebuddy.MockMethodInterceptor.doIntercept(MockMethodInterceptor.java:65)
	at org.mockito.internal.creation.bytebuddy.MockMethodInterceptor.doIntercept(MockMethodInterceptor.java:51)
	at org.mockito.internal.creation.bytebuddy.MockMethodInterceptor$DispatcherDefaultingToRealMethod.interceptSuperCallable(MockMethodInterceptor.java:135)
	at org.axonframework.commandhandling.distributed.DistributedCommandBusTest$StubCommandBusConnector$MockitoMock$1541458931.send(Unknown Source)
	at org.axonframework.commandhandling.distributed.DistributedCommandBus.dispatch(DistributedCommandBus.java:141)
	at org.axonframework.commandhandling.distributed.DistributedCommandBus.dispatch(DistributedCommandBus.java:124)
	at org.axonframework.commandhandling.distributed.DistributedCommandBusTest.testDispatchFailingCommandWithoutCallbackWithMessageMonitor(DistributedCommandBusTest.java:86)
	at sun.reflect.NativeMethodAccessorImpl.invoke0(Native Method)
	at sun.reflect.NativeMethodAccessorImpl.invoke(NativeMethodAccessorImpl.java:62)
	at sun.reflect.DelegatingMethodAccessorImpl.invoke(DelegatingMethodAccessorImpl.java:43)
	at java.lang.reflect.Method.invoke(Method.java:498)
	at org.junit.runners.model.FrameworkMethod$1.runReflectiveCall(FrameworkMethod.java:50)
	at org.junit.internal.runners.model.ReflectiveCallable.run(ReflectiveCallable.java:12)
	at org.junit.runners.model.FrameworkMethod.invokeExplosively(FrameworkMethod.java:47)
	at org.junit.internal.runners.statements.InvokeMethod.evaluate(InvokeMethod.java:17)
	at org.junit.internal.runners.statements.RunBefores.evaluate(RunBefores.java:26)
	at org.junit.runners.ParentRunner.runLeaf(ParentRunner.java:325)
	at org.junit.runners.BlockJUnit4ClassRunner.runChild(BlockJUnit4ClassRunner.java:78)
	at org.junit.runners.BlockJUnit4ClassRunner.runChild(BlockJUnit4ClassRunner.java:57)
	at org.junit.runners.ParentRunner$3.run(ParentRunner.java:290)
	at org.junit.runners.ParentRunner$1.schedule(ParentRunner.java:71)
	at org.junit.runners.ParentRunner.runChildren(ParentRunner.java:288)
	at org.junit.runners.ParentRunner.access$000(ParentRunner.java:58)
	at org.junit.runners.ParentRunner$2.evaluate(ParentRunner.java:268)
	at org.junit.runners.ParentRunner.run(ParentRunner.java:363)
	at org.mockito.internal.runners.DefaultInternalRunner$1.run(DefaultInternalRunner.java:79)
	at org.mockito.internal.runners.DefaultInternalRunner.run(DefaultInternalRunner.java:85)
	at org.mockito.internal.runners.StrictRunner.run(StrictRunner.java:39)
	at org.mockito.junit.MockitoJUnitRunner.run(MockitoJUnitRunner.java:163)
	at org.mockito.runners.MockitoJUnitRunner.run(MockitoJUnitRunner.java:53)
	at org.apache.maven.surefire.junit4.JUnit4Provider.execute(JUnit4Provider.java:367)
	at org.apache.maven.surefire.junit4.JUnit4Provider.executeWithRerun(JUnit4Provider.java:274)
	at org.apache.maven.surefire.junit4.JUnit4Provider.executeTestSet(JUnit4Provider.java:238)
	at org.apache.maven.surefire.junit4.JUnit4Provider.invoke(JUnit4Provider.java:161)
	at org.apache.maven.surefire.booter.ForkedBooter.invokeProviderInSameClassLoader(ForkedBooter.java:290)
	at org.apache.maven.surefire.booter.ForkedBooter.runSuitesInProcess(ForkedBooter.java:242)
	at org.apache.maven.surefire.booter.ForkedBooter.main(ForkedBooter.java:121)
2022-07-14 17:20:38,806 [main] INFO  LoggingCallback                 - Command executed successfully: java.lang.String
Tests run: 7, Failures: 0, Errors: 0, Skipped: 0, Time elapsed: 0.052 sec - in org.axonframework.commandhandling.distributed.DistributedCommandBusTest
Running org.axonframework.commandhandling.distributed.AnnotationRoutingStrategyTest
Tests run: 2, Failures: 0, Errors: 0, Skipped: 0, Time elapsed: 0 sec - in org.axonframework.commandhandling.distributed.AnnotationRoutingStrategyTest
Running org.axonframework.commandhandling.distributed.ReplyMessageSerializationTest
Tests run: 6, Failures: 0, Errors: 0, Skipped: 0, Time elapsed: 0.051 sec - in org.axonframework.commandhandling.distributed.ReplyMessageSerializationTest
Running org.axonframework.commandhandling.distributed.commandfilter.CommandFilterTest
Tests run: 4, Failures: 0, Errors: 0, Skipped: 0, Time elapsed: 0.003 sec - in org.axonframework.commandhandling.distributed.commandfilter.CommandFilterTest
Running org.axonframework.commandhandling.distributed.ConsistentHashTest
Tests run: 7, Failures: 0, Errors: 0, Skipped: 0, Time elapsed: 0.015 sec - in org.axonframework.commandhandling.distributed.ConsistentHashTest
Running org.axonframework.commandhandling.distributed.CommandCallbackRepositoryTest
Tests run: 3, Failures: 0, Errors: 0, Skipped: 0, Time elapsed: 0 sec - in org.axonframework.commandhandling.distributed.CommandCallbackRepositoryTest
Running org.axonframework.commandhandling.SimpleCommandBusTest
Tests run: 11, Failures: 0, Errors: 0, Skipped: 0, Time elapsed: 0.018 sec - in org.axonframework.commandhandling.SimpleCommandBusTest
Running org.axonframework.commandhandling.gateway.CommandGatewayFactoryTest
Tests run: 30, Failures: 0, Errors: 0, Skipped: 0, Time elapsed: 0.14 sec - in org.axonframework.commandhandling.gateway.CommandGatewayFactoryTest
Running org.axonframework.commandhandling.gateway.DefaultCommandGatewayTest
2022-07-14 17:20:39,070 [main] WARN  DefaultCommandGateway           - Command 'java.lang.String' resulted in java.lang.RuntimeException(java.lang.RuntimeException)
Tests run: 10, Failures: 0, Errors: 0, Skipped: 0, Time elapsed: 0.027 sec - in org.axonframework.commandhandling.gateway.DefaultCommandGatewayTest
Running org.axonframework.commandhandling.GenericCommandMessageTest
Tests run: 4, Failures: 0, Errors: 0, Skipped: 0, Time elapsed: 0.001 sec - in org.axonframework.commandhandling.GenericCommandMessageTest
Running org.axonframework.commandhandling.AsynchronousCommandBusTest
2022-07-14 17:20:39,114 [main] INFO  LoggingCallback                 - Command executed successfully: java.lang.Object
Tests run: 5, Failures: 0, Errors: 0, Skipped: 0, Time elapsed: 0.039 sec - in org.axonframework.commandhandling.AsynchronousCommandBusTest
Running org.axonframework.commandhandling.AnnotationCommandHandlerAdapterTest
Tests run: 6, Failures: 0, Errors: 0, Skipped: 0, Time elapsed: 0.047 sec - in org.axonframework.commandhandling.AnnotationCommandHandlerAdapterTest
Running org.axonframework.serialization.ChainedConverterTest
Tests run: 6, Failures: 0, Errors: 0, Skipped: 0, Time elapsed: 0.016 sec - in org.axonframework.serialization.ChainedConverterTest
Running org.axonframework.serialization.xml.XomToStringConverterTest
Tests run: 2, Failures: 0, Errors: 0, Skipped: 0, Time elapsed: 0.006 sec - in org.axonframework.serialization.xml.XomToStringConverterTest
Running org.axonframework.serialization.xml.XStreamSerializerTest
Tests run: 13, Failures: 0, Errors: 0, Skipped: 0, Time elapsed: 0.152 sec - in org.axonframework.serialization.xml.XStreamSerializerTest
Running org.axonframework.serialization.xml.Dom4JToByteArrayConverterTest
Tests run: 2, Failures: 0, Errors: 0, Skipped: 0, Time elapsed: 0.003 sec - in org.axonframework.serialization.xml.Dom4JToByteArrayConverterTest
Running org.axonframework.serialization.xml.InputStreamToXomConverterTest
Tests run: 1, Failures: 0, Errors: 0, Skipped: 0, Time elapsed: 0 sec - in org.axonframework.serialization.xml.InputStreamToXomConverterTest
Running org.axonframework.serialization.xml.InputStreamToDom4jConverterTest
Tests run: 1, Failures: 0, Errors: 0, Skipped: 0, Time elapsed: 0 sec - in org.axonframework.serialization.xml.InputStreamToDom4jConverterTest
Running org.axonframework.serialization.LazyDeserializingObjectTest
Tests run: 5, Failures: 0, Errors: 0, Skipped: 0, Time elapsed: 0.016 sec - in org.axonframework.serialization.LazyDeserializingObjectTest
Running org.axonframework.serialization.upcasting.event.AbstractSingleEventUpcasterTest
Tests run: 4, Failures: 0, Errors: 0, Skipped: 0, Time elapsed: 0.056 sec - in org.axonframework.serialization.upcasting.event.AbstractSingleEventUpcasterTest
Running org.axonframework.serialization.upcasting.event.AbstractContextAwareSingleEventUpcasterTest
Tests run: 1, Failures: 0, Errors: 0, Skipped: 0, Time elapsed: 0.026 sec - in org.axonframework.serialization.upcasting.event.AbstractContextAwareSingleEventUpcasterTest
Running org.axonframework.serialization.upcasting.event.AbstractEventMultiUpcasterTest
Tests run: 4, Failures: 0, Errors: 0, Skipped: 0, Time elapsed: 0.019 sec - in org.axonframework.serialization.upcasting.event.AbstractEventMultiUpcasterTest
Running org.axonframework.serialization.upcasting.event.AbstractContextAwareEventMultiUpcasterTest
Tests run: 1, Failures: 0, Errors: 0, Skipped: 0, Time elapsed: 0.016 sec - in org.axonframework.serialization.upcasting.event.AbstractContextAwareEventMultiUpcasterTest
Running org.axonframework.serialization.upcasting.event.EventUpcasterChainTest
Tests run: 1, Failures: 0, Errors: 0, Skipped: 0, Time elapsed: 0.014 sec - in org.axonframework.serialization.upcasting.event.EventUpcasterChainTest
Running org.axonframework.serialization.upcasting.GenericUpcasterChainTest
Tests run: 6, Failures: 0, Errors: 0, Skipped: 0, Time elapsed: 0.004 sec - in org.axonframework.serialization.upcasting.GenericUpcasterChainTest
Running org.axonframework.serialization.converters.StringToByteArrayConverterTest
Tests run: 1, Failures: 0, Errors: 0, Skipped: 0, Time elapsed: 0 sec - in org.axonframework.serialization.converters.StringToByteArrayConverterTest
Running org.axonframework.serialization.converters.ByteArrayToStringConverterTest
Tests run: 1, Failures: 0, Errors: 0, Skipped: 0, Time elapsed: 0 sec - in org.axonframework.serialization.converters.ByteArrayToStringConverterTest
Running org.axonframework.serialization.converters.InputStreamToByteArrayConverterTest
Tests run: 1, Failures: 0, Errors: 0, Skipped: 0, Time elapsed: 0 sec - in org.axonframework.serialization.converters.InputStreamToByteArrayConverterTest
Running org.axonframework.serialization.SerialVersionUIDRevisionResolverTest
Tests run: 2, Failures: 0, Errors: 0, Skipped: 0, Time elapsed: 0 sec - in org.axonframework.serialization.SerialVersionUIDRevisionResolverTest
Running org.axonframework.serialization.FixedValueRevisionResolverTest
Tests run: 1, Failures: 0, Errors: 0, Skipped: 0, Time elapsed: 0 sec - in org.axonframework.serialization.FixedValueRevisionResolverTest
Running org.axonframework.serialization.json.JsonNodeToByteArrayConverterTest
Tests run: 1, Failures: 0, Errors: 0, Skipped: 0, Time elapsed: 0 sec - in org.axonframework.serialization.json.JsonNodeToByteArrayConverterTest
Running org.axonframework.serialization.json.JacksonSerializerTest
Tests run: 12, Failures: 0, Errors: 0, Skipped: 0, Time elapsed: 0.411 sec - in org.axonframework.serialization.json.JacksonSerializerTest
Running org.axonframework.serialization.json.MetaDataDeserializerTest
Tests run: 20, Failures: 0, Errors: 0, Skipped: 0, Time elapsed: 0.061 sec - in org.axonframework.serialization.json.MetaDataDeserializerTest
Running org.axonframework.serialization.json.ByteArrayToJsonNodeConverterTest
Tests run: 1, Failures: 0, Errors: 0, Skipped: 0, Time elapsed: 0 sec - in org.axonframework.serialization.json.ByteArrayToJsonNodeConverterTest
Running org.axonframework.serialization.JavaSerializerTest
Tests run: 6, Failures: 0, Errors: 0, Skipped: 0, Time elapsed: 0.002 sec - in org.axonframework.serialization.JavaSerializerTest
Running org.axonframework.serialization.MavenArtifactRevisionResolverTest
Tests run: 2, Failures: 0, Errors: 0, Skipped: 0, Time elapsed: 0 sec - in org.axonframework.serialization.MavenArtifactRevisionResolverTest
Running org.axonframework.serialization.SerializedMessageTest
Tests run: 5, Failures: 0, Errors: 0, Skipped: 0, Time elapsed: 0.002 sec - in org.axonframework.serialization.SerializedMessageTest
Running org.axonframework.serialization.SerializationAwareTest
Tests run: 5, Failures: 0, Errors: 0, Skipped: 0, Time elapsed: 0.007 sec - in org.axonframework.serialization.SerializationAwareTest
Running org.axonframework.serialization.AnnotationRevisionResolverTest
Tests run: 2, Failures: 0, Errors: 0, Skipped: 0, Time elapsed: 0 sec - in org.axonframework.serialization.AnnotationRevisionResolverTest
Running org.axonframework.serialization.SerializedMetaDataValueTest
Tests run: 2, Failures: 0, Errors: 0, Skipped: 0, Time elapsed: 0 sec - in org.axonframework.serialization.SerializedMetaDataValueTest
Running org.axonframework.monitoring.MultiMessageMonitorTest
Tests run: 3, Failures: 0, Errors: 0, Skipped: 0, Time elapsed: 0.002 sec - in org.axonframework.monitoring.MultiMessageMonitorTest
Running org.axonframework.eventhandling.ConcludesBatchParameterResolverFactoryTest
Tests run: 6, Failures: 0, Errors: 0, Skipped: 0, Time elapsed: 0.003 sec - in org.axonframework.eventhandling.ConcludesBatchParameterResolverFactoryTest
Running org.axonframework.eventhandling.GlobalSequenceTrackingTokenTest
Tests run: 1, Failures: 0, Errors: 0, Skipped: 0, Time elapsed: 0 sec - in org.axonframework.eventhandling.GlobalSequenceTrackingTokenTest
Running org.axonframework.eventhandling.TrackingTokenSerializationTest
Tests run: 3, Failures: 0, Errors: 0, Skipped: 0, Time elapsed: 0.03 sec - in org.axonframework.eventhandling.TrackingTokenSerializationTest
Running org.axonframework.eventhandling.TimestampParameterResolverFactoryTest
Tests run: 4, Failures: 0, Errors: 0, Skipped: 0, Time elapsed: 0 sec - in org.axonframework.eventhandling.TimestampParameterResolverFactoryTest
Running org.axonframework.eventhandling.ReplayTokenTest
Tests run: 3, Failures: 0, Errors: 0, Skipped: 0, Time elapsed: 0.007 sec - in org.axonframework.eventhandling.ReplayTokenTest
Running org.axonframework.eventhandling.SegmentTest
Tests run: 11, Failures: 0, Errors: 0, Skipped: 0, Time elapsed: 2.045 sec - in org.axonframework.eventhandling.SegmentTest
Running org.axonframework.eventhandling.TrackingTokenParameterResolverFactoryTest
Tests run: 1, Failures: 0, Errors: 0, Skipped: 0, Time elapsed: 0.001 sec - in org.axonframework.eventhandling.TrackingTokenParameterResolverFactoryTest
Running org.axonframework.eventhandling.SimpleEventHandlerInvokerTest
Tests run: 2, Failures: 0, Errors: 0, Skipped: 0, Time elapsed: 0.02 sec - in org.axonframework.eventhandling.SimpleEventHandlerInvokerTest
Running org.axonframework.eventhandling.AnnotatedParameterResolverFactoryTest
Tests run: 3, Failures: 0, Errors: 0, Skipped: 0, Time elapsed: 0 sec - in org.axonframework.eventhandling.AnnotatedParameterResolverFactoryTest
Running org.axonframework.eventhandling.tokenstore.jpa.JpaTokenStoreTest
2022-07-14 17:20:42,203 [main] INFO  AbstractContextLoader           - Could not detect default resource locations for test class [org.axonframework.eventhandling.tokenstore.jpa.JpaTokenStoreTest]: no resource found for suffixes {-context.xml}.
2022-07-14 17:20:42,206 [main] INFO  ctDelegatingSmartContextLoader  - AnnotationConfigContextLoader detected default configuration classes for context configuration [ContextConfigurationAttributes@2d07aacc declaringClass = 'org.axonframework.eventhandling.tokenstore.jpa.JpaTokenStoreTest', classes = '{class org.axonframework.eventhandling.tokenstore.jpa.JpaTokenStoreTest$Context}', locations = '{}', inheritLocations = true, initializers = '{}', inheritInitializers = true, name = [null], contextLoaderClass = 'org.springframework.test.context.ContextLoader'].
2022-07-14 17:20:42,216 [main] INFO  DefaultTestContextBootstrapper  - Loaded default TestExecutionListener class names from location [META-INF/spring.factories]: [org.springframework.test.context.web.ServletTestExecutionListener, org.springframework.test.context.support.DirtiesContextBeforeModesTestExecutionListener, org.springframework.test.context.support.DependencyInjectionTestExecutionListener, org.springframework.test.context.support.DirtiesContextTestExecutionListener, org.springframework.test.context.transaction.TransactionalTestExecutionListener, org.springframework.test.context.jdbc.SqlScriptsTestExecutionListener]
2022-07-14 17:20:42,224 [main] INFO  DefaultTestContextBootstrapper  - Using TestExecutionListeners: [org.springframework.test.context.support.DirtiesContextBeforeModesTestExecutionListener@70543cae, org.springframework.test.context.support.DependencyInjectionTestExecutionListener@350567f1, org.springframework.test.context.support.DirtiesContextTestExecutionListener@1a5b7394, org.springframework.test.context.transaction.TransactionalTestExecutionListener@26f75d9c, org.springframework.test.context.jdbc.SqlScriptsTestExecutionListener@7717b4a0]
2022-07-14 17:20:42,462 [main] INFO  Dialect                         - HHH000400: Using dialect: org.hibernate.dialect.HSQLDialect
2022-07-14 17:20:42,543 [main] INFO  LogHelper                       - HHH000204: Processing PersistenceUnitInfo [
	name: default
	...]
2022-07-14 17:20:42,598 [main] INFO  Version                         - HHH000412: Hibernate Core {5.1.0.Final}
2022-07-14 17:20:42,599 [main] INFO  Environment                     - HHH000206: hibernate.properties not found
2022-07-14 17:20:42,600 [main] INFO  Environment                     - HHH000021: Bytecode provider name : javassist
2022-07-14 17:20:42,635 [main] INFO  Version                         - HCANN000001: Hibernate Commons Annotations {5.0.1.Final}
2022-07-14 17:20:42,718 [main] WARN  connections                     - HHH10001002: Using Hibernate built-in connection pool (not for production use!)
2022-07-14 17:20:42,719 [main] INFO  connections                     - HHH10001005: using driver [null] at URL [jdbc:hsqldb:mem:testdb]
2022-07-14 17:20:42,719 [main] INFO  connections                     - HHH10001001: Connection properties: {}
2022-07-14 17:20:42,719 [main] INFO  connections                     - HHH10001003: Autocommit mode: false
2022-07-14 17:20:42,721 [main] INFO  rManagerConnectionProviderImpl  - HHH000115: Hibernate connection pool size: 20 (min=1)
Hibernate: drop table TokenEntry if exists
Hibernate: create table TokenEntry (processorName varchar(255) not null, segment integer not null, owner varchar(255), timestamp varchar(255) not null, token blob(10000), tokenType varchar(255), primary key (processorName, segment))
2022-07-14 17:20:43,515 [main] INFO  SchemaCreatorImpl               - HHH000476: Executing import script 'org.hibernate.tool.schema.internal.exec.ScriptSourceInputNonExistentImpl@5b430541'
2022-07-14 17:20:43,554 [main] INFO  tainerEntityManagerFactoryBean  - Initialized JPA EntityManagerFactory for persistence unit 'default'
2022-07-14 17:20:43,689 [main] INFO  TransactionContext              - Began transaction (1) for test context [DefaultTestContext@6003eb60 testClass = JpaTokenStoreTest, testInstance = org.axonframework.eventhandling.tokenstore.jpa.JpaTokenStoreTest@571e2f15, testMethod = testStealToken@JpaTokenStoreTest, testException = [null], mergedContextConfiguration = [MergedContextConfiguration@2552181d testClass = JpaTokenStoreTest, locations = '{}', classes = '{class org.axonframework.eventhandling.tokenstore.jpa.JpaTokenStoreTest$Context}', contextInitializerClasses = '[]', activeProfiles = '{}', propertySourceLocations = '{}', propertySourceProperties = '{}', contextCustomizers = set[[empty]], contextLoader = 'org.springframework.test.context.support.DelegatingSmartContextLoader', parent = [null]], attributes = map[[empty]]]; transaction manager [org.springframework.orm.jpa.JpaTransactionManager@9976b27]; rollback [true]
Hibernate: select tokenentry0_.processorName as processo1_0_0_, tokenentry0_.segment as segment2_0_0_, tokenentry0_.owner as owner3_0_0_, tokenentry0_.timestamp as timestam4_0_0_, tokenentry0_.token as token5_0_0_, tokenentry0_.tokenType as tokenTyp6_0_0_ from TokenEntry tokenentry0_ where tokenentry0_.processorName=? and tokenentry0_.segment=? for update
Hibernate: insert into TokenEntry (owner, timestamp, token, tokenType, processorName, segment) values (?, ?, ?, ?, ?, ?)
Hibernate: select processorName from TokenEntry where processorName =? and segment =? for update
2022-07-14 17:20:43,740 [main] INFO  ueryTranslatorFactoryInitiator  - HHH000397: Using ASTQueryTranslatorFactory
Hibernate: update TokenEntry set owner=?, timestamp=?, token=?, tokenType=? where processorName=? and segment=?
Hibernate: update TokenEntry set owner=null where owner=? and processorName=? and segment=?
2022-07-14 17:20:43,820 [main] WARN  JpaTokenStore                   - Releasing claim of token stealing/0 failed. It was not owned by local
Hibernate: select processorName from TokenEntry where processorName =? and segment =? for update
2022-07-14 17:20:43,824 [main] INFO  TransactionContext              - Rolled back transaction for test: [DefaultTestContext@6003eb60 testClass = JpaTokenStoreTest, testInstance = org.axonframework.eventhandling.tokenstore.jpa.JpaTokenStoreTest@571e2f15, testMethod = testStealToken@JpaTokenStoreTest, testException = [null], mergedContextConfiguration = [MergedContextConfiguration@2552181d testClass = JpaTokenStoreTest, locations = '{}', classes = '{class org.axonframework.eventhandling.tokenstore.jpa.JpaTokenStoreTest$Context}', contextInitializerClasses = '[]', activeProfiles = '{}', propertySourceLocations = '{}', propertySourceProperties = '{}', contextCustomizers = set[[empty]], contextLoader = 'org.springframework.test.context.support.DelegatingSmartContextLoader', parent = [null]], attributes = map[[empty]]]
Hibernate: select tokenentry0_.processorName as processo1_0_0_, tokenentry0_.segment as segment2_0_0_, tokenentry0_.owner as owner3_0_0_, tokenentry0_.timestamp as timestam4_0_0_, tokenentry0_.token as token5_0_0_, tokenentry0_.tokenType as tokenTyp6_0_0_ from TokenEntry tokenentry0_ where tokenentry0_.processorName=? and tokenentry0_.segment=? for update
Hibernate: insert into TokenEntry (owner, timestamp, token, tokenType, processorName, segment) values (?, ?, ?, ?, ?, ?)
Hibernate: select processorName from TokenEntry where processorName =? and segment =? for update
Hibernate: update TokenEntry set owner=?, timestamp=?, token=?, tokenType=? where processorName=? and segment=?
Hibernate: select tokenentry0_.processorName as processo1_0_0_, tokenentry0_.segment as segment2_0_0_, tokenentry0_.owner as owner3_0_0_, tokenentry0_.timestamp as timestam4_0_0_, tokenentry0_.token as token5_0_0_, tokenentry0_.tokenType as tokenTyp6_0_0_ from TokenEntry tokenentry0_ where tokenentry0_.processorName=? and tokenentry0_.segment=? for update
Hibernate: update TokenEntry set owner=?, timestamp=?, token=?, tokenType=? where processorName=? and segment=?
Hibernate: select tokenentry0_.processorName as processo1_0_0_, tokenentry0_.segment as segment2_0_0_, tokenentry0_.owner as owner3_0_0_, tokenentry0_.timestamp as timestam4_0_0_, tokenentry0_.token as token5_0_0_, tokenentry0_.tokenType as tokenTyp6_0_0_ from TokenEntry tokenentry0_ where tokenentry0_.processorName=? and tokenentry0_.segment=? for update
Hibernate: update TokenEntry set owner=?, timestamp=?, token=?, tokenType=? where processorName=? and segment=?
2022-07-14 17:20:43,857 [main] INFO  TransactionContext              - Began transaction (1) for test context [DefaultTestContext@6003eb60 testClass = JpaTokenStoreTest, testInstance = org.axonframework.eventhandling.tokenstore.jpa.JpaTokenStoreTest@3055f310, testMethod = testInitializeTokensWhileAlreadyPresent@JpaTokenStoreTest, testException = [null], mergedContextConfiguration = [MergedContextConfiguration@2552181d testClass = JpaTokenStoreTest, locations = '{}', classes = '{class org.axonframework.eventhandling.tokenstore.jpa.JpaTokenStoreTest$Context}', contextInitializerClasses = '[]', activeProfiles = '{}', propertySourceLocations = '{}', propertySourceProperties = '{}', contextCustomizers = set[[empty]], contextLoader = 'org.springframework.test.context.support.DelegatingSmartContextLoader', parent = [null]], attributes = map[[empty]]]; transaction manager [org.springframework.orm.jpa.JpaTransactionManager@9976b27]; rollback [true]
Hibernate: select tokenentry0_.processorName as processo1_0_0_, tokenentry0_.segment as segment2_0_0_, tokenentry0_.owner as owner3_0_0_, tokenentry0_.timestamp as timestam4_0_0_, tokenentry0_.token as token5_0_0_, tokenentry0_.tokenType as tokenTyp6_0_0_ from TokenEntry tokenentry0_ where tokenentry0_.processorName=? and tokenentry0_.segment=? for update
Hibernate: insert into TokenEntry (owner, timestamp, token, tokenType, processorName, segment) values (?, ?, ?, ?, ?, ?)
Hibernate: select tokenentry0_.segment as col_0_0_ from TokenEntry tokenentry0_ where tokenentry0_.processorName=? order by tokenentry0_.segment ASC
2022-07-14 17:20:43,876 [main] INFO  TransactionContext              - Rolled back transaction for test: [DefaultTestContext@6003eb60 testClass = JpaTokenStoreTest, testInstance = org.axonframework.eventhandling.tokenstore.jpa.JpaTokenStoreTest@3055f310, testMethod = testInitializeTokensWhileAlreadyPresent@JpaTokenStoreTest, testException = [null], mergedContextConfiguration = [MergedContextConfiguration@2552181d testClass = JpaTokenStoreTest, locations = '{}', classes = '{class org.axonframework.eventhandling.tokenstore.jpa.JpaTokenStoreTest$Context}', contextInitializerClasses = '[]', activeProfiles = '{}', propertySourceLocations = '{}', propertySourceProperties = '{}', contextCustomizers = set[[empty]], contextLoader = 'org.springframework.test.context.support.DelegatingSmartContextLoader', parent = [null]], attributes = map[[empty]]]
2022-07-14 17:20:43,877 [main] INFO  TransactionContext              - Began transaction (1) for test context [DefaultTestContext@6003eb60 testClass = JpaTokenStoreTest, testInstance = org.axonframework.eventhandling.tokenstore.jpa.JpaTokenStoreTest@34f8ce89, testMethod = testStealingFromOtherThreadFailsWithRowLock@JpaTokenStoreTest, testException = [null], mergedContextConfiguration = [MergedContextConfiguration@2552181d testClass = JpaTokenStoreTest, locations = '{}', classes = '{class org.axonframework.eventhandling.tokenstore.jpa.JpaTokenStoreTest$Context}', contextInitializerClasses = '[]', activeProfiles = '{}', propertySourceLocations = '{}', propertySourceProperties = '{}', contextCustomizers = set[[empty]], contextLoader = 'org.springframework.test.context.support.DelegatingSmartContextLoader', parent = [null]], attributes = map[[empty]]]; transaction manager [org.springframework.orm.jpa.JpaTransactionManager@9976b27]; rollback [true]
Hibernate: select tokenentry0_.processorName as processo1_0_0_, tokenentry0_.segment as segment2_0_0_, tokenentry0_.owner as owner3_0_0_, tokenentry0_.timestamp as timestam4_0_0_, tokenentry0_.token as token5_0_0_, tokenentry0_.tokenType as tokenTyp6_0_0_ from TokenEntry tokenentry0_ where tokenentry0_.processorName=? and tokenentry0_.segment=? for update
Hibernate: insert into TokenEntry (owner, timestamp, token, tokenType, processorName, segment) values (?, ?, ?, ?, ?, ?)
Hibernate: select tokenentry0_.processorName as processo1_0_0_, tokenentry0_.segment as segment2_0_0_, tokenentry0_.owner as owner3_0_0_, tokenentry0_.timestamp as timestam4_0_0_, tokenentry0_.token as token5_0_0_, tokenentry0_.tokenType as tokenTyp6_0_0_ from TokenEntry tokenentry0_ where tokenentry0_.processorName=? and tokenentry0_.segment=? for update
2022-07-14 17:20:44,134 [main] INFO  TransactionContext              - Rolled back transaction for test: [DefaultTestContext@6003eb60 testClass = JpaTokenStoreTest, testInstance = org.axonframework.eventhandling.tokenstore.jpa.JpaTokenStoreTest@34f8ce89, testMethod = testStealingFromOtherThreadFailsWithRowLock@JpaTokenStoreTest, testException = [null], mergedContextConfiguration = [MergedContextConfiguration@2552181d testClass = JpaTokenStoreTest, locations = '{}', classes = '{class org.axonframework.eventhandling.tokenstore.jpa.JpaTokenStoreTest$Context}', contextInitializerClasses = '[]', activeProfiles = '{}', propertySourceLocations = '{}', propertySourceProperties = '{}', contextCustomizers = set[[empty]], contextLoader = 'org.springframework.test.context.support.DelegatingSmartContextLoader', parent = [null]], attributes = map[[empty]]]
Hibernate: insert into TokenEntry (owner, timestamp, token, tokenType, processorName, segment) values (?, ?, ?, ?, ?, ?)
2022-07-14 17:20:44,138 [main] INFO  TransactionContext              - Began transaction (1) for test context [DefaultTestContext@6003eb60 testClass = JpaTokenStoreTest, testInstance = org.axonframework.eventhandling.tokenstore.jpa.JpaTokenStoreTest@792b9dd3, testMethod = testInitializeTokens@JpaTokenStoreTest, testException = [null], mergedContextConfiguration = [MergedContextConfiguration@2552181d testClass = JpaTokenStoreTest, locations = '{}', classes = '{class org.axonframework.eventhandling.tokenstore.jpa.JpaTokenStoreTest$Context}', contextInitializerClasses = '[]', activeProfiles = '{}', propertySourceLocations = '{}', propertySourceProperties = '{}', contextCustomizers = set[[empty]], contextLoader = 'org.springframework.test.context.support.DelegatingSmartContextLoader', parent = [null]], attributes = map[[empty]]]; transaction manager [org.springframework.orm.jpa.JpaTransactionManager@9976b27]; rollback [true]
Hibernate: select tokenentry0_.segment as col_0_0_ from TokenEntry tokenentry0_ where tokenentry0_.processorName=? order by tokenentry0_.segment ASC
Hibernate: insert into TokenEntry (owner, timestamp, token, tokenType, processorName, segment) values (?, ?, ?, ?, ?, ?)
Hibernate: insert into TokenEntry (owner, timestamp, token, tokenType, processorName, segment) values (?, ?, ?, ?, ?, ?)
Hibernate: insert into TokenEntry (owner, timestamp, token, tokenType, processorName, segment) values (?, ?, ?, ?, ?, ?)
Hibernate: insert into TokenEntry (owner, timestamp, token, tokenType, processorName, segment) values (?, ?, ?, ?, ?, ?)
Hibernate: insert into TokenEntry (owner, timestamp, token, tokenType, processorName, segment) values (?, ?, ?, ?, ?, ?)
Hibernate: insert into TokenEntry (owner, timestamp, token, tokenType, processorName, segment) values (?, ?, ?, ?, ?, ?)
Hibernate: insert into TokenEntry (owner, timestamp, token, tokenType, processorName, segment) values (?, ?, ?, ?, ?, ?)
Hibernate: select tokenentry0_.segment as col_0_0_ from TokenEntry tokenentry0_ where tokenentry0_.processorName=? order by tokenentry0_.segment ASC
2022-07-14 17:20:44,151 [main] INFO  TransactionContext              - Rolled back transaction for test: [DefaultTestContext@6003eb60 testClass = JpaTokenStoreTest, testInstance = org.axonframework.eventhandling.tokenstore.jpa.JpaTokenStoreTest@792b9dd3, testMethod = testInitializeTokens@JpaTokenStoreTest, testException = [null], mergedContextConfiguration = [MergedContextConfiguration@2552181d testClass = JpaTokenStoreTest, locations = '{}', classes = '{class org.axonframework.eventhandling.tokenstore.jpa.JpaTokenStoreTest$Context}', contextInitializerClasses = '[]', activeProfiles = '{}', propertySourceLocations = '{}', propertySourceProperties = '{}', contextCustomizers = set[[empty]], contextLoader = 'org.springframework.test.context.support.DelegatingSmartContextLoader', parent = [null]], attributes = map[[empty]]]
2022-07-14 17:20:44,154 [main] INFO  TransactionContext              - Began transaction (1) for test context [DefaultTestContext@6003eb60 testClass = JpaTokenStoreTest, testInstance = org.axonframework.eventhandling.tokenstore.jpa.JpaTokenStoreTest@cce92b5, testMethod = testQuerySegments@JpaTokenStoreTest, testException = [null], mergedContextConfiguration = [MergedContextConfiguration@2552181d testClass = JpaTokenStoreTest, locations = '{}', classes = '{class org.axonframework.eventhandling.tokenstore.jpa.JpaTokenStoreTest$Context}', contextInitializerClasses = '[]', activeProfiles = '{}', propertySourceLocations = '{}', propertySourceProperties = '{}', contextCustomizers = set[[empty]], contextLoader = 'org.springframework.test.context.support.DelegatingSmartContextLoader', parent = [null]], attributes = map[[empty]]]; transaction manager [org.springframework.orm.jpa.JpaTransactionManager@9976b27]; rollback [true]
Hibernate: select tokenentry0_.processorName as processo1_0_0_, tokenentry0_.segment as segment2_0_0_, tokenentry0_.owner as owner3_0_0_, tokenentry0_.timestamp as timestam4_0_0_, tokenentry0_.token as token5_0_0_, tokenentry0_.tokenType as tokenTyp6_0_0_ from TokenEntry tokenentry0_ where tokenentry0_.processorName=? and tokenentry0_.segment=? for update
Hibernate: insert into TokenEntry (owner, timestamp, token, tokenType, processorName, segment) values (?, ?, ?, ?, ?, ?)
Hibernate: select tokenentry0_.processorName as processo1_0_0_, tokenentry0_.segment as segment2_0_0_, tokenentry0_.owner as owner3_0_0_, tokenentry0_.timestamp as timestam4_0_0_, tokenentry0_.token as token5_0_0_, tokenentry0_.tokenType as tokenTyp6_0_0_ from TokenEntry tokenentry0_ where tokenentry0_.processorName=? and tokenentry0_.segment=? for update
Hibernate: insert into TokenEntry (owner, timestamp, token, tokenType, processorName, segment) values (?, ?, ?, ?, ?, ?)
Hibernate: select tokenentry0_.processorName as processo1_0_0_, tokenentry0_.segment as segment2_0_0_, tokenentry0_.owner as owner3_0_0_, tokenentry0_.timestamp as timestam4_0_0_, tokenentry0_.token as token5_0_0_, tokenentry0_.tokenType as tokenTyp6_0_0_ from TokenEntry tokenentry0_ where tokenentry0_.processorName=? and tokenentry0_.segment=? for update
Hibernate: insert into TokenEntry (owner, timestamp, token, tokenType, processorName, segment) values (?, ?, ?, ?, ?, ?)
Hibernate: update TokenEntry set owner=?, timestamp=?, token=?, tokenType=? where processorName=? and segment=?
Hibernate: select tokenentry0_.processorName as processo1_0_0_, tokenentry0_.segment as segment2_0_0_, tokenentry0_.owner as owner3_0_0_, tokenentry0_.timestamp as timestam4_0_0_, tokenentry0_.token as token5_0_0_, tokenentry0_.tokenType as tokenTyp6_0_0_ from TokenEntry tokenentry0_ where tokenentry0_.processorName=? and tokenentry0_.segment=? for update
Hibernate: insert into TokenEntry (owner, timestamp, token, tokenType, processorName, segment) values (?, ?, ?, ?, ?, ?)
Hibernate: update TokenEntry set owner=?, timestamp=?, token=?, tokenType=? where processorName=? and segment=?
Hibernate: update TokenEntry set owner=?, timestamp=?, token=?, tokenType=? where processorName=? and segment=?
Hibernate: select tokenentry0_.segment as col_0_0_ from TokenEntry tokenentry0_ where tokenentry0_.processorName=? order by tokenentry0_.segment ASC
Hibernate: select tokenentry0_.segment as col_0_0_ from TokenEntry tokenentry0_ where tokenentry0_.processorName=? order by tokenentry0_.segment ASC
Hibernate: select tokenentry0_.segment as col_0_0_ from TokenEntry tokenentry0_ where tokenentry0_.processorName=? order by tokenentry0_.segment ASC
2022-07-14 17:20:44,175 [main] INFO  TransactionContext              - Rolled back transaction for test: [DefaultTestContext@6003eb60 testClass = JpaTokenStoreTest, testInstance = org.axonframework.eventhandling.tokenstore.jpa.JpaTokenStoreTest@cce92b5, testMethod = testQuerySegments@JpaTokenStoreTest, testException = [null], mergedContextConfiguration = [MergedContextConfiguration@2552181d testClass = JpaTokenStoreTest, locations = '{}', classes = '{class org.axonframework.eventhandling.tokenstore.jpa.JpaTokenStoreTest$Context}', contextInitializerClasses = '[]', activeProfiles = '{}', propertySourceLocations = '{}', propertySourceProperties = '{}', contextCustomizers = set[[empty]], contextLoader = 'org.springframework.test.context.support.DelegatingSmartContextLoader', parent = [null]], attributes = map[[empty]]]
2022-07-14 17:20:44,177 [main] INFO  TransactionContext              - Began transaction (1) for test context [DefaultTestContext@6003eb60 testClass = JpaTokenStoreTest, testInstance = org.axonframework.eventhandling.tokenstore.jpa.JpaTokenStoreTest@5d449307, testMethod = testClaimTokenConcurrently@JpaTokenStoreTest, testException = [null], mergedContextConfiguration = [MergedContextConfiguration@2552181d testClass = JpaTokenStoreTest, locations = '{}', classes = '{class org.axonframework.eventhandling.tokenstore.jpa.JpaTokenStoreTest$Context}', contextInitializerClasses = '[]', activeProfiles = '{}', propertySourceLocations = '{}', propertySourceProperties = '{}', contextCustomizers = set[[empty]], contextLoader = 'org.springframework.test.context.support.DelegatingSmartContextLoader', parent = [null]], attributes = map[[empty]]]; transaction manager [org.springframework.orm.jpa.JpaTransactionManager@9976b27]; rollback [true]
Hibernate: select tokenentry0_.processorName as processo1_0_0_, tokenentry0_.segment as segment2_0_0_, tokenentry0_.owner as owner3_0_0_, tokenentry0_.timestamp as timestam4_0_0_, tokenentry0_.token as token5_0_0_, tokenentry0_.tokenType as tokenTyp6_0_0_ from TokenEntry tokenentry0_ where tokenentry0_.processorName=? and tokenentry0_.segment=? for update
Hibernate: insert into TokenEntry (owner, timestamp, token, tokenType, processorName, segment) values (?, ?, ?, ?, ?, ?)
Hibernate: select processorName from TokenEntry where processorName =? and segment =? for update
2022-07-14 17:20:44,181 [main] INFO  TransactionContext              - Rolled back transaction for test: [DefaultTestContext@6003eb60 testClass = JpaTokenStoreTest, testInstance = org.axonframework.eventhandling.tokenstore.jpa.JpaTokenStoreTest@5d449307, testMethod = testClaimTokenConcurrently@JpaTokenStoreTest, testException = [null], mergedContextConfiguration = [MergedContextConfiguration@2552181d testClass = JpaTokenStoreTest, locations = '{}', classes = '{class org.axonframework.eventhandling.tokenstore.jpa.JpaTokenStoreTest$Context}', contextInitializerClasses = '[]', activeProfiles = '{}', propertySourceLocations = '{}', propertySourceProperties = '{}', contextCustomizers = set[[empty]], contextLoader = 'org.springframework.test.context.support.DelegatingSmartContextLoader', parent = [null]], attributes = map[[empty]]]
2022-07-14 17:20:44,184 [main] INFO  TransactionContext              - Began transaction (1) for test context [DefaultTestContext@6003eb60 testClass = JpaTokenStoreTest, testInstance = org.axonframework.eventhandling.tokenstore.jpa.JpaTokenStoreTest@3c5bb37d, testMethod = testExtendingLostClaimFails@JpaTokenStoreTest, testException = [null], mergedContextConfiguration = [MergedContextConfiguration@2552181d testClass = JpaTokenStoreTest, locations = '{}', classes = '{class org.axonframework.eventhandling.tokenstore.jpa.JpaTokenStoreTest$Context}', contextInitializerClasses = '[]', activeProfiles = '{}', propertySourceLocations = '{}', propertySourceProperties = '{}', contextCustomizers = set[[empty]], contextLoader = 'org.springframework.test.context.support.DelegatingSmartContextLoader', parent = [null]], attributes = map[[empty]]]; transaction manager [org.springframework.orm.jpa.JpaTransactionManager@9976b27]; rollback [true]
Hibernate: select tokenentry0_.processorName as processo1_0_0_, tokenentry0_.segment as segment2_0_0_, tokenentry0_.owner as owner3_0_0_, tokenentry0_.timestamp as timestam4_0_0_, tokenentry0_.token as token5_0_0_, tokenentry0_.tokenType as tokenTyp6_0_0_ from TokenEntry tokenentry0_ where tokenentry0_.processorName=? and tokenentry0_.segment=? for update
Hibernate: insert into TokenEntry (owner, timestamp, token, tokenType, processorName, segment) values (?, ?, ?, ?, ?, ?)
Hibernate: update TokenEntry set timestamp=? where processorName=? and segment=? and owner=?
2022-07-14 17:20:44,193 [main] WARN  SqlExceptionHelper              - SQL Warning Code: -1100, SQLState: 02000
2022-07-14 17:20:44,193 [main] WARN  SqlExceptionHelper              - no data
2022-07-14 17:20:44,193 [main] INFO  TransactionContext              - Rolled back transaction for test: [DefaultTestContext@6003eb60 testClass = JpaTokenStoreTest, testInstance = org.axonframework.eventhandling.tokenstore.jpa.JpaTokenStoreTest@3c5bb37d, testMethod = testExtendingLostClaimFails@JpaTokenStoreTest, testException = [null], mergedContextConfiguration = [MergedContextConfiguration@2552181d testClass = JpaTokenStoreTest, locations = '{}', classes = '{class org.axonframework.eventhandling.tokenstore.jpa.JpaTokenStoreTest$Context}', contextInitializerClasses = '[]', activeProfiles = '{}', propertySourceLocations = '{}', propertySourceProperties = '{}', contextCustomizers = set[[empty]], contextLoader = 'org.springframework.test.context.support.DelegatingSmartContextLoader', parent = [null]], attributes = map[[empty]]]
2022-07-14 17:20:44,196 [main] INFO  TransactionContext              - Began transaction (1) for test context [DefaultTestContext@6003eb60 testClass = JpaTokenStoreTest, testInstance = org.axonframework.eventhandling.tokenstore.jpa.JpaTokenStoreTest@4e1104f4, testMethod = testUpdateNullToken@JpaTokenStoreTest, testException = [null], mergedContextConfiguration = [MergedContextConfiguration@2552181d testClass = JpaTokenStoreTest, locations = '{}', classes = '{class org.axonframework.eventhandling.tokenstore.jpa.JpaTokenStoreTest$Context}', contextInitializerClasses = '[]', activeProfiles = '{}', propertySourceLocations = '{}', propertySourceProperties = '{}', contextCustomizers = set[[empty]], contextLoader = 'org.springframework.test.context.support.DelegatingSmartContextLoader', parent = [null]], attributes = map[[empty]]]; transaction manager [org.springframework.orm.jpa.JpaTransactionManager@9976b27]; rollback [true]
Hibernate: select tokenentry0_.processorName as processo1_0_0_, tokenentry0_.segment as segment2_0_0_, tokenentry0_.owner as owner3_0_0_, tokenentry0_.timestamp as timestam4_0_0_, tokenentry0_.token as token5_0_0_, tokenentry0_.tokenType as tokenTyp6_0_0_ from TokenEntry tokenentry0_ where tokenentry0_.processorName=? and tokenentry0_.segment=? for update
Hibernate: insert into TokenEntry (owner, timestamp, token, tokenType, processorName, segment) values (?, ?, ?, ?, ?, ?)
Hibernate: update TokenEntry set owner=?, timestamp=?, token=?, tokenType=? where processorName=? and segment=?
Hibernate: select tokenentry0_.processorName as processo1_0_, tokenentry0_.segment as segment2_0_, tokenentry0_.owner as owner3_0_, tokenentry0_.timestamp as timestam4_0_, tokenentry0_.token as token5_0_, tokenentry0_.tokenType as tokenTyp6_0_ from TokenEntry tokenentry0_ where tokenentry0_.processorName=?
2022-07-14 17:20:44,212 [main] INFO  TransactionContext              - Rolled back transaction for test: [DefaultTestContext@6003eb60 testClass = JpaTokenStoreTest, testInstance = org.axonframework.eventhandling.tokenstore.jpa.JpaTokenStoreTest@4e1104f4, testMethod = testUpdateNullToken@JpaTokenStoreTest, testException = [null], mergedContextConfiguration = [MergedContextConfiguration@2552181d testClass = JpaTokenStoreTest, locations = '{}', classes = '{class org.axonframework.eventhandling.tokenstore.jpa.JpaTokenStoreTest$Context}', contextInitializerClasses = '[]', activeProfiles = '{}', propertySourceLocations = '{}', propertySourceProperties = '{}', contextCustomizers = set[[empty]], contextLoader = 'org.springframework.test.context.support.DelegatingSmartContextLoader', parent = [null]], attributes = map[[empty]]]
2022-07-14 17:20:44,213 [main] INFO  TransactionContext              - Began transaction (1) for test context [DefaultTestContext@6003eb60 testClass = JpaTokenStoreTest, testInstance = org.axonframework.eventhandling.tokenstore.jpa.JpaTokenStoreTest@46051269, testMethod = testInitializeTokensAtGivenPosition@JpaTokenStoreTest, testException = [null], mergedContextConfiguration = [MergedContextConfiguration@2552181d testClass = JpaTokenStoreTest, locations = '{}', classes = '{class org.axonframework.eventhandling.tokenstore.jpa.JpaTokenStoreTest$Context}', contextInitializerClasses = '[]', activeProfiles = '{}', propertySourceLocations = '{}', propertySourceProperties = '{}', contextCustomizers = set[[empty]], contextLoader = 'org.springframework.test.context.support.DelegatingSmartContextLoader', parent = [null]], attributes = map[[empty]]]; transaction manager [org.springframework.orm.jpa.JpaTransactionManager@9976b27]; rollback [true]
Hibernate: select tokenentry0_.segment as col_0_0_ from TokenEntry tokenentry0_ where tokenentry0_.processorName=? order by tokenentry0_.segment ASC
Hibernate: insert into TokenEntry (owner, timestamp, token, tokenType, processorName, segment) values (?, ?, ?, ?, ?, ?)
Hibernate: insert into TokenEntry (owner, timestamp, token, tokenType, processorName, segment) values (?, ?, ?, ?, ?, ?)
Hibernate: insert into TokenEntry (owner, timestamp, token, tokenType, processorName, segment) values (?, ?, ?, ?, ?, ?)
Hibernate: insert into TokenEntry (owner, timestamp, token, tokenType, processorName, segment) values (?, ?, ?, ?, ?, ?)
Hibernate: insert into TokenEntry (owner, timestamp, token, tokenType, processorName, segment) values (?, ?, ?, ?, ?, ?)
Hibernate: insert into TokenEntry (owner, timestamp, token, tokenType, processorName, segment) values (?, ?, ?, ?, ?, ?)
Hibernate: insert into TokenEntry (owner, timestamp, token, tokenType, processorName, segment) values (?, ?, ?, ?, ?, ?)
Hibernate: select tokenentry0_.segment as col_0_0_ from TokenEntry tokenentry0_ where tokenentry0_.processorName=? order by tokenentry0_.segment ASC
Hibernate: select processorName from TokenEntry where processorName =? and segment =? for update
Hibernate: select processorName from TokenEntry where processorName =? and segment =? for update
Hibernate: select processorName from TokenEntry where processorName =? and segment =? for update
Hibernate: select processorName from TokenEntry where processorName =? and segment =? for update
Hibernate: select processorName from TokenEntry where processorName =? and segment =? for update
Hibernate: select processorName from TokenEntry where processorName =? and segment =? for update
Hibernate: select processorName from TokenEntry where processorName =? and segment =? for update
2022-07-14 17:20:44,235 [main] INFO  TransactionContext              - Rolled back transaction for test: [DefaultTestContext@6003eb60 testClass = JpaTokenStoreTest, testInstance = org.axonframework.eventhandling.tokenstore.jpa.JpaTokenStoreTest@46051269, testMethod = testInitializeTokensAtGivenPosition@JpaTokenStoreTest, testException = [null], mergedContextConfiguration = [MergedContextConfiguration@2552181d testClass = JpaTokenStoreTest, locations = '{}', classes = '{class org.axonframework.eventhandling.tokenstore.jpa.JpaTokenStoreTest$Context}', contextInitializerClasses = '[]', activeProfiles = '{}', propertySourceLocations = '{}', propertySourceProperties = '{}', contextCustomizers = set[[empty]], contextLoader = 'org.springframework.test.context.support.DelegatingSmartContextLoader', parent = [null]], attributes = map[[empty]]]
2022-07-14 17:20:44,238 [main] INFO  TransactionContext              - Began transaction (1) for test context [DefaultTestContext@6003eb60 testClass = JpaTokenStoreTest, testInstance = org.axonframework.eventhandling.tokenstore.jpa.JpaTokenStoreTest@22c4354d, testMethod = testClaimAndUpdateToken@JpaTokenStoreTest, testException = [null], mergedContextConfiguration = [MergedContextConfiguration@2552181d testClass = JpaTokenStoreTest, locations = '{}', classes = '{class org.axonframework.eventhandling.tokenstore.jpa.JpaTokenStoreTest$Context}', contextInitializerClasses = '[]', activeProfiles = '{}', propertySourceLocations = '{}', propertySourceProperties = '{}', contextCustomizers = set[[empty]], contextLoader = 'org.springframework.test.context.support.DelegatingSmartContextLoader', parent = [null]], attributes = map[[empty]]]; transaction manager [org.springframework.orm.jpa.JpaTransactionManager@9976b27]; rollback [true]
Hibernate: select tokenentry0_.processorName as processo1_0_0_, tokenentry0_.segment as segment2_0_0_, tokenentry0_.owner as owner3_0_0_, tokenentry0_.timestamp as timestam4_0_0_, tokenentry0_.token as token5_0_0_, tokenentry0_.tokenType as tokenTyp6_0_0_ from TokenEntry tokenentry0_ where tokenentry0_.processorName=? and tokenentry0_.segment=? for update
Hibernate: insert into TokenEntry (owner, timestamp, token, tokenType, processorName, segment) values (?, ?, ?, ?, ?, ?)
Hibernate: select processorName from TokenEntry where processorName =? and segment =? for update
Hibernate: update TokenEntry set owner=?, timestamp=?, token=?, tokenType=? where processorName=? and segment=?
Hibernate: select tokenentry0_.processorName as processo1_0_, tokenentry0_.segment as segment2_0_, tokenentry0_.owner as owner3_0_, tokenentry0_.timestamp as timestam4_0_, tokenentry0_.token as token5_0_, tokenentry0_.tokenType as tokenTyp6_0_ from TokenEntry tokenentry0_ where tokenentry0_.processorName=?
Hibernate: update TokenEntry set owner=null where owner=? and processorName=? and segment=?
Hibernate: select tokenentry0_.processorName as processo1_0_0_, tokenentry0_.segment as segment2_0_0_, tokenentry0_.owner as owner3_0_0_, tokenentry0_.timestamp as timestam4_0_0_, tokenentry0_.token as token5_0_0_, tokenentry0_.tokenType as tokenTyp6_0_0_ from TokenEntry tokenentry0_ where tokenentry0_.processorName=? and tokenentry0_.segment=?
2022-07-14 17:20:44,246 [main] INFO  TransactionContext              - Rolled back transaction for test: [DefaultTestContext@6003eb60 testClass = JpaTokenStoreTest, testInstance = org.axonframework.eventhandling.tokenstore.jpa.JpaTokenStoreTest@22c4354d, testMethod = testClaimAndUpdateToken@JpaTokenStoreTest, testException = [null], mergedContextConfiguration = [MergedContextConfiguration@2552181d testClass = JpaTokenStoreTest, locations = '{}', classes = '{class org.axonframework.eventhandling.tokenstore.jpa.JpaTokenStoreTest$Context}', contextInitializerClasses = '[]', activeProfiles = '{}', propertySourceLocations = '{}', propertySourceProperties = '{}', contextCustomizers = set[[empty]], contextLoader = 'org.springframework.test.context.support.DelegatingSmartContextLoader', parent = [null]], attributes = map[[empty]]]
Tests run: 11, Failures: 0, Errors: 0, Skipped: 0, Time elapsed: 2.093 sec - in org.axonframework.eventhandling.tokenstore.jpa.JpaTokenStoreTest
Running org.axonframework.eventhandling.tokenstore.jdbc.JdbcTokenStoreTest
2022-07-14 17:20:44,252 [main] INFO  AbstractContextLoader           - Could not detect default resource locations for test class [org.axonframework.eventhandling.tokenstore.jdbc.JdbcTokenStoreTest]: no resource found for suffixes {-context.xml}.
2022-07-14 17:20:44,252 [main] INFO  ctDelegatingSmartContextLoader  - AnnotationConfigContextLoader detected default configuration classes for context configuration [ContextConfigurationAttributes@27691ee8 declaringClass = 'org.axonframework.eventhandling.tokenstore.jdbc.JdbcTokenStoreTest', classes = '{class org.axonframework.eventhandling.tokenstore.jdbc.JdbcTokenStoreTest$Context}', locations = '{}', inheritLocations = true, initializers = '{}', inheritInitializers = true, name = [null], contextLoaderClass = 'org.springframework.test.context.ContextLoader'].
2022-07-14 17:20:44,253 [main] INFO  DefaultTestContextBootstrapper  - Loaded default TestExecutionListener class names from location [META-INF/spring.factories]: [org.springframework.test.context.web.ServletTestExecutionListener, org.springframework.test.context.support.DirtiesContextBeforeModesTestExecutionListener, org.springframework.test.context.support.DependencyInjectionTestExecutionListener, org.springframework.test.context.support.DirtiesContextTestExecutionListener, org.springframework.test.context.transaction.TransactionalTestExecutionListener, org.springframework.test.context.jdbc.SqlScriptsTestExecutionListener]
2022-07-14 17:20:44,254 [main] INFO  DefaultTestContextBootstrapper  - Using TestExecutionListeners: [org.springframework.test.context.support.DirtiesContextBeforeModesTestExecutionListener@78a34c47, org.springframework.test.context.support.DependencyInjectionTestExecutionListener@77648321, org.springframework.test.context.support.DirtiesContextTestExecutionListener@43201f84, org.springframework.test.context.transaction.TransactionalTestExecutionListener@2c51c756, org.springframework.test.context.jdbc.SqlScriptsTestExecutionListener@4ef277ef]
2022-07-14 17:20:44,308 [main] WARN  JdbcTokenStore                  - Releasing claim of token stealing/0 failed. It was owned by another node.
2022-07-14 17:20:44,323 [main] INFO  TransactionContext              - Began transaction (1) for test context [DefaultTestContext@6a7ab205 testClass = JdbcTokenStoreTest, testInstance = org.axonframework.eventhandling.tokenstore.jdbc.JdbcTokenStoreTest@10cb5047, testMethod = testInitializeTokensWhileAlreadyPresent@JdbcTokenStoreTest, testException = [null], mergedContextConfiguration = [MergedContextConfiguration@3a00237d testClass = JdbcTokenStoreTest, locations = '{}', classes = '{class org.axonframework.eventhandling.tokenstore.jdbc.JdbcTokenStoreTest$Context}', contextInitializerClasses = '[]', activeProfiles = '{}', propertySourceLocations = '{}', propertySourceProperties = '{}', contextCustomizers = set[[empty]], contextLoader = 'org.springframework.test.context.support.DelegatingSmartContextLoader', parent = [null]], attributes = map[[empty]]]; transaction manager [org.springframework.jdbc.datasource.DataSourceTransactionManager@29b0c169]; rollback [true]
2022-07-14 17:20:44,328 [main] INFO  TransactionContext              - Rolled back transaction for test: [DefaultTestContext@6a7ab205 testClass = JdbcTokenStoreTest, testInstance = org.axonframework.eventhandling.tokenstore.jdbc.JdbcTokenStoreTest@10cb5047, testMethod = testInitializeTokensWhileAlreadyPresent@JdbcTokenStoreTest, testException = [null], mergedContextConfiguration = [MergedContextConfiguration@3a00237d testClass = JdbcTokenStoreTest, locations = '{}', classes = '{class org.axonframework.eventhandling.tokenstore.jdbc.JdbcTokenStoreTest$Context}', contextInitializerClasses = '[]', activeProfiles = '{}', propertySourceLocations = '{}', propertySourceProperties = '{}', contextCustomizers = set[[empty]], contextLoader = 'org.springframework.test.context.support.DelegatingSmartContextLoader', parent = [null]], attributes = map[[empty]]]
2022-07-14 17:20:44,334 [main] INFO  TransactionContext              - Began transaction (1) for test context [DefaultTestContext@6a7ab205 testClass = JdbcTokenStoreTest, testInstance = org.axonframework.eventhandling.tokenstore.jdbc.JdbcTokenStoreTest@70a24463, testMethod = testInitializeTokens@JdbcTokenStoreTest, testException = [null], mergedContextConfiguration = [MergedContextConfiguration@3a00237d testClass = JdbcTokenStoreTest, locations = '{}', classes = '{class org.axonframework.eventhandling.tokenstore.jdbc.JdbcTokenStoreTest$Context}', contextInitializerClasses = '[]', activeProfiles = '{}', propertySourceLocations = '{}', propertySourceProperties = '{}', contextCustomizers = set[[empty]], contextLoader = 'org.springframework.test.context.support.DelegatingSmartContextLoader', parent = [null]], attributes = map[[empty]]]; transaction manager [org.springframework.jdbc.datasource.DataSourceTransactionManager@29b0c169]; rollback [true]
2022-07-14 17:20:44,338 [main] INFO  TransactionContext              - Rolled back transaction for test: [DefaultTestContext@6a7ab205 testClass = JdbcTokenStoreTest, testInstance = org.axonframework.eventhandling.tokenstore.jdbc.JdbcTokenStoreTest@70a24463, testMethod = testInitializeTokens@JdbcTokenStoreTest, testException = [null], mergedContextConfiguration = [MergedContextConfiguration@3a00237d testClass = JdbcTokenStoreTest, locations = '{}', classes = '{class org.axonframework.eventhandling.tokenstore.jdbc.JdbcTokenStoreTest$Context}', contextInitializerClasses = '[]', activeProfiles = '{}', propertySourceLocations = '{}', propertySourceProperties = '{}', contextCustomizers = set[[empty]], contextLoader = 'org.springframework.test.context.support.DelegatingSmartContextLoader', parent = [null]], attributes = map[[empty]]]
2022-07-14 17:20:44,339 [main] INFO  TransactionContext              - Began transaction (1) for test context [DefaultTestContext@6a7ab205 testClass = JdbcTokenStoreTest, testInstance = org.axonframework.eventhandling.tokenstore.jdbc.JdbcTokenStoreTest@3c2f310c, testMethod = testQuerySegments@JdbcTokenStoreTest, testException = [null], mergedContextConfiguration = [MergedContextConfiguration@3a00237d testClass = JdbcTokenStoreTest, locations = '{}', classes = '{class org.axonframework.eventhandling.tokenstore.jdbc.JdbcTokenStoreTest$Context}', contextInitializerClasses = '[]', activeProfiles = '{}', propertySourceLocations = '{}', propertySourceProperties = '{}', contextCustomizers = set[[empty]], contextLoader = 'org.springframework.test.context.support.DelegatingSmartContextLoader', parent = [null]], attributes = map[[empty]]]; transaction manager [org.springframework.jdbc.datasource.DataSourceTransactionManager@29b0c169]; rollback [true]
2022-07-14 17:20:44,349 [main] INFO  TransactionContext              - Rolled back transaction for test: [DefaultTestContext@6a7ab205 testClass = JdbcTokenStoreTest, testInstance = org.axonframework.eventhandling.tokenstore.jdbc.JdbcTokenStoreTest@3c2f310c, testMethod = testQuerySegments@JdbcTokenStoreTest, testException = [null], mergedContextConfiguration = [MergedContextConfiguration@3a00237d testClass = JdbcTokenStoreTest, locations = '{}', classes = '{class org.axonframework.eventhandling.tokenstore.jdbc.JdbcTokenStoreTest$Context}', contextInitializerClasses = '[]', activeProfiles = '{}', propertySourceLocations = '{}', propertySourceProperties = '{}', contextCustomizers = set[[empty]], contextLoader = 'org.springframework.test.context.support.DelegatingSmartContextLoader', parent = [null]], attributes = map[[empty]]]
2022-07-14 17:20:44,365 [main] INFO  TransactionContext              - Began transaction (1) for test context [DefaultTestContext@6a7ab205 testClass = JdbcTokenStoreTest, testInstance = org.axonframework.eventhandling.tokenstore.jdbc.JdbcTokenStoreTest@44aa5585, testMethod = testInitializeTokensAtGivenPosition@JdbcTokenStoreTest, testException = [null], mergedContextConfiguration = [MergedContextConfiguration@3a00237d testClass = JdbcTokenStoreTest, locations = '{}', classes = '{class org.axonframework.eventhandling.tokenstore.jdbc.JdbcTokenStoreTest$Context}', contextInitializerClasses = '[]', activeProfiles = '{}', propertySourceLocations = '{}', propertySourceProperties = '{}', contextCustomizers = set[[empty]], contextLoader = 'org.springframework.test.context.support.DelegatingSmartContextLoader', parent = [null]], attributes = map[[empty]]]; transaction manager [org.springframework.jdbc.datasource.DataSourceTransactionManager@29b0c169]; rollback [true]
2022-07-14 17:20:44,380 [main] INFO  TransactionContext              - Rolled back transaction for test: [DefaultTestContext@6a7ab205 testClass = JdbcTokenStoreTest, testInstance = org.axonframework.eventhandling.tokenstore.jdbc.JdbcTokenStoreTest@44aa5585, testMethod = testInitializeTokensAtGivenPosition@JdbcTokenStoreTest, testException = [null], mergedContextConfiguration = [MergedContextConfiguration@3a00237d testClass = JdbcTokenStoreTest, locations = '{}', classes = '{class org.axonframework.eventhandling.tokenstore.jdbc.JdbcTokenStoreTest$Context}', contextInitializerClasses = '[]', activeProfiles = '{}', propertySourceLocations = '{}', propertySourceProperties = '{}', contextCustomizers = set[[empty]], contextLoader = 'org.springframework.test.context.support.DelegatingSmartContextLoader', parent = [null]], attributes = map[[empty]]]
Tests run: 11, Failures: 0, Errors: 0, Skipped: 0, Time elapsed: 0.143 sec - in org.axonframework.eventhandling.tokenstore.jdbc.JdbcTokenStoreTest
Running org.axonframework.eventhandling.tokenstore.inmemory.InMemoryTokenStoreTest
Tests run: 6, Failures: 0, Errors: 0, Skipped: 0, Time elapsed: 0.003 sec - in org.axonframework.eventhandling.tokenstore.inmemory.InMemoryTokenStoreTest
Running org.axonframework.eventhandling.AnnotationEventMessageHandlerAdapterTest
Tests run: 1, Failures: 0, Errors: 0, Skipped: 0, Time elapsed: 0.003 sec - in org.axonframework.eventhandling.AnnotationEventMessageHandlerAdapterTest
Running org.axonframework.eventhandling.AbstractEventBusTest
Tests run: 8, Failures: 0, Errors: 0, Skipped: 0, Time elapsed: 0.045 sec - in org.axonframework.eventhandling.AbstractEventBusTest
Running org.axonframework.eventhandling.AbstractEventProcessorTest
Tests run: 1, Failures: 0, Errors: 0, Skipped: 0, Time elapsed: 0.003 sec - in org.axonframework.eventhandling.AbstractEventProcessorTest
Running org.axonframework.eventhandling.MultiEventHandlerInvokerTest
Tests run: 9, Failures: 0, Errors: 0, Skipped: 0, Time elapsed: 0.017 sec - in org.axonframework.eventhandling.MultiEventHandlerInvokerTest
Running org.axonframework.eventhandling.GenericEventMessageTest
Tests run: 5, Failures: 0, Errors: 0, Skipped: 0, Time elapsed: 0.001 sec - in org.axonframework.eventhandling.GenericEventMessageTest
Running org.axonframework.eventhandling.SimpleEventBusTest
2022-07-14 17:20:44,480 [main] INFO  AbstractEventBus                - EventProcessor [Mock for Consumer, hashCode: 1731685294] not added. It was already subscribed
2022-07-14 17:20:44,480 [main] INFO  AbstractEventBus                - EventListener Mock for Consumer, hashCode: 114743324 not removed. It was already unsubscribed
Tests run: 1, Failures: 0, Errors: 0, Skipped: 0, Time elapsed: 0.007 sec - in org.axonframework.eventhandling.SimpleEventBusTest
Running org.axonframework.eventhandling.DirectEventProcessingStrategyTest
Tests run: 1, Failures: 0, Errors: 0, Skipped: 0, Time elapsed: 0 sec - in org.axonframework.eventhandling.DirectEventProcessingStrategyTest
Running org.axonframework.eventhandling.replay.ReplayAwareMessageHandlerWrapperTest
Tests run: 1, Failures: 0, Errors: 0, Skipped: 0, Time elapsed: 0 sec - in org.axonframework.eventhandling.replay.ReplayAwareMessageHandlerWrapperTest
Running org.axonframework.eventhandling.replay.ReplayParameterResolverFactoryTest
Tests run: 1, Failures: 0, Errors: 0, Skipped: 0, Time elapsed: 0 sec - in org.axonframework.eventhandling.replay.ReplayParameterResolverFactoryTest
Running org.axonframework.eventhandling.scheduling.java.SimpleEventSchedulerTest
Tests run: 3, Failures: 0, Errors: 0, Skipped: 0, Time elapsed: 0.166 sec - in org.axonframework.eventhandling.scheduling.java.SimpleEventSchedulerTest
Running org.axonframework.eventhandling.scheduling.ScheduleTokenJacksonSerializationTest
Tests run: 2, Failures: 0, Errors: 0, Skipped: 0, Time elapsed: 0.006 sec - in org.axonframework.eventhandling.scheduling.ScheduleTokenJacksonSerializationTest
Running org.axonframework.eventhandling.scheduling.quartz.QuartzEventSchedulerTest
2022-07-14 17:20:44,692 [main] INFO  StdSchedulerFactory             - Using default implementation for ThreadExecutor
2022-07-14 17:20:44,694 [main] INFO  SimpleThreadPool                - Job execution threads will use class loader of thread: main
2022-07-14 17:20:44,707 [main] INFO  SchedulerSignalerImpl           - Initialized Scheduler Signaller of type: class org.quartz.core.SchedulerSignalerImpl
2022-07-14 17:20:44,708 [main] INFO  QuartzScheduler                 - Quartz Scheduler v.2.2.1 created.
2022-07-14 17:20:44,708 [main] INFO  RAMJobStore                     - RAMJobStore initialized.
2022-07-14 17:20:44,709 [main] INFO  QuartzScheduler                 - Scheduler meta-data: Quartz Scheduler (v2.2.1) 'DefaultQuartzScheduler' with instanceId 'NON_CLUSTERED'
  Scheduler class: 'org.quartz.core.QuartzScheduler' - running locally.
  NOT STARTED.
  Currently in standby mode.
  Number of jobs executed: 0
  Using thread pool 'org.quartz.simpl.SimpleThreadPool' - with 10 threads.
  Using job-store 'org.quartz.simpl.RAMJobStore' - which does not support persistence. and is not clustered.

2022-07-14 17:20:44,709 [main] INFO  StdSchedulerFactory             - Quartz scheduler 'DefaultQuartzScheduler' initialized from default resource file in Quartz package: 'quartz.properties'
2022-07-14 17:20:44,709 [main] INFO  StdSchedulerFactory             - Quartz scheduler version: 2.2.1
2022-07-14 17:20:44,709 [main] INFO  QuartzScheduler                 - Scheduler DefaultQuartzScheduler_$_NON_CLUSTERED started.
2022-07-14 17:20:44,755 [DefaultQuartzScheduler_Worker-1] INFO  FireEventJob                    - Job successfully executed. Scheduled Event [Object] has been published.
2022-07-14 17:20:44,755 [main] INFO  QuartzScheduler                 - Scheduler DefaultQuartzScheduler_$_NON_CLUSTERED shutting down.
2022-07-14 17:20:44,755 [main] INFO  QuartzScheduler                 - Scheduler DefaultQuartzScheduler_$_NON_CLUSTERED paused.
2022-07-14 17:20:45,199 [main] INFO  QuartzScheduler                 - Scheduler DefaultQuartzScheduler_$_NON_CLUSTERED shutdown complete.
2022-07-14 17:20:45,202 [main] INFO  StdSchedulerFactory             - Using default implementation for ThreadExecutor
2022-07-14 17:20:45,202 [main] INFO  SimpleThreadPool                - Job execution threads will use class loader of thread: main
2022-07-14 17:20:45,205 [main] INFO  SchedulerSignalerImpl           - Initialized Scheduler Signaller of type: class org.quartz.core.SchedulerSignalerImpl
2022-07-14 17:20:45,205 [main] INFO  QuartzScheduler                 - Quartz Scheduler v.2.2.1 created.
2022-07-14 17:20:45,205 [main] INFO  RAMJobStore                     - RAMJobStore initialized.
2022-07-14 17:20:45,205 [main] INFO  QuartzScheduler                 - Scheduler meta-data: Quartz Scheduler (v2.2.1) 'DefaultQuartzScheduler' with instanceId 'NON_CLUSTERED'
  Scheduler class: 'org.quartz.core.QuartzScheduler' - running locally.
  NOT STARTED.
  Currently in standby mode.
  Number of jobs executed: 0
  Using thread pool 'org.quartz.simpl.SimpleThreadPool' - with 10 threads.
  Using job-store 'org.quartz.simpl.RAMJobStore' - which does not support persistence. and is not clustered.

2022-07-14 17:20:45,205 [main] INFO  StdSchedulerFactory             - Quartz scheduler 'DefaultQuartzScheduler' initialized from default resource file in Quartz package: 'quartz.properties'
2022-07-14 17:20:45,206 [main] INFO  StdSchedulerFactory             - Quartz scheduler version: 2.2.1
2022-07-14 17:20:45,206 [main] INFO  QuartzScheduler                 - Scheduler DefaultQuartzScheduler_$_NON_CLUSTERED started.
2022-07-14 17:20:45,252 [DefaultQuartzScheduler_Worker-1] ERROR FireEventJob                    - Exception occurred while publishing scheduled event [java.lang.Object]
org.axonframework.utils.MockException: Mock
2022-07-14 17:20:45,253 [DefaultQuartzScheduler_Worker-1] INFO  JobRunShell                     - Job TestGroup.event-44902950-1275-45bc-8fd3-c0fd4bdb4041 threw a JobExecutionException: 
org.quartz.JobExecutionException: org.axonframework.utils.MockException: Mock [See nested exception: org.axonframework.utils.MockException: Mock]
	at org.axonframework.eventhandling.scheduling.quartz.FireEventJob.execute(FireEventJob.java:87)
	at org.quartz.core.JobRunShell.run(JobRunShell.java:202)
	at org.quartz.simpl.SimpleThreadPool$WorkerThread.run(SimpleThreadPool.java:573)
Caused by: org.axonframework.utils.MockException: Mock
2022-07-14 17:20:45,253 [main] INFO  QuartzScheduler                 - Scheduler DefaultQuartzScheduler_$_NON_CLUSTERED shutting down.
2022-07-14 17:20:45,254 [main] INFO  QuartzScheduler                 - Scheduler DefaultQuartzScheduler_$_NON_CLUSTERED paused.
2022-07-14 17:20:45,755 [main] INFO  QuartzScheduler                 - Scheduler DefaultQuartzScheduler_$_NON_CLUSTERED shutdown complete.
2022-07-14 17:20:45,757 [main] INFO  StdSchedulerFactory             - Using default implementation for ThreadExecutor
2022-07-14 17:20:45,758 [main] INFO  SimpleThreadPool                - Job execution threads will use class loader of thread: main
2022-07-14 17:20:45,760 [main] INFO  SchedulerSignalerImpl           - Initialized Scheduler Signaller of type: class org.quartz.core.SchedulerSignalerImpl
2022-07-14 17:20:45,760 [main] INFO  QuartzScheduler                 - Quartz Scheduler v.2.2.1 created.
2022-07-14 17:20:45,760 [main] INFO  RAMJobStore                     - RAMJobStore initialized.
2022-07-14 17:20:45,760 [main] INFO  QuartzScheduler                 - Scheduler meta-data: Quartz Scheduler (v2.2.1) 'DefaultQuartzScheduler' with instanceId 'NON_CLUSTERED'
  Scheduler class: 'org.quartz.core.QuartzScheduler' - running locally.
  NOT STARTED.
  Currently in standby mode.
  Number of jobs executed: 0
  Using thread pool 'org.quartz.simpl.SimpleThreadPool' - with 10 threads.
  Using job-store 'org.quartz.simpl.RAMJobStore' - which does not support persistence. and is not clustered.

2022-07-14 17:20:45,760 [main] INFO  StdSchedulerFactory             - Quartz scheduler 'DefaultQuartzScheduler' initialized from default resource file in Quartz package: 'quartz.properties'
2022-07-14 17:20:45,760 [main] INFO  StdSchedulerFactory             - Quartz scheduler version: 2.2.1
2022-07-14 17:20:45,760 [main] INFO  QuartzScheduler                 - Scheduler DefaultQuartzScheduler_$_NON_CLUSTERED started.
2022-07-14 17:20:45,806 [DefaultQuartzScheduler_Worker-1] INFO  FireEventJob                    - Job successfully executed. Scheduled Event [Object] has been published.
2022-07-14 17:20:45,808 [main] INFO  QuartzScheduler                 - Scheduler DefaultQuartzScheduler_$_NON_CLUSTERED shutting down.
2022-07-14 17:20:45,808 [main] INFO  QuartzScheduler                 - Scheduler DefaultQuartzScheduler_$_NON_CLUSTERED paused.
2022-07-14 17:20:46,307 [main] INFO  QuartzScheduler                 - Scheduler DefaultQuartzScheduler_$_NON_CLUSTERED shutdown complete.
2022-07-14 17:20:46,311 [main] INFO  StdSchedulerFactory             - Using default implementation for ThreadExecutor
2022-07-14 17:20:46,311 [main] INFO  SimpleThreadPool                - Job execution threads will use class loader of thread: main
2022-07-14 17:20:46,313 [main] INFO  SchedulerSignalerImpl           - Initialized Scheduler Signaller of type: class org.quartz.core.SchedulerSignalerImpl
2022-07-14 17:20:46,314 [main] INFO  QuartzScheduler                 - Quartz Scheduler v.2.2.1 created.
2022-07-14 17:20:46,314 [main] INFO  RAMJobStore                     - RAMJobStore initialized.
2022-07-14 17:20:46,314 [main] INFO  QuartzScheduler                 - Scheduler meta-data: Quartz Scheduler (v2.2.1) 'DefaultQuartzScheduler' with instanceId 'NON_CLUSTERED'
  Scheduler class: 'org.quartz.core.QuartzScheduler' - running locally.
  NOT STARTED.
  Currently in standby mode.
  Number of jobs executed: 0
  Using thread pool 'org.quartz.simpl.SimpleThreadPool' - with 10 threads.
  Using job-store 'org.quartz.simpl.RAMJobStore' - which does not support persistence. and is not clustered.

2022-07-14 17:20:46,314 [main] INFO  StdSchedulerFactory             - Quartz scheduler 'DefaultQuartzScheduler' initialized from default resource file in Quartz package: 'quartz.properties'
2022-07-14 17:20:46,314 [main] INFO  StdSchedulerFactory             - Quartz scheduler version: 2.2.1
2022-07-14 17:20:46,314 [main] INFO  QuartzScheduler                 - Scheduler DefaultQuartzScheduler_$_NON_CLUSTERED started.
2022-07-14 17:20:46,321 [main] INFO  QuartzScheduler                 - Scheduler DefaultQuartzScheduler_$_NON_CLUSTERED shutting down.
2022-07-14 17:20:46,322 [main] INFO  QuartzScheduler                 - Scheduler DefaultQuartzScheduler_$_NON_CLUSTERED paused.
2022-07-14 17:20:46,814 [main] INFO  QuartzScheduler                 - Scheduler DefaultQuartzScheduler_$_NON_CLUSTERED shutdown complete.
Tests run: 4, Failures: 0, Errors: 0, Skipped: 0, Time elapsed: 2.156 sec - in org.axonframework.eventhandling.scheduling.quartz.QuartzEventSchedulerTest
Running org.axonframework.eventhandling.scheduling.quartz.DirectEventJobDataBinderTest
Tests run: 6, Failures: 0, Errors: 0, Skipped: 0, Time elapsed: 0.084 sec - in org.axonframework.eventhandling.scheduling.quartz.DirectEventJobDataBinderTest
Running org.axonframework.eventhandling.GapAwareTrackingTokenTest
Tests run: 12, Failures: 0, Errors: 0, Skipped: 0, Time elapsed: 1.078 sec - in org.axonframework.eventhandling.GapAwareTrackingTokenTest
Running org.axonframework.eventhandling.async.SequentialPerAggregatePolicyTest
Tests run: 1, Failures: 0, Errors: 0, Skipped: 0, Time elapsed: 0 sec - in org.axonframework.eventhandling.async.SequentialPerAggregatePolicyTest
Running org.axonframework.eventhandling.async.AsynchronousEventProcessingStrategyTest
Tests run: 3, Failures: 0, Errors: 0, Skipped: 0, Time elapsed: 0.007 sec - in org.axonframework.eventhandling.async.AsynchronousEventProcessingStrategyTest
Running org.axonframework.eventhandling.async.SequentialPolicyTest
Tests run: 1, Failures: 0, Errors: 0, Skipped: 0, Time elapsed: 0 sec - in org.axonframework.eventhandling.async.SequentialPolicyTest
Running org.axonframework.eventhandling.async.FullConcurrencyPolicyTest
Tests run: 1, Failures: 0, Errors: 0, Skipped: 0, Time elapsed: 0 sec - in org.axonframework.eventhandling.async.FullConcurrencyPolicyTest
Running org.axonframework.eventhandling.async.AsynchronousEventProcessorConcurrencyTest
Tests run: 1, Failures: 0, Errors: 0, Skipped: 0, Time elapsed: 4.224 sec - in org.axonframework.eventhandling.async.AsynchronousEventProcessorConcurrencyTest
Running org.axonframework.eventhandling.GenericDomainEventMessageTest
Tests run: 4, Failures: 0, Errors: 0, Skipped: 0, Time elapsed: 0.001 sec - in org.axonframework.eventhandling.GenericDomainEventMessageTest
Running org.axonframework.deadline.quartz.DeadlineJobDataBinderTest
Tests run: 9, Failures: 0, Errors: 0, Skipped: 0, Time elapsed: 0.022 sec - in org.axonframework.deadline.quartz.DeadlineJobDataBinderTest
2022-07-14 17:20:52,284 [Thread-30] INFO  tainerEntityManagerFactoryBean  - Closing JPA EntityManagerFactory for persistence unit 'default'
2022-07-14 17:20:52,293 [Thread-30] INFO  pperImpl$DelayedDropActionImpl  - HHH000477: Starting delayed drop of schema as part of SessionFactory shut-down'
Hibernate: drop table TokenEntry if exists
2022-07-14 17:20:52,387 [Thread-30] INFO  connections                     - HHH10001008: Cleaning up connection pool [jdbc:hsqldb:mem:testdb]

Results :

Tests run: 678, Failures: 0, Errors: 0, Skipped: 0

[INFO] 
[INFO] ------------------< org.axonframework:axon-modelling >------------------
[INFO] Building Axon Framework Modelling 4.0.1-SNAPSHOT                  [3/14]
[INFO] -------------------------------[ bundle ]-------------------------------
[INFO] 
[INFO] --- maven-enforcer-plugin:1.4.1:enforce (enforce-banned-dependencies) @ axon-modelling ---
[INFO] Skipping Rule Enforcement.
[INFO] 
[INFO] --- maven-resources-plugin:3.0.2:resources (default-resources) @ axon-modelling ---
[INFO] Using 'UTF-8' encoding to copy filtered resources.
[INFO] Copying 2 resources
[INFO] 
[INFO] --- maven-compiler-plugin:3.5.1:compile (default-compile) @ axon-modelling ---
[INFO] Nothing to compile - all classes are up to date
[INFO] 
[INFO] --- maven-bundle-plugin:3.3.0:manifest (default) @ axon-modelling ---
[INFO] 
[INFO] --- maven-resources-plugin:3.0.2:testResources (default-testResources) @ axon-modelling ---
[INFO] Using 'UTF-8' encoding to copy filtered resources.
[INFO] Copying 5 resources
[INFO] 
[INFO] --- maven-compiler-plugin:3.5.1:testCompile (default-testCompile) @ axon-modelling ---
[INFO] Nothing to compile - all classes are up to date
[INFO] 
[INFO] --- maven-surefire-plugin:2.19.1:test (default-test) @ axon-modelling ---

-------------------------------------------------------
 T E S T S
-------------------------------------------------------
Running org.axonframework.modelling.command.AggregateAnnotationCommandHandlerTest
2022-07-14 17:20:55,432 [main] INFO  LoggingCallback                 - Command executed successfully: org.axonframework.modelling.command.AggregateAnnotationCommandHandlerTest$CreateCommand
2022-07-14 17:20:55,508 [main] INFO  LoggingCallback                 - Command executed successfully: org.axonframework.modelling.command.AggregateAnnotationCommandHandlerTest$CreateFactoryMethodCommand
Tests run: 22, Failures: 0, Errors: 0, Skipped: 0, Time elapsed: 1.255 sec - in org.axonframework.modelling.command.AggregateAnnotationCommandHandlerTest
Running org.axonframework.modelling.command.AbstractRepositoryTest
Tests run: 9, Failures: 0, Errors: 0, Skipped: 0, Time elapsed: 0.129 sec - in org.axonframework.modelling.command.AbstractRepositoryTest
Running org.axonframework.modelling.command.inspection.AnnotatedAggregateMetaModelFactoryTest
Tests run: 15, Failures: 0, Errors: 0, Skipped: 0, Time elapsed: 0.037 sec - in org.axonframework.modelling.command.inspection.AnnotatedAggregateMetaModelFactoryTest
Running org.axonframework.modelling.command.AggregateScopeDescriptorSerializationTest
2022-07-14 17:20:56,287 [main] INFO  ChainingConverter               - ContentTypeConverter of type [class org.axonframework.serialization.xml.XomToStringConverter] is ignored. It seems to rely on a class that is not available in the class loader: nu/xom/Document
2022-07-14 17:20:56,288 [main] INFO  ChainingConverter               - ContentTypeConverter of type [class org.axonframework.serialization.xml.InputStreamToXomConverter] is ignored. It seems to rely on a class that is not available in the class loader: nu/xom/ParsingException
Tests run: 3, Failures: 0, Errors: 0, Skipped: 0, Time elapsed: 0.516 sec - in org.axonframework.modelling.command.AggregateScopeDescriptorSerializationTest
Running org.axonframework.modelling.command.AnnotatedAggregateTest
Tests run: 1, Failures: 0, Errors: 0, Skipped: 0, Time elapsed: 0.01 sec - in org.axonframework.modelling.command.AnnotatedAggregateTest
Running org.axonframework.modelling.command.GenericJpaRepositoryTest
Tests run: 10, Failures: 0, Errors: 0, Skipped: 0, Time elapsed: 0.188 sec - in org.axonframework.modelling.command.GenericJpaRepositoryTest
Running org.axonframework.modelling.command.EntityEventForwardingModelInspectorTest
Tests run: 5, Failures: 0, Errors: 0, Skipped: 0, Time elapsed: 0.018 sec - in org.axonframework.modelling.command.EntityEventForwardingModelInspectorTest
Running org.axonframework.modelling.command.LockingRepositoryTest
Tests run: 4, Failures: 0, Errors: 0, Skipped: 0, Time elapsed: 0.113 sec - in org.axonframework.modelling.command.LockingRepositoryTest
Running org.axonframework.modelling.command.AnnotationCommandTargetResolverTest
Tests run: 10, Failures: 0, Errors: 0, Skipped: 0, Time elapsed: 0.005 sec - in org.axonframework.modelling.command.AnnotationCommandTargetResolverTest
Running org.axonframework.modelling.saga.SagaManagerTest
Tests run: 5, Failures: 0, Errors: 0, Skipped: 0, Time elapsed: 0.048 sec - in org.axonframework.modelling.saga.SagaManagerTest
Running org.axonframework.modelling.saga.metamodel.AnnotationSagaMetaModelFactoryTest
Tests run: 1, Failures: 0, Errors: 0, Skipped: 0, Time elapsed: 0.007 sec - in org.axonframework.modelling.saga.metamodel.AnnotationSagaMetaModelFactoryTest
Running org.axonframework.modelling.saga.SimpleResourceInjectorTest
Tests run: 4, Failures: 0, Errors: 0, Skipped: 0, Time elapsed: 0.006 sec - in org.axonframework.modelling.saga.SimpleResourceInjectorTest
Running org.axonframework.modelling.saga.AnnotatedSagaTest
Tests run: 7, Failures: 0, Errors: 0, Skipped: 0, Time elapsed: 0.015 sec - in org.axonframework.modelling.saga.AnnotatedSagaTest
Running org.axonframework.modelling.saga.repository.jpa.JpaSagaStoreTest
2022-07-14 17:20:56,843 [main] INFO  DefaultTestContextBootstrapper  - Loaded default TestExecutionListener class names from location [META-INF/spring.factories]: [org.springframework.test.context.web.ServletTestExecutionListener, org.springframework.test.context.support.DirtiesContextBeforeModesTestExecutionListener, org.springframework.test.context.support.DependencyInjectionTestExecutionListener, org.springframework.test.context.support.DirtiesContextTestExecutionListener, org.springframework.test.context.transaction.TransactionalTestExecutionListener, org.springframework.test.context.jdbc.SqlScriptsTestExecutionListener]
2022-07-14 17:20:56,854 [main] INFO  DefaultTestContextBootstrapper  - Using TestExecutionListeners: [org.springframework.test.context.support.DirtiesContextBeforeModesTestExecutionListener@4b54af3d, org.springframework.test.context.support.DependencyInjectionTestExecutionListener@7bb35cc6, org.springframework.test.context.support.DirtiesContextTestExecutionListener@203c20cf, org.springframework.test.context.transaction.TransactionalTestExecutionListener@2a1debfa, org.springframework.test.context.jdbc.SqlScriptsTestExecutionListener@44de94c3]
2022-07-14 17:20:57,432 [main] INFO  LogHelper                       - HHH000204: Processing PersistenceUnitInfo [
	name: eventStore
	...]
2022-07-14 17:20:57,500 [main] INFO  Version                         - HHH000412: Hibernate Core {5.1.0.Final}
2022-07-14 17:20:57,502 [main] INFO  Environment                     - HHH000206: hibernate.properties not found
2022-07-14 17:20:57,504 [main] INFO  Environment                     - HHH000021: Bytecode provider name : javassist
2022-07-14 17:20:57,557 [main] INFO  Version                         - HCANN000001: Hibernate Commons Annotations {5.0.1.Final}
2022-07-14 17:20:58,069 [main] INFO  Dialect                         - HHH000400: Using dialect: org.hibernate.dialect.HSQLDialect
2022-07-14 17:20:58,406 [main] INFO  Version                         - HV000001: Hibernate Validator 5.2.4.Final
2022-07-14 17:20:58,711 [main] INFO  ractorJdbcDatabaseMetaDataImpl  - HHH000262: Table not found: AssociationValueEntry
2022-07-14 17:20:58,712 [main] INFO  ractorJdbcDatabaseMetaDataImpl  - HHH000262: Table not found: AssociationValueEntry
2022-07-14 17:20:58,717 [main] INFO  ractorJdbcDatabaseMetaDataImpl  - HHH000262: Table not found: CustomSagaEntry
2022-07-14 17:20:58,717 [main] INFO  ractorJdbcDatabaseMetaDataImpl  - HHH000262: Table not found: CustomSagaEntry
2022-07-14 17:20:58,720 [main] INFO  ractorJdbcDatabaseMetaDataImpl  - HHH000262: Table not found: JpaAggregate
2022-07-14 17:20:58,720 [main] INFO  ractorJdbcDatabaseMetaDataImpl  - HHH000262: Table not found: JpaAggregate
2022-07-14 17:20:58,722 [main] INFO  ractorJdbcDatabaseMetaDataImpl  - HHH000262: Table not found: SagaEntry
2022-07-14 17:20:58,722 [main] INFO  ractorJdbcDatabaseMetaDataImpl  - HHH000262: Table not found: SagaEntry
2022-07-14 17:20:58,786 [main] INFO  tainerEntityManagerFactoryBean  - Initialized JPA EntityManagerFactory for persistence unit 'eventStore'
2022-07-14 17:20:58,900 [main] INFO  TransactionContext              - Began transaction (1) for test context [DefaultTestContext@5e2a6991 testClass = JpaSagaStoreTest, testInstance = org.axonframework.modelling.saga.repository.jpa.JpaSagaStoreTest@5002fde9, testMethod = testEndSaga@JpaSagaStoreTest, testException = [null], mergedContextConfiguration = [MergedContextConfiguration@6f96dd64 testClass = JpaSagaStoreTest, locations = '{classpath:/META-INF/spring/saga-repository-test.xml}', classes = '{}', contextInitializerClasses = '[]', activeProfiles = '{}', propertySourceLocations = '{}', propertySourceProperties = '{}', contextCustomizers = set[[empty]], contextLoader = 'org.springframework.test.context.support.DelegatingSmartContextLoader', parent = [null]], attributes = map[[empty]]]; transaction manager [org.springframework.orm.jpa.JpaTransactionManager@251a90ce]; rollback [true]
2022-07-14 17:20:58,906 [main] INFO  ChainingConverter               - ContentTypeConverter of type [class org.axonframework.serialization.xml.XomToStringConverter] is ignored. It seems to rely on a class that is not available in the class loader: nu/xom/Document
2022-07-14 17:20:58,906 [main] INFO  ChainingConverter               - ContentTypeConverter of type [class org.axonframework.serialization.xml.InputStreamToXomConverter] is ignored. It seems to rely on a class that is not available in the class loader: nu/xom/ParsingException
2022-07-14 17:20:58,920 [main] INFO  ueryTranslatorFactoryInitiator  - HHH000397: Using ASTQueryTranslatorFactory
2022-07-14 17:20:59,135 [main] INFO  TransactionContext              - Rolled back transaction for test: [DefaultTestContext@5e2a6991 testClass = JpaSagaStoreTest, testInstance = org.axonframework.modelling.saga.repository.jpa.JpaSagaStoreTest@5002fde9, testMethod = testEndSaga@JpaSagaStoreTest, testException = [null], mergedContextConfiguration = [MergedContextConfiguration@6f96dd64 testClass = JpaSagaStoreTest, locations = '{classpath:/META-INF/spring/saga-repository-test.xml}', classes = '{}', contextInitializerClasses = '[]', activeProfiles = '{}', propertySourceLocations = '{}', propertySourceProperties = '{}', contextCustomizers = set[[empty]], contextLoader = 'org.springframework.test.context.support.DelegatingSmartContextLoader', parent = [null]], attributes = map[[empty]]]
2022-07-14 17:20:59,137 [main] INFO  tainerEntityManagerFactoryBean  - Closing JPA EntityManagerFactory for persistence unit 'eventStore'
2022-07-14 17:20:59,197 [main] INFO  LogHelper                       - HHH000204: Processing PersistenceUnitInfo [
	name: eventStore
	...]
2022-07-14 17:20:59,213 [main] INFO  Dialect                         - HHH000400: Using dialect: org.hibernate.dialect.HSQLDialect
2022-07-14 17:20:59,286 [main] INFO  tainerEntityManagerFactoryBean  - Initialized JPA EntityManagerFactory for persistence unit 'eventStore'
2022-07-14 17:20:59,294 [main] INFO  TransactionContext              - Began transaction (1) for test context [DefaultTestContext@5e2a6991 testClass = JpaSagaStoreTest, testInstance = org.axonframework.modelling.saga.repository.jpa.JpaSagaStoreTest@63f2e0b, testMethod = testAddingAnInactiveSagaDoesntStoreIt@JpaSagaStoreTest, testException = [null], mergedContextConfiguration = [MergedContextConfiguration@6f96dd64 testClass = JpaSagaStoreTest, locations = '{classpath:/META-INF/spring/saga-repository-test.xml}', classes = '{}', contextInitializerClasses = '[]', activeProfiles = '{}', propertySourceLocations = '{}', propertySourceProperties = '{}', contextCustomizers = set[[empty]], contextLoader = 'org.springframework.test.context.support.DelegatingSmartContextLoader', parent = [null]], attributes = map[[empty]]]; transaction manager [org.springframework.orm.jpa.JpaTransactionManager@4fd80300]; rollback [true]
2022-07-14 17:20:59,297 [main] INFO  ChainingConverter               - ContentTypeConverter of type [class org.axonframework.serialization.xml.XomToStringConverter] is ignored. It seems to rely on a class that is not available in the class loader: nu/xom/Document
2022-07-14 17:20:59,297 [main] INFO  ChainingConverter               - ContentTypeConverter of type [class org.axonframework.serialization.xml.InputStreamToXomConverter] is ignored. It seems to rely on a class that is not available in the class loader: nu/xom/ParsingException
2022-07-14 17:20:59,298 [main] INFO  ueryTranslatorFactoryInitiator  - HHH000397: Using ASTQueryTranslatorFactory
2022-07-14 17:20:59,317 [main] INFO  TransactionContext              - Rolled back transaction for test: [DefaultTestContext@5e2a6991 testClass = JpaSagaStoreTest, testInstance = org.axonframework.modelling.saga.repository.jpa.JpaSagaStoreTest@63f2e0b, testMethod = testAddingAnInactiveSagaDoesntStoreIt@JpaSagaStoreTest, testException = [null], mergedContextConfiguration = [MergedContextConfiguration@6f96dd64 testClass = JpaSagaStoreTest, locations = '{classpath:/META-INF/spring/saga-repository-test.xml}', classes = '{}', contextInitializerClasses = '[]', activeProfiles = '{}', propertySourceLocations = '{}', propertySourceProperties = '{}', contextCustomizers = set[[empty]], contextLoader = 'org.springframework.test.context.support.DelegatingSmartContextLoader', parent = [null]], attributes = map[[empty]]]
2022-07-14 17:20:59,318 [main] INFO  tainerEntityManagerFactoryBean  - Closing JPA EntityManagerFactory for persistence unit 'eventStore'
2022-07-14 17:20:59,370 [main] INFO  LogHelper                       - HHH000204: Processing PersistenceUnitInfo [
	name: eventStore
	...]
2022-07-14 17:20:59,381 [main] INFO  Dialect                         - HHH000400: Using dialect: org.hibernate.dialect.HSQLDialect
2022-07-14 17:20:59,444 [main] INFO  tainerEntityManagerFactoryBean  - Initialized JPA EntityManagerFactory for persistence unit 'eventStore'
2022-07-14 17:20:59,451 [main] INFO  TransactionContext              - Began transaction (1) for test context [DefaultTestContext@5e2a6991 testClass = JpaSagaStoreTest, testInstance = org.axonframework.modelling.saga.repository.jpa.JpaSagaStoreTest@20820df0, testMethod = testLoadSaga_AssociationValueRemoved@JpaSagaStoreTest, testException = [null], mergedContextConfiguration = [MergedContextConfiguration@6f96dd64 testClass = JpaSagaStoreTest, locations = '{classpath:/META-INF/spring/saga-repository-test.xml}', classes = '{}', contextInitializerClasses = '[]', activeProfiles = '{}', propertySourceLocations = '{}', propertySourceProperties = '{}', contextCustomizers = set[[empty]], contextLoader = 'org.springframework.test.context.support.DelegatingSmartContextLoader', parent = [null]], attributes = map[[empty]]]; transaction manager [org.springframework.orm.jpa.JpaTransactionManager@2a7bc16b]; rollback [true]
2022-07-14 17:20:59,454 [main] INFO  ChainingConverter               - ContentTypeConverter of type [class org.axonframework.serialization.xml.XomToStringConverter] is ignored. It seems to rely on a class that is not available in the class loader: nu/xom/Document
2022-07-14 17:20:59,454 [main] INFO  ChainingConverter               - ContentTypeConverter of type [class org.axonframework.serialization.xml.InputStreamToXomConverter] is ignored. It seems to rely on a class that is not available in the class loader: nu/xom/ParsingException
2022-07-14 17:20:59,454 [main] INFO  ueryTranslatorFactoryInitiator  - HHH000397: Using ASTQueryTranslatorFactory
2022-07-14 17:20:59,480 [main] INFO  TransactionContext              - Rolled back transaction for test: [DefaultTestContext@5e2a6991 testClass = JpaSagaStoreTest, testInstance = org.axonframework.modelling.saga.repository.jpa.JpaSagaStoreTest@20820df0, testMethod = testLoadSaga_AssociationValueRemoved@JpaSagaStoreTest, testException = [null], mergedContextConfiguration = [MergedContextConfiguration@6f96dd64 testClass = JpaSagaStoreTest, locations = '{classpath:/META-INF/spring/saga-repository-test.xml}', classes = '{}', contextInitializerClasses = '[]', activeProfiles = '{}', propertySourceLocations = '{}', propertySourceProperties = '{}', contextCustomizers = set[[empty]], contextLoader = 'org.springframework.test.context.support.DelegatingSmartContextLoader', parent = [null]], attributes = map[[empty]]]
2022-07-14 17:20:59,480 [main] INFO  tainerEntityManagerFactoryBean  - Closing JPA EntityManagerFactory for persistence unit 'eventStore'
2022-07-14 17:20:59,525 [main] INFO  LogHelper                       - HHH000204: Processing PersistenceUnitInfo [
	name: eventStore
	...]
2022-07-14 17:20:59,536 [main] INFO  Dialect                         - HHH000400: Using dialect: org.hibernate.dialect.HSQLDialect
2022-07-14 17:20:59,594 [main] INFO  tainerEntityManagerFactoryBean  - Initialized JPA EntityManagerFactory for persistence unit 'eventStore'
2022-07-14 17:20:59,600 [main] INFO  TransactionContext              - Began transaction (1) for test context [DefaultTestContext@5e2a6991 testClass = JpaSagaStoreTest, testInstance = org.axonframework.modelling.saga.repository.jpa.JpaSagaStoreTest@7ed8b44, testMethod = testStoreSagaWithCustomEntity@JpaSagaStoreTest, testException = [null], mergedContextConfiguration = [MergedContextConfiguration@6f96dd64 testClass = JpaSagaStoreTest, locations = '{classpath:/META-INF/spring/saga-repository-test.xml}', classes = '{}', contextInitializerClasses = '[]', activeProfiles = '{}', propertySourceLocations = '{}', propertySourceProperties = '{}', contextCustomizers = set[[empty]], contextLoader = 'org.springframework.test.context.support.DelegatingSmartContextLoader', parent = [null]], attributes = map[[empty]]]; transaction manager [org.springframework.orm.jpa.JpaTransactionManager@1640f20f]; rollback [true]
2022-07-14 17:20:59,603 [main] INFO  ChainingConverter               - ContentTypeConverter of type [class org.axonframework.serialization.xml.XomToStringConverter] is ignored. It seems to rely on a class that is not available in the class loader: nu/xom/Document
2022-07-14 17:20:59,603 [main] INFO  ChainingConverter               - ContentTypeConverter of type [class org.axonframework.serialization.xml.InputStreamToXomConverter] is ignored. It seems to rely on a class that is not available in the class loader: nu/xom/ParsingException
2022-07-14 17:20:59,603 [main] INFO  ueryTranslatorFactoryInitiator  - HHH000397: Using ASTQueryTranslatorFactory
2022-07-14 17:20:59,621 [main] INFO  ChainingConverter               - ContentTypeConverter of type [class org.axonframework.serialization.xml.XomToStringConverter] is ignored. It seems to rely on a class that is not available in the class loader: nu/xom/Document
2022-07-14 17:20:59,621 [main] INFO  ChainingConverter               - ContentTypeConverter of type [class org.axonframework.serialization.xml.InputStreamToXomConverter] is ignored. It seems to rely on a class that is not available in the class loader: nu/xom/ParsingException
2022-07-14 17:20:59,650 [main] INFO  TransactionContext              - Rolled back transaction for test: [DefaultTestContext@5e2a6991 testClass = JpaSagaStoreTest, testInstance = org.axonframework.modelling.saga.repository.jpa.JpaSagaStoreTest@7ed8b44, testMethod = testStoreSagaWithCustomEntity@JpaSagaStoreTest, testException = [null], mergedContextConfiguration = [MergedContextConfiguration@6f96dd64 testClass = JpaSagaStoreTest, locations = '{classpath:/META-INF/spring/saga-repository-test.xml}', classes = '{}', contextInitializerClasses = '[]', activeProfiles = '{}', propertySourceLocations = '{}', propertySourceProperties = '{}', contextCustomizers = set[[empty]], contextLoader = 'org.springframework.test.context.support.DelegatingSmartContextLoader', parent = [null]], attributes = map[[empty]]]
2022-07-14 17:20:59,650 [main] INFO  tainerEntityManagerFactoryBean  - Closing JPA EntityManagerFactory for persistence unit 'eventStore'
2022-07-14 17:20:59,695 [main] INFO  LogHelper                       - HHH000204: Processing PersistenceUnitInfo [
	name: eventStore
	...]
2022-07-14 17:20:59,708 [main] INFO  Dialect                         - HHH000400: Using dialect: org.hibernate.dialect.HSQLDialect
2022-07-14 17:20:59,770 [main] INFO  tainerEntityManagerFactoryBean  - Initialized JPA EntityManagerFactory for persistence unit 'eventStore'
2022-07-14 17:20:59,776 [main] INFO  TransactionContext              - Began transaction (1) for test context [DefaultTestContext@5e2a6991 testClass = JpaSagaStoreTest, testInstance = org.axonframework.modelling.saga.repository.jpa.JpaSagaStoreTest@74bdfa0b, testMethod = testAddAndLoadSaga_ByAssociationValue@JpaSagaStoreTest, testException = [null], mergedContextConfiguration = [MergedContextConfiguration@6f96dd64 testClass = JpaSagaStoreTest, locations = '{classpath:/META-INF/spring/saga-repository-test.xml}', classes = '{}', contextInitializerClasses = '[]', activeProfiles = '{}', propertySourceLocations = '{}', propertySourceProperties = '{}', contextCustomizers = set[[empty]], contextLoader = 'org.springframework.test.context.support.DelegatingSmartContextLoader', parent = [null]], attributes = map[[empty]]]; transaction manager [org.springframework.orm.jpa.JpaTransactionManager@147c00aa]; rollback [true]
2022-07-14 17:20:59,779 [main] INFO  ChainingConverter               - ContentTypeConverter of type [class org.axonframework.serialization.xml.XomToStringConverter] is ignored. It seems to rely on a class that is not available in the class loader: nu/xom/Document
2022-07-14 17:20:59,780 [main] INFO  ChainingConverter               - ContentTypeConverter of type [class org.axonframework.serialization.xml.InputStreamToXomConverter] is ignored. It seems to rely on a class that is not available in the class loader: nu/xom/ParsingException
2022-07-14 17:20:59,780 [main] INFO  ueryTranslatorFactoryInitiator  - HHH000397: Using ASTQueryTranslatorFactory
2022-07-14 17:20:59,805 [main] INFO  TransactionContext              - Rolled back transaction for test: [DefaultTestContext@5e2a6991 testClass = JpaSagaStoreTest, testInstance = org.axonframework.modelling.saga.repository.jpa.JpaSagaStoreTest@74bdfa0b, testMethod = testAddAndLoadSaga_ByAssociationValue@JpaSagaStoreTest, testException = [null], mergedContextConfiguration = [MergedContextConfiguration@6f96dd64 testClass = JpaSagaStoreTest, locations = '{classpath:/META-INF/spring/saga-repository-test.xml}', classes = '{}', contextInitializerClasses = '[]', activeProfiles = '{}', propertySourceLocations = '{}', propertySourceProperties = '{}', contextCustomizers = set[[empty]], contextLoader = 'org.springframework.test.context.support.DelegatingSmartContextLoader', parent = [null]], attributes = map[[empty]]]
2022-07-14 17:20:59,806 [main] INFO  tainerEntityManagerFactoryBean  - Closing JPA EntityManagerFactory for persistence unit 'eventStore'
2022-07-14 17:20:59,856 [main] INFO  LogHelper                       - HHH000204: Processing PersistenceUnitInfo [
	name: eventStore
	...]
2022-07-14 17:20:59,869 [main] INFO  Dialect                         - HHH000400: Using dialect: org.hibernate.dialect.HSQLDialect
2022-07-14 17:20:59,941 [main] INFO  tainerEntityManagerFactoryBean  - Initialized JPA EntityManagerFactory for persistence unit 'eventStore'
2022-07-14 17:20:59,949 [main] INFO  TransactionContext              - Began transaction (1) for test context [DefaultTestContext@5e2a6991 testClass = JpaSagaStoreTest, testInstance = org.axonframework.modelling.saga.repository.jpa.JpaSagaStoreTest@76ffc17c, testMethod = testAddAndLoadSaga_ByIdentifier@JpaSagaStoreTest, testException = [null], mergedContextConfiguration = [MergedContextConfiguration@6f96dd64 testClass = JpaSagaStoreTest, locations = '{classpath:/META-INF/spring/saga-repository-test.xml}', classes = '{}', contextInitializerClasses = '[]', activeProfiles = '{}', propertySourceLocations = '{}', propertySourceProperties = '{}', contextCustomizers = set[[empty]], contextLoader = 'org.springframework.test.context.support.DelegatingSmartContextLoader', parent = [null]], attributes = map[[empty]]]; transaction manager [org.springframework.orm.jpa.JpaTransactionManager@38667005]; rollback [true]
2022-07-14 17:20:59,952 [main] INFO  ChainingConverter               - ContentTypeConverter of type [class org.axonframework.serialization.xml.XomToStringConverter] is ignored. It seems to rely on a class that is not available in the class loader: nu/xom/Document
2022-07-14 17:20:59,952 [main] INFO  ChainingConverter               - ContentTypeConverter of type [class org.axonframework.serialization.xml.InputStreamToXomConverter] is ignored. It seems to rely on a class that is not available in the class loader: nu/xom/ParsingException
2022-07-14 17:20:59,952 [main] INFO  ueryTranslatorFactoryInitiator  - HHH000397: Using ASTQueryTranslatorFactory
2022-07-14 17:20:59,977 [main] INFO  TransactionContext              - Rolled back transaction for test: [DefaultTestContext@5e2a6991 testClass = JpaSagaStoreTest, testInstance = org.axonframework.modelling.saga.repository.jpa.JpaSagaStoreTest@76ffc17c, testMethod = testAddAndLoadSaga_ByIdentifier@JpaSagaStoreTest, testException = [null], mergedContextConfiguration = [MergedContextConfiguration@6f96dd64 testClass = JpaSagaStoreTest, locations = '{classpath:/META-INF/spring/saga-repository-test.xml}', classes = '{}', contextInitializerClasses = '[]', activeProfiles = '{}', propertySourceLocations = '{}', propertySourceProperties = '{}', contextCustomizers = set[[empty]], contextLoader = 'org.springframework.test.context.support.DelegatingSmartContextLoader', parent = [null]], attributes = map[[empty]]]
2022-07-14 17:20:59,977 [main] INFO  tainerEntityManagerFactoryBean  - Closing JPA EntityManagerFactory for persistence unit 'eventStore'
Tests run: 6, Failures: 0, Errors: 0, Skipped: 0, Time elapsed: 3.235 sec - in org.axonframework.modelling.saga.repository.jpa.JpaSagaStoreTest
Running org.axonframework.modelling.saga.repository.AnnotatedSagaRepositoryTest
Tests run: 5, Failures: 0, Errors: 0, Skipped: 0, Time elapsed: 0.035 sec - in org.axonframework.modelling.saga.repository.AnnotatedSagaRepositoryTest
Running org.axonframework.modelling.saga.repository.jdbc.JdbcSagaStoreTest
2022-07-14 17:21:00,106 [main] INFO  ChainingConverter               - ContentTypeConverter of type [class org.axonframework.serialization.xml.XomToStringConverter] is ignored. It seems to rely on a class that is not available in the class loader: nu/xom/Document
2022-07-14 17:21:00,106 [main] INFO  ChainingConverter               - ContentTypeConverter of type [class org.axonframework.serialization.xml.InputStreamToXomConverter] is ignored. It seems to rely on a class that is not available in the class loader: nu/xom/ParsingException
2022-07-14 17:21:00,151 [main] INFO  ChainingConverter               - ContentTypeConverter of type [class org.axonframework.serialization.xml.XomToStringConverter] is ignored. It seems to rely on a class that is not available in the class loader: nu/xom/Document
2022-07-14 17:21:00,151 [main] INFO  ChainingConverter               - ContentTypeConverter of type [class org.axonframework.serialization.xml.InputStreamToXomConverter] is ignored. It seems to rely on a class that is not available in the class loader: nu/xom/ParsingException
2022-07-14 17:21:00,201 [main] INFO  ChainingConverter               - ContentTypeConverter of type [class org.axonframework.serialization.xml.XomToStringConverter] is ignored. It seems to rely on a class that is not available in the class loader: nu/xom/Document
2022-07-14 17:21:00,201 [main] INFO  ChainingConverter               - ContentTypeConverter of type [class org.axonframework.serialization.xml.InputStreamToXomConverter] is ignored. It seems to rely on a class that is not available in the class loader: nu/xom/ParsingException
Tests run: 3, Failures: 0, Errors: 0, Skipped: 0, Time elapsed: 0.197 sec - in org.axonframework.modelling.saga.repository.jdbc.JdbcSagaStoreTest
Running org.axonframework.modelling.saga.repository.LockingSagaRepositoryTest
Tests run: 2, Failures: 0, Errors: 0, Skipped: 0, Time elapsed: 0.036 sec - in org.axonframework.modelling.saga.repository.LockingSagaRepositoryTest
Running org.axonframework.modelling.saga.repository.CachingSagaStoreTest
2022-07-14 17:21:00,324 [main] WARN  ConfigurationFactory            - No configuration found. Configuring ehcache from ehcache-failsafe.xml  found in the classpath: jar:file:/home/user/.m2/repository/net/sf/ehcache/ehcache/2.8.1/ehcache-2.8.1.jar!/ehcache-failsafe.xml
2022-07-14 17:21:00,479 [main] WARN  ConfigurationFactory            - No configuration found. Configuring ehcache from ehcache-failsafe.xml  found in the classpath: jar:file:/home/user/.m2/repository/net/sf/ehcache/ehcache/2.8.1/ehcache-2.8.1.jar!/ehcache-failsafe.xml
2022-07-14 17:21:00,495 [main] WARN  ConfigurationFactory            - No configuration found. Configuring ehcache from ehcache-failsafe.xml  found in the classpath: jar:file:/home/user/.m2/repository/net/sf/ehcache/ehcache/2.8.1/ehcache-2.8.1.jar!/ehcache-failsafe.xml
2022-07-14 17:21:00,508 [main] WARN  ConfigurationFactory            - No configuration found. Configuring ehcache from ehcache-failsafe.xml  found in the classpath: jar:file:/home/user/.m2/repository/net/sf/ehcache/ehcache/2.8.1/ehcache-2.8.1.jar!/ehcache-failsafe.xml
2022-07-14 17:21:00,526 [main] WARN  ConfigurationFactory            - No configuration found. Configuring ehcache from ehcache-failsafe.xml  found in the classpath: jar:file:/home/user/.m2/repository/net/sf/ehcache/ehcache/2.8.1/ehcache-2.8.1.jar!/ehcache-failsafe.xml
Tests run: 5, Failures: 0, Errors: 0, Skipped: 0, Time elapsed: 0.285 sec - in org.axonframework.modelling.saga.repository.CachingSagaStoreTest
Running org.axonframework.modelling.saga.repository.AssociationValueMapTest
Tests run: 3, Failures: 0, Errors: 0, Skipped: 0, Time elapsed: 0.095 sec - in org.axonframework.modelling.saga.repository.AssociationValueMapTest
Running org.axonframework.modelling.saga.AssociationValuesImplTest
Tests run: 8, Failures: 0, Errors: 0, Skipped: 0, Time elapsed: 0.001 sec - in org.axonframework.modelling.saga.AssociationValuesImplTest
Running org.axonframework.modelling.saga.AnnotatedSagaManagerTest
Tests run: 11, Failures: 0, Errors: 0, Skipped: 0, Time elapsed: 0.073 sec - in org.axonframework.modelling.saga.AnnotatedSagaManagerTest

Results :

Tests run: 139, Failures: 0, Errors: 0, Skipped: 0

[INFO] 
[INFO] ----------------< org.axonframework:axon-eventsourcing >----------------
[INFO] Building Axon Event Sourcing 4.0.1-SNAPSHOT                       [4/14]
[INFO] -------------------------------[ bundle ]-------------------------------
[INFO] 
[INFO] --- maven-enforcer-plugin:1.4.1:enforce (enforce-banned-dependencies) @ axon-eventsourcing ---
[INFO] Skipping Rule Enforcement.
[INFO] 
[INFO] --- maven-resources-plugin:3.0.2:resources (default-resources) @ axon-eventsourcing ---
[INFO] Using 'UTF-8' encoding to copy filtered resources.
[INFO] Copying 2 resources
[INFO] 
[INFO] --- maven-compiler-plugin:3.5.1:compile (default-compile) @ axon-eventsourcing ---
[INFO] Changes detected - recompiling the module!
[INFO] Compiling 61 source files to /data-depot/user/Workspace/Reproducibility/Reproducibility-Scanner/reproducer/workspace/Bears-200/eventsourcing/target/classes
[INFO] 
[INFO] --- maven-bundle-plugin:3.3.0:manifest (default) @ axon-eventsourcing ---
[INFO] 
[INFO] --- maven-resources-plugin:3.0.2:testResources (default-testResources) @ axon-eventsourcing ---
[INFO] Using 'UTF-8' encoding to copy filtered resources.
[INFO] Copying 6 resources
[INFO] 
[INFO] --- maven-compiler-plugin:3.5.1:testCompile (default-testCompile) @ axon-eventsourcing ---
[INFO] Nothing to compile - all classes are up to date
[INFO] 
[INFO] --- maven-surefire-plugin:2.19.1:test (default-test) @ axon-eventsourcing ---

-------------------------------------------------------
 T E S T S
-------------------------------------------------------
Running org.axonframework.eventsourcing.eventstore.jpa.DomainEventEntryTest
Tests run: 1, Failures: 0, Errors: 0, Skipped: 0, Time elapsed: 0.359 sec - in org.axonframework.eventsourcing.eventstore.jpa.DomainEventEntryTest
Running org.axonframework.eventsourcing.eventstore.jpa.SQLStateResolverTest
Tests run: 4, Failures: 0, Errors: 0, Skipped: 0, Time elapsed: 0.011 sec - in org.axonframework.eventsourcing.eventstore.jpa.SQLStateResolverTest
Running org.axonframework.eventsourcing.eventstore.jpa.SQLErrorCodesResolverTest
Tests run: 12, Failures: 0, Errors: 0, Skipped: 0, Time elapsed: 0.899 sec - in org.axonframework.eventsourcing.eventstore.jpa.SQLErrorCodesResolverTest
Running org.axonframework.eventsourcing.eventstore.jpa.JpaEventStorageEngineTest
Tests run: 27, Failures: 0, Errors: 0, Skipped: 0, Time elapsed: 4.71 sec - in org.axonframework.eventsourcing.eventstore.jpa.JpaEventStorageEngineTest
Running org.axonframework.eventsourcing.eventstore.jdbc.JdbcEventStorageEngineTest
Tests run: 27, Failures: 0, Errors: 0, Skipped: 0, Time elapsed: 0.412 sec - in org.axonframework.eventsourcing.eventstore.jdbc.JdbcEventStorageEngineTest
Running org.axonframework.eventsourcing.eventstore.jdbc.MysqlJdbcEventStorageEngineTest
Tests run: 1, Failures: 0, Errors: 0, Skipped: 1, Time elapsed: 0.116 sec - in org.axonframework.eventsourcing.eventstore.jdbc.MysqlJdbcEventStorageEngineTest
Running org.axonframework.eventsourcing.eventstore.SequenceEventStorageEngineTest
Tests run: 11, Failures: 0, Errors: 0, Skipped: 0, Time elapsed: 0.051 sec - in org.axonframework.eventsourcing.eventstore.SequenceEventStorageEngineTest
Running org.axonframework.eventsourcing.eventstore.ConcatenatingDomainEventStreamTest
Tests run: 3, Failures: 0, Errors: 0, Skipped: 0, Time elapsed: 0.001 sec - in org.axonframework.eventsourcing.eventstore.ConcatenatingDomainEventStreamTest
Running org.axonframework.eventsourcing.eventstore.FilteringDomainEventStreamTest
Tests run: 2, Failures: 0, Errors: 0, Skipped: 0, Time elapsed: 0.002 sec - in org.axonframework.eventsourcing.eventstore.FilteringDomainEventStreamTest
Running org.axonframework.eventsourcing.eventstore.EqualRevisionPredicateTest
Tests run: 5, Failures: 0, Errors: 0, Skipped: 0, Time elapsed: 0.012 sec - in org.axonframework.eventsourcing.eventstore.EqualRevisionPredicateTest
Running org.axonframework.eventsourcing.eventstore.inmemory.InMemoryEventStorageEngineTest
Tests run: 14, Failures: 0, Errors: 0, Skipped: 0, Time elapsed: 0.027 sec - in org.axonframework.eventsourcing.eventstore.inmemory.InMemoryEventStorageEngineTest
Running org.axonframework.eventsourcing.eventstore.EmbeddedEventStoreTest
Tests run: 16, Failures: 0, Errors: 0, Skipped: 0, Time elapsed: 1.105 sec - in org.axonframework.eventsourcing.eventstore.EmbeddedEventStoreTest
Running org.axonframework.eventsourcing.SpawningNewAggregateTest
Tests run: 3, Failures: 0, Errors: 0, Skipped: 0, Time elapsed: 0.172 sec - in org.axonframework.eventsourcing.SpawningNewAggregateTest
Running org.axonframework.eventsourcing.EventStreamUtilsTest
Tests run: 4, Failures: 0, Errors: 0, Skipped: 0, Time elapsed: 0.016 sec - in org.axonframework.eventsourcing.EventStreamUtilsTest
Running org.axonframework.eventsourcing.NoSnapshotTriggerDefinitionTest
Tests run: 1, Failures: 0, Errors: 0, Skipped: 0, Time elapsed: 0 sec - in org.axonframework.eventsourcing.NoSnapshotTriggerDefinitionTest
Running org.axonframework.eventsourcing.DomainEventStreamTest
Tests run: 4, Failures: 0, Errors: 0, Skipped: 0, Time elapsed: 0 sec - in org.axonframework.eventsourcing.DomainEventStreamTest
Running org.axonframework.eventsourcing.CachingEventSourcingRepositoryTest
Tests run: 3, Failures: 0, Errors: 0, Skipped: 0, Time elapsed: 0.213 sec - in org.axonframework.eventsourcing.CachingEventSourcingRepositoryTest
Running org.axonframework.eventsourcing.EventCountSnapshotTriggerDefinitionTest
Tests run: 3, Failures: 0, Errors: 0, Skipped: 0, Time elapsed: 0.017 sec - in org.axonframework.eventsourcing.EventCountSnapshotTriggerDefinitionTest
Running org.axonframework.eventsourcing.GenericAggregateFactoryTest
Tests run: 3, Failures: 0, Errors: 0, Skipped: 0, Time elapsed: 0 sec - in org.axonframework.eventsourcing.GenericAggregateFactoryTest
Running org.axonframework.eventsourcing.EventSourcingRepositoryIntegrationTest
Tests run: 1, Failures: 0, Errors: 0, Skipped: 0, Time elapsed: 0.034 sec - in org.axonframework.eventsourcing.EventSourcingRepositoryIntegrationTest
Running org.axonframework.eventsourcing.conflictresolution.ConflictsTest
Tests run: 2, Failures: 0, Errors: 0, Skipped: 0, Time elapsed: 0.005 sec - in org.axonframework.eventsourcing.conflictresolution.ConflictsTest
Running org.axonframework.eventsourcing.conflictresolution.ConflictResolutionTest
Tests run: 3, Failures: 0, Errors: 0, Skipped: 0, Time elapsed: 0.014 sec - in org.axonframework.eventsourcing.conflictresolution.ConflictResolutionTest
Running org.axonframework.eventsourcing.conflictresolution.DefaultConflictResolverTest
Tests run: 7, Failures: 0, Errors: 0, Skipped: 0, Time elapsed: 0.005 sec - in org.axonframework.eventsourcing.conflictresolution.DefaultConflictResolverTest
Running org.axonframework.eventsourcing.EventSourcingRepositoryTest
Tests run: 5, Failures: 0, Errors: 0, Skipped: 0, Time elapsed: 0.022 sec - in org.axonframework.eventsourcing.EventSourcingRepositoryTest
Running org.axonframework.eventsourcing.AggregateSnapshotterTest
Tests run: 3, Failures: 0, Errors: 0, Skipped: 0, Time elapsed: 0.018 sec - in org.axonframework.eventsourcing.AggregateSnapshotterTest
Running org.axonframework.eventsourcing.AbstractSnapshotterTest
Tests run: 5, Failures: 0, Errors: 0, Skipped: 0, Time elapsed: 0.068 sec - in org.axonframework.eventsourcing.AbstractSnapshotterTest
Running org.axonframework.eventsourcing.FilteringEventStorageEngineTest
Tests run: 6, Failures: 0, Errors: 0, Skipped: 0, Time elapsed: 0.001 sec - in org.axonframework.eventsourcing.FilteringEventStorageEngineTest
Running org.axonframework.eventsourcing.CachingRepositoryWithNestedUnitOfWorkTest
Tests run: 4, Failures: 0, Errors: 0, Skipped: 0, Time elapsed: 0.07 sec - in org.axonframework.eventsourcing.CachingRepositoryWithNestedUnitOfWorkTest

Results :

Tests run: 180, Failures: 0, Errors: 0, Skipped: 1

[INFO] 
[INFO] ------------------< org.axonframework:axon-disruptor >------------------
[INFO] Building Axon Disruptor 4.0.1-SNAPSHOT                            [5/14]
[INFO] -------------------------------[ bundle ]-------------------------------
[INFO] 
[INFO] --- maven-resources-plugin:3.0.2:resources (default-resources) @ axon-disruptor ---
[INFO] Using 'UTF-8' encoding to copy filtered resources.
[INFO] skip non existing resourceDirectory /data-depot/user/Workspace/Reproducibility/Reproducibility-Scanner/reproducer/workspace/Bears-200/disruptor/src/main/resources
[INFO] 
[INFO] --- maven-compiler-plugin:3.5.1:compile (default-compile) @ axon-disruptor ---
[INFO] Nothing to compile - all classes are up to date
[INFO] 
[INFO] --- maven-bundle-plugin:3.3.0:manifest (default) @ axon-disruptor ---
[INFO] 
[INFO] --- maven-resources-plugin:3.0.2:testResources (default-testResources) @ axon-disruptor ---
[INFO] Using 'UTF-8' encoding to copy filtered resources.
[INFO] skip non existing resourceDirectory /data-depot/user/Workspace/Reproducibility/Reproducibility-Scanner/reproducer/workspace/Bears-200/disruptor/src/test/resources
[INFO] 
[INFO] --- maven-compiler-plugin:3.5.1:testCompile (default-testCompile) @ axon-disruptor ---
[INFO] Nothing to compile - all classes are up to date
[INFO] 
[INFO] --- maven-surefire-plugin:2.19.1:test (default-test) @ axon-disruptor ---

-------------------------------------------------------
 T E S T S
-------------------------------------------------------
Running org.axonframework.disruptor.commandhandling.CommandHandlerInvokerTest
Tests run: 10, Failures: 0, Errors: 0, Skipped: 0, Time elapsed: 0.973 sec - in org.axonframework.disruptor.commandhandling.CommandHandlerInvokerTest
Running org.axonframework.disruptor.commandhandling.DisruptorCommandBusTest
Tests run: 17, Failures: 0, Errors: 0, Skipped: 0, Time elapsed: 20.102 sec - in org.axonframework.disruptor.commandhandling.DisruptorCommandBusTest
Running org.axonframework.disruptor.commandhandling.DisruptorCommandBusTest_MultiThreaded
Tests run: 1, Failures: 0, Errors: 0, Skipped: 0, Time elapsed: 1.145 sec - in org.axonframework.disruptor.commandhandling.DisruptorCommandBusTest_MultiThreaded
Running org.axonframework.disruptor.commandhandling.DisruptorCommandBusBuilderTest
Tests run: 2, Failures: 0, Errors: 0, Skipped: 0, Time elapsed: 0.001 sec - in org.axonframework.disruptor.commandhandling.DisruptorCommandBusBuilderTest
Running org.axonframework.disruptor.commandhandling.DisruptorRepositoryTest
Tests run: 1, Failures: 0, Errors: 0, Skipped: 0, Time elapsed: 0.024 sec - in org.axonframework.disruptor.commandhandling.DisruptorRepositoryTest

Results :

Tests run: 31, Failures: 0, Errors: 0, Skipped: 0

[INFO] 
[INFO] ----------------< org.axonframework:axon-configuration >----------------
[INFO] Building Axon Configuration 4.0.1-SNAPSHOT                        [6/14]
[INFO] -------------------------------[ bundle ]-------------------------------
[INFO] 
[INFO] --- maven-enforcer-plugin:1.4.1:enforce (enforce-banned-dependencies) @ axon-configuration ---
[INFO] Skipping Rule Enforcement.
[INFO] 
[INFO] --- maven-resources-plugin:3.0.2:resources (default-resources) @ axon-configuration ---
[INFO] Using 'UTF-8' encoding to copy filtered resources.
[INFO] skip non existing resourceDirectory /data-depot/user/Workspace/Reproducibility/Reproducibility-Scanner/reproducer/workspace/Bears-200/config/src/main/resources
[INFO] 
[INFO] --- maven-compiler-plugin:3.5.1:compile (default-compile) @ axon-configuration ---
[INFO] Nothing to compile - all classes are up to date
[INFO] 
[INFO] --- maven-bundle-plugin:3.3.0:manifest (default) @ axon-configuration ---
[WARNING] Manifest org.axonframework:axon-configuration:bundle:4.0.1-SNAPSHOT : Unused Import-Package instructions: [org.slf4j.*] 
[INFO] 
[INFO] --- maven-resources-plugin:3.0.2:testResources (default-testResources) @ axon-configuration ---
[INFO] Using 'UTF-8' encoding to copy filtered resources.
[INFO] Copying 1 resource
[INFO] 
[INFO] --- maven-compiler-plugin:3.5.1:testCompile (default-testCompile) @ axon-configuration ---
[INFO] Nothing to compile - all classes are up to date
[INFO] 
[INFO] --- maven-surefire-plugin:2.19.1:test (default-test) @ axon-configuration ---

-------------------------------------------------------
 T E S T S
-------------------------------------------------------
Running org.axonframework.config.ConfigurationParameterResolverFactoryTest
Tests run: 2, Failures: 0, Errors: 0, Skipped: 0, Time elapsed: 0.683 sec - in org.axonframework.config.ConfigurationParameterResolverFactoryTest
Running org.axonframework.config.MessageMonitorFactoryBuilderTest
Tests run: 3, Failures: 0, Errors: 0, Skipped: 0, Time elapsed: 0.018 sec - in org.axonframework.config.MessageMonitorFactoryBuilderTest
Running org.axonframework.config.ConfigurationScopeAwareProviderTest
Tests run: 4, Failures: 0, Errors: 0, Skipped: 0, Time elapsed: 0.384 sec - in org.axonframework.config.ConfigurationScopeAwareProviderTest
Running org.axonframework.config.ConfigurationResourceInjectorTest
Tests run: 1, Failures: 0, Errors: 0, Skipped: 0, Time elapsed: 0.035 sec - in org.axonframework.config.ConfigurationResourceInjectorTest
Running org.axonframework.config.SagaConfigurerTest
Tests run: 3, Failures: 0, Errors: 0, Skipped: 0, Time elapsed: 0.09 sec - in org.axonframework.config.SagaConfigurerTest
Running org.axonframework.config.EventProcessingModuleTest
Tests run: 13, Failures: 0, Errors: 0, Skipped: 0, Time elapsed: 2.159 sec - in org.axonframework.config.EventProcessingModuleTest
Running org.axonframework.config.DefaultConfigurerTest
Tests run: 13, Failures: 0, Errors: 0, Skipped: 0, Time elapsed: 3.136 sec - in org.axonframework.config.DefaultConfigurerTest
Running org.axonframework.config.SingleEventProcessorAssigningToMultipleInvokersTest
Tests run: 5, Failures: 0, Errors: 0, Skipped: 0, Time elapsed: 0.014 sec - in org.axonframework.config.SingleEventProcessorAssigningToMultipleInvokersTest

Results :

Tests run: 44, Failures: 0, Errors: 0, Skipped: 0

[INFO] 
[INFO] --------------------< org.axonframework:axon-test >---------------------
[INFO] Building Axon Framework Test Fixtures 4.0.1-SNAPSHOT              [7/14]
[INFO] --------------------------------[ jar ]---------------------------------
[INFO] 
[INFO] --- maven-enforcer-plugin:1.4.1:enforce (enforce-banned-dependencies) @ axon-test ---
[INFO] Skipping Rule Enforcement.
[INFO] 
[INFO] --- maven-resources-plugin:3.0.2:resources (default-resources) @ axon-test ---
[INFO] Using 'UTF-8' encoding to copy filtered resources.
[INFO] Copying 1 resource
[INFO] 
[INFO] --- maven-compiler-plugin:3.5.1:compile (default-compile) @ axon-test ---
[INFO] Changes detected - recompiling the module!
[INFO] Compiling 59 source files to /data-depot/user/Workspace/Reproducibility/Reproducibility-Scanner/reproducer/workspace/Bears-200/test/target/classes
[INFO] /data-depot/user/Workspace/Reproducibility/Reproducibility-Scanner/reproducer/workspace/Bears-200/test/src/main/java/org/axonframework/test/matchers/MapEntryMatcher.java: /data-depot/user/Workspace/Reproducibility/Reproducibility-Scanner/reproducer/workspace/Bears-200/test/src/main/java/org/axonframework/test/matchers/MapEntryMatcher.java uses unchecked or unsafe operations.
[INFO] /data-depot/user/Workspace/Reproducibility/Reproducibility-Scanner/reproducer/workspace/Bears-200/test/src/main/java/org/axonframework/test/matchers/MapEntryMatcher.java: Recompile with -Xlint:unchecked for details.
[INFO] 
[INFO] --- maven-resources-plugin:3.0.2:testResources (default-testResources) @ axon-test ---
[INFO] Using 'UTF-8' encoding to copy filtered resources.
[INFO] Copying 1 resource
[INFO] 
[INFO] --- maven-compiler-plugin:3.5.1:testCompile (default-testCompile) @ axon-test ---
[INFO] Nothing to compile - all classes are up to date
[INFO] 
[INFO] --- maven-surefire-plugin:2.19.1:test (default-test) @ axon-test ---

-------------------------------------------------------
 T E S T S
-------------------------------------------------------
Running org.axonframework.test.aggregate.StubAggregateLifecycleRuleTest
Tests run: 2, Failures: 0, Errors: 0, Skipped: 0, Time elapsed: 0.181 sec - in org.axonframework.test.aggregate.StubAggregateLifecycleRuleTest
Running org.axonframework.test.aggregate.FixtureTest_ExceptionHandling
Tests run: 8, Failures: 0, Errors: 0, Skipped: 0, Time elapsed: 0.184 sec - in org.axonframework.test.aggregate.FixtureTest_ExceptionHandling
Running org.axonframework.test.aggregate.FixtureTest_Hierarchy
Tests run: 1, Failures: 0, Errors: 0, Skipped: 0, Time elapsed: 0.005 sec - in org.axonframework.test.aggregate.FixtureTest_Hierarchy
Running org.axonframework.test.aggregate.FixtureTest_StateStorage
Tests run: 3, Failures: 0, Errors: 0, Skipped: 0, Time elapsed: 0.021 sec - in org.axonframework.test.aggregate.FixtureTest_StateStorage
Running org.axonframework.test.aggregate.AggregateDeadlineSchedulingTest
Tests run: 7, Failures: 0, Errors: 0, Skipped: 0, Time elapsed: 0.045 sec - in org.axonframework.test.aggregate.AggregateDeadlineSchedulingTest
Running org.axonframework.test.aggregate.FixtureTest_Generic
Tests run: 10, Failures: 0, Errors: 0, Skipped: 0, Time elapsed: 0.495 sec - in org.axonframework.test.aggregate.FixtureTest_Generic
Running org.axonframework.test.aggregate.StubAggregateLifecycleTest
Tests run: 4, Failures: 0, Errors: 0, Skipped: 0, Time elapsed: 0 sec - in org.axonframework.test.aggregate.StubAggregateLifecycleTest
Running org.axonframework.test.aggregate.FixtureTest_MatcherParams
Tests run: 11, Failures: 0, Errors: 0, Skipped: 0, Time elapsed: 0.1 sec - in org.axonframework.test.aggregate.FixtureTest_MatcherParams
Running org.axonframework.test.aggregate.FixtureTest_Resources
Tests run: 4, Failures: 0, Errors: 0, Skipped: 0, Time elapsed: 0.034 sec - in org.axonframework.test.aggregate.FixtureTest_Resources
Running org.axonframework.test.aggregate.FixtureTest_Annotated
Tests run: 15, Failures: 0, Errors: 0, Skipped: 0, Time elapsed: 0.06 sec - in org.axonframework.test.aggregate.FixtureTest_Annotated
Running org.axonframework.test.aggregate.FixtureTest_RegularParams
Tests run: 24, Failures: 0, Errors: 0, Skipped: 0, Time elapsed: 0.096 sec - in org.axonframework.test.aggregate.FixtureTest_RegularParams
Running org.axonframework.test.aggregate.FixtureTest_SpawningNewAggregate
Tests run: 2, Failures: 0, Errors: 0, Skipped: 0, Time elapsed: 0.093 sec - in org.axonframework.test.aggregate.FixtureTest_SpawningNewAggregate
Running org.axonframework.test.aggregate.ResultValidatorImplTest
Tests run: 3, Failures: 0, Errors: 0, Skipped: 0, Time elapsed: 0.002 sec - in org.axonframework.test.aggregate.ResultValidatorImplTest
Running org.axonframework.test.aggregate.FixtureTest_CommandInterceptors
Tests run: 7, Failures: 0, Errors: 0, Skipped: 0, Time elapsed: 0.083 sec - in org.axonframework.test.aggregate.FixtureTest_CommandInterceptors
Running org.axonframework.test.eventscheduler.StubEventSchedulerTest
Tests run: 3, Failures: 0, Errors: 0, Skipped: 0, Time elapsed: 0.006 sec - in org.axonframework.test.eventscheduler.StubEventSchedulerTest
Running org.axonframework.test.matchers.ListWithAllOfMatcherTest
Tests run: 5, Failures: 0, Errors: 0, Skipped: 0, Time elapsed: 0.029 sec - in org.axonframework.test.matchers.ListWithAllOfMatcherTest
Running org.axonframework.test.matchers.MatchAllFieldFilterTest
Tests run: 3, Failures: 0, Errors: 0, Skipped: 0, Time elapsed: 0 sec - in org.axonframework.test.matchers.MatchAllFieldFilterTest
Running org.axonframework.test.matchers.NonStaticFieldsFilterTest
Tests run: 2, Failures: 0, Errors: 0, Skipped: 0, Time elapsed: 0 sec - in org.axonframework.test.matchers.NonStaticFieldsFilterTest
Running org.axonframework.test.matchers.EqualFieldsMatcherTest
Tests run: 9, Failures: 0, Errors: 0, Skipped: 0, Time elapsed: 0 sec - in org.axonframework.test.matchers.EqualFieldsMatcherTest
Running org.axonframework.test.matchers.MapEntryMatcherTest
Tests run: 10, Failures: 0, Errors: 0, Skipped: 0, Time elapsed: 0.005 sec - in org.axonframework.test.matchers.MapEntryMatcherTest
Running org.axonframework.test.matchers.ListWithAnyOfMatcherTest
Tests run: 6, Failures: 0, Errors: 0, Skipped: 0, Time elapsed: 0.008 sec - in org.axonframework.test.matchers.ListWithAnyOfMatcherTest
Running org.axonframework.test.matchers.NullOrVoidMatcherTest
Tests run: 1, Failures: 0, Errors: 0, Skipped: 0, Time elapsed: 0 sec - in org.axonframework.test.matchers.NullOrVoidMatcherTest
Running org.axonframework.test.matchers.NonTransientFieldsFilterTest
Tests run: 2, Failures: 0, Errors: 0, Skipped: 0, Time elapsed: 0 sec - in org.axonframework.test.matchers.NonTransientFieldsFilterTest
Running org.axonframework.test.matchers.IgnoreFieldTest
Tests run: 3, Failures: 0, Errors: 0, Skipped: 0, Time elapsed: 0 sec - in org.axonframework.test.matchers.IgnoreFieldTest
Running org.axonframework.test.matchers.ExactSequenceOfEventsMatcherTest
Tests run: 8, Failures: 0, Errors: 0, Skipped: 0, Time elapsed: 0.009 sec - in org.axonframework.test.matchers.ExactSequenceOfEventsMatcherTest
Running org.axonframework.test.matchers.SequenceOfEventsMatcherTest
Tests run: 6, Failures: 0, Errors: 0, Skipped: 0, Time elapsed: 0.007 sec - in org.axonframework.test.matchers.SequenceOfEventsMatcherTest
Running org.axonframework.test.saga.FixtureExecutionResultImplTest
Tests run: 30, Failures: 0, Errors: 0, Skipped: 0, Time elapsed: 0.031 sec - in org.axonframework.test.saga.FixtureExecutionResultImplTest
Running org.axonframework.test.saga.CommandValidatorTest
Tests run: 3, Failures: 0, Errors: 0, Skipped: 0, Time elapsed: 0.061 sec - in org.axonframework.test.saga.CommandValidatorTest
Running org.axonframework.test.saga.SagaDeadlineSchedulingTest
Tests run: 7, Failures: 0, Errors: 0, Skipped: 0, Time elapsed: 0.074 sec - in org.axonframework.test.saga.SagaDeadlineSchedulingTest
Running org.axonframework.test.saga.AnnotatedSagaTest
Tests run: 18, Failures: 0, Errors: 0, Skipped: 0, Time elapsed: 0.128 sec - in org.axonframework.test.saga.AnnotatedSagaTest
Running org.axonframework.test.saga.EventValidatorTest
Tests run: 4, Failures: 0, Errors: 0, Skipped: 0, Time elapsed: 0 sec - in org.axonframework.test.saga.EventValidatorTest
Running org.axonframework.test.utils.RecordingCommandBusTest
Tests run: 3, Failures: 0, Errors: 0, Skipped: 0, Time elapsed: 0.002 sec - in org.axonframework.test.utils.RecordingCommandBusTest
Running org.axonframework.test.deadline.StubDeadlineManagerTest
Tests run: 1, Failures: 0, Errors: 0, Skipped: 0, Time elapsed: 0.003 sec - in org.axonframework.test.deadline.StubDeadlineManagerTest

Results :

Tests run: 225, Failures: 0, Errors: 0, Skipped: 0

[INFO] 
[INFO] --------------< org.axonframework:axon-server-connector >---------------
[INFO] Building Axon Framework Connector for AxonServer 4.0.1-SNAPSHOT   [8/14]
[INFO] --------------------------------[ jar ]---------------------------------
[INFO] 
[INFO] --- maven-dependency-plugin:2.8:unpack (unpack) @ axon-server-connector ---
[INFO] Configured Artifact: io.axoniq:axon-server-api:?:jar
[INFO] axon-server-api-4.0.jar already unpacked.
[INFO] 
[INFO] --- protobuf-maven-plugin:0.5.0:compile (default) @ axon-server-connector ---
[INFO] Compiling 5 proto file(s) to /data-depot/user/Workspace/Reproducibility/Reproducibility-Scanner/reproducer/workspace/Bears-200/axon-server-connector/target/generated-sources/protobuf/java
[INFO] 
[INFO] --- protobuf-maven-plugin:0.5.0:compile-custom (default) @ axon-server-connector ---
[INFO] Compiling 5 proto file(s) to /data-depot/user/Workspace/Reproducibility/Reproducibility-Scanner/reproducer/workspace/Bears-200/axon-server-connector/target/generated-sources/protobuf/grpc-java
[INFO] 
[INFO] --- maven-resources-plugin:3.0.2:resources (default-resources) @ axon-server-connector ---
[INFO] Using 'UTF-8' encoding to copy filtered resources.
[INFO] Copying 3 resources
[INFO] Copying 5 resources
[INFO] Copying 5 resources
[INFO] 
[INFO] --- maven-compiler-plugin:3.5.1:compile (default-compile) @ axon-server-connector ---
[INFO] Changes detected - recompiling the module!
[INFO] Compiling 179 source files to /data-depot/user/Workspace/Reproducibility/Reproducibility-Scanner/reproducer/workspace/Bears-200/axon-server-connector/target/classes
[INFO] /data-depot/user/Workspace/Reproducibility/Reproducibility-Scanner/reproducer/workspace/Bears-200/axon-server-connector/target/generated-sources/protobuf/java/io/axoniq/axonserver/grpc/ProcessingInstruction.java: Some input files use or override a deprecated API.
[INFO] /data-depot/user/Workspace/Reproducibility/Reproducibility-Scanner/reproducer/workspace/Bears-200/axon-server-connector/target/generated-sources/protobuf/java/io/axoniq/axonserver/grpc/ProcessingInstruction.java: Recompile with -Xlint:deprecation for details.
[INFO] /data-depot/user/Workspace/Reproducibility/Reproducibility-Scanner/reproducer/workspace/Bears-200/axon-server-connector/src/main/java/org/axonframework/axonserver/connector/event/util/EventCipher.java: Some input files use unchecked or unsafe operations.
[INFO] /data-depot/user/Workspace/Reproducibility/Reproducibility-Scanner/reproducer/workspace/Bears-200/axon-server-connector/src/main/java/org/axonframework/axonserver/connector/event/util/EventCipher.java: Recompile with -Xlint:unchecked for details.
[INFO] 
[INFO] --- maven-resources-plugin:3.0.2:testResources (default-testResources) @ axon-server-connector ---
[INFO] Using 'UTF-8' encoding to copy filtered resources.
[INFO] Copying 1 resource
[INFO] 
[INFO] --- maven-compiler-plugin:3.5.1:testCompile (default-testCompile) @ axon-server-connector ---
[INFO] Nothing to compile - all classes are up to date
[INFO] 
[INFO] --- maven-surefire-plugin:2.19.1:test (default-test) @ axon-server-connector ---

-------------------------------------------------------
 T E S T S
-------------------------------------------------------
Running org.axonframework.axonserver.connector.ServerConnectorConfigurerModuleTest
2022-07-14 17:21:50,420 [main] INFO  - main       - ChainingConverter          - ContentTypeConverter of type [class org.axonframework.serialization.xml.Dom4JToByteArrayConverter] is ignored. It seems to rely on a class that is not available in the class loader: org/dom4j/Document
2022-07-14 17:21:50,421 [main] INFO  - main       - ChainingConverter          - ContentTypeConverter of type [class org.axonframework.serialization.xml.InputStreamToDom4jConverter] is ignored. It seems to rely on a class that is not available in the class loader: org/dom4j/Document
2022-07-14 17:21:50,422 [main] INFO  - main       - ChainingConverter          - ContentTypeConverter of type [class org.axonframework.serialization.xml.XomToStringConverter] is ignored. It seems to rely on a class that is not available in the class loader: nu/xom/Document
2022-07-14 17:21:50,422 [main] INFO  - main       - ChainingConverter          - ContentTypeConverter of type [class org.axonframework.serialization.xml.InputStreamToXomConverter] is ignored. It seems to rely on a class that is not available in the class loader: nu/xom/ParsingException
2022-07-14 17:21:50,429 [main] INFO  - main       - ChainingConverter          - ContentTypeConverter of type [class org.axonframework.serialization.xml.Dom4JToByteArrayConverter] is ignored. It seems to rely on a class that is not available in the class loader: org/dom4j/Document
2022-07-14 17:21:50,429 [main] INFO  - main       - ChainingConverter          - ContentTypeConverter of type [class org.axonframework.serialization.xml.InputStreamToDom4jConverter] is ignored. It seems to rely on a class that is not available in the class loader: org/dom4j/Document
2022-07-14 17:21:50,429 [main] INFO  - main       - ChainingConverter          - ContentTypeConverter of type [class org.axonframework.serialization.xml.XomToStringConverter] is ignored. It seems to rely on a class that is not available in the class loader: nu/xom/Document
2022-07-14 17:21:50,429 [main] INFO  - main       - ChainingConverter          - ContentTypeConverter of type [class org.axonframework.serialization.xml.InputStreamToXomConverter] is ignored. It seems to rely on a class that is not available in the class loader: nu/xom/ParsingException
2022-07-14 17:21:50,448 [main] INFO  - main       - ChainingConverter          - ContentTypeConverter of type [class org.axonframework.serialization.xml.Dom4JToByteArrayConverter] is ignored. It seems to rely on a class that is not available in the class loader: org/dom4j/Document
2022-07-14 17:21:50,448 [main] INFO  - main       - ChainingConverter          - ContentTypeConverter of type [class org.axonframework.serialization.xml.InputStreamToDom4jConverter] is ignored. It seems to rely on a class that is not available in the class loader: org/dom4j/Document
2022-07-14 17:21:50,448 [main] INFO  - main       - ChainingConverter          - ContentTypeConverter of type [class org.axonframework.serialization.xml.XomToStringConverter] is ignored. It seems to rely on a class that is not available in the class loader: nu/xom/Document
2022-07-14 17:21:50,448 [main] INFO  - main       - ChainingConverter          - ContentTypeConverter of type [class org.axonframework.serialization.xml.InputStreamToXomConverter] is ignored. It seems to rely on a class that is not available in the class loader: nu/xom/ParsingException
2022-07-14 17:21:50,472 [main] INFO  - main       - ChainingConverter          - ContentTypeConverter of type [class org.axonframework.serialization.xml.Dom4JToByteArrayConverter] is ignored. It seems to rely on a class that is not available in the class loader: org/dom4j/Document
2022-07-14 17:21:50,472 [main] INFO  - main       - ChainingConverter          - ContentTypeConverter of type [class org.axonframework.serialization.xml.InputStreamToDom4jConverter] is ignored. It seems to rely on a class that is not available in the class loader: org/dom4j/Document
2022-07-14 17:21:50,472 [main] INFO  - main       - ChainingConverter          - ContentTypeConverter of type [class org.axonframework.serialization.xml.XomToStringConverter] is ignored. It seems to rely on a class that is not available in the class loader: nu/xom/Document
2022-07-14 17:21:50,472 [main] INFO  - main       - ChainingConverter          - ContentTypeConverter of type [class org.axonframework.serialization.xml.InputStreamToXomConverter] is ignored. It seems to rely on a class that is not available in the class loader: nu/xom/ParsingException
2022-07-14 17:21:50,477 [main] INFO  - main       - ChainingConverter          - ContentTypeConverter of type [class org.axonframework.serialization.xml.Dom4JToByteArrayConverter] is ignored. It seems to rely on a class that is not available in the class loader: org/dom4j/Document
2022-07-14 17:21:50,477 [main] INFO  - main       - ChainingConverter          - ContentTypeConverter of type [class org.axonframework.serialization.xml.InputStreamToDom4jConverter] is ignored. It seems to rely on a class that is not available in the class loader: org/dom4j/Document
2022-07-14 17:21:50,477 [main] INFO  - main       - ChainingConverter          - ContentTypeConverter of type [class org.axonframework.serialization.xml.XomToStringConverter] is ignored. It seems to rely on a class that is not available in the class loader: nu/xom/Document
2022-07-14 17:21:50,477 [main] INFO  - main       - ChainingConverter          - ContentTypeConverter of type [class org.axonframework.serialization.xml.InputStreamToXomConverter] is ignored. It seems to rely on a class that is not available in the class loader: nu/xom/ParsingException
Tests run: 1, Failures: 0, Errors: 0, Skipped: 0, Time elapsed: 0.509 sec - in org.axonframework.axonserver.connector.ServerConnectorConfigurerModuleTest
Running org.axonframework.axonserver.connector.event.axon.ErrorCodeTest
Tests run: 3, Failures: 0, Errors: 1, Skipped: 0, Time elapsed: 0.033 sec <<< FAILURE! - in org.axonframework.axonserver.connector.event.axon.ErrorCodeTest
testConvertWithoutSource(org.axonframework.axonserver.connector.event.axon.ErrorCodeTest)  Time elapsed: 0.006 sec  <<< ERROR!
java.lang.NullPointerException
	at org.axonframework.axonserver.connector.event.axon.ErrorCodeTest.testConvertWithoutSource(ErrorCodeTest.java:56)

Running org.axonframework.axonserver.connector.event.axon.EventBufferTest
2022-07-14 17:21:51,061 [main] INFO  - main       - ChainingConverter          - ContentTypeConverter of type [class org.axonframework.serialization.xml.Dom4JToByteArrayConverter] is ignored. It seems to rely on a class that is not available in the class loader: org/dom4j/Document
2022-07-14 17:21:51,062 [main] INFO  - main       - ChainingConverter          - ContentTypeConverter of type [class org.axonframework.serialization.xml.InputStreamToDom4jConverter] is ignored. It seems to rely on a class that is not available in the class loader: org/dom4j/Document
2022-07-14 17:21:51,062 [main] INFO  - main       - ChainingConverter          - ContentTypeConverter of type [class org.axonframework.serialization.xml.XomToStringConverter] is ignored. It seems to rely on a class that is not available in the class loader: nu/xom/Document
2022-07-14 17:21:51,062 [main] INFO  - main       - ChainingConverter          - ContentTypeConverter of type [class org.axonframework.serialization.xml.InputStreamToXomConverter] is ignored. It seems to rely on a class that is not available in the class loader: nu/xom/ParsingException
2022-07-14 17:21:51,185 [main] INFO  - main       - ChainingConverter          - ContentTypeConverter of type [class org.axonframework.serialization.xml.Dom4JToByteArrayConverter] is ignored. It seems to rely on a class that is not available in the class loader: org/dom4j/Document
2022-07-14 17:21:51,186 [main] INFO  - main       - ChainingConverter          - ContentTypeConverter of type [class org.axonframework.serialization.xml.InputStreamToDom4jConverter] is ignored. It seems to rely on a class that is not available in the class loader: org/dom4j/Document
2022-07-14 17:21:51,186 [main] INFO  - main       - ChainingConverter          - ContentTypeConverter of type [class org.axonframework.serialization.xml.XomToStringConverter] is ignored. It seems to rely on a class that is not available in the class loader: nu/xom/Document
2022-07-14 17:21:51,186 [main] INFO  - main       - ChainingConverter          - ContentTypeConverter of type [class org.axonframework.serialization.xml.InputStreamToXomConverter] is ignored. It seems to rely on a class that is not available in the class loader: nu/xom/ParsingException
Tests run: 2, Failures: 0, Errors: 0, Skipped: 0, Time elapsed: 0.648 sec - in org.axonframework.axonserver.connector.event.axon.EventBufferTest
Running org.axonframework.axonserver.connector.event.axon.AxonServerEventStoreTest
2022-07-14 17:21:51,688 [main] INFO  - main       - ChainingConverter          - ContentTypeConverter of type [class org.axonframework.serialization.xml.Dom4JToByteArrayConverter] is ignored. It seems to rely on a class that is not available in the class loader: org/dom4j/Document
2022-07-14 17:21:51,688 [main] INFO  - main       - ChainingConverter          - ContentTypeConverter of type [class org.axonframework.serialization.xml.InputStreamToDom4jConverter] is ignored. It seems to rely on a class that is not available in the class loader: org/dom4j/Document
2022-07-14 17:21:51,688 [main] INFO  - main       - ChainingConverter          - ContentTypeConverter of type [class org.axonframework.serialization.xml.XomToStringConverter] is ignored. It seems to rely on a class that is not available in the class loader: nu/xom/Document
2022-07-14 17:21:51,689 [main] INFO  - main       - ChainingConverter          - ContentTypeConverter of type [class org.axonframework.serialization.xml.InputStreamToXomConverter] is ignored. It seems to rely on a class that is not available in the class loader: nu/xom/ParsingException
2022-07-14 17:21:51,692 [main] INFO  - main       - ChainingConverter          - ContentTypeConverter of type [class org.axonframework.serialization.xml.Dom4JToByteArrayConverter] is ignored. It seems to rely on a class that is not available in the class loader: org/dom4j/Document
2022-07-14 17:21:51,692 [main] INFO  - main       - ChainingConverter          - ContentTypeConverter of type [class org.axonframework.serialization.xml.InputStreamToDom4jConverter] is ignored. It seems to rely on a class that is not available in the class loader: org/dom4j/Document
2022-07-14 17:21:51,692 [main] INFO  - main       - ChainingConverter          - ContentTypeConverter of type [class org.axonframework.serialization.xml.XomToStringConverter] is ignored. It seems to rely on a class that is not available in the class loader: nu/xom/Document
2022-07-14 17:21:51,692 [main] INFO  - main       - ChainingConverter          - ContentTypeConverter of type [class org.axonframework.serialization.xml.InputStreamToXomConverter] is ignored. It seems to rely on a class that is not available in the class loader: nu/xom/ParsingException
2022-07-14 17:21:51,694 [main] INFO  - main       - ChainingConverter          - ContentTypeConverter of type [class org.axonframework.serialization.xml.Dom4JToByteArrayConverter] is ignored. It seems to rely on a class that is not available in the class loader: org/dom4j/Document
2022-07-14 17:21:51,695 [main] INFO  - main       - ChainingConverter          - ContentTypeConverter of type [class org.axonframework.serialization.xml.InputStreamToDom4jConverter] is ignored. It seems to rely on a class that is not available in the class loader: org/dom4j/Document
2022-07-14 17:21:51,695 [main] INFO  - main       - ChainingConverter          - ContentTypeConverter of type [class org.axonframework.serialization.xml.XomToStringConverter] is ignored. It seems to rely on a class that is not available in the class loader: nu/xom/Document
2022-07-14 17:21:51,695 [main] INFO  - main       - ChainingConverter          - ContentTypeConverter of type [class org.axonframework.serialization.xml.InputStreamToXomConverter] is ignored. It seems to rely on a class that is not available in the class loader: nu/xom/ParsingException
2022-07-14 17:21:51,698 [main] INFO  - main       - ChainingConverter          - ContentTypeConverter of type [class org.axonframework.serialization.xml.Dom4JToByteArrayConverter] is ignored. It seems to rely on a class that is not available in the class loader: org/dom4j/Document
2022-07-14 17:21:51,698 [main] INFO  - main       - ChainingConverter          - ContentTypeConverter of type [class org.axonframework.serialization.xml.InputStreamToDom4jConverter] is ignored. It seems to rely on a class that is not available in the class loader: org/dom4j/Document
2022-07-14 17:21:51,698 [main] INFO  - main       - ChainingConverter          - ContentTypeConverter of type [class org.axonframework.serialization.xml.XomToStringConverter] is ignored. It seems to rely on a class that is not available in the class loader: nu/xom/Document
2022-07-14 17:21:51,698 [main] INFO  - main       - ChainingConverter          - ContentTypeConverter of type [class org.axonframework.serialization.xml.InputStreamToXomConverter] is ignored. It seems to rely on a class that is not available in the class loader: nu/xom/ParsingException
2022-07-14 17:21:51,705 [main] INFO  - main       - xonServerConnectionManager - Connecting using unencrypted connection...
2022-07-14 17:21:52,050 [main] INFO  - main       - xonServerConnectionManager - Re-subscribing commands and queries
2022-07-14 17:21:53,068 [main] INFO  - main       - ChainingConverter          - ContentTypeConverter of type [class org.axonframework.serialization.xml.Dom4JToByteArrayConverter] is ignored. It seems to rely on a class that is not available in the class loader: org/dom4j/Document
2022-07-14 17:21:53,068 [main] INFO  - main       - ChainingConverter          - ContentTypeConverter of type [class org.axonframework.serialization.xml.InputStreamToDom4jConverter] is ignored. It seems to rely on a class that is not available in the class loader: org/dom4j/Document
2022-07-14 17:21:53,069 [main] INFO  - main       - ChainingConverter          - ContentTypeConverter of type [class org.axonframework.serialization.xml.XomToStringConverter] is ignored. It seems to rely on a class that is not available in the class loader: nu/xom/Document
2022-07-14 17:21:53,069 [main] INFO  - main       - ChainingConverter          - ContentTypeConverter of type [class org.axonframework.serialization.xml.InputStreamToXomConverter] is ignored. It seems to rely on a class that is not available in the class loader: nu/xom/ParsingException
2022-07-14 17:21:53,072 [main] INFO  - main       - ChainingConverter          - ContentTypeConverter of type [class org.axonframework.serialization.xml.Dom4JToByteArrayConverter] is ignored. It seems to rely on a class that is not available in the class loader: org/dom4j/Document
2022-07-14 17:21:53,072 [main] INFO  - main       - ChainingConverter          - ContentTypeConverter of type [class org.axonframework.serialization.xml.InputStreamToDom4jConverter] is ignored. It seems to rely on a class that is not available in the class loader: org/dom4j/Document
2022-07-14 17:21:53,072 [main] INFO  - main       - ChainingConverter          - ContentTypeConverter of type [class org.axonframework.serialization.xml.XomToStringConverter] is ignored. It seems to rely on a class that is not available in the class loader: nu/xom/Document
2022-07-14 17:21:53,073 [main] INFO  - main       - ChainingConverter          - ContentTypeConverter of type [class org.axonframework.serialization.xml.InputStreamToXomConverter] is ignored. It seems to rely on a class that is not available in the class loader: nu/xom/ParsingException
2022-07-14 17:21:53,076 [main] INFO  - main       - ChainingConverter          - ContentTypeConverter of type [class org.axonframework.serialization.xml.Dom4JToByteArrayConverter] is ignored. It seems to rely on a class that is not available in the class loader: org/dom4j/Document
2022-07-14 17:21:53,076 [main] INFO  - main       - ChainingConverter          - ContentTypeConverter of type [class org.axonframework.serialization.xml.InputStreamToDom4jConverter] is ignored. It seems to rely on a class that is not available in the class loader: org/dom4j/Document
2022-07-14 17:21:53,076 [main] INFO  - main       - ChainingConverter          - ContentTypeConverter of type [class org.axonframework.serialization.xml.XomToStringConverter] is ignored. It seems to rely on a class that is not available in the class loader: nu/xom/Document
2022-07-14 17:21:53,076 [main] INFO  - main       - ChainingConverter          - ContentTypeConverter of type [class org.axonframework.serialization.xml.InputStreamToXomConverter] is ignored. It seems to rely on a class that is not available in the class loader: nu/xom/ParsingException
2022-07-14 17:21:53,080 [main] INFO  - main       - ChainingConverter          - ContentTypeConverter of type [class org.axonframework.serialization.xml.Dom4JToByteArrayConverter] is ignored. It seems to rely on a class that is not available in the class loader: org/dom4j/Document
2022-07-14 17:21:53,080 [main] INFO  - main       - ChainingConverter          - ContentTypeConverter of type [class org.axonframework.serialization.xml.InputStreamToDom4jConverter] is ignored. It seems to rely on a class that is not available in the class loader: org/dom4j/Document
2022-07-14 17:21:53,080 [main] INFO  - main       - ChainingConverter          - ContentTypeConverter of type [class org.axonframework.serialization.xml.XomToStringConverter] is ignored. It seems to rely on a class that is not available in the class loader: nu/xom/Document
2022-07-14 17:21:53,080 [main] INFO  - main       - ChainingConverter          - ContentTypeConverter of type [class org.axonframework.serialization.xml.InputStreamToXomConverter] is ignored. It seems to rely on a class that is not available in the class loader: nu/xom/ParsingException
2022-07-14 17:21:53,093 [main] INFO  - main       - xonServerConnectionManager - Connecting using unencrypted connection...
2022-07-14 17:21:53,107 [main] INFO  - main       - xonServerConnectionManager - Re-subscribing commands and queries
2022-07-14 17:21:53,120 [main] INFO  - main       - AxonServerEventStore       - open stream: 0
2022-07-14 17:21:53,137 [main] INFO  - main       - wControllingStreamObserver - Granting new permits: number_of_permits: 1

2022-07-14 17:21:53,153 [main] INFO  - main       - wControllingStreamObserver - Granting new permits: number_of_permits: 1

2022-07-14 17:21:53,154 [main] INFO  - main       - wControllingStreamObserver - Granting new permits: number_of_permits: 1

2022-07-14 17:21:53,254 [main] INFO  - main       - wControllingStreamObserver - Observer stopped
Tests run: 2, Failures: 0, Errors: 0, Skipped: 0, Time elapsed: 3.039 sec - in org.axonframework.axonserver.connector.event.axon.AxonServerEventStoreTest
Running org.axonframework.axonserver.connector.event.util.EventCipherTests
Tests run: 3, Failures: 0, Errors: 0, Skipped: 0, Time elapsed: 0.06 sec - in org.axonframework.axonserver.connector.event.util.EventCipherTests
Running org.axonframework.axonserver.connector.command.CommandSerializerTest
Tests run: 3, Failures: 0, Errors: 0, Skipped: 0, Time elapsed: 0.274 sec - in org.axonframework.axonserver.connector.command.CommandSerializerTest
Running org.axonframework.axonserver.connector.command.AxonServerCommandBusTest
2022-07-14 17:21:54,607 [main] INFO  - main       - ChainingConverter          - ContentTypeConverter of type [class org.axonframework.serialization.xml.Dom4JToByteArrayConverter] is ignored. It seems to rely on a class that is not available in the class loader: org/dom4j/Document
2022-07-14 17:21:54,608 [main] INFO  - main       - ChainingConverter          - ContentTypeConverter of type [class org.axonframework.serialization.xml.InputStreamToDom4jConverter] is ignored. It seems to rely on a class that is not available in the class loader: org/dom4j/Document
2022-07-14 17:21:54,608 [main] INFO  - main       - ChainingConverter          - ContentTypeConverter of type [class org.axonframework.serialization.xml.XomToStringConverter] is ignored. It seems to rely on a class that is not available in the class loader: nu/xom/Document
2022-07-14 17:21:54,609 [main] INFO  - main       - ChainingConverter          - ContentTypeConverter of type [class org.axonframework.serialization.xml.InputStreamToXomConverter] is ignored. It seems to rely on a class that is not available in the class loader: nu/xom/ParsingException
2022-07-14 17:21:54,699 [main] INFO  - main       - xonServerConnectionManager - Connecting using unencrypted connection...
2022-07-14 17:21:54,715 [main] INFO  - main       - xonServerConnectionManager - Re-subscribing commands and queries
2022-07-14 17:21:54,734 [main] INFO  - main       - ChainingConverter          - ContentTypeConverter of type [class org.axonframework.serialization.xml.Dom4JToByteArrayConverter] is ignored. It seems to rely on a class that is not available in the class loader: org/dom4j/Document
2022-07-14 17:21:54,735 [main] INFO  - main       - ChainingConverter          - ContentTypeConverter of type [class org.axonframework.serialization.xml.InputStreamToDom4jConverter] is ignored. It seems to rely on a class that is not available in the class loader: org/dom4j/Document
2022-07-14 17:21:54,735 [main] INFO  - main       - ChainingConverter          - ContentTypeConverter of type [class org.axonframework.serialization.xml.XomToStringConverter] is ignored. It seems to rely on a class that is not available in the class loader: nu/xom/Document
2022-07-14 17:21:54,736 [main] INFO  - main       - ChainingConverter          - ContentTypeConverter of type [class org.axonframework.serialization.xml.InputStreamToXomConverter] is ignored. It seems to rely on a class that is not available in the class loader: nu/xom/ParsingException
2022-07-14 17:21:54,744 [main] INFO  - main       - xonServerConnectionManager - Connecting using unencrypted connection...
2022-07-14 17:21:54,761 [main] INFO  - main       - xonServerConnectionManager - Re-subscribing commands and queries
2022-07-14 17:21:54,762 [main] INFO  - main       - AxonServerCommandBus       - Creating new subscriber
2022-07-14 17:21:54,806 [grpc-default-executor-1] WARN  - executor-1 - AxonServerCommandBus       - Received error from server: CANCELLED: HTTP/2 error code: CANCEL
Received Rst Stream
2022-07-14 17:21:54,815 [grpc-default-executor-1] INFO  - executor-1 - AxonServerCommandBus       - Creating new subscriber
2022-07-14 17:21:54,815 [grpc-default-executor-0] WARN  - executor-0 - AxonServerCommandBus       - Received error from server: UNAVAILABLE: Channel shutdown invoked
2022-07-14 17:21:54,839 [AxonServerConnector-0] INFO  - onnector-0 - xonServerConnectionManager - Connecting using unencrypted connection...
2022-07-14 17:21:54,859 [AxonServerConnector-0] INFO  - onnector-0 - xonServerConnectionManager - Re-subscribing commands and queries
2022-07-14 17:21:54,918 [AxonServerConnector-0] INFO  - onnector-0 - xonServerConnectionManager - Connecting using unencrypted connection...
2022-07-14 17:21:54,938 [AxonServerConnector-0] INFO  - onnector-0 - xonServerConnectionManager - Re-subscribing commands and queries
2022-07-14 17:21:54,939 [AxonServerConnector-0] INFO  - onnector-0 - AxonServerCommandBus       - Creating new subscriber
2022-07-14 17:21:57,811 [grpc-default-executor-0] WARN  - executor-0 - AxonServerCommandBus       - Received error from server: CANCELLED: HTTP/2 error code: CANCEL
Received Rst Stream
2022-07-14 17:21:57,816 [grpc-default-executor-0] WARN  - executor-0 - AxonServerCommandBus       - Error while resubscribing - No connection to AxonServer available
2022-07-14 17:21:57,819 [main] INFO  - main       - ChainingConverter          - ContentTypeConverter of type [class org.axonframework.serialization.xml.Dom4JToByteArrayConverter] is ignored. It seems to rely on a class that is not available in the class loader: org/dom4j/Document
2022-07-14 17:21:57,819 [main] INFO  - main       - ChainingConverter          - ContentTypeConverter of type [class org.axonframework.serialization.xml.InputStreamToDom4jConverter] is ignored. It seems to rely on a class that is not available in the class loader: org/dom4j/Document
2022-07-14 17:21:57,819 [main] INFO  - main       - ChainingConverter          - ContentTypeConverter of type [class org.axonframework.serialization.xml.XomToStringConverter] is ignored. It seems to rely on a class that is not available in the class loader: nu/xom/Document
2022-07-14 17:21:57,819 [main] INFO  - main       - ChainingConverter          - ContentTypeConverter of type [class org.axonframework.serialization.xml.InputStreamToXomConverter] is ignored. It seems to rely on a class that is not available in the class loader: nu/xom/ParsingException
2022-07-14 17:21:57,823 [main] INFO  - main       - xonServerConnectionManager - Connecting using unencrypted connection...
2022-07-14 17:21:57,836 [main] INFO  - main       - xonServerConnectionManager - Re-subscribing commands and queries
2022-07-14 17:21:57,840 [main] WARN  - main       - AxonServerCommandBus       - There was a problem dispatching a command GenericCommandMessage{payload={this is the payload}, metadata={}, messageIdentifier='dd0117b3-cb24-46b1-9aba-d7909dc04ca3', commandName='java.lang.String'}.
java.lang.RuntimeException: oops
	at org.axonframework.axonserver.connector.command.AxonServerCommandBus.dispatch(AxonServerCommandBus.java:111)
	at org.axonframework.axonserver.connector.command.AxonServerCommandBusTest.dispatchWhenChannelThrowsAnException(AxonServerCommandBusTest.java:112)
	at sun.reflect.NativeMethodAccessorImpl.invoke0(Native Method)
	at sun.reflect.NativeMethodAccessorImpl.invoke(NativeMethodAccessorImpl.java:62)
	at sun.reflect.DelegatingMethodAccessorImpl.invoke(DelegatingMethodAccessorImpl.java:43)
	at java.lang.reflect.Method.invoke(Method.java:498)
	at org.junit.runners.model.FrameworkMethod$1.runReflectiveCall(FrameworkMethod.java:50)
	at org.junit.internal.runners.model.ReflectiveCallable.run(ReflectiveCallable.java:12)
	at org.junit.runners.model.FrameworkMethod.invokeExplosively(FrameworkMethod.java:47)
	at org.junit.internal.runners.statements.InvokeMethod.evaluate(InvokeMethod.java:17)
	at org.junit.internal.runners.statements.RunBefores.evaluate(RunBefores.java:26)
	at org.junit.internal.runners.statements.RunAfters.evaluate(RunAfters.java:27)
	at org.junit.runners.ParentRunner.runLeaf(ParentRunner.java:325)
	at org.junit.runners.BlockJUnit4ClassRunner.runChild(BlockJUnit4ClassRunner.java:78)
	at org.junit.runners.BlockJUnit4ClassRunner.runChild(BlockJUnit4ClassRunner.java:57)
	at org.junit.runners.ParentRunner$3.run(ParentRunner.java:290)
	at org.junit.runners.ParentRunner$1.schedule(ParentRunner.java:71)
	at org.junit.runners.ParentRunner.runChildren(ParentRunner.java:288)
	at org.junit.runners.ParentRunner.access$000(ParentRunner.java:58)
	at org.junit.runners.ParentRunner$2.evaluate(ParentRunner.java:268)
	at org.junit.runners.ParentRunner.run(ParentRunner.java:363)
	at org.apache.maven.surefire.junit4.JUnit4Provider.execute(JUnit4Provider.java:367)
	at org.apache.maven.surefire.junit4.JUnit4Provider.executeWithRerun(JUnit4Provider.java:274)
	at org.apache.maven.surefire.junit4.JUnit4Provider.executeTestSet(JUnit4Provider.java:238)
	at org.apache.maven.surefire.junit4.JUnit4Provider.invoke(JUnit4Provider.java:161)
	at org.apache.maven.surefire.booter.ForkedBooter.invokeProviderInSameClassLoader(ForkedBooter.java:290)
	at org.apache.maven.surefire.booter.ForkedBooter.runSuitesInProcess(ForkedBooter.java:242)
	at org.apache.maven.surefire.booter.ForkedBooter.main(ForkedBooter.java:121)
2022-07-14 17:21:57,851 [main] INFO  - main       - ChainingConverter          - ContentTypeConverter of type [class org.axonframework.serialization.xml.Dom4JToByteArrayConverter] is ignored. It seems to rely on a class that is not available in the class loader: org/dom4j/Document
2022-07-14 17:21:57,851 [main] INFO  - main       - ChainingConverter          - ContentTypeConverter of type [class org.axonframework.serialization.xml.InputStreamToDom4jConverter] is ignored. It seems to rely on a class that is not available in the class loader: org/dom4j/Document
2022-07-14 17:21:57,851 [main] INFO  - main       - ChainingConverter          - ContentTypeConverter of type [class org.axonframework.serialization.xml.XomToStringConverter] is ignored. It seems to rely on a class that is not available in the class loader: nu/xom/Document
2022-07-14 17:21:57,852 [main] INFO  - main       - ChainingConverter          - ContentTypeConverter of type [class org.axonframework.serialization.xml.InputStreamToXomConverter] is ignored. It seems to rely on a class that is not available in the class loader: nu/xom/ParsingException
2022-07-14 17:21:57,858 [main] INFO  - main       - xonServerConnectionManager - Connecting using unencrypted connection...
2022-07-14 17:21:57,873 [main] INFO  - main       - xonServerConnectionManager - Re-subscribing commands and queries
2022-07-14 17:21:57,886 [main] INFO  - main       - ChainingConverter          - ContentTypeConverter of type [class org.axonframework.serialization.xml.Dom4JToByteArrayConverter] is ignored. It seems to rely on a class that is not available in the class loader: org/dom4j/Document
2022-07-14 17:21:57,886 [main] INFO  - main       - ChainingConverter          - ContentTypeConverter of type [class org.axonframework.serialization.xml.InputStreamToDom4jConverter] is ignored. It seems to rely on a class that is not available in the class loader: org/dom4j/Document
2022-07-14 17:21:57,886 [main] INFO  - main       - ChainingConverter          - ContentTypeConverter of type [class org.axonframework.serialization.xml.XomToStringConverter] is ignored. It seems to rely on a class that is not available in the class loader: nu/xom/Document
2022-07-14 17:21:57,887 [main] INFO  - main       - ChainingConverter          - ContentTypeConverter of type [class org.axonframework.serialization.xml.InputStreamToXomConverter] is ignored. It seems to rely on a class that is not available in the class loader: nu/xom/ParsingException
2022-07-14 17:21:57,892 [main] INFO  - main       - xonServerConnectionManager - Connecting using unencrypted connection...
2022-07-14 17:21:57,904 [main] INFO  - main       - xonServerConnectionManager - Re-subscribing commands and queries
2022-07-14 17:21:57,905 [main] INFO  - main       - AxonServerCommandBus       - Creating new subscriber
2022-07-14 17:21:57,913 [AxonServerConnector-0] INFO  - onnector-0 - xonServerConnectionManager - Connecting using unencrypted connection...
2022-07-14 17:21:57,915 [AxonServerConnector-0] INFO  - onnector-0 - xonServerConnectionManager - Connecting using unencrypted connection...
2022-07-14 17:21:57,928 [AxonServerConnector-0] INFO  - onnector-0 - xonServerConnectionManager - Re-subscribing commands and queries
2022-07-14 17:21:57,929 [AxonServerConnector-0] INFO  - onnector-0 - AxonServerCommandBus       - Creating new subscriber
2022-07-14 17:21:57,929 [AxonServerConnector-0] INFO  - onnector-0 - xonServerConnectionManager - Re-subscribing commands and queries
2022-07-14 17:21:57,937 [grpc-default-executor-0] WARN  - executor-0 - AxonServerCommandBus       - Received error from server: UNKNOWN
2022-07-14 17:21:57,938 [grpc-default-executor-0] INFO  - executor-0 - AxonServerCommandBus       - Creating new subscriber
2022-07-14 17:21:57,982 [AxonServerConnector-0] INFO  - onnector-0 - xonServerConnectionManager - Connecting using unencrypted connection...
2022-07-14 17:21:57,996 [AxonServerConnector-0] INFO  - onnector-0 - xonServerConnectionManager - Re-subscribing commands and queries
2022-07-14 17:21:58,146 [grpc-default-executor-5] WARN  - executor-5 - AxonServerCommandBus       - Received error from server: CANCELLED: HTTP/2 error code: CANCEL
Received Rst Stream
2022-07-14 17:21:58,147 [grpc-default-executor-7] WARN  - executor-7 - AxonServerCommandBus       - Received error from server: CANCELLED: HTTP/2 error code: CANCEL
Received Rst Stream
2022-07-14 17:21:58,150 [grpc-default-executor-5] WARN  - executor-5 - AxonServerCommandBus       - Error while resubscribing - No connection to AxonServer available
2022-07-14 17:21:58,151 [grpc-default-executor-7] WARN  - executor-7 - AxonServerCommandBus       - Error while resubscribing - No connection to AxonServer available
2022-07-14 17:21:58,154 [main] INFO  - main       - ChainingConverter          - ContentTypeConverter of type [class org.axonframework.serialization.xml.Dom4JToByteArrayConverter] is ignored. It seems to rely on a class that is not available in the class loader: org/dom4j/Document
2022-07-14 17:21:58,154 [main] INFO  - main       - ChainingConverter          - ContentTypeConverter of type [class org.axonframework.serialization.xml.InputStreamToDom4jConverter] is ignored. It seems to rely on a class that is not available in the class loader: org/dom4j/Document
2022-07-14 17:21:58,154 [main] INFO  - main       - ChainingConverter          - ContentTypeConverter of type [class org.axonframework.serialization.xml.XomToStringConverter] is ignored. It seems to rely on a class that is not available in the class loader: nu/xom/Document
2022-07-14 17:21:58,155 [main] INFO  - main       - ChainingConverter          - ContentTypeConverter of type [class org.axonframework.serialization.xml.InputStreamToXomConverter] is ignored. It seems to rely on a class that is not available in the class loader: nu/xom/ParsingException
2022-07-14 17:21:58,159 [main] INFO  - main       - xonServerConnectionManager - Connecting using unencrypted connection...
2022-07-14 17:21:58,171 [main] INFO  - main       - xonServerConnectionManager - Re-subscribing commands and queries
2022-07-14 17:21:58,171 [main] INFO  - main       - AxonServerCommandBus       - Creating new subscriber
2022-07-14 17:21:58,178 [grpc-default-executor-5] WARN  - executor-5 - AxonServerCommandBus       - Received error from server: CANCELLED: HTTP/2 error code: CANCEL
Received Rst Stream
2022-07-14 17:21:58,182 [main] INFO  - main       - ChainingConverter          - ContentTypeConverter of type [class org.axonframework.serialization.xml.Dom4JToByteArrayConverter] is ignored. It seems to rely on a class that is not available in the class loader: org/dom4j/Document
2022-07-14 17:21:58,182 [main] INFO  - main       - ChainingConverter          - ContentTypeConverter of type [class org.axonframework.serialization.xml.InputStreamToDom4jConverter] is ignored. It seems to rely on a class that is not available in the class loader: org/dom4j/Document
2022-07-14 17:21:58,183 [main] INFO  - main       - ChainingConverter          - ContentTypeConverter of type [class org.axonframework.serialization.xml.XomToStringConverter] is ignored. It seems to rely on a class that is not available in the class loader: nu/xom/Document
2022-07-14 17:21:58,183 [main] INFO  - main       - ChainingConverter          - ContentTypeConverter of type [class org.axonframework.serialization.xml.InputStreamToXomConverter] is ignored. It seems to rely on a class that is not available in the class loader: nu/xom/ParsingException
2022-07-14 17:21:58,193 [main] INFO  - main       - AxonServerCommandBus       - Creating new subscriber
flow_control {
  client_id: "JUnit"
  permits: 100
}

subscribe {
  message_id: "0f200bcf-4d3f-4e81-b035-84e3b6285468"
  command: "java.lang.String"
  component_name: "JUnit"
  client_id: "JUnit"
}

2022-07-14 17:21:58,206 [main] INFO  - main       - ChainingConverter          - ContentTypeConverter of type [class org.axonframework.serialization.xml.Dom4JToByteArrayConverter] is ignored. It seems to rely on a class that is not available in the class loader: org/dom4j/Document
2022-07-14 17:21:58,206 [main] INFO  - main       - ChainingConverter          - ContentTypeConverter of type [class org.axonframework.serialization.xml.InputStreamToDom4jConverter] is ignored. It seems to rely on a class that is not available in the class loader: org/dom4j/Document
2022-07-14 17:21:58,206 [main] INFO  - main       - ChainingConverter          - ContentTypeConverter of type [class org.axonframework.serialization.xml.XomToStringConverter] is ignored. It seems to rely on a class that is not available in the class loader: nu/xom/Document
2022-07-14 17:21:58,207 [main] INFO  - main       - ChainingConverter          - ContentTypeConverter of type [class org.axonframework.serialization.xml.InputStreamToXomConverter] is ignored. It seems to rely on a class that is not available in the class loader: nu/xom/ParsingException
2022-07-14 17:21:58,213 [main] INFO  - main       - xonServerConnectionManager - Connecting using unencrypted connection...
command_response {
  message_identifier: "d0198f0f-0978-41a8-bbf1-6004caa42f94"
  payload {
    type: "string"
    data: "<string>Text</string>"
  }
}

2022-07-14 17:21:58,225 [main] INFO  - main       - xonServerConnectionManager - Re-subscribing commands and queries
Tests run: 8, Failures: 0, Errors: 0, Skipped: 0, Time elapsed: 3.638 sec - in org.axonframework.axonserver.connector.command.AxonServerCommandBusTest
Running org.axonframework.axonserver.connector.processor.schedule.ScheduledEventProcessorInfoSourceTest
2022-07-14 17:21:58,242 [AxonServerConnector-0] INFO  - onnector-0 - xonServerConnectionManager - Connecting using unencrypted connection...
2022-07-14 17:21:58,245 [AxonServerConnector-0] INFO  - onnector-0 - xonServerConnectionManager - Connecting using unencrypted connection...
2022-07-14 17:21:58,249 [AxonServerConnector-0] INFO  - onnector-0 - xonServerConnectionManager - Connecting using unencrypted connection...
2022-07-14 17:21:58,252 [AxonServerConnector-0] INFO  - onnector-0 - xonServerConnectionManager - Connecting using unencrypted connection...
2022-07-14 17:21:58,265 [AxonServerConnector-0] WARN  - onnector-0 - xonServerConnectionManager - Connecting to AxonServer node localhost:4344 failed: UNAVAILABLE: io exception
2022-07-14 17:21:58,266 [AxonServerConnector-0] WARN  - onnector-0 - xonServerConnectionManager - Connecting to AxonServer node localhost:4344 failed: UNAVAILABLE: io exception
2022-07-14 17:21:58,265 [AxonServerConnector-0] WARN  - onnector-0 - xonServerConnectionManager - Connecting to AxonServer node localhost:4344 failed: UNAVAILABLE: io exception
2022-07-14 17:21:58,265 [AxonServerConnector-0] WARN  - onnector-0 - xonServerConnectionManager - Connecting to AxonServer node localhost:4344 failed: UNAVAILABLE: io exception
2022-07-14 17:21:58,280 [AxonServerConnector-0] INFO  - onnector-0 - xonServerConnectionManager - Connecting using unencrypted connection...
2022-07-14 17:21:58,289 [AxonServerConnector-0] WARN  - onnector-0 - xonServerConnectionManager - Connecting to AxonServer node localhost:4344 failed: UNAVAILABLE: io exception
2022-07-14 17:21:58,337 [AxonServerConnector-0] INFO  - onnector-0 - xonServerConnectionManager - Connecting using unencrypted connection...
Tests run: 1, Failures: 0, Errors: 0, Skipped: 0, Time elapsed: 0.107 sec - in org.axonframework.axonserver.connector.processor.schedule.ScheduledEventProcessorInfoSourceTest
Running org.axonframework.axonserver.connector.processor.grpc.TrackingEventProcessorInfoMessageTest
2022-07-14 17:21:58,346 [AxonServerConnector-0] WARN  - onnector-0 - xonServerConnectionManager - Connecting to AxonServer node localhost:4344 failed: UNAVAILABLE: io exception
Tests run: 1, Failures: 0, Errors: 0, Skipped: 0, Time elapsed: 0.218 sec - in org.axonframework.axonserver.connector.processor.grpc.TrackingEventProcessorInfoMessageTest
Running org.axonframework.axonserver.connector.DispatchInterceptorsTest
Tests run: 1, Failures: 0, Errors: 0, Skipped: 0, Time elapsed: 0.001 sec - in org.axonframework.axonserver.connector.DispatchInterceptorsTest
Running org.axonframework.axonserver.connector.query.AxonServerQueryBusTest
2022-07-14 17:21:58,570 [main] INFO  - main       - ChainingConverter          - ContentTypeConverter of type [class org.axonframework.serialization.xml.Dom4JToByteArrayConverter] is ignored. It seems to rely on a class that is not available in the class loader: org/dom4j/Document
2022-07-14 17:21:58,570 [main] INFO  - main       - ChainingConverter          - ContentTypeConverter of type [class org.axonframework.serialization.xml.InputStreamToDom4jConverter] is ignored. It seems to rely on a class that is not available in the class loader: org/dom4j/Document
2022-07-14 17:21:58,570 [main] INFO  - main       - ChainingConverter          - ContentTypeConverter of type [class org.axonframework.serialization.xml.XomToStringConverter] is ignored. It seems to rely on a class that is not available in the class loader: nu/xom/Document
2022-07-14 17:21:58,570 [main] INFO  - main       - ChainingConverter          - ContentTypeConverter of type [class org.axonframework.serialization.xml.InputStreamToXomConverter] is ignored. It seems to rely on a class that is not available in the class loader: nu/xom/ParsingException
2022-07-14 17:21:58,656 [main] INFO  - main       - xonServerConnectionManager - Connecting using unencrypted connection...
2022-07-14 17:21:58,670 [main] INFO  - main       - xonServerConnectionManager - Re-subscribing commands and queries
2022-07-14 17:21:58,673 [main] WARN  - main       - AxonServerQueryBus         - There was a problem issuing a query GenericQueryMessage{payload={Hello, World}, metadata={}, messageIdentifier='311d7759-692d-4ab7-b7b0-a2c98233536e', queryName='java.lang.String', expectedResponseType='InstanceResponseType{class java.lang.String}'}.
java.lang.RuntimeException: oops
	at org.axonframework.axonserver.connector.query.AxonServerQueryBus.query(AxonServerQueryBus.java:159)
	at org.axonframework.axonserver.connector.query.AxonServerQueryBusTest.queryWhenQueryServiceStubFails(AxonServerQueryBusTest.java:143)
	at sun.reflect.NativeMethodAccessorImpl.invoke0(Native Method)
	at sun.reflect.NativeMethodAccessorImpl.invoke(NativeMethodAccessorImpl.java:62)
	at sun.reflect.DelegatingMethodAccessorImpl.invoke(DelegatingMethodAccessorImpl.java:43)
	at java.lang.reflect.Method.invoke(Method.java:498)
	at org.junit.runners.model.FrameworkMethod$1.runReflectiveCall(FrameworkMethod.java:50)
	at org.junit.internal.runners.model.ReflectiveCallable.run(ReflectiveCallable.java:12)
	at org.junit.runners.model.FrameworkMethod.invokeExplosively(FrameworkMethod.java:47)
	at org.junit.internal.runners.statements.InvokeMethod.evaluate(InvokeMethod.java:17)
	at org.junit.internal.runners.statements.RunBefores.evaluate(RunBefores.java:26)
	at org.junit.internal.runners.statements.RunAfters.evaluate(RunAfters.java:27)
	at org.junit.runners.ParentRunner.runLeaf(ParentRunner.java:325)
	at org.junit.runners.BlockJUnit4ClassRunner.runChild(BlockJUnit4ClassRunner.java:78)
	at org.junit.runners.BlockJUnit4ClassRunner.runChild(BlockJUnit4ClassRunner.java:57)
	at org.junit.runners.ParentRunner$3.run(ParentRunner.java:290)
	at org.junit.runners.ParentRunner$1.schedule(ParentRunner.java:71)
	at org.junit.runners.ParentRunner.runChildren(ParentRunner.java:288)
	at org.junit.runners.ParentRunner.access$000(ParentRunner.java:58)
	at org.junit.runners.ParentRunner$2.evaluate(ParentRunner.java:268)
	at org.junit.runners.ParentRunner.run(ParentRunner.java:363)
	at org.apache.maven.surefire.junit4.JUnit4Provider.execute(JUnit4Provider.java:367)
	at org.apache.maven.surefire.junit4.JUnit4Provider.executeWithRerun(JUnit4Provider.java:274)
	at org.apache.maven.surefire.junit4.JUnit4Provider.executeTestSet(JUnit4Provider.java:238)
	at org.apache.maven.surefire.junit4.JUnit4Provider.invoke(JUnit4Provider.java:161)
	at org.apache.maven.surefire.booter.ForkedBooter.invokeProviderInSameClassLoader(ForkedBooter.java:290)
	at org.apache.maven.surefire.booter.ForkedBooter.runSuitesInProcess(ForkedBooter.java:242)
	at org.apache.maven.surefire.booter.ForkedBooter.main(ForkedBooter.java:121)
2022-07-14 17:21:58,682 [main] INFO  - main       - ChainingConverter          - ContentTypeConverter of type [class org.axonframework.serialization.xml.Dom4JToByteArrayConverter] is ignored. It seems to rely on a class that is not available in the class loader: org/dom4j/Document
2022-07-14 17:21:58,682 [main] INFO  - main       - ChainingConverter          - ContentTypeConverter of type [class org.axonframework.serialization.xml.InputStreamToDom4jConverter] is ignored. It seems to rely on a class that is not available in the class loader: org/dom4j/Document
2022-07-14 17:21:58,682 [main] INFO  - main       - ChainingConverter          - ContentTypeConverter of type [class org.axonframework.serialization.xml.XomToStringConverter] is ignored. It seems to rely on a class that is not available in the class loader: nu/xom/Document
2022-07-14 17:21:58,683 [main] INFO  - main       - ChainingConverter          - ContentTypeConverter of type [class org.axonframework.serialization.xml.InputStreamToXomConverter] is ignored. It seems to rely on a class that is not available in the class loader: nu/xom/ParsingException
2022-07-14 17:21:58,686 [main] INFO  - main       - xonServerConnectionManager - Connecting using unencrypted connection...
2022-07-14 17:21:58,704 [main] INFO  - main       - xonServerConnectionManager - Re-subscribing commands and queries
2022-07-14 17:21:58,737 [main] INFO  - main       - ChainingConverter          - ContentTypeConverter of type [class org.axonframework.serialization.xml.Dom4JToByteArrayConverter] is ignored. It seems to rely on a class that is not available in the class loader: org/dom4j/Document
2022-07-14 17:21:58,737 [main] INFO  - main       - ChainingConverter          - ContentTypeConverter of type [class org.axonframework.serialization.xml.InputStreamToDom4jConverter] is ignored. It seems to rely on a class that is not available in the class loader: org/dom4j/Document
2022-07-14 17:21:58,737 [main] INFO  - main       - ChainingConverter          - ContentTypeConverter of type [class org.axonframework.serialization.xml.XomToStringConverter] is ignored. It seems to rely on a class that is not available in the class loader: nu/xom/Document
2022-07-14 17:21:58,737 [main] INFO  - main       - ChainingConverter          - ContentTypeConverter of type [class org.axonframework.serialization.xml.InputStreamToXomConverter] is ignored. It seems to rely on a class that is not available in the class loader: nu/xom/ParsingException
2022-07-14 17:21:58,745 [main] INFO  - main       - AxonServerQueryBus         - Creating new subscriber
flow_control {
  client_id: "JUnit"
  permits: 100
}

subscribe {
  message_id: "5bdc75e5-2a2a-4372-aaf6-5367ba56c13b"
  query: "testQuery"
  result_name: "java.lang.String"
  component_name: "JUnit"
  client_id: "JUnit"
  nr_of_handlers: 1
}

query_response {
  message_identifier: "c1b7bf5e-0d1f-4758-97c0-b93610b95192"
  payload {
    type: "string"
    data: "<string>test: class java.lang.String</string>"
  }
}

query_complete {
  message_id: "e2114fa5-e6d5-4bcc-8821-91690fef321e"
}
2022-07-14 17:21:58,777 [main] INFO  - main       - ChainingConverter          - ContentTypeConverter of type [class org.axonframework.serialization.xml.Dom4JToByteArrayConverter] is ignored. It seems to rely on a class that is not available in the class loader: org/dom4j/Document

2022-07-14 17:21:58,777 [main] INFO  - main       - ChainingConverter          - ContentTypeConverter of type [class org.axonframework.serialization.xml.InputStreamToDom4jConverter] is ignored. It seems to rely on a class that is not available in the class loader: org/dom4j/Document
2022-07-14 17:21:58,777 [main] INFO  - main       - ChainingConverter          - ContentTypeConverter of type [class org.axonframework.serialization.xml.XomToStringConverter] is ignored. It seems to rely on a class that is not available in the class loader: nu/xom/Document
2022-07-14 17:21:58,777 [main] INFO  - main       - ChainingConverter          - ContentTypeConverter of type [class org.axonframework.serialization.xml.InputStreamToXomConverter] is ignored. It seems to rely on a class that is not available in the class loader: nu/xom/ParsingException
2022-07-14 17:21:58,779 [AxonServerConnector-0] INFO  - onnector-0 - xonServerConnectionManager - Connecting using unencrypted connection...
2022-07-14 17:21:58,781 [main] INFO  - main       - xonServerConnectionManager - Connecting using unencrypted connection...
2022-07-14 17:21:58,792 [main] INFO  - main       - xonServerConnectionManager - Re-subscribing commands and queries
2022-07-14 17:21:58,793 [main] INFO  - main       - AxonServerQueryBus         - Creating new subscriber
2022-07-14 17:21:58,795 [AxonServerConnector-0] INFO  - onnector-0 - xonServerConnectionManager - Re-subscribing commands and queries
2022-07-14 17:21:58,834 [AxonServerConnector-0] INFO  - onnector-0 - xonServerConnectionManager - Connecting using unencrypted connection...
2022-07-14 17:21:58,844 [AxonServerConnector-0] INFO  - onnector-0 - xonServerConnectionManager - Re-subscribing commands and queries
2022-07-14 17:21:58,845 [grpc-default-executor-7] WARN  - executor-7 - AxonServerQueryBus         - Received error from server: UNKNOWN
2022-07-14 17:21:58,847 [grpc-default-executor-7] INFO  - executor-7 - AxonServerQueryBus         - Creating new subscriber
2022-07-14 17:21:59,047 [grpc-default-executor-0] WARN  - executor-0 - AxonServerQueryBus         - Received error from server: CANCELLED: HTTP/2 error code: CANCEL
Received Rst Stream
2022-07-14 17:21:59,051 [grpc-default-executor-0] WARN  - executor-0 - AxonServerQueryBus         - Error while resubscribing - No connection to AxonServer available
2022-07-14 17:21:59,054 [main] INFO  - main       - ChainingConverter          - ContentTypeConverter of type [class org.axonframework.serialization.xml.Dom4JToByteArrayConverter] is ignored. It seems to rely on a class that is not available in the class loader: org/dom4j/Document
2022-07-14 17:21:59,054 [main] INFO  - main       - ChainingConverter          - ContentTypeConverter of type [class org.axonframework.serialization.xml.InputStreamToDom4jConverter] is ignored. It seems to rely on a class that is not available in the class loader: org/dom4j/Document
2022-07-14 17:21:59,054 [main] INFO  - main       - ChainingConverter          - ContentTypeConverter of type [class org.axonframework.serialization.xml.XomToStringConverter] is ignored. It seems to rely on a class that is not available in the class loader: nu/xom/Document
2022-07-14 17:21:59,054 [main] INFO  - main       - ChainingConverter          - ContentTypeConverter of type [class org.axonframework.serialization.xml.InputStreamToXomConverter] is ignored. It seems to rely on a class that is not available in the class loader: nu/xom/ParsingException
2022-07-14 17:21:59,059 [main] INFO  - main       - xonServerConnectionManager - Connecting using unencrypted connection...
2022-07-14 17:21:59,066 [main] INFO  - main       - xonServerConnectionManager - Re-subscribing commands and queries
2022-07-14 17:21:59,066 [main] INFO  - main       - AxonServerQueryBus         - Creating new subscriber
2022-07-14 17:21:59,149 [AxonServerConnector-0] INFO  - onnector-0 - xonServerConnectionManager - Connecting using unencrypted connection...
2022-07-14 17:21:59,149 [AxonServerConnector-0] INFO  - onnector-0 - xonServerConnectionManager - Connecting using unencrypted connection...
2022-07-14 17:21:59,150 [AxonServerConnector-0] INFO  - onnector-0 - xonServerConnectionManager - Connecting using unencrypted connection...
2022-07-14 17:21:59,166 [AxonServerConnector-0] INFO  - onnector-0 - xonServerConnectionManager - Re-subscribing commands and queries
2022-07-14 17:21:59,168 [AxonServerConnector-0] INFO  - onnector-0 - xonServerConnectionManager - Re-subscribing commands and queries
2022-07-14 17:21:59,168 [AxonServerConnector-0] INFO  - onnector-0 - xonServerConnectionManager - Re-subscribing commands and queries
2022-07-14 17:21:59,169 [AxonServerConnector-0] INFO  - onnector-0 - AxonServerQueryBus         - Creating new subscriber
2022-07-14 17:22:00,074 [grpc-default-executor-5] WARN  - executor-5 - AxonServerQueryBus         - Received error from server: CANCELLED: HTTP/2 error code: CANCEL
Received Rst Stream
2022-07-14 17:22:00,077 [grpc-default-executor-7] WARN  - executor-7 - AxonServerQueryBus         - Received error from server: CANCELLED: HTTP/2 error code: CANCEL
Received Rst Stream
2022-07-14 17:22:00,080 [grpc-default-executor-5] INFO  - executor-5 - AxonServerQueryBus         - Creating new subscriber
2022-07-14 17:22:00,083 [grpc-default-executor-5] WARN  - executor-5 - AxonServerQueryBus         - Received error from server: UNAVAILABLE: Channel shutdownNow invoked
2022-07-14 17:22:00,086 [main] INFO  - main       - ChainingConverter          - ContentTypeConverter of type [class org.axonframework.serialization.xml.Dom4JToByteArrayConverter] is ignored. It seems to rely on a class that is not available in the class loader: org/dom4j/Document
2022-07-14 17:22:00,086 [main] INFO  - main       - ChainingConverter          - ContentTypeConverter of type [class org.axonframework.serialization.xml.InputStreamToDom4jConverter] is ignored. It seems to rely on a class that is not available in the class loader: org/dom4j/Document
2022-07-14 17:22:00,086 [main] INFO  - main       - ChainingConverter          - ContentTypeConverter of type [class org.axonframework.serialization.xml.XomToStringConverter] is ignored. It seems to rely on a class that is not available in the class loader: nu/xom/Document
2022-07-14 17:22:00,087 [main] INFO  - main       - ChainingConverter          - ContentTypeConverter of type [class org.axonframework.serialization.xml.InputStreamToXomConverter] is ignored. It seems to rely on a class that is not available in the class loader: nu/xom/ParsingException
2022-07-14 17:22:00,091 [main] INFO  - main       - xonServerConnectionManager - Connecting using unencrypted connection...
2022-07-14 17:22:00,100 [main] INFO  - main       - xonServerConnectionManager - Re-subscribing commands and queries
2022-07-14 17:22:00,179 [AxonServerConnector-0] INFO  - onnector-0 - xonServerConnectionManager - Connecting using unencrypted connection...
2022-07-14 17:22:00,179 [AxonServerConnector-0] INFO  - onnector-0 - xonServerConnectionManager - Connecting using unencrypted connection...
2022-07-14 17:22:00,180 [AxonServerConnector-0] INFO  - onnector-0 - xonServerConnectionManager - Connecting using unencrypted connection...
2022-07-14 17:22:00,184 [AxonServerConnector-0] INFO  - onnector-0 - xonServerConnectionManager - Connecting using unencrypted connection...
2022-07-14 17:22:00,202 [AxonServerConnector-0] INFO  - onnector-0 - xonServerConnectionManager - Re-subscribing commands and queries
2022-07-14 17:22:00,202 [AxonServerConnector-0] INFO  - onnector-0 - xonServerConnectionManager - Re-subscribing commands and queries
2022-07-14 17:22:00,202 [AxonServerConnector-0] INFO  - onnector-0 - xonServerConnectionManager - Re-subscribing commands and queries
2022-07-14 17:22:00,202 [AxonServerConnector-0] INFO  - onnector-0 - xonServerConnectionManager - Re-subscribing commands and queries
2022-07-14 17:22:00,202 [AxonServerConnector-0] INFO  - onnector-0 - AxonServerQueryBus         - Creating new subscriber
2022-07-14 17:22:00,226 [grpc-default-executor-4] WARN  - executor-4 - AxonServerQueryBus         - Received error from server: CANCELLED: HTTP/2 error code: CANCEL
Received Rst Stream
2022-07-14 17:22:00,298 [grpc-default-executor-4] INFO  - executor-4 - AxonServerQueryBus         - Creating new subscriber
2022-07-14 17:22:00,300 [grpc-default-executor-7] WARN  - executor-7 - AxonServerQueryBus         - Received error from server: UNAVAILABLE: Channel shutdown invoked
2022-07-14 17:22:00,304 [main] INFO  - main       - ChainingConverter          - ContentTypeConverter of type [class org.axonframework.serialization.xml.Dom4JToByteArrayConverter] is ignored. It seems to rely on a class that is not available in the class loader: org/dom4j/Document
2022-07-14 17:22:00,304 [main] INFO  - main       - ChainingConverter          - ContentTypeConverter of type [class org.axonframework.serialization.xml.InputStreamToDom4jConverter] is ignored. It seems to rely on a class that is not available in the class loader: org/dom4j/Document
2022-07-14 17:22:00,304 [main] INFO  - main       - ChainingConverter          - ContentTypeConverter of type [class org.axonframework.serialization.xml.XomToStringConverter] is ignored. It seems to rely on a class that is not available in the class loader: nu/xom/Document
2022-07-14 17:22:00,304 [main] INFO  - main       - ChainingConverter          - ContentTypeConverter of type [class org.axonframework.serialization.xml.InputStreamToXomConverter] is ignored. It seems to rely on a class that is not available in the class loader: nu/xom/ParsingException
2022-07-14 17:22:00,311 [main] INFO  - main       - AxonServerQueryBus         - Creating new subscriber
flow_control {
  client_id: "JUnit"
  permits: 100
}

subscribe {
  message_id: "1f6ab7b3-0363-4b4e-94a3-7e68e7e32726"
  query: "testQuery"
  result_name: "java.lang.String"
  component_name: "JUnit"
  client_id: "JUnit"
  nr_of_handlers: 1
}

unsubscribe {
  message_id: "41dfa8d0-5e91-4398-bd52-d61908202f96"
  query: "testQuery"
  result_name: "java.lang.String"
  component_name: "JUnit"
  client_id: "JUnit"
  nr_of_handlers: 1
}

query_complete {
  message_id: "aab4e48b-40d4-4b31-910f-669fba0a4ee4"
}

2022-07-14 17:22:00,319 [main] INFO  - main       - ChainingConverter          - ContentTypeConverter of type [class org.axonframework.serialization.xml.Dom4JToByteArrayConverter] is ignored. It seems to rely on a class that is not available in the class loader: org/dom4j/Document
2022-07-14 17:22:00,319 [main] INFO  - main       - ChainingConverter          - ContentTypeConverter of type [class org.axonframework.serialization.xml.InputStreamToDom4jConverter] is ignored. It seems to rely on a class that is not available in the class loader: org/dom4j/Document
2022-07-14 17:22:00,319 [main] INFO  - main       - ChainingConverter          - ContentTypeConverter of type [class org.axonframework.serialization.xml.XomToStringConverter] is ignored. It seems to rely on a class that is not available in the class loader: nu/xom/Document
2022-07-14 17:22:00,319 [main] INFO  - main       - ChainingConverter          - ContentTypeConverter of type [class org.axonframework.serialization.xml.InputStreamToXomConverter] is ignored. It seems to rely on a class that is not available in the class loader: nu/xom/ParsingException
2022-07-14 17:22:00,324 [main] INFO  - main       - xonServerConnectionManager - Connecting using unencrypted connection...
2022-07-14 17:22:00,326 [AxonServerConnector-0] INFO  - onnector-0 - xonServerConnectionManager - Connecting using unencrypted connection...
2022-07-14 17:22:00,336 [main] INFO  - main       - xonServerConnectionManager - Re-subscribing commands and queries
2022-07-14 17:22:00,337 [AxonServerConnector-0] INFO  - onnector-0 - xonServerConnectionManager - Re-subscribing commands and queries
2022-07-14 17:22:00,339 [grpc-default-executor-7] WARN  - executor-7 - AxonServerQueryBus         - Received error while waiting for first response: UNAVAILABLE: HTTP/2 error code: NO_ERROR
Received Goaway
io.grpc.StatusRuntimeException: UNAVAILABLE: HTTP/2 error code: NO_ERROR
Received Goaway
	at io.grpc.Status.asRuntimeException(Status.java:526)
	at io.grpc.stub.ClientCalls$StreamObserverToCallListenerAdapter.onClose(ClientCalls.java:420)
	at io.grpc.PartialForwardingClientCallListener.onClose(PartialForwardingClientCallListener.java:39)
	at io.grpc.ForwardingClientCallListener.onClose(ForwardingClientCallListener.java:23)
	at io.grpc.ForwardingClientCallListener$SimpleForwardingClientCallListener.onClose(ForwardingClientCallListener.java:40)
	at io.grpc.internal.CensusStatsModule$StatsClientInterceptor$1$1.onClose(CensusStatsModule.java:684)
	at io.grpc.PartialForwardingClientCallListener.onClose(PartialForwardingClientCallListener.java:39)
	at io.grpc.ForwardingClientCallListener.onClose(ForwardingClientCallListener.java:23)
	at io.grpc.ForwardingClientCallListener$SimpleForwardingClientCallListener.onClose(ForwardingClientCallListener.java:40)
	at io.grpc.internal.CensusTracingModule$TracingClientInterceptor$1$1.onClose(CensusTracingModule.java:403)
	at io.grpc.internal.ClientCallImpl.closeObserver(ClientCallImpl.java:459)
	at io.grpc.internal.ClientCallImpl.access$300(ClientCallImpl.java:63)
	at io.grpc.internal.ClientCallImpl$ClientStreamListenerImpl.close(ClientCallImpl.java:546)
	at io.grpc.internal.ClientCallImpl$ClientStreamListenerImpl.access$600(ClientCallImpl.java:467)
	at io.grpc.internal.ClientCallImpl$ClientStreamListenerImpl$1StreamClosed.runInContext(ClientCallImpl.java:584)
	at io.grpc.internal.ContextRunnable.run(ContextRunnable.java:37)
	at io.grpc.internal.SerializingExecutor.run(SerializingExecutor.java:123)
	at java.util.concurrent.ThreadPoolExecutor.runWorker(ThreadPoolExecutor.java:1149)
	at java.util.concurrent.ThreadPoolExecutor$Worker.run(ThreadPoolExecutor.java:624)
	at java.lang.Thread.run(Thread.java:748)
2022-07-14 17:22:00,345 [main] INFO  - main       - ChainingConverter          - ContentTypeConverter of type [class org.axonframework.serialization.xml.Dom4JToByteArrayConverter] is ignored. It seems to rely on a class that is not available in the class loader: org/dom4j/Document
2022-07-14 17:22:00,345 [main] INFO  - main       - ChainingConverter          - ContentTypeConverter of type [class org.axonframework.serialization.xml.InputStreamToDom4jConverter] is ignored. It seems to rely on a class that is not available in the class loader: org/dom4j/Document
2022-07-14 17:22:00,345 [main] INFO  - main       - ChainingConverter          - ContentTypeConverter of type [class org.axonframework.serialization.xml.XomToStringConverter] is ignored. It seems to rely on a class that is not available in the class loader: nu/xom/Document
2022-07-14 17:22:00,345 [main] INFO  - main       - ChainingConverter          - ContentTypeConverter of type [class org.axonframework.serialization.xml.InputStreamToXomConverter] is ignored. It seems to rely on a class that is not available in the class loader: nu/xom/ParsingException
2022-07-14 17:22:00,352 [main] INFO  - main       - xonServerConnectionManager - Connecting using unencrypted connection...
2022-07-14 17:22:00,361 [main] INFO  - main       - xonServerConnectionManager - Re-subscribing commands and queries
2022-07-14 17:22:00,397 [AxonServerConnector-0] INFO  - onnector-0 - xonServerConnectionManager - Connecting using unencrypted connection...
2022-07-14 17:22:00,400 [AxonServerConnector-0] INFO  - onnector-0 - xonServerConnectionManager - Connecting using unencrypted connection...
2022-07-14 17:22:00,401 [AxonServerConnector-0] INFO  - onnector-0 - xonServerConnectionManager - Connecting using unencrypted connection...
2022-07-14 17:22:00,402 [AxonServerConnector-0] INFO  - onnector-0 - xonServerConnectionManager - Connecting using unencrypted connection...
2022-07-14 17:22:00,413 [AxonServerConnector-0] INFO  - onnector-0 - xonServerConnectionManager - Re-subscribing commands and queries
2022-07-14 17:22:00,414 [AxonServerConnector-0] INFO  - onnector-0 - xonServerConnectionManager - Re-subscribing commands and queries
2022-07-14 17:22:00,415 [AxonServerConnector-0] INFO  - onnector-0 - xonServerConnectionManager - Re-subscribing commands and queries
2022-07-14 17:22:00,418 [AxonServerConnector-0] INFO  - onnector-0 - xonServerConnectionManager - Re-subscribing commands and queries
2022-07-14 17:22:00,418 [AxonServerConnector-0] INFO  - onnector-0 - AxonServerQueryBus         - Creating new subscriber
2022-07-14 17:22:00,441 [AxonServerConnector-0] INFO  - onnector-0 - xonServerConnectionManager - Connecting using unencrypted connection...
2022-07-14 17:22:00,443 [AxonServerConnector-0] INFO  - onnector-0 - xonServerConnectionManager - Connecting using unencrypted connection...
2022-07-14 17:22:00,450 [AxonServerConnector-0] INFO  - onnector-0 - xonServerConnectionManager - Re-subscribing commands and queries
2022-07-14 17:22:00,453 [AxonServerConnector-0] INFO  - onnector-0 - xonServerConnectionManager - Re-subscribing commands and queries
Tests run: 9, Failures: 0, Errors: 0, Skipped: 0, Time elapsed: 2.34 sec - in org.axonframework.axonserver.connector.query.AxonServerQueryBusTest
Running org.axonframework.axonserver.connector.query.QueueBackedSpliteratorTest
2022-07-14 17:22:00,905 [grpc-default-executor-13] WARN  - xecutor-13 - AxonServerQueryBus         - Received error from server: CANCELLED: HTTP/2 error code: CANCEL
Received Rst Stream
2022-07-14 17:22:00,906 [grpc-default-executor-9] WARN  - executor-9 - AxonServerQueryBus         - Received error while waiting for responses: CANCELLED: HTTP/2 error code: CANCEL
Received Rst Stream
io.grpc.StatusRuntimeException: CANCELLED: HTTP/2 error code: CANCEL
Received Rst Stream
	at io.grpc.Status.asRuntimeException(Status.java:526)
	at io.grpc.stub.ClientCalls$StreamObserverToCallListenerAdapter.onClose(ClientCalls.java:420)
	at io.grpc.PartialForwardingClientCallListener.onClose(PartialForwardingClientCallListener.java:39)
	at io.grpc.ForwardingClientCallListener.onClose(ForwardingClientCallListener.java:23)
	at io.grpc.ForwardingClientCallListener$SimpleForwardingClientCallListener.onClose(ForwardingClientCallListener.java:40)
	at io.grpc.internal.CensusStatsModule$StatsClientInterceptor$1$1.onClose(CensusStatsModule.java:684)
	at io.grpc.PartialForwardingClientCallListener.onClose(PartialForwardingClientCallListener.java:39)
	at io.grpc.ForwardingClientCallListener.onClose(ForwardingClientCallListener.java:23)
	at io.grpc.ForwardingClientCallListener$SimpleForwardingClientCallListener.onClose(ForwardingClientCallListener.java:40)
	at io.grpc.internal.CensusTracingModule$TracingClientInterceptor$1$1.onClose(CensusTracingModule.java:403)
	at io.grpc.internal.ClientCallImpl.closeObserver(ClientCallImpl.java:459)
	at io.grpc.internal.ClientCallImpl.access$300(ClientCallImpl.java:63)
	at io.grpc.internal.ClientCallImpl$ClientStreamListenerImpl.close(ClientCallImpl.java:546)
	at io.grpc.internal.ClientCallImpl$ClientStreamListenerImpl.access$600(ClientCallImpl.java:467)
	at io.grpc.internal.ClientCallImpl$ClientStreamListenerImpl$1StreamClosed.runInContext(ClientCallImpl.java:584)
	at io.grpc.internal.ContextRunnable.run(ContextRunnable.java:37)
	at io.grpc.internal.SerializingExecutor.run(SerializingExecutor.java:123)
	at java.util.concurrent.ThreadPoolExecutor.runWorker(ThreadPoolExecutor.java:1149)
	at java.util.concurrent.ThreadPoolExecutor$Worker.run(ThreadPoolExecutor.java:624)
	at java.lang.Thread.run(Thread.java:748)
2022-07-14 17:22:00,907 [grpc-default-executor-13] INFO  - xecutor-13 - AxonServerQueryBus         - Creating new subscriber
2022-07-14 17:22:00,907 [grpc-default-executor-9] WARN  - executor-9 - AxonServerQueryBus         - Received error from server: UNAVAILABLE: Channel shutdown invoked
2022-07-14 17:22:01,004 [AxonServerConnector-0] INFO  - onnector-0 - xonServerConnectionManager - Connecting using unencrypted connection...
2022-07-14 17:22:01,005 [AxonServerConnector-0] INFO  - onnector-0 - xonServerConnectionManager - Connecting using unencrypted connection...
2022-07-14 17:22:01,004 [AxonServerConnector-0] INFO  - onnector-0 - xonServerConnectionManager - Connecting using unencrypted connection...
2022-07-14 17:22:01,005 [AxonServerConnector-0] INFO  - onnector-0 - xonServerConnectionManager - Connecting using unencrypted connection...
2022-07-14 17:22:01,007 [AxonServerConnector-0] INFO  - onnector-0 - xonServerConnectionManager - Connecting using unencrypted connection...
2022-07-14 17:22:01,007 [AxonServerConnector-0] INFO  - onnector-0 - xonServerConnectionManager - Connecting using unencrypted connection...
2022-07-14 17:22:01,008 [AxonServerConnector-0] INFO  - onnector-0 - xonServerConnectionManager - Connecting using unencrypted connection...
2022-07-14 17:22:01,009 [AxonServerConnector-0] WARN  - onnector-0 - xonServerConnectionManager - Connecting to AxonServer node localhost:4343 failed: UNAVAILABLE: io exception
2022-07-14 17:22:01,009 [AxonServerConnector-0] WARN  - onnector-0 - xonServerConnectionManager - Connecting to AxonServer node localhost:4343 failed: UNAVAILABLE: io exception
2022-07-14 17:22:01,009 [AxonServerConnector-0] WARN  - onnector-0 - xonServerConnectionManager - Connecting to AxonServer node localhost:4343 failed: UNAVAILABLE: io exception
2022-07-14 17:22:01,009 [AxonServerConnector-0] WARN  - onnector-0 - xonServerConnectionManager - Connecting to AxonServer node localhost:4343 failed: UNAVAILABLE: io exception
2022-07-14 17:22:01,009 [AxonServerConnector-0] WARN  - onnector-0 - xonServerConnectionManager - Connecting to AxonServer node localhost:4343 failed: UNAVAILABLE: io exception
2022-07-14 17:22:01,010 [AxonServerConnector-0] WARN  - onnector-0 - xonServerConnectionManager - Connecting to AxonServer node localhost:4343 failed: UNAVAILABLE: io exception
2022-07-14 17:22:01,011 [AxonServerConnector-0] WARN  - onnector-0 - xonServerConnectionManager - Connecting to AxonServer node localhost:4343 failed: UNAVAILABLE: io exception
Tests run: 3, Failures: 0, Errors: 0, Skipped: 0, Time elapsed: 1.002 sec - in org.axonframework.axonserver.connector.query.QueueBackedSpliteratorTest
Running org.axonframework.axonserver.connector.query.subscription.AxonServerSubscriptionQueryResultTest
2022-07-14 17:22:02,054 [main] INFO  - main       - wControllingStreamObserver - Observer stopped
Tests run: 3, Failures: 0, Errors: 0, Skipped: 0, Time elapsed: 0.143 sec - in org.axonframework.axonserver.connector.query.subscription.AxonServerSubscriptionQueryResultTest
Running org.axonframework.axonserver.connector.query.subscription.SubscriptionMessageSerializerTest
2022-07-14 17:22:02,058 [main] INFO  - main       - ChainingConverter          - ContentTypeConverter of type [class org.axonframework.serialization.xml.Dom4JToByteArrayConverter] is ignored. It seems to rely on a class that is not available in the class loader: org/dom4j/Document
2022-07-14 17:22:02,058 [main] INFO  - main       - ChainingConverter          - ContentTypeConverter of type [class org.axonframework.serialization.xml.InputStreamToDom4jConverter] is ignored. It seems to rely on a class that is not available in the class loader: org/dom4j/Document
2022-07-14 17:22:02,058 [main] INFO  - main       - ChainingConverter          - ContentTypeConverter of type [class org.axonframework.serialization.xml.XomToStringConverter] is ignored. It seems to rely on a class that is not available in the class loader: nu/xom/Document
2022-07-14 17:22:02,059 [main] INFO  - main       - ChainingConverter          - ContentTypeConverter of type [class org.axonframework.serialization.xml.InputStreamToXomConverter] is ignored. It seems to rely on a class that is not available in the class loader: nu/xom/ParsingException
2022-07-14 17:22:02,065 [main] INFO  - main       - ChainingConverter          - ContentTypeConverter of type [class org.axonframework.serialization.xml.Dom4JToByteArrayConverter] is ignored. It seems to rely on a class that is not available in the class loader: org/dom4j/Document
2022-07-14 17:22:02,065 [main] INFO  - main       - ChainingConverter          - ContentTypeConverter of type [class org.axonframework.serialization.xml.InputStreamToDom4jConverter] is ignored. It seems to rely on a class that is not available in the class loader: org/dom4j/Document
2022-07-14 17:22:02,065 [main] INFO  - main       - ChainingConverter          - ContentTypeConverter of type [class org.axonframework.serialization.xml.XomToStringConverter] is ignored. It seems to rely on a class that is not available in the class loader: nu/xom/Document
2022-07-14 17:22:02,065 [main] INFO  - main       - ChainingConverter          - ContentTypeConverter of type [class org.axonframework.serialization.xml.InputStreamToXomConverter] is ignored. It seems to rely on a class that is not available in the class loader: nu/xom/ParsingException
2022-07-14 17:22:02,070 [main] INFO  - main       - ChainingConverter          - ContentTypeConverter of type [class org.axonframework.serialization.xml.Dom4JToByteArrayConverter] is ignored. It seems to rely on a class that is not available in the class loader: org/dom4j/Document
2022-07-14 17:22:02,070 [main] INFO  - main       - ChainingConverter          - ContentTypeConverter of type [class org.axonframework.serialization.xml.InputStreamToDom4jConverter] is ignored. It seems to rely on a class that is not available in the class loader: org/dom4j/Document
2022-07-14 17:22:02,071 [main] INFO  - main       - ChainingConverter          - ContentTypeConverter of type [class org.axonframework.serialization.xml.XomToStringConverter] is ignored. It seems to rely on a class that is not available in the class loader: nu/xom/Document
2022-07-14 17:22:02,071 [main] INFO  - main       - ChainingConverter          - ContentTypeConverter of type [class org.axonframework.serialization.xml.InputStreamToXomConverter] is ignored. It seems to rely on a class that is not available in the class loader: nu/xom/ParsingException
2022-07-14 17:22:02,078 [main] INFO  - main       - ChainingConverter          - ContentTypeConverter of type [class org.axonframework.serialization.xml.Dom4JToByteArrayConverter] is ignored. It seems to rely on a class that is not available in the class loader: org/dom4j/Document
2022-07-14 17:22:02,078 [main] INFO  - main       - ChainingConverter          - ContentTypeConverter of type [class org.axonframework.serialization.xml.InputStreamToDom4jConverter] is ignored. It seems to rely on a class that is not available in the class loader: org/dom4j/Document
2022-07-14 17:22:02,078 [main] INFO  - main       - ChainingConverter          - ContentTypeConverter of type [class org.axonframework.serialization.xml.XomToStringConverter] is ignored. It seems to rely on a class that is not available in the class loader: nu/xom/Document
2022-07-14 17:22:02,079 [main] INFO  - main       - ChainingConverter          - ContentTypeConverter of type [class org.axonframework.serialization.xml.InputStreamToXomConverter] is ignored. It seems to rely on a class that is not available in the class loader: nu/xom/ParsingException
2022-07-14 17:22:02,085 [main] INFO  - main       - ChainingConverter          - ContentTypeConverter of type [class org.axonframework.serialization.xml.Dom4JToByteArrayConverter] is ignored. It seems to rely on a class that is not available in the class loader: org/dom4j/Document
2022-07-14 17:22:02,085 [main] INFO  - main       - ChainingConverter          - ContentTypeConverter of type [class org.axonframework.serialization.xml.InputStreamToDom4jConverter] is ignored. It seems to rely on a class that is not available in the class loader: org/dom4j/Document
2022-07-14 17:22:02,086 [main] INFO  - main       - ChainingConverter          - ContentTypeConverter of type [class org.axonframework.serialization.xml.XomToStringConverter] is ignored. It seems to rely on a class that is not available in the class loader: nu/xom/Document
2022-07-14 17:22:02,086 [main] INFO  - main       - ChainingConverter          - ContentTypeConverter of type [class org.axonframework.serialization.xml.InputStreamToXomConverter] is ignored. It seems to rely on a class that is not available in the class loader: nu/xom/ParsingException
Tests run: 5, Failures: 0, Errors: 0, Skipped: 0, Time elapsed: 0.069 sec - in org.axonframework.axonserver.connector.query.subscription.SubscriptionMessageSerializerTest
Running org.axonframework.axonserver.connector.query.QuerySerializerTest
2022-07-14 17:22:02,129 [main] INFO  - main       - ChainingConverter          - ContentTypeConverter of type [class org.axonframework.serialization.xml.Dom4JToByteArrayConverter] is ignored. It seems to rely on a class that is not available in the class loader: org/dom4j/Document
2022-07-14 17:22:02,129 [main] INFO  - main       - ChainingConverter          - ContentTypeConverter of type [class org.axonframework.serialization.xml.InputStreamToDom4jConverter] is ignored. It seems to rely on a class that is not available in the class loader: org/dom4j/Document
2022-07-14 17:22:02,130 [main] INFO  - main       - ChainingConverter          - ContentTypeConverter of type [class org.axonframework.serialization.xml.XomToStringConverter] is ignored. It seems to rely on a class that is not available in the class loader: nu/xom/Document
2022-07-14 17:22:02,130 [main] INFO  - main       - ChainingConverter          - ContentTypeConverter of type [class org.axonframework.serialization.xml.InputStreamToXomConverter] is ignored. It seems to rely on a class that is not available in the class loader: nu/xom/ParsingException
2022-07-14 17:22:02,133 [main] INFO  - main       - ChainingConverter          - ContentTypeConverter of type [class org.axonframework.serialization.xml.Dom4JToByteArrayConverter] is ignored. It seems to rely on a class that is not available in the class loader: org/dom4j/Document
2022-07-14 17:22:02,134 [main] INFO  - main       - ChainingConverter          - ContentTypeConverter of type [class org.axonframework.serialization.xml.InputStreamToDom4jConverter] is ignored. It seems to rely on a class that is not available in the class loader: org/dom4j/Document
2022-07-14 17:22:02,134 [main] INFO  - main       - ChainingConverter          - ContentTypeConverter of type [class org.axonframework.serialization.xml.XomToStringConverter] is ignored. It seems to rely on a class that is not available in the class loader: nu/xom/Document
2022-07-14 17:22:02,134 [main] INFO  - main       - ChainingConverter          - ContentTypeConverter of type [class org.axonframework.serialization.xml.InputStreamToXomConverter] is ignored. It seems to rely on a class that is not available in the class loader: nu/xom/ParsingException
2022-07-14 17:22:02,159 [main] INFO  - main       - ChainingConverter          - ContentTypeConverter of type [class org.axonframework.serialization.xml.Dom4JToByteArrayConverter] is ignored. It seems to rely on a class that is not available in the class loader: org/dom4j/Document
2022-07-14 17:22:02,159 [main] INFO  - main       - ChainingConverter          - ContentTypeConverter of type [class org.axonframework.serialization.xml.InputStreamToDom4jConverter] is ignored. It seems to rely on a class that is not available in the class loader: org/dom4j/Document
2022-07-14 17:22:02,159 [main] INFO  - main       - ChainingConverter          - ContentTypeConverter of type [class org.axonframework.serialization.xml.XomToStringConverter] is ignored. It seems to rely on a class that is not available in the class loader: nu/xom/Document
2022-07-14 17:22:02,159 [main] INFO  - main       - ChainingConverter          - ContentTypeConverter of type [class org.axonframework.serialization.xml.InputStreamToXomConverter] is ignored. It seems to rely on a class that is not available in the class loader: nu/xom/ParsingException
Tests run: 3, Failures: 0, Errors: 0, Skipped: 0, Time elapsed: 0.035 sec - in org.axonframework.axonserver.connector.query.QuerySerializerTest

Results :

Tests in error: 
  ErrorCodeTest.testConvertWithoutSource:56  NullPointer

Tests run: 48, Failures: 0, Errors: 1, Skipped: 0

[INFO] ------------------------------------------------------------------------
[INFO] Reactor Summary:
[INFO] 
[INFO] Axon Framework 4.0.1-SNAPSHOT ...................... SUCCESS [  0.002 s]
[INFO] Axon Framework Messaging ........................... SUCCESS [ 33.967 s]
[INFO] Axon Framework Modelling ........................... SUCCESS [  7.929 s]
[INFO] Axon Event Sourcing ................................ SUCCESS [ 10.489 s]
[INFO] Axon Disruptor ..................................... SUCCESS [ 23.342 s]
[INFO] Axon Configuration ................................. SUCCESS [  7.696 s]
[INFO] Axon Framework Test Fixtures ....................... SUCCESS [  3.330 s]
[INFO] Axon Framework Connector for AxonServer ............ FAILURE [ 16.606 s]
[INFO] Axon Framework Metrics ............................. SKIPPED
[INFO] Axon Framework Spring Support ...................... SKIPPED
[INFO] Axon Framework Spring Boot Support ................. SKIPPED
[INFO] Spring Boot Starter module for Axon Framework ...... SKIPPED
[INFO] Axon Integration tests ............................. SKIPPED
[INFO] Axon Legacy Components 4.0.1-SNAPSHOT .............. SKIPPED
[INFO] ------------------------------------------------------------------------
[INFO] BUILD FAILURE
[INFO] ------------------------------------------------------------------------
[INFO] Total time: 01:44 min
[INFO] Finished at: 2022-07-14T17:22:02-07:00
[INFO] ------------------------------------------------------------------------
[ERROR] Failed to execute goal org.apache.maven.plugins:maven-surefire-plugin:2.19.1:test (default-test) on project axon-server-connector: There are test failures.
[ERROR] 
[ERROR] Please refer to /data-depot/user/Workspace/Reproducibility/Reproducibility-Scanner/reproducer/workspace/Bears-200/axon-server-connector/target/surefire-reports for the individual test results.
[ERROR] -> [Help 1]
[ERROR] 
[ERROR] To see the full stack trace of the errors, re-run Maven with the -e switch.
[ERROR] Re-run Maven using the -X switch to enable full debug logging.
[ERROR] 
[ERROR] For more information about the errors and possible solutions, please read the following articles:
[ERROR] [Help 1] http://cwiki.apache.org/confluence/display/MAVEN/MojoFailureException
[ERROR] 
[ERROR] After correcting the problems, you can resume the build with the command
[ERROR]   mvn <goals> -rf :axon-server-connector
Running the tests related to the bug Bears-200...
The tests related to the bug Bears-200 were executed.