Apache Maven 3.5.4 (1edded0938998edf8bf061f1ceb3cfdeccf443fe; 2018-06-17T11:33:14-07:00)
Maven home: /usr/local/apache-maven
Java version: 1.8.0_312, vendor: Private Build, runtime: /usr/lib/jvm/java-8-openjdk-amd64/jre
Default locale: en_US, platform encoding: UTF-8
OS name: "linux", version: "4.15.0-173-generic", arch: "amd64", family: "unix"
[INFO] Scanning for projects...
[WARNING] 
[WARNING] Some problems were encountered while building the effective model for com.blazebit:blaze-persistence-parent:pom:1.2.0-SNAPSHOT
[WARNING] 'dependencyManagement.dependencies.dependency.(groupId:artifactId:type:classifier)' must be unique: ${project.groupId}:blaze-persistence-integration-datanucleus-5.1:jar -> duplicate declaration of version ${project.version} @ com.blazebit:blaze-persistence-parent:[unknown-version], /data-depot/user/Workspace/Reproducibility/Reproducibility-Scanner/reproducer/workspace/Bears-156/parent/pom.xml, line 234, column 25
[WARNING] 
[WARNING] Some problems were encountered while building the effective model for com.blazebit:blaze-persistence-core-testsuite:jar:1.2.0-SNAPSHOT
[WARNING] 'profiles.profile[datanucleus-4].dependencies.dependency.(groupId:artifactId:type:classifier)' must be unique: org.datanucleus:datanucleus-jpa-query:jar -> version ${version.datanucleus.jpa-4} vs ${version.datanucleus.jpa-5} @ com.blazebit:blaze-persistence-core-testsuite:[unknown-version], /data-depot/user/Workspace/Reproducibility/Reproducibility-Scanner/reproducer/workspace/Bears-156/core/testsuite/pom.xml, line 1579, column 29
[WARNING] 
[WARNING] Some problems were encountered while building the effective model for com.blazebit:blaze-persistence-core:pom:1.2.0-SNAPSHOT
[WARNING] 'dependencyManagement.dependencies.dependency.(groupId:artifactId:type:classifier)' must be unique: ${project.groupId}:blaze-persistence-integration-datanucleus-5.1:jar -> duplicate declaration of version ${project.version} @ com.blazebit:blaze-persistence-parent:[unknown-version], /data-depot/user/Workspace/Reproducibility/Reproducibility-Scanner/reproducer/workspace/Bears-156/parent/pom.xml, line 234, column 25
[WARNING] 
[WARNING] Some problems were encountered while building the effective model for com.blazebit:blaze-persistence-entity-view-testsuite:jar:1.2.0-SNAPSHOT
[WARNING] 'profiles.profile[datanucleus-4].dependencies.dependency.(groupId:artifactId:type:classifier)' must be unique: org.datanucleus:datanucleus-jpa-query:jar -> version ${version.datanucleus.jpa-4} vs ${version.datanucleus.jpa-5} @ com.blazebit:blaze-persistence-entity-view-testsuite:[unknown-version], /data-depot/user/Workspace/Reproducibility/Reproducibility-Scanner/reproducer/workspace/Bears-156/entity-view/testsuite/pom.xml, line 1317, column 29
[WARNING] 
[WARNING] It is highly recommended to fix these problems because they threaten the stability of your build.
[WARNING] 
[WARNING] For this reason, future Maven versions might no longer support building such malformed projects.
[WARNING] 
[INFO] ------------------------------------------------------------------------
[INFO] Reactor Build Order:
[INFO] 
[INFO] Blazebit Blaze-Persistence                                         [pom]
[INFO] Blazebit Persistence Checkstyle Rules                              [jar]
[INFO] Blazebit Persistence Parent                                        [pom]
[INFO] Blazebit Persistence Core Module                                   [pom]
[INFO] Blazebit Persistence Core API                                      [jar]
[INFO] Blazebit Persistence Core Parser                                   [jar]
[INFO] Blazebit Persistence Core Impl                                     [jar]
[INFO] Blazebit Persistence Integrations                                  [pom]
[INFO] Blazebit Persistence Integration JPA Base                          [jar]
[INFO] Blazebit Persistence Integration Hibernate Base                    [jar]
[INFO] Blazebit Persistence Integration Hibernate 5.2                     [jar]
[INFO] Blazebit Persistence Testsuite Base                                [pom]
[INFO] Blazebit Persistence Testsuite Base JPA                            [jar]
[INFO] Blazebit Persistence Testsuite Base Hibernate                      [jar]
[INFO] Blazebit Persistence Core Testsuite                                [jar]
[INFO] Blazebit Persistence Entity-View Module                            [pom]
[INFO] Blazebit Persistence Entity-View API                               [jar]
[INFO] Blazebit Persistence Entity-View Impl                              [jar]
[INFO] Blazebit Persistence Entity-View Testsuite                         [jar]
[INFO] Blazebit Persistence JPA-Criteria Module                           [pom]
[INFO] Blazebit Persistence JPA-2 Compatibility                           [jar]
[INFO] Blazebit Persistence JPA-Criteria API                              [jar]
[INFO] Blazebit Persistence JPA-Criteria Impl                             [jar]
[INFO] Blazebit Persistence JPA-Criteria Testsuite                        [jar]
[INFO] Blazebit Persistence Integration Hibernate 4.2                     [jar]
[INFO] Blazebit Persistence Integration Hibernate 4.3                     [jar]
[INFO] Blazebit Persistence Integration Hibernate 5                       [jar]
[INFO] Blazebit Persistence Integration Hibernate 5.3                     [jar]
[INFO] Blazebit Persistence Integration Hibernate 6.0                     [jar]
[INFO] Blazebit Persistence Integration DataNucleus                       [jar]
[INFO] Blazebit Persistence Integration DataNucleus 5.1                   [jar]
[INFO] Blazebit Persistence Integration EclipseLink                       [jar]
[INFO] Blazebit Persistence Integration OpenJPA                           [jar]
[INFO] Blazebit Persistence Integration Entity-View CDI                   [jar]
[INFO] Blazebit Persistence Integration Entity-View Spring                [jar]
[INFO] Blazebit Persistence Integrations Spring-Data                      [pom]
[INFO] Blazebit Persistence Integration Spring-Data Base                  [jar]
[INFO] Blazebit Persistence Integration Spring-Data 1.x                   [jar]
[INFO] Blazebit Persistence Integration Spring-Data 2.x                   [jar]
[INFO] Blazebit Persistence Integration Spring-Data-Rest                  [jar]
[INFO] Blazebit Persistence Integration Spring-Data Testsuite             [jar]
[INFO] Blazebit Persistence Integration DeltaSpike Data                   [pom]
[INFO] Blazebit Persistence Integration DeltaSpike Data API               [jar]
[INFO] Blazebit Persistence Integration DeltaSpike Data Impl 1.7          [jar]
[INFO] Blazebit Persistence Integration DeltaSpike Data Impl 1.8          [jar]
[INFO] Blazebit Persistence Integration DeltaSpike Data Testsuite         [jar]
[INFO] Blazebit Persistence Testsuite Base DataNucleus                    [jar]
[INFO] Blazebit Persistence Testsuite Base EclipseLink                    [jar]
[INFO] Blazebit Persistence Testsuite Base OpenJPA                        [jar]
[INFO] Blazebit Persistence Documentation                                 [jar]
[INFO] Blazebit Persistence Website                                       [jar]
[INFO] Blazebit Persistence Examples                                      [pom]
[INFO] Blazebit Persistence Examples Showcase                             [pom]
[INFO] Blazebit Persistence Examples Showcase Base                        [jar]
[INFO] Blazebit Persistence Examples Showcase SPI                         [jar]
[INFO] Blazebit Persistence Examples Showcase Fragments                   [pom]
[INFO] Blazebit Persistence Examples Showcase Fragments Basic             [jar]
[INFO] Blazebit Persistence Examples Showcase Fragments CTE               [jar]
[INFO] Blazebit Persistence Examples Showcase Fragments Spring Data       [jar]
[INFO] Blazebit Persistence Examples Showcase Runner                      [pom]
[INFO] Blazebit Persistence Examples Showcase Runner CDI                  [jar]
[INFO] Blazebit Persistence Examples Showcase Runner Spring               [jar]
[INFO] Blazebit Persistence Examples Spring Data REST                     [jar]
[INFO] Blazebit Persistence Archetype Parent                              [pom]
[INFO] Blazebit Persistence Archetype Core Sample                         [jar]
[INFO] Blazebit Persistence Archetype Entity-View Sample                  [jar]
[INFO] Blazebit Persistence Archetype Spring-Data Sample                  [jar]
[INFO] Blazebit Persistence Archetype Spring-Boot Sample                  [jar]
[INFO] Blazebit Persistence Archetype DeltaSpike Data Sample              [jar]
[INFO] Blazebit Persistence Archetype Java EE Sample                      [jar]
[INFO] 
[INFO] -------------------< com.blazebit:blaze-persistence >-------------------
[INFO] Building Blazebit Blaze-Persistence 1.2.0-SNAPSHOT                [1/70]
[INFO] --------------------------------[ pom ]---------------------------------
[INFO] 
[INFO] --- maven-enforcer-plugin:3.0.0-M1:enforce (enforce-java-version) @ blaze-persistence ---
[INFO] Skipping Rule Enforcement.
[INFO] 
[INFO] --- maven-enforcer-plugin:3.0.0-M1:enforce (enforce-maven-version) @ blaze-persistence ---
[INFO] Skipping Rule Enforcement.
[INFO] 
[INFO] --- buildnumber-maven-plugin:1.4:create-timestamp (get-build-timestamp) @ blaze-persistence ---
[INFO] 
[INFO] --- buildnumber-maven-plugin:1.4:create (get-scm-revision) @ blaze-persistence ---
[INFO] Executing: /bin/sh -c cd '/data-depot/user/Workspace/Reproducibility/Reproducibility-Scanner/reproducer/workspace/Bears-156' && 'git' 'rev-parse' '--verify' 'HEAD'
[INFO] Working directory: /data-depot/user/Workspace/Reproducibility/Reproducibility-Scanner/reproducer/workspace/Bears-156
[INFO] Storing buildNumber: UNKNOWN at timestamp: 1657775532527
[WARNING] Cannot get the branch information from the git repository: 
Detecting the current branch failed: fatal: not a git repository: /data-depot/user/Workspace/Reproducibility/Reproducibility-Scanner/reproducer/workspace/Bears-156/../../.git/modules/benchmarks/bears-benchmark

[INFO] Executing: /bin/sh -c cd '/data-depot/user/Workspace/Reproducibility/Reproducibility-Scanner/reproducer/workspace/Bears-156' && 'git' 'rev-parse' '--verify' 'HEAD'
[INFO] Working directory: /data-depot/user/Workspace/Reproducibility/Reproducibility-Scanner/reproducer/workspace/Bears-156
[INFO] Storing buildScmBranch: UNKNOWN_BRANCH
[INFO] 
[INFO] --- license-maven-plugin:3.0:check (check-license) @ blaze-persistence ---
[INFO] 
[INFO] ----------< com.blazebit:blaze-persistence-checkstyle-rules >-----------
[INFO] Building Blazebit Persistence Checkstyle Rules 1.2.0-SNAPSHOT     [2/70]
[INFO] --------------------------------[ jar ]---------------------------------
[INFO] 
[INFO] --- maven-enforcer-plugin:3.0.0-M1:enforce (enforce-java-version) @ blaze-persistence-checkstyle-rules ---
[INFO] Skipping Rule Enforcement.
[INFO] 
[INFO] --- maven-enforcer-plugin:3.0.0-M1:enforce (enforce-maven-version) @ blaze-persistence-checkstyle-rules ---
[INFO] Skipping Rule Enforcement.
[INFO] 
[INFO] --- buildnumber-maven-plugin:1.4:create-timestamp (get-build-timestamp) @ blaze-persistence-checkstyle-rules ---
[INFO] 
[INFO] --- buildnumber-maven-plugin:1.4:create (get-scm-revision) @ blaze-persistence-checkstyle-rules ---
[INFO] 
[INFO] --- license-maven-plugin:3.0:check (check-license) @ blaze-persistence-checkstyle-rules ---
[INFO] 
[INFO] --- maven-resources-plugin:3.0.2:resources (default-resources) @ blaze-persistence-checkstyle-rules ---
[INFO] Using 'UTF-8' encoding to copy filtered resources.
[INFO] Copying 4 resources
[INFO] 
[INFO] --- maven-compiler-plugin:3.7.0:compile (default-compile) @ blaze-persistence-checkstyle-rules ---
[INFO] Changes detected - recompiling the module!
[INFO] Compiling 2 source files to /data-depot/user/Workspace/Reproducibility/Reproducibility-Scanner/reproducer/workspace/Bears-156/checkstyle-rules/target/classes
[WARNING] bootstrap class path not set in conjunction with -source 1.7
[INFO] 
[INFO] --- maven-resources-plugin:3.0.2:testResources (default-testResources) @ blaze-persistence-checkstyle-rules ---
[INFO] Using 'UTF-8' encoding to copy filtered resources.
[INFO] skip non existing resourceDirectory /data-depot/user/Workspace/Reproducibility/Reproducibility-Scanner/reproducer/workspace/Bears-156/checkstyle-rules/src/test/resources
[INFO] 
[INFO] --- maven-compiler-plugin:3.7.0:testCompile (default-testCompile) @ blaze-persistence-checkstyle-rules ---
[INFO] No sources to compile
[INFO] 
[INFO] --- maven-surefire-plugin:2.20.1:test (default-test) @ blaze-persistence-checkstyle-rules ---
[INFO] No tests to run.
[INFO] 
[INFO] ---------------< com.blazebit:blaze-persistence-parent >----------------
[INFO] Building Blazebit Persistence Parent 1.2.0-SNAPSHOT               [3/70]
[INFO] --------------------------------[ pom ]---------------------------------
[INFO] 
[INFO] --- maven-enforcer-plugin:3.0.0-M1:enforce (enforce-java-version) @ blaze-persistence-parent ---
[INFO] Skipping Rule Enforcement.
[INFO] 
[INFO] --- maven-enforcer-plugin:3.0.0-M1:enforce (enforce-maven-version) @ blaze-persistence-parent ---
[INFO] Skipping Rule Enforcement.
[INFO] 
[INFO] --- buildnumber-maven-plugin:1.4:create-timestamp (get-build-timestamp) @ blaze-persistence-parent ---
[INFO] 
[INFO] --- buildnumber-maven-plugin:1.4:create (get-scm-revision) @ blaze-persistence-parent ---
[INFO] 
[INFO] --- license-maven-plugin:3.0:check (check-license) @ blaze-persistence-parent ---
[INFO] 
[INFO] ----------------< com.blazebit:blaze-persistence-core >-----------------
[INFO] Building Blazebit Persistence Core Module 1.2.0-SNAPSHOT          [4/70]
[INFO] --------------------------------[ pom ]---------------------------------
[INFO] 
[INFO] --- maven-enforcer-plugin:3.0.0-M1:enforce (enforce-java-version) @ blaze-persistence-core ---
[INFO] Skipping Rule Enforcement.
[INFO] 
[INFO] --- maven-enforcer-plugin:3.0.0-M1:enforce (enforce-maven-version) @ blaze-persistence-core ---
[INFO] Skipping Rule Enforcement.
[INFO] 
[INFO] --- buildnumber-maven-plugin:1.4:create-timestamp (get-build-timestamp) @ blaze-persistence-core ---
[INFO] 
[INFO] --- buildnumber-maven-plugin:1.4:create (get-scm-revision) @ blaze-persistence-core ---
[INFO] 
[INFO] --- license-maven-plugin:3.0:check (check-license) @ blaze-persistence-core ---
[INFO] 
[INFO] --------------< com.blazebit:blaze-persistence-core-api >---------------
[INFO] Building Blazebit Persistence Core API 1.2.0-SNAPSHOT             [5/70]
[INFO] --------------------------------[ jar ]---------------------------------
[INFO] 
[INFO] --- maven-enforcer-plugin:3.0.0-M1:enforce (enforce-java-version) @ blaze-persistence-core-api ---
[INFO] Skipping Rule Enforcement.
[INFO] 
[INFO] --- maven-enforcer-plugin:3.0.0-M1:enforce (enforce-maven-version) @ blaze-persistence-core-api ---
[INFO] Skipping Rule Enforcement.
[INFO] 
[INFO] --- buildnumber-maven-plugin:1.4:create-timestamp (get-build-timestamp) @ blaze-persistence-core-api ---
[INFO] 
[INFO] --- buildnumber-maven-plugin:1.4:create (get-scm-revision) @ blaze-persistence-core-api ---
[INFO] 
[INFO] --- license-maven-plugin:3.0:check (check-license) @ blaze-persistence-core-api ---
[INFO] 
[INFO] --- maven-resources-plugin:3.0.2:resources (default-resources) @ blaze-persistence-core-api ---
[INFO] Using 'UTF-8' encoding to copy filtered resources.
[INFO] skip non existing resourceDirectory /data-depot/user/Workspace/Reproducibility/Reproducibility-Scanner/reproducer/workspace/Bears-156/core/api/src/main/resources
[INFO] 
[INFO] --- maven-compiler-plugin:3.7.0:compile (default-compile) @ blaze-persistence-core-api ---
[INFO] Changes detected - recompiling the module!
[INFO] Compiling 139 source files to /data-depot/user/Workspace/Reproducibility/Reproducibility-Scanner/reproducer/workspace/Bears-156/core/api/target/classes
[WARNING] bootstrap class path not set in conjunction with -source 1.7
[INFO] 
[INFO] --- maven-resources-plugin:3.0.2:testResources (default-testResources) @ blaze-persistence-core-api ---
[INFO] Using 'UTF-8' encoding to copy filtered resources.
[INFO] skip non existing resourceDirectory /data-depot/user/Workspace/Reproducibility/Reproducibility-Scanner/reproducer/workspace/Bears-156/core/api/src/test/resources
[INFO] 
[INFO] --- maven-compiler-plugin:3.7.0:testCompile (default-testCompile) @ blaze-persistence-core-api ---
[INFO] No sources to compile
[INFO] 
[INFO] --- maven-surefire-plugin:2.19.1:test (default-test) @ blaze-persistence-core-api ---
[INFO] No tests to run.
[INFO] 
[INFO] -------------< com.blazebit:blaze-persistence-core-parser >-------------
[INFO] Building Blazebit Persistence Core Parser 1.2.0-SNAPSHOT          [6/70]
[INFO] --------------------------------[ jar ]---------------------------------
[INFO] 
[INFO] --- maven-enforcer-plugin:3.0.0-M1:enforce (enforce-java-version) @ blaze-persistence-core-parser ---
[INFO] Skipping Rule Enforcement.
[INFO] 
[INFO] --- maven-enforcer-plugin:3.0.0-M1:enforce (enforce-maven-version) @ blaze-persistence-core-parser ---
[INFO] Skipping Rule Enforcement.
[INFO] 
[INFO] --- buildnumber-maven-plugin:1.4:create-timestamp (get-build-timestamp) @ blaze-persistence-core-parser ---
[INFO] 
[INFO] --- buildnumber-maven-plugin:1.4:create (get-scm-revision) @ blaze-persistence-core-parser ---
[INFO] 
[INFO] --- license-maven-plugin:3.0:check (check-license) @ blaze-persistence-core-parser ---
[INFO] 
[INFO] --- antlr4-maven-plugin:4.6:antlr4 (default) @ blaze-persistence-core-parser ---
[INFO] No grammars to process
[INFO] ANTLR 4: Processing source directory /data-depot/user/Workspace/Reproducibility/Reproducibility-Scanner/reproducer/workspace/Bears-156/core/parser/src/main/antlr4
[INFO] 
[INFO] --- build-helper-maven-plugin:3.0.0:add-source (add-antlr4-source) @ blaze-persistence-core-parser ---
[INFO] Source directory: /data-depot/user/Workspace/Reproducibility/Reproducibility-Scanner/reproducer/workspace/Bears-156/core/parser/target/generated/antlr added.
[INFO] 
[INFO] --- maven-resources-plugin:3.0.2:resources (default-resources) @ blaze-persistence-core-parser ---
[INFO] Using 'UTF-8' encoding to copy filtered resources.
[INFO] Copying 1 resource
[INFO] 
[INFO] --- maven-compiler-plugin:3.7.0:compile (default-compile) @ blaze-persistence-core-parser ---
[INFO] Nothing to compile - all classes are up to date
[INFO] 
[INFO] --- maven-resources-plugin:3.0.2:testResources (default-testResources) @ blaze-persistence-core-parser ---
[INFO] Using 'UTF-8' encoding to copy filtered resources.
[INFO] Copying 1 resource
[INFO] 
[INFO] --- maven-compiler-plugin:3.7.0:testCompile (default-testCompile) @ blaze-persistence-core-parser ---
[INFO] Nothing to compile - all classes are up to date
[INFO] 
[INFO] --- maven-surefire-plugin:2.19.1:test (default-test) @ blaze-persistence-core-parser ---

-------------------------------------------------------
 T E S T S
-------------------------------------------------------
Running com.blazebit.persistence.parser.TypeEqTest
Tests run: 5, Failures: 0, Errors: 0, Skipped: 0, Time elapsed: 0.407 sec - in com.blazebit.persistence.parser.TypeEqTest
Running com.blazebit.persistence.parser.SimpleCachingExpressionFactoryPerformanceTest
SimpleCachingExpressionFactoryPerformanceTest.testCreateSimpleExpressionPerformanceNonCaching: [measured 10000 out of 15000 rounds, threads: 4 (physical processors: 40)]
 round: 0.00 [+- 0.00], round.block: 0.00 [+- 0.00], round.gc: 0.00 [+- 0.00], GC.calls: 2, GC.time: 0.01, time.total: 0.76, time.warmup: 0.48, time.bench: 0.28
SimpleCachingExpressionFactoryPerformanceTest.testCreateSimpleExpressionPerformanceWith10MacrosNonCaching: [measured 10000 out of 15000 rounds, threads: 4 (physical processors: 40)]
 round: 0.00 [+- 0.00], round.block: 0.00 [+- 0.00], round.gc: 0.00 [+- 0.00], GC.calls: 1, GC.time: 0.01, time.total: 0.41, time.warmup: 0.15, time.bench: 0.26
SimpleCachingExpressionFactoryPerformanceTest.testCreateSimpleExpressionPerformanceWith100MacrosNonCaching: [measured 10000 out of 15000 rounds, threads: 4 (physical processors: 40)]
 round: 0.00 [+- 0.00], round.block: 0.00 [+- 0.00], round.gc: 0.00 [+- 0.00], GC.calls: 1, GC.time: 0.02, time.total: 0.42, time.warmup: 0.16, time.bench: 0.27
SimpleCachingExpressionFactoryPerformanceTest.testCreateSimpleExpressionPerformanceCaching: [measured 10000 out of 15000 rounds, threads: 4 (physical processors: 40)]
 round: 0.00 [+- 0.00], round.block: 0.00 [+- 0.00], round.gc: 0.00 [+- 0.00], GC.calls: 0, GC.time: 0.00, time.total: 0.07, time.warmup: 0.04, time.bench: 0.04
SimpleCachingExpressionFactoryPerformanceTest.testCreateSimpleExpressionPerformanceWith10MacrosCaching: [measured 10000 out of 15000 rounds, threads: 4 (physical processors: 40)]
 round: 0.00 [+- 0.00], round.block: 0.00 [+- 0.00], round.gc: 0.00 [+- 0.00], GC.calls: 1, GC.time: 0.04, time.total: 0.31, time.warmup: 0.07, time.bench: 0.24
Tests run: 5, Failures: 0, Errors: 0, Skipped: 0, Time elapsed: 2.04 sec - in com.blazebit.persistence.parser.SimpleCachingExpressionFactoryPerformanceTest
Running com.blazebit.persistence.parser.QuantifierPredicateParsingTest
Tests run: 7, Failures: 0, Errors: 0, Skipped: 0, Time elapsed: 0.054 sec - in com.blazebit.persistence.parser.QuantifierPredicateParsingTest
Running com.blazebit.persistence.parser.ArithmeticTest
Tests run: 8, Failures: 0, Errors: 0, Skipped: 0, Time elapsed: 0.006 sec - in com.blazebit.persistence.parser.ArithmeticTest
Running com.blazebit.persistence.parser.TestLiterals
Tests run: 49, Failures: 0, Errors: 0, Skipped: 0, Time elapsed: 0.047 sec - in com.blazebit.persistence.parser.TestLiterals
Running com.blazebit.persistence.parser.GeneralParserTest
Tests run: 127, Failures: 0, Errors: 0, Skipped: 3, Time elapsed: 1.314 sec - in com.blazebit.persistence.parser.GeneralParserTest
Running com.blazebit.persistence.parser.SimpleCachingExpressionFactoryTest
Tests run: 1, Failures: 0, Errors: 0, Skipped: 0, Time elapsed: 0 sec - in com.blazebit.persistence.parser.SimpleCachingExpressionFactoryTest
Running com.blazebit.persistence.parser.ParserPerformanceTest
ParserPerformanceTest.testLargeExpression: [measured 10 out of 15 rounds, threads: 1 (sequential)]
 round: 0.07 [+- 0.01], round.block: 0.00 [+- 0.00], round.gc: 0.00 [+- 0.00], GC.calls: 2, GC.time: 0.02, time.total: 1.16, time.warmup: 0.50, time.bench: 0.67
ParserPerformanceTest.testSmallExpression: [measured 10 out of 15 rounds, threads: 1 (sequential)]
 round: 0.03 [+- 0.00], round.block: 0.00 [+- 0.00], round.gc: 0.00 [+- 0.00], GC.calls: 0, GC.time: 0.00, time.total: 0.49, time.warmup: 0.17, time.bench: 0.32
Tests run: 2, Failures: 0, Errors: 0, Skipped: 0, Time elapsed: 1.648 sec - in com.blazebit.persistence.parser.ParserPerformanceTest
Running com.blazebit.persistence.parser.LogicOptimizationTest
Tests run: 5, Failures: 0, Errors: 0, Skipped: 0, Time elapsed: 0.028 sec - in com.blazebit.persistence.parser.LogicOptimizationTest

Results :

Tests run: 209, Failures: 0, Errors: 0, Skipped: 3

[INFO] 
[INFO] --------------< com.blazebit:blaze-persistence-core-impl >--------------
[INFO] Building Blazebit Persistence Core Impl 1.2.0-SNAPSHOT            [7/70]
[INFO] --------------------------------[ jar ]---------------------------------
[INFO] 
[INFO] --- maven-enforcer-plugin:3.0.0-M1:enforce (enforce-java-version) @ blaze-persistence-core-impl ---
[INFO] Skipping Rule Enforcement.
[INFO] 
[INFO] --- maven-enforcer-plugin:3.0.0-M1:enforce (enforce-maven-version) @ blaze-persistence-core-impl ---
[INFO] Skipping Rule Enforcement.
[INFO] 
[INFO] --- buildnumber-maven-plugin:1.4:create-timestamp (get-build-timestamp) @ blaze-persistence-core-impl ---
[INFO] 
[INFO] --- buildnumber-maven-plugin:1.4:create (get-scm-revision) @ blaze-persistence-core-impl ---
[INFO] 
[INFO] --- license-maven-plugin:3.0:check (check-license) @ blaze-persistence-core-impl ---
[INFO] 
[INFO] --- maven-resources-plugin:3.0.2:resources (default-resources) @ blaze-persistence-core-impl ---
[INFO] Using 'UTF-8' encoding to copy filtered resources.
[INFO] Copying 1 resource
[INFO] 
[INFO] --- maven-compiler-plugin:3.7.0:compile (default-compile) @ blaze-persistence-core-impl ---
[INFO] Nothing to compile - all classes are up to date
[INFO] 
[INFO] --- maven-injection-plugin:1.0.2:bytecode (default) @ blaze-persistence-core-impl ---
[INFO] writing injection changes back [/data-depot/user/Workspace/Reproducibility/Reproducibility-Scanner/reproducer/workspace/Bears-156/core/impl/target/classes/com/blazebit/persistence/impl/Version$Injected.class]
[INFO] writing injection changes back [/data-depot/user/Workspace/Reproducibility/Reproducibility-Scanner/reproducer/workspace/Bears-156/core/impl/target/classes/com/blazebit/persistence/impl/Version$Injected.class]
[INFO] 
[INFO] --- maven-resources-plugin:3.0.2:testResources (default-testResources) @ blaze-persistence-core-impl ---
[INFO] Using 'UTF-8' encoding to copy filtered resources.
[INFO] skip non existing resourceDirectory /data-depot/user/Workspace/Reproducibility/Reproducibility-Scanner/reproducer/workspace/Bears-156/core/impl/src/test/resources
[INFO] 
[INFO] --- maven-compiler-plugin:3.7.0:testCompile (default-testCompile) @ blaze-persistence-core-impl ---
[INFO] Nothing to compile - all classes are up to date
[INFO] 
[INFO] --- maven-surefire-plugin:2.19.1:test (default-test) @ blaze-persistence-core-impl ---

-------------------------------------------------------
 T E S T S
-------------------------------------------------------
Running com.blazebit.persistence.impl.util.PatternFinderTest
Tests run: 15, Failures: 0, Errors: 0, Skipped: 0, Time elapsed: 0.048 sec - in com.blazebit.persistence.impl.util.PatternFinderTest
Running com.blazebit.persistence.impl.util.SqlUtilsTest
Tests run: 4, Failures: 0, Errors: 0, Skipped: 0, Time elapsed: 0.012 sec - in com.blazebit.persistence.impl.util.SqlUtilsTest

Results :

Tests run: 19, Failures: 0, Errors: 0, Skipped: 0

[INFO] 
[INFO] -------------< com.blazebit:blaze-persistence-integration >-------------
[INFO] Building Blazebit Persistence Integrations 1.2.0-SNAPSHOT         [8/70]
[INFO] --------------------------------[ pom ]---------------------------------
[INFO] 
[INFO] --- maven-enforcer-plugin:3.0.0-M1:enforce (enforce-java-version) @ blaze-persistence-integration ---
[INFO] Skipping Rule Enforcement.
[INFO] 
[INFO] --- maven-enforcer-plugin:3.0.0-M1:enforce (enforce-maven-version) @ blaze-persistence-integration ---
[INFO] Skipping Rule Enforcement.
[INFO] 
[INFO] --- buildnumber-maven-plugin:1.4:create-timestamp (get-build-timestamp) @ blaze-persistence-integration ---
[INFO] 
[INFO] --- buildnumber-maven-plugin:1.4:create (get-scm-revision) @ blaze-persistence-integration ---
[INFO] 
[INFO] --- license-maven-plugin:3.0:check (check-license) @ blaze-persistence-integration ---
[INFO] 
[INFO] --------< com.blazebit:blaze-persistence-integration-jpa-base >---------
[INFO] Building Blazebit Persistence Integration JPA Base 1.2.0-SNAPSHOT [9/70]
[INFO] --------------------------------[ jar ]---------------------------------
[INFO] 
[INFO] --- maven-enforcer-plugin:3.0.0-M1:enforce (enforce-java-version) @ blaze-persistence-integration-jpa-base ---
[INFO] Skipping Rule Enforcement.
[INFO] 
[INFO] --- maven-enforcer-plugin:3.0.0-M1:enforce (enforce-maven-version) @ blaze-persistence-integration-jpa-base ---
[INFO] Skipping Rule Enforcement.
[INFO] 
[INFO] --- buildnumber-maven-plugin:1.4:create-timestamp (get-build-timestamp) @ blaze-persistence-integration-jpa-base ---
[INFO] 
[INFO] --- buildnumber-maven-plugin:1.4:create (get-scm-revision) @ blaze-persistence-integration-jpa-base ---
[INFO] 
[INFO] --- license-maven-plugin:3.0:check (check-license) @ blaze-persistence-integration-jpa-base ---
[INFO] 
[INFO] --- build-helper-maven-plugin:3.0.0:add-resource (add-resource) @ blaze-persistence-integration-jpa-base ---
[INFO] 
[INFO] --- maven-processor-plugin:3.3.2:process (process-resources) @ blaze-persistence-integration-jpa-base ---
[WARNING] diagnostic: warning: Supported source version 'RELEASE_6' from annotation processor 'com.blazebit.apt.service.ServiceProviderAnnotationProcessor' less than -source '1.8'
[INFO] 
[INFO] --- maven-resources-plugin:3.0.2:resources (default-resources) @ blaze-persistence-integration-jpa-base ---
[INFO] Using 'UTF-8' encoding to copy filtered resources.
[INFO] skip non existing resourceDirectory /data-depot/user/Workspace/Reproducibility/Reproducibility-Scanner/reproducer/workspace/Bears-156/integration/jpa-base/src/main/resources
[INFO] Copying 0 resource
[INFO] 
[INFO] --- maven-compiler-plugin:3.7.0:compile (default-compile) @ blaze-persistence-integration-jpa-base ---
[INFO] Nothing to compile - all classes are up to date
[INFO] 
[INFO] --- maven-resources-plugin:3.0.2:testResources (default-testResources) @ blaze-persistence-integration-jpa-base ---
[INFO] Using 'UTF-8' encoding to copy filtered resources.
[INFO] skip non existing resourceDirectory /data-depot/user/Workspace/Reproducibility/Reproducibility-Scanner/reproducer/workspace/Bears-156/integration/jpa-base/src/test/resources
[INFO] 
[INFO] --- maven-compiler-plugin:3.7.0:testCompile (default-testCompile) @ blaze-persistence-integration-jpa-base ---
[INFO] No sources to compile
[INFO] 
[INFO] --- maven-surefire-plugin:2.19.1:test (default-test) @ blaze-persistence-integration-jpa-base ---
[INFO] No tests to run.
[INFO] 
[INFO] -----< com.blazebit:blaze-persistence-integration-hibernate-base >------
[INFO] Building Blazebit Persistence Integration Hibernate Base 1.2.0-SNAPSHOT [10/70]
[INFO] --------------------------------[ jar ]---------------------------------
[INFO] 
[INFO] --- maven-enforcer-plugin:3.0.0-M1:enforce (enforce-java-version) @ blaze-persistence-integration-hibernate-base ---
[INFO] Skipping Rule Enforcement.
[INFO] 
[INFO] --- maven-enforcer-plugin:3.0.0-M1:enforce (enforce-maven-version) @ blaze-persistence-integration-hibernate-base ---
[INFO] Skipping Rule Enforcement.
[INFO] 
[INFO] --- buildnumber-maven-plugin:1.4:create-timestamp (get-build-timestamp) @ blaze-persistence-integration-hibernate-base ---
[INFO] 
[INFO] --- buildnumber-maven-plugin:1.4:create (get-scm-revision) @ blaze-persistence-integration-hibernate-base ---
[INFO] 
[INFO] --- license-maven-plugin:3.0:check (check-license) @ blaze-persistence-integration-hibernate-base ---
[INFO] 
[INFO] --- build-helper-maven-plugin:3.0.0:add-resource (add-resource) @ blaze-persistence-integration-hibernate-base ---
[INFO] 
[INFO] --- maven-processor-plugin:3.3.2:process (process-resources) @ blaze-persistence-integration-hibernate-base ---
[WARNING] diagnostic: warning: Supported source version 'RELEASE_6' from annotation processor 'com.blazebit.apt.service.ServiceProviderAnnotationProcessor' less than -source '1.8'
[INFO] 
[INFO] --- maven-resources-plugin:3.0.2:resources (default-resources) @ blaze-persistence-integration-hibernate-base ---
[INFO] Using 'UTF-8' encoding to copy filtered resources.
[INFO] skip non existing resourceDirectory /data-depot/user/Workspace/Reproducibility/Reproducibility-Scanner/reproducer/workspace/Bears-156/integration/hibernate-base/src/main/resources
[INFO] Copying 1 resource
[INFO] 
[INFO] --- maven-compiler-plugin:3.7.0:compile (default-compile) @ blaze-persistence-integration-hibernate-base ---
[INFO] Nothing to compile - all classes are up to date
[INFO] 
[INFO] --- maven-resources-plugin:3.0.2:testResources (default-testResources) @ blaze-persistence-integration-hibernate-base ---
[INFO] Using 'UTF-8' encoding to copy filtered resources.
[INFO] skip non existing resourceDirectory /data-depot/user/Workspace/Reproducibility/Reproducibility-Scanner/reproducer/workspace/Bears-156/integration/hibernate-base/src/test/resources
[INFO] 
[INFO] --- maven-compiler-plugin:3.7.0:testCompile (default-testCompile) @ blaze-persistence-integration-hibernate-base ---
[INFO] No sources to compile
[INFO] 
[INFO] --- maven-surefire-plugin:2.19.1:test (default-test) @ blaze-persistence-integration-hibernate-base ---
[INFO] No tests to run.
[INFO] 
[INFO] ------< com.blazebit:blaze-persistence-integration-hibernate-5.2 >------
[INFO] Building Blazebit Persistence Integration Hibernate 5.2 1.2.0-SNAPSHOT [11/70]
[INFO] --------------------------------[ jar ]---------------------------------
[INFO] 
[INFO] --- maven-enforcer-plugin:3.0.0-M1:enforce (enforce-java-version) @ blaze-persistence-integration-hibernate-5.2 ---
[INFO] Skipping Rule Enforcement.
[INFO] 
[INFO] --- maven-enforcer-plugin:3.0.0-M1:enforce (enforce-maven-version) @ blaze-persistence-integration-hibernate-5.2 ---
[INFO] Skipping Rule Enforcement.
[INFO] 
[INFO] --- buildnumber-maven-plugin:1.4:create-timestamp (get-build-timestamp) @ blaze-persistence-integration-hibernate-5.2 ---
[INFO] 
[INFO] --- buildnumber-maven-plugin:1.4:create (get-scm-revision) @ blaze-persistence-integration-hibernate-5.2 ---
[INFO] 
[INFO] --- license-maven-plugin:3.0:check (check-license) @ blaze-persistence-integration-hibernate-5.2 ---
[INFO] 
[INFO] --- build-helper-maven-plugin:3.0.0:add-resource (add-resource) @ blaze-persistence-integration-hibernate-5.2 ---
[INFO] 
[INFO] --- maven-processor-plugin:3.3.2:process (process-resources) @ blaze-persistence-integration-hibernate-5.2 ---
[WARNING] diagnostic: warning: Supported source version 'RELEASE_6' from annotation processor 'com.blazebit.apt.service.ServiceProviderAnnotationProcessor' less than -source '1.8'
[INFO] 
[INFO] --- maven-resources-plugin:3.0.2:resources (default-resources) @ blaze-persistence-integration-hibernate-5.2 ---
[INFO] Using 'UTF-8' encoding to copy filtered resources.
[INFO] Copying 1 resource
[INFO] Copying 5 resources
[INFO] 
[INFO] --- maven-compiler-plugin:3.7.0:compile (default-compile) @ blaze-persistence-integration-hibernate-5.2 ---
[INFO] Nothing to compile - all classes are up to date
[INFO] 
[INFO] --- maven-resources-plugin:3.0.2:testResources (default-testResources) @ blaze-persistence-integration-hibernate-5.2 ---
[INFO] Using 'UTF-8' encoding to copy filtered resources.
[INFO] skip non existing resourceDirectory /data-depot/user/Workspace/Reproducibility/Reproducibility-Scanner/reproducer/workspace/Bears-156/integration/hibernate-5.2/src/test/resources
[INFO] 
[INFO] --- maven-compiler-plugin:3.7.0:testCompile (default-testCompile) @ blaze-persistence-integration-hibernate-5.2 ---
[INFO] No sources to compile
[INFO] 
[INFO] --- maven-surefire-plugin:2.19.1:test (default-test) @ blaze-persistence-integration-hibernate-5.2 ---
[INFO] No tests to run.
[INFO] 
[INFO] -----------< com.blazebit:blaze-persistence-testsuite-base >------------
[INFO] Building Blazebit Persistence Testsuite Base 1.2.0-SNAPSHOT      [12/70]
[INFO] --------------------------------[ pom ]---------------------------------
[INFO] 
[INFO] --- maven-enforcer-plugin:3.0.0-M1:enforce (enforce-java-version) @ blaze-persistence-testsuite-base ---
[INFO] Skipping Rule Enforcement.
[INFO] 
[INFO] --- maven-enforcer-plugin:3.0.0-M1:enforce (enforce-maven-version) @ blaze-persistence-testsuite-base ---
[INFO] Skipping Rule Enforcement.
[INFO] 
[INFO] --- buildnumber-maven-plugin:1.4:create-timestamp (get-build-timestamp) @ blaze-persistence-testsuite-base ---
[INFO] 
[INFO] --- buildnumber-maven-plugin:1.4:create (get-scm-revision) @ blaze-persistence-testsuite-base ---
[INFO] 
[INFO] --- license-maven-plugin:3.0:check (check-license) @ blaze-persistence-testsuite-base ---
[INFO] 
[INFO] ---------< com.blazebit:blaze-persistence-testsuite-base-jpa >----------
[INFO] Building Blazebit Persistence Testsuite Base JPA 1.2.0-SNAPSHOT  [13/70]
[INFO] --------------------------------[ jar ]---------------------------------
[INFO] 
[INFO] --- maven-enforcer-plugin:3.0.0-M1:enforce (enforce-java-version) @ blaze-persistence-testsuite-base-jpa ---
[INFO] Skipping Rule Enforcement.
[INFO] 
[INFO] --- maven-enforcer-plugin:3.0.0-M1:enforce (enforce-maven-version) @ blaze-persistence-testsuite-base-jpa ---
[INFO] Skipping Rule Enforcement.
[INFO] 
[INFO] --- buildnumber-maven-plugin:1.4:create-timestamp (get-build-timestamp) @ blaze-persistence-testsuite-base-jpa ---
[INFO] 
[INFO] --- buildnumber-maven-plugin:1.4:create (get-scm-revision) @ blaze-persistence-testsuite-base-jpa ---
[INFO] 
[INFO] --- license-maven-plugin:3.0:check (check-license) @ blaze-persistence-testsuite-base-jpa ---
[INFO] 
[INFO] --- maven-resources-plugin:3.0.2:resources (default-resources) @ blaze-persistence-testsuite-base-jpa ---
[INFO] Using 'UTF-8' encoding to copy filtered resources.
[INFO] skip non existing resourceDirectory /data-depot/user/Workspace/Reproducibility/Reproducibility-Scanner/reproducer/workspace/Bears-156/testsuite-base/jpa/src/main/resources
[INFO] 
[INFO] --- maven-compiler-plugin:3.7.0:compile (default-compile) @ blaze-persistence-testsuite-base-jpa ---
[INFO] Nothing to compile - all classes are up to date
[INFO] 
[INFO] --- maven-resources-plugin:3.0.2:testResources (default-testResources) @ blaze-persistence-testsuite-base-jpa ---
[INFO] Using 'UTF-8' encoding to copy filtered resources.
[INFO] skip non existing resourceDirectory /data-depot/user/Workspace/Reproducibility/Reproducibility-Scanner/reproducer/workspace/Bears-156/testsuite-base/jpa/src/test/resources
[INFO] 
[INFO] --- maven-compiler-plugin:3.7.0:testCompile (default-testCompile) @ blaze-persistence-testsuite-base-jpa ---
[INFO] No sources to compile
[INFO] 
[INFO] --- maven-surefire-plugin:2.19.1:test (default-test) @ blaze-persistence-testsuite-base-jpa ---
[INFO] No tests to run.
[INFO] 
[INFO] ------< com.blazebit:blaze-persistence-testsuite-base-hibernate >-------
[INFO] Building Blazebit Persistence Testsuite Base Hibernate 1.2.0-SNAPSHOT [14/70]
[INFO] --------------------------------[ jar ]---------------------------------
[INFO] 
[INFO] --- maven-enforcer-plugin:3.0.0-M1:enforce (enforce-java-version) @ blaze-persistence-testsuite-base-hibernate ---
[INFO] Skipping Rule Enforcement.
[INFO] 
[INFO] --- maven-enforcer-plugin:3.0.0-M1:enforce (enforce-maven-version) @ blaze-persistence-testsuite-base-hibernate ---
[INFO] Skipping Rule Enforcement.
[INFO] 
[INFO] --- buildnumber-maven-plugin:1.4:create-timestamp (get-build-timestamp) @ blaze-persistence-testsuite-base-hibernate ---
[INFO] 
[INFO] --- buildnumber-maven-plugin:1.4:create (get-scm-revision) @ blaze-persistence-testsuite-base-hibernate ---
[INFO] 
[INFO] --- license-maven-plugin:3.0:check (check-license) @ blaze-persistence-testsuite-base-hibernate ---
[INFO] 
[INFO] --- maven-resources-plugin:3.0.2:resources (default-resources) @ blaze-persistence-testsuite-base-hibernate ---
[INFO] Using 'UTF-8' encoding to copy filtered resources.
[INFO] skip non existing resourceDirectory /data-depot/user/Workspace/Reproducibility/Reproducibility-Scanner/reproducer/workspace/Bears-156/testsuite-base/hibernate/src/main/resources
[INFO] 
[INFO] --- maven-compiler-plugin:3.7.0:compile (default-compile) @ blaze-persistence-testsuite-base-hibernate ---
[INFO] Nothing to compile - all classes are up to date
[INFO] 
[INFO] --- maven-resources-plugin:3.0.2:testResources (default-testResources) @ blaze-persistence-testsuite-base-hibernate ---
[INFO] Using 'UTF-8' encoding to copy filtered resources.
[INFO] skip non existing resourceDirectory /data-depot/user/Workspace/Reproducibility/Reproducibility-Scanner/reproducer/workspace/Bears-156/testsuite-base/hibernate/src/test/resources
[INFO] 
[INFO] --- maven-compiler-plugin:3.7.0:testCompile (default-testCompile) @ blaze-persistence-testsuite-base-hibernate ---
[INFO] No sources to compile
[INFO] 
[INFO] --- maven-surefire-plugin:2.19.1:test (default-test) @ blaze-persistence-testsuite-base-hibernate ---
[INFO] No tests to run.
[INFO] 
[INFO] -----------< com.blazebit:blaze-persistence-core-testsuite >------------
[INFO] Building Blazebit Persistence Core Testsuite 1.2.0-SNAPSHOT      [15/70]
[INFO] --------------------------------[ jar ]---------------------------------
[INFO] 
[INFO] --- maven-enforcer-plugin:3.0.0-M1:enforce (enforce-java-version) @ blaze-persistence-core-testsuite ---
[INFO] Skipping Rule Enforcement.
[INFO] 
[INFO] --- maven-enforcer-plugin:3.0.0-M1:enforce (enforce-maven-version) @ blaze-persistence-core-testsuite ---
[INFO] Skipping Rule Enforcement.
[INFO] 
[INFO] --- buildnumber-maven-plugin:1.4:create-timestamp (get-build-timestamp) @ blaze-persistence-core-testsuite ---
[INFO] 
[INFO] --- buildnumber-maven-plugin:1.4:create (get-scm-revision) @ blaze-persistence-core-testsuite ---
[INFO] 
[INFO] --- license-maven-plugin:3.0:check (check-license) @ blaze-persistence-core-testsuite ---
[INFO] 
[INFO] --- build-helper-maven-plugin:3.0.0:add-source (add-source) @ blaze-persistence-core-testsuite ---
[INFO] Source directory: /data-depot/user/Workspace/Reproducibility/Reproducibility-Scanner/reproducer/workspace/Bears-156/core/testsuite/src/main/hibernate added.
[INFO] Source directory: /data-depot/user/Workspace/Reproducibility/Reproducibility-Scanner/reproducer/workspace/Bears-156/core/testsuite/target/generated-sources/metamodel added.
[INFO] 
[INFO] --- maven-processor-plugin:3.3.2:process (process) @ blaze-persistence-core-testsuite ---
[INFO] diagnostic: Note: Hibernate JPA 2 Static-Metamodel Generator 5.2.9.Final
[INFO] 
[INFO] --- maven-resources-plugin:3.0.2:resources (default-resources) @ blaze-persistence-core-testsuite ---
[INFO] Using 'UTF-8' encoding to copy filtered resources.
[INFO] Copying 2 resources
[INFO] 
[INFO] --- maven-compiler-plugin:3.7.0:compile (default-compile) @ blaze-persistence-core-testsuite ---
[INFO] Changes detected - recompiling the module!
[INFO] Compiling 189 source files to /data-depot/user/Workspace/Reproducibility/Reproducibility-Scanner/reproducer/workspace/Bears-156/core/testsuite/target/classes
[WARNING] bootstrap class path not set in conjunction with -source 1.7
[WARNING] /data-depot/user/Workspace/Reproducibility/Reproducibility-Scanner/reproducer/workspace/Bears-156/core/testsuite/src/main/hibernate/com/blazebit/persistence/testsuite/treat/entity/TablePerClassBase.java:[19,33] org.hibernate.annotations.ForeignKey in org.hibernate.annotations has been deprecated
[WARNING] /data-depot/user/Workspace/Reproducibility/Reproducibility-Scanner/reproducer/workspace/Bears-156/core/testsuite/src/main/hibernate/com/blazebit/persistence/testsuite/treat/entity/TablePerClassEmbeddable.java:[19,33] org.hibernate.annotations.ForeignKey in org.hibernate.annotations has been deprecated
[WARNING] /data-depot/user/Workspace/Reproducibility/Reproducibility-Scanner/reproducer/workspace/Bears-156/core/testsuite/src/main/hibernate/com/blazebit/persistence/testsuite/treat/entity/TablePerClassSub1.java:[20,33] org.hibernate.annotations.ForeignKey in org.hibernate.annotations has been deprecated
[WARNING] /data-depot/user/Workspace/Reproducibility/Reproducibility-Scanner/reproducer/workspace/Bears-156/core/testsuite/src/main/hibernate/com/blazebit/persistence/testsuite/treat/entity/TablePerClassEmbeddableSub1.java:[19,33] org.hibernate.annotations.ForeignKey in org.hibernate.annotations has been deprecated
[WARNING] /data-depot/user/Workspace/Reproducibility/Reproducibility-Scanner/reproducer/workspace/Bears-156/core/testsuite/src/main/hibernate/com/blazebit/persistence/testsuite/treat/entity/TablePerClassSub2.java:[20,33] org.hibernate.annotations.ForeignKey in org.hibernate.annotations has been deprecated
[WARNING] /data-depot/user/Workspace/Reproducibility/Reproducibility-Scanner/reproducer/workspace/Bears-156/core/testsuite/src/main/hibernate/com/blazebit/persistence/testsuite/treat/entity/TablePerClassEmbeddableSub2.java:[19,33] org.hibernate.annotations.ForeignKey in org.hibernate.annotations has been deprecated
[WARNING] /data-depot/user/Workspace/Reproducibility/Reproducibility-Scanner/reproducer/workspace/Bears-156/core/testsuite/src/main/hibernate/com/blazebit/persistence/testsuite/treat/entity/TablePerClassBase.java:[99,6] org.hibernate.annotations.ForeignKey in org.hibernate.annotations has been deprecated
[WARNING] /data-depot/user/Workspace/Reproducibility/Reproducibility-Scanner/reproducer/workspace/Bears-156/core/testsuite/src/main/hibernate/com/blazebit/persistence/testsuite/treat/entity/TablePerClassBase.java:[125,6] org.hibernate.annotations.ForeignKey in org.hibernate.annotations has been deprecated
[WARNING] /data-depot/user/Workspace/Reproducibility/Reproducibility-Scanner/reproducer/workspace/Bears-156/core/testsuite/src/main/hibernate/com/blazebit/persistence/testsuite/treat/entity/TablePerClassBase.java:[139,6] org.hibernate.annotations.ForeignKey in org.hibernate.annotations has been deprecated
[WARNING] /data-depot/user/Workspace/Reproducibility/Reproducibility-Scanner/reproducer/workspace/Bears-156/core/testsuite/src/main/hibernate/com/blazebit/persistence/testsuite/treat/entity/TablePerClassEmbeddable.java:[58,6] org.hibernate.annotations.ForeignKey in org.hibernate.annotations has been deprecated
[WARNING] /data-depot/user/Workspace/Reproducibility/Reproducibility-Scanner/reproducer/workspace/Bears-156/core/testsuite/src/main/hibernate/com/blazebit/persistence/testsuite/treat/entity/TablePerClassEmbeddable.java:[85,6] org.hibernate.annotations.ForeignKey in org.hibernate.annotations has been deprecated
[WARNING] /data-depot/user/Workspace/Reproducibility/Reproducibility-Scanner/reproducer/workspace/Bears-156/core/testsuite/src/main/hibernate/com/blazebit/persistence/testsuite/treat/entity/TablePerClassEmbeddable.java:[99,6] org.hibernate.annotations.ForeignKey in org.hibernate.annotations has been deprecated
[WARNING] /data-depot/user/Workspace/Reproducibility/Reproducibility-Scanner/reproducer/workspace/Bears-156/core/testsuite/src/main/hibernate/com/blazebit/persistence/testsuite/treat/entity/TablePerClassSub1.java:[86,6] org.hibernate.annotations.ForeignKey in org.hibernate.annotations has been deprecated
[WARNING] /data-depot/user/Workspace/Reproducibility/Reproducibility-Scanner/reproducer/workspace/Bears-156/core/testsuite/src/main/hibernate/com/blazebit/persistence/testsuite/treat/entity/TablePerClassSub1.java:[133,6] org.hibernate.annotations.ForeignKey in org.hibernate.annotations has been deprecated
[WARNING] /data-depot/user/Workspace/Reproducibility/Reproducibility-Scanner/reproducer/workspace/Bears-156/core/testsuite/src/main/hibernate/com/blazebit/persistence/testsuite/treat/entity/TablePerClassSub1.java:[158,6] org.hibernate.annotations.ForeignKey in org.hibernate.annotations has been deprecated
[WARNING] /data-depot/user/Workspace/Reproducibility/Reproducibility-Scanner/reproducer/workspace/Bears-156/core/testsuite/src/main/hibernate/com/blazebit/persistence/testsuite/treat/entity/TablePerClassEmbeddableSub1.java:[69,6] org.hibernate.annotations.ForeignKey in org.hibernate.annotations has been deprecated
[WARNING] /data-depot/user/Workspace/Reproducibility/Reproducibility-Scanner/reproducer/workspace/Bears-156/core/testsuite/src/main/hibernate/com/blazebit/persistence/testsuite/treat/entity/TablePerClassEmbeddableSub1.java:[96,6] org.hibernate.annotations.ForeignKey in org.hibernate.annotations has been deprecated
[WARNING] /data-depot/user/Workspace/Reproducibility/Reproducibility-Scanner/reproducer/workspace/Bears-156/core/testsuite/src/main/hibernate/com/blazebit/persistence/testsuite/treat/entity/TablePerClassEmbeddableSub1.java:[110,6] org.hibernate.annotations.ForeignKey in org.hibernate.annotations has been deprecated
[WARNING] /data-depot/user/Workspace/Reproducibility/Reproducibility-Scanner/reproducer/workspace/Bears-156/core/testsuite/src/main/hibernate/com/blazebit/persistence/testsuite/treat/entity/TablePerClassSub2.java:[86,6] org.hibernate.annotations.ForeignKey in org.hibernate.annotations has been deprecated
[WARNING] /data-depot/user/Workspace/Reproducibility/Reproducibility-Scanner/reproducer/workspace/Bears-156/core/testsuite/src/main/hibernate/com/blazebit/persistence/testsuite/treat/entity/TablePerClassSub2.java:[133,6] org.hibernate.annotations.ForeignKey in org.hibernate.annotations has been deprecated
[WARNING] /data-depot/user/Workspace/Reproducibility/Reproducibility-Scanner/reproducer/workspace/Bears-156/core/testsuite/src/main/hibernate/com/blazebit/persistence/testsuite/treat/entity/TablePerClassSub2.java:[158,6] org.hibernate.annotations.ForeignKey in org.hibernate.annotations has been deprecated
[WARNING] /data-depot/user/Workspace/Reproducibility/Reproducibility-Scanner/reproducer/workspace/Bears-156/core/testsuite/src/main/hibernate/com/blazebit/persistence/testsuite/treat/entity/TablePerClassEmbeddableSub2.java:[69,6] org.hibernate.annotations.ForeignKey in org.hibernate.annotations has been deprecated
[WARNING] /data-depot/user/Workspace/Reproducibility/Reproducibility-Scanner/reproducer/workspace/Bears-156/core/testsuite/src/main/hibernate/com/blazebit/persistence/testsuite/treat/entity/TablePerClassEmbeddableSub2.java:[96,6] org.hibernate.annotations.ForeignKey in org.hibernate.annotations has been deprecated
[WARNING] /data-depot/user/Workspace/Reproducibility/Reproducibility-Scanner/reproducer/workspace/Bears-156/core/testsuite/src/main/hibernate/com/blazebit/persistence/testsuite/treat/entity/TablePerClassEmbeddableSub2.java:[110,6] org.hibernate.annotations.ForeignKey in org.hibernate.annotations has been deprecated
[INFO] /data-depot/user/Workspace/Reproducibility/Reproducibility-Scanner/reproducer/workspace/Bears-156/core/testsuite/src/main/hibernate/com/blazebit/persistence/testsuite/treat/entity/TablePerClassBase.java: Some input files use unchecked or unsafe operations.
[INFO] /data-depot/user/Workspace/Reproducibility/Reproducibility-Scanner/reproducer/workspace/Bears-156/core/testsuite/src/main/hibernate/com/blazebit/persistence/testsuite/treat/entity/TablePerClassBase.java: Recompile with -Xlint:unchecked for details.
[INFO] 
[INFO] --- build-helper-maven-plugin:3.0.0:add-test-source (add-test-source-hibernate) @ blaze-persistence-core-testsuite ---
[INFO] Test Source directory: /data-depot/user/Workspace/Reproducibility/Reproducibility-Scanner/reproducer/workspace/Bears-156/core/testsuite/src/test/hibernate added.
[INFO] 
[INFO] --- maven-resources-plugin:3.0.2:testResources (default-testResources) @ blaze-persistence-core-testsuite ---
[INFO] Using 'UTF-8' encoding to copy filtered resources.
[INFO] Copying 1 resource
[INFO] 
[INFO] --- maven-compiler-plugin:3.7.0:testCompile (default-testCompile) @ blaze-persistence-core-testsuite ---
[INFO] Nothing to compile - all classes are up to date
[INFO] 
[INFO] --- maven-surefire-plugin:2.19.1:test (default-test) @ blaze-persistence-core-testsuite ---

-------------------------------------------------------
 T E S T S
-------------------------------------------------------
Running com.blazebit.persistence.testsuite.EmbeddableComplexTest
Tests run: 11, Failures: 0, Errors: 0, Skipped: 0, Time elapsed: 2.74 sec - in com.blazebit.persistence.testsuite.EmbeddableComplexTest
Running com.blazebit.persistence.testsuite.InheritanceTest
Tests run: 3, Failures: 0, Errors: 0, Skipped: 0, Time elapsed: 0.353 sec - in com.blazebit.persistence.testsuite.InheritanceTest
Running com.blazebit.persistence.testsuite.EqTest
Tests run: 17, Failures: 0, Errors: 0, Skipped: 0, Time elapsed: 1.842 sec - in com.blazebit.persistence.testsuite.EqTest
Running com.blazebit.persistence.testsuite.DeletePolymorphicTest
Tests run: 1, Failures: 0, Errors: 0, Skipped: 1, Time elapsed: 0 sec - in com.blazebit.persistence.testsuite.DeletePolymorphicTest
Running com.blazebit.persistence.testsuite.OptimizedKeysetPaginationRowValueConstructorTest
Tests run: 7, Failures: 0, Errors: 0, Skipped: 0, Time elapsed: 0.74 sec - in com.blazebit.persistence.testsuite.OptimizedKeysetPaginationRowValueConstructorTest
Running com.blazebit.persistence.testsuite.WhereTest
Tests run: 48, Failures: 0, Errors: 0, Skipped: 2, Time elapsed: 3.001 sec - in com.blazebit.persistence.testsuite.WhereTest
Running com.blazebit.persistence.testsuite.CollectionRoleInsertTest
Tests run: 9, Failures: 0, Errors: 0, Skipped: 0, Time elapsed: 0.773 sec - in com.blazebit.persistence.testsuite.CollectionRoleInsertTest
Running com.blazebit.persistence.testsuite.RawTypesTest
Tests run: 1, Failures: 0, Errors: 0, Skipped: 0, Time elapsed: 0.08 sec - in com.blazebit.persistence.testsuite.RawTypesTest
Running com.blazebit.persistence.testsuite.DeleteTest
Tests run: 1, Failures: 0, Errors: 0, Skipped: 0, Time elapsed: 0.167 sec - in com.blazebit.persistence.testsuite.DeleteTest
Running com.blazebit.persistence.testsuite.AdvancedQueryCachingTest
Tests run: 1, Failures: 0, Errors: 0, Skipped: 0, Time elapsed: 0.228 sec - in com.blazebit.persistence.testsuite.AdvancedQueryCachingTest
Running com.blazebit.persistence.testsuite.Issue521Test
Tests run: 1, Failures: 0, Errors: 0, Skipped: 0, Time elapsed: 0.083 sec - in com.blazebit.persistence.testsuite.Issue521Test
Running com.blazebit.persistence.testsuite.ImplicitNamingTest
Tests run: 1, Failures: 0, Errors: 0, Skipped: 0, Time elapsed: 0.076 sec - in com.blazebit.persistence.testsuite.ImplicitNamingTest
Running com.blazebit.persistence.testsuite.DateDiffTest
Tests run: 6, Failures: 4, Errors: 0, Skipped: 0, Time elapsed: 0.74 sec <<< FAILURE! - in com.blazebit.persistence.testsuite.DateDiffTest
testTimestampWithTimestampDiff(com.blazebit.persistence.testsuite.DateDiffTest)  Time elapsed: 0.171 sec  <<< FAILURE!
java.lang.AssertionError: expected:<1> but was:<2>
	at com.blazebit.persistence.testsuite.DateDiffTest.testTimestampWithTimestampDiff(DateDiffTest.java:190)

testDateWithParameterDiff(com.blazebit.persistence.testsuite.DateDiffTest)  Time elapsed: 0.119 sec  <<< FAILURE!
java.lang.AssertionError: expected:<1> but was:<2>
	at com.blazebit.persistence.testsuite.DateDiffTest.testDateWithParameterDiff(DateDiffTest.java:342)

testTimestampWithParameterDiff(com.blazebit.persistence.testsuite.DateDiffTest)  Time elapsed: 0.154 sec  <<< FAILURE!
java.lang.AssertionError: expected:<1> but was:<2>
	at com.blazebit.persistence.testsuite.DateDiffTest.testTimestampWithParameterDiff(DateDiffTest.java:283)

testDateWithDateDiff(com.blazebit.persistence.testsuite.DateDiffTest)  Time elapsed: 0.113 sec  <<< FAILURE!
java.lang.AssertionError: expected:<1> but was:<2>
	at com.blazebit.persistence.testsuite.DateDiffTest.testDateWithDateDiff(DateDiffTest.java:148)

Running com.blazebit.persistence.testsuite.SelectNewTest
Tests run: 8, Failures: 0, Errors: 0, Skipped: 0, Time elapsed: 0.638 sec - in com.blazebit.persistence.testsuite.SelectNewTest
Running com.blazebit.persistence.testsuite.IsEmptyTest
Tests run: 2, Failures: 0, Errors: 0, Skipped: 0, Time elapsed: 0.135 sec - in com.blazebit.persistence.testsuite.IsEmptyTest
Running com.blazebit.persistence.testsuite.SetOperationTest
Tests run: 25, Failures: 0, Errors: 0, Skipped: 0, Time elapsed: 1.875 sec - in com.blazebit.persistence.testsuite.SetOperationTest
Running com.blazebit.persistence.testsuite.KeysetPaginationNullsTest
Tests run: 44, Failures: 0, Errors: 0, Skipped: 0, Time elapsed: 1.414 sec - in com.blazebit.persistence.testsuite.KeysetPaginationNullsTest
Running com.blazebit.persistence.testsuite.SingleValuedAssociationOneToOneTest
Tests run: 12, Failures: 0, Errors: 0, Skipped: 0, Time elapsed: 1.09 sec - in com.blazebit.persistence.testsuite.SingleValuedAssociationOneToOneTest
Running com.blazebit.persistence.testsuite.EntityInValuesClauseTest
Tests run: 2, Failures: 0, Errors: 0, Skipped: 0, Time elapsed: 0.332 sec - in com.blazebit.persistence.testsuite.EntityInValuesClauseTest
Running com.blazebit.persistence.testsuite.SelectTest
Tests run: 41, Failures: 0, Errors: 0, Skipped: 0, Time elapsed: 2.585 sec - in com.blazebit.persistence.testsuite.SelectTest
Running com.blazebit.persistence.testsuite.QueryResultCachingTest
Tests run: 1, Failures: 0, Errors: 0, Skipped: 0, Time elapsed: 0.057 sec - in com.blazebit.persistence.testsuite.QueryResultCachingTest
Running com.blazebit.persistence.testsuite.ArrayExpressionTest
Tests run: 12, Failures: 0, Errors: 0, Skipped: 0, Time elapsed: 0.635 sec - in com.blazebit.persistence.testsuite.ArrayExpressionTest
Running com.blazebit.persistence.testsuite.DateExtractTest
Tests run: 12, Failures: 0, Errors: 0, Skipped: 0, Time elapsed: 0.856 sec - in com.blazebit.persistence.testsuite.DateExtractTest
Running com.blazebit.persistence.testsuite.JpqlMacroTest
Tests run: 2, Failures: 0, Errors: 0, Skipped: 0, Time elapsed: 0.094 sec - in com.blazebit.persistence.testsuite.JpqlMacroTest
Running com.blazebit.persistence.testsuite.KeysetPaginationTest
Tests run: 7, Failures: 0, Errors: 0, Skipped: 0, Time elapsed: 0.441 sec - in com.blazebit.persistence.testsuite.KeysetPaginationTest
Running com.blazebit.persistence.testsuite.SubqueryTest
Tests run: 25, Failures: 0, Errors: 0, Skipped: 0, Time elapsed: 1.459 sec - in com.blazebit.persistence.testsuite.SubqueryTest
Running com.blazebit.persistence.testsuite.BetweenTest
Tests run: 18, Failures: 0, Errors: 0, Skipped: 0, Time elapsed: 1.17 sec - in com.blazebit.persistence.testsuite.BetweenTest
Running com.blazebit.persistence.testsuite.ComplexExpressionTest
Tests run: 17, Failures: 0, Errors: 0, Skipped: 0, Time elapsed: 0.803 sec - in com.blazebit.persistence.testsuite.ComplexExpressionTest
Running com.blazebit.persistence.testsuite.EntityEqualityGeneralTest
Tests run: 3, Failures: 0, Errors: 0, Skipped: 0, Time elapsed: 0.206 sec - in com.blazebit.persistence.testsuite.EntityEqualityGeneralTest
Running com.blazebit.persistence.testsuite.EmbeddableIdComplexTest
Tests run: 4, Failures: 0, Errors: 0, Skipped: 0, Time elapsed: 0.21 sec - in com.blazebit.persistence.testsuite.EmbeddableIdComplexTest
Running com.blazebit.persistence.testsuite.SelectPolymorphicTest
Tests run: 1, Failures: 0, Errors: 0, Skipped: 0, Time elapsed: 0.095 sec - in com.blazebit.persistence.testsuite.SelectPolymorphicTest
Running com.blazebit.persistence.testsuite.CollectionRoleDeleteTest
Tests run: 10, Failures: 0, Errors: 0, Skipped: 1, Time elapsed: 0.623 sec - in com.blazebit.persistence.testsuite.CollectionRoleDeleteTest
Running com.blazebit.persistence.testsuite.JpqlFunctionTest
Tests run: 4, Failures: 0, Errors: 0, Skipped: 0, Time elapsed: 0.279 sec - in com.blazebit.persistence.testsuite.JpqlFunctionTest
Running com.blazebit.persistence.testsuite.LikeTest
Tests run: 18, Failures: 0, Errors: 0, Skipped: 0, Time elapsed: 0.9 sec - in com.blazebit.persistence.testsuite.LikeTest
Running com.blazebit.persistence.testsuite.KeysetPaginationPage1EdgeCaseFallbackTest
Tests run: 1, Failures: 0, Errors: 0, Skipped: 0, Time elapsed: 0.081 sec - in com.blazebit.persistence.testsuite.KeysetPaginationPage1EdgeCaseFallbackTest
Running com.blazebit.persistence.testsuite.EntityEqualityNoRewriteToIdTest
Tests run: 6, Failures: 0, Errors: 0, Skipped: 0, Time elapsed: 0.382 sec - in com.blazebit.persistence.testsuite.EntityEqualityNoRewriteToIdTest
Running com.blazebit.persistence.testsuite.Issue519Test
Tests run: 1, Failures: 0, Errors: 1, Skipped: 0, Time elapsed: 0.028 sec <<< FAILURE! - in com.blazebit.persistence.testsuite.Issue519Test
subselectEntityTest(com.blazebit.persistence.testsuite.Issue519Test)  Time elapsed: 0.027 sec  <<< ERROR!
java.lang.NullPointerException

Running com.blazebit.persistence.testsuite.MultipleJoinTest
Tests run: 7, Failures: 0, Errors: 0, Skipped: 0, Time elapsed: 0.477 sec - in com.blazebit.persistence.testsuite.MultipleJoinTest
Running com.blazebit.persistence.testsuite.LimitTest
Tests run: 2, Failures: 0, Errors: 0, Skipped: 0, Time elapsed: 0.105 sec - in com.blazebit.persistence.testsuite.LimitTest
Running com.blazebit.persistence.testsuite.EnumTest
Tests run: 1, Failures: 0, Errors: 0, Skipped: 0, Time elapsed: 0.069 sec - in com.blazebit.persistence.testsuite.EnumTest
Running com.blazebit.persistence.testsuite.UpdatePolymorphicTest
Tests run: 1, Failures: 0, Errors: 0, Skipped: 1, Time elapsed: 0 sec - in com.blazebit.persistence.testsuite.UpdatePolymorphicTest
Running com.blazebit.persistence.testsuite.Issue227Test
Tests run: 1, Failures: 0, Errors: 0, Skipped: 0, Time elapsed: 0.076 sec - in com.blazebit.persistence.testsuite.Issue227Test
Running com.blazebit.persistence.testsuite.CollectionRoleUpdateTest
Tests run: 9, Failures: 0, Errors: 0, Skipped: 0, Time elapsed: 0.44 sec - in com.blazebit.persistence.testsuite.CollectionRoleUpdateTest
Running com.blazebit.persistence.testsuite.TupleTest
Tests run: 1, Failures: 0, Errors: 0, Skipped: 0, Time elapsed: 0.116 sec - in com.blazebit.persistence.testsuite.TupleTest
Running com.blazebit.persistence.testsuite.EntityNullnessGeneralTest
Tests run: 3, Failures: 0, Errors: 0, Skipped: 0, Time elapsed: 0.143 sec - in com.blazebit.persistence.testsuite.EntityNullnessGeneralTest
Running com.blazebit.persistence.testsuite.HavingTest
Tests run: 39, Failures: 0, Errors: 0, Skipped: 0, Time elapsed: 2.465 sec - in com.blazebit.persistence.testsuite.HavingTest
Running com.blazebit.persistence.testsuite.GroupByTest
Tests run: 3, Failures: 0, Errors: 0, Skipped: 0, Time elapsed: 0.155 sec - in com.blazebit.persistence.testsuite.GroupByTest
Running com.blazebit.persistence.testsuite.UpdateTest
Tests run: 3, Failures: 0, Errors: 0, Skipped: 0, Time elapsed: 0.231 sec - in com.blazebit.persistence.testsuite.UpdateTest
Running com.blazebit.persistence.testsuite.PaginationTest
Tests run: 26, Failures: 0, Errors: 0, Skipped: 1, Time elapsed: 1.445 sec - in com.blazebit.persistence.testsuite.PaginationTest
Running com.blazebit.persistence.testsuite.MultipleFromTest
Tests run: 1, Failures: 0, Errors: 0, Skipped: 0, Time elapsed: 0.05 sec - in com.blazebit.persistence.testsuite.MultipleFromTest
Running com.blazebit.persistence.testsuite.PaginationEmbeddedIdTest
Tests run: 1, Failures: 0, Errors: 0, Skipped: 0, Time elapsed: 0.082 sec - in com.blazebit.persistence.testsuite.PaginationEmbeddedIdTest
Running com.blazebit.persistence.testsuite.SizeTransformationTest
Tests run: 19, Failures: 0, Errors: 0, Skipped: 0, Time elapsed: 1.081 sec - in com.blazebit.persistence.testsuite.SizeTransformationTest
Running com.blazebit.persistence.testsuite.OrderByTest
Tests run: 15, Failures: 0, Errors: 0, Skipped: 0, Time elapsed: 0.759 sec - in com.blazebit.persistence.testsuite.OrderByTest
Running com.blazebit.persistence.testsuite.SingleValuedAssociationOneToOneJoinTableTest
Tests run: 6, Failures: 0, Errors: 0, Skipped: 0, Time elapsed: 0.359 sec - in com.blazebit.persistence.testsuite.SingleValuedAssociationOneToOneJoinTableTest
Running com.blazebit.persistence.testsuite.JoinTest
Tests run: 47, Failures: 0, Errors: 0, Skipped: 1, Time elapsed: 2.557 sec - in com.blazebit.persistence.testsuite.JoinTest
Running com.blazebit.persistence.testsuite.GreaterTest
Tests run: 18, Failures: 0, Errors: 0, Skipped: 0, Time elapsed: 0.967 sec - in com.blazebit.persistence.testsuite.GreaterTest
Running com.blazebit.persistence.testsuite.PolymorphicJoinTest
Tests run: 2, Failures: 0, Errors: 0, Skipped: 0, Time elapsed: 0.155 sec - in com.blazebit.persistence.testsuite.PolymorphicJoinTest
Running com.blazebit.persistence.testsuite.FunctionTest
Tests run: 3, Failures: 0, Errors: 0, Skipped: 0, Time elapsed: 0.122 sec - in com.blazebit.persistence.testsuite.FunctionTest
Running com.blazebit.persistence.testsuite.OptimizedKeysetPaginationNullsTest
Tests run: 118, Failures: 0, Errors: 0, Skipped: 0, Time elapsed: 3.468 sec - in com.blazebit.persistence.testsuite.OptimizedKeysetPaginationNullsTest
Running com.blazebit.persistence.testsuite.DistinctTest
Tests run: 2, Failures: 0, Errors: 0, Skipped: 0, Time elapsed: 0.148 sec - in com.blazebit.persistence.testsuite.DistinctTest
Running com.blazebit.persistence.testsuite.LessTest
Tests run: 18, Failures: 0, Errors: 0, Skipped: 0, Time elapsed: 0.928 sec - in com.blazebit.persistence.testsuite.LessTest
Running com.blazebit.persistence.testsuite.CTETest
Tests run: 14, Failures: 0, Errors: 0, Skipped: 0, Time elapsed: 0.566 sec - in com.blazebit.persistence.testsuite.CTETest
Running com.blazebit.persistence.testsuite.MultipleJoinComplexExpressionTest
Tests run: 2, Failures: 0, Errors: 0, Skipped: 0, Time elapsed: 0.099 sec - in com.blazebit.persistence.testsuite.MultipleJoinComplexExpressionTest
Running com.blazebit.persistence.testsuite.Issue336HibernateTest
Tests run: 1, Failures: 0, Errors: 0, Skipped: 0, Time elapsed: 0.047 sec - in com.blazebit.persistence.testsuite.Issue336HibernateTest
Running com.blazebit.persistence.testsuite.IsNullTest
Tests run: 2, Failures: 0, Errors: 0, Skipped: 0, Time elapsed: 0.149 sec - in com.blazebit.persistence.testsuite.IsNullTest
Running com.blazebit.persistence.testsuite.EmbeddableSimpleTest
Tests run: 5, Failures: 0, Errors: 0, Skipped: 1, Time elapsed: 0.166 sec - in com.blazebit.persistence.testsuite.EmbeddableSimpleTest
Running com.blazebit.persistence.testsuite.InsertTest
Tests run: 7, Failures: 0, Errors: 0, Skipped: 0, Time elapsed: 0.486 sec - in com.blazebit.persistence.testsuite.InsertTest
Running com.blazebit.persistence.testsuite.EntityJoinTest
Tests run: 2, Failures: 0, Errors: 0, Skipped: 0, Time elapsed: 0.147 sec - in com.blazebit.persistence.testsuite.EntityJoinTest
Running com.blazebit.persistence.testsuite.OptimizedKeysetPaginationTest
Tests run: 7, Failures: 0, Errors: 0, Skipped: 0, Time elapsed: 0.481 sec - in com.blazebit.persistence.testsuite.OptimizedKeysetPaginationTest
Running com.blazebit.persistence.testsuite.TablePerClassTest
Tests run: 1, Failures: 0, Errors: 0, Skipped: 0, Time elapsed: 0.055 sec - in com.blazebit.persistence.testsuite.TablePerClassTest
Running com.blazebit.persistence.testsuite.InTest
Tests run: 12, Failures: 0, Errors: 0, Skipped: 0, Time elapsed: 0.699 sec - in com.blazebit.persistence.testsuite.InTest
Running com.blazebit.persistence.testsuite.EntitySchemaInTableAnnotationTest
Tests run: 1, Failures: 0, Errors: 0, Skipped: 0, Time elapsed: 0.057 sec - in com.blazebit.persistence.testsuite.EntitySchemaInTableAnnotationTest
Running com.blazebit.persistence.testsuite.JoinOnTest
Tests run: 6, Failures: 0, Errors: 0, Skipped: 0, Time elapsed: 0.559 sec - in com.blazebit.persistence.testsuite.JoinOnTest
Running com.blazebit.persistence.testsuite.treat.builder.JoinOneToManyListTest
Tests run: 108, Failures: 0, Errors: 0, Skipped: 24, Time elapsed: 14.637 sec - in com.blazebit.persistence.testsuite.treat.builder.JoinOneToManyListTest
Running com.blazebit.persistence.testsuite.treat.builder.JoinManyToManyMapValueTest
Tests run: 108, Failures: 0, Errors: 0, Skipped: 24, Time elapsed: 14.497 sec - in com.blazebit.persistence.testsuite.treat.builder.JoinManyToManyMapValueTest
Running com.blazebit.persistence.testsuite.treat.builder.JoinManyToOneTest
Tests run: 108, Failures: 0, Errors: 0, Skipped: 26, Time elapsed: 14.484 sec - in com.blazebit.persistence.testsuite.treat.builder.JoinManyToOneTest
Running com.blazebit.persistence.testsuite.treat.builder.SelectManyToOneTest
Tests run: 72, Failures: 0, Errors: 0, Skipped: 12, Time elapsed: 9.527 sec - in com.blazebit.persistence.testsuite.treat.builder.SelectManyToOneTest
Running com.blazebit.persistence.testsuite.treat.builder.JoinOneToManyInverseSetTest
Tests run: 108, Failures: 0, Errors: 0, Skipped: 8, Time elapsed: 13.367 sec - in com.blazebit.persistence.testsuite.treat.builder.JoinOneToManyInverseSetTest
Running com.blazebit.persistence.testsuite.treat.builder.SelectManyToManyMapValueTest
Tests run: 72, Failures: 0, Errors: 0, Skipped: 12, Time elapsed: 8.445 sec - in com.blazebit.persistence.testsuite.treat.builder.SelectManyToManyMapValueTest
Running com.blazebit.persistence.testsuite.treat.builder.SelectOneToManyInverseSetTest
Tests run: 72, Failures: 0, Errors: 0, Skipped: 6, Time elapsed: 8.592 sec - in com.blazebit.persistence.testsuite.treat.builder.SelectOneToManyInverseSetTest
Running com.blazebit.persistence.testsuite.treat.builder.SelectOneToManyListTest
Tests run: 72, Failures: 0, Errors: 0, Skipped: 12, Time elapsed: 8.441 sec - in com.blazebit.persistence.testsuite.treat.builder.SelectOneToManyListTest
Running com.blazebit.persistence.testsuite.treat.builder.RootTreatTest
Tests run: 72, Failures: 0, Errors: 0, Skipped: 0, Time elapsed: 8.469 sec - in com.blazebit.persistence.testsuite.treat.builder.RootTreatTest
Running com.blazebit.persistence.testsuite.treat.builder.SelectManyToManyMapKeyTest
Tests run: 72, Failures: 0, Errors: 0, Skipped: 36, Time elapsed: 8.115 sec - in com.blazebit.persistence.testsuite.treat.builder.SelectManyToManyMapKeyTest
Running com.blazebit.persistence.testsuite.ParameterAPITest
Tests run: 10, Failures: 0, Errors: 0, Skipped: 0, Time elapsed: 0.455 sec - in com.blazebit.persistence.testsuite.ParameterAPITest
Running com.blazebit.persistence.testsuite.ElementCollectionTest
Tests run: 3, Failures: 0, Errors: 0, Skipped: 0, Time elapsed: 0.114 sec - in com.blazebit.persistence.testsuite.ElementCollectionTest
Running com.blazebit.persistence.testsuite.IsMemberOfTest
Tests run: 6, Failures: 0, Errors: 0, Skipped: 0, Time elapsed: 0.293 sec - in com.blazebit.persistence.testsuite.IsMemberOfTest
Running com.blazebit.persistence.testsuite.CollectionJoinTest
Tests run: 4, Failures: 0, Errors: 0, Skipped: 0, Time elapsed: 0.141 sec - in com.blazebit.persistence.testsuite.CollectionJoinTest
Running com.blazebit.persistence.testsuite.SelectNewObjectBuilderTest
Tests run: 1, Failures: 0, Errors: 0, Skipped: 0, Time elapsed: 0.092 sec - in com.blazebit.persistence.testsuite.SelectNewObjectBuilderTest
Running com.blazebit.persistence.testsuite.SingleValuedAssociationManyToOneTest
Tests run: 6, Failures: 0, Errors: 0, Skipped: 0, Time elapsed: 0.283 sec - in com.blazebit.persistence.testsuite.SingleValuedAssociationManyToOneTest
Running com.blazebit.persistence.testsuite.PolymorphicPropertyTest
Tests run: 2, Failures: 0, Errors: 0, Skipped: 0, Time elapsed: 0.132 sec - in com.blazebit.persistence.testsuite.PolymorphicPropertyTest
Running com.blazebit.persistence.testsuite.ValuesClauseTest
Tests run: 8, Failures: 0, Errors: 0, Skipped: 0, Time elapsed: 0.511 sec - in com.blazebit.persistence.testsuite.ValuesClauseTest
Running com.blazebit.persistence.testsuite.OptimizedKeysetPaginationPage1EdgeCaseFallbackTest
Tests run: 1, Failures: 0, Errors: 0, Skipped: 0, Time elapsed: 0.128 sec - in com.blazebit.persistence.testsuite.OptimizedKeysetPaginationPage1EdgeCaseFallbackTest
Running com.blazebit.persistence.testsuite.GroupConcatTest
Tests run: 4, Failures: 0, Errors: 0, Skipped: 0, Time elapsed: 0.242 sec - in com.blazebit.persistence.testsuite.GroupConcatTest
Running com.blazebit.persistence.testsuite.CaseWhenTest
Tests run: 15, Failures: 0, Errors: 0, Skipped: 0, Time elapsed: 0.684 sec - in com.blazebit.persistence.testsuite.CaseWhenTest
Running com.blazebit.persistence.testsuite.TreatTest
Tests run: 15, Failures: 0, Errors: 0, Skipped: 0, Time elapsed: 0.538 sec - in com.blazebit.persistence.testsuite.TreatTest
Running com.blazebit.persistence.testsuite.OuterFunctionTest
Tests run: 3, Failures: 0, Errors: 0, Skipped: 0, Time elapsed: 0.179 sec - in com.blazebit.persistence.testsuite.OuterFunctionTest

Results :

Failed tests: 
  DateDiffTest.testDateWithDateDiff:148 expected:<1> but was:<2>
  DateDiffTest.testDateWithParameterDiff:342 expected:<1> but was:<2>
  DateDiffTest.testTimestampWithParameterDiff:283 expected:<1> but was:<2>
  DateDiffTest.testTimestampWithTimestampDiff:190 expected:<1> but was:<2>
Tests in error: 
  Issue519Test>AbstractJpaPersistenceTest.init:320  NullPointer

Tests run: 1731, Failures: 4, Errors: 1, Skipped: 168

[INFO] ------------------------------------------------------------------------
[INFO] Reactor Summary:
[INFO] 
[INFO] Blazebit Blaze-Persistence 1.2.0-SNAPSHOT .......... SUCCESS [  0.751 s]
[INFO] Blazebit Persistence Checkstyle Rules .............. SUCCESS [  0.920 s]
[INFO] Blazebit Persistence Parent ........................ SUCCESS [  0.011 s]
[INFO] Blazebit Persistence Core Module ................... SUCCESS [  0.009 s]
[INFO] Blazebit Persistence Core API ...................... SUCCESS [  0.448 s]
[INFO] Blazebit Persistence Core Parser ................... SUCCESS [  6.506 s]
[INFO] Blazebit Persistence Core Impl ..................... SUCCESS [  0.822 s]
[INFO] Blazebit Persistence Integrations .................. SUCCESS [  0.015 s]
[INFO] Blazebit Persistence Integration JPA Base .......... SUCCESS [  0.180 s]
[INFO] Blazebit Persistence Integration Hibernate Base .... SUCCESS [  0.266 s]
[INFO] Blazebit Persistence Integration Hibernate 5.2 ..... SUCCESS [  0.215 s]
[INFO] Blazebit Persistence Testsuite Base ................ SUCCESS [  0.007 s]
[INFO] Blazebit Persistence Testsuite Base JPA ............ SUCCESS [  0.035 s]
[INFO] Blazebit Persistence Testsuite Base Hibernate ...... SUCCESS [  0.023 s]
[INFO] Blazebit Persistence Core Testsuite ................ FAILURE [02:43 min]
[INFO] Blazebit Persistence Entity-View Module ............ SKIPPED
[INFO] Blazebit Persistence Entity-View API ............... SKIPPED
[INFO] Blazebit Persistence Entity-View Impl .............. SKIPPED
[INFO] Blazebit Persistence Entity-View Testsuite ......... SKIPPED
[INFO] Blazebit Persistence JPA-Criteria Module ........... SKIPPED
[INFO] Blazebit Persistence JPA-2 Compatibility ........... SKIPPED
[INFO] Blazebit Persistence JPA-Criteria API .............. SKIPPED
[INFO] Blazebit Persistence JPA-Criteria Impl ............. SKIPPED
[INFO] Blazebit Persistence JPA-Criteria Testsuite ........ SKIPPED
[INFO] Blazebit Persistence Integration Hibernate 4.2 ..... SKIPPED
[INFO] Blazebit Persistence Integration Hibernate 4.3 ..... SKIPPED
[INFO] Blazebit Persistence Integration Hibernate 5 ....... SKIPPED
[INFO] Blazebit Persistence Integration Hibernate 5.3 ..... SKIPPED
[INFO] Blazebit Persistence Integration Hibernate 6.0 ..... SKIPPED
[INFO] Blazebit Persistence Integration DataNucleus ....... SKIPPED
[INFO] Blazebit Persistence Integration DataNucleus 5.1 ... SKIPPED
[INFO] Blazebit Persistence Integration EclipseLink ....... SKIPPED
[INFO] Blazebit Persistence Integration OpenJPA ........... SKIPPED
[INFO] Blazebit Persistence Integration Entity-View CDI ... SKIPPED
[INFO] Blazebit Persistence Integration Entity-View Spring  SKIPPED
[INFO] Blazebit Persistence Integrations Spring-Data ...... SKIPPED
[INFO] Blazebit Persistence Integration Spring-Data Base .. SKIPPED
[INFO] Blazebit Persistence Integration Spring-Data 1.x ... SKIPPED
[INFO] Blazebit Persistence Integration Spring-Data 2.x ... SKIPPED
[INFO] Blazebit Persistence Integration Spring-Data-Rest .. SKIPPED
[INFO] Blazebit Persistence Integration Spring-Data Testsuite SKIPPED
[INFO] Blazebit Persistence Integration DeltaSpike Data ... SKIPPED
[INFO] Blazebit Persistence Integration DeltaSpike Data API SKIPPED
[INFO] Blazebit Persistence Integration DeltaSpike Data Impl 1.7 SKIPPED
[INFO] Blazebit Persistence Integration DeltaSpike Data Impl 1.8 SKIPPED
[INFO] Blazebit Persistence Integration DeltaSpike Data Testsuite SKIPPED
[INFO] Blazebit Persistence Testsuite Base DataNucleus .... SKIPPED
[INFO] Blazebit Persistence Testsuite Base EclipseLink .... SKIPPED
[INFO] Blazebit Persistence Testsuite Base OpenJPA ........ SKIPPED
[INFO] Blazebit Persistence Documentation ................. SKIPPED
[INFO] Blazebit Persistence Website ....................... SKIPPED
[INFO] Blazebit Persistence Examples ...................... SKIPPED
[INFO] Blazebit Persistence Examples Showcase ............. SKIPPED
[INFO] Blazebit Persistence Examples Showcase Base ........ SKIPPED
[INFO] Blazebit Persistence Examples Showcase SPI ......... SKIPPED
[INFO] Blazebit Persistence Examples Showcase Fragments ... SKIPPED
[INFO] Blazebit Persistence Examples Showcase Fragments Basic SKIPPED
[INFO] Blazebit Persistence Examples Showcase Fragments CTE SKIPPED
[INFO] Blazebit Persistence Examples Showcase Fragments Spring Data SKIPPED
[INFO] Blazebit Persistence Examples Showcase Runner ...... SKIPPED
[INFO] Blazebit Persistence Examples Showcase Runner CDI .. SKIPPED
[INFO] Blazebit Persistence Examples Showcase Runner Spring SKIPPED
[INFO] Blazebit Persistence Examples Spring Data REST ..... SKIPPED
[INFO] Blazebit Persistence Archetype Parent .............. SKIPPED
[INFO] Blazebit Persistence Archetype Core Sample ......... SKIPPED
[INFO] Blazebit Persistence Archetype Entity-View Sample .. SKIPPED
[INFO] Blazebit Persistence Archetype Spring-Data Sample .. SKIPPED
[INFO] Blazebit Persistence Archetype Spring-Boot Sample .. SKIPPED
[INFO] Blazebit Persistence Archetype DeltaSpike Data Sample SKIPPED
[INFO] Blazebit Persistence Archetype Java EE Sample 1.2.0-SNAPSHOT SKIPPED
[INFO] ------------------------------------------------------------------------
[INFO] BUILD FAILURE
[INFO] ------------------------------------------------------------------------
[INFO] Total time: 02:54 min
[INFO] Finished at: 2022-07-13T22:15:05-07:00
[INFO] ------------------------------------------------------------------------
[ERROR] Failed to execute goal org.apache.maven.plugins:maven-surefire-plugin:2.19.1:test (default-test) on project blaze-persistence-core-testsuite: There are test failures.
[ERROR] 
[ERROR] Please refer to /data-depot/user/Workspace/Reproducibility/Reproducibility-Scanner/reproducer/workspace/Bears-156/core/testsuite/target/surefire-reports for the individual test results.
[ERROR] -> [Help 1]
[ERROR] 
[ERROR] To see the full stack trace of the errors, re-run Maven with the -e switch.
[ERROR] Re-run Maven using the -X switch to enable full debug logging.
[ERROR] 
[ERROR] For more information about the errors and possible solutions, please read the following articles:
[ERROR] [Help 1] http://cwiki.apache.org/confluence/display/MAVEN/MojoFailureException
[ERROR] 
[ERROR] After correcting the problems, you can resume the build with the command
[ERROR]   mvn <goals> -rf :blaze-persistence-core-testsuite
Running the tests related to the bug Bears-156...
The tests related to the bug Bears-156 were executed.