travis_fold:start:system_info[0K[33;1mBuild system information[0m
Build language: java
Build group: stable
Build dist: precise
Build id: ''
Job id: ''
[34m[1mBuild image provisioning date and time[0m
Thu Feb  5 15:09:33 UTC 2015
[34m[1mOperating System Details[0m
Distributor ID:	Ubuntu
Description:	Ubuntu 12.04.5 LTS
Release:	12.04
Codename:	precise
[34m[1mLinux Version[0m
3.13.0-29-generic
[34m[1mCookbooks Version[0m
a68419e https://github.com/travis-ci/travis-cookbooks/tree/a68419e
[34m[1mGCC version[0m
gcc (Ubuntu/Linaro 4.6.3-1ubuntu5) 4.6.3
Copyright (C) 2011 Free Software Foundation, Inc.
This is free software; see the source for copying conditions.  There is NO
warranty; not even for MERCHANTABILITY or FITNESS FOR A PARTICULAR PURPOSE.

[34m[1mLLVM version[0m
clang version 3.4 (tags/RELEASE_34/final)
Target: x86_64-unknown-linux-gnu
Thread model: posix
[34m[1mPre-installed Ruby versions[0m
ruby-1.9.3-p551
[34m[1mPre-installed Node.js versions[0m
v0.10.36
[34m[1mPre-installed Go versions[0m
1.4.1
[34m[1mRedis version[0m
redis-server 2.8.19
[34m[1mriak version[0m
2.0.2
[34m[1mMongoDB version[0m
MongoDB 2.4.12
[34m[1mCouchDB version[0m
couchdb 1.6.1
[34m[1mNeo4j version[0m
1.9.4
[34m[1mRabbitMQ Version[0m
3.4.3
[34m[1mElasticSearch version[0m
1.4.0
[34m[1mInstalled Sphinx versions[0m
2.0.10
2.1.9
2.2.6
[34m[1mDefault Sphinx version[0m
2.2.6
[34m[1mInstalled Firefox version[0m
firefox 31.0esr
[34m[1mPhantomJS version[0m
1.9.8
[34m[1mant -version[0m
Apache Ant(TM) version 1.8.2 compiled on December 3 2011
[34m[1mmvn -version[0m
Apache Maven 3.2.5 (12a6b3acb947671f09b81f49094c53f426d8cea1; 2014-12-14T17:29:23+00:00)
Maven home: /usr/local/maven
Java version: 1.7.0_76, vendor: Oracle Corporation
Java home: /usr/lib/jvm/java-7-oracle/jre
Default locale: en_US, platform encoding: ANSI_X3.4-1968
OS name: "linux", version: "3.13.0-29-generic", arch: "amd64", family: "unix"
travis_fold:end:system_info[0K
W: Failed to fetch http://apt.postgresql.org/pub/repos/apt/dists/precise-pgdg/main/binary-amd64/Packages  404  Not Found [IP: 72.32.157.246 80]

W: Failed to fetch http://apt.postgresql.org/pub/repos/apt/dists/precise-pgdg/main/binary-i386/Packages  404  Not Found [IP: 72.32.157.246 80]

W: Failed to fetch http://security.ubuntu.com/ubuntu/dists/precise-security/main/source/Sources  404  Not Found [IP: 91.189.91.38 80]

W: Failed to fetch http://security.ubuntu.com/ubuntu/dists/precise-security/restricted/source/Sources  404  Not Found [IP: 91.189.91.38 80]

W: Failed to fetch http://security.ubuntu.com/ubuntu/dists/precise-security/universe/source/Sources  404  Not Found [IP: 91.189.91.38 80]

W: Failed to fetch http://security.ubuntu.com/ubuntu/dists/precise-security/multiverse/source/Sources  404  Not Found [IP: 91.189.91.38 80]

W: Failed to fetch http://security.ubuntu.com/ubuntu/dists/precise-security/main/binary-amd64/Packages  404  Not Found [IP: 91.189.91.38 80]

W: Failed to fetch http://security.ubuntu.com/ubuntu/dists/precise-security/restricted/binary-amd64/Packages  404  Not Found [IP: 91.189.91.38 80]

W: Failed to fetch http://security.ubuntu.com/ubuntu/dists/precise-security/universe/binary-amd64/Packages  404  Not Found [IP: 91.189.91.38 80]

W: Failed to fetch http://security.ubuntu.com/ubuntu/dists/precise-security/multiverse/binary-amd64/Packages  404  Not Found [IP: 91.189.91.38 80]

W: Failed to fetch http://security.ubuntu.com/ubuntu/dists/precise-security/main/binary-i386/Packages  404  Not Found [IP: 91.189.91.38 80]

W: Failed to fetch http://security.ubuntu.com/ubuntu/dists/precise-security/restricted/binary-i386/Packages  404  Not Found [IP: 91.189.91.38 80]

W: Failed to fetch http://security.ubuntu.com/ubuntu/dists/precise-security/universe/binary-i386/Packages  404  Not Found [IP: 91.189.91.38 80]

W: Failed to fetch http://security.ubuntu.com/ubuntu/dists/precise-security/multiverse/binary-i386/Packages  404  Not Found [IP: 91.189.91.38 80]

W: Failed to fetch http://us.archive.ubuntu.com/ubuntu/dists/precise/main/source/Sources  404  Not Found [IP: 91.189.91.38 80]

W: Failed to fetch http://us.archive.ubuntu.com/ubuntu/dists/precise/restricted/source/Sources  404  Not Found [IP: 91.189.91.38 80]

W: Failed to fetch http://us.archive.ubuntu.com/ubuntu/dists/precise/universe/source/Sources  404  Not Found [IP: 91.189.91.38 80]

W: Failed to fetch http://us.archive.ubuntu.com/ubuntu/dists/precise/multiverse/source/Sources  404  Not Found [IP: 91.189.91.38 80]

W: Failed to fetch http://us.archive.ubuntu.com/ubuntu/dists/precise/main/binary-amd64/Packages  404  Not Found [IP: 91.189.91.38 80]

W: Failed to fetch http://us.archive.ubuntu.com/ubuntu/dists/precise/restricted/binary-amd64/Packages  404  Not Found [IP: 91.189.91.38 80]

W: Failed to fetch http://us.archive.ubuntu.com/ubuntu/dists/precise/universe/binary-amd64/Packages  404  Not Found [IP: 91.189.91.38 80]

W: Failed to fetch http://us.archive.ubuntu.com/ubuntu/dists/precise/multiverse/binary-amd64/Packages  404  Not Found [IP: 91.189.91.38 80]

W: Failed to fetch http://us.archive.ubuntu.com/ubuntu/dists/precise/main/binary-i386/Packages  404  Not Found [IP: 91.189.91.38 80]

W: Failed to fetch http://us.archive.ubuntu.com/ubuntu/dists/precise/restricted/binary-i386/Packages  404  Not Found [IP: 91.189.91.38 80]

W: Failed to fetch http://us.archive.ubuntu.com/ubuntu/dists/precise/universe/binary-i386/Packages  404  Not Found [IP: 91.189.91.38 80]

W: Failed to fetch http://us.archive.ubuntu.com/ubuntu/dists/precise/multiverse/binary-i386/Packages  404  Not Found [IP: 91.189.91.38 80]

W: Failed to fetch http://us.archive.ubuntu.com/ubuntu/dists/precise-updates/main/source/Sources  404  Not Found [IP: 91.189.91.38 80]

W: Failed to fetch http://us.archive.ubuntu.com/ubuntu/dists/precise-updates/restricted/source/Sources  404  Not Found [IP: 91.189.91.38 80]

W: Failed to fetch http://us.archive.ubuntu.com/ubuntu/dists/precise-updates/universe/source/Sources  404  Not Found [IP: 91.189.91.38 80]

W: Failed to fetch http://us.archive.ubuntu.com/ubuntu/dists/precise-updates/multiverse/source/Sources  404  Not Found [IP: 91.189.91.38 80]

W: Failed to fetch http://us.archive.ubuntu.com/ubuntu/dists/precise-updates/main/binary-amd64/Packages  404  Not Found [IP: 91.189.91.38 80]

W: Failed to fetch http://us.archive.ubuntu.com/ubuntu/dists/precise-updates/restricted/binary-amd64/Packages  404  Not Found [IP: 91.189.91.38 80]

W: Failed to fetch http://us.archive.ubuntu.com/ubuntu/dists/precise-updates/universe/binary-amd64/Packages  404  Not Found [IP: 91.189.91.38 80]

W: Failed to fetch http://us.archive.ubuntu.com/ubuntu/dists/precise-updates/multiverse/binary-amd64/Packages  404  Not Found [IP: 91.189.91.38 80]

W: Failed to fetch http://us.archive.ubuntu.com/ubuntu/dists/precise-updates/main/binary-i386/Packages  404  Not Found [IP: 91.189.91.38 80]

W: Failed to fetch http://us.archive.ubuntu.com/ubuntu/dists/precise-updates/restricted/binary-i386/Packages  404  Not Found [IP: 91.189.91.38 80]

W: Failed to fetch http://us.archive.ubuntu.com/ubuntu/dists/precise-updates/universe/binary-i386/Packages  404  Not Found [IP: 91.189.91.38 80]

W: Failed to fetch http://us.archive.ubuntu.com/ubuntu/dists/precise-updates/multiverse/binary-i386/Packages  404  Not Found [IP: 91.189.91.38 80]

W: Failed to fetch http://us.archive.ubuntu.com/ubuntu/dists/precise-backports/main/source/Sources  404  Not Found [IP: 91.189.91.38 80]

W: Failed to fetch http://us.archive.ubuntu.com/ubuntu/dists/precise-backports/restricted/source/Sources  404  Not Found [IP: 91.189.91.38 80]

W: Failed to fetch http://us.archive.ubuntu.com/ubuntu/dists/precise-backports/universe/source/Sources  404  Not Found [IP: 91.189.91.38 80]

W: Failed to fetch http://us.archive.ubuntu.com/ubuntu/dists/precise-backports/multiverse/source/Sources  404  Not Found [IP: 91.189.91.38 80]

W: Failed to fetch http://us.archive.ubuntu.com/ubuntu/dists/precise-backports/main/binary-amd64/Packages  404  Not Found [IP: 91.189.91.38 80]

W: Failed to fetch http://us.archive.ubuntu.com/ubuntu/dists/precise-backports/restricted/binary-amd64/Packages  404  Not Found [IP: 91.189.91.38 80]

W: Failed to fetch http://us.archive.ubuntu.com/ubuntu/dists/precise-backports/universe/binary-amd64/Packages  404  Not Found [IP: 91.189.91.38 80]

W: Failed to fetch http://us.archive.ubuntu.com/ubuntu/dists/precise-backports/multiverse/binary-amd64/Packages  404  Not Found [IP: 91.189.91.38 80]

W: Failed to fetch http://us.archive.ubuntu.com/ubuntu/dists/precise-backports/main/binary-i386/Packages  404  Not Found [IP: 91.189.91.38 80]

W: Failed to fetch http://us.archive.ubuntu.com/ubuntu/dists/precise-backports/restricted/binary-i386/Packages  404  Not Found [IP: 91.189.91.38 80]

W: Failed to fetch http://us.archive.ubuntu.com/ubuntu/dists/precise-backports/universe/binary-i386/Packages  404  Not Found [IP: 91.189.91.38 80]

W: Failed to fetch http://us.archive.ubuntu.com/ubuntu/dists/precise-backports/multiverse/binary-i386/Packages  404  Not Found [IP: 91.189.91.38 80]

W: Failed to fetch http://ppa.launchpad.net/rwky/ppa/ubuntu/dists/precise/main/binary-amd64/Packages  403  Forbidden

W: Failed to fetch http://ppa.launchpad.net/rwky/ppa/ubuntu/dists/precise/main/binary-i386/Packages  403  Forbidden

W: Failed to fetch http://ppa.launchpad.net/travis-ci/zero-mq/ubuntu/dists/precise/main/binary-amd64/Packages  403  Forbidden

W: Failed to fetch http://ppa.launchpad.net/travis-ci/zero-mq/ubuntu/dists/precise/main/binary-i386/Packages  403  Forbidden

W: Failed to fetch http://downloads-distro.mongodb.org/repo/debian-sysvinit/dists/dist/10gen/binary-amd64/Packages  Undetermined Error [IP: 54.175.147.155 80]

W: Failed to fetch http://downloads-distro.mongodb.org/repo/debian-sysvinit/dists/dist/10gen/binary-i386/Packages  Undetermined Error [IP: 54.175.147.155 80]

E: Some index files failed to download. They have been ignored, or old ones used instead.
sed: cannot rename /etc/hosts: Device or resource busy
sed: cannot rename /etc/hosts: Device or resource busy
$ jdk_switcher use oraclejdk8
Switching to Oracle JDK8 (java-8-oracle), JAVA_HOME will be set to /usr/lib/jvm/java-8-oracle
$ cd passed/TNG/JGiven

[33;1mSetting environment variables from .travis.yml[0m
$ export SONATYPE_PASSWORD=[secure]
$ export SONATYPE_USERNAME=[secure]

$ export TERM=dumb
travis_fold:start:cache.1[0KSetting up build cache
$ export CASHER_DIR=$HOME/.casher
travis_time:start:2208cb56[0K$ Installing caching utilities

travis_time:end:2208cb56:start=1657785684916443084,finish=1657785685168683499,duration=252240415[0Ktravis_time:start:04c8379c[0K
travis_time:end:04c8379c:start=1657785685181988704,finish=1657785685191701960,duration=9713256[0Ktravis_time:start:04ee01c0[0K/home/travis/.casher/bin/casher:213:in `cache_archive_name': undefined method `[]' for nil:NilClass (NoMethodError)
	from /home/travis/.casher/bin/casher:65:in `block in fetch'
	from /home/travis/.casher/bin/casher:64:in `each'
	from /home/travis/.casher/bin/casher:64:in `fetch'
	from /home/travis/.casher/bin/casher:53:in `block in run'
	from /home/travis/.rvm/rubies/ruby-1.9.3-p551/lib/ruby/1.9.1/timeout.rb:69:in `timeout'
	from /home/travis/.casher/bin/casher:53:in `run'
	from /home/travis/.casher/bin/casher:263:in `<main>'
[32;1mattempting to download cache archive[0m

travis_time:end:04ee01c0:start=1657785685203589072,finish=1657785685986817606,duration=783228534[0Ktravis_time:start:0d829c22[0K
travis_time:end:0d829c22:start=1657785685997029039,finish=1657785686005212953,duration=8183914[0Ktravis_time:start:03bbf428[0K[32;1madding /home/travis/.gradle to cache[0m
[32;1mcreating directory /home/travis/.gradle[0m

travis_time:end:03bbf428:start=1657785686015333887,finish=1657785686805246912,duration=789913025[0Ktravis_fold:end:cache.1[0K$ java -Xmx32m -version
java version "1.8.0_31"
Java(TM) SE Runtime Environment (build 1.8.0_31-b13)
Java HotSpot(TM) 64-Bit Server VM (build 25.31-b07, mixed mode)
$ javac -J-Xmx32m -version
javac 1.8.0_31
travis_fold:start:before_install[0Ktravis_time:start:0c74df90[0K$ npm install -g bower
/home/travis/.nvm/v0.10.36/bin/bower -> /home/travis/.nvm/v0.10.36/lib/node_modules/bower/bin/bower
bower@1.8.14 /home/travis/.nvm/v0.10.36/lib/node_modules/bower

travis_time:end:0c74df90:start=1657785687097478606,finish=1657785694547020147,duration=7449541541[0Ktravis_fold:end:before_install[0Ktravis_fold:start:install[0Ktravis_time:start:0be44448[0K$ ./gradlew classes
Downloading https://services.gradle.org/distributions/gradle-2.4-bin.zip
.............................................................................................................................................................................................................................................................................................................................................................................................................................................................................................................................................................................................................................................................................................................................................................................................................................................................................................................................................................................................................................................................................................................................................................................................................................................................................................................................................................................................................................................................................................................................................................................................................................................................................................................................................................................................................................................................................................................................................................................................................................................................................................................................................................................................................................................................................................................................................................
Unzipping /home/travis/.gradle/wrapper/dists/gradle-2.4-bin/qtpfibs0bk58et4qkc9rtloo1/gradle-2.4-bin.zip to /home/travis/.gradle/wrapper/dists/gradle-2.4-bin/qtpfibs0bk58et4qkc9rtloo1
Set executable permissions for: /home/travis/.gradle/wrapper/dists/gradle-2.4-bin/qtpfibs0bk58et4qkc9rtloo1/gradle-2.4/bin/gradle
Download https://repo1.maven.org/maven2/org/kt3k/gradle/plugin/coveralls-gradle-plugin/2.0.1/coveralls-gradle-plugin-2.0.1.pom
Download https://jcenter.bintray.com/org/asciidoctor/asciidoctor-gradle-plugin/1.5.2/asciidoctor-gradle-plugin-1.5.2.pom
Download https://jcenter.bintray.com/com/github/ben-manes/gradle-versions-plugin/0.11.3/gradle-versions-plugin-0.11.3.pom
Download https://repo1.maven.org/maven2/org/apache/httpcomponents/httpmime/4.3/httpmime-4.3.pom
Download https://repo1.maven.org/maven2/org/apache/httpcomponents/httpcomponents-client/4.3/httpcomponents-client-4.3.pom
Download https://repo1.maven.org/maven2/org/apache/httpcomponents/project/7/project-7.pom
Download https://repo1.maven.org/maven2/org/apache/apache/13/apache-13.pom
Download https://repo1.maven.org/maven2/org/codehaus/groovy/modules/http-builder/http-builder/0.7.1/http-builder-0.7.1.pom
Download https://repo1.maven.org/maven2/com/thoughtworks/xstream/xstream/1.4.7/xstream-1.4.7.pom
Download https://repo1.maven.org/maven2/com/thoughtworks/xstream/xstream-parent/1.4.7/xstream-parent-1.4.7.pom
Download https://repo1.maven.org/maven2/org/codehaus/codehaus-parent/3/codehaus-parent-3.pom
Download https://repo1.maven.org/maven2/org/apache/httpcomponents/httpclient/4.3/httpclient-4.3.pom
Download https://repo1.maven.org/maven2/net/sf/json-lib/json-lib/2.3/json-lib-2.3.pom
Download https://repo1.maven.org/maven2/net/sourceforge/nekohtml/nekohtml/1.9.16/nekohtml-1.9.16.pom
Download https://repo1.maven.org/maven2/xml-resolver/xml-resolver/1.2/xml-resolver-1.2.pom
Download https://repo1.maven.org/maven2/org/apache/apache/3/apache-3.pom
Download https://repo1.maven.org/maven2/xmlpull/xmlpull/1.1.3.1/xmlpull-1.1.3.1.pom
Download https://repo1.maven.org/maven2/xpp3/xpp3_min/1.1.4c/xpp3_min-1.1.4c.pom
Download https://repo1.maven.org/maven2/commons-beanutils/commons-beanutils/1.8.0/commons-beanutils-1.8.0.pom
Download https://repo1.maven.org/maven2/org/apache/commons/commons-parent/11/commons-parent-11.pom
Download https://repo1.maven.org/maven2/org/apache/apache/4/apache-4.pom
Download https://repo1.maven.org/maven2/commons-collections/commons-collections/3.2.1/commons-collections-3.2.1.pom
Download https://repo1.maven.org/maven2/org/apache/commons/commons-parent/9/commons-parent-9.pom
Download https://repo1.maven.org/maven2/commons-lang/commons-lang/2.4/commons-lang-2.4.pom
Download https://repo1.maven.org/maven2/commons-logging/commons-logging/1.1.1/commons-logging-1.1.1.pom
Download https://repo1.maven.org/maven2/org/apache/commons/commons-parent/5/commons-parent-5.pom
Download https://repo1.maven.org/maven2/net/sf/ezmorph/ezmorph/1.0.6/ezmorph-1.0.6.pom
Download https://repo1.maven.org/maven2/xerces/xercesImpl/2.9.1/xercesImpl-2.9.1.pom
Download https://repo1.maven.org/maven2/xml-apis/xml-apis/1.3.04/xml-apis-1.3.04.pom
Download https://repo1.maven.org/maven2/org/apache/httpcomponents/httpcore/4.3/httpcore-4.3.pom
Download https://repo1.maven.org/maven2/org/apache/httpcomponents/httpcomponents-core/4.3/httpcomponents-core-4.3.pom
Download https://repo1.maven.org/maven2/commons-codec/commons-codec/1.6/commons-codec-1.6.pom
Download https://repo1.maven.org/maven2/org/apache/commons/commons-parent/22/commons-parent-22.pom
Download https://repo1.maven.org/maven2/org/apache/apache/9/apache-9.pom
Download https://repo1.maven.org/maven2/commons-logging/commons-logging/1.1.3/commons-logging-1.1.3.pom
Download https://repo1.maven.org/maven2/org/apache/commons/commons-parent/28/commons-parent-28.pom
Download https://repo1.maven.org/maven2/org/kt3k/gradle/plugin/coveralls-gradle-plugin/2.0.1/coveralls-gradle-plugin-2.0.1.jar
Download https://jcenter.bintray.com/org/asciidoctor/asciidoctor-gradle-plugin/1.5.2/asciidoctor-gradle-plugin-1.5.2.jar
Download https://jcenter.bintray.com/com/github/ben-manes/gradle-versions-plugin/0.11.3/gradle-versions-plugin-0.11.3.jar
Download https://repo1.maven.org/maven2/org/apache/httpcomponents/httpmime/4.3/httpmime-4.3.jar
Download https://repo1.maven.org/maven2/org/codehaus/groovy/modules/http-builder/http-builder/0.7.1/http-builder-0.7.1.jar
Download https://repo1.maven.org/maven2/com/thoughtworks/xstream/xstream/1.4.7/xstream-1.4.7.jar
Download https://repo1.maven.org/maven2/org/apache/httpcomponents/httpclient/4.3/httpclient-4.3.jar
Download https://repo1.maven.org/maven2/net/sf/json-lib/json-lib/2.3/json-lib-2.3-jdk15.jar
Download https://repo1.maven.org/maven2/net/sourceforge/nekohtml/nekohtml/1.9.16/nekohtml-1.9.16.jar
Download https://repo1.maven.org/maven2/xml-resolver/xml-resolver/1.2/xml-resolver-1.2.jar
Download https://repo1.maven.org/maven2/xmlpull/xmlpull/1.1.3.1/xmlpull-1.1.3.1.jar
Download https://repo1.maven.org/maven2/xpp3/xpp3_min/1.1.4c/xpp3_min-1.1.4c.jar
Download https://repo1.maven.org/maven2/commons-beanutils/commons-beanutils/1.8.0/commons-beanutils-1.8.0.jar
Download https://repo1.maven.org/maven2/commons-collections/commons-collections/3.2.1/commons-collections-3.2.1.jar
Download https://repo1.maven.org/maven2/commons-lang/commons-lang/2.4/commons-lang-2.4.jar
Download https://repo1.maven.org/maven2/net/sf/ezmorph/ezmorph/1.0.6/ezmorph-1.0.6.jar
Download https://repo1.maven.org/maven2/xerces/xercesImpl/2.9.1/xercesImpl-2.9.1.jar
Download https://repo1.maven.org/maven2/xml-apis/xml-apis/1.3.04/xml-apis-1.3.04.jar
Download https://repo1.maven.org/maven2/org/apache/httpcomponents/httpcore/4.3/httpcore-4.3.jar
Download https://repo1.maven.org/maven2/commons-codec/commons-codec/1.6/commons-codec-1.6.jar
Download https://repo1.maven.org/maven2/commons-logging/commons-logging/1.1.3/commons-logging-1.1.3.jar
:jgiven-core:compileJava
Download https://repo1.maven.org/maven2/org/slf4j/slf4j-api/1.7.13/slf4j-api-1.7.13.pom
Download https://repo1.maven.org/maven2/org/slf4j/slf4j-parent/1.7.13/slf4j-parent-1.7.13.pom
Download https://repo1.maven.org/maven2/com/google/guava/guava/19.0/guava-19.0.pom
Download https://repo1.maven.org/maven2/com/google/guava/guava-parent/19.0/guava-parent-19.0.pom
Download https://repo1.maven.org/maven2/org/sonatype/oss/oss-parent/7/oss-parent-7.pom
Download https://repo1.maven.org/maven2/com/google/code/gson/gson/2.5/gson-2.5.pom
Download https://repo1.maven.org/maven2/org/sonatype/oss/oss-parent/9/oss-parent-9.pom
Download https://repo1.maven.org/maven2/com/thoughtworks/paranamer/paranamer/2.8/paranamer-2.8.pom
Download https://repo1.maven.org/maven2/com/thoughtworks/paranamer/paranamer-parent/2.8/paranamer-parent-2.8.pom
Download https://repo1.maven.org/maven2/cglib/cglib-nodep/2.2.2/cglib-nodep-2.2.2.pom
Download https://repo1.maven.org/maven2/org/fusesource/jansi/jansi/1.11/jansi-1.11.pom
Download https://repo1.maven.org/maven2/org/fusesource/jansi/jansi-project/1.11/jansi-project-1.11.pom
Download https://repo1.maven.org/maven2/org/fusesource/fusesource-pom/1.8/fusesource-pom-1.8.pom
Download https://repo1.maven.org/maven2/org/slf4j/slf4j-api/1.7.13/slf4j-api-1.7.13.jar
Download https://repo1.maven.org/maven2/com/google/guava/guava/19.0/guava-19.0.jar
Download https://repo1.maven.org/maven2/com/google/code/gson/gson/2.5/gson-2.5.jar
Download https://repo1.maven.org/maven2/com/thoughtworks/paranamer/paranamer/2.8/paranamer-2.8.jar
Download https://repo1.maven.org/maven2/cglib/cglib-nodep/2.2.2/cglib-nodep-2.2.2.jar
Download https://repo1.maven.org/maven2/org/fusesource/jansi/jansi/1.11/jansi-1.11.jar
warning: [options] bootstrap class path not set in conjunction with -source 1.6
Note: Some input files use or override a deprecated API.
Note: Recompile with -Xlint:deprecation for details.
Note: Some input files use unchecked or unsafe operations.
Note: Recompile with -Xlint:unchecked for details.
1 warning
:jgiven-core:processResources
:jgiven-core:classes
:jgiven-examples:compileJavawarning: [options] bootstrap class path not set in conjunction with -source 1.6
1 warning

:jgiven-examples:processResources UP-TO-DATE
:jgiven-examples:classes
:jgiven-core:jar
:jgiven-html5-report:compileJavawarning: [options] bootstrap class path not set in conjunction with -source 1.6
1 warning

:jgiven-html5-report:processResources UP-TO-DATE
:jgiven-html5-report:classes
:jgiven-html5-report:deleteCssFiles UP-TO-DATE
:jgiven-html5-report:copyAppFiles
:jgiven-html5-report:bowerUpdate
bower jquery#2.1.4          not-cached https://github.com/jquery/jquery-dist.git#2.1.4
bower jquery#2.1.4             resolve https://github.com/jquery/jquery-dist.git#2.1.4
bower angular#1.4.8         not-cached https://github.com/angular/bower-angular.git#1.4.8
bower angular#1.4.8            resolve https://github.com/angular/bower-angular.git#1.4.8
bower angular-sanitize#1.4.8       not-cached https://github.com/angular/bower-angular-sanitize.git#1.4.8
bower angular-sanitize#1.4.8          resolve https://github.com/angular/bower-angular-sanitize.git#1.4.8
bower fontawesome#4.2.0            not-cached https://github.com/FortAwesome/Font-Awesome.git#4.2.0
bower fontawesome#4.2.0               resolve https://github.com/FortAwesome/Font-Awesome.git#4.2.0
bower lodash#2.4.1                 not-cached https://github.com/lodash/lodash.git#2.4.1
bower lodash#2.4.1                    resolve https://github.com/lodash/lodash.git#2.4.1
bower foundation#5.5.2             not-cached https://github.com/zurb/bower-foundation.git#5.5.2
bower foundation#5.5.2                resolve https://github.com/zurb/bower-foundation.git#5.5.2
bower angular-chart.js#0.7.2       not-cached https://github.com/jtblin/angular-chart.js.git#0.7.2
bower angular-chart.js#0.7.2          resolve https://github.com/jtblin/angular-chart.js.git#0.7.2
bower angular-local-storage#0.1.5  not-cached https://github.com/grevory/angular-local-storage.git#0.1.5
bower angular-local-storage#0.1.5     resolve https://github.com/grevory/angular-local-storage.git#0.1.5
bower angular-mocks#1.4.8          not-cached https://github.com/angular/bower-angular-mocks.git#1.4.8
bower angular-mocks#1.4.8             resolve https://github.com/angular/bower-angular-mocks.git#1.4.8
bower pako#0.2.8                   not-cached https://github.com/nodeca/pako.git#0.2.8
bower pako#0.2.8                      resolve https://github.com/nodeca/pako.git#0.2.8
bower angular-foundation#0.6.0     not-cached https://github.com/pineconellc/angular-foundation-bower.git#0.6.0
bower angular-foundation#0.6.0        resolve https://github.com/pineconellc/angular-foundation-bower.git#0.6.0
bower angular-bindonce#0.3.3       not-cached https://github.com/Pasvaz/bindonce.git#0.3.3
bower angular-bindonce#0.3.3          resolve https://github.com/Pasvaz/bindonce.git#0.3.3
bower jquery#2.1.4                   download https://github.com/jquery/jquery-dist/archive/2.1.4.tar.gz
bower fontawesome#4.2.0              download https://github.com/FortAwesome/Font-Awesome/archive/v4.2.0.tar.gz
bower angular#1.4.8                  download https://github.com/angular/bower-angular/archive/v1.4.8.tar.gz
bower angular-local-storage#0.1.5    download https://github.com/grevory/angular-local-storage/archive/0.1.5.tar.gz
bower angular-chart.js#0.7.2         download https://github.com/jtblin/angular-chart.js/archive/0.7.2.tar.gz
bower foundation#5.5.2               download https://github.com/zurb/bower-foundation/archive/5.5.2.tar.gz
bower lodash#2.4.1                   download https://github.com/lodash/lodash/archive/2.4.1.tar.gz
bower angular-sanitize#1.4.8         download https://github.com/angular/bower-angular-sanitize/archive/v1.4.8.tar.gz
bower pako#0.2.8                     download https://github.com/nodeca/pako/archive/0.2.8.tar.gz
bower angular-foundation#0.6.0       download https://github.com/pineconellc/angular-foundation-bower/archive/v0.6.0.tar.gz
bower angular-bindonce#0.3.3         download https://github.com/Pasvaz/bindonce/archive/0.3.3.tar.gz
bower angular-mocks#1.4.8            download https://github.com/angular/bower-angular-mocks/archive/v1.4.8.tar.gz
bower jquery#2.1.4                    extract archive.tar.gz
bower angular-chart.js#0.7.2            retry Download of https://github.com/jtblin/angular-chart.js/archive/0.7.2.tar.gz failed with ECONNRESET, retrying in 1.5s
bower angular#1.4.8                   extract archive.tar.gz
bower pako#0.2.8                        retry Download of https://github.com/nodeca/pako/archive/0.2.8.tar.gz failed with ECONNRESET, retrying in 1.5s
bower fontawesome#4.2.0               extract archive.tar.gz
bower foundation#5.5.2                  retry Download of https://github.com/zurb/bower-foundation/archive/5.5.2.tar.gz failed with ECONNRESET, retrying in 2.0s
bower lodash#2.4.1                    extract archive.tar.gz
bower angular-sanitize#1.4.8          extract archive.tar.gz
bower angular-sanitize#1.4.8         resolved https://github.com/angular/bower-angular-sanitize.git#1.4.8
bower angular-local-storage#0.1.5     extract archive.tar.gz
bower angular#1.4.8                  resolved https://github.com/angular/bower-angular.git#1.4.8
bower angular-bindonce#0.3.3          extract archive.tar.gz
bower angular-bindonce#0.3.3         resolved https://github.com/Pasvaz/bindonce.git#0.3.3
bower angular-mocks#1.4.8             extract archive.tar.gz
bower angular-mocks#1.4.8            resolved https://github.com/angular/bower-angular-mocks.git#1.4.8
bower angular-local-storage#0.1.5    resolved https://github.com/grevory/angular-local-storage.git#0.1.5
bower angular-foundation#0.6.0        extract archive.tar.gz
bower angular-foundation#0.6.0       resolved https://github.com/pineconellc/angular-foundation-bower.git#0.6.0
bower lodash#2.4.1                   resolved https://github.com/lodash/lodash.git#2.4.1
bower jquery#2.1.4                   resolved https://github.com/jquery/jquery-dist.git#2.1.4
bower fontawesome#4.2.0          invalid-meta for:/tmp/travis/bower/4121662a0e17705c5dce874c683e353b-1291-02lA05/bower.json
bower fontawesome#4.2.0          invalid-meta The "main" field cannot contain globs (example: "*.js")
bower fontawesome#4.2.0              resolved https://github.com/FortAwesome/Font-Awesome.git#4.2.0
bower angular-chart.js#0.7.2          extract archive.tar.gz
bower angular-chart.js#0.7.2         resolved https://github.com/jtblin/angular-chart.js.git#0.7.2
bower pako#0.2.8                      extract archive.tar.gz
bower Chart.js#~1.0.1              not-cached https://github.com/nnnick/Chart.js.git#~1.0.1
bower Chart.js#~1.0.1                 resolve https://github.com/nnnick/Chart.js.git#~1.0.1
bower pako#0.2.8                     resolved https://github.com/nodeca/pako.git#0.2.8
bower foundation#5.5.2                extract archive.tar.gz
bower foundation#5.5.2               resolved https://github.com/zurb/bower-foundation.git#5.5.2
bower Chart.js#~1.0.1                download https://github.com/nnnick/Chart.js/archive/v1.0.2.tar.gz
bower fastclick#>=0.6.11           not-cached https://github.com/ftlabs/fastclick.git#>=0.6.11
bower fastclick#>=0.6.11              resolve https://github.com/ftlabs/fastclick.git#>=0.6.11
bower jquery-placeholder#~2.0.7    not-cached https://github.com/mathiasbynens/jquery-placeholder.git#~2.0.7
bower jquery-placeholder#~2.0.7       resolve https://github.com/mathiasbynens/jquery-placeholder.git#~2.0.7
bower jquery.cookie#~1.4.0         not-cached https://github.com/carhartl/jquery-cookie.git#~1.4.0
bower jquery.cookie#~1.4.0            resolve https://github.com/carhartl/jquery-cookie.git#~1.4.0
bower modernizr#>= 2.7.2           not-cached https://github.com/Modernizr/Modernizr.git#>= 2.7.2
bower modernizr#>= 2.7.2              resolve https://github.com/Modernizr/Modernizr.git#>= 2.7.2
bower jquery-placeholder#~2.0.7      download https://github.com/mathiasbynens/jquery-placeholder/archive/v2.0.9.tar.gz
bower fastclick#>=0.6.11             download https://github.com/ftlabs/fastclick/archive/v1.0.6.tar.gz
bower jquery.cookie#~1.4.0           download https://github.com/carhartl/jquery-cookie/archive/v1.4.1.tar.gz
bower Chart.js#~1.0.1                 extract archive.tar.gz
bower Chart.js#~1.0.1            invalid-meta for:/tmp/travis/bower/671a34f677b2295c20efbb71687965ad-1291-M8hjmm/bower.json
bower Chart.js#~1.0.1            invalid-meta The "name" is recommended to be lowercase, can contain digits, dots, dashes
bower Chart.js#~1.0.1                resolved https://github.com/nnnick/Chart.js.git#1.0.2
bower jquery-placeholder#~2.0.7       extract archive.tar.gz
bower jquery-placeholder#~2.0.7      mismatch Version declared in the json (2.0.8) is different than the resolved one (2.0.9)
bower jquery-placeholder#~2.0.7      resolved https://github.com/mathiasbynens/jquery-placeholder.git#2.0.9
bower fastclick#>=0.6.11              extract archive.tar.gz
bower fastclick#>=0.6.11             resolved https://github.com/ftlabs/fastclick.git#1.0.6
bower jquery.cookie#~1.4.0            extract archive.tar.gz
bower jquery.cookie#~1.4.0           resolved https://github.com/carhartl/jquery-cookie.git#1.4.1
bower modernizr#>= 2.7.2             download https://github.com/Modernizr/Modernizr/archive/v3.12.0.tar.gz
bower modernizr#>= 2.7.2              extract archive.tar.gz
bower modernizr#>= 2.7.2             resolved https://github.com/Modernizr/Modernizr.git#3.12.0
bower angular-sanitize#1.4.8          install angular-sanitize#1.4.8
bower angular#1.4.8                   install angular#1.4.8
bower angular-bindonce#0.3.3          install angular-bindonce#0.3.3
bower angular-mocks#1.4.8             install angular-mocks#1.4.8
bower angular-local-storage#0.1.5     install angular-local-storage#0.1.5
bower angular-foundation#0.6.0        install angular-foundation#0.6.0
bower lodash#2.4.1                    install lodash#2.4.1
bower jquery#2.1.4                    install jquery#2.1.4
bower fontawesome#4.2.0               install fontawesome#4.2.0
bower angular-chart.js#0.7.2          install angular-chart.js#0.7.2
bower pako#0.2.8                      install pako#0.2.8
bower foundation#5.5.2                install foundation#5.5.2
bower Chart.js#~1.0.1                 install Chart.js#1.0.2
bower jquery-placeholder#~2.0.7       install jquery-placeholder#2.0.9
bower fastclick#>=0.6.11              install fastclick#1.0.6
bower jquery.cookie#~1.4.0            install jquery.cookie#1.4.1
bower modernizr#>= 2.7.2              install modernizr#3.12.0

angular-sanitize#1.4.8 build/bower_components/angular-sanitize
â””â”€â”€ angular#1.4.8

angular#1.4.8 build/bower_components/angular

angular-bindonce#0.3.3 build/bower_components/angular-bindonce

angular-mocks#1.4.8 build/bower_components/angular-mocks
â””â”€â”€ angular#1.4.8

angular-local-storage#0.1.5 build/bower_components/angular-local-storage

angular-foundation#0.6.0 build/bower_components/angular-foundation
â””â”€â”€ angular#1.4.8

lodash#2.4.1 build/bower_components/lodash

jquery#2.1.4 build/bower_components/jquery

fontawesome#4.2.0 build/bower_components/fontawesome

angular-chart.js#0.7.2 build/bower_components/angular-chart.js
â”œâ”€â”€ Chart.js#1.0.2
â””â”€â”€ angular#1.4.8

pako#0.2.8 build/bower_components/pako

foundation#5.5.2 build/bower_components/foundation
â”œâ”€â”€ fastclick#1.0.6
â”œâ”€â”€ jquery#2.1.4
â”œâ”€â”€ jquery-placeholder#2.0.9
â”œâ”€â”€ jquery.cookie#1.4.1
â””â”€â”€ modernizr#3.12.0

Chart.js#1.0.2 build/bower_components/Chart.js

jquery-placeholder#2.0.9 build/bower_components/jquery-placeholder
â””â”€â”€ jquery#2.1.4

fastclick#1.0.6 build/bower_components/fastclick

jquery.cookie#1.4.1 build/bower_components/jquery.cookie
â””â”€â”€ jquery#2.1.4

modernizr#3.12.0 build/bower_components/modernizr
:jgiven-html5-report:copyCssFiles
:jgiven-html5-report:copyFontFiles
:jgiven-html5-report:copyImageFiles UP-TO-DATE
:jgiven-html5-report:copyJsFiles
:jgiven-html5-report:zipAppDir
:jgiven-html5-report:jar
:jgiven-junit:compileJava
Download https://repo1.maven.org/maven2/junit/junit/4.12/junit-4.12.pom
Download https://repo1.maven.org/maven2/org/hamcrest/hamcrest-core/1.3/hamcrest-core-1.3.pom
Download https://repo1.maven.org/maven2/org/hamcrest/hamcrest-parent/1.3/hamcrest-parent-1.3.pom
Download https://repo1.maven.org/maven2/junit/junit/4.12/junit-4.12.jar
Download https://repo1.maven.org/maven2/org/hamcrest/hamcrest-core/1.3/hamcrest-core-1.3.jar
warning: [options] bootstrap class path not set in conjunction with -source 1.6
Note: Some input files use or override a deprecated API.
Note: Recompile with -Xlint:deprecation for details.
1 warning
:jgiven-junit:processResources UP-TO-DATE
:jgiven-junit:classes
:jgiven-junit:jar
:jgiven-java8-tests:compileJava UP-TO-DATE
:jgiven-java8-tests:processResources UP-TO-DATE
:jgiven-java8-tests:classes UP-TO-DATE
:jgiven-maven-plugin:compileJava
Download https://repo1.maven.org/maven2/org/apache/maven/maven-plugin-api/2.0/maven-plugin-api-2.0.pom
Download https://repo1.maven.org/maven2/org/apache/maven/maven/2.0/maven-2.0.pom
Download https://repo1.maven.org/maven2/org/apache/maven/maven-plugin-api/2.0/maven-plugin-api-2.0.jar
warning: [options] bootstrap class path not set in conjunction with -source 1.6
1 warning
:jgiven-maven-plugin:processResources UP-TO-DATE
:jgiven-maven-plugin:classes
:jgiven-spring:compileJava
Download https://repo1.maven.org/maven2/org/springframework/spring-context/3.2.4.RELEASE/spring-context-3.2.4.RELEASE.pom
Download https://repo1.maven.org/maven2/org/springframework/spring-aop/3.2.4.RELEASE/spring-aop-3.2.4.RELEASE.pom
Download https://repo1.maven.org/maven2/org/springframework/spring-beans/3.2.4.RELEASE/spring-beans-3.2.4.RELEASE.pom
Download https://repo1.maven.org/maven2/org/springframework/spring-core/3.2.4.RELEASE/spring-core-3.2.4.RELEASE.pom
Download https://repo1.maven.org/maven2/org/springframework/spring-expression/3.2.4.RELEASE/spring-expression-3.2.4.RELEASE.pom
Download https://repo1.maven.org/maven2/aopalliance/aopalliance/1.0/aopalliance-1.0.pom
Download https://repo1.maven.org/maven2/org/springframework/spring-context/3.2.4.RELEASE/spring-context-3.2.4.RELEASE.jar
Download https://repo1.maven.org/maven2/org/springframework/spring-aop/3.2.4.RELEASE/spring-aop-3.2.4.RELEASE.jar
Download https://repo1.maven.org/maven2/org/springframework/spring-beans/3.2.4.RELEASE/spring-beans-3.2.4.RELEASE.jar
Download https://repo1.maven.org/maven2/org/springframework/spring-core/3.2.4.RELEASE/spring-core-3.2.4.RELEASE.jar
Download https://repo1.maven.org/maven2/org/springframework/spring-expression/3.2.4.RELEASE/spring-expression-3.2.4.RELEASE.jar
Download https://repo1.maven.org/maven2/aopalliance/aopalliance/1.0/aopalliance-1.0.jar
Download https://repo1.maven.org/maven2/commons-logging/commons-logging/1.1.1/commons-logging-1.1.1.jar
warning: [options] bootstrap class path not set in conjunction with -source 1.6
1 warning
:jgiven-spring:processResources
:jgiven-spring:classes
:jgiven-testng:compileJava
Download https://repo1.maven.org/maven2/org/testng/testng/6.8.7/testng-6.8.7.pom
Download https://repo1.maven.org/maven2/org/sonatype/oss/oss-parent/3/oss-parent-3.pom
Download https://repo1.maven.org/maven2/junit/junit/4.10/junit-4.10.pom
Download https://repo1.maven.org/maven2/org/beanshell/bsh/2.0b4/bsh-2.0b4.pom
Download https://repo1.maven.org/maven2/org/beanshell/beanshell/2.0b4/beanshell-2.0b4.pom
Download https://repo1.maven.org/maven2/com/beust/jcommander/1.27/jcommander-1.27.pom
Download https://repo1.maven.org/maven2/org/yaml/snakeyaml/1.12/snakeyaml-1.12.pom
Download https://repo1.maven.org/maven2/org/hamcrest/hamcrest-core/1.1/hamcrest-core-1.1.pom
Download https://repo1.maven.org/maven2/org/hamcrest/hamcrest-parent/1.1/hamcrest-parent-1.1.pom
Download https://repo1.maven.org/maven2/org/testng/testng/6.8.7/testng-6.8.7.jar
Download https://repo1.maven.org/maven2/junit/junit/4.10/junit-4.10.jar
Download https://repo1.maven.org/maven2/org/beanshell/bsh/2.0b4/bsh-2.0b4.jar
Download https://repo1.maven.org/maven2/com/beust/jcommander/1.27/jcommander-1.27.jar
Download https://repo1.maven.org/maven2/org/yaml/snakeyaml/1.12/snakeyaml-1.12.jar
Download https://repo1.maven.org/maven2/org/hamcrest/hamcrest-core/1.1/hamcrest-core-1.1.jar
warning: [options] bootstrap class path not set in conjunction with -source 1.6
1 warning
:jgiven-testng:processResources UP-TO-DATE
:jgiven-testng:classes
:jgiven-testng:jar
:jgiven-tests:compileJava
Download https://repo1.maven.org/maven2/org/testng/testng/6.9.10/testng-6.9.10.pom
Download https://repo1.maven.org/maven2/com/tngtech/java/junit-dataprovider/1.10.2/junit-dataprovider-1.10.2.pom
Download https://repo1.maven.org/maven2/com/beust/jcommander/1.48/jcommander-1.48.pom
Download https://repo1.maven.org/maven2/org/testng/testng/6.9.10/testng-6.9.10.jar
Download https://repo1.maven.org/maven2/com/tngtech/java/junit-dataprovider/1.10.2/junit-dataprovider-1.10.2.jar
Download https://repo1.maven.org/maven2/com/beust/jcommander/1.48/jcommander-1.48.jar
warning: [options] bootstrap class path not set in conjunction with -source 1.7
Note: /home/travis/build/passed/TNG/JGiven/jgiven-tests/src/main/java/com/tngtech/jgiven/tests/TestScenarios.java uses or overrides a deprecated API.
Note: Recompile with -Xlint:deprecation for details.
1 warning
:jgiven-tests:processResources UP-TO-DATE
:jgiven-tests:classes

BUILD SUCCESSFUL

Total time: 56.036 secs

travis_time:end:0be44448:start=1657785694558460109,finish=1657785751242391106,duration=56683930997[0Ktravis_fold:end:install[0Ktravis_time:start:078feb8c[0K$ ./gradlew test -DjunitVersion=4.9
:jgiven-core:compileJava UP-TO-DATE
:jgiven-core:processResources UP-TO-DATE
:jgiven-core:classes UP-TO-DATE
:jgiven-core:compileTestJava
Download https://repo1.maven.org/maven2/org/slf4j/jcl-over-slf4j/1.7.13/jcl-over-slf4j-1.7.13.pom
Download https://repo1.maven.org/maven2/org/slf4j/slf4j-simple/1.7.13/slf4j-simple-1.7.13.pom
Download https://repo1.maven.org/maven2/org/assertj/assertj-core/1.7.1/assertj-core-1.7.1.pom
Download https://repo1.maven.org/maven2/org/assertj/assertj-parent-pom/1.2.6/assertj-parent-pom-1.2.6.pom
Download https://repo1.maven.org/maven2/net/java/quickcheck/quickcheck/0.6/quickcheck-0.6.pom
Download https://repo1.maven.org/maven2/net/java/quickcheck/quickcheck-all/0.6/quickcheck-all-0.6.pom
Download https://repo1.maven.org/maven2/net/java/quickcheck/quickcheck-src-generator/0.6/quickcheck-src-generator-0.6.pom
Download https://repo1.maven.org/maven2/org/slf4j/jcl-over-slf4j/1.7.13/jcl-over-slf4j-1.7.13.jar
Download https://repo1.maven.org/maven2/org/slf4j/slf4j-simple/1.7.13/slf4j-simple-1.7.13.jar
Download https://repo1.maven.org/maven2/org/assertj/assertj-core/1.7.1/assertj-core-1.7.1.jar
Download https://repo1.maven.org/maven2/net/java/quickcheck/quickcheck/0.6/quickcheck-0.6.jar
Download https://repo1.maven.org/maven2/net/java/quickcheck/quickcheck-src-generator/0.6/quickcheck-src-generator-0.6.jar
warning: [options] bootstrap class path not set in conjunction with -source 1.6
Note: /home/travis/build/passed/TNG/JGiven/jgiven-core/src/test/java/com/tngtech/jgiven/impl/StandaloneScenarioExecutorTest.java uses or overrides a deprecated API.
Note: Recompile with -Xlint:deprecation for details.
Note: Some input files use unchecked or unsafe operations.
Note: Recompile with -Xlint:unchecked for details.
:jgiven-core:processTestResources
:jgiven-core:testClasses
:jgiven-core:test
Download https://repo1.maven.org/maven2/org/jacoco/org.jacoco.agent/0.7.1.201405082137/org.jacoco.agent-0.7.1.201405082137.pom
Download https://repo1.maven.org/maven2/org/jacoco/org.jacoco.build/0.7.1.201405082137/org.jacoco.build-0.7.1.201405082137.pom
Download https://repo1.maven.org/maven2/org/jacoco/org.jacoco.agent/0.7.1.201405082137/org.jacoco.agent-0.7.1.201405082137.jar

com.tngtech.jgiven.ScenarioRuleTest > whenExceptionThrownInStepThenAfterMethodsAreExecuted STANDARD_ERROR
    [Test worker] WARN com.tngtech.jgiven.impl.intercept.StepMethodInterceptor - The step method an_exception_is_thrown of class WhenTestStep does not follow the fluent interface convention of returning the receiver object. Please change the return type to the SELF type parameter.

com.tngtech.jgiven.impl.ScenarioModelBuilderTest > error_message_is_correctly_stored STANDARD_ERROR
    [Test worker] WARN com.tngtech.jgiven.impl.intercept.StepMethodInterceptor - The step method a_failing_test of class FailingTestStage does not follow the fluent interface convention of returning the receiver object. Please change the return type to the SELF type parameter.

com.tngtech.jgiven.impl.StandaloneScenarioExecutorTest > DoNotIntercept_methods_are_executed_even_if_previous_steps_fail STANDARD_ERROR
    [Test worker] WARN com.tngtech.jgiven.impl.intercept.StepMethodInterceptor - The step method a_failing_step of class DoNotInterceptClass does not follow the fluent interface convention of returning the receiver object. Please change the return type to the SELF type parameter.

com.tngtech.jgiven.impl.StandaloneScenarioExecutorTest > methods_annotated_with_Pending_must_follow_fluent_interface_convention_or_return_null STANDARD_ERROR
    [Test worker] WARN com.tngtech.jgiven.impl.intercept.StepMethodInterceptor - The step method something_pending_with_wrong_signature of class PendingTestStep does not follow the fluent interface convention of returning the receiver object. Please change the return type to the SELF type parameter.

com.tngtech.jgiven.impl.StandaloneScenarioExecutorTest > methods_annotated_with_NotImplemented_must_follow_fluent_interface_convention_or_return_null STANDARD_ERROR
    [Test worker] WARN com.tngtech.jgiven.impl.intercept.StepMethodInterceptor - The step method something_not_implemented_yet_with_wrong_signature of class NotImplementedYetTestStep does not follow the fluent interface convention of returning the receiver object. Please change the return type to the SELF type parameter.

com.tngtech.jgiven.impl.util.ReflectionUtilTest > makeAccessible_does_not_throw_execptions STANDARD_ERROR
    [Test worker] WARN com.tngtech.jgiven.impl.util.ReflectionUtil - Could not make null accessible, trying to access it nevertheless and hoping for the best.

com.tngtech.jgiven.report.ReportGeneratorArgumentTest > testArgumentParsing STANDARD_ERROR
    DEPRECATION WARNING: --dir is deprecated, please use --sourceDir instead
    DEPRECATION WARNING: --todir is deprecated, please use--targetDir instead
:jgiven-core:jar
:jgiven-examples:compileJava UP-TO-DATE
:jgiven-examples:processResources UP-TO-DATE
:jgiven-examples:classes UP-TO-DATE
:jgiven-html5-report:compileJavawarning: [options] bootstrap class path not set in conjunction with -source 1.6
1 warning

:jgiven-html5-report:processResources UP-TO-DATE
:jgiven-html5-report:classes
:jgiven-html5-report:deleteCssFiles
:jgiven-html5-report:copyAppFiles
:jgiven-html5-report:bowerUpdate UP-TO-DATE
:jgiven-html5-report:copyCssFiles
:jgiven-html5-report:copyFontFiles UP-TO-DATE
:jgiven-html5-report:copyImageFiles UP-TO-DATE
:jgiven-html5-report:copyJsFiles UP-TO-DATE
:jgiven-html5-report:zipAppDir UP-TO-DATE
:jgiven-html5-report:jar
:jgiven-junit:compileJavawarning: [options] bootstrap class path not set in conjunction with -source 1.6
Note: Some input files use or override a deprecated API.
Note: Recompile with -Xlint:deprecation for details.
1 warning

:jgiven-junit:processResources UP-TO-DATE
:jgiven-junit:classes
:jgiven-junit:jar
:jgiven-spring:compileJavawarning: [options] bootstrap class path not set in conjunction with -source 1.6
1 warning

:jgiven-spring:processResources UP-TO-DATE
:jgiven-spring:classes
:jgiven-spring:jar
:jgiven-testng:compileJavawarning: [options] bootstrap class path not set in conjunction with -source 1.6
1 warning

:jgiven-testng:processResources UP-TO-DATE
:jgiven-testng:classes
:jgiven-testng:jar
:jgiven-tests:compileJavawarning: [options] bootstrap class path not set in conjunction with -source 1.7
Note: /home/travis/build/passed/TNG/JGiven/jgiven-tests/src/main/java/com/tngtech/jgiven/tests/TestScenarios.java uses or overrides a deprecated API.
Note: Recompile with -Xlint:deprecation for details.
1 warning

:jgiven-tests:processResources UP-TO-DATE
:jgiven-tests:classes
:jgiven-tests:jar
:jgiven-examples:compileTestJava
Download https://repo1.maven.org/maven2/org/springframework/spring-test/3.2.4.RELEASE/spring-test-3.2.4.RELEASE.pom
Download https://repo1.maven.org/maven2/pl/pragmatists/JUnitParams/1.0.4/JUnitParams-1.0.4.pom
Download https://repo1.maven.org/maven2/org/springframework/spring-test/3.2.4.RELEASE/spring-test-3.2.4.RELEASE.jar
Download https://repo1.maven.org/maven2/pl/pragmatists/JUnitParams/1.0.4/JUnitParams-1.0.4.jar
warning: [options] bootstrap class path not set in conjunction with -source 1.6
Note: /home/travis/build/passed/TNG/JGiven/jgiven-examples/src/test/java/com/tngtech/jgiven/examples/pancakes/test/SpringPanCakeScenarioTest.java uses or overrides a deprecated API.
Note: Recompile with -Xlint:deprecation for details.
Note: /home/travis/build/passed/TNG/JGiven/jgiven-examples/src/test/java/com/tngtech/jgiven/examples/datatable/DataTableExamples.java uses unchecked or unsafe operations.
Note: Recompile with -Xlint:unchecked for details.
:jgiven-examples:processTestResources UP-TO-DATE
:jgiven-examples:testClasses
:jgiven-examples:test

com.tngtech.jgiven.examples.coffeemachine.ServeCoffeeTest > a_scenario_with_a_failing_test_case_for_demonstration_purposes[1: false] FAILED
    org.junit.ComparisonFailure at ServeCoffeeTest.java:169

com.tngtech.jgiven.examples.coffeemachine.ServeCoffeeTest > shouldFailWithUnexpectedRuntimeException FAILED
    org.junit.runners.model.TestTimedOutException at ServeCoffeeTest.java:186

com.tngtech.jgiven.examples.coffeemachine.ServeCoffeeTest > a_failing_scenario_for_demonstration_purposes STANDARD_ERROR
    [Test worker] WARN com.tngtech.jgiven.impl.intercept.StepMethodInterceptor - The step method steps_following_a_failed_step_should_be_skipped of class ThenCoffee does not follow the fluent interface convention of returning the receiver object. Please change the return type to the SELF type parameter.

com.tngtech.jgiven.examples.coffeemachine.ServeCoffeeTest > a_failing_scenario_for_demonstration_purposes FAILED
    org.junit.ComparisonFailure at ServeCoffeeTest.java:150

com.tngtech.jgiven.examples.nested.NestedStepsTest > a_scenario_with_a_failing_nested_step_on_purpose FAILED
    org.junit.ComparisonFailure at NestedStepsTest.java:31

com.tngtech.jgiven.examples.parameters.ParametrizedScenariosTest > a_scenario_with_many_cases[5: some grouping value 0, value 5] STANDARD_ERROR
    [Test worker] WARN com.tngtech.jgiven.impl.intercept.StepMethodInterceptor - The step method another_value of class TestSteps does not follow the fluent interface convention of returning the receiver object. Please change the return type to the SELF type parameter.

com.tngtech.jgiven.examples.parameters.ParametrizedScenariosTest > a_scenario_with_many_cases[5: some grouping value 0, value 5] FAILED
    java.lang.AssertionError at ParametrizedScenariosTest.java:83

com.tngtech.jgiven.examples.parameters.ParametrizedScenariosTest > a_scenario_with_many_cases[15: some grouping value 1, value 5] STANDARD_ERROR
    [Test worker] WARN com.tngtech.jgiven.impl.intercept.StepMethodInterceptor - The step method another_value of class TestSteps does not follow the fluent interface convention of returning the receiver object. Please change the return type to the SELF type parameter.

com.tngtech.jgiven.examples.parameters.ParametrizedScenariosTest > a_scenario_with_many_cases[15: some grouping value 1, value 5] FAILED
    java.lang.AssertionError at ParametrizedScenariosTest.java:83

com.tngtech.jgiven.examples.parameters.ParametrizedScenariosTest > a_scenario_with_many_cases[25: some grouping value 2, value 5] STANDARD_ERROR
    [Test worker] WARN com.tngtech.jgiven.impl.intercept.StepMethodInterceptor - The step method another_value of class TestSteps does not follow the fluent interface convention of returning the receiver object. Please change the return type to the SELF type parameter.

com.tngtech.jgiven.examples.parameters.ParametrizedScenariosTest > a_scenario_with_many_cases[25: some grouping value 2, value 5] FAILED
    java.lang.AssertionError at ParametrizedScenariosTest.java:83

com.tngtech.jgiven.examples.parameters.ParametrizedScenariosTest > a_scenario_with_many_cases[35: some grouping value 3, value 5] STANDARD_ERROR
    [Test worker] WARN com.tngtech.jgiven.impl.intercept.StepMethodInterceptor - The step method another_value of class TestSteps does not follow the fluent interface convention of returning the receiver object. Please change the return type to the SELF type parameter.

com.tngtech.jgiven.examples.parameters.ParametrizedScenariosTest > a_scenario_with_many_cases[35: some grouping value 3, value 5] FAILED
    java.lang.AssertionError at ParametrizedScenariosTest.java:83

com.tngtech.jgiven.examples.parameters.ParametrizedScenariosTest > a_scenario_with_many_cases[45: some grouping value 4, value 5] STANDARD_ERROR
    [Test worker] WARN com.tngtech.jgiven.impl.intercept.StepMethodInterceptor - The step method another_value of class TestSteps does not follow the fluent interface convention of returning the receiver object. Please change the return type to the SELF type parameter.

com.tngtech.jgiven.examples.parameters.ParametrizedScenariosTest > a_scenario_with_many_cases[45: some grouping value 4, value 5] FAILED
    java.lang.AssertionError at ParametrizedScenariosTest.java:83

com.tngtech.jgiven.examples.parameters.ParametrizedScenariosTest > a_scenario_with_many_cases[55: some grouping value 5, value 5] STANDARD_ERROR
    [Test worker] WARN com.tngtech.jgiven.impl.intercept.StepMethodInterceptor - The step method another_value of class TestSteps does not follow the fluent interface convention of returning the receiver object. Please change the return type to the SELF type parameter.

com.tngtech.jgiven.examples.parameters.ParametrizedScenariosTest > a_scenario_with_many_cases[55: some grouping value 5, value 5] FAILED
    java.lang.AssertionError at ParametrizedScenariosTest.java:83

com.tngtech.jgiven.examples.parameters.ParametrizedScenariosTest > a_scenario_with_many_cases[65: some grouping value 6, value 5] STANDARD_ERROR
    [Test worker] WARN com.tngtech.jgiven.impl.intercept.StepMethodInterceptor - The step method another_value of class TestSteps does not follow the fluent interface convention of returning the receiver object. Please change the return type to the SELF type parameter.

com.tngtech.jgiven.examples.parameters.ParametrizedScenariosTest > a_scenario_with_many_cases[65: some grouping value 6, value 5] FAILED
    java.lang.AssertionError at ParametrizedScenariosTest.java:83

com.tngtech.jgiven.examples.parameters.ParametrizedScenariosTest > a_scenario_with_many_cases[75: some grouping value 7, value 5] STANDARD_ERROR
    [Test worker] WARN com.tngtech.jgiven.impl.intercept.StepMethodInterceptor - The step method another_value of class TestSteps does not follow the fluent interface convention of returning the receiver object. Please change the return type to the SELF type parameter.

com.tngtech.jgiven.examples.parameters.ParametrizedScenariosTest > a_scenario_with_many_cases[75: some grouping value 7, value 5] FAILED
    java.lang.AssertionError at ParametrizedScenariosTest.java:83

com.tngtech.jgiven.examples.parameters.ParametrizedScenariosTest > a_scenario_with_many_cases[85: some grouping value 8, value 5] STANDARD_ERROR
    [Test worker] WARN com.tngtech.jgiven.impl.intercept.StepMethodInterceptor - The step method another_value of class TestSteps does not follow the fluent interface convention of returning the receiver object. Please change the return type to the SELF type parameter.

com.tngtech.jgiven.examples.parameters.ParametrizedScenariosTest > a_scenario_with_many_cases[85: some grouping value 8, value 5] FAILED
    java.lang.AssertionError at ParametrizedScenariosTest.java:83

com.tngtech.jgiven.examples.parameters.ParametrizedScenariosTest > a_scenario_with_many_cases[95: some grouping value 9, value 5] STANDARD_ERROR
    [Test worker] WARN com.tngtech.jgiven.impl.intercept.StepMethodInterceptor - The step method another_value of class TestSteps does not follow the fluent interface convention of returning the receiver object. Please change the return type to the SELF type parameter.

com.tngtech.jgiven.examples.parameters.ParametrizedScenariosTest > a_scenario_with_many_cases[95: some grouping value 9, value 5] FAILED
    java.lang.AssertionError at ParametrizedScenariosTest.java:83

179 tests completed, 14 failed, 4 skipped
There were failing tests. See the report at: file:///home/travis/build/passed/TNG/JGiven/jgiven-examples/build/reports/tests/index.html
:jgiven-examples:jgivenHtml5Report[main] INFO com.tngtech.jgiven.report.json.ReportModelReader - Removing empty scenarios...
[main] INFO com.tngtech.jgiven.report.json.ReportModelReader - Removing empty scenarios...
[main] INFO com.tngtech.jgiven.report.json.ReportModelReader - Removing empty scenarios...
[main] INFO com.tngtech.jgiven.report.json.ReportModelReader - Removing empty scenarios...
[main] INFO com.tngtech.jgiven.report.json.ReportModelReader - Removing empty scenarios...
[main] INFO com.tngtech.jgiven.report.json.ReportModelReader - Removing empty scenarios...
[main] INFO com.tngtech.jgiven.report.json.ReportModelReader - Removing empty scenarios...
[main] INFO com.tngtech.jgiven.report.json.ReportModelReader - Removing empty scenarios...
[main] INFO com.tngtech.jgiven.report.json.ReportModelReader - Removing empty scenarios...
[main] INFO com.tngtech.jgiven.report.json.ReportModelReader - Removing empty scenarios...
[main] INFO com.tngtech.jgiven.report.json.ReportModelReader - Removing empty scenarios...
[main] INFO com.tngtech.jgiven.report.json.ReportModelReader - Removing empty scenarios...
[main] INFO com.tngtech.jgiven.report.json.ReportModelReader - Removing empty scenarios...
[main] INFO com.tngtech.jgiven.report.json.ReportModelReader - Removing empty scenarios...
[main] INFO com.tngtech.jgiven.report.json.ReportModelReader - Removing empty scenarios...
[main] INFO com.tngtech.jgiven.report.json.ReportModelReader - Removing empty scenarios...
[main] INFO com.tngtech.jgiven.report.json.ReportModelReader - Removing empty scenarios...
[main] INFO com.tngtech.jgiven.report.json.ReportModelReader - Removing empty scenarios...
[main] INFO com.tngtech.jgiven.report.json.ReportModelReader - Removing empty scenarios...
[main] INFO com.tngtech.jgiven.report.json.ReportModelReader - Removing empty scenarios...
[main] INFO com.tngtech.jgiven.report.html5.Html5ReportGenerator - Generating HTML5 report to /home/travis/build/passed/TNG/JGiven/jgiven-examples/build/reports/jgiven/html5/index.html
[main] INFO com.tngtech.jgiven.report.html5.Html5AttachmentGenerator - Attachment written to build/reports/jgiven/html5/data/attachments/com/tngtech/jgiven/examples/attachments/AttachmentsExample/attachment.txt
[main] INFO com.tngtech.jgiven.report.html5.Html5AttachmentGenerator - Attachment written to build/reports/jgiven/html5/data/attachments/com/tngtech/jgiven/examples/attachments/AttachmentsExample/oval-circle.png
[main] INFO com.tngtech.jgiven.report.html5.Html5AttachmentGenerator - Attachment written to build/reports/jgiven/html5/data/attachments/com/tngtech/jgiven/examples/attachments/AttachmentsExample/attachment2.txt
[main] INFO com.tngtech.jgiven.report.html5.Html5AttachmentGenerator - Attachment written to build/reports/jgiven/html5/data/attachments/com/tngtech/jgiven/examples/attachments/AttachmentsExample/attachment3.txt
[main] INFO com.tngtech.jgiven.report.html5.Html5AttachmentGenerator - Attachment written to build/reports/jgiven/html5/data/attachments/com/tngtech/jgiven/examples/attachments/AttachmentsExample/attachment4.txt
[main] INFO com.tngtech.jgiven.report.html5.Html5AttachmentGenerator - Attachment written to build/reports/jgiven/html5/data/attachments/com/tngtech/jgiven/examples/attachments/AttachmentsExample/oval-circle2.png
[main] INFO com.tngtech.jgiven.report.html5.Html5AttachmentGenerator - Attachment written to build/reports/jgiven/html5/data/attachments/com/tngtech/jgiven/examples/attachments/AttachmentsExample/oval-circle3.png
[main] INFO com.tngtech.jgiven.report.html5.Html5AttachmentGenerator - Attachment written to build/reports/jgiven/html5/data/attachments/com/tngtech/jgiven/examples/attachments/AttachmentsExample/large-oval-circle.png
[main] INFO com.tngtech.jgiven.report.html5.Html5AttachmentGenerator - Attachment written to build/reports/jgiven/html5/data/attachments/com/tngtech/jgiven/examples/attachments/AttachmentsExample/attachment5.txt
[main] INFO com.tngtech.jgiven.report.html5.Html5AttachmentGenerator - Attachment written to build/reports/jgiven/html5/data/attachments/com/tngtech/jgiven/examples/attachments/AttachmentsExample/attachment6.txt
[main] INFO com.tngtech.jgiven.report.html5.Html5ReportGenerator - Written 168 scenarios to data0.js
[main] INFO com.tngtech.jgiven.report.html5.Html5ReportGenerator - Written 10 scenarios to data1.js
[main] INFO com.tngtech.jgiven.report.html5.Html5ReportGenerator - Cannot read build/resources/test/jgiven/custom.css, skipping

:jgiven-html5-report:compileTestJavawarning: [options] bootstrap class path not set in conjunction with -source 1.6

:jgiven-html5-report:processTestResources UP-TO-DATE
:jgiven-html5-report:testClasses
:jgiven-html5-report:test
:jgiven-html5-report:npmInstallnpm WARN package.json jgiven-html5-report@0.7.4 No repository field.
npm WARN deprecated bower@1.3.12: This Bower version has SECURITY BUG THAT ALLOWS TO WRITE TO ARBITRARY FILE ON YOUR COMPUTER when you install malicious package. Please upgrade Bower to at least version 1.8.8 if you don't want to get hacked. More info: https://snyk.io/blog/severe-security-vulnerability-in-bowers-zip-archive-extraction/
npm WARN deprecated request@2.67.0: request has been deprecated, see https://github.com/request/request/issues/3142
npm WARN deprecated chokidar@1.7.0: Chokidar 2 will break on node v14+. Upgrade to chokidar 3 with 15x less dependencies.
npm WARN deprecated core-js@2.6.12: core-js@<3.23.3 is no longer maintained and not recommended for usage due to the number of issues. Because of the V8 engine whims, feature detection in old core-js versions could cause a slowdown up to 100x even if nothing is polyfilled. Some versions have web compatibility issues. Please, upgrade your dependencies to the actual version of core-js.
npm WARN deprecated log4js@0.6.38: 0.x is no longer supported
npm WARN deprecated mkdirp@0.5.0: Legacy versions of mkdirp are no longer supported. Please update to mkdirp 1.x. (Note that the API surface has changed to use Promises in 1.x.)
npm WARN engine http-proxy@1.18.1: wanted: {"node":">=8.0.0"} (current: {"node":"0.10.36","npm":"1.4.28"})
npm WARN engine mime@1.6.0: wanted: {"node":">=4"} (current: {"node":"0.10.36","npm":"1.4.28"})
npm WARN deprecated fsevents@1.2.13: fsevents 1 will break on node v14+ and could be using insecure binaries. Upgrade to fsevents 2.
npm WARN engine fsevents@1.2.13: wanted: {"node":">= 4.0"} (current: {"node":"0.10.36","npm":"1.4.28"})
npm WARN optional dep failed, continuing fsevents@1.2.13
npm WARN deprecated request@2.42.0: request has been deprecated, see https://github.com/request/request/issues/3142
npm WARN deprecated node-uuid@1.4.8: Use uuid module instead
npm WARN deprecated tough-cookie@2.2.2: ReDoS vulnerability parsing Set-Cookie https://nodesecurity.io/advisories/130
npm WARN deprecated hawk@3.1.3: This module moved to @hapi/hawk. Please make sure to switch over as this distribution is no longer supported and may contain bugs and critical security issues.
npm WARN deprecated har-validator@2.0.6: this library is no longer supported
npm WARN deprecated json3@3.3.2: Please use the native JSON object instead of JSON 3
npm WARN deprecated tough-cookie@0.12.1: ReDoS vulnerability parsing Set-Cookie https://nodesecurity.io/advisories/130
npm WARN engine follow-redirects@1.15.1: wanted: {"node":">=4.0"} (current: {"node":"0.10.36","npm":"1.4.28"})
npm WARN deprecated graceful-fs@2.0.3: please upgrade to graceful-fs 4 for compatibility with current and future versions of Node.js
npm WARN deprecated natives@1.1.6: This module relies on Node.js's internals and will break at some point. Do not use it, and update to graceful-fs@4.x.
npm WARN deprecated uuid@2.0.3: Please upgrade  to version 7 or higher.  Older versions may use Math.random() in certain circumstances, which is known to be problematic.  See https://v8.dev/blog/math-random for details.
npm WARN deprecated mkdirp@0.3.5: Legacy versions of mkdirp are no longer supported. Please update to mkdirp 1.x. (Note that the API surface has changed to use Promises in 1.x.)
npm WARN deprecated request@2.51.0: request has been deprecated, see https://github.com/request/request/issues/3142
npm WARN deprecated hawk@1.1.1: This module moved to @hapi/hawk. Please make sure to switch over as this distribution is no longer supported and may contain bugs and critical security issues.
npm WARN deprecated source-map-resolve@0.5.3: See https://github.com/lydell/source-map-resolve#deprecated
npm WARN engine tough-cookie@4.0.0: wanted: {"node":">=6"} (current: {"node":"0.10.36","npm":"1.4.28"})
npm WARN deprecated npmconf@2.1.3: this package has been reintegrated into npm and is now out of date with respect to npm
npm WARN engine ret@0.1.15: wanted: {"node":">=0.12"} (current: {"node":"0.10.36","npm":"1.4.28"})
npm WARN engine ret@0.1.15: wanted: {"node":">=0.12"} (current: {"node":"0.10.36","npm":"1.4.28"})
npm WARN deprecated resolve-url@0.2.1: https://github.com/lydell/resolve-url#deprecated
npm WARN deprecated source-map-url@0.4.1: See https://github.com/lydell/source-map-url#deprecated
npm WARN deprecated urix@0.1.0: Please see https://github.com/lydell/urix#deprecated
npm WARN engine atob@2.1.2: wanted: {"node":">= 4.5.0"} (current: {"node":"0.10.36","npm":"1.4.28"})
npm WARN deprecated cryptiles@2.0.5: This version has been deprecated in accordance with the hapi support policy (hapi.im/support). Please upgrade to the latest version to get the best features, bug fixes, and security patches. If you are unable to upgrade at this time, paid support is available for older versions (hapi.im/commercial).
npm WARN deprecated sntp@1.0.9: This module moved to @hapi/sntp. Please make sure to switch over as this distribution is no longer supported and may contain bugs and critical security issues.
npm WARN deprecated hoek@2.16.3: This version has been deprecated in accordance with the hapi support policy (hapi.im/support). Please upgrade to the latest version to get the best features, bug fixes, and security patches. If you are unable to upgrade at this time, paid support is available for older versions (hapi.im/commercial).
npm WARN deprecated boom@2.10.1: This version has been deprecated in accordance with the hapi support policy (hapi.im/support). Please upgrade to the latest version to get the best features, bug fixes, and security patches. If you are unable to upgrade at this time, paid support is available for older versions (hapi.im/commercial).
npm WARN engine punycode@2.1.1: wanted: {"node":">=6"} (current: {"node":"0.10.36","npm":"1.4.28"})
npm WARN engine cryptiles@2.0.5: wanted: {"node":">=0.10.40"} (current: {"node":"0.10.36","npm":"1.4.28"})
npm WARN engine hoek@2.16.3: wanted: {"node":">=0.10.40"} (current: {"node":"0.10.36","npm":"1.4.28"})
npm WARN engine boom@2.10.1: wanted: {"node":">=0.10.40"} (current: {"node":"0.10.36","npm":"1.4.28"})
npm WARN engine punycode@2.1.1: wanted: {"node":">=6"} (current: {"node":"0.10.36","npm":"1.4.28"})
npm WARN engine universalify@0.1.2: wanted: {"node":">= 4.0.0"} (current: {"node":"0.10.36","npm":"1.4.28"})
npm WARN engine tough-cookie@4.0.0: wanted: {"node":">=6"} (current: {"node":"0.10.36","npm":"1.4.28"})
npm WARN engine esprima@4.0.1: wanted: {"node":">=4"} (current: {"node":"0.10.36","npm":"1.4.28"})
npm WARN deprecated cryptiles@0.2.2: This version has been deprecated in accordance with the hapi support policy (hapi.im/support). Please upgrade to the latest version to get the best features, bug fixes, and security patches. If you are unable to upgrade at this time, paid support is available for older versions (hapi.im/commercial).
npm WARN deprecated sntp@0.2.4: This module moved to @hapi/sntp. Please make sure to switch over as this distribution is no longer supported and may contain bugs and critical security issues.
npm WARN deprecated hoek@0.9.1: This version has been deprecated in accordance with the hapi support policy (hapi.im/support). Please upgrade to the latest version to get the best features, bug fixes, and security patches. If you are unable to upgrade at this time, paid support is available for older versions (hapi.im/commercial).
npm WARN deprecated boom@0.4.2: This version has been deprecated in accordance with the hapi support policy (hapi.im/support). Please upgrade to the latest version to get the best features, bug fixes, and security patches. If you are unable to upgrade at this time, paid support is available for older versions (hapi.im/commercial).
npm WARN engine universalify@0.1.2: wanted: {"node":">= 4.0.0"} (current: {"node":"0.10.36","npm":"1.4.28"})
npm WARN engine punycode@2.1.1: wanted: {"node":">=6"} (current: {"node":"0.10.36","npm":"1.4.28"})
npm WARN deprecated minimatch@1.0.0: Please update to minimatch 3.0.2 or higher to avoid a RegExp DoS issue
npm WARN engine esprima@4.0.1: wanted: {"node":">=4"} (current: {"node":"0.10.36","npm":"1.4.28"})


> es5-ext@0.10.61 postinstall /home/travis/build/passed/TNG/JGiven/jgiven-html5-report/node_modules/bower/node_modules/inquirer/node_modules/cli-color/node_modules/es5-ext
>  node -e "try{require('./_postinstall')}catch(e){}" || exit 0


> es5-ext@0.10.61 postinstall /home/travis/build/passed/TNG/JGiven/jgiven-html5-report/node_modules/bower/node_modules/insight/node_modules/inquirer/node_modules/cli-color/node_modules/es5-ext
>  node -e "try{require('./_postinstall')}catch(e){}" || exit 0


> core-js@2.6.12 postinstall /home/travis/build/passed/TNG/JGiven/jgiven-html5-report/node_modules/karma/node_modules/core-js
> node -e "try{require('./postinstall')}catch(e){}"


> phantomjs@1.9.20 install /home/travis/build/passed/TNG/JGiven/jgiven-html5-report/node_modules/phantomjs
> node install.js


/home/travis/build/passed/TNG/JGiven/jgiven-html5-report/node_modules/phantomjs/node_modules/request/node_modules/har-validator/node_modules/is-my-json-valid/node_modules/jsonpointer/jsonpointer.js:55
    for (const part of pointer) {
                    ^^
SyntaxError: Unexpected identifier
    at Module._compile (module.js:439:25)
    at Object.Module._extensions..js (module.js:474:10)
    at Module.load (module.js:356:32)
    at Function.Module._load (module.js:312:12)
    at Module.require (module.js:364:17)
    at require (module.js:380:17)
    at Object.<anonymous> (/home/travis/build/passed/TNG/JGiven/jgiven-html5-report/node_modules/phantomjs/node_modules/request/node_modules/har-validator/node_modules/is-my-json-valid/index.js:3:19)
    at Module._compile (module.js:456:26)
    at Object.Module._extensions..js (module.js:474:10)
    at Module.load (module.js:356:32)
npm ERR! phantomjs@1.9.20 install: `node install.js`
npm ERR! Exit status 8
npm ERR! 
npm ERR! Failed at the phantomjs@1.9.20 install script.
npm ERR! This is most likely a problem with the phantomjs package,
npm ERR! not with npm itself.
npm ERR! Tell the author that this fails on your system:
npm ERR!     node install.js
npm ERR! You can get their info via:
npm ERR!     npm owner ls phantomjs
npm ERR! There is likely additional logging output above.

npm ERR! System Linux 4.15.0-109-generic
npm ERR! command "/home/travis/.nvm/v0.10.36/bin/node" "/home/travis/.nvm/v0.10.36/bin/npm" "install"
npm ERR! cwd /home/travis/build/passed/TNG/JGiven/jgiven-html5-report
npm ERR! node -v v0.10.36
npm ERR! npm -v 1.4.28
npm ERR! code ELIFECYCLE
npm ERR! not ok code 0
:jgiven-html5-report:npmInstall FAILED

FAILURE: Build failed with an exception.

* What went wrong:
Execution failed for task ':jgiven-html5-report:npmInstall'.
> Process 'command 'npm'' finished with non-zero exit value 1

* Try:
Run with --stacktrace option to get the stack trace. Run with --info or --debug option to get more log output.

BUILD FAILED

Total time: 52.746 secs

travis_time:end:078feb8c:start=1657785751252759854,finish=1657785804511752470,duration=53258992616[0K
[31;1mThe command "./gradlew test -DjunitVersion=4.9" exited with 1.[0m
travis_time:start:0248925a[0K$ ./gradlew test -DjunitVersion=4.10
:jgiven-core:compileJava UP-TO-DATE
:jgiven-core:processResources UP-TO-DATE
:jgiven-core:classes UP-TO-DATE
:jgiven-core:compileTestJava UP-TO-DATE
:jgiven-core:processTestResources UP-TO-DATE
:jgiven-core:testClasses UP-TO-DATE
:jgiven-core:test UP-TO-DATE
:jgiven-core:jar
:jgiven-examples:compileJava UP-TO-DATE
:jgiven-examples:processResources UP-TO-DATE
:jgiven-examples:classes UP-TO-DATE
:jgiven-html5-report:compileJavawarning: [options] bootstrap class path not set in conjunction with -source 1.6
1 warning

:jgiven-html5-report:processResources UP-TO-DATE
:jgiven-html5-report:classes
:jgiven-html5-report:deleteCssFiles
:jgiven-html5-report:copyAppFiles
:jgiven-html5-report:bowerUpdate UP-TO-DATE
:jgiven-html5-report:copyCssFiles
:jgiven-html5-report:copyFontFiles UP-TO-DATE
:jgiven-html5-report:copyImageFiles UP-TO-DATE
:jgiven-html5-report:copyJsFiles UP-TO-DATE
:jgiven-html5-report:zipAppDir UP-TO-DATE
:jgiven-html5-report:jar
:jgiven-junit:compileJavawarning: [options] bootstrap class path not set in conjunction with -source 1.6
Note: Some input files use or override a deprecated API.
Note: Recompile with -Xlint:deprecation for details.
1 warning

:jgiven-junit:processResources UP-TO-DATE
:jgiven-junit:classes
:jgiven-junit:jar
:jgiven-spring:compileJavawarning: [options] bootstrap class path not set in conjunction with -source 1.6
1 warning

:jgiven-spring:processResources UP-TO-DATE
:jgiven-spring:classes
:jgiven-spring:jar
:jgiven-testng:compileJavawarning: [options] bootstrap class path not set in conjunction with -source 1.6
1 warning

:jgiven-testng:processResources UP-TO-DATE
:jgiven-testng:classes
:jgiven-testng:jar
:jgiven-tests:compileJavawarning: [options] bootstrap class path not set in conjunction with -source 1.7
Note: /home/travis/build/passed/TNG/JGiven/jgiven-tests/src/main/java/com/tngtech/jgiven/tests/TestScenarios.java uses or overrides a deprecated API.
Note: Recompile with -Xlint:deprecation for details.
1 warning

:jgiven-tests:processResources UP-TO-DATE
:jgiven-tests:classes
:jgiven-tests:jar
:jgiven-examples:compileTestJavawarning: [options] bootstrap class path not set in conjunction with -source 1.6
Note: /home/travis/build/passed/TNG/JGiven/jgiven-examples/src/test/java/com/tngtech/jgiven/examples/pancakes/test/SpringPanCakeScenarioTest.java uses or overrides a deprecated API.
Note: Recompile with -Xlint:deprecation for details.
Note: /home/travis/build/passed/TNG/JGiven/jgiven-examples/src/test/java/com/tngtech/jgiven/examples/datatable/DataTableExamples.java uses unchecked or unsafe operations.
Note: Recompile with -Xlint:unchecked for details.

:jgiven-examples:processTestResources UP-TO-DATE
:jgiven-examples:testClasses
:jgiven-examples:test

com.tngtech.jgiven.examples.coffeemachine.ServeCoffeeTest > a_scenario_with_a_failing_test_case_for_demonstration_purposes[1: false] FAILED
    org.junit.ComparisonFailure at ServeCoffeeTest.java:169

com.tngtech.jgiven.examples.coffeemachine.ServeCoffeeTest > shouldFailWithUnexpectedRuntimeException FAILED
    org.junit.runners.model.TestTimedOutException at ServeCoffeeTest.java:186

com.tngtech.jgiven.examples.coffeemachine.ServeCoffeeTest > a_failing_scenario_for_demonstration_purposes STANDARD_ERROR
    [Test worker] WARN com.tngtech.jgiven.impl.intercept.StepMethodInterceptor - The step method steps_following_a_failed_step_should_be_skipped of class ThenCoffee does not follow the fluent interface convention of returning the receiver object. Please change the return type to the SELF type parameter.

com.tngtech.jgiven.examples.coffeemachine.ServeCoffeeTest > a_failing_scenario_for_demonstration_purposes FAILED
    org.junit.ComparisonFailure at ServeCoffeeTest.java:150

com.tngtech.jgiven.examples.nested.NestedStepsTest > a_scenario_with_a_failing_nested_step_on_purpose FAILED
    org.junit.ComparisonFailure at NestedStepsTest.java:31

com.tngtech.jgiven.examples.parameters.ParametrizedScenariosTest > a_scenario_with_many_cases[5: some grouping value 0, value 5] STANDARD_ERROR
    [Test worker] WARN com.tngtech.jgiven.impl.intercept.StepMethodInterceptor - The step method another_value of class TestSteps does not follow the fluent interface convention of returning the receiver object. Please change the return type to the SELF type parameter.

com.tngtech.jgiven.examples.parameters.ParametrizedScenariosTest > a_scenario_with_many_cases[5: some grouping value 0, value 5] FAILED
    java.lang.AssertionError at ParametrizedScenariosTest.java:83

com.tngtech.jgiven.examples.parameters.ParametrizedScenariosTest > a_scenario_with_many_cases[15: some grouping value 1, value 5] STANDARD_ERROR
    [Test worker] WARN com.tngtech.jgiven.impl.intercept.StepMethodInterceptor - The step method another_value of class TestSteps does not follow the fluent interface convention of returning the receiver object. Please change the return type to the SELF type parameter.

com.tngtech.jgiven.examples.parameters.ParametrizedScenariosTest > a_scenario_with_many_cases[15: some grouping value 1, value 5] FAILED
    java.lang.AssertionError at ParametrizedScenariosTest.java:83

com.tngtech.jgiven.examples.parameters.ParametrizedScenariosTest > a_scenario_with_many_cases[25: some grouping value 2, value 5] STANDARD_ERROR
    [Test worker] WARN com.tngtech.jgiven.impl.intercept.StepMethodInterceptor - The step method another_value of class TestSteps does not follow the fluent interface convention of returning the receiver object. Please change the return type to the SELF type parameter.

com.tngtech.jgiven.examples.parameters.ParametrizedScenariosTest > a_scenario_with_many_cases[25: some grouping value 2, value 5] FAILED
    java.lang.AssertionError at ParametrizedScenariosTest.java:83

com.tngtech.jgiven.examples.parameters.ParametrizedScenariosTest > a_scenario_with_many_cases[35: some grouping value 3, value 5] STANDARD_ERROR
    [Test worker] WARN com.tngtech.jgiven.impl.intercept.StepMethodInterceptor - The step method another_value of class TestSteps does not follow the fluent interface convention of returning the receiver object. Please change the return type to the SELF type parameter.

com.tngtech.jgiven.examples.parameters.ParametrizedScenariosTest > a_scenario_with_many_cases[35: some grouping value 3, value 5] FAILED
    java.lang.AssertionError at ParametrizedScenariosTest.java:83

com.tngtech.jgiven.examples.parameters.ParametrizedScenariosTest > a_scenario_with_many_cases[45: some grouping value 4, value 5] STANDARD_ERROR
    [Test worker] WARN com.tngtech.jgiven.impl.intercept.StepMethodInterceptor - The step method another_value of class TestSteps does not follow the fluent interface convention of returning the receiver object. Please change the return type to the SELF type parameter.

com.tngtech.jgiven.examples.parameters.ParametrizedScenariosTest > a_scenario_with_many_cases[45: some grouping value 4, value 5] FAILED
    java.lang.AssertionError at ParametrizedScenariosTest.java:83

com.tngtech.jgiven.examples.parameters.ParametrizedScenariosTest > a_scenario_with_many_cases[55: some grouping value 5, value 5] STANDARD_ERROR
    [Test worker] WARN com.tngtech.jgiven.impl.intercept.StepMethodInterceptor - The step method another_value of class TestSteps does not follow the fluent interface convention of returning the receiver object. Please change the return type to the SELF type parameter.

com.tngtech.jgiven.examples.parameters.ParametrizedScenariosTest > a_scenario_with_many_cases[55: some grouping value 5, value 5] FAILED
    java.lang.AssertionError at ParametrizedScenariosTest.java:83

com.tngtech.jgiven.examples.parameters.ParametrizedScenariosTest > a_scenario_with_many_cases[65: some grouping value 6, value 5] STANDARD_ERROR
    [Test worker] WARN com.tngtech.jgiven.impl.intercept.StepMethodInterceptor - The step method another_value of class TestSteps does not follow the fluent interface convention of returning the receiver object. Please change the return type to the SELF type parameter.

com.tngtech.jgiven.examples.parameters.ParametrizedScenariosTest > a_scenario_with_many_cases[65: some grouping value 6, value 5] FAILED
    java.lang.AssertionError at ParametrizedScenariosTest.java:83

com.tngtech.jgiven.examples.parameters.ParametrizedScenariosTest > a_scenario_with_many_cases[75: some grouping value 7, value 5] STANDARD_ERROR
    [Test worker] WARN com.tngtech.jgiven.impl.intercept.StepMethodInterceptor - The step method another_value of class TestSteps does not follow the fluent interface convention of returning the receiver object. Please change the return type to the SELF type parameter.

com.tngtech.jgiven.examples.parameters.ParametrizedScenariosTest > a_scenario_with_many_cases[75: some grouping value 7, value 5] FAILED
    java.lang.AssertionError at ParametrizedScenariosTest.java:83

com.tngtech.jgiven.examples.parameters.ParametrizedScenariosTest > a_scenario_with_many_cases[85: some grouping value 8, value 5] STANDARD_ERROR
    [Test worker] WARN com.tngtech.jgiven.impl.intercept.StepMethodInterceptor - The step method another_value of class TestSteps does not follow the fluent interface convention of returning the receiver object. Please change the return type to the SELF type parameter.

com.tngtech.jgiven.examples.parameters.ParametrizedScenariosTest > a_scenario_with_many_cases[85: some grouping value 8, value 5] FAILED
    java.lang.AssertionError at ParametrizedScenariosTest.java:83

com.tngtech.jgiven.examples.parameters.ParametrizedScenariosTest > a_scenario_with_many_cases[95: some grouping value 9, value 5] STANDARD_ERROR
    [Test worker] WARN com.tngtech.jgiven.impl.intercept.StepMethodInterceptor - The step method another_value of class TestSteps does not follow the fluent interface convention of returning the receiver object. Please change the return type to the SELF type parameter.

com.tngtech.jgiven.examples.parameters.ParametrizedScenariosTest > a_scenario_with_many_cases[95: some grouping value 9, value 5] FAILED
    java.lang.AssertionError at ParametrizedScenariosTest.java:83

179 tests completed, 14 failed, 4 skipped
There were failing tests. See the report at: file:///home/travis/build/passed/TNG/JGiven/jgiven-examples/build/reports/tests/index.html
:jgiven-examples:jgivenHtml5Report[main] INFO com.tngtech.jgiven.report.json.ReportModelReader - Removing empty scenarios...
[main] INFO com.tngtech.jgiven.report.json.ReportModelReader - Removing empty scenarios...
[main] INFO com.tngtech.jgiven.report.json.ReportModelReader - Removing empty scenarios...
[main] INFO com.tngtech.jgiven.report.json.ReportModelReader - Removing empty scenarios...
[main] INFO com.tngtech.jgiven.report.json.ReportModelReader - Removing empty scenarios...
[main] INFO com.tngtech.jgiven.report.json.ReportModelReader - Removing empty scenarios...
[main] INFO com.tngtech.jgiven.report.json.ReportModelReader - Removing empty scenarios...
[main] INFO com.tngtech.jgiven.report.json.ReportModelReader - Removing empty scenarios...
[main] INFO com.tngtech.jgiven.report.json.ReportModelReader - Removing empty scenarios...
[main] INFO com.tngtech.jgiven.report.json.ReportModelReader - Removing empty scenarios...
[main] INFO com.tngtech.jgiven.report.json.ReportModelReader - Removing empty scenarios...
[main] INFO com.tngtech.jgiven.report.json.ReportModelReader - Removing empty scenarios...
[main] INFO com.tngtech.jgiven.report.json.ReportModelReader - Removing empty scenarios...
[main] INFO com.tngtech.jgiven.report.json.ReportModelReader - Removing empty scenarios...
[main] INFO com.tngtech.jgiven.report.json.ReportModelReader - Removing empty scenarios...
[main] INFO com.tngtech.jgiven.report.json.ReportModelReader - Removing empty scenarios...
[main] INFO com.tngtech.jgiven.report.json.ReportModelReader - Removing empty scenarios...
[main] INFO com.tngtech.jgiven.report.json.ReportModelReader - Removing empty scenarios...
[main] INFO com.tngtech.jgiven.report.json.ReportModelReader - Removing empty scenarios...
[main] INFO com.tngtech.jgiven.report.json.ReportModelReader - Removing empty scenarios...
[main] INFO com.tngtech.jgiven.report.html5.Html5ReportGenerator - Generating HTML5 report to /home/travis/build/passed/TNG/JGiven/jgiven-examples/build/reports/jgiven/html5/index.html
[main] INFO com.tngtech.jgiven.report.html5.Html5AttachmentGenerator - Attachment written to build/reports/jgiven/html5/data/attachments/com/tngtech/jgiven/examples/attachments/AttachmentsExample/attachment.txt
[main] INFO com.tngtech.jgiven.report.html5.Html5AttachmentGenerator - Attachment written to build/reports/jgiven/html5/data/attachments/com/tngtech/jgiven/examples/attachments/AttachmentsExample/oval-circle.png
[main] INFO com.tngtech.jgiven.report.html5.Html5AttachmentGenerator - Attachment written to build/reports/jgiven/html5/data/attachments/com/tngtech/jgiven/examples/attachments/AttachmentsExample/attachment2.txt
[main] INFO com.tngtech.jgiven.report.html5.Html5AttachmentGenerator - Attachment written to build/reports/jgiven/html5/data/attachments/com/tngtech/jgiven/examples/attachments/AttachmentsExample/attachment3.txt
[main] INFO com.tngtech.jgiven.report.html5.Html5AttachmentGenerator - Attachment written to build/reports/jgiven/html5/data/attachments/com/tngtech/jgiven/examples/attachments/AttachmentsExample/attachment4.txt
[main] INFO com.tngtech.jgiven.report.html5.Html5AttachmentGenerator - Attachment written to build/reports/jgiven/html5/data/attachments/com/tngtech/jgiven/examples/attachments/AttachmentsExample/oval-circle2.png
[main] INFO com.tngtech.jgiven.report.html5.Html5AttachmentGenerator - Attachment written to build/reports/jgiven/html5/data/attachments/com/tngtech/jgiven/examples/attachments/AttachmentsExample/oval-circle3.png
[main] INFO com.tngtech.jgiven.report.html5.Html5AttachmentGenerator - Attachment written to build/reports/jgiven/html5/data/attachments/com/tngtech/jgiven/examples/attachments/AttachmentsExample/large-oval-circle.png
[main] INFO com.tngtech.jgiven.report.html5.Html5AttachmentGenerator - Attachment written to build/reports/jgiven/html5/data/attachments/com/tngtech/jgiven/examples/attachments/AttachmentsExample/attachment5.txt
[main] INFO com.tngtech.jgiven.report.html5.Html5AttachmentGenerator - Attachment written to build/reports/jgiven/html5/data/attachments/com/tngtech/jgiven/examples/attachments/AttachmentsExample/attachment6.txt
[main] INFO com.tngtech.jgiven.report.html5.Html5ReportGenerator - Written 168 scenarios to data0.js
[main] INFO com.tngtech.jgiven.report.html5.Html5ReportGenerator - Written 10 scenarios to data1.js
[main] INFO com.tngtech.jgiven.report.html5.Html5ReportGenerator - Cannot read build/resources/test/jgiven/custom.css, skipping

:jgiven-html5-report:compileTestJavawarning: [options] bootstrap class path not set in conjunction with -source 1.6

:jgiven-html5-report:processTestResources UP-TO-DATE
:jgiven-html5-report:testClasses
:jgiven-html5-report:test
:jgiven-html5-report:npmInstallnpm WARN package.json jgiven-html5-report@0.7.4 No repository field.
npm WARN deprecated request@2.67.0: request has been deprecated, see https://github.com/request/request/issues/3142
npm WARN deprecated mkdirp@0.5.0: Legacy versions of mkdirp are no longer supported. Please update to mkdirp 1.x. (Note that the API surface has changed to use Promises in 1.x.)
npm WARN deprecated tough-cookie@2.2.2: ReDoS vulnerability parsing Set-Cookie https://nodesecurity.io/advisories/130
npm WARN deprecated node-uuid@1.4.8: Use uuid module instead
npm WARN deprecated har-validator@2.0.6: this library is no longer supported
npm WARN deprecated hawk@3.1.3: This module moved to @hapi/hawk. Please make sure to switch over as this distribution is no longer supported and may contain bugs and critical security issues.
npm WARN deprecated cryptiles@2.0.5: This version has been deprecated in accordance with the hapi support policy (hapi.im/support). Please upgrade to the latest version to get the best features, bug fixes, and security patches. If you are unable to upgrade at this time, paid support is available for older versions (hapi.im/commercial).
npm WARN deprecated hoek@2.16.3: This version has been deprecated in accordance with the hapi support policy (hapi.im/support). Please upgrade to the latest version to get the best features, bug fixes, and security patches. If you are unable to upgrade at this time, paid support is available for older versions (hapi.im/commercial).
npm WARN deprecated sntp@1.0.9: This module moved to @hapi/sntp. Please make sure to switch over as this distribution is no longer supported and may contain bugs and critical security issues.
npm WARN deprecated boom@2.10.1: This version has been deprecated in accordance with the hapi support policy (hapi.im/support). Please upgrade to the latest version to get the best features, bug fixes, and security patches. If you are unable to upgrade at this time, paid support is available for older versions (hapi.im/commercial).
npm WARN engine cryptiles@2.0.5: wanted: {"node":">=0.10.40"} (current: {"node":"0.10.36","npm":"1.4.28"})
npm WARN engine hoek@2.16.3: wanted: {"node":">=0.10.40"} (current: {"node":"0.10.36","npm":"1.4.28"})
npm WARN engine boom@2.10.1: wanted: {"node":">=0.10.40"} (current: {"node":"0.10.36","npm":"1.4.28"})


> phantomjs@1.9.20 install /home/travis/build/passed/TNG/JGiven/jgiven-html5-report/node_modules/phantomjs
> node install.js


/home/travis/build/passed/TNG/JGiven/jgiven-html5-report/node_modules/phantomjs/node_modules/request/node_modules/har-validator/node_modules/is-my-json-valid/node_modules/jsonpointer/jsonpointer.js:55
    for (const part of pointer) {
                    ^^
SyntaxError: Unexpected identifier
    at Module._compile (module.js:439:25)
    at Object.Module._extensions..js (module.js:474:10)
    at Module.load (module.js:356:32)
    at Function.Module._load (module.js:312:12)
    at Module.require (module.js:364:17)
    at require (module.js:380:17)
    at Object.<anonymous> (/home/travis/build/passed/TNG/JGiven/jgiven-html5-report/node_modules/phantomjs/node_modules/request/node_modules/har-validator/node_modules/is-my-json-valid/index.js:3:19)
    at Module._compile (module.js:456:26)
    at Object.Module._extensions..js (module.js:474:10)
    at Module.load (module.js:356:32)

npm ERR! phantomjs@1.9.20 install: `node install.js`
npm ERR! Exit status 8
npm ERR! 
npm ERR! Failed at the phantomjs@1.9.20 install script.
npm ERR! This is most likely a problem with the phantomjs package,
npm ERR! not with npm itself.
npm ERR! Tell the author that this fails on your system:
npm ERR!     node install.js
npm ERR! You can get their info via:
npm ERR!     npm owner ls phantomjs
npm ERR! There is likely additional logging output above.
npm ERR! System Linux 4.15.0-109-generic
npm ERR! command "/home/travis/.nvm/v0.10.36/bin/node" "/home/travis/.nvm/v0.10.36/bin/npm" "install"
npm ERR! cwd /home/travis/build/passed/TNG/JGiven/jgiven-html5-report
npm ERR! node -v v0.10.36
npm ERR! npm -v 1.4.28
npm ERR! code ELIFECYCLE
npm ERR! not ok code 0
:jgiven-html5-report:npmInstall FAILED

FAILURE: Build failed with an exception.

* What went wrong:
Execution failed for task ':jgiven-html5-report:npmInstall'.
> Process 'command 'npm'' finished with non-zero exit value 1

* Try:
Run with --stacktrace option to get the stack trace. Run with --info or --debug option to get more log output.

BUILD FAILED

Total time: 22.198 secs

travis_time:end:0248925a:start=1657785804523831174,finish=1657785827204681197,duration=22680850023[0K
[31;1mThe command "./gradlew test -DjunitVersion=4.10" exited with 1.[0m
travis_time:start:09253048[0K$ ./gradlew test -DjunitVersion=4.11
:jgiven-core:compileJava UP-TO-DATE
:jgiven-core:processResources UP-TO-DATE
:jgiven-core:classes UP-TO-DATE
:jgiven-core:compileTestJava UP-TO-DATE
:jgiven-core:processTestResources UP-TO-DATE
:jgiven-core:testClasses UP-TO-DATE
:jgiven-core:test UP-TO-DATE
:jgiven-core:jar
:jgiven-examples:compileJava UP-TO-DATE
:jgiven-examples:processResources UP-TO-DATE
:jgiven-examples:classes UP-TO-DATE
:jgiven-html5-report:compileJavawarning: [options] bootstrap class path not set in conjunction with -source 1.6
1 warning

:jgiven-html5-report:processResources UP-TO-DATE
:jgiven-html5-report:classes
:jgiven-html5-report:deleteCssFiles
:jgiven-html5-report:copyAppFiles
:jgiven-html5-report:bowerUpdate UP-TO-DATE
:jgiven-html5-report:copyCssFiles
:jgiven-html5-report:copyFontFiles UP-TO-DATE
:jgiven-html5-report:copyImageFiles UP-TO-DATE
:jgiven-html5-report:copyJsFiles UP-TO-DATE
:jgiven-html5-report:zipAppDir UP-TO-DATE
:jgiven-html5-report:jar
:jgiven-junit:compileJavawarning: [options] bootstrap class path not set in conjunction with -source 1.6
Note: Some input files use or override a deprecated API.
Note: Recompile with -Xlint:deprecation for details.
1 warning

:jgiven-junit:processResources UP-TO-DATE
:jgiven-junit:classes
:jgiven-junit:jar
:jgiven-spring:compileJavawarning: [options] bootstrap class path not set in conjunction with -source 1.6
1 warning

:jgiven-spring:processResources UP-TO-DATE
:jgiven-spring:classes
:jgiven-spring:jar
:jgiven-testng:compileJavawarning: [options] bootstrap class path not set in conjunction with -source 1.6
1 warning

:jgiven-testng:processResources UP-TO-DATE
:jgiven-testng:classes
:jgiven-testng:jar
:jgiven-tests:compileJavawarning: [options] bootstrap class path not set in conjunction with -source 1.7
Note: /home/travis/build/passed/TNG/JGiven/jgiven-tests/src/main/java/com/tngtech/jgiven/tests/TestScenarios.java uses or overrides a deprecated API.
Note: Recompile with -Xlint:deprecation for details.
1 warning

:jgiven-tests:processResources UP-TO-DATE
:jgiven-tests:classes
:jgiven-tests:jar
:jgiven-examples:compileTestJavawarning: [options] bootstrap class path not set in conjunction with -source 1.6
Note: /home/travis/build/passed/TNG/JGiven/jgiven-examples/src/test/java/com/tngtech/jgiven/examples/pancakes/test/SpringPanCakeScenarioTest.java uses or overrides a deprecated API.
Note: Recompile with -Xlint:deprecation for details.
Note: /home/travis/build/passed/TNG/JGiven/jgiven-examples/src/test/java/com/tngtech/jgiven/examples/datatable/DataTableExamples.java uses unchecked or unsafe operations.
Note: Recompile with -Xlint:unchecked for details.

:jgiven-examples:processTestResources UP-TO-DATE
:jgiven-examples:testClasses
:jgiven-examples:test

com.tngtech.jgiven.examples.coffeemachine.ServeCoffeeTest > a_scenario_with_a_failing_test_case_for_demonstration_purposes[1: false] FAILED
    org.junit.ComparisonFailure at ServeCoffeeTest.java:169

com.tngtech.jgiven.examples.coffeemachine.ServeCoffeeTest > shouldFailWithUnexpectedRuntimeException FAILED
    org.junit.runners.model.TestTimedOutException at ServeCoffeeTest.java:186

com.tngtech.jgiven.examples.coffeemachine.ServeCoffeeTest > a_failing_scenario_for_demonstration_purposes STANDARD_ERROR
    [Test worker] WARN com.tngtech.jgiven.impl.intercept.StepMethodInterceptor - The step method steps_following_a_failed_step_should_be_skipped of class ThenCoffee does not follow the fluent interface convention of returning the receiver object. Please change the return type to the SELF type parameter.

com.tngtech.jgiven.examples.coffeemachine.ServeCoffeeTest > a_failing_scenario_for_demonstration_purposes FAILED
    org.junit.ComparisonFailure at ServeCoffeeTest.java:150

com.tngtech.jgiven.examples.nested.NestedStepsTest > a_scenario_with_a_failing_nested_step_on_purpose FAILED
    org.junit.ComparisonFailure at NestedStepsTest.java:31

com.tngtech.jgiven.examples.parameters.ParametrizedScenariosTest > a_scenario_with_many_cases[5: some grouping value 0, value 5] STANDARD_ERROR
    [Test worker] WARN com.tngtech.jgiven.impl.intercept.StepMethodInterceptor - The step method another_value of class TestSteps does not follow the fluent interface convention of returning the receiver object. Please change the return type to the SELF type parameter.

com.tngtech.jgiven.examples.parameters.ParametrizedScenariosTest > a_scenario_with_many_cases[5: some grouping value 0, value 5] FAILED
    java.lang.AssertionError at ParametrizedScenariosTest.java:83

com.tngtech.jgiven.examples.parameters.ParametrizedScenariosTest > a_scenario_with_many_cases[15: some grouping value 1, value 5] STANDARD_ERROR
    [Test worker] WARN com.tngtech.jgiven.impl.intercept.StepMethodInterceptor - The step method another_value of class TestSteps does not follow the fluent interface convention of returning the receiver object. Please change the return type to the SELF type parameter.

com.tngtech.jgiven.examples.parameters.ParametrizedScenariosTest > a_scenario_with_many_cases[15: some grouping value 1, value 5] FAILED
    java.lang.AssertionError at ParametrizedScenariosTest.java:83

com.tngtech.jgiven.examples.parameters.ParametrizedScenariosTest > a_scenario_with_many_cases[25: some grouping value 2, value 5] STANDARD_ERROR
    [Test worker] WARN com.tngtech.jgiven.impl.intercept.StepMethodInterceptor - The step method another_value of class TestSteps does not follow the fluent interface convention of returning the receiver object. Please change the return type to the SELF type parameter.

com.tngtech.jgiven.examples.parameters.ParametrizedScenariosTest > a_scenario_with_many_cases[25: some grouping value 2, value 5] FAILED
    java.lang.AssertionError at ParametrizedScenariosTest.java:83

com.tngtech.jgiven.examples.parameters.ParametrizedScenariosTest > a_scenario_with_many_cases[35: some grouping value 3, value 5] STANDARD_ERROR
    [Test worker] WARN com.tngtech.jgiven.impl.intercept.StepMethodInterceptor - The step method another_value of class TestSteps does not follow the fluent interface convention of returning the receiver object. Please change the return type to the SELF type parameter.

com.tngtech.jgiven.examples.parameters.ParametrizedScenariosTest > a_scenario_with_many_cases[35: some grouping value 3, value 5] FAILED
    java.lang.AssertionError at ParametrizedScenariosTest.java:83

com.tngtech.jgiven.examples.parameters.ParametrizedScenariosTest > a_scenario_with_many_cases[45: some grouping value 4, value 5] STANDARD_ERROR
    [Test worker] WARN com.tngtech.jgiven.impl.intercept.StepMethodInterceptor - The step method another_value of class TestSteps does not follow the fluent interface convention of returning the receiver object. Please change the return type to the SELF type parameter.

com.tngtech.jgiven.examples.parameters.ParametrizedScenariosTest > a_scenario_with_many_cases[45: some grouping value 4, value 5] FAILED
    java.lang.AssertionError at ParametrizedScenariosTest.java:83

com.tngtech.jgiven.examples.parameters.ParametrizedScenariosTest > a_scenario_with_many_cases[55: some grouping value 5, value 5] STANDARD_ERROR
    [Test worker] WARN com.tngtech.jgiven.impl.intercept.StepMethodInterceptor - The step method another_value of class TestSteps does not follow the fluent interface convention of returning the receiver object. Please change the return type to the SELF type parameter.

com.tngtech.jgiven.examples.parameters.ParametrizedScenariosTest > a_scenario_with_many_cases[55: some grouping value 5, value 5] FAILED
    java.lang.AssertionError at ParametrizedScenariosTest.java:83

com.tngtech.jgiven.examples.parameters.ParametrizedScenariosTest > a_scenario_with_many_cases[65: some grouping value 6, value 5] STANDARD_ERROR
    [Test worker] WARN com.tngtech.jgiven.impl.intercept.StepMethodInterceptor - The step method another_value of class TestSteps does not follow the fluent interface convention of returning the receiver object. Please change the return type to the SELF type parameter.

com.tngtech.jgiven.examples.parameters.ParametrizedScenariosTest > a_scenario_with_many_cases[65: some grouping value 6, value 5] FAILED
    java.lang.AssertionError at ParametrizedScenariosTest.java:83

com.tngtech.jgiven.examples.parameters.ParametrizedScenariosTest > a_scenario_with_many_cases[75: some grouping value 7, value 5] STANDARD_ERROR
    [Test worker] WARN com.tngtech.jgiven.impl.intercept.StepMethodInterceptor - The step method another_value of class TestSteps does not follow the fluent interface convention of returning the receiver object. Please change the return type to the SELF type parameter.

com.tngtech.jgiven.examples.parameters.ParametrizedScenariosTest > a_scenario_with_many_cases[75: some grouping value 7, value 5] FAILED
    java.lang.AssertionError at ParametrizedScenariosTest.java:83

com.tngtech.jgiven.examples.parameters.ParametrizedScenariosTest > a_scenario_with_many_cases[85: some grouping value 8, value 5] STANDARD_ERROR
    [Test worker] WARN com.tngtech.jgiven.impl.intercept.StepMethodInterceptor - The step method another_value of class TestSteps does not follow the fluent interface convention of returning the receiver object. Please change the return type to the SELF type parameter.

com.tngtech.jgiven.examples.parameters.ParametrizedScenariosTest > a_scenario_with_many_cases[85: some grouping value 8, value 5] FAILED
    java.lang.AssertionError at ParametrizedScenariosTest.java:83

com.tngtech.jgiven.examples.parameters.ParametrizedScenariosTest > a_scenario_with_many_cases[95: some grouping value 9, value 5] STANDARD_ERROR
    [Test worker] WARN com.tngtech.jgiven.impl.intercept.StepMethodInterceptor - The step method another_value of class TestSteps does not follow the fluent interface convention of returning the receiver object. Please change the return type to the SELF type parameter.

com.tngtech.jgiven.examples.parameters.ParametrizedScenariosTest > a_scenario_with_many_cases[95: some grouping value 9, value 5] FAILED
    java.lang.AssertionError at ParametrizedScenariosTest.java:83

179 tests completed, 14 failed, 4 skipped
There were failing tests. See the report at: file:///home/travis/build/passed/TNG/JGiven/jgiven-examples/build/reports/tests/index.html
:jgiven-examples:jgivenHtml5Report[main] INFO com.tngtech.jgiven.report.json.ReportModelReader - Removing empty scenarios...
[main] INFO com.tngtech.jgiven.report.json.ReportModelReader - Removing empty scenarios...
[main] INFO com.tngtech.jgiven.report.json.ReportModelReader - Removing empty scenarios...
[main] INFO com.tngtech.jgiven.report.json.ReportModelReader - Removing empty scenarios...
[main] INFO com.tngtech.jgiven.report.json.ReportModelReader - Removing empty scenarios...
[main] INFO com.tngtech.jgiven.report.json.ReportModelReader - Removing empty scenarios...
[main] INFO com.tngtech.jgiven.report.json.ReportModelReader - Removing empty scenarios...
[main] INFO com.tngtech.jgiven.report.json.ReportModelReader - Removing empty scenarios...
[main] INFO com.tngtech.jgiven.report.json.ReportModelReader - Removing empty scenarios...
[main] INFO com.tngtech.jgiven.report.json.ReportModelReader - Removing empty scenarios...
[main] INFO com.tngtech.jgiven.report.json.ReportModelReader - Removing empty scenarios...
[main] INFO com.tngtech.jgiven.report.json.ReportModelReader - Removing empty scenarios...
[main] INFO com.tngtech.jgiven.report.json.ReportModelReader - Removing empty scenarios...
[main] INFO com.tngtech.jgiven.report.json.ReportModelReader - Removing empty scenarios...
[main] INFO com.tngtech.jgiven.report.json.ReportModelReader - Removing empty scenarios...
[main] INFO com.tngtech.jgiven.report.json.ReportModelReader - Removing empty scenarios...
[main] INFO com.tngtech.jgiven.report.json.ReportModelReader - Removing empty scenarios...
[main] INFO com.tngtech.jgiven.report.json.ReportModelReader - Removing empty scenarios...
[main] INFO com.tngtech.jgiven.report.json.ReportModelReader - Removing empty scenarios...
[main] INFO com.tngtech.jgiven.report.json.ReportModelReader - Removing empty scenarios...
[main] INFO com.tngtech.jgiven.report.html5.Html5ReportGenerator - Generating HTML5 report to /home/travis/build/passed/TNG/JGiven/jgiven-examples/build/reports/jgiven/html5/index.html
[main] INFO com.tngtech.jgiven.report.html5.Html5AttachmentGenerator - Attachment written to build/reports/jgiven/html5/data/attachments/com/tngtech/jgiven/examples/attachments/AttachmentsExample/attachment.txt
[main] INFO com.tngtech.jgiven.report.html5.Html5AttachmentGenerator - Attachment written to build/reports/jgiven/html5/data/attachments/com/tngtech/jgiven/examples/attachments/AttachmentsExample/oval-circle.png
[main] INFO com.tngtech.jgiven.report.html5.Html5AttachmentGenerator - Attachment written to build/reports/jgiven/html5/data/attachments/com/tngtech/jgiven/examples/attachments/AttachmentsExample/attachment2.txt
[main] INFO com.tngtech.jgiven.report.html5.Html5AttachmentGenerator - Attachment written to build/reports/jgiven/html5/data/attachments/com/tngtech/jgiven/examples/attachments/AttachmentsExample/attachment3.txt
[main] INFO com.tngtech.jgiven.report.html5.Html5AttachmentGenerator - Attachment written to build/reports/jgiven/html5/data/attachments/com/tngtech/jgiven/examples/attachments/AttachmentsExample/attachment4.txt
[main] INFO com.tngtech.jgiven.report.html5.Html5AttachmentGenerator - Attachment written to build/reports/jgiven/html5/data/attachments/com/tngtech/jgiven/examples/attachments/AttachmentsExample/oval-circle2.png
[main] INFO com.tngtech.jgiven.report.html5.Html5AttachmentGenerator - Attachment written to build/reports/jgiven/html5/data/attachments/com/tngtech/jgiven/examples/attachments/AttachmentsExample/oval-circle3.png
[main] INFO com.tngtech.jgiven.report.html5.Html5AttachmentGenerator - Attachment written to build/reports/jgiven/html5/data/attachments/com/tngtech/jgiven/examples/attachments/AttachmentsExample/large-oval-circle.png
[main] INFO com.tngtech.jgiven.report.html5.Html5AttachmentGenerator - Attachment written to build/reports/jgiven/html5/data/attachments/com/tngtech/jgiven/examples/attachments/AttachmentsExample/attachment5.txt
[main] INFO com.tngtech.jgiven.report.html5.Html5AttachmentGenerator - Attachment written to build/reports/jgiven/html5/data/attachments/com/tngtech/jgiven/examples/attachments/AttachmentsExample/attachment6.txt
[main] INFO com.tngtech.jgiven.report.html5.Html5ReportGenerator - Written 168 scenarios to data0.js
[main] INFO com.tngtech.jgiven.report.html5.Html5ReportGenerator - Written 10 scenarios to data1.js
[main] INFO com.tngtech.jgiven.report.html5.Html5ReportGenerator - Cannot read build/resources/test/jgiven/custom.css, skipping

:jgiven-html5-report:compileTestJavawarning: [options] bootstrap class path not set in conjunction with -source 1.6

:jgiven-html5-report:processTestResources UP-TO-DATE
:jgiven-html5-report:testClasses
:jgiven-html5-report:test
:jgiven-html5-report:npmInstallnpm WARN package.json jgiven-html5-report@0.7.4 No repository field.
npm WARN deprecated request@2.67.0: request has been deprecated, see https://github.com/request/request/issues/3142
npm WARN deprecated mkdirp@0.5.0: Legacy versions of mkdirp are no longer supported. Please update to mkdirp 1.x. (Note that the API surface has changed to use Promises in 1.x.)
npm WARN deprecated node-uuid@1.4.8: Use uuid module instead
npm WARN deprecated hawk@3.1.3: This module moved to @hapi/hawk. Please make sure to switch over as this distribution is no longer supported and may contain bugs and critical security issues.
npm WARN deprecated tough-cookie@2.2.2: ReDoS vulnerability parsing Set-Cookie https://nodesecurity.io/advisories/130
npm WARN deprecated har-validator@2.0.6: this library is no longer supported
npm WARN deprecated hoek@2.16.3: This version has been deprecated in accordance with the hapi support policy (hapi.im/support). Please upgrade to the latest version to get the best features, bug fixes, and security patches. If you are unable to upgrade at this time, paid support is available for older versions (hapi.im/commercial).
npm WARN deprecated boom@2.10.1: This version has been deprecated in accordance with the hapi support policy (hapi.im/support). Please upgrade to the latest version to get the best features, bug fixes, and security patches. If you are unable to upgrade at this time, paid support is available for older versions (hapi.im/commercial).
npm WARN deprecated cryptiles@2.0.5: This version has been deprecated in accordance with the hapi support policy (hapi.im/support). Please upgrade to the latest version to get the best features, bug fixes, and security patches. If you are unable to upgrade at this time, paid support is available for older versions (hapi.im/commercial).
npm WARN deprecated sntp@1.0.9: This module moved to @hapi/sntp. Please make sure to switch over as this distribution is no longer supported and may contain bugs and critical security issues.
npm WARN engine hoek@2.16.3: wanted: {"node":">=0.10.40"} (current: {"node":"0.10.36","npm":"1.4.28"})
npm WARN engine cryptiles@2.0.5: wanted: {"node":">=0.10.40"} (current: {"node":"0.10.36","npm":"1.4.28"})
npm WARN engine boom@2.10.1: wanted: {"node":">=0.10.40"} (current: {"node":"0.10.36","npm":"1.4.28"})


> phantomjs@1.9.20 install /home/travis/build/passed/TNG/JGiven/jgiven-html5-report/node_modules/phantomjs
> node install.js


/home/travis/build/passed/TNG/JGiven/jgiven-html5-report/node_modules/phantomjs/node_modules/request/node_modules/har-validator/node_modules/is-my-json-valid/node_modules/jsonpointer/jsonpointer.js:55
    for (const part of pointer) {
                    ^^
SyntaxError: Unexpected identifier
    at Module._compile (module.js:439:25)
    at Object.Module._extensions..js (module.js:474:10)
    at Module.load (module.js:356:32)
    at Function.Module._load (module.js:312:12)
    at Module.require (module.js:364:17)
    at require (module.js:380:17)
    at Object.<anonymous> (/home/travis/build/passed/TNG/JGiven/jgiven-html5-report/node_modules/phantomjs/node_modules/request/node_modules/har-validator/node_modules/is-my-json-valid/index.js:3:19)
    at Module._compile (module.js:456:26)
    at Object.Module._extensions..js (module.js:474:10)
    at Module.load (module.js:356:32)

npm ERR! phantomjs@1.9.20 install: `node install.js`
npm ERR! Exit status 8
npm ERR! 
npm ERR! Failed at the phantomjs@1.9.20 install script.
npm ERR! This is most likely a problem with the phantomjs package,
npm ERR! not with npm itself.
npm ERR! Tell the author that this fails on your system:
npm ERR!     node install.js
npm ERR! You can get their info via:
npm ERR!     npm owner ls phantomjs
npm ERR! There is likely additional logging output above.
npm ERR! System Linux 4.15.0-109-generic
npm ERR! command "/home/travis/.nvm/v0.10.36/bin/node" "/home/travis/.nvm/v0.10.36/bin/npm" "install"
npm ERR! cwd /home/travis/build/passed/TNG/JGiven/jgiven-html5-report
npm ERR! node -v v0.10.36
npm ERR! npm -v 1.4.28
npm ERR! code ELIFECYCLE
npm ERR! not ok code 0
:jgiven-html5-report:npmInstall FAILED

FAILURE: Build failed with an exception.

* What went wrong:
Execution failed for task ':jgiven-html5-report:npmInstall'.
> Process 'command 'npm'' finished with non-zero exit value 1

* Try:
Run with --stacktrace option to get the stack trace. Run with --info or --debug option to get more log output.

BUILD FAILED

Total time: 20.977 secs

travis_time:end:09253048:start=1657785827216797060,finish=1657785848684119259,duration=21467322199[0K
[31;1mThe command "./gradlew test -DjunitVersion=4.11" exited with 1.[0m
travis_time:start:0b0b0d5d[0K$ ./gradlew test -DjunitVersion=4.12
:jgiven-core:compileJava UP-TO-DATE
:jgiven-core:processResources UP-TO-DATE
:jgiven-core:classes UP-TO-DATE
:jgiven-core:compileTestJava UP-TO-DATE
:jgiven-core:processTestResources UP-TO-DATE
:jgiven-core:testClasses UP-TO-DATE
:jgiven-core:test UP-TO-DATE
:jgiven-core:jar
:jgiven-examples:compileJava UP-TO-DATE
:jgiven-examples:processResources UP-TO-DATE
:jgiven-examples:classes UP-TO-DATE
:jgiven-html5-report:compileJavawarning: [options] bootstrap class path not set in conjunction with -source 1.6
1 warning

:jgiven-html5-report:processResources UP-TO-DATE
:jgiven-html5-report:classes
:jgiven-html5-report:deleteCssFiles
:jgiven-html5-report:copyAppFiles
:jgiven-html5-report:bowerUpdate UP-TO-DATE
:jgiven-html5-report:copyCssFiles
:jgiven-html5-report:copyFontFiles UP-TO-DATE
:jgiven-html5-report:copyImageFiles UP-TO-DATE
:jgiven-html5-report:copyJsFiles UP-TO-DATE
:jgiven-html5-report:zipAppDir UP-TO-DATE
:jgiven-html5-report:jar
:jgiven-junit:compileJavawarning: [options] bootstrap class path not set in conjunction with -source 1.6
Note: Some input files use or override a deprecated API.
Note: Recompile with -Xlint:deprecation for details.
1 warning

:jgiven-junit:processResources UP-TO-DATE
:jgiven-junit:classes
:jgiven-junit:jar
:jgiven-spring:compileJavawarning: [options] bootstrap class path not set in conjunction with -source 1.6
1 warning

:jgiven-spring:processResources UP-TO-DATE
:jgiven-spring:classes
:jgiven-spring:jar
:jgiven-testng:compileJavawarning: [options] bootstrap class path not set in conjunction with -source 1.6
1 warning

:jgiven-testng:processResources UP-TO-DATE
:jgiven-testng:classes
:jgiven-testng:jar
:jgiven-tests:compileJavawarning: [options] bootstrap class path not set in conjunction with -source 1.7
Note: /home/travis/build/passed/TNG/JGiven/jgiven-tests/src/main/java/com/tngtech/jgiven/tests/TestScenarios.java uses or overrides a deprecated API.
Note: Recompile with -Xlint:deprecation for details.
1 warning

:jgiven-tests:processResources UP-TO-DATE
:jgiven-tests:classes
:jgiven-tests:jar
:jgiven-examples:compileTestJavawarning: [options] bootstrap class path not set in conjunction with -source 1.6
Note: /home/travis/build/passed/TNG/JGiven/jgiven-examples/src/test/java/com/tngtech/jgiven/examples/pancakes/test/SpringPanCakeScenarioTest.java uses or overrides a deprecated API.
Note: Recompile with -Xlint:deprecation for details.
Note: /home/travis/build/passed/TNG/JGiven/jgiven-examples/src/test/java/com/tngtech/jgiven/examples/datatable/DataTableExamples.java uses unchecked or unsafe operations.
Note: Recompile with -Xlint:unchecked for details.

:jgiven-examples:processTestResources UP-TO-DATE
:jgiven-examples:testClasses
:jgiven-examples:test

com.tngtech.jgiven.examples.coffeemachine.ServeCoffeeTest > a_scenario_with_a_failing_test_case_for_demonstration_purposes[1: false] FAILED
    org.junit.ComparisonFailure at ServeCoffeeTest.java:169

com.tngtech.jgiven.examples.coffeemachine.ServeCoffeeTest > shouldFailWithUnexpectedRuntimeException FAILED
    org.junit.runners.model.TestTimedOutException at ServeCoffeeTest.java:186

com.tngtech.jgiven.examples.coffeemachine.ServeCoffeeTest > a_failing_scenario_for_demonstration_purposes STANDARD_ERROR
    [Test worker] WARN com.tngtech.jgiven.impl.intercept.StepMethodInterceptor - The step method steps_following_a_failed_step_should_be_skipped of class ThenCoffee does not follow the fluent interface convention of returning the receiver object. Please change the return type to the SELF type parameter.

com.tngtech.jgiven.examples.coffeemachine.ServeCoffeeTest > a_failing_scenario_for_demonstration_purposes FAILED
    org.junit.ComparisonFailure at ServeCoffeeTest.java:150

com.tngtech.jgiven.examples.nested.NestedStepsTest > a_scenario_with_a_failing_nested_step_on_purpose FAILED
    org.junit.ComparisonFailure at NestedStepsTest.java:31

com.tngtech.jgiven.examples.parameters.ParametrizedScenariosTest > a_scenario_with_many_cases[5: some grouping value 0, value 5] STANDARD_ERROR
    [Test worker] WARN com.tngtech.jgiven.impl.intercept.StepMethodInterceptor - The step method another_value of class TestSteps does not follow the fluent interface convention of returning the receiver object. Please change the return type to the SELF type parameter.

com.tngtech.jgiven.examples.parameters.ParametrizedScenariosTest > a_scenario_with_many_cases[5: some grouping value 0, value 5] FAILED
    java.lang.AssertionError at ParametrizedScenariosTest.java:83

com.tngtech.jgiven.examples.parameters.ParametrizedScenariosTest > a_scenario_with_many_cases[15: some grouping value 1, value 5] STANDARD_ERROR
    [Test worker] WARN com.tngtech.jgiven.impl.intercept.StepMethodInterceptor - The step method another_value of class TestSteps does not follow the fluent interface convention of returning the receiver object. Please change the return type to the SELF type parameter.

com.tngtech.jgiven.examples.parameters.ParametrizedScenariosTest > a_scenario_with_many_cases[15: some grouping value 1, value 5] FAILED
    java.lang.AssertionError at ParametrizedScenariosTest.java:83

com.tngtech.jgiven.examples.parameters.ParametrizedScenariosTest > a_scenario_with_many_cases[25: some grouping value 2, value 5] STANDARD_ERROR
    [Test worker] WARN com.tngtech.jgiven.impl.intercept.StepMethodInterceptor - The step method another_value of class TestSteps does not follow the fluent interface convention of returning the receiver object. Please change the return type to the SELF type parameter.

com.tngtech.jgiven.examples.parameters.ParametrizedScenariosTest > a_scenario_with_many_cases[25: some grouping value 2, value 5] FAILED
    java.lang.AssertionError at ParametrizedScenariosTest.java:83

com.tngtech.jgiven.examples.parameters.ParametrizedScenariosTest > a_scenario_with_many_cases[35: some grouping value 3, value 5] STANDARD_ERROR
    [Test worker] WARN com.tngtech.jgiven.impl.intercept.StepMethodInterceptor - The step method another_value of class TestSteps does not follow the fluent interface convention of returning the receiver object. Please change the return type to the SELF type parameter.

com.tngtech.jgiven.examples.parameters.ParametrizedScenariosTest > a_scenario_with_many_cases[35: some grouping value 3, value 5] FAILED
    java.lang.AssertionError at ParametrizedScenariosTest.java:83

com.tngtech.jgiven.examples.parameters.ParametrizedScenariosTest > a_scenario_with_many_cases[45: some grouping value 4, value 5] STANDARD_ERROR
    [Test worker] WARN com.tngtech.jgiven.impl.intercept.StepMethodInterceptor - The step method another_value of class TestSteps does not follow the fluent interface convention of returning the receiver object. Please change the return type to the SELF type parameter.

com.tngtech.jgiven.examples.parameters.ParametrizedScenariosTest > a_scenario_with_many_cases[45: some grouping value 4, value 5] FAILED
    java.lang.AssertionError at ParametrizedScenariosTest.java:83

com.tngtech.jgiven.examples.parameters.ParametrizedScenariosTest > a_scenario_with_many_cases[55: some grouping value 5, value 5] STANDARD_ERROR
    [Test worker] WARN com.tngtech.jgiven.impl.intercept.StepMethodInterceptor - The step method another_value of class TestSteps does not follow the fluent interface convention of returning the receiver object. Please change the return type to the SELF type parameter.

com.tngtech.jgiven.examples.parameters.ParametrizedScenariosTest > a_scenario_with_many_cases[55: some grouping value 5, value 5] FAILED
    java.lang.AssertionError at ParametrizedScenariosTest.java:83

com.tngtech.jgiven.examples.parameters.ParametrizedScenariosTest > a_scenario_with_many_cases[65: some grouping value 6, value 5] STANDARD_ERROR
    [Test worker] WARN com.tngtech.jgiven.impl.intercept.StepMethodInterceptor - The step method another_value of class TestSteps does not follow the fluent interface convention of returning the receiver object. Please change the return type to the SELF type parameter.

com.tngtech.jgiven.examples.parameters.ParametrizedScenariosTest > a_scenario_with_many_cases[65: some grouping value 6, value 5] FAILED
    java.lang.AssertionError at ParametrizedScenariosTest.java:83

com.tngtech.jgiven.examples.parameters.ParametrizedScenariosTest > a_scenario_with_many_cases[75: some grouping value 7, value 5] STANDARD_ERROR
    [Test worker] WARN com.tngtech.jgiven.impl.intercept.StepMethodInterceptor - The step method another_value of class TestSteps does not follow the fluent interface convention of returning the receiver object. Please change the return type to the SELF type parameter.

com.tngtech.jgiven.examples.parameters.ParametrizedScenariosTest > a_scenario_with_many_cases[75: some grouping value 7, value 5] FAILED
    java.lang.AssertionError at ParametrizedScenariosTest.java:83

com.tngtech.jgiven.examples.parameters.ParametrizedScenariosTest > a_scenario_with_many_cases[85: some grouping value 8, value 5] STANDARD_ERROR
    [Test worker] WARN com.tngtech.jgiven.impl.intercept.StepMethodInterceptor - The step method another_value of class TestSteps does not follow the fluent interface convention of returning the receiver object. Please change the return type to the SELF type parameter.

com.tngtech.jgiven.examples.parameters.ParametrizedScenariosTest > a_scenario_with_many_cases[85: some grouping value 8, value 5] FAILED
    java.lang.AssertionError at ParametrizedScenariosTest.java:83

com.tngtech.jgiven.examples.parameters.ParametrizedScenariosTest > a_scenario_with_many_cases[95: some grouping value 9, value 5] STANDARD_ERROR
    [Test worker] WARN com.tngtech.jgiven.impl.intercept.StepMethodInterceptor - The step method another_value of class TestSteps does not follow the fluent interface convention of returning the receiver object. Please change the return type to the SELF type parameter.

com.tngtech.jgiven.examples.parameters.ParametrizedScenariosTest > a_scenario_with_many_cases[95: some grouping value 9, value 5] FAILED
    java.lang.AssertionError at ParametrizedScenariosTest.java:83

179 tests completed, 14 failed, 4 skipped
There were failing tests. See the report at: file:///home/travis/build/passed/TNG/JGiven/jgiven-examples/build/reports/tests/index.html
:jgiven-examples:jgivenHtml5Report[main] INFO com.tngtech.jgiven.report.json.ReportModelReader - Removing empty scenarios...
[main] INFO com.tngtech.jgiven.report.json.ReportModelReader - Removing empty scenarios...
[main] INFO com.tngtech.jgiven.report.json.ReportModelReader - Removing empty scenarios...
[main] INFO com.tngtech.jgiven.report.json.ReportModelReader - Removing empty scenarios...
[main] INFO com.tngtech.jgiven.report.json.ReportModelReader - Removing empty scenarios...
[main] INFO com.tngtech.jgiven.report.json.ReportModelReader - Removing empty scenarios...
[main] INFO com.tngtech.jgiven.report.json.ReportModelReader - Removing empty scenarios...
[main] INFO com.tngtech.jgiven.report.json.ReportModelReader - Removing empty scenarios...
[main] INFO com.tngtech.jgiven.report.json.ReportModelReader - Removing empty scenarios...
[main] INFO com.tngtech.jgiven.report.json.ReportModelReader - Removing empty scenarios...
[main] INFO com.tngtech.jgiven.report.json.ReportModelReader - Removing empty scenarios...
[main] INFO com.tngtech.jgiven.report.json.ReportModelReader - Removing empty scenarios...
[main] INFO com.tngtech.jgiven.report.json.ReportModelReader - Removing empty scenarios...
[main] INFO com.tngtech.jgiven.report.json.ReportModelReader - Removing empty scenarios...
[main] INFO com.tngtech.jgiven.report.json.ReportModelReader - Removing empty scenarios...
[main] INFO com.tngtech.jgiven.report.json.ReportModelReader - Removing empty scenarios...
[main] INFO com.tngtech.jgiven.report.json.ReportModelReader - Removing empty scenarios...
[main] INFO com.tngtech.jgiven.report.json.ReportModelReader - Removing empty scenarios...
[main] INFO com.tngtech.jgiven.report.json.ReportModelReader - Removing empty scenarios...
[main] INFO com.tngtech.jgiven.report.json.ReportModelReader - Removing empty scenarios...
[main] INFO com.tngtech.jgiven.report.html5.Html5ReportGenerator - Generating HTML5 report to /home/travis/build/passed/TNG/JGiven/jgiven-examples/build/reports/jgiven/html5/index.html
[main] INFO com.tngtech.jgiven.report.html5.Html5AttachmentGenerator - Attachment written to build/reports/jgiven/html5/data/attachments/com/tngtech/jgiven/examples/attachments/AttachmentsExample/attachment.txt
[main] INFO com.tngtech.jgiven.report.html5.Html5AttachmentGenerator - Attachment written to build/reports/jgiven/html5/data/attachments/com/tngtech/jgiven/examples/attachments/AttachmentsExample/oval-circle.png
[main] INFO com.tngtech.jgiven.report.html5.Html5AttachmentGenerator - Attachment written to build/reports/jgiven/html5/data/attachments/com/tngtech/jgiven/examples/attachments/AttachmentsExample/attachment2.txt
[main] INFO com.tngtech.jgiven.report.html5.Html5AttachmentGenerator - Attachment written to build/reports/jgiven/html5/data/attachments/com/tngtech/jgiven/examples/attachments/AttachmentsExample/attachment3.txt
[main] INFO com.tngtech.jgiven.report.html5.Html5AttachmentGenerator - Attachment written to build/reports/jgiven/html5/data/attachments/com/tngtech/jgiven/examples/attachments/AttachmentsExample/attachment4.txt
[main] INFO com.tngtech.jgiven.report.html5.Html5AttachmentGenerator - Attachment written to build/reports/jgiven/html5/data/attachments/com/tngtech/jgiven/examples/attachments/AttachmentsExample/oval-circle2.png
[main] INFO com.tngtech.jgiven.report.html5.Html5AttachmentGenerator - Attachment written to build/reports/jgiven/html5/data/attachments/com/tngtech/jgiven/examples/attachments/AttachmentsExample/oval-circle3.png
[main] INFO com.tngtech.jgiven.report.html5.Html5AttachmentGenerator - Attachment written to build/reports/jgiven/html5/data/attachments/com/tngtech/jgiven/examples/attachments/AttachmentsExample/large-oval-circle.png
[main] INFO com.tngtech.jgiven.report.html5.Html5AttachmentGenerator - Attachment written to build/reports/jgiven/html5/data/attachments/com/tngtech/jgiven/examples/attachments/AttachmentsExample/attachment5.txt
[main] INFO com.tngtech.jgiven.report.html5.Html5AttachmentGenerator - Attachment written to build/reports/jgiven/html5/data/attachments/com/tngtech/jgiven/examples/attachments/AttachmentsExample/attachment6.txt
[main] INFO com.tngtech.jgiven.report.html5.Html5ReportGenerator - Written 168 scenarios to data0.js
[main] INFO com.tngtech.jgiven.report.html5.Html5ReportGenerator - Written 10 scenarios to data1.js
[main] INFO com.tngtech.jgiven.report.html5.Html5ReportGenerator - Cannot read build/resources/test/jgiven/custom.css, skipping

:jgiven-html5-report:compileTestJavawarning: [options] bootstrap class path not set in conjunction with -source 1.6

:jgiven-html5-report:processTestResources UP-TO-DATE
:jgiven-html5-report:testClasses
:jgiven-html5-report:test
:jgiven-html5-report:npmInstallnpm WARN package.json jgiven-html5-report@0.7.4 No repository field.
npm WARN deprecated request@2.67.0: request has been deprecated, see https://github.com/request/request/issues/3142
npm WARN deprecated mkdirp@0.5.0: Legacy versions of mkdirp are no longer supported. Please update to mkdirp 1.x. (Note that the API surface has changed to use Promises in 1.x.)
npm WARN deprecated node-uuid@1.4.8: Use uuid module instead
npm WARN deprecated tough-cookie@2.2.2: ReDoS vulnerability parsing Set-Cookie https://nodesecurity.io/advisories/130
npm WARN deprecated hawk@3.1.3: This module moved to @hapi/hawk. Please make sure to switch over as this distribution is no longer supported and may contain bugs and critical security issues.
npm WARN deprecated har-validator@2.0.6: this library is no longer supported
npm WARN deprecated cryptiles@2.0.5: This version has been deprecated in accordance with the hapi support policy (hapi.im/support). Please upgrade to the latest version to get the best features, bug fixes, and security patches. If you are unable to upgrade at this time, paid support is available for older versions (hapi.im/commercial).
npm WARN deprecated hoek@2.16.3: This version has been deprecated in accordance with the hapi support policy (hapi.im/support). Please upgrade to the latest version to get the best features, bug fixes, and security patches. If you are unable to upgrade at this time, paid support is available for older versions (hapi.im/commercial).
npm WARN deprecated sntp@1.0.9: This module moved to @hapi/sntp. Please make sure to switch over as this distribution is no longer supported and may contain bugs and critical security issues.
npm WARN deprecated boom@2.10.1: This version has been deprecated in accordance with the hapi support policy (hapi.im/support). Please upgrade to the latest version to get the best features, bug fixes, and security patches. If you are unable to upgrade at this time, paid support is available for older versions (hapi.im/commercial).
npm WARN engine cryptiles@2.0.5: wanted: {"node":">=0.10.40"} (current: {"node":"0.10.36","npm":"1.4.28"})
npm WARN engine hoek@2.16.3: wanted: {"node":">=0.10.40"} (current: {"node":"0.10.36","npm":"1.4.28"})
npm WARN engine boom@2.10.1: wanted: {"node":">=0.10.40"} (current: {"node":"0.10.36","npm":"1.4.28"})


> phantomjs@1.9.20 install /home/travis/build/passed/TNG/JGiven/jgiven-html5-report/node_modules/phantomjs
> node install.js


/home/travis/build/passed/TNG/JGiven/jgiven-html5-report/node_modules/phantomjs/node_modules/request/node_modules/har-validator/node_modules/is-my-json-valid/node_modules/jsonpointer/jsonpointer.js:55
    for (const part of pointer) {
                    ^^
SyntaxError: Unexpected identifier
    at Module._compile (module.js:439:25)
    at Object.Module._extensions..js (module.js:474:10)
    at Module.load (module.js:356:32)
    at Function.Module._load (module.js:312:12)
    at Module.require (module.js:364:17)
    at require (module.js:380:17)
    at Object.<anonymous> (/home/travis/build/passed/TNG/JGiven/jgiven-html5-report/node_modules/phantomjs/node_modules/request/node_modules/har-validator/node_modules/is-my-json-valid/index.js:3:19)
    at Module._compile (module.js:456:26)
    at Object.Module._extensions..js (module.js:474:10)
    at Module.load (module.js:356:32)

npm ERR! phantomjs@1.9.20 install: `node install.js`
npm ERR! Exit status 8
npm ERR! 
npm ERR! Failed at the phantomjs@1.9.20 install script.
npm ERR! This is most likely a problem with the phantomjs package,
npm ERR! not with npm itself.
npm ERR! Tell the author that this fails on your system:
npm ERR!     node install.js
npm ERR! You can get their info via:
npm ERR!     npm owner ls phantomjs
npm ERR! There is likely additional logging output above.
npm ERR! System Linux 4.15.0-109-generic
npm ERR! command "/home/travis/.nvm/v0.10.36/bin/node" "/home/travis/.nvm/v0.10.36/bin/npm" "install"
npm ERR! cwd /home/travis/build/passed/TNG/JGiven/jgiven-html5-report
npm ERR! node -v v0.10.36
npm ERR! npm -v 1.4.28
npm ERR! code ELIFECYCLE
npm ERR! not ok code 0
:jgiven-html5-report:npmInstall FAILED

FAILURE: Build failed with an exception.

* What went wrong:
Execution failed for task ':jgiven-html5-report:npmInstall'.
> Process 'command 'npm'' finished with non-zero exit value 1

* Try:
Run with --stacktrace option to get the stack trace. Run with --info or --debug option to get more log output.

BUILD FAILED

Total time: 22.02 secs

travis_time:end:0b0b0d5d:start=1657785848695732268,finish=1657785871222668610,duration=22526936342[0K
[31;1mThe command "./gradlew test -DjunitVersion=4.12" exited with 1.[0m
travis_fold:start:cache.2[0Kstore build cache
travis_time:start:121f0647[0K
travis_time:end:121f0647:start=1657785871235437158,finish=1657785871244077481,duration=8640323[0Ktravis_time:start:00016afd[0K/home/travis/.casher/bin/casher:190: warning: Insecure world writable dir /home/travis/build/passed/TNG/JGiven/. in PATH, mode 040777
[32;1mchanges detected, packing new archive[0m
/home/travis/.casher/bin/casher:213:in `cache_archive_name': undefined method `[]' for nil:NilClass (NoMethodError)
	from /home/travis/.casher/bin/casher:143:in `push'
	from /home/travis/.casher/bin/casher:53:in `block in run'
	from /home/travis/.rvm/rubies/ruby-1.9.3-p551/lib/ruby/1.9.1/timeout.rb:69:in `timeout'
	from /home/travis/.casher/bin/casher:53:in `run'
	from /home/travis/.casher/bin/casher:263:in `<main>'
.

travis_time:end:00016afd:start=1657785871253578484,finish=1657785879021644820,duration=7768066336[0Ktravis_fold:end:cache.2[0K
Done. Your build exited with 1.
