Apache Maven 3.6.3
Maven home: /usr/share/maven
Java version: 1.8.0_342, vendor: Private Build, runtime: /usr/lib/jvm/java-8-openjdk-amd64/jre
Default locale: en_US, platform encoding: UTF-8
OS name: "linux", version: "5.15.0-41-generic", arch: "amd64", family: "unix"
[INFO] Scanning for projects...
[INFO] Inspecting build with total of 1 modules...
[INFO] Installing Nexus Staging features:
[INFO]   ... total of 1 executions of maven-deploy-plugin replaced with nexus-staging-maven-plugin
[INFO] 
[INFO] -------------------< com.shapesecurity.shift:es2017 >-------------------
[INFO] Building Shift AST 1.5.1-SNAPSHOT
[INFO] --------------------------------[ jar ]---------------------------------
[INFO] 
[INFO] --- jacoco-maven-plugin:0.7.2.201409121644:prepare-agent (pre-unit-test) @ es2017 ---
[INFO] JACOCO_AGENT_OPT set to -javaagent:/root/.m2/repository/org/jacoco/org.jacoco.agent/0.7.2.201409121644/org.jacoco.agent-0.7.2.201409121644-runtime.jar=destfile=/On-the-Reproducibility/section-2/reproducibility-scanner/reproducer/workspace/Bears-239/target/jacoco.exec
[INFO] 
[INFO] --- build-helper-maven-plugin:1.7:add-source (add-source) @ es2017 ---
[INFO] Source directory: /On-the-Reproducibility/section-2/reproducibility-scanner/reproducer/workspace/Bears-239/generated-sources/main/java added.
[INFO] 
[INFO] --- maven-resources-plugin:2.6:resources (default-resources) @ es2017 ---
[INFO] Using 'UTF-8' encoding to copy filtered resources.
[INFO] skip non existing resourceDirectory /On-the-Reproducibility/section-2/reproducibility-scanner/reproducer/workspace/Bears-239/src/main/resources
[INFO] 
[INFO] --- maven-compiler-plugin:2.3.2:compile (default-compile) @ es2017 ---
[INFO] Compiling 24 source files to /On-the-Reproducibility/section-2/reproducibility-scanner/reproducer/workspace/Bears-239/target/classes
[INFO] 
[INFO] --- maven-resources-plugin:2.6:testResources (default-testResources) @ es2017 ---
[INFO] Using 'UTF-8' encoding to copy filtered resources.
[INFO] Copying 24 resources
[INFO] 
[INFO] --- maven-compiler-plugin:2.3.2:testCompile (default-testCompile) @ es2017 ---
[INFO] Compiling 12 source files to /On-the-Reproducibility/section-2/reproducibility-scanner/reproducer/workspace/Bears-239/target/test-classes
[INFO] 
[INFO] --- maven-surefire-plugin:2.17:test (default-test) @ es2017 ---
[INFO] Surefire report directory: /On-the-Reproducibility/section-2/reproducibility-scanner/reproducer/workspace/Bears-239/target/surefire-reports

-------------------------------------------------------
 T E S T S
-------------------------------------------------------
Running com.shapesecurity.shift.es2017.test262.parser.PassTest
Tests run: 1, Failures: 0, Errors: 1, Skipped: 0, Time elapsed: 0.053 sec <<< FAILURE! - in com.shapesecurity.shift.es2017.test262.parser.PassTest
initializationError(com.shapesecurity.shift.es2017.test262.parser.PassTest)  Time elapsed: 0.013 sec  <<< ERROR!
java.lang.NullPointerException: null
	at java.util.Arrays.stream(Arrays.java:5004)
	at com.shapesecurity.shift.es2017.test262.parser.PassTest.data(PassTest.java:178)

Running com.shapesecurity.shift.es2017.test262.parser.FailTest
Tests run: 1, Failures: 0, Errors: 1, Skipped: 0, Time elapsed: 0 sec <<< FAILURE! - in com.shapesecurity.shift.es2017.test262.parser.FailTest
initializationError(com.shapesecurity.shift.es2017.test262.parser.FailTest)  Time elapsed: 0 sec  <<< ERROR!
java.lang.NullPointerException: null
	at java.util.Arrays.stream(Arrays.java:5004)
	at com.shapesecurity.shift.es2017.test262.parser.FailTest.data(FailTest.java:46)

Running com.shapesecurity.shift.es2017.test262.parser.EarlyTest
Tests run: 1, Failures: 0, Errors: 1, Skipped: 0, Time elapsed: 0 sec <<< FAILURE! - in com.shapesecurity.shift.es2017.test262.parser.EarlyTest
initializationError(com.shapesecurity.shift.es2017.test262.parser.EarlyTest)  Time elapsed: 0 sec  <<< ERROR!
java.lang.NullPointerException: null
	at java.util.Arrays.stream(Arrays.java:5004)
	at com.shapesecurity.shift.es2017.test262.parser.EarlyTest.data(EarlyTest.java:117)

Running com.shapesecurity.shift.es2017.test262.Test262
Tests run: 1, Failures: 0, Errors: 1, Skipped: 0, Time elapsed: 0.056 sec <<< FAILURE! - in com.shapesecurity.shift.es2017.test262.Test262
testTest262(com.shapesecurity.shift.es2017.test262.Test262)  Time elapsed: 0.004 sec  <<< ERROR!
java.nio.file.NoSuchFileException: src/test/resources/test262/test
	at sun.nio.fs.UnixException.translateToIOException(UnixException.java:86)
	at sun.nio.fs.UnixException.rethrowAsIOException(UnixException.java:102)
	at sun.nio.fs.UnixException.rethrowAsIOException(UnixException.java:107)
	at sun.nio.fs.UnixFileAttributeViews$Basic.readAttributes(UnixFileAttributeViews.java:55)
	at sun.nio.fs.UnixFileSystemProvider.readAttributes(UnixFileSystemProvider.java:144)
	at sun.nio.fs.LinuxFileSystemProvider.readAttributes(LinuxFileSystemProvider.java:99)
	at java.nio.file.Files.readAttributes(Files.java:1737)
	at java.nio.file.FileTreeWalker.getAttributes(FileTreeWalker.java:219)
	at java.nio.file.FileTreeWalker.visit(FileTreeWalker.java:276)
	at java.nio.file.FileTreeWalker.walk(FileTreeWalker.java:322)
	at java.nio.file.FileTreeIterator.<init>(FileTreeIterator.java:72)
	at java.nio.file.Files.walk(Files.java:3574)
	at java.nio.file.Files.walk(Files.java:3625)
	at com.shapesecurity.shift.es2017.test262.Test262.testTest262(Test262.java:187)

Running com.shapesecurity.shift.es2017.reducer.CloneReducerTest
Tests run: 64, Failures: 0, Errors: 0, Skipped: 0, Time elapsed: 0.367 sec - in com.shapesecurity.shift.es2017.reducer.CloneReducerTest
Running com.shapesecurity.shift.es2017.reducer.ReducerTest
Tests run: 2, Failures: 0, Errors: 0, Skipped: 0, Time elapsed: 0.378 sec - in com.shapesecurity.shift.es2017.reducer.ReducerTest
Running com.shapesecurity.shift.es2017.parser.miscellaneous.InteractionsTest
Tests run: 1, Failures: 0, Errors: 0, Skipped: 0, Time elapsed: 0.034 sec - in com.shapesecurity.shift.es2017.parser.miscellaneous.InteractionsTest
Running com.shapesecurity.shift.es2017.parser.miscellaneous.CommentsTest
Tests run: 1, Failures: 0, Errors: 0, Skipped: 0, Time elapsed: 0 sec - in com.shapesecurity.shift.es2017.parser.miscellaneous.CommentsTest
Running com.shapesecurity.shift.es2017.parser.miscellaneous.GroupingTest
Tests run: 1, Failures: 0, Errors: 0, Skipped: 0, Time elapsed: 0.004 sec - in com.shapesecurity.shift.es2017.parser.miscellaneous.GroupingTest
Running com.shapesecurity.shift.es2017.parser.miscellaneous.SemicolonsTest
Tests run: 2, Failures: 0, Errors: 0, Skipped: 0, Time elapsed: 0.002 sec - in com.shapesecurity.shift.es2017.parser.miscellaneous.SemicolonsTest
Running com.shapesecurity.shift.es2017.parser.miscellaneous.LocationTest
Tests run: 12, Failures: 0, Errors: 0, Skipped: 0, Time elapsed: 0.007 sec - in com.shapesecurity.shift.es2017.parser.miscellaneous.LocationTest
Running com.shapesecurity.shift.es2017.parser.miscellaneous.WhitespaceTest
Tests run: 1, Failures: 0, Errors: 0, Skipped: 0, Time elapsed: 0.005 sec - in com.shapesecurity.shift.es2017.parser.miscellaneous.WhitespaceTest
Running com.shapesecurity.shift.es2017.parser.miscellaneous.IncompatibilitiesTest
Tests run: 3, Failures: 0, Errors: 0, Skipped: 0, Time elapsed: 0.004 sec - in com.shapesecurity.shift.es2017.parser.miscellaneous.IncompatibilitiesTest
Running com.shapesecurity.shift.es2017.parser.miscellaneous.AsyncAwaitTest
Tests run: 7, Failures: 0, Errors: 0, Skipped: 0, Time elapsed: 0.013 sec - in com.shapesecurity.shift.es2017.parser.miscellaneous.AsyncAwaitTest
Running com.shapesecurity.shift.es2017.parser.expressions.FunctionExpressionTest
Tests run: 1, Failures: 0, Errors: 0, Skipped: 0, Time elapsed: 0.003 sec - in com.shapesecurity.shift.es2017.parser.expressions.FunctionExpressionTest
Running com.shapesecurity.shift.es2017.parser.expressions.ThisExpressionTest
Tests run: 1, Failures: 0, Errors: 0, Skipped: 0, Time elapsed: 0 sec - in com.shapesecurity.shift.es2017.parser.expressions.ThisExpressionTest
Running com.shapesecurity.shift.es2017.parser.expressions.ObjectExpressionTest
Tests run: 1, Failures: 0, Errors: 0, Skipped: 0, Time elapsed: 0.008 sec - in com.shapesecurity.shift.es2017.parser.expressions.ObjectExpressionTest
Running com.shapesecurity.shift.es2017.parser.expressions.StaticMemberExpressionTest
Tests run: 1, Failures: 0, Errors: 0, Skipped: 0, Time elapsed: 0.001 sec - in com.shapesecurity.shift.es2017.parser.expressions.StaticMemberExpressionTest
Running com.shapesecurity.shift.es2017.parser.expressions.IdentifierExpressionTest
Tests run: 1, Failures: 0, Errors: 0, Skipped: 0, Time elapsed: 0.003 sec - in com.shapesecurity.shift.es2017.parser.expressions.IdentifierExpressionTest
Running com.shapesecurity.shift.es2017.parser.expressions.SuperExpressionTest
Tests run: 1, Failures: 0, Errors: 0, Skipped: 0, Time elapsed: 0.005 sec - in com.shapesecurity.shift.es2017.parser.expressions.SuperExpressionTest
Running com.shapesecurity.shift.es2017.parser.expressions.ArrowExpressionTest
Tests run: 1, Failures: 0, Errors: 0, Skipped: 0, Time elapsed: 0.007 sec - in com.shapesecurity.shift.es2017.parser.expressions.ArrowExpressionTest
Running com.shapesecurity.shift.es2017.parser.expressions.YieldGeneratorExpressionTest
Tests run: 1, Failures: 0, Errors: 0, Skipped: 0, Time elapsed: 0.001 sec - in com.shapesecurity.shift.es2017.parser.expressions.YieldGeneratorExpressionTest
Running com.shapesecurity.shift.es2017.parser.expressions.literals.LiteralStringExpressionTest
Tests run: 1, Failures: 0, Errors: 0, Skipped: 0, Time elapsed: 0.005 sec - in com.shapesecurity.shift.es2017.parser.expressions.literals.LiteralStringExpressionTest
Running com.shapesecurity.shift.es2017.parser.expressions.literals.LiteralNullExpressionTest
Tests run: 1, Failures: 0, Errors: 0, Skipped: 0, Time elapsed: 0 sec - in com.shapesecurity.shift.es2017.parser.expressions.literals.LiteralNullExpressionTest
Running com.shapesecurity.shift.es2017.parser.expressions.literals.LiteralInfinityExpressionTest
Tests run: 1, Failures: 0, Errors: 0, Skipped: 0, Time elapsed: 0.001 sec - in com.shapesecurity.shift.es2017.parser.expressions.literals.LiteralInfinityExpressionTest
Running com.shapesecurity.shift.es2017.parser.expressions.literals.LiteralNumericExpressionTest
Tests run: 1, Failures: 0, Errors: 0, Skipped: 0, Time elapsed: 0.003 sec - in com.shapesecurity.shift.es2017.parser.expressions.literals.LiteralNumericExpressionTest
Running com.shapesecurity.shift.es2017.parser.expressions.literals.LiteralRegExpExpressionTest
Tests run: 1, Failures: 0, Errors: 0, Skipped: 0, Time elapsed: 0.003 sec - in com.shapesecurity.shift.es2017.parser.expressions.literals.LiteralRegExpExpressionTest
Running com.shapesecurity.shift.es2017.parser.expressions.YieldExpressionTest
Tests run: 1, Failures: 0, Errors: 0, Skipped: 0, Time elapsed: 0.003 sec - in com.shapesecurity.shift.es2017.parser.expressions.YieldExpressionTest
Running com.shapesecurity.shift.es2017.parser.expressions.ClassExpressionTest
Tests run: 1, Failures: 0, Errors: 0, Skipped: 0, Time elapsed: 0.003 sec - in com.shapesecurity.shift.es2017.parser.expressions.ClassExpressionTest
Running com.shapesecurity.shift.es2017.parser.expressions.ComputedMemberExpressionTest
Tests run: 1, Failures: 0, Errors: 0, Skipped: 0, Time elapsed: 0.001 sec - in com.shapesecurity.shift.es2017.parser.expressions.ComputedMemberExpressionTest
Running com.shapesecurity.shift.es2017.parser.expressions.UnaryExpressionTest
Tests run: 1, Failures: 0, Errors: 0, Skipped: 0, Time elapsed: 0.001 sec - in com.shapesecurity.shift.es2017.parser.expressions.UnaryExpressionTest
Running com.shapesecurity.shift.es2017.parser.expressions.BinaryExpressionTest
Tests run: 1, Failures: 0, Errors: 0, Skipped: 0, Time elapsed: 0.005 sec - in com.shapesecurity.shift.es2017.parser.expressions.BinaryExpressionTest
Running com.shapesecurity.shift.es2017.parser.expressions.NewExpressionTest
Tests run: 1, Failures: 0, Errors: 0, Skipped: 0, Time elapsed: 0.002 sec - in com.shapesecurity.shift.es2017.parser.expressions.NewExpressionTest
Running com.shapesecurity.shift.es2017.parser.expressions.UpdateExpressionTest
Tests run: 1, Failures: 0, Errors: 0, Skipped: 0, Time elapsed: 0.001 sec - in com.shapesecurity.shift.es2017.parser.expressions.UpdateExpressionTest
Running com.shapesecurity.shift.es2017.parser.expressions.ConditionalExpressionTest
Tests run: 1, Failures: 0, Errors: 0, Skipped: 0, Time elapsed: 0.001 sec - in com.shapesecurity.shift.es2017.parser.expressions.ConditionalExpressionTest
Running com.shapesecurity.shift.es2017.parser.expressions.CallExpressionTest
Tests run: 1, Failures: 0, Errors: 0, Skipped: 0, Time elapsed: 0.002 sec - in com.shapesecurity.shift.es2017.parser.expressions.CallExpressionTest
Running com.shapesecurity.shift.es2017.parser.expressions.NewTargetExpressionTest
Tests run: 1, Failures: 0, Errors: 0, Skipped: 0, Time elapsed: 0.002 sec - in com.shapesecurity.shift.es2017.parser.expressions.NewTargetExpressionTest
Running com.shapesecurity.shift.es2017.parser.expressions.AssignmentExpressionTest
Tests run: 1, Failures: 0, Errors: 0, Skipped: 0, Time elapsed: 0.005 sec - in com.shapesecurity.shift.es2017.parser.expressions.AssignmentExpressionTest
Running com.shapesecurity.shift.es2017.parser.expressions.ArrayExpressionTest
Tests run: 1, Failures: 0, Errors: 0, Skipped: 0, Time elapsed: 0.002 sec - in com.shapesecurity.shift.es2017.parser.expressions.ArrayExpressionTest
Running com.shapesecurity.shift.es2017.parser.expressions.GroupedExpressionTest
Tests run: 1, Failures: 0, Errors: 0, Skipped: 0, Time elapsed: 0.002 sec - in com.shapesecurity.shift.es2017.parser.expressions.GroupedExpressionTest
Running com.shapesecurity.shift.es2017.parser.expressions.TemplateExpressionTest
Tests run: 1, Failures: 0, Errors: 0, Skipped: 0, Time elapsed: 0.003 sec - in com.shapesecurity.shift.es2017.parser.expressions.TemplateExpressionTest
Running com.shapesecurity.shift.es2017.parser.EarlyErrorsTest
Tests run: 4, Failures: 0, Errors: 0, Skipped: 0, Time elapsed: 0.119 sec - in com.shapesecurity.shift.es2017.parser.EarlyErrorsTest
Running com.shapesecurity.shift.es2017.parser.modules.ImportTest
Tests run: 1, Failures: 0, Errors: 0, Skipped: 0, Time elapsed: 0.003 sec - in com.shapesecurity.shift.es2017.parser.modules.ImportTest
Running com.shapesecurity.shift.es2017.parser.modules.ExportTest
Tests run: 1, Failures: 0, Errors: 0, Skipped: 0, Time elapsed: 0.005 sec - in com.shapesecurity.shift.es2017.parser.modules.ExportTest
Running com.shapesecurity.shift.es2017.parser.API.ModuleTest
Tests run: 1, Failures: 0, Errors: 0, Skipped: 0, Time elapsed: 0.001 sec - in com.shapesecurity.shift.es2017.parser.API.ModuleTest
Running com.shapesecurity.shift.es2017.parser.API.ScriptTest
Tests run: 1, Failures: 0, Errors: 0, Skipped: 0, Time elapsed: 0 sec - in com.shapesecurity.shift.es2017.parser.API.ScriptTest
Running com.shapesecurity.shift.es2017.parser.API.APITest
Tests run: 3, Failures: 0, Errors: 0, Skipped: 0, Time elapsed: 0.003 sec - in com.shapesecurity.shift.es2017.parser.API.APITest
Running com.shapesecurity.shift.es2017.parser.FailuresTest
Tests run: 1, Failures: 0, Errors: 0, Skipped: 0, Time elapsed: 0.007 sec - in com.shapesecurity.shift.es2017.parser.FailuresTest
Running com.shapesecurity.shift.es2017.parser.declarations.ClassDeclarationTest
Tests run: 1, Failures: 0, Errors: 0, Skipped: 0, Time elapsed: 0 sec - in com.shapesecurity.shift.es2017.parser.declarations.ClassDeclarationTest
Running com.shapesecurity.shift.es2017.parser.declarations.LexicalDeclarationTest
Tests run: 1, Failures: 0, Errors: 0, Skipped: 0, Time elapsed: 0.006 sec - in com.shapesecurity.shift.es2017.parser.declarations.LexicalDeclarationTest
Running com.shapesecurity.shift.es2017.parser.declarations.GeneratorDeclarationTest
Tests run: 1, Failures: 0, Errors: 0, Skipped: 0, Time elapsed: 0.004 sec - in com.shapesecurity.shift.es2017.parser.declarations.GeneratorDeclarationTest
Running com.shapesecurity.shift.es2017.parser.declarations.FunctionDeclarationTest
Tests run: 1, Failures: 0, Errors: 0, Skipped: 0, Time elapsed: 0.003 sec - in com.shapesecurity.shift.es2017.parser.declarations.FunctionDeclarationTest
Running com.shapesecurity.shift.es2017.parser.DirectiveTest
Tests run: 1, Failures: 0, Errors: 0, Skipped: 0, Time elapsed: 0.002 sec - in com.shapesecurity.shift.es2017.parser.DirectiveTest
Running com.shapesecurity.shift.es2017.parser.ParserTest
Tests run: 1, Failures: 0, Errors: 0, Skipped: 0, Time elapsed: 0 sec - in com.shapesecurity.shift.es2017.parser.ParserTest
Running com.shapesecurity.shift.es2017.parser.destructuring.assignment.ArrayAssignmentTargetTest
Tests run: 1, Failures: 0, Errors: 0, Skipped: 0, Time elapsed: 0.004 sec - in com.shapesecurity.shift.es2017.parser.destructuring.assignment.ArrayAssignmentTargetTest
Running com.shapesecurity.shift.es2017.parser.destructuring.assignment.ObjectAssignmentTargetTest
Tests run: 1, Failures: 0, Errors: 0, Skipped: 0, Time elapsed: 0.006 sec - in com.shapesecurity.shift.es2017.parser.destructuring.assignment.ObjectAssignmentTargetTest
Running com.shapesecurity.shift.es2017.parser.destructuring.binding_pattern.ArrayBindingTest
Tests run: 1, Failures: 0, Errors: 0, Skipped: 0, Time elapsed: 0.001 sec - in com.shapesecurity.shift.es2017.parser.destructuring.binding_pattern.ArrayBindingTest
Running com.shapesecurity.shift.es2017.parser.destructuring.binding_pattern.BindingIdentifierTest
Tests run: 1, Failures: 0, Errors: 0, Skipped: 0, Time elapsed: 0.001 sec - in com.shapesecurity.shift.es2017.parser.destructuring.binding_pattern.BindingIdentifierTest
Running com.shapesecurity.shift.es2017.parser.destructuring.binding_pattern.ObjectBindingTest
Tests run: 1, Failures: 0, Errors: 0, Skipped: 0, Time elapsed: 0.003 sec - in com.shapesecurity.shift.es2017.parser.destructuring.binding_pattern.ObjectBindingTest
Running com.shapesecurity.shift.es2017.parser.statements.DoWhileStatementTest
Tests run: 1, Failures: 0, Errors: 0, Skipped: 0, Time elapsed: 0 sec - in com.shapesecurity.shift.es2017.parser.statements.DoWhileStatementTest
Running com.shapesecurity.shift.es2017.parser.statements.SwitchStatementWithDefaultTest
Tests run: 1, Failures: 0, Errors: 0, Skipped: 0, Time elapsed: 0.001 sec - in com.shapesecurity.shift.es2017.parser.statements.SwitchStatementWithDefaultTest
Running com.shapesecurity.shift.es2017.parser.statements.EmptyStatementTest
Tests run: 1, Failures: 0, Errors: 0, Skipped: 0, Time elapsed: 0 sec - in com.shapesecurity.shift.es2017.parser.statements.EmptyStatementTest
Running com.shapesecurity.shift.es2017.parser.statements.ExpressionStatementTest
Tests run: 1, Failures: 0, Errors: 0, Skipped: 0, Time elapsed: 0 sec - in com.shapesecurity.shift.es2017.parser.statements.ExpressionStatementTest
Running com.shapesecurity.shift.es2017.parser.statements.BreakStatementTest
Tests run: 1, Failures: 0, Errors: 0, Skipped: 0, Time elapsed: 0.001 sec - in com.shapesecurity.shift.es2017.parser.statements.BreakStatementTest
Running com.shapesecurity.shift.es2017.parser.statements.ForOfStatementTest
Tests run: 1, Failures: 0, Errors: 0, Skipped: 0, Time elapsed: 0.001 sec - in com.shapesecurity.shift.es2017.parser.statements.ForOfStatementTest
Running com.shapesecurity.shift.es2017.parser.statements.SwitchStatementTest
Tests run: 1, Failures: 0, Errors: 0, Skipped: 0, Time elapsed: 0.001 sec - in com.shapesecurity.shift.es2017.parser.statements.SwitchStatementTest
Running com.shapesecurity.shift.es2017.parser.statements.ForInStatementTest
Tests run: 1, Failures: 0, Errors: 0, Skipped: 0, Time elapsed: 0.002 sec - in com.shapesecurity.shift.es2017.parser.statements.ForInStatementTest
Running com.shapesecurity.shift.es2017.parser.statements.ReturnStatementTest
Tests run: 1, Failures: 0, Errors: 0, Skipped: 0, Time elapsed: 0.001 sec - in com.shapesecurity.shift.es2017.parser.statements.ReturnStatementTest
Running com.shapesecurity.shift.es2017.parser.statements.ForStatementTest
Tests run: 1, Failures: 0, Errors: 0, Skipped: 0, Time elapsed: 0.002 sec - in com.shapesecurity.shift.es2017.parser.statements.ForStatementTest
Running com.shapesecurity.shift.es2017.parser.statements.ThrowStatementTest
Tests run: 1, Failures: 0, Errors: 0, Skipped: 0, Time elapsed: 0.001 sec - in com.shapesecurity.shift.es2017.parser.statements.ThrowStatementTest
Running com.shapesecurity.shift.es2017.parser.statements.DebuggerStatementTest
Tests run: 1, Failures: 0, Errors: 0, Skipped: 0, Time elapsed: 0 sec - in com.shapesecurity.shift.es2017.parser.statements.DebuggerStatementTest
Running com.shapesecurity.shift.es2017.parser.statements.ContinueStatementTest
Tests run: 1, Failures: 0, Errors: 0, Skipped: 0, Time elapsed: 0.002 sec - in com.shapesecurity.shift.es2017.parser.statements.ContinueStatementTest
Running com.shapesecurity.shift.es2017.parser.statements.TryCatchStatementTest
Tests run: 1, Failures: 0, Errors: 0, Skipped: 0, Time elapsed: 0.001 sec - in com.shapesecurity.shift.es2017.parser.statements.TryCatchStatementTest
Running com.shapesecurity.shift.es2017.parser.statements.WhileStatementTest
Tests run: 1, Failures: 0, Errors: 0, Skipped: 0, Time elapsed: 0.001 sec - in com.shapesecurity.shift.es2017.parser.statements.WhileStatementTest
Running com.shapesecurity.shift.es2017.parser.statements.VariableDeclarationStatementTest
Tests run: 1, Failures: 0, Errors: 0, Skipped: 0, Time elapsed: 0.004 sec - in com.shapesecurity.shift.es2017.parser.statements.VariableDeclarationStatementTest
Running com.shapesecurity.shift.es2017.parser.statements.IfStatementTest
Tests run: 1, Failures: 0, Errors: 0, Skipped: 0, Time elapsed: 0.001 sec - in com.shapesecurity.shift.es2017.parser.statements.IfStatementTest
Running com.shapesecurity.shift.es2017.parser.statements.WithStatementTest
Tests run: 1, Failures: 0, Errors: 0, Skipped: 0, Time elapsed: 0.001 sec - in com.shapesecurity.shift.es2017.parser.statements.WithStatementTest
Running com.shapesecurity.shift.es2017.parser.statements.BlockStatementTest
Tests run: 1, Failures: 0, Errors: 0, Skipped: 0, Time elapsed: 0 sec - in com.shapesecurity.shift.es2017.parser.statements.BlockStatementTest
Running com.shapesecurity.shift.es2017.parser.statements.TryFinallyStatementTest
Tests run: 1, Failures: 0, Errors: 0, Skipped: 0, Time elapsed: 0.001 sec - in com.shapesecurity.shift.es2017.parser.statements.TryFinallyStatementTest
Running com.shapesecurity.shift.es2017.parser.statements.LabeledStatementTest
Tests run: 1, Failures: 0, Errors: 0, Skipped: 0, Time elapsed: 0.001 sec - in com.shapesecurity.shift.es2017.parser.statements.LabeledStatementTest
Running com.shapesecurity.shift.es2017.parser.property_definitions.GeneratorMethodTest
Tests run: 1, Failures: 0, Errors: 0, Skipped: 0, Time elapsed: 0.001 sec - in com.shapesecurity.shift.es2017.parser.property_definitions.GeneratorMethodTest
Running com.shapesecurity.shift.es2017.parser.property_definitions.PropertyNameTest
Tests run: 1, Failures: 0, Errors: 0, Skipped: 0, Time elapsed: 0.003 sec - in com.shapesecurity.shift.es2017.parser.property_definitions.PropertyNameTest
Running com.shapesecurity.shift.es2017.fuzzer.FuzzerTest
[  8.1%] Average speed 88.542 tests per milli-second. 5312500 tests per min.[  8.4%] Average speed 60.631 tests per milli-second. 3637875 tests per min.[  8.7%] Average speed 44.815 tests per milli-second. 2688915 tests per min.[  9.0%] Average speed 38.269 tests per milli-second. 2296138 tests per min.[  9.3%] Average speed 33.307 tests per milli-second. 1998416 tests per min.[  9.6%] Average speed 29.907 tests per milli-second. 1794392 tests per min.[  9.9%] Average speed 28.024 tests per milli-second. 1681415 tests per min.[ 10.2%] Average speed 26.328 tests per milli-second. 1579664 tests per min.[ 10.5%] Average speed 24.801 tests per milli-second. 1488055 tests per min.[ 10.8%] Average speed 23.743 tests per milli-second. 1424562 tests per min.[ 11.1%] Average speed 22.476 tests per milli-second. 1348581 tests per min.[ 11.4%] Average speed 21.500 tests per milli-second. 1289986 tests per min.[ 11.7%] Average speed 20.771 tests per milli-second. 1246269 tests per min.[ 12.0%] Average speed 20.183 tests per milli-second. 1210988 tests per min.[ 12.3%] Average speed 19.710 tests per milli-second. 1182627 tests per min.[ 12.6%] Average speed 19.077 tests per milli-second. 1144605 tests per min.[ 12.9%] Average speed 18.920 tests per milli-second. 1135203 tests per min.[ 13.2%] Average speed 18.582 tests per milli-second. 1114894 tests per min.[ 13.5%] Average speed 18.325 tests per milli-second. 1099507 tests per min.[ 13.8%] Average speed 18.110 tests per milli-second. 1086630 tests per min.[ 14.1%] Average speed 18.116 tests per milli-second. 1086943 tests per min.[ 14.4%] Average speed 18.168 tests per milli-second. 1090068 tests per min.[ 14.7%] Average speed 18.085 tests per milli-second. 1085094 tests per min.[ 15.0%] Average speed 18.050 tests per milli-second. 1082970 tests per min.[ 15.3%] Average speed 18.058 tests per milli-second. 1083488 tests per min.[ 15.6%] Average speed 18.032 tests per milli-second. 1081927 tests per min.[ 15.9%] Average speed 17.900 tests per milli-second. 1074009 tests per min.[ 16.2%] Average speed 17.792 tests per milli-second. 1067542 tests per min.[ 16.5%] Average speed 17.746 tests per milli-second. 1064753 tests per min.[ 16.8%] Average speed 17.745 tests per milli-second. 1064727 tests per min.[ 17.1%] Average speed 17.786 tests per milli-second. 1067131 tests per min.[ 17.4%] Average speed 17.825 tests per milli-second. 1069497 tests per min.[ 17.7%] Average speed 17.489 tests per milli-second. 1049367 tests per min.[ 18.0%] Average speed 17.166 tests per milli-second. 1029973 tests per min.[ 18.3%] Average speed 17.047 tests per milli-second. 1022822 tests per min.[ 18.6%] Average speed 16.985 tests per milli-second. 1019085 tests per min.[ 18.9%] Average speed 17.049 tests per milli-second. 1022933 tests per min.[ 19.2%] Average speed 17.143 tests per milli-second. 1028568 tests per min.[ 19.5%] Average speed 17.220 tests per milli-second. 1033223 tests per min.[ 19.8%] Average speed 17.234 tests per milli-second. 1034032 tests per min.[ 20.1%] Average speed 17.281 tests per milli-second. 1036867 tests per min.[ 20.4%] Average speed 17.340 tests per milli-second. 1040426 tests per min.[ 20.7%] Average speed 17.372 tests per milli-second. 1042296 tests per min.[ 21.0%] Average speed 17.421 tests per milli-second. 1045261 tests per min.[ 21.3%] Average speed 17.415 tests per milli-second. 1044887 tests per min.[ 21.6%] Average speed 17.461 tests per milli-second. 1047685 tests per min.[ 21.9%] Average speed 17.460 tests per milli-second. 1047623 tests per min.[ 22.2%] Average speed 17.545 tests per milli-second. 1052696 tests per min.[ 22.5%] Average speed 17.524 tests per milli-second. 1051470 tests per min.[ 22.8%] Average speed 17.559 tests per milli-second. 1053544 tests per min.[ 23.1%] Average speed 17.585 tests per milli-second. 1055094 tests per min.[ 23.4%] Average speed 17.620 tests per milli-second. 1057200 tests per min.[ 23.7%] Average speed 17.644 tests per milli-second. 1058639 tests per min.[ 24.0%] Average speed 17.642 tests per milli-second. 1058508 tests per min.[ 24.3%] Average speed 17.686 tests per milli-second. 1061149 tests per min.[ 24.6%] Average speed 17.723 tests per milli-second. 1063380 tests per min.[ 24.9%] Average speed 17.734 tests per milli-second. 1064041 tests per min.[ 25.2%] Average speed 17.712 tests per milli-second. 1062722 tests per min.[ 25.5%] Average speed 17.730 tests per milli-second. 1063793 tests per min.[ 25.8%] Average speed 17.762 tests per milli-second. 1065699 tests per min.[ 26.1%] Average speed 17.802 tests per milli-second. 1068106 tests per min.[ 26.4%] Average speed 17.842 tests per milli-second. 1070532 tests per min.[ 26.7%] Average speed 17.869 tests per milli-second. 1072120 tests per min.[ 27.0%] Average speed 17.878 tests per milli-second. 1072663 tests per min.[ 27.3%] Average speed 17.786 tests per milli-second. 1067167 tests per min.[ 27.6%] Average speed 17.800 tests per milli-second. 1067984 tests per min.[ 27.9%] Average speed 17.792 tests per milli-second. 1067538 tests per min.[ 28.2%] Average speed 17.860 tests per milli-second. 1071571 tests per min.[ 28.5%] Average speed 17.892 tests per milli-second. 1073550 tests per min.[ 28.8%] Average speed 17.901 tests per milli-second. 1074084 tests per min.[ 29.1%] Average speed 17.919 tests per milli-second. 1075158 tests per min.[ 29.4%] Average speed 17.941 tests per milli-second. 1076464 tests per min.[ 29.7%] Average speed 17.953 tests per milli-second. 1077152 tests per min.[ 30.0%] Average speed 17.956 tests per milli-second. 1077369 tests per min.[ 30.3%] Average speed 17.947 tests per milli-second. 1076823 tests per min.[ 30.6%] Average speed 18.009 tests per milli-second. 1080522 tests per min.[ 30.9%] Average speed 18.023 tests per milli-second. 1081405 tests per min.[ 31.2%] Average speed 18.047 tests per milli-second. 1082847 tests per min.[ 31.5%] Average speed 18.039 tests per milli-second. 1082360 tests per min.[ 31.8%] Average speed 18.105 tests per milli-second. 1086312 tests per min.[ 32.1%] Average speed 18.170 tests per milli-second. 1090214 tests per min.[ 32.4%] Average speed 18.195 tests per milli-second. 1091710 tests per min.[ 32.7%] Average speed 18.210 tests per milli-second. 1092602 tests per min.[ 33.0%] Average speed 18.196 tests per milli-second. 1091749 tests per min.[ 33.3%] Average speed 18.241 tests per milli-second. 1094469 tests per min.[ 33.6%] Average speed 18.245 tests per milli-second. 1094711 tests per min.[ 33.9%] Average speed 18.248 tests per milli-second. 1094874 tests per min.[ 34.2%] Average speed 18.247 tests per milli-second. 1094807 tests per min.[ 34.5%] Average speed 18.277 tests per milli-second. 1096624 tests per min.[ 34.8%] Average speed 18.309 tests per milli-second. 1098539 tests per min.[ 35.1%] Average speed 18.313 tests per milli-second. 1098787 tests per min.[ 35.4%] Average speed 18.342 tests per milli-second. 1100535 tests per min.[ 35.7%] Average speed 18.379 tests per milli-second. 1102733 tests per min.[ 36.0%] Average speed 18.395 tests per milli-second. 1103729 tests per min.[ 36.3%] Average speed 18.431 tests per milli-second. 1105854 tests per min.[ 36.6%] Average speed 18.482 tests per milli-second. 1108904 tests per min.[ 36.9%] Average speed 18.513 tests per milli-second. 1110785 tests per min.[ 37.2%] Average speed 18.536 tests per milli-second. 1112160 tests per min.[ 37.5%] Average speed 18.540 tests per milli-second. 1112381 tests per min.[ 37.8%] Average speed 18.573 tests per milli-second. 1114370 tests per min.[ 38.1%] Average speed 18.602 tests per milli-second. 1116117 tests per min.[ 38.4%] Average speed 18.622 tests per milli-second. 1117350 tests per min.[ 38.7%] Average speed 18.644 tests per milli-second. 1118613 tests per min.[ 39.0%] Average speed 18.644 tests per milli-second. 1118667 tests per min.[ 39.3%] Average speed 18.690 tests per milli-second. 1121392 tests per min.[ 39.6%] Average speed 18.723 tests per milli-second. 1123356 tests per min.[ 39.9%] Average speed 18.740 tests per milli-second. 1124405 tests per min.[ 40.2%] Average speed 18.788 tests per milli-second. 1127282 tests per min.[ 40.5%] Average speed 18.817 tests per milli-second. 1129019 tests per min.[ 40.8%] Average speed 18.870 tests per milli-second. 1132198 tests per min.[ 41.1%] Average speed 18.540 tests per milli-second. 1112391 tests per min.[ 41.4%] Average speed 18.562 tests per milli-second. 1113707 tests per min.[ 41.7%] Average speed 18.536 tests per milli-second. 1112189 tests per min.[ 42.0%] Average speed 18.534 tests per milli-second. 1112047 tests per min.[ 42.3%] Average speed 18.532 tests per milli-second. 1111921 tests per min.[ 42.6%] Average speed 18.545 tests per milli-second. 1112707 tests per min.[ 42.9%] Average speed 18.565 tests per milli-second. 1113881 tests per min.[ 43.2%] Average speed 18.607 tests per milli-second. 1116424 tests per min.[ 43.5%] Average speed 18.651 tests per milli-second. 1119056 tests per min.[ 43.8%] Average speed 18.689 tests per milli-second. 1121364 tests per min.[ 44.1%] Average speed 18.725 tests per milli-second. 1123507 tests per min.[ 44.4%] Average speed 18.757 tests per milli-second. 1125438 tests per min.[ 44.7%] Average speed 18.791 tests per milli-second. 1127470 tests per min.[ 45.0%] Average speed 18.837 tests per milli-second. 1130231 tests per min.[ 45.3%] Average speed 18.869 tests per milli-second. 1132127 tests per min.[ 45.6%] Average speed 18.930 tests per milli-second. 1135785 tests per min.[ 45.9%] Average speed 18.978 tests per milli-second. 1138671 tests per min.[ 46.2%] Average speed 19.025 tests per milli-second. 1141482 tests per min.[ 46.5%] Average speed 19.040 tests per milli-second. 1142372 tests per min.[ 46.8%] Average speed 19.072 tests per milli-second. 1144325 tests per min.[ 47.1%] Average speed 19.115 tests per milli-second. 1146918 tests per min.[ 47.4%] Average speed 19.144 tests per milli-second. 1148644 tests per min.[ 47.7%] Average speed 19.158 tests per milli-second. 1149509 tests per min.[ 48.0%] Average speed 19.177 tests per milli-second. 1150603 tests per min.[ 48.3%] Average speed 19.179 tests per milli-second. 1150725 tests per min.[ 48.6%] Average speed 19.225 tests per milli-second. 1153529 tests per min.[ 48.9%] Average speed 19.248 tests per milli-second. 1154873 tests per min.[ 49.2%] Average speed 19.280 tests per milli-second. 1156788 tests per min.[ 49.5%] Average speed 19.321 tests per milli-second. 1159260 tests per min.[ 49.8%] Average speed 19.367 tests per milli-second. 1162002 tests per min.[ 50.1%] Average speed 19.420 tests per milli-second. 1165214 tests per min.[ 50.4%] Average speed 19.458 tests per milli-second. 1167477 tests per min.[ 50.7%] Average speed 19.486 tests per milli-second. 1169132 tests per min.[ 51.0%] Average speed 19.506 tests per milli-second. 1170374 tests per min.[ 51.3%] Average speed 19.556 tests per milli-second. 1173340 tests per min.[ 51.6%] Average speed 19.583 tests per milli-second. 1174981 tests per min.[ 51.9%] Average speed 19.639 tests per milli-second. 1178359 tests per min.[ 52.2%] Average speed 19.681 tests per milli-second. 1180885 tests per min.[ 52.5%] Average speed 19.712 tests per milli-second. 1182703 tests per min.[ 52.8%] Average speed 19.763 tests per milli-second. 1185793 tests per min.[ 53.1%] Average speed 19.754 tests per milli-second. 1185262 tests per min.[ 53.4%] Average speed 19.794 tests per milli-second. 1187637 tests per min.[ 53.7%] Average speed 19.849 tests per milli-second. 1190968 tests per min.[ 54.0%] Average speed 19.872 tests per milli-second. 1192322 tests per min.[ 54.3%] Average speed 19.912 tests per milli-second. 1194722 tests per min.[ 54.6%] Average speed 19.936 tests per milli-second. 1196142 tests per min.[ 54.9%] Average speed 19.968 tests per milli-second. 1198093 tests per min.[ 55.2%] Average speed 20.001 tests per milli-second. 1200033 tests per min.[ 55.5%] Average speed 20.036 tests per milli-second. 1202167 tests per min.[ 55.8%] Average speed 20.082 tests per milli-second. 1204946 tests per min.[ 56.1%] Average speed 20.142 tests per milli-second. 1208544 tests per min.[ 56.4%] Average speed 20.159 tests per milli-second. 1209521 tests per min.[ 56.7%] Average speed 20.164 tests per milli-second. 1209851 tests per min.[ 57.0%] Average speed 20.170 tests per milli-second. 1210199 tests per min.[ 57.3%] Average speed 20.191 tests per milli-second. 1211463 tests per min.[ 57.6%] Average speed 20.193 tests per milli-second. 1211582 tests per min.[ 57.9%] Average speed 20.231 tests per milli-second. 1213844 tests per min.[ 58.2%] Average speed 20.254 tests per milli-second. 1215233 tests per min.[ 58.5%] Average speed 20.270 tests per milli-second. 1216227 tests per min.[ 58.8%] Average speed 20.277 tests per milli-second. 1216603 tests per min.[ 59.1%] Average speed 20.290 tests per milli-second. 1217405 tests per min.[ 59.4%] Average speed 20.311 tests per milli-second. 1218646 tests per min.[ 59.7%] Average speed 20.340 tests per milli-second. 1220375 tests per min.[ 60.0%] Average speed 20.352 tests per milli-second. 1221118 tests per min.[ 60.3%] Average speed 20.388 tests per milli-second. 1223261 tests per min.[ 60.6%] Average speed 20.399 tests per milli-second. 1223917 tests per min.[ 60.9%] Average speed 20.434 tests per milli-second. 1226017 tests per min.[ 61.2%] Average speed 20.478 tests per milli-second. 1228669 tests per min.[ 61.5%] Average speed 20.500 tests per milli-second. 1229999 tests per min.[ 61.8%] Average speed 20.543 tests per milli-second. 1232556 tests per min.[ 62.1%] Average speed 20.553 tests per milli-second. 1233155 tests per min.[ 62.4%] Average speed 20.573 tests per milli-second. 1234402 tests per min.[ 62.7%] Average speed 20.588 tests per milli-second. 1235294 tests per min.[ 63.0%] Average speed 20.596 tests per milli-second. 1235758 tests per min.[ 63.3%] Average speed 20.618 tests per milli-second. 1237092 tests per min.[ 63.6%] Average speed 20.656 tests per milli-second. 1239385 tests per min.[ 63.9%] Average speed 20.662 tests per milli-second. 1239750 tests per min.[ 64.2%] Average speed 20.701 tests per milli-second. 1242074 tests per min.[ 64.5%] Average speed 20.723 tests per milli-second. 1243369 tests per min.[ 64.8%] Average speed 20.738 tests per milli-second. 1244291 tests per min.[ 65.1%] Average speed 20.766 tests per milli-second. 1245936 tests per min.[ 65.4%] Average speed 20.801 tests per milli-second. 1248076 tests per min.[ 65.7%] Average speed 20.842 tests per milli-second. 1250519 tests per min.[ 66.0%] Average speed 20.888 tests per milli-second. 1253274 tests per min.[ 66.3%] Average speed 20.905 tests per milli-second. 1254309 tests per min.[ 66.6%] Average speed 20.922 tests per milli-second. 1255334 tests per min.[ 66.9%] Average speed 20.938 tests per milli-second. 1256284 tests per min.[ 67.2%] Average speed 20.959 tests per milli-second. 1257556 tests per min.[ 67.5%] Average speed 20.975 tests per milli-second. 1258477 tests per min.[ 67.8%] Average speed 20.998 tests per milli-second. 1259899 tests per min.[ 68.1%] Average speed 21.034 tests per milli-second. 1262021 tests per min.[ 68.4%] Average speed 21.070 tests per milli-second. 1264221 tests per min.[ 68.7%] Average speed 21.099 tests per milli-second. 1265943 tests per min.[ 69.0%] Average speed 21.132 tests per milli-second. 1267901 tests per min.[ 69.3%] Average speed 21.178 tests per milli-second. 1270701 tests per min.[ 69.6%] Average speed 21.200 tests per milli-second. 1271985 tests per min.[ 69.9%] Average speed 21.224 tests per milli-second. 1273436 tests per min.[ 70.2%] Average speed 21.272 tests per milli-second. 1276344 tests per min.[ 70.5%] Average speed 21.306 tests per milli-second. 1278376 tests per min.[ 70.8%] Average speed 21.321 tests per milli-second. 1279265 tests per min.[ 71.1%] Average speed 21.353 tests per milli-second. 1281194 tests per min.[ 71.4%] Average speed 21.373 tests per milli-second. 1282358 tests per min.[ 71.7%] Average speed 21.385 tests per milli-second. 1283119 tests per min.[ 72.0%] Average speed 21.392 tests per milli-second. 1283526 tests per min.[ 72.3%] Average speed 21.406 tests per milli-second. 1284330 tests per min.[ 72.6%] Average speed 21.445 tests per milli-second. 1286679 tests per min.[ 72.9%] Average speed 21.471 tests per milli-second. 1288251 tests per min.[ 73.2%] Average speed 21.501 tests per milli-second. 1290054 tests per min.[ 73.5%] Average speed 21.526 tests per milli-second. 1291569 tests per min.[ 73.8%] Average speed 21.547 tests per milli-second. 1292820 tests per min.[ 74.1%] Average speed 21.567 tests per milli-second. 1294037 tests per min.[ 74.4%] Average speed 21.610 tests per milli-second. 1296581 tests per min.[ 74.7%] Average speed 21.635 tests per milli-second. 1298112 tests per min.[ 75.0%] Average speed 21.670 tests per milli-second. 1300224 tests per min.[ 75.3%] Average speed 21.711 tests per milli-second. 1302646 tests per min.[ 75.6%] Average speed 21.751 tests per milli-second. 1305074 tests per min.[ 75.9%] Average speed 21.785 tests per milli-second. 1307106 tests per min.[ 76.2%] Average speed 21.815 tests per milli-second. 1308873 tests per min.[ 76.5%] Average speed 21.840 tests per milli-second. 1310419 tests per min.[ 76.8%] Average speed 21.859 tests per milli-second. 1311562 tests per min.[ 77.1%] Average speed 21.891 tests per milli-second. 1313470 tests per min.[ 77.4%] Average speed 21.922 tests per milli-second. 1315347 tests per min.[ 77.7%] Average speed 21.936 tests per milli-second. 1316170 tests per min.[ 78.0%] Average speed 21.980 tests per milli-second. 1318798 tests per min.[ 78.3%] Average speed 22.001 tests per milli-second. 1320061 tests per min.[ 78.6%] Average speed 22.043 tests per milli-second. 1322576 tests per min.[ 78.9%] Average speed 22.074 tests per milli-second. 1324413 tests per min.[ 79.2%] Average speed 22.110 tests per milli-second. 1326608 tests per min.[ 79.5%] Average speed 22.143 tests per milli-second. 1328559 tests per min.[ 79.8%] Average speed 22.174 tests per milli-second. 1330470 tests per min.[ 80.1%] Average speed 22.207 tests per milli-second. 1332448 tests per min.[ 80.4%] Average speed 22.219 tests per milli-second. 1333153 tests per min.[ 80.7%] Average speed 22.225 tests per milli-second. 1333494 tests per min.[ 81.0%] Average speed 22.253 tests per milli-second. 1335154 tests per min.[ 81.3%] Average speed 22.295 tests per milli-second. 1337689 tests per min.[ 81.6%] Average speed 22.339 tests per milli-second. 1340317 tests per min.[ 81.9%] Average speed 22.351 tests per milli-second. 1341067 tests per min.[ 82.2%] Average speed 22.377 tests per milli-second. 1342609 tests per min.[ 82.5%] Average speed 22.372 tests per milli-second. 1342305 tests per min.[ 82.8%] Average speed 22.378 tests per milli-second. 1342651 tests per min.[ 83.1%] Average speed 22.397 tests per milli-second. 1343838 tests per min.[ 83.4%] Average speed 22.421 tests per milli-second. 1345283 tests per min.[ 83.7%] Average speed 22.453 tests per milli-second. 1347157 tests per min.[ 84.0%] Average speed 22.475 tests per milli-second. 1348525 tests per min.[ 84.3%] Average speed 22.488 tests per milli-second. 1349288 tests per min.[ 84.6%] Average speed 22.499 tests per milli-second. 1349939 tests per min.[ 84.9%] Average speed 22.534 tests per milli-second. 1352030 tests per min.[ 85.2%] Average speed 22.556 tests per milli-second. 1353365 tests per min.[ 85.5%] Average speed 22.567 tests per milli-second. 1354013 tests per min.[ 85.8%] Average speed 22.603 tests per milli-second. 1356179 tests per min.[ 86.1%] Average speed 22.628 tests per milli-second. 1357685 tests per min.[ 86.4%] Average speed 22.659 tests per milli-second. 1359551 tests per min.[ 86.7%] Average speed 22.696 tests per milli-second. 1361766 tests per min.[ 87.0%] Average speed 22.726 tests per milli-second. 1363532 tests per min.[ 87.3%] Average speed 22.742 tests per milli-second. 1364506 tests per min.[ 87.6%] Average speed 22.763 tests per milli-second. 1365808 tests per min.[ 87.9%] Average speed 22.774 tests per milli-second. 1366441 tests per min.[ 88.2%] Average speed 22.737 tests per milli-second. 1364250 tests per min.[ 88.5%] Average speed 22.756 tests per milli-second. 1365388 tests per min.[ 88.8%] Average speed 22.772 tests per milli-second. 1366333 tests per min.[ 89.1%] Average speed 22.791 tests per milli-second. 1367467 tests per min.[ 89.4%] Average speed 22.802 tests per milli-second. 1368105 tests per min.[ 89.7%] Average speed 22.808 tests per milli-second. 1368484 tests per min.[ 90.0%] Average speed 22.810 tests per milli-second. 1368580 tests per min.[ 90.3%] Average speed 22.805 tests per milli-second. 1368306 tests per min.[ 90.6%] Average speed 22.830 tests per milli-second. 1369827 tests per min.[ 90.9%] Average speed 22.847 tests per milli-second. 1370841 tests per min.[ 91.2%] Average speed 22.871 tests per milli-second. 1372267 tests per min.[ 91.5%] Average speed 22.893 tests per milli-second. 1373602 tests per min.[ 91.8%] Average speed 22.911 tests per milli-second. 1374641 tests per min.[ 92.1%] Average speed 22.928 tests per milli-second. 1375652 tests per min.[ 92.4%] Average speed 22.958 tests per milli-second. 1377465 tests per min.[ 92.7%] Average speed 22.959 tests per milli-second. 1377511 tests per min.[ 93.0%] Average speed 22.968 tests per milli-second. 1378084 tests per min.[ 93.3%] Average speed 22.987 tests per milli-second. 1379228 tests per min.[ 93.6%] Average speed 23.008 tests per milli-second. 1380451 tests per min.[ 93.9%] Average speed 23.023 tests per milli-second. 1381374 tests per min.[ 94.2%] Average speed 23.040 tests per milli-second. 1382374 tests per min.[ 94.5%] Average speed 23.053 tests per milli-second. 1383160 tests per min.[ 94.8%] Average speed 23.064 tests per milli-second. 1383849 tests per min.[ 95.1%] Average speed 23.091 tests per milli-second. 1385469 tests per min.[ 95.4%] Average speed 23.094 tests per milli-second. 1385641 tests per min.[ 95.7%] Average speed 23.104 tests per milli-second. 1386252 tests per min.[ 96.0%] Average speed 23.124 tests per milli-second. 1387440 tests per min.[ 96.3%] Average speed 23.143 tests per milli-second. 1388589 tests per min.[ 96.6%] Average speed 23.157 tests per milli-second. 1389424 tests per min.[ 96.9%] Average speed 23.154 tests per milli-second. 1389266 tests per min.[ 97.2%] Average speed 23.190 tests per milli-second. 1391370 tests per min.[ 97.5%] Average speed 23.207 tests per milli-second. 1392420 tests per min.[ 97.8%] Average speed 23.236 tests per milli-second. 1394163 tests per min.[ 98.1%] Average speed 23.253 tests per milli-second. 1395151 tests per min.[ 98.4%] Average speed 23.262 tests per milli-second. 1395745 tests per min.[ 98.7%] Average speed 23.286 tests per milli-second. 1397157 tests per min.[ 99.0%] Average speed 23.291 tests per milli-second. 1397485 tests per min.[ 99.3%] Average speed 23.306 tests per milli-second. 1398381 tests per min.[ 99.6%] Average speed 23.326 tests per milli-second. 1399576 tests per min.[ 99.9%] Average speed 23.349 tests per milli-second. 1400921 tests per min.[100.0%] Average speed 23.344 tests per milli-second. 1400641 tests per min.

Tests run: 1, Failures: 0, Errors: 0, Skipped: 0, Time elapsed: 0.469 sec - in com.shapesecurity.shift.es2017.fuzzer.FuzzerTest
Running com.shapesecurity.shift.es2017.codegen.CodeGenTest
Tests run: 73, Failures: 0, Errors: 0, Skipped: 0, Time elapsed: 0.152 sec - in com.shapesecurity.shift.es2017.codegen.CodeGenTest
Running com.shapesecurity.shift.es2017.codegen.WebSafeCodeGenTest
Tests run: 4, Failures: 0, Errors: 0, Skipped: 0, Time elapsed: 0.012 sec - in com.shapesecurity.shift.es2017.codegen.WebSafeCodeGenTest
Running com.shapesecurity.shift.es2017.Serialization.DeserializerTest
Tests run: 52, Failures: 0, Errors: 0, Skipped: 0, Time elapsed: 0.122 sec - in com.shapesecurity.shift.es2017.Serialization.DeserializerTest
Running com.shapesecurity.shift.es2017.scope.ScopeLookupTest
Tests run: 4, Failures: 0, Errors: 0, Skipped: 0, Time elapsed: 0.041 sec - in com.shapesecurity.shift.es2017.scope.ScopeLookupTest
Running com.shapesecurity.shift.es2017.scope.ScopeTest
Tests run: 39, Failures: 0, Errors: 0, Skipped: 0, Time elapsed: 0.059 sec - in com.shapesecurity.shift.es2017.scope.ScopeTest
Running com.shapesecurity.shift.es2017.scope.ScopeSerializerTest
Tests run: 7, Failures: 0, Errors: 0, Skipped: 0, Time elapsed: 0.005 sec - in com.shapesecurity.shift.es2017.scope.ScopeSerializerTest
Running com.shapesecurity.shift.es2017.integration.IntegrationTest
Fuzzer ran for 5 seconds and generated all valid ASTs.
Tests run: 4, Failures: 0, Errors: 0, Skipped: 0, Time elapsed: 5.023 sec - in com.shapesecurity.shift.es2017.integration.IntegrationTest
Running com.shapesecurity.shift.es2017.path.ToStringTest
Tests run: 1, Failures: 0, Errors: 0, Skipped: 0, Time elapsed: 0 sec - in com.shapesecurity.shift.es2017.path.ToStringTest
Running com.shapesecurity.shift.es2017.path.BranchIteratorTest
Tests run: 1, Failures: 0, Errors: 0, Skipped: 0, Time elapsed: 0.484 sec - in com.shapesecurity.shift.es2017.path.BranchIteratorTest
Running com.shapesecurity.shift.es2017.path.BranchGetterTest
Tests run: 1, Failures: 0, Errors: 0, Skipped: 0, Time elapsed: 0 sec - in com.shapesecurity.shift.es2017.path.BranchGetterTest
Running com.shapesecurity.shift.es2017.path.EqualityTest
Tests run: 2, Failures: 0, Errors: 0, Skipped: 0, Time elapsed: 0 sec - in com.shapesecurity.shift.es2017.path.EqualityTest
Running com.shapesecurity.shift.es2017.validator.ValidatorTest
Tests run: 23, Failures: 0, Errors: 0, Skipped: 0, Time elapsed: 0.009 sec - in com.shapesecurity.shift.es2017.validator.ValidatorTest
Running com.shapesecurity.shift.es2017.template.ApplyStructuredTemplateTest
Tests run: 1, Failures: 0, Errors: 0, Skipped: 0, Time elapsed: 0.054 sec - in com.shapesecurity.shift.es2017.template.ApplyStructuredTemplateTest
Running com.shapesecurity.shift.es2017.template.FindNodesTest
Tests run: 15, Failures: 0, Errors: 0, Skipped: 0, Time elapsed: 0.007 sec - in com.shapesecurity.shift.es2017.template.FindNodesTest
Running com.shapesecurity.shift.es2017.template.ApplyTemplateTest
Tests run: 8, Failures: 0, Errors: 0, Skipped: 0, Time elapsed: 0.007 sec - in com.shapesecurity.shift.es2017.template.ApplyTemplateTest

Results :

Tests in error: 
  PassTest.data:178  NullPointer
  FailTest.data:46  NullPointer
  EarlyTest.data:117  NullPointer
  Test262.testTest262:187  NoSuchFile src/test/resources/test262/test

Tests run: 407, Failures: 0, Errors: 4, Skipped: 0

[INFO] ------------------------------------------------------------------------
[INFO] BUILD FAILURE
[INFO] ------------------------------------------------------------------------
[INFO] Total time:  11.250 s
[INFO] Finished at: 2022-08-18T14:29:45-07:00
[INFO] ------------------------------------------------------------------------
[ERROR] Failed to execute goal org.apache.maven.plugins:maven-surefire-plugin:2.17:test (default-test) on project es2017: There are test failures.
[ERROR] 
[ERROR] Please refer to /On-the-Reproducibility/section-2/reproducibility-scanner/reproducer/workspace/Bears-239/target/surefire-reports for the individual test results.
[ERROR] -> [Help 1]
[ERROR] 
[ERROR] To see the full stack trace of the errors, re-run Maven with the -e switch.
[ERROR] Re-run Maven using the -X switch to enable full debug logging.
[ERROR] 
[ERROR] For more information about the errors and possible solutions, please read the following articles:
[ERROR] [Help 1] http://cwiki.apache.org/confluence/display/MAVEN/MojoFailureException
Running the tests related to the bug Bears-239...
The tests related to the bug Bears-239 were executed.