[INFO] Scanning for projects...
[INFO]                                                                         
[INFO] ------------------------------------------------------------------------
[INFO] Building flink-streaming-core 0.9-SNAPSHOT
[INFO] ------------------------------------------------------------------------
[INFO] 
[INFO] --- maven-checkstyle-plugin:2.12.1:check (validate) @ flink-streaming-core ---
[INFO] 
[INFO] 
[INFO] --- maven-enforcer-plugin:1.3.1:enforce (enforce-maven) @ flink-streaming-core ---
[INFO] 
[INFO] --- maven-remote-resources-plugin:1.5:process (default) @ flink-streaming-core ---
[INFO] 
[INFO] --- maven-resources-plugin:2.6:resources (default-resources) @ flink-streaming-core ---
[INFO] Using 'UTF-8' encoding to copy filtered resources.
[INFO] skip non existing resourceDirectory /local/rsaha/FLAIR-temp/dataset-fla/dataset/flink/versions/FLINK-1686_1f726e4828dce374a9613ea3474baf6ffbf948d1/flink-staging/flink-streaming/flink-streaming-core/src/main/resources
[INFO] Copying 3 resources
[INFO] 
[INFO] --- maven-compiler-plugin:3.1:compile (default-compile) @ flink-streaming-core ---
[INFO] Nothing to compile - all classes are up to date
[INFO] 
[INFO] --- maven-resources-plugin:2.6:testResources (default-testResources) @ flink-streaming-core ---
[INFO] Using 'UTF-8' encoding to copy filtered resources.
[INFO] Copying 3 resources
[INFO] Copying 3 resources
[INFO] 
[INFO] --- maven-compiler-plugin:3.1:testCompile (default-testCompile) @ flink-streaming-core ---
[INFO] Nothing to compile - all classes are up to date
[INFO] 
[INFO] --- maven-surefire-plugin:2.17:test (default-test) @ flink-streaming-core ---
[INFO] Surefire report directory: /local/rsaha/FLAIR-temp/dataset-fla/dataset/flink/versions/FLINK-1686_1f726e4828dce374a9613ea3474baf6ffbf948d1/flink-staging/flink-streaming/flink-streaming-core/target/surefire-reports

-------------------------------------------------------
 T E S T S
-------------------------------------------------------

-------------------------------------------------------
 T E S T S
-------------------------------------------------------
Running org.apache.flink.streaming.api.invokable.operator.co.SelfConnectionTest
Running org.apache.flink.streaming.state.OperatorStateTest
Running org.apache.flink.streaming.api.invokable.operator.co.CoFlatMapTest
Running org.apache.flink.streaming.api.invokable.operator.co.CoGroupedReduceTest
Tests run: 1, Failures: 0, Errors: 0, Skipped: 0, Time elapsed: 0.106 sec - in org.apache.flink.streaming.state.OperatorStateTest
Running org.apache.flink.streaming.api.invokable.operator.co.CoWindowTest
Running org.apache.flink.streaming.api.invokable.operator.co.CoStreamReduceTest
Running org.apache.flink.streaming.api.invokable.operator.co.CoMapTest
Running org.apache.flink.streaming.api.invokable.operator.CounterInvokableTest
Running org.apache.flink.streaming.api.invokable.operator.FilterTest
Running org.apache.flink.streaming.api.invokable.operator.GroupedReduceInvokableTest
Running org.apache.flink.streaming.api.invokable.operator.windowing.WindowIntegrationTest
Running org.apache.flink.streaming.api.invokable.operator.windowing.GroupedStreamDiscretizerTest
Running org.apache.flink.streaming.api.invokable.operator.windowing.WindowReducerTest
Tests run: 2, Failures: 0, Errors: 0, Skipped: 0, Time elapsed: 0.504 sec - in org.apache.flink.streaming.api.invokable.operator.co.CoFlatMapTest
Running org.apache.flink.streaming.api.invokable.operator.windowing.WindowMergerTest
Tests run: 1, Failures: 0, Errors: 0, Skipped: 0, Time elapsed: 0.431 sec - in org.apache.flink.streaming.api.invokable.operator.co.CoWindowTest
Running org.apache.flink.streaming.api.invokable.operator.windowing.WindowMapperTest
Tests run: 1, Failures: 0, Errors: 0, Skipped: 0, Time elapsed: 0.598 sec - in org.apache.flink.streaming.api.invokable.operator.co.CoStreamReduceTest
Running org.apache.flink.streaming.api.invokable.operator.windowing.WindowFolderTest
Tests run: 1, Failures: 0, Errors: 0, Skipped: 0, Time elapsed: 0.645 sec - in org.apache.flink.streaming.api.invokable.operator.co.CoGroupedReduceTest
Running org.apache.flink.streaming.api.invokable.operator.windowing.WindowPartitionerTest
Tests run: 1, Failures: 0, Errors: 0, Skipped: 0, Time elapsed: 0.626 sec - in org.apache.flink.streaming.api.invokable.operator.CounterInvokableTest
Running org.apache.flink.streaming.api.invokable.operator.windowing.ParallelMergeTest
Tests run: 2, Failures: 0, Errors: 0, Skipped: 0, Time elapsed: 0.024 sec - in org.apache.flink.streaming.api.invokable.operator.windowing.ParallelMergeTest
Running org.apache.flink.streaming.api.invokable.operator.windowing.WindowFlattenerTest
Tests run: 1, Failures: 0, Errors: 0, Skipped: 0, Time elapsed: 0.794 sec - in org.apache.flink.streaming.api.invokable.operator.co.CoMapTest
Running org.apache.flink.streaming.api.invokable.operator.windowing.StreamDiscretizerTest
Tests run: 1, Failures: 0, Errors: 0, Skipped: 0, Time elapsed: 0.752 sec - in org.apache.flink.streaming.api.invokable.operator.FilterTest
Running org.apache.flink.streaming.api.invokable.operator.FlatMapTest
Tests run: 1, Failures: 0, Errors: 0, Skipped: 0, Time elapsed: 0.005 sec - in org.apache.flink.streaming.api.invokable.operator.FlatMapTest
Running org.apache.flink.streaming.api.invokable.operator.StreamFoldTest
Tests run: 1, Failures: 0, Errors: 0, Skipped: 0, Time elapsed: 0.014 sec - in org.apache.flink.streaming.api.invokable.operator.StreamFoldTest
Running org.apache.flink.streaming.api.invokable.operator.ProjectTest
Tests run: 1, Failures: 0, Errors: 0, Skipped: 0, Time elapsed: 0.746 sec - in org.apache.flink.streaming.api.invokable.operator.GroupedReduceInvokableTest
Running org.apache.flink.streaming.api.invokable.operator.GroupedFoldInvokableTest
Tests run: 1, Failures: 0, Errors: 0, Skipped: 0, Time elapsed: 0.015 sec - in org.apache.flink.streaming.api.invokable.operator.GroupedFoldInvokableTest
Running org.apache.flink.streaming.api.invokable.operator.StreamReduceTest
Tests run: 1, Failures: 0, Errors: 0, Skipped: 0, Time elapsed: 0.004 sec - in org.apache.flink.streaming.api.invokable.operator.StreamReduceTest
Tests run: 2, Failures: 0, Errors: 0, Skipped: 0, Time elapsed: 0.148 sec - in org.apache.flink.streaming.api.invokable.operator.windowing.StreamDiscretizerTest
Running org.apache.flink.streaming.api.invokable.operator.MapTest
Tests run: 1, Failures: 0, Errors: 0, Skipped: 0, Time elapsed: 0.003 sec - in org.apache.flink.streaming.api.invokable.operator.MapTest
Tests run: 1, Failures: 0, Errors: 0, Skipped: 0, Time elapsed: 0.062 sec - in org.apache.flink.streaming.api.invokable.operator.ProjectTest
Running org.apache.flink.streaming.api.collector.DirectedOutputTest
Running org.apache.flink.streaming.api.collector.OutputSelectorTest
Tests run: 1, Failures: 0, Errors: 0, Skipped: 0, Time elapsed: 0.004 sec - in org.apache.flink.streaming.api.collector.OutputSelectorTest
Running org.apache.flink.streaming.api.collector.StreamCollectorTest
Tests run: 1, Failures: 0, Errors: 0, Skipped: 0, Time elapsed: 0.784 sec - in org.apache.flink.streaming.api.invokable.operator.windowing.GroupedStreamDiscretizerTest
Running org.apache.flink.streaming.api.SourceTest
Running org.apache.flink.streaming.api.streamvertex.StreamVertexTest
Tests run: 1, Failures: 0, Errors: 0, Skipped: 0, Time elapsed: 0.945 sec - in org.apache.flink.streaming.api.invokable.operator.windowing.WindowMergerTest
Running org.apache.flink.streaming.api.IterateTest
Tests run: 3, Failures: 0, Errors: 0, Skipped: 0, Time elapsed: 0.425 sec - in org.apache.flink.streaming.api.SourceTest
Running org.apache.flink.streaming.api.OutputSplitterTest
Tests run: 2, Failures: 0, Errors: 0, Skipped: 0, Time elapsed: 0.635 sec - in org.apache.flink.streaming.api.collector.StreamCollectorTest
Running org.apache.flink.streaming.api.CoStreamTest
Tests run: 1, Failures: 0, Errors: 0, Skipped: 0, Time elapsed: 1.537 sec - in org.apache.flink.streaming.api.invokable.operator.windowing.WindowMapperTest
Running org.apache.flink.streaming.api.windowing.windowbuffer.SlidingCountPreReducerTest
Tests run: 4, Failures: 0, Errors: 0, Skipped: 0, Time elapsed: 0.036 sec - in org.apache.flink.streaming.api.windowing.windowbuffer.SlidingCountPreReducerTest
Running org.apache.flink.streaming.api.windowing.windowbuffer.SlidingTimeGroupedPreReducerTest
Tests run: 4, Failures: 0, Errors: 0, Skipped: 0, Time elapsed: 0.035 sec - in org.apache.flink.streaming.api.windowing.windowbuffer.SlidingTimeGroupedPreReducerTest
Running org.apache.flink.streaming.api.windowing.windowbuffer.BasicWindowBufferTest
Tests run: 1, Failures: 0, Errors: 0, Skipped: 0, Time elapsed: 0.007 sec - in org.apache.flink.streaming.api.windowing.windowbuffer.BasicWindowBufferTest
Running org.apache.flink.streaming.api.windowing.windowbuffer.TumblingPreReducerTest
Tests run: 1, Failures: 0, Errors: 0, Skipped: 0, Time elapsed: 0.015 sec - in org.apache.flink.streaming.api.windowing.windowbuffer.TumblingPreReducerTest
Running org.apache.flink.streaming.api.windowing.windowbuffer.TumblingGroupedPreReducerTest
Tests run: 2, Failures: 0, Errors: 0, Skipped: 0, Time elapsed: 0.04 sec - in org.apache.flink.streaming.api.windowing.windowbuffer.TumblingGroupedPreReducerTest
Running org.apache.flink.streaming.api.windowing.windowbuffer.SlidingCountGroupedPreReducerTest
Tests run: 1, Failures: 0, Errors: 0, Skipped: 0, Time elapsed: 1.514 sec - in org.apache.flink.streaming.api.invokable.operator.windowing.WindowFolderTest
Tests run: 1, Failures: 0, Errors: 0, Skipped: 0, Time elapsed: 1.491 sec - in org.apache.flink.streaming.api.invokable.operator.windowing.WindowPartitionerTest
Running org.apache.flink.streaming.api.windowing.windowbuffer.SlidingTimePreReducerTest
Running org.apache.flink.streaming.api.windowing.StreamWindowTest
Tests run: 4, Failures: 0, Errors: 0, Skipped: 0, Time elapsed: 0.033 sec - in org.apache.flink.streaming.api.windowing.windowbuffer.SlidingCountGroupedPreReducerTest
Running org.apache.flink.streaming.api.windowing.policy.MultiTriggerPolicyTest
Tests run: 4, Failures: 0, Errors: 0, Skipped: 0, Time elapsed: 0.012 sec - in org.apache.flink.streaming.api.windowing.windowbuffer.SlidingTimePreReducerTest
Running org.apache.flink.streaming.api.windowing.policy.CountTriggerPolicyTest
Tests run: 3, Failures: 0, Errors: 0, Skipped: 0, Time elapsed: 0.007 sec - in org.apache.flink.streaming.api.windowing.policy.CountTriggerPolicyTest
Tests run: 4, Failures: 0, Errors: 0, Skipped: 0, Time elapsed: 0.015 sec - in org.apache.flink.streaming.api.windowing.StreamWindowTest
Running org.apache.flink.streaming.api.windowing.policy.TimeEvictionPolicyTest
Running org.apache.flink.streaming.api.windowing.policy.MultiEvictionPolicyTest
Tests run: 2, Failures: 0, Errors: 0, Skipped: 0, Time elapsed: 0.027 sec - in org.apache.flink.streaming.api.windowing.policy.TimeEvictionPolicyTest
Running org.apache.flink.streaming.api.windowing.policy.CountEvictionPolicyTest
Tests run: 8, Failures: 0, Errors: 0, Skipped: 0, Time elapsed: 0.037 sec - in org.apache.flink.streaming.api.windowing.policy.MultiEvictionPolicyTest
Running org.apache.flink.streaming.api.windowing.policy.TimeTriggerPolicyTest
Tests run: 3, Failures: 0, Errors: 0, Skipped: 0, Time elapsed: 0.013 sec - in org.apache.flink.streaming.api.windowing.policy.CountEvictionPolicyTest
Running org.apache.flink.streaming.api.windowing.policy.TumblingEvictionPolicyTest
Tests run: 1, Failures: 0, Errors: 0, Skipped: 0, Time elapsed: 0.008 sec - in org.apache.flink.streaming.api.windowing.policy.TumblingEvictionPolicyTest
Running org.apache.flink.streaming.api.windowing.policy.PunctuationPolicyTest
Tests run: 3, Failures: 0, Errors: 0, Skipped: 0, Time elapsed: 0.039 sec - in org.apache.flink.streaming.api.windowing.policy.TimeTriggerPolicyTest
Running org.apache.flink.streaming.api.windowing.policy.DeltaPolicyTest
Tests run: 5, Failures: 0, Errors: 0, Skipped: 0, Time elapsed: 0.065 sec - in org.apache.flink.streaming.api.windowing.policy.PunctuationPolicyTest
Tests run: 2, Failures: 0, Errors: 0, Skipped: 0, Time elapsed: 0.033 sec - in org.apache.flink.streaming.api.windowing.policy.DeltaPolicyTest
Running org.apache.flink.streaming.api.windowing.extractor.FieldsFromTupleTest
Running org.apache.flink.streaming.api.windowing.extractor.FieldFromArrayTest
Tests run: 1, Failures: 0, Errors: 0, Skipped: 0, Time elapsed: 0.02 sec - in org.apache.flink.streaming.api.windowing.extractor.FieldsFromTupleTest
Running org.apache.flink.streaming.api.windowing.extractor.FieldFromTupleTest
Tests run: 3, Failures: 0, Errors: 0, Skipped: 0, Time elapsed: 0.024 sec - in org.apache.flink.streaming.api.windowing.extractor.FieldFromArrayTest
Running org.apache.flink.streaming.api.windowing.extractor.ConcatinatedExtractTest
Tests run: 1, Failures: 0, Errors: 0, Skipped: 0, Time elapsed: 1.501 sec - in org.apache.flink.streaming.api.invokable.operator.windowing.WindowFlattenerTest
Tests run: 1, Failures: 0, Errors: 0, Skipped: 0, Time elapsed: 0.019 sec - in org.apache.flink.streaming.api.windowing.extractor.FieldFromTupleTest
Running org.apache.flink.streaming.api.windowing.extractor.FieldsFromArrayTest
Running org.apache.flink.streaming.api.windowing.extractor.ArrayFromTupleTest
Tests run: 3, Failures: 0, Errors: 0, Skipped: 0, Time elapsed: 0.005 sec - in org.apache.flink.streaming.api.windowing.extractor.FieldsFromArrayTest
Running org.apache.flink.streaming.api.windowing.deltafunction.EuclideanDistanceTest
Tests run: 2, Failures: 0, Errors: 0, Skipped: 0, Time elapsed: 0.012 sec - in org.apache.flink.streaming.api.windowing.extractor.ConcatinatedExtractTest
Tests run: 1, Failures: 0, Errors: 0, Skipped: 0, Time elapsed: 0.004 sec - in org.apache.flink.streaming.api.windowing.deltafunction.EuclideanDistanceTest
Running org.apache.flink.streaming.api.WindowCrossJoinTest
Running org.apache.flink.streaming.api.windowing.deltafunction.CosineDistanceTest
Tests run: 2, Failures: 0, Errors: 0, Skipped: 0, Time elapsed: 0.012 sec - in org.apache.flink.streaming.api.windowing.extractor.ArrayFromTupleTest
Running org.apache.flink.streaming.api.AggregationFunctionTest
Tests run: 1, Failures: 0, Errors: 0, Skipped: 0, Time elapsed: 0.003 sec - in org.apache.flink.streaming.api.windowing.deltafunction.CosineDistanceTest
Running org.apache.flink.streaming.api.streamrecord.UIDTest
Tests run: 1, Failures: 0, Errors: 0, Skipped: 0, Time elapsed: 2.098 sec - in org.apache.flink.streaming.api.invokable.operator.windowing.WindowReducerTest
Running org.apache.flink.streaming.api.StreamEdgeListTest
Tests run: 1, Failures: 0, Errors: 0, Skipped: 0, Time elapsed: 0.01 sec - in org.apache.flink.streaming.api.streamrecord.UIDTest
Tests run: 1, Failures: 0, Errors: 0, Skipped: 0, Time elapsed: 0.015 sec - in org.apache.flink.streaming.api.StreamEdgeListTest
Running org.apache.flink.streaming.partitioner.FieldsPartitionerTest
Running org.apache.flink.streaming.partitioner.ShufflePartitionerTest
Tests run: 2, Failures: 0, Errors: 0, Skipped: 0, Time elapsed: 0.008 sec - in org.apache.flink.streaming.partitioner.ShufflePartitionerTest
Running org.apache.flink.streaming.partitioner.ForwardPartitionerTest
Tests run: 2, Failures: 0, Errors: 0, Skipped: 0, Time elapsed: 0.003 sec - in org.apache.flink.streaming.partitioner.ForwardPartitionerTest
Running org.apache.flink.streaming.partitioner.DistributePartitionerTest
Tests run: 2, Failures: 0, Errors: 0, Skipped: 0, Time elapsed: 0.002 sec - in org.apache.flink.streaming.partitioner.DistributePartitionerTest
Running org.apache.flink.streaming.partitioner.GlobalPartitionerTest
Tests run: 1, Failures: 0, Errors: 0, Skipped: 0, Time elapsed: 0.002 sec - in org.apache.flink.streaming.partitioner.GlobalPartitionerTest
Running org.apache.flink.streaming.partitioner.BroadcastPartitionerTest
Tests run: 1, Failures: 0, Errors: 0, Skipped: 0, Time elapsed: 0.002 sec - in org.apache.flink.streaming.partitioner.BroadcastPartitionerTest
Running org.apache.flink.streaming.io.BarrierBufferIOTest
Tests run: 2, Failures: 0, Errors: 0, Skipped: 0, Time elapsed: 0.054 sec - in org.apache.flink.streaming.partitioner.FieldsPartitionerTest
Running org.apache.flink.streaming.io.SpillingBufferOrEventTest
Tests run: 1, Failures: 0, Errors: 0, Skipped: 0, Time elapsed: 0.054 sec - in org.apache.flink.streaming.io.SpillingBufferOrEventTest
Running org.apache.flink.streaming.io.BarrierBufferTest
Tests run: 4, Failures: 0, Errors: 0, Skipped: 0, Time elapsed: 0.209 sec - in org.apache.flink.streaming.api.AggregationFunctionTest
Running org.apache.flink.streaming.io.CoRecordReaderTest
Tests run: 3, Failures: 0, Errors: 0, Skipped: 0, Time elapsed: 0.121 sec - in org.apache.flink.streaming.io.BarrierBufferTest
Tests run: 1, Failures: 0, Errors: 0, Skipped: 0, Time elapsed: 0.128 sec - in org.apache.flink.streaming.io.CoRecordReaderTest
Tests run: 3, Failures: 0, Errors: 0, Skipped: 0, Time elapsed: 1.03 sec - in org.apache.flink.streaming.api.windowing.policy.MultiTriggerPolicyTest
Tests run: 1, Failures: 0, Errors: 0, Skipped: 0, Time elapsed: 2.586 sec - in org.apache.flink.streaming.api.collector.DirectedOutputTest
Tests run: 1, Failures: 0, Errors: 1, Skipped: 0, Time elapsed: 2.474 sec <<< FAILURE! - in org.apache.flink.streaming.api.IterateTest
test(org.apache.flink.streaming.api.IterateTest)  Time elapsed: 2.473 sec  <<< ERROR!
org.apache.flink.runtime.client.JobExecutionException: Job execution failed.
	at org.apache.flink.runtime.jobmanager.JobManager$$anonfun$receiveWithLogMessages$1.applyOrElse(JobManager.scala:295)
	at scala.runtime.AbstractPartialFunction$mcVL$sp.apply$mcVL$sp(AbstractPartialFunction.scala:33)
	at scala.runtime.AbstractPartialFunction$mcVL$sp.apply(AbstractPartialFunction.scala:33)
	at scala.runtime.AbstractPartialFunction$mcVL$sp.apply(AbstractPartialFunction.scala:25)
	at org.apache.flink.runtime.testingUtils.TestingJobManager$$anonfun$receiveTestingMessages$1.applyOrElse(TestingJobManager.scala:159)
	at scala.PartialFunction$OrElse.apply(PartialFunction.scala:162)
	at org.apache.flink.runtime.ActorLogMessages$$anon$1.apply(ActorLogMessages.scala:37)
	at org.apache.flink.runtime.ActorLogMessages$$anon$1.apply(ActorLogMessages.scala:30)
	at scala.PartialFunction$class.applyOrElse(PartialFunction.scala:118)
	at org.apache.flink.runtime.ActorLogMessages$$anon$1.applyOrElse(ActorLogMessages.scala:30)
	at akka.actor.Actor$class.aroundReceive(Actor.scala:465)
	at org.apache.flink.runtime.jobmanager.JobManager.aroundReceive(JobManager.scala:89)
	at akka.actor.ActorCell.receiveMessage(ActorCell.scala:516)
	at akka.actor.ActorCell.invoke(ActorCell.scala:487)
	at akka.dispatch.Mailbox.processMailbox(Mailbox.scala:254)
	at akka.dispatch.Mailbox.run(Mailbox.scala:221)
	at akka.dispatch.Mailbox.exec(Mailbox.scala:231)
	at scala.concurrent.forkjoin.ForkJoinTask.doExec(ForkJoinTask.java:260)
	at scala.concurrent.forkjoin.ForkJoinPool$WorkQueue.runTask(ForkJoinPool.java:1339)
	at scala.concurrent.forkjoin.ForkJoinPool.runWorker(ForkJoinPool.java:1979)
	at scala.concurrent.forkjoin.ForkJoinWorkerThread.run(ForkJoinWorkerThread.java:107)
Caused by: java.lang.NullPointerException: null
	at org.apache.flink.streaming.api.streamvertex.StreamIterationTail.pushToQueue(StreamIterationTail.java:96)
	at org.apache.flink.streaming.api.streamvertex.StreamIterationTail.forwardRecords(StreamIterationTail.java:86)
	at org.apache.flink.streaming.api.streamvertex.StreamIterationTail.invoke(StreamIterationTail.java:67)
	at org.apache.flink.runtime.execution.RuntimeEnvironment.run(RuntimeEnvironment.java:217)
	at java.lang.Thread.run(Thread.java:745)

Tests run: 2, Failures: 0, Errors: 0, Skipped: 0, Time elapsed: 2.434 sec - in org.apache.flink.streaming.api.OutputSplitterTest
Tests run: 1, Failures: 0, Errors: 0, Skipped: 0, Time elapsed: 1.847 sec - in org.apache.flink.streaming.api.WindowCrossJoinTest
Tests run: 3, Failures: 0, Errors: 0, Skipped: 0, Time elapsed: 3.181 sec - in org.apache.flink.streaming.api.streamvertex.StreamVertexTest
Tests run: 1, Failures: 0, Errors: 0, Skipped: 0, Time elapsed: 2.583 sec - in org.apache.flink.streaming.api.CoStreamTest
Tests run: 3, Failures: 0, Errors: 0, Skipped: 0, Time elapsed: 4.456 sec - in org.apache.flink.streaming.api.invokable.operator.co.SelfConnectionTest
Tests run: 1, Failures: 0, Errors: 0, Skipped: 0, Time elapsed: 4.353 sec - in org.apache.flink.streaming.api.invokable.operator.windowing.WindowIntegrationTest
Tests run: 1, Failures: 0, Errors: 0, Skipped: 0, Time elapsed: 4.457 sec - in org.apache.flink.streaming.io.BarrierBufferIOTest

Results :

Tests in error: 
  IterateTest.test Â» JobExecution Job execution failed.

Tests run: 136, Failures: 0, Errors: 1, Skipped: 0

[INFO] ------------------------------------------------------------------------
[INFO] BUILD FAILURE
[INFO] ------------------------------------------------------------------------
[INFO] Total time: 14.902 s
[INFO] Finished at: 2016-08-09T16:00:03-07:00
[INFO] Final Memory: 17M/321M
[INFO] ------------------------------------------------------------------------
[ERROR] Failed to execute goal org.apache.maven.plugins:maven-surefire-plugin:2.17:test (default-test) on project flink-streaming-core: There are test failures.
[ERROR] 
[ERROR] Please refer to /local/rsaha/FLAIR-temp/dataset-fla/dataset/flink/versions/FLINK-1686_1f726e4828dce374a9613ea3474baf6ffbf948d1/flink-staging/flink-streaming/flink-streaming-core/target/surefire-reports for the individual test results.
[ERROR] -> [Help 1]
[ERROR] 
[ERROR] To see the full stack trace of the errors, re-run Maven with the -e switch.
[ERROR] Re-run Maven using the -X switch to enable full debug logging.
[ERROR] 
[ERROR] For more information about the errors and possible solutions, please read the following articles:
[ERROR] [Help 1] http://cwiki.apache.org/confluence/display/MAVEN/MojoFailureException
