[INFO] Scanning for projects...
[INFO]                                                                         
[INFO] ------------------------------------------------------------------------
[INFO] Building Apache Log4j Core 2.6.1-SNAPSHOT
[INFO] ------------------------------------------------------------------------
[INFO] 
[INFO] --- maven-remote-resources-plugin:1.1:process (default) @ log4j-core ---
[INFO] Setting property: classpath.resource.loader.class => 'org.codehaus.plexus.velocity.ContextClassLoaderResourceLoader'.
[INFO] Setting property: velocimacro.messages.on => 'false'.
[INFO] Setting property: resource.loader => 'classpath'.
[INFO] Setting property: resource.manager.logwhenfound => 'false'.
[INFO] 
[INFO] --- maven-resources-plugin:2.7:resources (default-resources) @ log4j-core ---
[INFO] Using 'UTF-8' encoding to copy filtered resources.
[INFO] Copying 8 resources
[INFO] 
[INFO] --- maven-compiler-plugin:3.5.1:compile (default-compile) @ log4j-core ---
[INFO] Changes detected - recompiling the module!
[INFO] Compiling 569 source files to /home/ylyu/parallel/log4j2/log4j29/dataset/logging-log4j2/LOG4J2-1402_7792679c3b1add777b489a0d698c11cd4f96ea8e/log4j-core/target/classes
[WARNING] /home/ylyu/parallel/log4j2/log4j29/dataset/logging-log4j2/LOG4J2-1402_7792679c3b1add777b489a0d698c11cd4f96ea8e/log4j-core/src/main/java/org/apache/logging/log4j/core/async/AsyncLoggerConfigDisruptor.java:[223,20] [deprecation] Disruptor(EventFactory<T>,int,Executor,ProducerType,WaitStrategy) in Disruptor has been deprecated
[WARNING]   where T is a type-variable:
    T extends Object declared in class Disruptor
/home/ylyu/parallel/log4j2/log4j29/dataset/logging-log4j2/LOG4J2-1402_7792679c3b1add777b489a0d698c11cd4f96ea8e/log4j-core/src/main/java/org/apache/logging/log4j/core/async/AsyncLoggerConfigDisruptor.java:[223,20] [deprecation] Disruptor(EventFactory<T>,int,Executor,ProducerType,WaitStrategy) in Disruptor has been deprecated
[WARNING]   where T is a type-variable:
    T extends Object declared in class Disruptor
/home/ylyu/parallel/log4j2/log4j29/dataset/logging-log4j2/LOG4J2-1402_7792679c3b1add777b489a0d698c11cd4f96ea8e/log4j-core/src/main/java/org/apache/logging/log4j/core/async/AsyncLoggerConfigDisruptor.java:[226,17] [deprecation] handleExceptionsWith(ExceptionHandler<? super T>) in Disruptor has been deprecated
[WARNING]   where T is a type-variable:
    T extends Object declared in class Disruptor
/home/ylyu/parallel/log4j2/log4j29/dataset/logging-log4j2/LOG4J2-1402_7792679c3b1add777b489a0d698c11cd4f96ea8e/log4j-core/src/main/java/org/apache/logging/log4j/core/impl/MutableLogEvent.java:[39,7] [serial] serializable class MutableLogEvent has no definition of serialVersionUID
[WARNING] /home/ylyu/parallel/log4j2/log4j29/dataset/logging-log4j2/LOG4J2-1402_7792679c3b1add777b489a0d698c11cd4f96ea8e/log4j-core/src/main/java/org/apache/logging/log4j/core/async/AsyncLogger.java:[62,7] [serial] serializable class AsyncLogger has no definition of serialVersionUID
[WARNING] /home/ylyu/parallel/log4j2/log4j29/dataset/logging-log4j2/LOG4J2-1402_7792679c3b1add777b489a0d698c11cd4f96ea8e/log4j-core/src/main/java/org/apache/logging/log4j/core/appender/AsyncAppender.java:[56,68] [serial] serializable class <anonymous org.apache.logging.log4j.core.appender.AsyncAppender$1> has no definition of serialVersionUID
[WARNING] /home/ylyu/parallel/log4j2/log4j29/dataset/logging-log4j2/LOG4J2-1402_7792679c3b1add777b489a0d698c11cd4f96ea8e/log4j-core/src/main/java/org/apache/logging/log4j/core/async/AsyncLoggerDisruptor.java:[88,20] [deprecation] Disruptor(EventFactory<T>,int,Executor,ProducerType,WaitStrategy) in Disruptor has been deprecated
[WARNING]   where T is a type-variable:
    T extends Object declared in class Disruptor
/home/ylyu/parallel/log4j2/log4j29/dataset/logging-log4j2/LOG4J2-1402_7792679c3b1add777b489a0d698c11cd4f96ea8e/log4j-core/src/main/java/org/apache/logging/log4j/core/async/AsyncLoggerDisruptor.java:[88,20] [deprecation] Disruptor(EventFactory<T>,int,Executor,ProducerType,WaitStrategy) in Disruptor has been deprecated
[WARNING]   where T is a type-variable:
    T extends Object declared in class Disruptor
/home/ylyu/parallel/log4j2/log4j29/dataset/logging-log4j2/LOG4J2-1402_7792679c3b1add777b489a0d698c11cd4f96ea8e/log4j-core/src/main/java/org/apache/logging/log4j/core/async/AsyncLoggerDisruptor.java:[92,17] [deprecation] handleExceptionsWith(ExceptionHandler<? super T>) in Disruptor has been deprecated
[WARNING]   where T is a type-variable:
    T extends Object declared in class Disruptor
/home/ylyu/parallel/log4j2/log4j29/dataset/logging-log4j2/LOG4J2-1402_7792679c3b1add777b489a0d698c11cd4f96ea8e/log4j-core/src/main/java/org/apache/logging/log4j/core/util/datetime/FastDateParser.java:[634,72] [rawtypes] found raw type: ConcurrentMap
[WARNING]   missing type arguments for generic class ConcurrentMap<K,V>
  where K,V are type-variables:
    K extends Object declared in interface ConcurrentMap
    V extends Object declared in interface ConcurrentMap
/home/ylyu/parallel/log4j2/log4j29/dataset/logging-log4j2/LOG4J2-1402_7792679c3b1add777b489a0d698c11cd4f96ea8e/log4j-core/src/main/java/org/apache/logging/log4j/core/util/datetime/FastDateParser.java:[425,12] [fallthrough] possible fall-through into case
[WARNING] /home/ylyu/parallel/log4j2/log4j29/dataset/logging-log4j2/LOG4J2-1402_7792679c3b1add777b489a0d698c11cd4f96ea8e/log4j-core/src/main/java/org/apache/logging/log4j/core/util/datetime/FastDateParser.java:[581,8] [fallthrough] possible fall-through into case
[WARNING] /home/ylyu/parallel/log4j2/log4j29/dataset/logging-log4j2/LOG4J2-1402_7792679c3b1add777b489a0d698c11cd4f96ea8e/log4j-core/src/main/java/org/apache/logging/log4j/core/util/datetime/FastDateParser.java:[627,8] [fallthrough] possible fall-through into case
[WARNING] /home/ylyu/parallel/log4j2/log4j29/dataset/logging-log4j2/LOG4J2-1402_7792679c3b1add777b489a0d698c11cd4f96ea8e/log4j-core/src/main/java/org/apache/logging/log4j/core/config/composite/DefaultMergeStrategy.java:[246,12] [rawtypes] found raw type: PluginType
[WARNING]   missing type arguments for generic class PluginType<T>
  where T is a type-variable:
    T extends Object declared in class PluginType
/home/ylyu/parallel/log4j2/log4j29/dataset/logging-log4j2/LOG4J2-1402_7792679c3b1add777b489a0d698c11cd4f96ea8e/log4j-core/src/main/java/org/apache/logging/log4j/core/util/ObjectArrayIterator.java:[56,13] [varargs] Varargs method could cause heap pollution from non-reifiable varargs parameter array
[WARNING] /home/ylyu/parallel/log4j2/log4j29/dataset/logging-log4j2/LOG4J2-1402_7792679c3b1add777b489a0d698c11cd4f96ea8e/log4j-core/src/main/java/org/apache/logging/log4j/core/lookup/MainMapLookup.java:[74,23] [deprecation] setMainArguments(String...) in MapLookup has been deprecated
[INFO] 
[INFO] --- maven-compiler-plugin:3.5.1:compile (process-plugins) @ log4j-core ---
[INFO] Changes detected - recompiling the module!
[INFO] Compiling 569 source files to /home/ylyu/parallel/log4j2/log4j29/dataset/logging-log4j2/LOG4J2-1402_7792679c3b1add777b489a0d698c11cd4f96ea8e/log4j-core/target/classes
[INFO] 
[INFO] --- maven-bundle-plugin:2.5.3:manifest (default) @ log4j-core ---
[INFO] 
[INFO] --- maven-resources-plugin:2.7:testResources (default-testResources) @ log4j-core ---
[INFO] Using 'UTF-8' encoding to copy filtered resources.
[INFO] Copying 225 resources
[INFO] 
[INFO] --- maven-compiler-plugin:3.5.1:testCompile (default-testCompile) @ log4j-core ---
[INFO] Changes detected - recompiling the module!
[INFO] Compiling 413 source files to /home/ylyu/parallel/log4j2/log4j29/dataset/logging-log4j2/LOG4J2-1402_7792679c3b1add777b489a0d698c11cd4f96ea8e/log4j-core/target/test-classes
[WARNING] bad path element "/home/ylyu/.m2/repository/org/ow2/asm/asm-xml/5.0.3/asm-util-5.0.3.jar": no such file or directory
/home/ylyu/parallel/log4j2/log4j29/dataset/logging-log4j2/LOG4J2-1402_7792679c3b1add777b489a0d698c11cd4f96ea8e/log4j-core/src/test/java/org/apache/logging/log4j/core/tools/GenerateCustomLoggerTest.java:[42,36] [deprecation] MessageSupplier in org.apache.logging.log4j.util has been deprecated
[WARNING] /home/ylyu/parallel/log4j2/log4j29/dataset/logging-log4j2/LOG4J2-1402_7792679c3b1add777b489a0d698c11cd4f96ea8e/log4j-core/src/test/java/org/apache/logging/log4j/core/tools/GenerateExtendedLoggerTest.java:[44,36] [deprecation] MessageSupplier in org.apache.logging.log4j.util has been deprecated
[WARNING] warning: Supported source version 'RELEASE_5' from annotation processor 'ch.qos.cal10n.verifier.processor.CAL10NAnnotationProcessor' less than -source '1.7'
warning: No processor claimed any of these annotations: javax.persistence.Convert,org.junit.AfterClass,org.junit.Ignore,javax.persistence.Column,javax.persistence.Id,com.fasterxml.jackson.databind.annotation.JsonDeserialize,org.junit.Before,javax.persistence.Temporal,org.junit.Rule,javax.persistence.GeneratedValue,org.junit.experimental.categories.Category,javax.persistence.Table,org.junit.ClassRule,org.junit.Test,javax.persistence.Basic,com.fasterxml.jackson.annotation.JsonProperty,javax.persistence.Transient,org.junit.runners.Parameterized.Parameters,javax.persistence.Entity,org.junit.After,org.junit.runner.RunWith,org.junit.BeforeClass
/home/ylyu/parallel/log4j2/log4j29/dataset/logging-log4j2/LOG4J2-1402_7792679c3b1add777b489a0d698c11cd4f96ea8e/log4j-core/src/test/java/org/apache/logging/log4j/core/tools/GenerateCustomLoggerTest.java:[42,36] [deprecation] MessageSupplier in org.apache.logging.log4j.util has been deprecated
[WARNING] /home/ylyu/parallel/log4j2/log4j29/dataset/logging-log4j2/LOG4J2-1402_7792679c3b1add777b489a0d698c11cd4f96ea8e/log4j-core/src/test/java/org/apache/logging/log4j/core/tools/GenerateExtendedLoggerTest.java:[44,36] [deprecation] MessageSupplier in org.apache.logging.log4j.util has been deprecated
[WARNING] /home/ylyu/parallel/log4j2/log4j29/dataset/logging-log4j2/LOG4J2-1402_7792679c3b1add777b489a0d698c11cd4f96ea8e/log4j-core/src/test/java/org/apache/logging/log4j/core/tools/GenerateCustomLoggerTest.java:[42,36] [deprecation] MessageSupplier in org.apache.logging.log4j.util has been deprecated
[WARNING] /home/ylyu/parallel/log4j2/log4j29/dataset/logging-log4j2/LOG4J2-1402_7792679c3b1add777b489a0d698c11cd4f96ea8e/log4j-core/src/test/java/org/apache/logging/log4j/core/tools/GenerateExtendedLoggerTest.java:[44,36] [deprecation] MessageSupplier in org.apache.logging.log4j.util has been deprecated
[WARNING] /home/ylyu/parallel/log4j2/log4j29/dataset/logging-log4j2/LOG4J2-1402_7792679c3b1add777b489a0d698c11cd4f96ea8e/log4j-core/src/test/java/org/apache/logging/log4j/core/lookup/MapLookupTest.java:[58,17] [deprecation] setMainArguments(String...) in MapLookup has been deprecated
[WARNING] /home/ylyu/parallel/log4j2/log4j29/dataset/logging-log4j2/LOG4J2-1402_7792679c3b1add777b489a0d698c11cd4f96ea8e/log4j-core/src/test/java/org/apache/logging/log4j/core/tools/GenerateCustomLoggerTest.java:[94,73] [rawtypes] found raw type: Class
[WARNING]   missing type arguments for generic class Class<T>
  where T is a type-variable:
    T extends Object declared in class Class
/home/ylyu/parallel/log4j2/log4j29/dataset/logging-log4j2/LOG4J2-1402_7792679c3b1add777b489a0d698c11cd4f96ea8e/log4j-core/src/test/java/org/apache/logging/log4j/core/tools/GenerateCustomLoggerTest.java:[95,73] [rawtypes] found raw type: Class
[WARNING]   missing type arguments for generic class Class<T>
  where T is a type-variable:
    T extends Object declared in class Class
/home/ylyu/parallel/log4j2/log4j29/dataset/logging-log4j2/LOG4J2-1402_7792679c3b1add777b489a0d698c11cd4f96ea8e/log4j-core/src/test/java/org/apache/logging/log4j/core/tools/GenerateCustomLoggerTest.java:[96,73] [rawtypes] found raw type: Class
[WARNING]   missing type arguments for generic class Class<T>
  where T is a type-variable:
    T extends Object declared in class Class
/home/ylyu/parallel/log4j2/log4j29/dataset/logging-log4j2/LOG4J2-1402_7792679c3b1add777b489a0d698c11cd4f96ea8e/log4j-core/src/test/java/org/apache/logging/log4j/core/tools/GenerateCustomLoggerTest.java:[97,73] [rawtypes] found raw type: Class
[WARNING]   missing type arguments for generic class Class<T>
  where T is a type-variable:
    T extends Object declared in class Class
/home/ylyu/parallel/log4j2/log4j29/dataset/logging-log4j2/LOG4J2-1402_7792679c3b1add777b489a0d698c11cd4f96ea8e/log4j-core/src/test/java/org/apache/logging/log4j/core/tools/GenerateCustomLoggerTest.java:[123,54] [deprecation] MessageSupplier in org.apache.logging.log4j.util has been deprecated
[WARNING] /home/ylyu/parallel/log4j2/log4j29/dataset/logging-log4j2/LOG4J2-1402_7792679c3b1add777b489a0d698c11cd4f96ea8e/log4j-core/src/test/java/org/apache/logging/log4j/core/tools/GenerateCustomLoggerTest.java:[124,54] [deprecation] MessageSupplier in org.apache.logging.log4j.util has been deprecated
[WARNING] /home/ylyu/parallel/log4j2/log4j29/dataset/logging-log4j2/LOG4J2-1402_7792679c3b1add777b489a0d698c11cd4f96ea8e/log4j-core/src/test/java/org/apache/logging/log4j/core/tools/GenerateCustomLoggerTest.java:[128,40] [deprecation] MessageSupplier in org.apache.logging.log4j.util has been deprecated
[WARNING] /home/ylyu/parallel/log4j2/log4j29/dataset/logging-log4j2/LOG4J2-1402_7792679c3b1add777b489a0d698c11cd4f96ea8e/log4j-core/src/test/java/org/apache/logging/log4j/core/tools/GenerateCustomLoggerTest.java:[129,40] [deprecation] MessageSupplier in org.apache.logging.log4j.util has been deprecated
[WARNING] /home/ylyu/parallel/log4j2/log4j29/dataset/logging-log4j2/LOG4J2-1402_7792679c3b1add777b489a0d698c11cd4f96ea8e/log4j-core/src/test/java/org/apache/logging/log4j/core/tools/GenerateCustomLoggerTest.java:[136,66] [rawtypes] found raw type: Class
[WARNING]   missing type arguments for generic class Class<T>
  where T is a type-variable:
    T extends Object declared in class Class
/home/ylyu/parallel/log4j2/log4j29/dataset/logging-log4j2/LOG4J2-1402_7792679c3b1add777b489a0d698c11cd4f96ea8e/log4j-core/src/test/java/org/apache/logging/log4j/core/async/perftest/SimplePerfTest.java:[142,89] [rawtypes] found raw type: Class
[WARNING]   missing type arguments for generic class Class<T>
  where T is a type-variable:
    T extends Object declared in class Class
/home/ylyu/parallel/log4j2/log4j29/dataset/logging-log4j2/LOG4J2-1402_7792679c3b1add777b489a0d698c11cd4f96ea8e/log4j-core/src/test/java/org/apache/logging/log4j/core/appender/rolling/OnStartupTriggeringPolicyTest.java:[56,12] [deprecation] RollingFileManager(String,String,OutputStream,boolean,long,long,TriggeringPolicy,RolloverStrategy,String,Layout<? extends Serializable>,int,boolean) in RollingFileManager has been deprecated
[WARNING] /home/ylyu/parallel/log4j2/log4j29/dataset/logging-log4j2/LOG4J2-1402_7792679c3b1add777b489a0d698c11cd4f96ea8e/log4j-core/src/test/java/org/apache/logging/log4j/core/net/ssl/SslConfigurationTest.java:[47,28] [try] explicit call to close() on an auto-closeable resource
[WARNING] /home/ylyu/parallel/log4j2/log4j29/dataset/logging-log4j2/LOG4J2-1402_7792679c3b1add777b489a0d698c11cd4f96ea8e/log4j-core/src/test/java/org/apache/logging/log4j/core/config/TestConfigurator.java:[406,8] [rawtypes] found raw type: ComponentBuilder
[WARNING]   missing type arguments for generic class ComponentBuilder<T>
  where T is a type-variable:
    T extends ComponentBuilder<T> declared in interface ComponentBuilder
/home/ylyu/parallel/log4j2/log4j29/dataset/logging-log4j2/LOG4J2-1402_7792679c3b1add777b489a0d698c11cd4f96ea8e/log4j-core/src/test/java/org/apache/logging/log4j/core/tools/GenerateExtendedLoggerTest.java:[96,73] [rawtypes] found raw type: Class
[WARNING]   missing type arguments for generic class Class<T>
  where T is a type-variable:
    T extends Object declared in class Class
/home/ylyu/parallel/log4j2/log4j29/dataset/logging-log4j2/LOG4J2-1402_7792679c3b1add777b489a0d698c11cd4f96ea8e/log4j-core/src/test/java/org/apache/logging/log4j/core/tools/GenerateExtendedLoggerTest.java:[97,73] [rawtypes] found raw type: Class
[WARNING]   missing type arguments for generic class Class<T>
  where T is a type-variable:
    T extends Object declared in class Class
/home/ylyu/parallel/log4j2/log4j29/dataset/logging-log4j2/LOG4J2-1402_7792679c3b1add777b489a0d698c11cd4f96ea8e/log4j-core/src/test/java/org/apache/logging/log4j/core/tools/GenerateExtendedLoggerTest.java:[98,73] [rawtypes] found raw type: Class
[WARNING]   missing type arguments for generic class Class<T>
  where T is a type-variable:
    T extends Object declared in class Class
/home/ylyu/parallel/log4j2/log4j29/dataset/logging-log4j2/LOG4J2-1402_7792679c3b1add777b489a0d698c11cd4f96ea8e/log4j-core/src/test/java/org/apache/logging/log4j/core/tools/GenerateExtendedLoggerTest.java:[99,73] [rawtypes] found raw type: Class
[WARNING]   missing type arguments for generic class Class<T>
  where T is a type-variable:
    T extends Object declared in class Class
/home/ylyu/parallel/log4j2/log4j29/dataset/logging-log4j2/LOG4J2-1402_7792679c3b1add777b489a0d698c11cd4f96ea8e/log4j-core/src/test/java/org/apache/logging/log4j/core/tools/GenerateExtendedLoggerTest.java:[125,54] [deprecation] MessageSupplier in org.apache.logging.log4j.util has been deprecated
[WARNING] /home/ylyu/parallel/log4j2/log4j29/dataset/logging-log4j2/LOG4J2-1402_7792679c3b1add777b489a0d698c11cd4f96ea8e/log4j-core/src/test/java/org/apache/logging/log4j/core/tools/GenerateExtendedLoggerTest.java:[126,54] [deprecation] MessageSupplier in org.apache.logging.log4j.util has been deprecated
[WARNING] /home/ylyu/parallel/log4j2/log4j29/dataset/logging-log4j2/LOG4J2-1402_7792679c3b1add777b489a0d698c11cd4f96ea8e/log4j-core/src/test/java/org/apache/logging/log4j/core/tools/GenerateExtendedLoggerTest.java:[130,40] [deprecation] MessageSupplier in org.apache.logging.log4j.util has been deprecated
[WARNING] /home/ylyu/parallel/log4j2/log4j29/dataset/logging-log4j2/LOG4J2-1402_7792679c3b1add777b489a0d698c11cd4f96ea8e/log4j-core/src/test/java/org/apache/logging/log4j/core/tools/GenerateExtendedLoggerTest.java:[131,40] [deprecation] MessageSupplier in org.apache.logging.log4j.util has been deprecated
[WARNING] /home/ylyu/parallel/log4j2/log4j29/dataset/logging-log4j2/LOG4J2-1402_7792679c3b1add777b489a0d698c11cd4f96ea8e/log4j-core/src/test/java/org/apache/logging/log4j/core/tools/GenerateExtendedLoggerTest.java:[138,66] [rawtypes] found raw type: Class
[WARNING]   missing type arguments for generic class Class<T>
  where T is a type-variable:
    T extends Object declared in class Class
/home/ylyu/parallel/log4j2/log4j29/dataset/logging-log4j2/LOG4J2-1402_7792679c3b1add777b489a0d698c11cd4f96ea8e/log4j-core/src/test/java/org/apache/logging/log4j/core/appender/rolling/action/FileRenameActionTest.java:[71,31] [try] auto-closeable resource pos is never referenced in body of corresponding try statement
[WARNING] /home/ylyu/parallel/log4j2/log4j29/dataset/logging-log4j2/LOG4J2-1402_7792679c3b1add777b489a0d698c11cd4f96ea8e/log4j-core/src/test/java/org/apache/logging/log4j/core/lookup/MarkerLookupConfigTest.java:[57,40] [deprecation] readFileToString(File) in FileUtils has been deprecated
[WARNING] /home/ylyu/parallel/log4j2/log4j29/dataset/logging-log4j2/LOG4J2-1402_7792679c3b1add777b489a0d698c11cd4f96ea8e/log4j-core/src/test/java/org/apache/logging/log4j/core/lookup/MarkerLookupConfigTest.java:[63,40] [deprecation] readFileToString(File) in FileUtils has been deprecated
[WARNING] /home/ylyu/parallel/log4j2/log4j29/dataset/logging-log4j2/LOG4J2-1402_7792679c3b1add777b489a0d698c11cd4f96ea8e/log4j-core/src/test/java/org/apache/logging/log4j/core/lookup/MarkerLookupConfigTest.java:[69,40] [deprecation] readFileToString(File) in FileUtils has been deprecated
[WARNING] /home/ylyu/parallel/log4j2/log4j29/dataset/logging-log4j2/LOG4J2-1402_7792679c3b1add777b489a0d698c11cd4f96ea8e/log4j-core/src/test/java/org/apache/logging/log4j/core/LoggerTest.java:[109,14] [deprecation] <R>exit(R) in Logger has been deprecated
[WARNING]   where R is a type-variable:
    R extends Object declared in method <R>exit(R)
/home/ylyu/parallel/log4j2/log4j29/dataset/logging-log4j2/LOG4J2-1402_7792679c3b1add777b489a0d698c11cd4f96ea8e/log4j-core/src/test/java/org/apache/logging/log4j/core/StrictXmlConfigTest.java:[72,14] [deprecation] <R>exit(R) in Logger has been deprecated
[INFO] 
[INFO] --- maven-surefire-plugin:2.19.1:test (default-test) @ log4j-core ---

-------------------------------------------------------
 T E S T S
-------------------------------------------------------
Running org.apache.logging.log4j.MarkerMixInXmlTest
Tests run: 3, Failures: 0, Errors: 0, Skipped: 0, Time elapsed: 0.333 sec - in org.apache.logging.log4j.MarkerMixInXmlTest
Running org.apache.logging.log4j.core.LoggerUpdateTest
Tests run: 2, Failures: 0, Errors: 0, Skipped: 0, Time elapsed: 0.013 sec - in org.apache.logging.log4j.core.LoggerUpdateTest
Running org.apache.logging.log4j.core.LogEventTest
Tests run: 4, Failures: 0, Errors: 0, Skipped: 1, Time elapsed: 0.094 sec - in org.apache.logging.log4j.core.LogEventTest
Running org.apache.logging.log4j.core.LateConfigTest
Tests run: 1, Failures: 0, Errors: 0, Skipped: 0, Time elapsed: 0.117 sec - in org.apache.logging.log4j.core.LateConfigTest
Running org.apache.logging.log4j.core.LoggerDateTest
Tests run: 1, Failures: 0, Errors: 0, Skipped: 0, Time elapsed: 0.003 sec - in org.apache.logging.log4j.core.LoggerDateTest
Running org.apache.logging.log4j.core.LookupTest
Tests run: 1, Failures: 0, Errors: 0, Skipped: 0, Time elapsed: 0.002 sec - in org.apache.logging.log4j.core.LookupTest
Running org.apache.logging.log4j.core.tools.GenerateCustomLoggerTest
Tests run: 1, Failures: 0, Errors: 0, Skipped: 0, Time elapsed: 1.086 sec - in org.apache.logging.log4j.core.tools.GenerateCustomLoggerTest
Running org.apache.logging.log4j.core.tools.GenerateExtendedLoggerTest
Tests run: 1, Failures: 0, Errors: 0, Skipped: 0, Time elapsed: 1.21 sec - in org.apache.logging.log4j.core.tools.GenerateExtendedLoggerTest
2016-07-16 05:10:08,576 main ERROR Appenders contains an invalid element or attribute "Console"
Running org.apache.logging.log4j.core.lookup.MarkerLookupConfigTest
Tests run: 1, Failures: 0, Errors: 0, Skipped: 0, Time elapsed: 0.019 sec - in org.apache.logging.log4j.core.lookup.MarkerLookupConfigTest
Running org.apache.logging.log4j.core.lookup.ResourceBundleLookupTest
Tests run: 3, Failures: 0, Errors: 0, Skipped: 0, Time elapsed: 0.035 sec - in org.apache.logging.log4j.core.lookup.ResourceBundleLookupTest
Running org.apache.logging.log4j.core.lookup.JndiLookupTest
Tests run: 2, Failures: 0, Errors: 0, Skipped: 0, Time elapsed: 0.174 sec - in org.apache.logging.log4j.core.lookup.JndiLookupTest
Running org.apache.logging.log4j.core.lookup.StrSubstitutorTest
Tests run: 1, Failures: 0, Errors: 0, Skipped: 0, Time elapsed: 0.144 sec - in org.apache.logging.log4j.core.lookup.StrSubstitutorTest
Running org.apache.logging.log4j.core.lookup.Log4jLookupTest
Tests run: 2, Failures: 0, Errors: 0, Skipped: 0, Time elapsed: 0.197 sec - in org.apache.logging.log4j.core.lookup.Log4jLookupTest
Running org.apache.logging.log4j.core.lookup.Log4jLookupWithSpacesTest
Tests run: 2, Failures: 0, Errors: 0, Skipped: 0, Time elapsed: 0.198 sec - in org.apache.logging.log4j.core.lookup.Log4jLookupWithSpacesTest
Running org.apache.logging.log4j.core.lookup.MapLookupTest
Tests run: 6, Failures: 0, Errors: 0, Skipped: 0, Time elapsed: 0.06 sec - in org.apache.logging.log4j.core.lookup.MapLookupTest
Running org.apache.logging.log4j.core.lookup.ContextMapLookupTest
Tests run: 2, Failures: 0, Errors: 0, Skipped: 0, Time elapsed: 0.414 sec - in org.apache.logging.log4j.core.lookup.ContextMapLookupTest
Running org.apache.logging.log4j.core.lookup.InterpolatorTest
java:version = Java version 1.7.0_101
java:runtime = OpenJDK Runtime Environment (build 1.7.0_101-b00) from Oracle Corporation
java:vm = OpenJDK 64-Bit Server VM (build 24.95-b01, mixed mode)
java:os = Linux 4.2.0-27-generic unknown, architecture: amd64-64
java:locale = default locale: en_US, platform encoding: UTF-8
java:hw = processors: 16, architecture: amd64-64
Tests run: 2, Failures: 0, Errors: 0, Skipped: 0, Time elapsed: 0.125 sec - in org.apache.logging.log4j.core.lookup.InterpolatorTest
Running org.apache.logging.log4j.core.lookup.MainInputArgumentsJmxLookupTest
Tests run: 1, Failures: 0, Errors: 0, Skipped: 0, Time elapsed: 0.004 sec - in org.apache.logging.log4j.core.lookup.MainInputArgumentsJmxLookupTest
Running org.apache.logging.log4j.core.lookup.DateLookupTest
Tests run: 1, Failures: 0, Errors: 0, Skipped: 0, Time elapsed: 0.05 sec - in org.apache.logging.log4j.core.lookup.DateLookupTest
Running org.apache.logging.log4j.core.lookup.MarkerLookupTest
Tests run: 6, Failures: 0, Errors: 0, Skipped: 0, Time elapsed: 0.052 sec - in org.apache.logging.log4j.core.lookup.MarkerLookupTest
Running org.apache.logging.log4j.core.lookup.StructuredDataLookupTest
Tests run: 1, Failures: 0, Errors: 0, Skipped: 0, Time elapsed: 0.054 sec - in org.apache.logging.log4j.core.lookup.StructuredDataLookupTest
Running org.apache.logging.log4j.core.lookup.EnvironmentLookupTest
Tests run: 1, Failures: 0, Errors: 0, Skipped: 0, Time elapsed: 0.003 sec - in org.apache.logging.log4j.core.lookup.EnvironmentLookupTest
Running org.apache.logging.log4j.core.lookup.SystemPropertiesLookupTest
Tests run: 1, Failures: 0, Errors: 0, Skipped: 0, Time elapsed: 0.029 sec - in org.apache.logging.log4j.core.lookup.SystemPropertiesLookupTest
Running org.apache.logging.log4j.core.BasicLoggingTest
05:10:19.999 [main] ERROR org.apache.logging.log4j.core.BasicLoggingTest - Test message
Tests run: 1, Failures: 0, Errors: 0, Skipped: 0, Time elapsed: 0.292 sec - in org.apache.logging.log4j.core.BasicLoggingTest
Running org.apache.logging.log4j.core.ExtendedLevelTest
Tests run: 1, Failures: 0, Errors: 0, Skipped: 0, Time elapsed: 0.016 sec - in org.apache.logging.log4j.core.ExtendedLevelTest
Running org.apache.logging.log4j.core.CustomLevelsTest
Hello, World
Hello DIAG
Tests run: 3, Failures: 0, Errors: 0, Skipped: 0, Time elapsed: 0.021 sec - in org.apache.logging.log4j.core.CustomLevelsTest
Running org.apache.logging.log4j.core.filter.BurstFilterLogDelayTest
Tests run: 1, Failures: 0, Errors: 0, Skipped: 0, Time elapsed: 0.038 sec - in org.apache.logging.log4j.core.filter.BurstFilterLogDelayTest
Running org.apache.logging.log4j.core.filter.BurstFilterTest
Tests run: 1, Failures: 0, Errors: 0, Skipped: 0, Time elapsed: 6.937 sec - in org.apache.logging.log4j.core.filter.BurstFilterTest
Running org.apache.logging.log4j.core.filter.MarkerFilterTest
Tests run: 1, Failures: 0, Errors: 0, Skipped: 0, Time elapsed: 0.06 sec - in org.apache.logging.log4j.core.filter.MarkerFilterTest
Running org.apache.logging.log4j.core.filter.ScriptFilterTest
Tests run: 2, Failures: 0, Errors: 0, Skipped: 0, Time elapsed: 0.301 sec - in org.apache.logging.log4j.core.filter.ScriptFilterTest
Running org.apache.logging.log4j.core.filter.ScriptRefFilterTest
Tests run: 2, Failures: 0, Errors: 0, Skipped: 0, Time elapsed: 0.303 sec - in org.apache.logging.log4j.core.filter.ScriptRefFilterTest
Running org.apache.logging.log4j.core.filter.RegexFilterTest
Tests run: 3, Failures: 0, Errors: 0, Skipped: 0, Time elapsed: 0.033 sec - in org.apache.logging.log4j.core.filter.RegexFilterTest
Running org.apache.logging.log4j.core.filter.TimeFilterTest
Tests run: 1, Failures: 0, Errors: 0, Skipped: 0, Time elapsed: 0.081 sec - in org.apache.logging.log4j.core.filter.TimeFilterTest
Running org.apache.logging.log4j.core.filter.ThresholdFilterTest
Tests run: 1, Failures: 0, Errors: 0, Skipped: 0, Time elapsed: 0.059 sec - in org.apache.logging.log4j.core.filter.ThresholdFilterTest
Running org.apache.logging.log4j.core.filter.StructuredDataFilterTest
Tests run: 2, Failures: 0, Errors: 0, Skipped: 0, Time elapsed: 0.004 sec - in org.apache.logging.log4j.core.filter.StructuredDataFilterTest
Running org.apache.logging.log4j.core.filter.DynamicThresholdFilterTest
Tests run: 2, Failures: 0, Errors: 0, Skipped: 0, Time elapsed: 0.424 sec - in org.apache.logging.log4j.core.filter.DynamicThresholdFilterTest
Running org.apache.logging.log4j.core.filter.ThreadContextMapFilterTest
Tests run: 1, Failures: 0, Errors: 0, Skipped: 0, Time elapsed: 0.055 sec - in org.apache.logging.log4j.core.filter.ThreadContextMapFilterTest
Running org.apache.logging.log4j.core.filter.ScriptFileFilterPropertiesTest
Tests run: 2, Failures: 0, Errors: 0, Skipped: 0, Time elapsed: 0.321 sec - in org.apache.logging.log4j.core.filter.ScriptFileFilterPropertiesTest
Running org.apache.logging.log4j.core.filter.MapFilterTest
Tests run: 2, Failures: 0, Errors: 0, Skipped: 0, Time elapsed: 0.014 sec - in org.apache.logging.log4j.core.filter.MapFilterTest
Running org.apache.logging.log4j.core.filter.LevelRangeFilterTest
Tests run: 1, Failures: 0, Errors: 0, Skipped: 0, Time elapsed: 0.069 sec - in org.apache.logging.log4j.core.filter.LevelRangeFilterTest
Running org.apache.logging.log4j.core.filter.ScriptFileFilterTest
Tests run: 2, Failures: 0, Errors: 0, Skipped: 0, Time elapsed: 0.303 sec - in org.apache.logging.log4j.core.filter.ScriptFileFilterTest
Running org.apache.logging.log4j.core.osgi.equinox.EquinoxLoadCoreBundleTest
Tests run: 1, Failures: 0, Errors: 0, Skipped: 1, Time elapsed: 0.001 sec - in org.apache.logging.log4j.core.osgi.equinox.EquinoxLoadCoreBundleTest
Running org.apache.logging.log4j.core.osgi.felix.FelixLoadCoreBundleTest
Tests run: 1, Failures: 0, Errors: 0, Skipped: 1, Time elapsed: 0.001 sec - in org.apache.logging.log4j.core.osgi.felix.FelixLoadCoreBundleTest
Running org.apache.logging.log4j.core.DeadlockTest
Tests run: 1, Failures: 0, Errors: 0, Skipped: 0, Time elapsed: 0.023 sec - in org.apache.logging.log4j.core.DeadlockTest
Running org.apache.logging.log4j.core.LogEventFactoryTest
Tests run: 1, Failures: 0, Errors: 0, Skipped: 0, Time elapsed: 0.011 sec - in org.apache.logging.log4j.core.LogEventFactoryTest
Running org.apache.logging.log4j.core.GcFreeSynchronousLoggingTest
Tests run: 1, Failures: 0, Errors: 0, Skipped: 0, Time elapsed: 4.917 sec - in org.apache.logging.log4j.core.GcFreeSynchronousLoggingTest
Running org.apache.logging.log4j.core.LoggerSerializationTest
Tests run: 8, Failures: 0, Errors: 0, Skipped: 0, Time elapsed: 0.032 sec - in org.apache.logging.log4j.core.LoggerSerializationTest
Running org.apache.logging.log4j.core.LevelTest
Tests run: 1, Failures: 0, Errors: 0, Skipped: 0, Time elapsed: 0.109 sec - in org.apache.logging.log4j.core.LevelTest
Running org.apache.logging.log4j.core.AppenderRefLevelTest
Tests run: 3, Failures: 0, Errors: 0, Skipped: 0, Time elapsed: 0.013 sec - in org.apache.logging.log4j.core.AppenderRefLevelTest
Running org.apache.logging.log4j.core.TimestampMessageTest
Tests run: 1, Failures: 0, Errors: 0, Skipped: 0, Time elapsed: 0.021 sec - in org.apache.logging.log4j.core.TimestampMessageTest
Running org.apache.logging.log4j.core.ShutdownDisabledTest
Tests run: 1, Failures: 0, Errors: 0, Skipped: 0, Time elapsed: 0.003 sec - in org.apache.logging.log4j.core.ShutdownDisabledTest
Running org.apache.logging.log4j.core.CustomLevelsWithFiltersTest
Tests run: 3, Failures: 0, Errors: 0, Skipped: 0, Time elapsed: 0.003 sec - in org.apache.logging.log4j.core.CustomLevelsWithFiltersTest
Running org.apache.logging.log4j.core.config.XIncludeTest
Tests run: 3, Failures: 0, Errors: 0, Skipped: 0, Time elapsed: 6.541 sec - in org.apache.logging.log4j.core.config.XIncludeTest
Running org.apache.logging.log4j.core.config.MissingRootLoggerTest
Tests run: 1, Failures: 0, Errors: 0, Skipped: 0, Time elapsed: 0.399 sec - in org.apache.logging.log4j.core.config.MissingRootLoggerTest
Running org.apache.logging.log4j.core.config.CustomConfigurationTest
2016-07-16 05:11:11,560 main WARN The bufferSize is set to 4000 but bufferedIO is not true: false
Tests run: 1, Failures: 0, Errors: 0, Skipped: 0, Time elapsed: 0.425 sec - in org.apache.logging.log4j.core.config.CustomConfigurationTest
Running org.apache.logging.log4j.core.config.ConfiguratorTest
Tests run: 2, Failures: 0, Errors: 0, Skipped: 0, Time elapsed: 0.394 sec - in org.apache.logging.log4j.core.config.ConfiguratorTest
Running org.apache.logging.log4j.core.config.xml.XmlLoggerPropsTest
Tests run: 1, Failures: 0, Errors: 0, Skipped: 0, Time elapsed: 0.404 sec - in org.apache.logging.log4j.core.config.xml.XmlLoggerPropsTest
Running org.apache.logging.log4j.core.config.xml.XmlConfigurationPropsTest
2016-07-16 05:11:14,809 main WARN Error while converting string [${sys:log.level}] to type [class org.apache.logging.log4j.Level]. Using default value [null]. java.lang.IllegalArgumentException: Unknown level constant [${SYS:LOG.LEVEL}].
	at org.apache.logging.log4j.Level.valueOf(Level.java:314)
	at org.apache.logging.log4j.core.config.plugins.convert.TypeConverters$LevelConverter.convert(TypeConverters.java:253)
	at org.apache.logging.log4j.core.config.plugins.convert.TypeConverters$LevelConverter.convert(TypeConverters.java:249)
	at org.apache.logging.log4j.core.config.plugins.convert.TypeConverters.convert(TypeConverters.java:359)
	at org.apache.logging.log4j.core.config.plugins.visitors.AbstractPluginVisitor.convert(AbstractPluginVisitor.java:149)
	at org.apache.logging.log4j.core.config.plugins.visitors.PluginAttributeVisitor.visit(PluginAttributeVisitor.java:45)
	at org.apache.logging.log4j.core.config.plugins.util.PluginBuilder.generateParameters(PluginBuilder.java:243)
	at org.apache.logging.log4j.core.config.plugins.util.PluginBuilder.build(PluginBuilder.java:131)
	at org.apache.logging.log4j.core.config.AbstractConfiguration.createPluginObject(AbstractConfiguration.java:918)
	at org.apache.logging.log4j.core.config.AbstractConfiguration.createConfiguration(AbstractConfiguration.java:858)
	at org.apache.logging.log4j.core.config.AbstractConfiguration.createConfiguration(AbstractConfiguration.java:850)
	at org.apache.logging.log4j.core.config.AbstractConfiguration.doConfigure(AbstractConfiguration.java:479)
	at org.apache.logging.log4j.core.config.AbstractConfiguration.initialize(AbstractConfiguration.java:219)
	at org.apache.logging.log4j.core.config.AbstractConfiguration.start(AbstractConfiguration.java:231)
	at org.apache.logging.log4j.core.LoggerContext.setConfiguration(LoggerContext.java:491)
	at org.apache.logging.log4j.core.LoggerContext.reconfigure(LoggerContext.java:561)
	at org.apache.logging.log4j.core.LoggerContext.reconfigure(LoggerContext.java:577)
	at org.apache.logging.log4j.core.LoggerContext.start(LoggerContext.java:212)
	at org.apache.logging.log4j.core.impl.Log4jContextFactory.getContext(Log4jContextFactory.java:152)
	at org.apache.logging.log4j.core.impl.Log4jContextFactory.getContext(Log4jContextFactory.java:45)
	at org.apache.logging.log4j.LogManager.getContext(LogManager.java:155)
	at org.apache.logging.log4j.core.LoggerContext.getContext(LoggerContext.java:156)
	at org.apache.logging.log4j.core.config.xml.XmlConfigurationPropsTest.testDefaultStatus(XmlConfigurationPropsTest.java:60)
	at sun.reflect.NativeMethodAccessorImpl.invoke0(Native Method)
	at sun.reflect.NativeMethodAccessorImpl.invoke(NativeMethodAccessorImpl.java:57)
	at sun.reflect.DelegatingMethodAccessorImpl.invoke(DelegatingMethodAccessorImpl.java:43)
	at java.lang.reflect.Method.invoke(Method.java:606)
	at org.junit.runners.model.FrameworkMethod$1.runReflectiveCall(FrameworkMethod.java:50)
	at org.junit.internal.runners.model.ReflectiveCallable.run(ReflectiveCallable.java:12)
	at org.junit.runners.model.FrameworkMethod.invokeExplosively(FrameworkMethod.java:47)
	at org.junit.internal.runners.statements.InvokeMethod.evaluate(InvokeMethod.java:17)
	at org.junit.runners.ParentRunner.runLeaf(ParentRunner.java:325)
	at org.junit.runners.BlockJUnit4ClassRunner.runChild(BlockJUnit4ClassRunner.java:78)
	at org.junit.runners.BlockJUnit4ClassRunner.runChild(BlockJUnit4ClassRunner.java:57)
	at org.junit.runners.ParentRunner$3.run(ParentRunner.java:290)
	at org.junit.runners.ParentRunner$1.schedule(ParentRunner.java:71)
	at org.junit.runners.ParentRunner.runChildren(ParentRunner.java:288)
	at org.junit.runners.ParentRunner.access$000(ParentRunner.java:58)
	at org.junit.runners.ParentRunner$2.evaluate(ParentRunner.java:268)
	at org.junit.internal.runners.statements.RunAfters.evaluate(RunAfters.java:27)
	at org.junit.runners.ParentRunner.run(ParentRunner.java:363)
	at org.junit.runners.Suite.runChild(Suite.java:128)
	at org.junit.runners.Suite.runChild(Suite.java:27)
	at org.junit.runners.ParentRunner$3.run(ParentRunner.java:290)
	at org.junit.runners.ParentRunner$1.schedule(ParentRunner.java:71)
	at org.junit.runners.ParentRunner.runChildren(ParentRunner.java:288)
	at org.junit.runners.ParentRunner.access$000(ParentRunner.java:58)
	at org.junit.runners.ParentRunner$2.evaluate(ParentRunner.java:268)
	at org.junit.runners.ParentRunner.run(ParentRunner.java:363)
	at org.apache.maven.surefire.junitcore.JUnitCore.run(JUnitCore.java:55)
	at org.apache.maven.surefire.junitcore.JUnitCoreWrapper.createRequestAndRun(JUnitCoreWrapper.java:137)
	at org.apache.maven.surefire.junitcore.JUnitCoreWrapper.executeEager(JUnitCoreWrapper.java:107)
	at org.apache.maven.surefire.junitcore.JUnitCoreWrapper.execute(JUnitCoreWrapper.java:83)
	at org.apache.maven.surefire.junitcore.JUnitCoreWrapper.execute(JUnitCoreWrapper.java:75)
	at org.apache.maven.surefire.junitcore.JUnitCoreProvider.invoke(JUnitCoreProvider.java:161)
	at org.apache.maven.surefire.booter.ForkedBooter.invokeProviderInSameClassLoader(ForkedBooter.java:290)
	at org.apache.maven.surefire.booter.ForkedBooter.runSuitesInProcess(ForkedBooter.java:242)
	at org.apache.maven.surefire.booter.ForkedBooter.main(ForkedBooter.java:121)

2016-07-16 05:11:14,881 main WARN Error while converting string [${sys:log.level}] to type [class org.apache.logging.log4j.Level]. Using default value [null]. java.lang.IllegalArgumentException: Unknown level constant [${SYS:LOG.LEVEL}].
	at org.apache.logging.log4j.Level.valueOf(Level.java:314)
	at org.apache.logging.log4j.core.config.plugins.convert.TypeConverters$LevelConverter.convert(TypeConverters.java:253)
	at org.apache.logging.log4j.core.config.plugins.convert.TypeConverters$LevelConverter.convert(TypeConverters.java:249)
	at org.apache.logging.log4j.core.config.plugins.convert.TypeConverters.convert(TypeConverters.java:359)
	at org.apache.logging.log4j.core.config.plugins.visitors.AbstractPluginVisitor.convert(AbstractPluginVisitor.java:149)
	at org.apache.logging.log4j.core.config.plugins.visitors.PluginAttributeVisitor.visit(PluginAttributeVisitor.java:45)
	at org.apache.logging.log4j.core.config.plugins.util.PluginBuilder.generateParameters(PluginBuilder.java:243)
	at org.apache.logging.log4j.core.config.plugins.util.PluginBuilder.build(PluginBuilder.java:131)
	at org.apache.logging.log4j.core.config.AbstractConfiguration.createPluginObject(AbstractConfiguration.java:918)
	at org.apache.logging.log4j.core.config.AbstractConfiguration.createConfiguration(AbstractConfiguration.java:858)
	at org.apache.logging.log4j.core.config.AbstractConfiguration.createConfiguration(AbstractConfiguration.java:850)
	at org.apache.logging.log4j.core.config.AbstractConfiguration.doConfigure(AbstractConfiguration.java:479)
	at org.apache.logging.log4j.core.config.AbstractConfiguration.initialize(AbstractConfiguration.java:219)
	at org.apache.logging.log4j.core.config.AbstractConfiguration.start(AbstractConfiguration.java:231)
	at org.apache.logging.log4j.core.LoggerContext.setConfiguration(LoggerContext.java:491)
	at org.apache.logging.log4j.core.LoggerContext.reconfigure(LoggerContext.java:561)
	at org.apache.logging.log4j.core.LoggerContext.reconfigure(LoggerContext.java:577)
	at org.apache.logging.log4j.core.config.xml.XmlConfigurationPropsTest.testDefaultStatus(XmlConfigurationPropsTest.java:61)
	at sun.reflect.NativeMethodAccessorImpl.invoke0(Native Method)
	at sun.reflect.NativeMethodAccessorImpl.invoke(NativeMethodAccessorImpl.java:57)
	at sun.reflect.DelegatingMethodAccessorImpl.invoke(DelegatingMethodAccessorImpl.java:43)
	at java.lang.reflect.Method.invoke(Method.java:606)
	at org.junit.runners.model.FrameworkMethod$1.runReflectiveCall(FrameworkMethod.java:50)
	at org.junit.internal.runners.model.ReflectiveCallable.run(ReflectiveCallable.java:12)
	at org.junit.runners.model.FrameworkMethod.invokeExplosively(FrameworkMethod.java:47)
	at org.junit.internal.runners.statements.InvokeMethod.evaluate(InvokeMethod.java:17)
	at org.junit.runners.ParentRunner.runLeaf(ParentRunner.java:325)
	at org.junit.runners.BlockJUnit4ClassRunner.runChild(BlockJUnit4ClassRunner.java:78)
	at org.junit.runners.BlockJUnit4ClassRunner.runChild(BlockJUnit4ClassRunner.java:57)
	at org.junit.runners.ParentRunner$3.run(ParentRunner.java:290)
	at org.junit.runners.ParentRunner$1.schedule(ParentRunner.java:71)
	at org.junit.runners.ParentRunner.runChildren(ParentRunner.java:288)
	at org.junit.runners.ParentRunner.access$000(ParentRunner.java:58)
	at org.junit.runners.ParentRunner$2.evaluate(ParentRunner.java:268)
	at org.junit.internal.runners.statements.RunAfters.evaluate(RunAfters.java:27)
	at org.junit.runners.ParentRunner.run(ParentRunner.java:363)
	at org.junit.runners.Suite.runChild(Suite.java:128)
	at org.junit.runners.Suite.runChild(Suite.java:27)
	at org.junit.runners.ParentRunner$3.run(ParentRunner.java:290)
	at org.junit.runners.ParentRunner$1.schedule(ParentRunner.java:71)
	at org.junit.runners.ParentRunner.runChildren(ParentRunner.java:288)
	at org.junit.runners.ParentRunner.access$000(ParentRunner.java:58)
	at org.junit.runners.ParentRunner$2.evaluate(ParentRunner.java:268)
	at org.junit.runners.ParentRunner.run(ParentRunner.java:363)
	at org.apache.maven.surefire.junitcore.JUnitCore.run(JUnitCore.java:55)
	at org.apache.maven.surefire.junitcore.JUnitCoreWrapper.createRequestAndRun(JUnitCoreWrapper.java:137)
	at org.apache.maven.surefire.junitcore.JUnitCoreWrapper.executeEager(JUnitCoreWrapper.java:107)
	at org.apache.maven.surefire.junitcore.JUnitCoreWrapper.execute(JUnitCoreWrapper.java:83)
	at org.apache.maven.surefire.junitcore.JUnitCoreWrapper.execute(JUnitCoreWrapper.java:75)
	at org.apache.maven.surefire.junitcore.JUnitCoreProvider.invoke(JUnitCoreProvider.java:161)
	at org.apache.maven.surefire.booter.ForkedBooter.invokeProviderInSameClassLoader(ForkedBooter.java:290)
	at org.apache.maven.surefire.booter.ForkedBooter.runSuitesInProcess(ForkedBooter.java:242)
	at org.apache.maven.surefire.booter.ForkedBooter.main(ForkedBooter.java:121)

2016-07-16 05:11:14,894 main WARN Error while converting string [${sys:log.level}] to type [class org.apache.logging.log4j.Level]. Using default value [null]. java.lang.IllegalArgumentException: Unknown level constant [${SYS:LOG.LEVEL}].
	at org.apache.logging.log4j.Level.valueOf(Level.java:314)
	at org.apache.logging.log4j.core.config.plugins.convert.TypeConverters$LevelConverter.convert(TypeConverters.java:253)
	at org.apache.logging.log4j.core.config.plugins.convert.TypeConverters$LevelConverter.convert(TypeConverters.java:249)
	at org.apache.logging.log4j.core.config.plugins.convert.TypeConverters.convert(TypeConverters.java:359)
	at org.apache.logging.log4j.core.config.plugins.visitors.AbstractPluginVisitor.convert(AbstractPluginVisitor.java:149)
	at org.apache.logging.log4j.core.config.plugins.visitors.PluginAttributeVisitor.visit(PluginAttributeVisitor.java:45)
	at org.apache.logging.log4j.core.config.plugins.util.PluginBuilder.generateParameters(PluginBuilder.java:243)
	at org.apache.logging.log4j.core.config.plugins.util.PluginBuilder.build(PluginBuilder.java:131)
	at org.apache.logging.log4j.core.config.AbstractConfiguration.createPluginObject(AbstractConfiguration.java:918)
	at org.apache.logging.log4j.core.config.AbstractConfiguration.createConfiguration(AbstractConfiguration.java:858)
	at org.apache.logging.log4j.core.config.AbstractConfiguration.createConfiguration(AbstractConfiguration.java:850)
	at org.apache.logging.log4j.core.config.AbstractConfiguration.doConfigure(AbstractConfiguration.java:479)
	at org.apache.logging.log4j.core.config.AbstractConfiguration.initialize(AbstractConfiguration.java:219)
	at org.apache.logging.log4j.core.config.AbstractConfiguration.start(AbstractConfiguration.java:231)
	at org.apache.logging.log4j.core.LoggerContext.setConfiguration(LoggerContext.java:491)
	at org.apache.logging.log4j.core.LoggerContext.reconfigure(LoggerContext.java:561)
	at org.apache.logging.log4j.core.LoggerContext.reconfigure(LoggerContext.java:577)
	at org.apache.logging.log4j.core.config.xml.XmlConfigurationPropsTest.testWithConfigProp(XmlConfigurationPropsTest.java:75)
	at sun.reflect.NativeMethodAccessorImpl.invoke0(Native Method)
	at sun.reflect.NativeMethodAccessorImpl.invoke(NativeMethodAccessorImpl.java:57)
	at sun.reflect.DelegatingMethodAccessorImpl.invoke(DelegatingMethodAccessorImpl.java:43)
	at java.lang.reflect.Method.invoke(Method.java:606)
	at org.junit.runners.model.FrameworkMethod$1.runReflectiveCall(FrameworkMethod.java:50)
	at org.junit.internal.runners.model.ReflectiveCallable.run(ReflectiveCallable.java:12)
	at org.junit.runners.model.FrameworkMethod.invokeExplosively(FrameworkMethod.java:47)
	at org.junit.internal.runners.statements.InvokeMethod.evaluate(InvokeMethod.java:17)
	at org.junit.runners.ParentRunner.runLeaf(ParentRunner.java:325)
	at org.junit.runners.BlockJUnit4ClassRunner.runChild(BlockJUnit4ClassRunner.java:78)
	at org.junit.runners.BlockJUnit4ClassRunner.runChild(BlockJUnit4ClassRunner.java:57)
	at org.junit.runners.ParentRunner$3.run(ParentRunner.java:290)
	at org.junit.runners.ParentRunner$1.schedule(ParentRunner.java:71)
	at org.junit.runners.ParentRunner.runChildren(ParentRunner.java:288)
	at org.junit.runners.ParentRunner.access$000(ParentRunner.java:58)
	at org.junit.runners.ParentRunner$2.evaluate(ParentRunner.java:268)
	at org.junit.internal.runners.statements.RunAfters.evaluate(RunAfters.java:27)
	at org.junit.runners.ParentRunner.run(ParentRunner.java:363)
	at org.junit.runners.Suite.runChild(Suite.java:128)
	at org.junit.runners.Suite.runChild(Suite.java:27)
	at org.junit.runners.ParentRunner$3.run(ParentRunner.java:290)
	at org.junit.runners.ParentRunner$1.schedule(ParentRunner.java:71)
	at org.junit.runners.ParentRunner.runChildren(ParentRunner.java:288)
	at org.junit.runners.ParentRunner.access$000(ParentRunner.java:58)
	at org.junit.runners.ParentRunner$2.evaluate(ParentRunner.java:268)
	at org.junit.runners.ParentRunner.run(ParentRunner.java:363)
	at org.apache.maven.surefire.junitcore.JUnitCore.run(JUnitCore.java:55)
	at org.apache.maven.surefire.junitcore.JUnitCoreWrapper.createRequestAndRun(JUnitCoreWrapper.java:137)
	at org.apache.maven.surefire.junitcore.JUnitCoreWrapper.executeEager(JUnitCoreWrapper.java:107)
	at org.apache.maven.surefire.junitcore.JUnitCoreWrapper.execute(JUnitCoreWrapper.java:83)
	at org.apache.maven.surefire.junitcore.JUnitCoreWrapper.execute(JUnitCoreWrapper.java:75)
	at org.apache.maven.surefire.junitcore.JUnitCoreProvider.invoke(JUnitCoreProvider.java:161)
	at org.apache.maven.surefire.booter.ForkedBooter.invokeProviderInSameClassLoader(ForkedBooter.java:290)
	at org.apache.maven.surefire.booter.ForkedBooter.runSuitesInProcess(ForkedBooter.java:242)
	at org.apache.maven.surefire.booter.ForkedBooter.main(ForkedBooter.java:121)

2016-07-16 05:11:14,912 main ERROR Invalid status level specified: ${sys:log4j.level}. Defaulting to ERROR.
2016-07-16 05:11:14,932 main ERROR No log4j2 configuration file found. Using default configuration: logging only errors to the console.
Tests run: 4, Failures: 0, Errors: 0, Skipped: 0, Time elapsed: 0.44 sec - in org.apache.logging.log4j.core.config.xml.XmlConfigurationPropsTest
Running org.apache.logging.log4j.core.config.JiraLog4j2_1100YamlGoodTest
Tests run: 1, Failures: 0, Errors: 0, Skipped: 0, Time elapsed: 0.653 sec - in org.apache.logging.log4j.core.config.JiraLog4j2_1100YamlGoodTest
Running org.apache.logging.log4j.core.config.JiraLog4j2_1100JsonTest
Tests run: 1, Failures: 0, Errors: 0, Skipped: 0, Time elapsed: 0.555 sec - in org.apache.logging.log4j.core.config.JiraLog4j2_1100JsonTest
Running org.apache.logging.log4j.core.config.JiraLog4j2_1100XmlTest
Tests run: 1, Failures: 0, Errors: 0, Skipped: 0, Time elapsed: 0.37 sec - in org.apache.logging.log4j.core.config.JiraLog4j2_1100XmlTest
Running org.apache.logging.log4j.core.config.AdvertiserTest
Tests run: 3, Failures: 0, Errors: 0, Skipped: 0, Time elapsed: 0.071 sec - in org.apache.logging.log4j.core.config.AdvertiserTest
Running org.apache.logging.log4j.core.config.builder.ConfigurationAssemblerTest
2016-07-16 05:11:21,017 [main] INFO : Welcome to Log4j!
2016-07-16 05:11:21,019 [main] INFO : Welcome to Log4j!
Tests run: 2, Failures: 0, Errors: 0, Skipped: 0, Time elapsed: 0.672 sec - in org.apache.logging.log4j.core.config.builder.ConfigurationAssemblerTest
Running org.apache.logging.log4j.core.config.properties.PropertiesConfigurationRootLoggerOnlyTest
Tests run: 1, Failures: 0, Errors: 0, Skipped: 0, Time elapsed: 0.005 sec - in org.apache.logging.log4j.core.config.properties.PropertiesConfigurationRootLoggerOnlyTest
Running org.apache.logging.log4j.core.config.properties.RollingFilePropertiesTest
Tests run: 1, Failures: 0, Errors: 1, Skipped: 0, Time elapsed: 0.006 sec <<< FAILURE! - in org.apache.logging.log4j.core.config.properties.RollingFilePropertiesTest
testPropertiesConfiguration(org.apache.logging.log4j.core.config.properties.RollingFilePropertiesTest)  Time elapsed: 0.005 sec  <<< ERROR!
java.lang.NullPointerException
	at org.apache.logging.log4j.core.config.properties.RollingFilePropertiesTest.testPropertiesConfiguration(RollingFilePropertiesTest.java:45)

Running org.apache.logging.log4j.core.config.properties.PropertiesConfigurationTest
2016-07-16 05:11:24,082 [main] INFO : Welcome to Log4j!
Tests run: 1, Failures: 0, Errors: 0, Skipped: 0, Time elapsed: 0.01 sec - in org.apache.logging.log4j.core.config.properties.PropertiesConfigurationTest
Running org.apache.logging.log4j.core.config.JiraLog4j2_1100YamlBadTest
Tests run: 1, Failures: 0, Errors: 0, Skipped: 1, Time elapsed: 0.001 sec - in org.apache.logging.log4j.core.config.JiraLog4j2_1100YamlBadTest
Running org.apache.logging.log4j.core.config.CompositeConfigurationTest
Tests run: 1, Failures: 0, Errors: 0, Skipped: 0, Time elapsed: 0.571 sec - in org.apache.logging.log4j.core.config.CompositeConfigurationTest
Running org.apache.logging.log4j.core.config.FileOutputTest
Tests run: 1, Failures: 0, Errors: 0, Skipped: 0, Time elapsed: 2.431 sec - in org.apache.logging.log4j.core.config.FileOutputTest
Running org.apache.logging.log4j.core.config.plugins.convert.TypeConverterRegistryTest
Tests run: 6, Failures: 0, Errors: 0, Skipped: 0, Time elapsed: 0.136 sec - in org.apache.logging.log4j.core.config.plugins.convert.TypeConverterRegistryTest
Running org.apache.logging.log4j.core.config.plugins.convert.TypeConvertersTest
Tests run: 94, Failures: 0, Errors: 0, Skipped: 0, Time elapsed: 0.145 sec - in org.apache.logging.log4j.core.config.plugins.convert.TypeConvertersTest
Running org.apache.logging.log4j.core.config.plugins.processor.PluginProcessorTest
Tests run: 4, Failures: 0, Errors: 0, Skipped: 0, Time elapsed: 0.002 sec - in org.apache.logging.log4j.core.config.plugins.processor.PluginProcessorTest
Running org.apache.logging.log4j.core.config.plugins.validation.validators.RequiredValidatorTest
Tests run: 2, Failures: 0, Errors: 0, Skipped: 0, Time elapsed: 0.175 sec - in org.apache.logging.log4j.core.config.plugins.validation.validators.RequiredValidatorTest
Running org.apache.logging.log4j.core.config.plugins.util.PluginManagerPackagesTest
Tests run: 1, Failures: 0, Errors: 0, Skipped: 0, Time elapsed: 1.166 sec - in org.apache.logging.log4j.core.config.plugins.util.PluginManagerPackagesTest
Running org.apache.logging.log4j.core.config.plugins.util.ResolverUtilTest
Tests run: 16, Failures: 0, Errors: 0, Skipped: 4, Time elapsed: 0.039 sec - in org.apache.logging.log4j.core.config.plugins.util.ResolverUtilTest
Running org.apache.logging.log4j.core.config.TestConfigurator
2016-07-16 05:11:43,020 main ERROR FileManager (/VeryLongDirectoryNameaaaaaaaaaaAAAAAAAAAAbbbbbbbbbbBBBBBBBBBBccccccccccCCCCCCCCCCddddddddddDDDDDDDDDDeeeeeeeeeeEEEEEEEEEEffffffffffFFFFFFFFFFggggggggggGGGGGGGGGGhhhhhhhhhhHHHHHHHHHHiiiiiiiiiiIIIIIIIIIIjjjjjjjjjjJJJJJJJJJJkkkkkkkkkkKKKKKKKKKKllllllllllLLLLLLLLLLmmmmmmmmmmMMMMMMMMMM/test.log) java.io.FileNotFoundException: /VeryLongDirectoryNameaaaaaaaaaaAAAAAAAAAAbbbbbbbbbbBBBBBBBBBBccccccccccCCCCCCCCCCddddddddddDDDDDDDDDDeeeeeeeeeeEEEEEEEEEEffffffffffFFFFFFFFFFggggggggggGGGGGGGGGGhhhhhhhhhhHHHHHHHHHHiiiiiiiiiiIIIIIIIIIIjjjjjjjjjjJJJJJJJJJJkkkkkkkkkkKKKKKKKKKKllllllllllLLLLLLLLLLmmmmmmmmmmMMMMMMMMMM/test.log (File name too long) java.io.FileNotFoundException: /VeryLongDirectoryNameaaaaaaaaaaAAAAAAAAAAbbbbbbbbbbBBBBBBBBBBccccccccccCCCCCCCCCCddddddddddDDDDDDDDDDeeeeeeeeeeEEEEEEEEEEffffffffffFFFFFFFFFFggggggggggGGGGGGGGGGhhhhhhhhhhHHHHHHHHHHiiiiiiiiiiIIIIIIIIIIjjjjjjjjjjJJJJJJJJJJkkkkkkkkkkKKKKKKKKKKllllllllllLLLLLLLLLLmmmmmmmmmmMMMMMMMMMM/test.log (File name too long)
	at java.io.FileOutputStream.open(Native Method)
	at java.io.FileOutputStream.<init>(FileOutputStream.java:221)
	at java.io.FileOutputStream.<init>(FileOutputStream.java:142)
	at org.apache.logging.log4j.core.appender.FileManager$FileManagerFactory.createManager(FileManager.java:216)
	at org.apache.logging.log4j.core.appender.FileManager$FileManagerFactory.createManager(FileManager.java:197)
	at org.apache.logging.log4j.core.appender.AbstractManager.getManager(AbstractManager.java:73)
	at org.apache.logging.log4j.core.appender.OutputStreamManager.getManager(OutputStreamManager.java:80)
	at org.apache.logging.log4j.core.appender.FileManager.getFileManager(FileManager.java:84)
	at org.apache.logging.log4j.core.appender.FileAppender.createAppender(FileAppender.java:147)
	at sun.reflect.NativeMethodAccessorImpl.invoke0(Native Method)
	at sun.reflect.NativeMethodAccessorImpl.invoke(NativeMethodAccessorImpl.java:57)
	at sun.reflect.DelegatingMethodAccessorImpl.invoke(DelegatingMethodAccessorImpl.java:43)
	at java.lang.reflect.Method.invoke(Method.java:606)
	at org.apache.logging.log4j.core.config.plugins.util.PluginBuilder.build(PluginBuilder.java:132)
	at org.apache.logging.log4j.core.config.AbstractConfiguration.createPluginObject(AbstractConfiguration.java:918)
	at org.apache.logging.log4j.core.config.AbstractConfiguration.createConfiguration(AbstractConfiguration.java:858)
	at org.apache.logging.log4j.core.config.AbstractConfiguration.createConfiguration(AbstractConfiguration.java:850)
	at org.apache.logging.log4j.core.config.AbstractConfiguration.doConfigure(AbstractConfiguration.java:479)
	at org.apache.logging.log4j.core.config.AbstractConfiguration.initialize(AbstractConfiguration.java:219)
	at org.apache.logging.log4j.core.config.AbstractConfiguration.start(AbstractConfiguration.java:231)
	at org.apache.logging.log4j.core.LoggerContext.setConfiguration(LoggerContext.java:491)
	at org.apache.logging.log4j.core.LoggerContext.start(LoggerContext.java:244)
	at org.apache.logging.log4j.core.impl.Log4jContextFactory.getContext(Log4jContextFactory.java:239)
	at org.apache.logging.log4j.core.config.Configurator.initialize(Configurator.java:158)
	at org.apache.logging.log4j.core.config.Configurator.initialize(Configurator.java:130)
	at org.apache.logging.log4j.core.config.Configurator.initialize(Configurator.java:100)
	at org.apache.logging.log4j.core.config.Configurator.initialize(Configurator.java:188)
	at org.apache.logging.log4j.core.config.TestConfigurator.testBadFileName(TestConfigurator.java:357)
	at sun.reflect.NativeMethodAccessorImpl.invoke0(Native Method)
	at sun.reflect.NativeMethodAccessorImpl.invoke(NativeMethodAccessorImpl.java:57)
	at sun.reflect.DelegatingMethodAccessorImpl.invoke(DelegatingMethodAccessorImpl.java:43)
	at java.lang.reflect.Method.invoke(Method.java:606)
	at org.junit.runners.model.FrameworkMethod$1.runReflectiveCall(FrameworkMethod.java:50)
	at org.junit.internal.runners.model.ReflectiveCallable.run(ReflectiveCallable.java:12)
	at org.junit.runners.model.FrameworkMethod.invokeExplosively(FrameworkMethod.java:47)
	at org.junit.internal.runners.statements.InvokeMethod.evaluate(InvokeMethod.java:17)
	at org.junit.internal.runners.statements.RunAfters.evaluate(RunAfters.java:27)
	at org.junit.runners.ParentRunner.runLeaf(ParentRunner.java:325)
	at org.junit.runners.BlockJUnit4ClassRunner.runChild(BlockJUnit4ClassRunner.java:78)
	at org.junit.runners.BlockJUnit4ClassRunner.runChild(BlockJUnit4ClassRunner.java:57)
	at org.junit.runners.ParentRunner$3.run(ParentRunner.java:290)
	at org.junit.runners.ParentRunner$1.schedule(ParentRunner.java:71)
	at org.junit.runners.ParentRunner.runChildren(ParentRunner.java:288)
	at org.junit.runners.ParentRunner.access$000(ParentRunner.java:58)
	at org.junit.runners.ParentRunner$2.evaluate(ParentRunner.java:268)
	at org.junit.runners.ParentRunner.run(ParentRunner.java:363)
	at org.junit.runners.Suite.runChild(Suite.java:128)
	at org.junit.runners.Suite.runChild(Suite.java:27)
	at org.junit.runners.ParentRunner$3.run(ParentRunner.java:290)
	at org.junit.runners.ParentRunner$1.schedule(ParentRunner.java:71)
	at org.junit.runners.ParentRunner.runChildren(ParentRunner.java:288)
	at org.junit.runners.ParentRunner.access$000(ParentRunner.java:58)
	at org.junit.runners.ParentRunner$2.evaluate(ParentRunner.java:268)
	at org.junit.runners.ParentRunner.run(ParentRunner.java:363)
	at org.apache.maven.surefire.junitcore.JUnitCore.run(JUnitCore.java:55)
	at org.apache.maven.surefire.junitcore.JUnitCoreWrapper.createRequestAndRun(JUnitCoreWrapper.java:137)
	at org.apache.maven.surefire.junitcore.JUnitCoreWrapper.executeEager(JUnitCoreWrapper.java:107)
	at org.apache.maven.surefire.junitcore.JUnitCoreWrapper.execute(JUnitCoreWrapper.java:83)
	at org.apache.maven.surefire.junitcore.JUnitCoreWrapper.execute(JUnitCoreWrapper.java:75)
	at org.apache.maven.surefire.junitcore.JUnitCoreProvider.invoke(JUnitCoreProvider.java:161)
	at org.apache.maven.surefire.booter.ForkedBooter.invokeProviderInSameClassLoader(ForkedBooter.java:290)
	at org.apache.maven.surefire.booter.ForkedBooter.runSuitesInProcess(ForkedBooter.java:242)
	at org.apache.maven.surefire.booter.ForkedBooter.main(ForkedBooter.java:121)

2016-07-16 05:11:43,024 main ERROR Unable to invoke factory method in class class org.apache.logging.log4j.core.appender.FileAppender for element File. java.lang.reflect.InvocationTargetException
	at sun.reflect.NativeMethodAccessorImpl.invoke0(Native Method)
	at sun.reflect.NativeMethodAccessorImpl.invoke(NativeMethodAccessorImpl.java:57)
	at sun.reflect.DelegatingMethodAccessorImpl.invoke(DelegatingMethodAccessorImpl.java:43)
	at java.lang.reflect.Method.invoke(Method.java:606)
	at org.apache.logging.log4j.core.config.plugins.util.PluginBuilder.build(PluginBuilder.java:132)
	at org.apache.logging.log4j.core.config.AbstractConfiguration.createPluginObject(AbstractConfiguration.java:918)
	at org.apache.logging.log4j.core.config.AbstractConfiguration.createConfiguration(AbstractConfiguration.java:858)
	at org.apache.logging.log4j.core.config.AbstractConfiguration.createConfiguration(AbstractConfiguration.java:850)
	at org.apache.logging.log4j.core.config.AbstractConfiguration.doConfigure(AbstractConfiguration.java:479)
	at org.apache.logging.log4j.core.config.AbstractConfiguration.initialize(AbstractConfiguration.java:219)
	at org.apache.logging.log4j.core.config.AbstractConfiguration.start(AbstractConfiguration.java:231)
	at org.apache.logging.log4j.core.LoggerContext.setConfiguration(LoggerContext.java:491)
	at org.apache.logging.log4j.core.LoggerContext.start(LoggerContext.java:244)
	at org.apache.logging.log4j.core.impl.Log4jContextFactory.getContext(Log4jContextFactory.java:239)
	at org.apache.logging.log4j.core.config.Configurator.initialize(Configurator.java:158)
	at org.apache.logging.log4j.core.config.Configurator.initialize(Configurator.java:130)
	at org.apache.logging.log4j.core.config.Configurator.initialize(Configurator.java:100)
	at org.apache.logging.log4j.core.config.Configurator.initialize(Configurator.java:188)
	at org.apache.logging.log4j.core.config.TestConfigurator.testBadFileName(TestConfigurator.java:357)
	at sun.reflect.NativeMethodAccessorImpl.invoke0(Native Method)
	at sun.reflect.NativeMethodAccessorImpl.invoke(NativeMethodAccessorImpl.java:57)
	at sun.reflect.DelegatingMethodAccessorImpl.invoke(DelegatingMethodAccessorImpl.java:43)
	at java.lang.reflect.Method.invoke(Method.java:606)
	at org.junit.runners.model.FrameworkMethod$1.runReflectiveCall(FrameworkMethod.java:50)
	at org.junit.internal.runners.model.ReflectiveCallable.run(ReflectiveCallable.java:12)
	at org.junit.runners.model.FrameworkMethod.invokeExplosively(FrameworkMethod.java:47)
	at org.junit.internal.runners.statements.InvokeMethod.evaluate(InvokeMethod.java:17)
	at org.junit.internal.runners.statements.RunAfters.evaluate(RunAfters.java:27)
	at org.junit.runners.ParentRunner.runLeaf(ParentRunner.java:325)
	at org.junit.runners.BlockJUnit4ClassRunner.runChild(BlockJUnit4ClassRunner.java:78)
	at org.junit.runners.BlockJUnit4ClassRunner.runChild(BlockJUnit4ClassRunner.java:57)
	at org.junit.runners.ParentRunner$3.run(ParentRunner.java:290)
	at org.junit.runners.ParentRunner$1.schedule(ParentRunner.java:71)
	at org.junit.runners.ParentRunner.runChildren(ParentRunner.java:288)
	at org.junit.runners.ParentRunner.access$000(ParentRunner.java:58)
	at org.junit.runners.ParentRunner$2.evaluate(ParentRunner.java:268)
	at org.junit.runners.ParentRunner.run(ParentRunner.java:363)
	at org.junit.runners.Suite.runChild(Suite.java:128)
	at org.junit.runners.Suite.runChild(Suite.java:27)
	at org.junit.runners.ParentRunner$3.run(ParentRunner.java:290)
	at org.junit.runners.ParentRunner$1.schedule(ParentRunner.java:71)
	at org.junit.runners.ParentRunner.runChildren(ParentRunner.java:288)
	at org.junit.runners.ParentRunner.access$000(ParentRunner.java:58)
	at org.junit.runners.ParentRunner$2.evaluate(ParentRunner.java:268)
	at org.junit.runners.ParentRunner.run(ParentRunner.java:363)
	at org.apache.maven.surefire.junitcore.JUnitCore.run(JUnitCore.java:55)
	at org.apache.maven.surefire.junitcore.JUnitCoreWrapper.createRequestAndRun(JUnitCoreWrapper.java:137)
	at org.apache.maven.surefire.junitcore.JUnitCoreWrapper.executeEager(JUnitCoreWrapper.java:107)
	at org.apache.maven.surefire.junitcore.JUnitCoreWrapper.execute(JUnitCoreWrapper.java:83)
	at org.apache.maven.surefire.junitcore.JUnitCoreWrapper.execute(JUnitCoreWrapper.java:75)
	at org.apache.maven.surefire.junitcore.JUnitCoreProvider.invoke(JUnitCoreProvider.java:161)
	at org.apache.maven.surefire.booter.ForkedBooter.invokeProviderInSameClassLoader(ForkedBooter.java:290)
	at org.apache.maven.surefire.booter.ForkedBooter.runSuitesInProcess(ForkedBooter.java:242)
	at org.apache.maven.surefire.booter.ForkedBooter.main(ForkedBooter.java:121)
Caused by: java.lang.IllegalStateException: ManagerFactory [org.apache.logging.log4j.core.appender.FileManager$FileManagerFactory@78c7f05] unable to create manager for [/VeryLongDirectoryNameaaaaaaaaaaAAAAAAAAAAbbbbbbbbbbBBBBBBBBBBccccccccccCCCCCCCCCCddddddddddDDDDDDDDDDeeeeeeeeeeEEEEEEEEEEffffffffffFFFFFFFFFFggggggggggGGGGGGGGGGhhhhhhhhhhHHHHHHHHHHiiiiiiiiiiIIIIIIIIIIjjjjjjjjjjJJJJJJJJJJkkkkkkkkkkKKKKKKKKKKllllllllllLLLLLLLLLLmmmmmmmmmmMMMMMMMMMM/test.log] with data [org.apache.logging.log4j.core.appender.FileManager$FactoryData@18e72522]
	at org.apache.logging.log4j.core.appender.AbstractManager.getManager(AbstractManager.java:75)
	at org.apache.logging.log4j.core.appender.OutputStreamManager.getManager(OutputStreamManager.java:80)
	at org.apache.logging.log4j.core.appender.FileManager.getFileManager(FileManager.java:84)
	at org.apache.logging.log4j.core.appender.FileAppender.createAppender(FileAppender.java:147)
	... 54 more

2016-07-16 05:11:43,030 main ERROR Null object returned for File in Appenders.
2016-07-16 05:11:43,034 main ERROR Unable to locate appender "File" for logger config "org.apache.logging.log4j.test2"
2016-07-16 05:11:43,059 main ERROR Attempted to increment scheduled items after start
2016-07-16 05:11:43,123 main ERROR Unknown object "Logger" of type org.apache.logging.log4j.core.config.LoggerConfig is ignored: try nesting it inside one of: ["Appenders", "Loggers", "Properties", "Scripts", "CustomLevels"].
2016-07-16 05:11:43,125 main ERROR Unknown object "Logger" of type org.apache.logging.log4j.core.config.LoggerConfig is ignored: try nesting it inside one of: ["Appenders", "Loggers", "Properties", "Scripts", "CustomLevels"].
2016-07-16 05:11:43,126 main ERROR Unknown object "Root" of type org.apache.logging.log4j.core.config.LoggerConfig is ignored: try nesting it inside one of: ["Appenders", "Loggers", "Properties", "Scripts", "CustomLevels"].
2016-07-16 05:11:43,137 main ERROR Console contains an invalid element or attribute "TypoLayout"
Tests run: 19, Failures: 0, Errors: 0, Skipped: 0, Time elapsed: 7.238 sec - in org.apache.logging.log4j.core.config.TestConfigurator
Running org.apache.logging.log4j.core.config.AppenderControlArraySetTest
Tests run: 12, Failures: 0, Errors: 0, Skipped: 0, Time elapsed: 0.035 sec - in org.apache.logging.log4j.core.config.AppenderControlArraySetTest
Running org.apache.logging.log4j.core.config.ConfigurationTest
2016-07-16 05:11:55,265 main WARN The bufferSize is set to 8192 but bufferedIO is not true: false
2016-07-16 05:11:57,304 main WARN The bufferSize is set to 8192 but bufferedIO is not true: false
2016-07-16 05:11:59,352 main WARN The bufferSize is set to 8192 but bufferedIO is not true: false
2016-07-16 05:12:01,398 main WARN The bufferSize is set to 8192 but bufferedIO is not true: false
2016-07-16 05:12:03,450 main WARN The bufferSize is set to 8192 but bufferedIO is not true: false
2016-07-16 05:12:05,562 main WARN The bufferSize is set to 8192 but bufferedIO is not true: false
2016-07-16 05:12:07,610 main WARN The bufferSize is set to 8192 but bufferedIO is not true: false
2016-07-16 05:12:09,643 main WARN The bufferSize is set to 8192 but bufferedIO is not true: false
2016-07-16 05:12:11,665 main WARN The bufferSize is set to 8192 but bufferedIO is not true: false
2016-07-16 05:12:13,705 main WARN The bufferSize is set to 8192 but bufferedIO is not true: false
Tests run: 20, Failures: 0, Errors: 0, Skipped: 0, Time elapsed: 41.488 sec - in org.apache.logging.log4j.core.config.ConfigurationTest
Running org.apache.logging.log4j.core.config.ReconfigurationDeadlockTest
Tests run: 1, Failures: 0, Errors: 0, Skipped: 0, Time elapsed: 8.006 sec - in org.apache.logging.log4j.core.config.ReconfigurationDeadlockTest
Running org.apache.logging.log4j.core.config.TestConfiguratorError
Tests run: 2, Failures: 0, Errors: 0, Skipped: 0, Time elapsed: 0.041 sec - in org.apache.logging.log4j.core.config.TestConfiguratorError
Running org.apache.logging.log4j.core.StrictXmlConfigTest
Tests run: 10, Failures: 0, Errors: 0, Skipped: 0, Time elapsed: 0.03 sec - in org.apache.logging.log4j.core.StrictXmlConfigTest
Running org.apache.logging.log4j.core.util.IntegersTest
Tests run: 2, Failures: 0, Errors: 0, Skipped: 0, Time elapsed: 0.002 sec - in org.apache.logging.log4j.core.util.IntegersTest
Running org.apache.logging.log4j.core.util.DummyNanoClockTest
Tests run: 2, Failures: 0, Errors: 0, Skipped: 0, Time elapsed: 0.002 sec - in org.apache.logging.log4j.core.util.DummyNanoClockTest
Running org.apache.logging.log4j.core.util.SystemClockTest
Tests run: 2, Failures: 0, Errors: 0, Skipped: 0, Time elapsed: 0.103 sec - in org.apache.logging.log4j.core.util.SystemClockTest
Running org.apache.logging.log4j.core.util.CronExpressionTest
Tests run: 4, Failures: 0, Errors: 0, Skipped: 0, Time elapsed: 0.026 sec - in org.apache.logging.log4j.core.util.CronExpressionTest
Running org.apache.logging.log4j.core.util.UuidTest
Elapsed for 2000 UUIDS = 616932711 Average = 308466 ns
Elapsed for 200 UUIDS = 245352 Average = 1226 ns
Tests run: 2, Failures: 0, Errors: 0, Skipped: 0, Time elapsed: 0.082 sec - in org.apache.logging.log4j.core.util.UuidTest
Running org.apache.logging.log4j.core.util.datetime.FixedDateFormatTest
Tests run: 20, Failures: 0, Errors: 0, Skipped: 0, Time elapsed: 1.1 sec - in org.apache.logging.log4j.core.util.datetime.FixedDateFormatTest
Running org.apache.logging.log4j.core.util.NetUtilsTest
Tests run: 3, Failures: 0, Errors: 0, Skipped: 2, Time elapsed: 0.031 sec - in org.apache.logging.log4j.core.util.NetUtilsTest
Running org.apache.logging.log4j.core.util.ShutdownCallbackRegistryTest
Tests run: 1, Failures: 0, Errors: 0, Skipped: 0, Time elapsed: 0.388 sec - in org.apache.logging.log4j.core.util.ShutdownCallbackRegistryTest
Running org.apache.logging.log4j.core.util.SystemNanoClockTest
Tests run: 1, Failures: 0, Errors: 0, Skipped: 0, Time elapsed: 0.002 sec - in org.apache.logging.log4j.core.util.SystemNanoClockTest
Running org.apache.logging.log4j.core.util.FileUtilsTest
Tests run: 4, Failures: 0, Errors: 0, Skipped: 0, Time elapsed: 0.034 sec - in org.apache.logging.log4j.core.util.FileUtilsTest
Running org.apache.logging.log4j.core.util.ClockFactoryTest
Tests run: 8, Failures: 0, Errors: 0, Skipped: 0, Time elapsed: 0.051 sec - in org.apache.logging.log4j.core.util.ClockFactoryTest
Running org.apache.logging.log4j.core.util.ThrowablesTest
Tests run: 6, Failures: 0, Errors: 0, Skipped: 0, Time elapsed: 0.003 sec - in org.apache.logging.log4j.core.util.ThrowablesTest
Running org.apache.logging.log4j.core.util.WatchManagerTest
target/testWatchFile was modified
Tests run: 1, Failures: 0, Errors: 0, Skipped: 0, Time elapsed: 2.048 sec - in org.apache.logging.log4j.core.util.WatchManagerTest
Running org.apache.logging.log4j.core.PatternSelectorTest
Tests run: 3, Failures: 0, Errors: 0, Skipped: 0, Time elapsed: 0.084 sec - in org.apache.logging.log4j.core.PatternSelectorTest
Running org.apache.logging.log4j.core.CustomLevelsOverrideTest
Hello, World
Hello DIAG
Tests run: 4, Failures: 0, Errors: 0, Skipped: 0, Time elapsed: 0.021 sec - in org.apache.logging.log4j.core.CustomLevelsOverrideTest
Running org.apache.logging.log4j.core.GcFreeMixedSyncAyncLoggingTest
Tests run: 1, Failures: 0, Errors: 0, Skipped: 0, Time elapsed: 4.899 sec - in org.apache.logging.log4j.core.GcFreeMixedSyncAyncLoggingTest
Running org.apache.logging.log4j.core.Log4j1222Test
Tests run: 1, Failures: 0, Errors: 0, Skipped: 0, Time elapsed: 0.002 sec - in org.apache.logging.log4j.core.Log4j1222Test
 INFO Attempt to trigger
Running org.apache.logging.log4j.core.impl.MutableLogEventTest
Tests run: 4, Failures: 0, Errors: 0, Skipped: 0, Time elapsed: 0.1 sec - in org.apache.logging.log4j.core.impl.MutableLogEventTest
Running org.apache.logging.log4j.core.impl.Log4jLogEventTest
Tests run: 10, Failures: 0, Errors: 0, Skipped: 0, Time elapsed: 0.12 sec - in org.apache.logging.log4j.core.impl.Log4jLogEventTest
Running org.apache.logging.log4j.core.impl.Log4jLogEventNanoTimeTest
Tests run: 1, Failures: 0, Errors: 0, Skipped: 0, Time elapsed: 0.501 sec - in org.apache.logging.log4j.core.impl.Log4jLogEventNanoTimeTest
Running org.apache.logging.log4j.core.impl.ThrowableFormatOptionsTest
Tests run: 35, Failures: 0, Errors: 0, Skipped: 0, Time elapsed: 0.06 sec - in org.apache.logging.log4j.core.impl.ThrowableFormatOptionsTest
Running org.apache.logging.log4j.core.impl.ThrowableProxyTest
05:13:02.721 [main] ERROR org.apache.logging.log4j.core.impl.ThrowableProxyTest - I always throw an Error when initialized
java.lang.Error: I always throw an Error when initialized
	at org.apache.logging.log4j.core.impl.ThrowableProxyTest$AlwaysThrowsError.<clinit>(ThrowableProxyTest.java:53) ~[test-classes/:?]
	at org.apache.logging.log4j.core.impl.ThrowableProxyTest.testLogStackTraceWithClassThatCannotInitialize(ThrowableProxyTest.java:106) [test-classes/:?]
	at sun.reflect.NativeMethodAccessorImpl.invoke0(Native Method) ~[?:1.7.0_101]
	at sun.reflect.NativeMethodAccessorImpl.invoke(NativeMethodAccessorImpl.java:57) ~[?:1.7.0_101]
	at sun.reflect.DelegatingMethodAccessorImpl.invoke(DelegatingMethodAccessorImpl.java:43) ~[?:1.7.0_101]
	at java.lang.reflect.Method.invoke(Method.java:606) ~[?:1.7.0_101]
	at org.junit.runners.model.FrameworkMethod$1.runReflectiveCall(FrameworkMethod.java:50) [junit-4.12.jar:4.12]
	at org.junit.internal.runners.model.ReflectiveCallable.run(ReflectiveCallable.java:12) [junit-4.12.jar:4.12]
	at org.junit.runners.model.FrameworkMethod.invokeExplosively(FrameworkMethod.java:47) [junit-4.12.jar:4.12]
	at org.junit.internal.runners.statements.InvokeMethod.evaluate(InvokeMethod.java:17) [junit-4.12.jar:4.12]
	at org.junit.runners.ParentRunner.runLeaf(ParentRunner.java:325) [junit-4.12.jar:4.12]
	at org.junit.runners.BlockJUnit4ClassRunner.runChild(BlockJUnit4ClassRunner.java:78) [junit-4.12.jar:4.12]
	at org.junit.runners.BlockJUnit4ClassRunner.runChild(BlockJUnit4ClassRunner.java:57) [junit-4.12.jar:4.12]
	at org.junit.runners.ParentRunner$3.run(ParentRunner.java:290) [junit-4.12.jar:4.12]
	at org.junit.runners.ParentRunner$1.schedule(ParentRunner.java:71) [junit-4.12.jar:4.12]
	at org.junit.runners.ParentRunner.runChildren(ParentRunner.java:288) [junit-4.12.jar:4.12]
	at org.junit.runners.ParentRunner.access$000(ParentRunner.java:58) [junit-4.12.jar:4.12]
	at org.junit.runners.ParentRunner$2.evaluate(ParentRunner.java:268) [junit-4.12.jar:4.12]
	at org.junit.runners.ParentRunner.run(ParentRunner.java:363) [junit-4.12.jar:4.12]
	at org.junit.runners.Suite.runChild(Suite.java:128) [junit-4.12.jar:4.12]
	at org.junit.runners.Suite.runChild(Suite.java:27) [junit-4.12.jar:4.12]
	at org.junit.runners.ParentRunner$3.run(ParentRunner.java:290) [junit-4.12.jar:4.12]
	at org.junit.runners.ParentRunner$1.schedule(ParentRunner.java:71) [junit-4.12.jar:4.12]
	at org.junit.runners.ParentRunner.runChildren(ParentRunner.java:288) [junit-4.12.jar:4.12]
	at org.junit.runners.ParentRunner.access$000(ParentRunner.java:58) [junit-4.12.jar:4.12]
	at org.junit.runners.ParentRunner$2.evaluate(ParentRunner.java:268) [junit-4.12.jar:4.12]
	at org.junit.runners.ParentRunner.run(ParentRunner.java:363) [junit-4.12.jar:4.12]
	at org.apache.maven.surefire.junitcore.JUnitCore.run(JUnitCore.java:55) [surefire-junit47-2.19.1.jar:2.19.1]
	at org.apache.maven.surefire.junitcore.JUnitCoreWrapper.createRequestAndRun(JUnitCoreWrapper.java:137) [surefire-junit47-2.19.1.jar:2.19.1]
	at org.apache.maven.surefire.junitcore.JUnitCoreWrapper.executeEager(JUnitCoreWrapper.java:107) [surefire-junit47-2.19.1.jar:2.19.1]
	at org.apache.maven.surefire.junitcore.JUnitCoreWrapper.execute(JUnitCoreWrapper.java:83) [surefire-junit47-2.19.1.jar:2.19.1]
	at org.apache.maven.surefire.junitcore.JUnitCoreWrapper.execute(JUnitCoreWrapper.java:75) [surefire-junit47-2.19.1.jar:2.19.1]
	at org.apache.maven.surefire.junitcore.JUnitCoreProvider.invoke(JUnitCoreProvider.java:161) [surefire-junit47-2.19.1.jar:2.19.1]
	at org.apache.maven.surefire.booter.ForkedBooter.invokeProviderInSameClassLoader(ForkedBooter.java:290) [surefire-booter-2.19.1.jar:2.19.1]
	at org.apache.maven.surefire.booter.ForkedBooter.runSuitesInProcess(ForkedBooter.java:242) [surefire-booter-2.19.1.jar:2.19.1]
	at org.apache.maven.surefire.booter.ForkedBooter.main(ForkedBooter.java:121) [surefire-booter-2.19.1.jar:2.19.1]
05:13:02.724 [main] ERROR org.apache.logging.log4j.core.impl.ThrowableProxyTest - java.lang.Error: I always throw an Error when initialized
05:13:02.724 [main] ERROR org.apache.logging.log4j.core.impl.ThrowableProxyTest - Error
java.lang.Exception
	at org.apache.logging.log4j.core.impl.ThrowableProxyTest.testCircularSuppressedExceptions(ThrowableProxyTest.java:246) [test-classes/:?]
	at sun.reflect.NativeMethodAccessorImpl.invoke0(Native Method) ~[?:1.7.0_101]
	at sun.reflect.NativeMethodAccessorImpl.invoke(NativeMethodAccessorImpl.java:57) ~[?:1.7.0_101]
	at sun.reflect.DelegatingMethodAccessorImpl.invoke(DelegatingMethodAccessorImpl.java:43) ~[?:1.7.0_101]
	at java.lang.reflect.Method.invoke(Method.java:606) ~[?:1.7.0_101]
	at org.junit.runners.model.FrameworkMethod$1.runReflectiveCall(FrameworkMethod.java:50) [junit-4.12.jar:4.12]
	at org.junit.internal.runners.model.ReflectiveCallable.run(ReflectiveCallable.java:12) [junit-4.12.jar:4.12]
	at org.junit.runners.model.FrameworkMethod.invokeExplosively(FrameworkMethod.java:47) [junit-4.12.jar:4.12]
	at org.junit.internal.runners.statements.InvokeMethod.evaluate(InvokeMethod.java:17) [junit-4.12.jar:4.12]
	at org.junit.runners.ParentRunner.runLeaf(ParentRunner.java:325) [junit-4.12.jar:4.12]
	at org.junit.runners.BlockJUnit4ClassRunner.runChild(BlockJUnit4ClassRunner.java:78) [junit-4.12.jar:4.12]
	at org.junit.runners.BlockJUnit4ClassRunner.runChild(BlockJUnit4ClassRunner.java:57) [junit-4.12.jar:4.12]
	at org.junit.runners.ParentRunner$3.run(ParentRunner.java:290) [junit-4.12.jar:4.12]
	at org.junit.runners.ParentRunner$1.schedule(ParentRunner.java:71) [junit-4.12.jar:4.12]
	at org.junit.runners.ParentRunner.runChildren(ParentRunner.java:288) [junit-4.12.jar:4.12]
	at org.junit.runners.ParentRunner.access$000(ParentRunner.java:58) [junit-4.12.jar:4.12]
	at org.junit.runners.ParentRunner$2.evaluate(ParentRunner.java:268) [junit-4.12.jar:4.12]
	at org.junit.runners.ParentRunner.run(ParentRunner.java:363) [junit-4.12.jar:4.12]
	at org.junit.runners.Suite.runChild(Suite.java:128) [junit-4.12.jar:4.12]
	at org.junit.runners.Suite.runChild(Suite.java:27) [junit-4.12.jar:4.12]
	at org.junit.runners.ParentRunner$3.run(ParentRunner.java:290) [junit-4.12.jar:4.12]
	at org.junit.runners.ParentRunner$1.schedule(ParentRunner.java:71) [junit-4.12.jar:4.12]
	at org.junit.runners.ParentRunner.runChildren(ParentRunner.java:288) [junit-4.12.jar:4.12]
	at org.junit.runners.ParentRunner.access$000(ParentRunner.java:58) [junit-4.12.jar:4.12]
	at org.junit.runners.ParentRunner$2.evaluate(ParentRunner.java:268) [junit-4.12.jar:4.12]
	at org.junit.runners.ParentRunner.run(ParentRunner.java:363) [junit-4.12.jar:4.12]
	at org.apache.maven.surefire.junitcore.JUnitCore.run(JUnitCore.java:55) [surefire-junit47-2.19.1.jar:2.19.1]
	at org.apache.maven.surefire.junitcore.JUnitCoreWrapper.createRequestAndRun(JUnitCoreWrapper.java:137) [surefire-junit47-2.19.1.jar:2.19.1]
	at org.apache.maven.surefire.junitcore.JUnitCoreWrapper.executeEager(JUnitCoreWrapper.java:107) [surefire-junit47-2.19.1.jar:2.19.1]
	at org.apache.maven.surefire.junitcore.JUnitCoreWrapper.execute(JUnitCoreWrapper.java:83) [surefire-junit47-2.19.1.jar:2.19.1]
	at org.apache.maven.surefire.junitcore.JUnitCoreWrapper.execute(JUnitCoreWrapper.java:75) [surefire-junit47-2.19.1.jar:2.19.1]
	at org.apache.maven.surefire.junitcore.JUnitCoreProvider.invoke(JUnitCoreProvider.java:161) [surefire-junit47-2.19.1.jar:2.19.1]
	at org.apache.maven.surefire.booter.ForkedBooter.invokeProviderInSameClassLoader(ForkedBooter.java:290) [surefire-booter-2.19.1.jar:2.19.1]
	at org.apache.maven.surefire.booter.ForkedBooter.runSuitesInProcess(ForkedBooter.java:242) [surefire-booter-2.19.1.jar:2.19.1]
	at org.apache.maven.surefire.booter.ForkedBooter.main(ForkedBooter.java:121) [surefire-booter-2.19.1.jar:2.19.1]
	Suppressed: java.lang.Exception
		at org.apache.logging.log4j.core.impl.ThrowableProxyTest.testCircularSuppressedExceptions(ThrowableProxyTest.java:247) [test-classes/:?]
		at sun.reflect.NativeMethodAccessorImpl.invoke0(Native Method) ~[?:1.7.0_101]
		at sun.reflect.NativeMethodAccessorImpl.invoke(NativeMethodAccessorImpl.java:57) ~[?:1.7.0_101]
		at sun.reflect.DelegatingMethodAccessorImpl.invoke(DelegatingMethodAccessorImpl.java:43) ~[?:1.7.0_101]
		at java.lang.reflect.Method.invoke(Method.java:606) ~[?:1.7.0_101]
		at org.junit.runners.model.FrameworkMethod$1.runReflectiveCall(FrameworkMethod.java:50) [junit-4.12.jar:4.12]
		at org.junit.internal.runners.model.ReflectiveCallable.run(ReflectiveCallable.java:12) [junit-4.12.jar:4.12]
		at org.junit.runners.model.FrameworkMethod.invokeExplosively(FrameworkMethod.java:47) [junit-4.12.jar:4.12]
		at org.junit.internal.runners.statements.InvokeMethod.evaluate(InvokeMethod.java:17) [junit-4.12.jar:4.12]
		at org.junit.runners.ParentRunner.runLeaf(ParentRunner.java:325) [junit-4.12.jar:4.12]
		at org.junit.runners.BlockJUnit4ClassRunner.runChild(BlockJUnit4ClassRunner.java:78) [junit-4.12.jar:4.12]
		at org.junit.runners.BlockJUnit4ClassRunner.runChild(BlockJUnit4ClassRunner.java:57) [junit-4.12.jar:4.12]
		at org.junit.runners.ParentRunner$3.run(ParentRunner.java:290) [junit-4.12.jar:4.12]
		at org.junit.runners.ParentRunner$1.schedule(ParentRunner.java:71) [junit-4.12.jar:4.12]
		at org.junit.runners.ParentRunner.runChildren(ParentRunner.java:288) [junit-4.12.jar:4.12]
		at org.junit.runners.ParentRunner.access$000(ParentRunner.java:58) [junit-4.12.jar:4.12]
		at org.junit.runners.ParentRunner$2.evaluate(ParentRunner.java:268) [junit-4.12.jar:4.12]
		at org.junit.runners.ParentRunner.run(ParentRunner.java:363) [junit-4.12.jar:4.12]
		at org.junit.runners.Suite.runChild(Suite.java:128) [junit-4.12.jar:4.12]
		at org.junit.runners.Suite.runChild(Suite.java:27) [junit-4.12.jar:4.12]
		at org.junit.runners.ParentRunner$3.run(ParentRunner.java:290) [junit-4.12.jar:4.12]
		at org.junit.runners.ParentRunner$1.schedule(ParentRunner.java:71) [junit-4.12.jar:4.12]
		at org.junit.runners.ParentRunner.runChildren(ParentRunner.java:288) [junit-4.12.jar:4.12]
		at org.junit.runners.ParentRunner.access$000(ParentRunner.java:58) [junit-4.12.jar:4.12]
		at org.junit.runners.ParentRunner$2.evaluate(ParentRunner.java:268) [junit-4.12.jar:4.12]
		at org.junit.runners.ParentRunner.run(ParentRunner.java:363) [junit-4.12.jar:4.12]
		at org.apache.maven.surefire.junitcore.JUnitCore.run(JUnitCore.java:55) [surefire-junit47-2.19.1.jar:2.19.1]
		at org.apache.maven.surefire.junitcore.JUnitCoreWrapper.createRequestAndRun(JUnitCoreWrapper.java:137) [surefire-junit47-2.19.1.jar:2.19.1]
		at org.apache.maven.surefire.junitcore.JUnitCoreWrapper.executeEager(JUnitCoreWrapper.java:107) [surefire-junit47-2.19.1.jar:2.19.1]
		at org.apache.maven.surefire.junitcore.JUnitCoreWrapper.execute(JUnitCoreWrapper.java:83) [surefire-junit47-2.19.1.jar:2.19.1]
		at org.apache.maven.surefire.junitcore.JUnitCoreWrapper.execute(JUnitCoreWrapper.java:75) [surefire-junit47-2.19.1.jar:2.19.1]
		at org.apache.maven.surefire.junitcore.JUnitCoreProvider.invoke(JUnitCoreProvider.java:161) [surefire-junit47-2.19.1.jar:2.19.1]
		at org.apache.maven.surefire.booter.ForkedBooter.invokeProviderInSameClassLoader(ForkedBooter.java:290) [surefire-booter-2.19.1.jar:2.19.1]
		at org.apache.maven.surefire.booter.ForkedBooter.runSuitesInProcess(ForkedBooter.java:242) [surefire-booter-2.19.1.jar:2.19.1]
		at org.apache.maven.surefire.booter.ForkedBooter.main(ForkedBooter.java:121) [surefire-booter-2.19.1.jar:2.19.1]
		Suppressed: java.lang.Exception
			at org.apache.logging.log4j.core.impl.ThrowableProxyTest.testCircularSuppressedExceptions(ThrowableProxyTest.java:246) [test-classes/:?]
			at sun.reflect.NativeMethodAccessorImpl.invoke0(Native Method) ~[?:1.7.0_101]
			at sun.reflect.NativeMethodAccessorImpl.invoke(NativeMethodAccessorImpl.java:57) ~[?:1.7.0_101]
			at sun.reflect.DelegatingMethodAccessorImpl.invoke(DelegatingMethodAccessorImpl.java:43) ~[?:1.7.0_101]
			at java.lang.reflect.Method.invoke(Method.java:606) ~[?:1.7.0_101]
			at org.junit.runners.model.FrameworkMethod$1.runReflectiveCall(FrameworkMethod.java:50) [junit-4.12.jar:4.12]
			at org.junit.internal.runners.model.ReflectiveCallable.run(ReflectiveCallable.java:12) [junit-4.12.jar:4.12]
			at org.junit.runners.model.FrameworkMethod.invokeExplosively(FrameworkMethod.java:47) [junit-4.12.jar:4.12]
			at org.junit.internal.runners.statements.InvokeMethod.evaluate(InvokeMethod.java:17) [junit-4.12.jar:4.12]
			at org.junit.runners.ParentRunner.runLeaf(ParentRunner.java:325) [junit-4.12.jar:4.12]
			at org.junit.runners.BlockJUnit4ClassRunner.runChild(BlockJUnit4ClassRunner.java:78) [junit-4.12.jar:4.12]
			at org.junit.runners.BlockJUnit4ClassRunner.runChild(BlockJUnit4ClassRunner.java:57) [junit-4.12.jar:4.12]
			at org.junit.runners.ParentRunner$3.run(ParentRunner.java:290) [junit-4.12.jar:4.12]
			at org.junit.runners.ParentRunner$1.schedule(ParentRunner.java:71) [junit-4.12.jar:4.12]
			at org.junit.runners.ParentRunner.runChildren(ParentRunner.java:288) [junit-4.12.jar:4.12]
			at org.junit.runners.ParentRunner.access$000(ParentRunner.java:58) [junit-4.12.jar:4.12]
			at org.junit.runners.ParentRunner$2.evaluate(ParentRunner.java:268) [junit-4.12.jar:4.12]
			at org.junit.runners.ParentRunner.run(ParentRunner.java:363) [junit-4.12.jar:4.12]
			at org.junit.runners.Suite.runChild(Suite.java:128) [junit-4.12.jar:4.12]
			at org.junit.runners.Suite.runChild(Suite.java:27) [junit-4.12.jar:4.12]
			at org.junit.runners.ParentRunner$3.run(ParentRunner.java:290) [junit-4.12.jar:4.12]
			at org.junit.runners.ParentRunner$1.schedule(ParentRunner.java:71) [junit-4.12.jar:4.12]
			at org.junit.runners.ParentRunner.runChildren(ParentRunner.java:288) [junit-4.12.jar:4.12]
			at org.junit.runners.ParentRunner.access$000(ParentRunner.java:58) [junit-4.12.jar:4.12]
			at org.junit.runners.ParentRunner$2.evaluate(ParentRunner.java:268) [junit-4.12.jar:4.12]
			at org.junit.runners.ParentRunner.run(ParentRunner.java:363) [junit-4.12.jar:4.12]
			at org.apache.maven.surefire.junitcore.JUnitCore.run(JUnitCore.java:55) [surefire-junit47-2.19.1.jar:2.19.1]
			at org.apache.maven.surefire.junitcore.JUnitCoreWrapper.createRequestAndRun(JUnitCoreWrapper.java:137) [surefire-junit47-2.19.1.jar:2.19.1]
			at org.apache.maven.surefire.junitcore.JUnitCoreWrapper.executeEager(JUnitCoreWrapper.java:107) [surefire-junit47-2.19.1.jar:2.19.1]
			at org.apache.maven.surefire.junitcore.JUnitCoreWrapper.execute(JUnitCoreWrapper.java:83) [surefire-junit47-2.19.1.jar:2.19.1]
			at org.apache.maven.surefire.junitcore.JUnitCoreWrapper.execute(JUnitCoreWrapper.java:75) [surefire-junit47-2.19.1.jar:2.19.1]
			at org.apache.maven.surefire.junitcore.JUnitCoreProvider.invoke(JUnitCoreProvider.java:161) [surefire-junit47-2.19.1.jar:2.19.1]
			at org.apache.maven.surefire.booter.ForkedBooter.invokeProviderInSameClassLoader(ForkedBooter.java:290) [surefire-booter-2.19.1.jar:2.19.1]
			at org.apache.maven.surefire.booter.ForkedBooter.runSuitesInProcess(ForkedBooter.java:242) [surefire-booter-2.19.1.jar:2.19.1]
			at org.apache.maven.surefire.booter.ForkedBooter.main(ForkedBooter.java:121) [surefire-booter-2.19.1.jar:2.19.1]
05:13:02.733 [main] ERROR org.apache.logging.log4j.core.impl.ThrowableProxyTest - Error
java.lang.Exception: Root exception
	at org.apache.logging.log4j.core.impl.ThrowableProxyTest.testSuppressedExceptions(ThrowableProxyTest.java:255) [test-classes/:?]
	at sun.reflect.NativeMethodAccessorImpl.invoke0(Native Method) ~[?:1.7.0_101]
	at sun.reflect.NativeMethodAccessorImpl.invoke(NativeMethodAccessorImpl.java:57) ~[?:1.7.0_101]
	at sun.reflect.DelegatingMethodAccessorImpl.invoke(DelegatingMethodAccessorImpl.java:43) ~[?:1.7.0_101]
	at java.lang.reflect.Method.invoke(Method.java:606) ~[?:1.7.0_101]
	at org.junit.runners.model.FrameworkMethod$1.runReflectiveCall(FrameworkMethod.java:50) [junit-4.12.jar:4.12]
	at org.junit.internal.runners.model.ReflectiveCallable.run(ReflectiveCallable.java:12) [junit-4.12.jar:4.12]
	at org.junit.runners.model.FrameworkMethod.invokeExplosively(FrameworkMethod.java:47) [junit-4.12.jar:4.12]
	at org.junit.internal.runners.statements.InvokeMethod.evaluate(InvokeMethod.java:17) [junit-4.12.jar:4.12]
	at org.junit.runners.ParentRunner.runLeaf(ParentRunner.java:325) [junit-4.12.jar:4.12]
	at org.junit.runners.BlockJUnit4ClassRunner.runChild(BlockJUnit4ClassRunner.java:78) [junit-4.12.jar:4.12]
	at org.junit.runners.BlockJUnit4ClassRunner.runChild(BlockJUnit4ClassRunner.java:57) [junit-4.12.jar:4.12]
	at org.junit.runners.ParentRunner$3.run(ParentRunner.java:290) [junit-4.12.jar:4.12]
	at org.junit.runners.ParentRunner$1.schedule(ParentRunner.java:71) [junit-4.12.jar:4.12]
	at org.junit.runners.ParentRunner.runChildren(ParentRunner.java:288) [junit-4.12.jar:4.12]
	at org.junit.runners.ParentRunner.access$000(ParentRunner.java:58) [junit-4.12.jar:4.12]
	at org.junit.runners.ParentRunner$2.evaluate(ParentRunner.java:268) [junit-4.12.jar:4.12]
	at org.junit.runners.ParentRunner.run(ParentRunner.java:363) [junit-4.12.jar:4.12]
	at org.junit.runners.Suite.runChild(Suite.java:128) [junit-4.12.jar:4.12]
	at org.junit.runners.Suite.runChild(Suite.java:27) [junit-4.12.jar:4.12]
	at org.junit.runners.ParentRunner$3.run(ParentRunner.java:290) [junit-4.12.jar:4.12]
	at org.junit.runners.ParentRunner$1.schedule(ParentRunner.java:71) [junit-4.12.jar:4.12]
	at org.junit.runners.ParentRunner.runChildren(ParentRunner.java:288) [junit-4.12.jar:4.12]
	at org.junit.runners.ParentRunner.access$000(ParentRunner.java:58) [junit-4.12.jar:4.12]
	at org.junit.runners.ParentRunner$2.evaluate(ParentRunner.java:268) [junit-4.12.jar:4.12]
	at org.junit.runners.ParentRunner.run(ParentRunner.java:363) [junit-4.12.jar:4.12]
	at org.apache.maven.surefire.junitcore.JUnitCore.run(JUnitCore.java:55) [surefire-junit47-2.19.1.jar:2.19.1]
	at org.apache.maven.surefire.junitcore.JUnitCoreWrapper.createRequestAndRun(JUnitCoreWrapper.java:137) [surefire-junit47-2.19.1.jar:2.19.1]
	at org.apache.maven.surefire.junitcore.JUnitCoreWrapper.executeEager(JUnitCoreWrapper.java:107) [surefire-junit47-2.19.1.jar:2.19.1]
	at org.apache.maven.surefire.junitcore.JUnitCoreWrapper.execute(JUnitCoreWrapper.java:83) [surefire-junit47-2.19.1.jar:2.19.1]
	at org.apache.maven.surefire.junitcore.JUnitCoreWrapper.execute(JUnitCoreWrapper.java:75) [surefire-junit47-2.19.1.jar:2.19.1]
	at org.apache.maven.surefire.junitcore.JUnitCoreProvider.invoke(JUnitCoreProvider.java:161) [surefire-junit47-2.19.1.jar:2.19.1]
	at org.apache.maven.surefire.booter.ForkedBooter.invokeProviderInSameClassLoader(ForkedBooter.java:290) [surefire-booter-2.19.1.jar:2.19.1]
	at org.apache.maven.surefire.booter.ForkedBooter.runSuitesInProcess(ForkedBooter.java:242) [surefire-booter-2.19.1.jar:2.19.1]
	at org.apache.maven.surefire.booter.ForkedBooter.main(ForkedBooter.java:121) [surefire-booter-2.19.1.jar:2.19.1]
	Suppressed: java.io.IOException: Suppressed #1
		at org.apache.logging.log4j.core.impl.ThrowableProxyTest.testSuppressedExceptions(ThrowableProxyTest.java:256) [test-classes/:?]
		at sun.reflect.NativeMethodAccessorImpl.invoke0(Native Method) ~[?:1.7.0_101]
		at sun.reflect.NativeMethodAccessorImpl.invoke(NativeMethodAccessorImpl.java:57) ~[?:1.7.0_101]
		at sun.reflect.DelegatingMethodAccessorImpl.invoke(DelegatingMethodAccessorImpl.java:43) ~[?:1.7.0_101]
		at java.lang.reflect.Method.invoke(Method.java:606) ~[?:1.7.0_101]
		at org.junit.runners.model.FrameworkMethod$1.runReflectiveCall(FrameworkMethod.java:50) [junit-4.12.jar:4.12]
		at org.junit.internal.runners.model.ReflectiveCallable.run(ReflectiveCallable.java:12) [junit-4.12.jar:4.12]
		at org.junit.runners.model.FrameworkMethod.invokeExplosively(FrameworkMethod.java:47) [junit-4.12.jar:4.12]
		at org.junit.internal.runners.statements.InvokeMethod.evaluate(InvokeMethod.java:17) [junit-4.12.jar:4.12]
		at org.junit.runners.ParentRunner.runLeaf(ParentRunner.java:325) [junit-4.12.jar:4.12]
		at org.junit.runners.BlockJUnit4ClassRunner.runChild(BlockJUnit4ClassRunner.java:78) [junit-4.12.jar:4.12]
		at org.junit.runners.BlockJUnit4ClassRunner.runChild(BlockJUnit4ClassRunner.java:57) [junit-4.12.jar:4.12]
		at org.junit.runners.ParentRunner$3.run(ParentRunner.java:290) [junit-4.12.jar:4.12]
		at org.junit.runners.ParentRunner$1.schedule(ParentRunner.java:71) [junit-4.12.jar:4.12]
		at org.junit.runners.ParentRunner.runChildren(ParentRunner.java:288) [junit-4.12.jar:4.12]
		at org.junit.runners.ParentRunner.access$000(ParentRunner.java:58) [junit-4.12.jar:4.12]
		at org.junit.runners.ParentRunner$2.evaluate(ParentRunner.java:268) [junit-4.12.jar:4.12]
		at org.junit.runners.ParentRunner.run(ParentRunner.java:363) [junit-4.12.jar:4.12]
		at org.junit.runners.Suite.runChild(Suite.java:128) [junit-4.12.jar:4.12]
		at org.junit.runners.Suite.runChild(Suite.java:27) [junit-4.12.jar:4.12]
		at org.junit.runners.ParentRunner$3.run(ParentRunner.java:290) [junit-4.12.jar:4.12]
		at org.junit.runners.ParentRunner$1.schedule(ParentRunner.java:71) [junit-4.12.jar:4.12]
		at org.junit.runners.ParentRunner.runChildren(ParentRunner.java:288) [junit-4.12.jar:4.12]
		at org.junit.runners.ParentRunner.access$000(ParentRunner.java:58) [junit-4.12.jar:4.12]
		at org.junit.runners.ParentRunner$2.evaluate(ParentRunner.java:268) [junit-4.12.jar:4.12]
		at org.junit.runners.ParentRunner.run(ParentRunner.java:363) [junit-4.12.jar:4.12]
		at org.apache.maven.surefire.junitcore.JUnitCore.run(JUnitCore.java:55) [surefire-junit47-2.19.1.jar:2.19.1]
		at org.apache.maven.surefire.junitcore.JUnitCoreWrapper.createRequestAndRun(JUnitCoreWrapper.java:137) [surefire-junit47-2.19.1.jar:2.19.1]
		at org.apache.maven.surefire.junitcore.JUnitCoreWrapper.executeEager(JUnitCoreWrapper.java:107) [surefire-junit47-2.19.1.jar:2.19.1]
		at org.apache.maven.surefire.junitcore.JUnitCoreWrapper.execute(JUnitCoreWrapper.java:83) [surefire-junit47-2.19.1.jar:2.19.1]
		at org.apache.maven.surefire.junitcore.JUnitCoreWrapper.execute(JUnitCoreWrapper.java:75) [surefire-junit47-2.19.1.jar:2.19.1]
		at org.apache.maven.surefire.junitcore.JUnitCoreProvider.invoke(JUnitCoreProvider.java:161) [surefire-junit47-2.19.1.jar:2.19.1]
		at org.apache.maven.surefire.booter.ForkedBooter.invokeProviderInSameClassLoader(ForkedBooter.java:290) [surefire-booter-2.19.1.jar:2.19.1]
		at org.apache.maven.surefire.booter.ForkedBooter.runSuitesInProcess(ForkedBooter.java:242) [surefire-booter-2.19.1.jar:2.19.1]
		at org.apache.maven.surefire.booter.ForkedBooter.main(ForkedBooter.java:121) [surefire-booter-2.19.1.jar:2.19.1]
	Suppressed: java.io.IOException: Suppressed #2
		at org.apache.logging.log4j.core.impl.ThrowableProxyTest.testSuppressedExceptions(ThrowableProxyTest.java:257) [test-classes/:?]
		at sun.reflect.NativeMethodAccessorImpl.invoke0(Native Method) ~[?:1.7.0_101]
		at sun.reflect.NativeMethodAccessorImpl.invoke(NativeMethodAccessorImpl.java:57) ~[?:1.7.0_101]
		at sun.reflect.DelegatingMethodAccessorImpl.invoke(DelegatingMethodAccessorImpl.java:43) ~[?:1.7.0_101]
		at java.lang.reflect.Method.invoke(Method.java:606) ~[?:1.7.0_101]
		at org.junit.runners.model.FrameworkMethod$1.runReflectiveCall(FrameworkMethod.java:50) [junit-4.12.jar:4.12]
		at org.junit.internal.runners.model.ReflectiveCallable.run(ReflectiveCallable.java:12) [junit-4.12.jar:4.12]
		at org.junit.runners.model.FrameworkMethod.invokeExplosively(FrameworkMethod.java:47) [junit-4.12.jar:4.12]
		at org.junit.internal.runners.statements.InvokeMethod.evaluate(InvokeMethod.java:17) [junit-4.12.jar:4.12]
		at org.junit.runners.ParentRunner.runLeaf(ParentRunner.java:325) [junit-4.12.jar:4.12]
		at org.junit.runners.BlockJUnit4ClassRunner.runChild(BlockJUnit4ClassRunner.java:78) [junit-4.12.jar:4.12]
		at org.junit.runners.BlockJUnit4ClassRunner.runChild(BlockJUnit4ClassRunner.java:57) [junit-4.12.jar:4.12]
		at org.junit.runners.ParentRunner$3.run(ParentRunner.java:290) [junit-4.12.jar:4.12]
		at org.junit.runners.ParentRunner$1.schedule(ParentRunner.java:71) [junit-4.12.jar:4.12]
		at org.junit.runners.ParentRunner.runChildren(ParentRunner.java:288) [junit-4.12.jar:4.12]
		at org.junit.runners.ParentRunner.access$000(ParentRunner.java:58) [junit-4.12.jar:4.12]
		at org.junit.runners.ParentRunner$2.evaluate(ParentRunner.java:268) [junit-4.12.jar:4.12]
		at org.junit.runners.ParentRunner.run(ParentRunner.java:363) [junit-4.12.jar:4.12]
		at org.junit.runners.Suite.runChild(Suite.java:128) [junit-4.12.jar:4.12]
		at org.junit.runners.Suite.runChild(Suite.java:27) [junit-4.12.jar:4.12]
		at org.junit.runners.ParentRunner$3.run(ParentRunner.java:290) [junit-4.12.jar:4.12]
		at org.junit.runners.ParentRunner$1.schedule(ParentRunner.java:71) [junit-4.12.jar:4.12]
		at org.junit.runners.ParentRunner.runChildren(ParentRunner.java:288) [junit-4.12.jar:4.12]
		at org.junit.runners.ParentRunner.access$000(ParentRunner.java:58) [junit-4.12.jar:4.12]
		at org.junit.runners.ParentRunner$2.evaluate(ParentRunner.java:268) [junit-4.12.jar:4.12]
		at org.junit.runners.ParentRunner.run(ParentRunner.java:363) [junit-4.12.jar:4.12]
		at org.apache.maven.surefire.junitcore.JUnitCore.run(JUnitCore.java:55) [surefire-junit47-2.19.1.jar:2.19.1]
		at org.apache.maven.surefire.junitcore.JUnitCoreWrapper.createRequestAndRun(JUnitCoreWrapper.java:137) [surefire-junit47-2.19.1.jar:2.19.1]
		at org.apache.maven.surefire.junitcore.JUnitCoreWrapper.executeEager(JUnitCoreWrapper.java:107) [surefire-junit47-2.19.1.jar:2.19.1]
		at org.apache.maven.surefire.junitcore.JUnitCoreWrapper.execute(JUnitCoreWrapper.java:83) [surefire-junit47-2.19.1.jar:2.19.1]
		at org.apache.maven.surefire.junitcore.JUnitCoreWrapper.execute(JUnitCoreWrapper.java:75) [surefire-junit47-2.19.1.jar:2.19.1]
		at org.apache.maven.surefire.junitcore.JUnitCoreProvider.invoke(JUnitCoreProvider.java:161) [surefire-junit47-2.19.1.jar:2.19.1]
		at org.apache.maven.surefire.booter.ForkedBooter.invokeProviderInSameClassLoader(ForkedBooter.java:290) [surefire-booter-2.19.1.jar:2.19.1]
		at org.apache.maven.surefire.booter.ForkedBooter.runSuitesInProcess(ForkedBooter.java:242) [surefire-booter-2.19.1.jar:2.19.1]
		at org.apache.maven.surefire.booter.ForkedBooter.main(ForkedBooter.java:121) [surefire-booter-2.19.1.jar:2.19.1]
05:13:02.739 [main] ERROR org.apache.logging.log4j.core.impl.ThrowableProxyTest - Error
java.lang.Exception: java.lang.Exception: Nested exception
	at org.apache.logging.log4j.core.impl.ThrowableProxyTest.testCauseSuppressedExceptions(ThrowableProxyTest.java:270) [test-classes/:?]
	at sun.reflect.NativeMethodAccessorImpl.invoke0(Native Method) ~[?:1.7.0_101]
	at sun.reflect.NativeMethodAccessorImpl.invoke(NativeMethodAccessorImpl.java:57) ~[?:1.7.0_101]
	at sun.reflect.DelegatingMethodAccessorImpl.invoke(DelegatingMethodAccessorImpl.java:43) ~[?:1.7.0_101]
	at java.lang.reflect.Method.invoke(Method.java:606) ~[?:1.7.0_101]
	at org.junit.runners.model.FrameworkMethod$1.runReflectiveCall(FrameworkMethod.java:50) [junit-4.12.jar:4.12]
	at org.junit.internal.runners.model.ReflectiveCallable.run(ReflectiveCallable.java:12) [junit-4.12.jar:4.12]
	at org.junit.runners.model.FrameworkMethod.invokeExplosively(FrameworkMethod.java:47) [junit-4.12.jar:4.12]
	at org.junit.internal.runners.statements.InvokeMethod.evaluate(InvokeMethod.java:17) [junit-4.12.jar:4.12]
	at org.junit.runners.ParentRunner.runLeaf(ParentRunner.java:325) [junit-4.12.jar:4.12]
	at org.junit.runners.BlockJUnit4ClassRunner.runChild(BlockJUnit4ClassRunner.java:78) [junit-4.12.jar:4.12]
	at org.junit.runners.BlockJUnit4ClassRunner.runChild(BlockJUnit4ClassRunner.java:57) [junit-4.12.jar:4.12]
	at org.junit.runners.ParentRunner$3.run(ParentRunner.java:290) [junit-4.12.jar:4.12]
	at org.junit.runners.ParentRunner$1.schedule(ParentRunner.java:71) [junit-4.12.jar:4.12]
	at org.junit.runners.ParentRunner.runChildren(ParentRunner.java:288) [junit-4.12.jar:4.12]
	at org.junit.runners.ParentRunner.access$000(ParentRunner.java:58) [junit-4.12.jar:4.12]
	at org.junit.runners.ParentRunner$2.evaluate(ParentRunner.java:268) [junit-4.12.jar:4.12]
	at org.junit.runners.ParentRunner.run(ParentRunner.java:363) [junit-4.12.jar:4.12]
	at org.junit.runners.Suite.runChild(Suite.java:128) [junit-4.12.jar:4.12]
	at org.junit.runners.Suite.runChild(Suite.java:27) [junit-4.12.jar:4.12]
	at org.junit.runners.ParentRunner$3.run(ParentRunner.java:290) [junit-4.12.jar:4.12]
	at org.junit.runners.ParentRunner$1.schedule(ParentRunner.java:71) [junit-4.12.jar:4.12]
	at org.junit.runners.ParentRunner.runChildren(ParentRunner.java:288) [junit-4.12.jar:4.12]
	at org.junit.runners.ParentRunner.access$000(ParentRunner.java:58) [junit-4.12.jar:4.12]
	at org.junit.runners.ParentRunner$2.evaluate(ParentRunner.java:268) [junit-4.12.jar:4.12]
	at org.junit.runners.ParentRunner.run(ParentRunner.java:363) [junit-4.12.jar:4.12]
	at org.apache.maven.surefire.junitcore.JUnitCore.run(JUnitCore.java:55) [surefire-junit47-2.19.1.jar:2.19.1]
	at org.apache.maven.surefire.junitcore.JUnitCoreWrapper.createRequestAndRun(JUnitCoreWrapper.java:137) [surefire-junit47-2.19.1.jar:2.19.1]
	at org.apache.maven.surefire.junitcore.JUnitCoreWrapper.executeEager(JUnitCoreWrapper.java:107) [surefire-junit47-2.19.1.jar:2.19.1]
	at org.apache.maven.surefire.junitcore.JUnitCoreWrapper.execute(JUnitCoreWrapper.java:83) [surefire-junit47-2.19.1.jar:2.19.1]
	at org.apache.maven.surefire.junitcore.JUnitCoreWrapper.execute(JUnitCoreWrapper.java:75) [surefire-junit47-2.19.1.jar:2.19.1]
	at org.apache.maven.surefire.junitcore.JUnitCoreProvider.invoke(JUnitCoreProvider.java:161) [surefire-junit47-2.19.1.jar:2.19.1]
	at org.apache.maven.surefire.booter.ForkedBooter.invokeProviderInSameClassLoader(ForkedBooter.java:290) [surefire-booter-2.19.1.jar:2.19.1]
	at org.apache.maven.surefire.booter.ForkedBooter.runSuitesInProcess(ForkedBooter.java:242) [surefire-booter-2.19.1.jar:2.19.1]
	at org.apache.maven.surefire.booter.ForkedBooter.main(ForkedBooter.java:121) [surefire-booter-2.19.1.jar:2.19.1]
Caused by: java.lang.Exception: Nested exception
	at org.apache.logging.log4j.core.impl.ThrowableProxyTest.testCauseSuppressedExceptions(ThrowableProxyTest.java:267) ~[test-classes/:?]
	... 34 more
	Suppressed: java.io.IOException: Suppressed #1
		at org.apache.logging.log4j.core.impl.ThrowableProxyTest.testCauseSuppressedExceptions(ThrowableProxyTest.java:268) [test-classes/:?]
		at sun.reflect.NativeMethodAccessorImpl.invoke0(Native Method) ~[?:1.7.0_101]
		at sun.reflect.NativeMethodAccessorImpl.invoke(NativeMethodAccessorImpl.java:57) ~[?:1.7.0_101]
		at sun.reflect.DelegatingMethodAccessorImpl.invoke(DelegatingMethodAccessorImpl.java:43) ~[?:1.7.0_101]
		at java.lang.reflect.Method.invoke(Method.java:606) ~[?:1.7.0_101]
		at org.junit.runners.model.FrameworkMethod$1.runReflectiveCall(FrameworkMethod.java:50) [junit-4.12.jar:4.12]
		at org.junit.internal.runners.model.ReflectiveCallable.run(ReflectiveCallable.java:12) [junit-4.12.jar:4.12]
		at org.junit.runners.model.FrameworkMethod.invokeExplosively(FrameworkMethod.java:47) [junit-4.12.jar:4.12]
		at org.junit.internal.runners.statements.InvokeMethod.evaluate(InvokeMethod.java:17) [junit-4.12.jar:4.12]
		at org.junit.runners.ParentRunner.runLeaf(ParentRunner.java:325) [junit-4.12.jar:4.12]
		at org.junit.runners.BlockJUnit4ClassRunner.runChild(BlockJUnit4ClassRunner.java:78) [junit-4.12.jar:4.12]
		at org.junit.runners.BlockJUnit4ClassRunner.runChild(BlockJUnit4ClassRunner.java:57) [junit-4.12.jar:4.12]
		at org.junit.runners.ParentRunner$3.run(ParentRunner.java:290) [junit-4.12.jar:4.12]
		at org.junit.runners.ParentRunner$1.schedule(ParentRunner.java:71) [junit-4.12.jar:4.12]
		at org.junit.runners.ParentRunner.runChildren(ParentRunner.java:288) [junit-4.12.jar:4.12]
		at org.junit.runners.ParentRunner.access$000(ParentRunner.java:58) [junit-4.12.jar:4.12]
		at org.junit.runners.ParentRunner$2.evaluate(ParentRunner.java:268) [junit-4.12.jar:4.12]
		at org.junit.runners.ParentRunner.run(ParentRunner.java:363) [junit-4.12.jar:4.12]
		at org.junit.runners.Suite.runChild(Suite.java:128) [junit-4.12.jar:4.12]
		at org.junit.runners.Suite.runChild(Suite.java:27) [junit-4.12.jar:4.12]
		at org.junit.runners.ParentRunner$3.run(ParentRunner.java:290) [junit-4.12.jar:4.12]
		at org.junit.runners.ParentRunner$1.schedule(ParentRunner.java:71) [junit-4.12.jar:4.12]
		at org.junit.runners.ParentRunner.runChildren(ParentRunner.java:288) [junit-4.12.jar:4.12]
		at org.junit.runners.ParentRunner.access$000(ParentRunner.java:58) [junit-4.12.jar:4.12]
		at org.junit.runners.ParentRunner$2.evaluate(ParentRunner.java:268) [junit-4.12.jar:4.12]
		at org.junit.runners.ParentRunner.run(ParentRunner.java:363) [junit-4.12.jar:4.12]
		at org.apache.maven.surefire.junitcore.JUnitCore.run(JUnitCore.java:55) [surefire-junit47-2.19.1.jar:2.19.1]
		at org.apache.maven.surefire.junitcore.JUnitCoreWrapper.createRequestAndRun(JUnitCoreWrapper.java:137) [surefire-junit47-2.19.1.jar:2.19.1]
		at org.apache.maven.surefire.junitcore.JUnitCoreWrapper.executeEager(JUnitCoreWrapper.java:107) [surefire-junit47-2.19.1.jar:2.19.1]
		at org.apache.maven.surefire.junitcore.JUnitCoreWrapper.execute(JUnitCoreWrapper.java:83) [surefire-junit47-2.19.1.jar:2.19.1]
		at org.apache.maven.surefire.junitcore.JUnitCoreWrapper.execute(JUnitCoreWrapper.java:75) [surefire-junit47-2.19.1.jar:2.19.1]
		at org.apache.maven.surefire.junitcore.JUnitCoreProvider.invoke(JUnitCoreProvider.java:161) [surefire-junit47-2.19.1.jar:2.19.1]
		at org.apache.maven.surefire.booter.ForkedBooter.invokeProviderInSameClassLoader(ForkedBooter.java:290) [surefire-booter-2.19.1.jar:2.19.1]
		at org.apache.maven.surefire.booter.ForkedBooter.runSuitesInProcess(ForkedBooter.java:242) [surefire-booter-2.19.1.jar:2.19.1]
		at org.apache.maven.surefire.booter.ForkedBooter.main(ForkedBooter.java:121) [surefire-booter-2.19.1.jar:2.19.1]
	Suppressed: java.io.IOException: Suppressed #2
		at org.apache.logging.log4j.core.impl.ThrowableProxyTest.testCauseSuppressedExceptions(ThrowableProxyTest.java:269) [test-classes/:?]
		at sun.reflect.NativeMethodAccessorImpl.invoke0(Native Method) ~[?:1.7.0_101]
		at sun.reflect.NativeMethodAccessorImpl.invoke(NativeMethodAccessorImpl.java:57) ~[?:1.7.0_101]
		at sun.reflect.DelegatingMethodAccessorImpl.invoke(DelegatingMethodAccessorImpl.java:43) ~[?:1.7.0_101]
		at java.lang.reflect.Method.invoke(Method.java:606) ~[?:1.7.0_101]
		at org.junit.runners.model.FrameworkMethod$1.runReflectiveCall(FrameworkMethod.java:50) [junit-4.12.jar:4.12]
		at org.junit.internal.runners.model.ReflectiveCallable.run(ReflectiveCallable.java:12) [junit-4.12.jar:4.12]
		at org.junit.runners.model.FrameworkMethod.invokeExplosively(FrameworkMethod.java:47) [junit-4.12.jar:4.12]
		at org.junit.internal.runners.statements.InvokeMethod.evaluate(InvokeMethod.java:17) [junit-4.12.jar:4.12]
		at org.junit.runners.ParentRunner.runLeaf(ParentRunner.java:325) [junit-4.12.jar:4.12]
		at org.junit.runners.BlockJUnit4ClassRunner.runChild(BlockJUnit4ClassRunner.java:78) [junit-4.12.jar:4.12]
		at org.junit.runners.BlockJUnit4ClassRunner.runChild(BlockJUnit4ClassRunner.java:57) [junit-4.12.jar:4.12]
		at org.junit.runners.ParentRunner$3.run(ParentRunner.java:290) [junit-4.12.jar:4.12]
		at org.junit.runners.ParentRunner$1.schedule(ParentRunner.java:71) [junit-4.12.jar:4.12]
		at org.junit.runners.ParentRunner.runChildren(ParentRunner.java:288) [junit-4.12.jar:4.12]
		at org.junit.runners.ParentRunner.access$000(ParentRunner.java:58) [junit-4.12.jar:4.12]
		at org.junit.runners.ParentRunner$2.evaluate(ParentRunner.java:268) [junit-4.12.jar:4.12]
		at org.junit.runners.ParentRunner.run(ParentRunner.java:363) [junit-4.12.jar:4.12]
		at org.junit.runners.Suite.runChild(Suite.java:128) [junit-4.12.jar:4.12]
		at org.junit.runners.Suite.runChild(Suite.java:27) [junit-4.12.jar:4.12]
		at org.junit.runners.ParentRunner$3.run(ParentRunner.java:290) [junit-4.12.jar:4.12]
		at org.junit.runners.ParentRunner$1.schedule(ParentRunner.java:71) [junit-4.12.jar:4.12]
		at org.junit.runners.ParentRunner.runChildren(ParentRunner.java:288) [junit-4.12.jar:4.12]
		at org.junit.runners.ParentRunner.access$000(ParentRunner.java:58) [junit-4.12.jar:4.12]
		at org.junit.runners.ParentRunner$2.evaluate(ParentRunner.java:268) [junit-4.12.jar:4.12]
		at org.junit.runners.ParentRunner.run(ParentRunner.java:363) [junit-4.12.jar:4.12]
		at org.apache.maven.surefire.junitcore.JUnitCore.run(JUnitCore.java:55) [surefire-junit47-2.19.1.jar:2.19.1]
		at org.apache.maven.surefire.junitcore.JUnitCoreWrapper.createRequestAndRun(JUnitCoreWrapper.java:137) [surefire-junit47-2.19.1.jar:2.19.1]
		at org.apache.maven.surefire.junitcore.JUnitCoreWrapper.executeEager(JUnitCoreWrapper.java:107) [surefire-junit47-2.19.1.jar:2.19.1]
		at org.apache.maven.surefire.junitcore.JUnitCoreWrapper.execute(JUnitCoreWrapper.java:83) [surefire-junit47-2.19.1.jar:2.19.1]
		at org.apache.maven.surefire.junitcore.JUnitCoreWrapper.execute(JUnitCoreWrapper.java:75) [surefire-junit47-2.19.1.jar:2.19.1]
		at org.apache.maven.surefire.junitcore.JUnitCoreProvider.invoke(JUnitCoreProvider.java:161) [surefire-junit47-2.19.1.jar:2.19.1]
		at org.apache.maven.surefire.booter.ForkedBooter.invokeProviderInSameClassLoader(ForkedBooter.java:290) [surefire-booter-2.19.1.jar:2.19.1]
		at org.apache.maven.surefire.booter.ForkedBooter.runSuitesInProcess(ForkedBooter.java:242) [surefire-booter-2.19.1.jar:2.19.1]
		at org.apache.maven.surefire.booter.ForkedBooter.main(ForkedBooter.java:121) [surefire-booter-2.19.1.jar:2.19.1]
05:13:02.991 [main] ERROR org.apache.logging.log4j.core.impl.ThrowableProxyTest - Error
java.lang.Exception
	at org.apache.logging.log4j.core.impl.ThrowableProxyTest.testCircularSuppressedNestedException(ThrowableProxyTest.java:282) [test-classes/:?]
	at sun.reflect.NativeMethodAccessorImpl.invoke0(Native Method) ~[?:1.7.0_101]
	at sun.reflect.NativeMethodAccessorImpl.invoke(NativeMethodAccessorImpl.java:57) ~[?:1.7.0_101]
	at sun.reflect.DelegatingMethodAccessorImpl.invoke(DelegatingMethodAccessorImpl.java:43) ~[?:1.7.0_101]
	at java.lang.reflect.Method.invoke(Method.java:606) ~[?:1.7.0_101]
	at org.junit.runners.model.FrameworkMethod$1.runReflectiveCall(FrameworkMethod.java:50) [junit-4.12.jar:4.12]
	at org.junit.internal.runners.model.ReflectiveCallable.run(ReflectiveCallable.java:12) [junit-4.12.jar:4.12]
	at org.junit.runners.model.FrameworkMethod.invokeExplosively(FrameworkMethod.java:47) [junit-4.12.jar:4.12]
	at org.junit.internal.runners.statements.InvokeMethod.evaluate(InvokeMethod.java:17) [junit-4.12.jar:4.12]
	at org.junit.runners.ParentRunner.runLeaf(ParentRunner.java:325) [junit-4.12.jar:4.12]
	at org.junit.runners.BlockJUnit4ClassRunner.runChild(BlockJUnit4ClassRunner.java:78) [junit-4.12.jar:4.12]
	at org.junit.runners.BlockJUnit4ClassRunner.runChild(BlockJUnit4ClassRunner.java:57) [junit-4.12.jar:4.12]
	at org.junit.runners.ParentRunner$3.run(ParentRunner.java:290) [junit-4.12.jar:4.12]
	at org.junit.runners.ParentRunner$1.schedule(ParentRunner.java:71) [junit-4.12.jar:4.12]
	at org.junit.runners.ParentRunner.runChildren(ParentRunner.java:288) [junit-4.12.jar:4.12]
	at org.junit.runners.ParentRunner.access$000(ParentRunner.java:58) [junit-4.12.jar:4.12]
	at org.junit.runners.ParentRunner$2.evaluate(ParentRunner.java:268) [junit-4.12.jar:4.12]
	at org.junit.runners.ParentRunner.run(ParentRunner.java:363) [junit-4.12.jar:4.12]
	at org.junit.runners.Suite.runChild(Suite.java:128) [junit-4.12.jar:4.12]
	at org.junit.runners.Suite.runChild(Suite.java:27) [junit-4.12.jar:4.12]
	at org.junit.runners.ParentRunner$3.run(ParentRunner.java:290) [junit-4.12.jar:4.12]
	at org.junit.runners.ParentRunner$1.schedule(ParentRunner.java:71) [junit-4.12.jar:4.12]
	at org.junit.runners.ParentRunner.runChildren(ParentRunner.java:288) [junit-4.12.jar:4.12]
	at org.junit.runners.ParentRunner.access$000(ParentRunner.java:58) [junit-4.12.jar:4.12]
	at org.junit.runners.ParentRunner$2.evaluate(ParentRunner.java:268) [junit-4.12.jar:4.12]
	at org.junit.runners.ParentRunner.run(ParentRunner.java:363) [junit-4.12.jar:4.12]
	at org.apache.maven.surefire.junitcore.JUnitCore.run(JUnitCore.java:55) [surefire-junit47-2.19.1.jar:2.19.1]
	at org.apache.maven.surefire.junitcore.JUnitCoreWrapper.createRequestAndRun(JUnitCoreWrapper.java:137) [surefire-junit47-2.19.1.jar:2.19.1]
	at org.apache.maven.surefire.junitcore.JUnitCoreWrapper.executeEager(JUnitCoreWrapper.java:107) [surefire-junit47-2.19.1.jar:2.19.1]
	at org.apache.maven.surefire.junitcore.JUnitCoreWrapper.execute(JUnitCoreWrapper.java:83) [surefire-junit47-2.19.1.jar:2.19.1]
	at org.apache.maven.surefire.junitcore.JUnitCoreWrapper.execute(JUnitCoreWrapper.java:75) [surefire-junit47-2.19.1.jar:2.19.1]
	at org.apache.maven.surefire.junitcore.JUnitCoreProvider.invoke(JUnitCoreProvider.java:161) [surefire-junit47-2.19.1.jar:2.19.1]
	at org.apache.maven.surefire.booter.ForkedBooter.invokeProviderInSameClassLoader(ForkedBooter.java:290) [surefire-booter-2.19.1.jar:2.19.1]
	at org.apache.maven.surefire.booter.ForkedBooter.runSuitesInProcess(ForkedBooter.java:242) [surefire-booter-2.19.1.jar:2.19.1]
	at org.apache.maven.surefire.booter.ForkedBooter.main(ForkedBooter.java:121) [surefire-booter-2.19.1.jar:2.19.1]
	Suppressed: java.lang.Exception: java.lang.Exception
		at org.apache.logging.log4j.core.impl.ThrowableProxyTest.testCircularSuppressedNestedException(ThrowableProxyTest.java:283) [test-classes/:?]
		at sun.reflect.NativeMethodAccessorImpl.invoke0(Native Method) ~[?:1.7.0_101]
		at sun.reflect.NativeMethodAccessorImpl.invoke(NativeMethodAccessorImpl.java:57) ~[?:1.7.0_101]
		at sun.reflect.DelegatingMethodAccessorImpl.invoke(DelegatingMethodAccessorImpl.java:43) ~[?:1.7.0_101]
		at java.lang.reflect.Method.invoke(Method.java:606) ~[?:1.7.0_101]
		at org.junit.runners.model.FrameworkMethod$1.runReflectiveCall(FrameworkMethod.java:50) [junit-4.12.jar:4.12]
		at org.junit.internal.runners.model.ReflectiveCallable.run(ReflectiveCallable.java:12) [junit-4.12.jar:4.12]
		at org.junit.runners.model.FrameworkMethod.invokeExplosively(FrameworkMethod.java:47) [junit-4.12.jar:4.12]
		at org.junit.internal.runners.statements.InvokeMethod.evaluate(InvokeMethod.java:17) [junit-4.12.jar:4.12]
		at org.junit.runners.ParentRunner.runLeaf(ParentRunner.java:325) [junit-4.12.jar:4.12]
		at org.junit.runners.BlockJUnit4ClassRunner.runChild(BlockJUnit4ClassRunner.java:78) [junit-4.12.jar:4.12]
		at org.junit.runners.BlockJUnit4ClassRunner.runChild(BlockJUnit4ClassRunner.java:57) [junit-4.12.jar:4.12]
		at org.junit.runners.ParentRunner$3.run(ParentRunner.java:290) [junit-4.12.jar:4.12]
		at org.junit.runners.ParentRunner$1.schedule(ParentRunner.java:71) [junit-4.12.jar:4.12]
		at org.junit.runners.ParentRunner.runChildren(ParentRunner.java:288) [junit-4.12.jar:4.12]
		at org.junit.runners.ParentRunner.access$000(ParentRunner.java:58) [junit-4.12.jar:4.12]
		at org.junit.runners.ParentRunner$2.evaluate(ParentRunner.java:268) [junit-4.12.jar:4.12]
		at org.junit.runners.ParentRunner.run(ParentRunner.java:363) [junit-4.12.jar:4.12]
		at org.junit.runners.Suite.runChild(Suite.java:128) [junit-4.12.jar:4.12]
		at org.junit.runners.Suite.runChild(Suite.java:27) [junit-4.12.jar:4.12]
		at org.junit.runners.ParentRunner$3.run(ParentRunner.java:290) [junit-4.12.jar:4.12]
		at org.junit.runners.ParentRunner$1.schedule(ParentRunner.java:71) [junit-4.12.jar:4.12]
		at org.junit.runners.ParentRunner.runChildren(ParentRunner.java:288) [junit-4.12.jar:4.12]
		at org.junit.runners.ParentRunner.access$000(ParentRunner.java:58) [junit-4.12.jar:4.12]
		at org.junit.runners.ParentRunner$2.evaluate(ParentRunner.java:268) [junit-4.12.jar:4.12]
		at org.junit.runners.ParentRunner.run(ParentRunner.java:363) [junit-4.12.jar:4.12]
		at org.apache.maven.surefire.junitcore.JUnitCore.run(JUnitCore.java:55) [surefire-junit47-2.19.1.jar:2.19.1]
		at org.apache.maven.surefire.junitcore.JUnitCoreWrapper.createRequestAndRun(JUnitCoreWrapper.java:137) [surefire-junit47-2.19.1.jar:2.19.1]
		at org.apache.maven.surefire.junitcore.JUnitCoreWrapper.executeEager(JUnitCoreWrapper.java:107) [surefire-junit47-2.19.1.jar:2.19.1]
		at org.apache.maven.surefire.junitcore.JUnitCoreWrapper.execute(JUnitCoreWrapper.java:83) [surefire-junit47-2.19.1.jar:2.19.1]
		at org.apache.maven.surefire.junitcore.JUnitCoreWrapper.execute(JUnitCoreWrapper.java:75) [surefire-junit47-2.19.1.jar:2.19.1]
		at org.apache.maven.surefire.junitcore.JUnitCoreProvider.invoke(JUnitCoreProvider.java:161) [surefire-junit47-2.19.1.jar:2.19.1]
		at org.apache.maven.surefire.booter.ForkedBooter.invokeProviderInSameClassLoader(ForkedBooter.java:290) [surefire-booter-2.19.1.jar:2.19.1]
		at org.apache.maven.surefire.booter.ForkedBooter.runSuitesInProcess(ForkedBooter.java:242) [surefire-booter-2.19.1.jar:2.19.1]
		at org.apache.maven.surefire.booter.ForkedBooter.main(ForkedBooter.java:121) [surefire-booter-2.19.1.jar:2.19.1]
		Suppressed: java.lang.Exception
			at org.apache.logging.log4j.core.impl.ThrowableProxyTest.testCircularSuppressedNestedException(ThrowableProxyTest.java:282) [test-classes/:?]
			at sun.reflect.NativeMethodAccessorImpl.invoke0(Native Method) ~[?:1.7.0_101]
			at sun.reflect.NativeMethodAccessorImpl.invoke(NativeMethodAccessorImpl.java:57) ~[?:1.7.0_101]
			at sun.reflect.DelegatingMethodAccessorImpl.invoke(DelegatingMethodAccessorImpl.java:43) ~[?:1.7.0_101]
			at java.lang.reflect.Method.invoke(Method.java:606) ~[?:1.7.0_101]
			at org.junit.runners.model.FrameworkMethod$1.runReflectiveCall(FrameworkMethod.java:50) [junit-4.12.jar:4.12]
			at org.junit.internal.runners.model.ReflectiveCallable.run(ReflectiveCallable.java:12) [junit-4.12.jar:4.12]
			at org.junit.runners.model.FrameworkMethod.invokeExplosively(FrameworkMethod.java:47) [junit-4.12.jar:4.12]
			at org.junit.internal.runners.statements.InvokeMethod.evaluate(InvokeMethod.java:17) [junit-4.12.jar:4.12]
			at org.junit.runners.ParentRunner.runLeaf(ParentRunner.java:325) [junit-4.12.jar:4.12]
			at org.junit.runners.BlockJUnit4ClassRunner.runChild(BlockJUnit4ClassRunner.java:78) [junit-4.12.jar:4.12]
			at org.junit.runners.BlockJUnit4ClassRunner.runChild(BlockJUnit4ClassRunner.java:57) [junit-4.12.jar:4.12]
			at org.junit.runners.ParentRunner$3.run(ParentRunner.java:290) [junit-4.12.jar:4.12]
			at org.junit.runners.ParentRunner$1.schedule(ParentRunner.java:71) [junit-4.12.jar:4.12]
			at org.junit.runners.ParentRunner.runChildren(ParentRunner.java:288) [junit-4.12.jar:4.12]
			at org.junit.runners.ParentRunner.access$000(ParentRunner.java:58) [junit-4.12.jar:4.12]
			at org.junit.runners.ParentRunner$2.evaluate(ParentRunner.java:268) [junit-4.12.jar:4.12]
			at org.junit.runners.ParentRunner.run(ParentRunner.java:363) [junit-4.12.jar:4.12]
			at org.junit.runners.Suite.runChild(Suite.java:128) [junit-4.12.jar:4.12]
			at org.junit.runners.Suite.runChild(Suite.java:27) [junit-4.12.jar:4.12]
			at org.junit.runners.ParentRunner$3.run(ParentRunner.java:290) [junit-4.12.jar:4.12]
			at org.junit.runners.ParentRunner$1.schedule(ParentRunner.java:71) [junit-4.12.jar:4.12]
			at org.junit.runners.ParentRunner.runChildren(ParentRunner.java:288) [junit-4.12.jar:4.12]
			at org.junit.runners.ParentRunner.access$000(ParentRunner.java:58) [junit-4.12.jar:4.12]
			at org.junit.runners.ParentRunner$2.evaluate(ParentRunner.java:268) [junit-4.12.jar:4.12]
			at org.junit.runners.ParentRunner.run(ParentRunner.java:363) [junit-4.12.jar:4.12]
			at org.apache.maven.surefire.junitcore.JUnitCore.run(JUnitCore.java:55) [surefire-junit47-2.19.1.jar:2.19.1]
			at org.apache.maven.surefire.junitcore.JUnitCoreWrapper.createRequestAndRun(JUnitCoreWrapper.java:137) [surefire-junit47-2.19.1.jar:2.19.1]
			at org.apache.maven.surefire.junitcore.JUnitCoreWrapper.executeEager(JUnitCoreWrapper.java:107) [surefire-junit47-2.19.1.jar:2.19.1]
			at org.apache.maven.surefire.junitcore.JUnitCoreWrapper.execute(JUnitCoreWrapper.java:83) [surefire-junit47-2.19.1.jar:2.19.1]
			at org.apache.maven.surefire.junitcore.JUnitCoreWrapper.execute(JUnitCoreWrapper.java:75) [surefire-junit47-2.19.1.jar:2.19.1]
			at org.apache.maven.surefire.junitcore.JUnitCoreProvider.invoke(JUnitCoreProvider.java:161) [surefire-junit47-2.19.1.jar:2.19.1]
			at org.apache.maven.surefire.booter.ForkedBooter.invokeProviderInSameClassLoader(ForkedBooter.java:290) [surefire-booter-2.19.1.jar:2.19.1]
			at org.apache.maven.surefire.booter.ForkedBooter.runSuitesInProcess(ForkedBooter.java:242) [surefire-booter-2.19.1.jar:2.19.1]
			at org.apache.maven.surefire.booter.ForkedBooter.main(ForkedBooter.java:121) [surefire-booter-2.19.1.jar:2.19.1]
	Caused by: java.lang.Exception
		at org.apache.logging.log4j.core.impl.ThrowableProxyTest.testCircularSuppressedNestedException(ThrowableProxyTest.java:282) ~[test-classes/:?]
		... 34 more
05:13:03.117 [main] ERROR org.apache.logging.log4j.core.impl.ThrowableProxyTest - Error
java.lang.Exception
	at org.apache.logging.log4j.core.impl.ThrowableProxyTest.testCircularCauseExceptions(ThrowableProxyTest.java:294) [test-classes/:?]
	at sun.reflect.NativeMethodAccessorImpl.invoke0(Native Method) ~[?:1.7.0_101]
	at sun.reflect.NativeMethodAccessorImpl.invoke(NativeMethodAccessorImpl.java:57) ~[?:1.7.0_101]
	at sun.reflect.DelegatingMethodAccessorImpl.invoke(DelegatingMethodAccessorImpl.java:43) ~[?:1.7.0_101]
	at java.lang.reflect.Method.invoke(Method.java:606) ~[?:1.7.0_101]
	at org.junit.runners.model.FrameworkMethod$1.runReflectiveCall(FrameworkMethod.java:50) [junit-4.12.jar:4.12]
	at org.junit.internal.runners.model.ReflectiveCallable.run(ReflectiveCallable.java:12) [junit-4.12.jar:4.12]
	at org.junit.runners.model.FrameworkMethod.invokeExplosively(FrameworkMethod.java:47) [junit-4.12.jar:4.12]
	at org.junit.internal.runners.statements.InvokeMethod.evaluate(InvokeMethod.java:17) [junit-4.12.jar:4.12]
	at org.junit.runners.ParentRunner.runLeaf(ParentRunner.java:325) [junit-4.12.jar:4.12]
	at org.junit.runners.BlockJUnit4ClassRunner.runChild(BlockJUnit4ClassRunner.java:78) [junit-4.12.jar:4.12]
	at org.junit.runners.BlockJUnit4ClassRunner.runChild(BlockJUnit4ClassRunner.java:57) [junit-4.12.jar:4.12]
	at org.junit.runners.ParentRunner$3.run(ParentRunner.java:290) [junit-4.12.jar:4.12]
	at org.junit.runners.ParentRunner$1.schedule(ParentRunner.java:71) [junit-4.12.jar:4.12]
	at org.junit.runners.ParentRunner.runChildren(ParentRunner.java:288) [junit-4.12.jar:4.12]
	at org.junit.runners.ParentRunner.access$000(ParentRunner.java:58) [junit-4.12.jar:4.12]
	at org.junit.runners.ParentRunner$2.evaluate(ParentRunner.java:268) [junit-4.12.jar:4.12]
	at org.junit.runners.ParentRunner.run(ParentRunner.java:363) [junit-4.12.jar:4.12]
	at org.junit.runners.Suite.runChild(Suite.java:128) [junit-4.12.jar:4.12]
	at org.junit.runners.Suite.runChild(Suite.java:27) [junit-4.12.jar:4.12]
	at org.junit.runners.ParentRunner$3.run(ParentRunner.java:290) [junit-4.12.jar:4.12]
	at org.junit.runners.ParentRunner$1.schedule(ParentRunner.java:71) [junit-4.12.jar:4.12]
	at org.junit.runners.ParentRunner.runChildren(ParentRunner.java:288) [junit-4.12.jar:4.12]
	at org.junit.runners.ParentRunner.access$000(ParentRunner.java:58) [junit-4.12.jar:4.12]
	at org.junit.runners.ParentRunner$2.evaluate(ParentRunner.java:268) [junit-4.12.jar:4.12]
	at org.junit.runners.ParentRunner.run(ParentRunner.java:363) [junit-4.12.jar:4.12]
	at org.apache.maven.surefire.junitcore.JUnitCore.run(JUnitCore.java:55) [surefire-junit47-2.19.1.jar:2.19.1]
	at org.apache.maven.surefire.junitcore.JUnitCoreWrapper.createRequestAndRun(JUnitCoreWrapper.java:137) [surefire-junit47-2.19.1.jar:2.19.1]
	at org.apache.maven.surefire.junitcore.JUnitCoreWrapper.executeEager(JUnitCoreWrapper.java:107) [surefire-junit47-2.19.1.jar:2.19.1]
	at org.apache.maven.surefire.junitcore.JUnitCoreWrapper.execute(JUnitCoreWrapper.java:83) [surefire-junit47-2.19.1.jar:2.19.1]
	at org.apache.maven.surefire.junitcore.JUnitCoreWrapper.execute(JUnitCoreWrapper.java:75) [surefire-junit47-2.19.1.jar:2.19.1]
	at org.apache.maven.surefire.junitcore.JUnitCoreProvider.invoke(JUnitCoreProvider.java:161) [surefire-junit47-2.19.1.jar:2.19.1]
	at org.apache.maven.surefire.booter.ForkedBooter.invokeProviderInSameClassLoader(ForkedBooter.java:290) [surefire-booter-2.19.1.jar:2.19.1]
	at org.apache.maven.surefire.booter.ForkedBooter.runSuitesInProcess(ForkedBooter.java:242) [surefire-booter-2.19.1.jar:2.19.1]
	at org.apache.maven.surefire.booter.ForkedBooter.main(ForkedBooter.java:121) [surefire-booter-2.19.1.jar:2.19.1]
Caused by: java.lang.Exception: java.lang.Exception
	at org.apache.logging.log4j.core.impl.ThrowableProxyTest.testCircularCauseExceptions(ThrowableProxyTest.java:295) ~[test-classes/:?]
	... 34 more
Caused by: java.lang.Exception
	... 35 more
Tests run: 16, Failures: 0, Errors: 0, Skipped: 0, Time elapsed: 0.736 sec - in org.apache.logging.log4j.core.impl.ThrowableProxyTest
Running org.apache.logging.log4j.core.impl.ReusableLogEventFactoryTest
Tests run: 3, Failures: 0, Errors: 0, Skipped: 0, Time elapsed: 0.06 sec - in org.apache.logging.log4j.core.impl.ReusableLogEventFactoryTest
Running org.apache.logging.log4j.core.LoggerTest
Tests run: 25, Failures: 0, Errors: 0, Skipped: 0, Time elapsed: 7.426 sec - in org.apache.logging.log4j.core.LoggerTest
Running org.apache.logging.log4j.core.GcFreeAsynchronousLoggingTest
Tests run: 1, Failures: 0, Errors: 0, Skipped: 0, Time elapsed: 4.799 sec - in org.apache.logging.log4j.core.GcFreeAsynchronousLoggingTest
Running org.apache.logging.log4j.core.AppenderRefLevelJsonTest
Tests run: 3, Failures: 0, Errors: 0, Skipped: 0, Time elapsed: 0.018 sec - in org.apache.logging.log4j.core.AppenderRefLevelJsonTest
Running org.apache.logging.log4j.core.jackson.JacksonIssue429Test
Tests run: 1, Failures: 0, Errors: 0, Skipped: 0, Time elapsed: 0.055 sec - in org.apache.logging.log4j.core.jackson.JacksonIssue429Test
Running org.apache.logging.log4j.core.jackson.LevelMixInXmlTest
Tests run: 1, Failures: 0, Errors: 0, Skipped: 1, Time elapsed: 0.001 sec - in org.apache.logging.log4j.core.jackson.LevelMixInXmlTest
Running org.apache.logging.log4j.core.jackson.LevelMixInYamlTest
Tests run: 2, Failures: 0, Errors: 0, Skipped: 0, Time elapsed: 0.314 sec - in org.apache.logging.log4j.core.jackson.LevelMixInYamlTest
Running org.apache.logging.log4j.core.jackson.StackTraceElementMixInTest
Tests run: 5, Failures: 0, Errors: 0, Skipped: 0, Time elapsed: 0.398 sec - in org.apache.logging.log4j.core.jackson.StackTraceElementMixInTest
Running org.apache.logging.log4j.core.jackson.JacksonIssue429MyNamesTest
Tests run: 1, Failures: 0, Errors: 0, Skipped: 0, Time elapsed: 0.056 sec - in org.apache.logging.log4j.core.jackson.JacksonIssue429MyNamesTest
Running org.apache.logging.log4j.core.jackson.LevelMixInJsonTest
Tests run: 2, Failures: 0, Errors: 0, Skipped: 0, Time elapsed: 0.273 sec - in org.apache.logging.log4j.core.jackson.LevelMixInJsonTest
Running org.apache.logging.log4j.core.net.server.UdpJsonSocketServerTest
Tests run: 7, Failures: 0, Errors: 0, Skipped: 2, Time elapsed: 0.356 sec - in org.apache.logging.log4j.core.net.server.UdpJsonSocketServerTest
Running org.apache.logging.log4j.core.net.server.UdpXmlSocketServerTest
Tests run: 7, Failures: 0, Errors: 0, Skipped: 2, Time elapsed: 0.371 sec - in org.apache.logging.log4j.core.net.server.UdpXmlSocketServerTest
Running org.apache.logging.log4j.core.net.server.TcpJsonSocketServerTest
Tests run: 7, Failures: 0, Errors: 0, Skipped: 2, Time elapsed: 0.391 sec - in org.apache.logging.log4j.core.net.server.TcpJsonSocketServerTest
Running org.apache.logging.log4j.core.net.server.TcpXmlSocketServerTest
Tests run: 7, Failures: 0, Errors: 0, Skipped: 2, Time elapsed: 0.418 sec - in org.apache.logging.log4j.core.net.server.TcpXmlSocketServerTest
Running org.apache.logging.log4j.core.net.server.UdpSerializedSocketServerTest
Tests run: 7, Failures: 0, Errors: 0, Skipped: 2, Time elapsed: 0.275 sec - in org.apache.logging.log4j.core.net.server.UdpSerializedSocketServerTest
Running org.apache.logging.log4j.core.net.server.TcpSerializedSocketServerTest
Tests run: 7, Failures: 0, Errors: 0, Skipped: 2, Time elapsed: 0.33 sec - in org.apache.logging.log4j.core.net.server.TcpSerializedSocketServerTest
Running org.apache.logging.log4j.core.net.server.SslXmlSocketServerTest
Tests run: 7, Failures: 0, Errors: 0, Skipped: 2, Time elapsed: 0.735 sec - in org.apache.logging.log4j.core.net.server.SslXmlSocketServerTest
Running org.apache.logging.log4j.core.net.ssl.StoreConfigurationTest
Tests run: 1, Failures: 0, Errors: 0, Skipped: 1, Time elapsed: 0.002 sec - in org.apache.logging.log4j.core.net.ssl.StoreConfigurationTest
Running org.apache.logging.log4j.core.net.ssl.SslConfigurationTest
Tests run: 4, Failures: 0, Errors: 0, Skipped: 0, Time elapsed: 0.541 sec - in org.apache.logging.log4j.core.net.ssl.SslConfigurationTest
Running org.apache.logging.log4j.core.net.ssl.KeyStoreConfigurationTest
Tests run: 4, Failures: 0, Errors: 0, Skipped: 0, Time elapsed: 0.078 sec - in org.apache.logging.log4j.core.net.ssl.KeyStoreConfigurationTest
Running org.apache.logging.log4j.core.net.ssl.TrustStoreConfigurationTest
Tests run: 4, Failures: 0, Errors: 0, Skipped: 0, Time elapsed: 0.073 sec - in org.apache.logging.log4j.core.net.ssl.TrustStoreConfigurationTest
Running org.apache.logging.log4j.core.net.SocketTest
Tests run: 1, Failures: 0, Errors: 0, Skipped: 1, Time elapsed: 0.001 sec - in org.apache.logging.log4j.core.net.SocketTest
Running org.apache.logging.log4j.core.net.SocketMessageLossTest
Tests run: 1, Failures: 0, Errors: 0, Skipped: 1, Time elapsed: 0.001 sec - in org.apache.logging.log4j.core.net.SocketMessageLossTest
Running org.apache.logging.log4j.core.net.PriorityTest
Tests run: 1, Failures: 0, Errors: 0, Skipped: 0, Time elapsed: 0.007 sec - in org.apache.logging.log4j.core.net.PriorityTest
Running org.apache.logging.log4j.core.net.SocketReconnectTest
Tests run: 1, Failures: 0, Errors: 0, Skipped: 1, Time elapsed: 0.001 sec - in org.apache.logging.log4j.core.net.SocketReconnectTest
2016-07-16 05:13:43,713 main DEBUG Starting LoggerContext[name=org.apache.logging.log4j.core.PropertiesFileConfigTest] from configuration at target/test-classes/log4j-test2.properties
2016-07-16 05:13:43,714 main DEBUG Starting LoggerContext[name=org.apache.logging.log4j.core.PropertiesFileConfigTest, org.apache.logging.log4j.core.LoggerContext@ce0d675] with configuration org.apache.logging.log4j.core.config.properties.PropertiesConfiguration@7d1fa1ed...
2016-07-16 05:13:43,715 main DEBUG Shutdown hook enabled. Registering a new one.
2016-07-16 05:13:43,721 main DEBUG Initializing configuration org.apache.logging.log4j.core.config.properties.PropertiesConfiguration@7d1fa1ed
2016-07-16 05:13:43,728 main DEBUG Installed script engines
2016-07-16 05:13:43,745 main DEBUG Groovy Scripting Engine Version: 2.0, Language: Groovy, Threading: MULTITHREADED, Compile: true, Names: {groovy, Groovy}
2016-07-16 05:13:43,787 main DEBUG BeanShell Engine Version: 1.0, Language: BeanShell, Threading: MULTITHREADED, Compile: true, Names: {beanshell, bsh, java}
2016-07-16 05:13:43,812 main DEBUG Rhino Version: Rhino 1.7 release 4 2013 08 27, Language: ECMAScript, Threading: MULTITHREADED, Compile: true, Names: {js, rhino, JavaScript, javascript, ECMAScript, ecmascript}
2016-07-16 05:13:43,813 main DEBUG PluginManager 'Core' found 109 plugins
2016-07-16 05:13:43,813 main DEBUG PluginManager 'Level' found 1 plugins
2016-07-16 05:13:43,817 main DEBUG Starting 1 Log4j2Scheduled threads
2016-07-16 05:13:43,819 main DEBUG Building Plugin[name=property, class=org.apache.logging.log4j.core.config.Property].
2016-07-16 05:13:43,834 main DEBUG PluginManager 'TypeConverter' found 23 plugins
2016-07-16 05:13:43,844 main DEBUG createProperty(name="filename", value="target/test-properties.log")
2016-07-16 05:13:43,844 main DEBUG Building Plugin[name=properties, class=org.apache.logging.log4j.core.config.PropertiesPlugin].
2016-07-16 05:13:43,849 main DEBUG configureSubstitutor(={filename=target/test-properties.log}, Configuration(PropertiesConfigTest))
2016-07-16 05:13:43,850 main DEBUG PluginManager 'Lookup' found 13 plugins
2016-07-16 05:13:43,850 main DEBUG Building Plugin[name=AppenderRef, class=org.apache.logging.log4j.core.config.AppenderRef].
2016-07-16 05:13:43,851 main DEBUG createAppenderRef(ref="File", level="null", Filter=null)
2016-07-16 05:13:43,851 main DEBUG Building Plugin[name=logger, class=org.apache.logging.log4j.core.config.LoggerConfig].
2016-07-16 05:13:43,858 main DEBUG createLogger(additivity="false", level="DEBUG", name="org.apache.logging.log4j.test2", includeLocation="true", ={File}, ={}, Configuration(PropertiesConfigTest), Filter=null)
2016-07-16 05:13:43,859 main DEBUG Building Plugin[name=AppenderRef, class=org.apache.logging.log4j.core.config.AppenderRef].
2016-07-16 05:13:43,859 main DEBUG createAppenderRef(ref="STDOUT", level="null", Filter=null)
2016-07-16 05:13:43,860 main DEBUG Building Plugin[name=KeyValuePair, class=org.apache.logging.log4j.core.util.KeyValuePair].
2016-07-16 05:13:43,865 main DEBUG KeyValuePair$Builder(key="test", value="123")
2016-07-16 05:13:43,865 main DEBUG Building Plugin[name=filter, class=org.apache.logging.log4j.core.filter.ThreadContextMapFilter].
2016-07-16 05:13:43,867 main DEBUG createFilter(={test=123}, operator="null", onMatch="null", onMismatch="null")
2016-07-16 05:13:43,868 main DEBUG Building Plugin[name=logger, class=org.apache.logging.log4j.core.config.LoggerConfig].
2016-07-16 05:13:43,870 main DEBUG createLogger(additivity="false", level="DEBUG", name="org.apache.logging.log4j.test1", includeLocation="true", ={STDOUT}, ={}, Configuration(PropertiesConfigTest), ThreadContextMapFilter(isAnd=true, {test=[123]}))
2016-07-16 05:13:43,870 main DEBUG Building Plugin[name=AppenderRef, class=org.apache.logging.log4j.core.config.AppenderRef].
2016-07-16 05:13:43,871 main DEBUG createAppenderRef(ref="STDOUT", level="null", Filter=null)
2016-07-16 05:13:43,872 main DEBUG Building Plugin[name=root, class=org.apache.logging.log4j.core.config.LoggerConfig$RootLogger].
2016-07-16 05:13:43,873 main DEBUG createLogger(additivity="null", level="ERROR", includeLocation="true", ={STDOUT}, ={}, Configuration(PropertiesConfigTest), Filter=null)
2016-07-16 05:13:43,873 main DEBUG Building Plugin[name=loggers, class=org.apache.logging.log4j.core.config.LoggersPlugin].
2016-07-16 05:13:43,874 main DEBUG createLoggers(={org.apache.logging.log4j.test2, org.apache.logging.log4j.test1, root})
2016-07-16 05:13:43,874 main DEBUG Building Plugin[name=layout, class=org.apache.logging.log4j.core.layout.PatternLayout].
2016-07-16 05:13:43,876 main DEBUG PatternLayout$Builder(pattern="%d %p %C{1.} [%t] %m%n", PatternSelector=null, Configuration(PropertiesConfigTest), Replace=null, charset="null", alwaysWriteExceptions="null", noConsoleNoAnsi="null", header="null", footer="null")
2016-07-16 05:13:43,876 main DEBUG PluginManager 'Converter' found 41 plugins
2016-07-16 05:13:43,889 main DEBUG Building Plugin[name=appender, class=org.apache.logging.log4j.core.appender.FileAppender].
2016-07-16 05:13:43,891 main DEBUG createAppender(fileName="target/test-properties.log", append="null", locking="null", name="File", immediateFlush="null", ignoreExceptions="null", bufferedIo="false", bufferSize="null", PatternLayout(%d %p %C{1.} [%t] %m%n), Filter=null, advertise="null", advertiseUri="null", Configuration(PropertiesConfigTest))
2016-07-16 05:13:43,891 main WARN The bufferSize is set to 8192 but bufferedIO is not true: false
2016-07-16 05:13:43,892 main DEBUG Starting FileManager target/test-properties.log
2016-07-16 05:13:43,893 main DEBUG Building Plugin[name=filter, class=org.apache.logging.log4j.core.filter.ThresholdFilter].
2016-07-16 05:13:43,893 main DEBUG createFilter(level="ERROR", onMatch="null", onMismatch="null")
2016-07-16 05:13:43,893 main DEBUG Building Plugin[name=appender, class=org.apache.logging.log4j.test.appender.ListAppender].
2016-07-16 05:13:43,894 main DEBUG createAppender(name="List", entryPerNewLine="false", raw="false", Layout=null, ThresholdFilter(ERROR))
2016-07-16 05:13:43,895 main DEBUG Building Plugin[name=layout, class=org.apache.logging.log4j.core.layout.PatternLayout].
2016-07-16 05:13:43,896 main DEBUG PatternLayout$Builder(pattern="%m%n", PatternSelector=null, Configuration(PropertiesConfigTest), Replace=null, charset="null", alwaysWriteExceptions="null", noConsoleNoAnsi="null", header="null", footer="null")
2016-07-16 05:13:43,896 main DEBUG Building Plugin[name=appender, class=org.apache.logging.log4j.core.appender.ConsoleAppender].
2016-07-16 05:13:43,897 main DEBUG Not in a ServletContext environment, thus not loading WebLookup plugin.
2016-07-16 05:13:43,897 main DEBUG PluginManager 'Converter' found 41 plugins
2016-07-16 05:13:43,898 main DEBUG Starting OutputStreamManager SYSTEM_OUT.false-2
2016-07-16 05:13:43,900 main DEBUG ConsoleAppender$Builder(PatternLayout(%m%n), Filter=null, target="null", name="STDOUT", follow="null", ignoreExceptions="null")
2016-07-16 05:13:43,900 main DEBUG Starting OutputStreamManager SYSTEM_OUT.false
2016-07-16 05:13:43,900 main DEBUG Building Plugin[name=appenders, class=org.apache.logging.log4j.core.config.AppendersPlugin].
2016-07-16 05:13:43,901 main DEBUG createAppenders(={File, List, STDOUT})
2016-07-16 05:13:43,901 main DEBUG Building Plugin[name=filter, class=org.apache.logging.log4j.core.filter.ThresholdFilter].
2016-07-16 05:13:43,902 main DEBUG createFilter(level="DEBUG", onMatch="null", onMismatch="null")
2016-07-16 05:13:43,902 main DEBUG Configuration org.apache.logging.log4j.core.config.properties.PropertiesConfiguration@7d1fa1ed initialized
2016-07-16 05:13:43,902 main DEBUG Starting configuration org.apache.logging.log4j.core.config.properties.PropertiesConfiguration@7d1fa1ed
2016-07-16 05:13:43,903 main DEBUG Started configuration org.apache.logging.log4j.core.config.properties.PropertiesConfiguration@7d1fa1ed OK.
2016-07-16 05:13:43,904 main DEBUG Shutting down OutputStreamManager SYSTEM_OUT.false-1
2016-07-16 05:13:43,904 main DEBUG Stopped org.apache.logging.log4j.core.config.DefaultConfiguration@2d7480c9 OK
2016-07-16 05:13:43,956 main DEBUG Registering MBean org.apache.logging.log4j2:type=org.apache.logging.log4j.core.PropertiesFileConfigTest
2016-07-16 05:13:43,959 main DEBUG Registering MBean org.apache.logging.log4j2:type=org.apache.logging.log4j.core.PropertiesFileConfigTest,component=StatusLogger
2016-07-16 05:13:43,960 main DEBUG Registering MBean org.apache.logging.log4j2:type=org.apache.logging.log4j.core.PropertiesFileConfigTest,component=ContextSelector
2016-07-16 05:13:43,961 main DEBUG Registering MBean org.apache.logging.log4j2:type=org.apache.logging.log4j.core.PropertiesFileConfigTest,component=Loggers,name=org.apache.logging.log4j.test2
2016-07-16 05:13:43,962 main DEBUG Registering MBean org.apache.logging.log4j2:type=org.apache.logging.log4j.core.PropertiesFileConfigTest,component=Loggers,name=
2016-07-16 05:13:43,962 main DEBUG Registering MBean org.apache.logging.log4j2:type=org.apache.logging.log4j.core.PropertiesFileConfigTest,component=Loggers,name=org.apache.logging.log4j.test1
2016-07-16 05:13:43,963 main DEBUG Registering MBean org.apache.logging.log4j2:type=org.apache.logging.log4j.core.PropertiesFileConfigTest,component=Appenders,name=List
2016-07-16 05:13:43,963 main DEBUG Registering MBean org.apache.logging.log4j2:type=org.apache.logging.log4j.core.PropertiesFileConfigTest,component=Appenders,name=STDOUT
2016-07-16 05:13:43,964 main DEBUG Registering MBean org.apache.logging.log4j2:type=org.apache.logging.log4j.core.PropertiesFileConfigTest,component=Appenders,name=File
2016-07-16 05:13:43,965 main DEBUG LoggerContext[name=org.apache.logging.log4j.core.PropertiesFileConfigTest, org.apache.logging.log4j.core.LoggerContext@ce0d675] started OK with configuration org.apache.logging.log4j.core.config.properties.PropertiesConfiguration@7d1fa1ed.
Running org.apache.logging.log4j.core.PropertiesFileConfigTest
2016-07-16 05:13:44,904 Log4j2-Log4j2Scheduled-1 INFO File target/test-classes/log4j-test2.properties was modified
2016-07-16 05:13:44,907 Log4j2-0 DEBUG Reconfiguration started for context org.apache.logging.log4j.core.PropertiesFileConfigTest (org.apache.logging.log4j.core.LoggerContext@ce0d675)
2016-07-16 05:13:44,909 Log4j2-0 DEBUG Not in a ServletContext environment, thus not loading WebLookup plugin.
2016-07-16 05:13:44,919 Log4j2-0 DEBUG Not in a ServletContext environment, thus not loading WebLookup plugin.
2016-07-16 05:13:44,920 Log4j2-0 DEBUG Initializing configuration org.apache.logging.log4j.core.config.properties.PropertiesConfiguration@56c99877
2016-07-16 05:13:44,923 Log4j2-0 DEBUG Installed script engines
2016-07-16 05:13:44,924 Log4j2-0 DEBUG Groovy Scripting Engine Version: 2.0, Language: Groovy, Threading: MULTITHREADED, Compile: true, Names: {groovy, Groovy}
2016-07-16 05:13:44,942 Log4j2-0 DEBUG BeanShell Engine Version: 1.0, Language: BeanShell, Threading: MULTITHREADED, Compile: true, Names: {beanshell, bsh, java}
2016-07-16 05:13:44,946 Log4j2-0 DEBUG Rhino Version: Rhino 1.7 release 4 2013 08 27, Language: ECMAScript, Threading: MULTITHREADED, Compile: true, Names: {js, rhino, JavaScript, javascript, ECMAScript, ecmascript}
2016-07-16 05:13:44,947 Log4j2-0 DEBUG PluginManager 'Core' found 109 plugins
2016-07-16 05:13:44,948 Log4j2-0 DEBUG PluginManager 'Level' found 1 plugins
2016-07-16 05:13:44,949 Log4j2-0 DEBUG Starting 1 Log4j2Scheduled threads
2016-07-16 05:13:44,950 Log4j2-0 DEBUG Building Plugin[name=property, class=org.apache.logging.log4j.core.config.Property].
2016-07-16 05:13:44,951 Log4j2-0 DEBUG createProperty(name="filename", value="target/test-properties.log")
2016-07-16 05:13:44,952 Log4j2-0 DEBUG Building Plugin[name=properties, class=org.apache.logging.log4j.core.config.PropertiesPlugin].
2016-07-16 05:13:44,953 Log4j2-0 DEBUG configureSubstitutor(={filename=target/test-properties.log}, Configuration(PropertiesConfigTest))
2016-07-16 05:13:44,954 Log4j2-0 DEBUG PluginManager 'Lookup' found 13 plugins
2016-07-16 05:13:44,955 Log4j2-0 DEBUG Building Plugin[name=AppenderRef, class=org.apache.logging.log4j.core.config.AppenderRef].
2016-07-16 05:13:44,956 Log4j2-0 DEBUG createAppenderRef(ref="File", level="null", Filter=null)
2016-07-16 05:13:44,957 Log4j2-0 DEBUG Building Plugin[name=logger, class=org.apache.logging.log4j.core.config.LoggerConfig].
2016-07-16 05:13:44,960 Log4j2-0 DEBUG createLogger(additivity="false", level="DEBUG", name="org.apache.logging.log4j.test2", includeLocation="true", ={File}, ={}, Configuration(PropertiesConfigTest), Filter=null)
2016-07-16 05:13:44,960 Log4j2-0 DEBUG Building Plugin[name=AppenderRef, class=org.apache.logging.log4j.core.config.AppenderRef].
2016-07-16 05:13:44,962 Log4j2-0 DEBUG createAppenderRef(ref="STDOUT", level="null", Filter=null)
2016-07-16 05:13:44,962 Log4j2-0 DEBUG Building Plugin[name=KeyValuePair, class=org.apache.logging.log4j.core.util.KeyValuePair].
2016-07-16 05:13:44,964 Log4j2-0 DEBUG KeyValuePair$Builder(key="test", value="123")
2016-07-16 05:13:44,964 Log4j2-0 DEBUG Building Plugin[name=filter, class=org.apache.logging.log4j.core.filter.ThreadContextMapFilter].
2016-07-16 05:13:44,966 Log4j2-0 DEBUG createFilter(={test=123}, operator="null", onMatch="null", onMismatch="null")
2016-07-16 05:13:44,966 Log4j2-0 DEBUG Building Plugin[name=logger, class=org.apache.logging.log4j.core.config.LoggerConfig].
2016-07-16 05:13:44,969 Log4j2-0 DEBUG createLogger(additivity="false", level="DEBUG", name="org.apache.logging.log4j.test1", includeLocation="true", ={STDOUT}, ={}, Configuration(PropertiesConfigTest), ThreadContextMapFilter(isAnd=true, {test=[123]}))
2016-07-16 05:13:44,970 Log4j2-0 DEBUG Building Plugin[name=AppenderRef, class=org.apache.logging.log4j.core.config.AppenderRef].
2016-07-16 05:13:44,971 Log4j2-0 DEBUG createAppenderRef(ref="STDOUT", level="null", Filter=null)
2016-07-16 05:13:44,972 Log4j2-0 DEBUG Building Plugin[name=root, class=org.apache.logging.log4j.core.config.LoggerConfig$RootLogger].
2016-07-16 05:13:44,974 Log4j2-0 DEBUG createLogger(additivity="null", level="ERROR", includeLocation="true", ={STDOUT}, ={}, Configuration(PropertiesConfigTest), Filter=null)
2016-07-16 05:13:44,974 Log4j2-0 DEBUG Building Plugin[name=loggers, class=org.apache.logging.log4j.core.config.LoggersPlugin].
2016-07-16 05:13:44,975 Log4j2-0 DEBUG createLoggers(={org.apache.logging.log4j.test2, org.apache.logging.log4j.test1, root})
2016-07-16 05:13:44,976 Log4j2-0 DEBUG Building Plugin[name=layout, class=org.apache.logging.log4j.core.layout.PatternLayout].
2016-07-16 05:13:44,978 Log4j2-0 DEBUG PatternLayout$Builder(pattern="%d %p %C{1.} [%t] %m%n", PatternSelector=null, Configuration(PropertiesConfigTest), Replace=null, charset="null", alwaysWriteExceptions="null", noConsoleNoAnsi="null", header="null", footer="null")
2016-07-16 05:13:44,979 Log4j2-0 DEBUG PluginManager 'Converter' found 41 plugins
2016-07-16 05:13:44,980 Log4j2-0 DEBUG Building Plugin[name=appender, class=org.apache.logging.log4j.core.appender.FileAppender].
2016-07-16 05:13:44,983 Log4j2-0 DEBUG createAppender(fileName="target/test-properties.log", append="null", locking="null", name="File", immediateFlush="null", ignoreExceptions="null", bufferedIo="false", bufferSize="null", PatternLayout(%d %p %C{1.} [%t] %m%n), Filter=null, advertise="null", advertiseUri="null", Configuration(PropertiesConfigTest))
2016-07-16 05:13:44,983 Log4j2-0 WARN The bufferSize is set to 8192 but bufferedIO is not true: false
2016-07-16 05:13:44,984 Log4j2-0 DEBUG Building Plugin[name=filter, class=org.apache.logging.log4j.core.filter.ThresholdFilter].
2016-07-16 05:13:44,985 Log4j2-0 DEBUG createFilter(level="ERROR", onMatch="null", onMismatch="null")
2016-07-16 05:13:44,985 Log4j2-0 DEBUG Building Plugin[name=appender, class=org.apache.logging.log4j.test.appender.ListAppender].
2016-07-16 05:13:44,986 Log4j2-0 DEBUG createAppender(name="List", entryPerNewLine="false", raw="false", Layout=null, ThresholdFilter(ERROR))
2016-07-16 05:13:44,986 Log4j2-0 DEBUG Building Plugin[name=layout, class=org.apache.logging.log4j.core.layout.PatternLayout].
2016-07-16 05:13:44,988 Log4j2-0 DEBUG PatternLayout$Builder(pattern="%m%n", PatternSelector=null, Configuration(PropertiesConfigTest), Replace=null, charset="null", alwaysWriteExceptions="null", noConsoleNoAnsi="null", header="null", footer="null")
2016-07-16 05:13:44,988 Log4j2-0 DEBUG Building Plugin[name=appender, class=org.apache.logging.log4j.core.appender.ConsoleAppender].
2016-07-16 05:13:44,990 Log4j2-0 DEBUG Not in a ServletContext environment, thus not loading WebLookup plugin.
2016-07-16 05:13:44,990 Log4j2-0 DEBUG PluginManager 'Converter' found 41 plugins
2016-07-16 05:13:44,991 Log4j2-0 DEBUG Starting OutputStreamManager SYSTEM_OUT.false-3
2016-07-16 05:13:44,993 Log4j2-0 DEBUG ConsoleAppender$Builder(PatternLayout(%m%n), Filter=null, target="null", name="STDOUT", follow="null", ignoreExceptions="null")
2016-07-16 05:13:44,993 Log4j2-0 DEBUG Building Plugin[name=appenders, class=org.apache.logging.log4j.core.config.AppendersPlugin].
2016-07-16 05:13:44,994 Log4j2-0 DEBUG createAppenders(={File, List, STDOUT})
2016-07-16 05:13:44,994 Log4j2-0 DEBUG Building Plugin[name=filter, class=org.apache.logging.log4j.core.filter.ThresholdFilter].
2016-07-16 05:13:44,995 Log4j2-0 DEBUG createFilter(level="DEBUG", onMatch="null", onMismatch="null")
2016-07-16 05:13:44,995 Log4j2-0 DEBUG Configuration org.apache.logging.log4j.core.config.properties.PropertiesConfiguration@56c99877 initialized
2016-07-16 05:13:44,996 Log4j2-0 DEBUG Starting configuration org.apache.logging.log4j.core.config.properties.PropertiesConfiguration@56c99877
2016-07-16 05:13:44,996 Log4j2-0 DEBUG Started configuration org.apache.logging.log4j.core.config.properties.PropertiesConfiguration@56c99877 OK.
2016-07-16 05:13:44,997 Log4j2-0 DEBUG Stopping Log4j2Scheduled threads.
2016-07-16 05:13:44,998 Log4j2-0 DEBUG Stopped org.apache.logging.log4j.core.config.properties.PropertiesConfiguration@7d1fa1ed OK
2016-07-16 05:13:45,000 Log4j2-0 DEBUG Registering MBean org.apache.logging.log4j2:type=org.apache.logging.log4j.core.PropertiesFileConfigTest
2016-07-16 05:13:45,001 Log4j2-0 DEBUG Registering MBean org.apache.logging.log4j2:type=org.apache.logging.log4j.core.PropertiesFileConfigTest,component=StatusLogger
2016-07-16 05:13:45,001 Log4j2-0 DEBUG Registering MBean org.apache.logging.log4j2:type=org.apache.logging.log4j.core.PropertiesFileConfigTest,component=ContextSelector
2016-07-16 05:13:45,002 Log4j2-0 DEBUG Registering MBean org.apache.logging.log4j2:type=org.apache.logging.log4j.core.PropertiesFileConfigTest,component=Loggers,name=org.apache.logging.log4j.test2
2016-07-16 05:13:45,002 Log4j2-0 DEBUG Registering MBean org.apache.logging.log4j2:type=org.apache.logging.log4j.core.PropertiesFileConfigTest,component=Loggers,name=
2016-07-16 05:13:45,003 Log4j2-0 DEBUG Registering MBean org.apache.logging.log4j2:type=org.apache.logging.log4j.core.PropertiesFileConfigTest,component=Loggers,name=org.apache.logging.log4j.test1
2016-07-16 05:13:45,003 Log4j2-0 DEBUG Registering MBean org.apache.logging.log4j2:type=org.apache.logging.log4j.core.PropertiesFileConfigTest,component=Appenders,name=List
2016-07-16 05:13:45,004 Log4j2-0 DEBUG Registering MBean org.apache.logging.log4j2:type=org.apache.logging.log4j.core.PropertiesFileConfigTest,component=Appenders,name=STDOUT
2016-07-16 05:13:45,005 Log4j2-0 DEBUG Registering MBean org.apache.logging.log4j2:type=org.apache.logging.log4j.core.PropertiesFileConfigTest,component=Appenders,name=File
2016-07-16 05:13:45,005 Log4j2-0 DEBUG Reconfiguration completed for org.apache.logging.log4j.core.PropertiesFileConfigTest (org.apache.logging.log4j.core.LoggerContext@ce0d675)
2016-07-16 05:13:50,071 main DEBUG Stopping LoggerContext[name=org.apache.logging.log4j.core.PropertiesFileConfigTest, org.apache.logging.log4j.core.LoggerContext@ce0d675]...
2016-07-16 05:13:50,075 main DEBUG Shutting down FileManager target/test-properties.log
2016-07-16 05:13:50,076 main DEBUG Shutting down OutputStreamManager SYSTEM_OUT.false
2016-07-16 05:13:50,076 main DEBUG Stopping Log4j2Scheduled threads.
2016-07-16 05:13:50,077 main DEBUG Stopped org.apache.logging.log4j.core.config.properties.PropertiesConfiguration@56c99877 OK
2016-07-16 05:13:50,078 main DEBUG Stopped LoggerContext[name=org.apache.logging.log4j.core.PropertiesFileConfigTest, org.apache.logging.log4j.core.LoggerContext@ce0d675]...
Tests run: 1, Failures: 0, Errors: 0, Skipped: 0, Time elapsed: 6.11 sec - in org.apache.logging.log4j.core.PropertiesFileConfigTest
Running org.apache.logging.log4j.core.selector.ClassLoaderContextSelectorTest
Tests run: 1, Failures: 0, Errors: 0, Skipped: 0, Time elapsed: 0.355 sec - in org.apache.logging.log4j.core.selector.ClassLoaderContextSelectorTest
Running org.apache.logging.log4j.core.async.AsyncLoggerLocationTest
Tests run: 1, Failures: 0, Errors: 0, Skipped: 0, Time elapsed: 0.572 sec - in org.apache.logging.log4j.core.async.AsyncLoggerLocationTest
Running org.apache.logging.log4j.core.async.AsyncLoggerUseAfterShutdownTest
Tests run: 1, Failures: 0, Errors: 0, Skipped: 0, Time elapsed: 0.439 sec - in org.apache.logging.log4j.core.async.AsyncLoggerUseAfterShutdownTest
Running org.apache.logging.log4j.core.async.AsyncLoggerTest
Tests run: 1, Failures: 0, Errors: 0, Skipped: 0, Time elapsed: 0.572 sec - in org.apache.logging.log4j.core.async.AsyncLoggerTest
Running org.apache.logging.log4j.core.async.AsyncRootReloadTest
Tests run: 1, Failures: 0, Errors: 0, Skipped: 0, Time elapsed: 12.014 sec - in org.apache.logging.log4j.core.async.AsyncRootReloadTest
2016-07-16 05:14:09,062 main ERROR Unable to set up error Appender. No appender named STDOUT was configured
Running org.apache.logging.log4j.core.async.AsyncLoggersWithAsyncAppenderTest
Tests run: 1, Failures: 0, Errors: 0, Skipped: 0, Time elapsed: 0.114 sec - in org.apache.logging.log4j.core.async.AsyncLoggersWithAsyncAppenderTest
Running org.apache.logging.log4j.core.async.AsyncLoggerContextSelectorInitialStateTest
Tests run: 1, Failures: 0, Errors: 0, Skipped: 0, Time elapsed: 0.034 sec - in org.apache.logging.log4j.core.async.AsyncLoggerContextSelectorInitialStateTest
Running org.apache.logging.log4j.core.async.DefaultAsyncQueueFullPolicyTest
Tests run: 2, Failures: 0, Errors: 0, Skipped: 0, Time elapsed: 0.007 sec - in org.apache.logging.log4j.core.async.DefaultAsyncQueueFullPolicyTest
Running org.apache.logging.log4j.core.async.AsyncLoggerTimestampMessageTest
Tests run: 1, Failures: 0, Errors: 0, Skipped: 0, Time elapsed: 0.519 sec - in org.apache.logging.log4j.core.async.AsyncLoggerTimestampMessageTest
Running org.apache.logging.log4j.core.async.AsyncLoggerContextSelectorTest
Tests run: 4, Failures: 0, Errors: 0, Skipped: 0, Time elapsed: 0.191 sec - in org.apache.logging.log4j.core.async.AsyncLoggerContextSelectorTest
Running org.apache.logging.log4j.core.async.AsyncQueueFullPolicyFactoryTest
Tests run: 6, Failures: 0, Errors: 0, Skipped: 0, Time elapsed: 0.035 sec - in org.apache.logging.log4j.core.async.AsyncQueueFullPolicyFactoryTest
Running org.apache.logging.log4j.core.async.AsyncLoggerContextTest
Tests run: 1, Failures: 0, Errors: 0, Skipped: 0, Time elapsed: 0.282 sec - in org.apache.logging.log4j.core.async.AsyncLoggerContextTest
Running org.apache.logging.log4j.core.async.DiscardingAsyncQueueFullPolicyTest
Tests run: 8, Failures: 0, Errors: 0, Skipped: 0, Time elapsed: 0.031 sec - in org.apache.logging.log4j.core.async.DiscardingAsyncQueueFullPolicyTest
Running org.apache.logging.log4j.core.async.AsyncLoggerConfigTest
Tests run: 2, Failures: 0, Errors: 0, Skipped: 0, Time elapsed: 0.514 sec - in org.apache.logging.log4j.core.async.AsyncLoggerConfigTest
Running org.apache.logging.log4j.core.async.RingBufferLogEventTest
Tests run: 5, Failures: 0, Errors: 0, Skipped: 0, Time elapsed: 0.091 sec - in org.apache.logging.log4j.core.async.RingBufferLogEventTest
Running org.apache.logging.log4j.core.async.AsyncLoggerThreadContextTest
Tests run: 1, Failures: 0, Errors: 0, Skipped: 0, Time elapsed: 0.539 sec - in org.apache.logging.log4j.core.async.AsyncLoggerThreadContextTest
Running org.apache.logging.log4j.core.async.AsyncLoggerThreadNameStrategyTest
Tests run: 5, Failures: 0, Errors: 0, Skipped: 0, Time elapsed: 0.029 sec - in org.apache.logging.log4j.core.async.AsyncLoggerThreadNameStrategyTest
Running org.apache.logging.log4j.core.async.AsyncLoggerConfigUseAfterShutdownTest
Tests run: 1, Failures: 0, Errors: 0, Skipped: 0, Time elapsed: 0.416 sec - in org.apache.logging.log4j.core.async.AsyncLoggerConfigUseAfterShutdownTest
Running org.apache.logging.log4j.core.async.AsyncLoggersWithAsyncLoggerConfigTest
Tests run: 1, Failures: 0, Errors: 0, Skipped: 0, Time elapsed: 0.111 sec - in org.apache.logging.log4j.core.async.AsyncLoggersWithAsyncLoggerConfigTest
Running org.apache.logging.log4j.core.async.AsyncLoggerConfigAutoFlushTest
Tests run: 1, Failures: 0, Errors: 0, Skipped: 0, Time elapsed: 0.533 sec - in org.apache.logging.log4j.core.async.AsyncLoggerConfigAutoFlushTest
Running org.apache.logging.log4j.core.HostNameTest
Tests run: 1, Failures: 0, Errors: 0, Skipped: 0, Time elapsed: 0.017 sec - in org.apache.logging.log4j.core.HostNameTest
Running org.apache.logging.log4j.core.jmx.ServerTest
Tests run: 10, Failures: 0, Errors: 0, Skipped: 0, Time elapsed: 0.033 sec - in org.apache.logging.log4j.core.jmx.ServerTest
Running org.apache.logging.log4j.core.pattern.MarkerSimpleNamePatternConverterTest
Tests run: 1, Failures: 0, Errors: 0, Skipped: 0, Time elapsed: 0.054 sec - in org.apache.logging.log4j.core.pattern.MarkerSimpleNamePatternConverterTest
Running org.apache.logging.log4j.core.pattern.StyleConverterTest
Tests run: 1, Failures: 0, Errors: 0, Skipped: 0, Time elapsed: 0.331 sec - in org.apache.logging.log4j.core.pattern.StyleConverterTest
Running org.apache.logging.log4j.core.pattern.CallerInformationTest
Tests run: 2, Failures: 0, Errors: 0, Skipped: 0, Time elapsed: 0.011 sec - in org.apache.logging.log4j.core.pattern.CallerInformationTest
Running org.apache.logging.log4j.core.pattern.NanoTimePatternConverterTest
Tests run: 1, Failures: 0, Errors: 0, Skipped: 0, Time elapsed: 0.052 sec - in org.apache.logging.log4j.core.pattern.NanoTimePatternConverterTest
Running org.apache.logging.log4j.core.pattern.MessagePatternConverterTest
Tests run: 2, Failures: 0, Errors: 0, Skipped: 0, Time elapsed: 0.173 sec - in org.apache.logging.log4j.core.pattern.MessagePatternConverterTest
Running org.apache.logging.log4j.core.pattern.ExtendedThrowablePatternConverterTest
Tests run: 3, Failures: 0, Errors: 0, Skipped: 0, Time elapsed: 0.082 sec - in org.apache.logging.log4j.core.pattern.ExtendedThrowablePatternConverterTest
Running org.apache.logging.log4j.core.pattern.RootThrowableTest
Tests run: 1, Failures: 0, Errors: 0, Skipped: 0, Time elapsed: 0.016 sec - in org.apache.logging.log4j.core.pattern.RootThrowableTest
Running org.apache.logging.log4j.core.pattern.EqualsReplacementConverterTest
Tests run: 8, Failures: 0, Errors: 0, Skipped: 0, Time elapsed: 0.272 sec - in org.apache.logging.log4j.core.pattern.EqualsReplacementConverterTest
Running org.apache.logging.log4j.core.pattern.ThrowablePatternConverterTest
Tests run: 8, Failures: 0, Errors: 0, Skipped: 0, Time elapsed: 0.07 sec - in org.apache.logging.log4j.core.pattern.ThrowablePatternConverterTest
Running org.apache.logging.log4j.core.pattern.LevelPatternConverterTest
Tests run: 8, Failures: 0, Errors: 0, Skipped: 0, Time elapsed: 0.056 sec - in org.apache.logging.log4j.core.pattern.LevelPatternConverterTest
Running org.apache.logging.log4j.core.pattern.MapPatternConverterTest
Tests run: 2, Failures: 0, Errors: 0, Skipped: 0, Time elapsed: 0.055 sec - in org.apache.logging.log4j.core.pattern.MapPatternConverterTest
Running org.apache.logging.log4j.core.pattern.FormattingInfoTest
Tests run: 3, Failures: 0, Errors: 0, Skipped: 0, Time elapsed: 0.002 sec - in org.apache.logging.log4j.core.pattern.FormattingInfoTest
Running org.apache.logging.log4j.core.pattern.LiteralPatternConverterTest
Tests run: 2, Failures: 0, Errors: 0, Skipped: 0, Time elapsed: 0.029 sec - in org.apache.logging.log4j.core.pattern.LiteralPatternConverterTest
Running org.apache.logging.log4j.core.pattern.MdcPatternConverterTest
Tests run: 3, Failures: 0, Errors: 0, Skipped: 0, Time elapsed: 0.059 sec - in org.apache.logging.log4j.core.pattern.MdcPatternConverterTest
Running org.apache.logging.log4j.core.pattern.ThreadIdPatternConverterTest
Tests run: 1, Failures: 0, Errors: 0, Skipped: 0, Time elapsed: 0.053 sec - in org.apache.logging.log4j.core.pattern.ThreadIdPatternConverterTest
Running org.apache.logging.log4j.core.pattern.PatternParserTest
Tests run: 18, Failures: 0, Errors: 0, Skipped: 0, Time elapsed: 0.039 sec - in org.apache.logging.log4j.core.pattern.PatternParserTest
Running org.apache.logging.log4j.core.pattern.EncodingPatternConverterTest
Tests run: 1, Failures: 0, Errors: 0, Skipped: 0, Time elapsed: 0.28 sec - in org.apache.logging.log4j.core.pattern.EncodingPatternConverterTest
Running org.apache.logging.log4j.core.pattern.RegexReplacementConverterTest
Tests run: 1, Failures: 0, Errors: 0, Skipped: 0, Time elapsed: 0.278 sec - in org.apache.logging.log4j.core.pattern.RegexReplacementConverterTest
Running org.apache.logging.log4j.core.pattern.NameAbbreviatorTest
Tests run: 14, Failures: 0, Errors: 0, Skipped: 0, Time elapsed: 0.005 sec - in org.apache.logging.log4j.core.pattern.NameAbbreviatorTest
Running org.apache.logging.log4j.core.pattern.ThreadPriorityPatternConverterTest
Tests run: 1, Failures: 0, Errors: 0, Skipped: 0, Time elapsed: 0.054 sec - in org.apache.logging.log4j.core.pattern.ThreadPriorityPatternConverterTest
Running org.apache.logging.log4j.core.pattern.EqualsIgnoreCaseReplacementConverterTest
Tests run: 3, Failures: 0, Errors: 0, Skipped: 0, Time elapsed: 0.274 sec - in org.apache.logging.log4j.core.pattern.EqualsIgnoreCaseReplacementConverterTest
Running org.apache.logging.log4j.core.pattern.VariablesNotEmptyReplacementConverterTest
Tests run: 6, Failures: 0, Errors: 0, Skipped: 0, Time elapsed: 0.275 sec - in org.apache.logging.log4j.core.pattern.VariablesNotEmptyReplacementConverterTest
Running org.apache.logging.log4j.core.pattern.ExtendedThrowableTest
Tests run: 1, Failures: 0, Errors: 0, Skipped: 0, Time elapsed: 0.018 sec - in org.apache.logging.log4j.core.pattern.ExtendedThrowableTest
Running org.apache.logging.log4j.core.pattern.NoConsoleNoAnsiTest
Tests run: 1, Failures: 0, Errors: 0, Skipped: 0, Time elapsed: 0.331 sec - in org.apache.logging.log4j.core.pattern.NoConsoleNoAnsiTest
Running org.apache.logging.log4j.core.pattern.MarkerPatternConverterTest
Tests run: 1, Failures: 0, Errors: 0, Skipped: 0, Time elapsed: 0.054 sec - in org.apache.logging.log4j.core.pattern.MarkerPatternConverterTest
Running org.apache.logging.log4j.core.pattern.ThrowableTest
Tests run: 1, Failures: 0, Errors: 0, Skipped: 0, Time elapsed: 0.009 sec - in org.apache.logging.log4j.core.pattern.ThrowableTest
Running org.apache.logging.log4j.core.pattern.ThreadNamePatternConverterTest
Tests run: 1, Failures: 0, Errors: 0, Skipped: 0, Time elapsed: 0.072 sec - in org.apache.logging.log4j.core.pattern.ThreadNamePatternConverterTest
Running org.apache.logging.log4j.core.pattern.RootThrowablePatternConverterTest
Tests run: 2, Failures: 0, Errors: 0, Skipped: 0, Time elapsed: 0.067 sec - in org.apache.logging.log4j.core.pattern.RootThrowablePatternConverterTest
Running org.apache.logging.log4j.core.pattern.MaxLengthConverterTest
Tests run: 3, Failures: 0, Errors: 0, Skipped: 0, Time elapsed: 0.021 sec - in org.apache.logging.log4j.core.pattern.MaxLengthConverterTest
Running org.apache.logging.log4j.core.pattern.DatePatternConverterTest
Tests run: 40, Failures: 0, Errors: 0, Skipped: 0, Time elapsed: 0.062 sec - in org.apache.logging.log4j.core.pattern.DatePatternConverterTest
Running org.apache.logging.log4j.core.pattern.RegexReplacementTest
Tests run: 2, Failures: 0, Errors: 0, Skipped: 0, Time elapsed: 0.01 sec - in org.apache.logging.log4j.core.pattern.RegexReplacementTest
Running org.apache.logging.log4j.core.layout.YamlLayoutTest
Tests run: 7, Failures: 0, Errors: 0, Skipped: 0, Time elapsed: 0.591 sec - in org.apache.logging.log4j.core.layout.YamlLayoutTest
Running org.apache.logging.log4j.core.layout.SerializedLayoutTest
Tests run: 3, Failures: 0, Errors: 0, Skipped: 0, Time elapsed: 0.061 sec - in org.apache.logging.log4j.core.layout.SerializedLayoutTest
Running org.apache.logging.log4j.core.layout.PatternLayoutTest
Tests run: 22, Failures: 0, Errors: 0, Skipped: 0, Time elapsed: 0.032 sec - in org.apache.logging.log4j.core.layout.PatternLayoutTest
2016-07-16 05:14:52,308 main WARN The bufferSize is set to 8192 but bufferedIO is not true: false
Running org.apache.logging.log4j.core.layout.PatternLayoutMainMapLookupTest
Tests run: 2, Failures: 0, Errors: 0, Skipped: 0, Time elapsed: 0.007 sec - in org.apache.logging.log4j.core.layout.PatternLayoutMainMapLookupTest
Running org.apache.logging.log4j.core.layout.SyslogLayoutTest
Tests run: 1, Failures: 0, Errors: 0, Skipped: 0, Time elapsed: 0.014 sec - in org.apache.logging.log4j.core.layout.SyslogLayoutTest
Running org.apache.logging.log4j.core.layout.CsvParameterLayoutTest
Tests run: 12, Failures: 0, Errors: 0, Skipped: 0, Time elapsed: 0.519 sec - in org.apache.logging.log4j.core.layout.CsvParameterLayoutTest
Running org.apache.logging.log4j.core.layout.GelfLayoutTest
Tests run: 5, Failures: 0, Errors: 0, Skipped: 0, Time elapsed: 0.254 sec - in org.apache.logging.log4j.core.layout.GelfLayoutTest
Running org.apache.logging.log4j.core.layout.XmlLayoutTest
Tests run: 6, Failures: 0, Errors: 0, Skipped: 0, Time elapsed: 0.508 sec - in org.apache.logging.log4j.core.layout.XmlLayoutTest
Running org.apache.logging.log4j.core.layout.CsvLogEventLayoutTest
Tests run: 9, Failures: 0, Errors: 0, Skipped: 0, Time elapsed: 0.013 sec - in org.apache.logging.log4j.core.layout.CsvLogEventLayoutTest
Running org.apache.logging.log4j.core.layout.Rfc5424LayoutTest
Tests run: 8, Failures: 0, Errors: 0, Skipped: 0, Time elapsed: 0.038 sec - in org.apache.logging.log4j.core.layout.Rfc5424LayoutTest
Running org.apache.logging.log4j.core.layout.PatternSelectorTest
Tests run: 1, Failures: 0, Errors: 0, Skipped: 0, Time elapsed: 0.019 sec - in org.apache.logging.log4j.core.layout.PatternSelectorTest
Running org.apache.logging.log4j.core.layout.StringBuilderEncoderTest
Tests run: 14, Failures: 0, Errors: 0, Skipped: 0, Time elapsed: 0.109 sec - in org.apache.logging.log4j.core.layout.StringBuilderEncoderTest
Running org.apache.logging.log4j.core.layout.JsonLayoutTest
Tests run: 9, Failures: 0, Errors: 0, Skipped: 0, Time elapsed: 0.507 sec - in org.apache.logging.log4j.core.layout.JsonLayoutTest
Running org.apache.logging.log4j.core.layout.HtmlLayoutTest
Tests run: 5, Failures: 0, Errors: 0, Skipped: 0, Time elapsed: 0.013 sec - in org.apache.logging.log4j.core.layout.HtmlLayoutTest
Running org.apache.logging.log4j.core.layout.CsvParameterLayoutAllAsyncTest
Tests run: 3, Failures: 0, Errors: 0, Skipped: 0, Time elapsed: 0.421 sec - in org.apache.logging.log4j.core.layout.CsvParameterLayoutAllAsyncTest
Running org.apache.logging.log4j.core.appender.TlsSyslogFrameTest
Tests run: 3, Failures: 0, Errors: 0, Skipped: 0, Time elapsed: 0.002 sec - in org.apache.logging.log4j.core.appender.TlsSyslogFrameTest
Running org.apache.logging.log4j.core.appender.ConsoleAppenderTest
Tests run: 4, Failures: 0, Errors: 0, Skipped: 0, Time elapsed: 0.289 sec - in org.apache.logging.log4j.core.appender.ConsoleAppenderTest
Running org.apache.logging.log4j.core.appender.XmlFileAppenderTest
Tests run: 1, Failures: 0, Errors: 0, Skipped: 0, Time elapsed: 0.783 sec - in org.apache.logging.log4j.core.appender.XmlFileAppenderTest
Running org.apache.logging.log4j.core.appender.AsyncAppenderTest
Tests run: 2, Failures: 0, Errors: 0, Skipped: 0, Time elapsed: 0.221 sec - in org.apache.logging.log4j.core.appender.AsyncAppenderTest
Running org.apache.logging.log4j.core.appender.AsyncAppenderQueueFullPolicyTest
Tests run: 1, Failures: 0, Errors: 0, Skipped: 0, Time elapsed: 0.023 sec - in org.apache.logging.log4j.core.appender.AsyncAppenderQueueFullPolicyTest
Running org.apache.logging.log4j.core.appender.XmlCompactFileAppenderTest
Tests run: 1, Failures: 0, Errors: 0, Skipped: 0, Time elapsed: 0.734 sec - in org.apache.logging.log4j.core.appender.XmlCompactFileAppenderTest
Running org.apache.logging.log4j.core.appender.JsonCompleteFileAppenderTest
Tests run: 1, Failures: 0, Errors: 0, Skipped: 0, Time elapsed: 2.589 sec - in org.apache.logging.log4j.core.appender.JsonCompleteFileAppenderTest
Running org.apache.logging.log4j.core.appender.mom.JmsAppenderTest
Tests run: 3, Failures: 0, Errors: 0, Skipped: 0, Time elapsed: 0.396 sec - in org.apache.logging.log4j.core.appender.mom.JmsAppenderTest
Running org.apache.logging.log4j.core.appender.mom.jeromq.JeroMqAppenderTest
Tests run: 4, Failures: 0, Errors: 0, Skipped: 0, Time elapsed: 0.222 sec - in org.apache.logging.log4j.core.appender.mom.jeromq.JeroMqAppenderTest
Running org.apache.logging.log4j.core.appender.mom.kafka.KafkaAppenderTest
Tests run: 4, Failures: 0, Errors: 0, Skipped: 0, Time elapsed: 12.464 sec - in org.apache.logging.log4j.core.appender.mom.kafka.KafkaAppenderTest
Running org.apache.logging.log4j.core.appender.rolling.RollingAppenderTimeAndSizeTest
Tests run: 1, Failures: 0, Errors: 0, Skipped: 0, Time elapsed: 0.101 sec - in org.apache.logging.log4j.core.appender.rolling.RollingAppenderTimeAndSizeTest
Running org.apache.logging.log4j.core.appender.rolling.action.DeleteActionTest
Tests run: 8, Failures: 0, Errors: 0, Skipped: 0, Time elapsed: 0.076 sec - in org.apache.logging.log4j.core.appender.rolling.action.DeleteActionTest
Running org.apache.logging.log4j.core.appender.rolling.action.DeletingVisitorTest
Tests run: 6, Failures: 0, Errors: 0, Skipped: 0, Time elapsed: 0.035 sec - in org.apache.logging.log4j.core.appender.rolling.action.DeletingVisitorTest
Running org.apache.logging.log4j.core.appender.rolling.action.ScriptConditionTest
relative path: 1/abc/a.txt
extracted index: 1
is odd: true
relative path: 2/abc/bbb.txt
extracted index: 2
is odd: false
relative path: 3/abc/c.txt
extracted index: 3
is odd: true
[/path/2/abc/bbb.txt (modified: null)]
Tests run: 7, Failures: 0, Errors: 0, Skipped: 0, Time elapsed: 0.823 sec - in org.apache.logging.log4j.core.appender.rolling.action.ScriptConditionTest
Running org.apache.logging.log4j.core.appender.rolling.action.PathSortByModificationTimeTest
Tests run: 3, Failures: 0, Errors: 0, Skipped: 0, Time elapsed: 0.008 sec - in org.apache.logging.log4j.core.appender.rolling.action.PathSortByModificationTimeTest
Running org.apache.logging.log4j.core.appender.rolling.action.SortingVisitorTest
Tests run: 2, Failures: 0, Errors: 0, Skipped: 0, Time elapsed: 0.046 sec - in org.apache.logging.log4j.core.appender.rolling.action.SortingVisitorTest
Running org.apache.logging.log4j.core.appender.rolling.action.IfLastModifiedTest
Tests run: 6, Failures: 0, Errors: 0, Skipped: 0, Time elapsed: 0.033 sec - in org.apache.logging.log4j.core.appender.rolling.action.IfLastModifiedTest
Running org.apache.logging.log4j.core.appender.rolling.action.IfNotTest
Tests run: 3, Failures: 0, Errors: 0, Skipped: 0, Time elapsed: 0.003 sec - in org.apache.logging.log4j.core.appender.rolling.action.IfNotTest
Running org.apache.logging.log4j.core.appender.rolling.action.IfAccumulatedFileCountTest
Tests run: 4, Failures: 0, Errors: 0, Skipped: 0, Time elapsed: 0.029 sec - in org.apache.logging.log4j.core.appender.rolling.action.IfAccumulatedFileCountTest
Running org.apache.logging.log4j.core.appender.rolling.action.IfAllTest
Tests run: 3, Failures: 0, Errors: 0, Skipped: 0, Time elapsed: 0.003 sec - in org.apache.logging.log4j.core.appender.rolling.action.IfAllTest
Running org.apache.logging.log4j.core.appender.rolling.action.IfAccumulatedFileSizeTest
Tests run: 7, Failures: 0, Errors: 0, Skipped: 0, Time elapsed: 0.044 sec - in org.apache.logging.log4j.core.appender.rolling.action.IfAccumulatedFileSizeTest
Running org.apache.logging.log4j.core.appender.rolling.action.FileRenameActionTest
Tests run: 3, Failures: 0, Errors: 0, Skipped: 0, Time elapsed: 0.039 sec - in org.apache.logging.log4j.core.appender.rolling.action.FileRenameActionTest
Running org.apache.logging.log4j.core.appender.rolling.action.Bzip2CompressActionTest
Tests run: 4, Failures: 0, Errors: 0, Skipped: 0, Time elapsed: 0.055 sec - in org.apache.logging.log4j.core.appender.rolling.action.Bzip2CompressActionTest
Running org.apache.logging.log4j.core.appender.rolling.action.IfFileNameTest
Tests run: 9, Failures: 0, Errors: 0, Skipped: 0, Time elapsed: 0.04 sec - in org.apache.logging.log4j.core.appender.rolling.action.IfFileNameTest
Running org.apache.logging.log4j.core.appender.rolling.action.IfAnyTest
Tests run: 3, Failures: 0, Errors: 0, Skipped: 0, Time elapsed: 0.003 sec - in org.apache.logging.log4j.core.appender.rolling.action.IfAnyTest
Running org.apache.logging.log4j.core.appender.rolling.action.DurationTest
Tests run: 13, Failures: 0, Errors: 0, Skipped: 0, Time elapsed: 0.007 sec - in org.apache.logging.log4j.core.appender.rolling.action.DurationTest
Running org.apache.logging.log4j.core.appender.rolling.RollingAppenderUncompressedTest
Tests run: 1, Failures: 0, Errors: 0, Skipped: 0, Time elapsed: 0.069 sec - in org.apache.logging.log4j.core.appender.rolling.RollingAppenderUncompressedTest
Running org.apache.logging.log4j.core.appender.rolling.RollingAppenderDeleteScriptTest
target/rolling-with-delete-script/test/test-1.log
Tests run: 1, Failures: 0, Errors: 0, Skipped: 0, Time elapsed: 1.285 sec - in org.apache.logging.log4j.core.appender.rolling.RollingAppenderDeleteScriptTest
Running org.apache.logging.log4j.core.appender.rolling.PatternProcessorTest
Tests run: 14, Failures: 0, Errors: 0, Skipped: 0, Time elapsed: 0.169 sec - in org.apache.logging.log4j.core.appender.rolling.PatternProcessorTest
Running org.apache.logging.log4j.core.appender.rolling.OnStartupTriggeringPolicyTest
Tests run: 1, Failures: 0, Errors: 0, Skipped: 0, Time elapsed: 0.154 sec - in org.apache.logging.log4j.core.appender.rolling.OnStartupTriggeringPolicyTest
Running org.apache.logging.log4j.core.appender.rolling.RollingAppenderDeleteNestedTest
target/rolling-with-delete-nested/test/my-4.log (10B) 05:15:49,000
target/rolling-with-delete-nested/test/my-3.log (10B) 05:15:49,000
target/rolling-with-delete-nested/test/my-5.log (10B) 05:15:49,000
target/rolling-with-delete-nested/test/my-2.log (10B) 05:15:49,000
target/rolling-with-delete-nested/test/test-8.log (115B) 05:15:47,000
target/rolling-with-delete-nested/test/test-9.log (115B) 05:15:47,000
target/rolling-with-delete-nested/test/my-1.log (10B) 05:15:49,000
target/rolling-with-delete-nested/test/test-7.log (115B) 05:15:47,000
Tests run: 1, Failures: 0, Errors: 0, Skipped: 0, Time elapsed: 0.58 sec - in org.apache.logging.log4j.core.appender.rolling.RollingAppenderDeleteNestedTest
Running org.apache.logging.log4j.core.appender.rolling.RollingAppenderNoUnconditionalDeleteTest
2016-07-16 05:15:48,190 main ERROR Missing Delete conditions: unconditional Delete not supported
2016-07-16 05:15:48,193 main ERROR Unable to invoke factory method in class class org.apache.logging.log4j.core.appender.rolling.action.DeleteAction for element Delete. java.lang.reflect.InvocationTargetException
	at sun.reflect.NativeMethodAccessorImpl.invoke0(Native Method)
	at sun.reflect.NativeMethodAccessorImpl.invoke(NativeMethodAccessorImpl.java:57)
	at sun.reflect.DelegatingMethodAccessorImpl.invoke(DelegatingMethodAccessorImpl.java:43)
	at java.lang.reflect.Method.invoke(Method.java:606)
	at org.apache.logging.log4j.core.config.plugins.util.PluginBuilder.build(PluginBuilder.java:132)
	at org.apache.logging.log4j.core.config.AbstractConfiguration.createPluginObject(AbstractConfiguration.java:918)
	at org.apache.logging.log4j.core.config.AbstractConfiguration.createConfiguration(AbstractConfiguration.java:858)
	at org.apache.logging.log4j.core.config.AbstractConfiguration.createConfiguration(AbstractConfiguration.java:850)
	at org.apache.logging.log4j.core.config.AbstractConfiguration.createConfiguration(AbstractConfiguration.java:850)
	at org.apache.logging.log4j.core.config.AbstractConfiguration.createConfiguration(AbstractConfiguration.java:850)
	at org.apache.logging.log4j.core.config.AbstractConfiguration.doConfigure(AbstractConfiguration.java:479)
	at org.apache.logging.log4j.core.config.AbstractConfiguration.initialize(AbstractConfiguration.java:219)
	at org.apache.logging.log4j.core.config.AbstractConfiguration.start(AbstractConfiguration.java:231)
	at org.apache.logging.log4j.core.LoggerContext.setConfiguration(LoggerContext.java:491)
	at org.apache.logging.log4j.core.LoggerContext.start(LoggerContext.java:244)
	at org.apache.logging.log4j.core.impl.Log4jContextFactory.getContext(Log4jContextFactory.java:239)
	at org.apache.logging.log4j.core.config.Configurator.initialize(Configurator.java:158)
	at org.apache.logging.log4j.core.config.Configurator.initialize(Configurator.java:130)
	at org.apache.logging.log4j.core.config.Configurator.initialize(Configurator.java:100)
	at org.apache.logging.log4j.junit.LoggerContextRule$1.evaluate(LoggerContextRule.java:88)
	at org.junit.rules.RunRules.evaluate(RunRules.java:20)
	at org.junit.runners.ParentRunner.runLeaf(ParentRunner.java:325)
	at org.junit.runners.BlockJUnit4ClassRunner.runChild(BlockJUnit4ClassRunner.java:78)
	at org.junit.runners.BlockJUnit4ClassRunner.runChild(BlockJUnit4ClassRunner.java:57)
	at org.junit.runners.ParentRunner$3.run(ParentRunner.java:290)
	at org.junit.runners.ParentRunner$1.schedule(ParentRunner.java:71)
	at org.junit.runners.ParentRunner.runChildren(ParentRunner.java:288)
	at org.junit.runners.ParentRunner.access$000(ParentRunner.java:58)
	at org.junit.runners.ParentRunner$2.evaluate(ParentRunner.java:268)
	at org.junit.runners.ParentRunner.run(ParentRunner.java:363)
	at org.junit.runners.Suite.runChild(Suite.java:128)
	at org.junit.runners.Suite.runChild(Suite.java:27)
	at org.junit.runners.ParentRunner$3.run(ParentRunner.java:290)
	at org.junit.runners.ParentRunner$1.schedule(ParentRunner.java:71)
	at org.junit.runners.ParentRunner.runChildren(ParentRunner.java:288)
	at org.junit.runners.ParentRunner.access$000(ParentRunner.java:58)
	at org.junit.runners.ParentRunner$2.evaluate(ParentRunner.java:268)
	at org.junit.runners.ParentRunner.run(ParentRunner.java:363)
	at org.junit.runners.Suite.runChild(Suite.java:128)
	at org.junit.runners.Suite.runChild(Suite.java:27)
	at org.junit.runners.ParentRunner$3.run(ParentRunner.java:290)
	at org.junit.runners.ParentRunner$1.schedule(ParentRunner.java:71)
	at org.junit.runners.ParentRunner.runChildren(ParentRunner.java:288)
	at org.junit.runners.ParentRunner.access$000(ParentRunner.java:58)
	at org.junit.runners.ParentRunner$2.evaluate(ParentRunner.java:268)
	at org.junit.runners.ParentRunner.run(ParentRunner.java:363)
	at org.apache.maven.surefire.junitcore.JUnitCore.run(JUnitCore.java:55)
	at org.apache.maven.surefire.junitcore.JUnitCoreWrapper.createRequestAndRun(JUnitCoreWrapper.java:137)
	at org.apache.maven.surefire.junitcore.JUnitCoreWrapper.executeEager(JUnitCoreWrapper.java:107)
	at org.apache.maven.surefire.junitcore.JUnitCoreWrapper.execute(JUnitCoreWrapper.java:83)
	at org.apache.maven.surefire.junitcore.JUnitCoreWrapper.execute(JUnitCoreWrapper.java:75)
	at org.apache.maven.surefire.junitcore.JUnitCoreProvider.invoke(JUnitCoreProvider.java:161)
	at org.apache.maven.surefire.booter.ForkedBooter.invokeProviderInSameClassLoader(ForkedBooter.java:290)
	at org.apache.maven.surefire.booter.ForkedBooter.runSuitesInProcess(ForkedBooter.java:242)
	at org.apache.maven.surefire.booter.ForkedBooter.main(ForkedBooter.java:121)
Caused by: java.lang.IllegalArgumentException: Unconditional Delete not supported
	at org.apache.logging.log4j.core.appender.rolling.action.DeleteAction.<init>(DeleteAction.java:70)
	at org.apache.logging.log4j.core.appender.rolling.action.DeleteAction.createDeleteAction(DeleteAction.java:211)
	... 55 more

2016-07-16 05:15:48,197 main ERROR Null object returned for Delete in DefaultRolloverStrategy.
Tests run: 3, Failures: 0, Errors: 0, Skipped: 0, Time elapsed: 0.961 sec - in org.apache.logging.log4j.core.appender.rolling.RollingAppenderNoUnconditionalDeleteTest
Running org.apache.logging.log4j.core.appender.rolling.RollingFileAppenderAccessTest
Tests run: 1, Failures: 0, Errors: 0, Skipped: 0, Time elapsed: 0.328 sec - in org.apache.logging.log4j.core.appender.rolling.RollingFileAppenderAccessTest
Running org.apache.logging.log4j.core.appender.rolling.RollingRandomAccessFileManagerTest
Tests run: 6, Failures: 0, Errors: 0, Skipped: 0, Time elapsed: 0.163 sec - in org.apache.logging.log4j.core.appender.rolling.RollingRandomAccessFileManagerTest
Running org.apache.logging.log4j.core.appender.rolling.RollingAppenderDeleteAccumulatedCount2Test
target/rolling-with-delete-accum-count2/test/my-4.log (10B) 05:15:53,000
target/rolling-with-delete-accum-count2/test/my-3.log (10B) 05:15:53,000
target/rolling-with-delete-accum-count2/test/my-5.log (10B) 05:15:53,000
target/rolling-with-delete-accum-count2/test/my-2.log (10B) 05:15:53,000
target/rolling-with-delete-accum-count2/test/test-9.log (126B) 05:15:51,000
target/rolling-with-delete-accum-count2/test/my-1.log (10B) 05:15:53,000
Tests run: 1, Failures: 0, Errors: 0, Skipped: 0, Time elapsed: 0.574 sec - in org.apache.logging.log4j.core.appender.rolling.RollingAppenderDeleteAccumulatedCount2Test
Running org.apache.logging.log4j.core.appender.rolling.RollingAppenderTimeTest
Tests run: 1, Failures: 0, Errors: 0, Skipped: 0, Time elapsed: 1.957 sec - in org.apache.logging.log4j.core.appender.rolling.RollingAppenderTimeTest
Running org.apache.logging.log4j.core.appender.rolling.RollingAppenderCronTest
Tests run: 1, Failures: 0, Errors: 0, Skipped: 0, Time elapsed: 8.985 sec - in org.apache.logging.log4j.core.appender.rolling.RollingAppenderCronTest
Running org.apache.logging.log4j.core.appender.rolling.RollingAppenderSizeTest
Tests run: 6, Failures: 0, Errors: 0, Skipped: 0, Time elapsed: 1.996 sec - in org.apache.logging.log4j.core.appender.rolling.RollingAppenderSizeTest
Running org.apache.logging.log4j.core.appender.rolling.RollingRandomAccessFileManagerHeaderFooterTest
Tests run: 1, Failures: 0, Errors: 0, Skipped: 1, Time elapsed: 0.002 sec - in org.apache.logging.log4j.core.appender.rolling.RollingRandomAccessFileManagerHeaderFooterTest
Running org.apache.logging.log4j.core.appender.rolling.RollingAppenderDeleteScriptFri13thTest
target/rolling-with-delete-script-fri13th/test/test-20151117-0.log
target/rolling-with-delete-script-fri13th/test/test-20151118-0.log
target/rolling-with-delete-script-fri13th/test/test-20151130-0.log
target/rolling-with-delete-script-fri13th/test/test-20151127-0.log
target/rolling-with-delete-script-fri13th/test/test-20151104-0.log
target/rolling-with-delete-script-fri13th/test/test-20151121-0.log
target/rolling-with-delete-script-fri13th/test/test-20151124-0.log
target/rolling-with-delete-script-fri13th/test/test-20151105-0.log
target/rolling-with-delete-script-fri13th/test/test-20151122-0.log
target/rolling-with-delete-script-fri13th/test/test-20151102-0.log
target/rolling-with-delete-script-fri13th/test/test-20151107-0.log
target/rolling-with-delete-script-fri13th/test/test-20160716-1.log
target/rolling-with-delete-script-fri13th/test/test-20151106-0.log
target/rolling-with-delete-script-fri13th/test/test-20151128-0.log
target/rolling-with-delete-script-fri13th/test/test-20151115-0.log
target/rolling-with-delete-script-fri13th/test/test-20151123-0.log
target/rolling-with-delete-script-fri13th/test/test-20151103-0.log
target/rolling-with-delete-script-fri13th/test/test-20151126-0.log
target/rolling-with-delete-script-fri13th/test/test-20151110-0.log
target/rolling-with-delete-script-fri13th/test/test-20151112-0.log
target/rolling-with-delete-script-fri13th/test/test-20151129-0.log
target/rolling-with-delete-script-fri13th/test/test-20151101-0.log
target/rolling-with-delete-script-fri13th/test/test-20151116-0.log
target/rolling-with-delete-script-fri13th/test/test-20151111-0.log
target/rolling-with-delete-script-fri13th/test/test-20151109-0.log
target/rolling-with-delete-script-fri13th/test/test-20160716-2.log
target/rolling-with-delete-script-fri13th/test/test-20151119-0.log
target/rolling-with-delete-script-fri13th/test/test-20151108-0.log
target/rolling-with-delete-script-fri13th/test/test-20151114-0.log
target/rolling-with-delete-script-fri13th/test/test-20151125-0.log
target/rolling-with-delete-script-fri13th/test/test-20151120-0.log
target/rolling-with-delete-script-fri13th/test/test-20160716-3.log
Tests run: 1, Failures: 0, Errors: 0, Skipped: 0, Time elapsed: 1.551 sec - in org.apache.logging.log4j.core.appender.rolling.RollingAppenderDeleteScriptFri13thTest
Running org.apache.logging.log4j.core.appender.rolling.RollingAppenderDeleteAccumulatedSizeTest
target/rolling-with-delete-accum-size/test/test-6.log (124B) 05:16:10,000
target/rolling-with-delete-accum-size/test/test-8.log (124B) 05:16:10,000
target/rolling-with-delete-accum-size/test/test-9.log (124B) 05:16:10,000
target/rolling-with-delete-accum-size/test/test-7.log (124B) 05:16:10,000
Tests run: 1, Failures: 0, Errors: 0, Skipped: 0, Time elapsed: 0.563 sec - in org.apache.logging.log4j.core.appender.rolling.RollingAppenderDeleteAccumulatedSizeTest
Running org.apache.logging.log4j.core.appender.rolling.FileSizeTest
Tests run: 1, Failures: 0, Errors: 0, Skipped: 0, Time elapsed: 0.04 sec - in org.apache.logging.log4j.core.appender.rolling.FileSizeTest
Running org.apache.logging.log4j.core.appender.rolling.RollingAppenderDeleteMaxDepthTest
Tests run: 1, Failures: 0, Errors: 0, Skipped: 0, Time elapsed: 0.567 sec - in org.apache.logging.log4j.core.appender.rolling.RollingAppenderDeleteMaxDepthTest
Running org.apache.logging.log4j.core.appender.rolling.RollingAppenderDeleteAccumulatedCount1Test
target/rolling-with-delete-accum-count1/test/test-6.log (126B) 05:16:14,000
target/rolling-with-delete-accum-count1/test/my-4.log (10B) 05:16:16,000
target/rolling-with-delete-accum-count1/test/my-3.log (10B) 05:16:16,000
target/rolling-with-delete-accum-count1/test/test-4.log (126B) 05:16:14,000
target/rolling-with-delete-accum-count1/test/my-5.log (10B) 05:16:16,000
target/rolling-with-delete-accum-count1/test/my-2.log (10B) 05:16:16,000
target/rolling-with-delete-accum-count1/test/test-8.log (126B) 05:16:14,000
target/rolling-with-delete-accum-count1/test/test-5.log (126B) 05:16:14,000
target/rolling-with-delete-accum-count1/test/test-9.log (126B) 05:16:14,000
target/rolling-with-delete-accum-count1/test/my-1.log (10B) 05:16:16,000
target/rolling-with-delete-accum-count1/test/test-7.log (126B) 05:16:14,000
Tests run: 1, Failures: 0, Errors: 0, Skipped: 0, Time elapsed: 0.572 sec - in org.apache.logging.log4j.core.appender.rolling.RollingAppenderDeleteAccumulatedCount1Test
Running org.apache.logging.log4j.core.appender.rolling.RollingAppenderCustomDeleteActionTest
target/rolling-with-delete/test/test-1.log
target/rolling-with-delete/test/test-2.log
target/rolling-with-delete/test/test-3.log
Tests run: 1, Failures: 0, Errors: 0, Skipped: 0, Time elapsed: 0.56 sec - in org.apache.logging.log4j.core.appender.rolling.RollingAppenderCustomDeleteActionTest
Running org.apache.logging.log4j.core.appender.AsyncAppenderShutdownTimeoutTest
Tests run: 1, Failures: 0, Errors: 0, Skipped: 0, Time elapsed: 1.018 sec - in org.apache.logging.log4j.core.appender.AsyncAppenderShutdownTimeoutTest
Running org.apache.logging.log4j.core.appender.MemoryMappedFileManagerTest
Tests run: 2, Failures: 0, Errors: 0, Skipped: 0, Time elapsed: 0.082 sec - in org.apache.logging.log4j.core.appender.MemoryMappedFileManagerTest
Running org.apache.logging.log4j.core.appender.SmtpAppenderTest
Tests run: 6, Failures: 0, Errors: 0, Skipped: 0, Time elapsed: 0.375 sec - in org.apache.logging.log4j.core.appender.SmtpAppenderTest
Running org.apache.logging.log4j.core.appender.WriterAppenderTest
05:16:20.662 [main] ERROR CharArrayWriter.testWriterAppenderToCharArrayWriter - FOO ERROR
05:16:20.665 [main] ERROR OutputStreamWriter.testWriterAppenderToOutputStreamWriter - FOO ERROR
05:16:20.666 [main] ERROR PrintWriter.testWriterAppenderToPrintWriter - FOO ERROR
05:16:20.666 [main] ERROR StringWriter.testWriterAppenderToStringWriter - FOO ERROR
Tests run: 4, Failures: 0, Errors: 0, Skipped: 0, Time elapsed: 0.324 sec - in org.apache.logging.log4j.core.appender.WriterAppenderTest
Running org.apache.logging.log4j.core.appender.XmlCompactFileAsyncAppenderValidationTest
Tests run: 1, Failures: 0, Errors: 0, Skipped: 1, Time elapsed: 0.002 sec - in org.apache.logging.log4j.core.appender.XmlCompactFileAsyncAppenderValidationTest
Running org.apache.logging.log4j.core.appender.AsyncAppenderNoLocationTest
Tests run: 1, Failures: 0, Errors: 0, Skipped: 0, Time elapsed: 0.115 sec - in org.apache.logging.log4j.core.appender.AsyncAppenderNoLocationTest
Running org.apache.logging.log4j.core.appender.routing.RoutingAppenderWithPurgingTest
Tests run: 1, Failures: 0, Errors: 0, Skipped: 0, Time elapsed: 35.484 sec - in org.apache.logging.log4j.core.appender.routing.RoutingAppenderWithPurgingTest
Running org.apache.logging.log4j.core.appender.routing.RoutingAppenderTest
Tests run: 1, Failures: 0, Errors: 0, Skipped: 0, Time elapsed: 6.396 sec - in org.apache.logging.log4j.core.appender.routing.RoutingAppenderTest
Running org.apache.logging.log4j.core.appender.routing.RoutingAppenderWithJndiTest
Context [Test ] This is a message from unknown context
Context [Test ] This is a message from Application1
Context [Test ] This is a message from Application2
Context [Test ] This is another message from Application2
Context [Test ] This is a message from Application3
Context [Test ] This is a message from Application4
Tests run: 1, Failures: 0, Errors: 0, Skipped: 0, Time elapsed: 0.191 sec - in org.apache.logging.log4j.core.appender.routing.RoutingAppenderWithJndiTest
Running org.apache.logging.log4j.core.appender.routing.JsonRoutingAppenderTest
Tests run: 1, Failures: 0, Errors: 0, Skipped: 0, Time elapsed: 2.039 sec - in org.apache.logging.log4j.core.appender.routing.JsonRoutingAppenderTest
Running org.apache.logging.log4j.core.appender.routing.RoutingDefaultAppenderTest
Tests run: 1, Failures: 0, Errors: 0, Skipped: 0, Time elapsed: 2.434 sec - in org.apache.logging.log4j.core.appender.routing.RoutingDefaultAppenderTest
Running org.apache.logging.log4j.core.appender.routing.JsonRoutingAppender2Test
Tests run: 1, Failures: 0, Errors: 0, Skipped: 0, Time elapsed: 2.038 sec - in org.apache.logging.log4j.core.appender.routing.JsonRoutingAppender2Test
Running org.apache.logging.log4j.core.appender.routing.PropertiesRoutingAppenderTest
Tests run: 1, Failures: 0, Errors: 0, Skipped: 0, Time elapsed: 6.414 sec - in org.apache.logging.log4j.core.appender.routing.PropertiesRoutingAppenderTest
Running org.apache.logging.log4j.core.appender.FileAppenderTest
Tests run: 6, Failures: 0, Errors: 0, Skipped: 1, Time elapsed: 17.898 sec - in org.apache.logging.log4j.core.appender.FileAppenderTest
Running org.apache.logging.log4j.core.appender.InMemoryAppenderTest
Tests run: 3, Failures: 0, Errors: 0, Skipped: 0, Time elapsed: 0.2 sec - in org.apache.logging.log4j.core.appender.InMemoryAppenderTest
Running org.apache.logging.log4j.core.appender.XmlCompleteFileAppenderTest
Tests run: 2, Failures: 0, Errors: 0, Skipped: 0, Time elapsed: 1.084 sec - in org.apache.logging.log4j.core.appender.XmlCompleteFileAppenderTest
Running org.apache.logging.log4j.core.appender.RollingRandomAccessFileAppenderRolloverTest
Tests run: 1, Failures: 0, Errors: 0, Skipped: 1, Time elapsed: 0.002 sec - in org.apache.logging.log4j.core.appender.RollingRandomAccessFileAppenderRolloverTest
Running org.apache.logging.log4j.core.appender.OutputStreamAppenderTest
05:17:46.851 [main] ERROR ByteArrayOutputStream.testOutputStreamAppenderToByteArrayOutputStream - FOO ERROR
05:17:46.854 [main] ERROR ByteArrayOutputStream.testOutputStreamAppenderToBufferedOutputStream - FOO ERROR
05:17:46.861 [main] ERROR org.apache.logging.log4j.core.appender.OutputStreamAppenderTest - FOO MSG
Tests run: 3, Failures: 0, Errors: 0, Skipped: 0, Time elapsed: 0.325 sec - in org.apache.logging.log4j.core.appender.OutputStreamAppenderTest
Running org.apache.logging.log4j.core.appender.SocketAppenderTest
Tests run: 5, Failures: 0, Errors: 0, Skipped: 0, Time elapsed: 0.398 sec - in org.apache.logging.log4j.core.appender.SocketAppenderTest
Running org.apache.logging.log4j.core.appender.TlsSyslogAppenderTest
Tests run: 9, Failures: 0, Errors: 0, Skipped: 0, Time elapsed: 3.535 sec - in org.apache.logging.log4j.core.appender.TlsSyslogAppenderTest
Running org.apache.logging.log4j.core.appender.FailoverAppenderTest
Tests run: 2, Failures: 0, Errors: 0, Skipped: 0, Time elapsed: 1.129 sec - in org.apache.logging.log4j.core.appender.FailoverAppenderTest
Running org.apache.logging.log4j.core.appender.MemoryMappedFileAppenderLocationTest
Tests run: 1, Failures: 0, Errors: 0, Skipped: 0, Time elapsed: 0.41 sec - in org.apache.logging.log4j.core.appender.MemoryMappedFileAppenderLocationTest
Running org.apache.logging.log4j.core.appender.SyslogAppenderTest
Tests run: 5, Failures: 0, Errors: 0, Skipped: 0, Time elapsed: 1.459 sec - in org.apache.logging.log4j.core.appender.SyslogAppenderTest
Running org.apache.logging.log4j.core.appender.db.jpa.converter.StackTraceElementAttributeConverterTest
Tests run: 6, Failures: 0, Errors: 0, Skipped: 0, Time elapsed: 0.005 sec - in org.apache.logging.log4j.core.appender.db.jpa.converter.StackTraceElementAttributeConverterTest
Running org.apache.logging.log4j.core.appender.db.jpa.converter.ThrowableAttributeConverterTest
Tests run: 4, Failures: 0, Errors: 0, Skipped: 0, Time elapsed: 0.069 sec - in org.apache.logging.log4j.core.appender.db.jpa.converter.ThrowableAttributeConverterTest
Running org.apache.logging.log4j.core.appender.db.jpa.converter.ContextStackJsonAttributeConverterTest
Tests run: 4, Failures: 0, Errors: 0, Skipped: 0, Time elapsed: 0.262 sec - in org.apache.logging.log4j.core.appender.db.jpa.converter.ContextStackJsonAttributeConverterTest
Running org.apache.logging.log4j.core.appender.db.jpa.converter.ContextMapJsonAttributeConverterTest
Tests run: 4, Failures: 0, Errors: 0, Skipped: 0, Time elapsed: 0.224 sec - in org.apache.logging.log4j.core.appender.db.jpa.converter.ContextMapJsonAttributeConverterTest
Running org.apache.logging.log4j.core.appender.db.jpa.converter.ContextMapAttributeConverterTest
Tests run: 4, Failures: 0, Errors: 0, Skipped: 0, Time elapsed: 0.004 sec - in org.apache.logging.log4j.core.appender.db.jpa.converter.ContextMapAttributeConverterTest
Running org.apache.logging.log4j.core.appender.db.jpa.converter.MessageAttributeConverterTest
Tests run: 3, Failures: 0, Errors: 0, Skipped: 0, Time elapsed: 0.006 sec - in org.apache.logging.log4j.core.appender.db.jpa.converter.MessageAttributeConverterTest
Running org.apache.logging.log4j.core.appender.db.jpa.converter.MarkerAttributeConverterTest
Tests run: 4, Failures: 0, Errors: 0, Skipped: 0, Time elapsed: 0.006 sec - in org.apache.logging.log4j.core.appender.db.jpa.converter.MarkerAttributeConverterTest
Running org.apache.logging.log4j.core.appender.db.jpa.converter.ContextStackAttributeConverterTest
Tests run: 4, Failures: 0, Errors: 0, Skipped: 0, Time elapsed: 0.005 sec - in org.apache.logging.log4j.core.appender.db.jpa.converter.ContextStackAttributeConverterTest
Running org.apache.logging.log4j.core.appender.db.jpa.JpaH2AppenderTest
[EL Info]: server: 2016-07-16 05:18:06.915--ServerSession(81511287)--Detected server platform: org.eclipse.persistence.platform.server.NoServerPlatform.
[EL Info]: server: 2016-07-16 05:18:07.485--ServerSession(81511287)--Detected server platform: org.eclipse.persistence.platform.server.NoServerPlatform.
[EL Info]: 2016-07-16 05:18:07.529--ServerSession(81511287)--EclipseLink, version: Eclipse Persistence Services - 2.6.0.v20150309-bf26070
[EL Info]: connection: 2016-07-16 05:18:07.606--ServerSession(81511287)--/file:/home/ylyu/parallel/log4j2/log4j29/dataset/logging-log4j2/LOG4J2-1402_7792679c3b1add777b489a0d698c11cd4f96ea8e/log4j-core/target/test-classes/_h2JpaAppenderTestUnit login successful
[EL Info]: connection: 2016-07-16 05:18:07.648--ServerSession(81511287)--/file:/home/ylyu/parallel/log4j2/log4j29/dataset/logging-log4j2/LOG4J2-1402_7792679c3b1add777b489a0d698c11cd4f96ea8e/log4j-core/target/test-classes/_h2JpaAppenderTestUnit logout successful
[EL Warning]: 2016-07-16 05:18:07.648--session_manager_no_partition
[EL Info]: server: 2016-07-16 05:18:07.713--ServerSession(148764580)--Detected server platform: org.eclipse.persistence.platform.server.NoServerPlatform.
[EL Info]: server: 2016-07-16 05:18:07.836--ServerSession(148764580)--Detected server platform: org.eclipse.persistence.platform.server.NoServerPlatform.
[EL Info]: 2016-07-16 05:18:07.838--ServerSession(148764580)--EclipseLink, version: Eclipse Persistence Services - 2.6.0.v20150309-bf26070
[EL Info]: connection: 2016-07-16 05:18:07.84--ServerSession(148764580)--/file:/home/ylyu/parallel/log4j2/log4j29/dataset/logging-log4j2/LOG4J2-1402_7792679c3b1add777b489a0d698c11cd4f96ea8e/log4j-core/target/test-classes/_h2JpaAppenderTestUnit login successful
[EL Info]: connection: 2016-07-16 05:18:07.86--ServerSession(148764580)--/file:/home/ylyu/parallel/log4j2/log4j29/dataset/logging-log4j2/LOG4J2-1402_7792679c3b1add777b489a0d698c11cd4f96ea8e/log4j-core/target/test-classes/_h2JpaAppenderTestUnit logout successful
[EL Warning]: 2016-07-16 05:18:07.86--session_manager_no_partition
Tests run: 2, Failures: 0, Errors: 0, Skipped: 0, Time elapsed: 2.338 sec - in org.apache.logging.log4j.core.appender.db.jpa.JpaH2AppenderTest
Running org.apache.logging.log4j.core.appender.db.jpa.JpaHyperSqlAppenderTest
[EL Info]: server: 2016-07-16 05:18:09.631--ServerSession(746493784)--Detected server platform: org.eclipse.persistence.platform.server.NoServerPlatform.
[EL Info]: server: 2016-07-16 05:18:10.112--ServerSession(746493784)--Detected server platform: org.eclipse.persistence.platform.server.NoServerPlatform.
[EL Info]: 2016-07-16 05:18:10.153--ServerSession(746493784)--EclipseLink, version: Eclipse Persistence Services - 2.6.0.v20150309-bf26070
[EL Info]: connection: 2016-07-16 05:18:10.233--ServerSession(746493784)--/file:/home/ylyu/parallel/log4j2/log4j29/dataset/logging-log4j2/LOG4J2-1402_7792679c3b1add777b489a0d698c11cd4f96ea8e/log4j-core/target/test-classes/_hyperSqlJpaAppenderTestUnit login successful
[EL Info]: connection: 2016-07-16 05:18:10.275--ServerSession(746493784)--/file:/home/ylyu/parallel/log4j2/log4j29/dataset/logging-log4j2/LOG4J2-1402_7792679c3b1add777b489a0d698c11cd4f96ea8e/log4j-core/target/test-classes/_hyperSqlJpaAppenderTestUnit logout successful
[EL Warning]: 2016-07-16 05:18:10.275--session_manager_no_partition
[EL Info]: server: 2016-07-16 05:18:10.391--ServerSession(1139189582)--Detected server platform: org.eclipse.persistence.platform.server.NoServerPlatform.
[EL Info]: server: 2016-07-16 05:18:10.521--ServerSession(1139189582)--Detected server platform: org.eclipse.persistence.platform.server.NoServerPlatform.
[EL Info]: 2016-07-16 05:18:10.522--ServerSession(1139189582)--EclipseLink, version: Eclipse Persistence Services - 2.6.0.v20150309-bf26070
[EL Info]: connection: 2016-07-16 05:18:10.525--ServerSession(1139189582)--/file:/home/ylyu/parallel/log4j2/log4j29/dataset/logging-log4j2/LOG4J2-1402_7792679c3b1add777b489a0d698c11cd4f96ea8e/log4j-core/target/test-classes/_hyperSqlJpaAppenderTestUnit login successful
[EL Info]: connection: 2016-07-16 05:18:10.545--ServerSession(1139189582)--/file:/home/ylyu/parallel/log4j2/log4j29/dataset/logging-log4j2/LOG4J2-1402_7792679c3b1add777b489a0d698c11cd4f96ea8e/log4j-core/target/test-classes/_hyperSqlJpaAppenderTestUnit logout successful
[EL Warning]: 2016-07-16 05:18:10.546--session_manager_no_partition
Tests run: 8, Failures: 0, Errors: 0, Skipped: 0, Time elapsed: 2.016 sec - in org.apache.logging.log4j.core.appender.db.jpa.JpaHyperSqlAppenderTest
Running org.apache.logging.log4j.core.appender.db.jdbc.JdbcH2AppenderTest
Tests run: 2, Failures: 0, Errors: 0, Skipped: 0, Time elapsed: 1.242 sec - in org.apache.logging.log4j.core.appender.db.jdbc.JdbcH2AppenderTest
Running org.apache.logging.log4j.core.appender.db.jdbc.ColumnConfigTest
Tests run: 14, Failures: 0, Errors: 0, Skipped: 0, Time elapsed: 0.186 sec - in org.apache.logging.log4j.core.appender.db.jdbc.ColumnConfigTest
Running org.apache.logging.log4j.core.appender.db.jdbc.DataSourceConnectionSourceTest
Tests run: 8, Failures: 0, Errors: 0, Skipped: 0, Time elapsed: 0.173 sec - in org.apache.logging.log4j.core.appender.db.jdbc.DataSourceConnectionSourceTest
Running org.apache.logging.log4j.core.appender.db.jdbc.FactoryMethodConnectionSourceTest
Tests run: 7, Failures: 0, Errors: 0, Skipped: 0, Time elapsed: 0.034 sec - in org.apache.logging.log4j.core.appender.db.jdbc.FactoryMethodConnectionSourceTest
Running org.apache.logging.log4j.core.appender.db.jdbc.JdbcHyperSqlAppenderTest
Tests run: 2, Failures: 0, Errors: 0, Skipped: 0, Time elapsed: 0.991 sec - in org.apache.logging.log4j.core.appender.db.jdbc.JdbcHyperSqlAppenderTest
Running org.apache.logging.log4j.core.appender.db.AbstractDatabaseManagerTest
Tests run: 8, Failures: 0, Errors: 0, Skipped: 0, Time elapsed: 0.171 sec - in org.apache.logging.log4j.core.appender.db.AbstractDatabaseManagerTest
Running org.apache.logging.log4j.core.appender.db.AbstractDatabaseAppenderTest
Tests run: 5, Failures: 0, Errors: 0, Skipped: 0, Time elapsed: 0.201 sec - in org.apache.logging.log4j.core.appender.db.AbstractDatabaseAppenderTest
Running org.apache.logging.log4j.core.appender.MemoryMappedFileAppenderSimpleTest
Tests run: 1, Failures: 0, Errors: 0, Skipped: 0, Time elapsed: 0.405 sec - in org.apache.logging.log4j.core.appender.MemoryMappedFileAppenderSimpleTest
Running org.apache.logging.log4j.core.appender.MemoryMappedFileAppenderRemapTest
Tests run: 1, Failures: 0, Errors: 0, Skipped: 0, Time elapsed: 0.411 sec - in org.apache.logging.log4j.core.appender.MemoryMappedFileAppenderRemapTest
Running org.apache.logging.log4j.core.appender.rewrite.LoggerNameLevelRewritePolicyTest
Tests run: 1, Failures: 0, Errors: 0, Skipped: 0, Time elapsed: 0.059 sec - in org.apache.logging.log4j.core.appender.rewrite.LoggerNameLevelRewritePolicyTest
Running org.apache.logging.log4j.core.appender.rewrite.MapRewritePolicyTest
Tests run: 3, Failures: 0, Errors: 0, Skipped: 0, Time elapsed: 0.024 sec - in org.apache.logging.log4j.core.appender.rewrite.MapRewritePolicyTest
Running org.apache.logging.log4j.core.appender.rewrite.RewriteAppenderTest
Tests run: 3, Failures: 0, Errors: 0, Skipped: 0, Time elapsed: 0.019 sec - in org.apache.logging.log4j.core.appender.rewrite.RewriteAppenderTest
Running org.apache.logging.log4j.core.appender.RandomAccessFileManagerTest
Tests run: 5, Failures: 0, Errors: 0, Skipped: 0, Time elapsed: 0.039 sec - in org.apache.logging.log4j.core.appender.RandomAccessFileManagerTest
Running org.apache.logging.log4j.core.appender.XmlCompactFileAppenderValidationTest
Tests run: 1, Failures: 0, Errors: 0, Skipped: 1, Time elapsed: 0.001 sec - in org.apache.logging.log4j.core.appender.XmlCompactFileAppenderValidationTest
Running org.apache.logging.log4j.core.appender.XmlRandomAccessFileAppenderTest
Tests run: 1, Failures: 0, Errors: 0, Skipped: 1, Time elapsed: 0.002 sec - in org.apache.logging.log4j.core.appender.XmlRandomAccessFileAppenderTest
Running org.apache.logging.log4j.core.CollectionLoggingTest
Tests run: 4, Failures: 0, Errors: 0, Skipped: 0, Time elapsed: 0.078 sec - in org.apache.logging.log4j.core.CollectionLoggingTest
Running org.apache.logging.log4j.MarkerMixInYamlTest
Tests run: 3, Failures: 0, Errors: 0, Skipped: 0, Time elapsed: 0.324 sec - in org.apache.logging.log4j.MarkerMixInYamlTest
Running org.apache.logging.log4j.MarkerMixInJsonTest
Tests run: 3, Failures: 0, Errors: 0, Skipped: 0, Time elapsed: 0.28 sec - in org.apache.logging.log4j.MarkerMixInJsonTest

Results :

Tests in error: 
  RollingFilePropertiesTest.testPropertiesConfiguration:45  NullPointer

Tests run: 1181, Failures: 0, Errors: 1, Skipped: 35

[INFO] ------------------------------------------------------------------------
[INFO] BUILD FAILURE
[INFO] ------------------------------------------------------------------------
[INFO] Total time: 08:47 min
[INFO] Finished at: 2016-07-16T05:18:29-07:00
[INFO] Final Memory: 21M/924M
[INFO] ------------------------------------------------------------------------
[ERROR] Failed to execute goal org.apache.maven.plugins:maven-surefire-plugin:2.19.1:test (default-test) on project log4j-core: There are test failures.
[ERROR] 
[ERROR] Please refer to /home/ylyu/parallel/log4j2/log4j29/dataset/logging-log4j2/LOG4J2-1402_7792679c3b1add777b489a0d698c11cd4f96ea8e/log4j-core/target/surefire-reports for the individual test results.
[ERROR] -> [Help 1]
[ERROR] 
[ERROR] To see the full stack trace of the errors, re-run Maven with the -e switch.
[ERROR] Re-run Maven using the -X switch to enable full debug logging.
[ERROR] 
[ERROR] For more information about the errors and possible solutions, please read the following articles:
[ERROR] [Help 1] http://cwiki.apache.org/confluence/display/MAVEN/MojoFailureException
