[INFO] Scanning for projects...
[INFO]                                                                         
[INFO] ------------------------------------------------------------------------
[INFO] Building Server Base 1.7.0-SNAPSHOT
[INFO] ------------------------------------------------------------------------
[INFO] 
[INFO] --- maven-sortpom-plugin:2.3.0:verify (verify-sorted-pom) @ accumulo-server-base ---
[INFO] Verifying file /local/rsaha/FLAIR-temp/dataset-fla/dataset/accumulo/versions/ACCUMULO-3634_9339ecf825a6b530d0f93f6f7e02be51716d4ddc/server/base/pom.xml
[INFO] 
[INFO] --- maven-enforcer-plugin:1.3.1:enforce (enforce-mvn) @ accumulo-server-base ---
[INFO] 
[INFO] --- mavanagaiata:0.7.1:commit (git-commit) @ accumulo-server-base ---
[INFO] 
[INFO] --- apache-rat-plugin:0.11:check (check-licenses) @ accumulo-server-base ---
[INFO] 51 implicit excludes (use -debug for more details).
[INFO] No excludes explicitly specified.
[INFO] 242 resources included (use -debug for more details)
[INFO] Rat check: Summary of files. Unapproved: 0 unknown: 0 generated: 0 approved: 242 licence.
[INFO] 
[INFO] --- maven-remote-resources-plugin:1.5:process (default) @ accumulo-server-base ---
[INFO] 
[INFO] --- maven-resources-plugin:2.6:resources (default-resources) @ accumulo-server-base ---
[INFO] Using 'UTF-8' encoding to copy filtered resources.
[INFO] skip non existing resourceDirectory /local/rsaha/FLAIR-temp/dataset-fla/dataset/accumulo/versions/ACCUMULO-3634_9339ecf825a6b530d0f93f6f7e02be51716d4ddc/server/base/src/main/resources
[INFO] Copying 3 resources
[INFO] 
[INFO] --- maven-compiler-plugin:3.1:compile (default-compile) @ accumulo-server-base ---
[INFO] Nothing to compile - all classes are up to date
[INFO] 
[INFO] --- maven-resources-plugin:2.6:testResources (default-testResources) @ accumulo-server-base ---
[INFO] Using 'UTF-8' encoding to copy filtered resources.
[INFO] Copying 2 resources
[INFO] Copying 3 resources
[INFO] 
[INFO] --- maven-compiler-plugin:3.1:testCompile (default-testCompile) @ accumulo-server-base ---
[INFO] Nothing to compile - all classes are up to date
[INFO] 
[INFO] --- maven-surefire-plugin:2.17:test (default-test) @ accumulo-server-base ---
[INFO] Surefire report directory: /local/rsaha/FLAIR-temp/dataset-fla/dataset/accumulo/versions/ACCUMULO-3634_9339ecf825a6b530d0f93f6f7e02be51716d4ddc/server/base/target/surefire-reports

-------------------------------------------------------
 T E S T S
-------------------------------------------------------

-------------------------------------------------------
 T E S T S
-------------------------------------------------------
Running org.apache.accumulo.server.iterators.MetadataBulkLoadFilterTest
Tests run: 1, Failures: 0, Errors: 0, Skipped: 0, Time elapsed: 0.135 sec - in org.apache.accumulo.server.iterators.MetadataBulkLoadFilterTest
Running org.apache.accumulo.server.AccumuloServerContextTest
Tests run: 1, Failures: 0, Errors: 0, Skipped: 0, Time elapsed: 0.805 sec - in org.apache.accumulo.server.AccumuloServerContextTest
Running org.apache.accumulo.server.fs.FileTypeTest
Tests run: 1, Failures: 0, Errors: 0, Skipped: 0, Time elapsed: 0.076 sec - in org.apache.accumulo.server.fs.FileTypeTest
Running org.apache.accumulo.server.fs.ViewFSUtilsTest
Tests run: 2, Failures: 0, Errors: 0, Skipped: 0, Time elapsed: 0.567 sec - in org.apache.accumulo.server.fs.ViewFSUtilsTest
Running org.apache.accumulo.server.fs.VolumeUtilTest
Tests run: 5, Failures: 0, Errors: 0, Skipped: 0, Time elapsed: 0.678 sec - in org.apache.accumulo.server.fs.VolumeUtilTest
Running org.apache.accumulo.server.fs.FileRefTest
Tests run: 3, Failures: 0, Errors: 0, Skipped: 0, Time elapsed: 0.073 sec - in org.apache.accumulo.server.fs.FileRefTest
Running org.apache.accumulo.server.fs.VolumeManagerImplTest
Tests run: 8, Failures: 0, Errors: 0, Skipped: 0, Time elapsed: 0.837 sec - in org.apache.accumulo.server.fs.VolumeManagerImplTest
Running org.apache.accumulo.server.conf.TableConfigurationTest
Tests run: 6, Failures: 0, Errors: 0, Skipped: 0, Time elapsed: 0.289 sec - in org.apache.accumulo.server.conf.TableConfigurationTest
Running org.apache.accumulo.server.conf.ZooCachePropertyAccessorTest
Tests run: 11, Failures: 0, Errors: 0, Skipped: 0, Time elapsed: 0.255 sec - in org.apache.accumulo.server.conf.ZooCachePropertyAccessorTest
Running org.apache.accumulo.server.conf.ServerConfigurationFactoryTest
Tests run: 5, Failures: 0, Errors: 0, Skipped: 0, Time elapsed: 0.392 sec - in org.apache.accumulo.server.conf.ServerConfigurationFactoryTest
Running org.apache.accumulo.server.conf.NamespaceConfigurationTest
Tests run: 7, Failures: 0, Errors: 0, Skipped: 0, Time elapsed: 0.283 sec - in org.apache.accumulo.server.conf.NamespaceConfigurationTest
Running org.apache.accumulo.server.conf.ZooConfigurationFactoryTest
Tests run: 1, Failures: 0, Errors: 0, Skipped: 0, Time elapsed: 0.244 sec - in org.apache.accumulo.server.conf.ZooConfigurationFactoryTest
Running org.apache.accumulo.server.watcher.MonitorLog4jWatcherTest
Tests run: 2, Failures: 0, Errors: 0, Skipped: 0, Time elapsed: 0.128 sec - in org.apache.accumulo.server.watcher.MonitorLog4jWatcherTest
Running org.apache.accumulo.server.client.BulkImporterTest
Tests run: 1, Failures: 0, Errors: 0, Skipped: 0, Time elapsed: 0.854 sec - in org.apache.accumulo.server.client.BulkImporterTest
Running org.apache.accumulo.server.rpc.TCredentialsUpdatingInvocationHandlerTest
Tests run: 12, Failures: 0, Errors: 0, Skipped: 0, Time elapsed: 0.188 sec - in org.apache.accumulo.server.rpc.TCredentialsUpdatingInvocationHandlerTest
Running org.apache.accumulo.server.rpc.SaslServerConnectionParamsTest
Tests run: 1, Failures: 0, Errors: 0, Skipped: 0, Time elapsed: 0.496 sec - in org.apache.accumulo.server.rpc.SaslServerConnectionParamsTest
Running org.apache.accumulo.server.rpc.SaslDigestCallbackHandlerTest
Tests run: 3, Failures: 0, Errors: 0, Skipped: 0, Time elapsed: 0.238 sec - in org.apache.accumulo.server.rpc.SaslDigestCallbackHandlerTest
Running org.apache.accumulo.server.rpc.ThriftServerTypeTest
Tests run: 2, Failures: 0, Errors: 0, Skipped: 0, Time elapsed: 0.134 sec - in org.apache.accumulo.server.rpc.ThriftServerTypeTest
Running org.apache.accumulo.server.constraints.MetadataConstraintsTest
Tests run: 2, Failures: 0, Errors: 0, Skipped: 0, Time elapsed: 0.143 sec - in org.apache.accumulo.server.constraints.MetadataConstraintsTest
Running org.apache.accumulo.server.data.ServerMutationTest
Tests run: 1, Failures: 0, Errors: 0, Skipped: 0, Time elapsed: 0.278 sec - in org.apache.accumulo.server.data.ServerMutationTest
Running org.apache.accumulo.server.AccumuloTest
Tests run: 7, Failures: 0, Errors: 0, Skipped: 0, Time elapsed: 0.313 sec - in org.apache.accumulo.server.AccumuloTest
Running org.apache.accumulo.server.master.state.TabletLocationStateTest
Tests run: 14, Failures: 0, Errors: 0, Skipped: 0, Time elapsed: 0.214 sec - in org.apache.accumulo.server.master.state.TabletLocationStateTest
Running org.apache.accumulo.server.master.state.MergeInfoTest
Tests run: 11, Failures: 0, Errors: 0, Skipped: 0, Time elapsed: 0.202 sec - in org.apache.accumulo.server.master.state.MergeInfoTest
Running org.apache.accumulo.server.master.balancer.TableLoadBalancerTest
Tests run: 1, Failures: 0, Errors: 0, Skipped: 0, Time elapsed: 0.767 sec - in org.apache.accumulo.server.master.balancer.TableLoadBalancerTest
Running org.apache.accumulo.server.master.balancer.GroupBalancerTest
Tests run: 7, Failures: 0, Errors: 0, Skipped: 0, Time elapsed: 2.845 sec - in org.apache.accumulo.server.master.balancer.GroupBalancerTest
Running org.apache.accumulo.server.master.balancer.DefaultLoadBalancerTest
Tests run: 3, Failures: 0, Errors: 0, Skipped: 0, Time elapsed: 0.279 sec - in org.apache.accumulo.server.master.balancer.DefaultLoadBalancerTest
Running org.apache.accumulo.server.master.balancer.ChaoticLoadBalancerTest
Tests run: 2, Failures: 0, Errors: 0, Skipped: 0, Time elapsed: 0.15 sec - in org.apache.accumulo.server.master.balancer.ChaoticLoadBalancerTest
Running org.apache.accumulo.server.ServerOptsTest
Tests run: 2, Failures: 0, Errors: 0, Skipped: 0, Time elapsed: 0.087 sec - in org.apache.accumulo.server.ServerOptsTest
Running org.apache.accumulo.server.util.AdminCommandsTest
Tests run: 9, Failures: 0, Errors: 0, Skipped: 0, Time elapsed: 0.069 sec - in org.apache.accumulo.server.util.AdminCommandsTest
Running org.apache.accumulo.server.util.FileInfoTest
Tests run: 1, Failures: 0, Errors: 0, Skipped: 0, Time elapsed: 0.066 sec - in org.apache.accumulo.server.util.FileInfoTest
Running org.apache.accumulo.server.util.time.SimpleTimerTest
Tests run: 4, Failures: 0, Errors: 0, Skipped: 0, Time elapsed: 7.434 sec - in org.apache.accumulo.server.util.time.SimpleTimerTest
Running org.apache.accumulo.server.util.time.BaseRelativeTimeTest
Tests run: 3, Failures: 0, Errors: 0, Skipped: 0, Time elapsed: 0.057 sec - in org.apache.accumulo.server.util.time.BaseRelativeTimeTest
Running org.apache.accumulo.server.util.FileUtilTest
Tests run: 6, Failures: 0, Errors: 0, Skipped: 0, Time elapsed: 0.818 sec - in org.apache.accumulo.server.util.FileUtilTest
Running org.apache.accumulo.server.util.TServerUtilsTest
Tests run: 3, Failures: 0, Errors: 0, Skipped: 0, Time elapsed: 0.25 sec - in org.apache.accumulo.server.util.TServerUtilsTest
Running org.apache.accumulo.server.util.TabletIteratorTest
Tests run: 1, Failures: 0, Errors: 0, Skipped: 0, Time elapsed: 0.662 sec - in org.apache.accumulo.server.util.TabletIteratorTest
Running org.apache.accumulo.server.util.CloneTest
Tests run: 7, Failures: 0, Errors: 0, Skipped: 0, Time elapsed: 0.72 sec - in org.apache.accumulo.server.util.CloneTest
Running org.apache.accumulo.server.util.ReplicationTableUtilTest
Tests run: 3, Failures: 0, Errors: 0, Skipped: 0, Time elapsed: 0.78 sec - in org.apache.accumulo.server.util.ReplicationTableUtilTest
Running org.apache.accumulo.server.util.DefaultMapTest
Tests run: 1, Failures: 0, Errors: 0, Skipped: 0, Time elapsed: 0.058 sec - in org.apache.accumulo.server.util.DefaultMapTest
Running org.apache.accumulo.server.ServerConstantsTest
Tests run: 1, Failures: 0, Errors: 0, Skipped: 0, Time elapsed: 0.974 sec - in org.apache.accumulo.server.ServerConstantsTest
Running org.apache.accumulo.server.security.SystemCredentialsTest
Tests run: 2, Failures: 0, Errors: 0, Skipped: 0, Time elapsed: 0.698 sec - in org.apache.accumulo.server.security.SystemCredentialsTest
Running org.apache.accumulo.server.security.delegation.ZooAuthenticationKeyWatcherTest
Tests run: 13, Failures: 0, Errors: 1, Skipped: 0, Time elapsed: 0.322 sec <<< FAILURE! - in org.apache.accumulo.server.security.delegation.ZooAuthenticationKeyWatcherTest
missingKeyAfterGetChildren(org.apache.accumulo.server.security.delegation.ZooAuthenticationKeyWatcherTest)  Time elapsed: 0.014 sec  <<< ERROR!
org.apache.zookeeper.KeeperException$NoNodeException: KeeperErrorCode = NoNode
	at org.easymock.internal.MockInvocationHandler.invoke(MockInvocationHandler.java:46)
	at org.easymock.internal.ObjectMethodsFilter.invoke(ObjectMethodsFilter.java:85)
	at org.easymock.internal.ClassProxyFactory$MockMethodInterceptor.intercept(ClassProxyFactory.java:94)
	at org.apache.accumulo.fate.zookeeper.ZooReader$$EnhancerByCGLIB$$3dd8b751.getData(<generated>)
	at org.apache.accumulo.server.security.delegation.ZooAuthenticationKeyWatcher.updateAuthKeys(ZooAuthenticationKeyWatcher.java:135)
	at org.apache.accumulo.server.security.delegation.ZooAuthenticationKeyWatcher.updateAuthKeys(ZooAuthenticationKeyWatcher.java:126)
	at org.apache.accumulo.server.security.delegation.ZooAuthenticationKeyWatcherTest.missingKeyAfterGetChildren(ZooAuthenticationKeyWatcherTest.java:333)

Running org.apache.accumulo.server.security.delegation.AuthenticationTokenKeyManagerTest
Tests run: 4, Failures: 0, Errors: 0, Skipped: 0, Time elapsed: 5.326 sec - in org.apache.accumulo.server.security.delegation.AuthenticationTokenKeyManagerTest
Running org.apache.accumulo.server.security.delegation.AuthenticationTokenSecretManagerTest
Tests run: 10, Failures: 0, Errors: 0, Skipped: 0, Time elapsed: 11.35 sec - in org.apache.accumulo.server.security.delegation.AuthenticationTokenSecretManagerTest
Running org.apache.accumulo.server.security.delegation.ZooAuthenticationKeyDistributorTest
Tests run: 12, Failures: 0, Errors: 0, Skipped: 0, Time elapsed: 0.312 sec - in org.apache.accumulo.server.security.delegation.ZooAuthenticationKeyDistributorTest
Running org.apache.accumulo.server.security.delegation.AuthenticationKeyTest
Tests run: 3, Failures: 0, Errors: 0, Skipped: 0, Time elapsed: 0.182 sec - in org.apache.accumulo.server.security.delegation.AuthenticationKeyTest
Running org.apache.accumulo.server.security.handler.ZKAuthenticatorTest
Tests run: 5, Failures: 0, Errors: 0, Skipped: 0, Time elapsed: 0.139 sec - in org.apache.accumulo.server.security.handler.ZKAuthenticatorTest
Running org.apache.accumulo.server.security.UserImpersonationTest
Tests run: 9, Failures: 0, Errors: 0, Skipped: 0, Time elapsed: 0.152 sec - in org.apache.accumulo.server.security.UserImpersonationTest
Running org.apache.accumulo.server.tablets.LogicalTimeTest
Tests run: 7, Failures: 0, Errors: 0, Skipped: 0, Time elapsed: 0.19 sec - in org.apache.accumulo.server.tablets.LogicalTimeTest
Running org.apache.accumulo.server.tablets.MillisTimeTest
Tests run: 7, Failures: 0, Errors: 0, Skipped: 0, Time elapsed: 0.192 sec - in org.apache.accumulo.server.tablets.MillisTimeTest
Running org.apache.accumulo.server.tablets.TabletTimeTest
Tests run: 20, Failures: 0, Errors: 0, Skipped: 1, Time elapsed: 0.202 sec - in org.apache.accumulo.server.tablets.TabletTimeTest
Running org.apache.accumulo.server.problems.ProblemReportingIteratorTest
Tests run: 5, Failures: 0, Errors: 0, Skipped: 0, Time elapsed: 0.8 sec - in org.apache.accumulo.server.problems.ProblemReportingIteratorTest
Running org.apache.accumulo.server.problems.ProblemReportTest
Tests run: 8, Failures: 0, Errors: 0, Skipped: 0, Time elapsed: 0.259 sec - in org.apache.accumulo.server.problems.ProblemReportTest
Running org.apache.accumulo.server.init.InitializeTest
Tests run: 7, Failures: 0, Errors: 0, Skipped: 1, Time elapsed: 0.831 sec - in org.apache.accumulo.server.init.InitializeTest
Running org.apache.accumulo.server.replication.StatusCombinerTest
Tests run: 15, Failures: 0, Errors: 0, Skipped: 0, Time elapsed: 0.227 sec - in org.apache.accumulo.server.replication.StatusCombinerTest
Running org.apache.accumulo.server.replication.ZooKeeperInitializationTest
Tests run: 2, Failures: 0, Errors: 0, Skipped: 0, Time elapsed: 0.229 sec - in org.apache.accumulo.server.replication.ZooKeeperInitializationTest

Results :

Tests in error: 
  ZooAuthenticationKeyWatcherTest.missingKeyAfterGetChildren:333 Â» NoNode Keeper...

Tests run: 290, Failures: 0, Errors: 1, Skipped: 2

[INFO] ------------------------------------------------------------------------
[INFO] BUILD FAILURE
[INFO] ------------------------------------------------------------------------
[INFO] Total time: 01:08 min
[INFO] Finished at: 2016-08-09T19:35:49-07:00
[INFO] Final Memory: 22M/317M
[INFO] ------------------------------------------------------------------------
[ERROR] Failed to execute goal org.apache.maven.plugins:maven-surefire-plugin:2.17:test (default-test) on project accumulo-server-base: There are test failures.
[ERROR] 
[ERROR] Please refer to /local/rsaha/FLAIR-temp/dataset-fla/dataset/accumulo/versions/ACCUMULO-3634_9339ecf825a6b530d0f93f6f7e02be51716d4ddc/server/base/target/surefire-reports for the individual test results.
[ERROR] -> [Help 1]
[ERROR] 
[ERROR] To see the full stack trace of the errors, re-run Maven with the -e switch.
[ERROR] Re-run Maven using the -X switch to enable full debug logging.
[ERROR] 
[ERROR] For more information about the errors and possible solutions, please read the following articles:
[ERROR] [Help 1] http://cwiki.apache.org/confluence/display/MAVEN/MojoFailureException
