[INFO] Scanning for projects...
[INFO] ------------------------------------------------------------------------
[INFO] Reactor Build Order:
[INFO] 
[INFO] flink-staging
[INFO] flink-avro
[INFO] flink-jdbc
[INFO] flink-spargel
[INFO] flink-hadoop-compatibility
[INFO] flink-streaming
[INFO] flink-streaming-core
[INFO] flink-streaming-scala
[INFO] flink-streaming-connectors
[INFO] flink-connector-twitter
[INFO] flink-streaming-examples
[INFO] flink-connector-flume
[INFO] flink-connector-kafka
[INFO] flink-connector-elasticsearch
[INFO] flink-connector-rabbitmq
[INFO] flink-connector-filesystem
[INFO] flink-hbase
[INFO] flink-gelly
[INFO] flink-hcatalog
[INFO] flink-table
[INFO] flink-ml
[INFO] flink-language-binding
[INFO] flink-language-binding-generic
[INFO] flink-python
[INFO] flink-gelly-scala
[INFO] flink-fs-tests
[INFO] flink-scala-shell
[INFO]                                                                         
[INFO] ------------------------------------------------------------------------
[INFO] Building flink-staging 0.10-SNAPSHOT
[INFO] ------------------------------------------------------------------------
[INFO] 
[INFO] --- maven-checkstyle-plugin:2.16:check (validate) @ flink-staging ---
[INFO] 
[INFO] --- maven-enforcer-plugin:1.3.1:enforce (enforce-maven) @ flink-staging ---
[INFO] 
[INFO] --- maven-remote-resources-plugin:1.5:process (default) @ flink-staging ---
[INFO]                                                                         
[INFO] ------------------------------------------------------------------------
[INFO] Building flink-avro 0.10-SNAPSHOT
[INFO] ------------------------------------------------------------------------
[INFO] 
[INFO] --- maven-checkstyle-plugin:2.16:check (validate) @ flink-avro ---
[INFO] 
[INFO] --- maven-enforcer-plugin:1.3.1:enforce (enforce-maven) @ flink-avro ---
[INFO] 
[INFO] --- avro-maven-plugin:1.7.7:schema (default) @ flink-avro ---
[INFO] 
[INFO] --- maven-remote-resources-plugin:1.5:process (default) @ flink-avro ---
[INFO] 
[INFO] --- maven-resources-plugin:2.6:resources (default-resources) @ flink-avro ---
[INFO] Using 'UTF-8' encoding to copy filtered resources.
[INFO] skip non existing resourceDirectory /space/parallel/flink/flink9/dataset/flink/FLINK-2707_3e233a3894a2701cc16c6cb3bc8778fc84482e20/flink-staging/flink-avro/src/main/resources
[INFO] Copying 3 resources
[INFO] 
[INFO] --- maven-compiler-plugin:3.1:compile (default-compile) @ flink-avro ---
[INFO] Nothing to compile - all classes are up to date
[INFO] 
[INFO] --- maven-resources-plugin:2.6:testResources (default-testResources) @ flink-avro ---
[INFO] Using 'UTF-8' encoding to copy filtered resources.
[INFO] Copying 4 resources
[INFO] Copying 3 resources
[INFO] 
[INFO] --- maven-compiler-plugin:3.1:testCompile (default-testCompile) @ flink-avro ---
[INFO] Changes detected - recompiling the module!
[INFO] Compiling 12 source files to /space/parallel/flink/flink9/dataset/flink/FLINK-2707_3e233a3894a2701cc16c6cb3bc8778fc84482e20/flink-staging/flink-avro/target/test-classes
[WARNING] /space/parallel/flink/flink9/dataset/flink/FLINK-2707_3e233a3894a2701cc16c6cb3bc8778fc84482e20/flink-staging/flink-avro/src/test/java/org/apache/flink/api/io/avro/AvroRecordInputFormatTest.java:[238,124] unchecked cast
  required: org.apache.flink.api.common.typeinfo.TypeInformation<org.apache.avro.generic.GenericData.Record>
  found:    org.apache.flink.api.common.typeinfo.TypeInformation<capture#1 of ?>
[WARNING] /space/parallel/flink/flink9/dataset/flink/FLINK-2707_3e233a3894a2701cc16c6cb3bc8778fc84482e20/flink-staging/flink-avro/src/test/java/org/apache/flink/api/io/avro/AvroRecordInputFormatTest.java:[279,96] unchecked cast
  required: org.apache.flink.api.common.typeinfo.TypeInformation<org.apache.flink.api.io.avro.generated.User>
  found:    org.apache.flink.api.common.typeinfo.TypeInformation<capture#2 of ?>
[WARNING] /space/parallel/flink/flink9/dataset/flink/FLINK-2707_3e233a3894a2701cc16c6cb3bc8778fc84482e20/flink-staging/flink-avro/src/test/java/org/apache/flink/api/io/avro/generated/User.java:[883,135] unchecked cast
  required: java.util.List<java.lang.CharSequence>
  found:    java.lang.Object
[WARNING] /space/parallel/flink/flink9/dataset/flink/FLINK-2707_3e233a3894a2701cc16c6cb3bc8778fc84482e20/flink-staging/flink-avro/src/test/java/org/apache/flink/api/io/avro/generated/User.java:[884,132] unchecked cast
  required: java.util.List<java.lang.Boolean>
  found:    java.lang.Object
[WARNING] /space/parallel/flink/flink9/dataset/flink/FLINK-2707_3e233a3894a2701cc16c6cb3bc8778fc84482e20/flink-staging/flink-avro/src/test/java/org/apache/flink/api/io/avro/generated/User.java:[885,139] unchecked cast
  required: java.util.List<java.lang.CharSequence>
  found:    java.lang.Object
[WARNING] /space/parallel/flink/flink9/dataset/flink/FLINK-2707_3e233a3894a2701cc16c6cb3bc8778fc84482e20/flink-staging/flink-avro/src/test/java/org/apache/flink/api/io/avro/generated/User.java:[887,132] unchecked cast
  required: java.util.Map<java.lang.CharSequence,java.lang.Long>
  found:    java.lang.Object
[INFO] 
[INFO] --- maven-assembly-plugin:2.4:single (create-test-dependency) @ flink-avro ---
[INFO] Reading assembly descriptor: src/test/assembly/test-assembly.xml
[INFO] Building jar: /space/parallel/flink/flink9/dataset/flink/FLINK-2707_3e233a3894a2701cc16c6cb3bc8778fc84482e20/flink-staging/flink-avro/target/maven-test-jar.jar
[INFO] 
[INFO] --- maven-clean-plugin:2.5:clean (remove-avroexternalprogram) @ flink-avro ---
[INFO] Deleting /space/parallel/flink/flink9/dataset/flink/FLINK-2707_3e233a3894a2701cc16c6cb3bc8778fc84482e20/flink-staging/flink-avro/target/test-classes (includes = [**/testjar/*.class], excludes = [])
[INFO] 
[INFO] --- maven-surefire-plugin:2.18.1:test (default-test) @ flink-avro ---
[INFO] Surefire report directory: /space/parallel/flink/flink9/dataset/flink/FLINK-2707_3e233a3894a2701cc16c6cb3bc8778fc84482e20/flink-staging/flink-avro/target/surefire-reports

-------------------------------------------------------
 T E S T S
-------------------------------------------------------
Running org.apache.flink.api.avro.EncoderDecoderTest
Running org.apache.flink.api.java.io.AvroInputFormatTypeExtractionTest
Tests run: 8, Failures: 0, Errors: 0, Skipped: 0, Time elapsed: 0.504 sec - in org.apache.flink.api.avro.EncoderDecoderTest
Running org.apache.flink.api.io.avro.AvroSplittableInputFormatTest
Tests run: 1, Failures: 0, Errors: 0, Skipped: 0, Time elapsed: 0.091 sec - in org.apache.flink.api.java.io.AvroInputFormatTypeExtractionTest
Running org.apache.flink.api.io.avro.AvroRecordInputFormatTest
Tests run: 3, Failures: 0, Errors: 0, Skipped: 0, Time elapsed: 1.005 sec - in org.apache.flink.api.io.avro.AvroRecordInputFormatTest
Running org.apache.flink.api.io.avro.AvroPojoTest
Tests run: 1, Failures: 0, Errors: 0, Skipped: 0, Time elapsed: 2.313 sec - in org.apache.flink.api.io.avro.AvroSplittableInputFormatTest
Tests run: 12, Failures: 0, Errors: 0, Skipped: 0, Time elapsed: 6.445 sec - in org.apache.flink.api.io.avro.AvroPojoTest

Results :

Tests run: 25, Failures: 0, Errors: 0, Skipped: 0

[INFO]                                                                         
[INFO] ------------------------------------------------------------------------
[INFO] Building flink-jdbc 0.10-SNAPSHOT
[INFO] ------------------------------------------------------------------------
[INFO] 
[INFO] --- maven-checkstyle-plugin:2.16:check (validate) @ flink-jdbc ---
[INFO] 
[INFO] --- maven-enforcer-plugin:1.3.1:enforce (enforce-maven) @ flink-jdbc ---
[INFO] 
[INFO] --- maven-remote-resources-plugin:1.5:process (default) @ flink-jdbc ---
[INFO] 
[INFO] --- maven-resources-plugin:2.6:resources (default-resources) @ flink-jdbc ---
[INFO] Using 'UTF-8' encoding to copy filtered resources.
[INFO] skip non existing resourceDirectory /space/parallel/flink/flink9/dataset/flink/FLINK-2707_3e233a3894a2701cc16c6cb3bc8778fc84482e20/flink-staging/flink-jdbc/src/main/resources
[INFO] Copying 3 resources
[INFO] 
[INFO] --- maven-compiler-plugin:3.1:compile (default-compile) @ flink-jdbc ---
[INFO] Nothing to compile - all classes are up to date
[INFO] 
[INFO] --- maven-resources-plugin:2.6:testResources (default-testResources) @ flink-jdbc ---
[INFO] Using 'UTF-8' encoding to copy filtered resources.
[INFO] Copying 2 resources
[INFO] Copying 3 resources
[INFO] 
[INFO] --- maven-compiler-plugin:3.1:testCompile (default-testCompile) @ flink-jdbc ---
[INFO] Nothing to compile - all classes are up to date
[INFO] 
[INFO] --- maven-surefire-plugin:2.18.1:test (default-test) @ flink-jdbc ---
[INFO] Surefire report directory: /space/parallel/flink/flink9/dataset/flink/FLINK-2707_3e233a3894a2701cc16c6cb3bc8778fc84482e20/flink-staging/flink-jdbc/target/surefire-reports

-------------------------------------------------------
 T E S T S
-------------------------------------------------------
Running org.apache.flink.api.java.io.jdbc.JDBCOutputFormatTest
Tests run: 6, Failures: 0, Errors: 0, Skipped: 0, Time elapsed: 1.862 sec - in org.apache.flink.api.java.io.jdbc.JDBCOutputFormatTest
Running org.apache.flink.api.java.io.jdbc.JDBCInputFormatTest
Tests run: 6, Failures: 0, Errors: 0, Skipped: 0, Time elapsed: 0.07 sec - in org.apache.flink.api.java.io.jdbc.JDBCInputFormatTest

Results :

Tests run: 12, Failures: 0, Errors: 0, Skipped: 0

[INFO]                                                                         
[INFO] ------------------------------------------------------------------------
[INFO] Building flink-spargel 0.10-SNAPSHOT
[INFO] ------------------------------------------------------------------------
[INFO] 
[INFO] --- maven-checkstyle-plugin:2.16:check (validate) @ flink-spargel ---
[INFO] 
[INFO] --- maven-enforcer-plugin:1.3.1:enforce (enforce-maven) @ flink-spargel ---
[INFO] 
[INFO] --- maven-remote-resources-plugin:1.5:process (default) @ flink-spargel ---
[INFO] 
[INFO] --- maven-resources-plugin:2.6:resources (default-resources) @ flink-spargel ---
[INFO] Using 'UTF-8' encoding to copy filtered resources.
[INFO] skip non existing resourceDirectory /space/parallel/flink/flink9/dataset/flink/FLINK-2707_3e233a3894a2701cc16c6cb3bc8778fc84482e20/flink-staging/flink-spargel/src/main/resources
[INFO] Copying 3 resources
[INFO] 
[INFO] --- maven-compiler-plugin:3.1:compile (default-compile) @ flink-spargel ---
[INFO] Nothing to compile - all classes are up to date
[INFO] 
[INFO] --- maven-resources-plugin:2.6:testResources (default-testResources) @ flink-spargel ---
[INFO] Using 'UTF-8' encoding to copy filtered resources.
[INFO] Copying 2 resources
[INFO] Copying 3 resources
[INFO] 
[INFO] --- maven-compiler-plugin:3.1:testCompile (default-testCompile) @ flink-spargel ---
[INFO] Nothing to compile - all classes are up to date
[INFO] 
[INFO] --- maven-surefire-plugin:2.18.1:test (default-test) @ flink-spargel ---
[INFO] Surefire report directory: /space/parallel/flink/flink9/dataset/flink/FLINK-2707_3e233a3894a2701cc16c6cb3bc8778fc84482e20/flink-staging/flink-spargel/target/surefire-reports

-------------------------------------------------------
 T E S T S
-------------------------------------------------------
Running org.apache.flink.spargel.java.SpargelCompilerTest
Tests run: 2, Failures: 0, Errors: 0, Skipped: 0, Time elapsed: 0.446 sec - in org.apache.flink.spargel.java.SpargelCompilerTest
Running org.apache.flink.spargel.java.SpargelTranslationTest
Tests run: 2, Failures: 0, Errors: 0, Skipped: 0, Time elapsed: 0.011 sec - in org.apache.flink.spargel.java.SpargelTranslationTest

Results :

Tests run: 4, Failures: 0, Errors: 0, Skipped: 0

[INFO]                                                                         
[INFO] ------------------------------------------------------------------------
[INFO] Building flink-hadoop-compatibility 0.10-SNAPSHOT
[INFO] ------------------------------------------------------------------------
[INFO] 
[INFO] --- maven-checkstyle-plugin:2.16:check (validate) @ flink-hadoop-compatibility ---
[INFO] 
[INFO] --- maven-enforcer-plugin:1.3.1:enforce (enforce-maven) @ flink-hadoop-compatibility ---
[INFO] 
[INFO] --- maven-remote-resources-plugin:1.5:process (default) @ flink-hadoop-compatibility ---
[INFO] 
[INFO] --- maven-resources-plugin:2.6:resources (default-resources) @ flink-hadoop-compatibility ---
[INFO] Using 'UTF-8' encoding to copy filtered resources.
[INFO] skip non existing resourceDirectory /space/parallel/flink/flink9/dataset/flink/FLINK-2707_3e233a3894a2701cc16c6cb3bc8778fc84482e20/flink-staging/flink-hadoop-compatibility/src/main/resources
[INFO] Copying 3 resources
[INFO] 
[INFO] --- maven-compiler-plugin:3.1:compile (default-compile) @ flink-hadoop-compatibility ---
[INFO] Nothing to compile - all classes are up to date
[INFO] 
[INFO] --- maven-resources-plugin:2.6:testResources (default-testResources) @ flink-hadoop-compatibility ---
[INFO] Using 'UTF-8' encoding to copy filtered resources.
[INFO] Copying 2 resources
[INFO] Copying 3 resources
[INFO] 
[INFO] --- maven-compiler-plugin:3.1:testCompile (default-testCompile) @ flink-hadoop-compatibility ---
[INFO] Nothing to compile - all classes are up to date
[INFO] 
[INFO] --- maven-surefire-plugin:2.18.1:test (default-test) @ flink-hadoop-compatibility ---
[INFO] Surefire report directory: /space/parallel/flink/flink9/dataset/flink/FLINK-2707_3e233a3894a2701cc16c6cb3bc8778fc84482e20/flink-staging/flink-hadoop-compatibility/target/surefire-reports

-------------------------------------------------------
 T E S T S
-------------------------------------------------------
Running org.apache.flink.test.hadoopcompatibility.mapred.wrapper.HadoopTupleUnwrappingIteratorTest
Tests run: 1, Failures: 0, Errors: 0, Skipped: 0, Time elapsed: 0.139 sec - in org.apache.flink.test.hadoopcompatibility.mapred.wrapper.HadoopTupleUnwrappingIteratorTest

Results :

Tests run: 1, Failures: 0, Errors: 0, Skipped: 0

[INFO]                                                                         
[INFO] ------------------------------------------------------------------------
[INFO] Building flink-streaming 0.10-SNAPSHOT
[INFO] ------------------------------------------------------------------------
[INFO] 
[INFO] --- maven-checkstyle-plugin:2.16:check (validate) @ flink-streaming-parent ---
[INFO] 
[INFO] --- maven-enforcer-plugin:1.3.1:enforce (enforce-maven) @ flink-streaming-parent ---
[INFO] 
[INFO] --- maven-remote-resources-plugin:1.5:process (default) @ flink-streaming-parent ---
[INFO]                                                                         
[INFO] ------------------------------------------------------------------------
[INFO] Building flink-streaming-core 0.10-SNAPSHOT
[INFO] ------------------------------------------------------------------------
[INFO] 
[INFO] --- maven-checkstyle-plugin:2.16:check (validate) @ flink-streaming-core ---
[INFO] 
[INFO] --- maven-enforcer-plugin:1.3.1:enforce (enforce-maven) @ flink-streaming-core ---
[INFO] 
[INFO] --- maven-remote-resources-plugin:1.5:process (default) @ flink-streaming-core ---
[INFO] 
[INFO] --- maven-resources-plugin:2.6:resources (default-resources) @ flink-streaming-core ---
[INFO] Using 'UTF-8' encoding to copy filtered resources.
[INFO] skip non existing resourceDirectory /space/parallel/flink/flink9/dataset/flink/FLINK-2707_3e233a3894a2701cc16c6cb3bc8778fc84482e20/flink-staging/flink-streaming/flink-streaming-core/src/main/resources
[INFO] Copying 3 resources
[INFO] 
[INFO] --- maven-compiler-plugin:3.1:compile (default-compile) @ flink-streaming-core ---
[INFO] Nothing to compile - all classes are up to date
[INFO] 
[INFO] --- maven-resources-plugin:2.6:testResources (default-testResources) @ flink-streaming-core ---
[INFO] Using 'UTF-8' encoding to copy filtered resources.
[INFO] Copying 3 resources
[INFO] Copying 3 resources
[INFO] 
[INFO] --- maven-compiler-plugin:3.1:testCompile (default-testCompile) @ flink-streaming-core ---
[INFO] Changes detected - recompiling the module!
[INFO] Compiling 125 source files to /space/parallel/flink/flink9/dataset/flink/FLINK-2707_3e233a3894a2701cc16c6cb3bc8778fc84482e20/flink-staging/flink-streaming/flink-streaming-core/target/test-classes
[WARNING] /space/parallel/flink/flink9/dataset/flink/FLINK-2707_3e233a3894a2701cc16c6cb3bc8778fc84482e20/flink-staging/flink-streaming/flink-streaming-core/src/test/java/org/apache/flink/streaming/api/functions/source/SocketTextStreamFunctionTest.java:[43,78] unchecked conversion
  required: org.apache.flink.streaming.api.functions.source.SourceFunction.SourceContext<java.lang.String>
  found:    org.apache.flink.streaming.api.functions.source.SourceFunction.SourceContext
[WARNING] /space/parallel/flink/flink9/dataset/flink/FLINK-2707_3e233a3894a2701cc16c6cb3bc8778fc84482e20/flink-staging/flink-streaming/flink-streaming-core/src/test/java/org/apache/flink/streaming/api/DataStreamTest.java:[435,39] unchecked generic array creation for varargs parameter of type org.apache.flink.streaming.api.datastream.DataStream<java.lang.Integer>[]
[WARNING] /space/parallel/flink/flink9/dataset/flink/FLINK-2707_3e233a3894a2701cc16c6cb3bc8778fc84482e20/flink-staging/flink-streaming/flink-streaming-core/src/test/java/org/apache/flink/streaming/api/DataStreamTest.java:[610,66] unchecked call to <OUT>map(org.apache.flink.streaming.api.functions.co.CoMapFunction<IN1,IN2,OUT>) as a member of the raw type org.apache.flink.streaming.api.datastream.ConnectedDataStream
[WARNING] /space/parallel/flink/flink9/dataset/flink/FLINK-2707_3e233a3894a2701cc16c6cb3bc8778fc84482e20/flink-staging/flink-streaming/flink-streaming-core/src/test/java/org/apache/flink/streaming/api/DataStreamTest.java:[621,30] unchecked call to addSink(org.apache.flink.streaming.api.functions.sink.SinkFunction<T>) as a member of the raw type org.apache.flink.streaming.api.datastream.DataStream
[WARNING] /space/parallel/flink/flink9/dataset/flink/FLINK-2707_3e233a3894a2701cc16c6cb3bc8778fc84482e20/flink-staging/flink-streaming/flink-streaming-core/src/test/java/org/apache/flink/streaming/api/StreamExecutionEnvironmentTest.java:[131,68] unchecked cast
  required: org.apache.flink.streaming.api.functions.source.SourceFunction<T>
  found:    capture#1 of ?
[WARNING] /space/parallel/flink/flink9/dataset/flink/FLINK-2707_3e233a3894a2701cc16c6cb3bc8778fc84482e20/flink-staging/flink-streaming/flink-streaming-core/src/test/java/org/apache/flink/streaming/timestamp/TimestampITCase.java:[117,30] unchecked generic array creation for varargs parameter of type org.apache.flink.streaming.api.datastream.DataStream<java.lang.Integer>[]
[WARNING] /space/parallel/flink/flink9/dataset/flink/FLINK-2707_3e233a3894a2701cc16c6cb3bc8778fc84482e20/flink-staging/flink-streaming/flink-streaming-core/src/test/java/org/apache/flink/streaming/api/graph/StreamGraphGeneratorTest.java:[112,79] unchecked generic array creation for varargs parameter of type org.apache.flink.streaming.api.datastream.DataStream<java.lang.Integer>[]
[WARNING] /space/parallel/flink/flink9/dataset/flink/FLINK-2707_3e233a3894a2701cc16c6cb3bc8778fc84482e20/flink-staging/flink-streaming/flink-streaming-core/src/test/java/org/apache/flink/streaming/api/graph/StreamGraphGeneratorTest.java:[112,91] unchecked generic array creation for varargs parameter of type org.apache.flink.streaming.api.datastream.DataStream<java.lang.Integer>[]
[WARNING] /space/parallel/flink/flink9/dataset/flink/FLINK-2707_3e233a3894a2701cc16c6cb3bc8778fc84482e20/flink-staging/flink-streaming/flink-streaming-core/src/test/java/org/apache/flink/streaming/api/graph/StreamGraphGeneratorTest.java:[165,79] unchecked generic array creation for varargs parameter of type org.apache.flink.streaming.api.datastream.DataStream<java.lang.Integer>[]
[WARNING] /space/parallel/flink/flink9/dataset/flink/FLINK-2707_3e233a3894a2701cc16c6cb3bc8778fc84482e20/flink-staging/flink-streaming/flink-streaming-core/src/test/java/org/apache/flink/streaming/api/graph/StreamGraphGeneratorTest.java:[165,91] unchecked generic array creation for varargs parameter of type org.apache.flink.streaming.api.datastream.DataStream<java.lang.Integer>[]
[WARNING] /space/parallel/flink/flink9/dataset/flink/FLINK-2707_3e233a3894a2701cc16c6cb3bc8778fc84482e20/flink-staging/flink-streaming/flink-streaming-core/src/test/java/org/apache/flink/streaming/api/graph/StreamGraphGeneratorTest.java:[256,40] unchecked conversion
  required: org.apache.flink.streaming.runtime.streamrecord.StreamRecord<java.lang.Integer>
  found:    org.apache.flink.streaming.runtime.streamrecord.StreamRecord
[WARNING] /space/parallel/flink/flink9/dataset/flink/FLINK-2707_3e233a3894a2701cc16c6cb3bc8778fc84482e20/flink-staging/flink-streaming/flink-streaming-core/src/test/java/org/apache/flink/streaming/api/graph/StreamGraphGeneratorTest.java:[261,40] unchecked conversion
  required: org.apache.flink.streaming.runtime.streamrecord.StreamRecord<java.lang.Integer>
  found:    org.apache.flink.streaming.runtime.streamrecord.StreamRecord
[INFO] 
[INFO] --- maven-surefire-plugin:2.18.1:test (default-test) @ flink-streaming-core ---
[INFO] Surefire report directory: /space/parallel/flink/flink9/dataset/flink/FLINK-2707_3e233a3894a2701cc16c6cb3bc8778fc84482e20/flink-staging/flink-streaming/flink-streaming-core/target/surefire-reports

-------------------------------------------------------
 T E S T S
-------------------------------------------------------
Running org.apache.flink.streaming.api.operators.StreamCounterTest
Tests run: 1, Failures: 0, Errors: 0, Skipped: 0, Time elapsed: 0.268 sec - in org.apache.flink.streaming.api.operators.StreamCounterTest
Running org.apache.flink.streaming.api.operators.co.CoStreamFlatMapTest
Tests run: 2, Failures: 0, Errors: 0, Skipped: 0, Time elapsed: 0.034 sec - in org.apache.flink.streaming.api.operators.co.CoStreamFlatMapTest
Running org.apache.flink.streaming.api.operators.StreamProjectTest
Running org.apache.flink.streaming.api.operators.co.CoStreamMapTest
Tests run: 2, Failures: 0, Errors: 0, Skipped: 0, Time elapsed: 0.172 sec - in org.apache.flink.streaming.api.operators.co.CoStreamMapTest
Running org.apache.flink.streaming.api.operators.StreamFilterTest
Tests run: 2, Failures: 0, Errors: 0, Skipped: 0, Time elapsed: 0.008 sec - in org.apache.flink.streaming.api.operators.StreamFilterTest
Running org.apache.flink.streaming.api.operators.StreamFlatMapTest
Tests run: 2, Failures: 0, Errors: 0, Skipped: 0, Time elapsed: 0.062 sec - in org.apache.flink.streaming.api.operators.StreamFlatMapTest
Running org.apache.flink.streaming.api.operators.windowing.StreamDiscretizerTest
Tests run: 2, Failures: 0, Errors: 0, Skipped: 0, Time elapsed: 0.104 sec - in org.apache.flink.streaming.api.operators.windowing.StreamDiscretizerTest
Running org.apache.flink.streaming.api.operators.windowing.WindowReducerTest
Tests run: 1, Failures: 0, Errors: 0, Skipped: 0, Time elapsed: 0.015 sec - in org.apache.flink.streaming.api.operators.windowing.WindowReducerTest
Running org.apache.flink.streaming.api.operators.windowing.WindowPartitionerTest
Tests run: 1, Failures: 0, Errors: 0, Skipped: 0, Time elapsed: 0.037 sec - in org.apache.flink.streaming.api.operators.windowing.WindowPartitionerTest
Running org.apache.flink.streaming.api.operators.windowing.WindowMergerTest
Tests run: 1, Failures: 0, Errors: 0, Skipped: 0, Time elapsed: 0.011 sec - in org.apache.flink.streaming.api.operators.windowing.WindowMergerTest
Running org.apache.flink.streaming.api.operators.windowing.ParallelMergeTest
Tests run: 2, Failures: 0, Errors: 0, Skipped: 0, Time elapsed: 0.004 sec - in org.apache.flink.streaming.api.operators.windowing.ParallelMergeTest
Running org.apache.flink.streaming.api.operators.windowing.WindowFolderTest
Tests run: 1, Failures: 0, Errors: 0, Skipped: 0, Time elapsed: 0.012 sec - in org.apache.flink.streaming.api.operators.windowing.WindowFolderTest
Running org.apache.flink.streaming.api.operators.windowing.GroupedStreamDiscretizerTest
Tests run: 1, Failures: 0, Errors: 0, Skipped: 0, Time elapsed: 0.107 sec - in org.apache.flink.streaming.api.operators.windowing.GroupedStreamDiscretizerTest
Running org.apache.flink.streaming.api.operators.windowing.WindowFlattenerTest
Tests run: 1, Failures: 0, Errors: 0, Skipped: 0, Time elapsed: 0.012 sec - in org.apache.flink.streaming.api.operators.windowing.WindowFlattenerTest
Running org.apache.flink.streaming.api.operators.windowing.WindowMapperTest
Tests run: 1, Failures: 0, Errors: 0, Skipped: 0, Time elapsed: 0.017 sec - in org.apache.flink.streaming.api.operators.windowing.WindowMapperTest
Running org.apache.flink.streaming.api.operators.StreamGroupedReduceTest
Tests run: 2, Failures: 0, Errors: 0, Skipped: 0, Time elapsed: 0.029 sec - in org.apache.flink.streaming.api.operators.StreamGroupedReduceTest
Running org.apache.flink.streaming.api.operators.StreamMapTest
Tests run: 2, Failures: 0, Errors: 0, Skipped: 0, Time elapsed: 0.018 sec - in org.apache.flink.streaming.api.operators.StreamMapTest
Running org.apache.flink.streaming.api.streamtask.StreamVertexTest
Running org.apache.flink.streaming.api.operators.StreamGroupedFoldTest
Tests run: 2, Failures: 0, Errors: 0, Skipped: 0, Time elapsed: 0.184 sec - in org.apache.flink.streaming.api.operators.StreamGroupedFoldTest
Running org.apache.flink.streaming.api.operators.co.SelfConnectionTest
Tests run: 2, Failures: 0, Errors: 0, Skipped: 0, Time elapsed: 2.667 sec - in org.apache.flink.streaming.api.operators.StreamProjectTest
Running org.apache.flink.streaming.api.windowing.windowbuffer.BasicWindowBufferTest
Tests run: 1, Failures: 0, Errors: 0, Skipped: 0, Time elapsed: 0.012 sec - in org.apache.flink.streaming.api.windowing.windowbuffer.BasicWindowBufferTest
Running org.apache.flink.streaming.api.windowing.windowbuffer.JumpingCountGroupedPreReducerTest
Tests run: 2, Failures: 0, Errors: 0, Skipped: 0, Time elapsed: 0.026 sec - in org.apache.flink.streaming.api.windowing.windowbuffer.JumpingCountGroupedPreReducerTest
Running org.apache.flink.streaming.api.windowing.windowbuffer.SlidingCountGroupedPreReducerTest
Tests run: 4, Failures: 0, Errors: 0, Skipped: 0, Time elapsed: 0.022 sec - in org.apache.flink.streaming.api.windowing.windowbuffer.SlidingCountGroupedPreReducerTest
Running org.apache.flink.streaming.api.windowing.StreamWindowTest
Tests run: 4, Failures: 0, Errors: 0, Skipped: 0, Time elapsed: 0.027 sec - in org.apache.flink.streaming.api.windowing.StreamWindowTest
Running org.apache.flink.streaming.api.windowing.deltafunction.CosineDistanceTest
Tests run: 1, Failures: 0, Errors: 0, Skipped: 0, Time elapsed: 0.003 sec - in org.apache.flink.streaming.api.windowing.deltafunction.CosineDistanceTest
Running org.apache.flink.streaming.api.windowing.extractor.ConcatenatedExtractTest
Tests run: 2, Failures: 0, Errors: 0, Skipped: 0, Time elapsed: 0.004 sec - in org.apache.flink.streaming.api.windowing.extractor.ConcatenatedExtractTest
Running org.apache.flink.streaming.api.windowing.extractor.FieldFromArrayTest
Tests run: 3, Failures: 0, Errors: 0, Skipped: 0, Time elapsed: 0.016 sec - in org.apache.flink.streaming.api.windowing.extractor.FieldFromArrayTest
Running org.apache.flink.streaming.api.windowing.policy.TumblingEvictionPolicyTest
Tests run: 1, Failures: 0, Errors: 0, Skipped: 0, Time elapsed: 0.011 sec - in org.apache.flink.streaming.api.windowing.policy.TumblingEvictionPolicyTest
Running org.apache.flink.streaming.api.windowing.policy.MultiTriggerPolicyTest
Tests run: 3, Failures: 0, Errors: 0, Skipped: 0, Time elapsed: 0.041 sec - in org.apache.flink.streaming.api.windowing.policy.MultiTriggerPolicyTest
Running org.apache.flink.streaming.api.windowing.policy.CountEvictionPolicyTest
Tests run: 3, Failures: 0, Errors: 0, Skipped: 0, Time elapsed: 0.009 sec - in org.apache.flink.streaming.api.windowing.policy.CountEvictionPolicyTest
Running org.apache.flink.streaming.api.collector.OutputSelectorTest
Tests run: 1, Failures: 0, Errors: 0, Skipped: 0, Time elapsed: 0.019 sec - in org.apache.flink.streaming.api.collector.OutputSelectorTest
Running org.apache.flink.streaming.api.collector.DirectedOutputTest
Tests run: 1, Failures: 0, Errors: 0, Skipped: 0, Time elapsed: 0.702 sec - in org.apache.flink.streaming.api.collector.DirectedOutputTest
Running org.apache.flink.streaming.util.FieldAccessorTest
Tests run: 2, Failures: 0, Errors: 0, Skipped: 0, Time elapsed: 0.013 sec - in org.apache.flink.streaming.util.FieldAccessorTest
Running org.apache.flink.streaming.runtime.partitioner.HashPartitionerTest
Tests run: 2, Failures: 0, Errors: 0, Skipped: 0, Time elapsed: 0 sec - in org.apache.flink.streaming.runtime.partitioner.HashPartitionerTest
Running org.apache.flink.streaming.runtime.io.BarrierTrackerTest
Tests run: 7, Failures: 0, Errors: 0, Skipped: 0, Time elapsed: 0.014 sec - in org.apache.flink.streaming.runtime.io.BarrierTrackerTest
Tests run: 3, Failures: 0, Errors: 0, Skipped: 0, Time elapsed: 2.967 sec - in org.apache.flink.streaming.api.streamtask.StreamVertexTest
Running org.apache.flink.streaming.api.CoStreamTest
Tests run: 1, Failures: 0, Errors: 0, Skipped: 0, Time elapsed: 0.892 sec - in org.apache.flink.streaming.api.CoStreamTest
Running org.apache.flink.streaming.api.DataStreamTest
Tests run: 7, Failures: 0, Errors: 0, Skipped: 0, Time elapsed: 0.67 sec - in org.apache.flink.streaming.api.DataStreamTest
Running org.apache.flink.streaming.api.ChainedRuntimeContextTest
Tests run: 3, Failures: 0, Errors: 0, Skipped: 0, Time elapsed: 3.944 sec - in org.apache.flink.streaming.api.operators.co.SelfConnectionTest
Running org.apache.flink.streaming.api.functions.source.SocketTextStreamFunctionTest
Tests run: 1, Failures: 0, Errors: 0, Skipped: 0, Time elapsed: 0.515 sec - in org.apache.flink.streaming.api.ChainedRuntimeContextTest
Running org.apache.flink.streaming.api.OutputSplitterTest
Tests run: 2, Failures: 0, Errors: 0, Skipped: 0, Time elapsed: 0.843 sec - in org.apache.flink.streaming.api.OutputSplitterTest
Running org.apache.flink.streaming.api.graph.SlotAllocationTest
Tests run: 1, Failures: 0, Errors: 0, Skipped: 0, Time elapsed: 0.342 sec - in org.apache.flink.streaming.api.graph.SlotAllocationTest
Running org.apache.flink.streaming.api.graph.StreamingJobGraphGeneratorTest
Tests run: 1, Failures: 0, Errors: 0, Skipped: 0, Time elapsed: 0.352 sec - in org.apache.flink.streaming.api.graph.StreamingJobGraphGeneratorTest
Running org.apache.flink.streaming.api.WindowCrossJoinTest
Tests run: 1, Failures: 0, Errors: 0, Skipped: 0, Time elapsed: 0.607 sec - in org.apache.flink.streaming.api.WindowCrossJoinTest
Running org.apache.flink.streaming.api.StreamExecutionEnvironmentTest
Tests run: 2, Failures: 0, Errors: 0, Skipped: 0, Time elapsed: 0.387 sec - in org.apache.flink.streaming.api.StreamExecutionEnvironmentTest
Running org.apache.flink.streaming.api.SourceFunctionTest
Tests run: 4, Failures: 0, Errors: 0, Skipped: 0, Time elapsed: 0.016 sec - in org.apache.flink.streaming.api.SourceFunctionTest
Running org.apache.flink.streaming.api.windowing.windowbuffer.SlidingCountPreReducerTest
Tests run: 4, Failures: 0, Errors: 0, Skipped: 0, Time elapsed: 0.003 sec - in org.apache.flink.streaming.api.windowing.windowbuffer.SlidingCountPreReducerTest
Running org.apache.flink.streaming.api.windowing.windowbuffer.JumpingCountPreReducerTest
Tests run: 1, Failures: 0, Errors: 0, Skipped: 0, Time elapsed: 0.001 sec - in org.apache.flink.streaming.api.windowing.windowbuffer.JumpingCountPreReducerTest
Running org.apache.flink.streaming.api.windowing.deltafunction.EuclideanDistanceTest
Tests run: 1, Failures: 0, Errors: 0, Skipped: 0, Time elapsed: 0.002 sec - in org.apache.flink.streaming.api.windowing.deltafunction.EuclideanDistanceTest
Running org.apache.flink.streaming.api.windowing.extractor.FieldFromTupleTest
Tests run: 1, Failures: 0, Errors: 0, Skipped: 0, Time elapsed: 0.01 sec - in org.apache.flink.streaming.api.windowing.extractor.FieldFromTupleTest
Running org.apache.flink.streaming.api.windowing.extractor.ArrayFromTupleTest
Tests run: 2, Failures: 0, Errors: 0, Skipped: 0, Time elapsed: 0.003 sec - in org.apache.flink.streaming.api.windowing.extractor.ArrayFromTupleTest
Running org.apache.flink.streaming.api.windowing.policy.PunctuationPolicyTest
Tests run: 5, Failures: 0, Errors: 0, Skipped: 0, Time elapsed: 0.011 sec - in org.apache.flink.streaming.api.windowing.policy.PunctuationPolicyTest
Running org.apache.flink.streaming.api.windowing.policy.CountTriggerPolicyTest
Tests run: 3, Failures: 0, Errors: 0, Skipped: 0, Time elapsed: 0.002 sec - in org.apache.flink.streaming.api.windowing.policy.CountTriggerPolicyTest
Running org.apache.flink.streaming.api.windowing.policy.TimeTriggerPolicyTest
Tests run: 3, Failures: 0, Errors: 0, Skipped: 0, Time elapsed: 0.005 sec - in org.apache.flink.streaming.api.windowing.policy.TimeTriggerPolicyTest
Running org.apache.flink.streaming.api.windowing.policy.DeltaPolicyTest
Tests run: 2, Failures: 0, Errors: 0, Skipped: 0, Time elapsed: 0.002 sec - in org.apache.flink.streaming.api.windowing.policy.DeltaPolicyTest
Running org.apache.flink.streaming.graph.TranslationTest
Tests run: 1, Failures: 0, Errors: 0, Skipped: 0, Time elapsed: 0.352 sec - in org.apache.flink.streaming.graph.TranslationTest
Running org.apache.flink.streaming.runtime.streamrecord.StreamRecordSerializerTest
Tests run: 2, Failures: 0, Errors: 0, Skipped: 0, Time elapsed: 0.14 sec - in org.apache.flink.streaming.runtime.streamrecord.StreamRecordSerializerTest
Running org.apache.flink.streaming.runtime.io.StreamRecordWriterTest
Tests run: 1, Failures: 0, Errors: 0, Skipped: 0, Time elapsed: 0.451 sec - in org.apache.flink.streaming.runtime.io.StreamRecordWriterTest
Running org.apache.flink.streaming.runtime.io.BufferSpillerTest
Tests run: 4, Failures: 0, Errors: 0, Skipped: 0, Time elapsed: 6.035 sec - in org.apache.flink.streaming.api.functions.source.SocketTextStreamFunctionTest
Running org.apache.flink.streaming.api.functions.FromElementsFunctionTest
Tests run: 3, Failures: 0, Errors: 0, Skipped: 0, Time elapsed: 2.614 sec - in org.apache.flink.streaming.runtime.io.BufferSpillerTest
Running org.apache.flink.streaming.runtime.io.SpilledBufferOrEventSequenceTest
Tests run: 8, Failures: 0, Errors: 0, Skipped: 0, Time elapsed: 0.508 sec - in org.apache.flink.streaming.runtime.io.SpilledBufferOrEventSequenceTest
Tests run: 5, Failures: 0, Errors: 0, Skipped: 0, Time elapsed: 1.86 sec - in org.apache.flink.streaming.api.functions.FromElementsFunctionTest
Running org.apache.flink.streaming.api.functions.PrintSinkFunctionTest
Tests run: 3, Failures: 0, Errors: 0, Skipped: 0, Time elapsed: 0.026 sec - in org.apache.flink.streaming.api.functions.PrintSinkFunctionTest
Running org.apache.flink.streaming.api.IterateTest
Tests run: 14, Failures: 0, Errors: 0, Skipped: 0, Time elapsed: 10.171 sec - in org.apache.flink.streaming.api.IterateTest
Running org.apache.flink.streaming.api.complex.ComplexIntegrationTest
Tests run: 6, Failures: 0, Errors: 0, Skipped: 1, Time elapsed: 11.45 sec - in org.apache.flink.streaming.api.complex.ComplexIntegrationTest
Running org.apache.flink.streaming.api.AggregationFunctionTest
Tests run: 4, Failures: 0, Errors: 0, Skipped: 0, Time elapsed: 0.294 sec - in org.apache.flink.streaming.api.AggregationFunctionTest
Running org.apache.flink.streaming.api.TypeFillTest
Tests run: 1, Failures: 0, Errors: 0, Skipped: 0, Time elapsed: 0.382 sec - in org.apache.flink.streaming.api.TypeFillTest
Running org.apache.flink.streaming.api.graph.StreamGraphGeneratorTest
Tests run: 4, Failures: 0, Errors: 0, Skipped: 0, Time elapsed: 0.432 sec - in org.apache.flink.streaming.api.graph.StreamGraphGeneratorTest
Running org.apache.flink.streaming.api.state.StatefulOperatorTest
Tests run: 2, Failures: 0, Errors: 1, Skipped: 0, Time elapsed: 0.591 sec <<< FAILURE! - in org.apache.flink.streaming.api.state.StatefulOperatorTest
apiTest(org.apache.flink.streaming.api.state.StatefulOperatorTest)  Time elapsed: 0.188 sec  <<< ERROR!
org.apache.flink.runtime.client.JobExecutionException: Job execution failed.
	at org.apache.flink.runtime.jobmanager.JobManager$$anonfun$handleMessage$1.applyOrElse(JobManager.scala:419)
	at scala.runtime.AbstractPartialFunction$mcVL$sp.apply$mcVL$sp(AbstractPartialFunction.scala:33)
	at scala.runtime.AbstractPartialFunction$mcVL$sp.apply(AbstractPartialFunction.scala:33)
	at scala.runtime.AbstractPartialFunction$mcVL$sp.apply(AbstractPartialFunction.scala:25)
	at org.apache.flink.runtime.testingUtils.TestingJobManager$$anonfun$handleTestingMessage$1.applyOrElse(TestingJobManager.scala:285)
	at scala.PartialFunction$OrElse.apply(PartialFunction.scala:162)
	at org.apache.flink.runtime.LeaderSessionMessageFilter$$anonfun$receive$1.applyOrElse(LeaderSessionMessageFilter.scala:36)
	at scala.runtime.AbstractPartialFunction$mcVL$sp.apply$mcVL$sp(AbstractPartialFunction.scala:33)
	at scala.runtime.AbstractPartialFunction$mcVL$sp.apply(AbstractPartialFunction.scala:33)
	at scala.runtime.AbstractPartialFunction$mcVL$sp.apply(AbstractPartialFunction.scala:25)
	at org.apache.flink.runtime.LogMessages$$anon$1.apply(LogMessages.scala:33)
	at org.apache.flink.runtime.LogMessages$$anon$1.apply(LogMessages.scala:28)
	at scala.PartialFunction$class.applyOrElse(PartialFunction.scala:118)
	at org.apache.flink.runtime.LogMessages$$anon$1.applyOrElse(LogMessages.scala:28)
	at akka.actor.Actor$class.aroundReceive(Actor.scala:465)
	at org.apache.flink.runtime.jobmanager.JobManager.aroundReceive(JobManager.scala:105)
	at akka.actor.ActorCell.receiveMessage(ActorCell.scala:516)
	at akka.actor.ActorCell.invoke(ActorCell.scala:487)
	at akka.dispatch.Mailbox.processMailbox(Mailbox.scala:254)
	at akka.dispatch.Mailbox.run(Mailbox.scala:221)
	at akka.dispatch.Mailbox.exec(Mailbox.scala:231)
	at scala.concurrent.forkjoin.ForkJoinTask.doExec(ForkJoinTask.java:260)
	at scala.concurrent.forkjoin.ForkJoinPool$WorkQueue.pollAndExecAll(ForkJoinPool.java:1253)
	at scala.concurrent.forkjoin.ForkJoinPool$WorkQueue.runTask(ForkJoinPool.java:1346)
	at scala.concurrent.forkjoin.ForkJoinPool.runWorker(ForkJoinPool.java:1979)
	at scala.concurrent.forkjoin.ForkJoinWorkerThread.run(ForkJoinWorkerThread.java:107)
Caused by: java.lang.RuntimeException: Could not forward element to next operator
	at org.apache.flink.streaming.runtime.tasks.OutputHandler$CopyingChainingOutput.collect(OutputHandler.java:332)
	at org.apache.flink.streaming.runtime.tasks.OutputHandler$CopyingChainingOutput.collect(OutputHandler.java:316)
	at org.apache.flink.streaming.runtime.io.CollectorWrapper.collect(CollectorWrapper.java:50)
	at org.apache.flink.streaming.runtime.io.CollectorWrapper.collect(CollectorWrapper.java:30)
	at org.apache.flink.streaming.runtime.tasks.SourceStreamTask$SourceOutput.collect(SourceStreamTask.java:92)
	at org.apache.flink.streaming.api.operators.StreamSource$NonTimestampContext.collect(StreamSource.java:88)
	at org.apache.flink.streaming.api.functions.source.FromElementsFunction.run(FromElementsFunction.java:127)
	at org.apache.flink.streaming.api.operators.StreamSource.run(StreamSource.java:58)
	at org.apache.flink.streaming.runtime.tasks.SourceStreamTask.run(SourceStreamTask.java:58)
	at org.apache.flink.streaming.runtime.tasks.StreamTask.invoke(StreamTask.java:168)
	at org.apache.flink.runtime.taskmanager.Task.run(Task.java:579)
	at java.lang.Thread.run(Thread.java:745)
Caused by: java.lang.ClassCastException: java.lang.Integer cannot be cast to java.lang.String
	at org.apache.flink.streaming.api.state.StatefulOperatorTest$StatefulMapper2$1.restoreState(StatefulOperatorTest.java:283)
	at org.apache.flink.streaming.api.state.PartitionedStreamOperatorState.value(PartitionedStreamOperatorState.java:89)
	at org.apache.flink.streaming.api.state.StatefulOperatorTest$StatefulMapper2.map(StatefulOperatorTest.java:275)
	at org.apache.flink.streaming.api.state.StatefulOperatorTest$StatefulMapper2.map(StatefulOperatorTest.java:269)
	at org.apache.flink.streaming.api.operators.StreamMap.processElement(StreamMap.java:37)
	at org.apache.flink.streaming.runtime.tasks.OutputHandler$CopyingChainingOutput.collect(OutputHandler.java:329)
	at org.apache.flink.streaming.runtime.tasks.OutputHandler$CopyingChainingOutput.collect(OutputHandler.java:316)
	at org.apache.flink.streaming.runtime.io.CollectorWrapper.collect(CollectorWrapper.java:50)
	at org.apache.flink.streaming.runtime.io.CollectorWrapper.collect(CollectorWrapper.java:30)
	at org.apache.flink.streaming.runtime.tasks.SourceStreamTask$SourceOutput.collect(SourceStreamTask.java:92)
	at org.apache.flink.streaming.api.operators.StreamSource$NonTimestampContext.collect(StreamSource.java:88)
	at org.apache.flink.streaming.api.functions.source.FromElementsFunction.run(FromElementsFunction.java:127)
	at org.apache.flink.streaming.api.operators.StreamSource.run(StreamSource.java:58)
	at org.apache.flink.streaming.runtime.tasks.SourceStreamTask.run(SourceStreamTask.java:58)
	at org.apache.flink.streaming.runtime.tasks.StreamTask.invoke(StreamTask.java:168)
	at org.apache.flink.runtime.taskmanager.Task.run(Task.java:579)
	at java.lang.Thread.run(Thread.java:745)

Running org.apache.flink.streaming.api.state.StateHandleTest
Tests run: 2, Failures: 0, Errors: 0, Skipped: 0, Time elapsed: 0.021 sec - in org.apache.flink.streaming.api.state.StateHandleTest
Running org.apache.flink.streaming.api.PartitionerTest
Tests run: 3, Failures: 0, Errors: 0, Skipped: 0, Time elapsed: 0.59 sec - in org.apache.flink.streaming.api.PartitionerTest
Running org.apache.flink.streaming.api.windowing.windowbuffer.SlidingTimePreReducerTest
Tests run: 4, Failures: 0, Errors: 0, Skipped: 0, Time elapsed: 0 sec - in org.apache.flink.streaming.api.windowing.windowbuffer.SlidingTimePreReducerTest
Running org.apache.flink.streaming.api.windowing.windowbuffer.TumblingGroupedPreReducerTest
Tests run: 2, Failures: 0, Errors: 0, Skipped: 0, Time elapsed: 0 sec - in org.apache.flink.streaming.api.windowing.windowbuffer.TumblingGroupedPreReducerTest
Running org.apache.flink.streaming.api.windowing.windowbuffer.SlidingTimeGroupedPreReducerTest
Tests run: 4, Failures: 0, Errors: 0, Skipped: 0, Time elapsed: 0.018 sec - in org.apache.flink.streaming.api.windowing.windowbuffer.SlidingTimeGroupedPreReducerTest
Running org.apache.flink.streaming.api.windowing.windowbuffer.JumpingTimePreReducerTest
Tests run: 1, Failures: 0, Errors: 0, Skipped: 0, Time elapsed: 0 sec - in org.apache.flink.streaming.api.windowing.windowbuffer.JumpingTimePreReducerTest
Running org.apache.flink.streaming.api.windowing.windowbuffer.TumblingPreReducerTest
Tests run: 1, Failures: 0, Errors: 0, Skipped: 0, Time elapsed: 0 sec - in org.apache.flink.streaming.api.windowing.windowbuffer.TumblingPreReducerTest
Running org.apache.flink.streaming.api.windowing.StreamWindowTypeInfoTest
Tests run: 2, Failures: 0, Errors: 0, Skipped: 0, Time elapsed: 0 sec - in org.apache.flink.streaming.api.windowing.StreamWindowTypeInfoTest
Running org.apache.flink.streaming.api.windowing.extractor.FieldsFromTupleTest
Tests run: 1, Failures: 0, Errors: 0, Skipped: 0, Time elapsed: 0.005 sec - in org.apache.flink.streaming.api.windowing.extractor.FieldsFromTupleTest
Running org.apache.flink.streaming.api.windowing.extractor.FieldsFromArrayTest
Tests run: 3, Failures: 0, Errors: 0, Skipped: 0, Time elapsed: 0.001 sec - in org.apache.flink.streaming.api.windowing.extractor.FieldsFromArrayTest
Running org.apache.flink.streaming.api.windowing.policy.MultiEvictionPolicyTest
Tests run: 8, Failures: 0, Errors: 0, Skipped: 0, Time elapsed: 0.009 sec - in org.apache.flink.streaming.api.windowing.policy.MultiEvictionPolicyTest
Running org.apache.flink.streaming.api.windowing.policy.TimeEvictionPolicyTest
Tests run: 2, Failures: 0, Errors: 0, Skipped: 0, Time elapsed: 0.019 sec - in org.apache.flink.streaming.api.windowing.policy.TimeEvictionPolicyTest
Running org.apache.flink.streaming.util.TypeInformationSerializationSchemaTest
Tests run: 2, Failures: 0, Errors: 0, Skipped: 0, Time elapsed: 0.013 sec - in org.apache.flink.streaming.util.TypeInformationSerializationSchemaTest
Running org.apache.flink.streaming.runtime.partitioner.ShufflePartitionerTest
Tests run: 2, Failures: 0, Errors: 0, Skipped: 0, Time elapsed: 0.002 sec - in org.apache.flink.streaming.runtime.partitioner.ShufflePartitionerTest
Running org.apache.flink.streaming.runtime.partitioner.GlobalPartitionerTest
Tests run: 1, Failures: 0, Errors: 0, Skipped: 0, Time elapsed: 0.006 sec - in org.apache.flink.streaming.runtime.partitioner.GlobalPartitionerTest
Running org.apache.flink.streaming.runtime.partitioner.ForwardPartitionerTest
Tests run: 2, Failures: 0, Errors: 0, Skipped: 0, Time elapsed: 0.001 sec - in org.apache.flink.streaming.runtime.partitioner.ForwardPartitionerTest
Running org.apache.flink.streaming.runtime.partitioner.RebalancePartitionerTest
Tests run: 2, Failures: 0, Errors: 0, Skipped: 0, Time elapsed: 0.001 sec - in org.apache.flink.streaming.runtime.partitioner.RebalancePartitionerTest
Running org.apache.flink.streaming.runtime.partitioner.BroadcastPartitionerTest
Tests run: 1, Failures: 0, Errors: 0, Skipped: 0, Time elapsed: 0.001 sec - in org.apache.flink.streaming.runtime.partitioner.BroadcastPartitionerTest
Running org.apache.flink.streaming.runtime.tasks.SourceStreamTaskTest
Tests run: 2, Failures: 0, Errors: 0, Skipped: 0, Time elapsed: 2.246 sec - in org.apache.flink.streaming.runtime.tasks.SourceStreamTaskTest
Running org.apache.flink.streaming.runtime.tasks.TwoInputStreamTaskTest
Tests run: 4, Failures: 0, Errors: 0, Skipped: 0, Time elapsed: 1.092 sec - in org.apache.flink.streaming.runtime.tasks.TwoInputStreamTaskTest
Running org.apache.flink.streaming.runtime.tasks.OneInputStreamTaskTest
Tests run: 4, Failures: 0, Errors: 0, Skipped: 0, Time elapsed: 1.051 sec - in org.apache.flink.streaming.runtime.tasks.OneInputStreamTaskTest
Running org.apache.flink.streaming.runtime.io.BarrierBufferTest
Tests run: 12, Failures: 0, Errors: 0, Skipped: 0, Time elapsed: 0.022 sec - in org.apache.flink.streaming.runtime.io.BarrierBufferTest
Running org.apache.flink.streaming.runtime.io.BarrierBufferMassiveRandomTest
Tests run: 1, Failures: 0, Errors: 0, Skipped: 0, Time elapsed: 5.297 sec - in org.apache.flink.streaming.runtime.io.BarrierBufferMassiveRandomTest

Results :

Tests in error: 
  StatefulOperatorTest.apiTest Â» JobExecution Job execution failed.

Tests run: 237, Failures: 0, Errors: 1, Skipped: 1

[INFO] ------------------------------------------------------------------------
[INFO] Reactor Summary:
[INFO] 
[INFO] flink-staging ...................................... SUCCESS [  2.411 s]
[INFO] flink-avro ......................................... SUCCESS [ 14.835 s]
[INFO] flink-jdbc ......................................... SUCCESS [  3.101 s]
[INFO] flink-spargel ...................................... SUCCESS [  1.785 s]
[INFO] flink-hadoop-compatibility ......................... SUCCESS [  1.227 s]
[INFO] flink-streaming .................................... SUCCESS [  0.127 s]
[INFO] flink-streaming-core ............................... FAILURE [ 56.195 s]
[INFO] flink-streaming-scala .............................. SKIPPED
[INFO] flink-streaming-connectors ......................... SKIPPED
[INFO] flink-connector-twitter ............................ SKIPPED
[INFO] flink-streaming-examples ........................... SKIPPED
[INFO] flink-connector-flume .............................. SKIPPED
[INFO] flink-connector-kafka .............................. SKIPPED
[INFO] flink-connector-elasticsearch ...................... SKIPPED
[INFO] flink-connector-rabbitmq ........................... SKIPPED
[INFO] flink-connector-filesystem ......................... SKIPPED
[INFO] flink-hbase ........................................ SKIPPED
[INFO] flink-gelly ........................................ SKIPPED
[INFO] flink-hcatalog ..................................... SKIPPED
[INFO] flink-table ........................................ SKIPPED
[INFO] flink-ml ........................................... SKIPPED
[INFO] flink-language-binding ............................. SKIPPED
[INFO] flink-language-binding-generic ..................... SKIPPED
[INFO] flink-python ....................................... SKIPPED
[INFO] flink-gelly-scala .................................. SKIPPED
[INFO] flink-fs-tests ..................................... SKIPPED
[INFO] flink-scala-shell .................................. SKIPPED
[INFO] ------------------------------------------------------------------------
[INFO] BUILD FAILURE
[INFO] ------------------------------------------------------------------------
[INFO] Total time: 01:20 min
[INFO] Finished at: 2016-07-14T23:16:41-07:00
[INFO] Final Memory: 74M/3502M
[INFO] ------------------------------------------------------------------------
[ERROR] Failed to execute goal org.apache.maven.plugins:maven-surefire-plugin:2.18.1:test (default-test) on project flink-streaming-core: There are test failures.
[ERROR] 
[ERROR] Please refer to /space/parallel/flink/flink9/dataset/flink/FLINK-2707_3e233a3894a2701cc16c6cb3bc8778fc84482e20/flink-staging/flink-streaming/flink-streaming-core/target/surefire-reports for the individual test results.
[ERROR] -> [Help 1]
[ERROR] 
[ERROR] To see the full stack trace of the errors, re-run Maven with the -e switch.
[ERROR] Re-run Maven using the -X switch to enable full debug logging.
[ERROR] 
[ERROR] For more information about the errors and possible solutions, please read the following articles:
[ERROR] [Help 1] http://cwiki.apache.org/confluence/display/MAVEN/MojoFailureException
[ERROR] 
[ERROR] After correcting the problems, you can resume the build with the command
[ERROR]   mvn <goals> -rf :flink-streaming-core
