[INFO] Scanning for projects...
[INFO]                                                                         
[INFO] ------------------------------------------------------------------------
[INFO] Building flink-java 0.7-incubating-SNAPSHOT
[INFO] ------------------------------------------------------------------------
[INFO] 
[INFO] --- maven-checkstyle-plugin:2.12.1:check (validate) @ flink-java ---
[INFO] 
[INFO] 
[INFO] --- maven-enforcer-plugin:1.3.1:enforce (enforce-maven) @ flink-java ---
[INFO] 
[INFO] --- maven-remote-resources-plugin:1.5:process (default) @ flink-java ---
[INFO] 
[INFO] --- maven-resources-plugin:2.6:resources (default-resources) @ flink-java ---
[INFO] Using 'UTF-8' encoding to copy filtered resources.
[INFO] skip non existing resourceDirectory /space/parallel/flink/flink9/dataset/flink/FLINK-1133_27e4020589ae3c6e3c60f573868eeeb800d5bcce/flink-java/src/main/resources
[INFO] Copying 3 resources
[INFO] 
[INFO] --- maven-compiler-plugin:3.1:compile (default-compile) @ flink-java ---
[INFO] Changes detected - recompiling the module!
[INFO] Compiling 213 source files to /space/parallel/flink/flink9/dataset/flink/FLINK-1133_27e4020589ae3c6e3c60f573868eeeb800d5bcce/flink-java/target/classes
[WARNING] /space/parallel/flink/flink9/dataset/flink/FLINK-1133_27e4020589ae3c6e3c60f573868eeeb800d5bcce/flink-java/src/main/java/org/apache/flink/api/java/record/functions/MapFunction.java: Some input files use or override a deprecated API.
[WARNING] /space/parallel/flink/flink9/dataset/flink/FLINK-1133_27e4020589ae3c6e3c60f573868eeeb800d5bcce/flink-java/src/main/java/org/apache/flink/api/java/record/functions/MapFunction.java: Recompile with -Xlint:deprecation for details.
[WARNING] /space/parallel/flink/flink9/dataset/flink/FLINK-1133_27e4020589ae3c6e3c60f573868eeeb800d5bcce/flink-java/src/main/java/org/apache/flink/api/java/typeutils/TupleTypeInfo.java: Some input files use unchecked or unsafe operations.
[WARNING] /space/parallel/flink/flink9/dataset/flink/FLINK-1133_27e4020589ae3c6e3c60f573868eeeb800d5bcce/flink-java/src/main/java/org/apache/flink/api/java/typeutils/TupleTypeInfo.java: Recompile with -Xlint:unchecked for details.
[INFO] 
[INFO] --- maven-resources-plugin:2.6:testResources (default-testResources) @ flink-java ---
[INFO] Using 'UTF-8' encoding to copy filtered resources.
[INFO] skip non existing resourceDirectory /space/parallel/flink/flink9/dataset/flink/FLINK-1133_27e4020589ae3c6e3c60f573868eeeb800d5bcce/flink-java/src/test/resources
[INFO] Copying 3 resources
[INFO] 
[INFO] --- maven-compiler-plugin:3.1:testCompile (default-testCompile) @ flink-java ---
[INFO] Nothing to compile - all classes are up to date
[INFO] 
[INFO] --- maven-surefire-plugin:2.17:test (default-test) @ flink-java ---
[INFO] Surefire report directory: /space/parallel/flink/flink9/dataset/flink/FLINK-1133_27e4020589ae3c6e3c60f573868eeeb800d5bcce/flink-java/target/surefire-reports

-------------------------------------------------------
 T E S T S
-------------------------------------------------------

-------------------------------------------------------
 T E S T S
-------------------------------------------------------
Running org.apache.flink.api.java.operators.translation.AggregateTranslationTest
Running org.apache.flink.api.java.operators.translation.DistrinctTranslationTest
Running org.apache.flink.api.java.operators.translation.DeltaIterationTranslationTest
Running org.apache.flink.api.java.type.extractor.PojoTypeInformationTest
Running org.apache.flink.api.java.type.extractor.TypeExtractorTest
Running org.apache.flink.api.java.type.extractor.TypeExtractorInputFormatsTest
Running org.apache.flink.api.java.functions.SemanticPropUtilTest
Running org.apache.flink.api.java.functions.SemanticPropertiesTranslationTest
Running org.apache.flink.api.java.functions.SemanticPropertiesProjectionTest
Running org.apache.flink.api.java.functions.SelectByFunctionsTest
Running org.apache.flink.api.java.operator.GroupingTest
Running org.apache.flink.api.java.operator.FirstNOperatorTest
Running org.apache.flink.api.java.operator.CrossOperatorTest
Running org.apache.flink.api.java.operator.JoinOperatorTest
Running org.apache.flink.api.java.operator.MinByOperatorTest
Running org.apache.flink.api.java.operator.ProjectionOperatorTest
Running org.apache.flink.api.java.operator.MaxByOperatorTest
Running org.apache.flink.api.java.operator.CoGroupOperatorTest
Running org.apache.flink.api.java.operator.AggregateOperatorTest
Running org.apache.flink.api.java.operator.DistinctOperatorTest
Running org.apache.flink.api.java.MultipleInvokationsTest
Running org.apache.flink.api.java.record.ReduceWrappingFunctionTest
Tests run: 4, Failures: 0, Errors: 0, Skipped: 4, Time elapsed: 0.65 sec - in org.apache.flink.api.java.type.extractor.PojoTypeInformationTest
Running org.apache.flink.api.java.record.CoGroupWrappingFunctionTest
Tests run: 1, Failures: 0, Errors: 0, Skipped: 0, Time elapsed: 0.927 sec - in org.apache.flink.api.java.operators.translation.DistrinctTranslationTest
Running org.apache.flink.api.java.record.io.ExternalProcessFixedLengthInputFormatTest
Tests run: 4, Failures: 0, Errors: 0, Skipped: 0, Time elapsed: 0.675 sec - in org.apache.flink.api.java.type.extractor.TypeExtractorInputFormatsTest
Running org.apache.flink.api.java.record.io.TextInputFormatTest
Tests run: 9, Failures: 0, Errors: 0, Skipped: 0, Time elapsed: 0.574 sec - in org.apache.flink.api.java.functions.SelectByFunctionsTest
Running org.apache.flink.api.java.record.io.FixedLenghtInputFormatTest
Running org.apache.flink.api.java.record.io.CsvInputFormatTest
Tests run: 17, Failures: 0, Errors: 0, Skipped: 0, Time elapsed: 1.031 sec - in org.apache.flink.api.java.functions.SemanticPropUtilTest
Running org.apache.flink.api.java.record.io.ExternalProcessInputFormatTest
Tests run: 17, Failures: 0, Errors: 0, Skipped: 4, Time elapsed: 0.86 sec - in org.apache.flink.api.java.operator.GroupingTest
Running org.apache.flink.api.java.typeutils.TypeInfoParserTest
Running org.apache.flink.api.java.record.io.CsvOutputFormatTest
Tests run: 10, Failures: 0, Errors: 0, Skipped: 0, Time elapsed: 0.819 sec - in org.apache.flink.api.java.operator.MinByOperatorTest
Running org.apache.flink.api.java.typeutils.runtime.AvroGenericTypeSerializerTest
Tests run: 3, Failures: 0, Errors: 0, Skipped: 0, Time elapsed: 0.87 sec - in org.apache.flink.api.java.operator.FirstNOperatorTest
Running org.apache.flink.api.java.typeutils.runtime.AvroSerializerEmptyArrayTest
Tests run: 2, Failures: 0, Errors: 0, Skipped: 0, Time elapsed: 0.493 sec - in org.apache.flink.api.java.record.io.TextInputFormatTest
Running org.apache.flink.api.java.typeutils.runtime.WritableSerializerTest
Tests run: 5, Failures: 0, Errors: 0, Skipped: 0, Time elapsed: 0.558 sec - in org.apache.flink.api.java.record.io.ExternalProcessFixedLengthInputFormatTest
Running org.apache.flink.api.java.typeutils.runtime.TupleComparatorILDXC2Test
Tests run: 2, Failures: 0, Errors: 0, Skipped: 0, Time elapsed: 0.841 sec - in org.apache.flink.api.java.operator.AggregateOperatorTest
Running org.apache.flink.api.java.typeutils.runtime.TupleComparatorISD1Test
Tests run: 3, Failures: 0, Errors: 0, Skipped: 0, Time elapsed: 0.655 sec - in org.apache.flink.api.java.record.CoGroupWrappingFunctionTest
Tests run: 3, Failures: 0, Errors: 0, Skipped: 0, Time elapsed: 1.207 sec - in org.apache.flink.api.java.functions.SemanticPropertiesProjectionTest
Tests run: 4, Failures: 0, Errors: 0, Skipped: 0, Time elapsed: 0.787 sec - in org.apache.flink.api.java.record.ReduceWrappingFunctionTest
Running org.apache.flink.api.java.typeutils.runtime.TupleComparatorILD3Test
Running org.apache.flink.api.java.typeutils.runtime.TupleComparatorTTT2Test
Running org.apache.flink.api.java.typeutils.runtime.GenericPairComparatorTest
Tests run: 10, Failures: 0, Errors: 0, Skipped: 0, Time elapsed: 0.099 sec - in org.apache.flink.api.java.typeutils.runtime.TupleComparatorISD1Test
Running org.apache.flink.api.java.typeutils.runtime.KryoGenericArraySerializerTest
Tests run: 10, Failures: 0, Errors: 0, Skipped: 0, Time elapsed: 0.171 sec - in org.apache.flink.api.java.typeutils.runtime.TupleComparatorILDXC2Test
Running org.apache.flink.api.java.typeutils.runtime.AvroGenericTypeComparatorTest
Tests run: 10, Failures: 0, Errors: 0, Skipped: 0, Time elapsed: 1.081 sec - in org.apache.flink.api.java.operator.MaxByOperatorTest
Tests run: 7, Failures: 0, Errors: 0, Skipped: 0, Time elapsed: 0.99 sec - in org.apache.flink.api.java.operator.DistinctOperatorTest
Running org.apache.flink.api.java.typeutils.runtime.TupleSerializerTest
Running org.apache.flink.api.java.typeutils.runtime.ValueComparatorTest
Tests run: 1, Failures: 0, Errors: 0, Skipped: 0, Time elapsed: 0.978 sec - in org.apache.flink.api.java.MultipleInvokationsTest
Running org.apache.flink.api.java.typeutils.runtime.TupleComparatorISD2Test
Tests run: 2, Failures: 0, Errors: 0, Skipped: 0, Time elapsed: 1.143 sec - in org.apache.flink.api.java.operator.ProjectionOperatorTest
Running org.apache.flink.api.java.typeutils.runtime.TupleComparatorILDC3Test
Tests run: 2, Failures: 0, Errors: 0, Skipped: 0, Time elapsed: 0.194 sec - in org.apache.flink.api.java.typeutils.runtime.GenericPairComparatorTest
Tests run: 9, Failures: 0, Errors: 0, Skipped: 0, Time elapsed: 0.388 sec - in org.apache.flink.api.java.typeutils.TypeInfoParserTest
Running org.apache.flink.api.java.typeutils.runtime.TupleComparatorTTT3Test
Running org.apache.flink.api.java.typeutils.runtime.TupleComparatorISD3Test
Tests run: 1, Failures: 0, Errors: 0, Skipped: 0, Time elapsed: 1.861 sec - in org.apache.flink.api.java.operators.translation.AggregateTranslationTest
Tests run: 10, Failures: 0, Errors: 0, Skipped: 0, Time elapsed: 0.254 sec - in org.apache.flink.api.java.typeutils.runtime.TupleComparatorTTT2Test
Tests run: 14, Failures: 0, Errors: 0, Skipped: 0, Time elapsed: 1.288 sec - in org.apache.flink.api.java.operator.CrossOperatorTest
Running org.apache.flink.api.java.typeutils.runtime.KryoGenericTypeSerializerTest
Running org.apache.flink.api.java.typeutils.runtime.CopyableValueComparatorTest
Tests run: 10, Failures: 0, Errors: 0, Skipped: 0, Time elapsed: 0.274 sec - in org.apache.flink.api.java.typeutils.runtime.TupleComparatorILD3Test
Running org.apache.flink.api.java.typeutils.runtime.TupleComparatorILD2Test
Running org.apache.flink.api.java.typeutils.runtime.WritableComparatorTest
Tests run: 29, Failures: 0, Errors: 0, Skipped: 4, Time elapsed: 1.307 sec - in org.apache.flink.api.java.operator.JoinOperatorTest
Running org.apache.flink.api.java.typeutils.runtime.TupleComparatorTTT1Test
Tests run: 10, Failures: 0, Errors: 0, Skipped: 0, Time elapsed: 0.172 sec - in org.apache.flink.api.java.typeutils.runtime.TupleComparatorISD2Test
Running org.apache.flink.api.java.typeutils.runtime.TupleComparatorILDX1Test
Tests run: 4, Failures: 0, Errors: 0, Skipped: 0, Time elapsed: 0.524 sec - in org.apache.flink.api.java.record.io.ExternalProcessInputFormatTest
Running org.apache.flink.api.java.typeutils.runtime.AvroGenericArraySerializerTest
Tests run: 3, Failures: 0, Errors: 0, Skipped: 0, Time elapsed: 0.868 sec - in org.apache.flink.api.java.record.io.FixedLenghtInputFormatTest
Running org.apache.flink.api.java.typeutils.runtime.KryoGenericTypeComparatorTest
Tests run: 50, Failures: 0, Errors: 1, Skipped: 0, Time elapsed: 1.658 sec <<< FAILURE! - in org.apache.flink.api.java.type.extractor.TypeExtractorTest
testDuplicateValue(org.apache.flink.api.java.type.extractor.TypeExtractorTest)  Time elapsed: 0.02 sec  <<< ERROR!
org.apache.flink.api.common.functions.InvalidTypesException: Type of TypeVariable 'T' in 'class org.apache.flink.api.java.type.extractor.TypeExtractorTest$DuplicateValue' could not be determined. This is most likely a type erasure problem. The type extraction currently supports types with generic variables only in cases where all variables in the return type can be deduced from the input type(s).
	at org.apache.flink.api.java.typeutils.TypeExtractor.createTypeInfoWithTypeHierarchy(TypeExtractor.java:287)
	at org.apache.flink.api.java.typeutils.TypeExtractor.privateCreateTypeInfo(TypeExtractor.java:212)
	at org.apache.flink.api.java.typeutils.TypeExtractor.getUnaryOperatorReturnType(TypeExtractor.java:140)
	at org.apache.flink.api.java.typeutils.TypeExtractor.getMapReturnTypes(TypeExtractor.java:71)
	at org.apache.flink.api.java.type.extractor.TypeExtractorTest.testDuplicateValue(TypeExtractorTest.java:1466)

Running org.apache.flink.api.java.typeutils.runtime.PojoSerializerTest
Tests run: 15, Failures: 0, Errors: 0, Skipped: 4, Time elapsed: 1.31 sec - in org.apache.flink.api.java.operator.CoGroupOperatorTest
Running org.apache.flink.api.java.tuple.Tuple2Test
Tests run: 2, Failures: 0, Errors: 0, Skipped: 0, Time elapsed: 0.042 sec - in org.apache.flink.api.java.tuple.Tuple2Test
Tests run: 1, Failures: 0, Errors: 0, Skipped: 0, Time elapsed: 0.532 sec - in org.apache.flink.api.java.typeutils.runtime.WritableSerializerTest
Tests run: 10, Failures: 0, Errors: 0, Skipped: 0, Time elapsed: 0.109 sec - in org.apache.flink.api.java.typeutils.runtime.TupleComparatorILDX1Test
Tests run: 10, Failures: 0, Errors: 0, Skipped: 0, Time elapsed: 0.183 sec - in org.apache.flink.api.java.typeutils.runtime.TupleComparatorISD3Test
Running org.apache.flink.api.java.io.TextInputFormatTest
Tests run: 1, Failures: 0, Errors: 0, Skipped: 1, Time elapsed: 0.034 sec - in org.apache.flink.api.java.typeutils.runtime.PojoSerializerTest
Tests run: 3, Failures: 0, Errors: 0, Skipped: 0, Time elapsed: 1.698 sec - in org.apache.flink.api.java.functions.SemanticPropertiesTranslationTest
Running org.apache.flink.api.java.io.CSVReaderTest
Running org.apache.flink.api.java.io.CsvInputFormatTest
Running org.apache.flink.api.java.io.CollectionInputFormatTest
Tests run: 10, Failures: 0, Errors: 0, Skipped: 0, Time elapsed: 0.18 sec - in org.apache.flink.api.java.typeutils.runtime.CopyableValueComparatorTest
Tests run: 10, Failures: 0, Errors: 0, Skipped: 0, Time elapsed: 0.162 sec - in org.apache.flink.api.java.typeutils.runtime.TupleComparatorILD2Test
Tests run: 2, Failures: 0, Errors: 0, Skipped: 0, Time elapsed: 0.052 sec - in org.apache.flink.api.java.io.TextInputFormatTest
Tests run: 10, Failures: 0, Errors: 0, Skipped: 0, Time elapsed: 0.325 sec - in org.apache.flink.api.java.typeutils.runtime.TupleComparatorILDC3Test
Tests run: 10, Failures: 0, Errors: 0, Skipped: 0, Time elapsed: 0.247 sec - in org.apache.flink.api.java.typeutils.runtime.TupleComparatorTTT1Test
Tests run: 10, Failures: 0, Errors: 0, Skipped: 0, Time elapsed: 0.603 sec - in org.apache.flink.api.java.typeutils.runtime.ValueComparatorTest
Tests run: 10, Failures: 0, Errors: 0, Skipped: 0, Time elapsed: 0.291 sec - in org.apache.flink.api.java.io.CSVReaderTest
Tests run: 10, Failures: 0, Errors: 0, Skipped: 0, Time elapsed: 0.529 sec - in org.apache.flink.api.java.typeutils.runtime.TupleComparatorTTT3Test
Tests run: 8, Failures: 0, Errors: 0, Skipped: 0, Time elapsed: 1.351 sec - in org.apache.flink.api.java.record.io.CsvInputFormatTest
Tests run: 9, Failures: 0, Errors: 0, Skipped: 0, Time elapsed: 0.441 sec - in org.apache.flink.api.java.io.CsvInputFormatTest
Tests run: 3, Failures: 0, Errors: 0, Skipped: 0, Time elapsed: 2.74 sec - in org.apache.flink.api.java.operators.translation.DeltaIterationTranslationTest
Tests run: 7, Failures: 0, Errors: 0, Skipped: 0, Time elapsed: 1.51 sec - in org.apache.flink.api.java.record.io.CsvOutputFormatTest
Tests run: 2, Failures: 0, Errors: 0, Skipped: 0, Time elapsed: 1.026 sec - in org.apache.flink.api.java.io.CollectionInputFormatTest
Tests run: 10, Failures: 0, Errors: 0, Skipped: 0, Time elapsed: 1.248 sec - in org.apache.flink.api.java.typeutils.runtime.WritableComparatorTest
Tests run: 5, Failures: 0, Errors: 0, Skipped: 0, Time elapsed: 1.516 sec - in org.apache.flink.api.java.typeutils.runtime.KryoGenericArraySerializerTest
Tests run: 5, Failures: 0, Errors: 0, Skipped: 0, Time elapsed: 1.361 sec - in org.apache.flink.api.java.typeutils.runtime.KryoGenericTypeSerializerTest
Tests run: 2, Failures: 0, Errors: 0, Skipped: 0, Time elapsed: 1.788 sec - in org.apache.flink.api.java.typeutils.runtime.AvroSerializerEmptyArrayTest
Tests run: 4, Failures: 0, Errors: 0, Skipped: 0, Time elapsed: 1.45 sec - in org.apache.flink.api.java.typeutils.runtime.KryoGenericTypeComparatorTest
Tests run: 5, Failures: 0, Errors: 0, Skipped: 0, Time elapsed: 2.195 sec - in org.apache.flink.api.java.typeutils.runtime.AvroGenericTypeSerializerTest
Tests run: 4, Failures: 0, Errors: 0, Skipped: 0, Time elapsed: 2.063 sec - in org.apache.flink.api.java.typeutils.runtime.AvroGenericTypeComparatorTest
Tests run: 5, Failures: 0, Errors: 0, Skipped: 0, Time elapsed: 2.024 sec - in org.apache.flink.api.java.typeutils.runtime.AvroGenericArraySerializerTest
Tests run: 6, Failures: 0, Errors: 0, Skipped: 0, Time elapsed: 2.771 sec - in org.apache.flink.api.java.typeutils.runtime.TupleSerializerTest

Results :

Tests in error: 
  TypeExtractorTest.testDuplicateValue:1466 Â» InvalidTypes Type of TypeVariable ...

Tests run: 455, Failures: 0, Errors: 1, Skipped: 17

[INFO] ------------------------------------------------------------------------
[INFO] BUILD FAILURE
[INFO] ------------------------------------------------------------------------
[INFO] Total time: 15.522 s
[INFO] Finished at: 2016-07-15T09:09:39-07:00
[INFO] Final Memory: 26M/1897M
[INFO] ------------------------------------------------------------------------
[ERROR] Failed to execute goal org.apache.maven.plugins:maven-surefire-plugin:2.17:test (default-test) on project flink-java: There are test failures.
[ERROR] 
[ERROR] Please refer to /space/parallel/flink/flink9/dataset/flink/FLINK-1133_27e4020589ae3c6e3c60f573868eeeb800d5bcce/flink-java/target/surefire-reports for the individual test results.
[ERROR] -> [Help 1]
[ERROR] 
[ERROR] To see the full stack trace of the errors, re-run Maven with the -e switch.
[ERROR] Re-run Maven using the -X switch to enable full debug logging.
[ERROR] 
[ERROR] For more information about the errors and possible solutions, please read the following articles:
[ERROR] [Help 1] http://cwiki.apache.org/confluence/display/MAVEN/MojoFailureException
