Apache Maven 3.6.3
Maven home: /usr/share/maven
Java version: 1.8.0_312, vendor: Private Build, runtime: /usr/lib/jvm/java-8-openjdk-amd64/jre
Default locale: en_US, platform encoding: UTF-8
OS name: "linux", version: "5.15.0-41-generic", arch: "amd64", family: "unix"
[INFO] Scanning for projects...
[INFO] Inspecting build with total of 10 modules...
[INFO] Installing Nexus Staging features:
[INFO]   ... total of 9 executions of maven-deploy-plugin replaced with nexus-staging-maven-plugin
[INFO] ------------------------------------------------------------------------
[INFO] Reactor Build Order:
[INFO] 
[INFO] Debezium Checkstyle Rules                                          [jar]
[INFO] Debezium Parent POM                                                [pom]
[INFO] Debezium Core                                                      [jar]
[INFO] Debezium ANTLR DDL parsers                                         [jar]
[INFO] Debezium Assembly Descriptors                                      [jar]
[INFO] Debezium Embedded                                                  [jar]
[INFO] Debezium Connector for MySQL                                       [jar]
[INFO] Debezium Connector for PostgreSQL                                  [jar]
[INFO] Debezium Connector for MongoDB                                     [jar]
[INFO] Debezium Microbenchmark Tests                                      [jar]
[INFO] 
[INFO] ------------------< io.debezium:debezium-checkstyle >-------------------
[INFO] Building Debezium Checkstyle Rules 0.9.0-SNAPSHOT                 [1/10]
[INFO] --------------------------------[ jar ]---------------------------------
[INFO] 
[INFO] --- maven-enforcer-plugin:3.0.0-M1:enforce (enforce-java-version) @ debezium-checkstyle ---
[INFO] Skipping Rule Enforcement.
[INFO] 
[INFO] --- maven-enforcer-plugin:3.0.0-M1:enforce (enforce-maven-version) @ debezium-checkstyle ---
[INFO] Skipping Rule Enforcement.
[INFO] 
[INFO] --- buildnumber-maven-plugin:1.3:create (get-scm-revision) @ debezium-checkstyle ---
[INFO] Executing: /bin/sh -c cd /home/user/Workspace/reproducibility/Reproducibility-Scanner/reproducer/workspace/Bears-208/support/checkstyle && git rev-parse --verify HEAD
[INFO] Working directory: /home/user/Workspace/reproducibility/Reproducibility-Scanner/reproducer/workspace/Bears-208/support/checkstyle
[INFO] Storing buildNumber: UNKNOWN at timestamp: 1658802458817
[WARNING] Cannot get the branch information from the git repository: 
Detecting the current branch failed: fatal: not a git repository: /home/user/Workspace/reproducibility/Reproducibility-Scanner/reproducer/workspace/Bears-208/../../.git/modules/benchmarks/bears-benchmark

[INFO] Executing: /bin/sh -c cd /home/user/Workspace/reproducibility/Reproducibility-Scanner/reproducer/workspace/Bears-208/support/checkstyle && git rev-parse --verify HEAD
[INFO] Working directory: /home/user/Workspace/reproducibility/Reproducibility-Scanner/reproducer/workspace/Bears-208/support/checkstyle
[INFO] Storing buildScmBranch: UNKNOWN_BRANCH
[INFO] 
[INFO] --- maven-resources-plugin:2.7:resources (default-resources) @ debezium-checkstyle ---
[INFO] Using 'UTF-8' encoding to copy filtered resources.
[INFO] Copying 4 resources
[INFO] 
[INFO] --- maven-compiler-plugin:3.1:compile (default-compile) @ debezium-checkstyle ---
[INFO] Nothing to compile - all classes are up to date
[INFO] 
[INFO] --- maven-resources-plugin:2.7:testResources (default-testResources) @ debezium-checkstyle ---
[INFO] Using 'UTF-8' encoding to copy filtered resources.
[INFO] skip non existing resourceDirectory /home/user/Workspace/reproducibility/Reproducibility-Scanner/reproducer/workspace/Bears-208/support/checkstyle/src/test/resources
[INFO] 
[INFO] --- maven-compiler-plugin:3.1:testCompile (default-testCompile) @ debezium-checkstyle ---
[INFO] No sources to compile
[INFO] 
[INFO] --- maven-surefire-plugin:2.18.1:test (default-test) @ debezium-checkstyle ---
[INFO] No tests to run.
[INFO] 
[INFO] --------------------< io.debezium:debezium-parent >---------------------
[INFO] Building Debezium Parent POM 0.9.0-SNAPSHOT                       [2/10]
[INFO] --------------------------------[ pom ]---------------------------------
[INFO] 
[INFO] --- maven-enforcer-plugin:3.0.0-M1:enforce (enforce-java-version) @ debezium-parent ---
[INFO] Skipping Rule Enforcement.
[INFO] 
[INFO] --- maven-enforcer-plugin:3.0.0-M1:enforce (enforce-maven-version) @ debezium-parent ---
[INFO] Skipping Rule Enforcement.
[INFO] 
[INFO] --- maven-enforcer-plugin:3.0.0-M1:enforce (enforce-maven) @ debezium-parent ---
[INFO] Skipping Rule Enforcement.
[INFO] 
[INFO] --- buildnumber-maven-plugin:1.3:create (get-scm-revision) @ debezium-parent ---
[INFO] 
[INFO] ---------------------< io.debezium:debezium-core >----------------------
[INFO] Building Debezium Core 0.9.0-SNAPSHOT                             [3/10]
[INFO] --------------------------------[ jar ]---------------------------------
[INFO] 
[INFO] --- maven-enforcer-plugin:3.0.0-M1:enforce (enforce-java-version) @ debezium-core ---
[INFO] Skipping Rule Enforcement.
[INFO] 
[INFO] --- maven-enforcer-plugin:3.0.0-M1:enforce (enforce-maven-version) @ debezium-core ---
[INFO] Skipping Rule Enforcement.
[INFO] 
[INFO] --- maven-enforcer-plugin:3.0.0-M1:enforce (enforce-maven) @ debezium-core ---
[INFO] Skipping Rule Enforcement.
[INFO] 
[INFO] --- buildnumber-maven-plugin:1.3:create (get-scm-revision) @ debezium-core ---
[INFO] 
[INFO] --- maven-resources-plugin:2.7:resources (default-resources) @ debezium-core ---
[INFO] Using 'UTF-8' encoding to copy filtered resources.
[INFO] skip non existing resourceDirectory /home/user/Workspace/reproducibility/Reproducibility-Scanner/reproducer/workspace/Bears-208/debezium-core/src/main/resources
[INFO] 
[INFO] --- maven-compiler-plugin:3.1:compile (default-compile) @ debezium-core ---
[INFO] Nothing to compile - all classes are up to date
[INFO] 
[INFO] --- maven-resources-plugin:2.7:testResources (default-testResources) @ debezium-core ---
[INFO] Using 'UTF-8' encoding to copy filtered resources.
[INFO] Copying 8 resources
[INFO] 
[INFO] --- maven-compiler-plugin:3.1:testCompile (default-testCompile) @ debezium-core ---
[INFO] Nothing to compile - all classes are up to date
[INFO] 
[INFO] --- maven-surefire-plugin:2.18.1:test (default-test) @ debezium-core ---
[INFO] Surefire report directory: /home/user/Workspace/reproducibility/Reproducibility-Scanner/reproducer/workspace/Bears-208/debezium-core/target/surefire-reports

-------------------------------------------------------
 T E S T S
-------------------------------------------------------
Running io.debezium.relational.TableSchemaBuilderTest
Tests run: 4, Failures: 0, Errors: 0, Skipped: 0, Time elapsed: 0.179 sec - in io.debezium.relational.TableSchemaBuilderTest
Running io.debezium.relational.TableEditorTest
Tests run: 11, Failures: 0, Errors: 0, Skipped: 0, Time elapsed: 0.004 sec - in io.debezium.relational.TableEditorTest
Running io.debezium.relational.TableTest
Tests run: 17, Failures: 0, Errors: 0, Skipped: 0, Time elapsed: 0.009 sec - in io.debezium.relational.TableTest
Running io.debezium.relational.ddl.DdlParserSql2003Test
Tests run: 3, Failures: 0, Errors: 0, Skipped: 0, Time elapsed: 0.028 sec - in io.debezium.relational.ddl.DdlParserSql2003Test
Running io.debezium.relational.ddl.DataTypeGrammarParserTest
Tests run: 14, Failures: 0, Errors: 0, Skipped: 0, Time elapsed: 0.009 sec - in io.debezium.relational.ddl.DataTypeGrammarParserTest
Running io.debezium.relational.ddl.DdlChangesTest
Tests run: 3, Failures: 0, Errors: 0, Skipped: 0, Time elapsed: 0.007 sec - in io.debezium.relational.ddl.DdlChangesTest
Running io.debezium.relational.ddl.DataTypeParserTest
Tests run: 6, Failures: 0, Errors: 0, Skipped: 0, Time elapsed: 0.006 sec - in io.debezium.relational.ddl.DataTypeParserTest
Running io.debezium.relational.history.MemoryDatabaseHistoryTest
Tests run: 1, Failures: 0, Errors: 0, Skipped: 0, Time elapsed: 0.025 sec - in io.debezium.relational.history.MemoryDatabaseHistoryTest
Running io.debezium.relational.history.HistoryRecordTest
{
  "source" : {
    "server" : "abc"
  },
  "position" : {
    "file" : "x.log",
    "positionInt" : 100,
    "positionLong" : 9223372036854775807,
    "entry" : 1
  },
  "databaseName" : "db",
  "schemaName" : "myschema",
  "ddl" : "CREATE TABLE foo ( first VARCHAR(22) NOT NULL );",
  "tableChanges" : [ {
    "type" : "CREATE",
    "id" : "db.myschema.foo",
    "table" : {
      "defaultCharsetName" : null,
      "primaryKeyColumnNames" : [ "first" ],
      "columns" : [ {
        "name" : "first",
        "jdbcType" : 12,
        "typeName" : "VARCHAR",
        "typeExpression" : "VARCHAR",
        "charsetName" : null,
        "length" : 22,
        "position" : 1,
        "optional" : false,
        "autoIncremented" : false,
        "generated" : false
      } ]
    }
  } ]
}
Tests run: 1, Failures: 0, Errors: 0, Skipped: 0, Time elapsed: 0.044 sec - in io.debezium.relational.history.HistoryRecordTest
Running io.debezium.relational.history.FileDatabaseHistoryTest
Tests run: 1, Failures: 0, Errors: 0, Skipped: 0, Time elapsed: 0.051 sec - in io.debezium.relational.history.FileDatabaseHistoryTest
Running io.debezium.relational.history.KafkaDatabaseHistoryTest
2022-07-25 19:27:42,079 INFO  DBZ Started Kafka server 1 at localhost:34247 with storage in /home/user/Workspace/reproducibility/Reproducibility-Scanner/reproducer/workspace/Bears-208/debezium-core/target/data/history_cluster/kafka/broker1 (io.debezium.kafka.KafkaServer)
2022-07-25 19:27:42,365 INFO  DBZ KafkaDatabaseHistory Consumer config: {enable.auto.commit=false, value.deserializer=org.apache.kafka.common.serialization.StringDeserializer, group.id=my-db-history, auto.offset.reset=earliest, session.timeout.ms=50000, bootstrap.servers=localhost:34247, max.poll.interval.ms=100, client.id=my-db-history, key.deserializer=org.apache.kafka.common.serialization.StringDeserializer, fetch.min.bytes=1} (io.debezium.relational.history.KafkaDatabaseHistory)
2022-07-25 19:27:42,365 INFO  DBZ KafkaDatabaseHistory Producer config: {bootstrap.servers=localhost:34247, value.serializer=org.apache.kafka.common.serialization.StringSerializer, buffer.memory=1048576, retries=1, key.serializer=org.apache.kafka.common.serialization.StringSerializer, client.id=my-db-history, linger.ms=0, batch.size=32768, max.block.ms=10000, acks=1} (io.debezium.relational.history.KafkaDatabaseHistory)
2022-07-25 19:27:42,447 INFO  DBZ Database history topic '(name=schema-changes-topic, numPartitions=1, replicationFactor=1, replicasAssignments=null, configs={cleanup.policy=delete, retention.ms=9223372036854775807, retention.bytes=-1})' created (io.debezium.relational.history.KafkaDatabaseHistory)
2022-07-25 19:27:42,492 INFO  DBZ Database history topic '(name=schema-changes-topic, numPartitions=1, replicationFactor=1, replicasAssignments=null, configs={cleanup.policy=delete, retention.ms=9223372036854775807, retention.bytes=-1})' created (io.debezium.relational.history.KafkaDatabaseHistory)
2022-07-25 19:27:42,813 INFO  DBZ KafkaDatabaseHistory Consumer config: {enable.auto.commit=false, value.deserializer=org.apache.kafka.common.serialization.StringDeserializer, group.id=my-db-history, auto.offset.reset=earliest, session.timeout.ms=50000, bootstrap.servers=localhost:34247, max.poll.interval.ms=100, client.id=my-db-history, key.deserializer=org.apache.kafka.common.serialization.StringDeserializer, fetch.min.bytes=1} (io.debezium.relational.history.KafkaDatabaseHistory)
2022-07-25 19:27:42,814 INFO  DBZ KafkaDatabaseHistory Producer config: {bootstrap.servers=localhost:34247, value.serializer=org.apache.kafka.common.serialization.StringSerializer, buffer.memory=1048576, retries=1, key.serializer=org.apache.kafka.common.serialization.StringSerializer, client.id=my-db-history, linger.ms=0, batch.size=32768, max.block.ms=10000, acks=1} (io.debezium.relational.history.KafkaDatabaseHistory)
2022-07-25 19:27:42,870 ERROR DBZ Unexpected exception while processing record 'ConsumerRecord(topic = schema-changes-topic, partition = 0, offset = 0, CreateTime = 1658802462287, serialized key size = -1, serialized value size = 137, headers = RecordHeaders(headers = [], isReadOnly = false), key = null, value = {"source":{"server":"my-server"},"position":{"filename":"my-txn-file.log","position":39},"databaseName":"db1","ddl":"xxxDROP TABLE foo;"})' (io.debezium.relational.history.KafkaDatabaseHistory)
io.debezium.text.ParsingException: Failed to parse statement 'xxxDROP TABLE foo;'
	at io.debezium.relational.ddl.LegacyDdlParser.parse(LegacyDdlParser.java:225)
	at io.debezium.relational.ddl.LegacyDdlParser.parse(LegacyDdlParser.java:200)
	at io.debezium.relational.history.AbstractDatabaseHistory.lambda$recover$1(AbstractDatabaseHistory.java:104)
	at io.debezium.relational.history.KafkaDatabaseHistory.recoverRecords(KafkaDatabaseHistory.java:238)
	at io.debezium.relational.history.AbstractDatabaseHistory.recover(AbstractDatabaseHistory.java:73)
	at io.debezium.relational.history.KafkaDatabaseHistoryTest.testHistoryTopicContent(KafkaDatabaseHistoryTest.java:176)
	at io.debezium.relational.history.KafkaDatabaseHistoryTest.shouldStopOnUnparseableSQL(KafkaDatabaseHistoryTest.java:254)
	at sun.reflect.NativeMethodAccessorImpl.invoke0(Native Method)
	at sun.reflect.NativeMethodAccessorImpl.invoke(NativeMethodAccessorImpl.java:62)
	at sun.reflect.DelegatingMethodAccessorImpl.invoke(DelegatingMethodAccessorImpl.java:43)
	at java.lang.reflect.Method.invoke(Method.java:498)
	at org.junit.runners.model.FrameworkMethod$1.runReflectiveCall(FrameworkMethod.java:50)
	at org.junit.internal.runners.model.ReflectiveCallable.run(ReflectiveCallable.java:12)
	at org.junit.runners.model.FrameworkMethod.invokeExplosively(FrameworkMethod.java:47)
	at org.junit.internal.runners.statements.InvokeMethod.evaluate(InvokeMethod.java:17)
	at org.junit.internal.runners.statements.ExpectException.evaluate(ExpectException.java:19)
	at org.junit.internal.runners.statements.RunBefores.evaluate(RunBefores.java:26)
	at org.junit.internal.runners.statements.RunAfters.evaluate(RunAfters.java:27)
	at org.junit.runners.ParentRunner.runLeaf(ParentRunner.java:325)
	at org.junit.runners.BlockJUnit4ClassRunner.runChild(BlockJUnit4ClassRunner.java:78)
	at org.junit.runners.BlockJUnit4ClassRunner.runChild(BlockJUnit4ClassRunner.java:57)
	at org.junit.runners.ParentRunner$3.run(ParentRunner.java:290)
	at org.junit.runners.ParentRunner$1.schedule(ParentRunner.java:71)
	at org.junit.runners.ParentRunner.runChildren(ParentRunner.java:288)
	at org.junit.runners.ParentRunner.access$000(ParentRunner.java:58)
	at org.junit.runners.ParentRunner$2.evaluate(ParentRunner.java:268)
	at org.junit.runners.ParentRunner.run(ParentRunner.java:363)
	at org.apache.maven.surefire.junit4.JUnit4Provider.execute(JUnit4Provider.java:283)
	at org.apache.maven.surefire.junit4.JUnit4Provider.executeWithRerun(JUnit4Provider.java:173)
	at org.apache.maven.surefire.junit4.JUnit4Provider.executeTestSet(JUnit4Provider.java:153)
	at org.apache.maven.surefire.junit4.JUnit4Provider.invoke(JUnit4Provider.java:128)
	at org.apache.maven.surefire.booter.ForkedBooter.invokeProviderInSameClassLoader(ForkedBooter.java:203)
	at org.apache.maven.surefire.booter.ForkedBooter.runSuitesInProcess(ForkedBooter.java:155)
	at org.apache.maven.surefire.booter.ForkedBooter.main(ForkedBooter.java:103)
Caused by: io.debezium.text.ParsingException: Expecting token type 128 at line 1, column 1 but found 'xxxDROP':  ===>> xxxDROP TABLE foo;
	at io.debezium.text.TokenStream.consume(TokenStream.java:750)
	at io.debezium.relational.ddl.LegacyDdlParser.consumeStatement(LegacyDdlParser.java:462)
	at io.debezium.relational.ddl.LegacyDdlParser.parseUnknownStatement(LegacyDdlParser.java:309)
	at io.debezium.relational.ddl.DdlParserSql2003.parseNextStatement(DdlParserSql2003.java:120)
	at io.debezium.relational.ddl.LegacyDdlParser.parse(LegacyDdlParser.java:219)
	... 33 more
2022-07-25 19:27:44,681 INFO  DBZ Stopped Kafka server 1 at localhost:34247 (io.debezium.kafka.KafkaServer)
2022-07-25 19:27:44,874 INFO  DBZ Started Kafka server 1 at localhost:42879 with storage in /home/user/Workspace/reproducibility/Reproducibility-Scanner/reproducer/workspace/Bears-208/debezium-core/target/data/history_cluster/kafka/broker1 (io.debezium.kafka.KafkaServer)
2022-07-25 19:27:44,890 INFO  DBZ KafkaDatabaseHistory Consumer config: {enable.auto.commit=false, value.deserializer=org.apache.kafka.common.serialization.StringDeserializer, group.id=my-db-history, auto.offset.reset=earliest, session.timeout.ms=50000, bootstrap.servers=localhost:42879, max.poll.interval.ms=100, client.id=my-db-history, key.deserializer=org.apache.kafka.common.serialization.StringDeserializer, fetch.min.bytes=1} (io.debezium.relational.history.KafkaDatabaseHistory)
2022-07-25 19:27:44,890 INFO  DBZ KafkaDatabaseHistory Producer config: {bootstrap.servers=localhost:42879, value.serializer=org.apache.kafka.common.serialization.StringSerializer, buffer.memory=1048576, retries=1, key.serializer=org.apache.kafka.common.serialization.StringSerializer, client.id=my-db-history, linger.ms=0, batch.size=32768, max.block.ms=10000, acks=1} (io.debezium.relational.history.KafkaDatabaseHistory)
2022-07-25 19:27:44,920 INFO  DBZ Database history topic '(name=schema-changes-topic, numPartitions=1, replicationFactor=1, replicasAssignments=null, configs={cleanup.policy=delete, retention.ms=9223372036854775807, retention.bytes=-1})' created (io.debezium.relational.history.KafkaDatabaseHistory)
2022-07-25 19:27:44,941 INFO  DBZ Database history topic '(name=schema-changes-topic, numPartitions=1, replicationFactor=1, replicasAssignments=null, configs={cleanup.policy=delete, retention.ms=9223372036854775807, retention.bytes=-1})' created (io.debezium.relational.history.KafkaDatabaseHistory)
2022-07-25 19:27:45,614 INFO  DBZ KafkaDatabaseHistory Consumer config: {enable.auto.commit=false, value.deserializer=org.apache.kafka.common.serialization.StringDeserializer, group.id=my-db-history, auto.offset.reset=earliest, session.timeout.ms=50000, bootstrap.servers=localhost:42879, max.poll.interval.ms=100, client.id=my-db-history, key.deserializer=org.apache.kafka.common.serialization.StringDeserializer, fetch.min.bytes=1} (io.debezium.relational.history.KafkaDatabaseHistory)
2022-07-25 19:27:45,614 INFO  DBZ KafkaDatabaseHistory Producer config: {bootstrap.servers=localhost:42879, value.serializer=org.apache.kafka.common.serialization.StringSerializer, buffer.memory=1048576, retries=1, key.serializer=org.apache.kafka.common.serialization.StringSerializer, client.id=my-db-history, linger.ms=0, batch.size=32768, max.block.ms=10000, acks=1} (io.debezium.relational.history.KafkaDatabaseHistory)
2022-07-25 19:27:46,815 INFO  DBZ Stopped Kafka server 1 at localhost:42879 (io.debezium.kafka.KafkaServer)
2022-07-25 19:27:47,048 INFO  DBZ Started Kafka server 1 at localhost:35341 with storage in /home/user/Workspace/reproducibility/Reproducibility-Scanner/reproducer/workspace/Bears-208/debezium-core/target/data/history_cluster/kafka/broker1 (io.debezium.kafka.KafkaServer)
2022-07-25 19:27:47,198 INFO  DBZ KafkaDatabaseHistory Consumer config: {enable.auto.commit=false, value.deserializer=org.apache.kafka.common.serialization.StringDeserializer, group.id=my-db-history, auto.offset.reset=earliest, session.timeout.ms=50000, bootstrap.servers=localhost:35341, max.poll.interval.ms=100, client.id=my-db-history, key.deserializer=org.apache.kafka.common.serialization.StringDeserializer, fetch.min.bytes=1} (io.debezium.relational.history.KafkaDatabaseHistory)
2022-07-25 19:27:47,198 INFO  DBZ KafkaDatabaseHistory Producer config: {bootstrap.servers=localhost:35341, value.serializer=org.apache.kafka.common.serialization.StringSerializer, buffer.memory=1048576, retries=1, key.serializer=org.apache.kafka.common.serialization.StringSerializer, client.id=my-db-history, linger.ms=0, batch.size=32768, max.block.ms=10000, acks=1} (io.debezium.relational.history.KafkaDatabaseHistory)
2022-07-25 19:27:47,220 INFO  DBZ Database history topic '(name=schema-changes-topic, numPartitions=1, replicationFactor=1, replicasAssignments=null, configs={cleanup.policy=delete, retention.ms=9223372036854775807, retention.bytes=-1})' created (io.debezium.relational.history.KafkaDatabaseHistory)
2022-07-25 19:27:47,239 INFO  DBZ Database history topic '(name=schema-changes-topic, numPartitions=1, replicationFactor=1, replicasAssignments=null, configs={cleanup.policy=delete, retention.ms=9223372036854775807, retention.bytes=-1})' created (io.debezium.relational.history.KafkaDatabaseHistory)
2022-07-25 19:27:47,375 WARN  DBZ Skipping null database history record. This is often not an issue, but if it happens repeatedly please check the 'schema-changes-topic' topic. (io.debezium.relational.history.KafkaDatabaseHistory)
2022-07-25 19:27:47,376 ERROR DBZ Error while deserializing history record 'ConsumerRecord(topic = schema-changes-topic, partition = 0, offset = 1, CreateTime = 1658802467182, serialized key size = -1, serialized value size = 0, headers = RecordHeaders(headers = [], isReadOnly = false), key = null, value = )' (io.debezium.relational.history.KafkaDatabaseHistory)
java.io.IOException: Expected data to start with an Object, but was null
	at io.debezium.document.JacksonReader.parseDocument(JacksonReader.java:116)
	at io.debezium.document.JacksonReader.parse(JacksonReader.java:102)
	at io.debezium.document.JacksonReader.read(JacksonReader.java:57)
	at io.debezium.relational.history.KafkaDatabaseHistory.recoverRecords(KafkaDatabaseHistory.java:231)
	at io.debezium.relational.history.AbstractDatabaseHistory.recover(AbstractDatabaseHistory.java:73)
	at io.debezium.relational.history.KafkaDatabaseHistoryTest.testHistoryTopicContent(KafkaDatabaseHistoryTest.java:125)
	at io.debezium.relational.history.KafkaDatabaseHistoryTest.shouldIgnoreUnparseableMessages(KafkaDatabaseHistoryTest.java:232)
	at sun.reflect.NativeMethodAccessorImpl.invoke0(Native Method)
	at sun.reflect.NativeMethodAccessorImpl.invoke(NativeMethodAccessorImpl.java:62)
	at sun.reflect.DelegatingMethodAccessorImpl.invoke(DelegatingMethodAccessorImpl.java:43)
	at java.lang.reflect.Method.invoke(Method.java:498)
	at org.junit.runners.model.FrameworkMethod$1.runReflectiveCall(FrameworkMethod.java:50)
	at org.junit.internal.runners.model.ReflectiveCallable.run(ReflectiveCallable.java:12)
	at org.junit.runners.model.FrameworkMethod.invokeExplosively(FrameworkMethod.java:47)
	at org.junit.internal.runners.statements.InvokeMethod.evaluate(InvokeMethod.java:17)
	at org.junit.internal.runners.statements.RunBefores.evaluate(RunBefores.java:26)
	at org.junit.internal.runners.statements.RunAfters.evaluate(RunAfters.java:27)
	at org.junit.runners.ParentRunner.runLeaf(ParentRunner.java:325)
	at org.junit.runners.BlockJUnit4ClassRunner.runChild(BlockJUnit4ClassRunner.java:78)
	at org.junit.runners.BlockJUnit4ClassRunner.runChild(BlockJUnit4ClassRunner.java:57)
	at org.junit.runners.ParentRunner$3.run(ParentRunner.java:290)
	at org.junit.runners.ParentRunner$1.schedule(ParentRunner.java:71)
	at org.junit.runners.ParentRunner.runChildren(ParentRunner.java:288)
	at org.junit.runners.ParentRunner.access$000(ParentRunner.java:58)
	at org.junit.runners.ParentRunner$2.evaluate(ParentRunner.java:268)
	at org.junit.runners.ParentRunner.run(ParentRunner.java:363)
	at org.apache.maven.surefire.junit4.JUnit4Provider.execute(JUnit4Provider.java:283)
	at org.apache.maven.surefire.junit4.JUnit4Provider.executeWithRerun(JUnit4Provider.java:173)
	at org.apache.maven.surefire.junit4.JUnit4Provider.executeTestSet(JUnit4Provider.java:153)
	at org.apache.maven.surefire.junit4.JUnit4Provider.invoke(JUnit4Provider.java:128)
	at org.apache.maven.surefire.booter.ForkedBooter.invokeProviderInSameClassLoader(ForkedBooter.java:203)
	at org.apache.maven.surefire.booter.ForkedBooter.runSuitesInProcess(ForkedBooter.java:155)
	at org.apache.maven.surefire.booter.ForkedBooter.main(ForkedBooter.java:103)
2022-07-25 19:27:47,378 WARN  DBZ Skipping invalid database history record '{
  "position" : {
    "filename" : "my-txn-file.log",
    "position" : 39
  },
  "databaseName" : "db1",
  "ddl" : "DROP TABLE foo;"
}'. This is often not an issue, but if it happens repeatedly please check the 'schema-changes-topic' topic. (io.debezium.relational.history.KafkaDatabaseHistory)
2022-07-25 19:27:47,378 WARN  DBZ Skipping invalid database history record '{
  "source" : {
    "server" : "my-server"
  },
  "databaseName" : "db1",
  "ddl" : "DROP TABLE foo;"
}'. This is often not an issue, but if it happens repeatedly please check the 'schema-changes-topic' topic. (io.debezium.relational.history.KafkaDatabaseHistory)
2022-07-25 19:27:47,379 ERROR DBZ Error while deserializing history record 'ConsumerRecord(topic = schema-changes-topic, partition = 0, offset = 4, CreateTime = 1658802467189, serialized key size = -1, serialized value size = 133, headers = RecordHeaders(headers = [], isReadOnly = false), key = null, value = {"source":{"server":"my-server"},"position":{"filename":"my-txn-file.log","position":39},"databaseName":"db1","ddl":"DROP TABLE foo;")' (io.debezium.relational.history.KafkaDatabaseHistory)
com.fasterxml.jackson.core.io.JsonEOFException: Unexpected end-of-input: expected close marker for Object (start marker at [Source: (String)"{"source":{"server":"my-server"},"position":{"filename":"my-txn-file.log","position":39},"databaseName":"db1","ddl":"DROP TABLE foo;""; line: 1, column: 1])
 at [Source: (String)"{"source":{"server":"my-server"},"position":{"filename":"my-txn-file.log","position":39},"databaseName":"db1","ddl":"DROP TABLE foo;""; line: 1, column: 267]
	at com.fasterxml.jackson.core.base.ParserMinimalBase._reportInvalidEOF(ParserMinimalBase.java:594)
	at com.fasterxml.jackson.core.base.ParserBase._handleEOF(ParserBase.java:485)
	at com.fasterxml.jackson.core.base.ParserBase._eofAsNextChar(ParserBase.java:497)
	at com.fasterxml.jackson.core.json.ReaderBasedJsonParser._skipWSOrEnd(ReaderBasedJsonParser.java:2332)
	at com.fasterxml.jackson.core.json.ReaderBasedJsonParser.nextToken(ReaderBasedJsonParser.java:646)
	at io.debezium.document.JacksonReader.parseDocument(JacksonReader.java:192)
	at io.debezium.document.JacksonReader.parse(JacksonReader.java:102)
	at io.debezium.document.JacksonReader.read(JacksonReader.java:57)
	at io.debezium.relational.history.KafkaDatabaseHistory.recoverRecords(KafkaDatabaseHistory.java:231)
	at io.debezium.relational.history.AbstractDatabaseHistory.recover(AbstractDatabaseHistory.java:73)
	at io.debezium.relational.history.KafkaDatabaseHistoryTest.testHistoryTopicContent(KafkaDatabaseHistoryTest.java:125)
	at io.debezium.relational.history.KafkaDatabaseHistoryTest.shouldIgnoreUnparseableMessages(KafkaDatabaseHistoryTest.java:232)
	at sun.reflect.NativeMethodAccessorImpl.invoke0(Native Method)
	at sun.reflect.NativeMethodAccessorImpl.invoke(NativeMethodAccessorImpl.java:62)
	at sun.reflect.DelegatingMethodAccessorImpl.invoke(DelegatingMethodAccessorImpl.java:43)
	at java.lang.reflect.Method.invoke(Method.java:498)
	at org.junit.runners.model.FrameworkMethod$1.runReflectiveCall(FrameworkMethod.java:50)
	at org.junit.internal.runners.model.ReflectiveCallable.run(ReflectiveCallable.java:12)
	at org.junit.runners.model.FrameworkMethod.invokeExplosively(FrameworkMethod.java:47)
	at org.junit.internal.runners.statements.InvokeMethod.evaluate(InvokeMethod.java:17)
	at org.junit.internal.runners.statements.RunBefores.evaluate(RunBefores.java:26)
	at org.junit.internal.runners.statements.RunAfters.evaluate(RunAfters.java:27)
	at org.junit.runners.ParentRunner.runLeaf(ParentRunner.java:325)
	at org.junit.runners.BlockJUnit4ClassRunner.runChild(BlockJUnit4ClassRunner.java:78)
	at org.junit.runners.BlockJUnit4ClassRunner.runChild(BlockJUnit4ClassRunner.java:57)
	at org.junit.runners.ParentRunner$3.run(ParentRunner.java:290)
	at org.junit.runners.ParentRunner$1.schedule(ParentRunner.java:71)
	at org.junit.runners.ParentRunner.runChildren(ParentRunner.java:288)
	at org.junit.runners.ParentRunner.access$000(ParentRunner.java:58)
	at org.junit.runners.ParentRunner$2.evaluate(ParentRunner.java:268)
	at org.junit.runners.ParentRunner.run(ParentRunner.java:363)
	at org.apache.maven.surefire.junit4.JUnit4Provider.execute(JUnit4Provider.java:283)
	at org.apache.maven.surefire.junit4.JUnit4Provider.executeWithRerun(JUnit4Provider.java:173)
	at org.apache.maven.surefire.junit4.JUnit4Provider.executeTestSet(JUnit4Provider.java:153)
	at org.apache.maven.surefire.junit4.JUnit4Provider.invoke(JUnit4Provider.java:128)
	at org.apache.maven.surefire.booter.ForkedBooter.invokeProviderInSameClassLoader(ForkedBooter.java:203)
	at org.apache.maven.surefire.booter.ForkedBooter.runSuitesInProcess(ForkedBooter.java:155)
	at org.apache.maven.surefire.booter.ForkedBooter.main(ForkedBooter.java:103)
2022-07-25 19:27:47,380 ERROR DBZ Error while deserializing history record 'ConsumerRecord(topic = schema-changes-topic, partition = 0, offset = 5, CreateTime = 1658802467191, serialized key size = -1, serialized value size = 133, headers = RecordHeaders(headers = [], isReadOnly = false), key = null, value = "source":{"server":"my-server"},"position":{"filename":"my-txn-file.log","position":39},"databaseName":"db1","ddl":"DROP TABLE foo;"})' (io.debezium.relational.history.KafkaDatabaseHistory)
java.io.IOException: Expected data to start with an Object, but was VALUE_STRING
	at io.debezium.document.JacksonReader.parseDocument(JacksonReader.java:116)
	at io.debezium.document.JacksonReader.parse(JacksonReader.java:102)
	at io.debezium.document.JacksonReader.read(JacksonReader.java:57)
	at io.debezium.relational.history.KafkaDatabaseHistory.recoverRecords(KafkaDatabaseHistory.java:231)
	at io.debezium.relational.history.AbstractDatabaseHistory.recover(AbstractDatabaseHistory.java:73)
	at io.debezium.relational.history.KafkaDatabaseHistoryTest.testHistoryTopicContent(KafkaDatabaseHistoryTest.java:125)
	at io.debezium.relational.history.KafkaDatabaseHistoryTest.shouldIgnoreUnparseableMessages(KafkaDatabaseHistoryTest.java:232)
	at sun.reflect.NativeMethodAccessorImpl.invoke0(Native Method)
	at sun.reflect.NativeMethodAccessorImpl.invoke(NativeMethodAccessorImpl.java:62)
	at sun.reflect.DelegatingMethodAccessorImpl.invoke(DelegatingMethodAccessorImpl.java:43)
	at java.lang.reflect.Method.invoke(Method.java:498)
	at org.junit.runners.model.FrameworkMethod$1.runReflectiveCall(FrameworkMethod.java:50)
	at org.junit.internal.runners.model.ReflectiveCallable.run(ReflectiveCallable.java:12)
	at org.junit.runners.model.FrameworkMethod.invokeExplosively(FrameworkMethod.java:47)
	at org.junit.internal.runners.statements.InvokeMethod.evaluate(InvokeMethod.java:17)
	at org.junit.internal.runners.statements.RunBefores.evaluate(RunBefores.java:26)
	at org.junit.internal.runners.statements.RunAfters.evaluate(RunAfters.java:27)
	at org.junit.runners.ParentRunner.runLeaf(ParentRunner.java:325)
	at org.junit.runners.BlockJUnit4ClassRunner.runChild(BlockJUnit4ClassRunner.java:78)
	at org.junit.runners.BlockJUnit4ClassRunner.runChild(BlockJUnit4ClassRunner.java:57)
	at org.junit.runners.ParentRunner$3.run(ParentRunner.java:290)
	at org.junit.runners.ParentRunner$1.schedule(ParentRunner.java:71)
	at org.junit.runners.ParentRunner.runChildren(ParentRunner.java:288)
	at org.junit.runners.ParentRunner.access$000(ParentRunner.java:58)
	at org.junit.runners.ParentRunner$2.evaluate(ParentRunner.java:268)
	at org.junit.runners.ParentRunner.run(ParentRunner.java:363)
	at org.apache.maven.surefire.junit4.JUnit4Provider.execute(JUnit4Provider.java:283)
	at org.apache.maven.surefire.junit4.JUnit4Provider.executeWithRerun(JUnit4Provider.java:173)
	at org.apache.maven.surefire.junit4.JUnit4Provider.executeTestSet(JUnit4Provider.java:153)
	at org.apache.maven.surefire.junit4.JUnit4Provider.invoke(JUnit4Provider.java:128)
	at org.apache.maven.surefire.booter.ForkedBooter.invokeProviderInSameClassLoader(ForkedBooter.java:203)
	at org.apache.maven.surefire.booter.ForkedBooter.runSuitesInProcess(ForkedBooter.java:155)
	at org.apache.maven.surefire.booter.ForkedBooter.main(ForkedBooter.java:103)
2022-07-25 19:27:47,404 INFO  DBZ KafkaDatabaseHistory Consumer config: {enable.auto.commit=false, value.deserializer=org.apache.kafka.common.serialization.StringDeserializer, group.id=my-db-history, auto.offset.reset=earliest, session.timeout.ms=50000, bootstrap.servers=localhost:35341, max.poll.interval.ms=100, client.id=my-db-history, key.deserializer=org.apache.kafka.common.serialization.StringDeserializer, fetch.min.bytes=1} (io.debezium.relational.history.KafkaDatabaseHistory)
2022-07-25 19:27:47,404 INFO  DBZ KafkaDatabaseHistory Producer config: {bootstrap.servers=localhost:35341, value.serializer=org.apache.kafka.common.serialization.StringSerializer, buffer.memory=1048576, retries=1, key.serializer=org.apache.kafka.common.serialization.StringSerializer, client.id=my-db-history, linger.ms=0, batch.size=32768, max.block.ms=10000, acks=1} (io.debezium.relational.history.KafkaDatabaseHistory)
2022-07-25 19:27:47,424 WARN  DBZ Skipping null database history record. This is often not an issue, but if it happens repeatedly please check the 'schema-changes-topic' topic. (io.debezium.relational.history.KafkaDatabaseHistory)
2022-07-25 19:27:47,424 ERROR DBZ Error while deserializing history record 'ConsumerRecord(topic = schema-changes-topic, partition = 0, offset = 1, CreateTime = 1658802467182, serialized key size = -1, serialized value size = 0, headers = RecordHeaders(headers = [], isReadOnly = false), key = null, value = )' (io.debezium.relational.history.KafkaDatabaseHistory)
java.io.IOException: Expected data to start with an Object, but was null
	at io.debezium.document.JacksonReader.parseDocument(JacksonReader.java:116)
	at io.debezium.document.JacksonReader.parse(JacksonReader.java:102)
	at io.debezium.document.JacksonReader.read(JacksonReader.java:57)
	at io.debezium.relational.history.KafkaDatabaseHistory.recoverRecords(KafkaDatabaseHistory.java:231)
	at io.debezium.relational.history.AbstractDatabaseHistory.recover(AbstractDatabaseHistory.java:73)
	at io.debezium.relational.history.KafkaDatabaseHistoryTest.testHistoryTopicContent(KafkaDatabaseHistoryTest.java:170)
	at io.debezium.relational.history.KafkaDatabaseHistoryTest.shouldIgnoreUnparseableMessages(KafkaDatabaseHistoryTest.java:232)
	at sun.reflect.NativeMethodAccessorImpl.invoke0(Native Method)
	at sun.reflect.NativeMethodAccessorImpl.invoke(NativeMethodAccessorImpl.java:62)
	at sun.reflect.DelegatingMethodAccessorImpl.invoke(DelegatingMethodAccessorImpl.java:43)
	at java.lang.reflect.Method.invoke(Method.java:498)
	at org.junit.runners.model.FrameworkMethod$1.runReflectiveCall(FrameworkMethod.java:50)
	at org.junit.internal.runners.model.ReflectiveCallable.run(ReflectiveCallable.java:12)
	at org.junit.runners.model.FrameworkMethod.invokeExplosively(FrameworkMethod.java:47)
	at org.junit.internal.runners.statements.InvokeMethod.evaluate(InvokeMethod.java:17)
	at org.junit.internal.runners.statements.RunBefores.evaluate(RunBefores.java:26)
	at org.junit.internal.runners.statements.RunAfters.evaluate(RunAfters.java:27)
	at org.junit.runners.ParentRunner.runLeaf(ParentRunner.java:325)
	at org.junit.runners.BlockJUnit4ClassRunner.runChild(BlockJUnit4ClassRunner.java:78)
	at org.junit.runners.BlockJUnit4ClassRunner.runChild(BlockJUnit4ClassRunner.java:57)
	at org.junit.runners.ParentRunner$3.run(ParentRunner.java:290)
	at org.junit.runners.ParentRunner$1.schedule(ParentRunner.java:71)
	at org.junit.runners.ParentRunner.runChildren(ParentRunner.java:288)
	at org.junit.runners.ParentRunner.access$000(ParentRunner.java:58)
	at org.junit.runners.ParentRunner$2.evaluate(ParentRunner.java:268)
	at org.junit.runners.ParentRunner.run(ParentRunner.java:363)
	at org.apache.maven.surefire.junit4.JUnit4Provider.execute(JUnit4Provider.java:283)
	at org.apache.maven.surefire.junit4.JUnit4Provider.executeWithRerun(JUnit4Provider.java:173)
	at org.apache.maven.surefire.junit4.JUnit4Provider.executeTestSet(JUnit4Provider.java:153)
	at org.apache.maven.surefire.junit4.JUnit4Provider.invoke(JUnit4Provider.java:128)
	at org.apache.maven.surefire.booter.ForkedBooter.invokeProviderInSameClassLoader(ForkedBooter.java:203)
	at org.apache.maven.surefire.booter.ForkedBooter.runSuitesInProcess(ForkedBooter.java:155)
	at org.apache.maven.surefire.booter.ForkedBooter.main(ForkedBooter.java:103)
2022-07-25 19:27:47,425 WARN  DBZ Skipping invalid database history record '{
  "position" : {
    "filename" : "my-txn-file.log",
    "position" : 39
  },
  "databaseName" : "db1",
  "ddl" : "DROP TABLE foo;"
}'. This is often not an issue, but if it happens repeatedly please check the 'schema-changes-topic' topic. (io.debezium.relational.history.KafkaDatabaseHistory)
2022-07-25 19:27:47,425 WARN  DBZ Skipping invalid database history record '{
  "source" : {
    "server" : "my-server"
  },
  "databaseName" : "db1",
  "ddl" : "DROP TABLE foo;"
}'. This is often not an issue, but if it happens repeatedly please check the 'schema-changes-topic' topic. (io.debezium.relational.history.KafkaDatabaseHistory)
2022-07-25 19:27:47,425 ERROR DBZ Error while deserializing history record 'ConsumerRecord(topic = schema-changes-topic, partition = 0, offset = 4, CreateTime = 1658802467189, serialized key size = -1, serialized value size = 133, headers = RecordHeaders(headers = [], isReadOnly = false), key = null, value = {"source":{"server":"my-server"},"position":{"filename":"my-txn-file.log","position":39},"databaseName":"db1","ddl":"DROP TABLE foo;")' (io.debezium.relational.history.KafkaDatabaseHistory)
com.fasterxml.jackson.core.io.JsonEOFException: Unexpected end-of-input: expected close marker for Object (start marker at [Source: (String)"{"source":{"server":"my-server"},"position":{"filename":"my-txn-file.log","position":39},"databaseName":"db1","ddl":"DROP TABLE foo;""; line: 1, column: 1])
 at [Source: (String)"{"source":{"server":"my-server"},"position":{"filename":"my-txn-file.log","position":39},"databaseName":"db1","ddl":"DROP TABLE foo;""; line: 1, column: 267]
	at com.fasterxml.jackson.core.base.ParserMinimalBase._reportInvalidEOF(ParserMinimalBase.java:594)
	at com.fasterxml.jackson.core.base.ParserBase._handleEOF(ParserBase.java:485)
	at com.fasterxml.jackson.core.base.ParserBase._eofAsNextChar(ParserBase.java:497)
	at com.fasterxml.jackson.core.json.ReaderBasedJsonParser._skipWSOrEnd(ReaderBasedJsonParser.java:2332)
	at com.fasterxml.jackson.core.json.ReaderBasedJsonParser.nextToken(ReaderBasedJsonParser.java:646)
	at io.debezium.document.JacksonReader.parseDocument(JacksonReader.java:192)
	at io.debezium.document.JacksonReader.parse(JacksonReader.java:102)
	at io.debezium.document.JacksonReader.read(JacksonReader.java:57)
	at io.debezium.relational.history.KafkaDatabaseHistory.recoverRecords(KafkaDatabaseHistory.java:231)
	at io.debezium.relational.history.AbstractDatabaseHistory.recover(AbstractDatabaseHistory.java:73)
	at io.debezium.relational.history.KafkaDatabaseHistoryTest.testHistoryTopicContent(KafkaDatabaseHistoryTest.java:170)
	at io.debezium.relational.history.KafkaDatabaseHistoryTest.shouldIgnoreUnparseableMessages(KafkaDatabaseHistoryTest.java:232)
	at sun.reflect.NativeMethodAccessorImpl.invoke0(Native Method)
	at sun.reflect.NativeMethodAccessorImpl.invoke(NativeMethodAccessorImpl.java:62)
	at sun.reflect.DelegatingMethodAccessorImpl.invoke(DelegatingMethodAccessorImpl.java:43)
	at java.lang.reflect.Method.invoke(Method.java:498)
	at org.junit.runners.model.FrameworkMethod$1.runReflectiveCall(FrameworkMethod.java:50)
	at org.junit.internal.runners.model.ReflectiveCallable.run(ReflectiveCallable.java:12)
	at org.junit.runners.model.FrameworkMethod.invokeExplosively(FrameworkMethod.java:47)
	at org.junit.internal.runners.statements.InvokeMethod.evaluate(InvokeMethod.java:17)
	at org.junit.internal.runners.statements.RunBefores.evaluate(RunBefores.java:26)
	at org.junit.internal.runners.statements.RunAfters.evaluate(RunAfters.java:27)
	at org.junit.runners.ParentRunner.runLeaf(ParentRunner.java:325)
	at org.junit.runners.BlockJUnit4ClassRunner.runChild(BlockJUnit4ClassRunner.java:78)
	at org.junit.runners.BlockJUnit4ClassRunner.runChild(BlockJUnit4ClassRunner.java:57)
	at org.junit.runners.ParentRunner$3.run(ParentRunner.java:290)
	at org.junit.runners.ParentRunner$1.schedule(ParentRunner.java:71)
	at org.junit.runners.ParentRunner.runChildren(ParentRunner.java:288)
	at org.junit.runners.ParentRunner.access$000(ParentRunner.java:58)
	at org.junit.runners.ParentRunner$2.evaluate(ParentRunner.java:268)
	at org.junit.runners.ParentRunner.run(ParentRunner.java:363)
	at org.apache.maven.surefire.junit4.JUnit4Provider.execute(JUnit4Provider.java:283)
	at org.apache.maven.surefire.junit4.JUnit4Provider.executeWithRerun(JUnit4Provider.java:173)
	at org.apache.maven.surefire.junit4.JUnit4Provider.executeTestSet(JUnit4Provider.java:153)
	at org.apache.maven.surefire.junit4.JUnit4Provider.invoke(JUnit4Provider.java:128)
	at org.apache.maven.surefire.booter.ForkedBooter.invokeProviderInSameClassLoader(ForkedBooter.java:203)
	at org.apache.maven.surefire.booter.ForkedBooter.runSuitesInProcess(ForkedBooter.java:155)
	at org.apache.maven.surefire.booter.ForkedBooter.main(ForkedBooter.java:103)
2022-07-25 19:27:47,426 ERROR DBZ Error while deserializing history record 'ConsumerRecord(topic = schema-changes-topic, partition = 0, offset = 5, CreateTime = 1658802467191, serialized key size = -1, serialized value size = 133, headers = RecordHeaders(headers = [], isReadOnly = false), key = null, value = "source":{"server":"my-server"},"position":{"filename":"my-txn-file.log","position":39},"databaseName":"db1","ddl":"DROP TABLE foo;"})' (io.debezium.relational.history.KafkaDatabaseHistory)
java.io.IOException: Expected data to start with an Object, but was VALUE_STRING
	at io.debezium.document.JacksonReader.parseDocument(JacksonReader.java:116)
	at io.debezium.document.JacksonReader.parse(JacksonReader.java:102)
	at io.debezium.document.JacksonReader.read(JacksonReader.java:57)
	at io.debezium.relational.history.KafkaDatabaseHistory.recoverRecords(KafkaDatabaseHistory.java:231)
	at io.debezium.relational.history.AbstractDatabaseHistory.recover(AbstractDatabaseHistory.java:73)
	at io.debezium.relational.history.KafkaDatabaseHistoryTest.testHistoryTopicContent(KafkaDatabaseHistoryTest.java:170)
	at io.debezium.relational.history.KafkaDatabaseHistoryTest.shouldIgnoreUnparseableMessages(KafkaDatabaseHistoryTest.java:232)
	at sun.reflect.NativeMethodAccessorImpl.invoke0(Native Method)
	at sun.reflect.NativeMethodAccessorImpl.invoke(NativeMethodAccessorImpl.java:62)
	at sun.reflect.DelegatingMethodAccessorImpl.invoke(DelegatingMethodAccessorImpl.java:43)
	at java.lang.reflect.Method.invoke(Method.java:498)
	at org.junit.runners.model.FrameworkMethod$1.runReflectiveCall(FrameworkMethod.java:50)
	at org.junit.internal.runners.model.ReflectiveCallable.run(ReflectiveCallable.java:12)
	at org.junit.runners.model.FrameworkMethod.invokeExplosively(FrameworkMethod.java:47)
	at org.junit.internal.runners.statements.InvokeMethod.evaluate(InvokeMethod.java:17)
	at org.junit.internal.runners.statements.RunBefores.evaluate(RunBefores.java:26)
	at org.junit.internal.runners.statements.RunAfters.evaluate(RunAfters.java:27)
	at org.junit.runners.ParentRunner.runLeaf(ParentRunner.java:325)
	at org.junit.runners.BlockJUnit4ClassRunner.runChild(BlockJUnit4ClassRunner.java:78)
	at org.junit.runners.BlockJUnit4ClassRunner.runChild(BlockJUnit4ClassRunner.java:57)
	at org.junit.runners.ParentRunner$3.run(ParentRunner.java:290)
	at org.junit.runners.ParentRunner$1.schedule(ParentRunner.java:71)
	at org.junit.runners.ParentRunner.runChildren(ParentRunner.java:288)
	at org.junit.runners.ParentRunner.access$000(ParentRunner.java:58)
	at org.junit.runners.ParentRunner$2.evaluate(ParentRunner.java:268)
	at org.junit.runners.ParentRunner.run(ParentRunner.java:363)
	at org.apache.maven.surefire.junit4.JUnit4Provider.execute(JUnit4Provider.java:283)
	at org.apache.maven.surefire.junit4.JUnit4Provider.executeWithRerun(JUnit4Provider.java:173)
	at org.apache.maven.surefire.junit4.JUnit4Provider.executeTestSet(JUnit4Provider.java:153)
	at org.apache.maven.surefire.junit4.JUnit4Provider.invoke(JUnit4Provider.java:128)
	at org.apache.maven.surefire.booter.ForkedBooter.invokeProviderInSameClassLoader(ForkedBooter.java:203)
	at org.apache.maven.surefire.booter.ForkedBooter.runSuitesInProcess(ForkedBooter.java:155)
	at org.apache.maven.surefire.booter.ForkedBooter.main(ForkedBooter.java:103)
2022-07-25 19:27:47,450 WARN  DBZ Skipping null database history record. This is often not an issue, but if it happens repeatedly please check the 'schema-changes-topic' topic. (io.debezium.relational.history.KafkaDatabaseHistory)
2022-07-25 19:27:47,451 ERROR DBZ Error while deserializing history record 'ConsumerRecord(topic = schema-changes-topic, partition = 0, offset = 1, CreateTime = 1658802467182, serialized key size = -1, serialized value size = 0, headers = RecordHeaders(headers = [], isReadOnly = false), key = null, value = )' (io.debezium.relational.history.KafkaDatabaseHistory)
java.io.IOException: Expected data to start with an Object, but was null
	at io.debezium.document.JacksonReader.parseDocument(JacksonReader.java:116)
	at io.debezium.document.JacksonReader.parse(JacksonReader.java:102)
	at io.debezium.document.JacksonReader.read(JacksonReader.java:57)
	at io.debezium.relational.history.KafkaDatabaseHistory.recoverRecords(KafkaDatabaseHistory.java:231)
	at io.debezium.relational.history.AbstractDatabaseHistory.recover(AbstractDatabaseHistory.java:73)
	at io.debezium.relational.history.KafkaDatabaseHistoryTest.testHistoryTopicContent(KafkaDatabaseHistoryTest.java:176)
	at io.debezium.relational.history.KafkaDatabaseHistoryTest.shouldIgnoreUnparseableMessages(KafkaDatabaseHistoryTest.java:232)
	at sun.reflect.NativeMethodAccessorImpl.invoke0(Native Method)
	at sun.reflect.NativeMethodAccessorImpl.invoke(NativeMethodAccessorImpl.java:62)
	at sun.reflect.DelegatingMethodAccessorImpl.invoke(DelegatingMethodAccessorImpl.java:43)
	at java.lang.reflect.Method.invoke(Method.java:498)
	at org.junit.runners.model.FrameworkMethod$1.runReflectiveCall(FrameworkMethod.java:50)
	at org.junit.internal.runners.model.ReflectiveCallable.run(ReflectiveCallable.java:12)
	at org.junit.runners.model.FrameworkMethod.invokeExplosively(FrameworkMethod.java:47)
	at org.junit.internal.runners.statements.InvokeMethod.evaluate(InvokeMethod.java:17)
	at org.junit.internal.runners.statements.RunBefores.evaluate(RunBefores.java:26)
	at org.junit.internal.runners.statements.RunAfters.evaluate(RunAfters.java:27)
	at org.junit.runners.ParentRunner.runLeaf(ParentRunner.java:325)
	at org.junit.runners.BlockJUnit4ClassRunner.runChild(BlockJUnit4ClassRunner.java:78)
	at org.junit.runners.BlockJUnit4ClassRunner.runChild(BlockJUnit4ClassRunner.java:57)
	at org.junit.runners.ParentRunner$3.run(ParentRunner.java:290)
	at org.junit.runners.ParentRunner$1.schedule(ParentRunner.java:71)
	at org.junit.runners.ParentRunner.runChildren(ParentRunner.java:288)
	at org.junit.runners.ParentRunner.access$000(ParentRunner.java:58)
	at org.junit.runners.ParentRunner$2.evaluate(ParentRunner.java:268)
	at org.junit.runners.ParentRunner.run(ParentRunner.java:363)
	at org.apache.maven.surefire.junit4.JUnit4Provider.execute(JUnit4Provider.java:283)
	at org.apache.maven.surefire.junit4.JUnit4Provider.executeWithRerun(JUnit4Provider.java:173)
	at org.apache.maven.surefire.junit4.JUnit4Provider.executeTestSet(JUnit4Provider.java:153)
	at org.apache.maven.surefire.junit4.JUnit4Provider.invoke(JUnit4Provider.java:128)
	at org.apache.maven.surefire.booter.ForkedBooter.invokeProviderInSameClassLoader(ForkedBooter.java:203)
	at org.apache.maven.surefire.booter.ForkedBooter.runSuitesInProcess(ForkedBooter.java:155)
	at org.apache.maven.surefire.booter.ForkedBooter.main(ForkedBooter.java:103)
2022-07-25 19:27:47,452 WARN  DBZ Skipping invalid database history record '{
  "position" : {
    "filename" : "my-txn-file.log",
    "position" : 39
  },
  "databaseName" : "db1",
  "ddl" : "DROP TABLE foo;"
}'. This is often not an issue, but if it happens repeatedly please check the 'schema-changes-topic' topic. (io.debezium.relational.history.KafkaDatabaseHistory)
2022-07-25 19:27:47,452 WARN  DBZ Skipping invalid database history record '{
  "source" : {
    "server" : "my-server"
  },
  "databaseName" : "db1",
  "ddl" : "DROP TABLE foo;"
}'. This is often not an issue, but if it happens repeatedly please check the 'schema-changes-topic' topic. (io.debezium.relational.history.KafkaDatabaseHistory)
2022-07-25 19:27:47,452 ERROR DBZ Error while deserializing history record 'ConsumerRecord(topic = schema-changes-topic, partition = 0, offset = 4, CreateTime = 1658802467189, serialized key size = -1, serialized value size = 133, headers = RecordHeaders(headers = [], isReadOnly = false), key = null, value = {"source":{"server":"my-server"},"position":{"filename":"my-txn-file.log","position":39},"databaseName":"db1","ddl":"DROP TABLE foo;")' (io.debezium.relational.history.KafkaDatabaseHistory)
com.fasterxml.jackson.core.io.JsonEOFException: Unexpected end-of-input: expected close marker for Object (start marker at [Source: (String)"{"source":{"server":"my-server"},"position":{"filename":"my-txn-file.log","position":39},"databaseName":"db1","ddl":"DROP TABLE foo;""; line: 1, column: 1])
 at [Source: (String)"{"source":{"server":"my-server"},"position":{"filename":"my-txn-file.log","position":39},"databaseName":"db1","ddl":"DROP TABLE foo;""; line: 1, column: 267]
	at com.fasterxml.jackson.core.base.ParserMinimalBase._reportInvalidEOF(ParserMinimalBase.java:594)
	at com.fasterxml.jackson.core.base.ParserBase._handleEOF(ParserBase.java:485)
	at com.fasterxml.jackson.core.base.ParserBase._eofAsNextChar(ParserBase.java:497)
	at com.fasterxml.jackson.core.json.ReaderBasedJsonParser._skipWSOrEnd(ReaderBasedJsonParser.java:2332)
	at com.fasterxml.jackson.core.json.ReaderBasedJsonParser.nextToken(ReaderBasedJsonParser.java:646)
	at io.debezium.document.JacksonReader.parseDocument(JacksonReader.java:192)
	at io.debezium.document.JacksonReader.parse(JacksonReader.java:102)
	at io.debezium.document.JacksonReader.read(JacksonReader.java:57)
	at io.debezium.relational.history.KafkaDatabaseHistory.recoverRecords(KafkaDatabaseHistory.java:231)
	at io.debezium.relational.history.AbstractDatabaseHistory.recover(AbstractDatabaseHistory.java:73)
	at io.debezium.relational.history.KafkaDatabaseHistoryTest.testHistoryTopicContent(KafkaDatabaseHistoryTest.java:176)
	at io.debezium.relational.history.KafkaDatabaseHistoryTest.shouldIgnoreUnparseableMessages(KafkaDatabaseHistoryTest.java:232)
	at sun.reflect.NativeMethodAccessorImpl.invoke0(Native Method)
	at sun.reflect.NativeMethodAccessorImpl.invoke(NativeMethodAccessorImpl.java:62)
	at sun.reflect.DelegatingMethodAccessorImpl.invoke(DelegatingMethodAccessorImpl.java:43)
	at java.lang.reflect.Method.invoke(Method.java:498)
	at org.junit.runners.model.FrameworkMethod$1.runReflectiveCall(FrameworkMethod.java:50)
	at org.junit.internal.runners.model.ReflectiveCallable.run(ReflectiveCallable.java:12)
	at org.junit.runners.model.FrameworkMethod.invokeExplosively(FrameworkMethod.java:47)
	at org.junit.internal.runners.statements.InvokeMethod.evaluate(InvokeMethod.java:17)
	at org.junit.internal.runners.statements.RunBefores.evaluate(RunBefores.java:26)
	at org.junit.internal.runners.statements.RunAfters.evaluate(RunAfters.java:27)
	at org.junit.runners.ParentRunner.runLeaf(ParentRunner.java:325)
	at org.junit.runners.BlockJUnit4ClassRunner.runChild(BlockJUnit4ClassRunner.java:78)
	at org.junit.runners.BlockJUnit4ClassRunner.runChild(BlockJUnit4ClassRunner.java:57)
	at org.junit.runners.ParentRunner$3.run(ParentRunner.java:290)
	at org.junit.runners.ParentRunner$1.schedule(ParentRunner.java:71)
	at org.junit.runners.ParentRunner.runChildren(ParentRunner.java:288)
	at org.junit.runners.ParentRunner.access$000(ParentRunner.java:58)
	at org.junit.runners.ParentRunner$2.evaluate(ParentRunner.java:268)
	at org.junit.runners.ParentRunner.run(ParentRunner.java:363)
	at org.apache.maven.surefire.junit4.JUnit4Provider.execute(JUnit4Provider.java:283)
	at org.apache.maven.surefire.junit4.JUnit4Provider.executeWithRerun(JUnit4Provider.java:173)
	at org.apache.maven.surefire.junit4.JUnit4Provider.executeTestSet(JUnit4Provider.java:153)
	at org.apache.maven.surefire.junit4.JUnit4Provider.invoke(JUnit4Provider.java:128)
	at org.apache.maven.surefire.booter.ForkedBooter.invokeProviderInSameClassLoader(ForkedBooter.java:203)
	at org.apache.maven.surefire.booter.ForkedBooter.runSuitesInProcess(ForkedBooter.java:155)
	at org.apache.maven.surefire.booter.ForkedBooter.main(ForkedBooter.java:103)
2022-07-25 19:27:47,453 ERROR DBZ Error while deserializing history record 'ConsumerRecord(topic = schema-changes-topic, partition = 0, offset = 5, CreateTime = 1658802467191, serialized key size = -1, serialized value size = 133, headers = RecordHeaders(headers = [], isReadOnly = false), key = null, value = "source":{"server":"my-server"},"position":{"filename":"my-txn-file.log","position":39},"databaseName":"db1","ddl":"DROP TABLE foo;"})' (io.debezium.relational.history.KafkaDatabaseHistory)
java.io.IOException: Expected data to start with an Object, but was VALUE_STRING
	at io.debezium.document.JacksonReader.parseDocument(JacksonReader.java:116)
	at io.debezium.document.JacksonReader.parse(JacksonReader.java:102)
	at io.debezium.document.JacksonReader.read(JacksonReader.java:57)
	at io.debezium.relational.history.KafkaDatabaseHistory.recoverRecords(KafkaDatabaseHistory.java:231)
	at io.debezium.relational.history.AbstractDatabaseHistory.recover(AbstractDatabaseHistory.java:73)
	at io.debezium.relational.history.KafkaDatabaseHistoryTest.testHistoryTopicContent(KafkaDatabaseHistoryTest.java:176)
	at io.debezium.relational.history.KafkaDatabaseHistoryTest.shouldIgnoreUnparseableMessages(KafkaDatabaseHistoryTest.java:232)
	at sun.reflect.NativeMethodAccessorImpl.invoke0(Native Method)
	at sun.reflect.NativeMethodAccessorImpl.invoke(NativeMethodAccessorImpl.java:62)
	at sun.reflect.DelegatingMethodAccessorImpl.invoke(DelegatingMethodAccessorImpl.java:43)
	at java.lang.reflect.Method.invoke(Method.java:498)
	at org.junit.runners.model.FrameworkMethod$1.runReflectiveCall(FrameworkMethod.java:50)
	at org.junit.internal.runners.model.ReflectiveCallable.run(ReflectiveCallable.java:12)
	at org.junit.runners.model.FrameworkMethod.invokeExplosively(FrameworkMethod.java:47)
	at org.junit.internal.runners.statements.InvokeMethod.evaluate(InvokeMethod.java:17)
	at org.junit.internal.runners.statements.RunBefores.evaluate(RunBefores.java:26)
	at org.junit.internal.runners.statements.RunAfters.evaluate(RunAfters.java:27)
	at org.junit.runners.ParentRunner.runLeaf(ParentRunner.java:325)
	at org.junit.runners.BlockJUnit4ClassRunner.runChild(BlockJUnit4ClassRunner.java:78)
	at org.junit.runners.BlockJUnit4ClassRunner.runChild(BlockJUnit4ClassRunner.java:57)
	at org.junit.runners.ParentRunner$3.run(ParentRunner.java:290)
	at org.junit.runners.ParentRunner$1.schedule(ParentRunner.java:71)
	at org.junit.runners.ParentRunner.runChildren(ParentRunner.java:288)
	at org.junit.runners.ParentRunner.access$000(ParentRunner.java:58)
	at org.junit.runners.ParentRunner$2.evaluate(ParentRunner.java:268)
	at org.junit.runners.ParentRunner.run(ParentRunner.java:363)
	at org.apache.maven.surefire.junit4.JUnit4Provider.execute(JUnit4Provider.java:283)
	at org.apache.maven.surefire.junit4.JUnit4Provider.executeWithRerun(JUnit4Provider.java:173)
	at org.apache.maven.surefire.junit4.JUnit4Provider.executeTestSet(JUnit4Provider.java:153)
	at org.apache.maven.surefire.junit4.JUnit4Provider.invoke(JUnit4Provider.java:128)
	at org.apache.maven.surefire.booter.ForkedBooter.invokeProviderInSameClassLoader(ForkedBooter.java:203)
	at org.apache.maven.surefire.booter.ForkedBooter.runSuitesInProcess(ForkedBooter.java:155)
	at org.apache.maven.surefire.booter.ForkedBooter.main(ForkedBooter.java:103)
2022-07-25 19:27:47,454 WARN  DBZ Ignoring unparseable statements 'xxxDROP TABLE foo;' stored in database history: {} (io.debezium.relational.history.KafkaDatabaseHistory)
io.debezium.text.ParsingException: Failed to parse statement 'xxxDROP TABLE foo;'
	at io.debezium.relational.ddl.LegacyDdlParser.parse(LegacyDdlParser.java:225)
	at io.debezium.relational.ddl.LegacyDdlParser.parse(LegacyDdlParser.java:200)
	at io.debezium.relational.history.AbstractDatabaseHistory.lambda$recover$1(AbstractDatabaseHistory.java:104)
	at io.debezium.relational.history.KafkaDatabaseHistory.recoverRecords(KafkaDatabaseHistory.java:238)
	at io.debezium.relational.history.AbstractDatabaseHistory.recover(AbstractDatabaseHistory.java:73)
	at io.debezium.relational.history.KafkaDatabaseHistoryTest.testHistoryTopicContent(KafkaDatabaseHistoryTest.java:176)
	at io.debezium.relational.history.KafkaDatabaseHistoryTest.shouldIgnoreUnparseableMessages(KafkaDatabaseHistoryTest.java:232)
	at sun.reflect.NativeMethodAccessorImpl.invoke0(Native Method)
	at sun.reflect.NativeMethodAccessorImpl.invoke(NativeMethodAccessorImpl.java:62)
	at sun.reflect.DelegatingMethodAccessorImpl.invoke(DelegatingMethodAccessorImpl.java:43)
	at java.lang.reflect.Method.invoke(Method.java:498)
	at org.junit.runners.model.FrameworkMethod$1.runReflectiveCall(FrameworkMethod.java:50)
	at org.junit.internal.runners.model.ReflectiveCallable.run(ReflectiveCallable.java:12)
	at org.junit.runners.model.FrameworkMethod.invokeExplosively(FrameworkMethod.java:47)
	at org.junit.internal.runners.statements.InvokeMethod.evaluate(InvokeMethod.java:17)
	at org.junit.internal.runners.statements.RunBefores.evaluate(RunBefores.java:26)
	at org.junit.internal.runners.statements.RunAfters.evaluate(RunAfters.java:27)
	at org.junit.runners.ParentRunner.runLeaf(ParentRunner.java:325)
	at org.junit.runners.BlockJUnit4ClassRunner.runChild(BlockJUnit4ClassRunner.java:78)
	at org.junit.runners.BlockJUnit4ClassRunner.runChild(BlockJUnit4ClassRunner.java:57)
	at org.junit.runners.ParentRunner$3.run(ParentRunner.java:290)
	at org.junit.runners.ParentRunner$1.schedule(ParentRunner.java:71)
	at org.junit.runners.ParentRunner.runChildren(ParentRunner.java:288)
	at org.junit.runners.ParentRunner.access$000(ParentRunner.java:58)
	at org.junit.runners.ParentRunner$2.evaluate(ParentRunner.java:268)
	at org.junit.runners.ParentRunner.run(ParentRunner.java:363)
	at org.apache.maven.surefire.junit4.JUnit4Provider.execute(JUnit4Provider.java:283)
	at org.apache.maven.surefire.junit4.JUnit4Provider.executeWithRerun(JUnit4Provider.java:173)
	at org.apache.maven.surefire.junit4.JUnit4Provider.executeTestSet(JUnit4Provider.java:153)
	at org.apache.maven.surefire.junit4.JUnit4Provider.invoke(JUnit4Provider.java:128)
	at org.apache.maven.surefire.booter.ForkedBooter.invokeProviderInSameClassLoader(ForkedBooter.java:203)
	at org.apache.maven.surefire.booter.ForkedBooter.runSuitesInProcess(ForkedBooter.java:155)
	at org.apache.maven.surefire.booter.ForkedBooter.main(ForkedBooter.java:103)
Caused by: io.debezium.text.ParsingException: Expecting token type 128 at line 1, column 1 but found 'xxxDROP':  ===>> xxxDROP TABLE foo;
	at io.debezium.text.TokenStream.consume(TokenStream.java:750)
	at io.debezium.relational.ddl.LegacyDdlParser.consumeStatement(LegacyDdlParser.java:462)
	at io.debezium.relational.ddl.LegacyDdlParser.parseUnknownStatement(LegacyDdlParser.java:309)
	at io.debezium.relational.ddl.DdlParserSql2003.parseNextStatement(DdlParserSql2003.java:120)
	at io.debezium.relational.ddl.LegacyDdlParser.parse(LegacyDdlParser.java:219)
	... 32 more
2022-07-25 19:27:47,477 WARN  DBZ Skipping null database history record. This is often not an issue, but if it happens repeatedly please check the 'schema-changes-topic' topic. (io.debezium.relational.history.KafkaDatabaseHistory)
2022-07-25 19:27:47,477 ERROR DBZ Error while deserializing history record 'ConsumerRecord(topic = schema-changes-topic, partition = 0, offset = 1, CreateTime = 1658802467182, serialized key size = -1, serialized value size = 0, headers = RecordHeaders(headers = [], isReadOnly = false), key = null, value = )' (io.debezium.relational.history.KafkaDatabaseHistory)
java.io.IOException: Expected data to start with an Object, but was null
	at io.debezium.document.JacksonReader.parseDocument(JacksonReader.java:116)
	at io.debezium.document.JacksonReader.parse(JacksonReader.java:102)
	at io.debezium.document.JacksonReader.read(JacksonReader.java:57)
	at io.debezium.relational.history.KafkaDatabaseHistory.recoverRecords(KafkaDatabaseHistory.java:231)
	at io.debezium.relational.history.AbstractDatabaseHistory.recover(AbstractDatabaseHistory.java:73)
	at io.debezium.relational.history.KafkaDatabaseHistoryTest.testHistoryTopicContent(KafkaDatabaseHistoryTest.java:182)
	at io.debezium.relational.history.KafkaDatabaseHistoryTest.shouldIgnoreUnparseableMessages(KafkaDatabaseHistoryTest.java:232)
	at sun.reflect.NativeMethodAccessorImpl.invoke0(Native Method)
	at sun.reflect.NativeMethodAccessorImpl.invoke(NativeMethodAccessorImpl.java:62)
	at sun.reflect.DelegatingMethodAccessorImpl.invoke(DelegatingMethodAccessorImpl.java:43)
	at java.lang.reflect.Method.invoke(Method.java:498)
	at org.junit.runners.model.FrameworkMethod$1.runReflectiveCall(FrameworkMethod.java:50)
	at org.junit.internal.runners.model.ReflectiveCallable.run(ReflectiveCallable.java:12)
	at org.junit.runners.model.FrameworkMethod.invokeExplosively(FrameworkMethod.java:47)
	at org.junit.internal.runners.statements.InvokeMethod.evaluate(InvokeMethod.java:17)
	at org.junit.internal.runners.statements.RunBefores.evaluate(RunBefores.java:26)
	at org.junit.internal.runners.statements.RunAfters.evaluate(RunAfters.java:27)
	at org.junit.runners.ParentRunner.runLeaf(ParentRunner.java:325)
	at org.junit.runners.BlockJUnit4ClassRunner.runChild(BlockJUnit4ClassRunner.java:78)
	at org.junit.runners.BlockJUnit4ClassRunner.runChild(BlockJUnit4ClassRunner.java:57)
	at org.junit.runners.ParentRunner$3.run(ParentRunner.java:290)
	at org.junit.runners.ParentRunner$1.schedule(ParentRunner.java:71)
	at org.junit.runners.ParentRunner.runChildren(ParentRunner.java:288)
	at org.junit.runners.ParentRunner.access$000(ParentRunner.java:58)
	at org.junit.runners.ParentRunner$2.evaluate(ParentRunner.java:268)
	at org.junit.runners.ParentRunner.run(ParentRunner.java:363)
	at org.apache.maven.surefire.junit4.JUnit4Provider.execute(JUnit4Provider.java:283)
	at org.apache.maven.surefire.junit4.JUnit4Provider.executeWithRerun(JUnit4Provider.java:173)
	at org.apache.maven.surefire.junit4.JUnit4Provider.executeTestSet(JUnit4Provider.java:153)
	at org.apache.maven.surefire.junit4.JUnit4Provider.invoke(JUnit4Provider.java:128)
	at org.apache.maven.surefire.booter.ForkedBooter.invokeProviderInSameClassLoader(ForkedBooter.java:203)
	at org.apache.maven.surefire.booter.ForkedBooter.runSuitesInProcess(ForkedBooter.java:155)
	at org.apache.maven.surefire.booter.ForkedBooter.main(ForkedBooter.java:103)
2022-07-25 19:27:47,479 WARN  DBZ Skipping invalid database history record '{
  "position" : {
    "filename" : "my-txn-file.log",
    "position" : 39
  },
  "databaseName" : "db1",
  "ddl" : "DROP TABLE foo;"
}'. This is often not an issue, but if it happens repeatedly please check the 'schema-changes-topic' topic. (io.debezium.relational.history.KafkaDatabaseHistory)
2022-07-25 19:27:47,479 WARN  DBZ Skipping invalid database history record '{
  "source" : {
    "server" : "my-server"
  },
  "databaseName" : "db1",
  "ddl" : "DROP TABLE foo;"
}'. This is often not an issue, but if it happens repeatedly please check the 'schema-changes-topic' topic. (io.debezium.relational.history.KafkaDatabaseHistory)
2022-07-25 19:27:47,479 ERROR DBZ Error while deserializing history record 'ConsumerRecord(topic = schema-changes-topic, partition = 0, offset = 4, CreateTime = 1658802467189, serialized key size = -1, serialized value size = 133, headers = RecordHeaders(headers = [], isReadOnly = false), key = null, value = {"source":{"server":"my-server"},"position":{"filename":"my-txn-file.log","position":39},"databaseName":"db1","ddl":"DROP TABLE foo;")' (io.debezium.relational.history.KafkaDatabaseHistory)
com.fasterxml.jackson.core.io.JsonEOFException: Unexpected end-of-input: expected close marker for Object (start marker at [Source: (String)"{"source":{"server":"my-server"},"position":{"filename":"my-txn-file.log","position":39},"databaseName":"db1","ddl":"DROP TABLE foo;""; line: 1, column: 1])
 at [Source: (String)"{"source":{"server":"my-server"},"position":{"filename":"my-txn-file.log","position":39},"databaseName":"db1","ddl":"DROP TABLE foo;""; line: 1, column: 267]
	at com.fasterxml.jackson.core.base.ParserMinimalBase._reportInvalidEOF(ParserMinimalBase.java:594)
	at com.fasterxml.jackson.core.base.ParserBase._handleEOF(ParserBase.java:485)
	at com.fasterxml.jackson.core.base.ParserBase._eofAsNextChar(ParserBase.java:497)
	at com.fasterxml.jackson.core.json.ReaderBasedJsonParser._skipWSOrEnd(ReaderBasedJsonParser.java:2332)
	at com.fasterxml.jackson.core.json.ReaderBasedJsonParser.nextToken(ReaderBasedJsonParser.java:646)
	at io.debezium.document.JacksonReader.parseDocument(JacksonReader.java:192)
	at io.debezium.document.JacksonReader.parse(JacksonReader.java:102)
	at io.debezium.document.JacksonReader.read(JacksonReader.java:57)
	at io.debezium.relational.history.KafkaDatabaseHistory.recoverRecords(KafkaDatabaseHistory.java:231)
	at io.debezium.relational.history.AbstractDatabaseHistory.recover(AbstractDatabaseHistory.java:73)
	at io.debezium.relational.history.KafkaDatabaseHistoryTest.testHistoryTopicContent(KafkaDatabaseHistoryTest.java:182)
	at io.debezium.relational.history.KafkaDatabaseHistoryTest.shouldIgnoreUnparseableMessages(KafkaDatabaseHistoryTest.java:232)
	at sun.reflect.NativeMethodAccessorImpl.invoke0(Native Method)
	at sun.reflect.NativeMethodAccessorImpl.invoke(NativeMethodAccessorImpl.java:62)
	at sun.reflect.DelegatingMethodAccessorImpl.invoke(DelegatingMethodAccessorImpl.java:43)
	at java.lang.reflect.Method.invoke(Method.java:498)
	at org.junit.runners.model.FrameworkMethod$1.runReflectiveCall(FrameworkMethod.java:50)
	at org.junit.internal.runners.model.ReflectiveCallable.run(ReflectiveCallable.java:12)
	at org.junit.runners.model.FrameworkMethod.invokeExplosively(FrameworkMethod.java:47)
	at org.junit.internal.runners.statements.InvokeMethod.evaluate(InvokeMethod.java:17)
	at org.junit.internal.runners.statements.RunBefores.evaluate(RunBefores.java:26)
	at org.junit.internal.runners.statements.RunAfters.evaluate(RunAfters.java:27)
	at org.junit.runners.ParentRunner.runLeaf(ParentRunner.java:325)
	at org.junit.runners.BlockJUnit4ClassRunner.runChild(BlockJUnit4ClassRunner.java:78)
	at org.junit.runners.BlockJUnit4ClassRunner.runChild(BlockJUnit4ClassRunner.java:57)
	at org.junit.runners.ParentRunner$3.run(ParentRunner.java:290)
	at org.junit.runners.ParentRunner$1.schedule(ParentRunner.java:71)
	at org.junit.runners.ParentRunner.runChildren(ParentRunner.java:288)
	at org.junit.runners.ParentRunner.access$000(ParentRunner.java:58)
	at org.junit.runners.ParentRunner$2.evaluate(ParentRunner.java:268)
	at org.junit.runners.ParentRunner.run(ParentRunner.java:363)
	at org.apache.maven.surefire.junit4.JUnit4Provider.execute(JUnit4Provider.java:283)
	at org.apache.maven.surefire.junit4.JUnit4Provider.executeWithRerun(JUnit4Provider.java:173)
	at org.apache.maven.surefire.junit4.JUnit4Provider.executeTestSet(JUnit4Provider.java:153)
	at org.apache.maven.surefire.junit4.JUnit4Provider.invoke(JUnit4Provider.java:128)
	at org.apache.maven.surefire.booter.ForkedBooter.invokeProviderInSameClassLoader(ForkedBooter.java:203)
	at org.apache.maven.surefire.booter.ForkedBooter.runSuitesInProcess(ForkedBooter.java:155)
	at org.apache.maven.surefire.booter.ForkedBooter.main(ForkedBooter.java:103)
2022-07-25 19:27:47,480 ERROR DBZ Error while deserializing history record 'ConsumerRecord(topic = schema-changes-topic, partition = 0, offset = 5, CreateTime = 1658802467191, serialized key size = -1, serialized value size = 133, headers = RecordHeaders(headers = [], isReadOnly = false), key = null, value = "source":{"server":"my-server"},"position":{"filename":"my-txn-file.log","position":39},"databaseName":"db1","ddl":"DROP TABLE foo;"})' (io.debezium.relational.history.KafkaDatabaseHistory)
java.io.IOException: Expected data to start with an Object, but was VALUE_STRING
	at io.debezium.document.JacksonReader.parseDocument(JacksonReader.java:116)
	at io.debezium.document.JacksonReader.parse(JacksonReader.java:102)
	at io.debezium.document.JacksonReader.read(JacksonReader.java:57)
	at io.debezium.relational.history.KafkaDatabaseHistory.recoverRecords(KafkaDatabaseHistory.java:231)
	at io.debezium.relational.history.AbstractDatabaseHistory.recover(AbstractDatabaseHistory.java:73)
	at io.debezium.relational.history.KafkaDatabaseHistoryTest.testHistoryTopicContent(KafkaDatabaseHistoryTest.java:182)
	at io.debezium.relational.history.KafkaDatabaseHistoryTest.shouldIgnoreUnparseableMessages(KafkaDatabaseHistoryTest.java:232)
	at sun.reflect.NativeMethodAccessorImpl.invoke0(Native Method)
	at sun.reflect.NativeMethodAccessorImpl.invoke(NativeMethodAccessorImpl.java:62)
	at sun.reflect.DelegatingMethodAccessorImpl.invoke(DelegatingMethodAccessorImpl.java:43)
	at java.lang.reflect.Method.invoke(Method.java:498)
	at org.junit.runners.model.FrameworkMethod$1.runReflectiveCall(FrameworkMethod.java:50)
	at org.junit.internal.runners.model.ReflectiveCallable.run(ReflectiveCallable.java:12)
	at org.junit.runners.model.FrameworkMethod.invokeExplosively(FrameworkMethod.java:47)
	at org.junit.internal.runners.statements.InvokeMethod.evaluate(InvokeMethod.java:17)
	at org.junit.internal.runners.statements.RunBefores.evaluate(RunBefores.java:26)
	at org.junit.internal.runners.statements.RunAfters.evaluate(RunAfters.java:27)
	at org.junit.runners.ParentRunner.runLeaf(ParentRunner.java:325)
	at org.junit.runners.BlockJUnit4ClassRunner.runChild(BlockJUnit4ClassRunner.java:78)
	at org.junit.runners.BlockJUnit4ClassRunner.runChild(BlockJUnit4ClassRunner.java:57)
	at org.junit.runners.ParentRunner$3.run(ParentRunner.java:290)
	at org.junit.runners.ParentRunner$1.schedule(ParentRunner.java:71)
	at org.junit.runners.ParentRunner.runChildren(ParentRunner.java:288)
	at org.junit.runners.ParentRunner.access$000(ParentRunner.java:58)
	at org.junit.runners.ParentRunner$2.evaluate(ParentRunner.java:268)
	at org.junit.runners.ParentRunner.run(ParentRunner.java:363)
	at org.apache.maven.surefire.junit4.JUnit4Provider.execute(JUnit4Provider.java:283)
	at org.apache.maven.surefire.junit4.JUnit4Provider.executeWithRerun(JUnit4Provider.java:173)
	at org.apache.maven.surefire.junit4.JUnit4Provider.executeTestSet(JUnit4Provider.java:153)
	at org.apache.maven.surefire.junit4.JUnit4Provider.invoke(JUnit4Provider.java:128)
	at org.apache.maven.surefire.booter.ForkedBooter.invokeProviderInSameClassLoader(ForkedBooter.java:203)
	at org.apache.maven.surefire.booter.ForkedBooter.runSuitesInProcess(ForkedBooter.java:155)
	at org.apache.maven.surefire.booter.ForkedBooter.main(ForkedBooter.java:103)
2022-07-25 19:27:47,481 WARN  DBZ Ignoring unparseable statements 'xxxDROP TABLE foo;' stored in database history: {} (io.debezium.relational.history.KafkaDatabaseHistory)
io.debezium.text.ParsingException: Failed to parse statement 'xxxDROP TABLE foo;'
	at io.debezium.relational.ddl.LegacyDdlParser.parse(LegacyDdlParser.java:225)
	at io.debezium.relational.ddl.LegacyDdlParser.parse(LegacyDdlParser.java:200)
	at io.debezium.relational.history.AbstractDatabaseHistory.lambda$recover$1(AbstractDatabaseHistory.java:104)
	at io.debezium.relational.history.KafkaDatabaseHistory.recoverRecords(KafkaDatabaseHistory.java:238)
	at io.debezium.relational.history.AbstractDatabaseHistory.recover(AbstractDatabaseHistory.java:73)
	at io.debezium.relational.history.KafkaDatabaseHistoryTest.testHistoryTopicContent(KafkaDatabaseHistoryTest.java:182)
	at io.debezium.relational.history.KafkaDatabaseHistoryTest.shouldIgnoreUnparseableMessages(KafkaDatabaseHistoryTest.java:232)
	at sun.reflect.NativeMethodAccessorImpl.invoke0(Native Method)
	at sun.reflect.NativeMethodAccessorImpl.invoke(NativeMethodAccessorImpl.java:62)
	at sun.reflect.DelegatingMethodAccessorImpl.invoke(DelegatingMethodAccessorImpl.java:43)
	at java.lang.reflect.Method.invoke(Method.java:498)
	at org.junit.runners.model.FrameworkMethod$1.runReflectiveCall(FrameworkMethod.java:50)
	at org.junit.internal.runners.model.ReflectiveCallable.run(ReflectiveCallable.java:12)
	at org.junit.runners.model.FrameworkMethod.invokeExplosively(FrameworkMethod.java:47)
	at org.junit.internal.runners.statements.InvokeMethod.evaluate(InvokeMethod.java:17)
	at org.junit.internal.runners.statements.RunBefores.evaluate(RunBefores.java:26)
	at org.junit.internal.runners.statements.RunAfters.evaluate(RunAfters.java:27)
	at org.junit.runners.ParentRunner.runLeaf(ParentRunner.java:325)
	at org.junit.runners.BlockJUnit4ClassRunner.runChild(BlockJUnit4ClassRunner.java:78)
	at org.junit.runners.BlockJUnit4ClassRunner.runChild(BlockJUnit4ClassRunner.java:57)
	at org.junit.runners.ParentRunner$3.run(ParentRunner.java:290)
	at org.junit.runners.ParentRunner$1.schedule(ParentRunner.java:71)
	at org.junit.runners.ParentRunner.runChildren(ParentRunner.java:288)
	at org.junit.runners.ParentRunner.access$000(ParentRunner.java:58)
	at org.junit.runners.ParentRunner$2.evaluate(ParentRunner.java:268)
	at org.junit.runners.ParentRunner.run(ParentRunner.java:363)
	at org.apache.maven.surefire.junit4.JUnit4Provider.execute(JUnit4Provider.java:283)
	at org.apache.maven.surefire.junit4.JUnit4Provider.executeWithRerun(JUnit4Provider.java:173)
	at org.apache.maven.surefire.junit4.JUnit4Provider.executeTestSet(JUnit4Provider.java:153)
	at org.apache.maven.surefire.junit4.JUnit4Provider.invoke(JUnit4Provider.java:128)
	at org.apache.maven.surefire.booter.ForkedBooter.invokeProviderInSameClassLoader(ForkedBooter.java:203)
	at org.apache.maven.surefire.booter.ForkedBooter.runSuitesInProcess(ForkedBooter.java:155)
	at org.apache.maven.surefire.booter.ForkedBooter.main(ForkedBooter.java:103)
Caused by: io.debezium.text.ParsingException: Expecting token type 128 at line 1, column 1 but found 'xxxDROP':  ===>> xxxDROP TABLE foo;
	at io.debezium.text.TokenStream.consume(TokenStream.java:750)
	at io.debezium.relational.ddl.LegacyDdlParser.consumeStatement(LegacyDdlParser.java:462)
	at io.debezium.relational.ddl.LegacyDdlParser.parseUnknownStatement(LegacyDdlParser.java:309)
	at io.debezium.relational.ddl.DdlParserSql2003.parseNextStatement(DdlParserSql2003.java:120)
	at io.debezium.relational.ddl.LegacyDdlParser.parse(LegacyDdlParser.java:219)
	... 32 more
2022-07-25 19:27:47,503 WARN  DBZ Skipping null database history record. This is often not an issue, but if it happens repeatedly please check the 'schema-changes-topic' topic. (io.debezium.relational.history.KafkaDatabaseHistory)
2022-07-25 19:27:47,503 ERROR DBZ Error while deserializing history record 'ConsumerRecord(topic = schema-changes-topic, partition = 0, offset = 1, CreateTime = 1658802467182, serialized key size = -1, serialized value size = 0, headers = RecordHeaders(headers = [], isReadOnly = false), key = null, value = )' (io.debezium.relational.history.KafkaDatabaseHistory)
java.io.IOException: Expected data to start with an Object, but was null
	at io.debezium.document.JacksonReader.parseDocument(JacksonReader.java:116)
	at io.debezium.document.JacksonReader.parse(JacksonReader.java:102)
	at io.debezium.document.JacksonReader.read(JacksonReader.java:57)
	at io.debezium.relational.history.KafkaDatabaseHistory.recoverRecords(KafkaDatabaseHistory.java:231)
	at io.debezium.relational.history.AbstractDatabaseHistory.recover(AbstractDatabaseHistory.java:73)
	at io.debezium.relational.history.KafkaDatabaseHistoryTest.testHistoryTopicContent(KafkaDatabaseHistoryTest.java:188)
	at io.debezium.relational.history.KafkaDatabaseHistoryTest.shouldIgnoreUnparseableMessages(KafkaDatabaseHistoryTest.java:232)
	at sun.reflect.NativeMethodAccessorImpl.invoke0(Native Method)
	at sun.reflect.NativeMethodAccessorImpl.invoke(NativeMethodAccessorImpl.java:62)
	at sun.reflect.DelegatingMethodAccessorImpl.invoke(DelegatingMethodAccessorImpl.java:43)
	at java.lang.reflect.Method.invoke(Method.java:498)
	at org.junit.runners.model.FrameworkMethod$1.runReflectiveCall(FrameworkMethod.java:50)
	at org.junit.internal.runners.model.ReflectiveCallable.run(ReflectiveCallable.java:12)
	at org.junit.runners.model.FrameworkMethod.invokeExplosively(FrameworkMethod.java:47)
	at org.junit.internal.runners.statements.InvokeMethod.evaluate(InvokeMethod.java:17)
	at org.junit.internal.runners.statements.RunBefores.evaluate(RunBefores.java:26)
	at org.junit.internal.runners.statements.RunAfters.evaluate(RunAfters.java:27)
	at org.junit.runners.ParentRunner.runLeaf(ParentRunner.java:325)
	at org.junit.runners.BlockJUnit4ClassRunner.runChild(BlockJUnit4ClassRunner.java:78)
	at org.junit.runners.BlockJUnit4ClassRunner.runChild(BlockJUnit4ClassRunner.java:57)
	at org.junit.runners.ParentRunner$3.run(ParentRunner.java:290)
	at org.junit.runners.ParentRunner$1.schedule(ParentRunner.java:71)
	at org.junit.runners.ParentRunner.runChildren(ParentRunner.java:288)
	at org.junit.runners.ParentRunner.access$000(ParentRunner.java:58)
	at org.junit.runners.ParentRunner$2.evaluate(ParentRunner.java:268)
	at org.junit.runners.ParentRunner.run(ParentRunner.java:363)
	at org.apache.maven.surefire.junit4.JUnit4Provider.execute(JUnit4Provider.java:283)
	at org.apache.maven.surefire.junit4.JUnit4Provider.executeWithRerun(JUnit4Provider.java:173)
	at org.apache.maven.surefire.junit4.JUnit4Provider.executeTestSet(JUnit4Provider.java:153)
	at org.apache.maven.surefire.junit4.JUnit4Provider.invoke(JUnit4Provider.java:128)
	at org.apache.maven.surefire.booter.ForkedBooter.invokeProviderInSameClassLoader(ForkedBooter.java:203)
	at org.apache.maven.surefire.booter.ForkedBooter.runSuitesInProcess(ForkedBooter.java:155)
	at org.apache.maven.surefire.booter.ForkedBooter.main(ForkedBooter.java:103)
2022-07-25 19:27:47,504 WARN  DBZ Skipping invalid database history record '{
  "position" : {
    "filename" : "my-txn-file.log",
    "position" : 39
  },
  "databaseName" : "db1",
  "ddl" : "DROP TABLE foo;"
}'. This is often not an issue, but if it happens repeatedly please check the 'schema-changes-topic' topic. (io.debezium.relational.history.KafkaDatabaseHistory)
2022-07-25 19:27:47,504 WARN  DBZ Skipping invalid database history record '{
  "source" : {
    "server" : "my-server"
  },
  "databaseName" : "db1",
  "ddl" : "DROP TABLE foo;"
}'. This is often not an issue, but if it happens repeatedly please check the 'schema-changes-topic' topic. (io.debezium.relational.history.KafkaDatabaseHistory)
2022-07-25 19:27:47,504 ERROR DBZ Error while deserializing history record 'ConsumerRecord(topic = schema-changes-topic, partition = 0, offset = 4, CreateTime = 1658802467189, serialized key size = -1, serialized value size = 133, headers = RecordHeaders(headers = [], isReadOnly = false), key = null, value = {"source":{"server":"my-server"},"position":{"filename":"my-txn-file.log","position":39},"databaseName":"db1","ddl":"DROP TABLE foo;")' (io.debezium.relational.history.KafkaDatabaseHistory)
com.fasterxml.jackson.core.io.JsonEOFException: Unexpected end-of-input: expected close marker for Object (start marker at [Source: (String)"{"source":{"server":"my-server"},"position":{"filename":"my-txn-file.log","position":39},"databaseName":"db1","ddl":"DROP TABLE foo;""; line: 1, column: 1])
 at [Source: (String)"{"source":{"server":"my-server"},"position":{"filename":"my-txn-file.log","position":39},"databaseName":"db1","ddl":"DROP TABLE foo;""; line: 1, column: 267]
	at com.fasterxml.jackson.core.base.ParserMinimalBase._reportInvalidEOF(ParserMinimalBase.java:594)
	at com.fasterxml.jackson.core.base.ParserBase._handleEOF(ParserBase.java:485)
	at com.fasterxml.jackson.core.base.ParserBase._eofAsNextChar(ParserBase.java:497)
	at com.fasterxml.jackson.core.json.ReaderBasedJsonParser._skipWSOrEnd(ReaderBasedJsonParser.java:2332)
	at com.fasterxml.jackson.core.json.ReaderBasedJsonParser.nextToken(ReaderBasedJsonParser.java:646)
	at io.debezium.document.JacksonReader.parseDocument(JacksonReader.java:192)
	at io.debezium.document.JacksonReader.parse(JacksonReader.java:102)
	at io.debezium.document.JacksonReader.read(JacksonReader.java:57)
	at io.debezium.relational.history.KafkaDatabaseHistory.recoverRecords(KafkaDatabaseHistory.java:231)
	at io.debezium.relational.history.AbstractDatabaseHistory.recover(AbstractDatabaseHistory.java:73)
	at io.debezium.relational.history.KafkaDatabaseHistoryTest.testHistoryTopicContent(KafkaDatabaseHistoryTest.java:188)
	at io.debezium.relational.history.KafkaDatabaseHistoryTest.shouldIgnoreUnparseableMessages(KafkaDatabaseHistoryTest.java:232)
	at sun.reflect.NativeMethodAccessorImpl.invoke0(Native Method)
	at sun.reflect.NativeMethodAccessorImpl.invoke(NativeMethodAccessorImpl.java:62)
	at sun.reflect.DelegatingMethodAccessorImpl.invoke(DelegatingMethodAccessorImpl.java:43)
	at java.lang.reflect.Method.invoke(Method.java:498)
	at org.junit.runners.model.FrameworkMethod$1.runReflectiveCall(FrameworkMethod.java:50)
	at org.junit.internal.runners.model.ReflectiveCallable.run(ReflectiveCallable.java:12)
	at org.junit.runners.model.FrameworkMethod.invokeExplosively(FrameworkMethod.java:47)
	at org.junit.internal.runners.statements.InvokeMethod.evaluate(InvokeMethod.java:17)
	at org.junit.internal.runners.statements.RunBefores.evaluate(RunBefores.java:26)
	at org.junit.internal.runners.statements.RunAfters.evaluate(RunAfters.java:27)
	at org.junit.runners.ParentRunner.runLeaf(ParentRunner.java:325)
	at org.junit.runners.BlockJUnit4ClassRunner.runChild(BlockJUnit4ClassRunner.java:78)
	at org.junit.runners.BlockJUnit4ClassRunner.runChild(BlockJUnit4ClassRunner.java:57)
	at org.junit.runners.ParentRunner$3.run(ParentRunner.java:290)
	at org.junit.runners.ParentRunner$1.schedule(ParentRunner.java:71)
	at org.junit.runners.ParentRunner.runChildren(ParentRunner.java:288)
	at org.junit.runners.ParentRunner.access$000(ParentRunner.java:58)
	at org.junit.runners.ParentRunner$2.evaluate(ParentRunner.java:268)
	at org.junit.runners.ParentRunner.run(ParentRunner.java:363)
	at org.apache.maven.surefire.junit4.JUnit4Provider.execute(JUnit4Provider.java:283)
	at org.apache.maven.surefire.junit4.JUnit4Provider.executeWithRerun(JUnit4Provider.java:173)
	at org.apache.maven.surefire.junit4.JUnit4Provider.executeTestSet(JUnit4Provider.java:153)
	at org.apache.maven.surefire.junit4.JUnit4Provider.invoke(JUnit4Provider.java:128)
	at org.apache.maven.surefire.booter.ForkedBooter.invokeProviderInSameClassLoader(ForkedBooter.java:203)
	at org.apache.maven.surefire.booter.ForkedBooter.runSuitesInProcess(ForkedBooter.java:155)
	at org.apache.maven.surefire.booter.ForkedBooter.main(ForkedBooter.java:103)
2022-07-25 19:27:47,505 ERROR DBZ Error while deserializing history record 'ConsumerRecord(topic = schema-changes-topic, partition = 0, offset = 5, CreateTime = 1658802467191, serialized key size = -1, serialized value size = 133, headers = RecordHeaders(headers = [], isReadOnly = false), key = null, value = "source":{"server":"my-server"},"position":{"filename":"my-txn-file.log","position":39},"databaseName":"db1","ddl":"DROP TABLE foo;"})' (io.debezium.relational.history.KafkaDatabaseHistory)
java.io.IOException: Expected data to start with an Object, but was VALUE_STRING
	at io.debezium.document.JacksonReader.parseDocument(JacksonReader.java:116)
	at io.debezium.document.JacksonReader.parse(JacksonReader.java:102)
	at io.debezium.document.JacksonReader.read(JacksonReader.java:57)
	at io.debezium.relational.history.KafkaDatabaseHistory.recoverRecords(KafkaDatabaseHistory.java:231)
	at io.debezium.relational.history.AbstractDatabaseHistory.recover(AbstractDatabaseHistory.java:73)
	at io.debezium.relational.history.KafkaDatabaseHistoryTest.testHistoryTopicContent(KafkaDatabaseHistoryTest.java:188)
	at io.debezium.relational.history.KafkaDatabaseHistoryTest.shouldIgnoreUnparseableMessages(KafkaDatabaseHistoryTest.java:232)
	at sun.reflect.NativeMethodAccessorImpl.invoke0(Native Method)
	at sun.reflect.NativeMethodAccessorImpl.invoke(NativeMethodAccessorImpl.java:62)
	at sun.reflect.DelegatingMethodAccessorImpl.invoke(DelegatingMethodAccessorImpl.java:43)
	at java.lang.reflect.Method.invoke(Method.java:498)
	at org.junit.runners.model.FrameworkMethod$1.runReflectiveCall(FrameworkMethod.java:50)
	at org.junit.internal.runners.model.ReflectiveCallable.run(ReflectiveCallable.java:12)
	at org.junit.runners.model.FrameworkMethod.invokeExplosively(FrameworkMethod.java:47)
	at org.junit.internal.runners.statements.InvokeMethod.evaluate(InvokeMethod.java:17)
	at org.junit.internal.runners.statements.RunBefores.evaluate(RunBefores.java:26)
	at org.junit.internal.runners.statements.RunAfters.evaluate(RunAfters.java:27)
	at org.junit.runners.ParentRunner.runLeaf(ParentRunner.java:325)
	at org.junit.runners.BlockJUnit4ClassRunner.runChild(BlockJUnit4ClassRunner.java:78)
	at org.junit.runners.BlockJUnit4ClassRunner.runChild(BlockJUnit4ClassRunner.java:57)
	at org.junit.runners.ParentRunner$3.run(ParentRunner.java:290)
	at org.junit.runners.ParentRunner$1.schedule(ParentRunner.java:71)
	at org.junit.runners.ParentRunner.runChildren(ParentRunner.java:288)
	at org.junit.runners.ParentRunner.access$000(ParentRunner.java:58)
	at org.junit.runners.ParentRunner$2.evaluate(ParentRunner.java:268)
	at org.junit.runners.ParentRunner.run(ParentRunner.java:363)
	at org.apache.maven.surefire.junit4.JUnit4Provider.execute(JUnit4Provider.java:283)
	at org.apache.maven.surefire.junit4.JUnit4Provider.executeWithRerun(JUnit4Provider.java:173)
	at org.apache.maven.surefire.junit4.JUnit4Provider.executeTestSet(JUnit4Provider.java:153)
	at org.apache.maven.surefire.junit4.JUnit4Provider.invoke(JUnit4Provider.java:128)
	at org.apache.maven.surefire.booter.ForkedBooter.invokeProviderInSameClassLoader(ForkedBooter.java:203)
	at org.apache.maven.surefire.booter.ForkedBooter.runSuitesInProcess(ForkedBooter.java:155)
	at org.apache.maven.surefire.booter.ForkedBooter.main(ForkedBooter.java:103)
2022-07-25 19:27:47,506 WARN  DBZ Ignoring unparseable statements 'xxxDROP TABLE foo;' stored in database history: {} (io.debezium.relational.history.KafkaDatabaseHistory)
io.debezium.text.ParsingException: Failed to parse statement 'xxxDROP TABLE foo;'
	at io.debezium.relational.ddl.LegacyDdlParser.parse(LegacyDdlParser.java:225)
	at io.debezium.relational.ddl.LegacyDdlParser.parse(LegacyDdlParser.java:200)
	at io.debezium.relational.history.AbstractDatabaseHistory.lambda$recover$1(AbstractDatabaseHistory.java:104)
	at io.debezium.relational.history.KafkaDatabaseHistory.recoverRecords(KafkaDatabaseHistory.java:238)
	at io.debezium.relational.history.AbstractDatabaseHistory.recover(AbstractDatabaseHistory.java:73)
	at io.debezium.relational.history.KafkaDatabaseHistoryTest.testHistoryTopicContent(KafkaDatabaseHistoryTest.java:188)
	at io.debezium.relational.history.KafkaDatabaseHistoryTest.shouldIgnoreUnparseableMessages(KafkaDatabaseHistoryTest.java:232)
	at sun.reflect.NativeMethodAccessorImpl.invoke0(Native Method)
	at sun.reflect.NativeMethodAccessorImpl.invoke(NativeMethodAccessorImpl.java:62)
	at sun.reflect.DelegatingMethodAccessorImpl.invoke(DelegatingMethodAccessorImpl.java:43)
	at java.lang.reflect.Method.invoke(Method.java:498)
	at org.junit.runners.model.FrameworkMethod$1.runReflectiveCall(FrameworkMethod.java:50)
	at org.junit.internal.runners.model.ReflectiveCallable.run(ReflectiveCallable.java:12)
	at org.junit.runners.model.FrameworkMethod.invokeExplosively(FrameworkMethod.java:47)
	at org.junit.internal.runners.statements.InvokeMethod.evaluate(InvokeMethod.java:17)
	at org.junit.internal.runners.statements.RunBefores.evaluate(RunBefores.java:26)
	at org.junit.internal.runners.statements.RunAfters.evaluate(RunAfters.java:27)
	at org.junit.runners.ParentRunner.runLeaf(ParentRunner.java:325)
	at org.junit.runners.BlockJUnit4ClassRunner.runChild(BlockJUnit4ClassRunner.java:78)
	at org.junit.runners.BlockJUnit4ClassRunner.runChild(BlockJUnit4ClassRunner.java:57)
	at org.junit.runners.ParentRunner$3.run(ParentRunner.java:290)
	at org.junit.runners.ParentRunner$1.schedule(ParentRunner.java:71)
	at org.junit.runners.ParentRunner.runChildren(ParentRunner.java:288)
	at org.junit.runners.ParentRunner.access$000(ParentRunner.java:58)
	at org.junit.runners.ParentRunner$2.evaluate(ParentRunner.java:268)
	at org.junit.runners.ParentRunner.run(ParentRunner.java:363)
	at org.apache.maven.surefire.junit4.JUnit4Provider.execute(JUnit4Provider.java:283)
	at org.apache.maven.surefire.junit4.JUnit4Provider.executeWithRerun(JUnit4Provider.java:173)
	at org.apache.maven.surefire.junit4.JUnit4Provider.executeTestSet(JUnit4Provider.java:153)
	at org.apache.maven.surefire.junit4.JUnit4Provider.invoke(JUnit4Provider.java:128)
	at org.apache.maven.surefire.booter.ForkedBooter.invokeProviderInSameClassLoader(ForkedBooter.java:203)
	at org.apache.maven.surefire.booter.ForkedBooter.runSuitesInProcess(ForkedBooter.java:155)
	at org.apache.maven.surefire.booter.ForkedBooter.main(ForkedBooter.java:103)
Caused by: io.debezium.text.ParsingException: Expecting token type 128 at line 1, column 1 but found 'xxxDROP':  ===>> xxxDROP TABLE foo;
	at io.debezium.text.TokenStream.consume(TokenStream.java:750)
	at io.debezium.relational.ddl.LegacyDdlParser.consumeStatement(LegacyDdlParser.java:462)
	at io.debezium.relational.ddl.LegacyDdlParser.parseUnknownStatement(LegacyDdlParser.java:309)
	at io.debezium.relational.ddl.DdlParserSql2003.parseNextStatement(DdlParserSql2003.java:120)
	at io.debezium.relational.ddl.LegacyDdlParser.parse(LegacyDdlParser.java:219)
	... 32 more
2022-07-25 19:27:48,919 INFO  DBZ Stopped Kafka server 1 at localhost:35341 (io.debezium.kafka.KafkaServer)
2022-07-25 19:27:49,197 INFO  DBZ Started Kafka server 1 at localhost:46331 with storage in /home/user/Workspace/reproducibility/Reproducibility-Scanner/reproducer/workspace/Bears-208/debezium-core/target/data/history_cluster/kafka/broker1 (io.debezium.kafka.KafkaServer)
2022-07-25 19:27:49,199 INFO  DBZ KafkaDatabaseHistory Consumer config: {enable.auto.commit=false, value.deserializer=org.apache.kafka.common.serialization.StringDeserializer, group.id=my-db-history, auto.offset.reset=earliest, session.timeout.ms=50000, bootstrap.servers=localhost:46331, max.poll.interval.ms=100, client.id=my-db-history, key.deserializer=org.apache.kafka.common.serialization.StringDeserializer, fetch.min.bytes=1} (io.debezium.relational.history.KafkaDatabaseHistory)
2022-07-25 19:27:49,199 INFO  DBZ KafkaDatabaseHistory Producer config: {bootstrap.servers=localhost:46331, value.serializer=org.apache.kafka.common.serialization.StringSerializer, buffer.memory=1048576, retries=1, key.serializer=org.apache.kafka.common.serialization.StringSerializer, client.id=my-db-history, linger.ms=0, batch.size=32768, max.block.ms=10000, acks=1} (io.debezium.relational.history.KafkaDatabaseHistory)
2022-07-25 19:27:49,218 INFO  DBZ Database history topic '(name=schema-changes-topic, numPartitions=1, replicationFactor=1, replicasAssignments=null, configs={cleanup.policy=delete, retention.ms=9223372036854775807, retention.bytes=-1})' created (io.debezium.relational.history.KafkaDatabaseHistory)
2022-07-25 19:27:49,272 INFO  DBZ Database history topic '(name=schema-changes-topic, numPartitions=1, replicationFactor=1, replicasAssignments=null, configs={cleanup.policy=delete, retention.ms=9223372036854775807, retention.bytes=-1})' created (io.debezium.relational.history.KafkaDatabaseHistory)
2022-07-25 19:27:49,961 INFO  DBZ KafkaDatabaseHistory Consumer config: {enable.auto.commit=false, value.deserializer=org.apache.kafka.common.serialization.StringDeserializer, group.id=my-db-history, auto.offset.reset=earliest, session.timeout.ms=50000, bootstrap.servers=localhost:46331, max.poll.interval.ms=100, client.id=my-db-history, key.deserializer=org.apache.kafka.common.serialization.StringDeserializer, fetch.min.bytes=1} (io.debezium.relational.history.KafkaDatabaseHistory)
2022-07-25 19:27:49,962 INFO  DBZ KafkaDatabaseHistory Producer config: {bootstrap.servers=localhost:46331, value.serializer=org.apache.kafka.common.serialization.StringSerializer, buffer.memory=1048576, retries=1, key.serializer=org.apache.kafka.common.serialization.StringSerializer, client.id=my-db-history, linger.ms=0, batch.size=32768, max.block.ms=10000, acks=1} (io.debezium.relational.history.KafkaDatabaseHistory)
2022-07-25 19:27:50,061 INFO  DBZ KafkaDatabaseHistory Consumer config: {enable.auto.commit=false, value.deserializer=org.apache.kafka.common.serialization.StringDeserializer, group.id=my-db-history, auto.offset.reset=earliest, session.timeout.ms=50000, bootstrap.servers=localhost:46331, max.poll.interval.ms=100, client.id=my-db-history, key.deserializer=org.apache.kafka.common.serialization.StringDeserializer, fetch.min.bytes=1} (io.debezium.relational.history.KafkaDatabaseHistory)
2022-07-25 19:27:50,061 INFO  DBZ KafkaDatabaseHistory Producer config: {bootstrap.servers=localhost:46331, value.serializer=org.apache.kafka.common.serialization.StringSerializer, buffer.memory=1048576, retries=1, key.serializer=org.apache.kafka.common.serialization.StringSerializer, client.id=my-db-history, linger.ms=0, batch.size=32768, max.block.ms=10000, acks=1} (io.debezium.relational.history.KafkaDatabaseHistory)
2022-07-25 19:27:51,057 INFO  DBZ Stopped Kafka server 1 at localhost:46331 (io.debezium.kafka.KafkaServer)
Tests run: 4, Failures: 0, Errors: 0, Skipped: 0, Time elapsed: 10.413 sec - in io.debezium.relational.history.KafkaDatabaseHistoryTest
Running io.debezium.relational.ColumnEditorTest
Tests run: 3, Failures: 0, Errors: 0, Skipped: 0, Time elapsed: 0.001 sec - in io.debezium.relational.ColumnEditorTest
Running io.debezium.relational.SelectorsTest
Tests run: 12, Failures: 0, Errors: 0, Skipped: 0, Time elapsed: 0.008 sec - in io.debezium.relational.SelectorsTest
Running io.debezium.relational.TableIdParserTest
Tests run: 5, Failures: 0, Errors: 0, Skipped: 0, Time elapsed: 0.001 sec - in io.debezium.relational.TableIdParserTest
Running io.debezium.relational.mapping.PropagateSourceTypeToSchemaParameterTest
Tests run: 1, Failures: 0, Errors: 0, Skipped: 0, Time elapsed: 0 sec - in io.debezium.relational.mapping.PropagateSourceTypeToSchemaParameterTest
Running io.debezium.relational.mapping.ColumnMappersTest
Tests run: 7, Failures: 0, Errors: 0, Skipped: 0, Time elapsed: 0.029 sec - in io.debezium.relational.mapping.ColumnMappersTest
Running io.debezium.relational.mapping.TruncateStringsTest
Tests run: 1, Failures: 0, Errors: 0, Skipped: 0, Time elapsed: 0 sec - in io.debezium.relational.mapping.TruncateStringsTest
Running io.debezium.relational.mapping.MaskStringsTest
Tests run: 1, Failures: 0, Errors: 0, Skipped: 0, Time elapsed: 0.001 sec - in io.debezium.relational.mapping.MaskStringsTest
Running io.debezium.kafka.KafkaClusterTest
Skipped shouldStartClusterWithMultipleBrokerAndLeaveData(io.debezium.kafka.KafkaClusterTest) because: long-running
Skipped shouldStartClusterAndAllowAsynchronousProductionAndAutomaticConsumersToUseIt(io.debezium.kafka.KafkaClusterTest) because: long-running
2022-07-25 19:27:51,356 INFO  DBZ Started Kafka server 1 at localhost:39737 with storage in /home/user/Workspace/reproducibility/Reproducibility-Scanner/reproducer/workspace/Bears-208/debezium-core/target/data/cluster/kafka/broker1 (io.debezium.kafka.KafkaServer)
The consumer completed normally in   0.14213s total;   1 samples;  0.14213s avg;  0.14213s min;  0.14213s max
2022-07-25 19:27:52,252 INFO  DBZ Stopped Kafka server 1 at localhost:39737 (io.debezium.kafka.KafkaServer)
Skipped shouldStartClusterWithMultipleBrokerAndRemoveData(io.debezium.kafka.KafkaClusterTest) because: long-running
Skipped shouldStartClusterWithOneBrokerAndRemoveData(io.debezium.kafka.KafkaClusterTest) because: long-running
Skipped shouldStartClusterWithOneBrokerAndLeaveData(io.debezium.kafka.KafkaClusterTest) because: long-running
Skipped shouldStartClusterAndAllowProducersAndConsumersToUseIt(io.debezium.kafka.KafkaClusterTest) because: long-running
Tests run: 9, Failures: 0, Errors: 0, Skipped: 0, Time elapsed: 1.149 sec - in io.debezium.kafka.KafkaClusterTest
Running io.debezium.kafka.ZookeeperServerTest
Running 1
Running 2
Tests run: 2, Failures: 0, Errors: 0, Skipped: 0, Time elapsed: 0.011 sec - in io.debezium.kafka.ZookeeperServerTest
Running io.debezium.function.BufferedBlockingConsumerTest
Tests run: 1, Failures: 0, Errors: 0, Skipped: 0, Time elapsed: 0.001 sec - in io.debezium.function.BufferedBlockingConsumerTest
Running io.debezium.function.PredicatesTest
Tests run: 4, Failures: 0, Errors: 0, Skipped: 0, Time elapsed: 0.002 sec - in io.debezium.function.PredicatesTest
Running io.debezium.text.PositionTest
Tests run: 5, Failures: 0, Errors: 0, Skipped: 0, Time elapsed: 0.001 sec - in io.debezium.text.PositionTest
Running io.debezium.text.XmlCharactersTest
Tests run: 4, Failures: 0, Errors: 0, Skipped: 0, Time elapsed: 0.043 sec - in io.debezium.text.XmlCharactersTest
Running io.debezium.text.TokenStreamTest
Tests run: 46, Failures: 0, Errors: 0, Skipped: 0, Time elapsed: 0.01 sec - in io.debezium.text.TokenStreamTest
Running io.debezium.data.EnvelopeTest
Tests run: 1, Failures: 0, Errors: 0, Skipped: 0, Time elapsed: 0 sec - in io.debezium.data.EnvelopeTest
Running io.debezium.data.SchemaUtilTest
Tests run: 3, Failures: 0, Errors: 0, Skipped: 0, Time elapsed: 0 sec - in io.debezium.data.SchemaUtilTest
Running io.debezium.util.ElapsedTimeStrategyTest
Tests run: 5, Failures: 0, Errors: 0, Skipped: 0, Time elapsed: 0.007 sec - in io.debezium.util.ElapsedTimeStrategyTest
Running io.debezium.util.HashCodeTest
Tests run: 4, Failures: 0, Errors: 0, Skipped: 0, Time elapsed: 0.002 sec - in io.debezium.util.HashCodeTest
Running io.debezium.util.CollectTest
Tests run: 2, Failures: 0, Errors: 0, Skipped: 0, Time elapsed: 0 sec - in io.debezium.util.CollectTest
Running io.debezium.util.TestingTest
Tests run: 2, Failures: 0, Errors: 0, Skipped: 0, Time elapsed: 0 sec - in io.debezium.util.TestingTest
Running io.debezium.util.SchemaNameAdjusterTest
Tests run: 7, Failures: 0, Errors: 0, Skipped: 0, Time elapsed: 0.001 sec - in io.debezium.util.SchemaNameAdjusterTest
Running io.debezium.util.StringsTest
Tests run: 42, Failures: 0, Errors: 0, Skipped: 0, Time elapsed: 0.008 sec - in io.debezium.util.StringsTest
Running io.debezium.transforms.UnwrapFromEnvelopeTest
2022-07-25 19:27:52,377 WARN  DBZ drop.deletes option is deprecated. Please use delete.handling.mode (io.debezium.transforms.UnwrapFromEnvelope)
2022-07-25 19:27:52,378 WARN  DBZ Expected Envelope for transformation, passing it unchanged (io.debezium.transforms.UnwrapFromEnvelope)
2022-07-25 19:27:52,378 WARN  DBZ Expected Envelope for transformation, passing it unchanged (io.debezium.transforms.UnwrapFromEnvelope)
2022-07-25 19:27:52,379 WARN  DBZ drop.deletes option is deprecated. Please use delete.handling.mode (io.debezium.transforms.UnwrapFromEnvelope)
Tests run: 12, Failures: 0, Errors: 0, Skipped: 0, Time elapsed: 0.014 sec - in io.debezium.transforms.UnwrapFromEnvelopeTest
Running io.debezium.transforms.ByLogicalTableRouterTest
2022-07-25 19:27:52,383 ERROR DBZ The 'topic.replacement' value '' is invalid: A value is required (io.debezium.transforms.ByLogicalTableRouter)
2022-07-25 19:27:52,384 WARN  DBZ The Kafka Connect schema name 'mysql-server-1.inventory.customers_all_shards.Key' is not a valid Avro schema name, so replacing with 'mysql_server_1.inventory.customers_all_shards.Key' (io.debezium.transforms.ByLogicalTableRouter)
2022-07-25 19:27:52,385 ERROR DBZ The 'topic.replacement' value is invalid: A value is required (io.debezium.transforms.ByLogicalTableRouter)
2022-07-25 19:27:52,385 ERROR DBZ The 'key.field.replacement' value is invalid: key.field.replacement must be non-empty if key.field.regex is set. (io.debezium.transforms.ByLogicalTableRouter)
2022-07-25 19:27:52,385 ERROR DBZ The 'key.field.replacement' value is invalid: key.field.replacement must be non-empty if key.field.regex is set. (io.debezium.transforms.ByLogicalTableRouter)
Tests run: 6, Failures: 0, Errors: 0, Skipped: 0, Time elapsed: 0.005 sec - in io.debezium.transforms.ByLogicalTableRouterTest
Running io.debezium.time.TemporalsTest
Tests run: 3, Failures: 0, Errors: 0, Skipped: 0, Time elapsed: 0.001 sec - in io.debezium.time.TemporalsTest
Running io.debezium.time.ConversionsTest
Tests run: 20, Failures: 0, Errors: 0, Skipped: 0, Time elapsed: 0.013 sec - in io.debezium.time.ConversionsTest
Running io.debezium.document.DocumentSerdesTest
Tests run: 5, Failures: 0, Errors: 0, Skipped: 0, Time elapsed: 0.007 sec - in io.debezium.document.DocumentSerdesTest
Running io.debezium.document.ArraySerdesTest
Tests run: 2, Failures: 0, Errors: 0, Skipped: 0, Time elapsed: 0 sec - in io.debezium.document.ArraySerdesTest
Running io.debezium.document.JacksonWriterTest
Tests run: 4, Failures: 0, Errors: 0, Skipped: 0, Time elapsed: 0.001 sec - in io.debezium.document.JacksonWriterTest
Running io.debezium.document.DocumentTest
Tests run: 2, Failures: 0, Errors: 0, Skipped: 0, Time elapsed: 0.003 sec - in io.debezium.document.DocumentTest
Running io.debezium.document.JacksonReaderTest
Tests run: 1, Failures: 0, Errors: 0, Skipped: 0, Time elapsed: 0 sec - in io.debezium.document.JacksonReaderTest
Running io.debezium.document.BinaryValueTest
Tests run: 1, Failures: 0, Errors: 0, Skipped: 0, Time elapsed: 0 sec - in io.debezium.document.BinaryValueTest
Running io.debezium.document.JacksonArrayReadingAndWritingTest
Tests run: 4, Failures: 0, Errors: 0, Skipped: 0, Time elapsed: 0.001 sec - in io.debezium.document.JacksonArrayReadingAndWritingTest
Running io.debezium.document.PathsTest
Tests run: 7, Failures: 0, Errors: 0, Skipped: 0, Time elapsed: 0.001 sec - in io.debezium.document.PathsTest
Running io.debezium.config.ConfigurationTest
Tests run: 6, Failures: 0, Errors: 0, Skipped: 0, Time elapsed: 0.002 sec - in io.debezium.config.ConfigurationTest

Results :

Tests run: 305, Failures: 0, Errors: 0, Skipped: 0

[INFO] 
[INFO] ------------------< io.debezium:debezium-ddl-parser >-------------------
[INFO] Building Debezium ANTLR DDL parsers 0.9.0-SNAPSHOT                [4/10]
[INFO] --------------------------------[ jar ]---------------------------------
[INFO] 
[INFO] --- maven-enforcer-plugin:3.0.0-M1:enforce (enforce-java-version) @ debezium-ddl-parser ---
[INFO] Skipping Rule Enforcement.
[INFO] 
[INFO] --- maven-enforcer-plugin:3.0.0-M1:enforce (enforce-maven-version) @ debezium-ddl-parser ---
[INFO] Skipping Rule Enforcement.
[INFO] 
[INFO] --- maven-enforcer-plugin:3.0.0-M1:enforce (enforce-maven) @ debezium-ddl-parser ---
[INFO] Skipping Rule Enforcement.
[INFO] 
[INFO] --- buildnumber-maven-plugin:1.3:create (get-scm-revision) @ debezium-ddl-parser ---
[INFO] 
[INFO] --- antlr4-maven-plugin:4.7:antlr4 (default) @ debezium-ddl-parser ---
[INFO] No grammars to process
[INFO] ANTLR 4: Processing source directory /home/user/Workspace/reproducibility/Reproducibility-Scanner/reproducer/workspace/Bears-208/debezium-ddl-parser/src/main/antlr4
[INFO] 
[INFO] --- maven-resources-plugin:2.7:resources (default-resources) @ debezium-ddl-parser ---
[INFO] Using 'UTF-8' encoding to copy filtered resources.
[INFO] Copying 1 resource
[INFO] 
[INFO] --- maven-compiler-plugin:3.1:compile (default-compile) @ debezium-ddl-parser ---
[INFO] Nothing to compile - all classes are up to date
[INFO] 
[INFO] --- maven-resources-plugin:2.7:testResources (default-testResources) @ debezium-ddl-parser ---
[INFO] Using 'UTF-8' encoding to copy filtered resources.
[INFO] Copying 15 resources
[INFO] 
[INFO] --- maven-compiler-plugin:3.1:testCompile (default-testCompile) @ debezium-ddl-parser ---
[INFO] No sources to compile
[INFO] 
[INFO] --- maven-surefire-plugin:2.18.1:test (default-test) @ debezium-ddl-parser ---
[INFO] 
[INFO] --- antlr4test-maven-plugin:1.10:test (default) @ debezium-ddl-parser ---
Parsing :/home/user/Workspace/reproducibility/Reproducibility-Scanner/reproducer/workspace/Bears-208/debezium-ddl-parser/src/test/resources/mysql/examples/ddl_alter.sql
Parsing :/home/user/Workspace/reproducibility/Reproducibility-Scanner/reproducer/workspace/Bears-208/debezium-ddl-parser/src/test/resources/mysql/examples/case_sensitive_sql.sql
Parsing :/home/user/Workspace/reproducibility/Reproducibility-Scanner/reproducer/workspace/Bears-208/debezium-ddl-parser/src/test/resources/mysql/examples/ddl_drop.sql
Parsing :/home/user/Workspace/reproducibility/Reproducibility-Scanner/reproducer/workspace/Bears-208/debezium-ddl-parser/src/test/resources/mysql/examples/grant.sql
Parsing :/home/user/Workspace/reproducibility/Reproducibility-Scanner/reproducer/workspace/Bears-208/debezium-ddl-parser/src/test/resources/mysql/examples/dml_update.sql
Parsing :/home/user/Workspace/reproducibility/Reproducibility-Scanner/reproducer/workspace/Bears-208/debezium-ddl-parser/src/test/resources/mysql/examples/mysql_spec_comment.sql
Parsing :/home/user/Workspace/reproducibility/Reproducibility-Scanner/reproducer/workspace/Bears-208/debezium-ddl-parser/src/test/resources/mysql/examples/ddl_create.sql
Parsing :/home/user/Workspace/reproducibility/Reproducibility-Scanner/reproducer/workspace/Bears-208/debezium-ddl-parser/src/test/resources/mysql/examples/dml_replace.sql
Parsing :/home/user/Workspace/reproducibility/Reproducibility-Scanner/reproducer/workspace/Bears-208/debezium-ddl-parser/src/test/resources/mysql/examples/dml_union.sql
Parsing :/home/user/Workspace/reproducibility/Reproducibility-Scanner/reproducer/workspace/Bears-208/debezium-ddl-parser/src/test/resources/mysql/examples/bitrix_queries_cut.sql
Parsing :/home/user/Workspace/reproducibility/Reproducibility-Scanner/reproducer/workspace/Bears-208/debezium-ddl-parser/src/test/resources/mysql/examples/smoke_tests.sql
Parsing :/home/user/Workspace/reproducibility/Reproducibility-Scanner/reproducer/workspace/Bears-208/debezium-ddl-parser/src/test/resources/mysql/examples/dml_insert.sql
Parsing :/home/user/Workspace/reproducibility/Reproducibility-Scanner/reproducer/workspace/Bears-208/debezium-ddl-parser/src/test/resources/mysql/examples/dml_select.sql
Parsing :/home/user/Workspace/reproducibility/Reproducibility-Scanner/reproducer/workspace/Bears-208/debezium-ddl-parser/src/test/resources/mysql/examples/ext_tests.sql
Parsing :/home/user/Workspace/reproducibility/Reproducibility-Scanner/reproducer/workspace/Bears-208/debezium-ddl-parser/src/test/resources/mysql/examples/dml_delete.sql
[INFO] 
[INFO] -------------< io.debezium:debezium-assembly-descriptors >--------------
[INFO] Building Debezium Assembly Descriptors 0.9.0-SNAPSHOT             [5/10]
[INFO] --------------------------------[ jar ]---------------------------------
[INFO] 
[INFO] --- maven-enforcer-plugin:3.0.0-M1:enforce (enforce-java-version) @ debezium-assembly-descriptors ---
[INFO] Skipping Rule Enforcement.
[INFO] 
[INFO] --- maven-enforcer-plugin:3.0.0-M1:enforce (enforce-maven-version) @ debezium-assembly-descriptors ---
[INFO] Skipping Rule Enforcement.
[INFO] 
[INFO] --- maven-enforcer-plugin:3.0.0-M1:enforce (enforce-maven) @ debezium-assembly-descriptors ---
[INFO] Skipping Rule Enforcement.
[INFO] 
[INFO] --- buildnumber-maven-plugin:1.3:create (get-scm-revision) @ debezium-assembly-descriptors ---
[INFO] 
[INFO] --- maven-resources-plugin:2.7:resources (default-resources) @ debezium-assembly-descriptors ---
[INFO] Using 'UTF-8' encoding to copy filtered resources.
[INFO] Copying 1 resource
[INFO] 
[INFO] --- maven-compiler-plugin:3.1:compile (default-compile) @ debezium-assembly-descriptors ---
[INFO] No sources to compile
[INFO] 
[INFO] --- maven-resources-plugin:2.7:testResources (default-testResources) @ debezium-assembly-descriptors ---
[INFO] Using 'UTF-8' encoding to copy filtered resources.
[INFO] skip non existing resourceDirectory /home/user/Workspace/reproducibility/Reproducibility-Scanner/reproducer/workspace/Bears-208/debezium-assembly-descriptors/src/test/resources
[INFO] 
[INFO] --- maven-compiler-plugin:3.1:testCompile (default-testCompile) @ debezium-assembly-descriptors ---
[INFO] No sources to compile
[INFO] 
[INFO] --- maven-surefire-plugin:2.18.1:test (default-test) @ debezium-assembly-descriptors ---
[INFO] Tests are skipped.
[INFO] 
[INFO] -------------------< io.debezium:debezium-embedded >--------------------
[INFO] Building Debezium Embedded 0.9.0-SNAPSHOT                         [6/10]
[INFO] --------------------------------[ jar ]---------------------------------
[INFO] 
[INFO] --- maven-enforcer-plugin:3.0.0-M1:enforce (enforce-java-version) @ debezium-embedded ---
[INFO] Skipping Rule Enforcement.
[INFO] 
[INFO] --- maven-enforcer-plugin:3.0.0-M1:enforce (enforce-maven-version) @ debezium-embedded ---
[INFO] Skipping Rule Enforcement.
[INFO] 
[INFO] --- maven-enforcer-plugin:3.0.0-M1:enforce (enforce-maven) @ debezium-embedded ---
[INFO] Skipping Rule Enforcement.
[INFO] 
[INFO] --- buildnumber-maven-plugin:1.3:create (get-scm-revision) @ debezium-embedded ---
[INFO] 
[INFO] --- maven-resources-plugin:2.7:resources (default-resources) @ debezium-embedded ---
[INFO] Using 'UTF-8' encoding to copy filtered resources.
[INFO] skip non existing resourceDirectory /home/user/Workspace/reproducibility/Reproducibility-Scanner/reproducer/workspace/Bears-208/debezium-embedded/src/main/resources
[INFO] 
[INFO] --- maven-compiler-plugin:3.1:compile (default-compile) @ debezium-embedded ---
[INFO] Changes detected - recompiling the module!
[INFO] Compiling 5 source files to /home/user/Workspace/reproducibility/Reproducibility-Scanner/reproducer/workspace/Bears-208/debezium-embedded/target/classes
[INFO] 
[INFO] --- maven-resources-plugin:2.7:testResources (default-testResources) @ debezium-embedded ---
[INFO] Using 'UTF-8' encoding to copy filtered resources.
[INFO] Copying 13 resources
[INFO] 
[INFO] --- maven-compiler-plugin:3.1:testCompile (default-testCompile) @ debezium-embedded ---
[INFO] Nothing to compile - all classes are up to date
[INFO] 
[INFO] --- maven-surefire-plugin:2.18.1:test (default-test) @ debezium-embedded ---
[INFO] Surefire report directory: /home/user/Workspace/reproducibility/Reproducibility-Scanner/reproducer/workspace/Bears-208/debezium-embedded/target/surefire-reports

-------------------------------------------------------
 T E S T S
-------------------------------------------------------
Running io.debezium.embedded.EmbeddedEngineTest
2022-07-25 19:28:10,328 INFO   EmbeddedEngineTest||test  Stopping the connector   [io.debezium.embedded.EmbeddedEngineTest]
2022-07-25 19:28:10,331 INFO   EmbeddedEngineTest||engine  Connector 'org.apache.kafka.connect.file.FileStreamSourceConnector' completed normally.   [io.debezium.embedded.EmbeddedEngineTest]
2022-07-25 19:28:10,354 INFO   EmbeddedEngineTest||test  Stopping the connector   [io.debezium.embedded.EmbeddedEngineTest]
2022-07-25 19:28:10,356 WARN   EmbeddedEngineTest||engine  Flush of EmbeddedConnector{id=testing-connector} offsets interrupted, cancelling   [io.debezium.embedded.EmbeddedEngine]
2022-07-25 19:28:10,356 INFO   EmbeddedEngineTest||engine  Connector 'org.apache.kafka.connect.file.FileStreamSourceConnector' completed normally.   [io.debezium.embedded.EmbeddedEngineTest]
Tests run: 1, Failures: 0, Errors: 0, Skipped: 0, Time elapsed: 0.464 sec - in io.debezium.embedded.EmbeddedEngineTest
Running io.debezium.embedded.OffsetCommitPolicyTest
Tests run: 4, Failures: 0, Errors: 0, Skipped: 0, Time elapsed: 0.005 sec - in io.debezium.embedded.OffsetCommitPolicyTest
Running io.debezium.connector.simple.SimpleSourceConnectorOutputTest
Tests run: 5, Failures: 0, Errors: 0, Skipped: 0, Time elapsed: 1.631 sec - in io.debezium.connector.simple.SimpleSourceConnectorOutputTest

Results :

Tests run: 10, Failures: 0, Errors: 0, Skipped: 0

[INFO] 
[INFO] ----------------< io.debezium:debezium-connector-mysql >----------------
[INFO] Building Debezium Connector for MySQL 0.9.0-SNAPSHOT              [7/10]
[INFO] --------------------------------[ jar ]---------------------------------
[INFO] 
[INFO] --- maven-enforcer-plugin:3.0.0-M1:enforce (enforce-java-version) @ debezium-connector-mysql ---
[INFO] Skipping Rule Enforcement.
[INFO] 
[INFO] --- maven-enforcer-plugin:3.0.0-M1:enforce (enforce-maven-version) @ debezium-connector-mysql ---
[INFO] Skipping Rule Enforcement.
[INFO] 
[INFO] --- maven-enforcer-plugin:3.0.0-M1:enforce (enforce-maven) @ debezium-connector-mysql ---
[INFO] Skipping Rule Enforcement.
[INFO] 
[INFO] --- buildnumber-maven-plugin:1.3:create (get-scm-revision) @ debezium-connector-mysql ---
[INFO] 
[INFO] --- maven-resources-plugin:2.7:resources (default-resources) @ debezium-connector-mysql ---
[INFO] Using 'UTF-8' encoding to copy filtered resources.
[INFO] Copying 1 resource
[INFO] 
[INFO] --- maven-compiler-plugin:3.1:compile (default-compile) @ debezium-connector-mysql ---
[INFO] Nothing to compile - all classes are up to date
[INFO] 
[INFO] --- maven-resources-plugin:2.7:testResources (default-testResources) @ debezium-connector-mysql ---
[INFO] Using 'UTF-8' encoding to copy filtered resources.
[INFO] Copying 45 resources
[INFO] 
[INFO] --- maven-compiler-plugin:3.1:testCompile (default-testCompile) @ debezium-connector-mysql ---
[INFO] Nothing to compile - all classes are up to date
[INFO] 
[INFO] --- maven-surefire-plugin:2.18.1:test (default-test) @ debezium-connector-mysql ---
[INFO] Surefire report directory: /home/user/Workspace/reproducibility/Reproducibility-Scanner/reproducer/workspace/Bears-208/debezium-connector-mysql/target/surefire-reports

-------------------------------------------------------
 T E S T S
-------------------------------------------------------
Running io.debezium.connector.mysql.ChainedReaderTest
Tests run: 6, Failures: 0, Errors: 0, Skipped: 0, Time elapsed: 0.259 sec - in io.debezium.connector.mysql.ChainedReaderTest
Running io.debezium.connector.mysql.MySqlValueConvertersTest
Tests run: 4, Failures: 0, Errors: 0, Skipped: 0, Time elapsed: 0.008 sec - in io.debezium.connector.mysql.MySqlValueConvertersTest
Running io.debezium.connector.mysql.MysqlDefaultValueTest
2022-07-25 19:28:13,051 WARN   ||  Column is missing a character set: A CHAR DEFAULT VALUE A   [io.debezium.connector.mysql.MySqlValueConverters]
2022-07-25 19:28:13,052 WARN   ||  Using UTF-8 charset by default for column without charset: A CHAR DEFAULT VALUE A   [io.debezium.connector.mysql.MySqlValueConverters]
2022-07-25 19:28:13,053 WARN   ||  Column is missing a character set: B CHAR DEFAULT VALUE b   [io.debezium.connector.mysql.MySqlValueConverters]
2022-07-25 19:28:13,053 WARN   ||  Using UTF-8 charset by default for column without charset: B CHAR DEFAULT VALUE b   [io.debezium.connector.mysql.MySqlValueConverters]
2022-07-25 19:28:13,054 WARN   ||  Column is missing a character set: C VARCHAR(10) DEFAULT VALUE CC   [io.debezium.connector.mysql.MySqlValueConverters]
2022-07-25 19:28:13,054 WARN   ||  Using UTF-8 charset by default for column without charset: C VARCHAR(10) DEFAULT VALUE CC   [io.debezium.connector.mysql.MySqlValueConverters]
Tests run: 16, Failures: 0, Errors: 2, Skipped: 0, Time elapsed: 0.193 sec <<< FAILURE! - in io.debezium.connector.mysql.MysqlDefaultValueTest
parseTimeDefaultValue(io.debezium.connector.mysql.MysqlDefaultValueTest)  Time elapsed: 0.026 sec  <<< ERROR!
io.debezium.text.ParsingException: Unexpected exception while parsing statement CREATE TABLE TIME_TABLE (  A timestamp NOT NULL DEFAULT CURRENT_TIMESTAMP ON UPDATE CURRENT_TIMESTAMP,  B timestamp NOT NULL DEFAULT '0000-00-00 00:00:00',  C timestamp NOT NULL DEFAULT '0000-00-00 00:00:00.000',  D timestamp NOT NULL DEFAULT '2018-06-26 12:34:56',  E timestamp NOT NULL DEFAULT '2018-06-26 12:34:56.000',  F timestamp NOT NULL DEFAULT '2018-06-26 12:34:56.78',  G datetime NOT NULL DEFAULT CURRENT_TIMESTAMP ON UPDATE CURRENT_TIMESTAMP,  H datetime NOT NULL DEFAULT '0000-00-00 00:00:00',  I datetime(3) NOT NULL DEFAULT '0000-00-00 00:00:00.000',  J datetime NOT NULL DEFAULT '2018-06-26 12:34:56',  K datetime(3) NOT NULL DEFAULT '2018-06-26 12:34:56.000',  L datetime(2) NOT NULL DEFAULT '2018-06-26 12:34:56.78',  M datetime NOT NULL DEFAULT '2000-01-00 00:00:00',  N datetime NOT NULL DEFAULT '0000-12-01 00:00:00',  O datetime NOT NULL DEFAULT '2000-00-01 00:00:00'); at line 1, column 786
	at io.debezium.relational.ddl.LegacyDdlParser.parsingFailed(LegacyDdlParser.java:555)
	at io.debezium.relational.ddl.LegacyDdlParser.parse(LegacyDdlParser.java:227)
	at io.debezium.relational.ddl.LegacyDdlParser.parse(LegacyDdlParser.java:200)
	at io.debezium.connector.mysql.AbstractMysqlDefaultValueTest.parseTimeDefaultValue(AbstractMysqlDefaultValueTest.java:347)
	at sun.reflect.NativeMethodAccessorImpl.invoke0(Native Method)
	at sun.reflect.NativeMethodAccessorImpl.invoke(NativeMethodAccessorImpl.java:62)
	at sun.reflect.DelegatingMethodAccessorImpl.invoke(DelegatingMethodAccessorImpl.java:43)
	at java.lang.reflect.Method.invoke(Method.java:498)
	at org.junit.runners.model.FrameworkMethod$1.runReflectiveCall(FrameworkMethod.java:50)
	at org.junit.internal.runners.model.ReflectiveCallable.run(ReflectiveCallable.java:12)
	at org.junit.runners.model.FrameworkMethod.invokeExplosively(FrameworkMethod.java:47)
	at org.junit.internal.runners.statements.InvokeMethod.evaluate(InvokeMethod.java:17)
	at org.junit.internal.runners.statements.RunBefores.evaluate(RunBefores.java:26)
	at org.junit.runners.ParentRunner.runLeaf(ParentRunner.java:325)
	at org.junit.runners.BlockJUnit4ClassRunner.runChild(BlockJUnit4ClassRunner.java:78)
	at org.junit.runners.BlockJUnit4ClassRunner.runChild(BlockJUnit4ClassRunner.java:57)
	at org.junit.runners.ParentRunner$3.run(ParentRunner.java:290)
	at org.junit.runners.ParentRunner$1.schedule(ParentRunner.java:71)
	at org.junit.runners.ParentRunner.runChildren(ParentRunner.java:288)
	at org.junit.runners.ParentRunner.access$000(ParentRunner.java:58)
	at org.junit.runners.ParentRunner$2.evaluate(ParentRunner.java:268)
	at org.junit.runners.ParentRunner.run(ParentRunner.java:363)
	at org.apache.maven.surefire.junit4.JUnit4Provider.execute(JUnit4Provider.java:283)
	at org.apache.maven.surefire.junit4.JUnit4Provider.executeWithRerun(JUnit4Provider.java:173)
	at org.apache.maven.surefire.junit4.JUnit4Provider.executeTestSet(JUnit4Provider.java:153)
	at org.apache.maven.surefire.junit4.JUnit4Provider.invoke(JUnit4Provider.java:128)
	at org.apache.maven.surefire.booter.ForkedBooter.invokeProviderInSameClassLoader(ForkedBooter.java:203)
	at org.apache.maven.surefire.booter.ForkedBooter.runSuitesInProcess(ForkedBooter.java:155)
	at org.apache.maven.surefire.booter.ForkedBooter.main(ForkedBooter.java:103)
Caused by: java.time.format.DateTimeParseException: Text '2000-01-00 00:00:00' could not be parsed: Invalid value for DayOfMonth (valid values 1 - 28/31): 0
	at java.time.format.DateTimeFormatter.createError(DateTimeFormatter.java:1920)
	at java.time.format.DateTimeFormatter.parse(DateTimeFormatter.java:1781)
	at io.debezium.connector.mysql.MySqlDefaultValuePreConverter.convertToLocalDateTime(MySqlDefaultValuePreConverter.java:129)
	at io.debezium.connector.mysql.MySqlDefaultValuePreConverter.convert(MySqlDefaultValuePreConverter.java:60)
	at io.debezium.connector.mysql.MySqlDdlParser.convertDefaultValueToSchemaType(MySqlDdlParser.java:810)
	at io.debezium.connector.mysql.MySqlDdlParser.parseCreateColumn(MySqlDdlParser.java:771)
	at io.debezium.connector.mysql.MySqlDdlParser.parseCreateDefinition(MySqlDdlParser.java:747)
	at io.debezium.connector.mysql.MySqlDdlParser.parseCreateDefinitionList(MySqlDdlParser.java:591)
	at io.debezium.connector.mysql.MySqlDdlParser.parseCreateTable(MySqlDdlParser.java:403)
	at io.debezium.connector.mysql.MySqlDdlParser.parseCreate(MySqlDdlParser.java:306)
	at io.debezium.connector.mysql.MySqlDdlParser.parseNextStatement(MySqlDdlParser.java:175)
	at io.debezium.relational.ddl.LegacyDdlParser.parse(LegacyDdlParser.java:219)
	at io.debezium.relational.ddl.LegacyDdlParser.parse(LegacyDdlParser.java:200)
	at io.debezium.connector.mysql.AbstractMysqlDefaultValueTest.parseTimeDefaultValue(AbstractMysqlDefaultValueTest.java:347)
	at sun.reflect.NativeMethodAccessorImpl.invoke0(Native Method)
	at sun.reflect.NativeMethodAccessorImpl.invoke(NativeMethodAccessorImpl.java:62)
	at sun.reflect.DelegatingMethodAccessorImpl.invoke(DelegatingMethodAccessorImpl.java:43)
	at java.lang.reflect.Method.invoke(Method.java:498)
	at org.junit.runners.model.FrameworkMethod$1.runReflectiveCall(FrameworkMethod.java:50)
	at org.junit.internal.runners.model.ReflectiveCallable.run(ReflectiveCallable.java:12)
	at org.junit.runners.model.FrameworkMethod.invokeExplosively(FrameworkMethod.java:47)
	at org.junit.internal.runners.statements.InvokeMethod.evaluate(InvokeMethod.java:17)
	at org.junit.internal.runners.statements.RunBefores.evaluate(RunBefores.java:26)
	at org.junit.runners.ParentRunner.runLeaf(ParentRunner.java:325)
	at org.junit.runners.BlockJUnit4ClassRunner.runChild(BlockJUnit4ClassRunner.java:78)
	at org.junit.runners.BlockJUnit4ClassRunner.runChild(BlockJUnit4ClassRunner.java:57)
	at org.junit.runners.ParentRunner$3.run(ParentRunner.java:290)
	at org.junit.runners.ParentRunner$1.schedule(ParentRunner.java:71)
	at org.junit.runners.ParentRunner.runChildren(ParentRunner.java:288)
	at org.junit.runners.ParentRunner.access$000(ParentRunner.java:58)
	at org.junit.runners.ParentRunner$2.evaluate(ParentRunner.java:268)
	at org.junit.runners.ParentRunner.run(ParentRunner.java:363)
	at org.apache.maven.surefire.junit4.JUnit4Provider.execute(JUnit4Provider.java:283)
	at org.apache.maven.surefire.junit4.JUnit4Provider.executeWithRerun(JUnit4Provider.java:173)
	at org.apache.maven.surefire.junit4.JUnit4Provider.executeTestSet(JUnit4Provider.java:153)
	at org.apache.maven.surefire.junit4.JUnit4Provider.invoke(JUnit4Provider.java:128)
	at org.apache.maven.surefire.booter.ForkedBooter.invokeProviderInSameClassLoader(ForkedBooter.java:203)
	at org.apache.maven.surefire.booter.ForkedBooter.runSuitesInProcess(ForkedBooter.java:155)
	at org.apache.maven.surefire.booter.ForkedBooter.main(ForkedBooter.java:103)
Caused by: java.time.DateTimeException: Invalid value for DayOfMonth (valid values 1 - 28/31): 0
	at java.time.temporal.ValueRange.checkValidIntValue(ValueRange.java:330)
	at java.time.temporal.ChronoField.checkValidIntValue(ChronoField.java:722)
	at java.time.chrono.IsoChronology.resolveYMD(IsoChronology.java:551)
	at java.time.chrono.IsoChronology.resolveYMD(IsoChronology.java:123)
	at java.time.chrono.AbstractChronology.resolveDate(AbstractChronology.java:472)
	at java.time.chrono.IsoChronology.resolveDate(IsoChronology.java:492)
	at java.time.chrono.IsoChronology.resolveDate(IsoChronology.java:123)
	at java.time.format.Parsed.resolveDateFields(Parsed.java:351)
	at java.time.format.Parsed.resolveFields(Parsed.java:257)
	at java.time.format.Parsed.resolve(Parsed.java:244)
	at java.time.format.DateTimeParseContext.toResolved(DateTimeParseContext.java:331)
	at java.time.format.DateTimeFormatter.parseResolved0(DateTimeFormatter.java:1955)
	at java.time.format.DateTimeFormatter.parse(DateTimeFormatter.java:1777)
	at io.debezium.connector.mysql.MySqlDefaultValuePreConverter.convertToLocalDateTime(MySqlDefaultValuePreConverter.java:129)
	at io.debezium.connector.mysql.MySqlDefaultValuePreConverter.convert(MySqlDefaultValuePreConverter.java:60)
	at io.debezium.connector.mysql.MySqlDdlParser.convertDefaultValueToSchemaType(MySqlDdlParser.java:810)
	at io.debezium.connector.mysql.MySqlDdlParser.parseCreateColumn(MySqlDdlParser.java:771)
	at io.debezium.connector.mysql.MySqlDdlParser.parseCreateDefinition(MySqlDdlParser.java:747)
	at io.debezium.connector.mysql.MySqlDdlParser.parseCreateDefinitionList(MySqlDdlParser.java:591)
	at io.debezium.connector.mysql.MySqlDdlParser.parseCreateTable(MySqlDdlParser.java:403)
	at io.debezium.connector.mysql.MySqlDdlParser.parseCreate(MySqlDdlParser.java:306)
	at io.debezium.connector.mysql.MySqlDdlParser.parseNextStatement(MySqlDdlParser.java:175)
	at io.debezium.relational.ddl.LegacyDdlParser.parse(LegacyDdlParser.java:219)
	at io.debezium.relational.ddl.LegacyDdlParser.parse(LegacyDdlParser.java:200)
	at io.debezium.connector.mysql.AbstractMysqlDefaultValueTest.parseTimeDefaultValue(AbstractMysqlDefaultValueTest.java:347)
	at sun.reflect.NativeMethodAccessorImpl.invoke0(Native Method)
	at sun.reflect.NativeMethodAccessorImpl.invoke(NativeMethodAccessorImpl.java:62)
	at sun.reflect.DelegatingMethodAccessorImpl.invoke(DelegatingMethodAccessorImpl.java:43)
	at java.lang.reflect.Method.invoke(Method.java:498)
	at org.junit.runners.model.FrameworkMethod$1.runReflectiveCall(FrameworkMethod.java:50)
	at org.junit.internal.runners.model.ReflectiveCallable.run(ReflectiveCallable.java:12)
	at org.junit.runners.model.FrameworkMethod.invokeExplosively(FrameworkMethod.java:47)
	at org.junit.internal.runners.statements.InvokeMethod.evaluate(InvokeMethod.java:17)
	at org.junit.internal.runners.statements.RunBefores.evaluate(RunBefores.java:26)
	at org.junit.runners.ParentRunner.runLeaf(ParentRunner.java:325)
	at org.junit.runners.BlockJUnit4ClassRunner.runChild(BlockJUnit4ClassRunner.java:78)
	at org.junit.runners.BlockJUnit4ClassRunner.runChild(BlockJUnit4ClassRunner.java:57)
	at org.junit.runners.ParentRunner$3.run(ParentRunner.java:290)
	at org.junit.runners.ParentRunner$1.schedule(ParentRunner.java:71)
	at org.junit.runners.ParentRunner.runChildren(ParentRunner.java:288)
	at org.junit.runners.ParentRunner.access$000(ParentRunner.java:58)
	at org.junit.runners.ParentRunner$2.evaluate(ParentRunner.java:268)
	at org.junit.runners.ParentRunner.run(ParentRunner.java:363)
	at org.apache.maven.surefire.junit4.JUnit4Provider.execute(JUnit4Provider.java:283)
	at org.apache.maven.surefire.junit4.JUnit4Provider.executeWithRerun(JUnit4Provider.java:173)
	at org.apache.maven.surefire.junit4.JUnit4Provider.executeTestSet(JUnit4Provider.java:153)
	at org.apache.maven.surefire.junit4.JUnit4Provider.invoke(JUnit4Provider.java:128)
	at org.apache.maven.surefire.booter.ForkedBooter.invokeProviderInSameClassLoader(ForkedBooter.java:203)
	at org.apache.maven.surefire.booter.ForkedBooter.runSuitesInProcess(ForkedBooter.java:155)
	at org.apache.maven.surefire.booter.ForkedBooter.main(ForkedBooter.java:103)

parseDateDefaultValue(io.debezium.connector.mysql.MysqlDefaultValueTest)  Time elapsed: 0.004 sec  <<< ERROR!
io.debezium.text.ParsingException: Unexpected exception while parsing statement CREATE TABLE DATE_TABLE (  A date NOT NULL DEFAULT '0000-00-00',  B date NOT NULL DEFAULT '2018-00-01',  C date NOT NULL DEFAULT '0000-12-31',  D date NOT NULL DEFAULT '2018-01-00',  E date NOT NULL DEFAULT '9999-09-09',  F date NOT NULL DEFAULT '1111-11-11',  G date NOT NULL DEFAULT '2018-08-31',  H date NOT NULL DEFAULT 0); at line 1, column 103
	at io.debezium.relational.ddl.LegacyDdlParser.parsingFailed(LegacyDdlParser.java:555)
	at io.debezium.relational.ddl.LegacyDdlParser.parse(LegacyDdlParser.java:227)
	at io.debezium.relational.ddl.LegacyDdlParser.parse(LegacyDdlParser.java:200)
	at io.debezium.connector.mysql.AbstractMysqlDefaultValueTest.parseDateDefaultValue(AbstractMysqlDefaultValueTest.java:378)
	at sun.reflect.NativeMethodAccessorImpl.invoke0(Native Method)
	at sun.reflect.NativeMethodAccessorImpl.invoke(NativeMethodAccessorImpl.java:62)
	at sun.reflect.DelegatingMethodAccessorImpl.invoke(DelegatingMethodAccessorImpl.java:43)
	at java.lang.reflect.Method.invoke(Method.java:498)
	at org.junit.runners.model.FrameworkMethod$1.runReflectiveCall(FrameworkMethod.java:50)
	at org.junit.internal.runners.model.ReflectiveCallable.run(ReflectiveCallable.java:12)
	at org.junit.runners.model.FrameworkMethod.invokeExplosively(FrameworkMethod.java:47)
	at org.junit.internal.runners.statements.InvokeMethod.evaluate(InvokeMethod.java:17)
	at org.junit.internal.runners.statements.RunBefores.evaluate(RunBefores.java:26)
	at org.junit.runners.ParentRunner.runLeaf(ParentRunner.java:325)
	at org.junit.runners.BlockJUnit4ClassRunner.runChild(BlockJUnit4ClassRunner.java:78)
	at org.junit.runners.BlockJUnit4ClassRunner.runChild(BlockJUnit4ClassRunner.java:57)
	at org.junit.runners.ParentRunner$3.run(ParentRunner.java:290)
	at org.junit.runners.ParentRunner$1.schedule(ParentRunner.java:71)
	at org.junit.runners.ParentRunner.runChildren(ParentRunner.java:288)
	at org.junit.runners.ParentRunner.access$000(ParentRunner.java:58)
	at org.junit.runners.ParentRunner$2.evaluate(ParentRunner.java:268)
	at org.junit.runners.ParentRunner.run(ParentRunner.java:363)
	at org.apache.maven.surefire.junit4.JUnit4Provider.execute(JUnit4Provider.java:283)
	at org.apache.maven.surefire.junit4.JUnit4Provider.executeWithRerun(JUnit4Provider.java:173)
	at org.apache.maven.surefire.junit4.JUnit4Provider.executeTestSet(JUnit4Provider.java:153)
	at org.apache.maven.surefire.junit4.JUnit4Provider.invoke(JUnit4Provider.java:128)
	at org.apache.maven.surefire.booter.ForkedBooter.invokeProviderInSameClassLoader(ForkedBooter.java:203)
	at org.apache.maven.surefire.booter.ForkedBooter.runSuitesInProcess(ForkedBooter.java:155)
	at org.apache.maven.surefire.booter.ForkedBooter.main(ForkedBooter.java:103)
Caused by: java.time.format.DateTimeParseException: Text '2018-00-01' could not be parsed: Invalid value for MonthOfYear (valid values 1 - 12): 0
	at java.time.format.DateTimeFormatter.createError(DateTimeFormatter.java:1920)
	at java.time.format.DateTimeFormatter.parse(DateTimeFormatter.java:1781)
	at io.debezium.connector.mysql.MySqlDefaultValuePreConverter.convertToLocalDate(MySqlDefaultValuePreConverter.java:107)
	at io.debezium.connector.mysql.MySqlDefaultValuePreConverter.convert(MySqlDefaultValuePreConverter.java:58)
	at io.debezium.connector.mysql.MySqlDdlParser.convertDefaultValueToSchemaType(MySqlDdlParser.java:810)
	at io.debezium.connector.mysql.MySqlDdlParser.parseCreateColumn(MySqlDdlParser.java:771)
	at io.debezium.connector.mysql.MySqlDdlParser.parseCreateDefinition(MySqlDdlParser.java:747)
	at io.debezium.connector.mysql.MySqlDdlParser.parseCreateDefinitionList(MySqlDdlParser.java:591)
	at io.debezium.connector.mysql.MySqlDdlParser.parseCreateTable(MySqlDdlParser.java:403)
	at io.debezium.connector.mysql.MySqlDdlParser.parseCreate(MySqlDdlParser.java:306)
	at io.debezium.connector.mysql.MySqlDdlParser.parseNextStatement(MySqlDdlParser.java:175)
	at io.debezium.relational.ddl.LegacyDdlParser.parse(LegacyDdlParser.java:219)
	at io.debezium.relational.ddl.LegacyDdlParser.parse(LegacyDdlParser.java:200)
	at io.debezium.connector.mysql.AbstractMysqlDefaultValueTest.parseDateDefaultValue(AbstractMysqlDefaultValueTest.java:378)
	at sun.reflect.NativeMethodAccessorImpl.invoke0(Native Method)
	at sun.reflect.NativeMethodAccessorImpl.invoke(NativeMethodAccessorImpl.java:62)
	at sun.reflect.DelegatingMethodAccessorImpl.invoke(DelegatingMethodAccessorImpl.java:43)
	at java.lang.reflect.Method.invoke(Method.java:498)
	at org.junit.runners.model.FrameworkMethod$1.runReflectiveCall(FrameworkMethod.java:50)
	at org.junit.internal.runners.model.ReflectiveCallable.run(ReflectiveCallable.java:12)
	at org.junit.runners.model.FrameworkMethod.invokeExplosively(FrameworkMethod.java:47)
	at org.junit.internal.runners.statements.InvokeMethod.evaluate(InvokeMethod.java:17)
	at org.junit.internal.runners.statements.RunBefores.evaluate(RunBefores.java:26)
	at org.junit.runners.ParentRunner.runLeaf(ParentRunner.java:325)
	at org.junit.runners.BlockJUnit4ClassRunner.runChild(BlockJUnit4ClassRunner.java:78)
	at org.junit.runners.BlockJUnit4ClassRunner.runChild(BlockJUnit4ClassRunner.java:57)
	at org.junit.runners.ParentRunner$3.run(ParentRunner.java:290)
	at org.junit.runners.ParentRunner$1.schedule(ParentRunner.java:71)
	at org.junit.runners.ParentRunner.runChildren(ParentRunner.java:288)
	at org.junit.runners.ParentRunner.access$000(ParentRunner.java:58)
	at org.junit.runners.ParentRunner$2.evaluate(ParentRunner.java:268)
	at org.junit.runners.ParentRunner.run(ParentRunner.java:363)
	at org.apache.maven.surefire.junit4.JUnit4Provider.execute(JUnit4Provider.java:283)
	at org.apache.maven.surefire.junit4.JUnit4Provider.executeWithRerun(JUnit4Provider.java:173)
	at org.apache.maven.surefire.junit4.JUnit4Provider.executeTestSet(JUnit4Provider.java:153)
	at org.apache.maven.surefire.junit4.JUnit4Provider.invoke(JUnit4Provider.java:128)
	at org.apache.maven.surefire.booter.ForkedBooter.invokeProviderInSameClassLoader(ForkedBooter.java:203)
	at org.apache.maven.surefire.booter.ForkedBooter.runSuitesInProcess(ForkedBooter.java:155)
	at org.apache.maven.surefire.booter.ForkedBooter.main(ForkedBooter.java:103)
Caused by: java.time.DateTimeException: Invalid value for MonthOfYear (valid values 1 - 12): 0
	at java.time.temporal.ValueRange.checkValidIntValue(ValueRange.java:330)
	at java.time.temporal.ChronoField.checkValidIntValue(ChronoField.java:722)
	at java.time.chrono.IsoChronology.resolveYMD(IsoChronology.java:550)
	at java.time.chrono.IsoChronology.resolveYMD(IsoChronology.java:123)
	at java.time.chrono.AbstractChronology.resolveDate(AbstractChronology.java:472)
	at java.time.chrono.IsoChronology.resolveDate(IsoChronology.java:492)
	at java.time.chrono.IsoChronology.resolveDate(IsoChronology.java:123)
	at java.time.format.Parsed.resolveDateFields(Parsed.java:351)
	at java.time.format.Parsed.resolveFields(Parsed.java:257)
	at java.time.format.Parsed.resolve(Parsed.java:244)
	at java.time.format.DateTimeParseContext.toResolved(DateTimeParseContext.java:331)
	at java.time.format.DateTimeFormatter.parseResolved0(DateTimeFormatter.java:1955)
	at java.time.format.DateTimeFormatter.parse(DateTimeFormatter.java:1777)
	at io.debezium.connector.mysql.MySqlDefaultValuePreConverter.convertToLocalDate(MySqlDefaultValuePreConverter.java:107)
	at io.debezium.connector.mysql.MySqlDefaultValuePreConverter.convert(MySqlDefaultValuePreConverter.java:58)
	at io.debezium.connector.mysql.MySqlDdlParser.convertDefaultValueToSchemaType(MySqlDdlParser.java:810)
	at io.debezium.connector.mysql.MySqlDdlParser.parseCreateColumn(MySqlDdlParser.java:771)
	at io.debezium.connector.mysql.MySqlDdlParser.parseCreateDefinition(MySqlDdlParser.java:747)
	at io.debezium.connector.mysql.MySqlDdlParser.parseCreateDefinitionList(MySqlDdlParser.java:591)
	at io.debezium.connector.mysql.MySqlDdlParser.parseCreateTable(MySqlDdlParser.java:403)
	at io.debezium.connector.mysql.MySqlDdlParser.parseCreate(MySqlDdlParser.java:306)
	at io.debezium.connector.mysql.MySqlDdlParser.parseNextStatement(MySqlDdlParser.java:175)
	at io.debezium.relational.ddl.LegacyDdlParser.parse(LegacyDdlParser.java:219)
	at io.debezium.relational.ddl.LegacyDdlParser.parse(LegacyDdlParser.java:200)
	at io.debezium.connector.mysql.AbstractMysqlDefaultValueTest.parseDateDefaultValue(AbstractMysqlDefaultValueTest.java:378)
	at sun.reflect.NativeMethodAccessorImpl.invoke0(Native Method)
	at sun.reflect.NativeMethodAccessorImpl.invoke(NativeMethodAccessorImpl.java:62)
	at sun.reflect.DelegatingMethodAccessorImpl.invoke(DelegatingMethodAccessorImpl.java:43)
	at java.lang.reflect.Method.invoke(Method.java:498)
	at org.junit.runners.model.FrameworkMethod$1.runReflectiveCall(FrameworkMethod.java:50)
	at org.junit.internal.runners.model.ReflectiveCallable.run(ReflectiveCallable.java:12)
	at org.junit.runners.model.FrameworkMethod.invokeExplosively(FrameworkMethod.java:47)
	at org.junit.internal.runners.statements.InvokeMethod.evaluate(InvokeMethod.java:17)
	at org.junit.internal.runners.statements.RunBefores.evaluate(RunBefores.java:26)
	at org.junit.runners.ParentRunner.runLeaf(ParentRunner.java:325)
	at org.junit.runners.BlockJUnit4ClassRunner.runChild(BlockJUnit4ClassRunner.java:78)
	at org.junit.runners.BlockJUnit4ClassRunner.runChild(BlockJUnit4ClassRunner.java:57)
	at org.junit.runners.ParentRunner$3.run(ParentRunner.java:290)
	at org.junit.runners.ParentRunner$1.schedule(ParentRunner.java:71)
	at org.junit.runners.ParentRunner.runChildren(ParentRunner.java:288)
	at org.junit.runners.ParentRunner.access$000(ParentRunner.java:58)
	at org.junit.runners.ParentRunner$2.evaluate(ParentRunner.java:268)
	at org.junit.runners.ParentRunner.run(ParentRunner.java:363)
	at org.apache.maven.surefire.junit4.JUnit4Provider.execute(JUnit4Provider.java:283)
	at org.apache.maven.surefire.junit4.JUnit4Provider.executeWithRerun(JUnit4Provider.java:173)
	at org.apache.maven.surefire.junit4.JUnit4Provider.executeTestSet(JUnit4Provider.java:153)
	at org.apache.maven.surefire.junit4.JUnit4Provider.invoke(JUnit4Provider.java:128)
	at org.apache.maven.surefire.booter.ForkedBooter.invokeProviderInSameClassLoader(ForkedBooter.java:203)
	at org.apache.maven.surefire.booter.ForkedBooter.runSuitesInProcess(ForkedBooter.java:155)
	at org.apache.maven.surefire.booter.ForkedBooter.main(ForkedBooter.java:103)

Running io.debezium.connector.mysql.SourceInfoTest
Tests run: 36, Failures: 0, Errors: 0, Skipped: 0, Time elapsed: 0.292 sec - in io.debezium.connector.mysql.SourceInfoTest
Running io.debezium.connector.mysql.TableConvertersTest
Tests run: 1, Failures: 0, Errors: 0, Skipped: 1, Time elapsed: 0 sec - in io.debezium.connector.mysql.TableConvertersTest
Running io.debezium.connector.mysql.MySqlAntlrDdlParserTest
2022-07-25 19:28:14,451 WARN   ||  Column is missing a character set: key VARCHAR(64) NOT NULL DEFAULT VALUE    [io.debezium.connector.mysql.MySqlValueConverters]
2022-07-25 19:28:14,452 WARN   ||  Using UTF-8 charset by default for column without charset: key VARCHAR(64) NOT NULL DEFAULT VALUE    [io.debezium.connector.mysql.MySqlValueConverters]
2022-07-25 19:28:14,487 WARN   ||  Column is missing a character set: STATE VARCHAR(256) NOT NULL DEFAULT VALUE NORMAL   [io.debezium.connector.mysql.MySqlValueConverters]
2022-07-25 19:28:14,487 WARN   ||  Using UTF-8 charset by default for column without charset: STATE VARCHAR(256) NOT NULL DEFAULT VALUE NORMAL   [io.debezium.connector.mysql.MySqlValueConverters]
2022-07-25 19:28:14,842 WARN   ||  Column is missing a character set: plugin CHAR(64) DEFAULT VALUE mysql_native_password   [io.debezium.connector.mysql.MySqlValueConverters]
2022-07-25 19:28:14,842 WARN   ||  Using UTF-8 charset by default for column without charset: plugin CHAR(64) DEFAULT VALUE mysql_native_password   [io.debezium.connector.mysql.MySqlValueConverters]
2022-07-25 19:28:14,845 WARN   ||  Column is missing a character set: dl CHAR(128) DEFAULT VALUE    [io.debezium.connector.mysql.MySqlValueConverters]
2022-07-25 19:28:14,845 WARN   ||  Using UTF-8 charset by default for column without charset: dl CHAR(128) DEFAULT VALUE    [io.debezium.connector.mysql.MySqlValueConverters]
2022-07-25 19:28:14,845 WARN   ||  Column is missing a character set: name VARCHAR(64) DEFAULT VALUE    [io.debezium.connector.mysql.MySqlValueConverters]
2022-07-25 19:28:14,845 WARN   ||  Using UTF-8 charset by default for column without charset: name VARCHAR(64) DEFAULT VALUE    [io.debezium.connector.mysql.MySqlValueConverters]
2022-07-25 19:28:14,846 WARN   ||  Column is missing a character set: dl VARCHAR(128) DEFAULT VALUE    [io.debezium.connector.mysql.MySqlValueConverters]
2022-07-25 19:28:14,846 WARN   ||  Using UTF-8 charset by default for column without charset: dl VARCHAR(128) DEFAULT VALUE    [io.debezium.connector.mysql.MySqlValueConverters]
2022-07-25 19:28:14,847 WARN   ||  Column is missing a character set: Server_name CHAR(64) NOT NULL DEFAULT VALUE    [io.debezium.connector.mysql.MySqlValueConverters]
2022-07-25 19:28:14,847 WARN   ||  Using UTF-8 charset by default for column without charset: Server_name CHAR(64) NOT NULL DEFAULT VALUE    [io.debezium.connector.mysql.MySqlValueConverters]
2022-07-25 19:28:14,847 WARN   ||  Column is missing a character set: Host CHAR(64) NOT NULL DEFAULT VALUE    [io.debezium.connector.mysql.MySqlValueConverters]
2022-07-25 19:28:14,847 WARN   ||  Using UTF-8 charset by default for column without charset: Host CHAR(64) NOT NULL DEFAULT VALUE    [io.debezium.connector.mysql.MySqlValueConverters]
2022-07-25 19:28:14,848 WARN   ||  Column is missing a character set: Db CHAR(64) NOT NULL DEFAULT VALUE    [io.debezium.connector.mysql.MySqlValueConverters]
2022-07-25 19:28:14,848 WARN   ||  Using UTF-8 charset by default for column without charset: Db CHAR(64) NOT NULL DEFAULT VALUE    [io.debezium.connector.mysql.MySqlValueConverters]
2022-07-25 19:28:14,848 WARN   ||  Column is missing a character set: Username CHAR(64) NOT NULL DEFAULT VALUE    [io.debezium.connector.mysql.MySqlValueConverters]
2022-07-25 19:28:14,848 WARN   ||  Using UTF-8 charset by default for column without charset: Username CHAR(64) NOT NULL DEFAULT VALUE    [io.debezium.connector.mysql.MySqlValueConverters]
2022-07-25 19:28:14,848 WARN   ||  Column is missing a character set: Password CHAR(64) NOT NULL DEFAULT VALUE    [io.debezium.connector.mysql.MySqlValueConverters]
2022-07-25 19:28:14,848 WARN   ||  Using UTF-8 charset by default for column without charset: Password CHAR(64) NOT NULL DEFAULT VALUE    [io.debezium.connector.mysql.MySqlValueConverters]
2022-07-25 19:28:14,849 WARN   ||  Column is missing a character set: Socket CHAR(64) NOT NULL DEFAULT VALUE    [io.debezium.connector.mysql.MySqlValueConverters]
2022-07-25 19:28:14,849 WARN   ||  Using UTF-8 charset by default for column without charset: Socket CHAR(64) NOT NULL DEFAULT VALUE    [io.debezium.connector.mysql.MySqlValueConverters]
2022-07-25 19:28:14,849 WARN   ||  Column is missing a character set: Wrapper CHAR(64) NOT NULL DEFAULT VALUE    [io.debezium.connector.mysql.MySqlValueConverters]
2022-07-25 19:28:14,849 WARN   ||  Using UTF-8 charset by default for column without charset: Wrapper CHAR(64) NOT NULL DEFAULT VALUE    [io.debezium.connector.mysql.MySqlValueConverters]
2022-07-25 19:28:14,849 WARN   ||  Column is missing a character set: Owner CHAR(64) NOT NULL DEFAULT VALUE    [io.debezium.connector.mysql.MySqlValueConverters]
2022-07-25 19:28:14,849 WARN   ||  Using UTF-8 charset by default for column without charset: Owner CHAR(64) NOT NULL DEFAULT VALUE    [io.debezium.connector.mysql.MySqlValueConverters]
2022-07-25 19:28:14,850 WARN   ||  Column is missing a character set: Grantor CHAR(77) DEFAULT VALUE    [io.debezium.connector.mysql.MySqlValueConverters]
2022-07-25 19:28:14,851 WARN   ||  Using UTF-8 charset by default for column without charset: Grantor CHAR(77) DEFAULT VALUE    [io.debezium.connector.mysql.MySqlValueConverters]
2022-07-25 19:28:14,859 WARN   ||  Column is missing a character set: Abbreviation CHAR(8) DEFAULT VALUE    [io.debezium.connector.mysql.MySqlValueConverters]
2022-07-25 19:28:14,859 WARN   ||  Using UTF-8 charset by default for column without charset: Abbreviation CHAR(8) DEFAULT VALUE    [io.debezium.connector.mysql.MySqlValueConverters]
2022-07-25 19:28:14,860 WARN   ||  Column is missing a character set: db CHAR(64) DEFAULT VALUE    [io.debezium.connector.mysql.MySqlValueConverters]
2022-07-25 19:28:14,860 WARN   ||  Using UTF-8 charset by default for column without charset: db CHAR(64) DEFAULT VALUE    [io.debezium.connector.mysql.MySqlValueConverters]
2022-07-25 19:28:14,860 WARN   ||  Column is missing a character set: name CHAR(64) DEFAULT VALUE    [io.debezium.connector.mysql.MySqlValueConverters]
2022-07-25 19:28:14,860 WARN   ||  Using UTF-8 charset by default for column without charset: name CHAR(64) DEFAULT VALUE    [io.debezium.connector.mysql.MySqlValueConverters]
2022-07-25 19:28:14,861 WARN   ||  Column is missing a character set: specific_name CHAR(64) DEFAULT VALUE    [io.debezium.connector.mysql.MySqlValueConverters]
2022-07-25 19:28:14,861 WARN   ||  Using UTF-8 charset by default for column without charset: specific_name CHAR(64) DEFAULT VALUE    [io.debezium.connector.mysql.MySqlValueConverters]
2022-07-25 19:28:14,862 WARN   ||  Column is missing a character set: definer CHAR(77) DEFAULT VALUE    [io.debezium.connector.mysql.MySqlValueConverters]
2022-07-25 19:28:14,862 WARN   ||  Using UTF-8 charset by default for column without charset: definer CHAR(77) DEFAULT VALUE    [io.debezium.connector.mysql.MySqlValueConverters]
2022-07-25 19:28:14,864 WARN   ||  Column is missing a character set: Routine_name CHAR(64) DEFAULT VALUE    [io.debezium.connector.mysql.MySqlValueConverters]
2022-07-25 19:28:14,864 WARN   ||  Using UTF-8 charset by default for column without charset: Routine_name CHAR(64) DEFAULT VALUE    [io.debezium.connector.mysql.MySqlValueConverters]
2022-07-25 19:28:14,865 WARN   ||  Column is missing a character set: Grantor CHAR(77) DEFAULT VALUE    [io.debezium.connector.mysql.MySqlValueConverters]
2022-07-25 19:28:14,865 WARN   ||  Using UTF-8 charset by default for column without charset: Grantor CHAR(77) DEFAULT VALUE    [io.debezium.connector.mysql.MySqlValueConverters]
2022-07-25 19:28:14,905 WARN   ||  Column is missing a character set: HOST CHAR(60) DEFAULT VALUE %   [io.debezium.connector.mysql.MySqlValueConverters]
2022-07-25 19:28:14,905 WARN   ||  Using UTF-8 charset by default for column without charset: HOST CHAR(60) DEFAULT VALUE %   [io.debezium.connector.mysql.MySqlValueConverters]
2022-07-25 19:28:14,905 WARN   ||  Column is missing a character set: USER CHAR(32) DEFAULT VALUE %   [io.debezium.connector.mysql.MySqlValueConverters]
2022-07-25 19:28:14,905 WARN   ||  Using UTF-8 charset by default for column without charset: USER CHAR(32) DEFAULT VALUE %   [io.debezium.connector.mysql.MySqlValueConverters]
2022-07-25 19:28:14,905 WARN   ||  Column is missing a character set: ROLE CHAR(16) DEFAULT VALUE %   [io.debezium.connector.mysql.MySqlValueConverters]
2022-07-25 19:28:14,905 WARN   ||  Using UTF-8 charset by default for column without charset: ROLE CHAR(16) DEFAULT VALUE %   [io.debezium.connector.mysql.MySqlValueConverters]
2022-07-25 19:28:14,907 WARN   ||  Column is missing a character set: OBJECT_SCHEMA VARCHAR(64) DEFAULT VALUE %   [io.debezium.connector.mysql.MySqlValueConverters]
2022-07-25 19:28:14,907 WARN   ||  Using UTF-8 charset by default for column without charset: OBJECT_SCHEMA VARCHAR(64) DEFAULT VALUE %   [io.debezium.connector.mysql.MySqlValueConverters]
2022-07-25 19:28:14,907 WARN   ||  Column is missing a character set: OBJECT_NAME VARCHAR(64) NOT NULL DEFAULT VALUE %   [io.debezium.connector.mysql.MySqlValueConverters]
2022-07-25 19:28:14,907 WARN   ||  Using UTF-8 charset by default for column without charset: OBJECT_NAME VARCHAR(64) NOT NULL DEFAULT VALUE %   [io.debezium.connector.mysql.MySqlValueConverters]
2022-07-25 19:28:14,980 WARN   ||  Column is missing a character set: Grantor CHAR(77) DEFAULT VALUE    [io.debezium.connector.mysql.MySqlValueConverters]
2022-07-25 19:28:14,980 WARN   ||  Using UTF-8 charset by default for column without charset: Grantor CHAR(77) DEFAULT VALUE    [io.debezium.connector.mysql.MySqlValueConverters]
2022-07-25 19:28:15,305 WARN   ||  Column is missing a character set: plugin CHAR(64) DEFAULT VALUE mysql_native_password   [io.debezium.connector.mysql.MySqlValueConverters]
2022-07-25 19:28:15,305 WARN   ||  Using UTF-8 charset by default for column without charset: plugin CHAR(64) DEFAULT VALUE mysql_native_password   [io.debezium.connector.mysql.MySqlValueConverters]
2022-07-25 19:28:15,458 WARN   ||  Column is missing a character set: column VARCHAR(255) NOT NULL DEFAULT VALUE    [io.debezium.connector.mysql.MySqlValueConverters]
2022-07-25 19:28:15,458 WARN   ||  Using UTF-8 charset by default for column without charset: column VARCHAR(255) NOT NULL DEFAULT VALUE    [io.debezium.connector.mysql.MySqlValueConverters]
2022-07-25 19:28:15,458 WARN   ||  Column is missing a character set: ghi VARCHAR(255) NOT NULL DEFAULT VALUE    [io.debezium.connector.mysql.MySqlValueConverters]
2022-07-25 19:28:15,458 WARN   ||  Using UTF-8 charset by default for column without charset: ghi VARCHAR(255) NOT NULL DEFAULT VALUE    [io.debezium.connector.mysql.MySqlValueConverters]
2022-07-25 19:28:15,458 WARN   ||  Column is missing a character set: jkl VARCHAR(255) NOT NULL DEFAULT VALUE    [io.debezium.connector.mysql.MySqlValueConverters]
2022-07-25 19:28:15,458 WARN   ||  Using UTF-8 charset by default for column without charset: jkl VARCHAR(255) NOT NULL DEFAULT VALUE    [io.debezium.connector.mysql.MySqlValueConverters]
2022-07-25 19:28:15,461 WARN   ||  Column is missing a character set: column VARCHAR(1023) NOT NULL DEFAULT VALUE    [io.debezium.connector.mysql.MySqlValueConverters]
2022-07-25 19:28:15,461 WARN   ||  Using UTF-8 charset by default for column without charset: column VARCHAR(1023) NOT NULL DEFAULT VALUE    [io.debezium.connector.mysql.MySqlValueConverters]
2022-07-25 19:28:15,465 WARN   ||  Column is missing a character set: column VARCHAR(1023) NOT NULL DEFAULT VALUE    [io.debezium.connector.mysql.MySqlValueConverters]
2022-07-25 19:28:15,465 WARN   ||  Using UTF-8 charset by default for column without charset: column VARCHAR(1023) NOT NULL DEFAULT VALUE    [io.debezium.connector.mysql.MySqlValueConverters]
2022-07-25 19:28:15,467 WARN   ||  Column is missing a character set: newcol VARCHAR(255) NOT NULL DEFAULT VALUE    [io.debezium.connector.mysql.MySqlValueConverters]
2022-07-25 19:28:15,467 WARN   ||  Using UTF-8 charset by default for column without charset: newcol VARCHAR(255) NOT NULL DEFAULT VALUE    [io.debezium.connector.mysql.MySqlValueConverters]
2022-07-25 19:28:15,475 WARN   ||  Column is missing a character set: column VARCHAR(255) NOT NULL DEFAULT VALUE    [io.debezium.connector.mysql.MySqlValueConverters]
2022-07-25 19:28:15,475 WARN   ||  Using UTF-8 charset by default for column without charset: column VARCHAR(255) NOT NULL DEFAULT VALUE    [io.debezium.connector.mysql.MySqlValueConverters]
2022-07-25 19:28:15,475 WARN   ||  Column is missing a character set: ghi VARCHAR(255) NOT NULL DEFAULT VALUE    [io.debezium.connector.mysql.MySqlValueConverters]
2022-07-25 19:28:15,476 WARN   ||  Using UTF-8 charset by default for column without charset: ghi VARCHAR(255) NOT NULL DEFAULT VALUE    [io.debezium.connector.mysql.MySqlValueConverters]
2022-07-25 19:28:15,476 WARN   ||  Column is missing a character set: jkl VARCHAR(255) NOT NULL DEFAULT VALUE    [io.debezium.connector.mysql.MySqlValueConverters]
2022-07-25 19:28:15,476 WARN   ||  Using UTF-8 charset by default for column without charset: jkl VARCHAR(255) NOT NULL DEFAULT VALUE    [io.debezium.connector.mysql.MySqlValueConverters]
2022-07-25 19:28:15,477 WARN   ||  Column is missing a character set: column VARCHAR(1023) NOT NULL DEFAULT VALUE    [io.debezium.connector.mysql.MySqlValueConverters]
2022-07-25 19:28:15,477 WARN   ||  Using UTF-8 charset by default for column without charset: column VARCHAR(1023) NOT NULL DEFAULT VALUE    [io.debezium.connector.mysql.MySqlValueConverters]
2022-07-25 19:28:15,479 WARN   ||  Column is missing a character set: column VARCHAR(1023) NOT NULL DEFAULT VALUE    [io.debezium.connector.mysql.MySqlValueConverters]
2022-07-25 19:28:15,480 WARN   ||  Using UTF-8 charset by default for column without charset: column VARCHAR(1023) NOT NULL DEFAULT VALUE    [io.debezium.connector.mysql.MySqlValueConverters]
2022-07-25 19:28:15,481 WARN   ||  Column is missing a character set: newcol VARCHAR(255) NOT NULL DEFAULT VALUE    [io.debezium.connector.mysql.MySqlValueConverters]
2022-07-25 19:28:15,481 WARN   ||  Using UTF-8 charset by default for column without charset: newcol VARCHAR(255) NOT NULL DEFAULT VALUE    [io.debezium.connector.mysql.MySqlValueConverters]
2022-07-25 19:28:18,312 WARN   ||  Column is missing a character set: columnA CHAR(60) NOT NULL DEFAULT VALUE A   [io.debezium.connector.mysql.MySqlValueConverters]
2022-07-25 19:28:18,312 WARN   ||  Using UTF-8 charset by default for column without charset: columnA CHAR(60) NOT NULL DEFAULT VALUE A   [io.debezium.connector.mysql.MySqlValueConverters]
2022-07-25 19:28:18,313 WARN   ||  Column is missing a character set: columnC VARCHAR(10) DEFAULT VALUE C   [io.debezium.connector.mysql.MySqlValueConverters]
2022-07-25 19:28:18,313 WARN   ||  Using UTF-8 charset by default for column without charset: columnC VARCHAR(10) DEFAULT VALUE C   [io.debezium.connector.mysql.MySqlValueConverters]
2022-07-25 19:28:18,378 WARN   ||  Column is missing a character set: ghi VARCHAR(255) NOT NULL DEFAULT VALUE    [io.debezium.connector.mysql.MySqlValueConverters]
2022-07-25 19:28:18,378 WARN   ||  Using UTF-8 charset by default for column without charset: ghi VARCHAR(255) NOT NULL DEFAULT VALUE    [io.debezium.connector.mysql.MySqlValueConverters]
2022-07-25 19:28:18,378 WARN   ||  Column is missing a character set: column VARCHAR(255) NOT NULL DEFAULT VALUE    [io.debezium.connector.mysql.MySqlValueConverters]
2022-07-25 19:28:18,378 WARN   ||  Using UTF-8 charset by default for column without charset: column VARCHAR(255) NOT NULL DEFAULT VALUE    [io.debezium.connector.mysql.MySqlValueConverters]
2022-07-25 19:28:18,422 WARN   ||  Column is missing a character set: plugin CHAR(64) DEFAULT VALUE mysql_native_password   [io.debezium.connector.mysql.MySqlValueConverters]
2022-07-25 19:28:18,422 WARN   ||  Using UTF-8 charset by default for column without charset: plugin CHAR(64) DEFAULT VALUE mysql_native_password   [io.debezium.connector.mysql.MySqlValueConverters]
2022-07-25 19:28:18,423 WARN   ||  Column is missing a character set: dl CHAR(128) DEFAULT VALUE    [io.debezium.connector.mysql.MySqlValueConverters]
2022-07-25 19:28:18,423 WARN   ||  Using UTF-8 charset by default for column without charset: dl CHAR(128) DEFAULT VALUE    [io.debezium.connector.mysql.MySqlValueConverters]
2022-07-25 19:28:18,424 WARN   ||  Column is missing a character set: name VARCHAR(64) DEFAULT VALUE    [io.debezium.connector.mysql.MySqlValueConverters]
2022-07-25 19:28:18,424 WARN   ||  Using UTF-8 charset by default for column without charset: name VARCHAR(64) DEFAULT VALUE    [io.debezium.connector.mysql.MySqlValueConverters]
2022-07-25 19:28:18,424 WARN   ||  Column is missing a character set: dl VARCHAR(128) DEFAULT VALUE    [io.debezium.connector.mysql.MySqlValueConverters]
2022-07-25 19:28:18,424 WARN   ||  Using UTF-8 charset by default for column without charset: dl VARCHAR(128) DEFAULT VALUE    [io.debezium.connector.mysql.MySqlValueConverters]
2022-07-25 19:28:18,425 WARN   ||  Column is missing a character set: Server_name CHAR(64) NOT NULL DEFAULT VALUE    [io.debezium.connector.mysql.MySqlValueConverters]
2022-07-25 19:28:18,425 WARN   ||  Using UTF-8 charset by default for column without charset: Server_name CHAR(64) NOT NULL DEFAULT VALUE    [io.debezium.connector.mysql.MySqlValueConverters]
2022-07-25 19:28:18,425 WARN   ||  Column is missing a character set: Host CHAR(64) NOT NULL DEFAULT VALUE    [io.debezium.connector.mysql.MySqlValueConverters]
2022-07-25 19:28:18,425 WARN   ||  Using UTF-8 charset by default for column without charset: Host CHAR(64) NOT NULL DEFAULT VALUE    [io.debezium.connector.mysql.MySqlValueConverters]
2022-07-25 19:28:18,425 WARN   ||  Column is missing a character set: Db CHAR(64) NOT NULL DEFAULT VALUE    [io.debezium.connector.mysql.MySqlValueConverters]
2022-07-25 19:28:18,425 WARN   ||  Using UTF-8 charset by default for column without charset: Db CHAR(64) NOT NULL DEFAULT VALUE    [io.debezium.connector.mysql.MySqlValueConverters]
2022-07-25 19:28:18,426 WARN   ||  Column is missing a character set: Username CHAR(64) NOT NULL DEFAULT VALUE    [io.debezium.connector.mysql.MySqlValueConverters]
2022-07-25 19:28:18,426 WARN   ||  Using UTF-8 charset by default for column without charset: Username CHAR(64) NOT NULL DEFAULT VALUE    [io.debezium.connector.mysql.MySqlValueConverters]
2022-07-25 19:28:18,426 WARN   ||  Column is missing a character set: Password CHAR(64) NOT NULL DEFAULT VALUE    [io.debezium.connector.mysql.MySqlValueConverters]
2022-07-25 19:28:18,427 WARN   ||  Using UTF-8 charset by default for column without charset: Password CHAR(64) NOT NULL DEFAULT VALUE    [io.debezium.connector.mysql.MySqlValueConverters]
2022-07-25 19:28:18,428 WARN   ||  Column is missing a character set: Socket CHAR(64) NOT NULL DEFAULT VALUE    [io.debezium.connector.mysql.MySqlValueConverters]
2022-07-25 19:28:18,428 WARN   ||  Using UTF-8 charset by default for column without charset: Socket CHAR(64) NOT NULL DEFAULT VALUE    [io.debezium.connector.mysql.MySqlValueConverters]
2022-07-25 19:28:18,428 WARN   ||  Column is missing a character set: Wrapper CHAR(64) NOT NULL DEFAULT VALUE    [io.debezium.connector.mysql.MySqlValueConverters]
2022-07-25 19:28:18,428 WARN   ||  Using UTF-8 charset by default for column without charset: Wrapper CHAR(64) NOT NULL DEFAULT VALUE    [io.debezium.connector.mysql.MySqlValueConverters]
2022-07-25 19:28:18,428 WARN   ||  Column is missing a character set: Owner CHAR(64) NOT NULL DEFAULT VALUE    [io.debezium.connector.mysql.MySqlValueConverters]
2022-07-25 19:28:18,428 WARN   ||  Using UTF-8 charset by default for column without charset: Owner CHAR(64) NOT NULL DEFAULT VALUE    [io.debezium.connector.mysql.MySqlValueConverters]
2022-07-25 19:28:18,429 WARN   ||  Column is missing a character set: Grantor CHAR(77) DEFAULT VALUE    [io.debezium.connector.mysql.MySqlValueConverters]
2022-07-25 19:28:18,429 WARN   ||  Using UTF-8 charset by default for column without charset: Grantor CHAR(77) DEFAULT VALUE    [io.debezium.connector.mysql.MySqlValueConverters]
2022-07-25 19:28:18,434 WARN   ||  Column is missing a character set: Abbreviation CHAR(8) DEFAULT VALUE    [io.debezium.connector.mysql.MySqlValueConverters]
2022-07-25 19:28:18,434 WARN   ||  Using UTF-8 charset by default for column without charset: Abbreviation CHAR(8) DEFAULT VALUE    [io.debezium.connector.mysql.MySqlValueConverters]
2022-07-25 19:28:18,435 WARN   ||  Column is missing a character set: db CHAR(64) DEFAULT VALUE    [io.debezium.connector.mysql.MySqlValueConverters]
2022-07-25 19:28:18,435 WARN   ||  Using UTF-8 charset by default for column without charset: db CHAR(64) DEFAULT VALUE    [io.debezium.connector.mysql.MySqlValueConverters]
2022-07-25 19:28:18,435 WARN   ||  Column is missing a character set: name CHAR(64) DEFAULT VALUE    [io.debezium.connector.mysql.MySqlValueConverters]
2022-07-25 19:28:18,435 WARN   ||  Using UTF-8 charset by default for column without charset: name CHAR(64) DEFAULT VALUE    [io.debezium.connector.mysql.MySqlValueConverters]
2022-07-25 19:28:18,436 WARN   ||  Column is missing a character set: specific_name CHAR(64) DEFAULT VALUE    [io.debezium.connector.mysql.MySqlValueConverters]
2022-07-25 19:28:18,436 WARN   ||  Using UTF-8 charset by default for column without charset: specific_name CHAR(64) DEFAULT VALUE    [io.debezium.connector.mysql.MySqlValueConverters]
2022-07-25 19:28:18,437 WARN   ||  Column is missing a character set: definer CHAR(77) DEFAULT VALUE    [io.debezium.connector.mysql.MySqlValueConverters]
2022-07-25 19:28:18,437 WARN   ||  Using UTF-8 charset by default for column without charset: definer CHAR(77) DEFAULT VALUE    [io.debezium.connector.mysql.MySqlValueConverters]
2022-07-25 19:28:18,438 WARN   ||  Column is missing a character set: Routine_name CHAR(64) DEFAULT VALUE    [io.debezium.connector.mysql.MySqlValueConverters]
2022-07-25 19:28:18,438 WARN   ||  Using UTF-8 charset by default for column without charset: Routine_name CHAR(64) DEFAULT VALUE    [io.debezium.connector.mysql.MySqlValueConverters]
2022-07-25 19:28:18,439 WARN   ||  Column is missing a character set: Grantor CHAR(77) DEFAULT VALUE    [io.debezium.connector.mysql.MySqlValueConverters]
2022-07-25 19:28:18,439 WARN   ||  Using UTF-8 charset by default for column without charset: Grantor CHAR(77) DEFAULT VALUE    [io.debezium.connector.mysql.MySqlValueConverters]
2022-07-25 19:28:18,464 WARN   ||  Column is missing a character set: HOST CHAR(60) DEFAULT VALUE %   [io.debezium.connector.mysql.MySqlValueConverters]
2022-07-25 19:28:18,464 WARN   ||  Using UTF-8 charset by default for column without charset: HOST CHAR(60) DEFAULT VALUE %   [io.debezium.connector.mysql.MySqlValueConverters]
2022-07-25 19:28:18,464 WARN   ||  Column is missing a character set: USER CHAR(16) DEFAULT VALUE %   [io.debezium.connector.mysql.MySqlValueConverters]
2022-07-25 19:28:18,464 WARN   ||  Using UTF-8 charset by default for column without charset: USER CHAR(16) DEFAULT VALUE %   [io.debezium.connector.mysql.MySqlValueConverters]
2022-07-25 19:28:18,464 WARN   ||  Column is missing a character set: ROLE CHAR(16) DEFAULT VALUE %   [io.debezium.connector.mysql.MySqlValueConverters]
2022-07-25 19:28:18,464 WARN   ||  Using UTF-8 charset by default for column without charset: ROLE CHAR(16) DEFAULT VALUE %   [io.debezium.connector.mysql.MySqlValueConverters]
2022-07-25 19:28:18,465 WARN   ||  Column is missing a character set: OBJECT_SCHEMA VARCHAR(64) DEFAULT VALUE %   [io.debezium.connector.mysql.MySqlValueConverters]
2022-07-25 19:28:18,465 WARN   ||  Using UTF-8 charset by default for column without charset: OBJECT_SCHEMA VARCHAR(64) DEFAULT VALUE %   [io.debezium.connector.mysql.MySqlValueConverters]
2022-07-25 19:28:18,465 WARN   ||  Column is missing a character set: OBJECT_NAME VARCHAR(64) NOT NULL DEFAULT VALUE %   [io.debezium.connector.mysql.MySqlValueConverters]
2022-07-25 19:28:18,465 WARN   ||  Using UTF-8 charset by default for column without charset: OBJECT_NAME VARCHAR(64) NOT NULL DEFAULT VALUE %   [io.debezium.connector.mysql.MySqlValueConverters]
2022-07-25 19:28:18,491 WARN   ||  Column is missing a character set: Grantor CHAR(77) DEFAULT VALUE    [io.debezium.connector.mysql.MySqlValueConverters]
2022-07-25 19:28:18,491 WARN   ||  Using UTF-8 charset by default for column without charset: Grantor CHAR(77) DEFAULT VALUE    [io.debezium.connector.mysql.MySqlValueConverters]
2022-07-25 19:28:18,890 WARN   ||  Column is missing a character set: MULTI_SOURCED CHAR(1) DEFAULT VALUE 0   [io.debezium.connector.mysql.MySqlValueConverters]
2022-07-25 19:28:18,890 WARN   ||  Using UTF-8 charset by default for column without charset: MULTI_SOURCED CHAR(1) DEFAULT VALUE 0   [io.debezium.connector.mysql.MySqlValueConverters]
2022-07-25 19:28:18,891 WARN   ||  Column is missing a character set: WSDL_DEFINED CHAR(1) DEFAULT VALUE 0   [io.debezium.connector.mysql.MySqlValueConverters]
2022-07-25 19:28:18,891 WARN   ||  Using UTF-8 charset by default for column without charset: WSDL_DEFINED CHAR(1) DEFAULT VALUE 0   [io.debezium.connector.mysql.MySqlValueConverters]
Tests run: 101, Failures: 0, Errors: 0, Skipped: 0, Time elapsed: 5.501 sec - in io.debezium.connector.mysql.MySqlAntlrDdlParserTest
Running io.debezium.connector.mysql.FiltersTest
Tests run: 22, Failures: 0, Errors: 0, Skipped: 0, Time elapsed: 0.054 sec - in io.debezium.connector.mysql.FiltersTest
Running io.debezium.connector.mysql.GtidSetTest
Tests run: 9, Failures: 0, Errors: 0, Skipped: 0, Time elapsed: 0.005 sec - in io.debezium.connector.mysql.GtidSetTest
Running io.debezium.connector.mysql.MySqlSchemaTest
2022-07-25 19:28:19,338 WARN   ||  Ignoring unparseable DDL statement 'xxxCREATE TABLE mytable
# Create the database that we'll use to populate data and watch the effect in the binlog
CREATE DATABASE connector_test;

# Create and populate our products using a single insert with many rows
CREATE TABLE connector_test.products (
  id INTEGER NOT NULL AUTO_INCREMENT PRIMARY KEY,
  name VARCHAR(255) NOT NULL,
  description VARCHAR(512),
  weight FLOAT
);
ALTER TABLE connector_test.products AUTO_INCREMENT = 101;

# Create and populate the products on hand using multiple inserts
CREATE TABLE connector_test.products_on_hand (
  product_id INTEGER NOT NULL PRIMARY KEY,
  quantity INTEGER NOT NULL,
  FOREIGN KEY (product_id) REFERENCES products(id)
);

# Create some customers ...
CREATE TABLE connector_test.customers (
  id INTEGER NOT NULL AUTO_INCREMENT PRIMARY KEY,
  first_name VARCHAR(255) NOT NULL,
  last_name VARCHAR(255) NOT NULL,
  email VARCHAR(255) NOT NULL UNIQUE KEY
) AUTO_INCREMENT=1001;

# Create some veyr simple orders
CREATE TABLE connector_test.orders (
  order_number INTEGER NOT NULL AUTO_INCREMENT PRIMARY KEY,
  order_date DATE NOT NULL,
  purchaser INTEGER NOT NULL,
  quantity INTEGER NOT NULL,
  product_id INTEGER NOT NULL,
  FOREIGN KEY order_customer (purchaser) REFERENCES customers(id),
  FOREIGN KEY ordered_product (product_id) REFERENCES products(id)
) AUTO_INCREMENT = 10001;': {}   [io.debezium.connector.mysql.MySqlSchema]
2022-07-25 19:28:19,345 WARN   ||  Ignoring unparseable statements 'xxxCREATE TABLE mytable
# Create the database that we'll use to populate data and watch the effect in the binlog
CREATE DATABASE connector_test;

# Create and populate our products using a single insert with many rows
CREATE TABLE connector_test.products (
  id INTEGER NOT NULL AUTO_INCREMENT PRIMARY KEY,
  name VARCHAR(255) NOT NULL,
  description VARCHAR(512),
  weight FLOAT
);
ALTER TABLE connector_test.products AUTO_INCREMENT = 101;

# Create and populate the products on hand using multiple inserts
CREATE TABLE connector_test.products_on_hand (
  product_id INTEGER NOT NULL PRIMARY KEY,
  quantity INTEGER NOT NULL,
  FOREIGN KEY (product_id) REFERENCES products(id)
);

# Create some customers ...
CREATE TABLE connector_test.customers (
  id INTEGER NOT NULL AUTO_INCREMENT PRIMARY KEY,
  first_name VARCHAR(255) NOT NULL,
  last_name VARCHAR(255) NOT NULL,
  email VARCHAR(255) NOT NULL UNIQUE KEY
) AUTO_INCREMENT=1001;

# Create some veyr simple orders
CREATE TABLE connector_test.orders (
  order_number INTEGER NOT NULL AUTO_INCREMENT PRIMARY KEY,
  order_date DATE NOT NULL,
  purchaser INTEGER NOT NULL,
  quantity INTEGER NOT NULL,
  product_id INTEGER NOT NULL,
  FOREIGN KEY order_customer (purchaser) REFERENCES customers(id),
  FOREIGN KEY ordered_product (product_id) REFERENCES products(id)
) AUTO_INCREMENT = 10001;' stored in database history: {}   [io.debezium.relational.history.FileDatabaseHistory]
io.debezium.text.ParsingException: Failed to parse statement 'xxxCREATE TABLE mytable
# Create the database that we'll use to populate data and watch the effect in the binlog
CREATE DATABASE connector_test;

# Create and populate our products using a single insert with many rows
CREATE TABLE connector_test.products (
  id INTEGER NOT NULL AUTO_INCREMENT PRIMARY KEY,
  name VARCHAR(255) NOT NULL,
  description VARCHAR(512),
  weight FLOAT
);
ALTER TABLE connector_test.products AUTO_INCREMENT = 101;

# Create and populate the products on hand using multiple inserts
CREATE TABLE connector_test.products_on_hand (
  product_id INTEGER NOT NULL PRIMARY KEY,
  quantity INTEGER NOT NULL,
  FOREIGN KEY (product_id) REFERENCES products(id)
);

# Create some customers ...
CREATE TABLE connector_test.customers (
  id INTEGER NOT NULL AUTO_INCREMENT PRIMARY KEY,
  first_name VARCHAR(255) NOT NULL,
  last_name VARCHAR(255) NOT NULL,
  email VARCHAR(255) NOT NULL UNIQUE KEY
) AUTO_INCREMENT=1001;

# Create some veyr simple orders
CREATE TABLE connector_test.orders (
  order_number INTEGER NOT NULL AUTO_INCREMENT PRIMARY KEY,
  order_date DATE NOT NULL,
  purchaser INTEGER NOT NULL,
  quantity INTEGER NOT NULL,
  product_id INTEGER NOT NULL,
  FOREIGN KEY order_customer (purchaser) REFERENCES customers(id),
  FOREIGN KEY ordered_product (product_id) REFERENCES products(id)
) AUTO_INCREMENT = 10001;'
	at io.debezium.relational.ddl.LegacyDdlParser.parse(LegacyDdlParser.java:225)
	at io.debezium.relational.ddl.LegacyDdlParser.parse(LegacyDdlParser.java:200)
	at io.debezium.relational.history.AbstractDatabaseHistory.lambda$recover$1(AbstractDatabaseHistory.java:104)
	at io.debezium.relational.history.FileDatabaseHistory.lambda$recoverRecords$2(FileDatabaseHistory.java:131)
	at io.debezium.util.FunctionalReadWriteLock.write(FunctionalReadWriteLock.java:96)
	at io.debezium.relational.history.FileDatabaseHistory.recoverRecords(FileDatabaseHistory.java:126)
	at io.debezium.relational.history.AbstractDatabaseHistory.recover(AbstractDatabaseHistory.java:73)
	at io.debezium.connector.mysql.MySqlSchema.loadHistory(MySqlSchema.java:250)
	at io.debezium.connector.mysql.MySqlSchemaTest.assertHistoryRecorded(MySqlSchemaTest.java:194)
	at io.debezium.connector.mysql.MySqlSchemaTest.shouldIgnoreUnparseableDdlAndRecover(MySqlSchemaTest.java:101)
	at sun.reflect.NativeMethodAccessorImpl.invoke0(Native Method)
	at sun.reflect.NativeMethodAccessorImpl.invoke(NativeMethodAccessorImpl.java:62)
	at sun.reflect.DelegatingMethodAccessorImpl.invoke(DelegatingMethodAccessorImpl.java:43)
	at java.lang.reflect.Method.invoke(Method.java:498)
	at org.junit.runners.model.FrameworkMethod$1.runReflectiveCall(FrameworkMethod.java:50)
	at org.junit.internal.runners.model.ReflectiveCallable.run(ReflectiveCallable.java:12)
	at org.junit.runners.model.FrameworkMethod.invokeExplosively(FrameworkMethod.java:47)
	at org.junit.internal.runners.statements.InvokeMethod.evaluate(InvokeMethod.java:17)
	at org.junit.internal.runners.statements.RunBefores.evaluate(RunBefores.java:26)
	at org.junit.internal.runners.statements.RunAfters.evaluate(RunAfters.java:27)
	at org.junit.runners.ParentRunner.runLeaf(ParentRunner.java:325)
	at org.junit.runners.BlockJUnit4ClassRunner.runChild(BlockJUnit4ClassRunner.java:78)
	at org.junit.runners.BlockJUnit4ClassRunner.runChild(BlockJUnit4ClassRunner.java:57)
	at org.junit.runners.ParentRunner$3.run(ParentRunner.java:290)
	at org.junit.runners.ParentRunner$1.schedule(ParentRunner.java:71)
	at org.junit.runners.ParentRunner.runChildren(ParentRunner.java:288)
	at org.junit.runners.ParentRunner.access$000(ParentRunner.java:58)
	at org.junit.runners.ParentRunner$2.evaluate(ParentRunner.java:268)
	at org.junit.runners.ParentRunner.run(ParentRunner.java:363)
	at org.apache.maven.surefire.junit4.JUnit4Provider.execute(JUnit4Provider.java:283)
	at org.apache.maven.surefire.junit4.JUnit4Provider.executeWithRerun(JUnit4Provider.java:173)
	at org.apache.maven.surefire.junit4.JUnit4Provider.executeTestSet(JUnit4Provider.java:153)
	at org.apache.maven.surefire.junit4.JUnit4Provider.invoke(JUnit4Provider.java:128)
	at org.apache.maven.surefire.booter.ForkedBooter.invokeProviderInSameClassLoader(ForkedBooter.java:203)
	at org.apache.maven.surefire.booter.ForkedBooter.runSuitesInProcess(ForkedBooter.java:155)
	at org.apache.maven.surefire.booter.ForkedBooter.main(ForkedBooter.java:103)
Caused by: io.debezium.text.ParsingException: Expecting token type 128 at line 1, column 1 but found 'xxxCREATE':  ===>> xxxCREATE TABLE myta
	at io.debezium.text.TokenStream.consume(TokenStream.java:750)
	at io.debezium.relational.ddl.LegacyDdlParser.consumeStatement(LegacyDdlParser.java:462)
	at io.debezium.relational.ddl.LegacyDdlParser.parseUnknownStatement(LegacyDdlParser.java:309)
	at io.debezium.connector.mysql.MySqlDdlParser.parseNextStatement(MySqlDdlParser.java:191)
	at io.debezium.relational.ddl.LegacyDdlParser.parse(LegacyDdlParser.java:219)
	... 35 more
2022-07-25 19:28:19,366 WARN   ||  Column is missing a character set: plugin CHAR(64) NOT NULL DEFAULT VALUE mysql_native_password   [io.debezium.connector.mysql.MySqlValueConverters]
2022-07-25 19:28:19,366 WARN   ||  Using UTF-8 charset by default for column without charset: plugin CHAR(64) NOT NULL DEFAULT VALUE mysql_native_password   [io.debezium.connector.mysql.MySqlValueConverters]
2022-07-25 19:28:19,367 WARN   ||  Column is missing a character set: dl CHAR(128) NOT NULL DEFAULT VALUE    [io.debezium.connector.mysql.MySqlValueConverters]
2022-07-25 19:28:19,367 WARN   ||  Using UTF-8 charset by default for column without charset: dl CHAR(128) NOT NULL DEFAULT VALUE    [io.debezium.connector.mysql.MySqlValueConverters]
2022-07-25 19:28:19,368 WARN   ||  Column is missing a character set: name VARCHAR(64) NOT NULL DEFAULT VALUE    [io.debezium.connector.mysql.MySqlValueConverters]
2022-07-25 19:28:19,368 WARN   ||  Using UTF-8 charset by default for column without charset: name VARCHAR(64) NOT NULL DEFAULT VALUE    [io.debezium.connector.mysql.MySqlValueConverters]
2022-07-25 19:28:19,368 WARN   ||  Column is missing a character set: dl VARCHAR(128) NOT NULL DEFAULT VALUE    [io.debezium.connector.mysql.MySqlValueConverters]
2022-07-25 19:28:19,368 WARN   ||  Using UTF-8 charset by default for column without charset: dl VARCHAR(128) NOT NULL DEFAULT VALUE    [io.debezium.connector.mysql.MySqlValueConverters]
2022-07-25 19:28:19,368 WARN   ||  Column is missing a character set: Server_name CHAR(64) NOT NULL DEFAULT VALUE    [io.debezium.connector.mysql.MySqlValueConverters]
2022-07-25 19:28:19,368 WARN   ||  Using UTF-8 charset by default for column without charset: Server_name CHAR(64) NOT NULL DEFAULT VALUE    [io.debezium.connector.mysql.MySqlValueConverters]
2022-07-25 19:28:19,369 WARN   ||  Column is missing a character set: Host CHAR(64) NOT NULL DEFAULT VALUE    [io.debezium.connector.mysql.MySqlValueConverters]
2022-07-25 19:28:19,369 WARN   ||  Using UTF-8 charset by default for column without charset: Host CHAR(64) NOT NULL DEFAULT VALUE    [io.debezium.connector.mysql.MySqlValueConverters]
2022-07-25 19:28:19,369 WARN   ||  Column is missing a character set: Db CHAR(64) NOT NULL DEFAULT VALUE    [io.debezium.connector.mysql.MySqlValueConverters]
2022-07-25 19:28:19,369 WARN   ||  Using UTF-8 charset by default for column without charset: Db CHAR(64) NOT NULL DEFAULT VALUE    [io.debezium.connector.mysql.MySqlValueConverters]
2022-07-25 19:28:19,369 WARN   ||  Column is missing a character set: Username CHAR(64) NOT NULL DEFAULT VALUE    [io.debezium.connector.mysql.MySqlValueConverters]
2022-07-25 19:28:19,369 WARN   ||  Using UTF-8 charset by default for column without charset: Username CHAR(64) NOT NULL DEFAULT VALUE    [io.debezium.connector.mysql.MySqlValueConverters]
2022-07-25 19:28:19,369 WARN   ||  Column is missing a character set: Password CHAR(64) NOT NULL DEFAULT VALUE    [io.debezium.connector.mysql.MySqlValueConverters]
2022-07-25 19:28:19,369 WARN   ||  Using UTF-8 charset by default for column without charset: Password CHAR(64) NOT NULL DEFAULT VALUE    [io.debezium.connector.mysql.MySqlValueConverters]
2022-07-25 19:28:19,369 WARN   ||  Column is missing a character set: Socket CHAR(64) NOT NULL DEFAULT VALUE    [io.debezium.connector.mysql.MySqlValueConverters]
2022-07-25 19:28:19,369 WARN   ||  Using UTF-8 charset by default for column without charset: Socket CHAR(64) NOT NULL DEFAULT VALUE    [io.debezium.connector.mysql.MySqlValueConverters]
2022-07-25 19:28:19,369 WARN   ||  Column is missing a character set: Wrapper CHAR(64) NOT NULL DEFAULT VALUE    [io.debezium.connector.mysql.MySqlValueConverters]
2022-07-25 19:28:19,369 WARN   ||  Using UTF-8 charset by default for column without charset: Wrapper CHAR(64) NOT NULL DEFAULT VALUE    [io.debezium.connector.mysql.MySqlValueConverters]
2022-07-25 19:28:19,369 WARN   ||  Column is missing a character set: Owner CHAR(64) NOT NULL DEFAULT VALUE    [io.debezium.connector.mysql.MySqlValueConverters]
2022-07-25 19:28:19,369 WARN   ||  Using UTF-8 charset by default for column without charset: Owner CHAR(64) NOT NULL DEFAULT VALUE    [io.debezium.connector.mysql.MySqlValueConverters]
2022-07-25 19:28:19,370 WARN   ||  Column is missing a character set: Grantor CHAR(77) NOT NULL DEFAULT VALUE    [io.debezium.connector.mysql.MySqlValueConverters]
2022-07-25 19:28:19,370 WARN   ||  Using UTF-8 charset by default for column without charset: Grantor CHAR(77) NOT NULL DEFAULT VALUE    [io.debezium.connector.mysql.MySqlValueConverters]
2022-07-25 19:28:19,374 WARN   ||  Column is missing a character set: Abbreviation CHAR(8) NOT NULL DEFAULT VALUE    [io.debezium.connector.mysql.MySqlValueConverters]
2022-07-25 19:28:19,374 WARN   ||  Using UTF-8 charset by default for column without charset: Abbreviation CHAR(8) NOT NULL DEFAULT VALUE    [io.debezium.connector.mysql.MySqlValueConverters]
2022-07-25 19:28:19,374 WARN   ||  Column is missing a character set: db CHAR(64) NOT NULL DEFAULT VALUE    [io.debezium.connector.mysql.MySqlValueConverters]
2022-07-25 19:28:19,374 WARN   ||  Using UTF-8 charset by default for column without charset: db CHAR(64) NOT NULL DEFAULT VALUE    [io.debezium.connector.mysql.MySqlValueConverters]
2022-07-25 19:28:19,374 WARN   ||  Column is missing a character set: name CHAR(64) NOT NULL DEFAULT VALUE    [io.debezium.connector.mysql.MySqlValueConverters]
2022-07-25 19:28:19,374 WARN   ||  Using UTF-8 charset by default for column without charset: name CHAR(64) NOT NULL DEFAULT VALUE    [io.debezium.connector.mysql.MySqlValueConverters]
2022-07-25 19:28:19,374 WARN   ||  Column is missing a character set: specific_name CHAR(64) NOT NULL DEFAULT VALUE    [io.debezium.connector.mysql.MySqlValueConverters]
2022-07-25 19:28:19,375 WARN   ||  Using UTF-8 charset by default for column without charset: specific_name CHAR(64) NOT NULL DEFAULT VALUE    [io.debezium.connector.mysql.MySqlValueConverters]
2022-07-25 19:28:19,375 WARN   ||  Column is missing a character set: definer CHAR(77) NOT NULL DEFAULT VALUE    [io.debezium.connector.mysql.MySqlValueConverters]
2022-07-25 19:28:19,375 WARN   ||  Using UTF-8 charset by default for column without charset: definer CHAR(77) NOT NULL DEFAULT VALUE    [io.debezium.connector.mysql.MySqlValueConverters]
2022-07-25 19:28:19,376 WARN   ||  Column is missing a character set: Routine_name CHAR(64) NOT NULL DEFAULT VALUE    [io.debezium.connector.mysql.MySqlValueConverters]
2022-07-25 19:28:19,376 WARN   ||  Using UTF-8 charset by default for column without charset: Routine_name CHAR(64) NOT NULL DEFAULT VALUE    [io.debezium.connector.mysql.MySqlValueConverters]
2022-07-25 19:28:19,376 WARN   ||  Column is missing a character set: Grantor CHAR(77) NOT NULL DEFAULT VALUE    [io.debezium.connector.mysql.MySqlValueConverters]
2022-07-25 19:28:19,376 WARN   ||  Using UTF-8 charset by default for column without charset: Grantor CHAR(77) NOT NULL DEFAULT VALUE    [io.debezium.connector.mysql.MySqlValueConverters]
2022-07-25 19:28:19,395 WARN   ||  Column is missing a character set: HOST CHAR(60) NOT NULL DEFAULT VALUE %   [io.debezium.connector.mysql.MySqlValueConverters]
2022-07-25 19:28:19,396 WARN   ||  Using UTF-8 charset by default for column without charset: HOST CHAR(60) NOT NULL DEFAULT VALUE %   [io.debezium.connector.mysql.MySqlValueConverters]
2022-07-25 19:28:19,396 WARN   ||  Column is missing a character set: USER CHAR(32) NOT NULL DEFAULT VALUE %   [io.debezium.connector.mysql.MySqlValueConverters]
2022-07-25 19:28:19,396 WARN   ||  Using UTF-8 charset by default for column without charset: USER CHAR(32) NOT NULL DEFAULT VALUE %   [io.debezium.connector.mysql.MySqlValueConverters]
2022-07-25 19:28:19,396 WARN   ||  Column is missing a character set: ROLE CHAR(16) NOT NULL DEFAULT VALUE %   [io.debezium.connector.mysql.MySqlValueConverters]
2022-07-25 19:28:19,396 WARN   ||  Using UTF-8 charset by default for column without charset: ROLE CHAR(16) NOT NULL DEFAULT VALUE %   [io.debezium.connector.mysql.MySqlValueConverters]
2022-07-25 19:28:19,396 WARN   ||  Column is missing a character set: OBJECT_SCHEMA VARCHAR(64) DEFAULT VALUE %   [io.debezium.connector.mysql.MySqlValueConverters]
2022-07-25 19:28:19,396 WARN   ||  Using UTF-8 charset by default for column without charset: OBJECT_SCHEMA VARCHAR(64) DEFAULT VALUE %   [io.debezium.connector.mysql.MySqlValueConverters]
2022-07-25 19:28:19,396 WARN   ||  Column is missing a character set: OBJECT_NAME VARCHAR(64) NOT NULL DEFAULT VALUE %   [io.debezium.connector.mysql.MySqlValueConverters]
2022-07-25 19:28:19,396 WARN   ||  Using UTF-8 charset by default for column without charset: OBJECT_NAME VARCHAR(64) NOT NULL DEFAULT VALUE %   [io.debezium.connector.mysql.MySqlValueConverters]
2022-07-25 19:28:19,431 WARN   ||  Column is missing a character set: Grantor CHAR(77) NOT NULL DEFAULT VALUE    [io.debezium.connector.mysql.MySqlValueConverters]
2022-07-25 19:28:19,431 WARN   ||  Using UTF-8 charset by default for column without charset: Grantor CHAR(77) NOT NULL DEFAULT VALUE    [io.debezium.connector.mysql.MySqlValueConverters]
2022-07-25 19:28:19,469 WARN   ||  Column is missing a character set: plugin CHAR(64) NOT NULL DEFAULT VALUE mysql_native_password   [io.debezium.connector.mysql.MySqlValueConverters]
2022-07-25 19:28:19,469 WARN   ||  Using UTF-8 charset by default for column without charset: plugin CHAR(64) NOT NULL DEFAULT VALUE mysql_native_password   [io.debezium.connector.mysql.MySqlValueConverters]
2022-07-25 19:28:19,470 WARN   ||  Column is missing a character set: dl CHAR(128) NOT NULL DEFAULT VALUE    [io.debezium.connector.mysql.MySqlValueConverters]
2022-07-25 19:28:19,470 WARN   ||  Using UTF-8 charset by default for column without charset: dl CHAR(128) NOT NULL DEFAULT VALUE    [io.debezium.connector.mysql.MySqlValueConverters]
2022-07-25 19:28:19,471 WARN   ||  Column is missing a character set: name VARCHAR(64) NOT NULL DEFAULT VALUE    [io.debezium.connector.mysql.MySqlValueConverters]
2022-07-25 19:28:19,471 WARN   ||  Using UTF-8 charset by default for column without charset: name VARCHAR(64) NOT NULL DEFAULT VALUE    [io.debezium.connector.mysql.MySqlValueConverters]
2022-07-25 19:28:19,471 WARN   ||  Column is missing a character set: dl VARCHAR(128) NOT NULL DEFAULT VALUE    [io.debezium.connector.mysql.MySqlValueConverters]
2022-07-25 19:28:19,471 WARN   ||  Using UTF-8 charset by default for column without charset: dl VARCHAR(128) NOT NULL DEFAULT VALUE    [io.debezium.connector.mysql.MySqlValueConverters]
2022-07-25 19:28:19,471 WARN   ||  Column is missing a character set: Server_name CHAR(64) NOT NULL DEFAULT VALUE    [io.debezium.connector.mysql.MySqlValueConverters]
2022-07-25 19:28:19,471 WARN   ||  Using UTF-8 charset by default for column without charset: Server_name CHAR(64) NOT NULL DEFAULT VALUE    [io.debezium.connector.mysql.MySqlValueConverters]
2022-07-25 19:28:19,471 WARN   ||  Column is missing a character set: Host CHAR(64) NOT NULL DEFAULT VALUE    [io.debezium.connector.mysql.MySqlValueConverters]
2022-07-25 19:28:19,471 WARN   ||  Using UTF-8 charset by default for column without charset: Host CHAR(64) NOT NULL DEFAULT VALUE    [io.debezium.connector.mysql.MySqlValueConverters]
2022-07-25 19:28:19,472 WARN   ||  Column is missing a character set: Db CHAR(64) NOT NULL DEFAULT VALUE    [io.debezium.connector.mysql.MySqlValueConverters]
2022-07-25 19:28:19,472 WARN   ||  Using UTF-8 charset by default for column without charset: Db CHAR(64) NOT NULL DEFAULT VALUE    [io.debezium.connector.mysql.MySqlValueConverters]
2022-07-25 19:28:19,472 WARN   ||  Column is missing a character set: Username CHAR(64) NOT NULL DEFAULT VALUE    [io.debezium.connector.mysql.MySqlValueConverters]
2022-07-25 19:28:19,472 WARN   ||  Using UTF-8 charset by default for column without charset: Username CHAR(64) NOT NULL DEFAULT VALUE    [io.debezium.connector.mysql.MySqlValueConverters]
2022-07-25 19:28:19,472 WARN   ||  Column is missing a character set: Password CHAR(64) NOT NULL DEFAULT VALUE    [io.debezium.connector.mysql.MySqlValueConverters]
2022-07-25 19:28:19,472 WARN   ||  Using UTF-8 charset by default for column without charset: Password CHAR(64) NOT NULL DEFAULT VALUE    [io.debezium.connector.mysql.MySqlValueConverters]
2022-07-25 19:28:19,472 WARN   ||  Column is missing a character set: Socket CHAR(64) NOT NULL DEFAULT VALUE    [io.debezium.connector.mysql.MySqlValueConverters]
2022-07-25 19:28:19,472 WARN   ||  Using UTF-8 charset by default for column without charset: Socket CHAR(64) NOT NULL DEFAULT VALUE    [io.debezium.connector.mysql.MySqlValueConverters]
2022-07-25 19:28:19,472 WARN   ||  Column is missing a character set: Wrapper CHAR(64) NOT NULL DEFAULT VALUE    [io.debezium.connector.mysql.MySqlValueConverters]
2022-07-25 19:28:19,472 WARN   ||  Using UTF-8 charset by default for column without charset: Wrapper CHAR(64) NOT NULL DEFAULT VALUE    [io.debezium.connector.mysql.MySqlValueConverters]
2022-07-25 19:28:19,473 WARN   ||  Column is missing a character set: Owner CHAR(64) NOT NULL DEFAULT VALUE    [io.debezium.connector.mysql.MySqlValueConverters]
2022-07-25 19:28:19,473 WARN   ||  Using UTF-8 charset by default for column without charset: Owner CHAR(64) NOT NULL DEFAULT VALUE    [io.debezium.connector.mysql.MySqlValueConverters]
2022-07-25 19:28:19,473 WARN   ||  Column is missing a character set: Grantor CHAR(77) NOT NULL DEFAULT VALUE    [io.debezium.connector.mysql.MySqlValueConverters]
2022-07-25 19:28:19,473 WARN   ||  Using UTF-8 charset by default for column without charset: Grantor CHAR(77) NOT NULL DEFAULT VALUE    [io.debezium.connector.mysql.MySqlValueConverters]
2022-07-25 19:28:19,477 WARN   ||  Column is missing a character set: Abbreviation CHAR(8) NOT NULL DEFAULT VALUE    [io.debezium.connector.mysql.MySqlValueConverters]
2022-07-25 19:28:19,478 WARN   ||  Using UTF-8 charset by default for column without charset: Abbreviation CHAR(8) NOT NULL DEFAULT VALUE    [io.debezium.connector.mysql.MySqlValueConverters]
2022-07-25 19:28:19,478 WARN   ||  Column is missing a character set: db CHAR(64) NOT NULL DEFAULT VALUE    [io.debezium.connector.mysql.MySqlValueConverters]
2022-07-25 19:28:19,478 WARN   ||  Using UTF-8 charset by default for column without charset: db CHAR(64) NOT NULL DEFAULT VALUE    [io.debezium.connector.mysql.MySqlValueConverters]
2022-07-25 19:28:19,478 WARN   ||  Column is missing a character set: name CHAR(64) NOT NULL DEFAULT VALUE    [io.debezium.connector.mysql.MySqlValueConverters]
2022-07-25 19:28:19,478 WARN   ||  Using UTF-8 charset by default for column without charset: name CHAR(64) NOT NULL DEFAULT VALUE    [io.debezium.connector.mysql.MySqlValueConverters]
2022-07-25 19:28:19,479 WARN   ||  Column is missing a character set: specific_name CHAR(64) NOT NULL DEFAULT VALUE    [io.debezium.connector.mysql.MySqlValueConverters]
2022-07-25 19:28:19,479 WARN   ||  Using UTF-8 charset by default for column without charset: specific_name CHAR(64) NOT NULL DEFAULT VALUE    [io.debezium.connector.mysql.MySqlValueConverters]
2022-07-25 19:28:19,479 WARN   ||  Column is missing a character set: definer CHAR(77) NOT NULL DEFAULT VALUE    [io.debezium.connector.mysql.MySqlValueConverters]
2022-07-25 19:28:19,479 WARN   ||  Using UTF-8 charset by default for column without charset: definer CHAR(77) NOT NULL DEFAULT VALUE    [io.debezium.connector.mysql.MySqlValueConverters]
2022-07-25 19:28:19,481 WARN   ||  Column is missing a character set: Routine_name CHAR(64) NOT NULL DEFAULT VALUE    [io.debezium.connector.mysql.MySqlValueConverters]
2022-07-25 19:28:19,481 WARN   ||  Using UTF-8 charset by default for column without charset: Routine_name CHAR(64) NOT NULL DEFAULT VALUE    [io.debezium.connector.mysql.MySqlValueConverters]
2022-07-25 19:28:19,481 WARN   ||  Column is missing a character set: Grantor CHAR(77) NOT NULL DEFAULT VALUE    [io.debezium.connector.mysql.MySqlValueConverters]
2022-07-25 19:28:19,481 WARN   ||  Using UTF-8 charset by default for column without charset: Grantor CHAR(77) NOT NULL DEFAULT VALUE    [io.debezium.connector.mysql.MySqlValueConverters]
2022-07-25 19:28:19,508 WARN   ||  Column is missing a character set: HOST CHAR(60) NOT NULL DEFAULT VALUE %   [io.debezium.connector.mysql.MySqlValueConverters]
2022-07-25 19:28:19,508 WARN   ||  Using UTF-8 charset by default for column without charset: HOST CHAR(60) NOT NULL DEFAULT VALUE %   [io.debezium.connector.mysql.MySqlValueConverters]
2022-07-25 19:28:19,508 WARN   ||  Column is missing a character set: USER CHAR(32) NOT NULL DEFAULT VALUE %   [io.debezium.connector.mysql.MySqlValueConverters]
2022-07-25 19:28:19,509 WARN   ||  Using UTF-8 charset by default for column without charset: USER CHAR(32) NOT NULL DEFAULT VALUE %   [io.debezium.connector.mysql.MySqlValueConverters]
2022-07-25 19:28:19,509 WARN   ||  Column is missing a character set: ROLE CHAR(16) NOT NULL DEFAULT VALUE %   [io.debezium.connector.mysql.MySqlValueConverters]
2022-07-25 19:28:19,509 WARN   ||  Using UTF-8 charset by default for column without charset: ROLE CHAR(16) NOT NULL DEFAULT VALUE %   [io.debezium.connector.mysql.MySqlValueConverters]
2022-07-25 19:28:19,510 WARN   ||  Column is missing a character set: OBJECT_SCHEMA VARCHAR(64) DEFAULT VALUE %   [io.debezium.connector.mysql.MySqlValueConverters]
2022-07-25 19:28:19,510 WARN   ||  Using UTF-8 charset by default for column without charset: OBJECT_SCHEMA VARCHAR(64) DEFAULT VALUE %   [io.debezium.connector.mysql.MySqlValueConverters]
2022-07-25 19:28:19,510 WARN   ||  Column is missing a character set: OBJECT_NAME VARCHAR(64) NOT NULL DEFAULT VALUE %   [io.debezium.connector.mysql.MySqlValueConverters]
2022-07-25 19:28:19,510 WARN   ||  Using UTF-8 charset by default for column without charset: OBJECT_NAME VARCHAR(64) NOT NULL DEFAULT VALUE %   [io.debezium.connector.mysql.MySqlValueConverters]
2022-07-25 19:28:19,549 WARN   ||  Column is missing a character set: Grantor CHAR(77) NOT NULL DEFAULT VALUE    [io.debezium.connector.mysql.MySqlValueConverters]
2022-07-25 19:28:19,549 WARN   ||  Using UTF-8 charset by default for column without charset: Grantor CHAR(77) NOT NULL DEFAULT VALUE    [io.debezium.connector.mysql.MySqlValueConverters]
2022-07-25 19:28:19,566 WARN   ||  Column is missing a character set: plugin CHAR(64) NOT NULL DEFAULT VALUE mysql_native_password   [io.debezium.connector.mysql.MySqlValueConverters]
2022-07-25 19:28:19,566 WARN   ||  Using UTF-8 charset by default for column without charset: plugin CHAR(64) NOT NULL DEFAULT VALUE mysql_native_password   [io.debezium.connector.mysql.MySqlValueConverters]
2022-07-25 19:28:19,567 WARN   ||  Column is missing a character set: dl CHAR(128) NOT NULL DEFAULT VALUE    [io.debezium.connector.mysql.MySqlValueConverters]
2022-07-25 19:28:19,567 WARN   ||  Using UTF-8 charset by default for column without charset: dl CHAR(128) NOT NULL DEFAULT VALUE    [io.debezium.connector.mysql.MySqlValueConverters]
2022-07-25 19:28:19,567 WARN   ||  Column is missing a character set: name VARCHAR(64) NOT NULL DEFAULT VALUE    [io.debezium.connector.mysql.MySqlValueConverters]
2022-07-25 19:28:19,567 WARN   ||  Using UTF-8 charset by default for column without charset: name VARCHAR(64) NOT NULL DEFAULT VALUE    [io.debezium.connector.mysql.MySqlValueConverters]
2022-07-25 19:28:19,567 WARN   ||  Column is missing a character set: dl VARCHAR(128) NOT NULL DEFAULT VALUE    [io.debezium.connector.mysql.MySqlValueConverters]
2022-07-25 19:28:19,568 WARN   ||  Using UTF-8 charset by default for column without charset: dl VARCHAR(128) NOT NULL DEFAULT VALUE    [io.debezium.connector.mysql.MySqlValueConverters]
2022-07-25 19:28:19,568 WARN   ||  Column is missing a character set: Server_name CHAR(64) NOT NULL DEFAULT VALUE    [io.debezium.connector.mysql.MySqlValueConverters]
2022-07-25 19:28:19,568 WARN   ||  Using UTF-8 charset by default for column without charset: Server_name CHAR(64) NOT NULL DEFAULT VALUE    [io.debezium.connector.mysql.MySqlValueConverters]
2022-07-25 19:28:19,568 WARN   ||  Column is missing a character set: Host CHAR(64) NOT NULL DEFAULT VALUE    [io.debezium.connector.mysql.MySqlValueConverters]
2022-07-25 19:28:19,568 WARN   ||  Using UTF-8 charset by default for column without charset: Host CHAR(64) NOT NULL DEFAULT VALUE    [io.debezium.connector.mysql.MySqlValueConverters]
2022-07-25 19:28:19,568 WARN   ||  Column is missing a character set: Db CHAR(64) NOT NULL DEFAULT VALUE    [io.debezium.connector.mysql.MySqlValueConverters]
2022-07-25 19:28:19,568 WARN   ||  Using UTF-8 charset by default for column without charset: Db CHAR(64) NOT NULL DEFAULT VALUE    [io.debezium.connector.mysql.MySqlValueConverters]
2022-07-25 19:28:19,568 WARN   ||  Column is missing a character set: Username CHAR(64) NOT NULL DEFAULT VALUE    [io.debezium.connector.mysql.MySqlValueConverters]
2022-07-25 19:28:19,568 WARN   ||  Using UTF-8 charset by default for column without charset: Username CHAR(64) NOT NULL DEFAULT VALUE    [io.debezium.connector.mysql.MySqlValueConverters]
2022-07-25 19:28:19,568 WARN   ||  Column is missing a character set: Password CHAR(64) NOT NULL DEFAULT VALUE    [io.debezium.connector.mysql.MySqlValueConverters]
2022-07-25 19:28:19,568 WARN   ||  Using UTF-8 charset by default for column without charset: Password CHAR(64) NOT NULL DEFAULT VALUE    [io.debezium.connector.mysql.MySqlValueConverters]
2022-07-25 19:28:19,568 WARN   ||  Column is missing a character set: Socket CHAR(64) NOT NULL DEFAULT VALUE    [io.debezium.connector.mysql.MySqlValueConverters]
2022-07-25 19:28:19,568 WARN   ||  Using UTF-8 charset by default for column without charset: Socket CHAR(64) NOT NULL DEFAULT VALUE    [io.debezium.connector.mysql.MySqlValueConverters]
2022-07-25 19:28:19,568 WARN   ||  Column is missing a character set: Wrapper CHAR(64) NOT NULL DEFAULT VALUE    [io.debezium.connector.mysql.MySqlValueConverters]
2022-07-25 19:28:19,568 WARN   ||  Using UTF-8 charset by default for column without charset: Wrapper CHAR(64) NOT NULL DEFAULT VALUE    [io.debezium.connector.mysql.MySqlValueConverters]
2022-07-25 19:28:19,568 WARN   ||  Column is missing a character set: Owner CHAR(64) NOT NULL DEFAULT VALUE    [io.debezium.connector.mysql.MySqlValueConverters]
2022-07-25 19:28:19,568 WARN   ||  Using UTF-8 charset by default for column without charset: Owner CHAR(64) NOT NULL DEFAULT VALUE    [io.debezium.connector.mysql.MySqlValueConverters]
2022-07-25 19:28:19,569 WARN   ||  Column is missing a character set: Grantor CHAR(77) NOT NULL DEFAULT VALUE    [io.debezium.connector.mysql.MySqlValueConverters]
2022-07-25 19:28:19,569 WARN   ||  Using UTF-8 charset by default for column without charset: Grantor CHAR(77) NOT NULL DEFAULT VALUE    [io.debezium.connector.mysql.MySqlValueConverters]
2022-07-25 19:28:19,571 WARN   ||  Column is missing a character set: Abbreviation CHAR(8) NOT NULL DEFAULT VALUE    [io.debezium.connector.mysql.MySqlValueConverters]
2022-07-25 19:28:19,571 WARN   ||  Using UTF-8 charset by default for column without charset: Abbreviation CHAR(8) NOT NULL DEFAULT VALUE    [io.debezium.connector.mysql.MySqlValueConverters]
2022-07-25 19:28:19,571 WARN   ||  Column is missing a character set: db CHAR(64) NOT NULL DEFAULT VALUE    [io.debezium.connector.mysql.MySqlValueConverters]
2022-07-25 19:28:19,571 WARN   ||  Using UTF-8 charset by default for column without charset: db CHAR(64) NOT NULL DEFAULT VALUE    [io.debezium.connector.mysql.MySqlValueConverters]
2022-07-25 19:28:19,571 WARN   ||  Column is missing a character set: name CHAR(64) NOT NULL DEFAULT VALUE    [io.debezium.connector.mysql.MySqlValueConverters]
2022-07-25 19:28:19,571 WARN   ||  Using UTF-8 charset by default for column without charset: name CHAR(64) NOT NULL DEFAULT VALUE    [io.debezium.connector.mysql.MySqlValueConverters]
2022-07-25 19:28:19,571 WARN   ||  Column is missing a character set: specific_name CHAR(64) NOT NULL DEFAULT VALUE    [io.debezium.connector.mysql.MySqlValueConverters]
2022-07-25 19:28:19,571 WARN   ||  Using UTF-8 charset by default for column without charset: specific_name CHAR(64) NOT NULL DEFAULT VALUE    [io.debezium.connector.mysql.MySqlValueConverters]
2022-07-25 19:28:19,572 WARN   ||  Column is missing a character set: definer CHAR(77) NOT NULL DEFAULT VALUE    [io.debezium.connector.mysql.MySqlValueConverters]
2022-07-25 19:28:19,572 WARN   ||  Using UTF-8 charset by default for column without charset: definer CHAR(77) NOT NULL DEFAULT VALUE    [io.debezium.connector.mysql.MySqlValueConverters]
2022-07-25 19:28:19,572 WARN   ||  Column is missing a character set: Routine_name CHAR(64) NOT NULL DEFAULT VALUE    [io.debezium.connector.mysql.MySqlValueConverters]
2022-07-25 19:28:19,572 WARN   ||  Using UTF-8 charset by default for column without charset: Routine_name CHAR(64) NOT NULL DEFAULT VALUE    [io.debezium.connector.mysql.MySqlValueConverters]
2022-07-25 19:28:19,573 WARN   ||  Column is missing a character set: Grantor CHAR(77) NOT NULL DEFAULT VALUE    [io.debezium.connector.mysql.MySqlValueConverters]
2022-07-25 19:28:19,573 WARN   ||  Using UTF-8 charset by default for column without charset: Grantor CHAR(77) NOT NULL DEFAULT VALUE    [io.debezium.connector.mysql.MySqlValueConverters]
2022-07-25 19:28:19,585 WARN   ||  Column is missing a character set: HOST CHAR(60) NOT NULL DEFAULT VALUE %   [io.debezium.connector.mysql.MySqlValueConverters]
2022-07-25 19:28:19,585 WARN   ||  Using UTF-8 charset by default for column without charset: HOST CHAR(60) NOT NULL DEFAULT VALUE %   [io.debezium.connector.mysql.MySqlValueConverters]
2022-07-25 19:28:19,585 WARN   ||  Column is missing a character set: USER CHAR(32) NOT NULL DEFAULT VALUE %   [io.debezium.connector.mysql.MySqlValueConverters]
2022-07-25 19:28:19,585 WARN   ||  Using UTF-8 charset by default for column without charset: USER CHAR(32) NOT NULL DEFAULT VALUE %   [io.debezium.connector.mysql.MySqlValueConverters]
2022-07-25 19:28:19,585 WARN   ||  Column is missing a character set: ROLE CHAR(16) NOT NULL DEFAULT VALUE %   [io.debezium.connector.mysql.MySqlValueConverters]
2022-07-25 19:28:19,585 WARN   ||  Using UTF-8 charset by default for column without charset: ROLE CHAR(16) NOT NULL DEFAULT VALUE %   [io.debezium.connector.mysql.MySqlValueConverters]
2022-07-25 19:28:19,586 WARN   ||  Column is missing a character set: OBJECT_SCHEMA VARCHAR(64) DEFAULT VALUE %   [io.debezium.connector.mysql.MySqlValueConverters]
2022-07-25 19:28:19,586 WARN   ||  Using UTF-8 charset by default for column without charset: OBJECT_SCHEMA VARCHAR(64) DEFAULT VALUE %   [io.debezium.connector.mysql.MySqlValueConverters]
2022-07-25 19:28:19,586 WARN   ||  Column is missing a character set: OBJECT_NAME VARCHAR(64) NOT NULL DEFAULT VALUE %   [io.debezium.connector.mysql.MySqlValueConverters]
2022-07-25 19:28:19,586 WARN   ||  Using UTF-8 charset by default for column without charset: OBJECT_NAME VARCHAR(64) NOT NULL DEFAULT VALUE %   [io.debezium.connector.mysql.MySqlValueConverters]
2022-07-25 19:28:19,610 WARN   ||  Column is missing a character set: Grantor CHAR(77) NOT NULL DEFAULT VALUE    [io.debezium.connector.mysql.MySqlValueConverters]
2022-07-25 19:28:19,610 WARN   ||  Using UTF-8 charset by default for column without charset: Grantor CHAR(77) NOT NULL DEFAULT VALUE    [io.debezium.connector.mysql.MySqlValueConverters]
2022-07-25 19:28:19,658 WARN   ||  Column is missing a character set: plugin CHAR(64) NOT NULL DEFAULT VALUE mysql_native_password   [io.debezium.connector.mysql.MySqlValueConverters]
2022-07-25 19:28:19,658 WARN   ||  Using UTF-8 charset by default for column without charset: plugin CHAR(64) NOT NULL DEFAULT VALUE mysql_native_password   [io.debezium.connector.mysql.MySqlValueConverters]
2022-07-25 19:28:19,658 WARN   ||  Column is missing a character set: dl CHAR(128) NOT NULL DEFAULT VALUE    [io.debezium.connector.mysql.MySqlValueConverters]
2022-07-25 19:28:19,658 WARN   ||  Using UTF-8 charset by default for column without charset: dl CHAR(128) NOT NULL DEFAULT VALUE    [io.debezium.connector.mysql.MySqlValueConverters]
2022-07-25 19:28:19,659 WARN   ||  Column is missing a character set: name VARCHAR(64) NOT NULL DEFAULT VALUE    [io.debezium.connector.mysql.MySqlValueConverters]
2022-07-25 19:28:19,659 WARN   ||  Using UTF-8 charset by default for column without charset: name VARCHAR(64) NOT NULL DEFAULT VALUE    [io.debezium.connector.mysql.MySqlValueConverters]
2022-07-25 19:28:19,659 WARN   ||  Column is missing a character set: dl VARCHAR(128) NOT NULL DEFAULT VALUE    [io.debezium.connector.mysql.MySqlValueConverters]
2022-07-25 19:28:19,659 WARN   ||  Using UTF-8 charset by default for column without charset: dl VARCHAR(128) NOT NULL DEFAULT VALUE    [io.debezium.connector.mysql.MySqlValueConverters]
2022-07-25 19:28:19,659 WARN   ||  Column is missing a character set: Server_name CHAR(64) NOT NULL DEFAULT VALUE    [io.debezium.connector.mysql.MySqlValueConverters]
2022-07-25 19:28:19,659 WARN   ||  Using UTF-8 charset by default for column without charset: Server_name CHAR(64) NOT NULL DEFAULT VALUE    [io.debezium.connector.mysql.MySqlValueConverters]
2022-07-25 19:28:19,659 WARN   ||  Column is missing a character set: Host CHAR(64) NOT NULL DEFAULT VALUE    [io.debezium.connector.mysql.MySqlValueConverters]
2022-07-25 19:28:19,659 WARN   ||  Using UTF-8 charset by default for column without charset: Host CHAR(64) NOT NULL DEFAULT VALUE    [io.debezium.connector.mysql.MySqlValueConverters]
2022-07-25 19:28:19,659 WARN   ||  Column is missing a character set: Db CHAR(64) NOT NULL DEFAULT VALUE    [io.debezium.connector.mysql.MySqlValueConverters]
2022-07-25 19:28:19,659 WARN   ||  Using UTF-8 charset by default for column without charset: Db CHAR(64) NOT NULL DEFAULT VALUE    [io.debezium.connector.mysql.MySqlValueConverters]
2022-07-25 19:28:19,659 WARN   ||  Column is missing a character set: Username CHAR(64) NOT NULL DEFAULT VALUE    [io.debezium.connector.mysql.MySqlValueConverters]
2022-07-25 19:28:19,659 WARN   ||  Using UTF-8 charset by default for column without charset: Username CHAR(64) NOT NULL DEFAULT VALUE    [io.debezium.connector.mysql.MySqlValueConverters]
2022-07-25 19:28:19,659 WARN   ||  Column is missing a character set: Password CHAR(64) NOT NULL DEFAULT VALUE    [io.debezium.connector.mysql.MySqlValueConverters]
2022-07-25 19:28:19,659 WARN   ||  Using UTF-8 charset by default for column without charset: Password CHAR(64) NOT NULL DEFAULT VALUE    [io.debezium.connector.mysql.MySqlValueConverters]
2022-07-25 19:28:19,659 WARN   ||  Column is missing a character set: Socket CHAR(64) NOT NULL DEFAULT VALUE    [io.debezium.connector.mysql.MySqlValueConverters]
2022-07-25 19:28:19,659 WARN   ||  Using UTF-8 charset by default for column without charset: Socket CHAR(64) NOT NULL DEFAULT VALUE    [io.debezium.connector.mysql.MySqlValueConverters]
2022-07-25 19:28:19,659 WARN   ||  Column is missing a character set: Wrapper CHAR(64) NOT NULL DEFAULT VALUE    [io.debezium.connector.mysql.MySqlValueConverters]
2022-07-25 19:28:19,660 WARN   ||  Using UTF-8 charset by default for column without charset: Wrapper CHAR(64) NOT NULL DEFAULT VALUE    [io.debezium.connector.mysql.MySqlValueConverters]
2022-07-25 19:28:19,660 WARN   ||  Column is missing a character set: Owner CHAR(64) NOT NULL DEFAULT VALUE    [io.debezium.connector.mysql.MySqlValueConverters]
2022-07-25 19:28:19,660 WARN   ||  Using UTF-8 charset by default for column without charset: Owner CHAR(64) NOT NULL DEFAULT VALUE    [io.debezium.connector.mysql.MySqlValueConverters]
2022-07-25 19:28:19,660 WARN   ||  Column is missing a character set: Grantor CHAR(77) NOT NULL DEFAULT VALUE    [io.debezium.connector.mysql.MySqlValueConverters]
2022-07-25 19:28:19,660 WARN   ||  Using UTF-8 charset by default for column without charset: Grantor CHAR(77) NOT NULL DEFAULT VALUE    [io.debezium.connector.mysql.MySqlValueConverters]
2022-07-25 19:28:19,662 WARN   ||  Column is missing a character set: Abbreviation CHAR(8) NOT NULL DEFAULT VALUE    [io.debezium.connector.mysql.MySqlValueConverters]
2022-07-25 19:28:19,662 WARN   ||  Using UTF-8 charset by default for column without charset: Abbreviation CHAR(8) NOT NULL DEFAULT VALUE    [io.debezium.connector.mysql.MySqlValueConverters]
2022-07-25 19:28:19,662 WARN   ||  Column is missing a character set: db CHAR(64) NOT NULL DEFAULT VALUE    [io.debezium.connector.mysql.MySqlValueConverters]
2022-07-25 19:28:19,663 WARN   ||  Using UTF-8 charset by default for column without charset: db CHAR(64) NOT NULL DEFAULT VALUE    [io.debezium.connector.mysql.MySqlValueConverters]
2022-07-25 19:28:19,663 WARN   ||  Column is missing a character set: name CHAR(64) NOT NULL DEFAULT VALUE    [io.debezium.connector.mysql.MySqlValueConverters]
2022-07-25 19:28:19,663 WARN   ||  Using UTF-8 charset by default for column without charset: name CHAR(64) NOT NULL DEFAULT VALUE    [io.debezium.connector.mysql.MySqlValueConverters]
2022-07-25 19:28:19,663 WARN   ||  Column is missing a character set: specific_name CHAR(64) NOT NULL DEFAULT VALUE    [io.debezium.connector.mysql.MySqlValueConverters]
2022-07-25 19:28:19,663 WARN   ||  Using UTF-8 charset by default for column without charset: specific_name CHAR(64) NOT NULL DEFAULT VALUE    [io.debezium.connector.mysql.MySqlValueConverters]
2022-07-25 19:28:19,663 WARN   ||  Column is missing a character set: definer CHAR(77) NOT NULL DEFAULT VALUE    [io.debezium.connector.mysql.MySqlValueConverters]
2022-07-25 19:28:19,663 WARN   ||  Using UTF-8 charset by default for column without charset: definer CHAR(77) NOT NULL DEFAULT VALUE    [io.debezium.connector.mysql.MySqlValueConverters]
2022-07-25 19:28:19,664 WARN   ||  Column is missing a character set: Routine_name CHAR(64) NOT NULL DEFAULT VALUE    [io.debezium.connector.mysql.MySqlValueConverters]
2022-07-25 19:28:19,664 WARN   ||  Using UTF-8 charset by default for column without charset: Routine_name CHAR(64) NOT NULL DEFAULT VALUE    [io.debezium.connector.mysql.MySqlValueConverters]
2022-07-25 19:28:19,664 WARN   ||  Column is missing a character set: Grantor CHAR(77) NOT NULL DEFAULT VALUE    [io.debezium.connector.mysql.MySqlValueConverters]
2022-07-25 19:28:19,664 WARN   ||  Using UTF-8 charset by default for column without charset: Grantor CHAR(77) NOT NULL DEFAULT VALUE    [io.debezium.connector.mysql.MySqlValueConverters]
2022-07-25 19:28:19,676 WARN   ||  Column is missing a character set: HOST CHAR(60) NOT NULL DEFAULT VALUE %   [io.debezium.connector.mysql.MySqlValueConverters]
2022-07-25 19:28:19,676 WARN   ||  Using UTF-8 charset by default for column without charset: HOST CHAR(60) NOT NULL DEFAULT VALUE %   [io.debezium.connector.mysql.MySqlValueConverters]
2022-07-25 19:28:19,676 WARN   ||  Column is missing a character set: USER CHAR(32) NOT NULL DEFAULT VALUE %   [io.debezium.connector.mysql.MySqlValueConverters]
2022-07-25 19:28:19,676 WARN   ||  Using UTF-8 charset by default for column without charset: USER CHAR(32) NOT NULL DEFAULT VALUE %   [io.debezium.connector.mysql.MySqlValueConverters]
2022-07-25 19:28:19,676 WARN   ||  Column is missing a character set: ROLE CHAR(16) NOT NULL DEFAULT VALUE %   [io.debezium.connector.mysql.MySqlValueConverters]
2022-07-25 19:28:19,676 WARN   ||  Using UTF-8 charset by default for column without charset: ROLE CHAR(16) NOT NULL DEFAULT VALUE %   [io.debezium.connector.mysql.MySqlValueConverters]
2022-07-25 19:28:19,677 WARN   ||  Column is missing a character set: OBJECT_SCHEMA VARCHAR(64) DEFAULT VALUE %   [io.debezium.connector.mysql.MySqlValueConverters]
2022-07-25 19:28:19,677 WARN   ||  Using UTF-8 charset by default for column without charset: OBJECT_SCHEMA VARCHAR(64) DEFAULT VALUE %   [io.debezium.connector.mysql.MySqlValueConverters]
2022-07-25 19:28:19,677 WARN   ||  Column is missing a character set: OBJECT_NAME VARCHAR(64) NOT NULL DEFAULT VALUE %   [io.debezium.connector.mysql.MySqlValueConverters]
2022-07-25 19:28:19,677 WARN   ||  Using UTF-8 charset by default for column without charset: OBJECT_NAME VARCHAR(64) NOT NULL DEFAULT VALUE %   [io.debezium.connector.mysql.MySqlValueConverters]
2022-07-25 19:28:19,702 WARN   ||  Column is missing a character set: Grantor CHAR(77) NOT NULL DEFAULT VALUE    [io.debezium.connector.mysql.MySqlValueConverters]
2022-07-25 19:28:19,702 WARN   ||  Using UTF-8 charset by default for column without charset: Grantor CHAR(77) NOT NULL DEFAULT VALUE    [io.debezium.connector.mysql.MySqlValueConverters]
Tests run: 5, Failures: 0, Errors: 0, Skipped: 0, Time elapsed: 0.733 sec - in io.debezium.connector.mysql.MySqlSchemaTest
Running io.debezium.connector.mysql.MySqlGeometryTest
Tests run: 5, Failures: 0, Errors: 0, Skipped: 0, Time elapsed: 0.003 sec - in io.debezium.connector.mysql.MySqlGeometryTest
Running io.debezium.connector.mysql.MySqlTaskContextTest
Tests run: 9, Failures: 0, Errors: 0, Skipped: 0, Time elapsed: 0.034 sec - in io.debezium.connector.mysql.MySqlTaskContextTest
Running io.debezium.connector.mysql.MySqlDdlParserTest
2022-07-25 19:28:19,790 WARN   ||  Column is missing a character set: key VARCHAR(64) NOT NULL DEFAULT VALUE    [io.debezium.connector.mysql.MySqlValueConverters]
2022-07-25 19:28:19,790 WARN   ||  Using UTF-8 charset by default for column without charset: key VARCHAR(64) NOT NULL DEFAULT VALUE    [io.debezium.connector.mysql.MySqlValueConverters]
2022-07-25 19:28:19,795 WARN   ||  Column is missing a character set: STATE VARCHAR(256) NOT NULL DEFAULT VALUE NORMAL   [io.debezium.connector.mysql.MySqlValueConverters]
2022-07-25 19:28:19,795 WARN   ||  Using UTF-8 charset by default for column without charset: STATE VARCHAR(256) NOT NULL DEFAULT VALUE NORMAL   [io.debezium.connector.mysql.MySqlValueConverters]
2022-07-25 19:28:19,815 WARN   ||  Column is missing a character set: plugin CHAR(64) NOT NULL DEFAULT VALUE mysql_native_password   [io.debezium.connector.mysql.MySqlValueConverters]
2022-07-25 19:28:19,815 WARN   ||  Using UTF-8 charset by default for column without charset: plugin CHAR(64) NOT NULL DEFAULT VALUE mysql_native_password   [io.debezium.connector.mysql.MySqlValueConverters]
2022-07-25 19:28:19,816 WARN   ||  Column is missing a character set: dl CHAR(128) NOT NULL DEFAULT VALUE    [io.debezium.connector.mysql.MySqlValueConverters]
2022-07-25 19:28:19,816 WARN   ||  Using UTF-8 charset by default for column without charset: dl CHAR(128) NOT NULL DEFAULT VALUE    [io.debezium.connector.mysql.MySqlValueConverters]
2022-07-25 19:28:19,816 WARN   ||  Column is missing a character set: name VARCHAR(64) NOT NULL DEFAULT VALUE    [io.debezium.connector.mysql.MySqlValueConverters]
2022-07-25 19:28:19,816 WARN   ||  Using UTF-8 charset by default for column without charset: name VARCHAR(64) NOT NULL DEFAULT VALUE    [io.debezium.connector.mysql.MySqlValueConverters]
2022-07-25 19:28:19,816 WARN   ||  Column is missing a character set: dl VARCHAR(128) NOT NULL DEFAULT VALUE    [io.debezium.connector.mysql.MySqlValueConverters]
2022-07-25 19:28:19,816 WARN   ||  Using UTF-8 charset by default for column without charset: dl VARCHAR(128) NOT NULL DEFAULT VALUE    [io.debezium.connector.mysql.MySqlValueConverters]
2022-07-25 19:28:19,816 WARN   ||  Column is missing a character set: Server_name CHAR(64) NOT NULL DEFAULT VALUE    [io.debezium.connector.mysql.MySqlValueConverters]
2022-07-25 19:28:19,816 WARN   ||  Using UTF-8 charset by default for column without charset: Server_name CHAR(64) NOT NULL DEFAULT VALUE    [io.debezium.connector.mysql.MySqlValueConverters]
2022-07-25 19:28:19,816 WARN   ||  Column is missing a character set: Host CHAR(64) NOT NULL DEFAULT VALUE    [io.debezium.connector.mysql.MySqlValueConverters]
2022-07-25 19:28:19,816 WARN   ||  Using UTF-8 charset by default for column without charset: Host CHAR(64) NOT NULL DEFAULT VALUE    [io.debezium.connector.mysql.MySqlValueConverters]
2022-07-25 19:28:19,817 WARN   ||  Column is missing a character set: Db CHAR(64) NOT NULL DEFAULT VALUE    [io.debezium.connector.mysql.MySqlValueConverters]
2022-07-25 19:28:19,817 WARN   ||  Using UTF-8 charset by default for column without charset: Db CHAR(64) NOT NULL DEFAULT VALUE    [io.debezium.connector.mysql.MySqlValueConverters]
2022-07-25 19:28:19,817 WARN   ||  Column is missing a character set: Username CHAR(64) NOT NULL DEFAULT VALUE    [io.debezium.connector.mysql.MySqlValueConverters]
2022-07-25 19:28:19,817 WARN   ||  Using UTF-8 charset by default for column without charset: Username CHAR(64) NOT NULL DEFAULT VALUE    [io.debezium.connector.mysql.MySqlValueConverters]
2022-07-25 19:28:19,817 WARN   ||  Column is missing a character set: Password CHAR(64) NOT NULL DEFAULT VALUE    [io.debezium.connector.mysql.MySqlValueConverters]
2022-07-25 19:28:19,817 WARN   ||  Using UTF-8 charset by default for column without charset: Password CHAR(64) NOT NULL DEFAULT VALUE    [io.debezium.connector.mysql.MySqlValueConverters]
2022-07-25 19:28:19,817 WARN   ||  Column is missing a character set: Socket CHAR(64) NOT NULL DEFAULT VALUE    [io.debezium.connector.mysql.MySqlValueConverters]
2022-07-25 19:28:19,817 WARN   ||  Using UTF-8 charset by default for column without charset: Socket CHAR(64) NOT NULL DEFAULT VALUE    [io.debezium.connector.mysql.MySqlValueConverters]
2022-07-25 19:28:19,817 WARN   ||  Column is missing a character set: Wrapper CHAR(64) NOT NULL DEFAULT VALUE    [io.debezium.connector.mysql.MySqlValueConverters]
2022-07-25 19:28:19,817 WARN   ||  Using UTF-8 charset by default for column without charset: Wrapper CHAR(64) NOT NULL DEFAULT VALUE    [io.debezium.connector.mysql.MySqlValueConverters]
2022-07-25 19:28:19,817 WARN   ||  Column is missing a character set: Owner CHAR(64) NOT NULL DEFAULT VALUE    [io.debezium.connector.mysql.MySqlValueConverters]
2022-07-25 19:28:19,817 WARN   ||  Using UTF-8 charset by default for column without charset: Owner CHAR(64) NOT NULL DEFAULT VALUE    [io.debezium.connector.mysql.MySqlValueConverters]
2022-07-25 19:28:19,818 WARN   ||  Column is missing a character set: Grantor CHAR(77) NOT NULL DEFAULT VALUE    [io.debezium.connector.mysql.MySqlValueConverters]
2022-07-25 19:28:19,818 WARN   ||  Using UTF-8 charset by default for column without charset: Grantor CHAR(77) NOT NULL DEFAULT VALUE    [io.debezium.connector.mysql.MySqlValueConverters]
2022-07-25 19:28:19,820 WARN   ||  Column is missing a character set: Abbreviation CHAR(8) NOT NULL DEFAULT VALUE    [io.debezium.connector.mysql.MySqlValueConverters]
2022-07-25 19:28:19,820 WARN   ||  Using UTF-8 charset by default for column without charset: Abbreviation CHAR(8) NOT NULL DEFAULT VALUE    [io.debezium.connector.mysql.MySqlValueConverters]
2022-07-25 19:28:19,821 WARN   ||  Column is missing a character set: db CHAR(64) NOT NULL DEFAULT VALUE    [io.debezium.connector.mysql.MySqlValueConverters]
2022-07-25 19:28:19,821 WARN   ||  Using UTF-8 charset by default for column without charset: db CHAR(64) NOT NULL DEFAULT VALUE    [io.debezium.connector.mysql.MySqlValueConverters]
2022-07-25 19:28:19,821 WARN   ||  Column is missing a character set: name CHAR(64) NOT NULL DEFAULT VALUE    [io.debezium.connector.mysql.MySqlValueConverters]
2022-07-25 19:28:19,821 WARN   ||  Using UTF-8 charset by default for column without charset: name CHAR(64) NOT NULL DEFAULT VALUE    [io.debezium.connector.mysql.MySqlValueConverters]
2022-07-25 19:28:19,821 WARN   ||  Column is missing a character set: specific_name CHAR(64) NOT NULL DEFAULT VALUE    [io.debezium.connector.mysql.MySqlValueConverters]
2022-07-25 19:28:19,821 WARN   ||  Using UTF-8 charset by default for column without charset: specific_name CHAR(64) NOT NULL DEFAULT VALUE    [io.debezium.connector.mysql.MySqlValueConverters]
2022-07-25 19:28:19,822 WARN   ||  Column is missing a character set: definer CHAR(77) NOT NULL DEFAULT VALUE    [io.debezium.connector.mysql.MySqlValueConverters]
2022-07-25 19:28:19,822 WARN   ||  Using UTF-8 charset by default for column without charset: definer CHAR(77) NOT NULL DEFAULT VALUE    [io.debezium.connector.mysql.MySqlValueConverters]
2022-07-25 19:28:19,823 WARN   ||  Column is missing a character set: Routine_name CHAR(64) NOT NULL DEFAULT VALUE    [io.debezium.connector.mysql.MySqlValueConverters]
2022-07-25 19:28:19,823 WARN   ||  Using UTF-8 charset by default for column without charset: Routine_name CHAR(64) NOT NULL DEFAULT VALUE    [io.debezium.connector.mysql.MySqlValueConverters]
2022-07-25 19:28:19,823 WARN   ||  Column is missing a character set: Grantor CHAR(77) NOT NULL DEFAULT VALUE    [io.debezium.connector.mysql.MySqlValueConverters]
2022-07-25 19:28:19,823 WARN   ||  Using UTF-8 charset by default for column without charset: Grantor CHAR(77) NOT NULL DEFAULT VALUE    [io.debezium.connector.mysql.MySqlValueConverters]
2022-07-25 19:28:19,840 WARN   ||  Column is missing a character set: HOST CHAR(60) NOT NULL DEFAULT VALUE %   [io.debezium.connector.mysql.MySqlValueConverters]
2022-07-25 19:28:19,840 WARN   ||  Using UTF-8 charset by default for column without charset: HOST CHAR(60) NOT NULL DEFAULT VALUE %   [io.debezium.connector.mysql.MySqlValueConverters]
2022-07-25 19:28:19,840 WARN   ||  Column is missing a character set: USER CHAR(32) NOT NULL DEFAULT VALUE %   [io.debezium.connector.mysql.MySqlValueConverters]
2022-07-25 19:28:19,840 WARN   ||  Using UTF-8 charset by default for column without charset: USER CHAR(32) NOT NULL DEFAULT VALUE %   [io.debezium.connector.mysql.MySqlValueConverters]
2022-07-25 19:28:19,840 WARN   ||  Column is missing a character set: ROLE CHAR(16) NOT NULL DEFAULT VALUE %   [io.debezium.connector.mysql.MySqlValueConverters]
2022-07-25 19:28:19,840 WARN   ||  Using UTF-8 charset by default for column without charset: ROLE CHAR(16) NOT NULL DEFAULT VALUE %   [io.debezium.connector.mysql.MySqlValueConverters]
2022-07-25 19:28:19,841 WARN   ||  Column is missing a character set: OBJECT_SCHEMA VARCHAR(64) DEFAULT VALUE %   [io.debezium.connector.mysql.MySqlValueConverters]
2022-07-25 19:28:19,841 WARN   ||  Using UTF-8 charset by default for column without charset: OBJECT_SCHEMA VARCHAR(64) DEFAULT VALUE %   [io.debezium.connector.mysql.MySqlValueConverters]
2022-07-25 19:28:19,841 WARN   ||  Column is missing a character set: OBJECT_NAME VARCHAR(64) NOT NULL DEFAULT VALUE %   [io.debezium.connector.mysql.MySqlValueConverters]
2022-07-25 19:28:19,841 WARN   ||  Using UTF-8 charset by default for column without charset: OBJECT_NAME VARCHAR(64) NOT NULL DEFAULT VALUE %   [io.debezium.connector.mysql.MySqlValueConverters]
2022-07-25 19:28:19,874 WARN   ||  Column is missing a character set: Grantor CHAR(77) NOT NULL DEFAULT VALUE    [io.debezium.connector.mysql.MySqlValueConverters]
2022-07-25 19:28:19,875 WARN   ||  Using UTF-8 charset by default for column without charset: Grantor CHAR(77) NOT NULL DEFAULT VALUE    [io.debezium.connector.mysql.MySqlValueConverters]
2022-07-25 19:28:19,885 WARN   ||  Column is missing a character set: plugin CHAR(64) NOT NULL DEFAULT VALUE mysql_native_password   [io.debezium.connector.mysql.MySqlValueConverters]
2022-07-25 19:28:19,885 WARN   ||  Using UTF-8 charset by default for column without charset: plugin CHAR(64) NOT NULL DEFAULT VALUE mysql_native_password   [io.debezium.connector.mysql.MySqlValueConverters]
2022-07-25 19:28:19,894 WARN   ||  Column is missing a character set: column VARCHAR(255) NOT NULL DEFAULT VALUE    [io.debezium.connector.mysql.MySqlValueConverters]
2022-07-25 19:28:19,894 WARN   ||  Using UTF-8 charset by default for column without charset: column VARCHAR(255) NOT NULL DEFAULT VALUE    [io.debezium.connector.mysql.MySqlValueConverters]
2022-07-25 19:28:19,894 WARN   ||  Column is missing a character set: ghi VARCHAR(255) NOT NULL DEFAULT VALUE    [io.debezium.connector.mysql.MySqlValueConverters]
2022-07-25 19:28:19,894 WARN   ||  Using UTF-8 charset by default for column without charset: ghi VARCHAR(255) NOT NULL DEFAULT VALUE    [io.debezium.connector.mysql.MySqlValueConverters]
2022-07-25 19:28:19,894 WARN   ||  Column is missing a character set: jkl VARCHAR(255) NOT NULL DEFAULT VALUE    [io.debezium.connector.mysql.MySqlValueConverters]
2022-07-25 19:28:19,894 WARN   ||  Using UTF-8 charset by default for column without charset: jkl VARCHAR(255) NOT NULL DEFAULT VALUE    [io.debezium.connector.mysql.MySqlValueConverters]
2022-07-25 19:28:19,896 WARN   ||  Column is missing a character set: column VARCHAR(255) NOT NULL DEFAULT VALUE    [io.debezium.connector.mysql.MySqlValueConverters]
2022-07-25 19:28:19,896 WARN   ||  Using UTF-8 charset by default for column without charset: column VARCHAR(255) NOT NULL DEFAULT VALUE    [io.debezium.connector.mysql.MySqlValueConverters]
2022-07-25 19:28:19,897 WARN   ||  Column is missing a character set: ghi VARCHAR(255) NOT NULL DEFAULT VALUE    [io.debezium.connector.mysql.MySqlValueConverters]
2022-07-25 19:28:19,897 WARN   ||  Using UTF-8 charset by default for column without charset: ghi VARCHAR(255) NOT NULL DEFAULT VALUE    [io.debezium.connector.mysql.MySqlValueConverters]
2022-07-25 19:28:19,897 WARN   ||  Column is missing a character set: jkl VARCHAR(255) NOT NULL DEFAULT VALUE    [io.debezium.connector.mysql.MySqlValueConverters]
2022-07-25 19:28:19,897 WARN   ||  Using UTF-8 charset by default for column without charset: jkl VARCHAR(255) NOT NULL DEFAULT VALUE    [io.debezium.connector.mysql.MySqlValueConverters]
2022-07-25 19:28:19,949 WARN   ||  Column is missing a character set: columnA CHAR(60) NOT NULL DEFAULT VALUE A   [io.debezium.connector.mysql.MySqlValueConverters]
2022-07-25 19:28:19,949 WARN   ||  Using UTF-8 charset by default for column without charset: columnA CHAR(60) NOT NULL DEFAULT VALUE A   [io.debezium.connector.mysql.MySqlValueConverters]
2022-07-25 19:28:19,949 WARN   ||  Column is missing a character set: columnC VARCHAR(10) DEFAULT VALUE C   [io.debezium.connector.mysql.MySqlValueConverters]
2022-07-25 19:28:19,949 WARN   ||  Using UTF-8 charset by default for column without charset: columnC VARCHAR(10) DEFAULT VALUE C   [io.debezium.connector.mysql.MySqlValueConverters]
2022-07-25 19:28:19,956 WARN   ||  Column is missing a character set: ghi VARCHAR(255) NOT NULL DEFAULT VALUE    [io.debezium.connector.mysql.MySqlValueConverters]
2022-07-25 19:28:19,956 WARN   ||  Using UTF-8 charset by default for column without charset: ghi VARCHAR(255) NOT NULL DEFAULT VALUE    [io.debezium.connector.mysql.MySqlValueConverters]
2022-07-25 19:28:19,956 WARN   ||  Column is missing a character set: column VARCHAR(255) NOT NULL DEFAULT VALUE    [io.debezium.connector.mysql.MySqlValueConverters]
2022-07-25 19:28:19,956 WARN   ||  Using UTF-8 charset by default for column without charset: column VARCHAR(255) NOT NULL DEFAULT VALUE    [io.debezium.connector.mysql.MySqlValueConverters]
2022-07-25 19:28:19,965 WARN   ||  Column is missing a character set: MULTI_SOURCED CHAR(1) DEFAULT VALUE 0   [io.debezium.connector.mysql.MySqlValueConverters]
2022-07-25 19:28:19,965 WARN   ||  Using UTF-8 charset by default for column without charset: MULTI_SOURCED CHAR(1) DEFAULT VALUE 0   [io.debezium.connector.mysql.MySqlValueConverters]
2022-07-25 19:28:19,966 WARN   ||  Column is missing a character set: WSDL_DEFINED CHAR(1) DEFAULT VALUE 0   [io.debezium.connector.mysql.MySqlValueConverters]
2022-07-25 19:28:19,966 WARN   ||  Using UTF-8 charset by default for column without charset: WSDL_DEFINED CHAR(1) DEFAULT VALUE 0   [io.debezium.connector.mysql.MySqlValueConverters]
Tests run: 91, Failures: 0, Errors: 0, Skipped: 0, Time elapsed: 0.209 sec - in io.debezium.connector.mysql.MySqlDdlParserTest
Running io.debezium.connector.mysql.MysqlAntlrDefaultValueTest
2022-07-25 19:28:20,006 WARN   ||  Column is missing a character set: A CHAR DEFAULT VALUE A   [io.debezium.connector.mysql.MySqlValueConverters]
2022-07-25 19:28:20,006 WARN   ||  Using UTF-8 charset by default for column without charset: A CHAR DEFAULT VALUE A   [io.debezium.connector.mysql.MySqlValueConverters]
2022-07-25 19:28:20,006 WARN   ||  Column is missing a character set: B CHAR DEFAULT VALUE b   [io.debezium.connector.mysql.MySqlValueConverters]
2022-07-25 19:28:20,006 WARN   ||  Using UTF-8 charset by default for column without charset: B CHAR DEFAULT VALUE b   [io.debezium.connector.mysql.MySqlValueConverters]
2022-07-25 19:28:20,007 WARN   ||  Column is missing a character set: C VARCHAR(10) DEFAULT VALUE CC   [io.debezium.connector.mysql.MySqlValueConverters]
2022-07-25 19:28:20,007 WARN   ||  Using UTF-8 charset by default for column without charset: C VARCHAR(10) DEFAULT VALUE CC   [io.debezium.connector.mysql.MySqlValueConverters]
Tests run: 17, Failures: 0, Errors: 2, Skipped: 0, Time elapsed: 0.048 sec <<< FAILURE! - in io.debezium.connector.mysql.MysqlAntlrDefaultValueTest
parseTimeDefaultValue(io.debezium.connector.mysql.MysqlAntlrDefaultValueTest)  Time elapsed: 0.006 sec  <<< ERROR!
java.time.format.DateTimeParseException: Text '2000-01-00 00:00:00' could not be parsed: Invalid value for DayOfMonth (valid values 1 - 28/31): 0
	at java.time.format.DateTimeFormatter.createError(DateTimeFormatter.java:1920)
	at java.time.format.DateTimeFormatter.parse(DateTimeFormatter.java:1781)
	at io.debezium.connector.mysql.MySqlDefaultValuePreConverter.convertToLocalDateTime(MySqlDefaultValuePreConverter.java:129)
	at io.debezium.connector.mysql.MySqlDefaultValuePreConverter.convert(MySqlDefaultValuePreConverter.java:60)
	at io.debezium.connector.mysql.antlr.listener.ColumnDefinitionParserListener.convertDefaultValueToSchemaType(ColumnDefinitionParserListener.java:261)
	at io.debezium.connector.mysql.antlr.listener.ColumnDefinitionParserListener.enterDefaultValue(ColumnDefinitionParserListener.java:129)
	at io.debezium.ddl.parser.mysql.generated.MySqlParser$DefaultValueContext.enterRule(MySqlParser.java:49034)
	at io.debezium.antlr.ProxyParseTreeListenerUtil.delegateEnterRule(ProxyParseTreeListenerUtil.java:46)
	at io.debezium.connector.mysql.antlr.listener.MySqlAntlrDdlParserListener.enterEveryRule(MySqlAntlrDdlParserListener.java:89)
	at org.antlr.v4.runtime.tree.ParseTreeWalker.enterRule(ParseTreeWalker.java:41)
	at org.antlr.v4.runtime.tree.ParseTreeWalker.walk(ParseTreeWalker.java:25)
	at org.antlr.v4.runtime.tree.ParseTreeWalker.walk(ParseTreeWalker.java:28)
	at org.antlr.v4.runtime.tree.ParseTreeWalker.walk(ParseTreeWalker.java:28)
	at org.antlr.v4.runtime.tree.ParseTreeWalker.walk(ParseTreeWalker.java:28)
	at org.antlr.v4.runtime.tree.ParseTreeWalker.walk(ParseTreeWalker.java:28)
	at org.antlr.v4.runtime.tree.ParseTreeWalker.walk(ParseTreeWalker.java:28)
	at org.antlr.v4.runtime.tree.ParseTreeWalker.walk(ParseTreeWalker.java:28)
	at org.antlr.v4.runtime.tree.ParseTreeWalker.walk(ParseTreeWalker.java:28)
	at org.antlr.v4.runtime.tree.ParseTreeWalker.walk(ParseTreeWalker.java:28)
	at org.antlr.v4.runtime.tree.ParseTreeWalker.walk(ParseTreeWalker.java:28)
	at io.debezium.antlr.AntlrDdlParser.parse(AntlrDdlParser.java:85)
	at io.debezium.connector.mysql.AbstractMysqlDefaultValueTest.parseTimeDefaultValue(AbstractMysqlDefaultValueTest.java:347)
	at sun.reflect.NativeMethodAccessorImpl.invoke0(Native Method)
	at sun.reflect.NativeMethodAccessorImpl.invoke(NativeMethodAccessorImpl.java:62)
	at sun.reflect.DelegatingMethodAccessorImpl.invoke(DelegatingMethodAccessorImpl.java:43)
	at java.lang.reflect.Method.invoke(Method.java:498)
	at org.junit.runners.model.FrameworkMethod$1.runReflectiveCall(FrameworkMethod.java:50)
	at org.junit.internal.runners.model.ReflectiveCallable.run(ReflectiveCallable.java:12)
	at org.junit.runners.model.FrameworkMethod.invokeExplosively(FrameworkMethod.java:47)
	at org.junit.internal.runners.statements.InvokeMethod.evaluate(InvokeMethod.java:17)
	at org.junit.internal.runners.statements.RunBefores.evaluate(RunBefores.java:26)
	at org.junit.runners.ParentRunner.runLeaf(ParentRunner.java:325)
	at org.junit.runners.BlockJUnit4ClassRunner.runChild(BlockJUnit4ClassRunner.java:78)
	at org.junit.runners.BlockJUnit4ClassRunner.runChild(BlockJUnit4ClassRunner.java:57)
	at org.junit.runners.ParentRunner$3.run(ParentRunner.java:290)
	at org.junit.runners.ParentRunner$1.schedule(ParentRunner.java:71)
	at org.junit.runners.ParentRunner.runChildren(ParentRunner.java:288)
	at org.junit.runners.ParentRunner.access$000(ParentRunner.java:58)
	at org.junit.runners.ParentRunner$2.evaluate(ParentRunner.java:268)
	at org.junit.runners.ParentRunner.run(ParentRunner.java:363)
	at org.apache.maven.surefire.junit4.JUnit4Provider.execute(JUnit4Provider.java:283)
	at org.apache.maven.surefire.junit4.JUnit4Provider.executeWithRerun(JUnit4Provider.java:173)
	at org.apache.maven.surefire.junit4.JUnit4Provider.executeTestSet(JUnit4Provider.java:153)
	at org.apache.maven.surefire.junit4.JUnit4Provider.invoke(JUnit4Provider.java:128)
	at org.apache.maven.surefire.booter.ForkedBooter.invokeProviderInSameClassLoader(ForkedBooter.java:203)
	at org.apache.maven.surefire.booter.ForkedBooter.runSuitesInProcess(ForkedBooter.java:155)
	at org.apache.maven.surefire.booter.ForkedBooter.main(ForkedBooter.java:103)
Caused by: java.time.DateTimeException: Invalid value for DayOfMonth (valid values 1 - 28/31): 0
	at java.time.temporal.ValueRange.checkValidIntValue(ValueRange.java:330)
	at java.time.temporal.ChronoField.checkValidIntValue(ChronoField.java:722)
	at java.time.chrono.IsoChronology.resolveYMD(IsoChronology.java:551)
	at java.time.chrono.IsoChronology.resolveYMD(IsoChronology.java:123)
	at java.time.chrono.AbstractChronology.resolveDate(AbstractChronology.java:472)
	at java.time.chrono.IsoChronology.resolveDate(IsoChronology.java:492)
	at java.time.chrono.IsoChronology.resolveDate(IsoChronology.java:123)
	at java.time.format.Parsed.resolveDateFields(Parsed.java:351)
	at java.time.format.Parsed.resolveFields(Parsed.java:257)
	at java.time.format.Parsed.resolve(Parsed.java:244)
	at java.time.format.DateTimeParseContext.toResolved(DateTimeParseContext.java:331)
	at java.time.format.DateTimeFormatter.parseResolved0(DateTimeFormatter.java:1955)
	at java.time.format.DateTimeFormatter.parse(DateTimeFormatter.java:1777)
	at io.debezium.connector.mysql.MySqlDefaultValuePreConverter.convertToLocalDateTime(MySqlDefaultValuePreConverter.java:129)
	at io.debezium.connector.mysql.MySqlDefaultValuePreConverter.convert(MySqlDefaultValuePreConverter.java:60)
	at io.debezium.connector.mysql.antlr.listener.ColumnDefinitionParserListener.convertDefaultValueToSchemaType(ColumnDefinitionParserListener.java:261)
	at io.debezium.connector.mysql.antlr.listener.ColumnDefinitionParserListener.enterDefaultValue(ColumnDefinitionParserListener.java:129)
	at io.debezium.ddl.parser.mysql.generated.MySqlParser$DefaultValueContext.enterRule(MySqlParser.java:49034)
	at io.debezium.antlr.ProxyParseTreeListenerUtil.delegateEnterRule(ProxyParseTreeListenerUtil.java:46)
	at io.debezium.connector.mysql.antlr.listener.MySqlAntlrDdlParserListener.enterEveryRule(MySqlAntlrDdlParserListener.java:89)
	at org.antlr.v4.runtime.tree.ParseTreeWalker.enterRule(ParseTreeWalker.java:41)
	at org.antlr.v4.runtime.tree.ParseTreeWalker.walk(ParseTreeWalker.java:25)
	at org.antlr.v4.runtime.tree.ParseTreeWalker.walk(ParseTreeWalker.java:28)
	at org.antlr.v4.runtime.tree.ParseTreeWalker.walk(ParseTreeWalker.java:28)
	at org.antlr.v4.runtime.tree.ParseTreeWalker.walk(ParseTreeWalker.java:28)
	at org.antlr.v4.runtime.tree.ParseTreeWalker.walk(ParseTreeWalker.java:28)
	at org.antlr.v4.runtime.tree.ParseTreeWalker.walk(ParseTreeWalker.java:28)
	at org.antlr.v4.runtime.tree.ParseTreeWalker.walk(ParseTreeWalker.java:28)
	at org.antlr.v4.runtime.tree.ParseTreeWalker.walk(ParseTreeWalker.java:28)
	at org.antlr.v4.runtime.tree.ParseTreeWalker.walk(ParseTreeWalker.java:28)
	at org.antlr.v4.runtime.tree.ParseTreeWalker.walk(ParseTreeWalker.java:28)
	at io.debezium.antlr.AntlrDdlParser.parse(AntlrDdlParser.java:85)
	at io.debezium.connector.mysql.AbstractMysqlDefaultValueTest.parseTimeDefaultValue(AbstractMysqlDefaultValueTest.java:347)
	at sun.reflect.NativeMethodAccessorImpl.invoke0(Native Method)
	at sun.reflect.NativeMethodAccessorImpl.invoke(NativeMethodAccessorImpl.java:62)
	at sun.reflect.DelegatingMethodAccessorImpl.invoke(DelegatingMethodAccessorImpl.java:43)
	at java.lang.reflect.Method.invoke(Method.java:498)
	at org.junit.runners.model.FrameworkMethod$1.runReflectiveCall(FrameworkMethod.java:50)
	at org.junit.internal.runners.model.ReflectiveCallable.run(ReflectiveCallable.java:12)
	at org.junit.runners.model.FrameworkMethod.invokeExplosively(FrameworkMethod.java:47)
	at org.junit.internal.runners.statements.InvokeMethod.evaluate(InvokeMethod.java:17)
	at org.junit.internal.runners.statements.RunBefores.evaluate(RunBefores.java:26)
	at org.junit.runners.ParentRunner.runLeaf(ParentRunner.java:325)
	at org.junit.runners.BlockJUnit4ClassRunner.runChild(BlockJUnit4ClassRunner.java:78)
	at org.junit.runners.BlockJUnit4ClassRunner.runChild(BlockJUnit4ClassRunner.java:57)
	at org.junit.runners.ParentRunner$3.run(ParentRunner.java:290)
	at org.junit.runners.ParentRunner$1.schedule(ParentRunner.java:71)
	at org.junit.runners.ParentRunner.runChildren(ParentRunner.java:288)
	at org.junit.runners.ParentRunner.access$000(ParentRunner.java:58)
	at org.junit.runners.ParentRunner$2.evaluate(ParentRunner.java:268)
	at org.junit.runners.ParentRunner.run(ParentRunner.java:363)
	at org.apache.maven.surefire.junit4.JUnit4Provider.execute(JUnit4Provider.java:283)
	at org.apache.maven.surefire.junit4.JUnit4Provider.executeWithRerun(JUnit4Provider.java:173)
	at org.apache.maven.surefire.junit4.JUnit4Provider.executeTestSet(JUnit4Provider.java:153)
	at org.apache.maven.surefire.junit4.JUnit4Provider.invoke(JUnit4Provider.java:128)
	at org.apache.maven.surefire.booter.ForkedBooter.invokeProviderInSameClassLoader(ForkedBooter.java:203)
	at org.apache.maven.surefire.booter.ForkedBooter.runSuitesInProcess(ForkedBooter.java:155)
	at org.apache.maven.surefire.booter.ForkedBooter.main(ForkedBooter.java:103)

parseDateDefaultValue(io.debezium.connector.mysql.MysqlAntlrDefaultValueTest)  Time elapsed: 0.003 sec  <<< ERROR!
java.time.format.DateTimeParseException: Text '2018-00-01' could not be parsed: Invalid value for MonthOfYear (valid values 1 - 12): 0
	at java.time.format.DateTimeFormatter.createError(DateTimeFormatter.java:1920)
	at java.time.format.DateTimeFormatter.parse(DateTimeFormatter.java:1781)
	at io.debezium.connector.mysql.MySqlDefaultValuePreConverter.convertToLocalDate(MySqlDefaultValuePreConverter.java:107)
	at io.debezium.connector.mysql.MySqlDefaultValuePreConverter.convert(MySqlDefaultValuePreConverter.java:58)
	at io.debezium.connector.mysql.antlr.listener.ColumnDefinitionParserListener.convertDefaultValueToSchemaType(ColumnDefinitionParserListener.java:261)
	at io.debezium.connector.mysql.antlr.listener.ColumnDefinitionParserListener.enterDefaultValue(ColumnDefinitionParserListener.java:129)
	at io.debezium.ddl.parser.mysql.generated.MySqlParser$DefaultValueContext.enterRule(MySqlParser.java:49034)
	at io.debezium.antlr.ProxyParseTreeListenerUtil.delegateEnterRule(ProxyParseTreeListenerUtil.java:46)
	at io.debezium.connector.mysql.antlr.listener.MySqlAntlrDdlParserListener.enterEveryRule(MySqlAntlrDdlParserListener.java:89)
	at org.antlr.v4.runtime.tree.ParseTreeWalker.enterRule(ParseTreeWalker.java:41)
	at org.antlr.v4.runtime.tree.ParseTreeWalker.walk(ParseTreeWalker.java:25)
	at org.antlr.v4.runtime.tree.ParseTreeWalker.walk(ParseTreeWalker.java:28)
	at org.antlr.v4.runtime.tree.ParseTreeWalker.walk(ParseTreeWalker.java:28)
	at org.antlr.v4.runtime.tree.ParseTreeWalker.walk(ParseTreeWalker.java:28)
	at org.antlr.v4.runtime.tree.ParseTreeWalker.walk(ParseTreeWalker.java:28)
	at org.antlr.v4.runtime.tree.ParseTreeWalker.walk(ParseTreeWalker.java:28)
	at org.antlr.v4.runtime.tree.ParseTreeWalker.walk(ParseTreeWalker.java:28)
	at org.antlr.v4.runtime.tree.ParseTreeWalker.walk(ParseTreeWalker.java:28)
	at org.antlr.v4.runtime.tree.ParseTreeWalker.walk(ParseTreeWalker.java:28)
	at org.antlr.v4.runtime.tree.ParseTreeWalker.walk(ParseTreeWalker.java:28)
	at io.debezium.antlr.AntlrDdlParser.parse(AntlrDdlParser.java:85)
	at io.debezium.connector.mysql.AbstractMysqlDefaultValueTest.parseDateDefaultValue(AbstractMysqlDefaultValueTest.java:378)
	at sun.reflect.NativeMethodAccessorImpl.invoke0(Native Method)
	at sun.reflect.NativeMethodAccessorImpl.invoke(NativeMethodAccessorImpl.java:62)
	at sun.reflect.DelegatingMethodAccessorImpl.invoke(DelegatingMethodAccessorImpl.java:43)
	at java.lang.reflect.Method.invoke(Method.java:498)
	at org.junit.runners.model.FrameworkMethod$1.runReflectiveCall(FrameworkMethod.java:50)
	at org.junit.internal.runners.model.ReflectiveCallable.run(ReflectiveCallable.java:12)
	at org.junit.runners.model.FrameworkMethod.invokeExplosively(FrameworkMethod.java:47)
	at org.junit.internal.runners.statements.InvokeMethod.evaluate(InvokeMethod.java:17)
	at org.junit.internal.runners.statements.RunBefores.evaluate(RunBefores.java:26)
	at org.junit.runners.ParentRunner.runLeaf(ParentRunner.java:325)
	at org.junit.runners.BlockJUnit4ClassRunner.runChild(BlockJUnit4ClassRunner.java:78)
	at org.junit.runners.BlockJUnit4ClassRunner.runChild(BlockJUnit4ClassRunner.java:57)
	at org.junit.runners.ParentRunner$3.run(ParentRunner.java:290)
	at org.junit.runners.ParentRunner$1.schedule(ParentRunner.java:71)
	at org.junit.runners.ParentRunner.runChildren(ParentRunner.java:288)
	at org.junit.runners.ParentRunner.access$000(ParentRunner.java:58)
	at org.junit.runners.ParentRunner$2.evaluate(ParentRunner.java:268)
	at org.junit.runners.ParentRunner.run(ParentRunner.java:363)
	at org.apache.maven.surefire.junit4.JUnit4Provider.execute(JUnit4Provider.java:283)
	at org.apache.maven.surefire.junit4.JUnit4Provider.executeWithRerun(JUnit4Provider.java:173)
	at org.apache.maven.surefire.junit4.JUnit4Provider.executeTestSet(JUnit4Provider.java:153)
	at org.apache.maven.surefire.junit4.JUnit4Provider.invoke(JUnit4Provider.java:128)
	at org.apache.maven.surefire.booter.ForkedBooter.invokeProviderInSameClassLoader(ForkedBooter.java:203)
	at org.apache.maven.surefire.booter.ForkedBooter.runSuitesInProcess(ForkedBooter.java:155)
	at org.apache.maven.surefire.booter.ForkedBooter.main(ForkedBooter.java:103)
Caused by: java.time.DateTimeException: Invalid value for MonthOfYear (valid values 1 - 12): 0
	at java.time.temporal.ValueRange.checkValidIntValue(ValueRange.java:330)
	at java.time.temporal.ChronoField.checkValidIntValue(ChronoField.java:722)
	at java.time.chrono.IsoChronology.resolveYMD(IsoChronology.java:550)
	at java.time.chrono.IsoChronology.resolveYMD(IsoChronology.java:123)
	at java.time.chrono.AbstractChronology.resolveDate(AbstractChronology.java:472)
	at java.time.chrono.IsoChronology.resolveDate(IsoChronology.java:492)
	at java.time.chrono.IsoChronology.resolveDate(IsoChronology.java:123)
	at java.time.format.Parsed.resolveDateFields(Parsed.java:351)
	at java.time.format.Parsed.resolveFields(Parsed.java:257)
	at java.time.format.Parsed.resolve(Parsed.java:244)
	at java.time.format.DateTimeParseContext.toResolved(DateTimeParseContext.java:331)
	at java.time.format.DateTimeFormatter.parseResolved0(DateTimeFormatter.java:1955)
	at java.time.format.DateTimeFormatter.parse(DateTimeFormatter.java:1777)
	at io.debezium.connector.mysql.MySqlDefaultValuePreConverter.convertToLocalDate(MySqlDefaultValuePreConverter.java:107)
	at io.debezium.connector.mysql.MySqlDefaultValuePreConverter.convert(MySqlDefaultValuePreConverter.java:58)
	at io.debezium.connector.mysql.antlr.listener.ColumnDefinitionParserListener.convertDefaultValueToSchemaType(ColumnDefinitionParserListener.java:261)
	at io.debezium.connector.mysql.antlr.listener.ColumnDefinitionParserListener.enterDefaultValue(ColumnDefinitionParserListener.java:129)
	at io.debezium.ddl.parser.mysql.generated.MySqlParser$DefaultValueContext.enterRule(MySqlParser.java:49034)
	at io.debezium.antlr.ProxyParseTreeListenerUtil.delegateEnterRule(ProxyParseTreeListenerUtil.java:46)
	at io.debezium.connector.mysql.antlr.listener.MySqlAntlrDdlParserListener.enterEveryRule(MySqlAntlrDdlParserListener.java:89)
	at org.antlr.v4.runtime.tree.ParseTreeWalker.enterRule(ParseTreeWalker.java:41)
	at org.antlr.v4.runtime.tree.ParseTreeWalker.walk(ParseTreeWalker.java:25)
	at org.antlr.v4.runtime.tree.ParseTreeWalker.walk(ParseTreeWalker.java:28)
	at org.antlr.v4.runtime.tree.ParseTreeWalker.walk(ParseTreeWalker.java:28)
	at org.antlr.v4.runtime.tree.ParseTreeWalker.walk(ParseTreeWalker.java:28)
	at org.antlr.v4.runtime.tree.ParseTreeWalker.walk(ParseTreeWalker.java:28)
	at org.antlr.v4.runtime.tree.ParseTreeWalker.walk(ParseTreeWalker.java:28)
	at org.antlr.v4.runtime.tree.ParseTreeWalker.walk(ParseTreeWalker.java:28)
	at org.antlr.v4.runtime.tree.ParseTreeWalker.walk(ParseTreeWalker.java:28)
	at org.antlr.v4.runtime.tree.ParseTreeWalker.walk(ParseTreeWalker.java:28)
	at org.antlr.v4.runtime.tree.ParseTreeWalker.walk(ParseTreeWalker.java:28)
	at io.debezium.antlr.AntlrDdlParser.parse(AntlrDdlParser.java:85)
	at io.debezium.connector.mysql.AbstractMysqlDefaultValueTest.parseDateDefaultValue(AbstractMysqlDefaultValueTest.java:378)
	at sun.reflect.NativeMethodAccessorImpl.invoke0(Native Method)
	at sun.reflect.NativeMethodAccessorImpl.invoke(NativeMethodAccessorImpl.java:62)
	at sun.reflect.DelegatingMethodAccessorImpl.invoke(DelegatingMethodAccessorImpl.java:43)
	at java.lang.reflect.Method.invoke(Method.java:498)
	at org.junit.runners.model.FrameworkMethod$1.runReflectiveCall(FrameworkMethod.java:50)
	at org.junit.internal.runners.model.ReflectiveCallable.run(ReflectiveCallable.java:12)
	at org.junit.runners.model.FrameworkMethod.invokeExplosively(FrameworkMethod.java:47)
	at org.junit.internal.runners.statements.InvokeMethod.evaluate(InvokeMethod.java:17)
	at org.junit.internal.runners.statements.RunBefores.evaluate(RunBefores.java:26)
	at org.junit.runners.ParentRunner.runLeaf(ParentRunner.java:325)
	at org.junit.runners.BlockJUnit4ClassRunner.runChild(BlockJUnit4ClassRunner.java:78)
	at org.junit.runners.BlockJUnit4ClassRunner.runChild(BlockJUnit4ClassRunner.java:57)
	at org.junit.runners.ParentRunner$3.run(ParentRunner.java:290)
	at org.junit.runners.ParentRunner$1.schedule(ParentRunner.java:71)
	at org.junit.runners.ParentRunner.runChildren(ParentRunner.java:288)
	at org.junit.runners.ParentRunner.access$000(ParentRunner.java:58)
	at org.junit.runners.ParentRunner$2.evaluate(ParentRunner.java:268)
	at org.junit.runners.ParentRunner.run(ParentRunner.java:363)
	at org.apache.maven.surefire.junit4.JUnit4Provider.execute(JUnit4Provider.java:283)
	at org.apache.maven.surefire.junit4.JUnit4Provider.executeWithRerun(JUnit4Provider.java:173)
	at org.apache.maven.surefire.junit4.JUnit4Provider.executeTestSet(JUnit4Provider.java:153)
	at org.apache.maven.surefire.junit4.JUnit4Provider.invoke(JUnit4Provider.java:128)
	at org.apache.maven.surefire.booter.ForkedBooter.invokeProviderInSameClassLoader(ForkedBooter.java:203)
	at org.apache.maven.surefire.booter.ForkedBooter.runSuitesInProcess(ForkedBooter.java:155)
	at org.apache.maven.surefire.booter.ForkedBooter.main(ForkedBooter.java:103)

Running io.debezium.connector.mysql.MySqlConnectorTest
Tests run: 1, Failures: 0, Errors: 0, Skipped: 0, Time elapsed: 0.007 sec - in io.debezium.connector.mysql.MySqlConnectorTest
Running io.debezium.connector.mysql.MySqlUnsignedIntegerConverterTest
Tests run: 5, Failures: 0, Errors: 0, Skipped: 0, Time elapsed: 0 sec - in io.debezium.connector.mysql.MySqlUnsignedIntegerConverterTest

Results :

Tests in error: 
  MysqlAntlrDefaultValueTest>AbstractMysqlDefaultValueTest.parseDateDefaultValue:378  DateTimeParse
  MysqlAntlrDefaultValueTest>AbstractMysqlDefaultValueTest.parseTimeDefaultValue:347  DateTimeParse
  MysqlDefaultValueTest>AbstractMysqlDefaultValueTest.parseDateDefaultValue:378  Parsing
  MysqlDefaultValueTest>AbstractMysqlDefaultValueTest.parseTimeDefaultValue:347  Parsing

Tests run: 328, Failures: 0, Errors: 4, Skipped: 1

[INFO] ------------------------------------------------------------------------
[INFO] Reactor Summary for Debezium Parent POM 0.9.0-SNAPSHOT:
[INFO] 
[INFO] Debezium Checkstyle Rules .......................... SUCCESS [  1.065 s]
[INFO] Debezium Parent POM ................................ SUCCESS [  0.118 s]
[INFO] Debezium Core ...................................... SUCCESS [ 13.047 s]
[INFO] Debezium ANTLR DDL parsers ......................... SUCCESS [ 16.251 s]
[INFO] Debezium Assembly Descriptors ...................... SUCCESS [  0.016 s]
[INFO] Debezium Embedded .................................. SUCCESS [  3.237 s]
[INFO] Debezium Connector for MySQL ....................... FAILURE [  8.285 s]
[INFO] Debezium Connector for PostgreSQL .................. SKIPPED
[INFO] Debezium Connector for MongoDB ..................... SKIPPED
[INFO] Debezium Microbenchmark Tests ...................... SKIPPED
[INFO] ------------------------------------------------------------------------
[INFO] BUILD FAILURE
[INFO] ------------------------------------------------------------------------
[INFO] Total time:  42.688 s
[INFO] Finished at: 2022-07-25T19:28:20-07:00
[INFO] ------------------------------------------------------------------------
[ERROR] Failed to execute goal org.apache.maven.plugins:maven-surefire-plugin:2.18.1:test (default-test) on project debezium-connector-mysql: There are test failures.
[ERROR] 
[ERROR] Please refer to /home/user/Workspace/reproducibility/Reproducibility-Scanner/reproducer/workspace/Bears-208/debezium-connector-mysql/target/surefire-reports for the individual test results.
[ERROR] -> [Help 1]
[ERROR] 
[ERROR] To see the full stack trace of the errors, re-run Maven with the -e switch.
[ERROR] Re-run Maven using the -X switch to enable full debug logging.
[ERROR] 
[ERROR] For more information about the errors and possible solutions, please read the following articles:
[ERROR] [Help 1] http://cwiki.apache.org/confluence/display/MAVEN/MojoFailureException
[ERROR] 
[ERROR] After correcting the problems, you can resume the build with the command
[ERROR]   mvn <args> -rf :debezium-connector-mysql
Running the tests related to the bug Bears-208...
The tests related to the bug Bears-208 were executed.