Apache Maven 3.6.3
Maven home: /usr/share/maven
Java version: 1.8.0_312, vendor: Private Build, runtime: /usr/lib/jvm/java-8-openjdk-amd64/jre
Default locale: en_US, platform encoding: UTF-8
OS name: "linux", version: "5.15.0-41-generic", arch: "amd64", family: "unix"
[INFO] Scanning for projects...
[INFO] ------------------------------------------------------------------------
[INFO] Reactor Build Order:
[INFO] 
[INFO] Spring Cloud GCP                                                   [pom]
[INFO] Spring Cloud GCP Core Module                                       [jar]
[INFO] Spring Cloud GCP Pub/Sub Module                                    [jar]
[INFO] Spring Cloud GCP Storage Module                                    [jar]
[INFO] Spring Cloud GCP Spanner Module                                    [jar]
[INFO] Spring Cloud GCP Autoconfigure Module                              [jar]
[INFO] Spring Cloud GCP Starters                                          [pom]
[INFO] Spring Cloud GCP Support Starter                                   [jar]
[INFO] Spring Cloud GCP Pub/Sub Starter                                   [jar]
[INFO] Spring Cloud GCP Stream                                            [jar]
[INFO] Spring Cloud GCP Documentation                                     [jar]
[INFO] Spring Cloud GCP Dependencies                                      [pom]
[INFO] Spring Cloud GCP Config Starter                                    [jar]
[INFO] Spring Cloud GCP Storage Starter                                   [jar]
[INFO] Spring Cloud GCP Spanner Starter                                   [jar]
[INFO] Spring Cloud GCP Cloud Trace Starter                               [jar]
[INFO] Spring Cloud GCP Stackdriver Logging Starter                       [jar]
[INFO] Spring Cloud GCP Cloud SQL MySQL Starter                           [jar]
[INFO] Spring Cloud GCP Cloud SQL PostgreSQL Starter                      [jar]
[INFO] Spring Cloud GCP Code Samples                                      [pom]
[INFO] Spring Cloud GCP Runtime Configuration Code Sample                 [jar]
[INFO] Spring Cloud GCP Trace Code Sample                                 [jar]
[INFO] Spring Cloud GCP Logging Code Sample                               [jar]
[INFO] Spring Cloud GCP SQL MySQL Starter Code Sample                     [jar]
[INFO] Spring Cloud GCP Integration Pub/Sub Channel Adapters Code Sample  [pom]
[INFO] Spring Cloud GCP Integration Pub/Sub Sender Code Sample            [jar]
[INFO] Spring Cloud GCP Integration Pub/Sub Receiver Code Sample          [jar]
[INFO] Spring Cloud GCP Storage Sample                                    [jar]
[INFO] Spring Cloud GCP Spanner Code Sample                               [jar]
[INFO] Spring Cloud GCP Pub/Sub Code Sample                               [jar]
[INFO] Spring Cloud GCP with Spring Data JPA Code Sample                  [jar]
[INFO] Spring Cloud GCP Vision API Sample                                 [jar]
[INFO] Spring Cloud GCP Integration Storage Sample                        [jar]
[INFO] 
[INFO] -------------< org.springframework.cloud:spring-cloud-gcp >-------------
[INFO] Building Spring Cloud GCP 1.0.0.BUILD-SNAPSHOT                    [1/33]
[INFO] --------------------------------[ pom ]---------------------------------
[INFO] 
[INFO] --- maven-checkstyle-plugin:2.17:check (validate) @ spring-cloud-gcp ---
[INFO] 
[INFO] --- maven-checkstyle-plugin:2.17:check (checkstyle-validation) @ spring-cloud-gcp ---
[INFO] 
[INFO] ----------< org.springframework.cloud:spring-cloud-gcp-core >-----------
[INFO] Building Spring Cloud GCP Core Module 1.0.0.BUILD-SNAPSHOT        [2/33]
[INFO] --------------------------------[ jar ]---------------------------------
[INFO] 
[INFO] --- maven-checkstyle-plugin:2.17:check (validate) @ spring-cloud-gcp-core ---
[INFO] 
[INFO] --- maven-checkstyle-plugin:2.17:check (checkstyle-validation) @ spring-cloud-gcp-core ---
[INFO] 
[INFO] --- maven-resources-plugin:2.6:resources (default-resources) @ spring-cloud-gcp-core ---
[INFO] Using 'UTF-8' encoding to copy filtered resources.
[INFO] skip non existing resourceDirectory /home/user/Workspace/reproducibility/Reproducibility-Scanner/reproducer/workspace/Bears-183/spring-cloud-gcp-core/src/main/resources
[INFO] skip non existing resourceDirectory /home/user/Workspace/reproducibility/Reproducibility-Scanner/reproducer/workspace/Bears-183/spring-cloud-gcp-core/src/main/resources
[INFO] 
[INFO] --- maven-compiler-plugin:3.1:compile (default-compile) @ spring-cloud-gcp-core ---
[INFO] Nothing to compile - all classes are up to date
[INFO] 
[INFO] --- maven-resources-plugin:2.6:testResources (default-testResources) @ spring-cloud-gcp-core ---
[INFO] Using 'UTF-8' encoding to copy filtered resources.
[INFO] skip non existing resourceDirectory /home/user/Workspace/reproducibility/Reproducibility-Scanner/reproducer/workspace/Bears-183/spring-cloud-gcp-core/src/test/resources
[INFO] 
[INFO] --- maven-compiler-plugin:3.1:testCompile (default-testCompile) @ spring-cloud-gcp-core ---
[INFO] Nothing to compile - all classes are up to date
[INFO] 
[INFO] --- maven-surefire-plugin:2.12.4:test (default-test) @ spring-cloud-gcp-core ---
[INFO] Surefire report directory: /home/user/Workspace/reproducibility/Reproducibility-Scanner/reproducer/workspace/Bears-183/spring-cloud-gcp-core/target/surefire-reports

-------------------------------------------------------
 T E S T S
-------------------------------------------------------
Running org.springframework.cloud.gcp.core.DefaultCredentialsProviderTests
Tests run: 3, Failures: 0, Errors: 0, Skipped: 0, Time elapsed: 0.232 sec

Results :

Tests run: 3, Failures: 0, Errors: 0, Skipped: 0

[INFO] 
[INFO] ---------< org.springframework.cloud:spring-cloud-gcp-pubsub >----------
[INFO] Building Spring Cloud GCP Pub/Sub Module 1.0.0.BUILD-SNAPSHOT     [3/33]
[INFO] --------------------------------[ jar ]---------------------------------
[INFO] 
[INFO] --- maven-checkstyle-plugin:2.17:check (validate) @ spring-cloud-gcp-pubsub ---
[INFO] 
[INFO] --- maven-checkstyle-plugin:2.17:check (checkstyle-validation) @ spring-cloud-gcp-pubsub ---
[INFO] 
[INFO] --- maven-resources-plugin:2.6:resources (default-resources) @ spring-cloud-gcp-pubsub ---
[INFO] Using 'UTF-8' encoding to copy filtered resources.
[INFO] skip non existing resourceDirectory /home/user/Workspace/reproducibility/Reproducibility-Scanner/reproducer/workspace/Bears-183/spring-cloud-gcp-pubsub/src/main/resources
[INFO] skip non existing resourceDirectory /home/user/Workspace/reproducibility/Reproducibility-Scanner/reproducer/workspace/Bears-183/spring-cloud-gcp-pubsub/src/main/resources
[INFO] 
[INFO] --- maven-compiler-plugin:3.1:compile (default-compile) @ spring-cloud-gcp-pubsub ---
[INFO] Nothing to compile - all classes are up to date
[INFO] 
[INFO] --- maven-resources-plugin:2.6:testResources (default-testResources) @ spring-cloud-gcp-pubsub ---
[INFO] Using 'UTF-8' encoding to copy filtered resources.
[INFO] Copying 1 resource
[INFO] 
[INFO] --- maven-compiler-plugin:3.1:testCompile (default-testCompile) @ spring-cloud-gcp-pubsub ---
[INFO] Nothing to compile - all classes are up to date
[INFO] 
[INFO] --- maven-surefire-plugin:2.12.4:test (default-test) @ spring-cloud-gcp-pubsub ---
[INFO] Surefire report directory: /home/user/Workspace/reproducibility/Reproducibility-Scanner/reproducer/workspace/Bears-183/spring-cloud-gcp-pubsub/target/surefire-reports

-------------------------------------------------------
 T E S T S
-------------------------------------------------------
Running org.springframework.cloud.gcp.pubsub.support.DefaultPublisherFactoryTests
18:18:39,179 |-INFO in ch.qos.logback.classic.LoggerContext[default] - Could NOT find resource [logback-test.xml]
18:18:39,180 |-INFO in ch.qos.logback.classic.LoggerContext[default] - Could NOT find resource [logback.groovy]
18:18:39,180 |-INFO in ch.qos.logback.classic.LoggerContext[default] - Found resource [logback.xml] at [file:/home/user/Workspace/reproducibility/Reproducibility-Scanner/reproducer/workspace/Bears-183/spring-cloud-gcp-pubsub/target/test-classes/logback.xml]
18:18:39,227 |-INFO in ch.qos.logback.classic.joran.action.ConfigurationAction - debug attribute not set
18:18:39,228 |-INFO in ch.qos.logback.core.joran.action.AppenderAction - About to instantiate appender of type [ch.qos.logback.core.ConsoleAppender]
18:18:39,234 |-INFO in ch.qos.logback.core.joran.action.AppenderAction - Naming appender as [STDOUT]
18:18:39,283 |-WARN in ch.qos.logback.core.ConsoleAppender[STDOUT] - This appender no longer admits a layout as a sub-component, set an encoder instead.
18:18:39,283 |-WARN in ch.qos.logback.core.ConsoleAppender[STDOUT] - To ensure compatibility, wrapping your layout in LayoutWrappingEncoder.
18:18:39,283 |-WARN in ch.qos.logback.core.ConsoleAppender[STDOUT] - See also http://logback.qos.ch/codes.html#layoutInsteadOfEncoder for details
18:18:39,283 |-INFO in ch.qos.logback.classic.joran.action.LoggerAction - Setting level of logger [io.netty.handler] to DEBUG
18:18:39,284 |-INFO in ch.qos.logback.classic.joran.action.LoggerAction - Setting level of logger [org.springframework.cloud] to INFO
18:18:39,284 |-INFO in ch.qos.logback.classic.joran.action.RootLoggerAction - Setting level of ROOT logger to INFO
18:18:39,284 |-INFO in ch.qos.logback.core.joran.action.AppenderRefAction - Attaching appender named [STDOUT] to Logger[ROOT]
18:18:39,284 |-INFO in ch.qos.logback.classic.joran.action.ConfigurationAction - End of configuration.
18:18:39,285 |-INFO in ch.qos.logback.classic.joran.JoranConfigurator@436c81a3 - Registering current configuration as safe fallback point

Tests run: 3, Failures: 0, Errors: 0, Skipped: 0, Time elapsed: 1.419 sec
Running org.springframework.cloud.gcp.pubsub.support.DefaultSubscriberFactoryTests
Tests run: 3, Failures: 0, Errors: 0, Skipped: 0, Time elapsed: 0.114 sec
Running org.springframework.cloud.gcp.pubsub.core.PubSubTemplateTests
2022-07-25 18:18:40.329 [main] WARN  o.s.c.gcp.pubsub.core.PubSubTemplate - Publishing to testTopic topic failed.
java.lang.Exception: future failed.
	at org.springframework.cloud.gcp.pubsub.core.PubSubTemplateTests.testSend_onFailure(PubSubTemplateTests.java:127)
	at sun.reflect.NativeMethodAccessorImpl.invoke0(Native Method)
	at sun.reflect.NativeMethodAccessorImpl.invoke(NativeMethodAccessorImpl.java:62)
	at sun.reflect.DelegatingMethodAccessorImpl.invoke(DelegatingMethodAccessorImpl.java:43)
	at java.lang.reflect.Method.invoke(Method.java:498)
	at org.junit.runners.model.FrameworkMethod$1.runReflectiveCall(FrameworkMethod.java:50)
	at org.junit.internal.runners.model.ReflectiveCallable.run(ReflectiveCallable.java:12)
	at org.junit.runners.model.FrameworkMethod.invokeExplosively(FrameworkMethod.java:47)
	at org.junit.internal.runners.statements.InvokeMethod.evaluate(InvokeMethod.java:17)
	at org.junit.internal.runners.statements.RunBefores.evaluate(RunBefores.java:26)
	at org.junit.runners.ParentRunner.runLeaf(ParentRunner.java:325)
	at org.junit.runners.BlockJUnit4ClassRunner.runChild(BlockJUnit4ClassRunner.java:78)
	at org.junit.runners.BlockJUnit4ClassRunner.runChild(BlockJUnit4ClassRunner.java:57)
	at org.junit.runners.ParentRunner$3.run(ParentRunner.java:290)
	at org.junit.runners.ParentRunner$1.schedule(ParentRunner.java:71)
	at org.junit.runners.ParentRunner.runChildren(ParentRunner.java:288)
	at org.junit.runners.ParentRunner.access$000(ParentRunner.java:58)
	at org.junit.runners.ParentRunner$2.evaluate(ParentRunner.java:268)
	at org.junit.runners.ParentRunner.run(ParentRunner.java:363)
	at org.mockito.internal.runners.DefaultInternalRunner$1.run(DefaultInternalRunner.java:79)
	at org.mockito.internal.runners.DefaultInternalRunner.run(DefaultInternalRunner.java:85)
	at org.mockito.internal.runners.StrictRunner.run(StrictRunner.java:39)
	at org.mockito.junit.MockitoJUnitRunner.run(MockitoJUnitRunner.java:163)
	at org.apache.maven.surefire.junit4.JUnit4Provider.execute(JUnit4Provider.java:252)
	at org.apache.maven.surefire.junit4.JUnit4Provider.executeTestSet(JUnit4Provider.java:141)
	at org.apache.maven.surefire.junit4.JUnit4Provider.invoke(JUnit4Provider.java:112)
	at sun.reflect.NativeMethodAccessorImpl.invoke0(Native Method)
	at sun.reflect.NativeMethodAccessorImpl.invoke(NativeMethodAccessorImpl.java:62)
	at sun.reflect.DelegatingMethodAccessorImpl.invoke(DelegatingMethodAccessorImpl.java:43)
	at java.lang.reflect.Method.invoke(Method.java:498)
	at org.apache.maven.surefire.util.ReflectionUtils.invokeMethodWithArray(ReflectionUtils.java:189)
	at org.apache.maven.surefire.booter.ProviderFactory$ProviderProxy.invoke(ProviderFactory.java:165)
	at org.apache.maven.surefire.booter.ProviderFactory.invokeProvider(ProviderFactory.java:85)
	at org.apache.maven.surefire.booter.ForkedBooter.runSuitesInProcess(ForkedBooter.java:115)
	at org.apache.maven.surefire.booter.ForkedBooter.main(ForkedBooter.java:75)
Tests run: 6, Failures: 0, Errors: 0, Skipped: 0, Time elapsed: 0.388 sec
Running org.springframework.cloud.gcp.pubsub.integration.outbound.PubSubMessageHandlerTests
Tests run: 4, Failures: 0, Errors: 0, Skipped: 0, Time elapsed: 0.229 sec
Running org.springframework.cloud.gcp.pubsub.integration.inbound.PubSubInboundChannelAdapterTests
Tests run: 1, Failures: 0, Errors: 0, Skipped: 0, Time elapsed: 0.008 sec
Running org.springframework.cloud.gcp.pubsub.PubSubAdminTests
Tests run: 3, Failures: 0, Errors: 0, Skipped: 0, Time elapsed: 0.073 sec

Results :

Tests run: 20, Failures: 0, Errors: 0, Skipped: 0

[INFO] 
[INFO] ---------< org.springframework.cloud:spring-cloud-gcp-storage >---------
[INFO] Building Spring Cloud GCP Storage Module 1.0.0.BUILD-SNAPSHOT     [4/33]
[INFO] --------------------------------[ jar ]---------------------------------
[INFO] 
[INFO] --- maven-checkstyle-plugin:2.17:check (validate) @ spring-cloud-gcp-storage ---
[INFO] 
[INFO] --- maven-checkstyle-plugin:2.17:check (checkstyle-validation) @ spring-cloud-gcp-storage ---
[INFO] 
[INFO] --- maven-resources-plugin:2.6:resources (default-resources) @ spring-cloud-gcp-storage ---
[INFO] Using 'UTF-8' encoding to copy filtered resources.
[INFO] skip non existing resourceDirectory /home/user/Workspace/reproducibility/Reproducibility-Scanner/reproducer/workspace/Bears-183/spring-cloud-gcp-storage/src/main/resources
[INFO] skip non existing resourceDirectory /home/user/Workspace/reproducibility/Reproducibility-Scanner/reproducer/workspace/Bears-183/spring-cloud-gcp-storage/src/main/resources
[INFO] 
[INFO] --- maven-compiler-plugin:3.1:compile (default-compile) @ spring-cloud-gcp-storage ---
[INFO] Nothing to compile - all classes are up to date
[INFO] 
[INFO] --- maven-resources-plugin:2.6:testResources (default-testResources) @ spring-cloud-gcp-storage ---
[INFO] Using 'UTF-8' encoding to copy filtered resources.
[INFO] Copying 1 resource
[INFO] 
[INFO] --- maven-compiler-plugin:3.1:testCompile (default-testCompile) @ spring-cloud-gcp-storage ---
[INFO] Nothing to compile - all classes are up to date
[INFO] 
[INFO] --- maven-surefire-plugin:2.12.4:test (default-test) @ spring-cloud-gcp-storage ---
[INFO] Surefire report directory: /home/user/Workspace/reproducibility/Reproducibility-Scanner/reproducer/workspace/Bears-183/spring-cloud-gcp-storage/target/surefire-reports

-------------------------------------------------------
 T E S T S
-------------------------------------------------------
Running org.springframework.cloud.gcp.storage.GoogleStorageIntegrationTests
18:18:41.299 [main] DEBUG org.springframework.test.context.junit4.SpringJUnit4ClassRunner - SpringJUnit4ClassRunner constructor called with [class org.springframework.cloud.gcp.storage.GoogleStorageIntegrationTests]
18:18:41.306 [main] DEBUG org.springframework.test.context.BootstrapUtils - Instantiating CacheAwareContextLoaderDelegate from class [org.springframework.test.context.cache.DefaultCacheAwareContextLoaderDelegate]
18:18:41.314 [main] DEBUG org.springframework.test.context.BootstrapUtils - Instantiating BootstrapContext using constructor [public org.springframework.test.context.support.DefaultBootstrapContext(java.lang.Class,org.springframework.test.context.CacheAwareContextLoaderDelegate)]
18:18:41.322 [main] DEBUG org.springframework.test.context.BootstrapUtils - Instantiating TestContextBootstrapper for test class [org.springframework.cloud.gcp.storage.GoogleStorageIntegrationTests] from class [org.springframework.test.context.support.DefaultTestContextBootstrapper]
18:18:41.350 [main] DEBUG org.springframework.test.context.support.AbstractDelegatingSmartContextLoader - Delegating to AnnotationConfigContextLoader to process context configuration [ContextConfigurationAttributes@5f3a4b84 declaringClass = 'org.springframework.cloud.gcp.storage.GoogleStorageIntegrationTests', classes = '{class org.springframework.cloud.gcp.storage.GoogleStorageIntegrationTestsConfiguration}', locations = '{}', inheritLocations = true, initializers = '{}', inheritInitializers = true, name = [null], contextLoaderClass = 'org.springframework.test.context.ContextLoader'].
18:18:41.394 [main] DEBUG org.springframework.test.context.support.ActiveProfilesUtils - Could not find an 'annotation declaring class' for annotation type [org.springframework.test.context.ActiveProfiles] and class [org.springframework.cloud.gcp.storage.GoogleStorageIntegrationTests]
18:18:41.394 [main] DEBUG org.springframework.test.context.support.DefaultTestContextBootstrapper - @TestExecutionListeners is not present for class [org.springframework.cloud.gcp.storage.GoogleStorageIntegrationTests]: using defaults.
18:18:41.395 [main] INFO org.springframework.test.context.support.DefaultTestContextBootstrapper - Loaded default TestExecutionListener class names from location [META-INF/spring.factories]: [org.springframework.boot.test.mock.mockito.MockitoTestExecutionListener, org.springframework.boot.test.mock.mockito.ResetMocksTestExecutionListener, org.springframework.boot.test.autoconfigure.restdocs.RestDocsTestExecutionListener, org.springframework.boot.test.autoconfigure.web.client.MockRestServiceServerResetTestExecutionListener, org.springframework.boot.test.autoconfigure.web.servlet.MockMvcPrintOnlyOnFailureTestExecutionListener, org.springframework.boot.test.autoconfigure.web.servlet.WebDriverTestExecutionListener, org.springframework.test.context.web.ServletTestExecutionListener, org.springframework.test.context.support.DirtiesContextBeforeModesTestExecutionListener, org.springframework.test.context.support.DependencyInjectionTestExecutionListener, org.springframework.test.context.support.DirtiesContextTestExecutionListener, org.springframework.test.context.transaction.TransactionalTestExecutionListener, org.springframework.test.context.jdbc.SqlScriptsTestExecutionListener]
18:18:41.403 [main] DEBUG org.springframework.test.context.support.DefaultTestContextBootstrapper - Skipping candidate TestExecutionListener [org.springframework.test.context.web.ServletTestExecutionListener] due to a missing dependency. Specify custom listener classes or make the default listener classes and their required dependencies available. Offending class: [javax/servlet/ServletContext]
18:18:41.485 [main] INFO org.springframework.test.context.support.DefaultTestContextBootstrapper - Using TestExecutionListeners: [org.springframework.test.context.support.DirtiesContextBeforeModesTestExecutionListener@4c9f8c13, org.springframework.boot.test.mock.mockito.MockitoTestExecutionListener@5ae50ce6, org.springframework.test.context.support.DependencyInjectionTestExecutionListener@6f96c77, org.springframework.test.context.support.DirtiesContextTestExecutionListener@be64738, org.springframework.test.context.transaction.TransactionalTestExecutionListener@3ba9ad43, org.springframework.test.context.jdbc.SqlScriptsTestExecutionListener@49d904ec, org.springframework.boot.test.mock.mockito.ResetMocksTestExecutionListener@48e4374, org.springframework.boot.test.autoconfigure.restdocs.RestDocsTestExecutionListener@3d680b5a, org.springframework.boot.test.autoconfigure.web.client.MockRestServiceServerResetTestExecutionListener@4b5d6a01, org.springframework.boot.test.autoconfigure.web.servlet.MockMvcPrintOnlyOnFailureTestExecutionListener@4a22f9e2, org.springframework.boot.test.autoconfigure.web.servlet.WebDriverTestExecutionListener@3c419631]
18:18:41.487 [main] DEBUG org.springframework.test.annotation.ProfileValueUtils - Retrieved @ProfileValueSourceConfiguration [null] for test class [org.springframework.cloud.gcp.storage.GoogleStorageIntegrationTests]
18:18:41.488 [main] DEBUG org.springframework.test.annotation.ProfileValueUtils - Retrieved ProfileValueSource type [class org.springframework.test.annotation.SystemProfileValueSource] for class [org.springframework.cloud.gcp.storage.GoogleStorageIntegrationTests]
18:18:41.488 [main] DEBUG org.springframework.test.annotation.ProfileValueUtils - Retrieved @ProfileValueSourceConfiguration [null] for test class [org.springframework.cloud.gcp.storage.GoogleStorageIntegrationTests]
18:18:41.489 [main] DEBUG org.springframework.test.annotation.ProfileValueUtils - Retrieved ProfileValueSource type [class org.springframework.test.annotation.SystemProfileValueSource] for class [org.springframework.cloud.gcp.storage.GoogleStorageIntegrationTests]
18:18:41.491 [main] DEBUG org.springframework.test.context.support.AbstractDirtiesContextTestExecutionListener - Before test class: context [DefaultTestContext@e056f20 testClass = GoogleStorageIntegrationTests, testInstance = [null], testMethod = [null], testException = [null], mergedContextConfiguration = [MergedContextConfiguration@4b0b0854 testClass = GoogleStorageIntegrationTests, locations = '{}', classes = '{class org.springframework.cloud.gcp.storage.GoogleStorageIntegrationTestsConfiguration}', contextInitializerClasses = '[]', activeProfiles = '{}', propertySourceLocations = '{}', propertySourceProperties = '{}', contextCustomizers = set[org.springframework.boot.test.context.filter.ExcludeFilterContextCustomizer@6eceb130, org.springframework.boot.test.json.DuplicateJsonObjectContextCustomizerFactory$DuplicateJsonObjectContextCustomizer@5c072e3f, org.springframework.boot.test.mock.mockito.MockitoContextCustomizer@0, org.springframework.boot.test.autoconfigure.properties.PropertyMappingContextCustomizer@0, org.springframework.boot.test.autoconfigure.web.servlet.WebDriverContextCustomizerFactory$Customizer@7e9a5fbe], contextLoader = 'org.springframework.test.context.support.DelegatingSmartContextLoader', parent = [null]], attributes = map[[empty]]], class annotated with @DirtiesContext [false] with mode [null].
18:18:41.495 [main] DEBUG org.springframework.test.context.support.AbstractDirtiesContextTestExecutionListener - After test class: context [DefaultTestContext@e056f20 testClass = GoogleStorageIntegrationTests, testInstance = [null], testMethod = [null], testException = [null], mergedContextConfiguration = [MergedContextConfiguration@4b0b0854 testClass = GoogleStorageIntegrationTests, locations = '{}', classes = '{class org.springframework.cloud.gcp.storage.GoogleStorageIntegrationTestsConfiguration}', contextInitializerClasses = '[]', activeProfiles = '{}', propertySourceLocations = '{}', propertySourceProperties = '{}', contextCustomizers = set[org.springframework.boot.test.context.filter.ExcludeFilterContextCustomizer@6eceb130, org.springframework.boot.test.json.DuplicateJsonObjectContextCustomizerFactory$DuplicateJsonObjectContextCustomizer@5c072e3f, org.springframework.boot.test.mock.mockito.MockitoContextCustomizer@0, org.springframework.boot.test.autoconfigure.properties.PropertyMappingContextCustomizer@0, org.springframework.boot.test.autoconfigure.web.servlet.WebDriverContextCustomizerFactory$Customizer@7e9a5fbe], contextLoader = 'org.springframework.test.context.support.DelegatingSmartContextLoader', parent = [null]], attributes = map[[empty]]], class annotated with @DirtiesContext [false] with mode [null].
Tests run: 1, Failures: 0, Errors: 0, Skipped: 1, Time elapsed: 0.453 sec
Running org.springframework.cloud.gcp.storage.GoogleStorageTests
18:18:41.503 [main] DEBUG org.springframework.test.context.junit4.SpringJUnit4ClassRunner - SpringJUnit4ClassRunner constructor called with [class org.springframework.cloud.gcp.storage.GoogleStorageTests]
18:18:41.503 [main] DEBUG org.springframework.test.context.BootstrapUtils - Instantiating CacheAwareContextLoaderDelegate from class [org.springframework.test.context.cache.DefaultCacheAwareContextLoaderDelegate]
18:18:41.503 [main] DEBUG org.springframework.test.context.BootstrapUtils - Instantiating BootstrapContext using constructor [public org.springframework.test.context.support.DefaultBootstrapContext(java.lang.Class,org.springframework.test.context.CacheAwareContextLoaderDelegate)]
18:18:41.507 [main] DEBUG org.springframework.test.context.BootstrapUtils - Instantiating TestContextBootstrapper for test class [org.springframework.cloud.gcp.storage.GoogleStorageTests] from class [org.springframework.boot.test.context.SpringBootTestContextBootstrapper]
18:18:41.510 [main] INFO org.springframework.boot.test.context.SpringBootTestContextBootstrapper - Neither @ContextConfiguration nor @ContextHierarchy found for test class [org.springframework.cloud.gcp.storage.GoogleStorageTests], using SpringBootContextLoader
18:18:41.512 [main] DEBUG org.springframework.test.context.support.AbstractContextLoader - Did not detect default resource location for test class [org.springframework.cloud.gcp.storage.GoogleStorageTests]: class path resource [org/springframework/cloud/gcp/storage/GoogleStorageTests-context.xml] does not exist
18:18:41.512 [main] DEBUG org.springframework.test.context.support.AbstractContextLoader - Did not detect default resource location for test class [org.springframework.cloud.gcp.storage.GoogleStorageTests]: class path resource [org/springframework/cloud/gcp/storage/GoogleStorageTestsContext.groovy] does not exist
18:18:41.512 [main] INFO org.springframework.test.context.support.AbstractContextLoader - Could not detect default resource locations for test class [org.springframework.cloud.gcp.storage.GoogleStorageTests]: no resource found for suffixes {-context.xml, Context.groovy}.
18:18:41.520 [main] DEBUG org.springframework.test.context.support.ActiveProfilesUtils - Could not find an 'annotation declaring class' for annotation type [org.springframework.test.context.ActiveProfiles] and class [org.springframework.cloud.gcp.storage.GoogleStorageTests]
18:18:41.655 [main] DEBUG org.springframework.boot.test.context.SpringBootTestContextBootstrapper - @TestExecutionListeners is not present for class [org.springframework.cloud.gcp.storage.GoogleStorageTests]: using defaults.
18:18:41.655 [main] INFO org.springframework.boot.test.context.SpringBootTestContextBootstrapper - Loaded default TestExecutionListener class names from location [META-INF/spring.factories]: [org.springframework.boot.test.mock.mockito.MockitoTestExecutionListener, org.springframework.boot.test.mock.mockito.ResetMocksTestExecutionListener, org.springframework.boot.test.autoconfigure.restdocs.RestDocsTestExecutionListener, org.springframework.boot.test.autoconfigure.web.client.MockRestServiceServerResetTestExecutionListener, org.springframework.boot.test.autoconfigure.web.servlet.MockMvcPrintOnlyOnFailureTestExecutionListener, org.springframework.boot.test.autoconfigure.web.servlet.WebDriverTestExecutionListener, org.springframework.test.context.web.ServletTestExecutionListener, org.springframework.test.context.support.DirtiesContextBeforeModesTestExecutionListener, org.springframework.test.context.support.DependencyInjectionTestExecutionListener, org.springframework.test.context.support.DirtiesContextTestExecutionListener, org.springframework.test.context.transaction.TransactionalTestExecutionListener, org.springframework.test.context.jdbc.SqlScriptsTestExecutionListener]
18:18:41.657 [main] DEBUG org.springframework.boot.test.context.SpringBootTestContextBootstrapper - Skipping candidate TestExecutionListener [org.springframework.test.context.web.ServletTestExecutionListener] due to a missing dependency. Specify custom listener classes or make the default listener classes and their required dependencies available. Offending class: [javax/servlet/ServletContext]
18:18:41.657 [main] INFO org.springframework.boot.test.context.SpringBootTestContextBootstrapper - Using TestExecutionListeners: [org.springframework.test.context.support.DirtiesContextBeforeModesTestExecutionListener@5403f35f, org.springframework.boot.test.mock.mockito.MockitoTestExecutionListener@483f6d77, org.springframework.boot.test.autoconfigure.SpringBootDependencyInjectionTestExecutionListener@7e5afaa6, org.springframework.test.context.support.DirtiesContextTestExecutionListener@63a12c68, org.springframework.test.context.transaction.TransactionalTestExecutionListener@28f3b248, org.springframework.test.context.jdbc.SqlScriptsTestExecutionListener@1b1426f4, org.springframework.boot.test.mock.mockito.ResetMocksTestExecutionListener@32b260fa, org.springframework.boot.test.autoconfigure.restdocs.RestDocsTestExecutionListener@581ac8a8, org.springframework.boot.test.autoconfigure.web.client.MockRestServiceServerResetTestExecutionListener@6d4e5011, org.springframework.boot.test.autoconfigure.web.servlet.MockMvcPrintOnlyOnFailureTestExecutionListener@57d7f8ca, org.springframework.boot.test.autoconfigure.web.servlet.WebDriverTestExecutionListener@76c3e77a]
18:18:41.658 [main] DEBUG org.springframework.test.annotation.ProfileValueUtils - Retrieved @ProfileValueSourceConfiguration [null] for test class [org.springframework.cloud.gcp.storage.GoogleStorageTests]
18:18:41.658 [main] DEBUG org.springframework.test.annotation.ProfileValueUtils - Retrieved ProfileValueSource type [class org.springframework.test.annotation.SystemProfileValueSource] for class [org.springframework.cloud.gcp.storage.GoogleStorageTests]
18:18:41.658 [main] DEBUG org.springframework.test.annotation.ProfileValueUtils - Retrieved @ProfileValueSourceConfiguration [null] for test class [org.springframework.cloud.gcp.storage.GoogleStorageTests]
18:18:41.658 [main] DEBUG org.springframework.test.annotation.ProfileValueUtils - Retrieved ProfileValueSource type [class org.springframework.test.annotation.SystemProfileValueSource] for class [org.springframework.cloud.gcp.storage.GoogleStorageTests]
18:18:41.660 [main] DEBUG org.springframework.test.context.support.AbstractDirtiesContextTestExecutionListener - Before test class: context [DefaultTestContext@78123e82 testClass = GoogleStorageTests, testInstance = [null], testMethod = [null], testException = [null], mergedContextConfiguration = [MergedContextConfiguration@67c33749 testClass = GoogleStorageTests, locations = '{}', classes = '{class org.springframework.cloud.gcp.storage.GoogleStorageTests$StorageApplication}', contextInitializerClasses = '[]', activeProfiles = '{}', propertySourceLocations = '{}', propertySourceProperties = '{org.springframework.boot.test.context.SpringBootTestContextBootstrapper=true}', contextCustomizers = set[org.springframework.boot.test.context.filter.ExcludeFilterContextCustomizer@6eceb130, org.springframework.boot.test.json.DuplicateJsonObjectContextCustomizerFactory$DuplicateJsonObjectContextCustomizer@5c072e3f, org.springframework.boot.test.mock.mockito.MockitoContextCustomizer@0, org.springframework.boot.test.web.client.TestRestTemplateContextCustomizer@55b7a4e0, org.springframework.boot.test.autoconfigure.properties.PropertyMappingContextCustomizer@0, org.springframework.boot.test.autoconfigure.web.servlet.WebDriverContextCustomizerFactory$Customizer@7e9a5fbe], contextLoader = 'org.springframework.boot.test.context.SpringBootContextLoader', parent = [null]], attributes = map[[empty]]], class annotated with @DirtiesContext [false] with mode [null].
18:18:41.661 [main] DEBUG org.springframework.test.annotation.ProfileValueUtils - Retrieved @ProfileValueSourceConfiguration [null] for test class [org.springframework.cloud.gcp.storage.GoogleStorageTests]
18:18:41.661 [main] DEBUG org.springframework.test.annotation.ProfileValueUtils - Retrieved ProfileValueSource type [class org.springframework.test.annotation.SystemProfileValueSource] for class [org.springframework.cloud.gcp.storage.GoogleStorageTests]
18:18:41.665 [main] DEBUG org.springframework.test.context.support.DependencyInjectionTestExecutionListener - Performing dependency injection for test context [[DefaultTestContext@78123e82 testClass = GoogleStorageTests, testInstance = org.springframework.cloud.gcp.storage.GoogleStorageTests@28f2a10f, testMethod = [null], testException = [null], mergedContextConfiguration = [MergedContextConfiguration@67c33749 testClass = GoogleStorageTests, locations = '{}', classes = '{class org.springframework.cloud.gcp.storage.GoogleStorageTests$StorageApplication}', contextInitializerClasses = '[]', activeProfiles = '{}', propertySourceLocations = '{}', propertySourceProperties = '{org.springframework.boot.test.context.SpringBootTestContextBootstrapper=true}', contextCustomizers = set[org.springframework.boot.test.context.filter.ExcludeFilterContextCustomizer@6eceb130, org.springframework.boot.test.json.DuplicateJsonObjectContextCustomizerFactory$DuplicateJsonObjectContextCustomizer@5c072e3f, org.springframework.boot.test.mock.mockito.MockitoContextCustomizer@0, org.springframework.boot.test.web.client.TestRestTemplateContextCustomizer@55b7a4e0, org.springframework.boot.test.autoconfigure.properties.PropertyMappingContextCustomizer@0, org.springframework.boot.test.autoconfigure.web.servlet.WebDriverContextCustomizerFactory$Customizer@7e9a5fbe], contextLoader = 'org.springframework.boot.test.context.SpringBootContextLoader', parent = [null]], attributes = map[[empty]]]].
18:18:41.685 [main] DEBUG org.springframework.core.env.StandardEnvironment - Adding PropertySource 'systemProperties' with lowest search precedence
18:18:41.686 [main] DEBUG org.springframework.core.env.StandardEnvironment - Adding PropertySource 'systemEnvironment' with lowest search precedence
18:18:41.687 [main] DEBUG org.springframework.core.env.StandardEnvironment - Initialized StandardEnvironment with PropertySources [MapPropertySource@1627396964 {name='systemProperties', properties={java.runtime.name=OpenJDK Runtime Environment, sun.boot.library.path=/usr/lib/jvm/java-8-openjdk-amd64/jre/lib/amd64, java.vm.version=25.312-b07, java.vm.vendor=Private Build, java.vendor.url=http://java.oracle.com/, skip.gulp=true, path.separator=:, java.vm.name=OpenJDK 64-Bit Server VM, file.encoding.pkg=sun.io, findbugs.skip=true, user.country=US, sun.java.launcher=SUN_STANDARD, sun.os.patch.level=unknown, java.vm.specification.name=Java Virtual Machine Specification, user.dir=/home/user/Workspace/reproducibility/Reproducibility-Scanner/reproducer/workspace/Bears-183/spring-cloud-gcp-storage, checkstyle.skip=true, java.runtime.version=1.8.0_312-8u312-b07-0ubuntu1~20.04-b07, skip.npm=true, basedir=/home/user/Workspace/reproducibility/Reproducibility-Scanner/reproducer/workspace/Bears-183/spring-cloud-gcp-storage, java.awt.graphicsenv=sun.awt.X11GraphicsEnvironment, java.endorsed.dirs=/usr/lib/jvm/java-8-openjdk-amd64/jre/lib/endorsed, os.arch=amd64, surefire.real.class.path=/home/user/Workspace/reproducibility/Reproducibility-Scanner/reproducer/workspace/Bears-183/spring-cloud-gcp-storage/target/surefire/surefirebooter6792699588391065087.jar, gpg.skip=true, java.io.tmpdir=/tmp, line.separator=
, cobertura.skip=true, java.vm.specification.vendor=Oracle Corporation, os.name=Linux, sun.jnu.encoding=UTF-8, license.skip=true, java.library.path=/usr/java/packages/lib/amd64:/usr/lib/x86_64-linux-gnu/jni:/lib/x86_64-linux-gnu:/usr/lib/x86_64-linux-gnu:/usr/lib/jni:/lib:/usr/lib, surefire.test.class.path=/home/user/Workspace/reproducibility/Reproducibility-Scanner/reproducer/workspace/Bears-183/spring-cloud-gcp-storage/target/test-classes:/home/user/Workspace/reproducibility/Reproducibility-Scanner/reproducer/workspace/Bears-183/spring-cloud-gcp-storage/target/classes:/home/user/.m2/repository/org/springframework/spring-context/5.0.5.RELEASE/spring-context-5.0.5.RELEASE.jar:/home/user/.m2/repository/org/springframework/spring-aop/5.0.5.RELEASE/spring-aop-5.0.5.RELEASE.jar:/home/user/.m2/repository/org/springframework/spring-beans/5.0.5.RELEASE/spring-beans-5.0.5.RELEASE.jar:/home/user/.m2/repository/org/springframework/spring-core/5.0.5.RELEASE/spring-core-5.0.5.RELEASE.jar:/home/user/.m2/repository/org/springframework/spring-jcl/5.0.5.RELEASE/spring-jcl-5.0.5.RELEASE.jar:/home/user/.m2/repository/org/springframework/spring-expression/5.0.5.RELEASE/spring-expression-5.0.5.RELEASE.jar:/home/user/.m2/repository/com/google/cloud/google-cloud-storage/1.25.0/google-cloud-storage-1.25.0.jar:/home/user/.m2/repository/com/google/cloud/google-cloud-core/1.25.0/google-cloud-core-1.25.0.jar:/home/user/.m2/repository/com/google/guava/guava/20.0/guava-20.0.jar:/home/user/.m2/repository/joda-time/joda-time/2.9.9/joda-time-2.9.9.jar:/home/user/.m2/repository/com/google/http-client/google-http-client/1.23.0/google-http-client-1.23.0.jar:/home/user/.m2/repository/org/apache/httpcomponents/httpclient/4.5.5/httpclient-4.5.5.jar:/home/user/.m2/repository/org/apache/httpcomponents/httpcore/4.4.9/httpcore-4.4.9.jar:/home/user/.m2/repository/commons-codec/commons-codec/1.11/commons-codec-1.11.jar:/home/user/.m2/repository/com/google/code/findbugs/jsr305/3.0.1/jsr305-3.0.1.jar:/home/user/.m2/repository/com/google/api/api-common/1.5.0/api-common-1.5.0.jar:/home/user/.m2/repository/com/google/api/gax/1.23.0/gax-1.23.0.jar:/home/user/.m2/repository/org/threeten/threetenbp/1.3.3/threetenbp-1.3.3.jar:/home/user/.m2/repository/com/google/protobuf/protobuf-java-util/3.5.1/protobuf-java-util-3.5.1.jar:/home/user/.m2/repository/com/google/protobuf/protobuf-java/3.5.1/protobuf-java-3.5.1.jar:/home/user/.m2/repository/com/google/code/gson/gson/2.8.2/gson-2.8.2.jar:/home/user/.m2/repository/com/google/api/grpc/proto-google-common-protos/1.7.0/proto-google-common-protos-1.7.0.jar:/home/user/.m2/repository/com/google/api/grpc/proto-google-iam-v1/0.8.0/proto-google-iam-v1-0.8.0.jar:/home/user/.m2/repository/com/google/cloud/google-cloud-core-http/1.25.0/google-cloud-core-http-1.25.0.jar:/home/user/.m2/repository/com/google/auth/google-auth-library-credentials/0.9.0/google-auth-library-credentials-0.9.0.jar:/home/user/.m2/repository/com/google/auth/google-auth-library-oauth2-http/0.7.1/google-auth-library-oauth2-http-0.7.1.jar:/home/user/.m2/repository/com/google/oauth-client/google-oauth-client/1.23.0/google-oauth-client-1.23.0.jar:/home/user/.m2/repository/com/google/api-client/google-api-client/1.23.0/google-api-client-1.23.0.jar:/home/user/.m2/repository/com/google/http-client/google-http-client-appengine/1.23.0/google-http-client-appengine-1.23.0.jar:/home/user/.m2/repository/com/google/http-client/google-http-client-jackson/1.23.0/google-http-client-jackson-1.23.0.jar:/home/user/.m2/repository/org/codehaus/jackson/jackson-core-asl/1.9.11/jackson-core-asl-1.9.11.jar:/home/user/.m2/repository/com/google/http-client/google-http-client-jackson2/1.23.0/google-http-client-jackson2-1.23.0.jar:/home/user/.m2/repository/com/fasterxml/jackson/core/jackson-core/2.9.3/jackson-core-2.9.3.jar:/home/user/.m2/repository/com/google/api/gax-httpjson/0.40.0/gax-httpjson-0.40.0.jar:/home/user/.m2/repository/io/opencensus/opencensus-api/0.11.1/opencensus-api-0.11.1.jar:/home/user/.m2/repository/com/google/errorprone/error_prone_annotations/2.2.0/error_prone_annotations-2.2.0.jar:/home/user/.m2/repository/io/grpc/grpc-context/1.9.0/grpc-context-1.9.0.jar:/home/user/.m2/repository/io/opencensus/opencensus-contrib-http-util/0.11.1/opencensus-contrib-http-util-0.11.1.jar:/home/user/.m2/repository/com/google/apis/google-api-services-storage/v1-rev114-1.23.0/google-api-services-storage-v1-rev114-1.23.0.jar:/home/user/.m2/repository/org/springframework/integration/spring-integration-file/5.0.4.RELEASE/spring-integration-file-5.0.4.RELEASE.jar:/home/user/.m2/repository/org/springframework/integration/spring-integration-core/5.0.4.RELEASE/spring-integration-core-5.0.4.RELEASE.jar:/home/user/.m2/repository/org/springframework/spring-messaging/5.0.5.RELEASE/spring-messaging-5.0.5.RELEASE.jar:/home/user/.m2/repository/org/springframework/spring-tx/5.0.5.RELEASE/spring-tx-5.0.5.RELEASE.jar:/home/user/.m2/repository/org/springframework/retry/spring-retry/1.2.2.RELEASE/spring-retry-1.2.2.RELEASE.jar:/home/user/.m2/repository/io/projectreactor/reactor-core/3.1.6.RELEASE/reactor-core-3.1.6.RELEASE.jar:/home/user/.m2/repository/org/reactivestreams/reactive-streams/1.0.2/reactive-streams-1.0.2.jar:/home/user/.m2/repository/commons-io/commons-io/2.4/commons-io-2.4.jar:/home/user/Workspace/reproducibility/Reproducibility-Scanner/reproducer/workspace/Bears-183/spring-cloud-gcp-core/target/classes:/home/user/.m2/repository/junit/junit/4.12/junit-4.12.jar:/home/user/.m2/repository/org/hamcrest/hamcrest-core/1.3/hamcrest-core-1.3.jar:/home/user/.m2/repository/org/slf4j/slf4j-api/1.7.25/slf4j-api-1.7.25.jar:/home/user/.m2/repository/org/mockito/mockito-core/2.15.0/mockito-core-2.15.0.jar:/home/user/.m2/repository/net/bytebuddy/byte-buddy/1.7.11/byte-buddy-1.7.11.jar:/home/user/.m2/repository/net/bytebuddy/byte-buddy-agent/1.7.11/byte-buddy-agent-1.7.11.jar:/home/user/.m2/repository/org/objenesis/objenesis/2.6/objenesis-2.6.jar:/home/user/.m2/repository/org/springframework/boot/spring-boot-starter-test/2.0.1.RELEASE/spring-boot-starter-test-2.0.1.RELEASE.jar:/home/user/.m2/repository/org/springframework/boot/spring-boot-starter/2.0.1.RELEASE/spring-boot-starter-2.0.1.RELEASE.jar:/home/user/.m2/repository/org/springframework/boot/spring-boot/2.0.1.RELEASE/spring-boot-2.0.1.RELEASE.jar:/home/user/.m2/repository/org/springframework/boot/spring-boot-autoconfigure/2.0.1.RELEASE/spring-boot-autoconfigure-2.0.1.RELEASE.jar:/home/user/.m2/repository/org/springframework/boot/spring-boot-starter-logging/2.0.1.RELEASE/spring-boot-starter-logging-2.0.1.RELEASE.jar:/home/user/.m2/repository/ch/qos/logback/logback-classic/1.2.3/logback-classic-1.2.3.jar:/home/user/.m2/repository/ch/qos/logback/logback-core/1.2.3/logback-core-1.2.3.jar:/home/user/.m2/repository/org/apache/logging/log4j/log4j-to-slf4j/2.10.0/log4j-to-slf4j-2.10.0.jar:/home/user/.m2/repository/org/apache/logging/log4j/log4j-api/2.10.0/log4j-api-2.10.0.jar:/home/user/.m2/repository/org/slf4j/jul-to-slf4j/1.7.25/jul-to-slf4j-1.7.25.jar:/home/user/.m2/repository/javax/annotation/javax.annotation-api/1.3.2/javax.annotation-api-1.3.2.jar:/home/user/.m2/repository/org/yaml/snakeyaml/1.19/snakeyaml-1.19.jar:/home/user/.m2/repository/org/springframework/boot/spring-boot-test/2.0.1.RELEASE/spring-boot-test-2.0.1.RELEASE.jar:/home/user/.m2/repository/org/springframework/boot/spring-boot-test-autoconfigure/2.0.1.RELEASE/spring-boot-test-autoconfigure-2.0.1.RELEASE.jar:/home/user/.m2/repository/com/jayway/jsonpath/json-path/2.4.0/json-path-2.4.0.jar:/home/user/.m2/repository/net/minidev/json-smart/2.3/json-smart-2.3.jar:/home/user/.m2/repository/net/minidev/accessors-smart/1.2/accessors-smart-1.2.jar:/home/user/.m2/repository/org/ow2/asm/asm/5.0.4/asm-5.0.4.jar:/home/user/.m2/repository/org/assertj/assertj-core/3.9.1/assertj-core-3.9.1.jar:/home/user/.m2/repository/org/hamcrest/hamcrest-library/1.3/hamcrest-library-1.3.jar:/home/user/.m2/repository/org/skyscreamer/jsonassert/1.5.0/jsonassert-1.5.0.jar:/home/user/.m2/repository/com/vaadin/external/google/android-json/0.0.20131108.vaadin1/android-json-0.0.20131108.vaadin1.jar:/home/user/.m2/repository/org/springframework/spring-test/5.0.5.RELEASE/spring-test-5.0.5.RELEASE.jar:/home/user/.m2/repository/org/xmlunit/xmlunit-core/2.5.1/xmlunit-core-2.5.1.jar:, altSnapshotDeploymentRepository=repo.spring.io::default::https://repo.spring.io/libs-snapshot-local, java.specification.name=Java Platform API Specification, java.class.version=52.0, skip.bower=true, sun.management.compiler=HotSpot 64-Bit Tiered Compilers, os.version=5.15.0-41-generic, user.home=/home/user, user.timezone=America/Los_Angeles, java.awt.printerjob=sun.print.PSPrinterJob, file.encoding=UTF-8, java.specification.version=1.8, java.class.path=/home/user/Workspace/reproducibility/Reproducibility-Scanner/reproducer/workspace/Bears-183/spring-cloud-gcp-storage/target/test-classes:/home/user/Workspace/reproducibility/Reproducibility-Scanner/reproducer/workspace/Bears-183/spring-cloud-gcp-storage/target/classes:/home/user/.m2/repository/org/springframework/spring-context/5.0.5.RELEASE/spring-context-5.0.5.RELEASE.jar:/home/user/.m2/repository/org/springframework/spring-aop/5.0.5.RELEASE/spring-aop-5.0.5.RELEASE.jar:/home/user/.m2/repository/org/springframework/spring-beans/5.0.5.RELEASE/spring-beans-5.0.5.RELEASE.jar:/home/user/.m2/repository/org/springframework/spring-core/5.0.5.RELEASE/spring-core-5.0.5.RELEASE.jar:/home/user/.m2/repository/org/springframework/spring-jcl/5.0.5.RELEASE/spring-jcl-5.0.5.RELEASE.jar:/home/user/.m2/repository/org/springframework/spring-expression/5.0.5.RELEASE/spring-expression-5.0.5.RELEASE.jar:/home/user/.m2/repository/com/google/cloud/google-cloud-storage/1.25.0/google-cloud-storage-1.25.0.jar:/home/user/.m2/repository/com/google/cloud/google-cloud-core/1.25.0/google-cloud-core-1.25.0.jar:/home/user/.m2/repository/com/google/guava/guava/20.0/guava-20.0.jar:/home/user/.m2/repository/joda-time/joda-time/2.9.9/joda-time-2.9.9.jar:/home/user/.m2/repository/com/google/http-client/google-http-client/1.23.0/google-http-client-1.23.0.jar:/home/user/.m2/repository/org/apache/httpcomponents/httpclient/4.5.5/httpclient-4.5.5.jar:/home/user/.m2/repository/org/apache/httpcomponents/httpcore/4.4.9/httpcore-4.4.9.jar:/home/user/.m2/repository/commons-codec/commons-codec/1.11/commons-codec-1.11.jar:/home/user/.m2/repository/com/google/code/findbugs/jsr305/3.0.1/jsr305-3.0.1.jar:/home/user/.m2/repository/com/google/api/api-common/1.5.0/api-common-1.5.0.jar:/home/user/.m2/repository/com/google/api/gax/1.23.0/gax-1.23.0.jar:/home/user/.m2/repository/org/threeten/threetenbp/1.3.3/threetenbp-1.3.3.jar:/home/user/.m2/repository/com/google/protobuf/protobuf-java-util/3.5.1/protobuf-java-util-3.5.1.jar:/home/user/.m2/repository/com/google/protobuf/protobuf-java/3.5.1/protobuf-java-3.5.1.jar:/home/user/.m2/repository/com/google/code/gson/gson/2.8.2/gson-2.8.2.jar:/home/user/.m2/repository/com/google/api/grpc/proto-google-common-protos/1.7.0/proto-google-common-protos-1.7.0.jar:/home/user/.m2/repository/com/google/api/grpc/proto-google-iam-v1/0.8.0/proto-google-iam-v1-0.8.0.jar:/home/user/.m2/repository/com/google/cloud/google-cloud-core-http/1.25.0/google-cloud-core-http-1.25.0.jar:/home/user/.m2/repository/com/google/auth/google-auth-library-credentials/0.9.0/google-auth-library-credentials-0.9.0.jar:/home/user/.m2/repository/com/google/auth/google-auth-library-oauth2-http/0.7.1/google-auth-library-oauth2-http-0.7.1.jar:/home/user/.m2/repository/com/google/oauth-client/google-oauth-client/1.23.0/google-oauth-client-1.23.0.jar:/home/user/.m2/repository/com/google/api-client/google-api-client/1.23.0/google-api-client-1.23.0.jar:/home/user/.m2/repository/com/google/http-client/google-http-client-appengine/1.23.0/google-http-client-appengine-1.23.0.jar:/home/user/.m2/repository/com/google/http-client/google-http-client-jackson/1.23.0/google-http-client-jackson-1.23.0.jar:/home/user/.m2/repository/org/codehaus/jackson/jackson-core-asl/1.9.11/jackson-core-asl-1.9.11.jar:/home/user/.m2/repository/com/google/http-client/google-http-client-jackson2/1.23.0/google-http-client-jackson2-1.23.0.jar:/home/user/.m2/repository/com/fasterxml/jackson/core/jackson-core/2.9.3/jackson-core-2.9.3.jar:/home/user/.m2/repository/com/google/api/gax-httpjson/0.40.0/gax-httpjson-0.40.0.jar:/home/user/.m2/repository/io/opencensus/opencensus-api/0.11.1/opencensus-api-0.11.1.jar:/home/user/.m2/repository/com/google/errorprone/error_prone_annotations/2.2.0/error_prone_annotations-2.2.0.jar:/home/user/.m2/repository/io/grpc/grpc-context/1.9.0/grpc-context-1.9.0.jar:/home/user/.m2/repository/io/opencensus/opencensus-contrib-http-util/0.11.1/opencensus-contrib-http-util-0.11.1.jar:/home/user/.m2/repository/com/google/apis/google-api-services-storage/v1-rev114-1.23.0/google-api-services-storage-v1-rev114-1.23.0.jar:/home/user/.m2/repository/org/springframework/integration/spring-integration-file/5.0.4.RELEASE/spring-integration-file-5.0.4.RELEASE.jar:/home/user/.m2/repository/org/springframework/integration/spring-integration-core/5.0.4.RELEASE/spring-integration-core-5.0.4.RELEASE.jar:/home/user/.m2/repository/org/springframework/spring-messaging/5.0.5.RELEASE/spring-messaging-5.0.5.RELEASE.jar:/home/user/.m2/repository/org/springframework/spring-tx/5.0.5.RELEASE/spring-tx-5.0.5.RELEASE.jar:/home/user/.m2/repository/org/springframework/retry/spring-retry/1.2.2.RELEASE/spring-retry-1.2.2.RELEASE.jar:/home/user/.m2/repository/io/projectreactor/reactor-core/3.1.6.RELEASE/reactor-core-3.1.6.RELEASE.jar:/home/user/.m2/repository/org/reactivestreams/reactive-streams/1.0.2/reactive-streams-1.0.2.jar:/home/user/.m2/repository/commons-io/commons-io/2.4/commons-io-2.4.jar:/home/user/Workspace/reproducibility/Reproducibility-Scanner/reproducer/workspace/Bears-183/spring-cloud-gcp-core/target/classes:/home/user/.m2/repository/junit/junit/4.12/junit-4.12.jar:/home/user/.m2/repository/org/hamcrest/hamcrest-core/1.3/hamcrest-core-1.3.jar:/home/user/.m2/repository/org/slf4j/slf4j-api/1.7.25/slf4j-api-1.7.25.jar:/home/user/.m2/repository/org/mockito/mockito-core/2.15.0/mockito-core-2.15.0.jar:/home/user/.m2/repository/net/bytebuddy/byte-buddy/1.7.11/byte-buddy-1.7.11.jar:/home/user/.m2/repository/net/bytebuddy/byte-buddy-agent/1.7.11/byte-buddy-agent-1.7.11.jar:/home/user/.m2/repository/org/objenesis/objenesis/2.6/objenesis-2.6.jar:/home/user/.m2/repository/org/springframework/boot/spring-boot-starter-test/2.0.1.RELEASE/spring-boot-starter-test-2.0.1.RELEASE.jar:/home/user/.m2/repository/org/springframework/boot/spring-boot-starter/2.0.1.RELEASE/spring-boot-starter-2.0.1.RELEASE.jar:/home/user/.m2/repository/org/springframework/boot/spring-boot/2.0.1.RELEASE/spring-boot-2.0.1.RELEASE.jar:/home/user/.m2/repository/org/springframework/boot/spring-boot-autoconfigure/2.0.1.RELEASE/spring-boot-autoconfigure-2.0.1.RELEASE.jar:/home/user/.m2/repository/org/springframework/boot/spring-boot-starter-logging/2.0.1.RELEASE/spring-boot-starter-logging-2.0.1.RELEASE.jar:/home/user/.m2/repository/ch/qos/logback/logback-classic/1.2.3/logback-classic-1.2.3.jar:/home/user/.m2/repository/ch/qos/logback/logback-core/1.2.3/logback-core-1.2.3.jar:/home/user/.m2/repository/org/apache/logging/log4j/log4j-to-slf4j/2.10.0/log4j-to-slf4j-2.10.0.jar:/home/user/.m2/repository/org/apache/logging/log4j/log4j-api/2.10.0/log4j-api-2.10.0.jar:/home/user/.m2/repository/org/slf4j/jul-to-slf4j/1.7.25/jul-to-slf4j-1.7.25.jar:/home/user/.m2/repository/javax/annotation/javax.annotation-api/1.3.2/javax.annotation-api-1.3.2.jar:/home/user/.m2/repository/org/yaml/snakeyaml/1.19/snakeyaml-1.19.jar:/home/user/.m2/repository/org/springframework/boot/spring-boot-test/2.0.1.RELEASE/spring-boot-test-2.0.1.RELEASE.jar:/home/user/.m2/repository/org/springframework/boot/spring-boot-test-autoconfigure/2.0.1.RELEASE/spring-boot-test-autoconfigure-2.0.1.RELEASE.jar:/home/user/.m2/repository/com/jayway/jsonpath/json-path/2.4.0/json-path-2.4.0.jar:/home/user/.m2/repository/net/minidev/json-smart/2.3/json-smart-2.3.jar:/home/user/.m2/repository/net/minidev/accessors-smart/1.2/accessors-smart-1.2.jar:/home/user/.m2/repository/org/ow2/asm/asm/5.0.4/asm-5.0.4.jar:/home/user/.m2/repository/org/assertj/assertj-core/3.9.1/assertj-core-3.9.1.jar:/home/user/.m2/repository/org/hamcrest/hamcrest-library/1.3/hamcrest-library-1.3.jar:/home/user/.m2/repository/org/skyscreamer/jsonassert/1.5.0/jsonassert-1.5.0.jar:/home/user/.m2/repository/com/vaadin/external/google/android-json/0.0.20131108.vaadin1/android-json-0.0.20131108.vaadin1.jar:/home/user/.m2/repository/org/springframework/spring-test/5.0.5.RELEASE/spring-test-5.0.5.RELEASE.jar:/home/user/.m2/repository/org/xmlunit/xmlunit-core/2.5.1/xmlunit-core-2.5.1.jar:, user.name=user, skipITs=true, java.vm.specification.version=1.8, sun.java.command=/home/user/Workspace/reproducibility/Reproducibility-Scanner/reproducer/workspace/Bears-183/spring-cloud-gcp-storage/target/surefire/surefirebooter6792699588391065087.jar /home/user/Workspace/reproducibility/Reproducibility-Scanner/reproducer/workspace/Bears-183/spring-cloud-gcp-storage/target/surefire/surefire6674930389396511872tmp /home/user/Workspace/reproducibility/Reproducibility-Scanner/reproducer/workspace/Bears-183/spring-cloud-gcp-storage/target/surefire/surefire_23921182345913747945tmp, java.home=/usr/lib/jvm/java-8-openjdk-amd64/jre, sun.arch.data.model=64, user.language=en, java.specification.vendor=Oracle Corporation, awt.toolkit=sun.awt.X11.XToolkit, java.vm.info=mixed mode, java.version=1.8.0_312, java.ext.dirs=/usr/lib/jvm/java-8-openjdk-amd64/jre/lib/ext:/usr/java/packages/lib/ext, sun.boot.class.path=/usr/lib/jvm/java-8-openjdk-amd64/jre/lib/resources.jar:/usr/lib/jvm/java-8-openjdk-amd64/jre/lib/rt.jar:/usr/lib/jvm/java-8-openjdk-amd64/jre/lib/sunrsasign.jar:/usr/lib/jvm/java-8-openjdk-amd64/jre/lib/jsse.jar:/usr/lib/jvm/java-8-openjdk-amd64/jre/lib/jce.jar:/usr/lib/jvm/java-8-openjdk-amd64/jre/lib/charsets.jar:/usr/lib/jvm/java-8-openjdk-amd64/jre/lib/jfr.jar:/usr/lib/jvm/java-8-openjdk-amd64/jre/classes, rat.skip=true, enforcer.skip=true, java.vendor=Private Build, localRepository=/home/user/.m2/repository, file.separator=/, java.vendor.url.bug=http://bugreport.sun.com/bugreport/, sun.io.unicode.encoding=UnicodeLittle, sun.cpu.endian=little, sun.cpu.isalist=}}, SystemEnvironmentPropertySource@70323523 {name='systemEnvironment', properties={TMUX_PANE=%13, PATH=/home/user/Workspace/reproducibility/Reproducibility-Scanner/venv/bin:/home/user/anaconda3/condabin:/home/user/perl5/perlbrew/bin:/home/user/perl5/perlbrew/perls/perl-5.32.0/bin:/home/user/anaconda3/envs/Python-3.8/bin:/home/user/anaconda3/condabin:/usr/local/sbin:/usr/local/bin:/usr/sbin:/usr/bin:/sbin:/bin:/usr/games:/usr/local/games:/snap/bin, LESSCLOSE=/usr/bin/lesspipe %s %s, MANPATH=/home/user/perl5/perlbrew/perls/perl-5.32.0/man:/home/user/anaconda3/envs/Python-3.8/share/man:/home/user/anaconda3/man:/home/user/anaconda3/share/man:/usr/local/man:/usr/local/share/man:/usr/share/man, XDG_DATA_DIRS=/usr/local/share:/usr/share:/var/lib/snapd/desktop, CONDA_EXE=/home/user/anaconda3/bin/conda, JAVA_HOME=/usr/lib/jvm/java-8-openjdk-amd64, CONDA_PYTHON_EXE=/home/user/anaconda3/bin/python, TERM=screen, MOTD_SHOWN=pam, LANG=en_US.UTF-8, DBUS_SESSION_BUS_ADDRESS=unix:path=/run/user/1201328/bus, XDG_SESSION_ID=35, XDG_SESSION_TYPE=tty, PS1=(venv) %(?:%{[01;32m%} :%{[01;31m%} ) %{$fg[cyan]%}%~%{$reset_color%} $(git_prompt_info), _CE_M=, LOGNAME=user, PWD=/home/user/Workspace/reproducibility/Reproducibility-Scanner/reproducer/workspace/Bears-183/spring-cloud-gcp-storage, MAVEN_CMD_LINE_ARGS= test -V -B -Denforcer.skip=true -Dcheckstyle.skip=true -Dcobertura.skip=true -DskipITs=true -Drat.skip=true -Dlicense.skip=true -Dfindbugs.skip=true -Dgpg.skip=true -Dskip.npm=true -Dskip.gulp=true -Dskip.bower=true, CONDA_SHLVL=0, XDG_SESSION_CLASS=user, _=/home/user/Workspace/reproducibility/Reproducibility-Scanner/venv/bin/python, SHELL=/bin/bash, LESSOPEN=| /usr/bin/lesspipe %s, PERLBREW_SHELLRC_VERSION=0.95, PAGER=less, LSCOLORS=Gxfxcxdxbxegedabagacad, SSH_TTY=/dev/pts/4, SSH_CLIENT=192.168.98.21 61829 22, PERLBREW_HOME=/home/user/.perlbrew, MAVEN_PROJECTBASEDIR=/home/user/Workspace/reproducibility/Reproducibility-Scanner/reproducer/workspace/Bears-183, OLDPWD=/home/user/Workspace/reproducibility/Reproducibility-Scanner/reproducer/workspace/Bears-183/spring-cloud-gcp-storage, USER=user, ZSH=/home/user/.oh-my-zsh, VIRTUAL_ENV=/home/user/Workspace/reproducibility/Reproducibility-Scanner/venv, _CE_CONDA=, SSH_CONNECTION=192.168.98.21 60977 169.237.118.129 22, PERLBREW_PERL=perl-5.32.0, PERLBREW_PATH=/home/user/perl5/perlbrew/bin:/home/user/perl5/perlbrew/perls/perl-5.32.0/bin, LESS=-R, TMUX=/tmp/tmux-1201328/default,89837,2, LS_COLORS=rs=0:di=01;34:ln=01;36:mh=00:pi=40;33:so=01;35:do=01;35:bd=40;33;01:cd=40;33;01:or=40;31;01:mi=00:su=37;41:sg=30;43:ca=30;41:tw=30;42:ow=34;42:st=37;44:ex=01;32:*.tar=01;31:*.tgz=01;31:*.arc=01;31:*.arj=01;31:*.taz=01;31:*.lha=01;31:*.lz4=01;31:*.lzh=01;31:*.lzma=01;31:*.tlz=01;31:*.txz=01;31:*.tzo=01;31:*.t7z=01;31:*.zip=01;31:*.z=01;31:*.dz=01;31:*.gz=01;31:*.lrz=01;31:*.lz=01;31:*.lzo=01;31:*.xz=01;31:*.zst=01;31:*.tzst=01;31:*.bz2=01;31:*.bz=01;31:*.tbz=01;31:*.tbz2=01;31:*.tz=01;31:*.deb=01;31:*.rpm=01;31:*.jar=01;31:*.war=01;31:*.ear=01;31:*.sar=01;31:*.rar=01;31:*.alz=01;31:*.ace=01;31:*.zoo=01;31:*.cpio=01;31:*.7z=01;31:*.rz=01;31:*.cab=01;31:*.wim=01;31:*.swm=01;31:*.dwm=01;31:*.esd=01;31:*.jpg=01;35:*.jpeg=01;35:*.mjpg=01;35:*.mjpeg=01;35:*.gif=01;35:*.bmp=01;35:*.pbm=01;35:*.pgm=01;35:*.ppm=01;35:*.tga=01;35:*.xbm=01;35:*.xpm=01;35:*.tif=01;35:*.tiff=01;35:*.png=01;35:*.svg=01;35:*.svgz=01;35:*.mng=01;35:*.pcx=01;35:*.mov=01;35:*.mpg=01;35:*.mpeg=01;35:*.m2v=01;35:*.mkv=01;35:*.webm=01;35:*.ogm=01;35:*.mp4=01;35:*.m4v=01;35:*.mp4v=01;35:*.vob=01;35:*.qt=01;35:*.nuv=01;35:*.wmv=01;35:*.asf=01;35:*.rm=01;35:*.rmvb=01;35:*.flc=01;35:*.avi=01;35:*.fli=01;35:*.flv=01;35:*.gl=01;35:*.dl=01;35:*.xcf=01;35:*.xwd=01;35:*.yuv=01;35:*.cgm=01;35:*.emf=01;35:*.ogv=01;35:*.ogx=01;35:*.aac=00;36:*.au=00;36:*.flac=00;36:*.m4a=00;36:*.mid=00;36:*.midi=00;36:*.mka=00;36:*.mp3=00;36:*.mpc=00;36:*.ogg=00;36:*.ra=00;36:*.wav=00;36:*.oga=00;36:*.opus=00;36:*.spx=00;36:*.xspf=00;36:, XDG_RUNTIME_DIR=/run/user/1201328, PERLBREW_ROOT=/home/user/perl5/perlbrew, PERLBREW_MANPATH=/home/user/perl5/perlbrew/perls/perl-5.32.0/man, HOME=/home/user, SHLVL=5, PERLBREW_VERSION=0.95}}]
18:18:41.693 [main] DEBUG org.springframework.test.context.support.TestPropertySourceUtils - Adding inlined properties to environment: {spring.jmx.enabled=false, org.springframework.boot.test.context.SpringBootTestContextBootstrapper=true, server.port=-1}
18:18:41.694 [main] DEBUG org.springframework.core.env.StandardEnvironment - Adding PropertySource 'Inlined Test Properties' with highest search precedence

  .   ____          _            __ _ _
 /\\ / ___'_ __ _ _(_)_ __  __ _ \ \ \ \
( ( )\___ | '_ | '_| | '_ \/ _` | \ \ \ \
 \\/  ___)| |_)| | | | | || (_| |  ) ) ) )
  '  |____| .__|_| |_|_| |_\__, | / / / /
 =========|_|==============|___/=/_/_/_/
 :: Spring Boot ::        (v2.0.1.RELEASE)

2022-07-25 18:18:41.953  INFO 770270 --- [           main] o.s.c.gcp.storage.GoogleStorageTests     : Starting GoogleStorageTests on host with PID 770270 (started by user in /home/user/Workspace/reproducibility/Reproducibility-Scanner/reproducer/workspace/Bears-183/spring-cloud-gcp-storage)
2022-07-25 18:18:41.955  INFO 770270 --- [           main] o.s.c.gcp.storage.GoogleStorageTests     : No active profile set, falling back to default profiles: default
2022-07-25 18:18:41.972  INFO 770270 --- [           main] s.c.a.AnnotationConfigApplicationContext : Refreshing org.springframework.context.annotation.AnnotationConfigApplicationContext@7354b8c5: startup date [Mon Jul 25 18:18:41 PDT 2022]; root of context hierarchy
2022-07-25 18:18:42.950  INFO 770270 --- [           main] o.s.c.gcp.storage.GoogleStorageTests     : Started GoogleStorageTests in 1.253 seconds (JVM running for 2.129)
2022-07-25 18:18:43.045  WARN 770270 --- [           main] o.s.c.gcp.storage.GoogleStorageResource  : Creating signed URL for non-existing GCS object gs://test-spring/t1/test.png
Tests run: 27, Failures: 0, Errors: 0, Skipped: 0, Time elapsed: 1.629 sec
Running org.springframework.cloud.gcp.storage.integration.outbound.GcsMessageHandlerTests
2022-07-25 18:18:43.134  INFO 770270 --- [           main] o.s.t.c.support.AbstractContextLoader    : Could not detect default resource locations for test class [org.springframework.cloud.gcp.storage.integration.outbound.GcsMessageHandlerTests]: no resource found for suffixes {-context.xml}.
2022-07-25 18:18:43.137  INFO 770270 --- [           main] c.s.AbstractDelegatingSmartContextLoader : AnnotationConfigContextLoader detected default configuration classes for context configuration [ContextConfigurationAttributes@3effd4f3 declaringClass = 'org.springframework.cloud.gcp.storage.integration.outbound.GcsMessageHandlerTests', classes = '{class org.springframework.cloud.gcp.storage.integration.outbound.GcsMessageHandlerTests$Config}', locations = '{}', inheritLocations = true, initializers = '{}', inheritInitializers = true, name = [null], contextLoaderClass = 'org.springframework.test.context.ContextLoader'].
2022-07-25 18:18:43.139  INFO 770270 --- [           main] o.s.t.c.s.DefaultTestContextBootstrapper : Loaded default TestExecutionListener class names from location [META-INF/spring.factories]: [org.springframework.boot.test.mock.mockito.MockitoTestExecutionListener, org.springframework.boot.test.mock.mockito.ResetMocksTestExecutionListener, org.springframework.boot.test.autoconfigure.restdocs.RestDocsTestExecutionListener, org.springframework.boot.test.autoconfigure.web.client.MockRestServiceServerResetTestExecutionListener, org.springframework.boot.test.autoconfigure.web.servlet.MockMvcPrintOnlyOnFailureTestExecutionListener, org.springframework.boot.test.autoconfigure.web.servlet.WebDriverTestExecutionListener, org.springframework.test.context.web.ServletTestExecutionListener, org.springframework.test.context.support.DirtiesContextBeforeModesTestExecutionListener, org.springframework.test.context.support.DependencyInjectionTestExecutionListener, org.springframework.test.context.support.DirtiesContextTestExecutionListener, org.springframework.test.context.transaction.TransactionalTestExecutionListener, org.springframework.test.context.jdbc.SqlScriptsTestExecutionListener]
2022-07-25 18:18:43.140  INFO 770270 --- [           main] o.s.t.c.s.DefaultTestContextBootstrapper : Using TestExecutionListeners: [org.springframework.test.context.support.DirtiesContextBeforeModesTestExecutionListener@15f8701f, org.springframework.boot.test.mock.mockito.MockitoTestExecutionListener@514cd540, org.springframework.test.context.support.DependencyInjectionTestExecutionListener@11d4dbd6, org.springframework.test.context.support.DirtiesContextTestExecutionListener@6f4ade6e, org.springframework.test.context.transaction.TransactionalTestExecutionListener@39e43310, org.springframework.test.context.jdbc.SqlScriptsTestExecutionListener@eb507b9, org.springframework.boot.test.mock.mockito.ResetMocksTestExecutionListener@390877d2, org.springframework.boot.test.autoconfigure.restdocs.RestDocsTestExecutionListener@86733, org.springframework.boot.test.autoconfigure.web.client.MockRestServiceServerResetTestExecutionListener@186cb891, org.springframework.boot.test.autoconfigure.web.servlet.MockMvcPrintOnlyOnFailureTestExecutionListener@3ec2ecea, org.springframework.boot.test.autoconfigure.web.servlet.WebDriverTestExecutionListener@440eaa07]
2022-07-25 18:18:43.144  INFO 770270 --- [           main] o.s.c.support.GenericApplicationContext  : Refreshing org.springframework.context.support.GenericApplicationContext@338cc75f: startup date [Mon Jul 25 18:18:43 PDT 2022]; root of context hierarchy
2022-07-25 18:18:43.157  INFO 770270 --- [           main] o.s.i.config.IntegrationRegistrar        : No bean named 'integrationHeaderChannelRegistry' has been explicitly defined. Therefore, a default DefaultHeaderChannelRegistry will be created.
2022-07-25 18:18:43.189  INFO 770270 --- [           main] faultConfiguringBeanFactoryPostProcessor : No bean named 'errorChannel' has been explicitly defined. Therefore, a default PublishSubscribeChannel will be created.
2022-07-25 18:18:43.194  INFO 770270 --- [           main] faultConfiguringBeanFactoryPostProcessor : No bean named 'taskScheduler' has been explicitly defined. Therefore, a default ThreadPoolTaskScheduler will be created.
2022-07-25 18:18:43.461  INFO 770270 --- [           main] o.s.s.c.ThreadPoolTaskScheduler          : Initializing ExecutorService  'taskScheduler'
2022-07-25 18:18:43.558  INFO 770270 --- [           main] o.s.c.support.DefaultLifecycleProcessor  : Starting beans in phase -2147483648
2022-07-25 18:18:43.558  INFO 770270 --- [           main] o.s.i.endpoint.EventDrivenConsumer       : Adding {message-handler:gcsMessageHandlerTests.Config.outboundAdapter.serviceActivator} as a subscriber to the 'siGcsTestChannel' channel
2022-07-25 18:18:43.559  INFO 770270 --- [           main] o.s.integration.channel.DirectChannel    : Channel 'org.springframework.context.support.GenericApplicationContext@338cc75f.siGcsTestChannel' has 1 subscriber(s).
2022-07-25 18:18:43.559  INFO 770270 --- [           main] o.s.i.endpoint.EventDrivenConsumer       : started gcsMessageHandlerTests.Config.outboundAdapter.serviceActivator
2022-07-25 18:18:43.559  INFO 770270 --- [           main] o.s.c.support.DefaultLifecycleProcessor  : Starting beans in phase 0
2022-07-25 18:18:43.559  INFO 770270 --- [           main] o.s.i.endpoint.EventDrivenConsumer       : Adding {logging-channel-adapter:_org.springframework.integration.errorLogger} as a subscriber to the 'errorChannel' channel
2022-07-25 18:18:43.559  INFO 770270 --- [           main] o.s.i.channel.PublishSubscribeChannel    : Channel 'org.springframework.context.support.GenericApplicationContext@338cc75f.errorChannel' has 1 subscriber(s).
2022-07-25 18:18:43.559  INFO 770270 --- [           main] o.s.i.endpoint.EventDrivenConsumer       : started _org.springframework.integration.errorLogger
Tests run: 1, Failures: 0, Errors: 0, Skipped: 0, Time elapsed: 0.509 sec
Running org.springframework.cloud.gcp.storage.integration.inbound.GcsStreamingMessageSourceTests
2022-07-25 18:18:43.639  INFO 770270 --- [           main] o.s.t.c.support.AbstractContextLoader    : Could not detect default resource locations for test class [org.springframework.cloud.gcp.storage.integration.inbound.GcsStreamingMessageSourceTests]: no resource found for suffixes {-context.xml}.
2022-07-25 18:18:43.640  INFO 770270 --- [           main] c.s.AbstractDelegatingSmartContextLoader : AnnotationConfigContextLoader detected default configuration classes for context configuration [ContextConfigurationAttributes@3b545206 declaringClass = 'org.springframework.cloud.gcp.storage.integration.inbound.GcsStreamingMessageSourceTests', classes = '{class org.springframework.cloud.gcp.storage.integration.inbound.GcsStreamingMessageSourceTests$Config}', locations = '{}', inheritLocations = true, initializers = '{}', inheritInitializers = true, name = [null], contextLoaderClass = 'org.springframework.test.context.ContextLoader'].
2022-07-25 18:18:43.641  INFO 770270 --- [           main] o.s.t.c.s.DefaultTestContextBootstrapper : Loaded default TestExecutionListener class names from location [META-INF/spring.factories]: [org.springframework.boot.test.mock.mockito.MockitoTestExecutionListener, org.springframework.boot.test.mock.mockito.ResetMocksTestExecutionListener, org.springframework.boot.test.autoconfigure.restdocs.RestDocsTestExecutionListener, org.springframework.boot.test.autoconfigure.web.client.MockRestServiceServerResetTestExecutionListener, org.springframework.boot.test.autoconfigure.web.servlet.MockMvcPrintOnlyOnFailureTestExecutionListener, org.springframework.boot.test.autoconfigure.web.servlet.WebDriverTestExecutionListener, org.springframework.test.context.web.ServletTestExecutionListener, org.springframework.test.context.support.DirtiesContextBeforeModesTestExecutionListener, org.springframework.test.context.support.DependencyInjectionTestExecutionListener, org.springframework.test.context.support.DirtiesContextTestExecutionListener, org.springframework.test.context.transaction.TransactionalTestExecutionListener, org.springframework.test.context.jdbc.SqlScriptsTestExecutionListener]
2022-07-25 18:18:43.642  INFO 770270 --- [           main] o.s.t.c.s.DefaultTestContextBootstrapper : Using TestExecutionListeners: [org.springframework.test.context.support.DirtiesContextBeforeModesTestExecutionListener@77bb48d5, org.springframework.boot.test.mock.mockito.MockitoTestExecutionListener@181d8899, org.springframework.test.context.support.DependencyInjectionTestExecutionListener@12d5c30e, org.springframework.test.context.support.DirtiesContextTestExecutionListener@b887730, org.springframework.test.context.transaction.TransactionalTestExecutionListener@26586b74, org.springframework.test.context.jdbc.SqlScriptsTestExecutionListener@52f57666, org.springframework.boot.test.mock.mockito.ResetMocksTestExecutionListener@6e041285, org.springframework.boot.test.autoconfigure.restdocs.RestDocsTestExecutionListener@267dc982, org.springframework.boot.test.autoconfigure.web.client.MockRestServiceServerResetTestExecutionListener@439b15f2, org.springframework.boot.test.autoconfigure.web.servlet.MockMvcPrintOnlyOnFailureTestExecutionListener@3aa41da1, org.springframework.boot.test.autoconfigure.web.servlet.WebDriverTestExecutionListener@74fab04a]
2022-07-25 18:18:43.643  INFO 770270 --- [           main] o.s.c.support.GenericApplicationContext  : Refreshing org.springframework.context.support.GenericApplicationContext@272ce069: startup date [Mon Jul 25 18:18:43 PDT 2022]; root of context hierarchy
2022-07-25 18:18:43.649  INFO 770270 --- [           main] o.s.i.config.IntegrationRegistrar        : No bean named 'integrationHeaderChannelRegistry' has been explicitly defined. Therefore, a default DefaultHeaderChannelRegistry will be created.
2022-07-25 18:18:43.659  INFO 770270 --- [           main] faultConfiguringBeanFactoryPostProcessor : No bean named 'errorChannel' has been explicitly defined. Therefore, a default PublishSubscribeChannel will be created.
2022-07-25 18:18:43.660  INFO 770270 --- [           main] faultConfiguringBeanFactoryPostProcessor : No bean named 'taskScheduler' has been explicitly defined. Therefore, a default ThreadPoolTaskScheduler will be created.
2022-07-25 18:18:43.777  INFO 770270 --- [           main] o.s.s.c.ThreadPoolTaskScheduler          : Initializing ExecutorService  'taskScheduler'
2022-07-25 18:18:43.833  INFO 770270 --- [           main] o.s.c.support.DefaultLifecycleProcessor  : Starting beans in phase 0
2022-07-25 18:18:43.834  INFO 770270 --- [           main] o.s.i.endpoint.EventDrivenConsumer       : Adding {logging-channel-adapter:_org.springframework.integration.errorLogger} as a subscriber to the 'errorChannel' channel
2022-07-25 18:18:43.834  INFO 770270 --- [           main] o.s.i.channel.PublishSubscribeChannel    : Channel 'org.springframework.context.support.GenericApplicationContext@272ce069.errorChannel' has 1 subscriber(s).
2022-07-25 18:18:43.834  INFO 770270 --- [           main] o.s.i.endpoint.EventDrivenConsumer       : started _org.springframework.integration.errorLogger
2022-07-25 18:18:43.837  INFO 770270 --- [           main] o.s.i.e.SourcePollingChannelAdapter      : started gcsStreamingMessageSourceTests.Config.adapter.inboundChannelAdapter
Tests run: 1, Failures: 0, Errors: 0, Skipped: 0, Time elapsed: 0.332 sec
Running org.springframework.cloud.gcp.storage.integration.inbound.GcsInboundFileSynchronizerTests
2022-07-25 18:18:43.975  INFO 770270 --- [           main] o.s.t.c.support.AbstractContextLoader    : Could not detect default resource locations for test class [org.springframework.cloud.gcp.storage.integration.inbound.GcsInboundFileSynchronizerTests]: no resource found for suffixes {-context.xml}.
2022-07-25 18:18:43.976  INFO 770270 --- [           main] c.s.AbstractDelegatingSmartContextLoader : AnnotationConfigContextLoader detected default configuration classes for context configuration [ContextConfigurationAttributes@671c4166 declaringClass = 'org.springframework.cloud.gcp.storage.integration.inbound.GcsInboundFileSynchronizerTests', classes = '{class org.springframework.cloud.gcp.storage.integration.inbound.GcsInboundFileSynchronizerTests$Config}', locations = '{}', inheritLocations = true, initializers = '{}', inheritInitializers = true, name = [null], contextLoaderClass = 'org.springframework.test.context.ContextLoader'].
2022-07-25 18:18:43.978  INFO 770270 --- [           main] o.s.t.c.s.DefaultTestContextBootstrapper : Loaded default TestExecutionListener class names from location [META-INF/spring.factories]: [org.springframework.boot.test.mock.mockito.MockitoTestExecutionListener, org.springframework.boot.test.mock.mockito.ResetMocksTestExecutionListener, org.springframework.boot.test.autoconfigure.restdocs.RestDocsTestExecutionListener, org.springframework.boot.test.autoconfigure.web.client.MockRestServiceServerResetTestExecutionListener, org.springframework.boot.test.autoconfigure.web.servlet.MockMvcPrintOnlyOnFailureTestExecutionListener, org.springframework.boot.test.autoconfigure.web.servlet.WebDriverTestExecutionListener, org.springframework.test.context.web.ServletTestExecutionListener, org.springframework.test.context.support.DirtiesContextBeforeModesTestExecutionListener, org.springframework.test.context.support.DependencyInjectionTestExecutionListener, org.springframework.test.context.support.DirtiesContextTestExecutionListener, org.springframework.test.context.transaction.TransactionalTestExecutionListener, org.springframework.test.context.jdbc.SqlScriptsTestExecutionListener]
2022-07-25 18:18:43.979  INFO 770270 --- [           main] o.s.t.c.s.DefaultTestContextBootstrapper : Using TestExecutionListeners: [org.springframework.test.context.support.DirtiesContextBeforeModesTestExecutionListener@53d13cd4, org.springframework.boot.test.mock.mockito.MockitoTestExecutionListener@77865933, org.springframework.test.context.support.DependencyInjectionTestExecutionListener@480ad82c, org.springframework.test.context.support.DirtiesContextTestExecutionListener@4d18b73a, org.springframework.test.context.transaction.TransactionalTestExecutionListener@177515d1, org.springframework.test.context.jdbc.SqlScriptsTestExecutionListener@52ff99cd, org.springframework.boot.test.mock.mockito.ResetMocksTestExecutionListener@4c2af006, org.springframework.boot.test.autoconfigure.restdocs.RestDocsTestExecutionListener@44032fde, org.springframework.boot.test.autoconfigure.web.client.MockRestServiceServerResetTestExecutionListener@7b676112, org.springframework.boot.test.autoconfigure.web.servlet.MockMvcPrintOnlyOnFailureTestExecutionListener@5578be42, org.springframework.boot.test.autoconfigure.web.servlet.WebDriverTestExecutionListener@4e49ce2b]
2022-07-25 18:18:43.981  INFO 770270 --- [           main] o.s.c.support.GenericApplicationContext  : Refreshing org.springframework.context.support.GenericApplicationContext@53c6f96d: startup date [Mon Jul 25 18:18:43 PDT 2022]; root of context hierarchy
2022-07-25 18:18:43.983  INFO 770270 --- [           main] o.s.i.config.IntegrationRegistrar        : No bean named 'integrationHeaderChannelRegistry' has been explicitly defined. Therefore, a default DefaultHeaderChannelRegistry will be created.
2022-07-25 18:18:43.991  INFO 770270 --- [           main] faultConfiguringBeanFactoryPostProcessor : No bean named 'errorChannel' has been explicitly defined. Therefore, a default PublishSubscribeChannel will be created.
2022-07-25 18:18:43.991  INFO 770270 --- [           main] faultConfiguringBeanFactoryPostProcessor : No bean named 'taskScheduler' has been explicitly defined. Therefore, a default ThreadPoolTaskScheduler will be created.
2022-07-25 18:18:44.063  INFO 770270 --- [           main] o.s.s.c.ThreadPoolTaskScheduler          : Initializing ExecutorService  'taskScheduler'
2022-07-25 18:18:44.127  INFO 770270 --- [           main] o.s.c.support.DefaultLifecycleProcessor  : Starting beans in phase 0
2022-07-25 18:18:44.128  INFO 770270 --- [           main] o.s.i.endpoint.EventDrivenConsumer       : Adding {logging-channel-adapter:_org.springframework.integration.errorLogger} as a subscriber to the 'errorChannel' channel
2022-07-25 18:18:44.128  INFO 770270 --- [           main] o.s.i.channel.PublishSubscribeChannel    : Channel 'org.springframework.context.support.GenericApplicationContext@53c6f96d.errorChannel' has 1 subscriber(s).
2022-07-25 18:18:44.128  INFO 770270 --- [           main] o.s.i.endpoint.EventDrivenConsumer       : started _org.springframework.integration.errorLogger
2022-07-25 18:18:44.174  WARN 770270 --- [           main] o.s.c.g.s.i.i.GcsInboundFileSynchronizer : The remote file 'Mock for Blob, hashCode: 1922' has not been transferred to the existing local file 'test/legend of heroes'. Consider removing the local file.
2022-07-25 18:18:44.174  WARN 770270 --- [           main] o.s.c.g.s.i.i.GcsInboundFileSynchronizer : The remote file 'Mock for Blob, hashCode: 1922' has not been transferred to the existing local file 'test/trails in the sky'. Consider removing the local file.
Tests run: 1, Failures: 0, Errors: 0, Skipped: 0, Time elapsed: 0.206 sec
2022-07-25 18:18:44.180  INFO 770270 --- [       Thread-3] o.s.c.support.GenericApplicationContext  : Closing org.springframework.context.support.GenericApplicationContext@272ce069: startup date [Mon Jul 25 18:18:43 PDT 2022]; root of context hierarchy
2022-07-25 18:18:44.180  INFO 770270 --- [       Thread-1] s.c.a.AnnotationConfigApplicationContext : Closing org.springframework.context.annotation.AnnotationConfigApplicationContext@7354b8c5: startup date [Mon Jul 25 18:18:41 PDT 2022]; root of context hierarchy
2022-07-25 18:18:44.180  INFO 770270 --- [       Thread-2] o.s.c.support.GenericApplicationContext  : Closing org.springframework.context.support.GenericApplicationContext@338cc75f: startup date [Mon Jul 25 18:18:43 PDT 2022]; root of context hierarchy
2022-07-25 18:18:44.181  INFO 770270 --- [       Thread-4] o.s.c.support.GenericApplicationContext  : Closing org.springframework.context.support.GenericApplicationContext@53c6f96d: startup date [Mon Jul 25 18:18:43 PDT 2022]; root of context hierarchy
2022-07-25 18:18:44.182  INFO 770270 --- [       Thread-4] o.s.c.support.DefaultLifecycleProcessor  : Stopping beans in phase 0
2022-07-25 18:18:44.182  INFO 770270 --- [       Thread-3] o.s.c.support.DefaultLifecycleProcessor  : Stopping beans in phase 0
2022-07-25 18:18:44.182  INFO 770270 --- [       Thread-2] o.s.c.support.DefaultLifecycleProcessor  : Stopping beans in phase 0
2022-07-25 18:18:44.183  INFO 770270 --- [       Thread-2] o.s.i.endpoint.EventDrivenConsumer       : Removing {logging-channel-adapter:_org.springframework.integration.errorLogger} as a subscriber to the 'errorChannel' channel
2022-07-25 18:18:44.183  INFO 770270 --- [       Thread-4] o.s.i.endpoint.EventDrivenConsumer       : Removing {logging-channel-adapter:_org.springframework.integration.errorLogger} as a subscriber to the 'errorChannel' channel
2022-07-25 18:18:44.183  INFO 770270 --- [       Thread-3] o.s.i.endpoint.EventDrivenConsumer       : Removing {logging-channel-adapter:_org.springframework.integration.errorLogger} as a subscriber to the 'errorChannel' channel
2022-07-25 18:18:44.183  INFO 770270 --- [       Thread-2] o.s.i.channel.PublishSubscribeChannel    : Channel 'org.springframework.context.support.GenericApplicationContext@338cc75f.errorChannel' has 0 subscriber(s).
2022-07-25 18:18:44.183  INFO 770270 --- [       Thread-4] o.s.i.channel.PublishSubscribeChannel    : Channel 'org.springframework.context.support.GenericApplicationContext@53c6f96d.errorChannel' has 0 subscriber(s).
2022-07-25 18:18:44.183  INFO 770270 --- [       Thread-4] o.s.i.endpoint.EventDrivenConsumer       : stopped _org.springframework.integration.errorLogger
2022-07-25 18:18:44.183  INFO 770270 --- [       Thread-2] o.s.i.endpoint.EventDrivenConsumer       : stopped _org.springframework.integration.errorLogger
2022-07-25 18:18:44.183  INFO 770270 --- [       Thread-3] o.s.i.channel.PublishSubscribeChannel    : Channel 'org.springframework.context.support.GenericApplicationContext@272ce069.errorChannel' has 0 subscriber(s).
2022-07-25 18:18:44.183  INFO 770270 --- [       Thread-2] o.s.c.support.DefaultLifecycleProcessor  : Stopping beans in phase -2147483648
2022-07-25 18:18:44.183  INFO 770270 --- [       Thread-3] o.s.i.endpoint.EventDrivenConsumer       : stopped _org.springframework.integration.errorLogger
2022-07-25 18:18:44.183  INFO 770270 --- [       Thread-2] o.s.i.endpoint.EventDrivenConsumer       : Removing {message-handler:gcsMessageHandlerTests.Config.outboundAdapter.serviceActivator} as a subscriber to the 'siGcsTestChannel' channel
2022-07-25 18:18:44.183  INFO 770270 --- [       Thread-4] o.s.s.c.ThreadPoolTaskScheduler          : Shutting down ExecutorService 'taskScheduler'
2022-07-25 18:18:44.183  INFO 770270 --- [       Thread-2] o.s.integration.channel.DirectChannel    : Channel 'org.springframework.context.support.GenericApplicationContext@338cc75f.siGcsTestChannel' has 0 subscriber(s).
2022-07-25 18:18:44.183  INFO 770270 --- [       Thread-3] o.s.i.e.SourcePollingChannelAdapter      : stopped gcsStreamingMessageSourceTests.Config.adapter.inboundChannelAdapter
2022-07-25 18:18:44.183  INFO 770270 --- [       Thread-2] o.s.i.endpoint.EventDrivenConsumer       : stopped gcsMessageHandlerTests.Config.outboundAdapter.serviceActivator
2022-07-25 18:18:44.184  INFO 770270 --- [       Thread-2] o.s.s.c.ThreadPoolTaskScheduler          : Shutting down ExecutorService 'taskScheduler'
2022-07-25 18:18:44.184  INFO 770270 --- [       Thread-3] o.s.s.c.ThreadPoolTaskScheduler          : Shutting down ExecutorService 'taskScheduler'

Results :

Tests run: 31, Failures: 0, Errors: 0, Skipped: 1

[INFO] 
[INFO] ------< org.springframework.cloud:spring-cloud-gcp-data-spanner >-------
[INFO] Building Spring Cloud GCP Spanner Module 1.0.0.BUILD-SNAPSHOT     [5/33]
[INFO] --------------------------------[ jar ]---------------------------------
[INFO] 
[INFO] --- maven-checkstyle-plugin:2.17:check (validate) @ spring-cloud-gcp-data-spanner ---
[INFO] 
[INFO] --- maven-checkstyle-plugin:2.17:check (checkstyle-validation) @ spring-cloud-gcp-data-spanner ---
[INFO] 
[INFO] --- maven-resources-plugin:2.6:resources (default-resources) @ spring-cloud-gcp-data-spanner ---
[INFO] Using 'UTF-8' encoding to copy filtered resources.
[INFO] skip non existing resourceDirectory /home/user/Workspace/reproducibility/Reproducibility-Scanner/reproducer/workspace/Bears-183/spring-cloud-gcp-data-spanner/src/main/resources
[INFO] skip non existing resourceDirectory /home/user/Workspace/reproducibility/Reproducibility-Scanner/reproducer/workspace/Bears-183/spring-cloud-gcp-data-spanner/src/main/resources
[INFO] 
[INFO] --- maven-compiler-plugin:3.1:compile (default-compile) @ spring-cloud-gcp-data-spanner ---
[INFO] Nothing to compile - all classes are up to date
[INFO] 
[INFO] --- maven-resources-plugin:2.6:testResources (default-testResources) @ spring-cloud-gcp-data-spanner ---
[INFO] Using 'UTF-8' encoding to copy filtered resources.
[INFO] Copying 2 resources
[INFO] 
[INFO] --- maven-compiler-plugin:3.1:testCompile (default-testCompile) @ spring-cloud-gcp-data-spanner ---
[INFO] Nothing to compile - all classes are up to date
[INFO] 
[INFO] --- maven-surefire-plugin:2.12.4:test (default-test) @ spring-cloud-gcp-data-spanner ---
[INFO] Surefire report directory: /home/user/Workspace/reproducibility/Reproducibility-Scanner/reproducer/workspace/Bears-183/spring-cloud-gcp-data-spanner/target/surefire-reports

-------------------------------------------------------
 T E S T S
-------------------------------------------------------
Running org.springframework.cloud.gcp.data.spanner.core.it.SpannerTemplateIntegrationTests
18:18:45.010 [main] INFO  o.s.t.c.s.DefaultTestContextBootstrapper - Loaded default TestExecutionListener class names from location [META-INF/spring.factories]: [org.springframework.boot.test.mock.mockito.MockitoTestExecutionListener, org.springframework.boot.test.mock.mockito.ResetMocksTestExecutionListener, org.springframework.boot.test.autoconfigure.restdocs.RestDocsTestExecutionListener, org.springframework.boot.test.autoconfigure.web.client.MockRestServiceServerResetTestExecutionListener, org.springframework.boot.test.autoconfigure.web.servlet.MockMvcPrintOnlyOnFailureTestExecutionListener, org.springframework.boot.test.autoconfigure.web.servlet.WebDriverTestExecutionListener, org.springframework.test.context.web.ServletTestExecutionListener, org.springframework.test.context.support.DirtiesContextBeforeModesTestExecutionListener, org.springframework.test.context.support.DependencyInjectionTestExecutionListener, org.springframework.test.context.support.DirtiesContextTestExecutionListener, org.springframework.test.context.transaction.TransactionalTestExecutionListener, org.springframework.test.context.jdbc.SqlScriptsTestExecutionListener]
18:18:45.027 [main] INFO  o.s.t.c.s.DefaultTestContextBootstrapper - Using TestExecutionListeners: [org.springframework.test.context.support.DirtiesContextBeforeModesTestExecutionListener@56de5251, org.springframework.boot.test.mock.mockito.MockitoTestExecutionListener@419c5f1a, org.springframework.test.context.support.DependencyInjectionTestExecutionListener@12b0404f, org.springframework.test.context.support.DirtiesContextTestExecutionListener@769e7ee8, org.springframework.test.context.transaction.TransactionalTestExecutionListener@5276e6b0, org.springframework.test.context.jdbc.SqlScriptsTestExecutionListener@71b1176b, org.springframework.boot.test.mock.mockito.ResetMocksTestExecutionListener@6193932a, org.springframework.boot.test.autoconfigure.restdocs.RestDocsTestExecutionListener@647fd8ce, org.springframework.boot.test.autoconfigure.web.client.MockRestServiceServerResetTestExecutionListener@159f197, org.springframework.boot.test.autoconfigure.web.servlet.MockMvcPrintOnlyOnFailureTestExecutionListener@78aab498, org.springframework.boot.test.autoconfigure.web.servlet.WebDriverTestExecutionListener@5dd6264]
Tests run: 1, Failures: 0, Errors: 0, Skipped: 1, Time elapsed: 0.405 sec
Running org.springframework.cloud.gcp.data.spanner.core.SpannerQueryOptionsTests
Tests run: 6, Failures: 0, Errors: 0, Skipped: 0, Time elapsed: 0.39 sec
Running org.springframework.cloud.gcp.data.spanner.core.SpannerMutationFactoryImplTests
Tests run: 7, Failures: 0, Errors: 0, Skipped: 0, Time elapsed: 0.257 sec
Running org.springframework.cloud.gcp.data.spanner.core.SpannerTemplateTests
Tests run: 30, Failures: 1, Errors: 0, Skipped: 0, Time elapsed: 0.45 sec <<< FAILURE!
findAllPageableNoOptionsTest(org.springframework.cloud.gcp.data.spanner.core.SpannerTemplateTests)  Time elapsed: 0.01 sec  <<< FAILURE!
org.junit.ComparisonFailure: expected:<...able ORDER BY id ASC[ LIMIT 5 OFFSET 3];> but was:<...able ORDER BY id ASC[];>
	at org.junit.Assert.assertEquals(Assert.java:115)
	at org.junit.Assert.assertEquals(Assert.java:144)
	at org.springframework.cloud.gcp.data.spanner.core.SpannerTemplateTests.lambda$findAllPageableNoOptionsTest$3(SpannerTemplateTests.java:210)
	at org.springframework.cloud.gcp.data.spanner.core.SpannerTemplate.queryAll(SpannerTemplate.java:166)
	at org.springframework.cloud.gcp.data.spanner.core.SpannerTemplate.queryAll(SpannerTemplate.java:175)
	at org.springframework.cloud.gcp.data.spanner.core.SpannerTemplate.queryAll(SpannerTemplate.java:181)
	at org.springframework.cloud.gcp.data.spanner.core.SpannerTemplateTests.findAllPageableNoOptionsTest(SpannerTemplateTests.java:215)
	at sun.reflect.NativeMethodAccessorImpl.invoke0(Native Method)
	at sun.reflect.NativeMethodAccessorImpl.invoke(NativeMethodAccessorImpl.java:62)
	at sun.reflect.DelegatingMethodAccessorImpl.invoke(DelegatingMethodAccessorImpl.java:43)
	at java.lang.reflect.Method.invoke(Method.java:498)
	at org.junit.runners.model.FrameworkMethod$1.runReflectiveCall(FrameworkMethod.java:50)
	at org.junit.internal.runners.model.ReflectiveCallable.run(ReflectiveCallable.java:12)
	at org.junit.runners.model.FrameworkMethod.invokeExplosively(FrameworkMethod.java:47)
	at org.junit.internal.runners.statements.InvokeMethod.evaluate(InvokeMethod.java:17)
	at org.junit.internal.runners.statements.RunBefores.evaluate(RunBefores.java:26)
	at org.junit.runners.ParentRunner.runLeaf(ParentRunner.java:325)
	at org.junit.runners.BlockJUnit4ClassRunner.runChild(BlockJUnit4ClassRunner.java:78)
	at org.junit.runners.BlockJUnit4ClassRunner.runChild(BlockJUnit4ClassRunner.java:57)
	at org.junit.runners.ParentRunner$3.run(ParentRunner.java:290)
	at org.junit.runners.ParentRunner$1.schedule(ParentRunner.java:71)
	at org.junit.runners.ParentRunner.runChildren(ParentRunner.java:288)
	at org.junit.runners.ParentRunner.access$000(ParentRunner.java:58)
	at org.junit.runners.ParentRunner$2.evaluate(ParentRunner.java:268)
	at org.junit.runners.ParentRunner.run(ParentRunner.java:363)
	at org.apache.maven.surefire.junit4.JUnit4Provider.execute(JUnit4Provider.java:252)
	at org.apache.maven.surefire.junit4.JUnit4Provider.executeTestSet(JUnit4Provider.java:141)
	at org.apache.maven.surefire.junit4.JUnit4Provider.invoke(JUnit4Provider.java:112)
	at sun.reflect.NativeMethodAccessorImpl.invoke0(Native Method)
	at sun.reflect.NativeMethodAccessorImpl.invoke(NativeMethodAccessorImpl.java:62)
	at sun.reflect.DelegatingMethodAccessorImpl.invoke(DelegatingMethodAccessorImpl.java:43)
	at java.lang.reflect.Method.invoke(Method.java:498)
	at org.apache.maven.surefire.util.ReflectionUtils.invokeMethodWithArray(ReflectionUtils.java:189)
	at org.apache.maven.surefire.booter.ProviderFactory$ProviderProxy.invoke(ProviderFactory.java:165)
	at org.apache.maven.surefire.booter.ProviderFactory.invokeProvider(ProviderFactory.java:85)
	at org.apache.maven.surefire.booter.ForkedBooter.runSuitesInProcess(ForkedBooter.java:115)
	at org.apache.maven.surefire.booter.ForkedBooter.main(ForkedBooter.java:75)

Running org.springframework.cloud.gcp.data.spanner.core.SpannerReadOptionsTests
Tests run: 5, Failures: 0, Errors: 0, Skipped: 0, Time elapsed: 0 sec
Running org.springframework.cloud.gcp.data.spanner.core.SpannerObjectMapperImplTests
Tests run: 11, Failures: 0, Errors: 0, Skipped: 0, Time elapsed: 0.379 sec
Running org.springframework.cloud.gcp.data.spanner.core.admin.SpannerDatabaseAdminTemplateTests
Tests run: 1, Failures: 0, Errors: 0, Skipped: 0, Time elapsed: 0.038 sec
Running org.springframework.cloud.gcp.data.spanner.core.admin.SpannerSchemaUtilsTests
Tests run: 1, Failures: 0, Errors: 0, Skipped: 0, Time elapsed: 0.006 sec
Running org.springframework.cloud.gcp.data.spanner.core.mapping.SpannerPersistentPropertyImplTests
18:18:46.569 [main] INFO  o.s.t.c.s.DefaultTestContextBootstrapper - Neither @ContextConfiguration nor @ContextHierarchy found for test class [org.springframework.cloud.gcp.data.spanner.core.mapping.SpannerPersistentPropertyImplTests], using DelegatingSmartContextLoader
18:18:46.570 [main] INFO  o.s.t.c.s.AbstractContextLoader - Could not detect default resource locations for test class [org.springframework.cloud.gcp.data.spanner.core.mapping.SpannerPersistentPropertyImplTests]: no resource found for suffixes {-context.xml}.
18:18:46.572 [main] INFO  o.s.t.c.s.AnnotationConfigContextLoaderUtils - Could not detect default configuration classes for test class [org.springframework.cloud.gcp.data.spanner.core.mapping.SpannerPersistentPropertyImplTests]: SpannerPersistentPropertyImplTests does not declare any static, non-private, non-final, nested classes annotated with @Configuration.
18:18:46.575 [main] INFO  o.s.t.c.s.DefaultTestContextBootstrapper - Loaded default TestExecutionListener class names from location [META-INF/spring.factories]: [org.springframework.boot.test.mock.mockito.MockitoTestExecutionListener, org.springframework.boot.test.mock.mockito.ResetMocksTestExecutionListener, org.springframework.boot.test.autoconfigure.restdocs.RestDocsTestExecutionListener, org.springframework.boot.test.autoconfigure.web.client.MockRestServiceServerResetTestExecutionListener, org.springframework.boot.test.autoconfigure.web.servlet.MockMvcPrintOnlyOnFailureTestExecutionListener, org.springframework.boot.test.autoconfigure.web.servlet.WebDriverTestExecutionListener, org.springframework.test.context.web.ServletTestExecutionListener, org.springframework.test.context.support.DirtiesContextBeforeModesTestExecutionListener, org.springframework.test.context.support.DependencyInjectionTestExecutionListener, org.springframework.test.context.support.DirtiesContextTestExecutionListener, org.springframework.test.context.transaction.TransactionalTestExecutionListener, org.springframework.test.context.jdbc.SqlScriptsTestExecutionListener]
18:18:46.576 [main] INFO  o.s.t.c.s.DefaultTestContextBootstrapper - Using TestExecutionListeners: [org.springframework.test.context.support.DirtiesContextBeforeModesTestExecutionListener@393881f0, org.springframework.boot.test.mock.mockito.MockitoTestExecutionListener@4af46df3, org.springframework.test.context.support.DependencyInjectionTestExecutionListener@4158debd, org.springframework.test.context.support.DirtiesContextTestExecutionListener@af78c87, org.springframework.test.context.transaction.TransactionalTestExecutionListener@773dab28, org.springframework.test.context.jdbc.SqlScriptsTestExecutionListener@1ecfcbc9, org.springframework.boot.test.mock.mockito.ResetMocksTestExecutionListener@1965539b, org.springframework.boot.test.autoconfigure.restdocs.RestDocsTestExecutionListener@2fc07784, org.springframework.boot.test.autoconfigure.web.client.MockRestServiceServerResetTestExecutionListener@353efdbf, org.springframework.boot.test.autoconfigure.web.servlet.MockMvcPrintOnlyOnFailureTestExecutionListener@55cff952, org.springframework.boot.test.autoconfigure.web.servlet.WebDriverTestExecutionListener@660591fb]
18:18:46.657 [main] INFO  o.s.c.s.GenericApplicationContext - Refreshing org.springframework.context.support.GenericApplicationContext@24fabd0f: startup date [Mon Jul 25 18:18:46 PDT 2022]; root of context hierarchy
Tests run: 7, Failures: 0, Errors: 0, Skipped: 0, Time elapsed: 0.245 sec
Running org.springframework.cloud.gcp.data.spanner.core.mapping.SpannerMappingContextTests
18:18:46.814 [main] INFO  o.s.t.c.s.DefaultTestContextBootstrapper - Neither @ContextConfiguration nor @ContextHierarchy found for test class [org.springframework.cloud.gcp.data.spanner.core.mapping.SpannerMappingContextTests], using DelegatingSmartContextLoader
18:18:46.815 [main] INFO  o.s.t.c.s.AbstractContextLoader - Could not detect default resource locations for test class [org.springframework.cloud.gcp.data.spanner.core.mapping.SpannerMappingContextTests]: no resource found for suffixes {-context.xml}.
18:18:46.815 [main] INFO  o.s.t.c.s.AnnotationConfigContextLoaderUtils - Could not detect default configuration classes for test class [org.springframework.cloud.gcp.data.spanner.core.mapping.SpannerMappingContextTests]: SpannerMappingContextTests does not declare any static, non-private, non-final, nested classes annotated with @Configuration.
18:18:46.816 [main] INFO  o.s.t.c.s.DefaultTestContextBootstrapper - Loaded default TestExecutionListener class names from location [META-INF/spring.factories]: [org.springframework.boot.test.mock.mockito.MockitoTestExecutionListener, org.springframework.boot.test.mock.mockito.ResetMocksTestExecutionListener, org.springframework.boot.test.autoconfigure.restdocs.RestDocsTestExecutionListener, org.springframework.boot.test.autoconfigure.web.client.MockRestServiceServerResetTestExecutionListener, org.springframework.boot.test.autoconfigure.web.servlet.MockMvcPrintOnlyOnFailureTestExecutionListener, org.springframework.boot.test.autoconfigure.web.servlet.WebDriverTestExecutionListener, org.springframework.test.context.web.ServletTestExecutionListener, org.springframework.test.context.support.DirtiesContextBeforeModesTestExecutionListener, org.springframework.test.context.support.DependencyInjectionTestExecutionListener, org.springframework.test.context.support.DirtiesContextTestExecutionListener, org.springframework.test.context.transaction.TransactionalTestExecutionListener, org.springframework.test.context.jdbc.SqlScriptsTestExecutionListener]
18:18:46.817 [main] INFO  o.s.t.c.s.DefaultTestContextBootstrapper - Using TestExecutionListeners: [org.springframework.test.context.support.DirtiesContextBeforeModesTestExecutionListener@5782d777, org.springframework.boot.test.mock.mockito.MockitoTestExecutionListener@4f824872, org.springframework.test.context.support.DependencyInjectionTestExecutionListener@b016b4e, org.springframework.test.context.support.DirtiesContextTestExecutionListener@29629fbb, org.springframework.test.context.transaction.TransactionalTestExecutionListener@681adc8f, org.springframework.test.context.jdbc.SqlScriptsTestExecutionListener@3506d826, org.springframework.boot.test.mock.mockito.ResetMocksTestExecutionListener@35dd9ed3, org.springframework.boot.test.autoconfigure.restdocs.RestDocsTestExecutionListener@8ff5094, org.springframework.boot.test.autoconfigure.web.client.MockRestServiceServerResetTestExecutionListener@363f0ba0, org.springframework.boot.test.autoconfigure.web.servlet.MockMvcPrintOnlyOnFailureTestExecutionListener@35fb22a9, org.springframework.boot.test.autoconfigure.web.servlet.WebDriverTestExecutionListener@6c8909c3]
Tests run: 4, Failures: 0, Errors: 0, Skipped: 0, Time elapsed: 0.137 sec
Running org.springframework.cloud.gcp.data.spanner.core.mapping.ConversionUtilsTests
Tests run: 5, Failures: 0, Errors: 0, Skipped: 0, Time elapsed: 0.001 sec
Running org.springframework.cloud.gcp.data.spanner.core.mapping.SpannerKeyPropertyTests
Tests run: 32, Failures: 0, Errors: 0, Skipped: 0, Time elapsed: 0.043 sec
Running org.springframework.cloud.gcp.data.spanner.core.mapping.SpannerPersistentEntityImplTests
Tests run: 13, Failures: 0, Errors: 0, Skipped: 0, Time elapsed: 0.05 sec
Running org.springframework.cloud.gcp.data.spanner.repository.it.SpannerRepositoryIntegrationTests
18:18:47.054 [main] INFO  o.s.t.c.s.DefaultTestContextBootstrapper - Loaded default TestExecutionListener class names from location [META-INF/spring.factories]: [org.springframework.boot.test.mock.mockito.MockitoTestExecutionListener, org.springframework.boot.test.mock.mockito.ResetMocksTestExecutionListener, org.springframework.boot.test.autoconfigure.restdocs.RestDocsTestExecutionListener, org.springframework.boot.test.autoconfigure.web.client.MockRestServiceServerResetTestExecutionListener, org.springframework.boot.test.autoconfigure.web.servlet.MockMvcPrintOnlyOnFailureTestExecutionListener, org.springframework.boot.test.autoconfigure.web.servlet.WebDriverTestExecutionListener, org.springframework.test.context.web.ServletTestExecutionListener, org.springframework.test.context.support.DirtiesContextBeforeModesTestExecutionListener, org.springframework.test.context.support.DependencyInjectionTestExecutionListener, org.springframework.test.context.support.DirtiesContextTestExecutionListener, org.springframework.test.context.transaction.TransactionalTestExecutionListener, org.springframework.test.context.jdbc.SqlScriptsTestExecutionListener]
18:18:47.055 [main] INFO  o.s.t.c.s.DefaultTestContextBootstrapper - Using TestExecutionListeners: [org.springframework.test.context.support.DirtiesContextBeforeModesTestExecutionListener@78e22d35, org.springframework.boot.test.mock.mockito.MockitoTestExecutionListener@2e8a1ab4, org.springframework.test.context.support.DependencyInjectionTestExecutionListener@59f93db8, org.springframework.test.context.support.DirtiesContextTestExecutionListener@1aabf50d, org.springframework.test.context.transaction.TransactionalTestExecutionListener@73c9e8e8, org.springframework.test.context.jdbc.SqlScriptsTestExecutionListener@de8039f, org.springframework.boot.test.mock.mockito.ResetMocksTestExecutionListener@1deceb67, org.springframework.boot.test.autoconfigure.restdocs.RestDocsTestExecutionListener@582a764a, org.springframework.boot.test.autoconfigure.web.client.MockRestServiceServerResetTestExecutionListener@64984b0f, org.springframework.boot.test.autoconfigure.web.servlet.MockMvcPrintOnlyOnFailureTestExecutionListener@292158f8, org.springframework.boot.test.autoconfigure.web.servlet.WebDriverTestExecutionListener@53ec2968]
Tests run: 1, Failures: 0, Errors: 0, Skipped: 1, Time elapsed: 0.005 sec
Running org.springframework.cloud.gcp.data.spanner.repository.support.SpannerRepositoryFactoryTests
Tests run: 5, Failures: 0, Errors: 0, Skipped: 0, Time elapsed: 0.103 sec
Running org.springframework.cloud.gcp.data.spanner.repository.support.SpannerRepositoryImplTests
Tests run: 27, Failures: 0, Errors: 0, Skipped: 0, Time elapsed: 0.01 sec
Running org.springframework.cloud.gcp.data.spanner.repository.support.SpannerRepositoryFactoryBeanTests
Tests run: 1, Failures: 0, Errors: 0, Skipped: 0, Time elapsed: 0.001 sec
Running org.springframework.cloud.gcp.data.spanner.repository.query.SpannerStatementQueryTests
Tests run: 8, Failures: 0, Errors: 0, Skipped: 0, Time elapsed: 0.06 sec
Running org.springframework.cloud.gcp.data.spanner.repository.query.SpannerQueryLookupStrategyTests
Tests run: 2, Failures: 0, Errors: 0, Skipped: 0, Time elapsed: 0.131 sec
Running org.springframework.cloud.gcp.data.spanner.repository.query.SqlSpannerQueryTests
Tests run: 1, Failures: 0, Errors: 0, Skipped: 0, Time elapsed: 0.01 sec
18:18:47.380 [Thread-0] INFO  o.s.c.s.GenericApplicationContext - Closing org.springframework.context.support.GenericApplicationContext@24fabd0f: startup date [Mon Jul 25 18:18:46 PDT 2022]; root of context hierarchy

Results :

Failed tests:   findAllPageableNoOptionsTest(org.springframework.cloud.gcp.data.spanner.core.SpannerTemplateTests): expected:<...able ORDER BY id ASC[ LIMIT 5 OFFSET 3];> but was:<...able ORDER BY id ASC[];>

Tests run: 168, Failures: 1, Errors: 0, Skipped: 2

[INFO] ------------------------------------------------------------------------
[INFO] Reactor Summary for Spring Cloud GCP 1.0.0.BUILD-SNAPSHOT:
[INFO] 
[INFO] Spring Cloud GCP ................................... SUCCESS [  0.654 s]
[INFO] Spring Cloud GCP Core Module ....................... SUCCESS [  1.013 s]
[INFO] Spring Cloud GCP Pub/Sub Module .................... SUCCESS [  2.649 s]
[INFO] Spring Cloud GCP Storage Module .................... SUCCESS [  3.579 s]
[INFO] Spring Cloud GCP Spanner Module .................... FAILURE [  3.121 s]
[INFO] Spring Cloud GCP Autoconfigure Module .............. SKIPPED
[INFO] Spring Cloud GCP Starters .......................... SKIPPED
[INFO] Spring Cloud GCP Support Starter ................... SKIPPED
[INFO] Spring Cloud GCP Pub/Sub Starter ................... SKIPPED
[INFO] Spring Cloud GCP Stream ............................ SKIPPED
[INFO] Spring Cloud GCP Documentation ..................... SKIPPED
[INFO] Spring Cloud GCP Dependencies ...................... SKIPPED
[INFO] Spring Cloud GCP Config Starter .................... SKIPPED
[INFO] Spring Cloud GCP Storage Starter ................... SKIPPED
[INFO] Spring Cloud GCP Spanner Starter ................... SKIPPED
[INFO] Spring Cloud GCP Cloud Trace Starter ............... SKIPPED
[INFO] Spring Cloud GCP Stackdriver Logging Starter ....... SKIPPED
[INFO] Spring Cloud GCP Cloud SQL MySQL Starter ........... SKIPPED
[INFO] Spring Cloud GCP Cloud SQL PostgreSQL Starter ...... SKIPPED
[INFO] Spring Cloud GCP Code Samples ...................... SKIPPED
[INFO] Spring Cloud GCP Runtime Configuration Code Sample . SKIPPED
[INFO] Spring Cloud GCP Trace Code Sample ................. SKIPPED
[INFO] Spring Cloud GCP Logging Code Sample ............... SKIPPED
[INFO] Spring Cloud GCP SQL MySQL Starter Code Sample ..... SKIPPED
[INFO] Spring Cloud GCP Integration Pub/Sub Channel Adapters Code Sample SKIPPED
[INFO] Spring Cloud GCP Integration Pub/Sub Sender Code Sample SKIPPED
[INFO] Spring Cloud GCP Integration Pub/Sub Receiver Code Sample SKIPPED
[INFO] Spring Cloud GCP Storage Sample .................... SKIPPED
[INFO] Spring Cloud GCP Spanner Code Sample ............... SKIPPED
[INFO] Spring Cloud GCP Pub/Sub Code Sample ............... SKIPPED
[INFO] Spring Cloud GCP with Spring Data JPA Code Sample .. SKIPPED
[INFO] Spring Cloud GCP Vision API Sample ................. SKIPPED
[INFO] Spring Cloud GCP Integration Storage Sample ........ SKIPPED
[INFO] ------------------------------------------------------------------------
[INFO] BUILD FAILURE
[INFO] ------------------------------------------------------------------------
[INFO] Total time:  11.401 s
[INFO] Finished at: 2022-07-25T18:18:47-07:00
[INFO] ------------------------------------------------------------------------
[ERROR] Failed to execute goal org.apache.maven.plugins:maven-surefire-plugin:2.12.4:test (default-test) on project spring-cloud-gcp-data-spanner: There are test failures.
[ERROR] 
[ERROR] Please refer to /home/user/Workspace/reproducibility/Reproducibility-Scanner/reproducer/workspace/Bears-183/spring-cloud-gcp-data-spanner/target/surefire-reports for the individual test results.
[ERROR] -> [Help 1]
[ERROR] 
[ERROR] To see the full stack trace of the errors, re-run Maven with the -e switch.
[ERROR] Re-run Maven using the -X switch to enable full debug logging.
[ERROR] 
[ERROR] For more information about the errors and possible solutions, please read the following articles:
[ERROR] [Help 1] http://cwiki.apache.org/confluence/display/MAVEN/MojoFailureException
[ERROR] 
[ERROR] After correcting the problems, you can resume the build with the command
[ERROR]   mvn <args> -rf :spring-cloud-gcp-data-spanner
Running the tests related to the bug Bears-183...
The tests related to the bug Bears-183 were executed.