Apache Maven 3.6.3
Maven home: /usr/share/maven
Java version: 1.8.0_312, vendor: Private Build, runtime: /usr/lib/jvm/java-8-openjdk-amd64/jre
Default locale: en_US, platform encoding: UTF-8
OS name: "linux", version: "5.15.0-41-generic", arch: "amd64", family: "unix"
[INFO] Scanning for projects...
[INFO] ------------------------------------------------------------------------
[INFO] Reactor Build Order:
[INFO] 
[INFO] Spring Cloud GCP Dependencies                                      [pom]
[INFO] Spring Cloud GCP                                                   [pom]
[INFO] Spring Cloud GCP Core Module                                       [jar]
[INFO] Spring Cloud GCP Pub/Sub Module                                    [jar]
[INFO] Spring Cloud GCP Storage Module                                    [jar]
[INFO] Spring Cloud GCP Stackdriver Trace Module                          [jar]
[INFO] Spring Cloud GCP Stackdriver Logging Module                        [jar]
[INFO] Spring Cloud GCP Runtime Configuration Module                      [jar]
[INFO] Spring Cloud GCP Autoconfigure Module                              [jar]
[INFO] Spring Cloud GCP Starters                                          [pom]
[INFO] Spring Cloud GCP Core Starter                                      [jar]
[INFO] Spring Cloud GCP Pub/Sub Starter                                   [jar]
[INFO] Spring Cloud GCP Config Starter                                    [jar]
[INFO] Spring Cloud GCP Storage Starter                                   [jar]
[INFO] Spring Cloud GCP Cloud SQL Starter                                 [jar]
[INFO] Spring Cloud GCP Cloud Trace Starter                               [jar]
[INFO] Spring Cloud GCP Stackdriver Logging Starter                       [jar]
[INFO] Spring Integration GCP                                             [jar]
[INFO] Spring Cloud GCP Documentation                                     [jar]
[INFO] Spring Cloud GCP Code Samples                                      [pom]
[INFO] Spring Cloud GCP Runtime Configuration Code Sample                 [jar]
[INFO] Spring Cloud GCP Trace Code Sample                                 [jar]
[INFO] Spring Cloud GCP Logging Code Sample                               [jar]
[INFO] Spring Cloud GCP SQL Starter Code Sample                           [jar]
[INFO] Spring Cloud GCP Integration Pub/Sub Channel Adapters Code Sample  [pom]
[INFO] spring-cloud-gcp-integration-pubsub-sample-sender                  [jar]
[INFO] spring-cloud-gcp-integration-pubsub-sample-receiver                [jar]
[INFO] Spring Cloud GCP Spring Boot Starter for Storage Code Sample       [jar]
[INFO] spring-cloud-gcp-pubsub-sample                                     [jar]
[INFO] Spring Cloud GCP with Spring Data JPA Code Sample                  [jar]
[INFO] Spring Cloud GCP Vision API Sample                                 [jar]
[INFO] Spring Cloud GCP Stream                                            [pom]
[INFO] spring-cloud-stream-binder-gcp-pubsub-core                         [jar]
[INFO] spring-cloud-stream-binder-gcp-pubsub                              [jar]
[INFO] 
[INFO] ------< org.springframework.cloud:spring-cloud-gcp-dependencies >-------
[INFO] Building Spring Cloud GCP Dependencies 1.0.0.BUILD-SNAPSHOT       [1/34]
[INFO] --------------------------------[ pom ]---------------------------------
[INFO] 
[INFO] -------------< org.springframework.cloud:spring-cloud-gcp >-------------
[INFO] Building Spring Cloud GCP 1.0.0.BUILD-SNAPSHOT                    [2/34]
[INFO] --------------------------------[ pom ]---------------------------------
[INFO] 
[INFO] --- maven-checkstyle-plugin:2.17:check (validate) @ spring-cloud-gcp ---
[INFO] 
[INFO] --- maven-checkstyle-plugin:2.17:check (checkstyle-validation) @ spring-cloud-gcp ---
[INFO] 
[INFO] ----------< org.springframework.cloud:spring-cloud-gcp-core >-----------
[INFO] Building Spring Cloud GCP Core Module 1.0.0.BUILD-SNAPSHOT        [3/34]
[INFO] --------------------------------[ jar ]---------------------------------
[INFO] 
[INFO] --- maven-checkstyle-plugin:2.17:check (validate) @ spring-cloud-gcp-core ---
[INFO] 
[INFO] --- maven-checkstyle-plugin:2.17:check (checkstyle-validation) @ spring-cloud-gcp-core ---
[INFO] 
[INFO] --- maven-resources-plugin:2.6:resources (default-resources) @ spring-cloud-gcp-core ---
[INFO] Using 'UTF-8' encoding to copy filtered resources.
[INFO] skip non existing resourceDirectory /home/user/Workspace/reproducibility/Reproducibility-Scanner/reproducer/workspace/Bears-180/spring-cloud-gcp-core/src/main/resources
[INFO] skip non existing resourceDirectory /home/user/Workspace/reproducibility/Reproducibility-Scanner/reproducer/workspace/Bears-180/spring-cloud-gcp-core/src/main/resources
[INFO] 
[INFO] --- maven-compiler-plugin:3.1:compile (default-compile) @ spring-cloud-gcp-core ---
[INFO] Nothing to compile - all classes are up to date
[INFO] 
[INFO] --- maven-resources-plugin:2.6:testResources (default-testResources) @ spring-cloud-gcp-core ---
[INFO] Using 'UTF-8' encoding to copy filtered resources.
[INFO] skip non existing resourceDirectory /home/user/Workspace/reproducibility/Reproducibility-Scanner/reproducer/workspace/Bears-180/spring-cloud-gcp-core/src/test/resources
[INFO] 
[INFO] --- maven-compiler-plugin:3.1:testCompile (default-testCompile) @ spring-cloud-gcp-core ---
[INFO] No sources to compile
[INFO] 
[INFO] --- maven-surefire-plugin:2.12.4:test (default-test) @ spring-cloud-gcp-core ---
[INFO] No tests to run.
[INFO] 
[INFO] ---------< org.springframework.cloud:spring-cloud-gcp-pubsub >----------
[INFO] Building Spring Cloud GCP Pub/Sub Module 1.0.0.BUILD-SNAPSHOT     [4/34]
[INFO] --------------------------------[ jar ]---------------------------------
[INFO] 
[INFO] --- maven-checkstyle-plugin:2.17:check (validate) @ spring-cloud-gcp-pubsub ---
[INFO] 
[INFO] --- maven-checkstyle-plugin:2.17:check (checkstyle-validation) @ spring-cloud-gcp-pubsub ---
[INFO] 
[INFO] --- maven-resources-plugin:2.6:resources (default-resources) @ spring-cloud-gcp-pubsub ---
[INFO] Using 'UTF-8' encoding to copy filtered resources.
[INFO] skip non existing resourceDirectory /home/user/Workspace/reproducibility/Reproducibility-Scanner/reproducer/workspace/Bears-180/spring-cloud-gcp-pubsub/src/main/resources
[INFO] skip non existing resourceDirectory /home/user/Workspace/reproducibility/Reproducibility-Scanner/reproducer/workspace/Bears-180/spring-cloud-gcp-pubsub/src/main/resources
[INFO] 
[INFO] --- maven-compiler-plugin:3.1:compile (default-compile) @ spring-cloud-gcp-pubsub ---
[INFO] Nothing to compile - all classes are up to date
[INFO] 
[INFO] --- maven-resources-plugin:2.6:testResources (default-testResources) @ spring-cloud-gcp-pubsub ---
[INFO] Using 'UTF-8' encoding to copy filtered resources.
[INFO] skip non existing resourceDirectory /home/user/Workspace/reproducibility/Reproducibility-Scanner/reproducer/workspace/Bears-180/spring-cloud-gcp-pubsub/src/test/resources
[INFO] 
[INFO] --- maven-compiler-plugin:3.1:testCompile (default-testCompile) @ spring-cloud-gcp-pubsub ---
[INFO] Nothing to compile - all classes are up to date
[INFO] 
[INFO] --- maven-surefire-plugin:2.12.4:test (default-test) @ spring-cloud-gcp-pubsub ---
[INFO] Surefire report directory: /home/user/Workspace/reproducibility/Reproducibility-Scanner/reproducer/workspace/Bears-180/spring-cloud-gcp-pubsub/target/surefire-reports

-------------------------------------------------------
 T E S T S
-------------------------------------------------------
Running org.springframework.cloud.gcp.pubsub.support.DefaultPublisherFactoryTests
18:05:22.331 [main] DEBUG io.netty.util.internal.logging.InternalLoggerFactory - Using SLF4J as the default logging framework
18:05:22.347 [main] DEBUG io.netty.util.internal.PlatformDependent0 - -Dio.netty.noUnsafe: false
18:05:22.348 [main] DEBUG io.netty.util.internal.PlatformDependent0 - Java version: 8
18:05:22.349 [main] DEBUG io.netty.util.internal.PlatformDependent0 - sun.misc.Unsafe.theUnsafe: available
18:05:22.350 [main] DEBUG io.netty.util.internal.PlatformDependent0 - sun.misc.Unsafe.copyMemory: available
18:05:22.350 [main] DEBUG io.netty.util.internal.PlatformDependent0 - java.nio.Buffer.address: available
18:05:22.351 [main] DEBUG io.netty.util.internal.PlatformDependent0 - direct buffer constructor: available
18:05:22.351 [main] DEBUG io.netty.util.internal.PlatformDependent0 - java.nio.Bits.unaligned: available, true
18:05:22.351 [main] DEBUG io.netty.util.internal.PlatformDependent0 - jdk.internal.misc.Unsafe.allocateUninitializedArray(int): unavailable prior to Java9
18:05:22.351 [main] DEBUG io.netty.util.internal.PlatformDependent0 - java.nio.DirectByteBuffer.<init>(long, int): available
18:05:22.351 [main] DEBUG io.netty.util.internal.PlatformDependent - sun.misc.Unsafe: available
18:05:22.352 [main] DEBUG io.netty.util.internal.PlatformDependent - -Dio.netty.tmpdir: /tmp (java.io.tmpdir)
18:05:22.352 [main] DEBUG io.netty.util.internal.PlatformDependent - -Dio.netty.bitMode: 64 (sun.arch.data.model)
18:05:22.353 [main] DEBUG io.netty.util.internal.PlatformDependent - -Dio.netty.noPreferDirect: false
18:05:22.353 [main] DEBUG io.netty.util.internal.PlatformDependent - -Dio.netty.maxDirectMemory: 514850816 bytes
18:05:22.353 [main] DEBUG io.netty.util.internal.PlatformDependent - -Dio.netty.uninitializedArrayAllocationThreshold: -1
18:05:22.354 [main] DEBUG io.netty.util.internal.CleanerJava6 - java.nio.ByteBuffer.cleaner(): available
18:05:22.355 [main] DEBUG io.netty.util.internal.NativeLibraryLoader - -Dio.netty.native.workdir: /tmp (io.netty.tmpdir)
18:05:22.358 [main] DEBUG io.netty.util.internal.NativeLibraryLoader - Unable to load the library 'netty_tcnative_linux_x86_64', trying other loading mechanism.
java.lang.UnsatisfiedLinkError: no netty_tcnative_linux_x86_64 in java.library.path
	at java.lang.ClassLoader.loadLibrary(ClassLoader.java:1860)
	at java.lang.Runtime.loadLibrary0(Runtime.java:871)
	at java.lang.System.loadLibrary(System.java:1124)
	at io.netty.util.internal.NativeLibraryUtil.loadLibrary(NativeLibraryUtil.java:38)
	at sun.reflect.NativeMethodAccessorImpl.invoke0(Native Method)
	at sun.reflect.NativeMethodAccessorImpl.invoke(NativeMethodAccessorImpl.java:62)
	at sun.reflect.DelegatingMethodAccessorImpl.invoke(DelegatingMethodAccessorImpl.java:43)
	at java.lang.reflect.Method.invoke(Method.java:498)
	at io.netty.util.internal.NativeLibraryLoader$1.run(NativeLibraryLoader.java:263)
	at java.security.AccessController.doPrivileged(Native Method)
	at io.netty.util.internal.NativeLibraryLoader.loadLibraryByHelper(NativeLibraryLoader.java:255)
	at io.netty.util.internal.NativeLibraryLoader.loadLibrary(NativeLibraryLoader.java:233)
	at io.netty.util.internal.NativeLibraryLoader.load(NativeLibraryLoader.java:124)
	at io.netty.util.internal.NativeLibraryLoader.loadFirstAvailable(NativeLibraryLoader.java:85)
	at io.netty.handler.ssl.OpenSsl.loadTcNative(OpenSsl.java:421)
	at io.netty.handler.ssl.OpenSsl.<clinit>(OpenSsl.java:89)
	at io.grpc.netty.GrpcSslContexts.defaultSslProvider(GrpcSslContexts.java:143)
	at io.grpc.netty.GrpcSslContexts.configure(GrpcSslContexts.java:124)
	at io.grpc.netty.GrpcSslContexts.forClient(GrpcSslContexts.java:94)
	at io.grpc.netty.NettyChannelBuilder$NettyTransportFactory$DefaultNettyTransportCreationParamsFilterFactory.<init>(NettyChannelBuilder.java:521)
	at io.grpc.netty.NettyChannelBuilder$NettyTransportFactory$DefaultNettyTransportCreationParamsFilterFactory.<init>(NettyChannelBuilder.java:514)
	at io.grpc.netty.NettyChannelBuilder$NettyTransportFactory.<init>(NettyChannelBuilder.java:453)
	at io.grpc.netty.NettyChannelBuilder.buildTransportFactory(NettyChannelBuilder.java:312)
	at io.grpc.internal.AbstractManagedChannelImplBuilder.build(AbstractManagedChannelImplBuilder.java:324)
	at com.google.api.gax.grpc.InstantiatingGrpcChannelProvider.createChannel(InstantiatingGrpcChannelProvider.java:165)
	at com.google.api.gax.grpc.InstantiatingGrpcChannelProvider.getTransportChannel(InstantiatingGrpcChannelProvider.java:130)
	at com.google.cloud.pubsub.v1.Publisher.<init>(Publisher.java:149)
	at com.google.cloud.pubsub.v1.Publisher.<init>(Publisher.java:85)
	at com.google.cloud.pubsub.v1.Publisher$Builder.build(Publisher.java:661)
	at org.springframework.cloud.gcp.pubsub.support.DefaultPublisherFactory.lambda$createPublisher$0(DefaultPublisherFactory.java:139)
	at java.util.concurrent.ConcurrentHashMap.computeIfAbsent(ConcurrentHashMap.java:1660)
	at org.springframework.cloud.gcp.pubsub.support.DefaultPublisherFactory.createPublisher(DefaultPublisherFactory.java:114)
	at org.springframework.cloud.gcp.pubsub.support.DefaultPublisherFactoryTests.testGetPublisher(DefaultPublisherFactoryTests.java:41)
	at sun.reflect.NativeMethodAccessorImpl.invoke0(Native Method)
	at sun.reflect.NativeMethodAccessorImpl.invoke(NativeMethodAccessorImpl.java:62)
	at sun.reflect.DelegatingMethodAccessorImpl.invoke(DelegatingMethodAccessorImpl.java:43)
	at java.lang.reflect.Method.invoke(Method.java:498)
	at org.junit.runners.model.FrameworkMethod$1.runReflectiveCall(FrameworkMethod.java:50)
	at org.junit.internal.runners.model.ReflectiveCallable.run(ReflectiveCallable.java:12)
	at org.junit.runners.model.FrameworkMethod.invokeExplosively(FrameworkMethod.java:47)
	at org.junit.internal.runners.statements.InvokeMethod.evaluate(InvokeMethod.java:17)
	at org.junit.runners.ParentRunner.runLeaf(ParentRunner.java:325)
	at org.junit.runners.BlockJUnit4ClassRunner.runChild(BlockJUnit4ClassRunner.java:78)
	at org.junit.runners.BlockJUnit4ClassRunner.runChild(BlockJUnit4ClassRunner.java:57)
	at org.junit.runners.ParentRunner$3.run(ParentRunner.java:290)
	at org.junit.runners.ParentRunner$1.schedule(ParentRunner.java:71)
	at org.junit.runners.ParentRunner.runChildren(ParentRunner.java:288)
	at org.junit.runners.ParentRunner.access$000(ParentRunner.java:58)
	at org.junit.runners.ParentRunner$2.evaluate(ParentRunner.java:268)
	at org.junit.runners.ParentRunner.run(ParentRunner.java:363)
	at org.mockito.internal.runners.DefaultInternalRunner$1.run(DefaultInternalRunner.java:78)
	at org.mockito.internal.runners.DefaultInternalRunner.run(DefaultInternalRunner.java:84)
	at org.mockito.internal.runners.StrictRunner.run(StrictRunner.java:39)
	at org.mockito.junit.MockitoJUnitRunner.run(MockitoJUnitRunner.java:161)
	at org.apache.maven.surefire.junit4.JUnit4Provider.execute(JUnit4Provider.java:252)
	at org.apache.maven.surefire.junit4.JUnit4Provider.executeTestSet(JUnit4Provider.java:141)
	at org.apache.maven.surefire.junit4.JUnit4Provider.invoke(JUnit4Provider.java:112)
	at sun.reflect.NativeMethodAccessorImpl.invoke0(Native Method)
	at sun.reflect.NativeMethodAccessorImpl.invoke(NativeMethodAccessorImpl.java:62)
	at sun.reflect.DelegatingMethodAccessorImpl.invoke(DelegatingMethodAccessorImpl.java:43)
	at java.lang.reflect.Method.invoke(Method.java:498)
	at org.apache.maven.surefire.util.ReflectionUtils.invokeMethodWithArray(ReflectionUtils.java:189)
	at org.apache.maven.surefire.booter.ProviderFactory$ProviderProxy.invoke(ProviderFactory.java:165)
	at org.apache.maven.surefire.booter.ProviderFactory.invokeProvider(ProviderFactory.java:85)
	at org.apache.maven.surefire.booter.ForkedBooter.runSuitesInProcess(ForkedBooter.java:115)
	at org.apache.maven.surefire.booter.ForkedBooter.main(ForkedBooter.java:75)
18:05:22.360 [main] DEBUG io.netty.util.internal.NativeLibraryLoader - netty_tcnative_linux_x86_64 cannot be loaded from java.libary.path, now trying export to -Dio.netty.native.workdir: /tmp
java.lang.UnsatisfiedLinkError: no netty_tcnative_linux_x86_64 in java.library.path
	at java.lang.ClassLoader.loadLibrary(ClassLoader.java:1860)
	at java.lang.Runtime.loadLibrary0(Runtime.java:871)
	at java.lang.System.loadLibrary(System.java:1124)
	at io.netty.util.internal.NativeLibraryUtil.loadLibrary(NativeLibraryUtil.java:38)
	at io.netty.util.internal.NativeLibraryLoader.loadLibrary(NativeLibraryLoader.java:243)
	at io.netty.util.internal.NativeLibraryLoader.load(NativeLibraryLoader.java:124)
	at io.netty.util.internal.NativeLibraryLoader.loadFirstAvailable(NativeLibraryLoader.java:85)
	at io.netty.handler.ssl.OpenSsl.loadTcNative(OpenSsl.java:421)
	at io.netty.handler.ssl.OpenSsl.<clinit>(OpenSsl.java:89)
	at io.grpc.netty.GrpcSslContexts.defaultSslProvider(GrpcSslContexts.java:143)
	at io.grpc.netty.GrpcSslContexts.configure(GrpcSslContexts.java:124)
	at io.grpc.netty.GrpcSslContexts.forClient(GrpcSslContexts.java:94)
	at io.grpc.netty.NettyChannelBuilder$NettyTransportFactory$DefaultNettyTransportCreationParamsFilterFactory.<init>(NettyChannelBuilder.java:521)
	at io.grpc.netty.NettyChannelBuilder$NettyTransportFactory$DefaultNettyTransportCreationParamsFilterFactory.<init>(NettyChannelBuilder.java:514)
	at io.grpc.netty.NettyChannelBuilder$NettyTransportFactory.<init>(NettyChannelBuilder.java:453)
	at io.grpc.netty.NettyChannelBuilder.buildTransportFactory(NettyChannelBuilder.java:312)
	at io.grpc.internal.AbstractManagedChannelImplBuilder.build(AbstractManagedChannelImplBuilder.java:324)
	at com.google.api.gax.grpc.InstantiatingGrpcChannelProvider.createChannel(InstantiatingGrpcChannelProvider.java:165)
	at com.google.api.gax.grpc.InstantiatingGrpcChannelProvider.getTransportChannel(InstantiatingGrpcChannelProvider.java:130)
	at com.google.cloud.pubsub.v1.Publisher.<init>(Publisher.java:149)
	at com.google.cloud.pubsub.v1.Publisher.<init>(Publisher.java:85)
	at com.google.cloud.pubsub.v1.Publisher$Builder.build(Publisher.java:661)
	at org.springframework.cloud.gcp.pubsub.support.DefaultPublisherFactory.lambda$createPublisher$0(DefaultPublisherFactory.java:139)
	at java.util.concurrent.ConcurrentHashMap.computeIfAbsent(ConcurrentHashMap.java:1660)
	at org.springframework.cloud.gcp.pubsub.support.DefaultPublisherFactory.createPublisher(DefaultPublisherFactory.java:114)
	at org.springframework.cloud.gcp.pubsub.support.DefaultPublisherFactoryTests.testGetPublisher(DefaultPublisherFactoryTests.java:41)
	at sun.reflect.NativeMethodAccessorImpl.invoke0(Native Method)
	at sun.reflect.NativeMethodAccessorImpl.invoke(NativeMethodAccessorImpl.java:62)
	at sun.reflect.DelegatingMethodAccessorImpl.invoke(DelegatingMethodAccessorImpl.java:43)
	at java.lang.reflect.Method.invoke(Method.java:498)
	at org.junit.runners.model.FrameworkMethod$1.runReflectiveCall(FrameworkMethod.java:50)
	at org.junit.internal.runners.model.ReflectiveCallable.run(ReflectiveCallable.java:12)
	at org.junit.runners.model.FrameworkMethod.invokeExplosively(FrameworkMethod.java:47)
	at org.junit.internal.runners.statements.InvokeMethod.evaluate(InvokeMethod.java:17)
	at org.junit.runners.ParentRunner.runLeaf(ParentRunner.java:325)
	at org.junit.runners.BlockJUnit4ClassRunner.runChild(BlockJUnit4ClassRunner.java:78)
	at org.junit.runners.BlockJUnit4ClassRunner.runChild(BlockJUnit4ClassRunner.java:57)
	at org.junit.runners.ParentRunner$3.run(ParentRunner.java:290)
	at org.junit.runners.ParentRunner$1.schedule(ParentRunner.java:71)
	at org.junit.runners.ParentRunner.runChildren(ParentRunner.java:288)
	at org.junit.runners.ParentRunner.access$000(ParentRunner.java:58)
	at org.junit.runners.ParentRunner$2.evaluate(ParentRunner.java:268)
	at org.junit.runners.ParentRunner.run(ParentRunner.java:363)
	at org.mockito.internal.runners.DefaultInternalRunner$1.run(DefaultInternalRunner.java:78)
	at org.mockito.internal.runners.DefaultInternalRunner.run(DefaultInternalRunner.java:84)
	at org.mockito.internal.runners.StrictRunner.run(StrictRunner.java:39)
	at org.mockito.junit.MockitoJUnitRunner.run(MockitoJUnitRunner.java:161)
	at org.apache.maven.surefire.junit4.JUnit4Provider.execute(JUnit4Provider.java:252)
	at org.apache.maven.surefire.junit4.JUnit4Provider.executeTestSet(JUnit4Provider.java:141)
	at org.apache.maven.surefire.junit4.JUnit4Provider.invoke(JUnit4Provider.java:112)
	at sun.reflect.NativeMethodAccessorImpl.invoke0(Native Method)
	at sun.reflect.NativeMethodAccessorImpl.invoke(NativeMethodAccessorImpl.java:62)
	at sun.reflect.DelegatingMethodAccessorImpl.invoke(DelegatingMethodAccessorImpl.java:43)
	at java.lang.reflect.Method.invoke(Method.java:498)
	at org.apache.maven.surefire.util.ReflectionUtils.invokeMethodWithArray(ReflectionUtils.java:189)
	at org.apache.maven.surefire.booter.ProviderFactory$ProviderProxy.invoke(ProviderFactory.java:165)
	at org.apache.maven.surefire.booter.ProviderFactory.invokeProvider(ProviderFactory.java:85)
	at org.apache.maven.surefire.booter.ForkedBooter.runSuitesInProcess(ForkedBooter.java:115)
	at org.apache.maven.surefire.booter.ForkedBooter.main(ForkedBooter.java:75)
	Suppressed: java.lang.UnsatisfiedLinkError: no netty_tcnative_linux_x86_64 in java.library.path
		at java.lang.ClassLoader.loadLibrary(ClassLoader.java:1860)
		at java.lang.Runtime.loadLibrary0(Runtime.java:871)
		at java.lang.System.loadLibrary(System.java:1124)
		at io.netty.util.internal.NativeLibraryUtil.loadLibrary(NativeLibraryUtil.java:38)
		at sun.reflect.NativeMethodAccessorImpl.invoke0(Native Method)
		at sun.reflect.NativeMethodAccessorImpl.invoke(NativeMethodAccessorImpl.java:62)
		at sun.reflect.DelegatingMethodAccessorImpl.invoke(DelegatingMethodAccessorImpl.java:43)
		at java.lang.reflect.Method.invoke(Method.java:498)
		at io.netty.util.internal.NativeLibraryLoader$1.run(NativeLibraryLoader.java:263)
		at java.security.AccessController.doPrivileged(Native Method)
		at io.netty.util.internal.NativeLibraryLoader.loadLibraryByHelper(NativeLibraryLoader.java:255)
		at io.netty.util.internal.NativeLibraryLoader.loadLibrary(NativeLibraryLoader.java:233)
		... 54 common frames omitted
18:05:22.386 [main] DEBUG io.netty.util.internal.NativeLibraryLoader - Successfully loaded the library /tmp/libnetty_tcnative_linux_x86_643784801883973042980.so
18:05:22.386 [main] DEBUG io.netty.handler.ssl.OpenSsl - netty-tcnative using native library: BoringSSL
18:05:22.552 [main] DEBUG io.netty.util.ResourceLeakDetector - -Dio.netty.leakDetection.level: simple
18:05:22.552 [main] DEBUG io.netty.util.ResourceLeakDetector - -Dio.netty.leakDetection.targetRecords: 4
18:05:22.562 [main] DEBUG io.netty.buffer.AbstractByteBuf - -Dio.netty.buffer.bytebuf.checkAccessible: true
18:05:22.563 [main] DEBUG io.netty.util.ResourceLeakDetectorFactory - Loaded default ResourceLeakDetector: io.netty.util.ResourceLeakDetector@77659b30
18:05:22.573 [main] DEBUG io.netty.util.internal.InternalThreadLocalMap - -Dio.netty.threadLocalMap.stringBuilder.initialSize: 1024
18:05:22.574 [main] DEBUG io.netty.util.internal.InternalThreadLocalMap - -Dio.netty.threadLocalMap.stringBuilder.maxSize: 4096
18:05:22.576 [main] DEBUG io.netty.buffer.PooledByteBufAllocator - -Dio.netty.allocator.numHeapArenas: 5
18:05:22.576 [main] DEBUG io.netty.buffer.PooledByteBufAllocator - -Dio.netty.allocator.numDirectArenas: 5
18:05:22.576 [main] DEBUG io.netty.buffer.PooledByteBufAllocator - -Dio.netty.allocator.pageSize: 8192
18:05:22.576 [main] DEBUG io.netty.buffer.PooledByteBufAllocator - -Dio.netty.allocator.maxOrder: 11
18:05:22.577 [main] DEBUG io.netty.buffer.PooledByteBufAllocator - -Dio.netty.allocator.chunkSize: 16777216
18:05:22.577 [main] DEBUG io.netty.buffer.PooledByteBufAllocator - -Dio.netty.allocator.tinyCacheSize: 512
18:05:22.577 [main] DEBUG io.netty.buffer.PooledByteBufAllocator - -Dio.netty.allocator.smallCacheSize: 256
18:05:22.577 [main] DEBUG io.netty.buffer.PooledByteBufAllocator - -Dio.netty.allocator.normalCacheSize: 64
18:05:22.577 [main] DEBUG io.netty.buffer.PooledByteBufAllocator - -Dio.netty.allocator.maxCachedBufferCapacity: 32768
18:05:22.577 [main] DEBUG io.netty.buffer.PooledByteBufAllocator - -Dio.netty.allocator.cacheTrimInterval: 8192
18:05:22.577 [main] DEBUG io.netty.buffer.PooledByteBufAllocator - -Dio.netty.allocator.useCacheForAllThreads: true
18:05:22.584 [main] DEBUG io.netty.buffer.ByteBufUtil - -Dio.netty.allocator.type: pooled
18:05:22.584 [main] DEBUG io.netty.buffer.ByteBufUtil - -Dio.netty.threadLocalDirectBufferSize: 65536
18:05:22.584 [main] DEBUG io.netty.buffer.ByteBufUtil - -Dio.netty.maxThreadLocalCharBufferSize: 16384
18:05:22.621 [main] DEBUG io.netty.util.ResourceLeakDetectorFactory - Loaded default ResourceLeakDetector: io.netty.util.ResourceLeakDetector@14a50707
18:05:22.629 [main] DEBUG io.netty.util.Recycler - -Dio.netty.recycler.maxCapacityPerThread: 32768
18:05:22.629 [main] DEBUG io.netty.util.Recycler - -Dio.netty.recycler.maxSharedCapacityFactor: 2
18:05:22.629 [main] DEBUG io.netty.util.Recycler - -Dio.netty.recycler.linkCapacity: 16
18:05:22.629 [main] DEBUG io.netty.util.Recycler - -Dio.netty.recycler.ratio: 8
18:05:22.645 [main] DEBUG io.netty.handler.ssl.CipherSuiteConverter - Cipher suite mapping: TLS_ECDHE_ECDSA_WITH_AES_128_GCM_SHA256 => ECDHE-ECDSA-AES128-GCM-SHA256
18:05:22.645 [main] DEBUG io.netty.handler.ssl.CipherSuiteConverter - Cipher suite mapping: SSL_ECDHE_ECDSA_WITH_AES_128_GCM_SHA256 => ECDHE-ECDSA-AES128-GCM-SHA256
18:05:22.645 [main] DEBUG io.netty.handler.ssl.CipherSuiteConverter - Cipher suite mapping: TLS_ECDHE_RSA_WITH_AES_128_GCM_SHA256 => ECDHE-RSA-AES128-GCM-SHA256
18:05:22.645 [main] DEBUG io.netty.handler.ssl.CipherSuiteConverter - Cipher suite mapping: SSL_ECDHE_RSA_WITH_AES_128_GCM_SHA256 => ECDHE-RSA-AES128-GCM-SHA256
18:05:22.645 [main] DEBUG io.netty.handler.ssl.CipherSuiteConverter - Cipher suite mapping: TLS_ECDHE_ECDSA_WITH_AES_256_GCM_SHA384 => ECDHE-ECDSA-AES256-GCM-SHA384
18:05:22.645 [main] DEBUG io.netty.handler.ssl.CipherSuiteConverter - Cipher suite mapping: SSL_ECDHE_ECDSA_WITH_AES_256_GCM_SHA384 => ECDHE-ECDSA-AES256-GCM-SHA384
18:05:22.645 [main] DEBUG io.netty.handler.ssl.CipherSuiteConverter - Cipher suite mapping: TLS_ECDHE_RSA_WITH_AES_256_GCM_SHA384 => ECDHE-RSA-AES256-GCM-SHA384
18:05:22.645 [main] DEBUG io.netty.handler.ssl.CipherSuiteConverter - Cipher suite mapping: SSL_ECDHE_RSA_WITH_AES_256_GCM_SHA384 => ECDHE-RSA-AES256-GCM-SHA384
18:05:22.646 [main] DEBUG io.netty.handler.ssl.CipherSuiteConverter - Cipher suite mapping: TLS_ECDHE_ECDSA_WITH_CHACHA20_POLY1305_SHA256 => ECDHE-ECDSA-CHACHA20-POLY1305
18:05:22.646 [main] DEBUG io.netty.handler.ssl.CipherSuiteConverter - Cipher suite mapping: SSL_ECDHE_ECDSA_WITH_CHACHA20_POLY1305_SHA256 => ECDHE-ECDSA-CHACHA20-POLY1305
18:05:22.646 [main] DEBUG io.netty.handler.ssl.CipherSuiteConverter - Cipher suite mapping: TLS_ECDHE_RSA_WITH_CHACHA20_POLY1305_SHA256 => ECDHE-RSA-CHACHA20-POLY1305
18:05:22.646 [main] DEBUG io.netty.handler.ssl.CipherSuiteConverter - Cipher suite mapping: SSL_ECDHE_RSA_WITH_CHACHA20_POLY1305_SHA256 => ECDHE-RSA-CHACHA20-POLY1305
18:05:22.646 [main] DEBUG io.netty.handler.ssl.CipherSuiteConverter - Cipher suite mapping: TLS_ECDHE_PSK_WITH_CHACHA20_POLY1305_SHA256 => ECDHE-PSK-CHACHA20-POLY1305
18:05:22.646 [main] DEBUG io.netty.handler.ssl.CipherSuiteConverter - Cipher suite mapping: SSL_ECDHE_PSK_WITH_CHACHA20_POLY1305_SHA256 => ECDHE-PSK-CHACHA20-POLY1305
18:05:22.646 [main] DEBUG io.netty.handler.ssl.CipherSuiteConverter - Cipher suite mapping: TLS_ECDHE_ECDSA_WITH_AES_128_CBC_SHA => ECDHE-ECDSA-AES128-SHA
18:05:22.646 [main] DEBUG io.netty.handler.ssl.CipherSuiteConverter - Cipher suite mapping: SSL_ECDHE_ECDSA_WITH_AES_128_CBC_SHA => ECDHE-ECDSA-AES128-SHA
18:05:22.646 [main] DEBUG io.netty.handler.ssl.CipherSuiteConverter - Cipher suite mapping: TLS_ECDHE_ECDSA_WITH_AES_128_CBC_SHA256 => ECDHE-ECDSA-AES128-SHA256
18:05:22.646 [main] DEBUG io.netty.handler.ssl.CipherSuiteConverter - Cipher suite mapping: SSL_ECDHE_ECDSA_WITH_AES_128_CBC_SHA256 => ECDHE-ECDSA-AES128-SHA256
18:05:22.646 [main] DEBUG io.netty.handler.ssl.CipherSuiteConverter - Cipher suite mapping: TLS_ECDHE_RSA_WITH_AES_128_CBC_SHA => ECDHE-RSA-AES128-SHA
18:05:22.647 [main] DEBUG io.netty.handler.ssl.CipherSuiteConverter - Cipher suite mapping: SSL_ECDHE_RSA_WITH_AES_128_CBC_SHA => ECDHE-RSA-AES128-SHA
18:05:22.647 [main] DEBUG io.netty.handler.ssl.CipherSuiteConverter - Cipher suite mapping: TLS_ECDHE_RSA_WITH_AES_128_CBC_SHA256 => ECDHE-RSA-AES128-SHA256
18:05:22.647 [main] DEBUG io.netty.handler.ssl.CipherSuiteConverter - Cipher suite mapping: SSL_ECDHE_RSA_WITH_AES_128_CBC_SHA256 => ECDHE-RSA-AES128-SHA256
18:05:22.647 [main] DEBUG io.netty.handler.ssl.CipherSuiteConverter - Cipher suite mapping: TLS_ECDHE_PSK_WITH_AES_128_CBC_SHA => ECDHE-PSK-AES128-CBC-SHA
18:05:22.647 [main] DEBUG io.netty.handler.ssl.CipherSuiteConverter - Cipher suite mapping: SSL_ECDHE_PSK_WITH_AES_128_CBC_SHA => ECDHE-PSK-AES128-CBC-SHA
18:05:22.647 [main] DEBUG io.netty.handler.ssl.CipherSuiteConverter - Cipher suite mapping: TLS_ECDHE_ECDSA_WITH_AES_256_CBC_SHA => ECDHE-ECDSA-AES256-SHA
18:05:22.647 [main] DEBUG io.netty.handler.ssl.CipherSuiteConverter - Cipher suite mapping: SSL_ECDHE_ECDSA_WITH_AES_256_CBC_SHA => ECDHE-ECDSA-AES256-SHA
18:05:22.647 [main] DEBUG io.netty.handler.ssl.CipherSuiteConverter - Cipher suite mapping: TLS_ECDHE_ECDSA_WITH_AES_256_CBC_SHA384 => ECDHE-ECDSA-AES256-SHA384
18:05:22.647 [main] DEBUG io.netty.handler.ssl.CipherSuiteConverter - Cipher suite mapping: SSL_ECDHE_ECDSA_WITH_AES_256_CBC_SHA384 => ECDHE-ECDSA-AES256-SHA384
18:05:22.647 [main] DEBUG io.netty.handler.ssl.CipherSuiteConverter - Cipher suite mapping: TLS_ECDHE_RSA_WITH_AES_256_CBC_SHA => ECDHE-RSA-AES256-SHA
18:05:22.647 [main] DEBUG io.netty.handler.ssl.CipherSuiteConverter - Cipher suite mapping: SSL_ECDHE_RSA_WITH_AES_256_CBC_SHA => ECDHE-RSA-AES256-SHA
18:05:22.648 [main] DEBUG io.netty.handler.ssl.CipherSuiteConverter - Cipher suite mapping: TLS_ECDHE_RSA_WITH_AES_256_CBC_SHA384 => ECDHE-RSA-AES256-SHA384
18:05:22.648 [main] DEBUG io.netty.handler.ssl.CipherSuiteConverter - Cipher suite mapping: SSL_ECDHE_RSA_WITH_AES_256_CBC_SHA384 => ECDHE-RSA-AES256-SHA384
18:05:22.648 [main] DEBUG io.netty.handler.ssl.CipherSuiteConverter - Cipher suite mapping: TLS_ECDHE_PSK_WITH_AES_256_CBC_SHA => ECDHE-PSK-AES256-CBC-SHA
18:05:22.648 [main] DEBUG io.netty.handler.ssl.CipherSuiteConverter - Cipher suite mapping: SSL_ECDHE_PSK_WITH_AES_256_CBC_SHA => ECDHE-PSK-AES256-CBC-SHA
18:05:22.648 [main] DEBUG io.netty.handler.ssl.CipherSuiteConverter - Cipher suite mapping: TLS_RSA_WITH_AES_128_GCM_SHA256 => AES128-GCM-SHA256
18:05:22.648 [main] DEBUG io.netty.handler.ssl.CipherSuiteConverter - Cipher suite mapping: SSL_RSA_WITH_AES_128_GCM_SHA256 => AES128-GCM-SHA256
18:05:22.648 [main] DEBUG io.netty.handler.ssl.CipherSuiteConverter - Cipher suite mapping: TLS_RSA_WITH_AES_256_GCM_SHA384 => AES256-GCM-SHA384
18:05:22.648 [main] DEBUG io.netty.handler.ssl.CipherSuiteConverter - Cipher suite mapping: SSL_RSA_WITH_AES_256_GCM_SHA384 => AES256-GCM-SHA384
18:05:22.648 [main] DEBUG io.netty.handler.ssl.CipherSuiteConverter - Cipher suite mapping: TLS_RSA_WITH_AES_128_CBC_SHA => AES128-SHA
18:05:22.648 [main] DEBUG io.netty.handler.ssl.CipherSuiteConverter - Cipher suite mapping: SSL_RSA_WITH_AES_128_CBC_SHA => AES128-SHA
18:05:22.649 [main] DEBUG io.netty.handler.ssl.CipherSuiteConverter - Cipher suite mapping: TLS_RSA_WITH_AES_128_CBC_SHA256 => AES128-SHA256
18:05:22.649 [main] DEBUG io.netty.handler.ssl.CipherSuiteConverter - Cipher suite mapping: SSL_RSA_WITH_AES_128_CBC_SHA256 => AES128-SHA256
18:05:22.649 [main] DEBUG io.netty.handler.ssl.CipherSuiteConverter - Cipher suite mapping: TLS_PSK_WITH_AES_128_CBC_SHA => PSK-AES128-CBC-SHA
18:05:22.649 [main] DEBUG io.netty.handler.ssl.CipherSuiteConverter - Cipher suite mapping: SSL_PSK_WITH_AES_128_CBC_SHA => PSK-AES128-CBC-SHA
18:05:22.649 [main] DEBUG io.netty.handler.ssl.CipherSuiteConverter - Cipher suite mapping: TLS_RSA_WITH_AES_256_CBC_SHA => AES256-SHA
18:05:22.649 [main] DEBUG io.netty.handler.ssl.CipherSuiteConverter - Cipher suite mapping: SSL_RSA_WITH_AES_256_CBC_SHA => AES256-SHA
18:05:22.649 [main] DEBUG io.netty.handler.ssl.CipherSuiteConverter - Cipher suite mapping: TLS_RSA_WITH_AES_256_CBC_SHA256 => AES256-SHA256
18:05:22.649 [main] DEBUG io.netty.handler.ssl.CipherSuiteConverter - Cipher suite mapping: SSL_RSA_WITH_AES_256_CBC_SHA256 => AES256-SHA256
18:05:22.649 [main] DEBUG io.netty.handler.ssl.CipherSuiteConverter - Cipher suite mapping: TLS_PSK_WITH_AES_256_CBC_SHA => PSK-AES256-CBC-SHA
18:05:22.649 [main] DEBUG io.netty.handler.ssl.CipherSuiteConverter - Cipher suite mapping: SSL_PSK_WITH_AES_256_CBC_SHA => PSK-AES256-CBC-SHA
18:05:22.649 [main] DEBUG io.netty.handler.ssl.CipherSuiteConverter - Cipher suite mapping: TLS_RSA_WITH_3DES_EDE_CBC_SHA => DES-CBC3-SHA
18:05:22.649 [main] DEBUG io.netty.handler.ssl.CipherSuiteConverter - Cipher suite mapping: SSL_RSA_WITH_3DES_EDE_CBC_SHA => DES-CBC3-SHA
18:05:22.650 [main] DEBUG io.netty.handler.ssl.OpenSsl - Supported protocols (OpenSSL): [[SSLv2Hello, TLSv1, TLSv1.1, TLSv1.2]] 
18:05:22.650 [main] DEBUG io.netty.handler.ssl.OpenSsl - Default cipher suites (OpenSSL): [TLS_ECDHE_ECDSA_WITH_AES_128_GCM_SHA256, TLS_ECDHE_RSA_WITH_AES_128_GCM_SHA256, TLS_ECDHE_ECDSA_WITH_AES_256_GCM_SHA384, TLS_ECDHE_RSA_WITH_AES_256_GCM_SHA384, TLS_ECDHE_ECDSA_WITH_CHACHA20_POLY1305_SHA256, TLS_ECDHE_RSA_WITH_CHACHA20_POLY1305_SHA256, TLS_ECDHE_PSK_WITH_CHACHA20_POLY1305_SHA256, TLS_ECDHE_ECDSA_WITH_AES_128_CBC_SHA, TLS_ECDHE_ECDSA_WITH_AES_128_CBC_SHA256, TLS_ECDHE_RSA_WITH_AES_128_CBC_SHA, TLS_ECDHE_RSA_WITH_AES_128_CBC_SHA256, TLS_ECDHE_PSK_WITH_AES_128_CBC_SHA, TLS_ECDHE_ECDSA_WITH_AES_256_CBC_SHA, TLS_ECDHE_ECDSA_WITH_AES_256_CBC_SHA384, TLS_ECDHE_RSA_WITH_AES_256_CBC_SHA, TLS_ECDHE_RSA_WITH_AES_256_CBC_SHA384, TLS_ECDHE_PSK_WITH_AES_256_CBC_SHA, TLS_RSA_WITH_AES_128_GCM_SHA256, TLS_RSA_WITH_AES_256_GCM_SHA384, TLS_RSA_WITH_AES_128_CBC_SHA, TLS_RSA_WITH_AES_128_CBC_SHA256, TLS_PSK_WITH_AES_128_CBC_SHA, TLS_RSA_WITH_AES_256_CBC_SHA, TLS_RSA_WITH_AES_256_CBC_SHA256, TLS_PSK_WITH_AES_256_CBC_SHA, TLS_RSA_WITH_3DES_EDE_CBC_SHA, TLS_ECDHE_ECDSA_WITH_AES_256_GCM_SHA384, TLS_ECDHE_ECDSA_WITH_AES_128_GCM_SHA256, TLS_ECDHE_RSA_WITH_AES_128_GCM_SHA256, TLS_ECDHE_RSA_WITH_AES_128_CBC_SHA, TLS_ECDHE_RSA_WITH_AES_256_CBC_SHA, TLS_RSA_WITH_AES_128_GCM_SHA256, TLS_RSA_WITH_AES_128_CBC_SHA, TLS_RSA_WITH_AES_256_CBC_SHA]
18:05:22.744 [main] DEBUG io.netty.channel.MultithreadEventLoopGroup - -Dio.netty.eventLoopThreads: 80
18:05:22.762 [main] DEBUG io.netty.channel.nio.NioEventLoop - -Dio.netty.noKeySetOptimization: false
18:05:22.762 [main] DEBUG io.netty.channel.nio.NioEventLoop - -Dio.netty.selectorAutoRebuildThreshold: 512
18:05:22.770 [main] DEBUG io.netty.util.internal.PlatformDependent - org.jctools-core.MpscChunkedArrayQueue: available
Tests run: 3, Failures: 0, Errors: 0, Skipped: 0, Time elapsed: 1.24 sec
Running org.springframework.cloud.gcp.pubsub.support.DefaultSubscriberFactoryTests
Tests run: 3, Failures: 0, Errors: 0, Skipped: 0, Time elapsed: 0.02 sec
Running org.springframework.cloud.gcp.pubsub.core.PubSubTemplateTests
Tests run: 6, Failures: 0, Errors: 0, Skipped: 0, Time elapsed: 0.394 sec
Running org.springframework.cloud.gcp.pubsub.PubSubAdminTests
Tests run: 3, Failures: 0, Errors: 0, Skipped: 0, Time elapsed: 0.09 sec

Results :

Tests run: 15, Failures: 0, Errors: 0, Skipped: 0

[INFO] 
[INFO] ---------< org.springframework.cloud:spring-cloud-gcp-storage >---------
[INFO] Building Spring Cloud GCP Storage Module 1.0.0.BUILD-SNAPSHOT     [5/34]
[INFO] --------------------------------[ jar ]---------------------------------
[INFO] 
[INFO] --- maven-checkstyle-plugin:2.17:check (validate) @ spring-cloud-gcp-storage ---
[INFO] 
[INFO] --- maven-checkstyle-plugin:2.17:check (checkstyle-validation) @ spring-cloud-gcp-storage ---
[INFO] 
[INFO] --- maven-resources-plugin:2.6:resources (default-resources) @ spring-cloud-gcp-storage ---
[INFO] Using 'UTF-8' encoding to copy filtered resources.
[INFO] skip non existing resourceDirectory /home/user/Workspace/reproducibility/Reproducibility-Scanner/reproducer/workspace/Bears-180/spring-cloud-gcp-storage/src/main/resources
[INFO] skip non existing resourceDirectory /home/user/Workspace/reproducibility/Reproducibility-Scanner/reproducer/workspace/Bears-180/spring-cloud-gcp-storage/src/main/resources
[INFO] 
[INFO] --- maven-compiler-plugin:3.1:compile (default-compile) @ spring-cloud-gcp-storage ---
[INFO] Nothing to compile - all classes are up to date
[INFO] 
[INFO] --- maven-resources-plugin:2.6:testResources (default-testResources) @ spring-cloud-gcp-storage ---
[INFO] Using 'UTF-8' encoding to copy filtered resources.
[INFO] skip non existing resourceDirectory /home/user/Workspace/reproducibility/Reproducibility-Scanner/reproducer/workspace/Bears-180/spring-cloud-gcp-storage/src/test/resources
[INFO] 
[INFO] --- maven-compiler-plugin:3.1:testCompile (default-testCompile) @ spring-cloud-gcp-storage ---
[INFO] Nothing to compile - all classes are up to date
[INFO] 
[INFO] --- maven-surefire-plugin:2.12.4:test (default-test) @ spring-cloud-gcp-storage ---
[INFO] Surefire report directory: /home/user/Workspace/reproducibility/Reproducibility-Scanner/reproducer/workspace/Bears-180/spring-cloud-gcp-storage/target/surefire-reports

-------------------------------------------------------
 T E S T S
-------------------------------------------------------
Running org.springframework.cloud.gcp.storage.GoogleStorageTests
18:05:24.072 [main] DEBUG org.springframework.test.context.junit4.SpringJUnit4ClassRunner - SpringJUnit4ClassRunner constructor called with [class org.springframework.cloud.gcp.storage.GoogleStorageTests]
18:05:24.078 [main] DEBUG org.springframework.test.context.BootstrapUtils - Instantiating CacheAwareContextLoaderDelegate from class [org.springframework.test.context.cache.DefaultCacheAwareContextLoaderDelegate]
18:05:24.085 [main] DEBUG org.springframework.test.context.BootstrapUtils - Instantiating BootstrapContext using constructor [public org.springframework.test.context.support.DefaultBootstrapContext(java.lang.Class,org.springframework.test.context.CacheAwareContextLoaderDelegate)]
18:05:24.101 [main] DEBUG org.springframework.test.context.BootstrapUtils - Instantiating TestContextBootstrapper for test class [org.springframework.cloud.gcp.storage.GoogleStorageTests] from class [org.springframework.boot.test.context.SpringBootTestContextBootstrapper]
18:05:24.111 [main] INFO org.springframework.boot.test.context.SpringBootTestContextBootstrapper - Neither @ContextConfiguration nor @ContextHierarchy found for test class [org.springframework.cloud.gcp.storage.GoogleStorageTests], using SpringBootContextLoader
18:05:24.114 [main] DEBUG org.springframework.test.context.support.AbstractContextLoader - Did not detect default resource location for test class [org.springframework.cloud.gcp.storage.GoogleStorageTests]: class path resource [org/springframework/cloud/gcp/storage/GoogleStorageTests-context.xml] does not exist
18:05:24.114 [main] DEBUG org.springframework.test.context.support.AbstractContextLoader - Did not detect default resource location for test class [org.springframework.cloud.gcp.storage.GoogleStorageTests]: class path resource [org/springframework/cloud/gcp/storage/GoogleStorageTestsContext.groovy] does not exist
18:05:24.114 [main] INFO org.springframework.test.context.support.AbstractContextLoader - Could not detect default resource locations for test class [org.springframework.cloud.gcp.storage.GoogleStorageTests]: no resource found for suffixes {-context.xml, Context.groovy}.
18:05:24.155 [main] DEBUG org.springframework.test.context.support.ActiveProfilesUtils - Could not find an 'annotation declaring class' for annotation type [org.springframework.test.context.ActiveProfiles] and class [org.springframework.cloud.gcp.storage.GoogleStorageTests]
18:05:24.306 [main] DEBUG org.springframework.boot.test.context.SpringBootTestContextBootstrapper - @TestExecutionListeners is not present for class [org.springframework.cloud.gcp.storage.GoogleStorageTests]: using defaults.
18:05:24.307 [main] INFO org.springframework.boot.test.context.SpringBootTestContextBootstrapper - Loaded default TestExecutionListener class names from location [META-INF/spring.factories]: [org.springframework.boot.test.mock.mockito.MockitoTestExecutionListener, org.springframework.boot.test.mock.mockito.ResetMocksTestExecutionListener, org.springframework.boot.test.autoconfigure.restdocs.RestDocsTestExecutionListener, org.springframework.boot.test.autoconfigure.web.client.MockRestServiceServerResetTestExecutionListener, org.springframework.boot.test.autoconfigure.web.servlet.MockMvcPrintOnlyOnFailureTestExecutionListener, org.springframework.boot.test.autoconfigure.web.servlet.WebDriverTestExecutionListener, org.springframework.test.context.web.ServletTestExecutionListener, org.springframework.test.context.support.DirtiesContextBeforeModesTestExecutionListener, org.springframework.test.context.support.DependencyInjectionTestExecutionListener, org.springframework.test.context.support.DirtiesContextTestExecutionListener, org.springframework.test.context.transaction.TransactionalTestExecutionListener, org.springframework.test.context.jdbc.SqlScriptsTestExecutionListener]
18:05:24.314 [main] INFO org.springframework.boot.test.context.SpringBootTestContextBootstrapper - Could not instantiate TestExecutionListener [org.springframework.test.context.web.ServletTestExecutionListener]. Specify custom listener classes or make the default listener classes (and their required dependencies) available. Offending class: [javax/servlet/ServletContext]
18:05:24.315 [main] INFO org.springframework.boot.test.context.SpringBootTestContextBootstrapper - Could not instantiate TestExecutionListener [org.springframework.test.context.jdbc.SqlScriptsTestExecutionListener]. Specify custom listener classes or make the default listener classes (and their required dependencies) available. Offending class: [org/springframework/transaction/interceptor/TransactionAttribute]
18:05:24.319 [main] INFO org.springframework.boot.test.context.SpringBootTestContextBootstrapper - Could not instantiate TestExecutionListener [org.springframework.test.context.transaction.TransactionalTestExecutionListener]. Specify custom listener classes or make the default listener classes (and their required dependencies) available. Offending class: [org/springframework/transaction/TransactionDefinition]
18:05:24.319 [main] INFO org.springframework.boot.test.context.SpringBootTestContextBootstrapper - Using TestExecutionListeners: [org.springframework.test.context.support.DirtiesContextBeforeModesTestExecutionListener@4fb0f2b9, org.springframework.boot.test.autoconfigure.SpringBootDependencyInjectionTestExecutionListener@79924b, org.springframework.test.context.support.DirtiesContextTestExecutionListener@7b9a4292, org.springframework.boot.test.mock.mockito.ResetMocksTestExecutionListener@4a94ee4, org.springframework.boot.test.autoconfigure.restdocs.RestDocsTestExecutionListener@4cc451f2, org.springframework.boot.test.autoconfigure.web.client.MockRestServiceServerResetTestExecutionListener@6379eb, org.springframework.boot.test.mock.mockito.MockitoTestExecutionListener@294425a7, org.springframework.boot.test.autoconfigure.web.servlet.WebDriverTestExecutionListener@67d48005, org.springframework.boot.test.autoconfigure.web.servlet.MockMvcPrintOnlyOnFailureTestExecutionListener@9f116cc]
18:05:24.321 [main] DEBUG org.springframework.test.annotation.ProfileValueUtils - Retrieved @ProfileValueSourceConfiguration [null] for test class [org.springframework.cloud.gcp.storage.GoogleStorageTests]
18:05:24.322 [main] DEBUG org.springframework.test.annotation.ProfileValueUtils - Retrieved ProfileValueSource type [class org.springframework.test.annotation.SystemProfileValueSource] for class [org.springframework.cloud.gcp.storage.GoogleStorageTests]
18:05:24.322 [main] DEBUG org.springframework.test.annotation.ProfileValueUtils - Retrieved @ProfileValueSourceConfiguration [null] for test class [org.springframework.cloud.gcp.storage.GoogleStorageTests]
18:05:24.322 [main] DEBUG org.springframework.test.annotation.ProfileValueUtils - Retrieved ProfileValueSource type [class org.springframework.test.annotation.SystemProfileValueSource] for class [org.springframework.cloud.gcp.storage.GoogleStorageTests]
18:05:24.328 [main] DEBUG org.springframework.test.context.support.AbstractDirtiesContextTestExecutionListener - Before test class: context [DefaultTestContext@1189dd52 testClass = GoogleStorageTests, testInstance = [null], testMethod = [null], testException = [null], mergedContextConfiguration = [MergedContextConfiguration@36bc55de testClass = GoogleStorageTests, locations = '{}', classes = '{class org.springframework.cloud.gcp.storage.GoogleStorageTests$StorageApplication}', contextInitializerClasses = '[]', activeProfiles = '{}', propertySourceLocations = '{}', propertySourceProperties = '{org.springframework.boot.test.context.SpringBootTestContextBootstrapper=true}', contextCustomizers = set[org.springframework.boot.test.context.SpringBootTestContextCustomizer@3ecd23d9, org.springframework.boot.test.context.filter.ExcludeFilterContextCustomizer@33723e30, org.springframework.boot.test.json.DuplicateJsonObjectContextCustomizerFactory$DuplicateJsonObjectContextCustomizer@7a30d1e6, org.springframework.boot.test.mock.mockito.MockitoContextCustomizer@0, org.springframework.boot.test.autoconfigure.properties.PropertyMappingContextCustomizer@0, org.springframework.boot.test.autoconfigure.web.servlet.WebDriverContextCustomizerFactory$Customizer@5c072e3f], contextLoader = 'org.springframework.boot.test.context.SpringBootContextLoader', parent = [null]], attributes = map[[empty]]], class annotated with @DirtiesContext [false] with mode [null].
18:05:24.328 [main] DEBUG org.springframework.test.annotation.ProfileValueUtils - Retrieved @ProfileValueSourceConfiguration [null] for test class [org.springframework.cloud.gcp.storage.GoogleStorageTests]
18:05:24.328 [main] DEBUG org.springframework.test.annotation.ProfileValueUtils - Retrieved ProfileValueSource type [class org.springframework.test.annotation.SystemProfileValueSource] for class [org.springframework.cloud.gcp.storage.GoogleStorageTests]
18:05:24.329 [main] DEBUG org.springframework.test.context.support.DependencyInjectionTestExecutionListener - Performing dependency injection for test context [[DefaultTestContext@1189dd52 testClass = GoogleStorageTests, testInstance = org.springframework.cloud.gcp.storage.GoogleStorageTests@436813f3, testMethod = [null], testException = [null], mergedContextConfiguration = [MergedContextConfiguration@36bc55de testClass = GoogleStorageTests, locations = '{}', classes = '{class org.springframework.cloud.gcp.storage.GoogleStorageTests$StorageApplication}', contextInitializerClasses = '[]', activeProfiles = '{}', propertySourceLocations = '{}', propertySourceProperties = '{org.springframework.boot.test.context.SpringBootTestContextBootstrapper=true}', contextCustomizers = set[org.springframework.boot.test.context.SpringBootTestContextCustomizer@3ecd23d9, org.springframework.boot.test.context.filter.ExcludeFilterContextCustomizer@33723e30, org.springframework.boot.test.json.DuplicateJsonObjectContextCustomizerFactory$DuplicateJsonObjectContextCustomizer@7a30d1e6, org.springframework.boot.test.mock.mockito.MockitoContextCustomizer@0, org.springframework.boot.test.autoconfigure.properties.PropertyMappingContextCustomizer@0, org.springframework.boot.test.autoconfigure.web.servlet.WebDriverContextCustomizerFactory$Customizer@5c072e3f], contextLoader = 'org.springframework.boot.test.context.SpringBootContextLoader', parent = [null]], attributes = map[[empty]]]].
18:05:24.353 [main] DEBUG org.springframework.core.env.StandardEnvironment - Adding PropertySource 'systemProperties' with lowest search precedence
18:05:24.353 [main] DEBUG org.springframework.core.env.StandardEnvironment - Adding PropertySource 'systemEnvironment' with lowest search precedence
18:05:24.354 [main] DEBUG org.springframework.core.env.StandardEnvironment - Initialized StandardEnvironment with PropertySources [MapPropertySource@1735507635 {name='systemProperties', properties={java.runtime.name=OpenJDK Runtime Environment, sun.boot.library.path=/usr/lib/jvm/java-8-openjdk-amd64/jre/lib/amd64, java.vm.version=25.312-b07, java.vm.vendor=Private Build, java.vendor.url=http://java.oracle.com/, skip.gulp=true, path.separator=:, java.vm.name=OpenJDK 64-Bit Server VM, file.encoding.pkg=sun.io, findbugs.skip=true, user.country=US, sun.java.launcher=SUN_STANDARD, sun.os.patch.level=unknown, java.vm.specification.name=Java Virtual Machine Specification, user.dir=/home/user/Workspace/reproducibility/Reproducibility-Scanner/reproducer/workspace/Bears-180/spring-cloud-gcp-storage, checkstyle.skip=true, java.runtime.version=1.8.0_312-8u312-b07-0ubuntu1~20.04-b07, skip.npm=true, basedir=/home/user/Workspace/reproducibility/Reproducibility-Scanner/reproducer/workspace/Bears-180/spring-cloud-gcp-storage, java.awt.graphicsenv=sun.awt.X11GraphicsEnvironment, java.endorsed.dirs=/usr/lib/jvm/java-8-openjdk-amd64/jre/lib/endorsed, os.arch=amd64, surefire.real.class.path=/home/user/Workspace/reproducibility/Reproducibility-Scanner/reproducer/workspace/Bears-180/spring-cloud-gcp-storage/target/surefire/surefirebooter5477773742229300995.jar, gpg.skip=true, java.io.tmpdir=/tmp, line.separator=
, cobertura.skip=true, java.vm.specification.vendor=Oracle Corporation, os.name=Linux, sun.jnu.encoding=UTF-8, license.skip=true, java.library.path=/usr/java/packages/lib/amd64:/usr/lib/x86_64-linux-gnu/jni:/lib/x86_64-linux-gnu:/usr/lib/x86_64-linux-gnu:/usr/lib/jni:/lib:/usr/lib, surefire.test.class.path=/home/user/Workspace/reproducibility/Reproducibility-Scanner/reproducer/workspace/Bears-180/spring-cloud-gcp-storage/target/test-classes:/home/user/Workspace/reproducibility/Reproducibility-Scanner/reproducer/workspace/Bears-180/spring-cloud-gcp-storage/target/classes:/home/user/.m2/repository/org/springframework/spring-context/5.0.2.RELEASE/spring-context-5.0.2.RELEASE.jar:/home/user/.m2/repository/org/springframework/spring-aop/5.0.2.RELEASE/spring-aop-5.0.2.RELEASE.jar:/home/user/.m2/repository/org/springframework/spring-beans/5.0.2.RELEASE/spring-beans-5.0.2.RELEASE.jar:/home/user/.m2/repository/org/springframework/spring-core/5.0.2.RELEASE/spring-core-5.0.2.RELEASE.jar:/home/user/.m2/repository/org/springframework/spring-jcl/5.0.2.RELEASE/spring-jcl-5.0.2.RELEASE.jar:/home/user/.m2/repository/org/springframework/spring-expression/5.0.2.RELEASE/spring-expression-5.0.2.RELEASE.jar:/home/user/.m2/repository/commons-logging/commons-logging/1.2/commons-logging-1.2.jar:/home/user/.m2/repository/com/google/cloud/google-cloud-storage/1.14.0/google-cloud-storage-1.14.0.jar:/home/user/.m2/repository/com/google/cloud/google-cloud-core/1.14.0/google-cloud-core-1.14.0.jar:/home/user/.m2/repository/com/google/guava/guava/20.0/guava-20.0.jar:/home/user/.m2/repository/joda-time/joda-time/2.9.2/joda-time-2.9.2.jar:/home/user/.m2/repository/org/json/json/20160810/json-20160810.jar:/home/user/.m2/repository/com/google/http-client/google-http-client/1.23.0/google-http-client-1.23.0.jar:/home/user/.m2/repository/org/apache/httpcomponents/httpclient/4.5.3/httpclient-4.5.3.jar:/home/user/.m2/repository/org/apache/httpcomponents/httpcore/4.4.8/httpcore-4.4.8.jar:/home/user/.m2/repository/commons-codec/commons-codec/1.11/commons-codec-1.11.jar:/home/user/.m2/repository/com/google/code/findbugs/jsr305/3.0.0/jsr305-3.0.0.jar:/home/user/.m2/repository/com/google/api/api-common/1.2.0/api-common-1.2.0.jar:/home/user/.m2/repository/com/google/api/gax/1.15.0/gax-1.15.0.jar:/home/user/.m2/repository/com/google/auto/value/auto-value/1.2/auto-value-1.2.jar:/home/user/.m2/repository/org/threeten/threetenbp/1.3.3/threetenbp-1.3.3.jar:/home/user/.m2/repository/com/google/protobuf/protobuf-java-util/3.4.0/protobuf-java-util-3.4.0.jar:/home/user/.m2/repository/com/google/protobuf/protobuf-java/3.4.0/protobuf-java-3.4.0.jar:/home/user/.m2/repository/com/google/code/gson/gson/2.8.2/gson-2.8.2.jar:/home/user/.m2/repository/com/google/api/grpc/proto-google-common-protos/1.0.2/proto-google-common-protos-1.0.2.jar:/home/user/.m2/repository/com/google/api/grpc/proto-google-iam-v1/0.1.26/proto-google-iam-v1-0.1.26.jar:/home/user/.m2/repository/com/google/cloud/google-cloud-core-http/1.14.0/google-cloud-core-http-1.14.0.jar:/home/user/.m2/repository/com/google/auth/google-auth-library-credentials/0.9.0/google-auth-library-credentials-0.9.0.jar:/home/user/.m2/repository/com/google/auth/google-auth-library-oauth2-http/0.7.1/google-auth-library-oauth2-http-0.7.1.jar:/home/user/.m2/repository/com/google/oauth-client/google-oauth-client/1.23.0/google-oauth-client-1.23.0.jar:/home/user/.m2/repository/com/google/api-client/google-api-client/1.23.0/google-api-client-1.23.0.jar:/home/user/.m2/repository/com/google/http-client/google-http-client-appengine/1.23.0/google-http-client-appengine-1.23.0.jar:/home/user/.m2/repository/com/google/http-client/google-http-client-jackson/1.23.0/google-http-client-jackson-1.23.0.jar:/home/user/.m2/repository/org/codehaus/jackson/jackson-core-asl/1.9.11/jackson-core-asl-1.9.11.jar:/home/user/.m2/repository/com/google/http-client/google-http-client-jackson2/1.23.0/google-http-client-jackson2-1.23.0.jar:/home/user/.m2/repository/com/fasterxml/jackson/core/jackson-core/2.9.2/jackson-core-2.9.2.jar:/home/user/.m2/repository/com/google/apis/google-api-services-storage/v1-rev114-1.23.0/google-api-services-storage-v1-rev114-1.23.0.jar:/home/user/.m2/repository/junit/junit/4.12/junit-4.12.jar:/home/user/.m2/repository/org/hamcrest/hamcrest-core/1.3/hamcrest-core-1.3.jar:/home/user/.m2/repository/org/slf4j/slf4j-api/1.7.25/slf4j-api-1.7.25.jar:/home/user/.m2/repository/org/mockito/mockito-core/2.12.0/mockito-core-2.12.0.jar:/home/user/.m2/repository/net/bytebuddy/byte-buddy/1.7.9/byte-buddy-1.7.9.jar:/home/user/.m2/repository/net/bytebuddy/byte-buddy-agent/1.7.9/byte-buddy-agent-1.7.9.jar:/home/user/.m2/repository/org/objenesis/objenesis/2.6/objenesis-2.6.jar:/home/user/.m2/repository/org/springframework/boot/spring-boot-starter-test/2.0.0.M7/spring-boot-starter-test-2.0.0.M7.jar:/home/user/.m2/repository/org/springframework/boot/spring-boot-starter/2.0.0.M7/spring-boot-starter-2.0.0.M7.jar:/home/user/.m2/repository/org/springframework/boot/spring-boot/2.0.0.M7/spring-boot-2.0.0.M7.jar:/home/user/.m2/repository/org/springframework/boot/spring-boot-autoconfigure/2.0.0.M7/spring-boot-autoconfigure-2.0.0.M7.jar:/home/user/.m2/repository/org/springframework/boot/spring-boot-starter-logging/2.0.0.M7/spring-boot-starter-logging-2.0.0.M7.jar:/home/user/.m2/repository/ch/qos/logback/logback-classic/1.2.3/logback-classic-1.2.3.jar:/home/user/.m2/repository/ch/qos/logback/logback-core/1.2.3/logback-core-1.2.3.jar:/home/user/.m2/repository/org/apache/logging/log4j/log4j-to-slf4j/2.10.0/log4j-to-slf4j-2.10.0.jar:/home/user/.m2/repository/org/apache/logging/log4j/log4j-api/2.10.0/log4j-api-2.10.0.jar:/home/user/.m2/repository/org/slf4j/jul-to-slf4j/1.7.25/jul-to-slf4j-1.7.25.jar:/home/user/.m2/repository/javax/annotation/javax.annotation-api/1.3.1/javax.annotation-api-1.3.1.jar:/home/user/.m2/repository/org/yaml/snakeyaml/1.19/snakeyaml-1.19.jar:/home/user/.m2/repository/org/springframework/boot/spring-boot-test/2.0.0.M7/spring-boot-test-2.0.0.M7.jar:/home/user/.m2/repository/org/springframework/boot/spring-boot-test-autoconfigure/2.0.0.M7/spring-boot-test-autoconfigure-2.0.0.M7.jar:/home/user/.m2/repository/com/jayway/jsonpath/json-path/2.4.0/json-path-2.4.0.jar:/home/user/.m2/repository/net/minidev/json-smart/2.3/json-smart-2.3.jar:/home/user/.m2/repository/net/minidev/accessors-smart/1.2/accessors-smart-1.2.jar:/home/user/.m2/repository/org/ow2/asm/asm/5.0.4/asm-5.0.4.jar:/home/user/.m2/repository/org/assertj/assertj-core/3.8.0/assertj-core-3.8.0.jar:/home/user/.m2/repository/org/hamcrest/hamcrest-library/1.3/hamcrest-library-1.3.jar:/home/user/.m2/repository/org/skyscreamer/jsonassert/1.5.0/jsonassert-1.5.0.jar:/home/user/.m2/repository/com/vaadin/external/google/android-json/0.0.20131108.vaadin1/android-json-0.0.20131108.vaadin1.jar:/home/user/.m2/repository/org/springframework/spring-test/5.0.2.RELEASE/spring-test-5.0.2.RELEASE.jar:/home/user/.m2/repository/org/xmlunit/xmlunit-core/2.5.1/xmlunit-core-2.5.1.jar:, altSnapshotDeploymentRepository=repo.spring.io::default::https://repo.spring.io/libs-snapshot-local, java.specification.name=Java Platform API Specification, java.class.version=52.0, skip.bower=true, sun.management.compiler=HotSpot 64-Bit Tiered Compilers, os.version=5.15.0-41-generic, user.home=/home/user, user.timezone=America/Los_Angeles, java.awt.printerjob=sun.print.PSPrinterJob, file.encoding=UTF-8, java.specification.version=1.8, java.class.path=/home/user/Workspace/reproducibility/Reproducibility-Scanner/reproducer/workspace/Bears-180/spring-cloud-gcp-storage/target/test-classes:/home/user/Workspace/reproducibility/Reproducibility-Scanner/reproducer/workspace/Bears-180/spring-cloud-gcp-storage/target/classes:/home/user/.m2/repository/org/springframework/spring-context/5.0.2.RELEASE/spring-context-5.0.2.RELEASE.jar:/home/user/.m2/repository/org/springframework/spring-aop/5.0.2.RELEASE/spring-aop-5.0.2.RELEASE.jar:/home/user/.m2/repository/org/springframework/spring-beans/5.0.2.RELEASE/spring-beans-5.0.2.RELEASE.jar:/home/user/.m2/repository/org/springframework/spring-core/5.0.2.RELEASE/spring-core-5.0.2.RELEASE.jar:/home/user/.m2/repository/org/springframework/spring-jcl/5.0.2.RELEASE/spring-jcl-5.0.2.RELEASE.jar:/home/user/.m2/repository/org/springframework/spring-expression/5.0.2.RELEASE/spring-expression-5.0.2.RELEASE.jar:/home/user/.m2/repository/commons-logging/commons-logging/1.2/commons-logging-1.2.jar:/home/user/.m2/repository/com/google/cloud/google-cloud-storage/1.14.0/google-cloud-storage-1.14.0.jar:/home/user/.m2/repository/com/google/cloud/google-cloud-core/1.14.0/google-cloud-core-1.14.0.jar:/home/user/.m2/repository/com/google/guava/guava/20.0/guava-20.0.jar:/home/user/.m2/repository/joda-time/joda-time/2.9.2/joda-time-2.9.2.jar:/home/user/.m2/repository/org/json/json/20160810/json-20160810.jar:/home/user/.m2/repository/com/google/http-client/google-http-client/1.23.0/google-http-client-1.23.0.jar:/home/user/.m2/repository/org/apache/httpcomponents/httpclient/4.5.3/httpclient-4.5.3.jar:/home/user/.m2/repository/org/apache/httpcomponents/httpcore/4.4.8/httpcore-4.4.8.jar:/home/user/.m2/repository/commons-codec/commons-codec/1.11/commons-codec-1.11.jar:/home/user/.m2/repository/com/google/code/findbugs/jsr305/3.0.0/jsr305-3.0.0.jar:/home/user/.m2/repository/com/google/api/api-common/1.2.0/api-common-1.2.0.jar:/home/user/.m2/repository/com/google/api/gax/1.15.0/gax-1.15.0.jar:/home/user/.m2/repository/com/google/auto/value/auto-value/1.2/auto-value-1.2.jar:/home/user/.m2/repository/org/threeten/threetenbp/1.3.3/threetenbp-1.3.3.jar:/home/user/.m2/repository/com/google/protobuf/protobuf-java-util/3.4.0/protobuf-java-util-3.4.0.jar:/home/user/.m2/repository/com/google/protobuf/protobuf-java/3.4.0/protobuf-java-3.4.0.jar:/home/user/.m2/repository/com/google/code/gson/gson/2.8.2/gson-2.8.2.jar:/home/user/.m2/repository/com/google/api/grpc/proto-google-common-protos/1.0.2/proto-google-common-protos-1.0.2.jar:/home/user/.m2/repository/com/google/api/grpc/proto-google-iam-v1/0.1.26/proto-google-iam-v1-0.1.26.jar:/home/user/.m2/repository/com/google/cloud/google-cloud-core-http/1.14.0/google-cloud-core-http-1.14.0.jar:/home/user/.m2/repository/com/google/auth/google-auth-library-credentials/0.9.0/google-auth-library-credentials-0.9.0.jar:/home/user/.m2/repository/com/google/auth/google-auth-library-oauth2-http/0.7.1/google-auth-library-oauth2-http-0.7.1.jar:/home/user/.m2/repository/com/google/oauth-client/google-oauth-client/1.23.0/google-oauth-client-1.23.0.jar:/home/user/.m2/repository/com/google/api-client/google-api-client/1.23.0/google-api-client-1.23.0.jar:/home/user/.m2/repository/com/google/http-client/google-http-client-appengine/1.23.0/google-http-client-appengine-1.23.0.jar:/home/user/.m2/repository/com/google/http-client/google-http-client-jackson/1.23.0/google-http-client-jackson-1.23.0.jar:/home/user/.m2/repository/org/codehaus/jackson/jackson-core-asl/1.9.11/jackson-core-asl-1.9.11.jar:/home/user/.m2/repository/com/google/http-client/google-http-client-jackson2/1.23.0/google-http-client-jackson2-1.23.0.jar:/home/user/.m2/repository/com/fasterxml/jackson/core/jackson-core/2.9.2/jackson-core-2.9.2.jar:/home/user/.m2/repository/com/google/apis/google-api-services-storage/v1-rev114-1.23.0/google-api-services-storage-v1-rev114-1.23.0.jar:/home/user/.m2/repository/junit/junit/4.12/junit-4.12.jar:/home/user/.m2/repository/org/hamcrest/hamcrest-core/1.3/hamcrest-core-1.3.jar:/home/user/.m2/repository/org/slf4j/slf4j-api/1.7.25/slf4j-api-1.7.25.jar:/home/user/.m2/repository/org/mockito/mockito-core/2.12.0/mockito-core-2.12.0.jar:/home/user/.m2/repository/net/bytebuddy/byte-buddy/1.7.9/byte-buddy-1.7.9.jar:/home/user/.m2/repository/net/bytebuddy/byte-buddy-agent/1.7.9/byte-buddy-agent-1.7.9.jar:/home/user/.m2/repository/org/objenesis/objenesis/2.6/objenesis-2.6.jar:/home/user/.m2/repository/org/springframework/boot/spring-boot-starter-test/2.0.0.M7/spring-boot-starter-test-2.0.0.M7.jar:/home/user/.m2/repository/org/springframework/boot/spring-boot-starter/2.0.0.M7/spring-boot-starter-2.0.0.M7.jar:/home/user/.m2/repository/org/springframework/boot/spring-boot/2.0.0.M7/spring-boot-2.0.0.M7.jar:/home/user/.m2/repository/org/springframework/boot/spring-boot-autoconfigure/2.0.0.M7/spring-boot-autoconfigure-2.0.0.M7.jar:/home/user/.m2/repository/org/springframework/boot/spring-boot-starter-logging/2.0.0.M7/spring-boot-starter-logging-2.0.0.M7.jar:/home/user/.m2/repository/ch/qos/logback/logback-classic/1.2.3/logback-classic-1.2.3.jar:/home/user/.m2/repository/ch/qos/logback/logback-core/1.2.3/logback-core-1.2.3.jar:/home/user/.m2/repository/org/apache/logging/log4j/log4j-to-slf4j/2.10.0/log4j-to-slf4j-2.10.0.jar:/home/user/.m2/repository/org/apache/logging/log4j/log4j-api/2.10.0/log4j-api-2.10.0.jar:/home/user/.m2/repository/org/slf4j/jul-to-slf4j/1.7.25/jul-to-slf4j-1.7.25.jar:/home/user/.m2/repository/javax/annotation/javax.annotation-api/1.3.1/javax.annotation-api-1.3.1.jar:/home/user/.m2/repository/org/yaml/snakeyaml/1.19/snakeyaml-1.19.jar:/home/user/.m2/repository/org/springframework/boot/spring-boot-test/2.0.0.M7/spring-boot-test-2.0.0.M7.jar:/home/user/.m2/repository/org/springframework/boot/spring-boot-test-autoconfigure/2.0.0.M7/spring-boot-test-autoconfigure-2.0.0.M7.jar:/home/user/.m2/repository/com/jayway/jsonpath/json-path/2.4.0/json-path-2.4.0.jar:/home/user/.m2/repository/net/minidev/json-smart/2.3/json-smart-2.3.jar:/home/user/.m2/repository/net/minidev/accessors-smart/1.2/accessors-smart-1.2.jar:/home/user/.m2/repository/org/ow2/asm/asm/5.0.4/asm-5.0.4.jar:/home/user/.m2/repository/org/assertj/assertj-core/3.8.0/assertj-core-3.8.0.jar:/home/user/.m2/repository/org/hamcrest/hamcrest-library/1.3/hamcrest-library-1.3.jar:/home/user/.m2/repository/org/skyscreamer/jsonassert/1.5.0/jsonassert-1.5.0.jar:/home/user/.m2/repository/com/vaadin/external/google/android-json/0.0.20131108.vaadin1/android-json-0.0.20131108.vaadin1.jar:/home/user/.m2/repository/org/springframework/spring-test/5.0.2.RELEASE/spring-test-5.0.2.RELEASE.jar:/home/user/.m2/repository/org/xmlunit/xmlunit-core/2.5.1/xmlunit-core-2.5.1.jar:, user.name=user, skipITs=true, java.vm.specification.version=1.8, sun.java.command=/home/user/Workspace/reproducibility/Reproducibility-Scanner/reproducer/workspace/Bears-180/spring-cloud-gcp-storage/target/surefire/surefirebooter5477773742229300995.jar /home/user/Workspace/reproducibility/Reproducibility-Scanner/reproducer/workspace/Bears-180/spring-cloud-gcp-storage/target/surefire/surefire8675053269348466438tmp /home/user/Workspace/reproducibility/Reproducibility-Scanner/reproducer/workspace/Bears-180/spring-cloud-gcp-storage/target/surefire/surefire_15771778718535656965tmp, java.home=/usr/lib/jvm/java-8-openjdk-amd64/jre, sun.arch.data.model=64, user.language=en, java.specification.vendor=Oracle Corporation, awt.toolkit=sun.awt.X11.XToolkit, java.vm.info=mixed mode, java.version=1.8.0_312, java.ext.dirs=/usr/lib/jvm/java-8-openjdk-amd64/jre/lib/ext:/usr/java/packages/lib/ext, sun.boot.class.path=/usr/lib/jvm/java-8-openjdk-amd64/jre/lib/resources.jar:/usr/lib/jvm/java-8-openjdk-amd64/jre/lib/rt.jar:/usr/lib/jvm/java-8-openjdk-amd64/jre/lib/sunrsasign.jar:/usr/lib/jvm/java-8-openjdk-amd64/jre/lib/jsse.jar:/usr/lib/jvm/java-8-openjdk-amd64/jre/lib/jce.jar:/usr/lib/jvm/java-8-openjdk-amd64/jre/lib/charsets.jar:/usr/lib/jvm/java-8-openjdk-amd64/jre/lib/jfr.jar:/usr/lib/jvm/java-8-openjdk-amd64/jre/classes, rat.skip=true, enforcer.skip=true, java.vendor=Private Build, localRepository=/home/user/.m2/repository, file.separator=/, java.vendor.url.bug=http://bugreport.sun.com/bugreport/, sun.io.unicode.encoding=UnicodeLittle, sun.cpu.endian=little, sun.cpu.isalist=}}, SystemEnvironmentPropertySource@1362728240 {name='systemEnvironment', properties={TMUX_PANE=%13, PATH=/home/user/Workspace/reproducibility/Reproducibility-Scanner/venv/bin:/home/user/anaconda3/condabin:/home/user/perl5/perlbrew/bin:/home/user/perl5/perlbrew/perls/perl-5.32.0/bin:/home/user/anaconda3/envs/Python-3.8/bin:/home/user/anaconda3/condabin:/usr/local/sbin:/usr/local/bin:/usr/sbin:/usr/bin:/sbin:/bin:/usr/games:/usr/local/games:/snap/bin, LESSCLOSE=/usr/bin/lesspipe %s %s, MANPATH=/home/user/perl5/perlbrew/perls/perl-5.32.0/man:/home/user/anaconda3/envs/Python-3.8/share/man:/home/user/anaconda3/man:/home/user/anaconda3/share/man:/usr/local/man:/usr/local/share/man:/usr/share/man, XDG_DATA_DIRS=/usr/local/share:/usr/share:/var/lib/snapd/desktop, CONDA_EXE=/home/user/anaconda3/bin/conda, JAVA_HOME=/usr/lib/jvm/java-8-openjdk-amd64, CONDA_PYTHON_EXE=/home/user/anaconda3/bin/python, TERM=screen, MOTD_SHOWN=pam, LANG=en_US.UTF-8, DBUS_SESSION_BUS_ADDRESS=unix:path=/run/user/1201328/bus, XDG_SESSION_ID=35, XDG_SESSION_TYPE=tty, PS1=(venv) %(?:%{[01;32m%} :%{[01;31m%} ) %{$fg[cyan]%}%~%{$reset_color%} $(git_prompt_info), _CE_M=, LOGNAME=user, PWD=/home/user/Workspace/reproducibility/Reproducibility-Scanner/reproducer/workspace/Bears-180/spring-cloud-gcp-storage, MAVEN_CMD_LINE_ARGS= test -V -B -Denforcer.skip=true -Dcheckstyle.skip=true -Dcobertura.skip=true -DskipITs=true -Drat.skip=true -Dlicense.skip=true -Dfindbugs.skip=true -Dgpg.skip=true -Dskip.npm=true -Dskip.gulp=true -Dskip.bower=true, CONDA_SHLVL=0, XDG_SESSION_CLASS=user, _=/home/user/Workspace/reproducibility/Reproducibility-Scanner/venv/bin/python, SHELL=/bin/bash, LESSOPEN=| /usr/bin/lesspipe %s, PERLBREW_SHELLRC_VERSION=0.95, PAGER=less, LSCOLORS=Gxfxcxdxbxegedabagacad, SSH_TTY=/dev/pts/4, SSH_CLIENT=192.168.98.21 61829 22, PERLBREW_HOME=/home/user/.perlbrew, MAVEN_PROJECTBASEDIR=/home/user/Workspace/reproducibility/Reproducibility-Scanner/reproducer/workspace/Bears-180, OLDPWD=/home/user/Workspace/reproducibility/Reproducibility-Scanner/reproducer/workspace/Bears-180/spring-cloud-gcp-storage, USER=user, ZSH=/home/user/.oh-my-zsh, VIRTUAL_ENV=/home/user/Workspace/reproducibility/Reproducibility-Scanner/venv, _CE_CONDA=, SSH_CONNECTION=192.168.98.21 60977 169.237.118.129 22, PERLBREW_PERL=perl-5.32.0, PERLBREW_PATH=/home/user/perl5/perlbrew/bin:/home/user/perl5/perlbrew/perls/perl-5.32.0/bin, LESS=-R, TMUX=/tmp/tmux-1201328/default,89837,2, LS_COLORS=rs=0:di=01;34:ln=01;36:mh=00:pi=40;33:so=01;35:do=01;35:bd=40;33;01:cd=40;33;01:or=40;31;01:mi=00:su=37;41:sg=30;43:ca=30;41:tw=30;42:ow=34;42:st=37;44:ex=01;32:*.tar=01;31:*.tgz=01;31:*.arc=01;31:*.arj=01;31:*.taz=01;31:*.lha=01;31:*.lz4=01;31:*.lzh=01;31:*.lzma=01;31:*.tlz=01;31:*.txz=01;31:*.tzo=01;31:*.t7z=01;31:*.zip=01;31:*.z=01;31:*.dz=01;31:*.gz=01;31:*.lrz=01;31:*.lz=01;31:*.lzo=01;31:*.xz=01;31:*.zst=01;31:*.tzst=01;31:*.bz2=01;31:*.bz=01;31:*.tbz=01;31:*.tbz2=01;31:*.tz=01;31:*.deb=01;31:*.rpm=01;31:*.jar=01;31:*.war=01;31:*.ear=01;31:*.sar=01;31:*.rar=01;31:*.alz=01;31:*.ace=01;31:*.zoo=01;31:*.cpio=01;31:*.7z=01;31:*.rz=01;31:*.cab=01;31:*.wim=01;31:*.swm=01;31:*.dwm=01;31:*.esd=01;31:*.jpg=01;35:*.jpeg=01;35:*.mjpg=01;35:*.mjpeg=01;35:*.gif=01;35:*.bmp=01;35:*.pbm=01;35:*.pgm=01;35:*.ppm=01;35:*.tga=01;35:*.xbm=01;35:*.xpm=01;35:*.tif=01;35:*.tiff=01;35:*.png=01;35:*.svg=01;35:*.svgz=01;35:*.mng=01;35:*.pcx=01;35:*.mov=01;35:*.mpg=01;35:*.mpeg=01;35:*.m2v=01;35:*.mkv=01;35:*.webm=01;35:*.ogm=01;35:*.mp4=01;35:*.m4v=01;35:*.mp4v=01;35:*.vob=01;35:*.qt=01;35:*.nuv=01;35:*.wmv=01;35:*.asf=01;35:*.rm=01;35:*.rmvb=01;35:*.flc=01;35:*.avi=01;35:*.fli=01;35:*.flv=01;35:*.gl=01;35:*.dl=01;35:*.xcf=01;35:*.xwd=01;35:*.yuv=01;35:*.cgm=01;35:*.emf=01;35:*.ogv=01;35:*.ogx=01;35:*.aac=00;36:*.au=00;36:*.flac=00;36:*.m4a=00;36:*.mid=00;36:*.midi=00;36:*.mka=00;36:*.mp3=00;36:*.mpc=00;36:*.ogg=00;36:*.ra=00;36:*.wav=00;36:*.oga=00;36:*.opus=00;36:*.spx=00;36:*.xspf=00;36:, XDG_RUNTIME_DIR=/run/user/1201328, PERLBREW_ROOT=/home/user/perl5/perlbrew, PERLBREW_MANPATH=/home/user/perl5/perlbrew/perls/perl-5.32.0/man, HOME=/home/user, SHLVL=5, PERLBREW_VERSION=0.95}}]
18:05:24.365 [main] DEBUG org.springframework.test.context.support.TestPropertySourceUtils - Adding inlined properties to environment: {spring.jmx.enabled=false, org.springframework.boot.test.context.SpringBootTestContextBootstrapper=true, server.port=-1}
18:05:24.365 [main] DEBUG org.springframework.core.env.StandardEnvironment - Adding PropertySource 'Inlined Test Properties' with highest search precedence

  .   ____          _            __ _ _
 /\\ / ___'_ __ _ _(_)_ __  __ _ \ \ \ \
( ( )\___ | '_ | '_| | '_ \/ _` | \ \ \ \
 \\/  ___)| |_)| | | | | || (_| |  ) ) ) )
  '  |____| .__|_| |_|_| |_\__, | / / / /
 =========|_|==============|___/=/_/_/_/
 :: Spring Boot ::             (v2.0.0.M7)

2022-07-25 18:05:24.590  WARN 739253 --- [           main] ory$DuplicateJsonObjectContextCustomizer : 

Found multiple occurrences of org.json.JSONObject on the class path:

	jar:file:/home/user/.m2/repository/org/json/json/20160810/json-20160810.jar!/org/json/JSONObject.class
	jar:file:/home/user/.m2/repository/com/vaadin/external/google/android-json/0.0.20131108.vaadin1/android-json-0.0.20131108.vaadin1.jar!/org/json/JSONObject.class

You may wish to exclude one of them to ensure predictable runtime behaviour

2022-07-25 18:05:24.601  INFO 739253 --- [           main] o.s.c.gcp.storage.GoogleStorageTests     : Starting GoogleStorageTests on host with PID 739253 (started by user in /home/user/Workspace/reproducibility/Reproducibility-Scanner/reproducer/workspace/Bears-180/spring-cloud-gcp-storage)
2022-07-25 18:05:24.602  INFO 739253 --- [           main] o.s.c.gcp.storage.GoogleStorageTests     : No active profile set, falling back to default profiles: default
2022-07-25 18:05:24.619  INFO 739253 --- [           main] s.c.a.AnnotationConfigApplicationContext : Refreshing org.springframework.context.annotation.AnnotationConfigApplicationContext@1a942c18: startup date [Mon Jul 25 18:05:24 PDT 2022]; root of context hierarchy
2022-07-25 18:05:25.707  INFO 739253 --- [           main] o.s.c.gcp.storage.GoogleStorageTests     : Started GoogleStorageTests in 1.338 seconds (JVM running for 2.16)
2022-07-25 18:05:25.715  INFO 739253 --- [           main] o.s.c.g.s.GoogleStorageProtocolResolver  : There is no bean definition for the resolver settings, so defaults are used.
Tests run: 22, Failures: 0, Errors: 1, Skipped: 0, Time elapsed: 2.058 sec <<< FAILURE!
testValidObjectWithUnderscore(org.springframework.cloud.gcp.storage.GoogleStorageTests)  Time elapsed: 0.012 sec  <<< ERROR!
java.lang.NullPointerException
	at com.google.common.base.Preconditions.checkNotNull(Preconditions.java:770)
	at com.google.cloud.storage.BlobId.of(BlobId.java:109)
	at org.springframework.cloud.gcp.storage.GoogleStorageResourceObject.getBlobId(GoogleStorageResourceObject.java:110)
	at org.springframework.cloud.gcp.storage.GoogleStorageResourceObject.getGoogleStorageObject(GoogleStorageResourceObject.java:120)
	at org.springframework.cloud.gcp.storage.GoogleStorageResourceObject.exists(GoogleStorageResourceObject.java:74)
	at org.springframework.cloud.gcp.storage.GoogleStorageTests.testValidObjectWithUnderscore(GoogleStorageTests.java:99)
	at sun.reflect.NativeMethodAccessorImpl.invoke0(Native Method)
	at sun.reflect.NativeMethodAccessorImpl.invoke(NativeMethodAccessorImpl.java:62)
	at sun.reflect.DelegatingMethodAccessorImpl.invoke(DelegatingMethodAccessorImpl.java:43)
	at java.lang.reflect.Method.invoke(Method.java:498)
	at org.junit.runners.model.FrameworkMethod$1.runReflectiveCall(FrameworkMethod.java:50)
	at org.junit.internal.runners.model.ReflectiveCallable.run(ReflectiveCallable.java:12)
	at org.junit.runners.model.FrameworkMethod.invokeExplosively(FrameworkMethod.java:47)
	at org.junit.internal.runners.statements.InvokeMethod.evaluate(InvokeMethod.java:17)
	at org.springframework.test.context.junit4.statements.RunBeforeTestExecutionCallbacks.evaluate(RunBeforeTestExecutionCallbacks.java:73)
	at org.springframework.test.context.junit4.statements.RunAfterTestExecutionCallbacks.evaluate(RunAfterTestExecutionCallbacks.java:83)
	at org.springframework.test.context.junit4.statements.RunBeforeTestMethodCallbacks.evaluate(RunBeforeTestMethodCallbacks.java:75)
	at org.springframework.test.context.junit4.statements.RunAfterTestMethodCallbacks.evaluate(RunAfterTestMethodCallbacks.java:86)
	at org.springframework.test.context.junit4.statements.SpringRepeat.evaluate(SpringRepeat.java:84)
	at org.junit.runners.ParentRunner.runLeaf(ParentRunner.java:325)
	at org.springframework.test.context.junit4.SpringJUnit4ClassRunner.runChild(SpringJUnit4ClassRunner.java:251)
	at org.springframework.test.context.junit4.SpringJUnit4ClassRunner.runChild(SpringJUnit4ClassRunner.java:97)
	at org.junit.runners.ParentRunner$3.run(ParentRunner.java:290)
	at org.junit.runners.ParentRunner$1.schedule(ParentRunner.java:71)
	at org.junit.runners.ParentRunner.runChildren(ParentRunner.java:288)
	at org.junit.runners.ParentRunner.access$000(ParentRunner.java:58)
	at org.junit.runners.ParentRunner$2.evaluate(ParentRunner.java:268)
	at org.springframework.test.context.junit4.statements.RunBeforeTestClassCallbacks.evaluate(RunBeforeTestClassCallbacks.java:61)
	at org.springframework.test.context.junit4.statements.RunAfterTestClassCallbacks.evaluate(RunAfterTestClassCallbacks.java:70)
	at org.junit.runners.ParentRunner.run(ParentRunner.java:363)
	at org.springframework.test.context.junit4.SpringJUnit4ClassRunner.run(SpringJUnit4ClassRunner.java:190)
	at org.apache.maven.surefire.junit4.JUnit4Provider.execute(JUnit4Provider.java:252)
	at org.apache.maven.surefire.junit4.JUnit4Provider.executeTestSet(JUnit4Provider.java:141)
	at org.apache.maven.surefire.junit4.JUnit4Provider.invoke(JUnit4Provider.java:112)
	at sun.reflect.NativeMethodAccessorImpl.invoke0(Native Method)
	at sun.reflect.NativeMethodAccessorImpl.invoke(NativeMethodAccessorImpl.java:62)
	at sun.reflect.DelegatingMethodAccessorImpl.invoke(DelegatingMethodAccessorImpl.java:43)
	at java.lang.reflect.Method.invoke(Method.java:498)
	at org.apache.maven.surefire.util.ReflectionUtils.invokeMethodWithArray(ReflectionUtils.java:189)
	at org.apache.maven.surefire.booter.ProviderFactory$ProviderProxy.invoke(ProviderFactory.java:165)
	at org.apache.maven.surefire.booter.ProviderFactory.invokeProvider(ProviderFactory.java:85)
	at org.apache.maven.surefire.booter.ForkedBooter.runSuitesInProcess(ForkedBooter.java:115)
	at org.apache.maven.surefire.booter.ForkedBooter.main(ForkedBooter.java:75)

2022-07-25 18:05:25.879  INFO 739253 --- [       Thread-1] s.c.a.AnnotationConfigApplicationContext : Closing org.springframework.context.annotation.AnnotationConfigApplicationContext@1a942c18: startup date [Mon Jul 25 18:05:24 PDT 2022]; root of context hierarchy

Results :

Tests in error: 
  testValidObjectWithUnderscore(org.springframework.cloud.gcp.storage.GoogleStorageTests)

Tests run: 22, Failures: 0, Errors: 1, Skipped: 0

[INFO] ------------------------------------------------------------------------
[INFO] Reactor Summary for Spring Cloud GCP 1.0.0.BUILD-SNAPSHOT:
[INFO] 
[INFO] Spring Cloud GCP Dependencies ...................... SUCCESS [  0.002 s]
[INFO] Spring Cloud GCP ................................... SUCCESS [  0.614 s]
[INFO] Spring Cloud GCP Core Module ....................... SUCCESS [  0.317 s]
[INFO] Spring Cloud GCP Pub/Sub Module .................... SUCCESS [  2.262 s]
[INFO] Spring Cloud GCP Storage Module .................... FAILURE [  2.466 s]
[INFO] Spring Cloud GCP Stackdriver Trace Module .......... SKIPPED
[INFO] Spring Cloud GCP Stackdriver Logging Module ........ SKIPPED
[INFO] Spring Cloud GCP Runtime Configuration Module ...... SKIPPED
[INFO] Spring Cloud GCP Autoconfigure Module .............. SKIPPED
[INFO] Spring Cloud GCP Starters .......................... SKIPPED
[INFO] Spring Cloud GCP Core Starter ...................... SKIPPED
[INFO] Spring Cloud GCP Pub/Sub Starter ................... SKIPPED
[INFO] Spring Cloud GCP Config Starter .................... SKIPPED
[INFO] Spring Cloud GCP Storage Starter ................... SKIPPED
[INFO] Spring Cloud GCP Cloud SQL Starter ................. SKIPPED
[INFO] Spring Cloud GCP Cloud Trace Starter ............... SKIPPED
[INFO] Spring Cloud GCP Stackdriver Logging Starter ....... SKIPPED
[INFO] Spring Integration GCP ............................. SKIPPED
[INFO] Spring Cloud GCP Documentation ..................... SKIPPED
[INFO] Spring Cloud GCP Code Samples ...................... SKIPPED
[INFO] Spring Cloud GCP Runtime Configuration Code Sample . SKIPPED
[INFO] Spring Cloud GCP Trace Code Sample ................. SKIPPED
[INFO] Spring Cloud GCP Logging Code Sample ............... SKIPPED
[INFO] Spring Cloud GCP SQL Starter Code Sample ........... SKIPPED
[INFO] Spring Cloud GCP Integration Pub/Sub Channel Adapters Code Sample SKIPPED
[INFO] spring-cloud-gcp-integration-pubsub-sample-sender .. SKIPPED
[INFO] spring-cloud-gcp-integration-pubsub-sample-receiver  SKIPPED
[INFO] Spring Cloud GCP Spring Boot Starter for Storage Code Sample SKIPPED
[INFO] spring-cloud-gcp-pubsub-sample ..................... SKIPPED
[INFO] Spring Cloud GCP with Spring Data JPA Code Sample .. SKIPPED
[INFO] Spring Cloud GCP Vision API Sample ................. SKIPPED
[INFO] Spring Cloud GCP Stream ............................ SKIPPED
[INFO] spring-cloud-stream-binder-gcp-pubsub-core ......... SKIPPED
[INFO] spring-cloud-stream-binder-gcp-pubsub .............. SKIPPED
[INFO] ------------------------------------------------------------------------
[INFO] BUILD FAILURE
[INFO] ------------------------------------------------------------------------
[INFO] Total time:  6.011 s
[INFO] Finished at: 2022-07-25T18:05:25-07:00
[INFO] ------------------------------------------------------------------------
[ERROR] Failed to execute goal org.apache.maven.plugins:maven-surefire-plugin:2.12.4:test (default-test) on project spring-cloud-gcp-storage: There are test failures.
[ERROR] 
[ERROR] Please refer to /home/user/Workspace/reproducibility/Reproducibility-Scanner/reproducer/workspace/Bears-180/spring-cloud-gcp-storage/target/surefire-reports for the individual test results.
[ERROR] -> [Help 1]
[ERROR] 
[ERROR] To see the full stack trace of the errors, re-run Maven with the -e switch.
[ERROR] Re-run Maven using the -X switch to enable full debug logging.
[ERROR] 
[ERROR] For more information about the errors and possible solutions, please read the following articles:
[ERROR] [Help 1] http://cwiki.apache.org/confluence/display/MAVEN/MojoFailureException
[ERROR] 
[ERROR] After correcting the problems, you can resume the build with the command
[ERROR]   mvn <args> -rf :spring-cloud-gcp-storage
Running the tests related to the bug Bears-180...
The tests related to the bug Bears-180 were executed.