[[1;34mINFO[m] Scanning for projects...
[[1;33mWARNING[m] 
[[1;33mWARNING[m] Some problems were encountered while building the effective model for org.apache.commons:commons-math:jar:2.1
[[1;33mWARNING[m] 'build.plugins.plugin.version' for org.apache.maven.plugins:maven-idea-plugin is missing. @ org.apache.commons:commons-parent:14, /home/user/.m2/repository/org/apache/commons/commons-parent/14/commons-parent-14.pom, line 329, column 15
[[1;33mWARNING[m] 
[[1;33mWARNING[m] It is highly recommended to fix these problems because they threaten the stability of your build.
[[1;33mWARNING[m] 
[[1;33mWARNING[m] For this reason, future Maven versions might no longer support building such malformed projects.
[[1;33mWARNING[m] 
[[1;34mINFO[m] 
[[1;34mINFO[m] [1m------------------< [0;36morg.apache.commons:commons-math[0;1m >-------------------[m
[[1;34mINFO[m] [1mBuilding Commons Math 2.1[m
[[1;34mINFO[m] [1m--------------------------------[ jar ]---------------------------------[m
[[1;34mINFO[m] 
[[1;34mINFO[m] [1m--- [0;32mmaven-antrun-plugin:1.3:run[m [1m(javadoc.resources)[m @ [36mcommons-math[0;1m ---[m
[[1;34mINFO[m] Executing tasks
     [copy] Copying 2 files to /home/user/Reproducibility-Scanner/benchmarks/bugs-dot-jar/commons-math/target/apidocs/META-INF
[[1;34mINFO[m] Executed tasks
[[1;34mINFO[m] 
[[1;34mINFO[m] [1m--- [0;32mmaven-remote-resources-plugin:1.0:process[m [1m(default)[m @ [36mcommons-math[0;1m ---[m
[[1;34mINFO[m] Setting property: classpath.resource.loader.class => 'org.codehaus.plexus.velocity.ContextClassLoaderResourceLoader'.
[[1;34mINFO[m] Setting property: velocimacro.messages.on => 'false'.
[[1;34mINFO[m] Setting property: resource.loader => 'classpath'.
[[1;34mINFO[m] Setting property: resource.manager.logwhenfound => 'false'.
[[1;34mINFO[m] 
[[1;34mINFO[m] [1m--- [0;32mmaven-resources-plugin:2.4.1:resources[m [1m(default-resources)[m @ [36mcommons-math[0;1m ---[m
[[1;34mINFO[m] Using 'UTF-8' encoding to copy filtered resources.
[[1;34mINFO[m] Copying 2 resources to META-INF
[[1;34mINFO[m] 
[[1;34mINFO[m] [1m--- [0;32mmaven-compiler-plugin:2.1:compile[m [1m(default-compile)[m @ [36mcommons-math[0;1m ---[m
[[1;34mINFO[m] Compiling 408 source files to /home/user/Reproducibility-Scanner/benchmarks/bugs-dot-jar/commons-math/target/classes
[[1;34mINFO[m] 
[[1;34mINFO[m] [1m--- [0;32mmaven-bundle-plugin:1.4.3:manifest[m [1m(bundle-manifest)[m @ [36mcommons-math[0;1m ---[m
[[1;34mINFO[m] 
[[1;34mINFO[m] [1m--- [0;32mmaven-resources-plugin:2.4.1:testResources[m [1m(default-testResources)[m @ [36mcommons-math[0;1m ---[m
[[1;34mINFO[m] Using 'UTF-8' encoding to copy filtered resources.
[[1;34mINFO[m] Copying 11 resources
[[1;34mINFO[m] 
[[1;34mINFO[m] [1m--- [0;32mmaven-compiler-plugin:2.1:testCompile[m [1m(default-testCompile)[m @ [36mcommons-math[0;1m ---[m
[[1;34mINFO[m] Compiling 266 source files to /home/user/Reproducibility-Scanner/benchmarks/bugs-dot-jar/commons-math/target/test-classes
[[1;34mINFO[m] 
[[1;34mINFO[m] [1m--- [0;32mmaven-surefire-plugin:2.5:test[m [1m(default-test)[m @ [36mcommons-math[0;1m ---[m
[[1;34mINFO[m] Tests are skipped.
[[1;34mINFO[m] 
[[1;34mINFO[m] [1m--- [0;32mmaven-jar-plugin:2.3:jar[m [1m(default-jar)[m @ [36mcommons-math[0;1m ---[m
[[1;34mINFO[m] Building jar: /home/user/Reproducibility-Scanner/benchmarks/bugs-dot-jar/commons-math/target/commons-math-2.1.jar
[[1;34mINFO[m] 
[[1;34mINFO[m] [1m--- [0;32mmaven-install-plugin:2.3:install[m [1m(default-install)[m @ [36mcommons-math[0;1m ---[m
[[1;34mINFO[m] Installing /home/user/Reproducibility-Scanner/benchmarks/bugs-dot-jar/commons-math/target/commons-math-2.1.jar to /home/user/.m2/repository/org/apache/commons/commons-math/2.1/commons-math-2.1.jar
[[1;34mINFO[m] Installing /home/user/Reproducibility-Scanner/benchmarks/bugs-dot-jar/commons-math/pom.xml to /home/user/.m2/repository/org/apache/commons/commons-math/2.1/commons-math-2.1.pom
[[1;34mINFO[m] [1m------------------------------------------------------------------------[m
[[1;34mINFO[m] [1;32mBUILD SUCCESS[m
[[1;34mINFO[m] [1m------------------------------------------------------------------------[m
[[1;34mINFO[m] Total time:  6.573 s
[[1;34mINFO[m] Finished at: 2022-08-24T00:26:30-07:00
[[1;34mINFO[m] [1m------------------------------------------------------------------------[m
usage: mvn [options] [<goal(s)>] [<phase(s)>]

Options:
 -am,--also-make                        If project list is specified, also
                                        build projects required by the
                                        list
 -amd,--also-make-dependents            If project list is specified, also
                                        build projects that depend on
                                        projects on the list
 -B,--batch-mode                        Run in non-interactive (batch)
                                        mode (disables output color)
 -b,--builder <arg>                     The id of the build strategy to
                                        use
 -C,--strict-checksums                  Fail the build if checksums don't
                                        match
 -c,--lax-checksums                     Warn if checksums don't match
 -cpu,--check-plugin-updates            Ineffective, only kept for
                                        backward compatibility
 -D,--define <arg>                      Define a system property
 -e,--errors                            Produce execution error messages
 -emp,--encrypt-master-password <arg>   Encrypt master security password
 -ep,--encrypt-password <arg>           Encrypt server password
 -f,--file <arg>                        Force the use of an alternate POM
                                        file (or directory with pom.xml)
 -fae,--fail-at-end                     Only fail the build afterwards;
                                        allow all non-impacted builds to
                                        continue
 -ff,--fail-fast                        Stop at first failure in
                                        reactorized builds
 -fn,--fail-never                       NEVER fail the build, regardless
                                        of project result
 -gs,--global-settings <arg>            Alternate path for the global
                                        settings file
 -gt,--global-toolchains <arg>          Alternate path for the global
                                        toolchains file
 -h,--help                              Display help information
 -l,--log-file <arg>                    Log file where all build output
                                        will go (disables output color)
 -llr,--legacy-local-repository         Use Maven 2 Legacy Local
                                        Repository behaviour, ie no use of
                                        _remote.repositories. Can also be
                                        activated by using
                                        -Dmaven.legacyLocalRepo=true
 -N,--non-recursive                     Do not recurse into sub-projects
 -npr,--no-plugin-registry              Ineffective, only kept for
                                        backward compatibility
 -npu,--no-plugin-updates               Ineffective, only kept for
                                        backward compatibility
 -nsu,--no-snapshot-updates             Suppress SNAPSHOT updates
 -ntp,--no-transfer-progress            Do not display transfer progress
                                        when downloading or uploading
 -o,--offline                           Work offline
 -P,--activate-profiles <arg>           Comma-delimited list of profiles
                                        to activate
 -pl,--projects <arg>                   Comma-delimited list of specified
                                        reactor projects to build instead
                                        of all projects. A project can be
                                        specified by [groupId]:artifactId
                                        or by its relative path
 -q,--quiet                             Quiet output - only show errors
 -rf,--resume-from <arg>                Resume reactor from specified
                                        project
 -s,--settings <arg>                    Alternate path for the user
                                        settings file
 -t,--toolchains <arg>                  Alternate path for the user
                                        toolchains file
 -T,--threads <arg>                     Thread count, for instance 2.0C
                                        where C is core multiplied
 -U,--update-snapshots                  Forces a check for missing
                                        releases and updated snapshots on
                                        remote repositories
 -up,--update-plugins                   Ineffective, only kept for
                                        backward compatibility
 -v,--version                           Display version information
 -V,--show-version                      Display version information
                                        WITHOUT stopping build
 -X,--debug                             Produce execution debug output
[ERROR] Error executing Maven.
org.apache.commons.cli.MissingArgumentException: Missing argument for option: pl
	at org.apache.commons.cli.Parser.processArgs(Parser.java:363)
	at org.apache.commons.cli.Parser.processOption(Parser.java:395)
	at org.apache.commons.cli.Parser.parse(Parser.java:210)
	at org.apache.commons.cli.Parser.parse(Parser.java:88)
	at org.apache.maven.cli.CLIManager.parse(CLIManager.java:162)
	at org.apache.maven.cli.MavenCli.cli(MavenCli.java:407)
	at org.apache.maven.cli.MavenCli.doMain(MavenCli.java:278)
	at org.apache.maven.cli.MavenCli.main(MavenCli.java:193)
	at sun.reflect.NativeMethodAccessorImpl.invoke0(Native Method)
	at sun.reflect.NativeMethodAccessorImpl.invoke(NativeMethodAccessorImpl.java:62)
	at sun.reflect.DelegatingMethodAccessorImpl.invoke(DelegatingMethodAccessorImpl.java:43)
	at java.lang.reflect.Method.invoke(Method.java:498)
	at org.codehaus.plexus.classworlds.launcher.Launcher.launchEnhanced(Launcher.java:282)
	at org.codehaus.plexus.classworlds.launcher.Launcher.launch(Launcher.java:225)
	at org.codehaus.plexus.classworlds.launcher.Launcher.mainWithExitCode(Launcher.java:406)
	at org.codehaus.plexus.classworlds.launcher.Launcher.main(Launcher.java:347)Unable to parse command line options: Missing argument for option: pl