Checking out 651c9a56 to /tmp/test_d4j_31047_1657601390/test_trigger/Deltas OK
Init local repository...................................................... OK
Tag post-fix revision...................................................... OK
Copy generated Ant build file.............................................. OK
Run post-checkout hook..................................................... OK
Excluding broken/flaky tests............................................... OK
Initialize fixed program version........................................... OK
Apply patch................................................................ OK
Initialize buggy program version........................................... OK
Diff 651c9a56:618dd99b..................................................... OK
Apply patch................................................................ OK
Tag pre-fix revision....................................................... OK
Check out program version: Deltaspike_api-5b............................... OK
Running ant (compile)...................................................... FAIL
Executed command:  cd /tmp/test_d4j_31047_1657601390/test_trigger/Deltaspike_api && /data-depot/user/Workspace/Reproducibility/Reproducibility-Scanner/benchmarks/growingbugs/major/bin/ant -f /data-depot/user/Workspace/Reproducibility/Reproducibility-Scanner/benchmarks/growingbugs/framework/projects/defects4j.build.xml -Dd4j.home=/data-depot/user/Workspace/Reproducibility/Reproducibility-Scanner/benchmarks/growingbugs -Dd4j.dir.projects=/data-depot/user/Workspace/Reproducibility/Reproducibility-Scanner/benchmarks/growingbugs/framework/projects -Dbasedir=/tmp/test_d4j_31047_1657601390/test_trigger/Deltaspike_api -Dbuild.compiler=javac1.8  compile 2>&1
OpenJDK 64-Bit Server VM warning: ignoring option MaxPermSize=1G; support was removed in 8.0
Buildfile: /data-depot/user/Workspace/Reproducibility/Reproducibility-Scanner/benchmarks/growingbugs/framework/projects/defects4j.build.xml

test-offline:

get-deps:

compile:
    [mkdir] Created dir: /tmp/test_d4j_31047_1657601390/test_trigger/Deltaspike_api/target/classes
    [javac] /tmp/test_d4j_31047_1657601390/test_trigger/Deltaspike_api/maven-build.xml:115: warning: 'includeantruntime' was not set, defaulting to build.sysclasspath=last; set to false for repeatable builds

BUILD FAILED
/tmp/test_d4j_31047_1657601390/test_trigger/Deltaspike_api/maven-build.xml:115: srcdir "/tmp/test_d4j_31047_1657601390/test_trigger/Deltaspike_api/src/main/java" does not exist!

Total time: 0 seconds
Cannot compile sources! at /data-depot/user/Workspace/Reproducibility/Reproducibility-Scanner/benchmarks/growingbugs/framework/bin/d4j/d4j-compile line 82.
Compilation failed in require at /data-depot/user/Workspace/Reproducibility/Reproducibility-Scanner/benchmarks/growingbugs/framework/bin/defects4j line 195.
Error: compile: Deltaspike_api-5b
Running ant (compile.tests)................................................ FAIL
Executed command:  cd /tmp/test_d4j_31047_1657601390/test_trigger/Deltaspike_api && /data-depot/user/Workspace/Reproducibility/Reproducibility-Scanner/benchmarks/growingbugs/major/bin/ant -f /data-depot/user/Workspace/Reproducibility/Reproducibility-Scanner/benchmarks/growingbugs/framework/projects/defects4j.build.xml -Dd4j.home=/data-depot/user/Workspace/Reproducibility/Reproducibility-Scanner/benchmarks/growingbugs -Dd4j.dir.projects=/data-depot/user/Workspace/Reproducibility/Reproducibility-Scanner/benchmarks/growingbugs/framework/projects -Dbasedir=/tmp/test_d4j_31047_1657601390/test_trigger/Deltaspike_api -Dbuild.compiler=javac1.8  compile.tests 2>&1
OpenJDK 64-Bit Server VM warning: ignoring option MaxPermSize=1G; support was removed in 8.0
Buildfile: /data-depot/user/Workspace/Reproducibility/Reproducibility-Scanner/benchmarks/growingbugs/framework/projects/defects4j.build.xml

test-offline:

get-deps:

compile:
    [javac] /tmp/test_d4j_31047_1657601390/test_trigger/Deltaspike_api/maven-build.xml:115: warning: 'includeantruntime' was not set, defaulting to build.sysclasspath=last; set to false for repeatable builds

BUILD FAILED
/tmp/test_d4j_31047_1657601390/test_trigger/Deltaspike_api/maven-build.xml:115: srcdir "/tmp/test_d4j_31047_1657601390/test_trigger/Deltaspike_api/src/main/java" does not exist!

Total time: 0 seconds
Cannot compile test suite! at /data-depot/user/Workspace/Reproducibility/Reproducibility-Scanner/benchmarks/growingbugs/framework/bin/d4j/d4j-test line 130.
Compilation failed in require at /data-depot/user/Workspace/Reproducibility/Reproducibility-Scanner/benchmarks/growingbugs/framework/bin/defects4j line 195.
Error: run relevant tests: Deltaspike_api-5b
cat: /tmp/test_d4j_31047_1657601390/test_trigger/Deltaspike_api/failing_tests: No such file or directory
grep: /tmp/test_d4j_31047_1657601390/test_trigger/Deltaspike_api/failing_tests: No such file or directory
Error: verify number of triggering tests: Deltaspike_api-5b (expected: 1, actual: 0)
grep: /tmp/test_d4j_31047_1657601390/test_trigger/Deltaspike_api/failing_tests: No such file or directory
Error: expected triggering test org.apache.deltaspike.test.api.config.ConfigResolverTest::testConfiguredListValues_NotExisting did not fail
Check out program version: Deltaspike_api-5f............................... OK
Running ant (compile)...................................................... FAIL
Executed command:  cd /tmp/test_d4j_31047_1657601390/test_trigger/Deltaspike_api && /data-depot/user/Workspace/Reproducibility/Reproducibility-Scanner/benchmarks/growingbugs/major/bin/ant -f /data-depot/user/Workspace/Reproducibility/Reproducibility-Scanner/benchmarks/growingbugs/framework/projects/defects4j.build.xml -Dd4j.home=/data-depot/user/Workspace/Reproducibility/Reproducibility-Scanner/benchmarks/growingbugs -Dd4j.dir.projects=/data-depot/user/Workspace/Reproducibility/Reproducibility-Scanner/benchmarks/growingbugs/framework/projects -Dbasedir=/tmp/test_d4j_31047_1657601390/test_trigger/Deltaspike_api -Dbuild.compiler=javac1.8  compile 2>&1
OpenJDK 64-Bit Server VM warning: ignoring option MaxPermSize=1G; support was removed in 8.0
Buildfile: /data-depot/user/Workspace/Reproducibility/Reproducibility-Scanner/benchmarks/growingbugs/framework/projects/defects4j.build.xml

test-offline:

get-deps:

compile:
    [mkdir] Created dir: /tmp/test_d4j_31047_1657601390/test_trigger/Deltaspike_api/target/classes
    [javac] /tmp/test_d4j_31047_1657601390/test_trigger/Deltaspike_api/maven-build.xml:115: warning: 'includeantruntime' was not set, defaulting to build.sysclasspath=last; set to false for repeatable builds

BUILD FAILED
/tmp/test_d4j_31047_1657601390/test_trigger/Deltaspike_api/maven-build.xml:115: srcdir "/tmp/test_d4j_31047_1657601390/test_trigger/Deltaspike_api/src/main/java" does not exist!

Total time: 0 seconds
Cannot compile sources! at /data-depot/user/Workspace/Reproducibility/Reproducibility-Scanner/benchmarks/growingbugs/framework/bin/d4j/d4j-compile line 82.
Compilation failed in require at /data-depot/user/Workspace/Reproducibility/Reproducibility-Scanner/benchmarks/growingbugs/framework/bin/defects4j line 195.
Error: compile: Deltaspike_api-5f
Running ant (compile.tests)................................................ FAIL
Executed command:  cd /tmp/test_d4j_31047_1657601390/test_trigger/Deltaspike_api && /data-depot/user/Workspace/Reproducibility/Reproducibility-Scanner/benchmarks/growingbugs/major/bin/ant -f /data-depot/user/Workspace/Reproducibility/Reproducibility-Scanner/benchmarks/growingbugs/framework/projects/defects4j.build.xml -Dd4j.home=/data-depot/user/Workspace/Reproducibility/Reproducibility-Scanner/benchmarks/growingbugs -Dd4j.dir.projects=/data-depot/user/Workspace/Reproducibility/Reproducibility-Scanner/benchmarks/growingbugs/framework/projects -Dbasedir=/tmp/test_d4j_31047_1657601390/test_trigger/Deltaspike_api -Dbuild.compiler=javac1.8  compile.tests 2>&1
OpenJDK 64-Bit Server VM warning: ignoring option MaxPermSize=1G; support was removed in 8.0
Buildfile: /data-depot/user/Workspace/Reproducibility/Reproducibility-Scanner/benchmarks/growingbugs/framework/projects/defects4j.build.xml

test-offline:

get-deps:

compile:
    [javac] /tmp/test_d4j_31047_1657601390/test_trigger/Deltaspike_api/maven-build.xml:115: warning: 'includeantruntime' was not set, defaulting to build.sysclasspath=last; set to false for repeatable builds

BUILD FAILED
/tmp/test_d4j_31047_1657601390/test_trigger/Deltaspike_api/maven-build.xml:115: srcdir "/tmp/test_d4j_31047_1657601390/test_trigger/Deltaspike_api/src/main/java" does not exist!

Total time: 0 seconds
Cannot compile test suite! at /data-depot/user/Workspace/Reproducibility/Reproducibility-Scanner/benchmarks/growingbugs/framework/bin/d4j/d4j-test line 130.
Compilation failed in require at /data-depot/user/Workspace/Reproducibility/Reproducibility-Scanner/benchmarks/growingbugs/framework/bin/defects4j line 195.
Error: run relevant tests: Deltaspike_api-5f
cat: /tmp/test_d4j_31047_1657601390/test_trigger/Deltaspike_api/failing_tests: No such file or directory
grep: /tmp/test_d4j_31047_1657601390/test_trigger/Deltaspike_api/failing_tests: No such file or directory
================================================================================
The following errors occurred:
Error: compile: Deltaspike_api-5b
Error: run relevant tests: Deltaspike_api-5b
Error: verify number of triggering tests: Deltaspike_api-5b (expected: 1, actual: 0)
Error: expected triggering test org.apache.deltaspike.test.api.config.ConfigResolverTest::testConfiguredListValues_NotExisting did not fail
Error: compile: Deltaspike_api-5f
Error: run relevant tests: Deltaspike_api-5f
================================================================================
FAILED
