Checking out 8ac3165d to /tmp/test_d4j_22612_1657586500/test_trigger/Hivema OK
Init local repository...................................................... OK
Tag post-fix revision...................................................... OK
Copy generated Ant build file.............................................. OK
Run post-checkout hook..................................................... OK
Excluding broken/flaky tests............................................... OK
Initialize fixed program version........................................... OK
Apply patch................................................................ OK
Initialize buggy program version........................................... OK
Diff 8ac3165d:91201030..................................................... OK
Apply patch................................................................ OK
Tag pre-fix revision....................................................... OK
Check out program version: Hivemall_core-2b................................ OK
Running ant (compile)...................................................... FAIL
Executed command:  cd /tmp/test_d4j_22612_1657586500/test_trigger/Hivemall_core && /data-depot/user/Workspace/Reproducibility/Reproducibility-Scanner/benchmarks/growingbugs/major/bin/ant -f /data-depot/user/Workspace/Reproducibility/Reproducibility-Scanner/benchmarks/growingbugs/framework/projects/defects4j.build.xml -Dd4j.home=/data-depot/user/Workspace/Reproducibility/Reproducibility-Scanner/benchmarks/growingbugs -Dd4j.dir.projects=/data-depot/user/Workspace/Reproducibility/Reproducibility-Scanner/benchmarks/growingbugs/framework/projects -Dbasedir=/tmp/test_d4j_22612_1657586500/test_trigger/Hivemall_core -Dbuild.compiler=javac1.8  compile 2>&1
OpenJDK 64-Bit Server VM warning: ignoring option MaxPermSize=1G; support was removed in 8.0
Buildfile: /data-depot/user/Workspace/Reproducibility/Reproducibility-Scanner/benchmarks/growingbugs/framework/projects/defects4j.build.xml

test-offline:

get-deps:

compile:
    [mkdir] Created dir: /tmp/test_d4j_22612_1657586500/test_trigger/Hivemall_core/target/classes
    [javac] /tmp/test_d4j_22612_1657586500/test_trigger/Hivemall_core/maven-build.xml:318: warning: 'includeantruntime' was not set, defaulting to build.sysclasspath=last; set to false for repeatable builds

BUILD FAILED
/tmp/test_d4j_22612_1657586500/test_trigger/Hivemall_core/maven-build.xml:318: srcdir "/tmp/test_d4j_22612_1657586500/test_trigger/Hivemall_core/src/main/java" does not exist!

Total time: 0 seconds
Cannot compile sources! at /data-depot/user/Workspace/Reproducibility/Reproducibility-Scanner/benchmarks/growingbugs/framework/bin/d4j/d4j-compile line 82.
Compilation failed in require at /data-depot/user/Workspace/Reproducibility/Reproducibility-Scanner/benchmarks/growingbugs/framework/bin/defects4j line 195.
Error: compile: Hivemall_core-2b
Running ant (compile.tests)................................................ FAIL
Executed command:  cd /tmp/test_d4j_22612_1657586500/test_trigger/Hivemall_core && /data-depot/user/Workspace/Reproducibility/Reproducibility-Scanner/benchmarks/growingbugs/major/bin/ant -f /data-depot/user/Workspace/Reproducibility/Reproducibility-Scanner/benchmarks/growingbugs/framework/projects/defects4j.build.xml -Dd4j.home=/data-depot/user/Workspace/Reproducibility/Reproducibility-Scanner/benchmarks/growingbugs -Dd4j.dir.projects=/data-depot/user/Workspace/Reproducibility/Reproducibility-Scanner/benchmarks/growingbugs/framework/projects -Dbasedir=/tmp/test_d4j_22612_1657586500/test_trigger/Hivemall_core -Dbuild.compiler=javac1.8  compile.tests 2>&1
OpenJDK 64-Bit Server VM warning: ignoring option MaxPermSize=1G; support was removed in 8.0
Buildfile: /data-depot/user/Workspace/Reproducibility/Reproducibility-Scanner/benchmarks/growingbugs/framework/projects/defects4j.build.xml

test-offline:

get-deps:

compile:
    [javac] /tmp/test_d4j_22612_1657586500/test_trigger/Hivemall_core/maven-build.xml:318: warning: 'includeantruntime' was not set, defaulting to build.sysclasspath=last; set to false for repeatable builds

BUILD FAILED
/tmp/test_d4j_22612_1657586500/test_trigger/Hivemall_core/maven-build.xml:318: srcdir "/tmp/test_d4j_22612_1657586500/test_trigger/Hivemall_core/src/main/java" does not exist!

Total time: 0 seconds
Cannot compile test suite! at /data-depot/user/Workspace/Reproducibility/Reproducibility-Scanner/benchmarks/growingbugs/framework/bin/d4j/d4j-test line 130.
Compilation failed in require at /data-depot/user/Workspace/Reproducibility/Reproducibility-Scanner/benchmarks/growingbugs/framework/bin/defects4j line 195.
Error: run relevant tests: Hivemall_core-2b
cat: /tmp/test_d4j_22612_1657586500/test_trigger/Hivemall_core/failing_tests: No such file or directory
grep: /tmp/test_d4j_22612_1657586500/test_trigger/Hivemall_core/failing_tests: No such file or directory
Error: verify number of triggering tests: Hivemall_core-2b (expected: 1, actual: 0)
grep: /tmp/test_d4j_22612_1657586500/test_trigger/Hivemall_core/failing_tests: No such file or directory
Error: expected triggering test hivemall.topicmodel.LDAUDTFTest::testSingleRow did not fail
Check out program version: Hivemall_core-2f................................ OK
Running ant (compile)...................................................... FAIL
Executed command:  cd /tmp/test_d4j_22612_1657586500/test_trigger/Hivemall_core && /data-depot/user/Workspace/Reproducibility/Reproducibility-Scanner/benchmarks/growingbugs/major/bin/ant -f /data-depot/user/Workspace/Reproducibility/Reproducibility-Scanner/benchmarks/growingbugs/framework/projects/defects4j.build.xml -Dd4j.home=/data-depot/user/Workspace/Reproducibility/Reproducibility-Scanner/benchmarks/growingbugs -Dd4j.dir.projects=/data-depot/user/Workspace/Reproducibility/Reproducibility-Scanner/benchmarks/growingbugs/framework/projects -Dbasedir=/tmp/test_d4j_22612_1657586500/test_trigger/Hivemall_core -Dbuild.compiler=javac1.8  compile 2>&1
OpenJDK 64-Bit Server VM warning: ignoring option MaxPermSize=1G; support was removed in 8.0
Buildfile: /data-depot/user/Workspace/Reproducibility/Reproducibility-Scanner/benchmarks/growingbugs/framework/projects/defects4j.build.xml

test-offline:

get-deps:

compile:
    [mkdir] Created dir: /tmp/test_d4j_22612_1657586500/test_trigger/Hivemall_core/target/classes
    [javac] /tmp/test_d4j_22612_1657586500/test_trigger/Hivemall_core/maven-build.xml:318: warning: 'includeantruntime' was not set, defaulting to build.sysclasspath=last; set to false for repeatable builds

BUILD FAILED
/tmp/test_d4j_22612_1657586500/test_trigger/Hivemall_core/maven-build.xml:318: srcdir "/tmp/test_d4j_22612_1657586500/test_trigger/Hivemall_core/src/main/java" does not exist!

Total time: 0 seconds
Cannot compile sources! at /data-depot/user/Workspace/Reproducibility/Reproducibility-Scanner/benchmarks/growingbugs/framework/bin/d4j/d4j-compile line 82.
Compilation failed in require at /data-depot/user/Workspace/Reproducibility/Reproducibility-Scanner/benchmarks/growingbugs/framework/bin/defects4j line 195.
Error: compile: Hivemall_core-2f
Running ant (compile.tests)................................................ FAIL
Executed command:  cd /tmp/test_d4j_22612_1657586500/test_trigger/Hivemall_core && /data-depot/user/Workspace/Reproducibility/Reproducibility-Scanner/benchmarks/growingbugs/major/bin/ant -f /data-depot/user/Workspace/Reproducibility/Reproducibility-Scanner/benchmarks/growingbugs/framework/projects/defects4j.build.xml -Dd4j.home=/data-depot/user/Workspace/Reproducibility/Reproducibility-Scanner/benchmarks/growingbugs -Dd4j.dir.projects=/data-depot/user/Workspace/Reproducibility/Reproducibility-Scanner/benchmarks/growingbugs/framework/projects -Dbasedir=/tmp/test_d4j_22612_1657586500/test_trigger/Hivemall_core -Dbuild.compiler=javac1.8  compile.tests 2>&1
OpenJDK 64-Bit Server VM warning: ignoring option MaxPermSize=1G; support was removed in 8.0
Buildfile: /data-depot/user/Workspace/Reproducibility/Reproducibility-Scanner/benchmarks/growingbugs/framework/projects/defects4j.build.xml

test-offline:

get-deps:

compile:
    [javac] /tmp/test_d4j_22612_1657586500/test_trigger/Hivemall_core/maven-build.xml:318: warning: 'includeantruntime' was not set, defaulting to build.sysclasspath=last; set to false for repeatable builds

BUILD FAILED
/tmp/test_d4j_22612_1657586500/test_trigger/Hivemall_core/maven-build.xml:318: srcdir "/tmp/test_d4j_22612_1657586500/test_trigger/Hivemall_core/src/main/java" does not exist!

Total time: 0 seconds
Cannot compile test suite! at /data-depot/user/Workspace/Reproducibility/Reproducibility-Scanner/benchmarks/growingbugs/framework/bin/d4j/d4j-test line 130.
Compilation failed in require at /data-depot/user/Workspace/Reproducibility/Reproducibility-Scanner/benchmarks/growingbugs/framework/bin/defects4j line 195.
Error: run relevant tests: Hivemall_core-2f
cat: /tmp/test_d4j_22612_1657586500/test_trigger/Hivemall_core/failing_tests: No such file or directory
grep: /tmp/test_d4j_22612_1657586500/test_trigger/Hivemall_core/failing_tests: No such file or directory
================================================================================
The following errors occurred:
Error: compile: Hivemall_core-2b
Error: run relevant tests: Hivemall_core-2b
Error: verify number of triggering tests: Hivemall_core-2b (expected: 1, actual: 0)
Error: expected triggering test hivemall.topicmodel.LDAUDTFTest::testSingleRow did not fail
Error: compile: Hivemall_core-2f
Error: run relevant tests: Hivemall_core-2f
================================================================================
FAILED
