Checking out 784878de to /tmp/test_d4j_26307_1657584973/test_trigger/Httpco OK
Init local repository...................................................... OK
Tag post-fix revision...................................................... OK
Copy generated Ant build file.............................................. OK
Run post-checkout hook..................................................... OK
Excluding broken/flaky tests............................................... OK
Initialize fixed program version........................................... OK
Apply patch................................................................ OK
Initialize buggy program version........................................... OK
Diff 784878de:00926e8b..................................................... OK
Apply patch................................................................ OK
Tag pre-fix revision....................................................... OK
Check out program version: Httpcomponents_core_h2-1b....................... OK
Running ant (compile)...................................................... FAIL
Executed command:  cd /tmp/test_d4j_26307_1657584973/test_trigger/Httpcomponents_core_h2 && /data-depot/user/Workspace/Reproducibility/Reproducibility-Scanner/benchmarks/growingbugs/major/bin/ant -f /data-depot/user/Workspace/Reproducibility/Reproducibility-Scanner/benchmarks/growingbugs/framework/projects/defects4j.build.xml -Dd4j.home=/data-depot/user/Workspace/Reproducibility/Reproducibility-Scanner/benchmarks/growingbugs -Dd4j.dir.projects=/data-depot/user/Workspace/Reproducibility/Reproducibility-Scanner/benchmarks/growingbugs/framework/projects -Dbasedir=/tmp/test_d4j_26307_1657584973/test_trigger/Httpcomponents_core_h2 -Dbuild.compiler=javac1.8  compile 2>&1
OpenJDK 64-Bit Server VM warning: ignoring option MaxPermSize=1G; support was removed in 8.0
Buildfile: /data-depot/user/Workspace/Reproducibility/Reproducibility-Scanner/benchmarks/growingbugs/framework/projects/defects4j.build.xml

test-offline:

get-deps:

compile:
    [mkdir] Created dir: /tmp/test_d4j_26307_1657584973/test_trigger/Httpcomponents_core_h2/target/classes
    [javac] /tmp/test_d4j_26307_1657584973/test_trigger/Httpcomponents_core_h2/maven-build.xml:87: warning: 'includeantruntime' was not set, defaulting to build.sysclasspath=last; set to false for repeatable builds

BUILD FAILED
/tmp/test_d4j_26307_1657584973/test_trigger/Httpcomponents_core_h2/maven-build.xml:87: srcdir "/tmp/test_d4j_26307_1657584973/test_trigger/Httpcomponents_core_h2/src/main/java" does not exist!

Total time: 0 seconds
Cannot compile sources! at /data-depot/user/Workspace/Reproducibility/Reproducibility-Scanner/benchmarks/growingbugs/framework/bin/d4j/d4j-compile line 82.
Compilation failed in require at /data-depot/user/Workspace/Reproducibility/Reproducibility-Scanner/benchmarks/growingbugs/framework/bin/defects4j line 195.
Error: compile: Httpcomponents_core_h2-1b
Running ant (compile.tests)................................................ FAIL
Executed command:  cd /tmp/test_d4j_26307_1657584973/test_trigger/Httpcomponents_core_h2 && /data-depot/user/Workspace/Reproducibility/Reproducibility-Scanner/benchmarks/growingbugs/major/bin/ant -f /data-depot/user/Workspace/Reproducibility/Reproducibility-Scanner/benchmarks/growingbugs/framework/projects/defects4j.build.xml -Dd4j.home=/data-depot/user/Workspace/Reproducibility/Reproducibility-Scanner/benchmarks/growingbugs -Dd4j.dir.projects=/data-depot/user/Workspace/Reproducibility/Reproducibility-Scanner/benchmarks/growingbugs/framework/projects -Dbasedir=/tmp/test_d4j_26307_1657584973/test_trigger/Httpcomponents_core_h2 -Dbuild.compiler=javac1.8  compile.tests 2>&1
OpenJDK 64-Bit Server VM warning: ignoring option MaxPermSize=1G; support was removed in 8.0
Buildfile: /data-depot/user/Workspace/Reproducibility/Reproducibility-Scanner/benchmarks/growingbugs/framework/projects/defects4j.build.xml

test-offline:

get-deps:

compile:
    [javac] /tmp/test_d4j_26307_1657584973/test_trigger/Httpcomponents_core_h2/maven-build.xml:87: warning: 'includeantruntime' was not set, defaulting to build.sysclasspath=last; set to false for repeatable builds

BUILD FAILED
/tmp/test_d4j_26307_1657584973/test_trigger/Httpcomponents_core_h2/maven-build.xml:87: srcdir "/tmp/test_d4j_26307_1657584973/test_trigger/Httpcomponents_core_h2/src/main/java" does not exist!

Total time: 0 seconds
Cannot compile test suite! at /data-depot/user/Workspace/Reproducibility/Reproducibility-Scanner/benchmarks/growingbugs/framework/bin/d4j/d4j-test line 130.
Compilation failed in require at /data-depot/user/Workspace/Reproducibility/Reproducibility-Scanner/benchmarks/growingbugs/framework/bin/defects4j line 195.
Error: run relevant tests: Httpcomponents_core_h2-1b
cat: /tmp/test_d4j_26307_1657584973/test_trigger/Httpcomponents_core_h2/failing_tests: No such file or directory
grep: /tmp/test_d4j_26307_1657584973/test_trigger/Httpcomponents_core_h2/failing_tests: No such file or directory
Error: verify number of triggering tests: Httpcomponents_core_h2-1b (expected: 3, actual: 0)
grep: /tmp/test_d4j_26307_1657584973/test_trigger/Httpcomponents_core_h2/failing_tests: No such file or directory
Error: expected triggering test org.apache.hc.core5.http2.hpack.TestHPackCoding::testBasicStringCoding did not fail
grep: /tmp/test_d4j_26307_1657584973/test_trigger/Httpcomponents_core_h2/failing_tests: No such file or directory
Error: expected triggering test org.apache.hc.core5.http2.hpack.TestHPackCoding::testComplexStringCoding1 did not fail
grep: /tmp/test_d4j_26307_1657584973/test_trigger/Httpcomponents_core_h2/failing_tests: No such file or directory
Error: expected triggering test org.apache.hc.core5.http2.hpack.TestHPackCoding::testComplexStringCoding2 did not fail
Check out program version: Httpcomponents_core_h2-1f....................... OK
Running ant (compile)...................................................... FAIL
Executed command:  cd /tmp/test_d4j_26307_1657584973/test_trigger/Httpcomponents_core_h2 && /data-depot/user/Workspace/Reproducibility/Reproducibility-Scanner/benchmarks/growingbugs/major/bin/ant -f /data-depot/user/Workspace/Reproducibility/Reproducibility-Scanner/benchmarks/growingbugs/framework/projects/defects4j.build.xml -Dd4j.home=/data-depot/user/Workspace/Reproducibility/Reproducibility-Scanner/benchmarks/growingbugs -Dd4j.dir.projects=/data-depot/user/Workspace/Reproducibility/Reproducibility-Scanner/benchmarks/growingbugs/framework/projects -Dbasedir=/tmp/test_d4j_26307_1657584973/test_trigger/Httpcomponents_core_h2 -Dbuild.compiler=javac1.8  compile 2>&1
OpenJDK 64-Bit Server VM warning: ignoring option MaxPermSize=1G; support was removed in 8.0
Buildfile: /data-depot/user/Workspace/Reproducibility/Reproducibility-Scanner/benchmarks/growingbugs/framework/projects/defects4j.build.xml

test-offline:

get-deps:

compile:
    [mkdir] Created dir: /tmp/test_d4j_26307_1657584973/test_trigger/Httpcomponents_core_h2/target/classes
    [javac] /tmp/test_d4j_26307_1657584973/test_trigger/Httpcomponents_core_h2/maven-build.xml:87: warning: 'includeantruntime' was not set, defaulting to build.sysclasspath=last; set to false for repeatable builds

BUILD FAILED
/tmp/test_d4j_26307_1657584973/test_trigger/Httpcomponents_core_h2/maven-build.xml:87: srcdir "/tmp/test_d4j_26307_1657584973/test_trigger/Httpcomponents_core_h2/src/main/java" does not exist!

Total time: 0 seconds
Cannot compile sources! at /data-depot/user/Workspace/Reproducibility/Reproducibility-Scanner/benchmarks/growingbugs/framework/bin/d4j/d4j-compile line 82.
Compilation failed in require at /data-depot/user/Workspace/Reproducibility/Reproducibility-Scanner/benchmarks/growingbugs/framework/bin/defects4j line 195.
Error: compile: Httpcomponents_core_h2-1f
Running ant (compile.tests)................................................ FAIL
Executed command:  cd /tmp/test_d4j_26307_1657584973/test_trigger/Httpcomponents_core_h2 && /data-depot/user/Workspace/Reproducibility/Reproducibility-Scanner/benchmarks/growingbugs/major/bin/ant -f /data-depot/user/Workspace/Reproducibility/Reproducibility-Scanner/benchmarks/growingbugs/framework/projects/defects4j.build.xml -Dd4j.home=/data-depot/user/Workspace/Reproducibility/Reproducibility-Scanner/benchmarks/growingbugs -Dd4j.dir.projects=/data-depot/user/Workspace/Reproducibility/Reproducibility-Scanner/benchmarks/growingbugs/framework/projects -Dbasedir=/tmp/test_d4j_26307_1657584973/test_trigger/Httpcomponents_core_h2 -Dbuild.compiler=javac1.8  compile.tests 2>&1
OpenJDK 64-Bit Server VM warning: ignoring option MaxPermSize=1G; support was removed in 8.0
Buildfile: /data-depot/user/Workspace/Reproducibility/Reproducibility-Scanner/benchmarks/growingbugs/framework/projects/defects4j.build.xml

test-offline:

get-deps:

compile:
    [javac] /tmp/test_d4j_26307_1657584973/test_trigger/Httpcomponents_core_h2/maven-build.xml:87: warning: 'includeantruntime' was not set, defaulting to build.sysclasspath=last; set to false for repeatable builds

BUILD FAILED
/tmp/test_d4j_26307_1657584973/test_trigger/Httpcomponents_core_h2/maven-build.xml:87: srcdir "/tmp/test_d4j_26307_1657584973/test_trigger/Httpcomponents_core_h2/src/main/java" does not exist!

Total time: 0 seconds
Cannot compile test suite! at /data-depot/user/Workspace/Reproducibility/Reproducibility-Scanner/benchmarks/growingbugs/framework/bin/d4j/d4j-test line 130.
Compilation failed in require at /data-depot/user/Workspace/Reproducibility/Reproducibility-Scanner/benchmarks/growingbugs/framework/bin/defects4j line 195.
Error: run relevant tests: Httpcomponents_core_h2-1f
cat: /tmp/test_d4j_26307_1657584973/test_trigger/Httpcomponents_core_h2/failing_tests: No such file or directory
grep: /tmp/test_d4j_26307_1657584973/test_trigger/Httpcomponents_core_h2/failing_tests: No such file or directory
================================================================================
The following errors occurred:
Error: compile: Httpcomponents_core_h2-1b
Error: run relevant tests: Httpcomponents_core_h2-1b
Error: verify number of triggering tests: Httpcomponents_core_h2-1b (expected: 3, actual: 0)
Error: expected triggering test org.apache.hc.core5.http2.hpack.TestHPackCoding::testBasicStringCoding did not fail
Error: expected triggering test org.apache.hc.core5.http2.hpack.TestHPackCoding::testComplexStringCoding1 did not fail
Error: expected triggering test org.apache.hc.core5.http2.hpack.TestHPackCoding::testComplexStringCoding2 did not fail
Error: compile: Httpcomponents_core_h2-1f
Error: run relevant tests: Httpcomponents_core_h2-1f
================================================================================
FAILED
