Checking out 8d38e36c to /tmp/test_d4j_17711_1657601901/test_trigger/Tika_a OK
Init local repository...................................................... OK
Tag post-fix revision...................................................... OK
Copy generated Ant build file.............................................. OK
Run post-checkout hook..................................................... OK
Initialize fixed program version........................................... OK
Apply patch................................................................ OK
Initialize buggy program version........................................... OK
Diff 8d38e36c:bf24bc0a..................................................... OK
Apply patch................................................................ OK
Tag pre-fix revision....................................................... OK
Check out program version: Tika_app-1b..................................... OK
Running ant (compile)...................................................... FAIL
Executed command:  cd /tmp/test_d4j_17711_1657601901/test_trigger/Tika_app && /data-depot/user/Workspace/Reproducibility/Reproducibility-Scanner/benchmarks/growingbugs/major/bin/ant -f /data-depot/user/Workspace/Reproducibility/Reproducibility-Scanner/benchmarks/growingbugs/framework/projects/defects4j.build.xml -Dd4j.home=/data-depot/user/Workspace/Reproducibility/Reproducibility-Scanner/benchmarks/growingbugs -Dd4j.dir.projects=/data-depot/user/Workspace/Reproducibility/Reproducibility-Scanner/benchmarks/growingbugs/framework/projects -Dbasedir=/tmp/test_d4j_17711_1657601901/test_trigger/Tika_app -Dbuild.compiler=javac1.8  compile 2>&1
OpenJDK 64-Bit Server VM warning: ignoring option MaxPermSize=1G; support was removed in 8.0
Buildfile: /data-depot/user/Workspace/Reproducibility/Reproducibility-Scanner/benchmarks/growingbugs/framework/projects/defects4j.build.xml

test-offline:

get-deps:

tika-app-from-maven.compile:
    [mkdir] Created dir: /tmp/test_d4j_17711_1657601901/test_trigger/Tika_app/target/classes
    [javac] /tmp/test_d4j_17711_1657601901/test_trigger/Tika_app/maven-build.xml:158: warning: 'includeantruntime' was not set, defaulting to build.sysclasspath=last; set to false for repeatable builds

BUILD FAILED
/tmp/test_d4j_17711_1657601901/test_trigger/Tika_app/maven-build.xml:158: srcdir "/tmp/test_d4j_17711_1657601901/test_trigger/Tika_app/src/main/java" does not exist!

Total time: 0 seconds
Cannot compile sources! at /data-depot/user/Workspace/Reproducibility/Reproducibility-Scanner/benchmarks/growingbugs/framework/bin/d4j/d4j-compile line 82.
Compilation failed in require at /data-depot/user/Workspace/Reproducibility/Reproducibility-Scanner/benchmarks/growingbugs/framework/bin/defects4j line 195.
Error: compile: Tika_app-1b
Running ant (compile.tests)................................................ FAIL
Executed command:  cd /tmp/test_d4j_17711_1657601901/test_trigger/Tika_app && /data-depot/user/Workspace/Reproducibility/Reproducibility-Scanner/benchmarks/growingbugs/major/bin/ant -f /data-depot/user/Workspace/Reproducibility/Reproducibility-Scanner/benchmarks/growingbugs/framework/projects/defects4j.build.xml -Dd4j.home=/data-depot/user/Workspace/Reproducibility/Reproducibility-Scanner/benchmarks/growingbugs -Dd4j.dir.projects=/data-depot/user/Workspace/Reproducibility/Reproducibility-Scanner/benchmarks/growingbugs/framework/projects -Dbasedir=/tmp/test_d4j_17711_1657601901/test_trigger/Tika_app -Dbuild.compiler=javac1.8  compile.tests 2>&1
OpenJDK 64-Bit Server VM warning: ignoring option MaxPermSize=1G; support was removed in 8.0
Buildfile: /data-depot/user/Workspace/Reproducibility/Reproducibility-Scanner/benchmarks/growingbugs/framework/projects/defects4j.build.xml

test-offline:

get-deps:

tika-app-from-maven.compile:
    [javac] /tmp/test_d4j_17711_1657601901/test_trigger/Tika_app/maven-build.xml:158: warning: 'includeantruntime' was not set, defaulting to build.sysclasspath=last; set to false for repeatable builds

BUILD FAILED
/tmp/test_d4j_17711_1657601901/test_trigger/Tika_app/maven-build.xml:158: srcdir "/tmp/test_d4j_17711_1657601901/test_trigger/Tika_app/src/main/java" does not exist!

Total time: 0 seconds
Cannot compile test suite! at /data-depot/user/Workspace/Reproducibility/Reproducibility-Scanner/benchmarks/growingbugs/framework/bin/d4j/d4j-test line 130.
Compilation failed in require at /data-depot/user/Workspace/Reproducibility/Reproducibility-Scanner/benchmarks/growingbugs/framework/bin/defects4j line 195.
Error: run relevant tests: Tika_app-1b
cat: /tmp/test_d4j_17711_1657601901/test_trigger/Tika_app/failing_tests: No such file or directory
grep: /tmp/test_d4j_17711_1657601901/test_trigger/Tika_app/failing_tests: No such file or directory
Error: verify number of triggering tests: Tika_app-1b (expected: 1, actual: 0)
grep: /tmp/test_d4j_17711_1657601901/test_trigger/Tika_app/failing_tests: No such file or directory
Error: expected triggering test org.apache.tika.cli.TikaCLITest::testMultiValuedMetadata did not fail
Check out program version: Tika_app-1f..................................... OK
Running ant (compile)...................................................... FAIL
Executed command:  cd /tmp/test_d4j_17711_1657601901/test_trigger/Tika_app && /data-depot/user/Workspace/Reproducibility/Reproducibility-Scanner/benchmarks/growingbugs/major/bin/ant -f /data-depot/user/Workspace/Reproducibility/Reproducibility-Scanner/benchmarks/growingbugs/framework/projects/defects4j.build.xml -Dd4j.home=/data-depot/user/Workspace/Reproducibility/Reproducibility-Scanner/benchmarks/growingbugs -Dd4j.dir.projects=/data-depot/user/Workspace/Reproducibility/Reproducibility-Scanner/benchmarks/growingbugs/framework/projects -Dbasedir=/tmp/test_d4j_17711_1657601901/test_trigger/Tika_app -Dbuild.compiler=javac1.8  compile 2>&1
OpenJDK 64-Bit Server VM warning: ignoring option MaxPermSize=1G; support was removed in 8.0
Buildfile: /data-depot/user/Workspace/Reproducibility/Reproducibility-Scanner/benchmarks/growingbugs/framework/projects/defects4j.build.xml

test-offline:

get-deps:

tika-app-from-maven.compile:
    [mkdir] Created dir: /tmp/test_d4j_17711_1657601901/test_trigger/Tika_app/target/classes
    [javac] /tmp/test_d4j_17711_1657601901/test_trigger/Tika_app/maven-build.xml:158: warning: 'includeantruntime' was not set, defaulting to build.sysclasspath=last; set to false for repeatable builds

BUILD FAILED
/tmp/test_d4j_17711_1657601901/test_trigger/Tika_app/maven-build.xml:158: srcdir "/tmp/test_d4j_17711_1657601901/test_trigger/Tika_app/src/main/java" does not exist!

Total time: 0 seconds
Cannot compile sources! at /data-depot/user/Workspace/Reproducibility/Reproducibility-Scanner/benchmarks/growingbugs/framework/bin/d4j/d4j-compile line 82.
Compilation failed in require at /data-depot/user/Workspace/Reproducibility/Reproducibility-Scanner/benchmarks/growingbugs/framework/bin/defects4j line 195.
Error: compile: Tika_app-1f
Running ant (compile.tests)................................................ FAIL
Executed command:  cd /tmp/test_d4j_17711_1657601901/test_trigger/Tika_app && /data-depot/user/Workspace/Reproducibility/Reproducibility-Scanner/benchmarks/growingbugs/major/bin/ant -f /data-depot/user/Workspace/Reproducibility/Reproducibility-Scanner/benchmarks/growingbugs/framework/projects/defects4j.build.xml -Dd4j.home=/data-depot/user/Workspace/Reproducibility/Reproducibility-Scanner/benchmarks/growingbugs -Dd4j.dir.projects=/data-depot/user/Workspace/Reproducibility/Reproducibility-Scanner/benchmarks/growingbugs/framework/projects -Dbasedir=/tmp/test_d4j_17711_1657601901/test_trigger/Tika_app -Dbuild.compiler=javac1.8  compile.tests 2>&1
OpenJDK 64-Bit Server VM warning: ignoring option MaxPermSize=1G; support was removed in 8.0
Buildfile: /data-depot/user/Workspace/Reproducibility/Reproducibility-Scanner/benchmarks/growingbugs/framework/projects/defects4j.build.xml

test-offline:

get-deps:

tika-app-from-maven.compile:
    [javac] /tmp/test_d4j_17711_1657601901/test_trigger/Tika_app/maven-build.xml:158: warning: 'includeantruntime' was not set, defaulting to build.sysclasspath=last; set to false for repeatable builds

BUILD FAILED
/tmp/test_d4j_17711_1657601901/test_trigger/Tika_app/maven-build.xml:158: srcdir "/tmp/test_d4j_17711_1657601901/test_trigger/Tika_app/src/main/java" does not exist!

Total time: 0 seconds
Cannot compile test suite! at /data-depot/user/Workspace/Reproducibility/Reproducibility-Scanner/benchmarks/growingbugs/framework/bin/d4j/d4j-test line 130.
Compilation failed in require at /data-depot/user/Workspace/Reproducibility/Reproducibility-Scanner/benchmarks/growingbugs/framework/bin/defects4j line 195.
Error: run relevant tests: Tika_app-1f
cat: /tmp/test_d4j_17711_1657601901/test_trigger/Tika_app/failing_tests: No such file or directory
grep: /tmp/test_d4j_17711_1657601901/test_trigger/Tika_app/failing_tests: No such file or directory
================================================================================
The following errors occurred:
Error: compile: Tika_app-1b
Error: run relevant tests: Tika_app-1b
Error: verify number of triggering tests: Tika_app-1b (expected: 1, actual: 0)
Error: expected triggering test org.apache.tika.cli.TikaCLITest::testMultiValuedMetadata did not fail
Error: compile: Tika_app-1f
Error: run relevant tests: Tika_app-1f
================================================================================
FAILED
