Checking out b9f179c2 to /tmp/test_d4j_21624_1657603777/test_trigger/Valida OK
Init local repository...................................................... OK
Tag post-fix revision...................................................... OK
Run post-checkout hook..................................................... OK
Initialize fixed program version........................................... OK
Apply patch................................................................ OK
Initialize buggy program version........................................... OK
Diff b9f179c2:0456e7a9..................................................... OK
Apply patch................................................................ OK
Tag pre-fix revision....................................................... OK
Check out program version: Validator-8b.................................... OK
Running ant (compile)...................................................... OK
Running ant (compile.tests)................................................ OK
Running ant (compile.tests)................................................ OK
Running ant (run.dev.tests)................................................ FAIL
Executed command:  cd /tmp/test_d4j_21624_1657603777/test_trigger/Validator && /data-depot/user/Workspace/Reproducibility/Reproducibility-Scanner/benchmarks/growingbugs/major/bin/ant -f /data-depot/user/Workspace/Reproducibility/Reproducibility-Scanner/benchmarks/growingbugs/framework/projects/defects4j.build.xml -Dd4j.home=/data-depot/user/Workspace/Reproducibility/Reproducibility-Scanner/benchmarks/growingbugs -Dd4j.dir.projects=/data-depot/user/Workspace/Reproducibility/Reproducibility-Scanner/benchmarks/growingbugs/framework/projects -Dbasedir=/tmp/test_d4j_21624_1657603777/test_trigger/Validator -Dbuild.compiler=javac1.8 -DOUTFILE=/tmp/test_d4j_21624_1657603777/test_trigger/Validator/failing_tests -Dd4j.relevant.tests.only=true run.dev.tests 2>&1
OpenJDK 64-Bit Server VM warning: ignoring option MaxPermSize=1G; support was removed in 8.0
Buildfile: /data-depot/user/Workspace/Reproducibility/Reproducibility-Scanner/benchmarks/growingbugs/framework/projects/defects4j.build.xml

init:
     [echo] -------- validator 1.4-SNAPSHOT --------

check-availability:
     [echo] doing check-availability...

download-dependencies:
     [echo] doing download-dependencies...

download-beanutils:
     [echo] Downloading beanutils...
      [get] Getting: https://repo1.maven.org/maven2/commons-beanutils/commons-beanutils/1.7.0/commons-beanutils-1.7.0.jar
      [get] To: /tmp/test_d4j_21624_1657603777/test_trigger/Validator/lib/commons-beanutils.jar
      [get] Not modified - so not downloaded

download-digester:
     [echo] Downloading digester...
      [get] Getting: https://repo1.maven.org/maven2/commons-digester/commons-digester/1.8/commons-digester-1.8.jar
      [get] To: /tmp/test_d4j_21624_1657603777/test_trigger/Validator/lib/commons-digester.jar
      [get] Not modified - so not downloaded

download-logging:
     [echo] Downloading logging...
      [get] Getting: https://repo1.maven.org/maven2/commons-logging/commons-logging/1.0.4/commons-logging-1.0.4.jar
      [get] To: /tmp/test_d4j_21624_1657603777/test_trigger/Validator/lib/commons-logging.jar
      [get] Not modified - so not downloaded

download-oro:
     [echo] Downloading oro...
      [get] Getting: https://repo1.maven.org/maven2/oro/oro/2.0.8/oro-2.0.8.jar
      [get] To: /tmp/test_d4j_21624_1657603777/test_trigger/Validator/lib/oro.jar
      [get] Not modified - so not downloaded

download-junit:

prepare:

static:

compile:
    [javac] /tmp/test_d4j_21624_1657603777/test_trigger/Validator/build.xml:219: warning: 'includeantruntime' was not set, defaulting to build.sysclasspath=last; set to false for repeatable builds

compile.tests:
    [javac] /tmp/test_d4j_21624_1657603777/test_trigger/Validator/build.xml:356: warning: 'includeantruntime' was not set, defaulting to build.sysclasspath=last; set to false for repeatable builds

update.all.tests:

run.dev.tests:

BUILD FAILED
/data-depot/user/Workspace/Reproducibility/Reproducibility-Scanner/benchmarks/growingbugs/framework/projects/defects4j.build.xml:127: Test is running with empty fileset

Total time: 1 second
Cannot run tests! at /data-depot/user/Workspace/Reproducibility/Reproducibility-Scanner/benchmarks/growingbugs/framework/bin/d4j/d4j-test line 131.
Compilation failed in require at /data-depot/user/Workspace/Reproducibility/Reproducibility-Scanner/benchmarks/growingbugs/framework/bin/defects4j line 195.
Error: run relevant tests: Validator-8b
cat: /tmp/test_d4j_21624_1657603777/test_trigger/Validator/failing_tests: No such file or directory
grep: /tmp/test_d4j_21624_1657603777/test_trigger/Validator/failing_tests: No such file or directory
Error: verify number of triggering tests: Validator-8b (expected: 1, actual: 0)
grep: /tmp/test_d4j_21624_1657603777/test_trigger/Validator/failing_tests: No such file or directory
Error: expected triggering test org.apache.commons.validator.routines.UrlValidatorTest::testValidator276 did not fail
Check out program version: Validator-8f.................................... OK
Running ant (compile)...................................................... OK
Running ant (compile.tests)................................................ OK
Running ant (compile.tests)................................................ OK
Running ant (run.dev.tests)................................................ FAIL
Executed command:  cd /tmp/test_d4j_21624_1657603777/test_trigger/Validator && /data-depot/user/Workspace/Reproducibility/Reproducibility-Scanner/benchmarks/growingbugs/major/bin/ant -f /data-depot/user/Workspace/Reproducibility/Reproducibility-Scanner/benchmarks/growingbugs/framework/projects/defects4j.build.xml -Dd4j.home=/data-depot/user/Workspace/Reproducibility/Reproducibility-Scanner/benchmarks/growingbugs -Dd4j.dir.projects=/data-depot/user/Workspace/Reproducibility/Reproducibility-Scanner/benchmarks/growingbugs/framework/projects -Dbasedir=/tmp/test_d4j_21624_1657603777/test_trigger/Validator -Dbuild.compiler=javac1.8 -DOUTFILE=/tmp/test_d4j_21624_1657603777/test_trigger/Validator/failing_tests -Dd4j.relevant.tests.only=true run.dev.tests 2>&1
OpenJDK 64-Bit Server VM warning: ignoring option MaxPermSize=1G; support was removed in 8.0
Buildfile: /data-depot/user/Workspace/Reproducibility/Reproducibility-Scanner/benchmarks/growingbugs/framework/projects/defects4j.build.xml

init:
     [echo] -------- validator 1.4-SNAPSHOT --------

check-availability:
     [echo] doing check-availability...

download-dependencies:
     [echo] doing download-dependencies...

download-beanutils:
     [echo] Downloading beanutils...
      [get] Getting: https://repo1.maven.org/maven2/commons-beanutils/commons-beanutils/1.7.0/commons-beanutils-1.7.0.jar
      [get] To: /tmp/test_d4j_21624_1657603777/test_trigger/Validator/lib/commons-beanutils.jar
      [get] Not modified - so not downloaded

download-digester:
     [echo] Downloading digester...
      [get] Getting: https://repo1.maven.org/maven2/commons-digester/commons-digester/1.8/commons-digester-1.8.jar
      [get] To: /tmp/test_d4j_21624_1657603777/test_trigger/Validator/lib/commons-digester.jar
      [get] Not modified - so not downloaded

download-logging:
     [echo] Downloading logging...
      [get] Getting: https://repo1.maven.org/maven2/commons-logging/commons-logging/1.0.4/commons-logging-1.0.4.jar
      [get] To: /tmp/test_d4j_21624_1657603777/test_trigger/Validator/lib/commons-logging.jar
      [get] Not modified - so not downloaded

download-oro:
     [echo] Downloading oro...
      [get] Getting: https://repo1.maven.org/maven2/oro/oro/2.0.8/oro-2.0.8.jar
      [get] To: /tmp/test_d4j_21624_1657603777/test_trigger/Validator/lib/oro.jar
      [get] Not modified - so not downloaded

download-junit:

prepare:

static:

compile:
    [javac] /tmp/test_d4j_21624_1657603777/test_trigger/Validator/build.xml:219: warning: 'includeantruntime' was not set, defaulting to build.sysclasspath=last; set to false for repeatable builds

compile.tests:
    [javac] /tmp/test_d4j_21624_1657603777/test_trigger/Validator/build.xml:356: warning: 'includeantruntime' was not set, defaulting to build.sysclasspath=last; set to false for repeatable builds

update.all.tests:

run.dev.tests:

BUILD FAILED
/data-depot/user/Workspace/Reproducibility/Reproducibility-Scanner/benchmarks/growingbugs/framework/projects/defects4j.build.xml:127: Test is running with empty fileset

Total time: 1 second
Cannot run tests! at /data-depot/user/Workspace/Reproducibility/Reproducibility-Scanner/benchmarks/growingbugs/framework/bin/d4j/d4j-test line 131.
Compilation failed in require at /data-depot/user/Workspace/Reproducibility/Reproducibility-Scanner/benchmarks/growingbugs/framework/bin/defects4j line 195.
Error: run relevant tests: Validator-8f
cat: /tmp/test_d4j_21624_1657603777/test_trigger/Validator/failing_tests: No such file or directory
grep: /tmp/test_d4j_21624_1657603777/test_trigger/Validator/failing_tests: No such file or directory
================================================================================
The following errors occurred:
Error: run relevant tests: Validator-8b
Error: verify number of triggering tests: Validator-8b (expected: 1, actual: 0)
Error: expected triggering test org.apache.commons.validator.routines.UrlValidatorTest::testValidator276 did not fail
Error: run relevant tests: Validator-8f
================================================================================
FAILED
