travis_fold:start:system_info[0K[33;1mBuild system information[0m
Build language: java
Build id: ''
Job id: ''
[34m[1mBuild image provisioning date and time[0m
Thu Feb  5 15:09:33 UTC 2015
[34m[1mOperating System Details[0m
Distributor ID:	Ubuntu
Description:	Ubuntu 12.04.5 LTS
Release:	12.04
Codename:	precise
[34m[1mLinux Version[0m
3.13.0-29-generic
[34m[1mCookbooks Version[0m
a68419e https://github.com/travis-ci/travis-cookbooks/tree/a68419e
[34m[1mGCC version[0m
gcc (Ubuntu/Linaro 4.6.3-1ubuntu5) 4.6.3
Copyright (C) 2011 Free Software Foundation, Inc.
This is free software; see the source for copying conditions.  There is NO
warranty; not even for MERCHANTABILITY or FITNESS FOR A PARTICULAR PURPOSE.

[34m[1mLLVM version[0m
clang version 3.4 (tags/RELEASE_34/final)
Target: x86_64-unknown-linux-gnu
Thread model: posix
[34m[1mPre-installed Ruby versions[0m
ruby-1.9.3-p551
[34m[1mPre-installed Node.js versions[0m
v0.10.36
[34m[1mPre-installed Go versions[0m
1.4.1
[34m[1mRedis version[0m
redis-server 2.8.19
[34m[1mriak version[0m
2.0.2
[34m[1mMongoDB version[0m
MongoDB 2.4.12
[34m[1mCouchDB version[0m
couchdb 1.6.1
[34m[1mNeo4j version[0m
1.9.4
[34m[1mRabbitMQ Version[0m
3.4.3
[34m[1mElasticSearch version[0m
1.4.0
[34m[1mInstalled Sphinx versions[0m
2.0.10
2.1.9
2.2.6
[34m[1mDefault Sphinx version[0m
2.2.6
[34m[1mInstalled Firefox version[0m
firefox 31.0esr
[34m[1mPhantomJS version[0m
1.9.8
[34m[1mant -version[0m
Apache Ant(TM) version 1.8.2 compiled on December 3 2011
[34m[1mmvn -version[0m
Apache Maven 3.2.5 (12a6b3acb947671f09b81f49094c53f426d8cea1; 2014-12-14T17:29:23+00:00)
Maven home: /usr/local/maven
Java version: 1.7.0_76, vendor: Oracle Corporation
Java home: /usr/lib/jvm/java-7-oracle/jre
Default locale: en_US, platform encoding: ANSI_X3.4-1968
OS name: "linux", version: "3.13.0-29-generic", arch: "amd64", family: "unix"
travis_fold:end:system_info[0K
W: Failed to fetch http://us.archive.ubuntu.com/ubuntu/dists/precise/main/source/Sources  404  Not Found [IP: 91.189.91.38 80]

W: Failed to fetch http://us.archive.ubuntu.com/ubuntu/dists/precise/restricted/source/Sources  404  Not Found [IP: 91.189.91.38 80]

W: Failed to fetch http://us.archive.ubuntu.com/ubuntu/dists/precise/universe/source/Sources  404  Not Found [IP: 91.189.91.38 80]

W: Failed to fetch http://us.archive.ubuntu.com/ubuntu/dists/precise/multiverse/source/Sources  404  Not Found [IP: 91.189.91.38 80]

W: Failed to fetch http://us.archive.ubuntu.com/ubuntu/dists/precise/main/binary-amd64/Packages  404  Not Found [IP: 91.189.91.38 80]

W: Failed to fetch http://us.archive.ubuntu.com/ubuntu/dists/precise/restricted/binary-amd64/Packages  404  Not Found [IP: 91.189.91.38 80]

W: Failed to fetch http://us.archive.ubuntu.com/ubuntu/dists/precise/universe/binary-amd64/Packages  404  Not Found [IP: 91.189.91.38 80]

W: Failed to fetch http://us.archive.ubuntu.com/ubuntu/dists/precise/multiverse/binary-amd64/Packages  404  Not Found [IP: 91.189.91.38 80]

W: Failed to fetch http://us.archive.ubuntu.com/ubuntu/dists/precise/main/binary-i386/Packages  404  Not Found [IP: 91.189.91.38 80]

W: Failed to fetch http://us.archive.ubuntu.com/ubuntu/dists/precise/restricted/binary-i386/Packages  404  Not Found [IP: 91.189.91.38 80]

W: Failed to fetch http://us.archive.ubuntu.com/ubuntu/dists/precise/universe/binary-i386/Packages  404  Not Found [IP: 91.189.91.38 80]

W: Failed to fetch http://us.archive.ubuntu.com/ubuntu/dists/precise/multiverse/binary-i386/Packages  404  Not Found [IP: 91.189.91.38 80]

W: Failed to fetch http://us.archive.ubuntu.com/ubuntu/dists/precise-updates/main/source/Sources  404  Not Found [IP: 91.189.91.38 80]

W: Failed to fetch http://us.archive.ubuntu.com/ubuntu/dists/precise-updates/restricted/source/Sources  404  Not Found [IP: 91.189.91.38 80]

W: Failed to fetch http://us.archive.ubuntu.com/ubuntu/dists/precise-updates/universe/source/Sources  404  Not Found [IP: 91.189.91.38 80]

W: Failed to fetch http://us.archive.ubuntu.com/ubuntu/dists/precise-updates/multiverse/source/Sources  404  Not Found [IP: 91.189.91.38 80]

W: Failed to fetch http://us.archive.ubuntu.com/ubuntu/dists/precise-updates/main/binary-amd64/Packages  404  Not Found [IP: 91.189.91.38 80]

W: Failed to fetch http://us.archive.ubuntu.com/ubuntu/dists/precise-updates/restricted/binary-amd64/Packages  404  Not Found [IP: 91.189.91.38 80]

W: Failed to fetch http://us.archive.ubuntu.com/ubuntu/dists/precise-updates/universe/binary-amd64/Packages  404  Not Found [IP: 91.189.91.38 80]

W: Failed to fetch http://us.archive.ubuntu.com/ubuntu/dists/precise-updates/multiverse/binary-amd64/Packages  404  Not Found [IP: 91.189.91.38 80]

W: Failed to fetch http://us.archive.ubuntu.com/ubuntu/dists/precise-updates/main/binary-i386/Packages  404  Not Found [IP: 91.189.91.38 80]

W: Failed to fetch http://us.archive.ubuntu.com/ubuntu/dists/precise-updates/restricted/binary-i386/Packages  404  Not Found [IP: 91.189.91.38 80]

W: Failed to fetch http://us.archive.ubuntu.com/ubuntu/dists/precise-updates/universe/binary-i386/Packages  404  Not Found [IP: 91.189.91.38 80]

W: Failed to fetch http://us.archive.ubuntu.com/ubuntu/dists/precise-updates/multiverse/binary-i386/Packages  404  Not Found [IP: 91.189.91.38 80]

W: Failed to fetch http://us.archive.ubuntu.com/ubuntu/dists/precise-backports/main/source/Sources  404  Not Found [IP: 91.189.91.38 80]

W: Failed to fetch http://us.archive.ubuntu.com/ubuntu/dists/precise-backports/restricted/source/Sources  404  Not Found [IP: 91.189.91.38 80]

W: Failed to fetch http://us.archive.ubuntu.com/ubuntu/dists/precise-backports/universe/source/Sources  404  Not Found [IP: 91.189.91.38 80]

W: Failed to fetch http://us.archive.ubuntu.com/ubuntu/dists/precise-backports/multiverse/source/Sources  404  Not Found [IP: 91.189.91.38 80]

W: Failed to fetch http://us.archive.ubuntu.com/ubuntu/dists/precise-backports/main/binary-amd64/Packages  404  Not Found [IP: 91.189.91.38 80]

W: Failed to fetch http://us.archive.ubuntu.com/ubuntu/dists/precise-backports/restricted/binary-amd64/Packages  404  Not Found [IP: 91.189.91.38 80]

W: Failed to fetch http://us.archive.ubuntu.com/ubuntu/dists/precise-backports/universe/binary-amd64/Packages  404  Not Found [IP: 91.189.91.38 80]

W: Failed to fetch http://us.archive.ubuntu.com/ubuntu/dists/precise-backports/multiverse/binary-amd64/Packages  404  Not Found [IP: 91.189.91.38 80]

W: Failed to fetch http://us.archive.ubuntu.com/ubuntu/dists/precise-backports/main/binary-i386/Packages  404  Not Found [IP: 91.189.91.38 80]

W: Failed to fetch http://us.archive.ubuntu.com/ubuntu/dists/precise-backports/restricted/binary-i386/Packages  404  Not Found [IP: 91.189.91.38 80]

W: Failed to fetch http://us.archive.ubuntu.com/ubuntu/dists/precise-backports/universe/binary-i386/Packages  404  Not Found [IP: 91.189.91.38 80]

W: Failed to fetch http://us.archive.ubuntu.com/ubuntu/dists/precise-backports/multiverse/binary-i386/Packages  404  Not Found [IP: 91.189.91.38 80]

W: Failed to fetch http://security.ubuntu.com/ubuntu/dists/precise-security/main/source/Sources  404  Not Found [IP: 91.189.91.38 80]

W: Failed to fetch http://security.ubuntu.com/ubuntu/dists/precise-security/restricted/source/Sources  404  Not Found [IP: 91.189.91.38 80]

W: Failed to fetch http://security.ubuntu.com/ubuntu/dists/precise-security/universe/source/Sources  404  Not Found [IP: 91.189.91.38 80]

W: Failed to fetch http://security.ubuntu.com/ubuntu/dists/precise-security/multiverse/source/Sources  404  Not Found [IP: 91.189.91.38 80]

W: Failed to fetch http://security.ubuntu.com/ubuntu/dists/precise-security/main/binary-amd64/Packages  404  Not Found [IP: 91.189.91.38 80]

W: Failed to fetch http://security.ubuntu.com/ubuntu/dists/precise-security/restricted/binary-amd64/Packages  404  Not Found [IP: 91.189.91.38 80]

W: Failed to fetch http://security.ubuntu.com/ubuntu/dists/precise-security/universe/binary-amd64/Packages  404  Not Found [IP: 91.189.91.38 80]

W: Failed to fetch http://security.ubuntu.com/ubuntu/dists/precise-security/multiverse/binary-amd64/Packages  404  Not Found [IP: 91.189.91.38 80]

W: Failed to fetch http://security.ubuntu.com/ubuntu/dists/precise-security/main/binary-i386/Packages  404  Not Found [IP: 91.189.91.38 80]

W: Failed to fetch http://security.ubuntu.com/ubuntu/dists/precise-security/restricted/binary-i386/Packages  404  Not Found [IP: 91.189.91.38 80]

W: Failed to fetch http://security.ubuntu.com/ubuntu/dists/precise-security/universe/binary-i386/Packages  404  Not Found [IP: 91.189.91.38 80]

W: Failed to fetch http://security.ubuntu.com/ubuntu/dists/precise-security/multiverse/binary-i386/Packages  404  Not Found [IP: 91.189.91.38 80]

W: Failed to fetch http://apt.postgresql.org/pub/repos/apt/dists/precise-pgdg/main/binary-amd64/Packages  404  Not Found [IP: 87.238.57.227 80]

W: Failed to fetch http://apt.postgresql.org/pub/repos/apt/dists/precise-pgdg/main/binary-i386/Packages  404  Not Found [IP: 87.238.57.227 80]

W: Failed to fetch http://ppa.launchpad.net/rwky/ppa/ubuntu/dists/precise/main/binary-amd64/Packages  403  Forbidden

W: Failed to fetch http://ppa.launchpad.net/rwky/ppa/ubuntu/dists/precise/main/binary-i386/Packages  403  Forbidden

W: Failed to fetch http://ppa.launchpad.net/travis-ci/zero-mq/ubuntu/dists/precise/main/binary-amd64/Packages  403  Forbidden

W: Failed to fetch http://ppa.launchpad.net/travis-ci/zero-mq/ubuntu/dists/precise/main/binary-i386/Packages  403  Forbidden

W: Failed to fetch http://downloads-distro.mongodb.org/repo/debian-sysvinit/dists/dist/10gen/binary-amd64/Packages  Undetermined Error [IP: 52.21.89.200 80]

W: Failed to fetch http://downloads-distro.mongodb.org/repo/debian-sysvinit/dists/dist/10gen/binary-i386/Packages  Undetermined Error [IP: 52.21.89.200 80]

E: Some index files failed to download. They have been ignored, or old ones used instead.
sed: cannot rename /etc/hosts: Device or resource busy
sed: cannot rename /etc/hosts: Device or resource busy
$ jdk_switcher use openjdk7
Switching to OpenJDK7 (java-1.7.0-openjdk-amd64), JAVA_HOME will be set to /usr/lib/jvm/java-7-openjdk-amd64
$ cd failed/davidmoten/rxjava-jdbc
$ java -Xmx32m -version
java version "1.7.0_75"
OpenJDK Runtime Environment (IcedTea 2.5.4) (7u75-2.5.4-1~precise1)
OpenJDK 64-Bit Server VM (build 24.75-b04, mixed mode)
$ javac -J-Xmx32m -version
javac 1.7.0_75
travis_fold:start:install[0Ktravis_time:start:05944bb0[0K$ mvn install -Dhttps.protocols=TLSv1.2 -Dhttps.protocols=TLSv1.2 -DskipTests=true -Dmaven.javadoc.skip=true -B -V
Apache Maven 3.2.5 (12a6b3acb947671f09b81f49094c53f426d8cea1; 2014-12-14T17:29:23+00:00)
Maven home: /usr/local/maven
Java version: 1.7.0_75, vendor: Oracle Corporation
Java home: /usr/lib/jvm/java-7-openjdk-amd64/jre
Default locale: en_US, platform encoding: UTF-8
OS name: "linux", version: "4.15.0-109-generic", arch: "amd64", family: "unix"
[INFO] Scanning for projects...
[INFO] Downloading: http://insecure.repo1.maven.org/maven2/com/github/davidmoten/sonatype-parent/0.1/sonatype-parent-0.1.pom
[INFO] Downloaded: http://insecure.repo1.maven.org/maven2/com/github/davidmoten/sonatype-parent/0.1/sonatype-parent-0.1.pom (4 KB at 27.1 KB/sec)
[INFO] Downloading: https://repo.maven.apache.org/maven2/org/sonatype/plugins/nexus-staging-maven-plugin/1.6.5/nexus-staging-maven-plugin-1.6.5.pom
[INFO] Downloaded: https://repo.maven.apache.org/maven2/org/sonatype/plugins/nexus-staging-maven-plugin/1.6.5/nexus-staging-maven-plugin-1.6.5.pom (12 KB at 39.3 KB/sec)
[INFO] Downloading: https://repo.maven.apache.org/maven2/org/sonatype/nexus/maven/nexus-staging/1.6.5/nexus-staging-1.6.5.pom
[INFO] Downloaded: https://repo.maven.apache.org/maven2/org/sonatype/nexus/maven/nexus-staging/1.6.5/nexus-staging-1.6.5.pom (3 KB at 122.5 KB/sec)
[INFO] Downloading: https://repo.maven.apache.org/maven2/org/sonatype/nexus/maven/nexus-maven-plugins/1.6.5/nexus-maven-plugins-1.6.5.pom
[INFO] Downloaded: https://repo.maven.apache.org/maven2/org/sonatype/nexus/maven/nexus-maven-plugins/1.6.5/nexus-maven-plugins-1.6.5.pom (18 KB at 634.9 KB/sec)
[INFO] Downloading: https://repo.maven.apache.org/maven2/org/sonatype/buildsupport/public-parent/6/public-parent-6.pom
[INFO] Downloaded: https://repo.maven.apache.org/maven2/org/sonatype/buildsupport/public-parent/6/public-parent-6.pom (760 B at 28.5 KB/sec)
[INFO] Downloading: https://repo.maven.apache.org/maven2/org/sonatype/buildsupport/buildsupport/6/buildsupport-6.pom
[INFO] Downloaded: https://repo.maven.apache.org/maven2/org/sonatype/buildsupport/buildsupport/6/buildsupport-6.pom (23 KB at 831.1 KB/sec)
[INFO] Downloading: https://repo.maven.apache.org/maven2/org/sonatype/nexus/maven/nexus-common/1.6.5/nexus-common-1.6.5.pom
[INFO] Downloaded: https://repo.maven.apache.org/maven2/org/sonatype/nexus/maven/nexus-common/1.6.5/nexus-common-1.6.5.pom (3 KB at 127.6 KB/sec)
[INFO] Downloading: https://repo.maven.apache.org/maven2/org/sonatype/plexus/plexus-sec-dispatcher/1.4/plexus-sec-dispatcher-1.4.pom
[INFO] Downloaded: https://repo.maven.apache.org/maven2/org/sonatype/plexus/plexus-sec-dispatcher/1.4/plexus-sec-dispatcher-1.4.pom (3 KB at 170.1 KB/sec)
[INFO] Downloading: https://repo.maven.apache.org/maven2/org/sonatype/spice/spice-parent/12/spice-parent-12.pom
[INFO] Downloaded: https://repo.maven.apache.org/maven2/org/sonatype/spice/spice-parent/12/spice-parent-12.pom (7 KB at 349.4 KB/sec)
[INFO] Downloading: https://repo.maven.apache.org/maven2/org/sonatype/forge/forge-parent/4/forge-parent-4.pom
[INFO] Downloaded: https://repo.maven.apache.org/maven2/org/sonatype/forge/forge-parent/4/forge-parent-4.pom (9 KB at 410.0 KB/sec)
[INFO] Downloading: https://repo.maven.apache.org/maven2/org/sonatype/plexus/plexus-cipher/1.7/plexus-cipher-1.7.pom
[INFO] Downloaded: https://repo.maven.apache.org/maven2/org/sonatype/plexus/plexus-cipher/1.7/plexus-cipher-1.7.pom (5 KB at 226.5 KB/sec)
[INFO] Downloading: https://repo.maven.apache.org/maven2/org/sonatype/spice/spice-parent/15/spice-parent-15.pom
[INFO] Downloaded: https://repo.maven.apache.org/maven2/org/sonatype/spice/spice-parent/15/spice-parent-15.pom (9 KB at 429.6 KB/sec)
[INFO] Downloading: https://repo.maven.apache.org/maven2/org/sonatype/forge/forge-parent/5/forge-parent-5.pom
[INFO] Downloaded: https://repo.maven.apache.org/maven2/org/sonatype/forge/forge-parent/5/forge-parent-5.pom (9 KB at 388.9 KB/sec)
[INFO] Downloading: https://repo.maven.apache.org/maven2/com/google/guava/guava/14.0.1/guava-14.0.1.pom
[INFO] Downloaded: https://repo.maven.apache.org/maven2/com/google/guava/guava/14.0.1/guava-14.0.1.pom (6 KB at 308.8 KB/sec)
[INFO] Downloading: https://repo.maven.apache.org/maven2/com/google/guava/guava-parent/14.0.1/guava-parent-14.0.1.pom
[INFO] Downloaded: https://repo.maven.apache.org/maven2/com/google/guava/guava-parent/14.0.1/guava-parent-14.0.1.pom (3 KB at 124.8 KB/sec)
[INFO] Downloading: https://repo.maven.apache.org/maven2/org/sonatype/oss/oss-parent/7/oss-parent-7.pom
[INFO] Downloaded: https://repo.maven.apache.org/maven2/org/sonatype/oss/oss-parent/7/oss-parent-7.pom (5 KB at 294.4 KB/sec)
[INFO] Downloading: https://repo.maven.apache.org/maven2/org/sonatype/nexus/nexus-client-core/2.9.1-02/nexus-client-core-2.9.1-02.pom
[INFO] Downloaded: https://repo.maven.apache.org/maven2/org/sonatype/nexus/nexus-client-core/2.9.1-02/nexus-client-core-2.9.1-02.pom (5 KB at 252.8 KB/sec)
[INFO] Downloading: https://repo.maven.apache.org/maven2/org/sonatype/nexus/nexus-components/2.9.1-02/nexus-components-2.9.1-02.pom
[INFO] Downloaded: https://repo.maven.apache.org/maven2/org/sonatype/nexus/nexus-components/2.9.1-02/nexus-components-2.9.1-02.pom (3 KB at 140.4 KB/sec)
[INFO] Downloading: https://repo.maven.apache.org/maven2/org/sonatype/nexus/nexus-oss/2.9.1-02/nexus-oss-2.9.1-02.pom
[INFO] Downloaded: https://repo.maven.apache.org/maven2/org/sonatype/nexus/nexus-oss/2.9.1-02/nexus-oss-2.9.1-02.pom (37 KB at 1241.9 KB/sec)
[INFO] Downloading: https://repo.maven.apache.org/maven2/org/sonatype/nexus/buildsupport/nexus-buildsupport-all/2.9.1-02/nexus-buildsupport-all-2.9.1-02.pom
[INFO] Downloaded: https://repo.maven.apache.org/maven2/org/sonatype/nexus/buildsupport/nexus-buildsupport-all/2.9.1-02/nexus-buildsupport-all-2.9.1-02.pom (6 KB at 264.6 KB/sec)
[INFO] Downloading: https://repo.maven.apache.org/maven2/org/sonatype/nexus/buildsupport/nexus-buildsupport/2.9.1-02/nexus-buildsupport-2.9.1-02.pom
[INFO] Downloaded: https://repo.maven.apache.org/maven2/org/sonatype/nexus/buildsupport/nexus-buildsupport/2.9.1-02/nexus-buildsupport-2.9.1-02.pom (2 KB at 101.5 KB/sec)
[INFO] Downloading: https://repository.sonatype.org/content/groups/sonatype-public-grid/org/sonatype/nexus/buildsupport/nexus-buildsupport-commons/2.9.1-02/nexus-buildsupport-commons-2.9.1-02.pom
[INFO] Downloaded: https://repository.sonatype.org/content/groups/sonatype-public-grid/org/sonatype/nexus/buildsupport/nexus-buildsupport-commons/2.9.1-02/nexus-buildsupport-commons-2.9.1-02.pom (3 KB at 5.8 KB/sec)
[INFO] Downloading: https://repository.sonatype.org/content/groups/sonatype-public-grid/org/sonatype/nexus/buildsupport/nexus-buildsupport-db/2.9.1-02/nexus-buildsupport-db-2.9.1-02.pom
[INFO] Downloaded: https://repository.sonatype.org/content/groups/sonatype-public-grid/org/sonatype/nexus/buildsupport/nexus-buildsupport-db/2.9.1-02/nexus-buildsupport-db-2.9.1-02.pom (2 KB at 11.1 KB/sec)
[INFO] Downloading: https://repository.sonatype.org/content/groups/sonatype-public-grid/org/sonatype/nexus/buildsupport/nexus-buildsupport-httpclient/2.9.1-02/nexus-buildsupport-httpclient-2.9.1-02.pom
[INFO] Downloaded: https://repository.sonatype.org/content/groups/sonatype-public-grid/org/sonatype/nexus/buildsupport/nexus-buildsupport-httpclient/2.9.1-02/nexus-buildsupport-httpclient-2.9.1-02.pom (3 KB at 11.6 KB/sec)
[INFO] Downloading: https://repository.sonatype.org/content/groups/sonatype-public-grid/org/sonatype/nexus/buildsupport/nexus-buildsupport-maven/2.9.1-02/nexus-buildsupport-maven-2.9.1-02.pom
[INFO] Downloaded: https://repository.sonatype.org/content/groups/sonatype-public-grid/org/sonatype/nexus/buildsupport/nexus-buildsupport-maven/2.9.1-02/nexus-buildsupport-maven-2.9.1-02.pom (7 KB at 33.7 KB/sec)
[INFO] Downloading: https://repository.sonatype.org/content/groups/sonatype-public-grid/org/sonatype/nexus/buildsupport/nexus-buildsupport-shiro/2.9.1-02/nexus-buildsupport-shiro-2.9.1-02.pom
[INFO] Downloaded: https://repository.sonatype.org/content/groups/sonatype-public-grid/org/sonatype/nexus/buildsupport/nexus-buildsupport-shiro/2.9.1-02/nexus-buildsupport-shiro-2.9.1-02.pom (4 KB at 18.0 KB/sec)
[INFO] Downloading: https://repository.sonatype.org/content/groups/sonatype-public-grid/org/sonatype/nexus/buildsupport/nexus-buildsupport-bouncycastle/2.9.1-02/nexus-buildsupport-bouncycastle-2.9.1-02.pom
[INFO] Downloaded: https://repository.sonatype.org/content/groups/sonatype-public-grid/org/sonatype/nexus/buildsupport/nexus-buildsupport-bouncycastle/2.9.1-02/nexus-buildsupport-bouncycastle-2.9.1-02.pom (3 KB at 11.3 KB/sec)
[INFO] Downloading: https://repository.sonatype.org/content/groups/sonatype-public-grid/org/sonatype/nexus/buildsupport/nexus-buildsupport-jetty/2.9.1-02/nexus-buildsupport-jetty-2.9.1-02.pom
[INFO] Downloaded: https://repository.sonatype.org/content/groups/sonatype-public-grid/org/sonatype/nexus/buildsupport/nexus-buildsupport-jetty/2.9.1-02/nexus-buildsupport-jetty-2.9.1-02.pom (5 KB at 24.2 KB/sec)
[INFO] Downloading: https://repository.sonatype.org/content/groups/sonatype-public-grid/org/sonatype/nexus/buildsupport/nexus-buildsupport-goodies/2.9.1-02/nexus-buildsupport-goodies-2.9.1-02.pom
[INFO] Downloaded: https://repository.sonatype.org/content/groups/sonatype-public-grid/org/sonatype/nexus/buildsupport/nexus-buildsupport-goodies/2.9.1-02/nexus-buildsupport-goodies-2.9.1-02.pom (4 KB at 19.6 KB/sec)
[INFO] Downloading: https://repository.sonatype.org/content/groups/sonatype-public-grid/org/sonatype/nexus/buildsupport/nexus-buildsupport-groovy/2.9.1-02/nexus-buildsupport-groovy-2.9.1-02.pom
[INFO] Downloaded: https://repository.sonatype.org/content/groups/sonatype-public-grid/org/sonatype/nexus/buildsupport/nexus-buildsupport-groovy/2.9.1-02/nexus-buildsupport-groovy-2.9.1-02.pom (3 KB at 13.4 KB/sec)
[INFO] Downloading: https://repository.sonatype.org/content/groups/sonatype-public-grid/org/sonatype/nexus/buildsupport/nexus-buildsupport-guice/2.9.1-02/nexus-buildsupport-guice-2.9.1-02.pom
[INFO] Downloaded: https://repository.sonatype.org/content/groups/sonatype-public-grid/org/sonatype/nexus/buildsupport/nexus-buildsupport-guice/2.9.1-02/nexus-buildsupport-guice-2.9.1-02.pom (4 KB at 18.7 KB/sec)
[INFO] Downloading: https://repository.sonatype.org/content/groups/sonatype-public-grid/org/sonatype/nexus/buildsupport/nexus-buildsupport-logging/2.9.1-02/nexus-buildsupport-logging-2.9.1-02.pom
[INFO] Downloaded: https://repository.sonatype.org/content/groups/sonatype-public-grid/org/sonatype/nexus/buildsupport/nexus-buildsupport-logging/2.9.1-02/nexus-buildsupport-logging-2.9.1-02.pom (4 KB at 18.0 KB/sec)
[INFO] Downloading: https://repository.sonatype.org/content/groups/sonatype-public-grid/org/sonatype/nexus/buildsupport/nexus-buildsupport-osgi/2.9.1-02/nexus-buildsupport-osgi-2.9.1-02.pom
[INFO] Downloaded: https://repository.sonatype.org/content/groups/sonatype-public-grid/org/sonatype/nexus/buildsupport/nexus-buildsupport-osgi/2.9.1-02/nexus-buildsupport-osgi-2.9.1-02.pom (2 KB at 11.1 KB/sec)
[INFO] Downloading: https://repository.sonatype.org/content/groups/sonatype-public-grid/org/sonatype/nexus/buildsupport/nexus-buildsupport-other/2.9.1-02/nexus-buildsupport-other-2.9.1-02.pom
[INFO] Downloaded: https://repository.sonatype.org/content/groups/sonatype-public-grid/org/sonatype/nexus/buildsupport/nexus-buildsupport-other/2.9.1-02/nexus-buildsupport-other-2.9.1-02.pom (5 KB at 22.9 KB/sec)
[INFO] Downloading: https://repository.sonatype.org/content/groups/sonatype-public-grid/org/sonatype/nexus/buildsupport/nexus-buildsupport-plexus/2.9.1-02/nexus-buildsupport-plexus-2.9.1-02.pom
[INFO] Downloaded: https://repository.sonatype.org/content/groups/sonatype-public-grid/org/sonatype/nexus/buildsupport/nexus-buildsupport-plexus/2.9.1-02/nexus-buildsupport-plexus-2.9.1-02.pom (5 KB at 23.2 KB/sec)
[INFO] Downloading: https://repository.sonatype.org/content/groups/sonatype-public-grid/org/sonatype/nexus/buildsupport/nexus-buildsupport-rest/2.9.1-02/nexus-buildsupport-rest-2.9.1-02.pom
[INFO] Downloaded: https://repository.sonatype.org/content/groups/sonatype-public-grid/org/sonatype/nexus/buildsupport/nexus-buildsupport-rest/2.9.1-02/nexus-buildsupport-rest-2.9.1-02.pom (5 KB at 24.5 KB/sec)
[INFO] Downloading: https://repository.sonatype.org/content/groups/sonatype-public-grid/org/sonatype/nexus/buildsupport/nexus-buildsupport-testing/2.9.1-02/nexus-buildsupport-testing-2.9.1-02.pom
[INFO] Downloaded: https://repository.sonatype.org/content/groups/sonatype-public-grid/org/sonatype/nexus/buildsupport/nexus-buildsupport-testing/2.9.1-02/nexus-buildsupport-testing-2.9.1-02.pom (5 KB at 25.6 KB/sec)
[INFO] Downloading: https://repository.sonatype.org/content/groups/sonatype-public-grid/org/sonatype/nexus/buildsupport/nexus-buildsupport-metrics/2.9.1-02/nexus-buildsupport-metrics-2.9.1-02.pom
[INFO] Downloaded: https://repository.sonatype.org/content/groups/sonatype-public-grid/org/sonatype/nexus/buildsupport/nexus-buildsupport-metrics/2.9.1-02/nexus-buildsupport-metrics-2.9.1-02.pom (3 KB at 16.5 KB/sec)
[INFO] Downloading: https://repo.maven.apache.org/maven2/org/sonatype/nexus/plugins/nexus-restlet1x-model/2.9.1-02/nexus-restlet1x-model-2.9.1-02.pom
[INFO] Downloaded: https://repo.maven.apache.org/maven2/org/sonatype/nexus/plugins/nexus-restlet1x-model/2.9.1-02/nexus-restlet1x-model-2.9.1-02.pom (4 KB at 214.7 KB/sec)
[INFO] Downloading: https://repo.maven.apache.org/maven2/org/sonatype/nexus/plugins/nexus-plugins-restlet1x/2.9.1-02/nexus-plugins-restlet1x-2.9.1-02.pom
[INFO] Downloaded: https://repo.maven.apache.org/maven2/org/sonatype/nexus/plugins/nexus-plugins-restlet1x/2.9.1-02/nexus-plugins-restlet1x-2.9.1-02.pom (6 KB at 325.5 KB/sec)
[INFO] Downloading: https://repo.maven.apache.org/maven2/org/sonatype/nexus/plugins/nexus-plugins/2.9.1-02/nexus-plugins-2.9.1-02.pom
[INFO] Downloaded: https://repo.maven.apache.org/maven2/org/sonatype/nexus/plugins/nexus-plugins/2.9.1-02/nexus-plugins-2.9.1-02.pom (27 KB at 1190.1 KB/sec)
[INFO] Downloading: https://repo.maven.apache.org/maven2/org/apache/maven/maven-model/3.0.4/maven-model-3.0.4.pom
[INFO] Downloaded: https://repo.maven.apache.org/maven2/org/apache/maven/maven-model/3.0.4/maven-model-3.0.4.pom (4 KB at 185.7 KB/sec)
[INFO] Downloading: https://repo.maven.apache.org/maven2/org/apache/maven/maven/3.0.4/maven-3.0.4.pom
[INFO] Downloaded: https://repo.maven.apache.org/maven2/org/apache/maven/maven/3.0.4/maven-3.0.4.pom (22 KB at 1121.9 KB/sec)
[INFO] Downloading: https://repo.maven.apache.org/maven2/org/apache/maven/maven-parent/21/maven-parent-21.pom
[INFO] Downloaded: https://repo.maven.apache.org/maven2/org/apache/maven/maven-parent/21/maven-parent-21.pom (26 KB at 1225.7 KB/sec)
[INFO] Downloading: https://repo.maven.apache.org/maven2/org/apache/apache/10/apache-10.pom
[INFO] Downloaded: https://repo.maven.apache.org/maven2/org/apache/apache/10/apache-10.pom (15 KB at 688.2 KB/sec)
[INFO] Downloading: https://repo.maven.apache.org/maven2/org/slf4j/slf4j-api/1.7.7/slf4j-api-1.7.7.pom
[INFO] Downloaded: https://repo.maven.apache.org/maven2/org/slf4j/slf4j-api/1.7.7/slf4j-api-1.7.7.pom (3 KB at 145.9 KB/sec)
[INFO] Downloading: https://repo.maven.apache.org/maven2/org/slf4j/slf4j-parent/1.7.7/slf4j-parent-1.7.7.pom
[INFO] Downloaded: https://repo.maven.apache.org/maven2/org/slf4j/slf4j-parent/1.7.7/slf4j-parent-1.7.7.pom (12 KB at 581.4 KB/sec)
[INFO] Downloading: https://repo.maven.apache.org/maven2/com/google/code/findbugs/jsr305/2.0.1/jsr305-2.0.1.pom
[INFO] Downloaded: https://repo.maven.apache.org/maven2/com/google/code/findbugs/jsr305/2.0.1/jsr305-2.0.1.pom (965 B at 55.4 KB/sec)
[INFO] Downloading: https://repo.maven.apache.org/maven2/com/intellij/annotations/9.0.4/annotations-9.0.4.pom
[INFO] Downloaded: https://repo.maven.apache.org/maven2/com/intellij/annotations/9.0.4/annotations-9.0.4.pom (2 KB at 68.0 KB/sec)
[INFO] Downloading: https://repo.maven.apache.org/maven2/commons-io/commons-io/2.4/commons-io-2.4.pom
[INFO] Downloaded: https://repo.maven.apache.org/maven2/commons-io/commons-io/2.4/commons-io-2.4.pom (10 KB at 551.5 KB/sec)
[INFO] Downloading: https://repo.maven.apache.org/maven2/org/apache/commons/commons-parent/25/commons-parent-25.pom
[INFO] Downloaded: https://repo.maven.apache.org/maven2/org/apache/commons/commons-parent/25/commons-parent-25.pom (48 KB at 1965.5 KB/sec)
[INFO] Downloading: https://repo.maven.apache.org/maven2/org/apache/apache/9/apache-9.pom
[INFO] Downloaded: https://repo.maven.apache.org/maven2/org/apache/apache/9/apache-9.pom (15 KB at 740.2 KB/sec)
[INFO] Downloading: https://repo.maven.apache.org/maven2/com/thoughtworks/xstream/xstream/1.4.7/xstream-1.4.7.pom
[INFO] Downloaded: https://repo.maven.apache.org/maven2/com/thoughtworks/xstream/xstream/1.4.7/xstream-1.4.7.pom (11 KB at 577.5 KB/sec)
[INFO] Downloading: https://repo.maven.apache.org/maven2/com/thoughtworks/xstream/xstream-parent/1.4.7/xstream-parent-1.4.7.pom
[INFO] Downloaded: https://repo.maven.apache.org/maven2/com/thoughtworks/xstream/xstream-parent/1.4.7/xstream-parent-1.4.7.pom (26 KB at 1025.4 KB/sec)
[INFO] Downloading: https://repo.maven.apache.org/maven2/org/codehaus/codehaus-parent/3/codehaus-parent-3.pom
[INFO] Downloaded: https://repo.maven.apache.org/maven2/org/codehaus/codehaus-parent/3/codehaus-parent-3.pom (5 KB at 235.9 KB/sec)
[INFO] Downloading: https://repo.maven.apache.org/maven2/xmlpull/xmlpull/1.1.3.1/xmlpull-1.1.3.1.pom
[INFO] Downloaded: https://repo.maven.apache.org/maven2/xmlpull/xmlpull/1.1.3.1/xmlpull-1.1.3.1.pom (386 B at 22.2 KB/sec)
[INFO] Downloading: https://repo.maven.apache.org/maven2/xpp3/xpp3_min/1.1.4c/xpp3_min-1.1.4c.pom
[INFO] Downloaded: https://repo.maven.apache.org/maven2/xpp3/xpp3_min/1.1.4c/xpp3_min-1.1.4c.pom (2 KB at 87.3 KB/sec)
[INFO] Downloading: https://repo.maven.apache.org/maven2/joda-time/joda-time/2.2/joda-time-2.2.pom
[INFO] Downloaded: https://repo.maven.apache.org/maven2/joda-time/joda-time/2.2/joda-time-2.2.pom (16 KB at 752.0 KB/sec)
[INFO] Downloading: https://repo.maven.apache.org/maven2/commons-lang/commons-lang/2.6/commons-lang-2.6.pom
[INFO] Downloaded: https://repo.maven.apache.org/maven2/commons-lang/commons-lang/2.6/commons-lang-2.6.pom (18 KB at 854.2 KB/sec)
[INFO] Downloading: https://repo.maven.apache.org/maven2/org/apache/commons/commons-parent/17/commons-parent-17.pom
[INFO] Downloaded: https://repo.maven.apache.org/maven2/org/apache/commons/commons-parent/17/commons-parent-17.pom (31 KB at 1384.3 KB/sec)
[INFO] Downloading: https://repo.maven.apache.org/maven2/org/apache/apache/7/apache-7.pom
[INFO] Downloaded: https://repo.maven.apache.org/maven2/org/apache/apache/7/apache-7.pom (15 KB at 782.9 KB/sec)
[INFO] Downloading: https://repo.maven.apache.org/maven2/commons-beanutils/commons-beanutils-core/1.8.3/commons-beanutils-core-1.8.3.pom
[INFO] Downloaded: https://repo.maven.apache.org/maven2/commons-beanutils/commons-beanutils-core/1.8.3/commons-beanutils-core-1.8.3.pom (2 KB at 94.2 KB/sec)
[INFO] Downloading: https://repo.maven.apache.org/maven2/org/apache/apache/4/apache-4.pom
[INFO] Downloaded: https://repo.maven.apache.org/maven2/org/apache/apache/4/apache-4.pom (5 KB at 243.9 KB/sec)
[INFO] Downloading: https://repo.maven.apache.org/maven2/org/sonatype/sisu/siesta/siesta-client/1.7/siesta-client-1.7.pom
[INFO] Downloaded: https://repo.maven.apache.org/maven2/org/sonatype/sisu/siesta/siesta-client/1.7/siesta-client-1.7.pom (2 KB at 104.7 KB/sec)
[INFO] Downloading: https://repo.maven.apache.org/maven2/org/sonatype/sisu/siesta/siesta/1.7/siesta-1.7.pom
[INFO] Downloaded: https://repo.maven.apache.org/maven2/org/sonatype/sisu/siesta/siesta/1.7/siesta-1.7.pom (12 KB at 620.6 KB/sec)
[INFO] Downloading: https://repo.maven.apache.org/maven2/org/sonatype/buildsupport/public-parent/5/public-parent-5.pom
[INFO] Downloaded: https://repo.maven.apache.org/maven2/org/sonatype/buildsupport/public-parent/5/public-parent-5.pom (760 B at 46.4 KB/sec)
[INFO] Downloading: https://repo.maven.apache.org/maven2/org/sonatype/buildsupport/buildsupport/5/buildsupport-5.pom
[INFO] Downloaded: https://repo.maven.apache.org/maven2/org/sonatype/buildsupport/buildsupport/5/buildsupport-5.pom (22 KB at 1151.8 KB/sec)
[INFO] Downloading: https://repo.maven.apache.org/maven2/org/sonatype/sisu/siesta/siesta-common/1.7/siesta-common-1.7.pom
[INFO] Downloaded: https://repo.maven.apache.org/maven2/org/sonatype/sisu/siesta/siesta-common/1.7/siesta-common-1.7.pom (3 KB at 123.0 KB/sec)
[INFO] Downloading: https://repo.maven.apache.org/maven2/javax/ws/rs/jsr311-api/1.1.1/jsr311-api-1.1.1.pom
[INFO] Downloaded: https://repo.maven.apache.org/maven2/javax/ws/rs/jsr311-api/1.1.1/jsr311-api-1.1.1.pom (6 KB at 314.2 KB/sec)
[INFO] Downloading: https://repo.maven.apache.org/maven2/com/sun/jersey/jersey-core/1.17.1/jersey-core-1.17.1.pom
[INFO] Downloaded: https://repo.maven.apache.org/maven2/com/sun/jersey/jersey-core/1.17.1/jersey-core-1.17.1.pom (11 KB at 507.5 KB/sec)
[INFO] Downloading: https://repo.maven.apache.org/maven2/com/sun/jersey/jersey-project/1.17.1/jersey-project-1.17.1.pom
[INFO] Downloaded: https://repo.maven.apache.org/maven2/com/sun/jersey/jersey-project/1.17.1/jersey-project-1.17.1.pom (21 KB at 1046.3 KB/sec)
[INFO] Downloading: https://repo.maven.apache.org/maven2/net/java/jvnet-parent/1/jvnet-parent-1.pom
[INFO] Downloaded: https://repo.maven.apache.org/maven2/net/java/jvnet-parent/1/jvnet-parent-1.pom (5 KB at 230.0 KB/sec)
[INFO] Downloading: https://repo.maven.apache.org/maven2/javax/validation/validation-api/1.1.0.Final/validation-api-1.1.0.Final.pom
[INFO] Downloaded: https://repo.maven.apache.org/maven2/javax/validation/validation-api/1.1.0.Final/validation-api-1.1.0.Final.pom (8 KB at 404.0 KB/sec)
[INFO] Downloading: https://repo.maven.apache.org/maven2/com/sun/jersey/jersey-client/1.17.1/jersey-client-1.17.1.pom
[INFO] Downloaded: https://repo.maven.apache.org/maven2/com/sun/jersey/jersey-client/1.17.1/jersey-client-1.17.1.pom (7 KB at 384.1 KB/sec)
[INFO] Downloading: https://repo.maven.apache.org/maven2/com/sun/jersey/contribs/jersey-apache-client4/1.17.1/jersey-apache-client4-1.17.1.pom
[INFO] Downloaded: https://repo.maven.apache.org/maven2/com/sun/jersey/contribs/jersey-apache-client4/1.17.1/jersey-apache-client4-1.17.1.pom (7 KB at 319.4 KB/sec)
[INFO] Downloading: https://repo.maven.apache.org/maven2/com/sun/jersey/contribs/jersey-contribs/1.17.1/jersey-contribs-1.17.1.pom
[INFO] Downloaded: https://repo.maven.apache.org/maven2/com/sun/jersey/contribs/jersey-contribs/1.17.1/jersey-contribs-1.17.1.pom (4 KB at 204.9 KB/sec)
[INFO] Downloading: https://repo.maven.apache.org/maven2/org/apache/httpcomponents/httpclient/4.3.5/httpclient-4.3.5.pom
[INFO] Downloaded: https://repo.maven.apache.org/maven2/org/apache/httpcomponents/httpclient/4.3.5/httpclient-4.3.5.pom (6 KB at 282.6 KB/sec)
[INFO] Downloading: https://repo.maven.apache.org/maven2/org/apache/httpcomponents/httpcomponents-client/4.3.5/httpcomponents-client-4.3.5.pom
[INFO] Downloaded: https://repo.maven.apache.org/maven2/org/apache/httpcomponents/httpcomponents-client/4.3.5/httpcomponents-client-4.3.5.pom (16 KB at 834.6 KB/sec)
[INFO] Downloading: https://repo.maven.apache.org/maven2/org/apache/httpcomponents/project/7/project-7.pom
[INFO] Downloaded: https://repo.maven.apache.org/maven2/org/apache/httpcomponents/project/7/project-7.pom (27 KB at 1478.0 KB/sec)
[INFO] Downloading: https://repo.maven.apache.org/maven2/org/apache/apache/13/apache-13.pom
[INFO] Downloaded: https://repo.maven.apache.org/maven2/org/apache/apache/13/apache-13.pom (14 KB at 758.1 KB/sec)
[INFO] Downloading: https://repo.maven.apache.org/maven2/org/apache/httpcomponents/httpcore/4.3.2/httpcore-4.3.2.pom
[INFO] Downloaded: https://repo.maven.apache.org/maven2/org/apache/httpcomponents/httpcore/4.3.2/httpcore-4.3.2.pom (5 KB at 264.1 KB/sec)
[INFO] Downloading: https://repo.maven.apache.org/maven2/org/apache/httpcomponents/httpcomponents-core/4.3.2/httpcomponents-core-4.3.2.pom
[INFO] Downloaded: https://repo.maven.apache.org/maven2/org/apache/httpcomponents/httpcomponents-core/4.3.2/httpcomponents-core-4.3.2.pom (12 KB at 593.5 KB/sec)
[INFO] Downloading: https://repo.maven.apache.org/maven2/commons-codec/commons-codec/1.6/commons-codec-1.6.pom
[INFO] Downloaded: https://repo.maven.apache.org/maven2/commons-codec/commons-codec/1.6/commons-codec-1.6.pom (11 KB at 681.0 KB/sec)
[INFO] Downloading: https://repo.maven.apache.org/maven2/org/apache/commons/commons-parent/22/commons-parent-22.pom
[INFO] Downloaded: https://repo.maven.apache.org/maven2/org/apache/commons/commons-parent/22/commons-parent-22.pom (41 KB at 2408.0 KB/sec)
[INFO] Downloading: https://repo.maven.apache.org/maven2/org/slf4j/jcl-over-slf4j/1.7.7/jcl-over-slf4j-1.7.7.pom
[INFO] Downloaded: https://repo.maven.apache.org/maven2/org/slf4j/jcl-over-slf4j/1.7.7/jcl-over-slf4j-1.7.7.pom (2 KB at 113.2 KB/sec)
[INFO] Downloading: https://repo.maven.apache.org/maven2/org/sonatype/sisu/siesta/siesta-jackson/1.7/siesta-jackson-1.7.pom
[INFO] Downloaded: https://repo.maven.apache.org/maven2/org/sonatype/sisu/siesta/siesta-jackson/1.7/siesta-jackson-1.7.pom (3 KB at 155.9 KB/sec)
[INFO] Downloading: https://repo.maven.apache.org/maven2/com/fasterxml/jackson/core/jackson-annotations/2.3.1/jackson-annotations-2.3.1.pom
[INFO] Downloaded: https://repo.maven.apache.org/maven2/com/fasterxml/jackson/core/jackson-annotations/2.3.1/jackson-annotations-2.3.1.pom (2 KB at 92.6 KB/sec)
[INFO] Downloading: https://repo.maven.apache.org/maven2/com/fasterxml/oss-parent/11/oss-parent-11.pom
[INFO] Downloaded: https://repo.maven.apache.org/maven2/com/fasterxml/oss-parent/11/oss-parent-11.pom (23 KB at 1257.7 KB/sec)
[INFO] Downloading: https://repo.maven.apache.org/maven2/com/fasterxml/jackson/core/jackson-core/2.3.1/jackson-core-2.3.1.pom
[INFO] Downloaded: https://repo.maven.apache.org/maven2/com/fasterxml/jackson/core/jackson-core/2.3.1/jackson-core-2.3.1.pom (6 KB at 323.6 KB/sec)
[INFO] Downloading: https://repo.maven.apache.org/maven2/com/fasterxml/oss-parent/12/oss-parent-12.pom
[INFO] Downloaded: https://repo.maven.apache.org/maven2/com/fasterxml/oss-parent/12/oss-parent-12.pom (23 KB at 1341.3 KB/sec)
[INFO] Downloading: https://repo.maven.apache.org/maven2/com/fasterxml/jackson/core/jackson-databind/2.3.1/jackson-databind-2.3.1.pom
[INFO] Downloaded: https://repo.maven.apache.org/maven2/com/fasterxml/jackson/core/jackson-databind/2.3.1/jackson-databind-2.3.1.pom (6 KB at 275.7 KB/sec)
[INFO] Downloading: https://repo.maven.apache.org/maven2/com/fasterxml/jackson/core/jackson-annotations/2.3.0/jackson-annotations-2.3.0.pom
[INFO] Downloaded: https://repo.maven.apache.org/maven2/com/fasterxml/jackson/core/jackson-annotations/2.3.0/jackson-annotations-2.3.0.pom (2 KB at 74.0 KB/sec)
[INFO] Downloading: https://repo.maven.apache.org/maven2/com/fasterxml/jackson/jaxrs/jackson-jaxrs-json-provider/2.3.1/jackson-jaxrs-json-provider-2.3.1.pom
[INFO] Downloaded: https://repo.maven.apache.org/maven2/com/fasterxml/jackson/jaxrs/jackson-jaxrs-json-provider/2.3.1/jackson-jaxrs-json-provider-2.3.1.pom (4 KB at 175.0 KB/sec)
[INFO] Downloading: https://repo.maven.apache.org/maven2/com/fasterxml/jackson/jaxrs/jackson-jaxrs-providers/2.3.1/jackson-jaxrs-providers-2.3.1.pom
[INFO] Downloaded: https://repo.maven.apache.org/maven2/com/fasterxml/jackson/jaxrs/jackson-jaxrs-providers/2.3.1/jackson-jaxrs-providers-2.3.1.pom (4 KB at 229.1 KB/sec)
[INFO] Downloading: https://repo.maven.apache.org/maven2/com/fasterxml/jackson/jaxrs/jackson-jaxrs-base/2.3.1/jackson-jaxrs-base-2.3.1.pom
[INFO] Downloaded: https://repo.maven.apache.org/maven2/com/fasterxml/jackson/jaxrs/jackson-jaxrs-base/2.3.1/jackson-jaxrs-base-2.3.1.pom (2 KB at 110.7 KB/sec)
[INFO] Downloading: https://repo.maven.apache.org/maven2/com/fasterxml/jackson/module/jackson-module-jaxb-annotations/2.3.1/jackson-module-jaxb-annotations-2.3.1.pom
[INFO] Downloaded: https://repo.maven.apache.org/maven2/com/fasterxml/jackson/module/jackson-module-jaxb-annotations/2.3.1/jackson-module-jaxb-annotations-2.3.1.pom (5 KB at 244.4 KB/sec)
[INFO] Downloading: https://repo.maven.apache.org/maven2/javax/inject/javax.inject/1/javax.inject-1.pom
[INFO] Downloaded: https://repo.maven.apache.org/maven2/javax/inject/javax.inject/1/javax.inject-1.pom (612 B at 37.4 KB/sec)
[INFO] Downloading: https://repo.maven.apache.org/maven2/org/sonatype/spice/zapper/spice-zapper/1.3/spice-zapper-1.3.pom
[INFO] Downloaded: https://repo.maven.apache.org/maven2/org/sonatype/spice/zapper/spice-zapper/1.3/spice-zapper-1.3.pom (5 KB at 264.0 KB/sec)
[INFO] Downloading: https://repo.maven.apache.org/maven2/org/fusesource/hawtbuf/hawtbuf-proto/1.9/hawtbuf-proto-1.9.pom
[INFO] Downloaded: https://repo.maven.apache.org/maven2/org/fusesource/hawtbuf/hawtbuf-proto/1.9/hawtbuf-proto-1.9.pom (5 KB at 272.0 KB/sec)
[INFO] Downloading: https://repo.maven.apache.org/maven2/org/fusesource/hawtbuf/hawtbuf-project/1.9/hawtbuf-project-1.9.pom
[INFO] Downloaded: https://repo.maven.apache.org/maven2/org/fusesource/hawtbuf/hawtbuf-project/1.9/hawtbuf-project-1.9.pom (11 KB at 580.7 KB/sec)
[INFO] Downloading: https://repo.maven.apache.org/maven2/org/fusesource/fusesource-pom/1.9/fusesource-pom-1.9.pom
[INFO] Downloaded: https://repo.maven.apache.org/maven2/org/fusesource/fusesource-pom/1.9/fusesource-pom-1.9.pom (15 KB at 849.7 KB/sec)
[INFO] Downloading: https://repo.maven.apache.org/maven2/org/fusesource/hawtbuf/hawtbuf/1.9/hawtbuf-1.9.pom
[INFO] Downloaded: https://repo.maven.apache.org/maven2/org/fusesource/hawtbuf/hawtbuf/1.9/hawtbuf-1.9.pom (3 KB at 140.8 KB/sec)
[INFO] Downloading: https://repo.maven.apache.org/maven2/org/codehaus/plexus/plexus-utils/3.0.8/plexus-utils-3.0.8.pom
[INFO] Downloaded: https://repo.maven.apache.org/maven2/org/codehaus/plexus/plexus-utils/3.0.8/plexus-utils-3.0.8.pom (4 KB at 170.5 KB/sec)
[INFO] Downloading: https://repo.maven.apache.org/maven2/org/codehaus/plexus/plexus/3.2/plexus-3.2.pom
[INFO] Downloaded: https://repo.maven.apache.org/maven2/org/codehaus/plexus/plexus/3.2/plexus-3.2.pom (19 KB at 1076.9 KB/sec)
[INFO] Downloading: https://repo.maven.apache.org/maven2/org/sonatype/spice/spice-parent/17/spice-parent-17.pom
[INFO] Downloaded: https://repo.maven.apache.org/maven2/org/sonatype/spice/spice-parent/17/spice-parent-17.pom (7 KB at 440.0 KB/sec)
[INFO] Downloading: https://repo.maven.apache.org/maven2/org/sonatype/forge/forge-parent/10/forge-parent-10.pom
[INFO] Downloaded: https://repo.maven.apache.org/maven2/org/sonatype/forge/forge-parent/10/forge-parent-10.pom (14 KB at 779.0 KB/sec)
[INFO] Downloading: https://repo.maven.apache.org/maven2/org/codehaus/plexus/plexus-interpolation/1.15/plexus-interpolation-1.15.pom
[INFO] Downloaded: https://repo.maven.apache.org/maven2/org/codehaus/plexus/plexus-interpolation/1.15/plexus-interpolation-1.15.pom (1018 B at 55.2 KB/sec)
[INFO] Downloading: https://repo.maven.apache.org/maven2/org/codehaus/plexus/plexus/3.0.1/plexus-3.0.1.pom
[INFO] Downloaded: https://repo.maven.apache.org/maven2/org/codehaus/plexus/plexus/3.0.1/plexus-3.0.1.pom (19 KB at 1069.3 KB/sec)
[INFO] Downloading: https://repo.maven.apache.org/maven2/org/sonatype/aether/aether-api/1.13.1/aether-api-1.13.1.pom
[INFO] Downloaded: https://repo.maven.apache.org/maven2/org/sonatype/aether/aether-api/1.13.1/aether-api-1.13.1.pom (2 KB at 81.9 KB/sec)
[INFO] Downloading: https://repo.maven.apache.org/maven2/org/sonatype/aether/aether/1.13.1/aether-1.13.1.pom
[INFO] Downloaded: https://repo.maven.apache.org/maven2/org/sonatype/aether/aether/1.13.1/aether-1.13.1.pom (10 KB at 549.8 KB/sec)
[INFO] Downloading: https://repo.maven.apache.org/maven2/ch/qos/logback/logback-core/1.1.2/logback-core-1.1.2.pom
[INFO] Downloaded: https://repo.maven.apache.org/maven2/ch/qos/logback/logback-core/1.1.2/logback-core-1.1.2.pom (5 KB at 272.0 KB/sec)
[INFO] Downloading: https://repo.maven.apache.org/maven2/ch/qos/logback/logback-parent/1.1.2/logback-parent-1.1.2.pom
[INFO] Downloaded: https://repo.maven.apache.org/maven2/ch/qos/logback/logback-parent/1.1.2/logback-parent-1.1.2.pom (15 KB at 765.8 KB/sec)
[INFO] Downloading: https://repo.maven.apache.org/maven2/ch/qos/logback/logback-classic/1.1.2/logback-classic-1.1.2.pom
[INFO] Downloaded: https://repo.maven.apache.org/maven2/ch/qos/logback/logback-classic/1.1.2/logback-classic-1.1.2.pom (12 KB at 643.9 KB/sec)
[INFO] Downloading: https://repo.maven.apache.org/maven2/org/sonatype/plugins/nexus-staging-maven-plugin/1.6.5/nexus-staging-maven-plugin-1.6.5.jar
[INFO] Downloading: https://repo.maven.apache.org/maven2/org/sonatype/nexus/maven/nexus-common/1.6.5/nexus-common-1.6.5.jar
[INFO] Downloading: https://repo.maven.apache.org/maven2/org/sonatype/plexus/plexus-sec-dispatcher/1.4/plexus-sec-dispatcher-1.4.jar
[INFO] Downloading: https://repo.maven.apache.org/maven2/org/sonatype/plexus/plexus-cipher/1.7/plexus-cipher-1.7.jar
[INFO] Downloading: https://repo.maven.apache.org/maven2/com/google/guava/guava/14.0.1/guava-14.0.1.jar
[INFO] Downloaded: https://repo.maven.apache.org/maven2/org/sonatype/nexus/maven/nexus-common/1.6.5/nexus-common-1.6.5.jar (16 KB at 746.0 KB/sec)
[INFO] Downloading: https://repo.maven.apache.org/maven2/org/sonatype/nexus/nexus-client-core/2.9.1-02/nexus-client-core-2.9.1-02.jar
[INFO] Downloaded: https://repo.maven.apache.org/maven2/org/sonatype/nexus/nexus-client-core/2.9.1-02/nexus-client-core-2.9.1-02.jar (206 KB at 3956.6 KB/sec)
[INFO] Downloading: https://repo.maven.apache.org/maven2/org/sonatype/nexus/plugins/nexus-restlet1x-model/2.9.1-02/nexus-restlet1x-model-2.9.1-02.jar
[INFO] Downloaded: https://repo.maven.apache.org/maven2/org/sonatype/plexus/plexus-cipher/1.7/plexus-cipher-1.7.jar (14 KB at 221.0 KB/sec)
[INFO] Downloading: https://repo.maven.apache.org/maven2/org/slf4j/slf4j-api/1.7.7/slf4j-api-1.7.7.jar
[INFO] Downloaded: https://repo.maven.apache.org/maven2/org/sonatype/plugins/nexus-staging-maven-plugin/1.6.5/nexus-staging-maven-plugin-1.6.5.jar (243 KB at 3912.0 KB/sec)
[INFO] Downloading: https://repo.maven.apache.org/maven2/com/google/code/findbugs/jsr305/2.0.1/jsr305-2.0.1.jar
[INFO] Downloaded: https://repo.maven.apache.org/maven2/org/sonatype/plexus/plexus-sec-dispatcher/1.4/plexus-sec-dispatcher-1.4.jar (28 KB at 443.5 KB/sec)
[INFO] Downloading: https://repo.maven.apache.org/maven2/com/intellij/annotations/9.0.4/annotations-9.0.4.jar
[INFO] Downloaded: https://repo.maven.apache.org/maven2/org/slf4j/slf4j-api/1.7.7/slf4j-api-1.7.7.jar (29 KB at 375.9 KB/sec)
[INFO] Downloading: https://repo.maven.apache.org/maven2/commons-io/commons-io/2.4/commons-io-2.4.jar
[INFO] Downloaded: https://repo.maven.apache.org/maven2/com/intellij/annotations/9.0.4/annotations-9.0.4.jar (10 KB at 126.3 KB/sec)
[INFO] Downloading: https://repo.maven.apache.org/maven2/com/thoughtworks/xstream/xstream/1.4.7/xstream-1.4.7.jar
[INFO] Downloaded: https://repo.maven.apache.org/maven2/org/sonatype/nexus/plugins/nexus-restlet1x-model/2.9.1-02/nexus-restlet1x-model-2.9.1-02.jar (157 KB at 2008.2 KB/sec)
[INFO] Downloading: https://repo.maven.apache.org/maven2/xmlpull/xmlpull/1.1.3.1/xmlpull-1.1.3.1.jar
[INFO] Downloaded: https://repo.maven.apache.org/maven2/com/google/code/findbugs/jsr305/2.0.1/jsr305-2.0.1.jar (32 KB at 393.9 KB/sec)
[INFO] Downloading: https://repo.maven.apache.org/maven2/xpp3/xpp3_min/1.1.4c/xpp3_min-1.1.4c.jar
[INFO] Downloaded: https://repo.maven.apache.org/maven2/xpp3/xpp3_min/1.1.4c/xpp3_min-1.1.4c.jar (25 KB at 259.3 KB/sec)
[INFO] Downloading: https://repo.maven.apache.org/maven2/joda-time/joda-time/2.2/joda-time-2.2.jar
[INFO] Downloaded: https://repo.maven.apache.org/maven2/xmlpull/xmlpull/1.1.3.1/xmlpull-1.1.3.1.jar (8 KB at 73.9 KB/sec)
[INFO] Downloading: https://repo.maven.apache.org/maven2/commons-lang/commons-lang/2.6/commons-lang-2.6.jar
[INFO] Downloaded: https://repo.maven.apache.org/maven2/commons-io/commons-io/2.4/commons-io-2.4.jar (181 KB at 1674.1 KB/sec)
[INFO] Downloading: https://repo.maven.apache.org/maven2/commons-beanutils/commons-beanutils-core/1.8.3/commons-beanutils-core-1.8.3.jar
[INFO] Downloaded: https://repo.maven.apache.org/maven2/com/thoughtworks/xstream/xstream/1.4.7/xstream-1.4.7.jar (520 KB at 4475.1 KB/sec)
[INFO] Downloading: https://repo.maven.apache.org/maven2/org/sonatype/sisu/siesta/siesta-client/1.7/siesta-client-1.7.jar
[INFO] Downloaded: https://repo.maven.apache.org/maven2/commons-lang/commons-lang/2.6/commons-lang-2.6.jar (278 KB at 2238.4 KB/sec)
[INFO] Downloading: https://repo.maven.apache.org/maven2/org/sonatype/sisu/siesta/siesta-common/1.7/siesta-common-1.7.jar
[INFO] Downloaded: https://repo.maven.apache.org/maven2/joda-time/joda-time/2.2/joda-time-2.2.jar (561 KB at 4278.3 KB/sec)
[INFO] Downloading: https://repo.maven.apache.org/maven2/javax/ws/rs/jsr311-api/1.1.1/jsr311-api-1.1.1.jar
[INFO] Downloaded: https://repo.maven.apache.org/maven2/org/sonatype/sisu/siesta/siesta-client/1.7/siesta-client-1.7.jar (20 KB at 149.3 KB/sec)
[INFO] Downloading: https://repo.maven.apache.org/maven2/com/sun/jersey/jersey-core/1.17.1/jersey-core-1.17.1.jar
[INFO] Downloaded: https://repo.maven.apache.org/maven2/commons-beanutils/commons-beanutils-core/1.8.3/commons-beanutils-core-1.8.3.jar (202 KB at 1506.5 KB/sec)
[INFO] Downloading: https://repo.maven.apache.org/maven2/javax/validation/validation-api/1.1.0.Final/validation-api-1.1.0.Final.jar
[INFO] Downloaded: https://repo.maven.apache.org/maven2/org/sonatype/sisu/siesta/siesta-common/1.7/siesta-common-1.7.jar (11 KB at 74.2 KB/sec)
[INFO] Downloading: https://repo.maven.apache.org/maven2/com/sun/jersey/jersey-client/1.17.1/jersey-client-1.17.1.jar
[INFO] Downloaded: https://repo.maven.apache.org/maven2/javax/ws/rs/jsr311-api/1.1.1/jsr311-api-1.1.1.jar (46 KB at 299.9 KB/sec)
[INFO] Downloading: https://repo.maven.apache.org/maven2/com/sun/jersey/contribs/jersey-apache-client4/1.17.1/jersey-apache-client4-1.17.1.jar
[INFO] Downloaded: https://repo.maven.apache.org/maven2/javax/validation/validation-api/1.1.0.Final/validation-api-1.1.0.Final.jar (63 KB at 401.8 KB/sec)
[INFO] Downloading: https://repo.maven.apache.org/maven2/org/sonatype/sisu/siesta/siesta-jackson/1.7/siesta-jackson-1.7.jar
[INFO] Downloaded: https://repo.maven.apache.org/maven2/com/sun/jersey/jersey-client/1.17.1/jersey-client-1.17.1.jar (128 KB at 794.0 KB/sec)
[INFO] Downloading: https://repo.maven.apache.org/maven2/com/fasterxml/jackson/core/jackson-annotations/2.3.1/jackson-annotations-2.3.1.jar
[INFO] Downloaded: https://repo.maven.apache.org/maven2/com/google/guava/guava/14.0.1/guava-14.0.1.jar (2138 KB at 12725.1 KB/sec)
[INFO] Downloading: https://repo.maven.apache.org/maven2/com/fasterxml/jackson/core/jackson-core/2.3.1/jackson-core-2.3.1.jar
[INFO] Downloaded: https://repo.maven.apache.org/maven2/com/sun/jersey/jersey-core/1.17.1/jersey-core-1.17.1.jar (457 KB at 2764.3 KB/sec)
[INFO] Downloading: https://repo.maven.apache.org/maven2/com/fasterxml/jackson/core/jackson-databind/2.3.1/jackson-databind-2.3.1.jar
[INFO] Downloaded: https://repo.maven.apache.org/maven2/com/sun/jersey/contribs/jersey-apache-client4/1.17.1/jersey-apache-client4-1.17.1.jar (16 KB at 92.3 KB/sec)
[INFO] Downloading: https://repo.maven.apache.org/maven2/com/fasterxml/jackson/jaxrs/jackson-jaxrs-json-provider/2.3.1/jackson-jaxrs-json-provider-2.3.1.jar
[INFO] Downloaded: https://repo.maven.apache.org/maven2/org/sonatype/sisu/siesta/siesta-jackson/1.7/siesta-jackson-1.7.jar (7 KB at 35.5 KB/sec)
[INFO] Downloading: https://repo.maven.apache.org/maven2/com/fasterxml/jackson/jaxrs/jackson-jaxrs-base/2.3.1/jackson-jaxrs-base-2.3.1.jar
[INFO] Downloaded: https://repo.maven.apache.org/maven2/com/fasterxml/jackson/core/jackson-annotations/2.3.1/jackson-annotations-2.3.1.jar (36 KB at 199.2 KB/sec)
[INFO] Downloading: https://repo.maven.apache.org/maven2/com/fasterxml/jackson/module/jackson-module-jaxb-annotations/2.3.1/jackson-module-jaxb-annotations-2.3.1.jar
[INFO] Downloaded: https://repo.maven.apache.org/maven2/com/fasterxml/jackson/jaxrs/jackson-jaxrs-json-provider/2.3.1/jackson-jaxrs-json-provider-2.3.1.jar (17 KB at 86.8 KB/sec)
[INFO] Downloading: https://repo.maven.apache.org/maven2/org/apache/httpcomponents/httpclient/4.3.5/httpclient-4.3.5.jar
[INFO] Downloaded: https://repo.maven.apache.org/maven2/com/fasterxml/jackson/core/jackson-core/2.3.1/jackson-core-2.3.1.jar (194 KB at 1023.0 KB/sec)
[INFO] Downloading: https://repo.maven.apache.org/maven2/commons-codec/commons-codec/1.6/commons-codec-1.6.jar
[INFO] Downloaded: https://repo.maven.apache.org/maven2/com/fasterxml/jackson/jaxrs/jackson-jaxrs-base/2.3.1/jackson-jaxrs-base-2.3.1.jar (27 KB at 141.4 KB/sec)
[INFO] Downloading: https://repo.maven.apache.org/maven2/org/apache/httpcomponents/httpcore/4.3.2/httpcore-4.3.2.jar
[INFO] Downloaded: https://repo.maven.apache.org/maven2/com/fasterxml/jackson/module/jackson-module-jaxb-annotations/2.3.1/jackson-module-jaxb-annotations-2.3.1.jar (31 KB at 156.1 KB/sec)
[INFO] Downloading: https://repo.maven.apache.org/maven2/org/slf4j/jcl-over-slf4j/1.7.7/jcl-over-slf4j-1.7.7.jar
[INFO] Downloaded: https://repo.maven.apache.org/maven2/org/slf4j/jcl-over-slf4j/1.7.7/jcl-over-slf4j-1.7.7.jar (17 KB at 75.7 KB/sec)
[INFO] Downloading: https://repo.maven.apache.org/maven2/javax/inject/javax.inject/1/javax.inject-1.jar
[INFO] Downloaded: https://repo.maven.apache.org/maven2/commons-codec/commons-codec/1.6/commons-codec-1.6.jar (228 KB at 1062.2 KB/sec)
[INFO] Downloading: https://repo.maven.apache.org/maven2/org/sonatype/spice/zapper/spice-zapper/1.3/spice-zapper-1.3.jar
[INFO] Downloaded: https://repo.maven.apache.org/maven2/com/fasterxml/jackson/core/jackson-databind/2.3.1/jackson-databind-2.3.1.jar (893 KB at 4040.2 KB/sec)
[INFO] Downloading: https://repo.maven.apache.org/maven2/org/fusesource/hawtbuf/hawtbuf-proto/1.9/hawtbuf-proto-1.9.jar
[INFO] Downloaded: https://repo.maven.apache.org/maven2/org/apache/httpcomponents/httpclient/4.3.5/httpclient-4.3.5.jar (577 KB at 2597.7 KB/sec)
[INFO] Downloading: https://repo.maven.apache.org/maven2/org/fusesource/hawtbuf/hawtbuf/1.9/hawtbuf-1.9.jar
[INFO] Downloaded: https://repo.maven.apache.org/maven2/org/apache/httpcomponents/httpcore/4.3.2/httpcore-4.3.2.jar (276 KB at 1236.1 KB/sec)
[INFO] Downloading: https://repo.maven.apache.org/maven2/org/codehaus/plexus/plexus-utils/3.0.8/plexus-utils-3.0.8.jar
[INFO] Downloaded: https://repo.maven.apache.org/maven2/javax/inject/javax.inject/1/javax.inject-1.jar (3 KB at 10.7 KB/sec)
[INFO] Downloading: https://repo.maven.apache.org/maven2/org/codehaus/plexus/plexus-interpolation/1.15/plexus-interpolation-1.15.jar
[INFO] Downloaded: https://repo.maven.apache.org/maven2/org/sonatype/spice/zapper/spice-zapper/1.3/spice-zapper-1.3.jar (119 KB at 505.0 KB/sec)
[INFO] Downloading: https://repo.maven.apache.org/maven2/ch/qos/logback/logback-core/1.1.2/logback-core-1.1.2.jar
[INFO] Downloaded: https://repo.maven.apache.org/maven2/org/fusesource/hawtbuf/hawtbuf-proto/1.9/hawtbuf-proto-1.9.jar (27 KB at 112.7 KB/sec)
[INFO] Downloading: https://repo.maven.apache.org/maven2/ch/qos/logback/logback-classic/1.1.2/logback-classic-1.1.2.jar
[INFO] Downloaded: https://repo.maven.apache.org/maven2/org/fusesource/hawtbuf/hawtbuf/1.9/hawtbuf-1.9.jar (49 KB at 203.2 KB/sec)
[INFO] Downloaded: https://repo.maven.apache.org/maven2/org/codehaus/plexus/plexus-interpolation/1.15/plexus-interpolation-1.15.jar (60 KB at 240.1 KB/sec)
[INFO] Downloaded: https://repo.maven.apache.org/maven2/org/codehaus/plexus/plexus-utils/3.0.8/plexus-utils-3.0.8.jar (227 KB at 877.5 KB/sec)
[INFO] Downloaded: https://repo.maven.apache.org/maven2/ch/qos/logback/logback-classic/1.1.2/logback-classic-1.1.2.jar (265 KB at 994.0 KB/sec)
[INFO] Downloaded: https://repo.maven.apache.org/maven2/ch/qos/logback/logback-core/1.1.2/logback-core-1.1.2.jar (418 KB at 1564.4 KB/sec)
[INFO] Inspecting build with total of 1 modules...
[INFO] Installing Nexus Staging features:
[INFO]   ... total of 1 executions of maven-deploy-plugin replaced with nexus-staging-maven-plugin
[INFO]                                                                         
[INFO] ------------------------------------------------------------------------
[INFO] Building rxjava-jdbc 0.5.9-SNAPSHOT
[INFO] ------------------------------------------------------------------------
[INFO] Downloading: https://repo.maven.apache.org/maven2/org/apache/maven/plugins/maven-site-plugin/3.4/maven-site-plugin-3.4.pom
[INFO] Downloaded: https://repo.maven.apache.org/maven2/org/apache/maven/plugins/maven-site-plugin/3.4/maven-site-plugin-3.4.pom (20 KB at 821.7 KB/sec)
[INFO] Downloading: https://repo.maven.apache.org/maven2/org/apache/maven/plugins/maven-plugins/25/maven-plugins-25.pom
[INFO] Downloaded: https://repo.maven.apache.org/maven2/org/apache/maven/plugins/maven-plugins/25/maven-plugins-25.pom (10 KB at 666.2 KB/sec)
[INFO] Downloading: https://repo.maven.apache.org/maven2/org/apache/maven/maven-parent/24/maven-parent-24.pom
[INFO] Downloaded: https://repo.maven.apache.org/maven2/org/apache/maven/maven-parent/24/maven-parent-24.pom (37 KB at 2402.2 KB/sec)
[INFO] Downloading: https://repo.maven.apache.org/maven2/org/apache/apache/14/apache-14.pom
[INFO] Downloaded: https://repo.maven.apache.org/maven2/org/apache/apache/14/apache-14.pom (15 KB at 956.1 KB/sec)
[INFO] Downloading: https://repo.maven.apache.org/maven2/org/apache/maven/plugins/maven-site-plugin/3.4/maven-site-plugin-3.4.jar
[INFO] Downloaded: https://repo.maven.apache.org/maven2/org/apache/maven/plugins/maven-site-plugin/3.4/maven-site-plugin-3.4.jar (125 KB at 5403.4 KB/sec)
[INFO] Downloading: https://repo.maven.apache.org/maven2/org/apache/maven/plugins/maven-resources-plugin/2.6/maven-resources-plugin-2.6.pom
[INFO] Downloaded: https://repo.maven.apache.org/maven2/org/apache/maven/plugins/maven-resources-plugin/2.6/maven-resources-plugin-2.6.pom (8 KB at 495.3 KB/sec)
[INFO] Downloading: https://repo.maven.apache.org/maven2/org/apache/maven/plugins/maven-plugins/23/maven-plugins-23.pom
[INFO] Downloaded: https://repo.maven.apache.org/maven2/org/apache/maven/plugins/maven-plugins/23/maven-plugins-23.pom (9 KB at 598.8 KB/sec)
[INFO] Downloading: https://repo.maven.apache.org/maven2/org/apache/maven/maven-parent/22/maven-parent-22.pom
[INFO] Downloaded: https://repo.maven.apache.org/maven2/org/apache/maven/maven-parent/22/maven-parent-22.pom (30 KB at 1815.4 KB/sec)
[INFO] Downloading: https://repo.maven.apache.org/maven2/org/apache/apache/11/apache-11.pom
[INFO] Downloaded: https://repo.maven.apache.org/maven2/org/apache/apache/11/apache-11.pom (15 KB at 803.5 KB/sec)
[INFO] Downloading: https://repo.maven.apache.org/maven2/org/apache/maven/plugins/maven-resources-plugin/2.6/maven-resources-plugin-2.6.jar
[INFO] Downloaded: https://repo.maven.apache.org/maven2/org/apache/maven/plugins/maven-resources-plugin/2.6/maven-resources-plugin-2.6.jar (29 KB at 1601.5 KB/sec)
[INFO] Downloading: https://repo.maven.apache.org/maven2/org/apache/maven/plugins/maven-compiler-plugin/3.1/maven-compiler-plugin-3.1.pom
[INFO] Downloaded: https://repo.maven.apache.org/maven2/org/apache/maven/plugins/maven-compiler-plugin/3.1/maven-compiler-plugin-3.1.pom (10 KB at 623.2 KB/sec)
[INFO] Downloading: https://repo.maven.apache.org/maven2/org/apache/maven/plugins/maven-plugins/24/maven-plugins-24.pom
[INFO] Downloaded: https://repo.maven.apache.org/maven2/org/apache/maven/plugins/maven-plugins/24/maven-plugins-24.pom (11 KB at 659.5 KB/sec)
[INFO] Downloading: https://repo.maven.apache.org/maven2/org/apache/maven/maven-parent/23/maven-parent-23.pom
[INFO] Downloaded: https://repo.maven.apache.org/maven2/org/apache/maven/maven-parent/23/maven-parent-23.pom (32 KB at 1988.9 KB/sec)
[INFO] Downloading: https://repo.maven.apache.org/maven2/org/apache/maven/plugins/maven-compiler-plugin/3.1/maven-compiler-plugin-3.1.jar
[INFO] Downloaded: https://repo.maven.apache.org/maven2/org/apache/maven/plugins/maven-compiler-plugin/3.1/maven-compiler-plugin-3.1.jar (42 KB at 2467.2 KB/sec)
[INFO] Downloading: https://repo.maven.apache.org/maven2/org/apache/maven/plugins/maven-surefire-plugin/2.12.4/maven-surefire-plugin-2.12.4.pom
[INFO] Downloaded: https://repo.maven.apache.org/maven2/org/apache/maven/plugins/maven-surefire-plugin/2.12.4/maven-surefire-plugin-2.12.4.pom (11 KB at 730.7 KB/sec)
[INFO] Downloading: https://repo.maven.apache.org/maven2/org/apache/maven/surefire/surefire/2.12.4/surefire-2.12.4.pom
[INFO] Downloaded: https://repo.maven.apache.org/maven2/org/apache/maven/surefire/surefire/2.12.4/surefire-2.12.4.pom (14 KB at 961.9 KB/sec)
[INFO] Downloading: https://repo.maven.apache.org/maven2/org/apache/maven/plugins/maven-surefire-plugin/2.12.4/maven-surefire-plugin-2.12.4.jar
[INFO] Downloaded: https://repo.maven.apache.org/maven2/org/apache/maven/plugins/maven-surefire-plugin/2.12.4/maven-surefire-plugin-2.12.4.jar (30 KB at 1189.9 KB/sec)
[INFO] Downloading: https://repo.maven.apache.org/maven2/org/apache/maven/plugins/maven-jar-plugin/2.4/maven-jar-plugin-2.4.pom
[INFO] Downloaded: https://repo.maven.apache.org/maven2/org/apache/maven/plugins/maven-jar-plugin/2.4/maven-jar-plugin-2.4.pom (6 KB at 379.8 KB/sec)
[INFO] Downloading: https://repo.maven.apache.org/maven2/org/apache/maven/plugins/maven-plugins/22/maven-plugins-22.pom
[INFO] Downloaded: https://repo.maven.apache.org/maven2/org/apache/maven/plugins/maven-plugins/22/maven-plugins-22.pom (13 KB at 848.9 KB/sec)
[INFO] Downloading: https://repo.maven.apache.org/maven2/org/apache/maven/plugins/maven-jar-plugin/2.4/maven-jar-plugin-2.4.jar
[INFO] Downloaded: https://repo.maven.apache.org/maven2/org/apache/maven/plugins/maven-jar-plugin/2.4/maven-jar-plugin-2.4.jar (34 KB at 2215.0 KB/sec)
[INFO] Downloading: https://repo.maven.apache.org/maven2/org/apache/maven/plugins/maven-install-plugin/2.4/maven-install-plugin-2.4.pom
[INFO] Downloaded: https://repo.maven.apache.org/maven2/org/apache/maven/plugins/maven-install-plugin/2.4/maven-install-plugin-2.4.pom (7 KB at 415.4 KB/sec)
[INFO] Downloading: https://repo.maven.apache.org/maven2/org/apache/maven/plugins/maven-install-plugin/2.4/maven-install-plugin-2.4.jar
[INFO] Downloaded: https://repo.maven.apache.org/maven2/org/apache/maven/plugins/maven-install-plugin/2.4/maven-install-plugin-2.4.jar (27 KB at 1645.0 KB/sec)
[INFO] Downloading: http://insecure.repo1.maven.org/maven2/io/reactivex/rxjava/1.0.10/rxjava-1.0.10.pom
[INFO] Downloaded: http://insecure.repo1.maven.org/maven2/io/reactivex/rxjava/1.0.10/rxjava-1.0.10.pom (3 KB at 94.7 KB/sec)
[INFO] Downloading: http://insecure.repo1.maven.org/maven2/io/reactivex/rxjava-string/0.22.0/rxjava-string-0.22.0.pom
[INFO] Downloaded: http://insecure.repo1.maven.org/maven2/io/reactivex/rxjava-string/0.22.0/rxjava-string-0.22.0.pom (3 KB at 131.7 KB/sec)
[INFO] Downloading: http://insecure.repo1.maven.org/maven2/io/reactivex/rxjava/1.0.0/rxjava-1.0.0.pom
[INFO] Downloaded: http://insecure.repo1.maven.org/maven2/io/reactivex/rxjava/1.0.0/rxjava-1.0.0.pom (3 KB at 112.8 KB/sec)
[INFO] Downloading: http://insecure.repo1.maven.org/maven2/io/reactivex/rxjava-math/1.0.0/rxjava-math-1.0.0.pom
[INFO] Downloaded: http://insecure.repo1.maven.org/maven2/io/reactivex/rxjava-math/1.0.0/rxjava-math-1.0.0.pom (3 KB at 87.0 KB/sec)
[INFO] Downloading: http://insecure.repo1.maven.org/maven2/io/reactivex/rxjava/1.0.1/rxjava-1.0.1.pom
[INFO] Downloaded: http://insecure.repo1.maven.org/maven2/io/reactivex/rxjava/1.0.1/rxjava-1.0.1.pom (3 KB at 107.6 KB/sec)
[INFO] Downloading: http://insecure.repo1.maven.org/maven2/com/github/davidmoten/rxjava-extras/0.5.2/rxjava-extras-0.5.2.pom
[INFO] Downloaded: http://insecure.repo1.maven.org/maven2/com/github/davidmoten/rxjava-extras/0.5.2/rxjava-extras-0.5.2.pom (7 KB at 272.7 KB/sec)
[INFO] Downloading: http://insecure.repo1.maven.org/maven2/io/reactivex/rxjava/1.0.8/rxjava-1.0.8.pom
[INFO] Downloaded: http://insecure.repo1.maven.org/maven2/io/reactivex/rxjava/1.0.8/rxjava-1.0.8.pom (3 KB at 98.6 KB/sec)
[INFO] Downloading: http://insecure.repo1.maven.org/maven2/org/slf4j/slf4j-api/1.7.10/slf4j-api-1.7.10.pom
[INFO] Downloaded: http://insecure.repo1.maven.org/maven2/org/slf4j/slf4j-api/1.7.10/slf4j-api-1.7.10.pom (3 KB at 113.0 KB/sec)
[INFO] Downloading: http://insecure.repo1.maven.org/maven2/org/slf4j/slf4j-parent/1.7.10/slf4j-parent-1.7.10.pom
[INFO] Downloaded: http://insecure.repo1.maven.org/maven2/org/slf4j/slf4j-parent/1.7.10/slf4j-parent-1.7.10.pom (13 KB at 480.4 KB/sec)
[INFO] Downloading: http://insecure.repo1.maven.org/maven2/com/zaxxer/HikariCP-java6/2.3.7/HikariCP-java6-2.3.7.pom
[INFO] Downloaded: http://insecure.repo1.maven.org/maven2/com/zaxxer/HikariCP-java6/2.3.7/HikariCP-java6-2.3.7.pom (10 KB at 312.2 KB/sec)
[INFO] Downloading: http://insecure.repo1.maven.org/maven2/com/zaxxer/HikariCP-parent/2.3.7/HikariCP-parent-2.3.7.pom
[INFO] Downloaded: http://insecure.repo1.maven.org/maven2/com/zaxxer/HikariCP-parent/2.3.7/HikariCP-parent-2.3.7.pom (9 KB at 326.0 KB/sec)
[INFO] Downloading: http://insecure.repo1.maven.org/maven2/org/javassist/javassist/3.19.0-GA/javassist-3.19.0-GA.pom
[INFO] Downloaded: http://insecure.repo1.maven.org/maven2/org/javassist/javassist/3.19.0-GA/javassist-3.19.0-GA.pom (10 KB at 390.0 KB/sec)
[INFO] Downloading: http://insecure.repo1.maven.org/maven2/junit/junit/4.12/junit-4.12.pom
[INFO] Downloaded: http://insecure.repo1.maven.org/maven2/junit/junit/4.12/junit-4.12.pom (24 KB at 797.3 KB/sec)
[INFO] Downloading: http://insecure.repo1.maven.org/maven2/org/hamcrest/hamcrest-core/1.3/hamcrest-core-1.3.pom
[INFO] Downloaded: http://insecure.repo1.maven.org/maven2/org/hamcrest/hamcrest-core/1.3/hamcrest-core-1.3.pom (766 B at 34.0 KB/sec)
[INFO] Downloading: http://insecure.repo1.maven.org/maven2/org/hamcrest/hamcrest-parent/1.3/hamcrest-parent-1.3.pom
[INFO] Downloaded: http://insecure.repo1.maven.org/maven2/org/hamcrest/hamcrest-parent/1.3/hamcrest-parent-1.3.pom (2 KB at 83.7 KB/sec)
[INFO] Downloading: http://insecure.repo1.maven.org/maven2/org/easymock/easymock/3.2/easymock-3.2.pom
[INFO] Downloaded: http://insecure.repo1.maven.org/maven2/org/easymock/easymock/3.2/easymock-3.2.pom (5 KB at 168.3 KB/sec)
[INFO] Downloading: http://insecure.repo1.maven.org/maven2/org/easymock/easymock-parent/3.2/easymock-parent-3.2.pom
[INFO] Downloaded: http://insecure.repo1.maven.org/maven2/org/easymock/easymock-parent/3.2/easymock-parent-3.2.pom (17 KB at 640.3 KB/sec)
[INFO] Downloading: http://insecure.repo1.maven.org/maven2/cglib/cglib-nodep/2.2.2/cglib-nodep-2.2.2.pom
[INFO] Downloaded: http://insecure.repo1.maven.org/maven2/cglib/cglib-nodep/2.2.2/cglib-nodep-2.2.2.pom (2 KB at 56.3 KB/sec)
[INFO] Downloading: http://insecure.repo1.maven.org/maven2/org/objenesis/objenesis/1.3/objenesis-1.3.pom
[INFO] Downloaded: http://insecure.repo1.maven.org/maven2/org/objenesis/objenesis/1.3/objenesis-1.3.pom (3 KB at 112.8 KB/sec)
[INFO] Downloading: http://insecure.repo1.maven.org/maven2/org/objenesis/objenesis-parent/1.3/objenesis-parent-1.3.pom
[INFO] Downloaded: http://insecure.repo1.maven.org/maven2/org/objenesis/objenesis-parent/1.3/objenesis-parent-1.3.pom (14 KB at 534.6 KB/sec)
[INFO] Downloading: http://insecure.repo1.maven.org/maven2/com/h2database/h2/1.4.178/h2-1.4.178.pom
[INFO] Downloaded: http://insecure.repo1.maven.org/maven2/com/h2database/h2/1.4.178/h2-1.4.178.pom (973 B at 45.2 KB/sec)
[INFO] Downloading: http://insecure.repo1.maven.org/maven2/org/slf4j/slf4j-log4j12/1.7.10/slf4j-log4j12-1.7.10.pom
[INFO] Downloaded: http://insecure.repo1.maven.org/maven2/org/slf4j/slf4j-log4j12/1.7.10/slf4j-log4j12-1.7.10.pom (2 KB at 69.8 KB/sec)
[INFO] Downloading: http://insecure.repo1.maven.org/maven2/log4j/log4j/1.2.17/log4j-1.2.17.pom
[INFO] Downloaded: http://insecure.repo1.maven.org/maven2/log4j/log4j/1.2.17/log4j-1.2.17.pom (22 KB at 685.0 KB/sec)
[INFO] Downloading: http://insecure.repo1.maven.org/maven2/org/mockito/mockito-core/1.9.5/mockito-core-1.9.5.pom
[INFO] Downloaded: http://insecure.repo1.maven.org/maven2/org/mockito/mockito-core/1.9.5/mockito-core-1.9.5.pom (2 KB at 61.6 KB/sec)
[INFO] Downloading: http://insecure.repo1.maven.org/maven2/org/hamcrest/hamcrest-core/1.1/hamcrest-core-1.1.pom
[INFO] Downloaded: http://insecure.repo1.maven.org/maven2/org/hamcrest/hamcrest-core/1.1/hamcrest-core-1.1.pom (481 B at 20.4 KB/sec)
[INFO] Downloading: http://insecure.repo1.maven.org/maven2/org/hamcrest/hamcrest-parent/1.1/hamcrest-parent-1.1.pom
[INFO] Downloaded: http://insecure.repo1.maven.org/maven2/org/hamcrest/hamcrest-parent/1.1/hamcrest-parent-1.1.pom (6 KB at 249.5 KB/sec)
[INFO] Downloading: http://insecure.repo1.maven.org/maven2/org/objenesis/objenesis/1.0/objenesis-1.0.pom
[INFO] Downloaded: http://insecure.repo1.maven.org/maven2/org/objenesis/objenesis/1.0/objenesis-1.0.pom (853 B at 37.9 KB/sec)
[INFO] Downloading: http://insecure.repo1.maven.org/maven2/io/reactivex/rxjava/1.0.10/rxjava-1.0.10.jar
[INFO] Downloading: http://insecure.repo1.maven.org/maven2/io/reactivex/rxjava-string/0.22.0/rxjava-string-0.22.0.jar
[INFO] Downloading: http://insecure.repo1.maven.org/maven2/io/reactivex/rxjava-math/1.0.0/rxjava-math-1.0.0.jar
[INFO] Downloading: http://insecure.repo1.maven.org/maven2/com/github/davidmoten/rxjava-extras/0.5.2/rxjava-extras-0.5.2.jar
[INFO] Downloading: http://insecure.repo1.maven.org/maven2/org/slf4j/slf4j-api/1.7.10/slf4j-api-1.7.10.jar
[INFO] Downloaded: http://insecure.repo1.maven.org/maven2/io/reactivex/rxjava-string/0.22.0/rxjava-string-0.22.0.jar (18 KB at 242.6 KB/sec)
[INFO] Downloading: http://insecure.repo1.maven.org/maven2/com/zaxxer/HikariCP-java6/2.3.7/HikariCP-java6-2.3.7.jar
[INFO] Downloaded: http://insecure.repo1.maven.org/maven2/io/reactivex/rxjava-math/1.0.0/rxjava-math-1.0.0.jar (21 KB at 238.4 KB/sec)
[INFO] Downloading: http://insecure.repo1.maven.org/maven2/org/javassist/javassist/3.19.0-GA/javassist-3.19.0-GA.jar
[INFO] Downloaded: http://insecure.repo1.maven.org/maven2/org/slf4j/slf4j-api/1.7.10/slf4j-api-1.7.10.jar (32 KB at 330.2 KB/sec)
[INFO] Downloading: http://insecure.repo1.maven.org/maven2/junit/junit/4.12/junit-4.12.jar
[INFO] Downloaded: http://insecure.repo1.maven.org/maven2/com/github/davidmoten/rxjava-extras/0.5.2/rxjava-extras-0.5.2.jar (58 KB at 326.8 KB/sec)
[INFO] Downloading: http://insecure.repo1.maven.org/maven2/org/hamcrest/hamcrest-core/1.3/hamcrest-core-1.3.jar
[INFO] Downloaded: http://insecure.repo1.maven.org/maven2/com/zaxxer/HikariCP-java6/2.3.7/HikariCP-java6-2.3.7.jar (97 KB at 340.2 KB/sec)
[INFO] Downloading: http://insecure.repo1.maven.org/maven2/org/easymock/easymock/3.2/easymock-3.2.jar
[INFO] Downloaded: http://insecure.repo1.maven.org/maven2/org/hamcrest/hamcrest-core/1.3/hamcrest-core-1.3.jar (44 KB at 150.1 KB/sec)
[INFO] Downloading: http://insecure.repo1.maven.org/maven2/cglib/cglib-nodep/2.2.2/cglib-nodep-2.2.2.jar
[INFO] Downloaded: http://insecure.repo1.maven.org/maven2/org/easymock/easymock/3.2/easymock-3.2.jar (117 KB at 219.0 KB/sec)
[INFO] Downloading: http://insecure.repo1.maven.org/maven2/org/objenesis/objenesis/1.3/objenesis-1.3.jar
[INFO] Downloaded: http://insecure.repo1.maven.org/maven2/org/objenesis/objenesis/1.3/objenesis-1.3.jar (40 KB at 62.0 KB/sec)
[INFO] Downloading: http://insecure.repo1.maven.org/maven2/com/h2database/h2/1.4.178/h2-1.4.178.jar
[INFO] Downloaded: http://insecure.repo1.maven.org/maven2/junit/junit/4.12/junit-4.12.jar (308 KB at 413.9 KB/sec)
[INFO] Downloading: http://insecure.repo1.maven.org/maven2/org/slf4j/slf4j-log4j12/1.7.10/slf4j-log4j12-1.7.10.jar
[INFO] Downloaded: http://insecure.repo1.maven.org/maven2/org/slf4j/slf4j-log4j12/1.7.10/slf4j-log4j12-1.7.10.jar (9 KB at 11.0 KB/sec)
[INFO] Downloading: http://insecure.repo1.maven.org/maven2/log4j/log4j/1.2.17/log4j-1.2.17.jar
[INFO] Downloaded: http://insecure.repo1.maven.org/maven2/log4j/log4j/1.2.17/log4j-1.2.17.jar (479 KB at 559.5 KB/sec)
[INFO] Downloading: http://insecure.repo1.maven.org/maven2/org/mockito/mockito-core/1.9.5/mockito-core-1.9.5.jar
[INFO] Downloaded: http://insecure.repo1.maven.org/maven2/org/mockito/mockito-core/1.9.5/mockito-core-1.9.5.jar (1465 KB at 1546.8 KB/sec)
[INFO] Downloaded: http://insecure.repo1.maven.org/maven2/cglib/cglib-nodep/2.2.2/cglib-nodep-2.2.2.jar (320 KB at 317.4 KB/sec)
[INFO] Downloaded: http://insecure.repo1.maven.org/maven2/org/javassist/javassist/3.19.0-GA/javassist-3.19.0-GA.jar (732 KB at 528.9 KB/sec)
[INFO] Downloaded: http://insecure.repo1.maven.org/maven2/io/reactivex/rxjava/1.0.10/rxjava-1.0.10.jar (737 KB at 454.6 KB/sec)
[INFO] Downloaded: http://insecure.repo1.maven.org/maven2/com/h2database/h2/1.4.178/h2-1.4.178.jar (1625 KB at 509.9 KB/sec)
[INFO] 
[INFO] --- maven-resources-plugin:2.6:resources (default-resources) @ rxjava-jdbc ---
[INFO] Downloading: https://repo.maven.apache.org/maven2/org/apache/maven/maven-plugin-api/2.0.6/maven-plugin-api-2.0.6.pom
[INFO] Downloaded: https://repo.maven.apache.org/maven2/org/apache/maven/maven-plugin-api/2.0.6/maven-plugin-api-2.0.6.pom (2 KB at 94.7 KB/sec)
[INFO] Downloading: https://repo.maven.apache.org/maven2/org/apache/maven/maven/2.0.6/maven-2.0.6.pom
[INFO] Downloaded: https://repo.maven.apache.org/maven2/org/apache/maven/maven/2.0.6/maven-2.0.6.pom (9 KB at 589.0 KB/sec)
[INFO] Downloading: https://repo.maven.apache.org/maven2/org/apache/maven/maven-parent/5/maven-parent-5.pom
[INFO] Downloaded: https://repo.maven.apache.org/maven2/org/apache/maven/maven-parent/5/maven-parent-5.pom (15 KB at 413.3 KB/sec)
[INFO] Downloading: https://repo.maven.apache.org/maven2/org/apache/apache/3/apache-3.pom
[INFO] Downloaded: https://repo.maven.apache.org/maven2/org/apache/apache/3/apache-3.pom (4 KB at 186.1 KB/sec)
[INFO] Downloading: https://repo.maven.apache.org/maven2/org/apache/maven/maven-project/2.0.6/maven-project-2.0.6.pom
[INFO] Downloaded: https://repo.maven.apache.org/maven2/org/apache/maven/maven-project/2.0.6/maven-project-2.0.6.pom (3 KB at 171.7 KB/sec)
[INFO] Downloading: https://repo.maven.apache.org/maven2/org/apache/maven/maven-settings/2.0.6/maven-settings-2.0.6.pom
[INFO] Downloaded: https://repo.maven.apache.org/maven2/org/apache/maven/maven-settings/2.0.6/maven-settings-2.0.6.pom (2 KB at 139.6 KB/sec)
[INFO] Downloading: https://repo.maven.apache.org/maven2/org/apache/maven/maven-model/2.0.6/maven-model-2.0.6.pom
[INFO] Downloaded: https://repo.maven.apache.org/maven2/org/apache/maven/maven-model/2.0.6/maven-model-2.0.6.pom (3 KB at 198.4 KB/sec)
[INFO] Downloading: https://repo.maven.apache.org/maven2/org/codehaus/plexus/plexus-utils/1.4.1/plexus-utils-1.4.1.pom
[INFO] Downloaded: https://repo.maven.apache.org/maven2/org/codehaus/plexus/plexus-utils/1.4.1/plexus-utils-1.4.1.pom (2 KB at 133.2 KB/sec)
[INFO] Downloading: https://repo.maven.apache.org/maven2/org/codehaus/plexus/plexus/1.0.11/plexus-1.0.11.pom
[INFO] Downloaded: https://repo.maven.apache.org/maven2/org/codehaus/plexus/plexus/1.0.11/plexus-1.0.11.pom (9 KB at 583.9 KB/sec)
[INFO] Downloading: https://repo.maven.apache.org/maven2/org/codehaus/plexus/plexus-container-default/1.0-alpha-9-stable-1/plexus-container-default-1.0-alpha-9-stable-1.pom
[INFO] Downloaded: https://repo.maven.apache.org/maven2/org/codehaus/plexus/plexus-container-default/1.0-alpha-9-stable-1/plexus-container-default-1.0-alpha-9-stable-1.pom (4 KB at 241.0 KB/sec)
[INFO] Downloading: https://repo.maven.apache.org/maven2/org/codehaus/plexus/plexus-containers/1.0.3/plexus-containers-1.0.3.pom
[INFO] Downloaded: https://repo.maven.apache.org/maven2/org/codehaus/plexus/plexus-containers/1.0.3/plexus-containers-1.0.3.pom (492 B at 22.9 KB/sec)
[INFO] Downloading: https://repo.maven.apache.org/maven2/org/codehaus/plexus/plexus/1.0.4/plexus-1.0.4.pom
[INFO] Downloaded: https://repo.maven.apache.org/maven2/org/codehaus/plexus/plexus/1.0.4/plexus-1.0.4.pom (6 KB at 373.5 KB/sec)
[INFO] Downloading: https://repo.maven.apache.org/maven2/junit/junit/3.8.1/junit-3.8.1.pom
[INFO] Downloaded: https://repo.maven.apache.org/maven2/junit/junit/3.8.1/junit-3.8.1.pom (998 B at 65.0 KB/sec)
[INFO] Downloading: https://repo.maven.apache.org/maven2/org/codehaus/plexus/plexus-utils/1.0.4/plexus-utils-1.0.4.pom
[INFO] Downloaded: https://repo.maven.apache.org/maven2/org/codehaus/plexus/plexus-utils/1.0.4/plexus-utils-1.0.4.pom (7 KB at 446.4 KB/sec)
[INFO] Downloading: https://repo.maven.apache.org/maven2/classworlds/classworlds/1.1-alpha-2/classworlds-1.1-alpha-2.pom
[INFO] Downloaded: https://repo.maven.apache.org/maven2/classworlds/classworlds/1.1-alpha-2/classworlds-1.1-alpha-2.pom (4 KB at 203.6 KB/sec)
[INFO] Downloading: https://repo.maven.apache.org/maven2/org/apache/maven/maven-profile/2.0.6/maven-profile-2.0.6.pom
[INFO] Downloaded: https://repo.maven.apache.org/maven2/org/apache/maven/maven-profile/2.0.6/maven-profile-2.0.6.pom (2 KB at 128.9 KB/sec)
[INFO] Downloading: https://repo.maven.apache.org/maven2/org/apache/maven/maven-artifact-manager/2.0.6/maven-artifact-manager-2.0.6.pom
[INFO] Downloaded: https://repo.maven.apache.org/maven2/org/apache/maven/maven-artifact-manager/2.0.6/maven-artifact-manager-2.0.6.pom (3 KB at 197.0 KB/sec)
[INFO] Downloading: https://repo.maven.apache.org/maven2/org/apache/maven/maven-repository-metadata/2.0.6/maven-repository-metadata-2.0.6.pom
[INFO] Downloaded: https://repo.maven.apache.org/maven2/org/apache/maven/maven-repository-metadata/2.0.6/maven-repository-metadata-2.0.6.pom (2 KB at 112.9 KB/sec)
[INFO] Downloading: https://repo.maven.apache.org/maven2/org/apache/maven/maven-artifact/2.0.6/maven-artifact-2.0.6.pom
[INFO] Downloaded: https://repo.maven.apache.org/maven2/org/apache/maven/maven-artifact/2.0.6/maven-artifact-2.0.6.pom (2 KB at 110.0 KB/sec)
[INFO] Downloading: https://repo.maven.apache.org/maven2/org/apache/maven/maven-plugin-registry/2.0.6/maven-plugin-registry-2.0.6.pom
[INFO] Downloaded: https://repo.maven.apache.org/maven2/org/apache/maven/maven-plugin-registry/2.0.6/maven-plugin-registry-2.0.6.pom (2 KB at 126.7 KB/sec)
[INFO] Downloading: https://repo.maven.apache.org/maven2/org/apache/maven/maven-core/2.0.6/maven-core-2.0.6.pom
[INFO] Downloaded: https://repo.maven.apache.org/maven2/org/apache/maven/maven-core/2.0.6/maven-core-2.0.6.pom (7 KB at 409.6 KB/sec)
[INFO] Downloading: https://repo.maven.apache.org/maven2/org/apache/maven/maven-plugin-parameter-documenter/2.0.6/maven-plugin-parameter-documenter-2.0.6.pom
[INFO] Downloaded: https://repo.maven.apache.org/maven2/org/apache/maven/maven-plugin-parameter-documenter/2.0.6/maven-plugin-parameter-documenter-2.0.6.pom (2 KB at 124.4 KB/sec)
[INFO] Downloading: https://repo.maven.apache.org/maven2/org/apache/maven/reporting/maven-reporting-api/2.0.6/maven-reporting-api-2.0.6.pom
[INFO] Downloaded: https://repo.maven.apache.org/maven2/org/apache/maven/reporting/maven-reporting-api/2.0.6/maven-reporting-api-2.0.6.pom (2 KB at 90.0 KB/sec)
[INFO] Downloading: https://repo.maven.apache.org/maven2/org/apache/maven/reporting/maven-reporting/2.0.6/maven-reporting-2.0.6.pom
[INFO] Downloaded: https://repo.maven.apache.org/maven2/org/apache/maven/reporting/maven-reporting/2.0.6/maven-reporting-2.0.6.pom (2 KB at 93.7 KB/sec)
[INFO] Downloading: https://repo.maven.apache.org/maven2/org/apache/maven/doxia/doxia-sink-api/1.0-alpha-7/doxia-sink-api-1.0-alpha-7.pom
[INFO] Downloaded: https://repo.maven.apache.org/maven2/org/apache/maven/doxia/doxia-sink-api/1.0-alpha-7/doxia-sink-api-1.0-alpha-7.pom (424 B at 23.0 KB/sec)
[INFO] Downloading: https://repo.maven.apache.org/maven2/org/apache/maven/doxia/doxia/1.0-alpha-7/doxia-1.0-alpha-7.pom
[INFO] Downloaded: https://repo.maven.apache.org/maven2/org/apache/maven/doxia/doxia/1.0-alpha-7/doxia-1.0-alpha-7.pom (4 KB at 212.3 KB/sec)
[INFO] Downloading: https://repo.maven.apache.org/maven2/org/apache/maven/maven-error-diagnostics/2.0.6/maven-error-diagnostics-2.0.6.pom
[INFO] Downloaded: https://repo.maven.apache.org/maven2/org/apache/maven/maven-error-diagnostics/2.0.6/maven-error-diagnostics-2.0.6.pom (2 KB at 110.9 KB/sec)
[INFO] Downloading: https://repo.maven.apache.org/maven2/commons-cli/commons-cli/1.0/commons-cli-1.0.pom
[INFO] Downloaded: https://repo.maven.apache.org/maven2/commons-cli/commons-cli/1.0/commons-cli-1.0.pom (3 KB at 128.5 KB/sec)
[INFO] Downloading: https://repo.maven.apache.org/maven2/org/apache/maven/maven-plugin-descriptor/2.0.6/maven-plugin-descriptor-2.0.6.pom
[INFO] Downloaded: https://repo.maven.apache.org/maven2/org/apache/maven/maven-plugin-descriptor/2.0.6/maven-plugin-descriptor-2.0.6.pom (2 KB at 82.1 KB/sec)
[INFO] Downloading: https://repo.maven.apache.org/maven2/org/codehaus/plexus/plexus-interactivity-api/1.0-alpha-4/plexus-interactivity-api-1.0-alpha-4.pom
[INFO] Downloaded: https://repo.maven.apache.org/maven2/org/codehaus/plexus/plexus-interactivity-api/1.0-alpha-4/plexus-interactivity-api-1.0-alpha-4.pom (7 KB at 461.7 KB/sec)
[INFO] Downloading: https://repo.maven.apache.org/maven2/org/apache/maven/maven-monitor/2.0.6/maven-monitor-2.0.6.pom
[INFO] Downloaded: https://repo.maven.apache.org/maven2/org/apache/maven/maven-monitor/2.0.6/maven-monitor-2.0.6.pom (2 KB at 76.5 KB/sec)
[INFO] Downloading: https://repo.maven.apache.org/maven2/classworlds/classworlds/1.1/classworlds-1.1.pom
[INFO] Downloaded: https://repo.maven.apache.org/maven2/classworlds/classworlds/1.1/classworlds-1.1.pom (4 KB at 202.9 KB/sec)
[INFO] Downloading: https://repo.maven.apache.org/maven2/org/codehaus/plexus/plexus-utils/2.0.5/plexus-utils-2.0.5.pom
[INFO] Downloaded: https://repo.maven.apache.org/maven2/org/codehaus/plexus/plexus-utils/2.0.5/plexus-utils-2.0.5.pom (4 KB at 232.6 KB/sec)
[INFO] Downloading: https://repo.maven.apache.org/maven2/org/codehaus/plexus/plexus/2.0.6/plexus-2.0.6.pom
[INFO] Downloaded: https://repo.maven.apache.org/maven2/org/codehaus/plexus/plexus/2.0.6/plexus-2.0.6.pom (17 KB at 1259.2 KB/sec)
[INFO] Downloading: https://repo.maven.apache.org/maven2/org/apache/maven/shared/maven-filtering/1.1/maven-filtering-1.1.pom
[INFO] Downloaded: https://repo.maven.apache.org/maven2/org/apache/maven/shared/maven-filtering/1.1/maven-filtering-1.1.pom (6 KB at 434.9 KB/sec)
[INFO] Downloading: https://repo.maven.apache.org/maven2/org/apache/maven/shared/maven-shared-components/17/maven-shared-components-17.pom
[INFO] Downloaded: https://repo.maven.apache.org/maven2/org/apache/maven/shared/maven-shared-components/17/maven-shared-components-17.pom (9 KB at 653.7 KB/sec)
[INFO] Downloading: https://repo.maven.apache.org/maven2/org/codehaus/plexus/plexus-utils/1.5.15/plexus-utils-1.5.15.pom
[INFO] Downloaded: https://repo.maven.apache.org/maven2/org/codehaus/plexus/plexus-utils/1.5.15/plexus-utils-1.5.15.pom (7 KB at 477.7 KB/sec)
[INFO] Downloading: https://repo.maven.apache.org/maven2/org/codehaus/plexus/plexus/2.0.2/plexus-2.0.2.pom
[INFO] Downloaded: https://repo.maven.apache.org/maven2/org/codehaus/plexus/plexus/2.0.2/plexus-2.0.2.pom (12 KB at 755.9 KB/sec)
[INFO] Downloading: https://repo.maven.apache.org/maven2/org/codehaus/plexus/plexus-interpolation/1.12/plexus-interpolation-1.12.pom
[INFO] Downloaded: https://repo.maven.apache.org/maven2/org/codehaus/plexus/plexus-interpolation/1.12/plexus-interpolation-1.12.pom (889 B at 62.0 KB/sec)
[INFO] Downloading: https://repo.maven.apache.org/maven2/org/codehaus/plexus/plexus-components/1.1.14/plexus-components-1.1.14.pom
[INFO] Downloaded: https://repo.maven.apache.org/maven2/org/codehaus/plexus/plexus-components/1.1.14/plexus-components-1.1.14.pom (6 KB at 316.9 KB/sec)
[INFO] Downloading: https://repo.maven.apache.org/maven2/org/sonatype/plexus/plexus-build-api/0.0.4/plexus-build-api-0.0.4.pom
[INFO] Downloaded: https://repo.maven.apache.org/maven2/org/sonatype/plexus/plexus-build-api/0.0.4/plexus-build-api-0.0.4.pom (3 KB at 186.4 KB/sec)
[INFO] Downloading: https://repo.maven.apache.org/maven2/org/sonatype/spice/spice-parent/10/spice-parent-10.pom
[INFO] Downloaded: https://repo.maven.apache.org/maven2/org/sonatype/spice/spice-parent/10/spice-parent-10.pom (3 KB at 210.3 KB/sec)
[INFO] Downloading: https://repo.maven.apache.org/maven2/org/sonatype/forge/forge-parent/3/forge-parent-3.pom
[INFO] Downloaded: https://repo.maven.apache.org/maven2/org/sonatype/forge/forge-parent/3/forge-parent-3.pom (5 KB at 351.1 KB/sec)
[INFO] Downloading: https://repo.maven.apache.org/maven2/org/codehaus/plexus/plexus-utils/1.5.8/plexus-utils-1.5.8.pom
[INFO] Downloaded: https://repo.maven.apache.org/maven2/org/codehaus/plexus/plexus-utils/1.5.8/plexus-utils-1.5.8.pom (8 KB at 524.9 KB/sec)
[INFO] Downloading: https://repo.maven.apache.org/maven2/org/codehaus/plexus/plexus-interpolation/1.13/plexus-interpolation-1.13.pom
[INFO] Downloaded: https://repo.maven.apache.org/maven2/org/codehaus/plexus/plexus-interpolation/1.13/plexus-interpolation-1.13.pom (890 B at 57.9 KB/sec)
[INFO] Downloading: https://repo.maven.apache.org/maven2/org/codehaus/plexus/plexus-components/1.1.15/plexus-components-1.1.15.pom
[INFO] Downloaded: https://repo.maven.apache.org/maven2/org/codehaus/plexus/plexus-components/1.1.15/plexus-components-1.1.15.pom (3 KB at 173.8 KB/sec)
[INFO] Downloading: https://repo.maven.apache.org/maven2/org/codehaus/plexus/plexus/2.0.3/plexus-2.0.3.pom
[INFO] Downloaded: https://repo.maven.apache.org/maven2/org/codehaus/plexus/plexus/2.0.3/plexus-2.0.3.pom (16 KB at 1006.6 KB/sec)
[INFO] Downloading: https://repo.maven.apache.org/maven2/org/apache/maven/reporting/maven-reporting-api/2.0.6/maven-reporting-api-2.0.6.jar
[INFO] Downloading: https://repo.maven.apache.org/maven2/org/apache/maven/doxia/doxia-sink-api/1.0-alpha-7/doxia-sink-api-1.0-alpha-7.jar
[INFO] Downloading: https://repo.maven.apache.org/maven2/commons-cli/commons-cli/1.0/commons-cli-1.0.jar
[INFO] Downloading: https://repo.maven.apache.org/maven2/org/codehaus/plexus/plexus-interactivity-api/1.0-alpha-4/plexus-interactivity-api-1.0-alpha-4.jar
[INFO] Downloading: https://repo.maven.apache.org/maven2/junit/junit/3.8.1/junit-3.8.1.jar
[INFO] Downloaded: https://repo.maven.apache.org/maven2/commons-cli/commons-cli/1.0/commons-cli-1.0.jar (30 KB at 1838.2 KB/sec)
[INFO] Downloading: https://repo.maven.apache.org/maven2/org/codehaus/plexus/plexus-utils/2.0.5/plexus-utils-2.0.5.jar
[INFO] Downloaded: https://repo.maven.apache.org/maven2/org/codehaus/plexus/plexus-interactivity-api/1.0-alpha-4/plexus-interactivity-api-1.0-alpha-4.jar (14 KB at 770.2 KB/sec)
[INFO] Downloading: https://repo.maven.apache.org/maven2/org/apache/maven/shared/maven-filtering/1.1/maven-filtering-1.1.jar
[INFO] Downloaded: https://repo.maven.apache.org/maven2/junit/junit/3.8.1/junit-3.8.1.jar (119 KB at 6222.8 KB/sec)
[INFO] Downloading: https://repo.maven.apache.org/maven2/org/sonatype/plexus/plexus-build-api/0.0.4/plexus-build-api-0.0.4.jar
[INFO] Downloaded: https://repo.maven.apache.org/maven2/org/apache/maven/reporting/maven-reporting-api/2.0.6/maven-reporting-api-2.0.6.jar (10 KB at 422.1 KB/sec)
[INFO] Downloading: https://repo.maven.apache.org/maven2/org/codehaus/plexus/plexus-interpolation/1.13/plexus-interpolation-1.13.jar
[INFO] Downloaded: https://repo.maven.apache.org/maven2/org/apache/maven/shared/maven-filtering/1.1/maven-filtering-1.1.jar (43 KB at 1315.5 KB/sec)
[INFO] Downloaded: https://repo.maven.apache.org/maven2/org/sonatype/plexus/plexus-build-api/0.0.4/plexus-build-api-0.0.4.jar (7 KB at 201.5 KB/sec)
[INFO] Downloaded: https://repo.maven.apache.org/maven2/org/apache/maven/doxia/doxia-sink-api/1.0-alpha-7/doxia-sink-api-1.0-alpha-7.jar (6 KB at 165.6 KB/sec)
[INFO] Downloaded: https://repo.maven.apache.org/maven2/org/codehaus/plexus/plexus-utils/2.0.5/plexus-utils-2.0.5.jar (218 KB at 5735.3 KB/sec)
[INFO] Downloaded: https://repo.maven.apache.org/maven2/org/codehaus/plexus/plexus-interpolation/1.13/plexus-interpolation-1.13.jar (60 KB at 1569.1 KB/sec)
[INFO] Using 'UTF-8' encoding to copy filtered resources.
[INFO] skip non existing resourceDirectory /home/travis/build/failed/davidmoten/rxjava-jdbc/src/main/resources
[INFO] 
[INFO] --- maven-compiler-plugin:3.1:compile (default-compile) @ rxjava-jdbc ---
[INFO] Downloading: https://repo.maven.apache.org/maven2/org/apache/maven/maven-plugin-api/2.0.9/maven-plugin-api-2.0.9.pom
[INFO] Downloaded: https://repo.maven.apache.org/maven2/org/apache/maven/maven-plugin-api/2.0.9/maven-plugin-api-2.0.9.pom (2 KB at 97.3 KB/sec)
[INFO] Downloading: https://repo.maven.apache.org/maven2/org/apache/maven/maven/2.0.9/maven-2.0.9.pom
[INFO] Downloaded: https://repo.maven.apache.org/maven2/org/apache/maven/maven/2.0.9/maven-2.0.9.pom (19 KB at 1230.9 KB/sec)
[INFO] Downloading: https://repo.maven.apache.org/maven2/org/apache/maven/maven-parent/8/maven-parent-8.pom
[INFO] Downloaded: https://repo.maven.apache.org/maven2/org/apache/maven/maven-parent/8/maven-parent-8.pom (24 KB at 1473.0 KB/sec)
[INFO] Downloading: https://repo.maven.apache.org/maven2/org/apache/maven/maven-artifact/2.0.9/maven-artifact-2.0.9.pom
[INFO] Downloaded: https://repo.maven.apache.org/maven2/org/apache/maven/maven-artifact/2.0.9/maven-artifact-2.0.9.pom (2 KB at 105.4 KB/sec)
[INFO] Downloading: https://repo.maven.apache.org/maven2/org/codehaus/plexus/plexus-utils/1.5.1/plexus-utils-1.5.1.pom
[INFO] Downloaded: https://repo.maven.apache.org/maven2/org/codehaus/plexus/plexus-utils/1.5.1/plexus-utils-1.5.1.pom (3 KB at 149.5 KB/sec)
[INFO] Downloading: https://repo.maven.apache.org/maven2/org/apache/maven/maven-core/2.0.9/maven-core-2.0.9.pom
[INFO] Downloaded: https://repo.maven.apache.org/maven2/org/apache/maven/maven-core/2.0.9/maven-core-2.0.9.pom (8 KB at 447.2 KB/sec)
[INFO] Downloading: https://repo.maven.apache.org/maven2/org/apache/maven/maven-settings/2.0.9/maven-settings-2.0.9.pom
[INFO] Downloaded: https://repo.maven.apache.org/maven2/org/apache/maven/maven-settings/2.0.9/maven-settings-2.0.9.pom (3 KB at 125.6 KB/sec)
[INFO] Downloading: https://repo.maven.apache.org/maven2/org/apache/maven/maven-model/2.0.9/maven-model-2.0.9.pom
[INFO] Downloaded: https://repo.maven.apache.org/maven2/org/apache/maven/maven-model/2.0.9/maven-model-2.0.9.pom (4 KB at 191.7 KB/sec)
[INFO] Downloading: https://repo.maven.apache.org/maven2/org/apache/maven/maven-plugin-parameter-documenter/2.0.9/maven-plugin-parameter-documenter-2.0.9.pom
[INFO] Downloaded: https://repo.maven.apache.org/maven2/org/apache/maven/maven-plugin-parameter-documenter/2.0.9/maven-plugin-parameter-documenter-2.0.9.pom (2 KB at 100.9 KB/sec)
[INFO] Downloading: https://repo.maven.apache.org/maven2/org/apache/maven/maven-profile/2.0.9/maven-profile-2.0.9.pom
[INFO] Downloaded: https://repo.maven.apache.org/maven2/org/apache/maven/maven-profile/2.0.9/maven-profile-2.0.9.pom (3 KB at 143.0 KB/sec)
[INFO] Downloading: https://repo.maven.apache.org/maven2/org/apache/maven/maven-repository-metadata/2.0.9/maven-repository-metadata-2.0.9.pom
[INFO] Downloaded: https://repo.maven.apache.org/maven2/org/apache/maven/maven-repository-metadata/2.0.9/maven-repository-metadata-2.0.9.pom (2 KB at 116.0 KB/sec)
[INFO] Downloading: https://repo.maven.apache.org/maven2/org/apache/maven/maven-error-diagnostics/2.0.9/maven-error-diagnostics-2.0.9.pom
[INFO] Downloaded: https://repo.maven.apache.org/maven2/org/apache/maven/maven-error-diagnostics/2.0.9/maven-error-diagnostics-2.0.9.pom (2 KB at 113.5 KB/sec)
[INFO] Downloading: https://repo.maven.apache.org/maven2/org/apache/maven/maven-project/2.0.9/maven-project-2.0.9.pom
[INFO] Downloaded: https://repo.maven.apache.org/maven2/org/apache/maven/maven-project/2.0.9/maven-project-2.0.9.pom (3 KB at 176.4 KB/sec)
[INFO] Downloading: https://repo.maven.apache.org/maven2/org/apache/maven/maven-artifact-manager/2.0.9/maven-artifact-manager-2.0.9.pom
[INFO] Downloaded: https://repo.maven.apache.org/maven2/org/apache/maven/maven-artifact-manager/2.0.9/maven-artifact-manager-2.0.9.pom (3 KB at 175.8 KB/sec)
[INFO] Downloading: https://repo.maven.apache.org/maven2/org/apache/maven/maven-plugin-registry/2.0.9/maven-plugin-registry-2.0.9.pom
[INFO] Downloaded: https://repo.maven.apache.org/maven2/org/apache/maven/maven-plugin-registry/2.0.9/maven-plugin-registry-2.0.9.pom (2 KB at 128.3 KB/sec)
[INFO] Downloading: https://repo.maven.apache.org/maven2/org/apache/maven/maven-plugin-descriptor/2.0.9/maven-plugin-descriptor-2.0.9.pom
[INFO] Downloaded: https://repo.maven.apache.org/maven2/org/apache/maven/maven-plugin-descriptor/2.0.9/maven-plugin-descriptor-2.0.9.pom (3 KB at 126.6 KB/sec)
[INFO] Downloading: https://repo.maven.apache.org/maven2/org/apache/maven/maven-monitor/2.0.9/maven-monitor-2.0.9.pom
[INFO] Downloaded: https://repo.maven.apache.org/maven2/org/apache/maven/maven-monitor/2.0.9/maven-monitor-2.0.9.pom (2 KB at 83.7 KB/sec)
[INFO] Downloading: https://repo.maven.apache.org/maven2/org/apache/maven/maven-toolchain/1.0/maven-toolchain-1.0.pom
[INFO] Downloaded: https://repo.maven.apache.org/maven2/org/apache/maven/maven-toolchain/1.0/maven-toolchain-1.0.pom (4 KB at 208.4 KB/sec)
[INFO] Downloading: https://repo.maven.apache.org/maven2/org/apache/maven/shared/maven-shared-utils/0.1/maven-shared-utils-0.1.pom
[INFO] Downloaded: https://repo.maven.apache.org/maven2/org/apache/maven/shared/maven-shared-utils/0.1/maven-shared-utils-0.1.pom (4 KB at 247.0 KB/sec)
[INFO] Downloading: https://repo.maven.apache.org/maven2/org/apache/maven/shared/maven-shared-components/18/maven-shared-components-18.pom
[INFO] Downloaded: https://repo.maven.apache.org/maven2/org/apache/maven/shared/maven-shared-components/18/maven-shared-components-18.pom (5 KB at 321.2 KB/sec)
[INFO] Downloading: https://repo.maven.apache.org/maven2/org/apache/maven/shared/maven-shared-incremental/1.1/maven-shared-incremental-1.1.pom
[INFO] Downloaded: https://repo.maven.apache.org/maven2/org/apache/maven/shared/maven-shared-incremental/1.1/maven-shared-incremental-1.1.pom (5 KB at 330.8 KB/sec)
[INFO] Downloading: https://repo.maven.apache.org/maven2/org/apache/maven/shared/maven-shared-components/19/maven-shared-components-19.pom
[INFO] Downloaded: https://repo.maven.apache.org/maven2/org/apache/maven/shared/maven-shared-components/19/maven-shared-components-19.pom (7 KB at 443.6 KB/sec)
[INFO] Downloading: https://repo.maven.apache.org/maven2/org/apache/maven/maven-plugin-api/2.2.1/maven-plugin-api-2.2.1.pom
[INFO] Downloaded: https://repo.maven.apache.org/maven2/org/apache/maven/maven-plugin-api/2.2.1/maven-plugin-api-2.2.1.pom (2 KB at 95.0 KB/sec)
[INFO] Downloading: https://repo.maven.apache.org/maven2/org/apache/maven/maven/2.2.1/maven-2.2.1.pom
[INFO] Downloaded: https://repo.maven.apache.org/maven2/org/apache/maven/maven/2.2.1/maven-2.2.1.pom (22 KB at 1367.7 KB/sec)
[INFO] Downloading: https://repo.maven.apache.org/maven2/org/apache/maven/maven-parent/11/maven-parent-11.pom
[INFO] Downloaded: https://repo.maven.apache.org/maven2/org/apache/maven/maven-parent/11/maven-parent-11.pom (32 KB at 1507.1 KB/sec)
[INFO] Downloading: https://repo.maven.apache.org/maven2/org/apache/apache/5/apache-5.pom
[INFO] Downloaded: https://repo.maven.apache.org/maven2/org/apache/apache/5/apache-5.pom (5 KB at 250.1 KB/sec)
[INFO] Downloading: https://repo.maven.apache.org/maven2/org/apache/maven/maven-core/2.2.1/maven-core-2.2.1.pom
[INFO] Downloaded: https://repo.maven.apache.org/maven2/org/apache/maven/maven-core/2.2.1/maven-core-2.2.1.pom (12 KB at 710.0 KB/sec)
[INFO] Downloading: https://repo.maven.apache.org/maven2/org/apache/maven/maven-settings/2.2.1/maven-settings-2.2.1.pom
[INFO] Downloaded: https://repo.maven.apache.org/maven2/org/apache/maven/maven-settings/2.2.1/maven-settings-2.2.1.pom (3 KB at 163.7 KB/sec)
[INFO] Downloading: https://repo.maven.apache.org/maven2/org/apache/maven/maven-model/2.2.1/maven-model-2.2.1.pom
[INFO] Downloaded: https://repo.maven.apache.org/maven2/org/apache/maven/maven-model/2.2.1/maven-model-2.2.1.pom (4 KB at 210.9 KB/sec)
[INFO] Downloading: https://repo.maven.apache.org/maven2/org/codehaus/plexus/plexus-interpolation/1.11/plexus-interpolation-1.11.pom
[INFO] Downloaded: https://repo.maven.apache.org/maven2/org/codehaus/plexus/plexus-interpolation/1.11/plexus-interpolation-1.11.pom (889 B at 62.0 KB/sec)
[INFO] Downloading: https://repo.maven.apache.org/maven2/org/apache/maven/maven-plugin-parameter-documenter/2.2.1/maven-plugin-parameter-documenter-2.2.1.pom
[INFO] Downloaded: https://repo.maven.apache.org/maven2/org/apache/maven/maven-plugin-parameter-documenter/2.2.1/maven-plugin-parameter-documenter-2.2.1.pom (2 KB at 147.0 KB/sec)
[INFO] Downloading: https://repo.maven.apache.org/maven2/org/slf4j/slf4j-jdk14/1.5.6/slf4j-jdk14-1.5.6.pom
[INFO] Downloaded: https://repo.maven.apache.org/maven2/org/slf4j/slf4j-jdk14/1.5.6/slf4j-jdk14-1.5.6.pom (2 KB at 123.6 KB/sec)
[INFO] Downloading: https://repo.maven.apache.org/maven2/org/slf4j/slf4j-parent/1.5.6/slf4j-parent-1.5.6.pom
[INFO] Downloaded: https://repo.maven.apache.org/maven2/org/slf4j/slf4j-parent/1.5.6/slf4j-parent-1.5.6.pom (8 KB at 515.6 KB/sec)
[INFO] Downloading: https://repo.maven.apache.org/maven2/org/slf4j/slf4j-api/1.5.6/slf4j-api-1.5.6.pom
[INFO] Downloaded: https://repo.maven.apache.org/maven2/org/slf4j/slf4j-api/1.5.6/slf4j-api-1.5.6.pom (3 KB at 171.4 KB/sec)
[INFO] Downloading: https://repo.maven.apache.org/maven2/org/slf4j/jcl-over-slf4j/1.5.6/jcl-over-slf4j-1.5.6.pom
[INFO] Downloaded: https://repo.maven.apache.org/maven2/org/slf4j/jcl-over-slf4j/1.5.6/jcl-over-slf4j-1.5.6.pom (3 KB at 151.3 KB/sec)
[INFO] Downloading: https://repo.maven.apache.org/maven2/org/apache/maven/maven-profile/2.2.1/maven-profile-2.2.1.pom
[INFO] Downloaded: https://repo.maven.apache.org/maven2/org/apache/maven/maven-profile/2.2.1/maven-profile-2.2.1.pom (3 KB at 151.4 KB/sec)
[INFO] Downloading: https://repo.maven.apache.org/maven2/org/apache/maven/maven-artifact/2.2.1/maven-artifact-2.2.1.pom
[INFO] Downloaded: https://repo.maven.apache.org/maven2/org/apache/maven/maven-artifact/2.2.1/maven-artifact-2.2.1.pom (2 KB at 110.3 KB/sec)
[INFO] Downloading: https://repo.maven.apache.org/maven2/org/apache/maven/maven-repository-metadata/2.2.1/maven-repository-metadata-2.2.1.pom
[INFO] Downloaded: https://repo.maven.apache.org/maven2/org/apache/maven/maven-repository-metadata/2.2.1/maven-repository-metadata-2.2.1.pom (2 KB at 130.5 KB/sec)
[INFO] Downloading: https://repo.maven.apache.org/maven2/org/apache/maven/maven-error-diagnostics/2.2.1/maven-error-diagnostics-2.2.1.pom
[INFO] Downloaded: https://repo.maven.apache.org/maven2/org/apache/maven/maven-error-diagnostics/2.2.1/maven-error-diagnostics-2.2.1.pom (2 KB at 111.2 KB/sec)
[INFO] Downloading: https://repo.maven.apache.org/maven2/org/apache/maven/maven-project/2.2.1/maven-project-2.2.1.pom
[INFO] Downloaded: https://repo.maven.apache.org/maven2/org/apache/maven/maven-project/2.2.1/maven-project-2.2.1.pom (3 KB at 180.5 KB/sec)
[INFO] Downloading: https://repo.maven.apache.org/maven2/org/apache/maven/maven-artifact-manager/2.2.1/maven-artifact-manager-2.2.1.pom
[INFO] Downloaded: https://repo.maven.apache.org/maven2/org/apache/maven/maven-artifact-manager/2.2.1/maven-artifact-manager-2.2.1.pom (4 KB at 202.0 KB/sec)
[INFO] Downloading: https://repo.maven.apache.org/maven2/backport-util-concurrent/backport-util-concurrent/3.1/backport-util-concurrent-3.1.pom
[INFO] Downloaded: https://repo.maven.apache.org/maven2/backport-util-concurrent/backport-util-concurrent/3.1/backport-util-concurrent-3.1.pom (880 B at 53.7 KB/sec)
[INFO] Downloading: https://repo.maven.apache.org/maven2/org/apache/maven/maven-plugin-registry/2.2.1/maven-plugin-registry-2.2.1.pom
[INFO] Downloaded: https://repo.maven.apache.org/maven2/org/apache/maven/maven-plugin-registry/2.2.1/maven-plugin-registry-2.2.1.pom (2 KB at 134.6 KB/sec)
[INFO] Downloading: https://repo.maven.apache.org/maven2/org/apache/maven/maven-plugin-descriptor/2.2.1/maven-plugin-descriptor-2.2.1.pom
[INFO] Downloaded: https://repo.maven.apache.org/maven2/org/apache/maven/maven-plugin-descriptor/2.2.1/maven-plugin-descriptor-2.2.1.pom (3 KB at 144.0 KB/sec)
[INFO] Downloading: https://repo.maven.apache.org/maven2/org/apache/maven/maven-monitor/2.2.1/maven-monitor-2.2.1.pom
[INFO] Downloaded: https://repo.maven.apache.org/maven2/org/apache/maven/maven-monitor/2.2.1/maven-monitor-2.2.1.pom (2 KB at 81.8 KB/sec)
[INFO] Downloading: https://repo.maven.apache.org/maven2/org/sonatype/plexus/plexus-sec-dispatcher/1.3/plexus-sec-dispatcher-1.3.pom
[INFO] Downloaded: https://repo.maven.apache.org/maven2/org/sonatype/plexus/plexus-sec-dispatcher/1.3/plexus-sec-dispatcher-1.3.pom (3 KB at 206.5 KB/sec)
[INFO] Downloading: https://repo.maven.apache.org/maven2/org/codehaus/plexus/plexus-utils/1.5.5/plexus-utils-1.5.5.pom
[INFO] Downloaded: https://repo.maven.apache.org/maven2/org/codehaus/plexus/plexus-utils/1.5.5/plexus-utils-1.5.5.pom (6 KB at 218.5 KB/sec)
[INFO] Downloading: https://repo.maven.apache.org/maven2/org/sonatype/plexus/plexus-cipher/1.4/plexus-cipher-1.4.pom
[INFO] Downloaded: https://repo.maven.apache.org/maven2/org/sonatype/plexus/plexus-cipher/1.4/plexus-cipher-1.4.pom (3 KB at 112.0 KB/sec)
[INFO] Downloading: https://repo.maven.apache.org/maven2/org/codehaus/plexus/plexus-component-annotations/1.5.5/plexus-component-annotations-1.5.5.pom
[INFO] Downloaded: https://repo.maven.apache.org/maven2/org/codehaus/plexus/plexus-component-annotations/1.5.5/plexus-component-annotations-1.5.5.pom (815 B at 56.8 KB/sec)
[INFO] Downloading: https://repo.maven.apache.org/maven2/org/codehaus/plexus/plexus-containers/1.5.5/plexus-containers-1.5.5.pom
[INFO] Downloaded: https://repo.maven.apache.org/maven2/org/codehaus/plexus/plexus-containers/1.5.5/plexus-containers-1.5.5.pom (5 KB at 318.5 KB/sec)
[INFO] Downloading: https://repo.maven.apache.org/maven2/org/codehaus/plexus/plexus/2.0.7/plexus-2.0.7.pom
[INFO] Downloaded: https://repo.maven.apache.org/maven2/org/codehaus/plexus/plexus/2.0.7/plexus-2.0.7.pom (17 KB at 1299.2 KB/sec)
[INFO] Downloading: https://repo.maven.apache.org/maven2/org/codehaus/plexus/plexus-compiler-api/2.2/plexus-compiler-api-2.2.pom
[INFO] Downloaded: https://repo.maven.apache.org/maven2/org/codehaus/plexus/plexus-compiler-api/2.2/plexus-compiler-api-2.2.pom (865 B at 70.4 KB/sec)
[INFO] Downloading: https://repo.maven.apache.org/maven2/org/codehaus/plexus/plexus-compiler/2.2/plexus-compiler-2.2.pom
[INFO] Downloaded: https://repo.maven.apache.org/maven2/org/codehaus/plexus/plexus-compiler/2.2/plexus-compiler-2.2.pom (4 KB at 294.1 KB/sec)
[INFO] Downloading: https://repo.maven.apache.org/maven2/org/codehaus/plexus/plexus-components/1.3.1/plexus-components-1.3.1.pom
[INFO] Downloaded: https://repo.maven.apache.org/maven2/org/codehaus/plexus/plexus-components/1.3.1/plexus-components-1.3.1.pom (3 KB at 230.2 KB/sec)
[INFO] Downloading: https://repo.maven.apache.org/maven2/org/codehaus/plexus/plexus/3.3.1/plexus-3.3.1.pom
[INFO] Downloaded: https://repo.maven.apache.org/maven2/org/codehaus/plexus/plexus/3.3.1/plexus-3.3.1.pom (20 KB at 1331.1 KB/sec)
[INFO] Downloading: https://repo.maven.apache.org/maven2/org/codehaus/plexus/plexus-compiler-manager/2.2/plexus-compiler-manager-2.2.pom
[INFO] Downloaded: https://repo.maven.apache.org/maven2/org/codehaus/plexus/plexus-compiler-manager/2.2/plexus-compiler-manager-2.2.pom (690 B at 56.2 KB/sec)
[INFO] Downloading: https://repo.maven.apache.org/maven2/org/codehaus/plexus/plexus-compiler-javac/2.2/plexus-compiler-javac-2.2.pom
[INFO] Downloaded: https://repo.maven.apache.org/maven2/org/codehaus/plexus/plexus-compiler-javac/2.2/plexus-compiler-javac-2.2.pom (769 B at 57.8 KB/sec)
[INFO] Downloading: https://repo.maven.apache.org/maven2/org/codehaus/plexus/plexus-compilers/2.2/plexus-compilers-2.2.pom
[INFO] Downloaded: https://repo.maven.apache.org/maven2/org/codehaus/plexus/plexus-compilers/2.2/plexus-compilers-2.2.pom (2 KB at 86.6 KB/sec)
[INFO] Downloading: https://repo.maven.apache.org/maven2/org/codehaus/plexus/plexus-container-default/1.5.5/plexus-container-default-1.5.5.pom
[INFO] Downloaded: https://repo.maven.apache.org/maven2/org/codehaus/plexus/plexus-container-default/1.5.5/plexus-container-default-1.5.5.pom (3 KB at 192.2 KB/sec)
[INFO] Downloading: https://repo.maven.apache.org/maven2/org/codehaus/plexus/plexus-utils/1.4.5/plexus-utils-1.4.5.pom
[INFO] Downloaded: https://repo.maven.apache.org/maven2/org/codehaus/plexus/plexus-utils/1.4.5/plexus-utils-1.4.5.pom (3 KB at 158.0 KB/sec)
[INFO] Downloading: https://repo.maven.apache.org/maven2/org/codehaus/plexus/plexus-classworlds/2.2.2/plexus-classworlds-2.2.2.pom
[INFO] Downloaded: https://repo.maven.apache.org/maven2/org/codehaus/plexus/plexus-classworlds/2.2.2/plexus-classworlds-2.2.2.pom (4 KB at 262.6 KB/sec)
[INFO] Downloading: https://repo.maven.apache.org/maven2/org/apache/xbean/xbean-reflect/3.4/xbean-reflect-3.4.pom
[INFO] Downloaded: https://repo.maven.apache.org/maven2/org/apache/xbean/xbean-reflect/3.4/xbean-reflect-3.4.pom (3 KB at 195.9 KB/sec)
[INFO] Downloading: https://repo.maven.apache.org/maven2/org/apache/xbean/xbean/3.4/xbean-3.4.pom
[INFO] Downloaded: https://repo.maven.apache.org/maven2/org/apache/xbean/xbean/3.4/xbean-3.4.pom (19 KB at 1292.7 KB/sec)
[INFO] Downloading: https://repo.maven.apache.org/maven2/log4j/log4j/1.2.12/log4j-1.2.12.pom
[INFO] Downloaded: https://repo.maven.apache.org/maven2/log4j/log4j/1.2.12/log4j-1.2.12.pom (145 B at 8.3 KB/sec)
[INFO] Downloading: https://repo.maven.apache.org/maven2/commons-logging/commons-logging-api/1.1/commons-logging-api-1.1.pom
[INFO] Downloaded: https://repo.maven.apache.org/maven2/commons-logging/commons-logging-api/1.1/commons-logging-api-1.1.pom (6 KB at 307.2 KB/sec)
[INFO] Downloading: https://repo.maven.apache.org/maven2/com/google/collections/google-collections/1.0/google-collections-1.0.pom
[INFO] Downloaded: https://repo.maven.apache.org/maven2/com/google/collections/google-collections/1.0/google-collections-1.0.pom (3 KB at 161.3 KB/sec)
[INFO] Downloading: https://repo.maven.apache.org/maven2/com/google/google/1/google-1.pom
[INFO] Downloaded: https://repo.maven.apache.org/maven2/com/google/google/1/google-1.pom (2 KB at 94.8 KB/sec)
[INFO] Downloading: https://repo.maven.apache.org/maven2/junit/junit/3.8.2/junit-3.8.2.pom
[INFO] Downloaded: https://repo.maven.apache.org/maven2/junit/junit/3.8.2/junit-3.8.2.pom (747 B at 19.2 KB/sec)
[INFO] Downloading: https://repo.maven.apache.org/maven2/org/codehaus/plexus/plexus-utils/1.5.1/plexus-utils-1.5.1.jar
[INFO] Downloading: https://repo.maven.apache.org/maven2/org/apache/maven/shared/maven-shared-utils/0.1/maven-shared-utils-0.1.jar
[INFO] Downloading: https://repo.maven.apache.org/maven2/org/apache/maven/shared/maven-shared-incremental/1.1/maven-shared-incremental-1.1.jar
[INFO] Downloading: https://repo.maven.apache.org/maven2/org/codehaus/plexus/plexus-component-annotations/1.5.5/plexus-component-annotations-1.5.5.jar
[INFO] Downloading: https://repo.maven.apache.org/maven2/org/codehaus/plexus/plexus-compiler-api/2.2/plexus-compiler-api-2.2.jar
[INFO] Downloaded: https://repo.maven.apache.org/maven2/org/codehaus/plexus/plexus-component-annotations/1.5.5/plexus-component-annotations-1.5.5.jar (5 KB at 228.5 KB/sec)
[INFO] Downloading: https://repo.maven.apache.org/maven2/org/codehaus/plexus/plexus-compiler-manager/2.2/plexus-compiler-manager-2.2.jar
[INFO] Downloaded: https://repo.maven.apache.org/maven2/org/codehaus/plexus/plexus-compiler-api/2.2/plexus-compiler-api-2.2.jar (25 KB at 1355.8 KB/sec)
[INFO] Downloading: https://repo.maven.apache.org/maven2/org/codehaus/plexus/plexus-compiler-javac/2.2/plexus-compiler-javac-2.2.jar
[INFO] Downloaded: https://repo.maven.apache.org/maven2/org/apache/maven/shared/maven-shared-utils/0.1/maven-shared-utils-0.1.jar (151 KB at 6560.8 KB/sec)
[INFO] Downloading: https://repo.maven.apache.org/maven2/org/apache/xbean/xbean-reflect/3.4/xbean-reflect-3.4.jar
[INFO] Downloaded: https://repo.maven.apache.org/maven2/org/apache/maven/shared/maven-shared-incremental/1.1/maven-shared-incremental-1.1.jar (14 KB at 489.7 KB/sec)
[INFO] Downloading: https://repo.maven.apache.org/maven2/log4j/log4j/1.2.12/log4j-1.2.12.jar
[INFO] Downloaded: https://repo.maven.apache.org/maven2/org/codehaus/plexus/plexus-utils/1.5.1/plexus-utils-1.5.1.jar (206 KB at 7094.6 KB/sec)
[INFO] Downloading: https://repo.maven.apache.org/maven2/commons-logging/commons-logging-api/1.1/commons-logging-api-1.1.jar
[INFO] Downloaded: https://repo.maven.apache.org/maven2/org/codehaus/plexus/plexus-compiler-manager/2.2/plexus-compiler-manager-2.2.jar (5 KB at 111.4 KB/sec)
[INFO] Downloading: https://repo.maven.apache.org/maven2/com/google/collections/google-collections/1.0/google-collections-1.0.jar
[INFO] Downloaded: https://repo.maven.apache.org/maven2/org/codehaus/plexus/plexus-compiler-javac/2.2/plexus-compiler-javac-2.2.jar (19 KB at 451.9 KB/sec)
[INFO] Downloading: https://repo.maven.apache.org/maven2/junit/junit/3.8.2/junit-3.8.2.jar
[INFO] Downloaded: https://repo.maven.apache.org/maven2/commons-logging/commons-logging-api/1.1/commons-logging-api-1.1.jar (44 KB at 989.8 KB/sec)
[INFO] Downloaded: https://repo.maven.apache.org/maven2/org/apache/xbean/xbean-reflect/3.4/xbean-reflect-3.4.jar (131 KB at 2513.3 KB/sec)
[INFO] Downloaded: https://repo.maven.apache.org/maven2/log4j/log4j/1.2.12/log4j-1.2.12.jar (350 KB at 6135.0 KB/sec)
[INFO] Downloaded: https://repo.maven.apache.org/maven2/junit/junit/3.8.2/junit-3.8.2.jar (118 KB at 1931.4 KB/sec)
[INFO] Downloaded: https://repo.maven.apache.org/maven2/com/google/collections/google-collections/1.0/google-collections-1.0.jar (625 KB at 8111.7 KB/sec)
[INFO] Changes detected - recompiling the module!
[INFO] Compiling 42 source files to /home/travis/build/failed/davidmoten/rxjava-jdbc/target/classes
[INFO] -------------------------------------------------------------
[ERROR] COMPILATION ERROR : 
[INFO] -------------------------------------------------------------
[ERROR] /home/travis/build/failed/davidmoten/rxjava-jdbc/src/main/java/com/github/davidmoten/rx/jdbc/QuerySelectProducer.java:[21,19] cannot find symbol
  symbol:   class ResultSetMapper
  location: class com.github.davidmoten.rx.jdbc.QuerySelectProducer<T>
[ERROR] /home/travis/build/failed/davidmoten/rxjava-jdbc/src/main/java/com/github/davidmoten/rx/jdbc/QuerySelectProducer.java:[30,25] cannot find symbol
  symbol:   class ResultSetMapper
  location: class com.github.davidmoten.rx.jdbc.QuerySelectProducer<T>
[ERROR] /home/travis/build/failed/davidmoten/rxjava-jdbc/src/main/java/com/github/davidmoten/rx/jdbc/Util.java:[237,16] cannot find symbol
  symbol:   class ResultSetMapper
  location: class com.github.davidmoten.rx.jdbc.Util
[ERROR] /home/travis/build/failed/davidmoten/rxjava-jdbc/src/main/java/com/github/davidmoten/rx/jdbc/QuerySelect.java:[83,38] cannot find symbol
  symbol:   class ResultSetMapper
  location: class com.github.davidmoten.rx.jdbc.QuerySelect
[ERROR] /home/travis/build/failed/davidmoten/rxjava-jdbc/src/main/java/com/github/davidmoten/rx/jdbc/QuerySelect.java:[97,19] cannot find symbol
  symbol:   class ResultSetMapper
  location: class com.github.davidmoten.rx.jdbc.QuerySelect
[ERROR] /home/travis/build/failed/davidmoten/rxjava-jdbc/src/main/java/com/github/davidmoten/rx/jdbc/QuerySelect.java:[115,13] cannot find symbol
  symbol:   class ResultSetMapper
  location: class com.github.davidmoten.rx.jdbc.QuerySelect
[ERROR] /home/travis/build/failed/davidmoten/rxjava-jdbc/src/main/java/com/github/davidmoten/rx/jdbc/QuerySelect.java:[210,38] cannot find symbol
  symbol:   class ResultSetMapper
  location: class com.github.davidmoten.rx.jdbc.QuerySelect.Builder
[ERROR] /home/travis/build/failed/davidmoten/rxjava-jdbc/src/main/java/com/github/davidmoten/rx/jdbc/QuerySelect.java:[442,39] cannot find symbol
  symbol:   class ResultSetMapper
  location: class com.github.davidmoten.rx.jdbc.QuerySelect.OperatorBuilder<R>
[ERROR] /home/travis/build/failed/davidmoten/rxjava-jdbc/src/main/java/com/github/davidmoten/rx/jdbc/QuerySelectOperator.java:[28,19] cannot find symbol
  symbol:   class ResultSetMapper
  location: class com.github.davidmoten.rx.jdbc.QuerySelectOperator<T,R>
[ERROR] /home/travis/build/failed/davidmoten/rxjava-jdbc/src/main/java/com/github/davidmoten/rx/jdbc/QuerySelectOperator.java:[41,17] cannot find symbol
  symbol:   class ResultSetMapper
  location: class com.github.davidmoten.rx.jdbc.QuerySelectOperator.ApplyQuerySelect<R,T>
[ERROR] /home/travis/build/failed/davidmoten/rxjava-jdbc/src/main/java/com/github/davidmoten/rx/jdbc/QuerySelectOperator.java:[45,17] cannot find symbol
  symbol:   class ResultSetMapper
  location: class com.github.davidmoten.rx.jdbc.QuerySelectOperator.ApplyQuerySelect<R,T>
[ERROR] /home/travis/build/failed/davidmoten/rxjava-jdbc/src/main/java/com/github/davidmoten/rx/jdbc/QuerySelectOperation.java:[32,13] cannot find symbol
  symbol:   class ResultSetMapper
  location: class com.github.davidmoten.rx.jdbc.QuerySelectOperation
[ERROR] /home/travis/build/failed/davidmoten/rxjava-jdbc/src/main/java/com/github/davidmoten/rx/jdbc/QuerySelectOperation.java:[41,23] cannot find symbol
  symbol:   class ResultSetMapper
  location: class com.github.davidmoten.rx.jdbc.QuerySelectOperation.QuerySelectOnSubscribe<T>
[ERROR] /home/travis/build/failed/davidmoten/rxjava-jdbc/src/main/java/com/github/davidmoten/rx/jdbc/QuerySelectOperation.java:[62,17] cannot find symbol
  symbol:   class ResultSetMapper
  location: class com.github.davidmoten.rx.jdbc.QuerySelectOperation.QuerySelectOnSubscribe<T>
[ERROR] /home/travis/build/failed/davidmoten/rxjava-jdbc/src/main/java/com/github/davidmoten/rx/jdbc/tuple/Tuples.java:[10,37] cannot find symbol
  symbol:   class ResultSetMapper
  location: package com.github.davidmoten.rx.jdbc
[ERROR] /home/travis/build/failed/davidmoten/rxjava-jdbc/src/main/java/com/github/davidmoten/rx/jdbc/tuple/Tuples.java:[24,23] cannot find symbol
  symbol:   class ResultSetMapper
  location: class com.github.davidmoten.rx.jdbc.tuple.Tuples
[ERROR] /home/travis/build/failed/davidmoten/rxjava-jdbc/src/main/java/com/github/davidmoten/rx/jdbc/tuple/Tuples.java:[36,28] cannot find symbol
  symbol:   class ResultSetMapper
  location: class com.github.davidmoten.rx.jdbc.tuple.Tuples
[ERROR] /home/travis/build/failed/davidmoten/rxjava-jdbc/src/main/java/com/github/davidmoten/rx/jdbc/tuple/Tuples.java:[48,32] cannot find symbol
  symbol:   class ResultSetMapper
  location: class com.github.davidmoten.rx.jdbc.tuple.Tuples
[ERROR] /home/travis/build/failed/davidmoten/rxjava-jdbc/src/main/java/com/github/davidmoten/rx/jdbc/tuple/Tuples.java:[60,36] cannot find symbol
  symbol:   class ResultSetMapper
  location: class com.github.davidmoten.rx.jdbc.tuple.Tuples
[ERROR] /home/travis/build/failed/davidmoten/rxjava-jdbc/src/main/java/com/github/davidmoten/rx/jdbc/tuple/Tuples.java:[72,40] cannot find symbol
  symbol:   class ResultSetMapper
  location: class com.github.davidmoten.rx.jdbc.tuple.Tuples
[ERROR] /home/travis/build/failed/davidmoten/rxjava-jdbc/src/main/java/com/github/davidmoten/rx/jdbc/tuple/Tuples.java:[86,44] cannot find symbol
  symbol:   class ResultSetMapper
  location: class com.github.davidmoten.rx.jdbc.tuple.Tuples
[ERROR] /home/travis/build/failed/davidmoten/rxjava-jdbc/src/main/java/com/github/davidmoten/rx/jdbc/tuple/Tuples.java:[102,48] cannot find symbol
  symbol:   class ResultSetMapper
  location: class com.github.davidmoten.rx.jdbc.tuple.Tuples
[ERROR] /home/travis/build/failed/davidmoten/rxjava-jdbc/src/main/java/com/github/davidmoten/rx/jdbc/tuple/Tuples.java:[118,23] cannot find symbol
  symbol:   class ResultSetMapper
  location: class com.github.davidmoten.rx.jdbc.tuple.Tuples
[ERROR] /home/travis/build/failed/davidmoten/rxjava-jdbc/src/main/java/com/github/davidmoten/rx/jdbc/QuerySelect.java:[377,28] cannot find symbol
  symbol:   class ResultSetMapper
  location: class com.github.davidmoten.rx.jdbc.QuerySelect.Builder
[ERROR] /home/travis/build/failed/davidmoten/rxjava-jdbc/src/main/java/com/github/davidmoten/rx/jdbc/Util.java:[238,20] cannot find symbol
  symbol:   class ResultSetMapper
  location: class com.github.davidmoten.rx.jdbc.Util
[ERROR] /home/travis/build/failed/davidmoten/rxjava-jdbc/src/main/java/com/github/davidmoten/rx/jdbc/tuple/Tuples.java:[25,20] cannot find symbol
  symbol:   class ResultSetMapper
  location: class com.github.davidmoten.rx.jdbc.tuple.Tuples
[ERROR] /home/travis/build/failed/davidmoten/rxjava-jdbc/src/main/java/com/github/davidmoten/rx/jdbc/tuple/Tuples.java:[38,20] cannot find symbol
  symbol:   class ResultSetMapper
  location: class com.github.davidmoten.rx.jdbc.tuple.Tuples
[ERROR] /home/travis/build/failed/davidmoten/rxjava-jdbc/src/main/java/com/github/davidmoten/rx/jdbc/tuple/Tuples.java:[50,20] cannot find symbol
  symbol:   class ResultSetMapper
  location: class com.github.davidmoten.rx.jdbc.tuple.Tuples
[ERROR] /home/travis/build/failed/davidmoten/rxjava-jdbc/src/main/java/com/github/davidmoten/rx/jdbc/tuple/Tuples.java:[62,20] cannot find symbol
  symbol:   class ResultSetMapper
  location: class com.github.davidmoten.rx.jdbc.tuple.Tuples
[ERROR] /home/travis/build/failed/davidmoten/rxjava-jdbc/src/main/java/com/github/davidmoten/rx/jdbc/tuple/Tuples.java:[75,20] cannot find symbol
  symbol:   class ResultSetMapper
  location: class com.github.davidmoten.rx.jdbc.tuple.Tuples
[ERROR] /home/travis/build/failed/davidmoten/rxjava-jdbc/src/main/java/com/github/davidmoten/rx/jdbc/tuple/Tuples.java:[90,20] cannot find symbol
  symbol:   class ResultSetMapper
  location: class com.github.davidmoten.rx.jdbc.tuple.Tuples
[ERROR] /home/travis/build/failed/davidmoten/rxjava-jdbc/src/main/java/com/github/davidmoten/rx/jdbc/tuple/Tuples.java:[106,20] cannot find symbol
  symbol:   class ResultSetMapper
  location: class com.github.davidmoten.rx.jdbc.tuple.Tuples
[ERROR] /home/travis/build/failed/davidmoten/rxjava-jdbc/src/main/java/com/github/davidmoten/rx/jdbc/tuple/Tuples.java:[119,20] cannot find symbol
  symbol:   class ResultSetMapper
  location: class com.github.davidmoten.rx.jdbc.tuple.Tuples
[INFO] 33 errors 
[INFO] -------------------------------------------------------------
[INFO] ------------------------------------------------------------------------
[INFO] BUILD FAILURE
[INFO] ------------------------------------------------------------------------
[INFO] Total time: 18.397 s
[INFO] Finished at: 2022-08-19T23:57:39+00:00
[INFO] Final Memory: 22M/491M
[INFO] ------------------------------------------------------------------------
[ERROR] Failed to execute goal org.apache.maven.plugins:maven-compiler-plugin:3.1:compile (default-compile) on project rxjava-jdbc: Compilation failure: Compilation failure:
[ERROR] /home/travis/build/failed/davidmoten/rxjava-jdbc/src/main/java/com/github/davidmoten/rx/jdbc/QuerySelectProducer.java:[21,19] cannot find symbol
[ERROR] symbol:   class ResultSetMapper
[ERROR] location: class com.github.davidmoten.rx.jdbc.QuerySelectProducer<T>
[ERROR] /home/travis/build/failed/davidmoten/rxjava-jdbc/src/main/java/com/github/davidmoten/rx/jdbc/QuerySelectProducer.java:[30,25] cannot find symbol
[ERROR] symbol:   class ResultSetMapper
[ERROR] location: class com.github.davidmoten.rx.jdbc.QuerySelectProducer<T>
[ERROR] /home/travis/build/failed/davidmoten/rxjava-jdbc/src/main/java/com/github/davidmoten/rx/jdbc/Util.java:[237,16] cannot find symbol
[ERROR] symbol:   class ResultSetMapper
[ERROR] location: class com.github.davidmoten.rx.jdbc.Util
[ERROR] /home/travis/build/failed/davidmoten/rxjava-jdbc/src/main/java/com/github/davidmoten/rx/jdbc/QuerySelect.java:[83,38] cannot find symbol
[ERROR] symbol:   class ResultSetMapper
[ERROR] location: class com.github.davidmoten.rx.jdbc.QuerySelect
[ERROR] /home/travis/build/failed/davidmoten/rxjava-jdbc/src/main/java/com/github/davidmoten/rx/jdbc/QuerySelect.java:[97,19] cannot find symbol
[ERROR] symbol:   class ResultSetMapper
[ERROR] location: class com.github.davidmoten.rx.jdbc.QuerySelect
[ERROR] /home/travis/build/failed/davidmoten/rxjava-jdbc/src/main/java/com/github/davidmoten/rx/jdbc/QuerySelect.java:[115,13] cannot find symbol
[ERROR] symbol:   class ResultSetMapper
[ERROR] location: class com.github.davidmoten.rx.jdbc.QuerySelect
[ERROR] /home/travis/build/failed/davidmoten/rxjava-jdbc/src/main/java/com/github/davidmoten/rx/jdbc/QuerySelect.java:[210,38] cannot find symbol
[ERROR] symbol:   class ResultSetMapper
[ERROR] location: class com.github.davidmoten.rx.jdbc.QuerySelect.Builder
[ERROR] /home/travis/build/failed/davidmoten/rxjava-jdbc/src/main/java/com/github/davidmoten/rx/jdbc/QuerySelect.java:[442,39] cannot find symbol
[ERROR] symbol:   class ResultSetMapper
[ERROR] location: class com.github.davidmoten.rx.jdbc.QuerySelect.OperatorBuilder<R>
[ERROR] /home/travis/build/failed/davidmoten/rxjava-jdbc/src/main/java/com/github/davidmoten/rx/jdbc/QuerySelectOperator.java:[28,19] cannot find symbol
[ERROR] symbol:   class ResultSetMapper
[ERROR] location: class com.github.davidmoten.rx.jdbc.QuerySelectOperator<T,R>
[ERROR] /home/travis/build/failed/davidmoten/rxjava-jdbc/src/main/java/com/github/davidmoten/rx/jdbc/QuerySelectOperator.java:[41,17] cannot find symbol
[ERROR] symbol:   class ResultSetMapper
[ERROR] location: class com.github.davidmoten.rx.jdbc.QuerySelectOperator.ApplyQuerySelect<R,T>
[ERROR] /home/travis/build/failed/davidmoten/rxjava-jdbc/src/main/java/com/github/davidmoten/rx/jdbc/QuerySelectOperator.java:[45,17] cannot find symbol
[ERROR] symbol:   class ResultSetMapper
[ERROR] location: class com.github.davidmoten.rx.jdbc.QuerySelectOperator.ApplyQuerySelect<R,T>
[ERROR] /home/travis/build/failed/davidmoten/rxjava-jdbc/src/main/java/com/github/davidmoten/rx/jdbc/QuerySelectOperation.java:[32,13] cannot find symbol
[ERROR] symbol:   class ResultSetMapper
[ERROR] location: class com.github.davidmoten.rx.jdbc.QuerySelectOperation
[ERROR] /home/travis/build/failed/davidmoten/rxjava-jdbc/src/main/java/com/github/davidmoten/rx/jdbc/QuerySelectOperation.java:[41,23] cannot find symbol
[ERROR] symbol:   class ResultSetMapper
[ERROR] location: class com.github.davidmoten.rx.jdbc.QuerySelectOperation.QuerySelectOnSubscribe<T>
[ERROR] /home/travis/build/failed/davidmoten/rxjava-jdbc/src/main/java/com/github/davidmoten/rx/jdbc/QuerySelectOperation.java:[62,17] cannot find symbol
[ERROR] symbol:   class ResultSetMapper
[ERROR] location: class com.github.davidmoten.rx.jdbc.QuerySelectOperation.QuerySelectOnSubscribe<T>
[ERROR] /home/travis/build/failed/davidmoten/rxjava-jdbc/src/main/java/com/github/davidmoten/rx/jdbc/tuple/Tuples.java:[10,37] cannot find symbol
[ERROR] symbol:   class ResultSetMapper
[ERROR] location: package com.github.davidmoten.rx.jdbc
[ERROR] /home/travis/build/failed/davidmoten/rxjava-jdbc/src/main/java/com/github/davidmoten/rx/jdbc/tuple/Tuples.java:[24,23] cannot find symbol
[ERROR] symbol:   class ResultSetMapper
[ERROR] location: class com.github.davidmoten.rx.jdbc.tuple.Tuples
[ERROR] /home/travis/build/failed/davidmoten/rxjava-jdbc/src/main/java/com/github/davidmoten/rx/jdbc/tuple/Tuples.java:[36,28] cannot find symbol
[ERROR] symbol:   class ResultSetMapper
[ERROR] location: class com.github.davidmoten.rx.jdbc.tuple.Tuples
[ERROR] /home/travis/build/failed/davidmoten/rxjava-jdbc/src/main/java/com/github/davidmoten/rx/jdbc/tuple/Tuples.java:[48,32] cannot find symbol
[ERROR] symbol:   class ResultSetMapper
[ERROR] location: class com.github.davidmoten.rx.jdbc.tuple.Tuples
[ERROR] /home/travis/build/failed/davidmoten/rxjava-jdbc/src/main/java/com/github/davidmoten/rx/jdbc/tuple/Tuples.java:[60,36] cannot find symbol
[ERROR] symbol:   class ResultSetMapper
[ERROR] location: class com.github.davidmoten.rx.jdbc.tuple.Tuples
[ERROR] /home/travis/build/failed/davidmoten/rxjava-jdbc/src/main/java/com/github/davidmoten/rx/jdbc/tuple/Tuples.java:[72,40] cannot find symbol
[ERROR] symbol:   class ResultSetMapper
[ERROR] location: class com.github.davidmoten.rx.jdbc.tuple.Tuples
[ERROR] /home/travis/build/failed/davidmoten/rxjava-jdbc/src/main/java/com/github/davidmoten/rx/jdbc/tuple/Tuples.java:[86,44] cannot find symbol
[ERROR] symbol:   class ResultSetMapper
[ERROR] location: class com.github.davidmoten.rx.jdbc.tuple.Tuples
[ERROR] /home/travis/build/failed/davidmoten/rxjava-jdbc/src/main/java/com/github/davidmoten/rx/jdbc/tuple/Tuples.java:[102,48] cannot find symbol
[ERROR] symbol:   class ResultSetMapper
[ERROR] location: class com.github.davidmoten.rx.jdbc.tuple.Tuples
[ERROR] /home/travis/build/failed/davidmoten/rxjava-jdbc/src/main/java/com/github/davidmoten/rx/jdbc/tuple/Tuples.java:[118,23] cannot find symbol
[ERROR] symbol:   class ResultSetMapper
[ERROR] location: class com.github.davidmoten.rx.jdbc.tuple.Tuples
[ERROR] /home/travis/build/failed/davidmoten/rxjava-jdbc/src/main/java/com/github/davidmoten/rx/jdbc/QuerySelect.java:[377,28] cannot find symbol
[ERROR] symbol:   class ResultSetMapper
[ERROR] location: class com.github.davidmoten.rx.jdbc.QuerySelect.Builder
[ERROR] /home/travis/build/failed/davidmoten/rxjava-jdbc/src/main/java/com/github/davidmoten/rx/jdbc/Util.java:[238,20] cannot find symbol
[ERROR] symbol:   class ResultSetMapper
[ERROR] location: class com.github.davidmoten.rx.jdbc.Util
[ERROR] /home/travis/build/failed/davidmoten/rxjava-jdbc/src/main/java/com/github/davidmoten/rx/jdbc/tuple/Tuples.java:[25,20] cannot find symbol
[ERROR] symbol:   class ResultSetMapper
[ERROR] location: class com.github.davidmoten.rx.jdbc.tuple.Tuples
[ERROR] /home/travis/build/failed/davidmoten/rxjava-jdbc/src/main/java/com/github/davidmoten/rx/jdbc/tuple/Tuples.java:[38,20] cannot find symbol
[ERROR] symbol:   class ResultSetMapper
[ERROR] location: class com.github.davidmoten.rx.jdbc.tuple.Tuples
[ERROR] /home/travis/build/failed/davidmoten/rxjava-jdbc/src/main/java/com/github/davidmoten/rx/jdbc/tuple/Tuples.java:[50,20] cannot find symbol
[ERROR] symbol:   class ResultSetMapper
[ERROR] location: class com.github.davidmoten.rx.jdbc.tuple.Tuples
[ERROR] /home/travis/build/failed/davidmoten/rxjava-jdbc/src/main/java/com/github/davidmoten/rx/jdbc/tuple/Tuples.java:[62,20] cannot find symbol
[ERROR] symbol:   class ResultSetMapper
[ERROR] location: class com.github.davidmoten.rx.jdbc.tuple.Tuples
[ERROR] /home/travis/build/failed/davidmoten/rxjava-jdbc/src/main/java/com/github/davidmoten/rx/jdbc/tuple/Tuples.java:[75,20] cannot find symbol
[ERROR] symbol:   class ResultSetMapper
[ERROR] location: class com.github.davidmoten.rx.jdbc.tuple.Tuples
[ERROR] /home/travis/build/failed/davidmoten/rxjava-jdbc/src/main/java/com/github/davidmoten/rx/jdbc/tuple/Tuples.java:[90,20] cannot find symbol
[ERROR] symbol:   class ResultSetMapper
[ERROR] location: class com.github.davidmoten.rx.jdbc.tuple.Tuples
[ERROR] /home/travis/build/failed/davidmoten/rxjava-jdbc/src/main/java/com/github/davidmoten/rx/jdbc/tuple/Tuples.java:[106,20] cannot find symbol
[ERROR] symbol:   class ResultSetMapper
[ERROR] location: class com.github.davidmoten.rx.jdbc.tuple.Tuples
[ERROR] /home/travis/build/failed/davidmoten/rxjava-jdbc/src/main/java/com/github/davidmoten/rx/jdbc/tuple/Tuples.java:[119,20] cannot find symbol
[ERROR] symbol:   class ResultSetMapper
[ERROR] location: class com.github.davidmoten.rx.jdbc.tuple.Tuples
[ERROR] -> [Help 1]
[ERROR] 
[ERROR] To see the full stack trace of the errors, re-run Maven with the -e switch.
[ERROR] Re-run Maven using the -X switch to enable full debug logging.
[ERROR] 
[ERROR] For more information about the errors and possible solutions, please read the following articles:
[ERROR] [Help 1] http://cwiki.apache.org/confluence/display/MAVEN/MojoFailureException

[31;1mThe command "eval mvn install -Dhttps.protocols=TLSv1.2 -Dhttps.protocols=TLSv1.2 -DskipTests=true -Dmaven.javadoc.skip=true -B -V " failed. Retrying, 2 of 3.[0m

Apache Maven 3.2.5 (12a6b3acb947671f09b81f49094c53f426d8cea1; 2014-12-14T17:29:23+00:00)
Maven home: /usr/local/maven
Java version: 1.7.0_75, vendor: Oracle Corporation
Java home: /usr/lib/jvm/java-7-openjdk-amd64/jre
Default locale: en_US, platform encoding: UTF-8
OS name: "linux", version: "4.15.0-109-generic", arch: "amd64", family: "unix"
[INFO] Scanning for projects...
[INFO] Inspecting build with total of 1 modules...
[INFO] Installing Nexus Staging features:
[INFO]   ... total of 1 executions of maven-deploy-plugin replaced with nexus-staging-maven-plugin
[INFO]                                                                         
[INFO] ------------------------------------------------------------------------
[INFO] Building rxjava-jdbc 0.5.9-SNAPSHOT
[INFO] ------------------------------------------------------------------------
[INFO] 
[INFO] --- maven-resources-plugin:2.6:resources (default-resources) @ rxjava-jdbc ---
[INFO] Using 'UTF-8' encoding to copy filtered resources.
[INFO] skip non existing resourceDirectory /home/travis/build/failed/davidmoten/rxjava-jdbc/src/main/resources
[INFO] 
[INFO] --- maven-compiler-plugin:3.1:compile (default-compile) @ rxjava-jdbc ---
[INFO] Changes detected - recompiling the module!
[INFO] Compiling 42 source files to /home/travis/build/failed/davidmoten/rxjava-jdbc/target/classes
[INFO] -------------------------------------------------------------
[ERROR] COMPILATION ERROR : 
[INFO] -------------------------------------------------------------
[ERROR] /home/travis/build/failed/davidmoten/rxjava-jdbc/src/main/java/com/github/davidmoten/rx/jdbc/QuerySelectProducer.java:[21,19] cannot find symbol
  symbol:   class ResultSetMapper
  location: class com.github.davidmoten.rx.jdbc.QuerySelectProducer<T>
[ERROR] /home/travis/build/failed/davidmoten/rxjava-jdbc/src/main/java/com/github/davidmoten/rx/jdbc/QuerySelectProducer.java:[30,25] cannot find symbol
  symbol:   class ResultSetMapper
  location: class com.github.davidmoten.rx.jdbc.QuerySelectProducer<T>
[ERROR] /home/travis/build/failed/davidmoten/rxjava-jdbc/src/main/java/com/github/davidmoten/rx/jdbc/Util.java:[237,16] cannot find symbol
  symbol:   class ResultSetMapper
  location: class com.github.davidmoten.rx.jdbc.Util
[ERROR] /home/travis/build/failed/davidmoten/rxjava-jdbc/src/main/java/com/github/davidmoten/rx/jdbc/QuerySelect.java:[83,38] cannot find symbol
  symbol:   class ResultSetMapper
  location: class com.github.davidmoten.rx.jdbc.QuerySelect
[ERROR] /home/travis/build/failed/davidmoten/rxjava-jdbc/src/main/java/com/github/davidmoten/rx/jdbc/QuerySelect.java:[97,19] cannot find symbol
  symbol:   class ResultSetMapper
  location: class com.github.davidmoten.rx.jdbc.QuerySelect
[ERROR] /home/travis/build/failed/davidmoten/rxjava-jdbc/src/main/java/com/github/davidmoten/rx/jdbc/QuerySelect.java:[115,13] cannot find symbol
  symbol:   class ResultSetMapper
  location: class com.github.davidmoten.rx.jdbc.QuerySelect
[ERROR] /home/travis/build/failed/davidmoten/rxjava-jdbc/src/main/java/com/github/davidmoten/rx/jdbc/QuerySelect.java:[210,38] cannot find symbol
  symbol:   class ResultSetMapper
  location: class com.github.davidmoten.rx.jdbc.QuerySelect.Builder
[ERROR] /home/travis/build/failed/davidmoten/rxjava-jdbc/src/main/java/com/github/davidmoten/rx/jdbc/QuerySelect.java:[442,39] cannot find symbol
  symbol:   class ResultSetMapper
  location: class com.github.davidmoten.rx.jdbc.QuerySelect.OperatorBuilder<R>
[ERROR] /home/travis/build/failed/davidmoten/rxjava-jdbc/src/main/java/com/github/davidmoten/rx/jdbc/QuerySelectOperator.java:[28,19] cannot find symbol
  symbol:   class ResultSetMapper
  location: class com.github.davidmoten.rx.jdbc.QuerySelectOperator<T,R>
[ERROR] /home/travis/build/failed/davidmoten/rxjava-jdbc/src/main/java/com/github/davidmoten/rx/jdbc/QuerySelectOperator.java:[41,17] cannot find symbol
  symbol:   class ResultSetMapper
  location: class com.github.davidmoten.rx.jdbc.QuerySelectOperator.ApplyQuerySelect<R,T>
[ERROR] /home/travis/build/failed/davidmoten/rxjava-jdbc/src/main/java/com/github/davidmoten/rx/jdbc/QuerySelectOperator.java:[45,17] cannot find symbol
  symbol:   class ResultSetMapper
  location: class com.github.davidmoten.rx.jdbc.QuerySelectOperator.ApplyQuerySelect<R,T>
[ERROR] /home/travis/build/failed/davidmoten/rxjava-jdbc/src/main/java/com/github/davidmoten/rx/jdbc/QuerySelectOperation.java:[32,13] cannot find symbol
  symbol:   class ResultSetMapper
  location: class com.github.davidmoten.rx.jdbc.QuerySelectOperation
[ERROR] /home/travis/build/failed/davidmoten/rxjava-jdbc/src/main/java/com/github/davidmoten/rx/jdbc/QuerySelectOperation.java:[41,23] cannot find symbol
  symbol:   class ResultSetMapper
  location: class com.github.davidmoten.rx.jdbc.QuerySelectOperation.QuerySelectOnSubscribe<T>
[ERROR] /home/travis/build/failed/davidmoten/rxjava-jdbc/src/main/java/com/github/davidmoten/rx/jdbc/QuerySelectOperation.java:[62,17] cannot find symbol
  symbol:   class ResultSetMapper
  location: class com.github.davidmoten.rx.jdbc.QuerySelectOperation.QuerySelectOnSubscribe<T>
[ERROR] /home/travis/build/failed/davidmoten/rxjava-jdbc/src/main/java/com/github/davidmoten/rx/jdbc/tuple/Tuples.java:[10,37] cannot find symbol
  symbol:   class ResultSetMapper
  location: package com.github.davidmoten.rx.jdbc
[ERROR] /home/travis/build/failed/davidmoten/rxjava-jdbc/src/main/java/com/github/davidmoten/rx/jdbc/tuple/Tuples.java:[24,23] cannot find symbol
  symbol:   class ResultSetMapper
  location: class com.github.davidmoten.rx.jdbc.tuple.Tuples
[ERROR] /home/travis/build/failed/davidmoten/rxjava-jdbc/src/main/java/com/github/davidmoten/rx/jdbc/tuple/Tuples.java:[36,28] cannot find symbol
  symbol:   class ResultSetMapper
  location: class com.github.davidmoten.rx.jdbc.tuple.Tuples
[ERROR] /home/travis/build/failed/davidmoten/rxjava-jdbc/src/main/java/com/github/davidmoten/rx/jdbc/tuple/Tuples.java:[48,32] cannot find symbol
  symbol:   class ResultSetMapper
  location: class com.github.davidmoten.rx.jdbc.tuple.Tuples
[ERROR] /home/travis/build/failed/davidmoten/rxjava-jdbc/src/main/java/com/github/davidmoten/rx/jdbc/tuple/Tuples.java:[60,36] cannot find symbol
  symbol:   class ResultSetMapper
  location: class com.github.davidmoten.rx.jdbc.tuple.Tuples
[ERROR] /home/travis/build/failed/davidmoten/rxjava-jdbc/src/main/java/com/github/davidmoten/rx/jdbc/tuple/Tuples.java:[72,40] cannot find symbol
  symbol:   class ResultSetMapper
  location: class com.github.davidmoten.rx.jdbc.tuple.Tuples
[ERROR] /home/travis/build/failed/davidmoten/rxjava-jdbc/src/main/java/com/github/davidmoten/rx/jdbc/tuple/Tuples.java:[86,44] cannot find symbol
  symbol:   class ResultSetMapper
  location: class com.github.davidmoten.rx.jdbc.tuple.Tuples
[ERROR] /home/travis/build/failed/davidmoten/rxjava-jdbc/src/main/java/com/github/davidmoten/rx/jdbc/tuple/Tuples.java:[102,48] cannot find symbol
  symbol:   class ResultSetMapper
  location: class com.github.davidmoten.rx.jdbc.tuple.Tuples
[ERROR] /home/travis/build/failed/davidmoten/rxjava-jdbc/src/main/java/com/github/davidmoten/rx/jdbc/tuple/Tuples.java:[118,23] cannot find symbol
  symbol:   class ResultSetMapper
  location: class com.github.davidmoten.rx.jdbc.tuple.Tuples
[ERROR] /home/travis/build/failed/davidmoten/rxjava-jdbc/src/main/java/com/github/davidmoten/rx/jdbc/QuerySelect.java:[377,28] cannot find symbol
  symbol:   class ResultSetMapper
  location: class com.github.davidmoten.rx.jdbc.QuerySelect.Builder
[ERROR] /home/travis/build/failed/davidmoten/rxjava-jdbc/src/main/java/com/github/davidmoten/rx/jdbc/Util.java:[238,20] cannot find symbol
  symbol:   class ResultSetMapper
  location: class com.github.davidmoten.rx.jdbc.Util
[ERROR] /home/travis/build/failed/davidmoten/rxjava-jdbc/src/main/java/com/github/davidmoten/rx/jdbc/tuple/Tuples.java:[25,20] cannot find symbol
  symbol:   class ResultSetMapper
  location: class com.github.davidmoten.rx.jdbc.tuple.Tuples
[ERROR] /home/travis/build/failed/davidmoten/rxjava-jdbc/src/main/java/com/github/davidmoten/rx/jdbc/tuple/Tuples.java:[38,20] cannot find symbol
  symbol:   class ResultSetMapper
  location: class com.github.davidmoten.rx.jdbc.tuple.Tuples
[ERROR] /home/travis/build/failed/davidmoten/rxjava-jdbc/src/main/java/com/github/davidmoten/rx/jdbc/tuple/Tuples.java:[50,20] cannot find symbol
  symbol:   class ResultSetMapper
  location: class com.github.davidmoten.rx.jdbc.tuple.Tuples
[ERROR] /home/travis/build/failed/davidmoten/rxjava-jdbc/src/main/java/com/github/davidmoten/rx/jdbc/tuple/Tuples.java:[62,20] cannot find symbol
  symbol:   class ResultSetMapper
  location: class com.github.davidmoten.rx.jdbc.tuple.Tuples
[ERROR] /home/travis/build/failed/davidmoten/rxjava-jdbc/src/main/java/com/github/davidmoten/rx/jdbc/tuple/Tuples.java:[75,20] cannot find symbol
  symbol:   class ResultSetMapper
  location: class com.github.davidmoten.rx.jdbc.tuple.Tuples
[ERROR] /home/travis/build/failed/davidmoten/rxjava-jdbc/src/main/java/com/github/davidmoten/rx/jdbc/tuple/Tuples.java:[90,20] cannot find symbol
  symbol:   class ResultSetMapper
  location: class com.github.davidmoten.rx.jdbc.tuple.Tuples
[ERROR] /home/travis/build/failed/davidmoten/rxjava-jdbc/src/main/java/com/github/davidmoten/rx/jdbc/tuple/Tuples.java:[106,20] cannot find symbol
  symbol:   class ResultSetMapper
  location: class com.github.davidmoten.rx.jdbc.tuple.Tuples
[ERROR] /home/travis/build/failed/davidmoten/rxjava-jdbc/src/main/java/com/github/davidmoten/rx/jdbc/tuple/Tuples.java:[119,20] cannot find symbol
  symbol:   class ResultSetMapper
  location: class com.github.davidmoten.rx.jdbc.tuple.Tuples
[INFO] 33 errors 
[INFO] -------------------------------------------------------------
[INFO] ------------------------------------------------------------------------
[INFO] BUILD FAILURE
[INFO] ------------------------------------------------------------------------
[INFO] Total time: 2.418 s
[INFO] Finished at: 2022-08-19T23:57:44+00:00
[INFO] Final Memory: 21M/491M
[INFO] ------------------------------------------------------------------------
[ERROR] Failed to execute goal org.apache.maven.plugins:maven-compiler-plugin:3.1:compile (default-compile) on project rxjava-jdbc: Compilation failure: Compilation failure:
[ERROR] /home/travis/build/failed/davidmoten/rxjava-jdbc/src/main/java/com/github/davidmoten/rx/jdbc/QuerySelectProducer.java:[21,19] cannot find symbol
[ERROR] symbol:   class ResultSetMapper
[ERROR] location: class com.github.davidmoten.rx.jdbc.QuerySelectProducer<T>
[ERROR] /home/travis/build/failed/davidmoten/rxjava-jdbc/src/main/java/com/github/davidmoten/rx/jdbc/QuerySelectProducer.java:[30,25] cannot find symbol
[ERROR] symbol:   class ResultSetMapper
[ERROR] location: class com.github.davidmoten.rx.jdbc.QuerySelectProducer<T>
[ERROR] /home/travis/build/failed/davidmoten/rxjava-jdbc/src/main/java/com/github/davidmoten/rx/jdbc/Util.java:[237,16] cannot find symbol
[ERROR] symbol:   class ResultSetMapper
[ERROR] location: class com.github.davidmoten.rx.jdbc.Util
[ERROR] /home/travis/build/failed/davidmoten/rxjava-jdbc/src/main/java/com/github/davidmoten/rx/jdbc/QuerySelect.java:[83,38] cannot find symbol
[ERROR] symbol:   class ResultSetMapper
[ERROR] location: class com.github.davidmoten.rx.jdbc.QuerySelect
[ERROR] /home/travis/build/failed/davidmoten/rxjava-jdbc/src/main/java/com/github/davidmoten/rx/jdbc/QuerySelect.java:[97,19] cannot find symbol
[ERROR] symbol:   class ResultSetMapper
[ERROR] location: class com.github.davidmoten.rx.jdbc.QuerySelect
[ERROR] /home/travis/build/failed/davidmoten/rxjava-jdbc/src/main/java/com/github/davidmoten/rx/jdbc/QuerySelect.java:[115,13] cannot find symbol
[ERROR] symbol:   class ResultSetMapper
[ERROR] location: class com.github.davidmoten.rx.jdbc.QuerySelect
[ERROR] /home/travis/build/failed/davidmoten/rxjava-jdbc/src/main/java/com/github/davidmoten/rx/jdbc/QuerySelect.java:[210,38] cannot find symbol
[ERROR] symbol:   class ResultSetMapper
[ERROR] location: class com.github.davidmoten.rx.jdbc.QuerySelect.Builder
[ERROR] /home/travis/build/failed/davidmoten/rxjava-jdbc/src/main/java/com/github/davidmoten/rx/jdbc/QuerySelect.java:[442,39] cannot find symbol
[ERROR] symbol:   class ResultSetMapper
[ERROR] location: class com.github.davidmoten.rx.jdbc.QuerySelect.OperatorBuilder<R>
[ERROR] /home/travis/build/failed/davidmoten/rxjava-jdbc/src/main/java/com/github/davidmoten/rx/jdbc/QuerySelectOperator.java:[28,19] cannot find symbol
[ERROR] symbol:   class ResultSetMapper
[ERROR] location: class com.github.davidmoten.rx.jdbc.QuerySelectOperator<T,R>
[ERROR] /home/travis/build/failed/davidmoten/rxjava-jdbc/src/main/java/com/github/davidmoten/rx/jdbc/QuerySelectOperator.java:[41,17] cannot find symbol
[ERROR] symbol:   class ResultSetMapper
[ERROR] location: class com.github.davidmoten.rx.jdbc.QuerySelectOperator.ApplyQuerySelect<R,T>
[ERROR] /home/travis/build/failed/davidmoten/rxjava-jdbc/src/main/java/com/github/davidmoten/rx/jdbc/QuerySelectOperator.java:[45,17] cannot find symbol
[ERROR] symbol:   class ResultSetMapper
[ERROR] location: class com.github.davidmoten.rx.jdbc.QuerySelectOperator.ApplyQuerySelect<R,T>
[ERROR] /home/travis/build/failed/davidmoten/rxjava-jdbc/src/main/java/com/github/davidmoten/rx/jdbc/QuerySelectOperation.java:[32,13] cannot find symbol
[ERROR] symbol:   class ResultSetMapper
[ERROR] location: class com.github.davidmoten.rx.jdbc.QuerySelectOperation
[ERROR] /home/travis/build/failed/davidmoten/rxjava-jdbc/src/main/java/com/github/davidmoten/rx/jdbc/QuerySelectOperation.java:[41,23] cannot find symbol
[ERROR] symbol:   class ResultSetMapper
[ERROR] location: class com.github.davidmoten.rx.jdbc.QuerySelectOperation.QuerySelectOnSubscribe<T>
[ERROR] /home/travis/build/failed/davidmoten/rxjava-jdbc/src/main/java/com/github/davidmoten/rx/jdbc/QuerySelectOperation.java:[62,17] cannot find symbol
[ERROR] symbol:   class ResultSetMapper
[ERROR] location: class com.github.davidmoten.rx.jdbc.QuerySelectOperation.QuerySelectOnSubscribe<T>
[ERROR] /home/travis/build/failed/davidmoten/rxjava-jdbc/src/main/java/com/github/davidmoten/rx/jdbc/tuple/Tuples.java:[10,37] cannot find symbol
[ERROR] symbol:   class ResultSetMapper
[ERROR] location: package com.github.davidmoten.rx.jdbc
[ERROR] /home/travis/build/failed/davidmoten/rxjava-jdbc/src/main/java/com/github/davidmoten/rx/jdbc/tuple/Tuples.java:[24,23] cannot find symbol
[ERROR] symbol:   class ResultSetMapper
[ERROR] location: class com.github.davidmoten.rx.jdbc.tuple.Tuples
[ERROR] /home/travis/build/failed/davidmoten/rxjava-jdbc/src/main/java/com/github/davidmoten/rx/jdbc/tuple/Tuples.java:[36,28] cannot find symbol
[ERROR] symbol:   class ResultSetMapper
[ERROR] location: class com.github.davidmoten.rx.jdbc.tuple.Tuples
[ERROR] /home/travis/build/failed/davidmoten/rxjava-jdbc/src/main/java/com/github/davidmoten/rx/jdbc/tuple/Tuples.java:[48,32] cannot find symbol
[ERROR] symbol:   class ResultSetMapper
[ERROR] location: class com.github.davidmoten.rx.jdbc.tuple.Tuples
[ERROR] /home/travis/build/failed/davidmoten/rxjava-jdbc/src/main/java/com/github/davidmoten/rx/jdbc/tuple/Tuples.java:[60,36] cannot find symbol
[ERROR] symbol:   class ResultSetMapper
[ERROR] location: class com.github.davidmoten.rx.jdbc.tuple.Tuples
[ERROR] /home/travis/build/failed/davidmoten/rxjava-jdbc/src/main/java/com/github/davidmoten/rx/jdbc/tuple/Tuples.java:[72,40] cannot find symbol
[ERROR] symbol:   class ResultSetMapper
[ERROR] location: class com.github.davidmoten.rx.jdbc.tuple.Tuples
[ERROR] /home/travis/build/failed/davidmoten/rxjava-jdbc/src/main/java/com/github/davidmoten/rx/jdbc/tuple/Tuples.java:[86,44] cannot find symbol
[ERROR] symbol:   class ResultSetMapper
[ERROR] location: class com.github.davidmoten.rx.jdbc.tuple.Tuples
[ERROR] /home/travis/build/failed/davidmoten/rxjava-jdbc/src/main/java/com/github/davidmoten/rx/jdbc/tuple/Tuples.java:[102,48] cannot find symbol
[ERROR] symbol:   class ResultSetMapper
[ERROR] location: class com.github.davidmoten.rx.jdbc.tuple.Tuples
[ERROR] /home/travis/build/failed/davidmoten/rxjava-jdbc/src/main/java/com/github/davidmoten/rx/jdbc/tuple/Tuples.java:[118,23] cannot find symbol
[ERROR] symbol:   class ResultSetMapper
[ERROR] location: class com.github.davidmoten.rx.jdbc.tuple.Tuples
[ERROR] /home/travis/build/failed/davidmoten/rxjava-jdbc/src/main/java/com/github/davidmoten/rx/jdbc/QuerySelect.java:[377,28] cannot find symbol
[ERROR] symbol:   class ResultSetMapper
[ERROR] location: class com.github.davidmoten.rx.jdbc.QuerySelect.Builder
[ERROR] /home/travis/build/failed/davidmoten/rxjava-jdbc/src/main/java/com/github/davidmoten/rx/jdbc/Util.java:[238,20] cannot find symbol
[ERROR] symbol:   class ResultSetMapper
[ERROR] location: class com.github.davidmoten.rx.jdbc.Util
[ERROR] /home/travis/build/failed/davidmoten/rxjava-jdbc/src/main/java/com/github/davidmoten/rx/jdbc/tuple/Tuples.java:[25,20] cannot find symbol
[ERROR] symbol:   class ResultSetMapper
[ERROR] location: class com.github.davidmoten.rx.jdbc.tuple.Tuples
[ERROR] /home/travis/build/failed/davidmoten/rxjava-jdbc/src/main/java/com/github/davidmoten/rx/jdbc/tuple/Tuples.java:[38,20] cannot find symbol
[ERROR] symbol:   class ResultSetMapper
[ERROR] location: class com.github.davidmoten.rx.jdbc.tuple.Tuples
[ERROR] /home/travis/build/failed/davidmoten/rxjava-jdbc/src/main/java/com/github/davidmoten/rx/jdbc/tuple/Tuples.java:[50,20] cannot find symbol
[ERROR] symbol:   class ResultSetMapper
[ERROR] location: class com.github.davidmoten.rx.jdbc.tuple.Tuples
[ERROR] /home/travis/build/failed/davidmoten/rxjava-jdbc/src/main/java/com/github/davidmoten/rx/jdbc/tuple/Tuples.java:[62,20] cannot find symbol
[ERROR] symbol:   class ResultSetMapper
[ERROR] location: class com.github.davidmoten.rx.jdbc.tuple.Tuples
[ERROR] /home/travis/build/failed/davidmoten/rxjava-jdbc/src/main/java/com/github/davidmoten/rx/jdbc/tuple/Tuples.java:[75,20] cannot find symbol
[ERROR] symbol:   class ResultSetMapper
[ERROR] location: class com.github.davidmoten.rx.jdbc.tuple.Tuples
[ERROR] /home/travis/build/failed/davidmoten/rxjava-jdbc/src/main/java/com/github/davidmoten/rx/jdbc/tuple/Tuples.java:[90,20] cannot find symbol
[ERROR] symbol:   class ResultSetMapper
[ERROR] location: class com.github.davidmoten.rx.jdbc.tuple.Tuples
[ERROR] /home/travis/build/failed/davidmoten/rxjava-jdbc/src/main/java/com/github/davidmoten/rx/jdbc/tuple/Tuples.java:[106,20] cannot find symbol
[ERROR] symbol:   class ResultSetMapper
[ERROR] location: class com.github.davidmoten.rx.jdbc.tuple.Tuples
[ERROR] /home/travis/build/failed/davidmoten/rxjava-jdbc/src/main/java/com/github/davidmoten/rx/jdbc/tuple/Tuples.java:[119,20] cannot find symbol
[ERROR] symbol:   class ResultSetMapper
[ERROR] location: class com.github.davidmoten.rx.jdbc.tuple.Tuples
[ERROR] -> [Help 1]
[ERROR] 
[ERROR] To see the full stack trace of the errors, re-run Maven with the -e switch.
[ERROR] Re-run Maven using the -X switch to enable full debug logging.
[ERROR] 
[ERROR] For more information about the errors and possible solutions, please read the following articles:
[ERROR] [Help 1] http://cwiki.apache.org/confluence/display/MAVEN/MojoFailureException

[31;1mThe command "eval mvn install -Dhttps.protocols=TLSv1.2 -Dhttps.protocols=TLSv1.2 -DskipTests=true -Dmaven.javadoc.skip=true -B -V " failed. Retrying, 3 of 3.[0m

Apache Maven 3.2.5 (12a6b3acb947671f09b81f49094c53f426d8cea1; 2014-12-14T17:29:23+00:00)
Maven home: /usr/local/maven
Java version: 1.7.0_75, vendor: Oracle Corporation
Java home: /usr/lib/jvm/java-7-openjdk-amd64/jre
Default locale: en_US, platform encoding: UTF-8
OS name: "linux", version: "4.15.0-109-generic", arch: "amd64", family: "unix"
[INFO] Scanning for projects...
[INFO] Inspecting build with total of 1 modules...
[INFO] Installing Nexus Staging features:
[INFO]   ... total of 1 executions of maven-deploy-plugin replaced with nexus-staging-maven-plugin
[INFO]                                                                         
[INFO] ------------------------------------------------------------------------
[INFO] Building rxjava-jdbc 0.5.9-SNAPSHOT
[INFO] ------------------------------------------------------------------------
[INFO] 
[INFO] --- maven-resources-plugin:2.6:resources (default-resources) @ rxjava-jdbc ---
[INFO] Using 'UTF-8' encoding to copy filtered resources.
[INFO] skip non existing resourceDirectory /home/travis/build/failed/davidmoten/rxjava-jdbc/src/main/resources
[INFO] 
[INFO] --- maven-compiler-plugin:3.1:compile (default-compile) @ rxjava-jdbc ---
[INFO] Changes detected - recompiling the module!
[INFO] Compiling 42 source files to /home/travis/build/failed/davidmoten/rxjava-jdbc/target/classes
[INFO] -------------------------------------------------------------
[ERROR] COMPILATION ERROR : 
[INFO] -------------------------------------------------------------
[ERROR] /home/travis/build/failed/davidmoten/rxjava-jdbc/src/main/java/com/github/davidmoten/rx/jdbc/QuerySelectProducer.java:[21,19] cannot find symbol
  symbol:   class ResultSetMapper
  location: class com.github.davidmoten.rx.jdbc.QuerySelectProducer<T>
[ERROR] /home/travis/build/failed/davidmoten/rxjava-jdbc/src/main/java/com/github/davidmoten/rx/jdbc/QuerySelectProducer.java:[30,25] cannot find symbol
  symbol:   class ResultSetMapper
  location: class com.github.davidmoten.rx.jdbc.QuerySelectProducer<T>
[ERROR] /home/travis/build/failed/davidmoten/rxjava-jdbc/src/main/java/com/github/davidmoten/rx/jdbc/Util.java:[237,16] cannot find symbol
  symbol:   class ResultSetMapper
  location: class com.github.davidmoten.rx.jdbc.Util
[ERROR] /home/travis/build/failed/davidmoten/rxjava-jdbc/src/main/java/com/github/davidmoten/rx/jdbc/QuerySelect.java:[83,38] cannot find symbol
  symbol:   class ResultSetMapper
  location: class com.github.davidmoten.rx.jdbc.QuerySelect
[ERROR] /home/travis/build/failed/davidmoten/rxjava-jdbc/src/main/java/com/github/davidmoten/rx/jdbc/QuerySelect.java:[97,19] cannot find symbol
  symbol:   class ResultSetMapper
  location: class com.github.davidmoten.rx.jdbc.QuerySelect
[ERROR] /home/travis/build/failed/davidmoten/rxjava-jdbc/src/main/java/com/github/davidmoten/rx/jdbc/QuerySelect.java:[115,13] cannot find symbol
  symbol:   class ResultSetMapper
  location: class com.github.davidmoten.rx.jdbc.QuerySelect
[ERROR] /home/travis/build/failed/davidmoten/rxjava-jdbc/src/main/java/com/github/davidmoten/rx/jdbc/QuerySelect.java:[210,38] cannot find symbol
  symbol:   class ResultSetMapper
  location: class com.github.davidmoten.rx.jdbc.QuerySelect.Builder
[ERROR] /home/travis/build/failed/davidmoten/rxjava-jdbc/src/main/java/com/github/davidmoten/rx/jdbc/QuerySelect.java:[442,39] cannot find symbol
  symbol:   class ResultSetMapper
  location: class com.github.davidmoten.rx.jdbc.QuerySelect.OperatorBuilder<R>
[ERROR] /home/travis/build/failed/davidmoten/rxjava-jdbc/src/main/java/com/github/davidmoten/rx/jdbc/QuerySelectOperator.java:[28,19] cannot find symbol
  symbol:   class ResultSetMapper
  location: class com.github.davidmoten.rx.jdbc.QuerySelectOperator<T,R>
[ERROR] /home/travis/build/failed/davidmoten/rxjava-jdbc/src/main/java/com/github/davidmoten/rx/jdbc/QuerySelectOperator.java:[41,17] cannot find symbol
  symbol:   class ResultSetMapper
  location: class com.github.davidmoten.rx.jdbc.QuerySelectOperator.ApplyQuerySelect<R,T>
[ERROR] /home/travis/build/failed/davidmoten/rxjava-jdbc/src/main/java/com/github/davidmoten/rx/jdbc/QuerySelectOperator.java:[45,17] cannot find symbol
  symbol:   class ResultSetMapper
  location: class com.github.davidmoten.rx.jdbc.QuerySelectOperator.ApplyQuerySelect<R,T>
[ERROR] /home/travis/build/failed/davidmoten/rxjava-jdbc/src/main/java/com/github/davidmoten/rx/jdbc/QuerySelectOperation.java:[32,13] cannot find symbol
  symbol:   class ResultSetMapper
  location: class com.github.davidmoten.rx.jdbc.QuerySelectOperation
[ERROR] /home/travis/build/failed/davidmoten/rxjava-jdbc/src/main/java/com/github/davidmoten/rx/jdbc/QuerySelectOperation.java:[41,23] cannot find symbol
  symbol:   class ResultSetMapper
  location: class com.github.davidmoten.rx.jdbc.QuerySelectOperation.QuerySelectOnSubscribe<T>
[ERROR] /home/travis/build/failed/davidmoten/rxjava-jdbc/src/main/java/com/github/davidmoten/rx/jdbc/QuerySelectOperation.java:[62,17] cannot find symbol
  symbol:   class ResultSetMapper
  location: class com.github.davidmoten.rx.jdbc.QuerySelectOperation.QuerySelectOnSubscribe<T>
[ERROR] /home/travis/build/failed/davidmoten/rxjava-jdbc/src/main/java/com/github/davidmoten/rx/jdbc/tuple/Tuples.java:[10,37] cannot find symbol
  symbol:   class ResultSetMapper
  location: package com.github.davidmoten.rx.jdbc
[ERROR] /home/travis/build/failed/davidmoten/rxjava-jdbc/src/main/java/com/github/davidmoten/rx/jdbc/tuple/Tuples.java:[24,23] cannot find symbol
  symbol:   class ResultSetMapper
  location: class com.github.davidmoten.rx.jdbc.tuple.Tuples
[ERROR] /home/travis/build/failed/davidmoten/rxjava-jdbc/src/main/java/com/github/davidmoten/rx/jdbc/tuple/Tuples.java:[36,28] cannot find symbol
  symbol:   class ResultSetMapper
  location: class com.github.davidmoten.rx.jdbc.tuple.Tuples
[ERROR] /home/travis/build/failed/davidmoten/rxjava-jdbc/src/main/java/com/github/davidmoten/rx/jdbc/tuple/Tuples.java:[48,32] cannot find symbol
  symbol:   class ResultSetMapper
  location: class com.github.davidmoten.rx.jdbc.tuple.Tuples
[ERROR] /home/travis/build/failed/davidmoten/rxjava-jdbc/src/main/java/com/github/davidmoten/rx/jdbc/tuple/Tuples.java:[60,36] cannot find symbol
  symbol:   class ResultSetMapper
  location: class com.github.davidmoten.rx.jdbc.tuple.Tuples
[ERROR] /home/travis/build/failed/davidmoten/rxjava-jdbc/src/main/java/com/github/davidmoten/rx/jdbc/tuple/Tuples.java:[72,40] cannot find symbol
  symbol:   class ResultSetMapper
  location: class com.github.davidmoten.rx.jdbc.tuple.Tuples
[ERROR] /home/travis/build/failed/davidmoten/rxjava-jdbc/src/main/java/com/github/davidmoten/rx/jdbc/tuple/Tuples.java:[86,44] cannot find symbol
  symbol:   class ResultSetMapper
  location: class com.github.davidmoten.rx.jdbc.tuple.Tuples
[ERROR] /home/travis/build/failed/davidmoten/rxjava-jdbc/src/main/java/com/github/davidmoten/rx/jdbc/tuple/Tuples.java:[102,48] cannot find symbol
  symbol:   class ResultSetMapper
  location: class com.github.davidmoten.rx.jdbc.tuple.Tuples
[ERROR] /home/travis/build/failed/davidmoten/rxjava-jdbc/src/main/java/com/github/davidmoten/rx/jdbc/tuple/Tuples.java:[118,23] cannot find symbol
  symbol:   class ResultSetMapper
  location: class com.github.davidmoten.rx.jdbc.tuple.Tuples
[ERROR] /home/travis/build/failed/davidmoten/rxjava-jdbc/src/main/java/com/github/davidmoten/rx/jdbc/QuerySelect.java:[377,28] cannot find symbol
  symbol:   class ResultSetMapper
  location: class com.github.davidmoten.rx.jdbc.QuerySelect.Builder
[ERROR] /home/travis/build/failed/davidmoten/rxjava-jdbc/src/main/java/com/github/davidmoten/rx/jdbc/Util.java:[238,20] cannot find symbol
  symbol:   class ResultSetMapper
  location: class com.github.davidmoten.rx.jdbc.Util
[ERROR] /home/travis/build/failed/davidmoten/rxjava-jdbc/src/main/java/com/github/davidmoten/rx/jdbc/tuple/Tuples.java:[25,20] cannot find symbol
  symbol:   class ResultSetMapper
  location: class com.github.davidmoten.rx.jdbc.tuple.Tuples
[ERROR] /home/travis/build/failed/davidmoten/rxjava-jdbc/src/main/java/com/github/davidmoten/rx/jdbc/tuple/Tuples.java:[38,20] cannot find symbol
  symbol:   class ResultSetMapper
  location: class com.github.davidmoten.rx.jdbc.tuple.Tuples
[ERROR] /home/travis/build/failed/davidmoten/rxjava-jdbc/src/main/java/com/github/davidmoten/rx/jdbc/tuple/Tuples.java:[50,20] cannot find symbol
  symbol:   class ResultSetMapper
  location: class com.github.davidmoten.rx.jdbc.tuple.Tuples
[ERROR] /home/travis/build/failed/davidmoten/rxjava-jdbc/src/main/java/com/github/davidmoten/rx/jdbc/tuple/Tuples.java:[62,20] cannot find symbol
  symbol:   class ResultSetMapper
  location: class com.github.davidmoten.rx.jdbc.tuple.Tuples
[ERROR] /home/travis/build/failed/davidmoten/rxjava-jdbc/src/main/java/com/github/davidmoten/rx/jdbc/tuple/Tuples.java:[75,20] cannot find symbol
  symbol:   class ResultSetMapper
  location: class com.github.davidmoten.rx.jdbc.tuple.Tuples
[ERROR] /home/travis/build/failed/davidmoten/rxjava-jdbc/src/main/java/com/github/davidmoten/rx/jdbc/tuple/Tuples.java:[90,20] cannot find symbol
  symbol:   class ResultSetMapper
  location: class com.github.davidmoten.rx.jdbc.tuple.Tuples
[ERROR] /home/travis/build/failed/davidmoten/rxjava-jdbc/src/main/java/com/github/davidmoten/rx/jdbc/tuple/Tuples.java:[106,20] cannot find symbol
  symbol:   class ResultSetMapper
  location: class com.github.davidmoten.rx.jdbc.tuple.Tuples
[ERROR] /home/travis/build/failed/davidmoten/rxjava-jdbc/src/main/java/com/github/davidmoten/rx/jdbc/tuple/Tuples.java:[119,20] cannot find symbol
  symbol:   class ResultSetMapper
  location: class com.github.davidmoten.rx.jdbc.tuple.Tuples
[INFO] 33 errors 
[INFO] -------------------------------------------------------------
[INFO] ------------------------------------------------------------------------
[INFO] BUILD FAILURE
[INFO] ------------------------------------------------------------------------
[INFO] Total time: 2.672 s
[INFO] Finished at: 2022-08-19T23:57:49+00:00
[INFO] Final Memory: 21M/491M
[INFO] ------------------------------------------------------------------------
[ERROR] Failed to execute goal org.apache.maven.plugins:maven-compiler-plugin:3.1:compile (default-compile) on project rxjava-jdbc: Compilation failure: Compilation failure:
[ERROR] /home/travis/build/failed/davidmoten/rxjava-jdbc/src/main/java/com/github/davidmoten/rx/jdbc/QuerySelectProducer.java:[21,19] cannot find symbol
[ERROR] symbol:   class ResultSetMapper
[ERROR] location: class com.github.davidmoten.rx.jdbc.QuerySelectProducer<T>
[ERROR] /home/travis/build/failed/davidmoten/rxjava-jdbc/src/main/java/com/github/davidmoten/rx/jdbc/QuerySelectProducer.java:[30,25] cannot find symbol
[ERROR] symbol:   class ResultSetMapper
[ERROR] location: class com.github.davidmoten.rx.jdbc.QuerySelectProducer<T>
[ERROR] /home/travis/build/failed/davidmoten/rxjava-jdbc/src/main/java/com/github/davidmoten/rx/jdbc/Util.java:[237,16] cannot find symbol
[ERROR] symbol:   class ResultSetMapper
[ERROR] location: class com.github.davidmoten.rx.jdbc.Util
[ERROR] /home/travis/build/failed/davidmoten/rxjava-jdbc/src/main/java/com/github/davidmoten/rx/jdbc/QuerySelect.java:[83,38] cannot find symbol
[ERROR] symbol:   class ResultSetMapper
[ERROR] location: class com.github.davidmoten.rx.jdbc.QuerySelect
[ERROR] /home/travis/build/failed/davidmoten/rxjava-jdbc/src/main/java/com/github/davidmoten/rx/jdbc/QuerySelect.java:[97,19] cannot find symbol
[ERROR] symbol:   class ResultSetMapper
[ERROR] location: class com.github.davidmoten.rx.jdbc.QuerySelect
[ERROR] /home/travis/build/failed/davidmoten/rxjava-jdbc/src/main/java/com/github/davidmoten/rx/jdbc/QuerySelect.java:[115,13] cannot find symbol
[ERROR] symbol:   class ResultSetMapper
[ERROR] location: class com.github.davidmoten.rx.jdbc.QuerySelect
[ERROR] /home/travis/build/failed/davidmoten/rxjava-jdbc/src/main/java/com/github/davidmoten/rx/jdbc/QuerySelect.java:[210,38] cannot find symbol
[ERROR] symbol:   class ResultSetMapper
[ERROR] location: class com.github.davidmoten.rx.jdbc.QuerySelect.Builder
[ERROR] /home/travis/build/failed/davidmoten/rxjava-jdbc/src/main/java/com/github/davidmoten/rx/jdbc/QuerySelect.java:[442,39] cannot find symbol
[ERROR] symbol:   class ResultSetMapper
[ERROR] location: class com.github.davidmoten.rx.jdbc.QuerySelect.OperatorBuilder<R>
[ERROR] /home/travis/build/failed/davidmoten/rxjava-jdbc/src/main/java/com/github/davidmoten/rx/jdbc/QuerySelectOperator.java:[28,19] cannot find symbol
[ERROR] symbol:   class ResultSetMapper
[ERROR] location: class com.github.davidmoten.rx.jdbc.QuerySelectOperator<T,R>
[ERROR] /home/travis/build/failed/davidmoten/rxjava-jdbc/src/main/java/com/github/davidmoten/rx/jdbc/QuerySelectOperator.java:[41,17] cannot find symbol
[ERROR] symbol:   class ResultSetMapper
[ERROR] location: class com.github.davidmoten.rx.jdbc.QuerySelectOperator.ApplyQuerySelect<R,T>
[ERROR] /home/travis/build/failed/davidmoten/rxjava-jdbc/src/main/java/com/github/davidmoten/rx/jdbc/QuerySelectOperator.java:[45,17] cannot find symbol
[ERROR] symbol:   class ResultSetMapper
[ERROR] location: class com.github.davidmoten.rx.jdbc.QuerySelectOperator.ApplyQuerySelect<R,T>
[ERROR] /home/travis/build/failed/davidmoten/rxjava-jdbc/src/main/java/com/github/davidmoten/rx/jdbc/QuerySelectOperation.java:[32,13] cannot find symbol
[ERROR] symbol:   class ResultSetMapper
[ERROR] location: class com.github.davidmoten.rx.jdbc.QuerySelectOperation
[ERROR] /home/travis/build/failed/davidmoten/rxjava-jdbc/src/main/java/com/github/davidmoten/rx/jdbc/QuerySelectOperation.java:[41,23] cannot find symbol
[ERROR] symbol:   class ResultSetMapper
[ERROR] location: class com.github.davidmoten.rx.jdbc.QuerySelectOperation.QuerySelectOnSubscribe<T>
[ERROR] /home/travis/build/failed/davidmoten/rxjava-jdbc/src/main/java/com/github/davidmoten/rx/jdbc/QuerySelectOperation.java:[62,17] cannot find symbol
[ERROR] symbol:   class ResultSetMapper
[ERROR] location: class com.github.davidmoten.rx.jdbc.QuerySelectOperation.QuerySelectOnSubscribe<T>
[ERROR] /home/travis/build/failed/davidmoten/rxjava-jdbc/src/main/java/com/github/davidmoten/rx/jdbc/tuple/Tuples.java:[10,37] cannot find symbol
[ERROR] symbol:   class ResultSetMapper
[ERROR] location: package com.github.davidmoten.rx.jdbc
[ERROR] /home/travis/build/failed/davidmoten/rxjava-jdbc/src/main/java/com/github/davidmoten/rx/jdbc/tuple/Tuples.java:[24,23] cannot find symbol
[ERROR] symbol:   class ResultSetMapper
[ERROR] location: class com.github.davidmoten.rx.jdbc.tuple.Tuples
[ERROR] /home/travis/build/failed/davidmoten/rxjava-jdbc/src/main/java/com/github/davidmoten/rx/jdbc/tuple/Tuples.java:[36,28] cannot find symbol
[ERROR] symbol:   class ResultSetMapper
[ERROR] location: class com.github.davidmoten.rx.jdbc.tuple.Tuples
[ERROR] /home/travis/build/failed/davidmoten/rxjava-jdbc/src/main/java/com/github/davidmoten/rx/jdbc/tuple/Tuples.java:[48,32] cannot find symbol
[ERROR] symbol:   class ResultSetMapper
[ERROR] location: class com.github.davidmoten.rx.jdbc.tuple.Tuples
[ERROR] /home/travis/build/failed/davidmoten/rxjava-jdbc/src/main/java/com/github/davidmoten/rx/jdbc/tuple/Tuples.java:[60,36] cannot find symbol
[ERROR] symbol:   class ResultSetMapper
[ERROR] location: class com.github.davidmoten.rx.jdbc.tuple.Tuples
[ERROR] /home/travis/build/failed/davidmoten/rxjava-jdbc/src/main/java/com/github/davidmoten/rx/jdbc/tuple/Tuples.java:[72,40] cannot find symbol
[ERROR] symbol:   class ResultSetMapper
[ERROR] location: class com.github.davidmoten.rx.jdbc.tuple.Tuples
[ERROR] /home/travis/build/failed/davidmoten/rxjava-jdbc/src/main/java/com/github/davidmoten/rx/jdbc/tuple/Tuples.java:[86,44] cannot find symbol
[ERROR] symbol:   class ResultSetMapper
[ERROR] location: class com.github.davidmoten.rx.jdbc.tuple.Tuples
[ERROR] /home/travis/build/failed/davidmoten/rxjava-jdbc/src/main/java/com/github/davidmoten/rx/jdbc/tuple/Tuples.java:[102,48] cannot find symbol
[ERROR] symbol:   class ResultSetMapper
[ERROR] location: class com.github.davidmoten.rx.jdbc.tuple.Tuples
[ERROR] /home/travis/build/failed/davidmoten/rxjava-jdbc/src/main/java/com/github/davidmoten/rx/jdbc/tuple/Tuples.java:[118,23] cannot find symbol
[ERROR] symbol:   class ResultSetMapper
[ERROR] location: class com.github.davidmoten.rx.jdbc.tuple.Tuples
[ERROR] /home/travis/build/failed/davidmoten/rxjava-jdbc/src/main/java/com/github/davidmoten/rx/jdbc/QuerySelect.java:[377,28] cannot find symbol
[ERROR] symbol:   class ResultSetMapper
[ERROR] location: class com.github.davidmoten.rx.jdbc.QuerySelect.Builder
[ERROR] /home/travis/build/failed/davidmoten/rxjava-jdbc/src/main/java/com/github/davidmoten/rx/jdbc/Util.java:[238,20] cannot find symbol
[ERROR] symbol:   class ResultSetMapper
[ERROR] location: class com.github.davidmoten.rx.jdbc.Util
[ERROR] /home/travis/build/failed/davidmoten/rxjava-jdbc/src/main/java/com/github/davidmoten/rx/jdbc/tuple/Tuples.java:[25,20] cannot find symbol
[ERROR] symbol:   class ResultSetMapper
[ERROR] location: class com.github.davidmoten.rx.jdbc.tuple.Tuples
[ERROR] /home/travis/build/failed/davidmoten/rxjava-jdbc/src/main/java/com/github/davidmoten/rx/jdbc/tuple/Tuples.java:[38,20] cannot find symbol
[ERROR] symbol:   class ResultSetMapper
[ERROR] location: class com.github.davidmoten.rx.jdbc.tuple.Tuples
[ERROR] /home/travis/build/failed/davidmoten/rxjava-jdbc/src/main/java/com/github/davidmoten/rx/jdbc/tuple/Tuples.java:[50,20] cannot find symbol
[ERROR] symbol:   class ResultSetMapper
[ERROR] location: class com.github.davidmoten.rx.jdbc.tuple.Tuples
[ERROR] /home/travis/build/failed/davidmoten/rxjava-jdbc/src/main/java/com/github/davidmoten/rx/jdbc/tuple/Tuples.java:[62,20] cannot find symbol
[ERROR] symbol:   class ResultSetMapper
[ERROR] location: class com.github.davidmoten.rx.jdbc.tuple.Tuples
[ERROR] /home/travis/build/failed/davidmoten/rxjava-jdbc/src/main/java/com/github/davidmoten/rx/jdbc/tuple/Tuples.java:[75,20] cannot find symbol
[ERROR] symbol:   class ResultSetMapper
[ERROR] location: class com.github.davidmoten.rx.jdbc.tuple.Tuples
[ERROR] /home/travis/build/failed/davidmoten/rxjava-jdbc/src/main/java/com/github/davidmoten/rx/jdbc/tuple/Tuples.java:[90,20] cannot find symbol
[ERROR] symbol:   class ResultSetMapper
[ERROR] location: class com.github.davidmoten.rx.jdbc.tuple.Tuples
[ERROR] /home/travis/build/failed/davidmoten/rxjava-jdbc/src/main/java/com/github/davidmoten/rx/jdbc/tuple/Tuples.java:[106,20] cannot find symbol
[ERROR] symbol:   class ResultSetMapper
[ERROR] location: class com.github.davidmoten.rx.jdbc.tuple.Tuples
[ERROR] /home/travis/build/failed/davidmoten/rxjava-jdbc/src/main/java/com/github/davidmoten/rx/jdbc/tuple/Tuples.java:[119,20] cannot find symbol
[ERROR] symbol:   class ResultSetMapper
[ERROR] location: class com.github.davidmoten.rx.jdbc.tuple.Tuples
[ERROR] -> [Help 1]
[ERROR] 
[ERROR] To see the full stack trace of the errors, re-run Maven with the -e switch.
[ERROR] Re-run Maven using the -X switch to enable full debug logging.
[ERROR] 
[ERROR] For more information about the errors and possible solutions, please read the following articles:
[ERROR] [Help 1] http://cwiki.apache.org/confluence/display/MAVEN/MojoFailureException

[31;1mThe command "eval mvn install -Dhttps.protocols=TLSv1.2 -Dhttps.protocols=TLSv1.2 -DskipTests=true -Dmaven.javadoc.skip=true -B -V " failed 3 times.[0m


travis_time:end:05944bb0:start=1660953439596252482,finish=1660953471063219697,duration=31466967215[0K
[31;1mThe command "mvn install -Dhttps.protocols=TLSv1.2 -Dhttps.protocols=TLSv1.2 -DskipTests=true -Dmaven.javadoc.skip=true -B -V" failed and exited with 1 during .[0m

Your build has been stopped.
