travis_fold:start:system_info[0K[33;1mBuild system information[0m
Build language: java
Build id: ''
Job id: ''
[34m[1mBuild image provisioning date and time[0m
Thu Feb  5 15:09:33 UTC 2015
[34m[1mOperating System Details[0m
Distributor ID:	Ubuntu
Description:	Ubuntu 12.04.5 LTS
Release:	12.04
Codename:	precise
[34m[1mLinux Version[0m
3.13.0-29-generic
[34m[1mCookbooks Version[0m
a68419e https://github.com/travis-ci/travis-cookbooks/tree/a68419e
[34m[1mGCC version[0m
gcc (Ubuntu/Linaro 4.6.3-1ubuntu5) 4.6.3
Copyright (C) 2011 Free Software Foundation, Inc.
This is free software; see the source for copying conditions.  There is NO
warranty; not even for MERCHANTABILITY or FITNESS FOR A PARTICULAR PURPOSE.

[34m[1mLLVM version[0m
clang version 3.4 (tags/RELEASE_34/final)
Target: x86_64-unknown-linux-gnu
Thread model: posix
[34m[1mPre-installed Ruby versions[0m
ruby-1.9.3-p551
[34m[1mPre-installed Node.js versions[0m
v0.10.36
[34m[1mPre-installed Go versions[0m
1.4.1
[34m[1mRedis version[0m
redis-server 2.8.19
[34m[1mriak version[0m
2.0.2
[34m[1mMongoDB version[0m
MongoDB 2.4.12
[34m[1mCouchDB version[0m
couchdb 1.6.1
[34m[1mNeo4j version[0m
1.9.4
[34m[1mRabbitMQ Version[0m
3.4.3
[34m[1mElasticSearch version[0m
1.4.0
[34m[1mInstalled Sphinx versions[0m
2.0.10
2.1.9
2.2.6
[34m[1mDefault Sphinx version[0m
2.2.6
[34m[1mInstalled Firefox version[0m
firefox 31.0esr
[34m[1mPhantomJS version[0m
1.9.8
[34m[1mant -version[0m
Apache Ant(TM) version 1.8.2 compiled on December 3 2011
[34m[1mmvn -version[0m
Apache Maven 3.2.5 (12a6b3acb947671f09b81f49094c53f426d8cea1; 2014-12-14T17:29:23+00:00)
Maven home: /usr/local/maven
Java version: 1.7.0_76, vendor: Oracle Corporation
Java home: /usr/lib/jvm/java-7-oracle/jre
Default locale: en_US, platform encoding: ANSI_X3.4-1968
OS name: "linux", version: "3.13.0-29-generic", arch: "amd64", family: "unix"
travis_fold:end:system_info[0K
W: Failed to fetch http://security.ubuntu.com/ubuntu/dists/precise-security/main/source/Sources  404  Not Found [IP: 91.189.91.38 80]

W: Failed to fetch http://security.ubuntu.com/ubuntu/dists/precise-security/restricted/source/Sources  404  Not Found [IP: 91.189.91.38 80]

W: Failed to fetch http://security.ubuntu.com/ubuntu/dists/precise-security/universe/source/Sources  404  Not Found [IP: 91.189.91.38 80]

W: Failed to fetch http://security.ubuntu.com/ubuntu/dists/precise-security/multiverse/source/Sources  404  Not Found [IP: 91.189.91.38 80]

W: Failed to fetch http://security.ubuntu.com/ubuntu/dists/precise-security/main/binary-amd64/Packages  404  Not Found [IP: 91.189.91.38 80]

W: Failed to fetch http://security.ubuntu.com/ubuntu/dists/precise-security/restricted/binary-amd64/Packages  404  Not Found [IP: 91.189.91.38 80]

W: Failed to fetch http://security.ubuntu.com/ubuntu/dists/precise-security/universe/binary-amd64/Packages  404  Not Found [IP: 91.189.91.38 80]

W: Failed to fetch http://security.ubuntu.com/ubuntu/dists/precise-security/multiverse/binary-amd64/Packages  404  Not Found [IP: 91.189.91.38 80]

W: Failed to fetch http://security.ubuntu.com/ubuntu/dists/precise-security/main/binary-i386/Packages  404  Not Found [IP: 91.189.91.38 80]

W: Failed to fetch http://security.ubuntu.com/ubuntu/dists/precise-security/restricted/binary-i386/Packages  404  Not Found [IP: 91.189.91.38 80]

W: Failed to fetch http://security.ubuntu.com/ubuntu/dists/precise-security/universe/binary-i386/Packages  404  Not Found [IP: 91.189.91.38 80]

W: Failed to fetch http://security.ubuntu.com/ubuntu/dists/precise-security/multiverse/binary-i386/Packages  404  Not Found [IP: 91.189.91.38 80]

W: Failed to fetch http://us.archive.ubuntu.com/ubuntu/dists/precise/main/source/Sources  404  Not Found [IP: 91.189.91.38 80]

W: Failed to fetch http://us.archive.ubuntu.com/ubuntu/dists/precise/restricted/source/Sources  404  Not Found [IP: 91.189.91.38 80]

W: Failed to fetch http://us.archive.ubuntu.com/ubuntu/dists/precise/universe/source/Sources  404  Not Found [IP: 91.189.91.38 80]

W: Failed to fetch http://us.archive.ubuntu.com/ubuntu/dists/precise/multiverse/source/Sources  404  Not Found [IP: 91.189.91.38 80]

W: Failed to fetch http://us.archive.ubuntu.com/ubuntu/dists/precise/main/binary-amd64/Packages  404  Not Found [IP: 91.189.91.38 80]

W: Failed to fetch http://us.archive.ubuntu.com/ubuntu/dists/precise/restricted/binary-amd64/Packages  404  Not Found [IP: 91.189.91.38 80]

W: Failed to fetch http://us.archive.ubuntu.com/ubuntu/dists/precise/universe/binary-amd64/Packages  404  Not Found [IP: 91.189.91.38 80]

W: Failed to fetch http://us.archive.ubuntu.com/ubuntu/dists/precise/multiverse/binary-amd64/Packages  404  Not Found [IP: 91.189.91.38 80]

W: Failed to fetch http://us.archive.ubuntu.com/ubuntu/dists/precise/main/binary-i386/Packages  404  Not Found [IP: 91.189.91.38 80]

W: Failed to fetch http://us.archive.ubuntu.com/ubuntu/dists/precise/restricted/binary-i386/Packages  404  Not Found [IP: 91.189.91.38 80]

W: Failed to fetch http://us.archive.ubuntu.com/ubuntu/dists/precise/universe/binary-i386/Packages  404  Not Found [IP: 91.189.91.38 80]

W: Failed to fetch http://us.archive.ubuntu.com/ubuntu/dists/precise/multiverse/binary-i386/Packages  404  Not Found [IP: 91.189.91.38 80]

W: Failed to fetch http://us.archive.ubuntu.com/ubuntu/dists/precise-updates/main/source/Sources  404  Not Found [IP: 91.189.91.38 80]

W: Failed to fetch http://us.archive.ubuntu.com/ubuntu/dists/precise-updates/restricted/source/Sources  404  Not Found [IP: 91.189.91.38 80]

W: Failed to fetch http://us.archive.ubuntu.com/ubuntu/dists/precise-updates/universe/source/Sources  404  Not Found [IP: 91.189.91.38 80]

W: Failed to fetch http://us.archive.ubuntu.com/ubuntu/dists/precise-updates/multiverse/source/Sources  404  Not Found [IP: 91.189.91.38 80]

W: Failed to fetch http://us.archive.ubuntu.com/ubuntu/dists/precise-updates/main/binary-amd64/Packages  404  Not Found [IP: 91.189.91.38 80]

W: Failed to fetch http://us.archive.ubuntu.com/ubuntu/dists/precise-updates/restricted/binary-amd64/Packages  404  Not Found [IP: 91.189.91.38 80]

W: Failed to fetch http://us.archive.ubuntu.com/ubuntu/dists/precise-updates/universe/binary-amd64/Packages  404  Not Found [IP: 91.189.91.38 80]

W: Failed to fetch http://us.archive.ubuntu.com/ubuntu/dists/precise-updates/multiverse/binary-amd64/Packages  404  Not Found [IP: 91.189.91.38 80]

W: Failed to fetch http://us.archive.ubuntu.com/ubuntu/dists/precise-updates/main/binary-i386/Packages  404  Not Found [IP: 91.189.91.38 80]

W: Failed to fetch http://us.archive.ubuntu.com/ubuntu/dists/precise-updates/restricted/binary-i386/Packages  404  Not Found [IP: 91.189.91.38 80]

W: Failed to fetch http://us.archive.ubuntu.com/ubuntu/dists/precise-updates/universe/binary-i386/Packages  404  Not Found [IP: 91.189.91.38 80]

W: Failed to fetch http://us.archive.ubuntu.com/ubuntu/dists/precise-updates/multiverse/binary-i386/Packages  404  Not Found [IP: 91.189.91.38 80]

W: Failed to fetch http://us.archive.ubuntu.com/ubuntu/dists/precise-backports/main/source/Sources  404  Not Found [IP: 91.189.91.38 80]

W: Failed to fetch http://us.archive.ubuntu.com/ubuntu/dists/precise-backports/restricted/source/Sources  404  Not Found [IP: 91.189.91.38 80]

W: Failed to fetch http://us.archive.ubuntu.com/ubuntu/dists/precise-backports/universe/source/Sources  404  Not Found [IP: 91.189.91.38 80]

W: Failed to fetch http://us.archive.ubuntu.com/ubuntu/dists/precise-backports/multiverse/source/Sources  404  Not Found [IP: 91.189.91.38 80]

W: Failed to fetch http://us.archive.ubuntu.com/ubuntu/dists/precise-backports/main/binary-amd64/Packages  404  Not Found [IP: 91.189.91.38 80]

W: Failed to fetch http://us.archive.ubuntu.com/ubuntu/dists/precise-backports/restricted/binary-amd64/Packages  404  Not Found [IP: 91.189.91.38 80]

W: Failed to fetch http://us.archive.ubuntu.com/ubuntu/dists/precise-backports/universe/binary-amd64/Packages  404  Not Found [IP: 91.189.91.38 80]

W: Failed to fetch http://us.archive.ubuntu.com/ubuntu/dists/precise-backports/multiverse/binary-amd64/Packages  404  Not Found [IP: 91.189.91.38 80]

W: Failed to fetch http://us.archive.ubuntu.com/ubuntu/dists/precise-backports/main/binary-i386/Packages  404  Not Found [IP: 91.189.91.38 80]

W: Failed to fetch http://us.archive.ubuntu.com/ubuntu/dists/precise-backports/restricted/binary-i386/Packages  404  Not Found [IP: 91.189.91.38 80]

W: Failed to fetch http://us.archive.ubuntu.com/ubuntu/dists/precise-backports/universe/binary-i386/Packages  404  Not Found [IP: 91.189.91.38 80]

W: Failed to fetch http://us.archive.ubuntu.com/ubuntu/dists/precise-backports/multiverse/binary-i386/Packages  404  Not Found [IP: 91.189.91.38 80]

W: Failed to fetch http://apt.postgresql.org/pub/repos/apt/dists/precise-pgdg/main/binary-amd64/Packages  404  Not Found [IP: 147.75.85.69 80]

W: Failed to fetch http://apt.postgresql.org/pub/repos/apt/dists/precise-pgdg/main/binary-i386/Packages  404  Not Found [IP: 147.75.85.69 80]

W: Failed to fetch http://ppa.launchpad.net/rwky/ppa/ubuntu/dists/precise/main/binary-amd64/Packages  403  Forbidden

W: Failed to fetch http://ppa.launchpad.net/rwky/ppa/ubuntu/dists/precise/main/binary-i386/Packages  403  Forbidden

W: Failed to fetch http://ppa.launchpad.net/travis-ci/zero-mq/ubuntu/dists/precise/main/binary-amd64/Packages  403  Forbidden

W: Failed to fetch http://ppa.launchpad.net/travis-ci/zero-mq/ubuntu/dists/precise/main/binary-i386/Packages  403  Forbidden

W: Failed to fetch http://downloads-distro.mongodb.org/repo/debian-sysvinit/dists/dist/10gen/binary-amd64/Packages  Undetermined Error [IP: 52.21.89.200 80]

W: Failed to fetch http://downloads-distro.mongodb.org/repo/debian-sysvinit/dists/dist/10gen/binary-i386/Packages  Undetermined Error [IP: 52.21.89.200 80]

E: Some index files failed to download. They have been ignored, or old ones used instead.
sed: cannot rename /etc/hosts: Device or resource busy
sed: cannot rename /etc/hosts: Device or resource busy
$ jdk_switcher use oraclejdk8
Switching to Oracle JDK8 (java-8-oracle), JAVA_HOME will be set to /usr/lib/jvm/java-8-oracle
$ cd failed/uniba-dsg/betsy

[33;1mSetting environment variables from .travis.yml[0m
$ export JAVA7_HOME=/usr/lib/jvm/java-7-openjdk-amd64/jre

$ export TERM=dumb
travis_fold:start:cache.1[0KSetting up build cache
$ export CASHER_DIR=$HOME/.casher
travis_time:start:00571d66[0K$ Installing caching utilities

travis_time:end:00571d66:start=1660985164307121154,finish=1660985164634338431,duration=327217277[0Ktravis_time:start:02a77097[0K
travis_time:end:02a77097:start=1660985164648084127,finish=1660985164657853017,duration=9768890[0Ktravis_time:start:0a35727c[0K/home/travis/.casher/bin/casher:213:in `cache_archive_name': undefined method `[]' for nil:NilClass (NoMethodError)
	from /home/travis/.casher/bin/casher:65:in `block in fetch'
	from /home/travis/.casher/bin/casher:64:in `each'
	from /home/travis/.casher/bin/casher:64:in `fetch'
	from /home/travis/.casher/bin/casher:53:in `block in run'
	from /home/travis/.rvm/rubies/ruby-1.9.3-p551/lib/ruby/1.9.1/timeout.rb:69:in `timeout'
	from /home/travis/.casher/bin/casher:53:in `run'
	from /home/travis/.casher/bin/casher:263:in `<main>'
[32;1mattempting to download cache archive[0m

travis_time:end:0a35727c:start=1660985164669565897,finish=1660985165437945665,duration=768379768[0Ktravis_time:start:01916d5a[0K
travis_time:end:01916d5a:start=1660985165449124299,finish=1660985165459108171,duration=9983872[0Ktravis_time:start:0c1d0219[0K[32;1madding /home/travis/build/failed/uniba-dsg/betsy/downloads to cache[0m
[32;1mcreating directory /home/travis/build/failed/uniba-dsg/betsy/downloads[0m
[32;1madding /home/travis/.gradle/caches to cache[0m
[32;1mcreating directory /home/travis/.gradle/caches[0m
[32;1madding /home/travis/.gradle/wrapper to cache[0m
[32;1mcreating directory /home/travis/.gradle/wrapper[0m

travis_time:end:0c1d0219:start=1660985165469428547,finish=1660985166258211745,duration=788783198[0Ktravis_fold:end:cache.1[0K$ java -Xmx32m -version
java version "1.8.0_31"
Java(TM) SE Runtime Environment (build 1.8.0_31-b13)
Java HotSpot(TM) 64-Bit Server VM (build 25.31-b07, mixed mode)
$ javac -J-Xmx32m -version
javac 1.8.0_31
travis_fold:start:install[0Ktravis_time:start:159a7850[0K$ TERM=dumb travis_retry ./gradlew assemble --info
Downloading https://services.gradle.org/distributions/gradle-2.6-bin.zip
.............................................................................................................................................................................................................................................................................................................................................................................................................................................................................................................................................................................................................................................................................................................................................................................................................................................................................................................................................................................................................................................................................................................................................................................................................................................................................................................................................................................................................................................................................................................................................................................................................................................................................................................................................................................................................................................................................................................................................................................................................................................................................................................................................................................................................................................................................................................................
Unzipping /home/travis/.gradle/wrapper/dists/gradle-2.6-bin/7og9jkn1p1nxjafu1htp0hhvc/gradle-2.6-bin.zip to /home/travis/.gradle/wrapper/dists/gradle-2.6-bin/7og9jkn1p1nxjafu1htp0hhvc
Set executable permissions for: /home/travis/.gradle/wrapper/dists/gradle-2.6-bin/7og9jkn1p1nxjafu1htp0hhvc/gradle-2.6/bin/gradle
Starting Build
Settings evaluated using settings file '/master/settings.gradle'.
Projects loaded. Root project using build file '/home/travis/build/failed/uniba-dsg/betsy/build.gradle'.
Included projects: [root project 'betsy']
Evaluating root project 'betsy' using build file '/home/travis/build/failed/uniba-dsg/betsy/build.gradle'.
Compiling build file '/home/travis/build/failed/uniba-dsg/betsy/build.gradle' using SubsetScriptTransformer.
Download https://plugins.gradle.org/m2/org/kt3k/gradle/plugin/coveralls-gradle-plugin/2.4.0/coveralls-gradle-plugin-2.4.0.pom
Download https://plugins.gradle.org/m2/org/apache/httpcomponents/httpmime/4.3/httpmime-4.3.pom
Download https://plugins.gradle.org/m2/org/apache/httpcomponents/httpcomponents-client/4.3/httpcomponents-client-4.3.pom
Download https://plugins.gradle.org/m2/org/apache/httpcomponents/project/7/project-7.pom
Download https://plugins.gradle.org/m2/org/apache/apache/13/apache-13.pom
Download https://plugins.gradle.org/m2/org/eclipse/jgit/org.eclipse.jgit/3.6.0.201412230720-r/org.eclipse.jgit-3.6.0.201412230720-r.pom
Download https://plugins.gradle.org/m2/org/eclipse/jgit/org.eclipse.jgit-parent/3.6.0.201412230720-r/org.eclipse.jgit-parent-3.6.0.201412230720-r.pom
Download https://plugins.gradle.org/m2/org/codehaus/groovy/modules/http-builder/http-builder/0.7.1/http-builder-0.7.1.pom
Download https://plugins.gradle.org/m2/org/apache/httpcomponents/httpclient/4.3/httpclient-4.3.pom
Download https://plugins.gradle.org/m2/com/jcraft/jsch/0.1.50/jsch-0.1.50.pom
Download https://plugins.gradle.org/m2/org/sonatype/oss/oss-parent/6/oss-parent-6.pom
Download https://plugins.gradle.org/m2/com/googlecode/javaewah/JavaEWAH/0.7.9/JavaEWAH-0.7.9.pom
Download https://plugins.gradle.org/m2/org/sonatype/oss/oss-parent/5/oss-parent-5.pom
Download https://plugins.gradle.org/m2/net/sf/json-lib/json-lib/2.3/json-lib-2.3.pom
Download https://plugins.gradle.org/m2/net/sourceforge/nekohtml/nekohtml/1.9.16/nekohtml-1.9.16.pom
Download https://plugins.gradle.org/m2/xml-resolver/xml-resolver/1.2/xml-resolver-1.2.pom
Download https://plugins.gradle.org/m2/org/apache/apache/3/apache-3.pom
Download https://plugins.gradle.org/m2/commons-beanutils/commons-beanutils/1.8.0/commons-beanutils-1.8.0.pom
Download https://plugins.gradle.org/m2/org/apache/commons/commons-parent/11/commons-parent-11.pom
Download https://plugins.gradle.org/m2/org/apache/apache/4/apache-4.pom
Download https://plugins.gradle.org/m2/commons-collections/commons-collections/3.2.1/commons-collections-3.2.1.pom
Download https://plugins.gradle.org/m2/org/apache/commons/commons-parent/9/commons-parent-9.pom
Download https://plugins.gradle.org/m2/commons-lang/commons-lang/2.4/commons-lang-2.4.pom
Download https://plugins.gradle.org/m2/commons-logging/commons-logging/1.1.1/commons-logging-1.1.1.pom
Download https://plugins.gradle.org/m2/org/apache/commons/commons-parent/5/commons-parent-5.pom
Download https://plugins.gradle.org/m2/net/sf/ezmorph/ezmorph/1.0.6/ezmorph-1.0.6.pom
Download https://plugins.gradle.org/m2/xerces/xercesImpl/2.9.1/xercesImpl-2.9.1.pom
Download https://plugins.gradle.org/m2/org/apache/httpcomponents/httpcore/4.3/httpcore-4.3.pom
Download https://plugins.gradle.org/m2/org/apache/httpcomponents/httpcomponents-core/4.3/httpcomponents-core-4.3.pom
Download https://plugins.gradle.org/m2/commons-codec/commons-codec/1.6/commons-codec-1.6.pom
Download https://plugins.gradle.org/m2/org/apache/commons/commons-parent/22/commons-parent-22.pom
Download https://plugins.gradle.org/m2/org/apache/apache/9/apache-9.pom
Download https://plugins.gradle.org/m2/commons-logging/commons-logging/1.1.3/commons-logging-1.1.3.pom
Download https://plugins.gradle.org/m2/org/apache/commons/commons-parent/28/commons-parent-28.pom
Download https://plugins.gradle.org/m2/org/kt3k/gradle/plugin/coveralls-gradle-plugin/2.4.0/coveralls-gradle-plugin-2.4.0.jar
Download https://plugins.gradle.org/m2/org/apache/httpcomponents/httpmime/4.3/httpmime-4.3.jar
Download https://plugins.gradle.org/m2/org/eclipse/jgit/org.eclipse.jgit/3.6.0.201412230720-r/org.eclipse.jgit-3.6.0.201412230720-r.jar
Download https://plugins.gradle.org/m2/org/codehaus/groovy/modules/http-builder/http-builder/0.7.1/http-builder-0.7.1.jar
Download https://plugins.gradle.org/m2/org/apache/httpcomponents/httpclient/4.3/httpclient-4.3.jar
Download https://plugins.gradle.org/m2/com/jcraft/jsch/0.1.50/jsch-0.1.50.jar
Download https://plugins.gradle.org/m2/com/googlecode/javaewah/JavaEWAH/0.7.9/JavaEWAH-0.7.9.jar
Download https://plugins.gradle.org/m2/net/sf/json-lib/json-lib/2.3/json-lib-2.3-jdk15.jar
Download https://plugins.gradle.org/m2/net/sourceforge/nekohtml/nekohtml/1.9.16/nekohtml-1.9.16.jar
Download https://plugins.gradle.org/m2/xml-resolver/xml-resolver/1.2/xml-resolver-1.2.jar
Download https://plugins.gradle.org/m2/commons-beanutils/commons-beanutils/1.8.0/commons-beanutils-1.8.0.jar
Download https://plugins.gradle.org/m2/commons-collections/commons-collections/3.2.1/commons-collections-3.2.1.jar
Download https://plugins.gradle.org/m2/commons-lang/commons-lang/2.4/commons-lang-2.4.jar
Download https://plugins.gradle.org/m2/net/sf/ezmorph/ezmorph/1.0.6/ezmorph-1.0.6.jar
Download https://plugins.gradle.org/m2/xerces/xercesImpl/2.9.1/xercesImpl-2.9.1.jar
Download https://plugins.gradle.org/m2/org/apache/httpcomponents/httpcore/4.3/httpcore-4.3.jar
Download https://plugins.gradle.org/m2/commons-codec/commons-codec/1.6/commons-codec-1.6.jar
Download https://plugins.gradle.org/m2/commons-logging/commons-logging/1.1.3/commons-logging-1.1.3.jar
Compiling build file '/home/travis/build/failed/uniba-dsg/betsy/build.gradle' using BuildScriptTransformer.
All projects evaluated.
Selected primary task 'assemble' from project :
Tasks to be executed: [task ':compileJava', task ':downloadSoapUI', task ':downloadAnt', task ':installAnt', task ':downloadMaven', task ':installMaven', task ':installSoapUI', task ':compileGroovy', task ':processResources', task ':classes', task ':jar', task ':startScripts', task ':distTar', task ':distZip', task ':assemble']
:compileJava (Thread[main,5,main]) started.
:compileJava
Download https://jcenter.bintray.com/org/codehaus/groovy/groovy-all/2.4.4/groovy-all-2.4.4.pom
Download https://jcenter.bintray.com/org/apache/ant/ant/1.9.6/ant-1.9.6.pom
Download https://jcenter.bintray.com/org/apache/ant/ant-parent/1.9.6/ant-parent-1.9.6.pom
Download https://jcenter.bintray.com/log4j/log4j/1.2.17/log4j-1.2.17.pom
Download https://jcenter.bintray.com/org/virtualbox/vboxjws/4.2.8/vboxjws-4.2.8.pom
Download https://jcenter.bintray.com/commons-daemon/commons-daemon/1.0.15/commons-daemon-1.0.15.pom
Download https://jcenter.bintray.com/org/apache/commons/commons-parent/23/commons-parent-23.pom
Found locally available resource with matching checksum: [https://jcenter.bintray.com/org/apache/apache/9/apache-9.pom, /home/travis/.gradle/caches/modules-2/files-2.1/org.apache/apache/9/de55d73a30c7521f3d55e8141d360ffbdfd88caa/apache-9.pom]
Download https://jcenter.bintray.com/commons-io/commons-io/2.4/commons-io-2.4.pom
Download https://jcenter.bintray.com/org/apache/commons/commons-parent/25/commons-parent-25.pom
Download https://jcenter.bintray.com/commons-lang/commons-lang/2.6/commons-lang-2.6.pom
Download https://jcenter.bintray.com/org/apache/commons/commons-parent/17/commons-parent-17.pom
Download https://jcenter.bintray.com/org/apache/apache/7/apache-7.pom
Download https://jcenter.bintray.com/org/apache/ant/ant-apache-log4j/1.9.6/ant-apache-log4j-1.9.6.pom
Resource missing. [HTTP GET: https://jcenter.bintray.com/org/json/json/5.0.5/json-5.0.5.pom]
Resource missing. [HTTP HEAD: https://jcenter.bintray.com/org/json/json/5.0.5/json-5.0.5.jar]
Download https://jcenter.bintray.com/org/apache/ant/ant-junit/1.9.6/ant-junit-1.9.6.pom
Download https://jcenter.bintray.com/com/mashape/unirest/unirest-java/1.4.7/unirest-java-1.4.7.pom
Download https://jcenter.bintray.com/org/sonatype/oss/oss-parent/7/oss-parent-7.pom
Download https://jcenter.bintray.com/org/slf4j/slf4j-api/1.7.12/slf4j-api-1.7.12.pom
Download https://jcenter.bintray.com/org/slf4j/slf4j-parent/1.7.12/slf4j-parent-1.7.12.pom
Download https://jcenter.bintray.com/org/slf4j/slf4j-simple/1.7.12/slf4j-simple-1.7.12.pom
Download https://jcenter.bintray.com/commons-cli/commons-cli/1.3.1/commons-cli-1.3.1.pom
Download https://jcenter.bintray.com/org/apache/commons/commons-parent/37/commons-parent-37.pom
Download https://jcenter.bintray.com/org/apache/apache/16/apache-16.pom
Download https://jcenter.bintray.com/org/apache/santuario/xmlsec/2.0.5/xmlsec-2.0.5.pom
Download https://jcenter.bintray.com/org/apache/apache/17/apache-17.pom
Download https://jcenter.bintray.com/org/apache/ant/ant-launcher/1.9.6/ant-launcher-1.9.6.pom
Download https://jcenter.bintray.com/junit/junit/4.11/junit-4.11.pom
Download https://jcenter.bintray.com/org/apache/httpcomponents/httpclient/4.3.6/httpclient-4.3.6.pom
Download https://jcenter.bintray.com/org/apache/httpcomponents/httpcomponents-client/4.3.6/httpcomponents-client-4.3.6.pom
Found locally available resource with matching checksum: [https://jcenter.bintray.com/org/apache/httpcomponents/project/7/project-7.pom, /home/travis/.gradle/caches/modules-2/files-2.1/org.apache.httpcomponents/project/7/c486760d8e0eafe8d4932450e386c2805364f782/project-7.pom]
Found locally available resource with matching checksum: [https://jcenter.bintray.com/org/apache/apache/13/apache-13.pom, /home/travis/.gradle/caches/modules-2/files-2.1/org.apache/apache/13/15aff1faaec4963617f07dbe8e603f0adabc3a12/apache-13.pom]
Download https://jcenter.bintray.com/org/apache/httpcomponents/httpasyncclient/4.0.2/httpasyncclient-4.0.2.pom
Download https://jcenter.bintray.com/org/apache/httpcomponents/httpcomponents-asyncclient/4.0.2/httpcomponents-asyncclient-4.0.2.pom
Download https://jcenter.bintray.com/org/apache/httpcomponents/httpmime/4.3.6/httpmime-4.3.6.pom
Download https://jcenter.bintray.com/org/codehaus/woodstox/woodstox-core-asl/4.4.1/woodstox-core-asl-4.4.1.pom
Download https://jcenter.bintray.com/commons-codec/commons-codec/1.10/commons-codec-1.10.pom
Download https://jcenter.bintray.com/org/apache/commons/commons-parent/35/commons-parent-35.pom
Download https://jcenter.bintray.com/org/apache/apache/15/apache-15.pom
Download https://jcenter.bintray.com/org/hamcrest/hamcrest-core/1.3/hamcrest-core-1.3.pom
Download https://jcenter.bintray.com/org/hamcrest/hamcrest-parent/1.3/hamcrest-parent-1.3.pom
Download https://jcenter.bintray.com/org/apache/httpcomponents/httpcore/4.3.3/httpcore-4.3.3.pom
Download https://jcenter.bintray.com/org/apache/httpcomponents/httpcomponents-core/4.3.3/httpcomponents-core-4.3.3.pom
Found locally available resource with matching checksum: [https://jcenter.bintray.com/commons-logging/commons-logging/1.1.3/commons-logging-1.1.3.pom, /home/travis/.gradle/caches/modules-2/files-2.1/commons-logging/commons-logging/1.1.3/4aeb2c0ae4261632487bf8ea870bdb405696cee9/commons-logging-1.1.3.pom]
Found locally available resource with matching checksum: [https://jcenter.bintray.com/org/apache/commons/commons-parent/28/commons-parent-28.pom, /home/travis/.gradle/caches/modules-2/files-2.1/org.apache.commons/commons-parent/28/9ff25b2866ef063a8828ba67d1e35c78f73e830a/commons-parent-28.pom]
Download https://jcenter.bintray.com/org/apache/httpcomponents/httpcore-nio/4.3.2/httpcore-nio-4.3.2.pom
Download https://jcenter.bintray.com/org/apache/httpcomponents/httpcomponents-core/4.3.2/httpcomponents-core-4.3.2.pom
Download https://jcenter.bintray.com/javax/xml/stream/stax-api/1.0-2/stax-api-1.0-2.pom
Download https://jcenter.bintray.com/org/codehaus/woodstox/stax2-api/3.1.4/stax2-api-3.1.4.pom
Download https://jcenter.bintray.com/org/json/json/20140107/json-20140107.pom
file or directory '/home/travis/build/failed/uniba-dsg/betsy/soapui/SoapUI-4.6.4/bin', not found
file or directory '/home/travis/build/failed/uniba-dsg/betsy/soapui/SoapUI-4.6.4/lib', not found
Download https://jcenter.bintray.com/org/codehaus/groovy/groovy-all/2.4.4/groovy-all-2.4.4.jar
Download https://jcenter.bintray.com/org/apache/ant/ant/1.9.6/ant-1.9.6.jar
Download https://jcenter.bintray.com/log4j/log4j/1.2.17/log4j-1.2.17.jar
Download https://jcenter.bintray.com/org/virtualbox/vboxjws/4.2.8/vboxjws-4.2.8.jar
Download https://jcenter.bintray.com/commons-daemon/commons-daemon/1.0.15/commons-daemon-1.0.15.jar
Download https://jcenter.bintray.com/commons-io/commons-io/2.4/commons-io-2.4.jar
Download https://jcenter.bintray.com/commons-lang/commons-lang/2.6/commons-lang-2.6.jar
Download https://jcenter.bintray.com/org/apache/ant/ant-apache-log4j/1.9.6/ant-apache-log4j-1.9.6.jar
Download https://jcenter.bintray.com/org/apache/ant/ant-junit/1.9.6/ant-junit-1.9.6.jar
Download https://jcenter.bintray.com/com/mashape/unirest/unirest-java/1.4.7/unirest-java-1.4.7.jar
Download https://jcenter.bintray.com/org/slf4j/slf4j-api/1.7.12/slf4j-api-1.7.12.jar
Download https://jcenter.bintray.com/org/slf4j/slf4j-simple/1.7.12/slf4j-simple-1.7.12.jar
Download https://jcenter.bintray.com/commons-cli/commons-cli/1.3.1/commons-cli-1.3.1.jar
Download https://jcenter.bintray.com/org/apache/santuario/xmlsec/2.0.5/xmlsec-2.0.5.jar
Download https://jcenter.bintray.com/org/apache/ant/ant-launcher/1.9.6/ant-launcher-1.9.6.jar
Download https://jcenter.bintray.com/junit/junit/4.11/junit-4.11.jar
Download https://jcenter.bintray.com/org/apache/httpcomponents/httpclient/4.3.6/httpclient-4.3.6.jar
Download https://jcenter.bintray.com/org/apache/httpcomponents/httpasyncclient/4.0.2/httpasyncclient-4.0.2.jar
Download https://jcenter.bintray.com/org/apache/httpcomponents/httpmime/4.3.6/httpmime-4.3.6.jar
Download https://jcenter.bintray.com/org/codehaus/woodstox/woodstox-core-asl/4.4.1/woodstox-core-asl-4.4.1.jar
Download https://jcenter.bintray.com/commons-codec/commons-codec/1.10/commons-codec-1.10.jar
Download https://jcenter.bintray.com/org/hamcrest/hamcrest-core/1.3/hamcrest-core-1.3.jar
Download https://jcenter.bintray.com/org/apache/httpcomponents/httpcore/4.3.3/httpcore-4.3.3.jar
Found locally available resource with matching checksum: [https://jcenter.bintray.com/commons-logging/commons-logging/1.1.3/commons-logging-1.1.3.jar, /home/travis/.gradle/caches/modules-2/files-2.1/commons-logging/commons-logging/1.1.3/f6f66e966c70a83ffbdb6f17a0919eaf7c8aca7f/commons-logging-1.1.3.jar]
Download https://jcenter.bintray.com/org/apache/httpcomponents/httpcore-nio/4.3.2/httpcore-nio-4.3.2.jar
Download https://jcenter.bintray.com/javax/xml/stream/stax-api/1.0-2/stax-api-1.0-2.jar
Download https://jcenter.bintray.com/org/codehaus/woodstox/stax2-api/3.1.4/stax2-api-3.1.4.jar
Download https://jcenter.bintray.com/org/json/json/20140107/json-20140107.jar
Executing task ':compileJava' (up-to-date check took 6.414 secs) due to:
  No history is available.
All input files are considered out-of-date for incremental task ':compileJava'.
file or directory '/home/travis/build/failed/uniba-dsg/betsy/soapui/SoapUI-4.6.4/bin', not found
file or directory '/home/travis/build/failed/uniba-dsg/betsy/soapui/SoapUI-4.6.4/lib', not found
Compiling with JDK Java compiler API.
:compileJava (Thread[main,5,main]) completed. Took 6.847 secs.
:downloadSoapUI (Thread[main,5,main]) started.
:downloadSoapUI
Executing task ':downloadSoapUI' (up-to-date check took 0.001 secs) due to:
  No history is available.
[ant:get] Getting: https://lspi.wiai.uni-bamberg.de/svn/betsy/SoapUI-4.6.4-windows-bin.zip
[ant:get] To: /home/travis/build/failed/uniba-dsg/betsy/downloads/SoapUI-4.6.4-windows-bin.zip
[ant:get] Error getting https://lspi.wiai.uni-bamberg.de/svn/betsy/SoapUI-4.6.4-windows-bin.zip to /home/travis/build/failed/uniba-dsg/betsy/downloads/SoapUI-4.6.4-windows-bin.zip
:downloadSoapUI FAILED
:downloadSoapUI (Thread[main,5,main]) completed. Took 2 mins 10.606 secs.

FAILURE: Build failed with an exception.

* Where:
Build file '/home/travis/build/failed/uniba-dsg/betsy/build.gradle' line: 112

* What went wrong:
Execution failed for task ':downloadSoapUI'.
> java.net.ConnectException: Connection timed out

* Try:
Run with --stacktrace option to get the stack trace. Run with --debug option to get more log output.

BUILD FAILED

Total time: 2 mins 47.934 secs
Stopped 0 compiler daemon(s).

[31;1mThe command "./gradlew assemble --info" failed. Retrying, 2 of 3.[0m

Starting Build
Settings evaluated using settings file '/master/settings.gradle'.
Projects loaded. Root project using build file '/home/travis/build/failed/uniba-dsg/betsy/build.gradle'.
Included projects: [root project 'betsy']
Evaluating root project 'betsy' using build file '/home/travis/build/failed/uniba-dsg/betsy/build.gradle'.
All projects evaluated.
Selected primary task 'assemble' from project :
Tasks to be executed: [task ':compileJava', task ':downloadSoapUI', task ':downloadAnt', task ':installAnt', task ':downloadMaven', task ':installMaven', task ':installSoapUI', task ':compileGroovy', task ':processResources', task ':classes', task ':jar', task ':startScripts', task ':distTar', task ':distZip', task ':assemble']
:compileJava (Thread[main,5,main]) started.
:compileJava
Resource missing. [HTTP GET: https://jcenter.bintray.com/org/json/json/5.0.5/json-5.0.5.pom]
Resource missing. [HTTP HEAD: https://jcenter.bintray.com/org/json/json/5.0.5/json-5.0.5.jar]
file or directory '/home/travis/build/failed/uniba-dsg/betsy/soapui/SoapUI-4.6.4/bin', not found
file or directory '/home/travis/build/failed/uniba-dsg/betsy/soapui/SoapUI-4.6.4/lib', not found
Skipping task ':compileJava' as it is up-to-date (took 0.916 secs).
:compileJava UP-TO-DATE
:compileJava (Thread[main,5,main]) completed. Took 0.93 secs.
:downloadSoapUI (Thread[main,5,main]) started.
:downloadSoapUI
Executing task ':downloadSoapUI' (up-to-date check took 0.001 secs) due to:
  No history is available.
[ant:get] Getting: https://lspi.wiai.uni-bamberg.de/svn/betsy/SoapUI-4.6.4-windows-bin.zip
[ant:get] To: /home/travis/build/failed/uniba-dsg/betsy/downloads/SoapUI-4.6.4-windows-bin.zip
[ant:get] Error getting https://lspi.wiai.uni-bamberg.de/svn/betsy/SoapUI-4.6.4-windows-bin.zip to /home/travis/build/failed/uniba-dsg/betsy/downloads/SoapUI-4.6.4-windows-bin.zip
:downloadSoapUI FAILED
:downloadSoapUI (Thread[main,5,main]) completed. Took 2 mins 10.214 secs.

FAILURE: Build failed with an exception.

* Where:
Build file '/home/travis/build/failed/uniba-dsg/betsy/build.gradle' line: 112

* What went wrong:
Execution failed for task ':downloadSoapUI'.
> java.net.ConnectException: Connection timed out

* Try:
Run with --stacktrace option to get the stack trace. Run with --debug option to get more log output.

BUILD FAILED

Total time: 2 mins 15.745 secs
Stopped 0 compiler daemon(s).

[31;1mThe command "./gradlew assemble --info" failed. Retrying, 3 of 3.[0m

Starting Build
Settings evaluated using settings file '/master/settings.gradle'.
Projects loaded. Root project using build file '/home/travis/build/failed/uniba-dsg/betsy/build.gradle'.
Included projects: [root project 'betsy']
Evaluating root project 'betsy' using build file '/home/travis/build/failed/uniba-dsg/betsy/build.gradle'.
All projects evaluated.
Selected primary task 'assemble' from project :
Tasks to be executed: [task ':compileJava', task ':downloadSoapUI', task ':downloadAnt', task ':installAnt', task ':downloadMaven', task ':installMaven', task ':installSoapUI', task ':compileGroovy', task ':processResources', task ':classes', task ':jar', task ':startScripts', task ':distTar', task ':distZip', task ':assemble']
:compileJava (Thread[main,5,main]) started.
:compileJava
Resource missing. [HTTP GET: https://jcenter.bintray.com/org/json/json/5.0.5/json-5.0.5.pom]
Resource missing. [HTTP HEAD: https://jcenter.bintray.com/org/json/json/5.0.5/json-5.0.5.jar]
file or directory '/home/travis/build/failed/uniba-dsg/betsy/soapui/SoapUI-4.6.4/bin', not found
file or directory '/home/travis/build/failed/uniba-dsg/betsy/soapui/SoapUI-4.6.4/lib', not found
Skipping task ':compileJava' as it is up-to-date (took 1.053 secs).
:compileJava UP-TO-DATE
:compileJava (Thread[main,5,main]) completed. Took 1.065 secs.
:downloadSoapUI (Thread[main,5,main]) started.
:downloadSoapUI
Executing task ':downloadSoapUI' (up-to-date check took 0.002 secs) due to:
  No history is available.
[ant:get] Getting: https://lspi.wiai.uni-bamberg.de/svn/betsy/SoapUI-4.6.4-windows-bin.zip
[ant:get] To: /home/travis/build/failed/uniba-dsg/betsy/downloads/SoapUI-4.6.4-windows-bin.zip
[ant:get] Error getting https://lspi.wiai.uni-bamberg.de/svn/betsy/SoapUI-4.6.4-windows-bin.zip to /home/travis/build/failed/uniba-dsg/betsy/downloads/SoapUI-4.6.4-windows-bin.zip
:downloadSoapUI FAILED
:downloadSoapUI (Thread[main,5,main]) completed. Took 2 mins 9.729 secs.

FAILURE: Build failed with an exception.

* Where:
Build file '/home/travis/build/failed/uniba-dsg/betsy/build.gradle' line: 112

* What went wrong:
Execution failed for task ':downloadSoapUI'.
> java.net.ConnectException: Connection timed out

* Try:
Run with --stacktrace option to get the stack trace. Run with --debug option to get more log output.

BUILD FAILED

Total time: 2 mins 15.744 secs
Stopped 0 compiler daemon(s).

[31;1mThe command "./gradlew assemble --info" failed 3 times.[0m


travis_time:end:159a7850:start=1660985166538704572,finish=1660985610423143886,duration=443884439314[0K
[31;1mThe command "TERM=dumb travis_retry ./gradlew assemble --info" failed and exited with 1 during .[0m

Your build has been stopped.
