[[1;34mINFO[m] Scanning for projects...
[[1;34mINFO[m] [1m------------------------------------------------------------------------[m
[[1;34mINFO[m] [1mReactor Build Order:[m
[[1;34mINFO[m] 
[[1;34mINFO[m] Oak Parent POM                                                     [pom]
[[1;34mINFO[m] Oak Commons                                                     [bundle]
[[1;34mINFO[m] Oak Blob Store                                                  [bundle]
[[1;34mINFO[m] Oak Cloud Blob Store                                            [bundle]
[[1;34mINFO[m] Oak Core                                                        [bundle]
[[1;34mINFO[m] Oak JCR Binding                                                 [bundle]
[[1;34mINFO[m] Oak upgrade                                                        [jar]
[[1;34mINFO[m] Oak HTTP Binding                                                [bundle]
[[1;34mINFO[m] Oak Lucene                                                      [bundle]
[[1;34mINFO[m] Oak Solr core                                                   [bundle]
[[1;34mINFO[m] Oak Solr OSGi                                                   [bundle]
[[1;34mINFO[m] Oak External Authentication Support                             [bundle]
[[1;34mINFO[m] Oak LDAP Authentication Support                                 [bundle]
[[1;34mINFO[m] Oak TarMK Standby                                               [bundle]
[[1;34mINFO[m] Oak Remote API                                                  [bundle]
[[1;34mINFO[m] Oak Runnable Jar                                                   [jar]
[[1;34mINFO[m] Oak Integration Tests for OSGi deployments                         [jar]
[[1;34mINFO[m] Oak PojoSR                                                         [jar]
[[1;34mINFO[m] Oak CUG                                                         [bundle]
[[1;34mINFO[m] Oak Exercises                                                      [jar]
[[1;34mINFO[m] Oak Web Application Example                                        [war]
[[1;34mINFO[m] Oak Examples                                                       [pom]
[[1;34mINFO[m] Jackrabbit Oak                                                     [pom]
[[1;34mINFO[m] 
[[1;34mINFO[m] [1m------------------< [0;36morg.apache.jackrabbit:oak-parent[0;1m >------------------[m
[[1;34mINFO[m] [1mBuilding Oak Parent POM 1.4-SNAPSHOT                              [1/23][m
[[1;34mINFO[m] [1m--------------------------------[ pom ]---------------------------------[m
[[1;34mINFO[m] 
[[1;34mINFO[m] [1m--- [0;32mjacoco-maven-plugin:0.7.1.201405082137:prepare-agent[m [1m(pre-unit-test)[m @ [36moak-parent[0;1m ---[m
[[1;34mINFO[m] Skipping JaCoCo execution because property jacoco.skip is set.
[[1;34mINFO[m] test.opts.coverage set to empty
[[1;34mINFO[m] 
[[1;34mINFO[m] [1m--- [0;32mmaven-remote-resources-plugin:1.4:process[m [1m(default)[m @ [36moak-parent[0;1m ---[m
[[1;34mINFO[m] 
[[1;34mINFO[m] [1m--- [0;32mjacoco-maven-plugin:0.7.1.201405082137:report[m [1m(post-unit-test)[m @ [36moak-parent[0;1m ---[m
[[1;34mINFO[m] Skipping JaCoCo execution because property jacoco.skip is set.
[[1;34mINFO[m] 
[[1;34mINFO[m] [1m--- [0;32mmaven-site-plugin:3.3:attach-descriptor[m [1m(attach-descriptor)[m @ [36moak-parent[0;1m ---[m
[[1;34mINFO[m] 
[[1;34mINFO[m] [1m--- [0;32mmaven-install-plugin:2.3.1:install[m [1m(default-install)[m @ [36moak-parent[0;1m ---[m
[[1;34mINFO[m] Installing /home/user/Reproducibility-Scanner/benchmarks/bugs-dot-jar/jackrabbit-oak/oak-parent/pom.xml to /home/user/.m2/repository/org/apache/jackrabbit/oak-parent/1.4-SNAPSHOT/oak-parent-1.4-SNAPSHOT.pom
[[1;34mINFO[m] 
[[1;34mINFO[m] [1m-----------------< [0;36morg.apache.jackrabbit:oak-commons[0;1m >------------------[m
[[1;34mINFO[m] [1mBuilding Oak Commons 1.4-SNAPSHOT                                 [2/23][m
[[1;34mINFO[m] [1m-------------------------------[ bundle ]-------------------------------[m
[[1;34mINFO[m] 
[[1;34mINFO[m] [1m--- [0;32mjacoco-maven-plugin:0.7.1.201405082137:prepare-agent[m [1m(pre-unit-test)[m @ [36moak-commons[0;1m ---[m
[[1;34mINFO[m] Skipping JaCoCo execution because property jacoco.skip is set.
[[1;34mINFO[m] test.opts.coverage set to empty
[[1;34mINFO[m] 
[[1;34mINFO[m] [1m--- [0;32mmaven-remote-resources-plugin:1.4:process[m [1m(default)[m @ [36moak-commons[0;1m ---[m
[[1;34mINFO[m] 
[[1;34mINFO[m] [1m--- [0;32mmaven-resources-plugin:2.6:resources[m [1m(default-resources)[m @ [36moak-commons[0;1m ---[m
[[1;34mINFO[m] Using 'UTF-8' encoding to copy filtered resources.
[[1;34mINFO[m] skip non existing resourceDirectory /home/user/Reproducibility-Scanner/benchmarks/bugs-dot-jar/jackrabbit-oak/oak-commons/src/main/resources
[[1;34mINFO[m] Copying 3 resources
[[1;34mINFO[m] 
[[1;34mINFO[m] [1m--- [0;32mmaven-compiler-plugin:2.5.1:compile[m [1m(default-compile)[m @ [36moak-commons[0;1m ---[m
[[1;34mINFO[m] Compiling 33 source files to /home/user/Reproducibility-Scanner/benchmarks/bugs-dot-jar/jackrabbit-oak/oak-commons/target/classes
[[1;34mINFO[m] 
[[1;34mINFO[m] [1m--- [0;32mmaven-resources-plugin:2.6:testResources[m [1m(default-testResources)[m @ [36moak-commons[0;1m ---[m
[[1;34mINFO[m] Using 'UTF-8' encoding to copy filtered resources.
[[1;34mINFO[m] Copying 4 resources
[[1;34mINFO[m] Copying 3 resources
[[1;34mINFO[m] 
[[1;34mINFO[m] [1m--- [0;32mmaven-compiler-plugin:2.5.1:testCompile[m [1m(default-testCompile)[m @ [36moak-commons[0;1m ---[m
[[1;34mINFO[m] Compiling 21 source files to /home/user/Reproducibility-Scanner/benchmarks/bugs-dot-jar/jackrabbit-oak/oak-commons/target/test-classes
[[1;34mINFO[m] 
[[1;34mINFO[m] [1m--- [0;32mmaven-surefire-plugin:2.12.4:test[m [1m(default-test)[m @ [36moak-commons[0;1m ---[m
[[1;34mINFO[m] Tests are skipped.
[[1;34mINFO[m] 
[[1;34mINFO[m] [1m--- [0;32mjacoco-maven-plugin:0.7.1.201405082137:report[m [1m(post-unit-test)[m @ [36moak-commons[0;1m ---[m
[[1;34mINFO[m] Skipping JaCoCo execution because property jacoco.skip is set.
[[1;34mINFO[m] 
[[1;34mINFO[m] [1m--- [0;32mmaven-bundle-plugin:2.5.3:bundle[m [1m(default-bundle)[m @ [36moak-commons[0;1m ---[m
[[1;34mINFO[m] 
[[1;34mINFO[m] [1m--- [0;32mmaven-site-plugin:3.3:attach-descriptor[m [1m(attach-descriptor)[m @ [36moak-commons[0;1m ---[m
[[1;34mINFO[m] 
[[1;34mINFO[m] [1m--- [0;32mmaven-jar-plugin:2.4:test-jar[m [1m(default)[m @ [36moak-commons[0;1m ---[m
[[1;34mINFO[m] Building jar: /home/user/Reproducibility-Scanner/benchmarks/bugs-dot-jar/jackrabbit-oak/oak-commons/target/oak-commons-1.4-SNAPSHOT-tests.jar
[[1;34mINFO[m] 
[[1;34mINFO[m] [1m--- [0;32mmaven-bundle-plugin:2.5.3:baseline[m [1m(baseline)[m @ [36moak-commons[0;1m ---[m
[[1;34mINFO[m] Skipping Baseline execution
[[1;34mINFO[m] 
[[1;34mINFO[m] [1m--- [0;32mmaven-install-plugin:2.3.1:install[m [1m(default-install)[m @ [36moak-commons[0;1m ---[m
[[1;34mINFO[m] Installing /home/user/Reproducibility-Scanner/benchmarks/bugs-dot-jar/jackrabbit-oak/oak-commons/target/oak-commons-1.4-SNAPSHOT.jar to /home/user/.m2/repository/org/apache/jackrabbit/oak-commons/1.4-SNAPSHOT/oak-commons-1.4-SNAPSHOT.jar
[[1;34mINFO[m] Installing /home/user/Reproducibility-Scanner/benchmarks/bugs-dot-jar/jackrabbit-oak/oak-commons/pom.xml to /home/user/.m2/repository/org/apache/jackrabbit/oak-commons/1.4-SNAPSHOT/oak-commons-1.4-SNAPSHOT.pom
[[1;34mINFO[m] Installing /home/user/Reproducibility-Scanner/benchmarks/bugs-dot-jar/jackrabbit-oak/oak-commons/target/oak-commons-1.4-SNAPSHOT-tests.jar to /home/user/.m2/repository/org/apache/jackrabbit/oak-commons/1.4-SNAPSHOT/oak-commons-1.4-SNAPSHOT-tests.jar
[[1;34mINFO[m] 
[[1;34mINFO[m] [1m--- [0;32mmaven-bundle-plugin:2.5.3:install[m [1m(default-install)[m @ [36moak-commons[0;1m ---[m
[[1;34mINFO[m] Local OBR update disabled (enable with -DobrRepository)
[[1;34mINFO[m] 
[[1;34mINFO[m] [1m-------------------< [0;36morg.apache.jackrabbit:oak-blob[0;1m >-------------------[m
[[1;34mINFO[m] [1mBuilding Oak Blob Store 1.4-SNAPSHOT                              [3/23][m
[[1;34mINFO[m] [1m-------------------------------[ bundle ]-------------------------------[m
[[1;34mINFO[m] 
[[1;34mINFO[m] [1m--- [0;32mjacoco-maven-plugin:0.7.1.201405082137:prepare-agent[m [1m(pre-unit-test)[m @ [36moak-blob[0;1m ---[m
[[1;34mINFO[m] Skipping JaCoCo execution because property jacoco.skip is set.
[[1;34mINFO[m] test.opts.coverage set to empty
[[1;34mINFO[m] 
[[1;34mINFO[m] [1m--- [0;32mmaven-remote-resources-plugin:1.4:process[m [1m(default)[m @ [36moak-blob[0;1m ---[m
[[1;34mINFO[m] 
[[1;34mINFO[m] [1m--- [0;32mmaven-resources-plugin:2.6:resources[m [1m(default-resources)[m @ [36moak-blob[0;1m ---[m
[[1;34mINFO[m] Using 'UTF-8' encoding to copy filtered resources.
[[1;34mINFO[m] skip non existing resourceDirectory /home/user/Reproducibility-Scanner/benchmarks/bugs-dot-jar/jackrabbit-oak/oak-blob/src/main/resources
[[1;34mINFO[m] Copying 3 resources
[[1;34mINFO[m] 
[[1;34mINFO[m] [1m--- [0;32mmaven-compiler-plugin:2.5.1:compile[m [1m(default-compile)[m @ [36moak-blob[0;1m ---[m
[[1;34mINFO[m] Compiling 14 source files to /home/user/Reproducibility-Scanner/benchmarks/bugs-dot-jar/jackrabbit-oak/oak-blob/target/classes
[[1;34mINFO[m] 
[[1;34mINFO[m] [1m--- [0;32mmaven-scr-plugin:1.16.0:scr[m [1m(generate-scr-scrdescriptor)[m @ [36moak-blob[0;1m ---[m
[[1;34mINFO[m] Writing 1 Service Component Descriptors to /home/user/Reproducibility-Scanner/benchmarks/bugs-dot-jar/jackrabbit-oak/oak-blob/target/classes/OSGI-INF/org.apache.jackrabbit.oak.spi.blob.osgi.FileBlobStoreService.xml
[[1;34mINFO[m] Writing 1 Service Component Descriptors to /home/user/Reproducibility-Scanner/benchmarks/bugs-dot-jar/jackrabbit-oak/oak-blob/target/classes/OSGI-INF/org.apache.jackrabbit.oak.spi.blob.osgi.SplitBlobStoreService.xml
[[1;34mINFO[m] 
[[1;34mINFO[m] [1m--- [0;32mmaven-resources-plugin:2.6:testResources[m [1m(default-testResources)[m @ [36moak-blob[0;1m ---[m
[[1;34mINFO[m] Using 'UTF-8' encoding to copy filtered resources.
[[1;34mINFO[m] Copying 1 resource
[[1;34mINFO[m] Copying 3 resources
[[1;34mINFO[m] 
[[1;34mINFO[m] [1m--- [0;32mmaven-compiler-plugin:2.5.1:testCompile[m [1m(default-testCompile)[m @ [36moak-blob[0;1m ---[m
[[1;34mINFO[m] Compiling 5 source files to /home/user/Reproducibility-Scanner/benchmarks/bugs-dot-jar/jackrabbit-oak/oak-blob/target/test-classes
[[1;34mINFO[m] 
[[1;34mINFO[m] [1m--- [0;32mmaven-surefire-plugin:2.12.4:test[m [1m(default-test)[m @ [36moak-blob[0;1m ---[m
[[1;34mINFO[m] Tests are skipped.
[[1;34mINFO[m] 
[[1;34mINFO[m] [1m--- [0;32mjacoco-maven-plugin:0.7.1.201405082137:report[m [1m(post-unit-test)[m @ [36moak-blob[0;1m ---[m
[[1;34mINFO[m] Skipping JaCoCo execution because property jacoco.skip is set.
[[1;34mINFO[m] 
[[1;34mINFO[m] [1m--- [0;32mmaven-bundle-plugin:2.5.3:bundle[m [1m(default-bundle)[m @ [36moak-blob[0;1m ---[m
[[1;34mINFO[m] 
[[1;34mINFO[m] [1m--- [0;32mmaven-site-plugin:3.3:attach-descriptor[m [1m(attach-descriptor)[m @ [36moak-blob[0;1m ---[m
[[1;34mINFO[m] 
[[1;34mINFO[m] [1m--- [0;32mmaven-jar-plugin:2.4:test-jar[m [1m(default)[m @ [36moak-blob[0;1m ---[m
[[1;34mINFO[m] Building jar: /home/user/Reproducibility-Scanner/benchmarks/bugs-dot-jar/jackrabbit-oak/oak-blob/target/oak-blob-1.4-SNAPSHOT-tests.jar
[[1;34mINFO[m] 
[[1;34mINFO[m] [1m--- [0;32mmaven-bundle-plugin:2.5.3:baseline[m [1m(baseline)[m @ [36moak-blob[0;1m ---[m
[[1;34mINFO[m] Skipping Baseline execution
[[1;34mINFO[m] 
[[1;34mINFO[m] [1m--- [0;32mmaven-install-plugin:2.3.1:install[m [1m(default-install)[m @ [36moak-blob[0;1m ---[m
[[1;34mINFO[m] Installing /home/user/Reproducibility-Scanner/benchmarks/bugs-dot-jar/jackrabbit-oak/oak-blob/target/oak-blob-1.4-SNAPSHOT.jar to /home/user/.m2/repository/org/apache/jackrabbit/oak-blob/1.4-SNAPSHOT/oak-blob-1.4-SNAPSHOT.jar
[[1;34mINFO[m] Installing /home/user/Reproducibility-Scanner/benchmarks/bugs-dot-jar/jackrabbit-oak/oak-blob/pom.xml to /home/user/.m2/repository/org/apache/jackrabbit/oak-blob/1.4-SNAPSHOT/oak-blob-1.4-SNAPSHOT.pom
[[1;34mINFO[m] Installing /home/user/Reproducibility-Scanner/benchmarks/bugs-dot-jar/jackrabbit-oak/oak-blob/target/oak-blob-1.4-SNAPSHOT-tests.jar to /home/user/.m2/repository/org/apache/jackrabbit/oak-blob/1.4-SNAPSHOT/oak-blob-1.4-SNAPSHOT-tests.jar
[[1;34mINFO[m] 
[[1;34mINFO[m] [1m--- [0;32mmaven-bundle-plugin:2.5.3:install[m [1m(default-install)[m @ [36moak-blob[0;1m ---[m
[[1;34mINFO[m] Local OBR update disabled (enable with -DobrRepository)
[[1;34mINFO[m] 
[[1;34mINFO[m] [1m----------------< [0;36morg.apache.jackrabbit:oak-blob-cloud[0;1m >----------------[m
[[1;34mINFO[m] [1mBuilding Oak Cloud Blob Store 1.4-SNAPSHOT                        [4/23][m
[[1;34mINFO[m] [1m-------------------------------[ bundle ]-------------------------------[m
Downloading from central: https://repo.maven.apache.org/maven2/org/apache/jackrabbit/jackrabbit-data/2.11.1/jackrabbit-data-2.11.1-tests.jar
Progress (1): 2.7/38 kBProgress (1): 5.5/38 kBProgress (1): 8.2/38 kBProgress (1): 11/38 kB Progress (1): 14/38 kBProgress (1): 16/38 kBProgress (1): 19/38 kBProgress (1): 21/38 kBProgress (1): 24/38 kBProgress (1): 27/38 kBProgress (1): 30/38 kBProgress (1): 32/38 kBProgress (1): 35/38 kBProgress (1): 38/38 kBProgress (1): 38 kB                      Downloaded from central: https://repo.maven.apache.org/maven2/org/apache/jackrabbit/jackrabbit-data/2.11.1/jackrabbit-data-2.11.1-tests.jar (38 kB at 70 kB/s)
[[1;34mINFO[m] 
[[1;34mINFO[m] [1m--- [0;32mjacoco-maven-plugin:0.7.1.201405082137:prepare-agent[m [1m(pre-unit-test)[m @ [36moak-blob-cloud[0;1m ---[m
[[1;34mINFO[m] Skipping JaCoCo execution because property jacoco.skip is set.
[[1;34mINFO[m] test.opts.coverage set to empty
[[1;34mINFO[m] 
[[1;34mINFO[m] [1m--- [0;32mmaven-remote-resources-plugin:1.4:process[m [1m(default)[m @ [36moak-blob-cloud[0;1m ---[m
[[1;34mINFO[m] 
[[1;34mINFO[m] [1m--- [0;32mmaven-resources-plugin:2.6:resources[m [1m(default-resources)[m @ [36moak-blob-cloud[0;1m ---[m
[[1;34mINFO[m] Using 'UTF-8' encoding to copy filtered resources.
[[1;34mINFO[m] skip non existing resourceDirectory /home/user/Reproducibility-Scanner/benchmarks/bugs-dot-jar/jackrabbit-oak/oak-blob-cloud/src/main/resources
[[1;34mINFO[m] Copying 3 resources
[[1;34mINFO[m] 
[[1;34mINFO[m] [1m--- [0;32mmaven-compiler-plugin:2.5.1:compile[m [1m(default-compile)[m @ [36moak-blob-cloud[0;1m ---[m
[[1;34mINFO[m] Compiling 6 source files to /home/user/Reproducibility-Scanner/benchmarks/bugs-dot-jar/jackrabbit-oak/oak-blob-cloud/target/classes
[[1;34mINFO[m] 
[[1;34mINFO[m] [1m--- [0;32mmaven-scr-plugin:1.16.0:scr[m [1m(generate-scr-scrdescriptor)[m @ [36moak-blob-cloud[0;1m ---[m
[[1;34mINFO[m] 
[[1;34mINFO[m] [1m--- [0;32mmaven-resources-plugin:2.6:testResources[m [1m(default-testResources)[m @ [36moak-blob-cloud[0;1m ---[m
[[1;34mINFO[m] Using 'UTF-8' encoding to copy filtered resources.
[[1;34mINFO[m] Copying 2 resources
[[1;34mINFO[m] Copying 3 resources
[[1;34mINFO[m] 
[[1;34mINFO[m] [1m--- [0;32mmaven-compiler-plugin:2.5.1:testCompile[m [1m(default-testCompile)[m @ [36moak-blob-cloud[0;1m ---[m
[[1;34mINFO[m] Compiling 7 source files to /home/user/Reproducibility-Scanner/benchmarks/bugs-dot-jar/jackrabbit-oak/oak-blob-cloud/target/test-classes
[[1;34mINFO[m] 
[[1;34mINFO[m] [1m--- [0;32mmaven-surefire-plugin:2.12.4:test[m [1m(default-test)[m @ [36moak-blob-cloud[0;1m ---[m
[[1;34mINFO[m] Tests are skipped.
[[1;34mINFO[m] 
[[1;34mINFO[m] [1m--- [0;32mjacoco-maven-plugin:0.7.1.201405082137:report[m [1m(post-unit-test)[m @ [36moak-blob-cloud[0;1m ---[m
[[1;34mINFO[m] Skipping JaCoCo execution because property jacoco.skip is set.
[[1;34mINFO[m] 
[[1;34mINFO[m] [1m--- [0;32mmaven-bundle-plugin:2.5.3:bundle[m [1m(default-bundle)[m @ [36moak-blob-cloud[0;1m ---[m
[[1;34mINFO[m] 
[[1;34mINFO[m] [1m--- [0;32mmaven-site-plugin:3.3:attach-descriptor[m [1m(attach-descriptor)[m @ [36moak-blob-cloud[0;1m ---[m
[[1;34mINFO[m] 
[[1;34mINFO[m] [1m--- [0;32mmaven-jar-plugin:2.4:test-jar[m [1m(default)[m @ [36moak-blob-cloud[0;1m ---[m
[[1;34mINFO[m] Building jar: /home/user/Reproducibility-Scanner/benchmarks/bugs-dot-jar/jackrabbit-oak/oak-blob-cloud/target/oak-blob-cloud-1.4-SNAPSHOT-tests.jar
[[1;34mINFO[m] 
[[1;34mINFO[m] [1m--- [0;32mmaven-bundle-plugin:2.5.3:baseline[m [1m(baseline)[m @ [36moak-blob-cloud[0;1m ---[m
[[1;34mINFO[m] Skipping Baseline execution
[[1;34mINFO[m] 
[[1;34mINFO[m] [1m--- [0;32mmaven-install-plugin:2.3.1:install[m [1m(default-install)[m @ [36moak-blob-cloud[0;1m ---[m
[[1;34mINFO[m] Installing /home/user/Reproducibility-Scanner/benchmarks/bugs-dot-jar/jackrabbit-oak/oak-blob-cloud/target/oak-blob-cloud-1.4-SNAPSHOT.jar to /home/user/.m2/repository/org/apache/jackrabbit/oak-blob-cloud/1.4-SNAPSHOT/oak-blob-cloud-1.4-SNAPSHOT.jar
[[1;34mINFO[m] Installing /home/user/Reproducibility-Scanner/benchmarks/bugs-dot-jar/jackrabbit-oak/oak-blob-cloud/pom.xml to /home/user/.m2/repository/org/apache/jackrabbit/oak-blob-cloud/1.4-SNAPSHOT/oak-blob-cloud-1.4-SNAPSHOT.pom
[[1;34mINFO[m] Installing /home/user/Reproducibility-Scanner/benchmarks/bugs-dot-jar/jackrabbit-oak/oak-blob-cloud/target/oak-blob-cloud-1.4-SNAPSHOT-tests.jar to /home/user/.m2/repository/org/apache/jackrabbit/oak-blob-cloud/1.4-SNAPSHOT/oak-blob-cloud-1.4-SNAPSHOT-tests.jar
[[1;34mINFO[m] 
[[1;34mINFO[m] [1m--- [0;32mmaven-bundle-plugin:2.5.3:install[m [1m(default-install)[m @ [36moak-blob-cloud[0;1m ---[m
[[1;34mINFO[m] Local OBR update disabled (enable with -DobrRepository)
[[1;34mINFO[m] 
[[1;34mINFO[m] [1m-------------------< [0;36morg.apache.jackrabbit:oak-core[0;1m >-------------------[m
[[1;34mINFO[m] [1mBuilding Oak Core 1.4-SNAPSHOT                                    [5/23][m
[[1;34mINFO[m] [1m-------------------------------[ bundle ]-------------------------------[m
Downloading from central: https://repo.maven.apache.org/maven2/org/apache/jackrabbit/jackrabbit-aws-ext/2.11.1/jackrabbit-aws-ext-2.11.1.pom
Progress (1): 2.7/4.6 kBProgress (1): 4.6 kB                        Downloaded from central: https://repo.maven.apache.org/maven2/org/apache/jackrabbit/jackrabbit-aws-ext/2.11.1/jackrabbit-aws-ext-2.11.1.pom (4.6 kB at 32 kB/s)
Downloading from central: https://repo.maven.apache.org/maven2/org/apache/jackrabbit/jackrabbit-aws-ext/2.11.1/jackrabbit-aws-ext-2.11.1.jar
Progress (1): 2.7/33 kBProgress (1): 5.5/33 kBProgress (1): 8.2/33 kBProgress (1): 11/33 kB Progress (1): 14/33 kBProgress (1): 16/33 kBProgress (1): 20/33 kBProgress (1): 24/33 kBProgress (1): 28/33 kBProgress (1): 32/33 kBProgress (1): 33 kB                      Downloaded from central: https://repo.maven.apache.org/maven2/org/apache/jackrabbit/jackrabbit-aws-ext/2.11.1/jackrabbit-aws-ext-2.11.1.jar (33 kB at 152 kB/s)
[[1;34mINFO[m] 
[[1;34mINFO[m] [1m--- [0;32mjacoco-maven-plugin:0.7.1.201405082137:prepare-agent[m [1m(pre-unit-test)[m @ [36moak-core[0;1m ---[m
[[1;34mINFO[m] Skipping JaCoCo execution because property jacoco.skip is set.
[[1;34mINFO[m] test.opts.coverage set to empty
[[1;34mINFO[m] 
[[1;34mINFO[m] [1m--- [0;32mmaven-remote-resources-plugin:1.4:process[m [1m(default)[m @ [36moak-core[0;1m ---[m
[[1;34mINFO[m] 
[[1;34mINFO[m] [1m--- [0;32mmaven-resources-plugin:2.6:resources[m [1m(default-resources)[m @ [36moak-core[0;1m ---[m
[[1;34mINFO[m] Using 'UTF-8' encoding to copy filtered resources.
[[1;34mINFO[m] Copying 3 resources
[[1;34mINFO[m] Copying 3 resources
[[1;34mINFO[m] 
[[1;34mINFO[m] [1m--- [0;32mmaven-compiler-plugin:2.5.1:compile[m [1m(default-compile)[m @ [36moak-core[0;1m ---[m
[[1;34mINFO[m] Compiling 920 source files to /home/user/Reproducibility-Scanner/benchmarks/bugs-dot-jar/jackrabbit-oak/oak-core/target/classes
[[1;34mINFO[m] 
[[1;34mINFO[m] [1m--- [0;32mmaven-scr-plugin:1.16.0:scr[m [1m(generate-scr-scrdescriptor)[m @ [36moak-core[0;1m ---[m
[[1;33mWARNING[m] /home/user/Reproducibility-Scanner/benchmarks/bugs-dot-jar/jackrabbit-oak/oak-core/src/main/java/org/apache/jackrabbit/oak/plugins/index/property/PropertyIndexEditorProvider.java [1:1]: Property type in class org.apache.jackrabbit.oak.plugins.index.property.PropertyIndexEditorProvider is set as private. This is redundant as no metatype will be generated.
[[1;34mINFO[m] Generating 1 MetaType Descriptors in /home/user/Reproducibility-Scanner/benchmarks/bugs-dot-jar/jackrabbit-oak/oak-core/target/classes/OSGI-INF/metatype/org.apache.jackrabbit.oak.security.authentication.AuthenticationConfigurationImpl.xml
[[1;34mINFO[m] Generating 1 MetaType Descriptors in /home/user/Reproducibility-Scanner/benchmarks/bugs-dot-jar/jackrabbit-oak/oak-core/target/classes/OSGI-INF/metatype/org.apache.jackrabbit.oak.security.authentication.token.TokenConfigurationImpl.xml
[[1;34mINFO[m] Generating 1 MetaType Descriptors in /home/user/Reproducibility-Scanner/benchmarks/bugs-dot-jar/jackrabbit-oak/oak-core/target/classes/OSGI-INF/metatype/org.apache.jackrabbit.oak.security.internal.SecurityProviderRegistration.xml
[[1;34mINFO[m] Generating 1 MetaType Descriptors in /home/user/Reproducibility-Scanner/benchmarks/bugs-dot-jar/jackrabbit-oak/oak-core/target/classes/OSGI-INF/metatype/org.apache.jackrabbit.oak.security.authorization.AuthorizationConfigurationImpl.xml
[[1;34mINFO[m] Generating 1 MetaType Descriptors in /home/user/Reproducibility-Scanner/benchmarks/bugs-dot-jar/jackrabbit-oak/oak-core/target/classes/OSGI-INF/metatype/org.apache.jackrabbit.oak.security.user.UserConfigurationImpl.xml
[[1;34mINFO[m] Generating 1 MetaType Descriptors in /home/user/Reproducibility-Scanner/benchmarks/bugs-dot-jar/jackrabbit-oak/oak-core/target/classes/OSGI-INF/metatype/org.apache.jackrabbit.oak.security.user.RandomAuthorizableNodeName.xml
[[1;34mINFO[m] Generating 1 MetaType Descriptors in /home/user/Reproducibility-Scanner/benchmarks/bugs-dot-jar/jackrabbit-oak/oak-core/target/classes/OSGI-INF/metatype/org.apache.jackrabbit.oak.spi.security.user.action.DefaultAuthorizableActionProvider.xml
[[1;34mINFO[m] Generating 1 MetaType Descriptors in /home/user/Reproducibility-Scanner/benchmarks/bugs-dot-jar/jackrabbit-oak/oak-core/target/classes/OSGI-INF/metatype/org.apache.jackrabbit.oak.plugins.blob.datastore.DataStoreTextProviderService.xml
[[1;34mINFO[m] Generating 1 MetaType Descriptors in /home/user/Reproducibility-Scanner/benchmarks/bugs-dot-jar/jackrabbit-oak/oak-core/target/classes/OSGI-INF/metatype/org.apache.jackrabbit.oak.plugins.document.DocumentNodeStoreService.xml
[[1;34mINFO[m] Generating 1 MetaType Descriptors in /home/user/Reproducibility-Scanner/benchmarks/bugs-dot-jar/jackrabbit-oak/oak-core/target/classes/OSGI-INF/metatype/org.apache.jackrabbit.oak.plugins.segment.SegmentNodeStoreService.xml
[[1;34mINFO[m] Writing 1 Service Component Descriptors to /home/user/Reproducibility-Scanner/benchmarks/bugs-dot-jar/jackrabbit-oak/oak-core/target/classes/OSGI-INF/org.apache.jackrabbit.oak.security.authentication.AuthenticationConfigurationImpl.xml
[[1;34mINFO[m] Writing 1 Service Component Descriptors to /home/user/Reproducibility-Scanner/benchmarks/bugs-dot-jar/jackrabbit-oak/oak-core/target/classes/OSGI-INF/org.apache.jackrabbit.oak.security.authentication.token.TokenConfigurationImpl.xml
[[1;34mINFO[m] Writing 1 Service Component Descriptors to /home/user/Reproducibility-Scanner/benchmarks/bugs-dot-jar/jackrabbit-oak/oak-core/target/classes/OSGI-INF/org.apache.jackrabbit.oak.security.privilege.PrivilegeConfigurationImpl.xml
[[1;34mINFO[m] Writing 1 Service Component Descriptors to /home/user/Reproducibility-Scanner/benchmarks/bugs-dot-jar/jackrabbit-oak/oak-core/target/classes/OSGI-INF/org.apache.jackrabbit.oak.security.internal.SecurityProviderRegistration.xml
[[1;34mINFO[m] Writing 1 Service Component Descriptors to /home/user/Reproducibility-Scanner/benchmarks/bugs-dot-jar/jackrabbit-oak/oak-core/target/classes/OSGI-INF/org.apache.jackrabbit.oak.security.principal.PrincipalConfigurationImpl.xml
[[1;34mINFO[m] Writing 1 Service Component Descriptors to /home/user/Reproducibility-Scanner/benchmarks/bugs-dot-jar/jackrabbit-oak/oak-core/target/classes/OSGI-INF/org.apache.jackrabbit.oak.security.authorization.AuthorizationConfigurationImpl.xml
[[1;34mINFO[m] Writing 1 Service Component Descriptors to /home/user/Reproducibility-Scanner/benchmarks/bugs-dot-jar/jackrabbit-oak/oak-core/target/classes/OSGI-INF/org.apache.jackrabbit.oak.security.authorization.restriction.RestrictionProviderImpl.xml
[[1;34mINFO[m] Writing 1 Service Component Descriptors to /home/user/Reproducibility-Scanner/benchmarks/bugs-dot-jar/jackrabbit-oak/oak-core/target/classes/OSGI-INF/org.apache.jackrabbit.oak.security.user.UserConfigurationImpl.xml
[[1;34mINFO[m] Writing 1 Service Component Descriptors to /home/user/Reproducibility-Scanner/benchmarks/bugs-dot-jar/jackrabbit-oak/oak-core/target/classes/OSGI-INF/org.apache.jackrabbit.oak.security.user.RandomAuthorizableNodeName.xml
[[1;34mINFO[m] Writing 1 Service Component Descriptors to /home/user/Reproducibility-Scanner/benchmarks/bugs-dot-jar/jackrabbit-oak/oak-core/target/classes/OSGI-INF/org.apache.jackrabbit.oak.security.user.UserAuthenticationFactoryImpl.xml
[[1;34mINFO[m] Writing 1 Service Component Descriptors to /home/user/Reproducibility-Scanner/benchmarks/bugs-dot-jar/jackrabbit-oak/oak-core/target/classes/OSGI-INF/org.apache.jackrabbit.oak.spi.security.user.action.DefaultAuthorizableActionProvider.xml
[[1;34mINFO[m] Writing 1 Service Component Descriptors to /home/user/Reproducibility-Scanner/benchmarks/bugs-dot-jar/jackrabbit-oak/oak-core/target/classes/OSGI-INF/org.apache.jackrabbit.oak.cache.ConsolidatedCacheStats.xml
[[1;34mINFO[m] Writing 1 Service Component Descriptors to /home/user/Reproducibility-Scanner/benchmarks/bugs-dot-jar/jackrabbit-oak/oak-core/target/classes/OSGI-INF/org.apache.jackrabbit.oak.plugins.commit.ConflictValidatorProvider.xml
[[1;34mINFO[m] Writing 1 Service Component Descriptors to /home/user/Reproducibility-Scanner/benchmarks/bugs-dot-jar/jackrabbit-oak/oak-core/target/classes/OSGI-INF/org.apache.jackrabbit.oak.plugins.index.counter.NodeCounterEditorProvider.xml
[[1;34mINFO[m] Writing 1 Service Component Descriptors to /home/user/Reproducibility-Scanner/benchmarks/bugs-dot-jar/jackrabbit-oak/oak-core/target/classes/OSGI-INF/org.apache.jackrabbit.oak.plugins.index.reference.ReferenceIndexProvider.xml
[[1;34mINFO[m] Writing 1 Service Component Descriptors to /home/user/Reproducibility-Scanner/benchmarks/bugs-dot-jar/jackrabbit-oak/oak-core/target/classes/OSGI-INF/org.apache.jackrabbit.oak.plugins.index.reference.ReferenceEditorProvider.xml
[[1;34mINFO[m] Writing 1 Service Component Descriptors to /home/user/Reproducibility-Scanner/benchmarks/bugs-dot-jar/jackrabbit-oak/oak-core/target/classes/OSGI-INF/org.apache.jackrabbit.oak.plugins.index.property.PropertyIndexEditorProvider.xml
[[1;34mINFO[m] Writing 1 Service Component Descriptors to /home/user/Reproducibility-Scanner/benchmarks/bugs-dot-jar/jackrabbit-oak/oak-core/target/classes/OSGI-INF/org.apache.jackrabbit.oak.plugins.index.property.PropertyIndexProvider.xml
[[1;34mINFO[m] Writing 1 Service Component Descriptors to /home/user/Reproducibility-Scanner/benchmarks/bugs-dot-jar/jackrabbit-oak/oak-core/target/classes/OSGI-INF/org.apache.jackrabbit.oak.plugins.index.property.OrderedPropertyIndexEditorProvider.xml
[[1;34mINFO[m] Writing 1 Service Component Descriptors to /home/user/Reproducibility-Scanner/benchmarks/bugs-dot-jar/jackrabbit-oak/oak-core/target/classes/OSGI-INF/org.apache.jackrabbit.oak.plugins.index.property.OrderedPropertyIndexProvider.xml
[[1;34mINFO[m] Writing 1 Service Component Descriptors to /home/user/Reproducibility-Scanner/benchmarks/bugs-dot-jar/jackrabbit-oak/oak-core/target/classes/OSGI-INF/org.apache.jackrabbit.oak.plugins.index.nodetype.NodeTypeIndexProvider.xml
[[1;34mINFO[m] Writing 1 Service Component Descriptors to /home/user/Reproducibility-Scanner/benchmarks/bugs-dot-jar/jackrabbit-oak/oak-core/target/classes/OSGI-INF/org.apache.jackrabbit.oak.plugins.nodetype.TypeEditorProvider.xml
[[1;34mINFO[m] Writing 1 Service Component Descriptors to /home/user/Reproducibility-Scanner/benchmarks/bugs-dot-jar/jackrabbit-oak/oak-core/target/classes/OSGI-INF/org.apache.jackrabbit.oak.plugins.blob.migration.BlobMigration.xml
[[1;34mINFO[m] Writing 1 Service Component Descriptors to /home/user/Reproducibility-Scanner/benchmarks/bugs-dot-jar/jackrabbit-oak/oak-core/target/classes/OSGI-INF/org.apache.jackrabbit.oak.plugins.blob.datastore.S3DataStoreService.xml
[[1;34mINFO[m] Writing 1 Service Component Descriptors to /home/user/Reproducibility-Scanner/benchmarks/bugs-dot-jar/jackrabbit-oak/oak-core/target/classes/OSGI-INF/org.apache.jackrabbit.oak.plugins.blob.datastore.CachingFDSService.xml
[[1;34mINFO[m] Writing 1 Service Component Descriptors to /home/user/Reproducibility-Scanner/benchmarks/bugs-dot-jar/jackrabbit-oak/oak-core/target/classes/OSGI-INF/org.apache.jackrabbit.oak.plugins.blob.datastore.DataStoreTextProviderService.xml
[[1;34mINFO[m] Writing 1 Service Component Descriptors to /home/user/Reproducibility-Scanner/benchmarks/bugs-dot-jar/jackrabbit-oak/oak-core/target/classes/OSGI-INF/org.apache.jackrabbit.oak.plugins.blob.datastore.SharedS3DataStoreService.xml
[[1;34mINFO[m] Writing 1 Service Component Descriptors to /home/user/Reproducibility-Scanner/benchmarks/bugs-dot-jar/jackrabbit-oak/oak-core/target/classes/OSGI-INF/org.apache.jackrabbit.oak.plugins.blob.datastore.FileDataStoreService.xml
[[1;34mINFO[m] Writing 1 Service Component Descriptors to /home/user/Reproducibility-Scanner/benchmarks/bugs-dot-jar/jackrabbit-oak/oak-core/target/classes/OSGI-INF/org.apache.jackrabbit.oak.plugins.blob.datastore.DbDataStoreService.xml
[[1;34mINFO[m] Writing 1 Service Component Descriptors to /home/user/Reproducibility-Scanner/benchmarks/bugs-dot-jar/jackrabbit-oak/oak-core/target/classes/OSGI-INF/org.apache.jackrabbit.oak.plugins.itemsave.ItemSaveValidatorProvider.xml
[[1;34mINFO[m] Writing 1 Service Component Descriptors to /home/user/Reproducibility-Scanner/benchmarks/bugs-dot-jar/jackrabbit-oak/oak-core/target/classes/OSGI-INF/org.apache.jackrabbit.oak.plugins.document.DocumentNodeStoreService.xml
[[1;34mINFO[m] Writing 1 Service Component Descriptors to /home/user/Reproducibility-Scanner/benchmarks/bugs-dot-jar/jackrabbit-oak/oak-core/target/classes/OSGI-INF/org.apache.jackrabbit.oak.plugins.document.DocumentDiscoveryLiteService.xml
[[1;34mINFO[m] Writing 1 Service Component Descriptors to /home/user/Reproducibility-Scanner/benchmarks/bugs-dot-jar/jackrabbit-oak/oak-core/target/classes/OSGI-INF/org.apache.jackrabbit.oak.plugins.version.VersionEditorProvider.xml
[[1;34mINFO[m] Writing 1 Service Component Descriptors to /home/user/Reproducibility-Scanner/benchmarks/bugs-dot-jar/jackrabbit-oak/oak-core/target/classes/OSGI-INF/org.apache.jackrabbit.oak.plugins.name.NamespaceEditorProvider.xml
[[1;34mINFO[m] Writing 1 Service Component Descriptors to /home/user/Reproducibility-Scanner/benchmarks/bugs-dot-jar/jackrabbit-oak/oak-core/target/classes/OSGI-INF/org.apache.jackrabbit.oak.plugins.name.NameValidatorProvider.xml
[[1;34mINFO[m] Writing 1 Service Component Descriptors to /home/user/Reproducibility-Scanner/benchmarks/bugs-dot-jar/jackrabbit-oak/oak-core/target/classes/OSGI-INF/org.apache.jackrabbit.oak.plugins.segment.SegmentDiscoveryLiteService.xml
[[1;34mINFO[m] Writing 1 Service Component Descriptors to /home/user/Reproducibility-Scanner/benchmarks/bugs-dot-jar/jackrabbit-oak/oak-core/target/classes/OSGI-INF/org.apache.jackrabbit.oak.plugins.segment.SegmentNodeStoreService.xml
[[1;34mINFO[m] Writing 1 Service Component Descriptors to /home/user/Reproducibility-Scanner/benchmarks/bugs-dot-jar/jackrabbit-oak/oak-core/target/classes/OSGI-INF/org.apache.jackrabbit.oak.plugins.atomic.AtomicCounterEditorProvider.xml
[[1;34mINFO[m] 
[[1;34mINFO[m] [1m--- [0;32mmaven-resources-plugin:2.6:testResources[m [1m(default-testResources)[m @ [36moak-core[0;1m ---[m
[[1;34mINFO[m] Using 'UTF-8' encoding to copy filtered resources.
[[1;34mINFO[m] Copying 12 resources
[[1;34mINFO[m] Copying 3 resources
[[1;34mINFO[m] 
[[1;34mINFO[m] [1m--- [0;32mmaven-compiler-plugin:2.5.1:testCompile[m [1m(default-testCompile)[m @ [36moak-core[0;1m ---[m
[[1;34mINFO[m] Compiling 438 source files to /home/user/Reproducibility-Scanner/benchmarks/bugs-dot-jar/jackrabbit-oak/oak-core/target/test-classes
[[1;34mINFO[m] 
[[1;34mINFO[m] [1m--- [0;32mmaven-surefire-plugin:2.12.4:test[m [1m(default-test)[m @ [36moak-core[0;1m ---[m
[[1;34mINFO[m] Tests are skipped.
[[1;34mINFO[m] 
[[1;34mINFO[m] [1m--- [0;32mjacoco-maven-plugin:0.7.1.201405082137:report[m [1m(post-unit-test)[m @ [36moak-core[0;1m ---[m
[[1;34mINFO[m] Skipping JaCoCo execution because property jacoco.skip is set.
[[1;34mINFO[m] 
[[1;34mINFO[m] [1m--- [0;32mmaven-bundle-plugin:2.5.3:bundle[m [1m(default-bundle)[m @ [36moak-core[0;1m ---[m
[[1;33mWARNING[m] Bundle org.apache.jackrabbit:oak-core:bundle:1.4-SNAPSHOT : Export org.apache.jackrabbit.oak.plugins.segment,  has 3,  private references [org.apache.jackrabbit.oak.plugins.segment.compaction, org.apache.jackrabbit.oak.plugins.blob, org.apache.jackrabbit.oak.cache], 
[[1;33mWARNING[m] Bundle org.apache.jackrabbit:oak-core:bundle:1.4-SNAPSHOT : Export org.apache.jackrabbit.oak.plugins.segment.file,  has 1,  private references [org.apache.jackrabbit.oak.plugins.segment.compaction], 
[[1;33mWARNING[m] Bundle org.apache.jackrabbit:oak-core:bundle:1.4-SNAPSHOT : Export org.apache.jackrabbit.oak.spi.query,  has 1,  private references [org.apache.jackrabbit.oak.query.ast], 
[[1;33mWARNING[m] Bundle org.apache.jackrabbit:oak-core:bundle:1.4-SNAPSHOT : Export org.apache.jackrabbit.oak.query,  has 3,  private references [org.apache.jackrabbit.oak.query.ast, org.apache.jackrabbit.oak.query.index, org.apache.jackrabbit.oak.query.plan], 
[[1;34mINFO[m] 
[[1;34mINFO[m] [1m--- [0;32mmaven-site-plugin:3.3:attach-descriptor[m [1m(attach-descriptor)[m @ [36moak-core[0;1m ---[m
[[1;34mINFO[m] 
[[1;34mINFO[m] [1m--- [0;32mmaven-jar-plugin:2.4:test-jar[m [1m(default)[m @ [36moak-core[0;1m ---[m
[[1;34mINFO[m] Building jar: /home/user/Reproducibility-Scanner/benchmarks/bugs-dot-jar/jackrabbit-oak/oak-core/target/oak-core-1.4-SNAPSHOT-tests.jar
[[1;34mINFO[m] 
[[1;34mINFO[m] [1m--- [0;32mmaven-bundle-plugin:2.5.3:baseline[m [1m(baseline)[m @ [36moak-core[0;1m ---[m
[[1;34mINFO[m] Skipping Baseline execution
[[1;34mINFO[m] 
[[1;34mINFO[m] [1m--- [0;32mmaven-install-plugin:2.3.1:install[m [1m(default-install)[m @ [36moak-core[0;1m ---[m
[[1;34mINFO[m] Installing /home/user/Reproducibility-Scanner/benchmarks/bugs-dot-jar/jackrabbit-oak/oak-core/target/oak-core-1.4-SNAPSHOT.jar to /home/user/.m2/repository/org/apache/jackrabbit/oak-core/1.4-SNAPSHOT/oak-core-1.4-SNAPSHOT.jar
[[1;34mINFO[m] Installing /home/user/Reproducibility-Scanner/benchmarks/bugs-dot-jar/jackrabbit-oak/oak-core/pom.xml to /home/user/.m2/repository/org/apache/jackrabbit/oak-core/1.4-SNAPSHOT/oak-core-1.4-SNAPSHOT.pom
[[1;34mINFO[m] Installing /home/user/Reproducibility-Scanner/benchmarks/bugs-dot-jar/jackrabbit-oak/oak-core/target/oak-core-1.4-SNAPSHOT-tests.jar to /home/user/.m2/repository/org/apache/jackrabbit/oak-core/1.4-SNAPSHOT/oak-core-1.4-SNAPSHOT-tests.jar
[[1;34mINFO[m] 
[[1;34mINFO[m] [1m--- [0;32mmaven-bundle-plugin:2.5.3:install[m [1m(default-install)[m @ [36moak-core[0;1m ---[m
[[1;34mINFO[m] Local OBR update disabled (enable with -DobrRepository)
[[1;34mINFO[m] 
[[1;34mINFO[m] [1m-------------------< [0;36morg.apache.jackrabbit:oak-jcr[0;1m >--------------------[m
[[1;34mINFO[m] [1mBuilding Oak JCR Binding 1.4-SNAPSHOT                             [6/23][m
[[1;34mINFO[m] [1m-------------------------------[ bundle ]-------------------------------[m
Downloading from central: https://repo.maven.apache.org/maven2/org/apache/jackrabbit/jackrabbit-jcr-tests/2.11.1/jackrabbit-jcr-tests-2.11.1.pom
Progress (1): 2.5 kB                    Downloaded from central: https://repo.maven.apache.org/maven2/org/apache/jackrabbit/jackrabbit-jcr-tests/2.11.1/jackrabbit-jcr-tests-2.11.1.pom (2.5 kB at 17 kB/s)
Downloading from central: https://repo.maven.apache.org/maven2/org/apache/jackrabbit/jackrabbit-jcr-server/2.11.1/jackrabbit-jcr-server-2.11.1.pom
Progress (1): 4.1/8.6 kBProgress (1): 8.2/8.6 kBProgress (1): 8.6 kB                        Downloaded from central: https://repo.maven.apache.org/maven2/org/apache/jackrabbit/jackrabbit-jcr-server/2.11.1/jackrabbit-jcr-server-2.11.1.pom (8.6 kB at 59 kB/s)
Downloading from central: https://repo.maven.apache.org/maven2/org/apache/jackrabbit/jackrabbit-webdav/2.11.1/jackrabbit-webdav-2.11.1.pom
Progress (1): 4.1/4.9 kBProgress (1): 4.9 kB                        Downloaded from central: https://repo.maven.apache.org/maven2/org/apache/jackrabbit/jackrabbit-webdav/2.11.1/jackrabbit-webdav-2.11.1.pom (4.9 kB at 32 kB/s)
Downloading from central: https://repo.maven.apache.org/maven2/org/apache/jackrabbit/jackrabbit-jcr-tests/2.11.1/jackrabbit-jcr-tests-2.11.1.jar
Downloading from central: https://repo.maven.apache.org/maven2/org/apache/jackrabbit/jackrabbit-jcr-server/2.11.1/jackrabbit-jcr-server-2.11.1.jar
Downloading from central: https://repo.maven.apache.org/maven2/org/apache/jackrabbit/jackrabbit-webdav/2.11.1/jackrabbit-webdav-2.11.1.jar
Downloading from central: https://repo.maven.apache.org/maven2/org/apache/jackrabbit/jackrabbit-core/2.11.1/jackrabbit-core-2.11.1-tests.jar
Progress (1): 8.2/852 kBProgress (1): 16/852 kB Progress (1): 24/852 kBProgress (1): 32/852 kBProgress (1): 40/852 kBProgress (1): 49/852 kBProgress (1): 57/852 kBProgress (1): 65/852 kBProgress (2): 65/852 kB | 0/1.2 MBProgress (2): 73/852 kB | 0/1.2 MBProgress (2): 81/852 kB | 0/1.2 MBProgress (2): 81/852 kB | 0/1.2 MBProgress (2): 90/852 kB | 0/1.2 MBProgress (2): 98/852 kB | 0/1.2 MBProgress (2): 98/852 kB | 0/1.2 MBProgress (3): 98/852 kB | 0/1.2 MB | 2.7/368 kBProgress (3): 106/852 kB | 0/1.2 MB | 2.7/368 kBProgress (4): 106/852 kB | 0/1.2 MB | 2.7/368 kB | 2.7/330 kBProgress (4): 106/852 kB | 0/1.2 MB | 5.5/368 kB | 2.7/330 kBProgress (4): 106/852 kB | 0/1.2 MB | 5.5/368 kB | 5.5/330 kBProgress (4): 114/852 kB | 0/1.2 MB | 5.5/368 kB | 5.5/330 kBProgress (4): 114/852 kB | 0/1.2 MB | 5.5/368 kB | 5.5/330 kBProgress (4): 114/852 kB | 0/1.2 MB | 5.5/368 kB | 8.2/330 kBProgress (4): 114/852 kB | 0/1.2 MB | 8.2/368 kB | 8.2/330 kBProgress (4): 114/852 kB | 0/1.2 MB | 8.2/368 kB | 11/330 kB Progress (4): 114/852 kB | 0/1.2 MB | 8.2/368 kB | 11/330 kBProgress (4): 122/852 kB | 0/1.2 MB | 8.2/368 kB | 11/330 kBProgress (4): 122/852 kB | 0/1.2 MB | 8.2/368 kB | 14/330 kBProgress (4): 122/852 kB | 0/1.2 MB | 11/368 kB | 14/330 kB Progress (4): 122/852 kB | 0/1.2 MB | 11/368 kB | 16/330 kBProgress (4): 122/852 kB | 0/1.2 MB | 11/368 kB | 16/330 kBProgress (4): 131/852 kB | 0/1.2 MB | 11/368 kB | 16/330 kBProgress (4): 131/852 kB | 0/1.2 MB | 11/368 kB | 19/330 kBProgress (4): 131/852 kB | 0/1.2 MB | 14/368 kB | 19/330 kBProgress (4): 139/852 kB | 0/1.2 MB | 14/368 kB | 19/330 kBProgress (4): 139/852 kB | 0/1.2 MB | 16/368 kB | 19/330 kBProgress (4): 139/852 kB | 0/1.2 MB | 16/368 kB | 21/330 kBProgress (4): 139/852 kB | 0/1.2 MB | 16/368 kB | 21/330 kBProgress (4): 139/852 kB | 0/1.2 MB | 16/368 kB | 24/330 kBProgress (4): 139/852 kB | 0/1.2 MB | 19/368 kB | 24/330 kBProgress (4): 147/852 kB | 0/1.2 MB | 19/368 kB | 24/330 kBProgress (4): 147/852 kB | 0/1.2 MB | 21/368 kB | 24/330 kBProgress (4): 147/852 kB | 0/1.2 MB | 21/368 kB | 24/330 kBProgress (4): 147/852 kB | 0/1.2 MB | 21/368 kB | 27/330 kBProgress (4): 147/852 kB | 0/1.2 MB | 24/368 kB | 27/330 kBProgress (4): 155/852 kB | 0/1.2 MB | 24/368 kB | 27/330 kBProgress (4): 155/852 kB | 0/1.2 MB | 27/368 kB | 27/330 kBProgress (4): 155/852 kB | 0/1.2 MB | 27/368 kB | 30/330 kBProgress (4): 155/852 kB | 0/1.2 MB | 27/368 kB | 30/330 kBProgress (4): 155/852 kB | 0/1.2 MB | 27/368 kB | 32/330 kBProgress (4): 155/852 kB | 0/1.2 MB | 27/368 kB | 32/330 kBProgress (4): 155/852 kB | 0/1.2 MB | 30/368 kB | 32/330 kBProgress (4): 155/852 kB | 0/1.2 MB | 30/368 kB | 32/330 kBProgress (4): 155/852 kB | 0/1.2 MB | 32/368 kB | 32/330 kBProgress (4): 163/852 kB | 0/1.2 MB | 32/368 kB | 32/330 kBProgress (4): 163/852 kB | 0.1/1.2 MB | 32/368 kB | 32/330 kBProgress (4): 163/852 kB | 0.1/1.2 MB | 32/368 kB | 35/330 kBProgress (4): 163/852 kB | 0.1/1.2 MB | 32/368 kB | 35/330 kBProgress (4): 163/852 kB | 0.1/1.2 MB | 35/368 kB | 35/330 kBProgress (4): 163/852 kB | 0.1/1.2 MB | 35/368 kB | 38/330 kBProgress (4): 171/852 kB | 0.1/1.2 MB | 35/368 kB | 38/330 kBProgress (4): 171/852 kB | 0.1/1.2 MB | 35/368 kB | 38/330 kBProgress (4): 171/852 kB | 0.1/1.2 MB | 38/368 kB | 38/330 kBProgress (4): 171/852 kB | 0.1/1.2 MB | 38/368 kB | 38/330 kBProgress (4): 180/852 kB | 0.1/1.2 MB | 38/368 kB | 38/330 kBProgress (4): 180/852 kB | 0.1/1.2 MB | 38/368 kB | 40/330 kBProgress (4): 180/852 kB | 0.1/1.2 MB | 38/368 kB | 40/330 kBProgress (4): 180/852 kB | 0.1/1.2 MB | 40/368 kB | 40/330 kBProgress (4): 180/852 kB | 0.1/1.2 MB | 40/368 kB | 43/330 kBProgress (4): 180/852 kB | 0.1/1.2 MB | 40/368 kB | 43/330 kBProgress (4): 188/852 kB | 0.1/1.2 MB | 40/368 kB | 43/330 kBProgress (4): 188/852 kB | 0.1/1.2 MB | 40/368 kB | 46/330 kBProgress (4): 188/852 kB | 0.1/1.2 MB | 43/368 kB | 46/330 kBProgress (4): 188/852 kB | 0.1/1.2 MB | 43/368 kB | 49/330 kBProgress (4): 188/852 kB | 0.1/1.2 MB | 43/368 kB | 49/330 kBProgress (4): 196/852 kB | 0.1/1.2 MB | 43/368 kB | 49/330 kBProgress (4): 196/852 kB | 0.1/1.2 MB | 43/368 kB | 49/330 kBProgress (4): 196/852 kB | 0.1/1.2 MB | 46/368 kB | 49/330 kBProgress (4): 196/852 kB | 0.1/1.2 MB | 46/368 kB | 53/330 kBProgress (4): 196/852 kB | 0.1/1.2 MB | 46/368 kB | 57/330 kBProgress (4): 196/852 kB | 0.1/1.2 MB | 46/368 kB | 57/330 kBProgress (4): 196/852 kB | 0.1/1.2 MB | 49/368 kB | 57/330 kBProgress (4): 196/852 kB | 0.1/1.2 MB | 49/368 kB | 57/330 kBProgress (4): 204/852 kB | 0.1/1.2 MB | 49/368 kB | 57/330 kBProgress (4): 204/852 kB | 0.1/1.2 MB | 49/368 kB | 61/330 kBProgress (4): 212/852 kB | 0.1/1.2 MB | 49/368 kB | 61/330 kBProgress (4): 212/852 kB | 0.1/1.2 MB | 49/368 kB | 65/330 kBProgress (4): 212/852 kB | 0.1/1.2 MB | 53/368 kB | 65/330 kBProgress (4): 212/852 kB | 0.1/1.2 MB | 53/368 kB | 65/330 kBProgress (4): 212/852 kB | 0.1/1.2 MB | 57/368 kB | 65/330 kBProgress (4): 212/852 kB | 0.1/1.2 MB | 57/368 kB | 65/330 kBProgress (4): 221/852 kB | 0.1/1.2 MB | 57/368 kB | 65/330 kBProgress (4): 221/852 kB | 0.1/1.2 MB | 61/368 kB | 65/330 kBProgress (4): 229/852 kB | 0.1/1.2 MB | 61/368 kB | 65/330 kBProgress (4): 229/852 kB | 0.1/1.2 MB | 61/368 kB | 69/330 kBProgress (4): 229/852 kB | 0.1/1.2 MB | 65/368 kB | 69/330 kBProgress (4): 229/852 kB | 0.2/1.2 MB | 65/368 kB | 69/330 kBProgress (4): 229/852 kB | 0.2/1.2 MB | 65/368 kB | 73/330 kBProgress (4): 229/852 kB | 0.2/1.2 MB | 65/368 kB | 73/330 kBProgress (4): 229/852 kB | 0.2/1.2 MB | 65/368 kB | 77/330 kBProgress (4): 237/852 kB | 0.2/1.2 MB | 65/368 kB | 77/330 kBProgress (4): 237/852 kB | 0.2/1.2 MB | 69/368 kB | 77/330 kBProgress (4): 237/852 kB | 0.2/1.2 MB | 69/368 kB | 81/330 kBProgress (4): 237/852 kB | 0.2/1.2 MB | 73/368 kB | 81/330 kBProgress (4): 237/852 kB | 0.2/1.2 MB | 73/368 kB | 81/330 kBProgress (4): 245/852 kB | 0.2/1.2 MB | 73/368 kB | 81/330 kBProgress (4): 245/852 kB | 0.2/1.2 MB | 73/368 kB | 81/330 kBProgress (4): 245/852 kB | 0.2/1.2 MB | 77/368 kB | 81/330 kBProgress (4): 245/852 kB | 0.2/1.2 MB | 77/368 kB | 85/330 kBProgress (4): 245/852 kB | 0.2/1.2 MB | 81/368 kB | 85/330 kBProgress (4): 245/852 kB | 0.2/1.2 MB | 81/368 kB | 90/330 kBProgress (4): 245/852 kB | 0.2/1.2 MB | 81/368 kB | 90/330 kBProgress (4): 245/852 kB | 0.2/1.2 MB | 81/368 kB | 94/330 kBProgress (4): 245/852 kB | 0.2/1.2 MB | 81/368 kB | 94/330 kBProgress (4): 253/852 kB | 0.2/1.2 MB | 81/368 kB | 94/330 kBProgress (4): 253/852 kB | 0.2/1.2 MB | 85/368 kB | 94/330 kBProgress (4): 253/852 kB | 0.2/1.2 MB | 85/368 kB | 98/330 kBProgress (4): 253/852 kB | 0.2/1.2 MB | 90/368 kB | 98/330 kBProgress (4): 262/852 kB | 0.2/1.2 MB | 90/368 kB | 98/330 kBProgress (4): 262/852 kB | 0.2/1.2 MB | 94/368 kB | 98/330 kBProgress (4): 262/852 kB | 0.2/1.2 MB | 94/368 kB | 98/330 kBProgress (4): 262/852 kB | 0.2/1.2 MB | 94/368 kB | 102/330 kBProgress (4): 262/852 kB | 0.2/1.2 MB | 98/368 kB | 102/330 kBProgress (4): 270/852 kB | 0.2/1.2 MB | 98/368 kB | 102/330 kBProgress (4): 270/852 kB | 0.2/1.2 MB | 98/368 kB | 106/330 kBProgress (4): 270/852 kB | 0.2/1.2 MB | 98/368 kB | 106/330 kBProgress (4): 270/852 kB | 0.2/1.2 MB | 98/368 kB | 110/330 kBProgress (4): 278/852 kB | 0.2/1.2 MB | 98/368 kB | 110/330 kBProgress (4): 278/852 kB | 0.2/1.2 MB | 98/368 kB | 114/330 kBProgress (4): 278/852 kB | 0.2/1.2 MB | 102/368 kB | 114/330 kBProgress (4): 278/852 kB | 0.2/1.2 MB | 106/368 kB | 114/330 kBProgress (4): 278/852 kB | 0.2/1.2 MB | 106/368 kB | 114/330 kBProgress (4): 278/852 kB | 0.2/1.2 MB | 110/368 kB | 114/330 kBProgress (4): 278/852 kB | 0.2/1.2 MB | 110/368 kB | 114/330 kBProgress (4): 286/852 kB | 0.2/1.2 MB | 110/368 kB | 114/330 kBProgress (4): 286/852 kB | 0.2/1.2 MB | 114/368 kB | 114/330 kBProgress (4): 286/852 kB | 0.2/1.2 MB | 114/368 kB | 118/330 kBProgress (4): 294/852 kB | 0.2/1.2 MB | 114/368 kB | 118/330 kBProgress (4): 294/852 kB | 0.2/1.2 MB | 114/368 kB | 122/330 kBProgress (4): 294/852 kB | 0.2/1.2 MB | 118/368 kB | 122/330 kBProgress (4): 294/852 kB | 0.2/1.2 MB | 118/368 kB | 122/330 kBProgress (4): 294/852 kB | 0.2/1.2 MB | 118/368 kB | 126/330 kBProgress (4): 294/852 kB | 0.2/1.2 MB | 118/368 kB | 126/330 kBProgress (4): 294/852 kB | 0.2/1.2 MB | 122/368 kB | 126/330 kBProgress (4): 294/852 kB | 0.2/1.2 MB | 122/368 kB | 131/330 kBProgress (4): 303/852 kB | 0.2/1.2 MB | 122/368 kB | 131/330 kBProgress (4): 303/852 kB | 0.2/1.2 MB | 126/368 kB | 131/330 kBProgress (4): 311/852 kB | 0.2/1.2 MB | 126/368 kB | 131/330 kBProgress (4): 311/852 kB | 0.2/1.2 MB | 131/368 kB | 131/330 kBProgress (4): 311/852 kB | 0.3/1.2 MB | 131/368 kB | 131/330 kBProgress (4): 311/852 kB | 0.3/1.2 MB | 131/368 kB | 135/330 kBProgress (4): 311/852 kB | 0.3/1.2 MB | 131/368 kB | 135/330 kBProgress (4): 311/852 kB | 0.3/1.2 MB | 131/368 kB | 139/330 kBProgress (4): 319/852 kB | 0.3/1.2 MB | 131/368 kB | 139/330 kBProgress (4): 319/852 kB | 0.3/1.2 MB | 135/368 kB | 139/330 kBProgress (4): 327/852 kB | 0.3/1.2 MB | 135/368 kB | 139/330 kBProgress (4): 327/852 kB | 0.3/1.2 MB | 135/368 kB | 143/330 kBProgress (4): 327/852 kB | 0.3/1.2 MB | 139/368 kB | 143/330 kBProgress (4): 327/852 kB | 0.3/1.2 MB | 139/368 kB | 143/330 kBProgress (4): 327/852 kB | 0.3/1.2 MB | 139/368 kB | 147/330 kBProgress (4): 327/852 kB | 0.3/1.2 MB | 139/368 kB | 147/330 kBProgress (4): 327/852 kB | 0.3/1.2 MB | 143/368 kB | 147/330 kBProgress (4): 335/852 kB | 0.3/1.2 MB | 143/368 kB | 147/330 kBProgress (4): 335/852 kB | 0.3/1.2 MB | 147/368 kB | 147/330 kBProgress (4): 343/852 kB | 0.3/1.2 MB | 147/368 kB | 147/330 kBProgress (4): 343/852 kB | 0.3/1.2 MB | 147/368 kB | 151/330 kBProgress (4): 343/852 kB | 0.3/1.2 MB | 147/368 kB | 155/330 kBProgress (4): 343/852 kB | 0.3/1.2 MB | 147/368 kB | 155/330 kBProgress (4): 343/852 kB | 0.3/1.2 MB | 147/368 kB | 159/330 kBProgress (4): 343/852 kB | 0.3/1.2 MB | 151/368 kB | 159/330 kBProgress (4): 343/852 kB | 0.3/1.2 MB | 151/368 kB | 163/330 kBProgress (4): 343/852 kB | 0.3/1.2 MB | 151/368 kB | 163/330 kBProgress (4): 352/852 kB | 0.3/1.2 MB | 151/368 kB | 163/330 kBProgress (4): 352/852 kB | 0.3/1.2 MB | 155/368 kB | 163/330 kBProgress (4): 360/852 kB | 0.3/1.2 MB | 155/368 kB | 163/330 kBProgress (4): 360/852 kB | 0.3/1.2 MB | 159/368 kB | 163/330 kBProgress (4): 360/852 kB | 0.3/1.2 MB | 159/368 kB | 163/330 kBProgress (4): 360/852 kB | 0.3/1.2 MB | 163/368 kB | 163/330 kBProgress (4): 360/852 kB | 0.3/1.2 MB | 163/368 kB | 163/330 kBProgress (4): 360/852 kB | 0.3/1.2 MB | 163/368 kB | 167/330 kBProgress (4): 368/852 kB | 0.3/1.2 MB | 163/368 kB | 167/330 kBProgress (4): 368/852 kB | 0.3/1.2 MB | 163/368 kB | 171/330 kBProgress (4): 376/852 kB | 0.3/1.2 MB | 163/368 kB | 171/330 kBProgress (4): 376/852 kB | 0.3/1.2 MB | 163/368 kB | 171/330 kBProgress (4): 376/852 kB | 0.3/1.2 MB | 167/368 kB | 171/330 kBProgress (4): 376/852 kB | 0.3/1.2 MB | 167/368 kB | 171/330 kBProgress (4): 376/852 kB | 0.3/1.2 MB | 167/368 kB | 176/330 kBProgress (4): 376/852 kB | 0.3/1.2 MB | 171/368 kB | 176/330 kBProgress (4): 384/852 kB | 0.3/1.2 MB | 171/368 kB | 176/330 kBProgress (4): 384/852 kB | 0.3/1.2 MB | 171/368 kB | 180/330 kBProgress (4): 393/852 kB | 0.3/1.2 MB | 171/368 kB | 180/330 kBProgress (4): 393/852 kB | 0.3/1.2 MB | 176/368 kB | 180/330 kBProgress (4): 393/852 kB | 0.3/1.2 MB | 176/368 kB | 180/330 kBProgress (4): 393/852 kB | 0.3/1.2 MB | 180/368 kB | 180/330 kBProgress (4): 393/852 kB | 0.3/1.2 MB | 180/368 kB | 180/330 kBProgress (4): 393/852 kB | 0.3/1.2 MB | 180/368 kB | 184/330 kBProgress (4): 401/852 kB | 0.3/1.2 MB | 180/368 kB | 184/330 kBProgress (4): 401/852 kB | 0.3/1.2 MB | 180/368 kB | 188/330 kBProgress (4): 409/852 kB | 0.3/1.2 MB | 180/368 kB | 188/330 kBProgress (4): 409/852 kB | 0.3/1.2 MB | 184/368 kB | 188/330 kBProgress (4): 409/852 kB | 0.3/1.2 MB | 184/368 kB | 192/330 kBProgress (4): 409/852 kB | 0.3/1.2 MB | 188/368 kB | 192/330 kBProgress (4): 409/852 kB | 0.4/1.2 MB | 188/368 kB | 192/330 kBProgress (4): 417/852 kB | 0.4/1.2 MB | 188/368 kB | 192/330 kBProgress (4): 417/852 kB | 0.4/1.2 MB | 192/368 kB | 192/330 kBProgress (4): 417/852 kB | 0.4/1.2 MB | 192/368 kB | 196/330 kBProgress (4): 417/852 kB | 0.4/1.2 MB | 196/368 kB | 196/330 kBProgress (4): 425/852 kB | 0.4/1.2 MB | 196/368 kB | 196/330 kBProgress (4): 425/852 kB | 0.4/1.2 MB | 196/368 kB | 196/330 kBProgress (4): 425/852 kB | 0.4/1.2 MB | 196/368 kB | 200/330 kBProgress (4): 434/852 kB | 0.4/1.2 MB | 196/368 kB | 200/330 kBProgress (4): 434/852 kB | 0.4/1.2 MB | 200/368 kB | 200/330 kBProgress (4): 442/852 kB | 0.4/1.2 MB | 200/368 kB | 200/330 kBProgress (4): 442/852 kB | 0.4/1.2 MB | 200/368 kB | 204/330 kBProgress (4): 442/852 kB | 0.4/1.2 MB | 200/368 kB | 204/330 kBProgress (4): 442/852 kB | 0.4/1.2 MB | 204/368 kB | 204/330 kBProgress (4): 442/852 kB | 0.4/1.2 MB | 204/368 kB | 204/330 kBProgress (4): 442/852 kB | 0.4/1.2 MB | 204/368 kB | 208/330 kBProgress (4): 442/852 kB | 0.4/1.2 MB | 208/368 kB | 208/330 kBProgress (4): 450/852 kB | 0.4/1.2 MB | 208/368 kB | 208/330 kBProgress (4): 450/852 kB | 0.4/1.2 MB | 212/368 kB | 208/330 kBProgress (4): 450/852 kB | 0.4/1.2 MB | 212/368 kB | 212/330 kBProgress (4): 450/852 kB | 0.4/1.2 MB | 212/368 kB | 212/330 kBProgress (4): 458/852 kB | 0.4/1.2 MB | 212/368 kB | 212/330 kBProgress (4): 458/852 kB | 0.4/1.2 MB | 217/368 kB | 212/330 kBProgress (4): 458/852 kB | 0.4/1.2 MB | 217/368 kB | 212/330 kBProgress (4): 458/852 kB | 0.4/1.2 MB | 217/368 kB | 217/330 kBProgress (4): 458/852 kB | 0.4/1.2 MB | 221/368 kB | 217/330 kBProgress (4): 458/852 kB | 0.4/1.2 MB | 221/368 kB | 221/330 kBProgress (4): 458/852 kB | 0.4/1.2 MB | 225/368 kB | 221/330 kBProgress (4): 458/852 kB | 0.4/1.2 MB | 225/368 kB | 225/330 kBProgress (4): 458/852 kB | 0.4/1.2 MB | 229/368 kB | 225/330 kBProgress (4): 466/852 kB | 0.4/1.2 MB | 229/368 kB | 225/330 kBProgress (4): 466/852 kB | 0.4/1.2 MB | 229/368 kB | 229/330 kBProgress (4): 466/852 kB | 0.4/1.2 MB | 229/368 kB | 229/330 kBProgress (4): 475/852 kB | 0.4/1.2 MB | 229/368 kB | 229/330 kBProgress (4): 475/852 kB | 0.4/1.2 MB | 233/368 kB | 229/330 kBProgress (4): 475/852 kB | 0.4/1.2 MB | 233/368 kB | 233/330 kBProgress (4): 475/852 kB | 0.4/1.2 MB | 233/368 kB | 233/330 kBProgress (4): 475/852 kB | 0.4/1.2 MB | 233/368 kB | 237/330 kBProgress (4): 475/852 kB | 0.4/1.2 MB | 237/368 kB | 237/330 kBProgress (4): 475/852 kB | 0.4/1.2 MB | 237/368 kB | 241/330 kBProgress (4): 475/852 kB | 0.4/1.2 MB | 241/368 kB | 241/330 kBProgress (4): 475/852 kB | 0.4/1.2 MB | 241/368 kB | 245/330 kBProgress (4): 475/852 kB | 0.4/1.2 MB | 245/368 kB | 245/330 kBProgress (4): 475/852 kB | 0.4/1.2 MB | 245/368 kB | 245/330 kBProgress (4): 483/852 kB | 0.4/1.2 MB | 245/368 kB | 245/330 kBProgress (4): 483/852 kB | 0.4/1.2 MB | 249/368 kB | 245/330 kBProgress (4): 483/852 kB | 0.4/1.2 MB | 249/368 kB | 245/330 kBProgress (4): 491/852 kB | 0.4/1.2 MB | 249/368 kB | 245/330 kBProgress (4): 491/852 kB | 0.4/1.2 MB | 253/368 kB | 245/330 kBProgress (4): 491/852 kB | 0.4/1.2 MB | 253/368 kB | 249/330 kBProgress (4): 491/852 kB | 0.4/1.2 MB | 258/368 kB | 249/330 kBProgress (4): 491/852 kB | 0.4/1.2 MB | 258/368 kB | 253/330 kBProgress (4): 491/852 kB | 0.4/1.2 MB | 258/368 kB | 253/330 kBProgress (4): 491/852 kB | 0.4/1.2 MB | 262/368 kB | 253/330 kBProgress (4): 491/852 kB | 0.4/1.2 MB | 262/368 kB | 253/330 kBProgress (4): 491/852 kB | 0.4/1.2 MB | 262/368 kB | 258/330 kBProgress (4): 499/852 kB | 0.4/1.2 MB | 262/368 kB | 258/330 kBProgress (4): 499/852 kB | 0.4/1.2 MB | 266/368 kB | 258/330 kBProgress (4): 499/852 kB | 0.4/1.2 MB | 266/368 kB | 262/330 kBProgress (4): 499/852 kB | 0.4/1.2 MB | 270/368 kB | 262/330 kBProgress (4): 507/852 kB | 0.4/1.2 MB | 270/368 kB | 262/330 kBProgress (4): 507/852 kB | 0.4/1.2 MB | 274/368 kB | 262/330 kBProgress (4): 507/852 kB | 0.4/1.2 MB | 274/368 kB | 262/330 kBProgress (4): 507/852 kB | 0.4/1.2 MB | 278/368 kB | 262/330 kBProgress (4): 507/852 kB | 0.4/1.2 MB | 278/368 kB | 266/330 kBProgress (4): 507/852 kB | 0.5/1.2 MB | 278/368 kB | 266/330 kBProgress (4): 507/852 kB | 0.5/1.2 MB | 278/368 kB | 270/330 kBProgress (4): 507/852 kB | 0.5/1.2 MB | 278/368 kB | 274/330 kBProgress (4): 515/852 kB | 0.5/1.2 MB | 278/368 kB | 274/330 kBProgress (4): 515/852 kB | 0.5/1.2 MB | 282/368 kB | 274/330 kBProgress (4): 515/852 kB | 0.5/1.2 MB | 282/368 kB | 274/330 kBProgress (4): 524/852 kB | 0.5/1.2 MB | 282/368 kB | 274/330 kBProgress (4): 524/852 kB | 0.5/1.2 MB | 282/368 kB | 278/330 kBProgress (4): 524/852 kB | 0.5/1.2 MB | 282/368 kB | 278/330 kBProgress (4): 524/852 kB | 0.5/1.2 MB | 286/368 kB | 278/330 kBProgress (4): 524/852 kB | 0.5/1.2 MB | 290/368 kB | 278/330 kBProgress (4): 524/852 kB | 0.5/1.2 MB | 294/368 kB | 278/330 kBProgress (4): 532/852 kB | 0.5/1.2 MB | 294/368 kB | 278/330 kBProgress (4): 532/852 kB | 0.5/1.2 MB | 294/368 kB | 278/330 kBProgress (4): 532/852 kB | 0.5/1.2 MB | 294/368 kB | 282/330 kBProgress (4): 532/852 kB | 0.5/1.2 MB | 294/368 kB | 282/330 kBProgress (4): 540/852 kB | 0.5/1.2 MB | 294/368 kB | 282/330 kBProgress (4): 540/852 kB | 0.5/1.2 MB | 294/368 kB | 286/330 kBProgress (4): 540/852 kB | 0.5/1.2 MB | 298/368 kB | 286/330 kBProgress (4): 540/852 kB | 0.5/1.2 MB | 298/368 kB | 290/330 kBProgress (4): 540/852 kB | 0.5/1.2 MB | 298/368 kB | 290/330 kBProgress (4): 540/852 kB | 0.5/1.2 MB | 303/368 kB | 290/330 kBProgress (4): 540/852 kB | 0.5/1.2 MB | 303/368 kB | 290/330 kBProgress (4): 540/852 kB | 0.5/1.2 MB | 303/368 kB | 294/330 kBProgress (4): 540/852 kB | 0.5/1.2 MB | 307/368 kB | 294/330 kBProgress (4): 548/852 kB | 0.5/1.2 MB | 307/368 kB | 294/330 kBProgress (4): 548/852 kB | 0.5/1.2 MB | 311/368 kB | 294/330 kBProgress (4): 548/852 kB | 0.5/1.2 MB | 311/368 kB | 294/330 kBProgress (4): 556/852 kB | 0.5/1.2 MB | 311/368 kB | 294/330 kBProgress (4): 556/852 kB | 0.5/1.2 MB | 311/368 kB | 294/330 kBProgress (4): 556/852 kB | 0.5/1.2 MB | 311/368 kB | 298/330 kBProgress (4): 556/852 kB | 0.5/1.2 MB | 315/368 kB | 298/330 kBProgress (4): 556/852 kB | 0.5/1.2 MB | 315/368 kB | 303/330 kBProgress (4): 556/852 kB | 0.5/1.2 MB | 319/368 kB | 303/330 kBProgress (4): 556/852 kB | 0.5/1.2 MB | 319/368 kB | 307/330 kBProgress (4): 556/852 kB | 0.5/1.2 MB | 319/368 kB | 307/330 kBProgress (4): 556/852 kB | 0.5/1.2 MB | 319/368 kB | 311/330 kBProgress (4): 556/852 kB | 0.5/1.2 MB | 323/368 kB | 311/330 kBProgress (4): 556/852 kB | 0.5/1.2 MB | 323/368 kB | 311/330 kBProgress (4): 565/852 kB | 0.5/1.2 MB | 323/368 kB | 311/330 kBProgress (4): 565/852 kB | 0.5/1.2 MB | 327/368 kB | 311/330 kBProgress (4): 565/852 kB | 0.5/1.2 MB | 327/368 kB | 315/330 kBProgress (4): 565/852 kB | 0.5/1.2 MB | 327/368 kB | 315/330 kBProgress (4): 573/852 kB | 0.5/1.2 MB | 327/368 kB | 315/330 kBProgress (4): 573/852 kB | 0.5/1.2 MB | 331/368 kB | 315/330 kBProgress (4): 573/852 kB | 0.6/1.2 MB | 331/368 kB | 315/330 kBProgress (4): 573/852 kB | 0.6/1.2 MB | 331/368 kB | 319/330 kBProgress (4): 573/852 kB | 0.6/1.2 MB | 335/368 kB | 319/330 kBProgress (4): 573/852 kB | 0.6/1.2 MB | 335/368 kB | 323/330 kBProgress (4): 573/852 kB | 0.6/1.2 MB | 339/368 kB | 323/330 kBProgress (4): 573/852 kB | 0.6/1.2 MB | 339/368 kB | 327/330 kBProgress (4): 573/852 kB | 0.6/1.2 MB | 343/368 kB | 327/330 kBProgress (4): 573/852 kB | 0.6/1.2 MB | 343/368 kB | 327/330 kBProgress (4): 573/852 kB | 0.6/1.2 MB | 343/368 kB | 330 kB    Progress (4): 581/852 kB | 0.6/1.2 MB | 343/368 kB | 330 kBProgress (4): 581/852 kB | 0.6/1.2 MB | 348/368 kB | 330 kBProgress (4): 581/852 kB | 0.6/1.2 MB | 348/368 kB | 330 kBProgress (4): 581/852 kB | 0.6/1.2 MB | 352/368 kB | 330 kBProgress (4): 589/852 kB | 0.6/1.2 MB | 352/368 kB | 330 kBProgress (4): 589/852 kB | 0.6/1.2 MB | 356/368 kB | 330 kBProgress (4): 589/852 kB | 0.6/1.2 MB | 360/368 kB | 330 kBProgress (4): 589/852 kB | 0.6/1.2 MB | 360/368 kB | 330 kBProgress (4): 589/852 kB | 0.6/1.2 MB | 360/368 kB | 330 kBProgress (4): 589/852 kB | 0.6/1.2 MB | 364/368 kB | 330 kBProgress (4): 589/852 kB | 0.6/1.2 MB | 368 kB | 330 kB    Progress (4): 597/852 kB | 0.6/1.2 MB | 368 kB | 330 kBProgress (4): 597/852 kB | 0.6/1.2 MB | 368 kB | 330 kBProgress (4): 606/852 kB | 0.6/1.2 MB | 368 kB | 330 kBProgress (4): 606/852 kB | 0.6/1.2 MB | 368 kB | 330 kBProgress (4): 606/852 kB | 0.6/1.2 MB | 368 kB | 330 kBProgress (4): 606/852 kB | 0.6/1.2 MB | 368 kB | 330 kBProgress (4): 614/852 kB | 0.6/1.2 MB | 368 kB | 330 kBProgress (4): 622/852 kB | 0.6/1.2 MB | 368 kB | 330 kBProgress (4): 622/852 kB | 0.6/1.2 MB | 368 kB | 330 kBProgress (4): 622/852 kB | 0.6/1.2 MB | 368 kB | 330 kBProgress (4): 630/852 kB | 0.6/1.2 MB | 368 kB | 330 kBProgress (4): 630/852 kB | 0.6/1.2 MB | 368 kB | 330 kBProgress (4): 638/852 kB | 0.6/1.2 MB | 368 kB | 330 kBProgress (4): 638/852 kB | 0.7/1.2 MB | 368 kB | 330 kBProgress (4): 647/852 kB | 0.7/1.2 MB | 368 kB | 330 kBProgress (4): 647/852 kB | 0.7/1.2 MB | 368 kB | 330 kBProgress (4): 655/852 kB | 0.7/1.2 MB | 368 kB | 330 kBProgress (4): 655/852 kB | 0.7/1.2 MB | 368 kB | 330 kBProgress (4): 655/852 kB | 0.7/1.2 MB | 368 kB | 330 kBProgress (4): 663/852 kB | 0.7/1.2 MB | 368 kB | 330 kBProgress (4): 663/852 kB | 0.7/1.2 MB | 368 kB | 330 kBProgress (4): 671/852 kB | 0.7/1.2 MB | 368 kB | 330 kBProgress (4): 671/852 kB | 0.7/1.2 MB | 368 kB | 330 kBProgress (4): 671/852 kB | 0.7/1.2 MB | 368 kB | 330 kBProgress (4): 679/852 kB | 0.7/1.2 MB | 368 kB | 330 kBProgress (4): 688/852 kB | 0.7/1.2 MB | 368 kB | 330 kBProgress (4): 688/852 kB | 0.7/1.2 MB | 368 kB | 330 kBProgress (4): 688/852 kB | 0.7/1.2 MB | 368 kB | 330 kBProgress (4): 688/852 kB | 0.7/1.2 MB | 368 kB | 330 kBProgress (4): 696/852 kB | 0.7/1.2 MB | 368 kB | 330 kBProgress (4): 704/852 kB | 0.7/1.2 MB | 368 kB | 330 kBProgress (4): 704/852 kB | 0.7/1.2 MB | 368 kB | 330 kBProgress (4): 704/852 kB | 0.7/1.2 MB | 368 kB | 330 kBProgress (4): 712/852 kB | 0.7/1.2 MB | 368 kB | 330 kBProgress (4): 712/852 kB | 0.8/1.2 MB | 368 kB | 330 kBProgress (4): 720/852 kB | 0.8/1.2 MB | 368 kB | 330 kBProgress (4): 720/852 kB | 0.8/1.2 MB | 368 kB | 330 kBProgress (4): 720/852 kB | 0.8/1.2 MB | 368 kB | 330 kBProgress (4): 728/852 kB | 0.8/1.2 MB | 368 kB | 330 kBProgress (4): 728/852 kB | 0.8/1.2 MB | 368 kB | 330 kBProgress (4): 737/852 kB | 0.8/1.2 MB | 368 kB | 330 kBProgress (4): 737/852 kB | 0.8/1.2 MB | 368 kB | 330 kBProgress (4): 737/852 kB | 0.8/1.2 MB | 368 kB | 330 kBProgress (4): 745/852 kB | 0.8/1.2 MB | 368 kB | 330 kBProgress (4): 753/852 kB | 0.8/1.2 MB | 368 kB | 330 kBProgress (4): 753/852 kB | 0.8/1.2 MB | 368 kB | 330 kBProgress (4): 753/852 kB | 0.8/1.2 MB | 368 kB | 330 kBProgress (4): 761/852 kB | 0.8/1.2 MB | 368 kB | 330 kBProgress (4): 761/852 kB | 0.8/1.2 MB | 368 kB | 330 kBProgress (4): 769/852 kB | 0.8/1.2 MB | 368 kB | 330 kBProgress (4): 769/852 kB | 0.8/1.2 MB | 368 kB | 330 kBProgress (4): 769/852 kB | 0.8/1.2 MB | 368 kB | 330 kBProgress (4): 778/852 kB | 0.8/1.2 MB | 368 kB | 330 kBProgress (4): 778/852 kB | 0.8/1.2 MB | 368 kB | 330 kBProgress (4): 786/852 kB | 0.8/1.2 MB | 368 kB | 330 kBProgress (4): 786/852 kB | 0.9/1.2 MB | 368 kB | 330 kBProgress (4): 786/852 kB | 0.9/1.2 MB | 368 kB | 330 kBProgress (4): 794/852 kB | 0.9/1.2 MB | 368 kB | 330 kBProgress (4): 802/852 kB | 0.9/1.2 MB | 368 kB | 330 kBProgress (4): 802/852 kB | 0.9/1.2 MB | 368 kB | 330 kBProgress (4): 802/852 kB | 0.9/1.2 MB | 368 kB | 330 kBProgress (4): 810/852 kB | 0.9/1.2 MB | 368 kB | 330 kBProgress (4): 810/852 kB | 0.9/1.2 MB | 368 kB | 330 kBProgress (4): 819/852 kB | 0.9/1.2 MB | 368 kB | 330 kBProgress (4): 819/852 kB | 0.9/1.2 MB | 368 kB | 330 kBProgress (4): 819/852 kB | 0.9/1.2 MB | 368 kB | 330 kBProgress (4): 827/852 kB | 0.9/1.2 MB | 368 kB | 330 kBProgress (4): 827/852 kB | 0.9/1.2 MB | 368 kB | 330 kBProgress (4): 835/852 kB | 0.9/1.2 MB | 368 kB | 330 kBProgress (4): 835/852 kB | 0.9/1.2 MB | 368 kB | 330 kBProgress (4): 835/852 kB | 0.9/1.2 MB | 368 kB | 330 kBProgress (4): 843/852 kB | 0.9/1.2 MB | 368 kB | 330 kBProgress (4): 851/852 kB | 0.9/1.2 MB | 368 kB | 330 kBProgress (4): 851/852 kB | 0.9/1.2 MB | 368 kB | 330 kBProgress (4): 852 kB | 0.9/1.2 MB | 368 kB | 330 kB    Progress (4): 852 kB | 0.9/1.2 MB | 368 kB | 330 kBProgress (4): 852 kB | 0.9/1.2 MB | 368 kB | 330 kBProgress (4): 852 kB | 1.0/1.2 MB | 368 kB | 330 kBProgress (4): 852 kB | 1.0/1.2 MB | 368 kB | 330 kBProgress (4): 852 kB | 1.0/1.2 MB | 368 kB | 330 kBProgress (4): 852 kB | 1.0/1.2 MB | 368 kB | 330 kBProgress (4): 852 kB | 1.0/1.2 MB | 368 kB | 330 kBProgress (4): 852 kB | 1.0/1.2 MB | 368 kB | 330 kBProgress (4): 852 kB | 1.0/1.2 MB | 368 kB | 330 kBProgress (4): 852 kB | 1.0/1.2 MB | 368 kB | 330 kBProgress (4): 852 kB | 1.0/1.2 MB | 368 kB | 330 kBProgress (4): 852 kB | 1.0/1.2 MB | 368 kB | 330 kBProgress (4): 852 kB | 1.0/1.2 MB | 368 kB | 330 kBProgress (4): 852 kB | 1.0/1.2 MB | 368 kB | 330 kBProgress (4): 852 kB | 1.1/1.2 MB | 368 kB | 330 kBProgress (4): 852 kB | 1.1/1.2 MB | 368 kB | 330 kBProgress (4): 852 kB | 1.1/1.2 MB | 368 kB | 330 kBProgress (4): 852 kB | 1.1/1.2 MB | 368 kB | 330 kBProgress (4): 852 kB | 1.1/1.2 MB | 368 kB | 330 kBProgress (4): 852 kB | 1.1/1.2 MB | 368 kB | 330 kBProgress (4): 852 kB | 1.1/1.2 MB | 368 kB | 330 kBProgress (4): 852 kB | 1.1/1.2 MB | 368 kB | 330 kBProgress (4): 852 kB | 1.1/1.2 MB | 368 kB | 330 kBProgress (4): 852 kB | 1.1/1.2 MB | 368 kB | 330 kBProgress (4): 852 kB | 1.1/1.2 MB | 368 kB | 330 kBProgress (4): 852 kB | 1.1/1.2 MB | 368 kB | 330 kBProgress (4): 852 kB | 1.2/1.2 MB | 368 kB | 330 kBProgress (4): 852 kB | 1.2/1.2 MB | 368 kB | 330 kBProgress (4): 852 kB | 1.2/1.2 MB | 368 kB | 330 kBProgress (4): 852 kB | 1.2/1.2 MB | 368 kB | 330 kBProgress (4): 852 kB | 1.2/1.2 MB | 368 kB | 330 kBProgress (4): 852 kB | 1.2/1.2 MB | 368 kB | 330 kBProgress (4): 852 kB | 1.2/1.2 MB | 368 kB | 330 kBProgress (4): 852 kB | 1.2/1.2 MB | 368 kB | 330 kBProgress (4): 852 kB | 1.2 MB | 368 kB | 330 kB                                                   Downloaded from central: https://repo.maven.apache.org/maven2/org/apache/jackrabbit/jackrabbit-webdav/2.11.1/jackrabbit-webdav-2.11.1.jar (330 kB at 759 kB/s)
Downloaded from central: https://repo.maven.apache.org/maven2/org/apache/jackrabbit/jackrabbit-jcr-server/2.11.1/jackrabbit-jcr-server-2.11.1.jar (368 kB at 829 kB/s)
Downloaded from central: https://repo.maven.apache.org/maven2/org/apache/jackrabbit/jackrabbit-jcr-tests/2.11.1/jackrabbit-jcr-tests-2.11.1.jar (852 kB at 1.8 MB/s)
Downloaded from central: https://repo.maven.apache.org/maven2/org/apache/jackrabbit/jackrabbit-core/2.11.1/jackrabbit-core-2.11.1-tests.jar (1.2 MB at 2.3 MB/s)
[[1;34mINFO[m] 
[[1;34mINFO[m] [1m--- [0;32mjacoco-maven-plugin:0.7.1.201405082137:prepare-agent[m [1m(pre-unit-test)[m @ [36moak-jcr[0;1m ---[m
[[1;34mINFO[m] Skipping JaCoCo execution because property jacoco.skip is set.
[[1;34mINFO[m] test.opts.coverage set to empty
[[1;34mINFO[m] 
[[1;34mINFO[m] [1m--- [0;32mmaven-remote-resources-plugin:1.4:process[m [1m(default)[m @ [36moak-jcr[0;1m ---[m
[[1;34mINFO[m] 
[[1;34mINFO[m] [1m--- [0;32mmaven-resources-plugin:2.6:resources[m [1m(default-resources)[m @ [36moak-jcr[0;1m ---[m
[[1;34mINFO[m] Using 'UTF-8' encoding to copy filtered resources.
[[1;34mINFO[m] Copying 1 resource
[[1;34mINFO[m] Copying 3 resources
[[1;34mINFO[m] 
[[1;34mINFO[m] [1m--- [0;32mmaven-compiler-plugin:2.5.1:compile[m [1m(default-compile)[m @ [36moak-jcr[0;1m ---[m
[[1;34mINFO[m] Compiling 104 source files to /home/user/Reproducibility-Scanner/benchmarks/bugs-dot-jar/jackrabbit-oak/oak-jcr/target/classes
[[1;34mINFO[m] 
[[1;34mINFO[m] [1m--- [0;32mmaven-scr-plugin:1.16.0:scr[m [1m(generate-scr-scrdescriptor)[m @ [36moak-jcr[0;1m ---[m
[[1;34mINFO[m] Writing 1 Service Component Descriptors to /home/user/Reproducibility-Scanner/benchmarks/bugs-dot-jar/jackrabbit-oak/oak-jcr/target/classes/OSGI-INF/org.apache.jackrabbit.oak.jcr.osgi.RepositoryManager.xml
[[1;34mINFO[m] Writing 1 Service Component Descriptors to /home/user/Reproducibility-Scanner/benchmarks/bugs-dot-jar/jackrabbit-oak/oak-jcr/target/classes/OSGI-INF/org.apache.jackrabbit.oak.jcr.observation.ConsolidatedListenerMBeanImpl.xml
[[1;34mINFO[m] 
[[1;34mINFO[m] [1m--- [0;32mmaven-resources-plugin:2.6:testResources[m [1m(default-testResources)[m @ [36moak-jcr[0;1m ---[m
[[1;34mINFO[m] Using 'UTF-8' encoding to copy filtered resources.
[[1;34mINFO[m] Copying 8 resources
[[1;34mINFO[m] Copying 3 resources
[[1;34mINFO[m] 
[[1;34mINFO[m] [1m--- [0;32mmaven-compiler-plugin:2.5.1:testCompile[m [1m(default-testCompile)[m @ [36moak-jcr[0;1m ---[m
[[1;34mINFO[m] Compiling 167 source files to /home/user/Reproducibility-Scanner/benchmarks/bugs-dot-jar/jackrabbit-oak/oak-jcr/target/test-classes
[[1;34mINFO[m] 
[[1;34mINFO[m] [1m--- [0;32mmaven-surefire-plugin:2.12.4:test[m [1m(default-test)[m @ [36moak-jcr[0;1m ---[m
[[1;34mINFO[m] Tests are skipped.
[[1;34mINFO[m] 
[[1;34mINFO[m] [1m--- [0;32mjacoco-maven-plugin:0.7.1.201405082137:report[m [1m(post-unit-test)[m @ [36moak-jcr[0;1m ---[m
[[1;34mINFO[m] Skipping JaCoCo execution because property jacoco.skip is set.
[[1;34mINFO[m] 
[[1;34mINFO[m] [1m--- [0;32mmaven-bundle-plugin:2.5.3:bundle[m [1m(default-bundle)[m @ [36moak-jcr[0;1m ---[m
[[1;34mINFO[m] 
[[1;34mINFO[m] [1m--- [0;32mmaven-site-plugin:3.3:attach-descriptor[m [1m(attach-descriptor)[m @ [36moak-jcr[0;1m ---[m
[[1;34mINFO[m] 
[[1;34mINFO[m] [1m--- [0;32mmaven-jar-plugin:2.4:test-jar[m [1m(default)[m @ [36moak-jcr[0;1m ---[m
[[1;34mINFO[m] Building jar: /home/user/Reproducibility-Scanner/benchmarks/bugs-dot-jar/jackrabbit-oak/oak-jcr/target/oak-jcr-1.4-SNAPSHOT-tests.jar
[[1;34mINFO[m] 
[[1;34mINFO[m] [1m--- [0;32mmaven-bundle-plugin:2.5.3:baseline[m [1m(baseline)[m @ [36moak-jcr[0;1m ---[m
[[1;34mINFO[m] Skipping Baseline execution
[[1;34mINFO[m] 
[[1;34mINFO[m] [1m--- [0;32mmaven-install-plugin:2.3.1:install[m [1m(default-install)[m @ [36moak-jcr[0;1m ---[m
[[1;34mINFO[m] Installing /home/user/Reproducibility-Scanner/benchmarks/bugs-dot-jar/jackrabbit-oak/oak-jcr/target/oak-jcr-1.4-SNAPSHOT.jar to /home/user/.m2/repository/org/apache/jackrabbit/oak-jcr/1.4-SNAPSHOT/oak-jcr-1.4-SNAPSHOT.jar
[[1;34mINFO[m] Installing /home/user/Reproducibility-Scanner/benchmarks/bugs-dot-jar/jackrabbit-oak/oak-jcr/pom.xml to /home/user/.m2/repository/org/apache/jackrabbit/oak-jcr/1.4-SNAPSHOT/oak-jcr-1.4-SNAPSHOT.pom
[[1;34mINFO[m] Installing /home/user/Reproducibility-Scanner/benchmarks/bugs-dot-jar/jackrabbit-oak/oak-jcr/target/oak-jcr-1.4-SNAPSHOT-tests.jar to /home/user/.m2/repository/org/apache/jackrabbit/oak-jcr/1.4-SNAPSHOT/oak-jcr-1.4-SNAPSHOT-tests.jar
[[1;34mINFO[m] 
[[1;34mINFO[m] [1m--- [0;32mmaven-bundle-plugin:2.5.3:install[m [1m(default-install)[m @ [36moak-jcr[0;1m ---[m
[[1;34mINFO[m] Local OBR update disabled (enable with -DobrRepository)
[[1;34mINFO[m] 
[[1;34mINFO[m] [1m-----------------< [0;36morg.apache.jackrabbit:oak-upgrade[0;1m >------------------[m
[[1;34mINFO[m] [1mBuilding Oak upgrade 1.4-SNAPSHOT                                 [7/23][m
[[1;34mINFO[m] [1m--------------------------------[ jar ]---------------------------------[m
[[1;34mINFO[m] 
[[1;34mINFO[m] [1m--- [0;32mjacoco-maven-plugin:0.7.1.201405082137:prepare-agent[m [1m(pre-unit-test)[m @ [36moak-upgrade[0;1m ---[m
[[1;34mINFO[m] Skipping JaCoCo execution because property jacoco.skip is set.
[[1;34mINFO[m] test.opts.coverage set to empty
[[1;34mINFO[m] 
[[1;34mINFO[m] [1m--- [0;32mmaven-remote-resources-plugin:1.4:process[m [1m(default)[m @ [36moak-upgrade[0;1m ---[m
[[1;34mINFO[m] 
[[1;34mINFO[m] [1m--- [0;32mmaven-resources-plugin:2.6:resources[m [1m(default-resources)[m @ [36moak-upgrade[0;1m ---[m
[[1;34mINFO[m] Using 'UTF-8' encoding to copy filtered resources.
[[1;34mINFO[m] Copying 2 resources
[[1;34mINFO[m] Copying 3 resources
[[1;34mINFO[m] 
[[1;34mINFO[m] [1m--- [0;32mmaven-compiler-plugin:2.5.1:compile[m [1m(default-compile)[m @ [36moak-upgrade[0;1m ---[m
[[1;34mINFO[m] Compiling 44 source files to /home/user/Reproducibility-Scanner/benchmarks/bugs-dot-jar/jackrabbit-oak/oak-upgrade/target/classes
[[1;34mINFO[m] 
[[1;34mINFO[m] [1m--- [0;32mmaven-resources-plugin:2.6:testResources[m [1m(default-testResources)[m @ [36moak-upgrade[0;1m ---[m
[[1;34mINFO[m] Using 'UTF-8' encoding to copy filtered resources.
[[1;34mINFO[m] Copying 6 resources
[[1;34mINFO[m] Copying 3 resources
[[1;34mINFO[m] 
[[1;34mINFO[m] [1m--- [0;32mmaven-compiler-plugin:2.5.1:testCompile[m [1m(default-testCompile)[m @ [36moak-upgrade[0;1m ---[m
[[1;34mINFO[m] Compiling 47 source files to /home/user/Reproducibility-Scanner/benchmarks/bugs-dot-jar/jackrabbit-oak/oak-upgrade/target/test-classes
[[1;34mINFO[m] 
[[1;34mINFO[m] [1m--- [0;32mmaven-surefire-plugin:2.12.4:test[m [1m(default-test)[m @ [36moak-upgrade[0;1m ---[m
[[1;34mINFO[m] Tests are skipped.
[[1;34mINFO[m] 
[[1;34mINFO[m] [1m--- [0;32mjacoco-maven-plugin:0.7.1.201405082137:report[m [1m(post-unit-test)[m @ [36moak-upgrade[0;1m ---[m
[[1;34mINFO[m] Skipping JaCoCo execution because property jacoco.skip is set.
[[1;34mINFO[m] 
[[1;34mINFO[m] [1m--- [0;32mmaven-jar-plugin:2.4:jar[m [1m(default-jar)[m @ [36moak-upgrade[0;1m ---[m
[[1;34mINFO[m] Building jar: /home/user/Reproducibility-Scanner/benchmarks/bugs-dot-jar/jackrabbit-oak/oak-upgrade/target/oak-upgrade-1.4-SNAPSHOT.jar
[[1;34mINFO[m] 
[[1;34mINFO[m] [1m--- [0;32mmaven-site-plugin:3.3:attach-descriptor[m [1m(attach-descriptor)[m @ [36moak-upgrade[0;1m ---[m
[[1;34mINFO[m] 
[[1;34mINFO[m] [1m--- [0;32mmaven-shade-plugin:1.6:shade[m [1m(default)[m @ [36moak-upgrade[0;1m ---[m
[[1;34mINFO[m] Including org.apache.jackrabbit:oak-blob-cloud:jar:1.4-SNAPSHOT in the shaded jar.
[[1;34mINFO[m] Including javax.jcr:jcr:jar:2.0 in the shaded jar.
[[1;34mINFO[m] Including org.apache.jackrabbit:jackrabbit-jcr-commons:jar:2.11.1 in the shaded jar.
[[1;34mINFO[m] Including org.apache.jackrabbit:jackrabbit-data:jar:2.11.1 in the shaded jar.
[[1;34mINFO[m] Including com.amazonaws:aws-java-sdk:jar:1.9.11 in the shaded jar.
[[1;34mINFO[m] Including com.amazonaws:aws-java-sdk-support:jar:1.9.11 in the shaded jar.
[[1;34mINFO[m] Including com.amazonaws:aws-java-sdk-simpledb:jar:1.9.11 in the shaded jar.
[[1;34mINFO[m] Including com.amazonaws:aws-java-sdk-simpleworkflow:jar:1.9.11 in the shaded jar.
[[1;34mINFO[m] Including com.amazonaws:aws-java-sdk-storagegateway:jar:1.9.11 in the shaded jar.
[[1;34mINFO[m] Including com.amazonaws:aws-java-sdk-route53:jar:1.9.11 in the shaded jar.
[[1;34mINFO[m] Including com.amazonaws:aws-java-sdk-s3:jar:1.9.11 in the shaded jar.
[[1;34mINFO[m] Including com.amazonaws:aws-java-sdk-importexport:jar:1.9.11 in the shaded jar.
[[1;34mINFO[m] Including com.amazonaws:aws-java-sdk-sts:jar:1.9.11 in the shaded jar.
[[1;34mINFO[m] Including com.amazonaws:aws-java-sdk-sqs:jar:1.9.11 in the shaded jar.
[[1;34mINFO[m] Including com.amazonaws:aws-java-sdk-rds:jar:1.9.11 in the shaded jar.
[[1;34mINFO[m] Including com.amazonaws:aws-java-sdk-redshift:jar:1.9.11 in the shaded jar.
[[1;34mINFO[m] Including com.amazonaws:aws-java-sdk-elasticbeanstalk:jar:1.9.11 in the shaded jar.
[[1;34mINFO[m] Including com.amazonaws:aws-java-sdk-glacier:jar:1.9.11 in the shaded jar.
[[1;34mINFO[m] Including com.amazonaws:aws-java-sdk-iam:jar:1.9.11 in the shaded jar.
[[1;34mINFO[m] Including com.amazonaws:aws-java-sdk-datapipeline:jar:1.9.11 in the shaded jar.
[[1;34mINFO[m] Including com.amazonaws:aws-java-sdk-elasticloadbalancing:jar:1.9.11 in the shaded jar.
[[1;34mINFO[m] Including com.amazonaws:aws-java-sdk-emr:jar:1.9.11 in the shaded jar.
[[1;34mINFO[m] Including com.amazonaws:aws-java-sdk-elasticache:jar:1.9.11 in the shaded jar.
[[1;34mINFO[m] Including com.amazonaws:aws-java-sdk-elastictranscoder:jar:1.9.11 in the shaded jar.
[[1;34mINFO[m] Including com.amazonaws:aws-java-sdk-ec2:jar:1.9.11 in the shaded jar.
[[1;34mINFO[m] Including com.amazonaws:aws-java-sdk-dynamodb:jar:1.9.11 in the shaded jar.
[[1;34mINFO[m] Including com.amazonaws:aws-java-sdk-sns:jar:1.9.11 in the shaded jar.
[[1;34mINFO[m] Including com.amazonaws:aws-java-sdk-cloudtrail:jar:1.9.11 in the shaded jar.
[[1;34mINFO[m] Including com.amazonaws:aws-java-sdk-cloudwatch:jar:1.9.11 in the shaded jar.
[[1;34mINFO[m] Including com.amazonaws:aws-java-sdk-logs:jar:1.9.11 in the shaded jar.
[[1;34mINFO[m] Including com.amazonaws:aws-java-sdk-cognitoidentity:jar:1.9.11 in the shaded jar.
[[1;34mINFO[m] Including com.amazonaws:aws-java-sdk-cognitosync:jar:1.9.11 in the shaded jar.
[[1;34mINFO[m] Including com.amazonaws:aws-java-sdk-directconnect:jar:1.9.11 in the shaded jar.
[[1;34mINFO[m] Including com.amazonaws:aws-java-sdk-cloudformation:jar:1.9.11 in the shaded jar.
[[1;34mINFO[m] Including com.amazonaws:aws-java-sdk-cloudfront:jar:1.9.11 in the shaded jar.
[[1;34mINFO[m] Including com.amazonaws:aws-java-sdk-kinesis:jar:1.9.11 in the shaded jar.
[[1;34mINFO[m] Including com.amazonaws:aws-java-sdk-opsworks:jar:1.9.11 in the shaded jar.
[[1;34mINFO[m] Including com.amazonaws:aws-java-sdk-ses:jar:1.9.11 in the shaded jar.
[[1;34mINFO[m] Including com.amazonaws:aws-java-sdk-autoscaling:jar:1.9.11 in the shaded jar.
[[1;34mINFO[m] Including com.amazonaws:aws-java-sdk-cloudsearch:jar:1.9.11 in the shaded jar.
[[1;34mINFO[m] Including com.amazonaws:aws-java-sdk-cloudwatchmetrics:jar:1.9.11 in the shaded jar.
[[1;34mINFO[m] Including com.amazonaws:aws-java-sdk-swf-libraries:jar:1.9.11 in the shaded jar.
[[1;34mINFO[m] Including com.amazonaws:aws-java-sdk-codedeploy:jar:1.9.11 in the shaded jar.
[[1;34mINFO[m] Including com.amazonaws:aws-java-sdk-kms:jar:1.9.11 in the shaded jar.
[[1;34mINFO[m] Including com.amazonaws:aws-java-sdk-config:jar:1.9.11 in the shaded jar.
[[1;34mINFO[m] Including com.amazonaws:aws-java-sdk-lambda:jar:1.9.11 in the shaded jar.
[[1;34mINFO[m] Including com.amazonaws:aws-java-sdk-core:jar:1.9.11 in the shaded jar.
[[1;34mINFO[m] Including commons-logging:commons-logging:jar:1.1.3 in the shaded jar.
[[1;34mINFO[m] Including org.apache.httpcomponents:httpclient:jar:4.3.4 in the shaded jar.
[[1;34mINFO[m] Including org.apache.httpcomponents:httpcore:jar:4.3.2 in the shaded jar.
[[1;34mINFO[m] Including com.fasterxml.jackson.core:jackson-databind:jar:2.3.2 in the shaded jar.
[[1;34mINFO[m] Including com.fasterxml.jackson.core:jackson-annotations:jar:2.3.0 in the shaded jar.
[[1;34mINFO[m] Including com.fasterxml.jackson.core:jackson-core:jar:2.3.2 in the shaded jar.
[[1;34mINFO[m] Including org.apache.jackrabbit:oak-core:jar:1.4-SNAPSHOT in the shaded jar.
[[1;34mINFO[m] Including org.apache.jackrabbit:oak-commons:jar:1.4-SNAPSHOT in the shaded jar.
[[1;34mINFO[m] Including org.apache.jackrabbit:oak-blob:jar:1.4-SNAPSHOT in the shaded jar.
[[1;34mINFO[m] Including com.google.guava:guava:jar:15.0 in the shaded jar.
[[1;34mINFO[m] Including commons-codec:commons-codec:jar:1.5 in the shaded jar.
[[1;34mINFO[m] Including commons-io:commons-io:jar:2.4 in the shaded jar.
[[1;34mINFO[m] Including com.googlecode.json-simple:json-simple:jar:1.1.1 in the shaded jar.
[[1;34mINFO[m] Including org.apache.jackrabbit:jackrabbit-api:jar:2.11.1 in the shaded jar.
[[1;34mINFO[m] Including org.apache.jackrabbit:jackrabbit-core:jar:2.11.1 in the shaded jar.
[[1;34mINFO[m] Including concurrent:concurrent:jar:1.3.4 in the shaded jar.
[[1;34mINFO[m] Including commons-collections:commons-collections:jar:3.2.1 in the shaded jar.
[[1;34mINFO[m] Including commons-dbcp:commons-dbcp:jar:1.3 in the shaded jar.
[[1;34mINFO[m] Including commons-pool:commons-pool:jar:1.5.4 in the shaded jar.
[[1;34mINFO[m] Including org.apache.jackrabbit:jackrabbit-spi-commons:jar:2.11.1 in the shaded jar.
[[1;34mINFO[m] Including org.apache.tika:tika-core:jar:1.7 in the shaded jar.
[[1;34mINFO[m] Including org.apache.lucene:lucene-core:jar:3.6.0 in the shaded jar.
[[1;34mINFO[m] Including org.apache.derby:derby:jar:10.5.3.0_1 in the shaded jar.
[[1;34mINFO[m] Including org.slf4j:jcl-over-slf4j:jar:1.7.6 in the shaded jar.
[[1;34mINFO[m] Including org.apache.jackrabbit:jackrabbit-spi:jar:2.11.1 in the shaded jar.
[[1;34mINFO[m] Including commons-lang:commons-lang:jar:2.6 in the shaded jar.
[[1;34mINFO[m] Including net.sf.jopt-simple:jopt-simple:jar:4.6 in the shaded jar.
[[1;34mINFO[m] Including org.mongodb:mongo-java-driver:jar:2.13.0 in the shaded jar.
[[1;34mINFO[m] Including org.apache.tomcat:tomcat-jdbc:jar:7.0.64 in the shaded jar.
[[1;34mINFO[m] Including org.apache.tomcat:tomcat-juli:jar:7.0.64 in the shaded jar.
[[1;34mINFO[m] Including org.slf4j:slf4j-api:jar:1.7.6 in the shaded jar.
[[1;34mINFO[m] Including ch.qos.logback:logback-classic:jar:1.1.0 in the shaded jar.
[[1;34mINFO[m] Including ch.qos.logback:logback-core:jar:1.1.0 in the shaded jar.
[[1;33mWARNING[m] We have a duplicate org/apache/commons/logging/impl/NoOpLog.class in /home/user/.m2/repository/org/slf4j/jcl-over-slf4j/1.7.6/jcl-over-slf4j-1.7.6.jar
[[1;33mWARNING[m] We have a duplicate org/apache/commons/logging/impl/SimpleLog$1.class in /home/user/.m2/repository/org/slf4j/jcl-over-slf4j/1.7.6/jcl-over-slf4j-1.7.6.jar
[[1;33mWARNING[m] We have a duplicate org/apache/commons/logging/impl/SimpleLog.class in /home/user/.m2/repository/org/slf4j/jcl-over-slf4j/1.7.6/jcl-over-slf4j-1.7.6.jar
[[1;33mWARNING[m] We have a duplicate org/apache/commons/logging/Log.class in /home/user/.m2/repository/org/slf4j/jcl-over-slf4j/1.7.6/jcl-over-slf4j-1.7.6.jar
[[1;33mWARNING[m] We have a duplicate org/apache/commons/logging/LogConfigurationException.class in /home/user/.m2/repository/org/slf4j/jcl-over-slf4j/1.7.6/jcl-over-slf4j-1.7.6.jar
[[1;33mWARNING[m] We have a duplicate org/apache/commons/logging/LogFactory.class in /home/user/.m2/repository/org/slf4j/jcl-over-slf4j/1.7.6/jcl-over-slf4j-1.7.6.jar
[[1;34mINFO[m] Replacing original artifact with shaded artifact.
[[1;34mINFO[m] Replacing /home/user/Reproducibility-Scanner/benchmarks/bugs-dot-jar/jackrabbit-oak/oak-upgrade/target/oak-upgrade-1.4-SNAPSHOT.jar with /home/user/Reproducibility-Scanner/benchmarks/bugs-dot-jar/jackrabbit-oak/oak-upgrade/target/oak-upgrade-1.4-SNAPSHOT-shaded.jar
[[1;34mINFO[m] 
[[1;34mINFO[m] [1m--- [0;32mmaven-install-plugin:2.3.1:install[m [1m(default-install)[m @ [36moak-upgrade[0;1m ---[m
[[1;34mINFO[m] Installing /home/user/Reproducibility-Scanner/benchmarks/bugs-dot-jar/jackrabbit-oak/oak-upgrade/target/oak-upgrade-1.4-SNAPSHOT.jar to /home/user/.m2/repository/org/apache/jackrabbit/oak-upgrade/1.4-SNAPSHOT/oak-upgrade-1.4-SNAPSHOT.jar
[[1;34mINFO[m] Installing /home/user/Reproducibility-Scanner/benchmarks/bugs-dot-jar/jackrabbit-oak/oak-upgrade/pom.xml to /home/user/.m2/repository/org/apache/jackrabbit/oak-upgrade/1.4-SNAPSHOT/oak-upgrade-1.4-SNAPSHOT.pom
[[1;34mINFO[m] 
[[1;34mINFO[m] [1m-------------------< [0;36morg.apache.jackrabbit:oak-http[0;1m >-------------------[m
[[1;34mINFO[m] [1mBuilding Oak HTTP Binding 1.4-SNAPSHOT                            [8/23][m
[[1;34mINFO[m] [1m-------------------------------[ bundle ]-------------------------------[m
[[1;34mINFO[m] 
[[1;34mINFO[m] [1m--- [0;32mjacoco-maven-plugin:0.7.1.201405082137:prepare-agent[m [1m(pre-unit-test)[m @ [36moak-http[0;1m ---[m
[[1;34mINFO[m] Skipping JaCoCo execution because property jacoco.skip is set.
[[1;34mINFO[m] test.opts.coverage set to empty
[[1;34mINFO[m] 
[[1;34mINFO[m] [1m--- [0;32mmaven-remote-resources-plugin:1.4:process[m [1m(default)[m @ [36moak-http[0;1m ---[m
[[1;34mINFO[m] 
[[1;34mINFO[m] [1m--- [0;32mmaven-resources-plugin:2.6:resources[m [1m(default-resources)[m @ [36moak-http[0;1m ---[m
[[1;34mINFO[m] Using 'UTF-8' encoding to copy filtered resources.
[[1;34mINFO[m] skip non existing resourceDirectory /home/user/Reproducibility-Scanner/benchmarks/bugs-dot-jar/jackrabbit-oak/oak-http/src/main/resources
[[1;34mINFO[m] Copying 3 resources
[[1;34mINFO[m] 
[[1;34mINFO[m] [1m--- [0;32mmaven-compiler-plugin:2.5.1:compile[m [1m(default-compile)[m @ [36moak-http[0;1m ---[m
[[1;34mINFO[m] Compiling 9 source files to /home/user/Reproducibility-Scanner/benchmarks/bugs-dot-jar/jackrabbit-oak/oak-http/target/classes
[[1;34mINFO[m] 
[[1;34mINFO[m] [1m--- [0;32mmaven-resources-plugin:2.6:testResources[m [1m(default-testResources)[m @ [36moak-http[0;1m ---[m
[[1;34mINFO[m] Using 'UTF-8' encoding to copy filtered resources.
[[1;34mINFO[m] skip non existing resourceDirectory /home/user/Reproducibility-Scanner/benchmarks/bugs-dot-jar/jackrabbit-oak/oak-http/src/test/resources
[[1;34mINFO[m] Copying 3 resources
[[1;34mINFO[m] 
[[1;34mINFO[m] [1m--- [0;32mmaven-compiler-plugin:2.5.1:testCompile[m [1m(default-testCompile)[m @ [36moak-http[0;1m ---[m
[[1;34mINFO[m] Compiling 1 source file to /home/user/Reproducibility-Scanner/benchmarks/bugs-dot-jar/jackrabbit-oak/oak-http/target/test-classes
[[1;34mINFO[m] 
[[1;34mINFO[m] [1m--- [0;32mmaven-surefire-plugin:2.12.4:test[m [1m(default-test)[m @ [36moak-http[0;1m ---[m
[[1;34mINFO[m] Tests are skipped.
[[1;34mINFO[m] 
[[1;34mINFO[m] [1m--- [0;32mjacoco-maven-plugin:0.7.1.201405082137:report[m [1m(post-unit-test)[m @ [36moak-http[0;1m ---[m
[[1;34mINFO[m] Skipping JaCoCo execution because property jacoco.skip is set.
[[1;34mINFO[m] 
[[1;34mINFO[m] [1m--- [0;32mmaven-bundle-plugin:2.5.3:bundle[m [1m(default-bundle)[m @ [36moak-http[0;1m ---[m
[[1;34mINFO[m] 
[[1;34mINFO[m] [1m--- [0;32mmaven-site-plugin:3.3:attach-descriptor[m [1m(attach-descriptor)[m @ [36moak-http[0;1m ---[m
[[1;34mINFO[m] 
[[1;34mINFO[m] [1m--- [0;32mmaven-bundle-plugin:2.5.3:baseline[m [1m(baseline)[m @ [36moak-http[0;1m ---[m
[[1;34mINFO[m] Skipping Baseline execution
[[1;34mINFO[m] 
[[1;34mINFO[m] [1m--- [0;32mmaven-install-plugin:2.3.1:install[m [1m(default-install)[m @ [36moak-http[0;1m ---[m
[[1;34mINFO[m] Installing /home/user/Reproducibility-Scanner/benchmarks/bugs-dot-jar/jackrabbit-oak/oak-http/target/oak-http-1.4-SNAPSHOT.jar to /home/user/.m2/repository/org/apache/jackrabbit/oak-http/1.4-SNAPSHOT/oak-http-1.4-SNAPSHOT.jar
[[1;34mINFO[m] Installing /home/user/Reproducibility-Scanner/benchmarks/bugs-dot-jar/jackrabbit-oak/oak-http/pom.xml to /home/user/.m2/repository/org/apache/jackrabbit/oak-http/1.4-SNAPSHOT/oak-http-1.4-SNAPSHOT.pom
[[1;34mINFO[m] 
[[1;34mINFO[m] [1m--- [0;32mmaven-bundle-plugin:2.5.3:install[m [1m(default-install)[m @ [36moak-http[0;1m ---[m
[[1;34mINFO[m] Local OBR update disabled (enable with -DobrRepository)
[[1;34mINFO[m] 
[[1;34mINFO[m] [1m------------------< [0;36morg.apache.jackrabbit:oak-lucene[0;1m >------------------[m
[[1;34mINFO[m] [1mBuilding Oak Lucene 1.4-SNAPSHOT                                  [9/23][m
[[1;34mINFO[m] [1m-------------------------------[ bundle ]-------------------------------[m
[[1;34mINFO[m] 
[[1;34mINFO[m] [1m--- [0;32mjacoco-maven-plugin:0.7.1.201405082137:prepare-agent[m [1m(pre-unit-test)[m @ [36moak-lucene[0;1m ---[m
[[1;34mINFO[m] Skipping JaCoCo execution because property jacoco.skip is set.
[[1;34mINFO[m] test.opts.coverage set to empty
[[1;34mINFO[m] 
[[1;34mINFO[m] [1m--- [0;32mmaven-remote-resources-plugin:1.4:process[m [1m(default)[m @ [36moak-lucene[0;1m ---[m
[[1;34mINFO[m] 
[[1;34mINFO[m] [1m--- [0;32mmaven-resources-plugin:2.6:resources[m [1m(default-resources)[m @ [36moak-lucene[0;1m ---[m
[[1;34mINFO[m] Using 'UTF-8' encoding to copy filtered resources.
[[1;34mINFO[m] Copying 2 resources
[[1;34mINFO[m] Copying 3 resources
[[1;34mINFO[m] 
[[1;34mINFO[m] [1m--- [0;32mmaven-compiler-plugin:2.5.1:compile[m [1m(default-compile)[m @ [36moak-lucene[0;1m ---[m
[[1;34mINFO[m] Compiling 50 source files to /home/user/Reproducibility-Scanner/benchmarks/bugs-dot-jar/jackrabbit-oak/oak-lucene/target/classes
[[1;34mINFO[m] 
[[1;34mINFO[m] [1m--- [0;32mmaven-scr-plugin:1.16.0:scr[m [1m(generate-scr-scrdescriptor)[m @ [36moak-lucene[0;1m ---[m
[[1;34mINFO[m] Generating 1 MetaType Descriptors in /home/user/Reproducibility-Scanner/benchmarks/bugs-dot-jar/jackrabbit-oak/oak-lucene/target/classes/OSGI-INF/metatype/org.apache.jackrabbit.oak.plugins.index.lucene.LuceneIndexProviderService.xml
[[1;34mINFO[m] Writing 1 Service Component Descriptors to /home/user/Reproducibility-Scanner/benchmarks/bugs-dot-jar/jackrabbit-oak/oak-lucene/target/classes/OSGI-INF/org.apache.jackrabbit.oak.plugins.index.lucene.LuceneIndexProviderService.xml
[[1;34mINFO[m] Writing 1 Service Component Descriptors to /home/user/Reproducibility-Scanner/benchmarks/bugs-dot-jar/jackrabbit-oak/oak-lucene/target/classes/OSGI-INF/org.apache.jackrabbit.oak.plugins.index.lucene.score.impl.ScorerProviderFactoryImpl.xml
[[1;34mINFO[m] 
[[1;34mINFO[m] [1m--- [0;32mmaven-resources-plugin:2.6:testResources[m [1m(default-testResources)[m @ [36moak-lucene[0;1m ---[m
[[1;34mINFO[m] Using 'UTF-8' encoding to copy filtered resources.
[[1;34mINFO[m] Copying 6 resources
[[1;34mINFO[m] Copying 3 resources
[[1;34mINFO[m] 
[[1;34mINFO[m] [1m--- [0;32mmaven-compiler-plugin:2.5.1:testCompile[m [1m(default-testCompile)[m @ [36moak-lucene[0;1m ---[m
[[1;34mINFO[m] Compiling 28 source files to /home/user/Reproducibility-Scanner/benchmarks/bugs-dot-jar/jackrabbit-oak/oak-lucene/target/test-classes
[[1;34mINFO[m] 
[[1;34mINFO[m] [1m--- [0;32mmaven-surefire-plugin:2.12.4:test[m [1m(default-test)[m @ [36moak-lucene[0;1m ---[m
[[1;34mINFO[m] Tests are skipped.
[[1;34mINFO[m] 
[[1;34mINFO[m] [1m--- [0;32mjacoco-maven-plugin:0.7.1.201405082137:report[m [1m(post-unit-test)[m @ [36moak-lucene[0;1m ---[m
[[1;34mINFO[m] Skipping JaCoCo execution because property jacoco.skip is set.
[[1;34mINFO[m] 
[[1;34mINFO[m] [1m--- [0;32mmaven-bundle-plugin:2.5.3:bundle[m [1m(default-bundle)[m @ [36moak-lucene[0;1m ---[m
[[1;33mWARNING[m] Bundle org.apache.jackrabbit:oak-lucene:bundle:1.4-SNAPSHOT : Export org.apache.lucene.analysis.snowball,  has 1,  private references [org.tartarus.snowball], 
[[1;34mINFO[m] 
[[1;34mINFO[m] [1m--- [0;32mmaven-site-plugin:3.3:attach-descriptor[m [1m(attach-descriptor)[m @ [36moak-lucene[0;1m ---[m
[[1;34mINFO[m] 
[[1;34mINFO[m] [1m--- [0;32mmaven-bundle-plugin:2.5.3:baseline[m [1m(baseline)[m @ [36moak-lucene[0;1m ---[m
[[1;34mINFO[m] Skipping Baseline execution
[[1;34mINFO[m] 
[[1;34mINFO[m] [1m--- [0;32mmaven-install-plugin:2.3.1:install[m [1m(default-install)[m @ [36moak-lucene[0;1m ---[m
[[1;34mINFO[m] Installing /home/user/Reproducibility-Scanner/benchmarks/bugs-dot-jar/jackrabbit-oak/oak-lucene/target/oak-lucene-1.4-SNAPSHOT.jar to /home/user/.m2/repository/org/apache/jackrabbit/oak-lucene/1.4-SNAPSHOT/oak-lucene-1.4-SNAPSHOT.jar
[[1;34mINFO[m] Installing /home/user/Reproducibility-Scanner/benchmarks/bugs-dot-jar/jackrabbit-oak/oak-lucene/pom.xml to /home/user/.m2/repository/org/apache/jackrabbit/oak-lucene/1.4-SNAPSHOT/oak-lucene-1.4-SNAPSHOT.pom
[[1;34mINFO[m] 
[[1;34mINFO[m] [1m--- [0;32mmaven-bundle-plugin:2.5.3:install[m [1m(default-install)[m @ [36moak-lucene[0;1m ---[m
[[1;34mINFO[m] Local OBR update disabled (enable with -DobrRepository)
[[1;34mINFO[m] 
[[1;34mINFO[m] [1m----------------< [0;36morg.apache.jackrabbit:oak-solr-core[0;1m >-----------------[m
[[1;34mINFO[m] [1mBuilding Oak Solr core 1.4-SNAPSHOT                              [10/23][m
[[1;34mINFO[m] [1m-------------------------------[ bundle ]-------------------------------[m
[[1;34mINFO[m] 
[[1;34mINFO[m] [1m--- [0;32mjacoco-maven-plugin:0.7.1.201405082137:prepare-agent[m [1m(pre-unit-test)[m @ [36moak-solr-core[0;1m ---[m
[[1;34mINFO[m] Skipping JaCoCo execution because property jacoco.skip is set.
[[1;34mINFO[m] test.opts.coverage set to empty
[[1;34mINFO[m] 
[[1;34mINFO[m] [1m--- [0;32mmaven-remote-resources-plugin:1.4:process[m [1m(default)[m @ [36moak-solr-core[0;1m ---[m
[[1;34mINFO[m] 
[[1;34mINFO[m] [1m--- [0;32mmaven-resources-plugin:2.6:resources[m [1m(default-resources)[m @ [36moak-solr-core[0;1m ---[m
[[1;34mINFO[m] Using 'UTF-8' encoding to copy filtered resources.
[[1;34mINFO[m] Copying 6 resources
[[1;34mINFO[m] Copying 3 resources
[[1;34mINFO[m] 
[[1;34mINFO[m] [1m--- [0;32mmaven-compiler-plugin:2.5.1:compile[m [1m(default-compile)[m @ [36moak-solr-core[0;1m ---[m
[[1;34mINFO[m] Compiling 41 source files to /home/user/Reproducibility-Scanner/benchmarks/bugs-dot-jar/jackrabbit-oak/oak-solr-core/target/classes
[[1;34mINFO[m] 
[[1;34mINFO[m] [1m--- [0;32mmaven-scr-plugin:1.16.0:scr[m [1m(generate-scr-scrdescriptor)[m @ [36moak-solr-core[0;1m ---[m
[[1;34mINFO[m] Generating 1 MetaType Descriptors in /home/user/Reproducibility-Scanner/benchmarks/bugs-dot-jar/jackrabbit-oak/oak-solr-core/target/classes/OSGI-INF/metatype/org.apache.jackrabbit.oak.plugins.index.solr.osgi.RemoteSolrServerConfigurationProvider.xml
[[1;34mINFO[m] Generating 1 MetaType Descriptors in /home/user/Reproducibility-Scanner/benchmarks/bugs-dot-jar/jackrabbit-oak/oak-solr-core/target/classes/OSGI-INF/metatype/org.apache.jackrabbit.oak.plugins.index.solr.osgi.SolrQueryIndexProviderService.xml
[[1;34mINFO[m] Generating 1 MetaType Descriptors in /home/user/Reproducibility-Scanner/benchmarks/bugs-dot-jar/jackrabbit-oak/oak-solr-core/target/classes/OSGI-INF/metatype/org.apache.jackrabbit.oak.plugins.index.solr.osgi.OakSolrConfigurationProviderService.xml
[[1;34mINFO[m] Generating 1 MetaType Descriptors in /home/user/Reproducibility-Scanner/benchmarks/bugs-dot-jar/jackrabbit-oak/oak-solr-core/target/classes/OSGI-INF/metatype/org.apache.jackrabbit.oak.plugins.index.solr.osgi.SolrServerProviderService.xml
[[1;34mINFO[m] Generating 1 MetaType Descriptors in /home/user/Reproducibility-Scanner/benchmarks/bugs-dot-jar/jackrabbit-oak/oak-solr-core/target/classes/OSGI-INF/metatype/org.apache.jackrabbit.oak.plugins.index.solr.osgi.EmbeddedSolrServerConfigurationProvider.xml
[[1;34mINFO[m] Generating 1 MetaType Descriptors in /home/user/Reproducibility-Scanner/benchmarks/bugs-dot-jar/jackrabbit-oak/oak-solr-core/target/classes/OSGI-INF/metatype/org.apache.jackrabbit.oak.plugins.index.solr.osgi.NodeStateSolrServersObserverService.xml
[[1;34mINFO[m] Writing 1 Service Component Descriptors to /home/user/Reproducibility-Scanner/benchmarks/bugs-dot-jar/jackrabbit-oak/oak-solr-core/target/classes/OSGI-INF/org.apache.jackrabbit.oak.plugins.index.solr.osgi.RemoteSolrServerConfigurationProvider.xml
[[1;34mINFO[m] Writing 1 Service Component Descriptors to /home/user/Reproducibility-Scanner/benchmarks/bugs-dot-jar/jackrabbit-oak/oak-solr-core/target/classes/OSGI-INF/org.apache.jackrabbit.oak.plugins.index.solr.osgi.SolrQueryIndexProviderService.xml
[[1;34mINFO[m] Writing 1 Service Component Descriptors to /home/user/Reproducibility-Scanner/benchmarks/bugs-dot-jar/jackrabbit-oak/oak-solr-core/target/classes/OSGI-INF/org.apache.jackrabbit.oak.plugins.index.solr.osgi.OakSolrConfigurationProviderService.xml
[[1;34mINFO[m] Writing 1 Service Component Descriptors to /home/user/Reproducibility-Scanner/benchmarks/bugs-dot-jar/jackrabbit-oak/oak-solr-core/target/classes/OSGI-INF/org.apache.jackrabbit.oak.plugins.index.solr.osgi.SolrServerProviderService.xml
[[1;34mINFO[m] Writing 1 Service Component Descriptors to /home/user/Reproducibility-Scanner/benchmarks/bugs-dot-jar/jackrabbit-oak/oak-solr-core/target/classes/OSGI-INF/org.apache.jackrabbit.oak.plugins.index.solr.osgi.EmbeddedSolrServerConfigurationProvider.xml
[[1;34mINFO[m] Writing 1 Service Component Descriptors to /home/user/Reproducibility-Scanner/benchmarks/bugs-dot-jar/jackrabbit-oak/oak-solr-core/target/classes/OSGI-INF/org.apache.jackrabbit.oak.plugins.index.solr.osgi.SolrIndexEditorProviderService.xml
[[1;34mINFO[m] Writing 1 Service Component Descriptors to /home/user/Reproducibility-Scanner/benchmarks/bugs-dot-jar/jackrabbit-oak/oak-solr-core/target/classes/OSGI-INF/org.apache.jackrabbit.oak.plugins.index.solr.osgi.NodeStateSolrServersObserverService.xml
[[1;34mINFO[m] 
[[1;34mINFO[m] [1m--- [0;32mmaven-resources-plugin:2.6:testResources[m [1m(default-testResources)[m @ [36moak-solr-core[0;1m ---[m
[[1;34mINFO[m] Using 'UTF-8' encoding to copy filtered resources.
[[1;34mINFO[m] Copying 14 resources
[[1;34mINFO[m] Copying 3 resources
[[1;34mINFO[m] 
[[1;34mINFO[m] [1m--- [0;32mmaven-compiler-plugin:2.5.1:testCompile[m [1m(default-testCompile)[m @ [36moak-solr-core[0;1m ---[m
[[1;34mINFO[m] Compiling 22 source files to /home/user/Reproducibility-Scanner/benchmarks/bugs-dot-jar/jackrabbit-oak/oak-solr-core/target/test-classes
[[1;34mINFO[m] 
[[1;34mINFO[m] [1m--- [0;32mmaven-surefire-plugin:2.12.4:test[m [1m(default-test)[m @ [36moak-solr-core[0;1m ---[m
[[1;34mINFO[m] Tests are skipped.
[[1;34mINFO[m] 
[[1;34mINFO[m] [1m--- [0;32mjacoco-maven-plugin:0.7.1.201405082137:report[m [1m(post-unit-test)[m @ [36moak-solr-core[0;1m ---[m
[[1;34mINFO[m] Skipping JaCoCo execution because property jacoco.skip is set.
[[1;34mINFO[m] 
[[1;34mINFO[m] [1m--- [0;32mmaven-bundle-plugin:2.5.3:bundle[m [1m(default-bundle)[m @ [36moak-solr-core[0;1m ---[m
[[1;34mINFO[m] 
[[1;34mINFO[m] [1m--- [0;32mmaven-site-plugin:3.3:attach-descriptor[m [1m(attach-descriptor)[m @ [36moak-solr-core[0;1m ---[m
[[1;34mINFO[m] 
[[1;34mINFO[m] [1m--- [0;32mmaven-bundle-plugin:2.5.3:baseline[m [1m(baseline)[m @ [36moak-solr-core[0;1m ---[m
[[1;34mINFO[m] Skipping Baseline execution
[[1;34mINFO[m] 
[[1;34mINFO[m] [1m--- [0;32mmaven-install-plugin:2.3.1:install[m [1m(default-install)[m @ [36moak-solr-core[0;1m ---[m
[[1;34mINFO[m] Installing /home/user/Reproducibility-Scanner/benchmarks/bugs-dot-jar/jackrabbit-oak/oak-solr-core/target/oak-solr-core-1.4-SNAPSHOT.jar to /home/user/.m2/repository/org/apache/jackrabbit/oak-solr-core/1.4-SNAPSHOT/oak-solr-core-1.4-SNAPSHOT.jar
[[1;34mINFO[m] Installing /home/user/Reproducibility-Scanner/benchmarks/bugs-dot-jar/jackrabbit-oak/oak-solr-core/pom.xml to /home/user/.m2/repository/org/apache/jackrabbit/oak-solr-core/1.4-SNAPSHOT/oak-solr-core-1.4-SNAPSHOT.pom
[[1;34mINFO[m] 
[[1;34mINFO[m] [1m--- [0;32mmaven-bundle-plugin:2.5.3:install[m [1m(default-install)[m @ [36moak-solr-core[0;1m ---[m
[[1;34mINFO[m] Local OBR update disabled (enable with -DobrRepository)
[[1;34mINFO[m] 
[[1;34mINFO[m] [1m----------------< [0;36morg.apache.jackrabbit:oak-solr-osgi[0;1m >-----------------[m
[[1;34mINFO[m] [1mBuilding Oak Solr OSGi 1.4-SNAPSHOT                              [11/23][m
[[1;34mINFO[m] [1m-------------------------------[ bundle ]-------------------------------[m
[[1;34mINFO[m] 
[[1;34mINFO[m] [1m--- [0;32mjacoco-maven-plugin:0.7.1.201405082137:prepare-agent[m [1m(pre-unit-test)[m @ [36moak-solr-osgi[0;1m ---[m
[[1;34mINFO[m] Skipping JaCoCo execution because property jacoco.skip is set.
[[1;34mINFO[m] test.opts.coverage set to empty
[[1;34mINFO[m] 
[[1;34mINFO[m] [1m--- [0;32mmaven-remote-resources-plugin:1.4:process[m [1m(default)[m @ [36moak-solr-osgi[0;1m ---[m
[[1;34mINFO[m] 
[[1;34mINFO[m] [1m--- [0;32mmaven-resources-plugin:2.6:resources[m [1m(default-resources)[m @ [36moak-solr-osgi[0;1m ---[m
[[1;34mINFO[m] Using 'UTF-8' encoding to copy filtered resources.
[[1;34mINFO[m] skip non existing resourceDirectory /home/user/Reproducibility-Scanner/benchmarks/bugs-dot-jar/jackrabbit-oak/oak-solr-osgi/src/main/resources
[[1;34mINFO[m] Copying 3 resources
[[1;34mINFO[m] 
[[1;34mINFO[m] [1m--- [0;32mmaven-compiler-plugin:2.5.1:compile[m [1m(default-compile)[m @ [36moak-solr-osgi[0;1m ---[m
[[1;34mINFO[m] No sources to compile
[[1;34mINFO[m] 
[[1;34mINFO[m] [1m--- [0;32mmaven-resources-plugin:2.6:testResources[m [1m(default-testResources)[m @ [36moak-solr-osgi[0;1m ---[m
[[1;34mINFO[m] Using 'UTF-8' encoding to copy filtered resources.
[[1;34mINFO[m] skip non existing resourceDirectory /home/user/Reproducibility-Scanner/benchmarks/bugs-dot-jar/jackrabbit-oak/oak-solr-osgi/src/test/resources
[[1;34mINFO[m] Copying 3 resources
[[1;34mINFO[m] 
[[1;34mINFO[m] [1m--- [0;32mmaven-compiler-plugin:2.5.1:testCompile[m [1m(default-testCompile)[m @ [36moak-solr-osgi[0;1m ---[m
[[1;34mINFO[m] No sources to compile
[[1;34mINFO[m] 
[[1;34mINFO[m] [1m--- [0;32mmaven-surefire-plugin:2.12.4:test[m [1m(default-test)[m @ [36moak-solr-osgi[0;1m ---[m
[[1;34mINFO[m] Tests are skipped.
[[1;34mINFO[m] 
[[1;34mINFO[m] [1m--- [0;32mjacoco-maven-plugin:0.7.1.201405082137:report[m [1m(post-unit-test)[m @ [36moak-solr-osgi[0;1m ---[m
[[1;34mINFO[m] Skipping JaCoCo execution because property jacoco.skip is set.
[[1;34mINFO[m] 
[[1;34mINFO[m] [1m--- [0;32mmaven-bundle-plugin:2.5.3:bundle[m [1m(default-bundle)[m @ [36moak-solr-osgi[0;1m ---[m
[[1;33mWARNING[m] Bundle org.apache.jackrabbit:oak-solr-osgi:bundle:1.4-SNAPSHOT : Unused Private-Package instructions, no such package(s) on the class path: [!*]
[[1;34mINFO[m] 
[[1;34mINFO[m] [1m--- [0;32mmaven-site-plugin:3.3:attach-descriptor[m [1m(attach-descriptor)[m @ [36moak-solr-osgi[0;1m ---[m
[[1;34mINFO[m] 
[[1;34mINFO[m] [1m--- [0;32mmaven-bundle-plugin:2.5.3:baseline[m [1m(baseline)[m @ [36moak-solr-osgi[0;1m ---[m
[[1;34mINFO[m] Skipping Baseline execution
[[1;34mINFO[m] 
[[1;34mINFO[m] [1m--- [0;32mmaven-install-plugin:2.3.1:install[m [1m(default-install)[m @ [36moak-solr-osgi[0;1m ---[m
[[1;34mINFO[m] Installing /home/user/Reproducibility-Scanner/benchmarks/bugs-dot-jar/jackrabbit-oak/oak-solr-osgi/target/oak-solr-osgi-1.4-SNAPSHOT.jar to /home/user/.m2/repository/org/apache/jackrabbit/oak-solr-osgi/1.4-SNAPSHOT/oak-solr-osgi-1.4-SNAPSHOT.jar
[[1;34mINFO[m] Installing /home/user/Reproducibility-Scanner/benchmarks/bugs-dot-jar/jackrabbit-oak/oak-solr-osgi/pom.xml to /home/user/.m2/repository/org/apache/jackrabbit/oak-solr-osgi/1.4-SNAPSHOT/oak-solr-osgi-1.4-SNAPSHOT.pom
[[1;34mINFO[m] 
[[1;34mINFO[m] [1m--- [0;32mmaven-bundle-plugin:2.5.3:install[m [1m(default-install)[m @ [36moak-solr-osgi[0;1m ---[m
[[1;34mINFO[m] Local OBR update disabled (enable with -DobrRepository)
[[1;34mINFO[m] 
[[1;34mINFO[m] [1m--------------< [0;36morg.apache.jackrabbit:oak-auth-external[0;1m >---------------[m
[[1;34mINFO[m] [1mBuilding Oak External Authentication Support 1.4-SNAPSHOT        [12/23][m
[[1;34mINFO[m] [1m-------------------------------[ bundle ]-------------------------------[m
[[1;34mINFO[m] 
[[1;34mINFO[m] [1m--- [0;32mjacoco-maven-plugin:0.7.1.201405082137:prepare-agent[m [1m(pre-unit-test)[m @ [36moak-auth-external[0;1m ---[m
[[1;34mINFO[m] Skipping JaCoCo execution because property jacoco.skip is set.
[[1;34mINFO[m] test.opts.coverage set to empty
[[1;34mINFO[m] 
[[1;34mINFO[m] [1m--- [0;32mmaven-remote-resources-plugin:1.4:process[m [1m(default)[m @ [36moak-auth-external[0;1m ---[m
[[1;34mINFO[m] 
[[1;34mINFO[m] [1m--- [0;32mmaven-resources-plugin:2.6:resources[m [1m(default-resources)[m @ [36moak-auth-external[0;1m ---[m
[[1;34mINFO[m] Using 'UTF-8' encoding to copy filtered resources.
[[1;34mINFO[m] skip non existing resourceDirectory /home/user/Reproducibility-Scanner/benchmarks/bugs-dot-jar/jackrabbit-oak/oak-auth-external/src/main/resources
[[1;34mINFO[m] Copying 3 resources
[[1;34mINFO[m] 
[[1;34mINFO[m] [1m--- [0;32mmaven-compiler-plugin:2.5.1:compile[m [1m(default-compile)[m @ [36moak-auth-external[0;1m ---[m
[[1;34mINFO[m] Compiling 27 source files to /home/user/Reproducibility-Scanner/benchmarks/bugs-dot-jar/jackrabbit-oak/oak-auth-external/target/classes
[[1;34mINFO[m] 
[[1;34mINFO[m] [1m--- [0;32mmaven-scr-plugin:1.16.0:scr[m [1m(generate-scr-scrdescriptor)[m @ [36moak-auth-external[0;1m ---[m
[[1;34mINFO[m] Generating 1 MetaType Descriptors in /home/user/Reproducibility-Scanner/benchmarks/bugs-dot-jar/jackrabbit-oak/oak-auth-external/target/classes/OSGI-INF/metatype/org.apache.jackrabbit.oak.spi.security.authentication.external.impl.ExternalLoginModuleFactory.xml
[[1;34mINFO[m] Generating 1 MetaType Descriptors in /home/user/Reproducibility-Scanner/benchmarks/bugs-dot-jar/jackrabbit-oak/oak-auth-external/target/classes/OSGI-INF/metatype/org.apache.jackrabbit.oak.spi.security.authentication.external.impl.DefaultSyncConfigImpl.xml
[[1;34mINFO[m] Writing 1 Service Component Descriptors to /home/user/Reproducibility-Scanner/benchmarks/bugs-dot-jar/jackrabbit-oak/oak-auth-external/target/classes/OSGI-INF/org.apache.jackrabbit.oak.spi.security.authentication.external.impl.DefaultSyncHandler.xml
[[1;34mINFO[m] Writing 1 Service Component Descriptors to /home/user/Reproducibility-Scanner/benchmarks/bugs-dot-jar/jackrabbit-oak/oak-auth-external/target/classes/OSGI-INF/org.apache.jackrabbit.oak.spi.security.authentication.external.impl.SyncManagerImpl.xml
[[1;34mINFO[m] Writing 1 Service Component Descriptors to /home/user/Reproducibility-Scanner/benchmarks/bugs-dot-jar/jackrabbit-oak/oak-auth-external/target/classes/OSGI-INF/org.apache.jackrabbit.oak.spi.security.authentication.external.impl.ExternalLoginModuleFactory.xml
[[1;34mINFO[m] Writing 1 Service Component Descriptors to /home/user/Reproducibility-Scanner/benchmarks/bugs-dot-jar/jackrabbit-oak/oak-auth-external/target/classes/OSGI-INF/org.apache.jackrabbit.oak.spi.security.authentication.external.impl.ExternalIDPManagerImpl.xml
[[1;34mINFO[m] 
[[1;34mINFO[m] [1m--- [0;32mmaven-resources-plugin:2.6:testResources[m [1m(default-testResources)[m @ [36moak-auth-external[0;1m ---[m
[[1;34mINFO[m] Using 'UTF-8' encoding to copy filtered resources.
[[1;34mINFO[m] Copying 2 resources
[[1;34mINFO[m] Copying 3 resources
[[1;34mINFO[m] 
[[1;34mINFO[m] [1m--- [0;32mmaven-compiler-plugin:2.5.1:testCompile[m [1m(default-testCompile)[m @ [36moak-auth-external[0;1m ---[m
[[1;34mINFO[m] Compiling 4 source files to /home/user/Reproducibility-Scanner/benchmarks/bugs-dot-jar/jackrabbit-oak/oak-auth-external/target/test-classes
[[1;34mINFO[m] 
[[1;34mINFO[m] [1m--- [0;32mmaven-surefire-plugin:2.12.4:test[m [1m(default-test)[m @ [36moak-auth-external[0;1m ---[m
[[1;34mINFO[m] Tests are skipped.
[[1;34mINFO[m] 
[[1;34mINFO[m] [1m--- [0;32mjacoco-maven-plugin:0.7.1.201405082137:report[m [1m(post-unit-test)[m @ [36moak-auth-external[0;1m ---[m
[[1;34mINFO[m] Skipping JaCoCo execution because property jacoco.skip is set.
[[1;34mINFO[m] 
[[1;34mINFO[m] [1m--- [0;32mmaven-bundle-plugin:2.5.3:bundle[m [1m(default-bundle)[m @ [36moak-auth-external[0;1m ---[m
[[1;34mINFO[m] 
[[1;34mINFO[m] [1m--- [0;32mmaven-site-plugin:3.3:attach-descriptor[m [1m(attach-descriptor)[m @ [36moak-auth-external[0;1m ---[m
[[1;34mINFO[m] 
[[1;34mINFO[m] [1m--- [0;32mmaven-jar-plugin:2.4:test-jar[m [1m(default)[m @ [36moak-auth-external[0;1m ---[m
[[1;34mINFO[m] Building jar: /home/user/Reproducibility-Scanner/benchmarks/bugs-dot-jar/jackrabbit-oak/oak-auth-external/target/oak-auth-external-1.4-SNAPSHOT-tests.jar
[[1;34mINFO[m] 
[[1;34mINFO[m] [1m--- [0;32mmaven-bundle-plugin:2.5.3:baseline[m [1m(baseline)[m @ [36moak-auth-external[0;1m ---[m
[[1;34mINFO[m] Skipping Baseline execution
[[1;34mINFO[m] 
[[1;34mINFO[m] [1m--- [0;32mmaven-install-plugin:2.3.1:install[m [1m(default-install)[m @ [36moak-auth-external[0;1m ---[m
[[1;34mINFO[m] Installing /home/user/Reproducibility-Scanner/benchmarks/bugs-dot-jar/jackrabbit-oak/oak-auth-external/target/oak-auth-external-1.4-SNAPSHOT.jar to /home/user/.m2/repository/org/apache/jackrabbit/oak-auth-external/1.4-SNAPSHOT/oak-auth-external-1.4-SNAPSHOT.jar
[[1;34mINFO[m] Installing /home/user/Reproducibility-Scanner/benchmarks/bugs-dot-jar/jackrabbit-oak/oak-auth-external/pom.xml to /home/user/.m2/repository/org/apache/jackrabbit/oak-auth-external/1.4-SNAPSHOT/oak-auth-external-1.4-SNAPSHOT.pom
[[1;34mINFO[m] Installing /home/user/Reproducibility-Scanner/benchmarks/bugs-dot-jar/jackrabbit-oak/oak-auth-external/target/oak-auth-external-1.4-SNAPSHOT-tests.jar to /home/user/.m2/repository/org/apache/jackrabbit/oak-auth-external/1.4-SNAPSHOT/oak-auth-external-1.4-SNAPSHOT-tests.jar
[[1;34mINFO[m] 
[[1;34mINFO[m] [1m--- [0;32mmaven-bundle-plugin:2.5.3:install[m [1m(default-install)[m @ [36moak-auth-external[0;1m ---[m
[[1;34mINFO[m] Local OBR update disabled (enable with -DobrRepository)
[[1;34mINFO[m] 
[[1;34mINFO[m] [1m----------------< [0;36morg.apache.jackrabbit:oak-auth-ldap[0;1m >-----------------[m
[[1;34mINFO[m] [1mBuilding Oak LDAP Authentication Support 1.4-SNAPSHOT            [13/23][m
[[1;34mINFO[m] [1m-------------------------------[ bundle ]-------------------------------[m
[[1;34mINFO[m] 
[[1;34mINFO[m] [1m--- [0;32mjacoco-maven-plugin:0.7.1.201405082137:prepare-agent[m [1m(pre-unit-test)[m @ [36moak-auth-ldap[0;1m ---[m
[[1;34mINFO[m] Skipping JaCoCo execution because property jacoco.skip is set.
[[1;34mINFO[m] test.opts.coverage set to empty
[[1;34mINFO[m] 
[[1;34mINFO[m] [1m--- [0;32mmaven-remote-resources-plugin:1.4:process[m [1m(default)[m @ [36moak-auth-ldap[0;1m ---[m
[[1;34mINFO[m] 
[[1;34mINFO[m] [1m--- [0;32mmaven-resources-plugin:2.6:resources[m [1m(default-resources)[m @ [36moak-auth-ldap[0;1m ---[m
[[1;34mINFO[m] Using 'UTF-8' encoding to copy filtered resources.
[[1;34mINFO[m] skip non existing resourceDirectory /home/user/Reproducibility-Scanner/benchmarks/bugs-dot-jar/jackrabbit-oak/oak-auth-ldap/src/main/resources
[[1;34mINFO[m] Copying 3 resources
[[1;34mINFO[m] 
[[1;34mINFO[m] [1m--- [0;32mmaven-compiler-plugin:2.5.1:compile[m [1m(default-compile)[m @ [36moak-auth-ldap[0;1m ---[m
[[1;34mINFO[m] Compiling 11 source files to /home/user/Reproducibility-Scanner/benchmarks/bugs-dot-jar/jackrabbit-oak/oak-auth-ldap/target/classes
[[1;34mINFO[m] 
[[1;34mINFO[m] [1m--- [0;32mmaven-scr-plugin:1.16.0:scr[m [1m(generate-scr-scrdescriptor)[m @ [36moak-auth-ldap[0;1m ---[m
[[1;34mINFO[m] Generating 1 MetaType Descriptors in /home/user/Reproducibility-Scanner/benchmarks/bugs-dot-jar/jackrabbit-oak/oak-auth-ldap/target/classes/OSGI-INF/metatype/org.apache.jackrabbit.oak.security.authentication.ldap.impl.LdapProviderConfig.xml
[[1;34mINFO[m] Writing 1 Service Component Descriptors to /home/user/Reproducibility-Scanner/benchmarks/bugs-dot-jar/jackrabbit-oak/oak-auth-ldap/target/classes/OSGI-INF/org.apache.jackrabbit.oak.security.authentication.ldap.impl.LdapIdentityProvider.xml
[[1;34mINFO[m] 
[[1;34mINFO[m] [1m--- [0;32mmaven-resources-plugin:2.6:testResources[m [1m(default-testResources)[m @ [36moak-auth-ldap[0;1m ---[m
[[1;34mINFO[m] Using 'UTF-8' encoding to copy filtered resources.
[[1;34mINFO[m] Copying 3 resources
[[1;34mINFO[m] Copying 3 resources
[[1;34mINFO[m] 
[[1;34mINFO[m] [1m--- [0;32mmaven-compiler-plugin:2.5.1:testCompile[m [1m(default-testCompile)[m @ [36moak-auth-ldap[0;1m ---[m
[[1;34mINFO[m] Compiling 10 source files to /home/user/Reproducibility-Scanner/benchmarks/bugs-dot-jar/jackrabbit-oak/oak-auth-ldap/target/test-classes
[[1;34mINFO[m] 
[[1;34mINFO[m] [1m--- [0;32mmaven-surefire-plugin:2.12.4:test[m [1m(default-test)[m @ [36moak-auth-ldap[0;1m ---[m
[[1;34mINFO[m] Tests are skipped.
[[1;34mINFO[m] 
[[1;34mINFO[m] [1m--- [0;32mjacoco-maven-plugin:0.7.1.201405082137:report[m [1m(post-unit-test)[m @ [36moak-auth-ldap[0;1m ---[m
[[1;34mINFO[m] Skipping JaCoCo execution because property jacoco.skip is set.
[[1;34mINFO[m] 
[[1;34mINFO[m] [1m--- [0;32mmaven-bundle-plugin:2.5.3:bundle[m [1m(default-bundle)[m @ [36moak-auth-ldap[0;1m ---[m
[[1;34mINFO[m] 
[[1;34mINFO[m] [1m--- [0;32mmaven-site-plugin:3.3:attach-descriptor[m [1m(attach-descriptor)[m @ [36moak-auth-ldap[0;1m ---[m
[[1;34mINFO[m] 
[[1;34mINFO[m] [1m--- [0;32mmaven-bundle-plugin:2.5.3:baseline[m [1m(baseline)[m @ [36moak-auth-ldap[0;1m ---[m
[[1;34mINFO[m] Skipping Baseline execution
[[1;34mINFO[m] 
[[1;34mINFO[m] [1m--- [0;32mmaven-install-plugin:2.3.1:install[m [1m(default-install)[m @ [36moak-auth-ldap[0;1m ---[m
[[1;34mINFO[m] Installing /home/user/Reproducibility-Scanner/benchmarks/bugs-dot-jar/jackrabbit-oak/oak-auth-ldap/target/oak-auth-ldap-1.4-SNAPSHOT.jar to /home/user/.m2/repository/org/apache/jackrabbit/oak-auth-ldap/1.4-SNAPSHOT/oak-auth-ldap-1.4-SNAPSHOT.jar
[[1;34mINFO[m] Installing /home/user/Reproducibility-Scanner/benchmarks/bugs-dot-jar/jackrabbit-oak/oak-auth-ldap/pom.xml to /home/user/.m2/repository/org/apache/jackrabbit/oak-auth-ldap/1.4-SNAPSHOT/oak-auth-ldap-1.4-SNAPSHOT.pom
[[1;34mINFO[m] 
[[1;34mINFO[m] [1m--- [0;32mmaven-bundle-plugin:2.5.3:install[m [1m(default-install)[m @ [36moak-auth-ldap[0;1m ---[m
[[1;34mINFO[m] Local OBR update disabled (enable with -DobrRepository)
[[1;34mINFO[m] 
[[1;34mINFO[m] [1m--------------< [0;36morg.apache.jackrabbit:oak-tarmk-standby[0;1m >---------------[m
[[1;34mINFO[m] [1mBuilding Oak TarMK Standby 1.4-SNAPSHOT                          [14/23][m
[[1;34mINFO[m] [1m-------------------------------[ bundle ]-------------------------------[m
[[1;34mINFO[m] 
[[1;34mINFO[m] [1m--- [0;32mjacoco-maven-plugin:0.7.1.201405082137:prepare-agent[m [1m(pre-unit-test)[m @ [36moak-tarmk-standby[0;1m ---[m
[[1;34mINFO[m] Skipping JaCoCo execution because property jacoco.skip is set.
[[1;34mINFO[m] test.opts.coverage set to empty
[[1;34mINFO[m] 
[[1;34mINFO[m] [1m--- [0;32mmaven-remote-resources-plugin:1.4:process[m [1m(default)[m @ [36moak-tarmk-standby[0;1m ---[m
[[1;34mINFO[m] 
[[1;34mINFO[m] [1m--- [0;32mmaven-resources-plugin:2.6:resources[m [1m(default-resources)[m @ [36moak-tarmk-standby[0;1m ---[m
[[1;34mINFO[m] Using 'UTF-8' encoding to copy filtered resources.
[[1;34mINFO[m] Copying 1 resource
[[1;34mINFO[m] Copying 3 resources
[[1;34mINFO[m] 
[[1;34mINFO[m] [1m--- [0;32mmaven-compiler-plugin:2.5.1:compile[m [1m(default-compile)[m @ [36moak-tarmk-standby[0;1m ---[m
[[1;34mINFO[m] Compiling 23 source files to /home/user/Reproducibility-Scanner/benchmarks/bugs-dot-jar/jackrabbit-oak/oak-tarmk-standby/target/classes
[[1;34mINFO[m] 
[[1;34mINFO[m] [1m--- [0;32mmaven-scr-plugin:1.16.0:scr[m [1m(generate-scr-scrdescriptor)[m @ [36moak-tarmk-standby[0;1m ---[m
[[1;34mINFO[m] Generating 1 MetaType Descriptors in /home/user/Reproducibility-Scanner/benchmarks/bugs-dot-jar/jackrabbit-oak/oak-tarmk-standby/target/classes/OSGI-INF/metatype/org.apache.jackrabbit.oak.plugins.segment.standby.store.StandbyStoreService.xml
[[1;34mINFO[m] Writing 1 Service Component Descriptors to /home/user/Reproducibility-Scanner/benchmarks/bugs-dot-jar/jackrabbit-oak/oak-tarmk-standby/target/classes/OSGI-INF/org.apache.jackrabbit.oak.plugins.segment.standby.store.StandbyStoreService.xml
[[1;34mINFO[m] 
[[1;34mINFO[m] [1m--- [0;32mmaven-resources-plugin:2.6:testResources[m [1m(default-testResources)[m @ [36moak-tarmk-standby[0;1m ---[m
[[1;34mINFO[m] Using 'UTF-8' encoding to copy filtered resources.
[[1;34mINFO[m] Copying 1 resource
[[1;34mINFO[m] Copying 3 resources
[[1;34mINFO[m] 
[[1;34mINFO[m] [1m--- [0;32mbuild-helper-maven-plugin:1.9:reserve-network-port[m [1m(reserve-network-port)[m @ [36moak-tarmk-standby[0;1m ---[m
[[1;34mINFO[m] Reserved port 41315 for standby.server.port
[[1;34mINFO[m] Reserved port 42733 for standby.proxy.port
[[1;34mINFO[m] 
[[1;34mINFO[m] [1m--- [0;32mmaven-compiler-plugin:2.5.1:testCompile[m [1m(default-testCompile)[m @ [36moak-tarmk-standby[0;1m ---[m
[[1;34mINFO[m] Compiling 16 source files to /home/user/Reproducibility-Scanner/benchmarks/bugs-dot-jar/jackrabbit-oak/oak-tarmk-standby/target/test-classes
[[1;34mINFO[m] 
[[1;34mINFO[m] [1m--- [0;32mmaven-surefire-plugin:2.12.4:test[m [1m(default-test)[m @ [36moak-tarmk-standby[0;1m ---[m
[[1;34mINFO[m] Tests are skipped.
[[1;34mINFO[m] 
[[1;34mINFO[m] [1m--- [0;32mjacoco-maven-plugin:0.7.1.201405082137:report[m [1m(post-unit-test)[m @ [36moak-tarmk-standby[0;1m ---[m
[[1;34mINFO[m] Skipping JaCoCo execution because property jacoco.skip is set.
[[1;34mINFO[m] 
[[1;34mINFO[m] [1m--- [0;32mmaven-bundle-plugin:2.5.3:bundle[m [1m(default-bundle)[m @ [36moak-tarmk-standby[0;1m ---[m
[[1;33mWARNING[m] Bundle org.apache.jackrabbit:oak-tarmk-standby:bundle:1.4-SNAPSHOT : Unused Import-Package instructions: [sun.nio.ch.*] 
[[1;34mINFO[m] 
[[1;34mINFO[m] [1m--- [0;32mmaven-site-plugin:3.3:attach-descriptor[m [1m(attach-descriptor)[m @ [36moak-tarmk-standby[0;1m ---[m
[[1;34mINFO[m] 
[[1;34mINFO[m] [1m--- [0;32mmaven-bundle-plugin:2.5.3:baseline[m [1m(baseline)[m @ [36moak-tarmk-standby[0;1m ---[m
[[1;34mINFO[m] Skipping Baseline execution
[[1;34mINFO[m] 
[[1;34mINFO[m] [1m--- [0;32mmaven-install-plugin:2.3.1:install[m [1m(default-install)[m @ [36moak-tarmk-standby[0;1m ---[m
[[1;34mINFO[m] Installing /home/user/Reproducibility-Scanner/benchmarks/bugs-dot-jar/jackrabbit-oak/oak-tarmk-standby/target/oak-tarmk-standby-1.4-SNAPSHOT.jar to /home/user/.m2/repository/org/apache/jackrabbit/oak-tarmk-standby/1.4-SNAPSHOT/oak-tarmk-standby-1.4-SNAPSHOT.jar
[[1;34mINFO[m] Installing /home/user/Reproducibility-Scanner/benchmarks/bugs-dot-jar/jackrabbit-oak/oak-tarmk-standby/pom.xml to /home/user/.m2/repository/org/apache/jackrabbit/oak-tarmk-standby/1.4-SNAPSHOT/oak-tarmk-standby-1.4-SNAPSHOT.pom
[[1;34mINFO[m] 
[[1;34mINFO[m] [1m--- [0;32mmaven-bundle-plugin:2.5.3:install[m [1m(default-install)[m @ [36moak-tarmk-standby[0;1m ---[m
[[1;34mINFO[m] Local OBR update disabled (enable with -DobrRepository)
[[1;34mINFO[m] 
[[1;34mINFO[m] [1m------------------< [0;36morg.apache.jackrabbit:oak-remote[0;1m >------------------[m
[[1;34mINFO[m] [1mBuilding Oak Remote API 1.4-SNAPSHOT                             [15/23][m
[[1;34mINFO[m] [1m-------------------------------[ bundle ]-------------------------------[m
[[1;34mINFO[m] 
[[1;34mINFO[m] [1m--- [0;32mjacoco-maven-plugin:0.7.1.201405082137:prepare-agent[m [1m(pre-unit-test)[m @ [36moak-remote[0;1m ---[m
[[1;34mINFO[m] Skipping JaCoCo execution because property jacoco.skip is set.
[[1;34mINFO[m] test.opts.coverage set to empty
[[1;34mINFO[m] 
[[1;34mINFO[m] [1m--- [0;32mmaven-remote-resources-plugin:1.4:process[m [1m(default)[m @ [36moak-remote[0;1m ---[m
[[1;34mINFO[m] 
[[1;34mINFO[m] [1m--- [0;32mmaven-resources-plugin:2.6:resources[m [1m(default-resources)[m @ [36moak-remote[0;1m ---[m
[[1;34mINFO[m] Using 'UTF-8' encoding to copy filtered resources.
[[1;34mINFO[m] skip non existing resourceDirectory /home/user/Reproducibility-Scanner/benchmarks/bugs-dot-jar/jackrabbit-oak/oak-remote/src/main/resources
[[1;34mINFO[m] Copying 3 resources
[[1;34mINFO[m] 
[[1;34mINFO[m] [1m--- [0;32mmaven-compiler-plugin:2.5.1:compile[m [1m(default-compile)[m @ [36moak-remote[0;1m ---[m
[[1;34mINFO[m] Compiling 69 source files to /home/user/Reproducibility-Scanner/benchmarks/bugs-dot-jar/jackrabbit-oak/oak-remote/target/classes
[[1;34mINFO[m] 
[[1;34mINFO[m] [1m--- [0;32mmaven-scr-plugin:1.16.0:scr[m [1m(generate-scr-scrdescriptor)[m @ [36moak-remote[0;1m ---[m
[[1;34mINFO[m] Generating 1 MetaType Descriptors in /home/user/Reproducibility-Scanner/benchmarks/bugs-dot-jar/jackrabbit-oak/oak-remote/target/classes/OSGI-INF/metatype/org.apache.jackrabbit.oak.remote.osgi.RemoteServletRegistration.xml
[[1;34mINFO[m] Writing 1 Service Component Descriptors to /home/user/Reproducibility-Scanner/benchmarks/bugs-dot-jar/jackrabbit-oak/oak-remote/target/classes/OSGI-INF/org.apache.jackrabbit.oak.remote.osgi.RemoteServletRegistration.xml
[[1;34mINFO[m] 
[[1;34mINFO[m] [1m--- [0;32mmaven-resources-plugin:2.6:testResources[m [1m(default-testResources)[m @ [36moak-remote[0;1m ---[m
[[1;34mINFO[m] Using 'UTF-8' encoding to copy filtered resources.
[[1;34mINFO[m] Copying 24 resources
[[1;34mINFO[m] Copying 3 resources
[[1;34mINFO[m] 
[[1;34mINFO[m] [1m--- [0;32mmaven-compiler-plugin:2.5.1:testCompile[m [1m(default-testCompile)[m @ [36moak-remote[0;1m ---[m
[[1;34mINFO[m] Compiling 19 source files to /home/user/Reproducibility-Scanner/benchmarks/bugs-dot-jar/jackrabbit-oak/oak-remote/target/test-classes
[[1;34mINFO[m] 
[[1;34mINFO[m] [1m--- [0;32mmaven-surefire-plugin:2.12.4:test[m [1m(default-test)[m @ [36moak-remote[0;1m ---[m
[[1;34mINFO[m] Tests are skipped.
[[1;34mINFO[m] 
[[1;34mINFO[m] [1m--- [0;32mjacoco-maven-plugin:0.7.1.201405082137:report[m [1m(post-unit-test)[m @ [36moak-remote[0;1m ---[m
[[1;34mINFO[m] Skipping JaCoCo execution because property jacoco.skip is set.
[[1;34mINFO[m] 
[[1;34mINFO[m] [1m--- [0;32mmaven-bundle-plugin:2.5.3:bundle[m [1m(default-bundle)[m @ [36moak-remote[0;1m ---[m
[[1;34mINFO[m] 
[[1;34mINFO[m] [1m--- [0;32mmaven-site-plugin:3.3:attach-descriptor[m [1m(attach-descriptor)[m @ [36moak-remote[0;1m ---[m
[[1;34mINFO[m] 
[[1;34mINFO[m] [1m--- [0;32mmaven-bundle-plugin:2.5.3:baseline[m [1m(baseline)[m @ [36moak-remote[0;1m ---[m
[[1;34mINFO[m] Skipping Baseline execution
[[1;34mINFO[m] 
[[1;34mINFO[m] [1m--- [0;32mmaven-failsafe-plugin:2.18.1:integration-test[m [1m(default)[m @ [36moak-remote[0;1m ---[m
[[1;34mINFO[m] Tests are skipped.
[[1;34mINFO[m] 
[[1;34mINFO[m] [1m--- [0;32mmaven-failsafe-plugin:2.18.1:verify[m [1m(default)[m @ [36moak-remote[0;1m ---[m
[[1;34mINFO[m] Tests are skipped.
[[1;34mINFO[m] 
[[1;34mINFO[m] [1m--- [0;32mmaven-install-plugin:2.3.1:install[m [1m(default-install)[m @ [36moak-remote[0;1m ---[m
[[1;34mINFO[m] Installing /home/user/Reproducibility-Scanner/benchmarks/bugs-dot-jar/jackrabbit-oak/oak-remote/target/oak-remote-1.4-SNAPSHOT.jar to /home/user/.m2/repository/org/apache/jackrabbit/oak-remote/1.4-SNAPSHOT/oak-remote-1.4-SNAPSHOT.jar
[[1;34mINFO[m] Installing /home/user/Reproducibility-Scanner/benchmarks/bugs-dot-jar/jackrabbit-oak/oak-remote/pom.xml to /home/user/.m2/repository/org/apache/jackrabbit/oak-remote/1.4-SNAPSHOT/oak-remote-1.4-SNAPSHOT.pom
[[1;34mINFO[m] 
[[1;34mINFO[m] [1m--- [0;32mmaven-bundle-plugin:2.5.3:install[m [1m(default-install)[m @ [36moak-remote[0;1m ---[m
[[1;34mINFO[m] Local OBR update disabled (enable with -DobrRepository)
[[1;34mINFO[m] 
[[1;34mINFO[m] [1m-------------------< [0;36morg.apache.jackrabbit:oak-run[0;1m >--------------------[m
[[1;34mINFO[m] [1mBuilding Oak Runnable Jar 1.4-SNAPSHOT                           [16/23][m
[[1;34mINFO[m] [1m--------------------------------[ jar ]---------------------------------[m
[[1;34mINFO[m] 
[[1;34mINFO[m] [1m--- [0;32mjacoco-maven-plugin:0.7.1.201405082137:prepare-agent[m [1m(pre-unit-test)[m @ [36moak-run[0;1m ---[m
[[1;34mINFO[m] Skipping JaCoCo execution because property jacoco.skip is set.
[[1;34mINFO[m] test.opts.coverage set to empty
[[1;34mINFO[m] 
[[1;34mINFO[m] [1m--- [0;32mgmaven-plugin:1.4:generateStubs[m [1m(default)[m @ [36moak-run[0;1m ---[m
[[1;34mINFO[m] Generated 13 Java stubs
[[1;34mINFO[m] 
[[1;34mINFO[m] [1m--- [0;32mmaven-remote-resources-plugin:1.4:process[m [1m(default)[m @ [36moak-run[0;1m ---[m
[[1;34mINFO[m] 
[[1;34mINFO[m] [1m--- [0;32mmaven-resources-plugin:2.6:resources[m [1m(default-resources)[m @ [36moak-run[0;1m ---[m
[[1;34mINFO[m] Using 'UTF-8' encoding to copy filtered resources.
[[1;34mINFO[m] Copying 10 resources
[[1;34mINFO[m] Copying 4 resources
[[1;34mINFO[m] Copying 3 resources
[[1;34mINFO[m] 
[[1;34mINFO[m] [1m--- [0;32mbuild-helper-maven-plugin:1.7:reserve-network-port[m [1m(reserve-network-port)[m @ [36moak-run[0;1m ---[m
[[1;34mINFO[m] Reserved port 39857 for jetty.http.port
[[1;34mINFO[m] 
[[1;34mINFO[m] [1m--- [0;32mmaven-compiler-plugin:2.5.1:compile[m [1m(default-compile)[m @ [36moak-run[0;1m ---[m
[[1;34mINFO[m] Compiling 155 source files to /home/user/Reproducibility-Scanner/benchmarks/bugs-dot-jar/jackrabbit-oak/oak-run/target/classes
[[1;34mINFO[m] 
[[1;34mINFO[m] [1m--- [0;32mgmaven-plugin:1.4:compile[m [1m(default)[m @ [36moak-run[0;1m ---[m
[[1;34mINFO[m] Compiled 26 Groovy classes
[[1;34mINFO[m] 
[[1;34mINFO[m] [1m--- [0;32mgmaven-plugin:1.4:generateTestStubs[m [1m(default)[m @ [36moak-run[0;1m ---[m
[[1;34mINFO[m] No sources found for Java stub generation
[[1;34mINFO[m] 
[[1;34mINFO[m] [1m--- [0;32mmaven-resources-plugin:2.6:testResources[m [1m(default-testResources)[m @ [36moak-run[0;1m ---[m
[[1;34mINFO[m] Using 'UTF-8' encoding to copy filtered resources.
[[1;34mINFO[m] skip non existing resourceDirectory /home/user/Reproducibility-Scanner/benchmarks/bugs-dot-jar/jackrabbit-oak/oak-run/src/test/resources
[[1;34mINFO[m] Copying 3 resources
[[1;34mINFO[m] 
[[1;34mINFO[m] [1m--- [0;32mmaven-compiler-plugin:2.5.1:testCompile[m [1m(default-testCompile)[m @ [36moak-run[0;1m ---[m
[[1;34mINFO[m] Compiling 6 source files to /home/user/Reproducibility-Scanner/benchmarks/bugs-dot-jar/jackrabbit-oak/oak-run/target/test-classes
[[1;34mINFO[m] 
[[1;34mINFO[m] [1m--- [0;32mgmaven-plugin:1.4:testCompile[m [1m(default)[m @ [36moak-run[0;1m ---[m
[[1;34mINFO[m] No sources found to compile
[[1;34mINFO[m] 
[[1;34mINFO[m] [1m--- [0;32mmaven-surefire-plugin:2.12.4:test[m [1m(default-test)[m @ [36moak-run[0;1m ---[m
[[1;34mINFO[m] Tests are skipped.
[[1;34mINFO[m] 
[[1;34mINFO[m] [1m--- [0;32mjacoco-maven-plugin:0.7.1.201405082137:report[m [1m(post-unit-test)[m @ [36moak-run[0;1m ---[m
[[1;34mINFO[m] Skipping JaCoCo execution because property jacoco.skip is set.
[[1;34mINFO[m] 
[[1;34mINFO[m] [1m--- [0;32mmaven-jar-plugin:2.4:jar[m [1m(default-jar)[m @ [36moak-run[0;1m ---[m
[[1;34mINFO[m] Building jar: /home/user/Reproducibility-Scanner/benchmarks/bugs-dot-jar/jackrabbit-oak/oak-run/target/oak-run-1.4-SNAPSHOT.jar
[[1;34mINFO[m] 
[[1;34mINFO[m] [1m--- [0;32mmaven-site-plugin:3.3:attach-descriptor[m [1m(attach-descriptor)[m @ [36moak-run[0;1m ---[m
[[1;34mINFO[m] 
[[1;34mINFO[m] [1m--- [0;32mmaven-dependency-plugin:2.8:unpack[m [1m(copy)[m @ [36moak-run[0;1m ---[m
[[1;34mINFO[m] Configured Artifact: org.apache.lucene:lucene-core:3.6.0:jar
[[1;34mINFO[m] Unpacking /home/user/.m2/repository/org/apache/lucene/lucene-core/3.6.0/lucene-core-3.6.0.jar to /home/user/Reproducibility-Scanner/benchmarks/bugs-dot-jar/jackrabbit-oak/oak-run/target/jr2 with includes "" and excludes ""
[[1;34mINFO[m] 
[[1;34mINFO[m] [1m--- [0;32mmaven-assembly-plugin:2.4:single[m [1m(create-oak)[m @ [36moak-run[0;1m ---[m
[[1;34mINFO[m] Reading assembly descriptor: src/main/assembly/oak-run.xml
[[1;34mINFO[m] Building jar: /home/user/Reproducibility-Scanner/benchmarks/bugs-dot-jar/jackrabbit-oak/oak-run/target/oak-run-1.4-SNAPSHOT-oak.jar
[[1;34mINFO[m] 
[[1;34mINFO[m] [1m--- [0;32mmaven-assembly-plugin:2.4:single[m [1m(create-jr2)[m @ [36moak-run[0;1m ---[m
[[1;34mINFO[m] Reading assembly descriptor: src/main/assembly/oak-run-jr2.xml
[[1;34mINFO[m] Building jar: /home/user/Reproducibility-Scanner/benchmarks/bugs-dot-jar/jackrabbit-oak/oak-run/target/oak-run-1.4-SNAPSHOT-jr2.jar
[[1;34mINFO[m] 
[[1;34mINFO[m] [1m--- [0;32mmaven-antrun-plugin:1.7:run[m [1m(default)[m @ [36moak-run[0;1m ---[m
[[1;34mINFO[m] Executing tasks

main:
     [copy] Copying 1 file to /home/user/Reproducibility-Scanner/benchmarks/bugs-dot-jar/jackrabbit-oak/oak-run/target
   [delete] Deleting: /home/user/Reproducibility-Scanner/benchmarks/bugs-dot-jar/jackrabbit-oak/oak-run/target/oak-run-1.4-SNAPSHOT-oak.jar
[[1;34mINFO[m] Executed tasks
[[1;34mINFO[m] 
[[1;34mINFO[m] [1m--- [0;32mmaven-install-plugin:2.3.1:install[m [1m(default-install)[m @ [36moak-run[0;1m ---[m
[[1;34mINFO[m] Installing /home/user/Reproducibility-Scanner/benchmarks/bugs-dot-jar/jackrabbit-oak/oak-run/target/oak-run-1.4-SNAPSHOT.jar to /home/user/.m2/repository/org/apache/jackrabbit/oak-run/1.4-SNAPSHOT/oak-run-1.4-SNAPSHOT.jar
[[1;34mINFO[m] Installing /home/user/Reproducibility-Scanner/benchmarks/bugs-dot-jar/jackrabbit-oak/oak-run/pom.xml to /home/user/.m2/repository/org/apache/jackrabbit/oak-run/1.4-SNAPSHOT/oak-run-1.4-SNAPSHOT.pom
[[1;34mINFO[m] Installing /home/user/Reproducibility-Scanner/benchmarks/bugs-dot-jar/jackrabbit-oak/oak-run/target/oak-run-1.4-SNAPSHOT-jr2.jar to /home/user/.m2/repository/org/apache/jackrabbit/oak-run/1.4-SNAPSHOT/oak-run-1.4-SNAPSHOT-jr2.jar
[[1;34mINFO[m] 
[[1;34mINFO[m] [1m-----------------< [0;36morg.apache.jackrabbit:oak-it-osgi[0;1m >------------------[m
[[1;34mINFO[m] [1mBuilding Oak Integration Tests for OSGi deployments 1.4-SNAPSHOT [17/23][m
[[1;34mINFO[m] [1m--------------------------------[ jar ]---------------------------------[m
[[1;34mINFO[m] 
[[1;34mINFO[m] [1m--- [0;32mjacoco-maven-plugin:0.7.1.201405082137:prepare-agent[m [1m(pre-unit-test)[m @ [36moak-it-osgi[0;1m ---[m
[[1;34mINFO[m] Skipping JaCoCo execution because property jacoco.skip is set.
[[1;34mINFO[m] test.opts.coverage set to empty
[[1;34mINFO[m] 
[[1;34mINFO[m] [1m--- [0;32mmaven-remote-resources-plugin:1.4:process[m [1m(default)[m @ [36moak-it-osgi[0;1m ---[m
[[1;34mINFO[m] 
[[1;34mINFO[m] [1m--- [0;32mmaven-resources-plugin:2.6:resources[m [1m(default-resources)[m @ [36moak-it-osgi[0;1m ---[m
[[1;34mINFO[m] Using 'UTF-8' encoding to copy filtered resources.
[[1;34mINFO[m] skip non existing resourceDirectory /home/user/Reproducibility-Scanner/benchmarks/bugs-dot-jar/jackrabbit-oak/oak-it-osgi/src/main/resources
[[1;34mINFO[m] Copying 3 resources
[[1;34mINFO[m] 
[[1;34mINFO[m] [1m--- [0;32mmaven-compiler-plugin:2.5.1:compile[m [1m(default-compile)[m @ [36moak-it-osgi[0;1m ---[m
[[1;34mINFO[m] No sources to compile
[[1;34mINFO[m] 
[[1;34mINFO[m] [1m--- [0;32mmaven-resources-plugin:2.6:testResources[m [1m(default-testResources)[m @ [36moak-it-osgi[0;1m ---[m
[[1;34mINFO[m] Using 'UTF-8' encoding to copy filtered resources.
[[1;34mINFO[m] Copying 1 resource
[[1;34mINFO[m] Copying 3 resources
[[1;34mINFO[m] 
[[1;34mINFO[m] [1m--- [0;32mmaven-compiler-plugin:2.5.1:testCompile[m [1m(default-testCompile)[m @ [36moak-it-osgi[0;1m ---[m
[[1;34mINFO[m] Compiling 1 source file to /home/user/Reproducibility-Scanner/benchmarks/bugs-dot-jar/jackrabbit-oak/oak-it-osgi/target/test-classes
[[1;34mINFO[m] 
[[1;34mINFO[m] [1m--- [0;32mmaven-surefire-plugin:2.12.4:test[m [1m(default-test)[m @ [36moak-it-osgi[0;1m ---[m
[[1;34mINFO[m] Tests are skipped.
[[1;34mINFO[m] 
[[1;34mINFO[m] [1m--- [0;32mjacoco-maven-plugin:0.7.1.201405082137:report[m [1m(post-unit-test)[m @ [36moak-it-osgi[0;1m ---[m
[[1;34mINFO[m] Skipping JaCoCo execution because property jacoco.skip is set.
[[1;34mINFO[m] 
[[1;34mINFO[m] [1m--- [0;32mmaven-jar-plugin:2.4:jar[m [1m(default-jar)[m @ [36moak-it-osgi[0;1m ---[m
[[1;34mINFO[m] Building jar: /home/user/Reproducibility-Scanner/benchmarks/bugs-dot-jar/jackrabbit-oak/oak-it-osgi/target/oak-it-osgi-1.4-SNAPSHOT.jar
[[1;34mINFO[m] 
[[1;34mINFO[m] [1m--- [0;32mmaven-site-plugin:3.3:attach-descriptor[m [1m(attach-descriptor)[m @ [36moak-it-osgi[0;1m ---[m
[[1;34mINFO[m] 
[[1;34mINFO[m] [1m--- [0;32mmaven-assembly-plugin:2.2.1:single[m [1m(default)[m @ [36moak-it-osgi[0;1m ---[m
[[1;34mINFO[m] Reading assembly descriptor: test-bundles.xml
[[1;34mINFO[m] Copying files to /home/user/Reproducibility-Scanner/benchmarks/bugs-dot-jar/jackrabbit-oak/oak-it-osgi/target/test-bundles
[[1;34mINFO[m] 
[[1;34mINFO[m] [1m--- [0;32mmaven-install-plugin:2.3.1:install[m [1m(default-install)[m @ [36moak-it-osgi[0;1m ---[m
[[1;34mINFO[m] Installing /home/user/Reproducibility-Scanner/benchmarks/bugs-dot-jar/jackrabbit-oak/oak-it-osgi/target/oak-it-osgi-1.4-SNAPSHOT.jar to /home/user/.m2/repository/org/apache/jackrabbit/oak-it-osgi/1.4-SNAPSHOT/oak-it-osgi-1.4-SNAPSHOT.jar
[[1;34mINFO[m] Installing /home/user/Reproducibility-Scanner/benchmarks/bugs-dot-jar/jackrabbit-oak/oak-it-osgi/pom.xml to /home/user/.m2/repository/org/apache/jackrabbit/oak-it-osgi/1.4-SNAPSHOT/oak-it-osgi-1.4-SNAPSHOT.pom
[[1;34mINFO[m] 
[[1;34mINFO[m] [1m------------------< [0;36morg.apache.jackrabbit:oak-pojosr[0;1m >------------------[m
[[1;34mINFO[m] [1mBuilding Oak PojoSR 1.4-SNAPSHOT                                 [18/23][m
[[1;34mINFO[m] [1m--------------------------------[ jar ]---------------------------------[m
[[1;34mINFO[m] 
[[1;34mINFO[m] [1m--- [0;32mjacoco-maven-plugin:0.7.1.201405082137:prepare-agent[m [1m(pre-unit-test)[m @ [36moak-pojosr[0;1m ---[m
[[1;34mINFO[m] Skipping JaCoCo execution because property jacoco.skip is set.
[[1;34mINFO[m] test.opts.coverage set to empty
[[1;34mINFO[m] 
[[1;34mINFO[m] [1m--- [0;32mmaven-remote-resources-plugin:1.4:process[m [1m(default)[m @ [36moak-pojosr[0;1m ---[m
[[1;34mINFO[m] 
[[1;34mINFO[m] [1m--- [0;32mmaven-resources-plugin:2.6:resources[m [1m(default-resources)[m @ [36moak-pojosr[0;1m ---[m
[[1;34mINFO[m] Using 'UTF-8' encoding to copy filtered resources.
[[1;34mINFO[m] Copying 1 resource
[[1;34mINFO[m] Copying 3 resources
[[1;34mINFO[m] 
[[1;34mINFO[m] [1m--- [0;32mmaven-compiler-plugin:2.5.1:compile[m [1m(default-compile)[m @ [36moak-pojosr[0;1m ---[m
[[1;34mINFO[m] Compiling 8 source files to /home/user/Reproducibility-Scanner/benchmarks/bugs-dot-jar/jackrabbit-oak/oak-pojosr/target/classes
[[1;34mINFO[m] 
[[1;34mINFO[m] [1m--- [0;32mgmaven-plugin:1.4:generateTestStubs[m [1m(default)[m @ [36moak-pojosr[0;1m ---[m
[[1;34mINFO[m] Generated 22 Java stubs
[[1;34mINFO[m] 
[[1;34mINFO[m] [1m--- [0;32mmaven-resources-plugin:2.6:testResources[m [1m(default-testResources)[m @ [36moak-pojosr[0;1m ---[m
[[1;34mINFO[m] Using 'UTF-8' encoding to copy filtered resources.
[[1;34mINFO[m] Copying 14 resources
[[1;34mINFO[m] Copying 3 resources
[[1;34mINFO[m] 
[[1;34mINFO[m] [1m--- [0;32mmaven-compiler-plugin:2.5.1:testCompile[m [1m(default-testCompile)[m @ [36moak-pojosr[0;1m ---[m
[[1;34mINFO[m] Compiling 16 source files to /home/user/Reproducibility-Scanner/benchmarks/bugs-dot-jar/jackrabbit-oak/oak-pojosr/target/test-classes
[[1;34mINFO[m] 
[[1;34mINFO[m] [1m--- [0;32mgmaven-plugin:1.4:testCompile[m [1m(default)[m @ [36moak-pojosr[0;1m ---[m
[[1;34mINFO[m] Compiled 29 Groovy classes
[[1;34mINFO[m] 
[[1;34mINFO[m] [1m--- [0;32mmaven-surefire-plugin:2.12.4:test[m [1m(default-test)[m @ [36moak-pojosr[0;1m ---[m
[[1;34mINFO[m] Tests are skipped.
[[1;34mINFO[m] 
[[1;34mINFO[m] [1m--- [0;32mjacoco-maven-plugin:0.7.1.201405082137:report[m [1m(post-unit-test)[m @ [36moak-pojosr[0;1m ---[m
[[1;34mINFO[m] Skipping JaCoCo execution because property jacoco.skip is set.
[[1;34mINFO[m] 
[[1;34mINFO[m] [1m--- [0;32mmaven-jar-plugin:2.4:jar[m [1m(default-jar)[m @ [36moak-pojosr[0;1m ---[m
[[1;34mINFO[m] Building jar: /home/user/Reproducibility-Scanner/benchmarks/bugs-dot-jar/jackrabbit-oak/oak-pojosr/target/oak-pojosr-1.4-SNAPSHOT.jar
[[1;34mINFO[m] 
[[1;34mINFO[m] [1m--- [0;32mmaven-site-plugin:3.3:attach-descriptor[m [1m(attach-descriptor)[m @ [36moak-pojosr[0;1m ---[m
[[1;34mINFO[m] 
[[1;34mINFO[m] [1m--- [0;32mmaven-install-plugin:2.3.1:install[m [1m(default-install)[m @ [36moak-pojosr[0;1m ---[m
[[1;34mINFO[m] Installing /home/user/Reproducibility-Scanner/benchmarks/bugs-dot-jar/jackrabbit-oak/oak-pojosr/target/oak-pojosr-1.4-SNAPSHOT.jar to /home/user/.m2/repository/org/apache/jackrabbit/oak-pojosr/1.4-SNAPSHOT/oak-pojosr-1.4-SNAPSHOT.jar
[[1;34mINFO[m] Installing /home/user/Reproducibility-Scanner/benchmarks/bugs-dot-jar/jackrabbit-oak/oak-pojosr/pom.xml to /home/user/.m2/repository/org/apache/jackrabbit/oak-pojosr/1.4-SNAPSHOT/oak-pojosr-1.4-SNAPSHOT.pom
[[1;34mINFO[m] 
[[1;34mINFO[m] [1m------------< [0;36morg.apache.jackrabbit:oak-authorization-cug[0;1m >-------------[m
[[1;34mINFO[m] [1mBuilding Oak CUG 1.4-SNAPSHOT                                    [19/23][m
[[1;34mINFO[m] [1m-------------------------------[ bundle ]-------------------------------[m
[[1;34mINFO[m] 
[[1;34mINFO[m] [1m--- [0;32mjacoco-maven-plugin:0.7.1.201405082137:prepare-agent[m [1m(pre-unit-test)[m @ [36moak-authorization-cug[0;1m ---[m
[[1;34mINFO[m] Skipping JaCoCo execution because property jacoco.skip is set.
[[1;34mINFO[m] test.opts.coverage set to empty
[[1;34mINFO[m] 
[[1;34mINFO[m] [1m--- [0;32mmaven-remote-resources-plugin:1.4:process[m [1m(default)[m @ [36moak-authorization-cug[0;1m ---[m
[[1;34mINFO[m] 
[[1;34mINFO[m] [1m--- [0;32mmaven-resources-plugin:2.6:resources[m [1m(default-resources)[m @ [36moak-authorization-cug[0;1m ---[m
[[1;34mINFO[m] Using 'UTF-8' encoding to copy filtered resources.
[[1;34mINFO[m] Copying 1 resource
[[1;34mINFO[m] Copying 3 resources
[[1;34mINFO[m] 
[[1;34mINFO[m] [1m--- [0;32mmaven-compiler-plugin:2.5.1:compile[m [1m(default-compile)[m @ [36moak-authorization-cug[0;1m ---[m
[[1;34mINFO[m] Compiling 16 source files to /home/user/Reproducibility-Scanner/benchmarks/bugs-dot-jar/jackrabbit-oak/oak-authorization-cug/target/classes
[[1;34mINFO[m] 
[[1;34mINFO[m] [1m--- [0;32mmaven-scr-plugin:1.16.0:scr[m [1m(generate-scr-scrdescriptor)[m @ [36moak-authorization-cug[0;1m ---[m
[[1;34mINFO[m] Generating 1 MetaType Descriptors in /home/user/Reproducibility-Scanner/benchmarks/bugs-dot-jar/jackrabbit-oak/oak-authorization-cug/target/classes/OSGI-INF/metatype/org.apache.jackrabbit.oak.spi.security.authorization.cug.impl.CugExcludeImpl.xml
[[1;34mINFO[m] Generating 1 MetaType Descriptors in /home/user/Reproducibility-Scanner/benchmarks/bugs-dot-jar/jackrabbit-oak/oak-authorization-cug/target/classes/OSGI-INF/metatype/org.apache.jackrabbit.oak.spi.security.authorization.cug.impl.CugConfiguration.xml
[[1;34mINFO[m] Writing 1 Service Component Descriptors to /home/user/Reproducibility-Scanner/benchmarks/bugs-dot-jar/jackrabbit-oak/oak-authorization-cug/target/classes/OSGI-INF/org.apache.jackrabbit.oak.spi.security.authorization.cug.impl.CugExcludeImpl.xml
[[1;34mINFO[m] Writing 1 Service Component Descriptors to /home/user/Reproducibility-Scanner/benchmarks/bugs-dot-jar/jackrabbit-oak/oak-authorization-cug/target/classes/OSGI-INF/org.apache.jackrabbit.oak.spi.security.authorization.cug.impl.CugConfiguration.xml
[[1;34mINFO[m] 
[[1;34mINFO[m] [1m--- [0;32mmaven-resources-plugin:2.6:testResources[m [1m(default-testResources)[m @ [36moak-authorization-cug[0;1m ---[m
[[1;34mINFO[m] Using 'UTF-8' encoding to copy filtered resources.
[[1;34mINFO[m] skip non existing resourceDirectory /home/user/Reproducibility-Scanner/benchmarks/bugs-dot-jar/jackrabbit-oak/oak-authorization-cug/src/test/resources
[[1;34mINFO[m] Copying 3 resources
[[1;34mINFO[m] 
[[1;34mINFO[m] [1m--- [0;32mmaven-compiler-plugin:2.5.1:testCompile[m [1m(default-testCompile)[m @ [36moak-authorization-cug[0;1m ---[m
[[1;34mINFO[m] Compiling 16 source files to /home/user/Reproducibility-Scanner/benchmarks/bugs-dot-jar/jackrabbit-oak/oak-authorization-cug/target/test-classes
[[1;34mINFO[m] 
[[1;34mINFO[m] [1m--- [0;32mmaven-surefire-plugin:2.12.4:test[m [1m(default-test)[m @ [36moak-authorization-cug[0;1m ---[m
[[1;34mINFO[m] Tests are skipped.
[[1;34mINFO[m] 
[[1;34mINFO[m] [1m--- [0;32mjacoco-maven-plugin:0.7.1.201405082137:report[m [1m(post-unit-test)[m @ [36moak-authorization-cug[0;1m ---[m
[[1;34mINFO[m] Skipping JaCoCo execution because property jacoco.skip is set.
[[1;34mINFO[m] 
[[1;34mINFO[m] [1m--- [0;32mmaven-bundle-plugin:2.5.3:bundle[m [1m(default-bundle)[m @ [36moak-authorization-cug[0;1m ---[m
[[1;34mINFO[m] 
[[1;34mINFO[m] [1m--- [0;32mmaven-site-plugin:3.3:attach-descriptor[m [1m(attach-descriptor)[m @ [36moak-authorization-cug[0;1m ---[m
[[1;34mINFO[m] 
[[1;34mINFO[m] [1m--- [0;32mmaven-jar-plugin:2.4:test-jar[m [1m(default)[m @ [36moak-authorization-cug[0;1m ---[m
[[1;34mINFO[m] Building jar: /home/user/Reproducibility-Scanner/benchmarks/bugs-dot-jar/jackrabbit-oak/oak-authorization-cug/target/oak-authorization-cug-1.4-SNAPSHOT-tests.jar
[[1;34mINFO[m] 
[[1;34mINFO[m] [1m--- [0;32mmaven-bundle-plugin:2.5.3:baseline[m [1m(baseline)[m @ [36moak-authorization-cug[0;1m ---[m
[[1;34mINFO[m] Skipping Baseline execution
[[1;34mINFO[m] 
[[1;34mINFO[m] [1m--- [0;32mmaven-install-plugin:2.3.1:install[m [1m(default-install)[m @ [36moak-authorization-cug[0;1m ---[m
[[1;34mINFO[m] Installing /home/user/Reproducibility-Scanner/benchmarks/bugs-dot-jar/jackrabbit-oak/oak-authorization-cug/target/oak-authorization-cug-1.4-SNAPSHOT.jar to /home/user/.m2/repository/org/apache/jackrabbit/oak-authorization-cug/1.4-SNAPSHOT/oak-authorization-cug-1.4-SNAPSHOT.jar
[[1;34mINFO[m] Installing /home/user/Reproducibility-Scanner/benchmarks/bugs-dot-jar/jackrabbit-oak/oak-authorization-cug/pom.xml to /home/user/.m2/repository/org/apache/jackrabbit/oak-authorization-cug/1.4-SNAPSHOT/oak-authorization-cug-1.4-SNAPSHOT.pom
[[1;34mINFO[m] Installing /home/user/Reproducibility-Scanner/benchmarks/bugs-dot-jar/jackrabbit-oak/oak-authorization-cug/target/oak-authorization-cug-1.4-SNAPSHOT-tests.jar to /home/user/.m2/repository/org/apache/jackrabbit/oak-authorization-cug/1.4-SNAPSHOT/oak-authorization-cug-1.4-SNAPSHOT-tests.jar
[[1;34mINFO[m] 
[[1;34mINFO[m] [1m--- [0;32mmaven-bundle-plugin:2.5.3:install[m [1m(default-install)[m @ [36moak-authorization-cug[0;1m ---[m
[[1;34mINFO[m] Local OBR update disabled (enable with -DobrRepository)
[[1;34mINFO[m] 
[[1;34mINFO[m] [1m-----------------< [0;36morg.apache.jackrabbit:oak-exercise[0;1m >-----------------[m
[[1;34mINFO[m] [1mBuilding Oak Exercises 1.4-SNAPSHOT                              [20/23][m
[[1;34mINFO[m] [1m--------------------------------[ jar ]---------------------------------[m
[[1;34mINFO[m] 
[[1;34mINFO[m] [1m--- [0;32mjacoco-maven-plugin:0.7.1.201405082137:prepare-agent[m [1m(pre-unit-test)[m @ [36moak-exercise[0;1m ---[m
[[1;34mINFO[m] Skipping JaCoCo execution because property jacoco.skip is set.
[[1;34mINFO[m] test.opts.coverage set to empty
[[1;34mINFO[m] 
[[1;34mINFO[m] [1m--- [0;32mmaven-remote-resources-plugin:1.4:process[m [1m(default)[m @ [36moak-exercise[0;1m ---[m
[[1;34mINFO[m] 
[[1;34mINFO[m] [1m--- [0;32mmaven-resources-plugin:2.6:resources[m [1m(default-resources)[m @ [36moak-exercise[0;1m ---[m
[[1;34mINFO[m] Using 'UTF-8' encoding to copy filtered resources.
[[1;34mINFO[m] skip non existing resourceDirectory /home/user/Reproducibility-Scanner/benchmarks/bugs-dot-jar/jackrabbit-oak/oak-exercise/src/main/resources
[[1;34mINFO[m] Copying 3 resources
[[1;34mINFO[m] 
[[1;34mINFO[m] [1m--- [0;32mmaven-compiler-plugin:2.5.1:compile[m [1m(default-compile)[m @ [36moak-exercise[0;1m ---[m
[[1;34mINFO[m] Compiling 7 source files to /home/user/Reproducibility-Scanner/benchmarks/bugs-dot-jar/jackrabbit-oak/oak-exercise/target/classes
[[1;34mINFO[m] 
[[1;34mINFO[m] [1m--- [0;32mmaven-scr-plugin:1.16.0:scr[m [1m(generate-scr-scrdescriptor)[m @ [36moak-exercise[0;1m ---[m
[[1;34mINFO[m] Generating 1 MetaType Descriptors in /home/user/Reproducibility-Scanner/benchmarks/bugs-dot-jar/jackrabbit-oak/oak-exercise/target/classes/OSGI-INF/metatype/org.apache.jackrabbit.oak.security.authentication.CustomLoginModuleFactory.xml
[[1;34mINFO[m] Generating 1 MetaType Descriptors in /home/user/Reproducibility-Scanner/benchmarks/bugs-dot-jar/jackrabbit-oak/oak-exercise/target/classes/OSGI-INF/metatype/org.apache.jackrabbit.oak.security.principal.CustomPrincipalConfiguration.xml
[[1;34mINFO[m] Writing 1 Service Component Descriptors to /home/user/Reproducibility-Scanner/benchmarks/bugs-dot-jar/jackrabbit-oak/oak-exercise/target/classes/OSGI-INF/org.apache.jackrabbit.oak.security.authentication.CustomLoginModuleFactory.xml
[[1;34mINFO[m] Writing 1 Service Component Descriptors to /home/user/Reproducibility-Scanner/benchmarks/bugs-dot-jar/jackrabbit-oak/oak-exercise/target/classes/OSGI-INF/org.apache.jackrabbit.oak.security.principal.CustomPrincipalConfiguration.xml
[[1;34mINFO[m] 
[[1;34mINFO[m] [1m--- [0;32mmaven-resources-plugin:2.6:testResources[m [1m(default-testResources)[m @ [36moak-exercise[0;1m ---[m
[[1;34mINFO[m] Using 'UTF-8' encoding to copy filtered resources.
[[1;34mINFO[m] skip non existing resourceDirectory /home/user/Reproducibility-Scanner/benchmarks/bugs-dot-jar/jackrabbit-oak/oak-exercise/src/test/resources
[[1;34mINFO[m] Copying 3 resources
[[1;34mINFO[m] 
[[1;34mINFO[m] [1m--- [0;32mmaven-compiler-plugin:2.5.1:testCompile[m [1m(default-testCompile)[m @ [36moak-exercise[0;1m ---[m
[[1;34mINFO[m] Compiling 60 source files to /home/user/Reproducibility-Scanner/benchmarks/bugs-dot-jar/jackrabbit-oak/oak-exercise/target/test-classes
[[1;34mINFO[m] 
[[1;34mINFO[m] [1m--- [0;32mmaven-surefire-plugin:2.12.4:test[m [1m(default-test)[m @ [36moak-exercise[0;1m ---[m
[[1;34mINFO[m] Tests are skipped.
[[1;34mINFO[m] 
[[1;34mINFO[m] [1m--- [0;32mjacoco-maven-plugin:0.7.1.201405082137:report[m [1m(post-unit-test)[m @ [36moak-exercise[0;1m ---[m
[[1;34mINFO[m] Skipping JaCoCo execution because property jacoco.skip is set.
[[1;34mINFO[m] 
[[1;34mINFO[m] [1m--- [0;32mmaven-jar-plugin:2.4:jar[m [1m(default-jar)[m @ [36moak-exercise[0;1m ---[m
[[1;34mINFO[m] Building jar: /home/user/Reproducibility-Scanner/benchmarks/bugs-dot-jar/jackrabbit-oak/oak-exercise/target/oak-exercise-1.4-SNAPSHOT.jar
[[1;34mINFO[m] 
[[1;34mINFO[m] [1m--- [0;32mmaven-site-plugin:3.3:attach-descriptor[m [1m(attach-descriptor)[m @ [36moak-exercise[0;1m ---[m
[[1;34mINFO[m] 
[[1;34mINFO[m] [1m--- [0;32mmaven-jar-plugin:2.4:test-jar[m [1m(default)[m @ [36moak-exercise[0;1m ---[m
[[1;34mINFO[m] Building jar: /home/user/Reproducibility-Scanner/benchmarks/bugs-dot-jar/jackrabbit-oak/oak-exercise/target/oak-exercise-1.4-SNAPSHOT-tests.jar
[[1;34mINFO[m] 
[[1;34mINFO[m] [1m--- [0;32mmaven-bundle-plugin:2.5.3:baseline[m [1m(baseline)[m @ [36moak-exercise[0;1m ---[m
[[1;34mINFO[m] Skipping Baseline execution
[[1;34mINFO[m] 
[[1;34mINFO[m] [1m--- [0;32mmaven-install-plugin:2.3.1:install[m [1m(default-install)[m @ [36moak-exercise[0;1m ---[m
[[1;34mINFO[m] Installing /home/user/Reproducibility-Scanner/benchmarks/bugs-dot-jar/jackrabbit-oak/oak-exercise/target/oak-exercise-1.4-SNAPSHOT.jar to /home/user/.m2/repository/org/apache/jackrabbit/oak-exercise/1.4-SNAPSHOT/oak-exercise-1.4-SNAPSHOT.jar
[[1;34mINFO[m] Installing /home/user/Reproducibility-Scanner/benchmarks/bugs-dot-jar/jackrabbit-oak/oak-exercise/pom.xml to /home/user/.m2/repository/org/apache/jackrabbit/oak-exercise/1.4-SNAPSHOT/oak-exercise-1.4-SNAPSHOT.pom
[[1;34mINFO[m] Installing /home/user/Reproducibility-Scanner/benchmarks/bugs-dot-jar/jackrabbit-oak/oak-exercise/target/oak-exercise-1.4-SNAPSHOT-tests.jar to /home/user/.m2/repository/org/apache/jackrabbit/oak-exercise/1.4-SNAPSHOT/oak-exercise-1.4-SNAPSHOT-tests.jar
[[1;34mINFO[m] 
[[1;34mINFO[m] [1m------------------< [0;36morg.apache.jackrabbit:oak-webapp[0;1m >------------------[m
[[1;34mINFO[m] [1mBuilding Oak Web Application Example 1.4-SNAPSHOT                [21/23][m
[[1;34mINFO[m] [1m--------------------------------[ war ]---------------------------------[m
Downloading from central: https://repo.maven.apache.org/maven2/org/apache/jackrabbit/jackrabbit-jcr-servlet/2.11.1/jackrabbit-jcr-servlet-2.11.1.pom
Progress (1): 2.5 kB                    Downloaded from central: https://repo.maven.apache.org/maven2/org/apache/jackrabbit/jackrabbit-jcr-servlet/2.11.1/jackrabbit-jcr-servlet-2.11.1.pom (2.5 kB at 17 kB/s)
Downloading from central: https://repo.maven.apache.org/maven2/org/apache/jackrabbit/jackrabbit-jcr-rmi/2.11.1/jackrabbit-jcr-rmi-2.11.1.pom
Progress (1): 4.1/36 kBProgress (1): 8.2/36 kBProgress (1): 12/36 kB Progress (1): 16/36 kBProgress (1): 20/36 kBProgress (1): 24/36 kBProgress (1): 28/36 kBProgress (1): 32/36 kBProgress (1): 36 kB                      Downloaded from central: https://repo.maven.apache.org/maven2/org/apache/jackrabbit/jackrabbit-jcr-rmi/2.11.1/jackrabbit-jcr-rmi-2.11.1.pom (36 kB at 358 kB/s)
Downloading from central: https://repo.maven.apache.org/maven2/org/apache/jackrabbit/jackrabbit-jcr-servlet/2.11.1/jackrabbit-jcr-servlet-2.11.1.jar
Downloading from central: https://repo.maven.apache.org/maven2/org/apache/jackrabbit/jackrabbit-jcr-rmi/2.11.1/jackrabbit-jcr-rmi-2.11.1.jar
Progress (1): 4.1/36 kBProgress (1): 8.2/36 kBProgress (1): 12/36 kB Progress (1): 16/36 kBProgress (1): 20/36 kBProgress (1): 24/36 kBProgress (1): 28/36 kBProgress (1): 32/36 kBProgress (1): 36 kB   Progress (2): 36 kB | 4.1/437 kBProgress (2): 36 kB | 8.2/437 kBProgress (2): 36 kB | 12/437 kB Progress (2): 36 kB | 16/437 kBProgress (2): 36 kB | 20/437 kBProgress (2): 36 kB | 24/437 kBProgress (2): 36 kB | 28/437 kBProgress (2): 36 kB | 32/437 kBProgress (2): 36 kB | 36/437 kBProgress (2): 36 kB | 40/437 kBProgress (2): 36 kB | 45/437 kBProgress (2): 36 kB | 49/437 kBProgress (2): 36 kB | 53/437 kBProgress (2): 36 kB | 57/437 kBProgress (2): 36 kB | 61/437 kBProgress (2): 36 kB | 65/437 kBProgress (2): 36 kB | 69/437 kBProgress (2): 36 kB | 73/437 kBProgress (2): 36 kB | 77/437 kBProgress (2): 36 kB | 81/437 kBProgress (2): 36 kB | 85/437 kBProgress (2): 36 kB | 90/437 kBProgress (2): 36 kB | 94/437 kBProgress (2): 36 kB | 98/437 kBProgress (2): 36 kB | 102/437 kBProgress (2): 36 kB | 106/437 kBProgress (2): 36 kB | 110/437 kBProgress (2): 36 kB | 114/437 kBProgress (2): 36 kB | 118/437 kBProgress (2): 36 kB | 122/437 kBProgress (2): 36 kB | 126/437 kBProgress (2): 36 kB | 131/437 kBProgress (2): 36 kB | 135/437 kBProgress (2): 36 kB | 139/437 kBProgress (2): 36 kB | 143/437 kBProgress (2): 36 kB | 147/437 kBProgress (2): 36 kB | 151/437 kBProgress (2): 36 kB | 155/437 kBProgress (2): 36 kB | 159/437 kBProgress (2): 36 kB | 163/437 kBProgress (2): 36 kB | 167/437 kBProgress (2): 36 kB | 171/437 kBProgress (2): 36 kB | 176/437 kBProgress (2): 36 kB | 180/437 kBProgress (2): 36 kB | 184/437 kBProgress (2): 36 kB | 188/437 kBProgress (2): 36 kB | 192/437 kBProgress (2): 36 kB | 196/437 kBProgress (2): 36 kB | 200/437 kBProgress (2): 36 kB | 204/437 kBProgress (2): 36 kB | 208/437 kBProgress (2): 36 kB | 212/437 kBProgress (2): 36 kB | 217/437 kBProgress (2): 36 kB | 221/437 kBProgress (2): 36 kB | 225/437 kBProgress (2): 36 kB | 229/437 kBProgress (2): 36 kB | 233/437 kBProgress (2): 36 kB | 237/437 kBProgress (2): 36 kB | 241/437 kBProgress (2): 36 kB | 245/437 kBProgress (2): 36 kB | 249/437 kBProgress (2): 36 kB | 253/437 kBProgress (2): 36 kB | 258/437 kBProgress (2): 36 kB | 262/437 kBProgress (2): 36 kB | 266/437 kBProgress (2): 36 kB | 270/437 kBProgress (2): 36 kB | 274/437 kBProgress (2): 36 kB | 278/437 kBProgress (2): 36 kB | 282/437 kBProgress (2): 36 kB | 286/437 kBProgress (2): 36 kB | 290/437 kBProgress (2): 36 kB | 294/437 kBProgress (2): 36 kB | 298/437 kBProgress (2): 36 kB | 303/437 kBProgress (2): 36 kB | 307/437 kBProgress (2): 36 kB | 311/437 kBProgress (2): 36 kB | 315/437 kBProgress (2): 36 kB | 319/437 kBProgress (2): 36 kB | 323/437 kBProgress (2): 36 kB | 327/437 kBProgress (2): 36 kB | 331/437 kBProgress (2): 36 kB | 335/437 kBProgress (2): 36 kB | 339/437 kBProgress (2): 36 kB | 344/437 kBProgress (2): 36 kB | 348/437 kBProgress (2): 36 kB | 352/437 kBProgress (2): 36 kB | 356/437 kBProgress (2): 36 kB | 360/437 kBProgress (2): 36 kB | 364/437 kBProgress (2): 36 kB | 368/437 kBProgress (2): 36 kB | 372/437 kBProgress (2): 36 kB | 376/437 kBProgress (2): 36 kB | 380/437 kBProgress (2): 36 kB | 384/437 kBProgress (2): 36 kB | 389/437 kBProgress (2): 36 kB | 393/437 kBProgress (2): 36 kB | 397/437 kBProgress (2): 36 kB | 401/437 kBProgress (2): 36 kB | 405/437 kBProgress (2): 36 kB | 409/437 kBProgress (2): 36 kB | 413/437 kBProgress (2): 36 kB | 417/437 kBProgress (2): 36 kB | 421/437 kBProgress (2): 36 kB | 425/437 kBProgress (2): 36 kB | 430/437 kBProgress (2): 36 kB | 434/437 kBProgress (2): 36 kB | 437 kB                                Downloaded from central: https://repo.maven.apache.org/maven2/org/apache/jackrabbit/jackrabbit-jcr-servlet/2.11.1/jackrabbit-jcr-servlet-2.11.1.jar (36 kB at 242 kB/s)
Downloaded from central: https://repo.maven.apache.org/maven2/org/apache/jackrabbit/jackrabbit-jcr-rmi/2.11.1/jackrabbit-jcr-rmi-2.11.1.jar (437 kB at 2.5 MB/s)
[[1;34mINFO[m] 
[[1;34mINFO[m] [1m--- [0;32mjacoco-maven-plugin:0.7.1.201405082137:prepare-agent[m [1m(pre-unit-test)[m @ [36moak-webapp[0;1m ---[m
[[1;34mINFO[m] Skipping JaCoCo execution because property jacoco.skip is set.
[[1;34mINFO[m] test.opts.coverage set to empty
[[1;34mINFO[m] 
[[1;34mINFO[m] [1m--- [0;32mmaven-remote-resources-plugin:1.4:process[m [1m(default)[m @ [36moak-webapp[0;1m ---[m
[[1;34mINFO[m] 
[[1;34mINFO[m] [1m--- [0;32mmaven-resources-plugin:2.6:resources[m [1m(default-resources)[m @ [36moak-webapp[0;1m ---[m
[[1;34mINFO[m] Using 'UTF-8' encoding to copy filtered resources.
[[1;34mINFO[m] Copying 1 resource
[[1;34mINFO[m] Copying 3 resources
[[1;34mINFO[m] 
[[1;34mINFO[m] [1m--- [0;32mmaven-compiler-plugin:2.5.1:compile[m [1m(default-compile)[m @ [36moak-webapp[0;1m ---[m
[[1;34mINFO[m] Compiling 13 source files to /home/user/Reproducibility-Scanner/benchmarks/bugs-dot-jar/jackrabbit-oak/oak-examples/webapp/target/classes
[[1;34mINFO[m] 
[[1;34mINFO[m] [1m--- [0;32mmaven-resources-plugin:2.6:testResources[m [1m(default-testResources)[m @ [36moak-webapp[0;1m ---[m
[[1;34mINFO[m] Using 'UTF-8' encoding to copy filtered resources.
[[1;34mINFO[m] Copying 2 resources
[[1;34mINFO[m] Copying 3 resources
[[1;34mINFO[m] 
[[1;34mINFO[m] [1m--- [0;32mmaven-compiler-plugin:2.5.1:testCompile[m [1m(default-testCompile)[m @ [36moak-webapp[0;1m ---[m
[[1;34mINFO[m] Compiling 1 source file to /home/user/Reproducibility-Scanner/benchmarks/bugs-dot-jar/jackrabbit-oak/oak-examples/webapp/target/test-classes
[[1;34mINFO[m] 
[[1;34mINFO[m] [1m--- [0;32mmaven-surefire-plugin:2.12.4:test[m [1m(default-test)[m @ [36moak-webapp[0;1m ---[m
[[1;34mINFO[m] Tests are skipped.
[[1;34mINFO[m] 
[[1;34mINFO[m] [1m--- [0;32mjacoco-maven-plugin:0.7.1.201405082137:report[m [1m(post-unit-test)[m @ [36moak-webapp[0;1m ---[m
[[1;34mINFO[m] Skipping JaCoCo execution because property jacoco.skip is set.
[[1;34mINFO[m] 
[[1;34mINFO[m] [1m--- [0;32mmaven-war-plugin:2.2:war[m [1m(default-war)[m @ [36moak-webapp[0;1m ---[m
[[1;34mINFO[m] Packaging webapp
[[1;34mINFO[m] Assembling webapp [oak-webapp] in [/home/user/Reproducibility-Scanner/benchmarks/bugs-dot-jar/jackrabbit-oak/oak-examples/webapp/target/oak-webapp-1.4-SNAPSHOT]
[[1;34mINFO[m] Processing war project
[[1;34mINFO[m] Copying webapp resources [/home/user/Reproducibility-Scanner/benchmarks/bugs-dot-jar/jackrabbit-oak/oak-examples/webapp/src/main/webapp]
[[1;34mINFO[m] Webapp assembled in [126 msecs]
[[1;34mINFO[m] Building war: /home/user/Reproducibility-Scanner/benchmarks/bugs-dot-jar/jackrabbit-oak/oak-examples/webapp/target/oak-webapp-1.4-SNAPSHOT.war
[[1;34mINFO[m] WEB-INF/web.xml already added, skipping
[[1;34mINFO[m] 
[[1;34mINFO[m] [1m--- [0;32mmaven-site-plugin:3.3:attach-descriptor[m [1m(attach-descriptor)[m @ [36moak-webapp[0;1m ---[m
[[1;34mINFO[m] 
[[1;34mINFO[m] [1m--- [0;32mmaven-antrun-plugin:1.6:run[m [1m(default)[m @ [36moak-webapp[0;1m ---[m
[[1;34mINFO[m] Executing tasks

main:
      [jar] Building jar: /home/user/Reproducibility-Scanner/benchmarks/bugs-dot-jar/jackrabbit-oak/oak-examples/webapp/target/oak-webapp-1.4-SNAPSHOT.jar
[[1;34mINFO[m] Executed tasks
[[1;34mINFO[m] 
[[1;34mINFO[m] [1m--- [0;32mbuild-helper-maven-plugin:1.9:attach-artifact[m [1m(attach-artifacts)[m @ [36moak-webapp[0;1m ---[m
[[1;34mINFO[m] 
[[1;34mINFO[m] [1m--- [0;32mmaven-failsafe-plugin:2.12.4:integration-test[m [1m(failsafe-integration-tests)[m @ [36moak-webapp[0;1m ---[m
[[1;34mINFO[m] Tests are skipped.
[[1;34mINFO[m] 
[[1;34mINFO[m] [1m--- [0;32mmaven-failsafe-plugin:2.12.4:verify[m [1m(failsafe-verify)[m @ [36moak-webapp[0;1m ---[m
[[1;34mINFO[m] Tests are skipped.
[[1;34mINFO[m] 
[[1;34mINFO[m] [1m--- [0;32mmaven-install-plugin:2.3.1:install[m [1m(default-install)[m @ [36moak-webapp[0;1m ---[m
[[1;34mINFO[m] Installing /home/user/Reproducibility-Scanner/benchmarks/bugs-dot-jar/jackrabbit-oak/oak-examples/webapp/target/oak-webapp-1.4-SNAPSHOT.war to /home/user/.m2/repository/org/apache/jackrabbit/oak-webapp/1.4-SNAPSHOT/oak-webapp-1.4-SNAPSHOT.war
[[1;34mINFO[m] Installing /home/user/Reproducibility-Scanner/benchmarks/bugs-dot-jar/jackrabbit-oak/oak-examples/webapp/pom.xml to /home/user/.m2/repository/org/apache/jackrabbit/oak-webapp/1.4-SNAPSHOT/oak-webapp-1.4-SNAPSHOT.pom
[[1;34mINFO[m] Installing /home/user/Reproducibility-Scanner/benchmarks/bugs-dot-jar/jackrabbit-oak/oak-examples/webapp/target/oak-webapp-1.4-SNAPSHOT.jar to /home/user/.m2/repository/org/apache/jackrabbit/oak-webapp/1.4-SNAPSHOT/oak-webapp-1.4-SNAPSHOT.jar
[[1;34mINFO[m] 
[[1;34mINFO[m] [1m-----------------< [0;36morg.apache.jackrabbit:oak-examples[0;1m >-----------------[m
[[1;34mINFO[m] [1mBuilding Oak Examples 1.4-SNAPSHOT                               [22/23][m
[[1;34mINFO[m] [1m--------------------------------[ pom ]---------------------------------[m
[[1;34mINFO[m] 
[[1;34mINFO[m] [1m--- [0;32mjacoco-maven-plugin:0.7.1.201405082137:prepare-agent[m [1m(pre-unit-test)[m @ [36moak-examples[0;1m ---[m
[[1;34mINFO[m] Skipping JaCoCo execution because property jacoco.skip is set.
[[1;34mINFO[m] test.opts.coverage set to empty
[[1;34mINFO[m] 
[[1;34mINFO[m] [1m--- [0;32mmaven-remote-resources-plugin:1.4:process[m [1m(default)[m @ [36moak-examples[0;1m ---[m
[[1;34mINFO[m] 
[[1;34mINFO[m] [1m--- [0;32mjacoco-maven-plugin:0.7.1.201405082137:report[m [1m(post-unit-test)[m @ [36moak-examples[0;1m ---[m
[[1;34mINFO[m] Skipping JaCoCo execution because property jacoco.skip is set.
[[1;34mINFO[m] 
[[1;34mINFO[m] [1m--- [0;32mmaven-site-plugin:3.3:attach-descriptor[m [1m(attach-descriptor)[m @ [36moak-examples[0;1m ---[m
[[1;34mINFO[m] 
[[1;34mINFO[m] [1m--- [0;32mmaven-install-plugin:2.3.1:install[m [1m(default-install)[m @ [36moak-examples[0;1m ---[m
[[1;34mINFO[m] Installing /home/user/Reproducibility-Scanner/benchmarks/bugs-dot-jar/jackrabbit-oak/oak-examples/pom.xml to /home/user/.m2/repository/org/apache/jackrabbit/oak-examples/1.4-SNAPSHOT/oak-examples-1.4-SNAPSHOT.pom
[[1;34mINFO[m] 
[[1;34mINFO[m] [1m----------------< [0;36morg.apache.jackrabbit:jackrabbit-oak[0;1m >----------------[m
[[1;34mINFO[m] [1mBuilding Jackrabbit Oak 1.4-SNAPSHOT                             [23/23][m
[[1;34mINFO[m] [1m--------------------------------[ pom ]---------------------------------[m
[[1;34mINFO[m] 
[[1;34mINFO[m] [1m--- [0;32mjacoco-maven-plugin:0.7.1.201405082137:prepare-agent[m [1m(pre-unit-test)[m @ [36mjackrabbit-oak[0;1m ---[m
[[1;34mINFO[m] Skipping JaCoCo execution because property jacoco.skip is set.
[[1;34mINFO[m] test.opts.coverage set to empty
[[1;34mINFO[m] 
[[1;34mINFO[m] [1m--- [0;32mmaven-remote-resources-plugin:1.4:process[m [1m(default)[m @ [36mjackrabbit-oak[0;1m ---[m
[[1;34mINFO[m] 
[[1;34mINFO[m] [1m--- [0;32mjacoco-maven-plugin:0.7.1.201405082137:report[m [1m(post-unit-test)[m @ [36mjackrabbit-oak[0;1m ---[m
[[1;34mINFO[m] Skipping JaCoCo execution because property jacoco.skip is set.
[[1;34mINFO[m] 
[[1;34mINFO[m] [1m--- [0;32mmaven-site-plugin:3.3:attach-descriptor[m [1m(attach-descriptor)[m @ [36mjackrabbit-oak[0;1m ---[m
[[1;34mINFO[m] 
[[1;34mINFO[m] [1m--- [0;32mmaven-install-plugin:2.3.1:install[m [1m(default-install)[m @ [36mjackrabbit-oak[0;1m ---[m
[[1;34mINFO[m] Installing /home/user/Reproducibility-Scanner/benchmarks/bugs-dot-jar/jackrabbit-oak/pom.xml to /home/user/.m2/repository/org/apache/jackrabbit/jackrabbit-oak/1.4-SNAPSHOT/jackrabbit-oak-1.4-SNAPSHOT.pom
[[1;34mINFO[m] [1m------------------------------------------------------------------------[m
[[1;34mINFO[m] [1mReactor Summary for Jackrabbit Oak 1.4-SNAPSHOT:[m
[[1;34mINFO[m] 
[[1;34mINFO[m] Oak Parent POM ..................................... [1;32mSUCCESS[m [  1.129 s]
[[1;34mINFO[m] Oak Commons ........................................ [1;32mSUCCESS[m [  2.406 s]
[[1;34mINFO[m] Oak Blob Store ..................................... [1;32mSUCCESS[m [  0.749 s]
[[1;34mINFO[m] Oak Cloud Blob Store ............................... [1;32mSUCCESS[m [  1.495 s]
[[1;34mINFO[m] Oak Core ........................................... [1;32mSUCCESS[m [ 11.123 s]
[[1;34mINFO[m] Oak JCR Binding .................................... [1;32mSUCCESS[m [  3.108 s]
[[1;34mINFO[m] Oak upgrade ........................................ [1;32mSUCCESS[m [  9.457 s]
[[1;34mINFO[m] Oak HTTP Binding ................................... [1;32mSUCCESS[m [  0.251 s]
[[1;34mINFO[m] Oak Lucene ......................................... [1;32mSUCCESS[m [  3.276 s]
[[1;34mINFO[m] Oak Solr core ...................................... [1;32mSUCCESS[m [  1.119 s]
[[1;34mINFO[m] Oak Solr OSGi ...................................... [1;32mSUCCESS[m [  5.493 s]
[[1;34mINFO[m] Oak External Authentication Support ................ [1;32mSUCCESS[m [  0.476 s]
[[1;34mINFO[m] Oak LDAP Authentication Support .................... [1;32mSUCCESS[m [  1.796 s]
[[1;34mINFO[m] Oak TarMK Standby .................................. [1;32mSUCCESS[m [  0.901 s]
[[1;34mINFO[m] Oak Remote API ..................................... [1;32mSUCCESS[m [  0.725 s]
[[1;34mINFO[m] Oak Runnable Jar ................................... [1;32mSUCCESS[m [ 29.119 s]
[[1;34mINFO[m] Oak Integration Tests for OSGi deployments ......... [1;32mSUCCESS[m [  2.026 s]
[[1;34mINFO[m] Oak PojoSR ......................................... [1;32mSUCCESS[m [  1.708 s]
[[1;34mINFO[m] Oak CUG ............................................ [1;32mSUCCESS[m [  0.886 s]
[[1;34mINFO[m] Oak Exercises ...................................... [1;32mSUCCESS[m [  0.391 s]
[[1;34mINFO[m] Oak Web Application Example ........................ [1;32mSUCCESS[m [  6.571 s]
[[1;34mINFO[m] Oak Examples ....................................... [1;32mSUCCESS[m [  0.021 s]
[[1;34mINFO[m] Jackrabbit Oak ..................................... [1;32mSUCCESS[m [  0.010 s]
[[1;34mINFO[m] [1m------------------------------------------------------------------------[m
[[1;34mINFO[m] [1;32mBUILD SUCCESS[m
[[1;34mINFO[m] [1m------------------------------------------------------------------------[m
[[1;34mINFO[m] Total time:  01:24 min
[[1;34mINFO[m] Finished at: 2022-07-16T12:01:16-07:00
[[1;34mINFO[m] [1m------------------------------------------------------------------------[m
[[1;34mINFO[m] Scanning for projects...
[[1;34mINFO[m] 
[[1;34mINFO[m] [1m------------------< [0;36morg.apache.jackrabbit:oak-lucene[0;1m >------------------[m
[[1;34mINFO[m] [1mBuilding Oak Lucene 1.4-SNAPSHOT[m
[[1;34mINFO[m] [1m-------------------------------[ bundle ]-------------------------------[m
[[1;34mINFO[m] 
[[1;34mINFO[m] [1m--- [0;32mjacoco-maven-plugin:0.7.1.201405082137:prepare-agent[m [1m(pre-unit-test)[m @ [36moak-lucene[0;1m ---[m
[[1;34mINFO[m] Skipping JaCoCo execution because property jacoco.skip is set.
[[1;34mINFO[m] test.opts.coverage set to empty
[[1;34mINFO[m] 
[[1;34mINFO[m] [1m--- [0;32mmaven-remote-resources-plugin:1.4:process[m [1m(default)[m @ [36moak-lucene[0;1m ---[m
[[1;34mINFO[m] 
[[1;34mINFO[m] [1m--- [0;32mmaven-resources-plugin:2.6:resources[m [1m(default-resources)[m @ [36moak-lucene[0;1m ---[m
[[1;34mINFO[m] Using 'UTF-8' encoding to copy filtered resources.
[[1;34mINFO[m] Copying 2 resources
[[1;34mINFO[m] Copying 3 resources
[[1;34mINFO[m] 
[[1;34mINFO[m] [1m--- [0;32mmaven-compiler-plugin:2.5.1:compile[m [1m(default-compile)[m @ [36moak-lucene[0;1m ---[m
[[1;34mINFO[m] Nothing to compile - all classes are up to date
[[1;34mINFO[m] 
[[1;34mINFO[m] [1m--- [0;32mmaven-scr-plugin:1.16.0:scr[m [1m(generate-scr-scrdescriptor)[m @ [36moak-lucene[0;1m ---[m
[[1;34mINFO[m] Generating 1 MetaType Descriptors in /home/user/Reproducibility-Scanner/benchmarks/bugs-dot-jar/jackrabbit-oak/oak-lucene/target/classes/OSGI-INF/metatype/org.apache.jackrabbit.oak.plugins.index.lucene.LuceneIndexProviderService.xml
[[1;34mINFO[m] Writing 1 Service Component Descriptors to /home/user/Reproducibility-Scanner/benchmarks/bugs-dot-jar/jackrabbit-oak/oak-lucene/target/classes/OSGI-INF/org.apache.jackrabbit.oak.plugins.index.lucene.LuceneIndexProviderService.xml
[[1;34mINFO[m] Writing 1 Service Component Descriptors to /home/user/Reproducibility-Scanner/benchmarks/bugs-dot-jar/jackrabbit-oak/oak-lucene/target/classes/OSGI-INF/org.apache.jackrabbit.oak.plugins.index.lucene.score.impl.ScorerProviderFactoryImpl.xml
[[1;34mINFO[m] 
[[1;34mINFO[m] [1m--- [0;32mmaven-resources-plugin:2.6:testResources[m [1m(default-testResources)[m @ [36moak-lucene[0;1m ---[m
[[1;34mINFO[m] Using 'UTF-8' encoding to copy filtered resources.
[[1;34mINFO[m] Copying 6 resources
[[1;34mINFO[m] Copying 3 resources
[[1;34mINFO[m] 
[[1;34mINFO[m] [1m--- [0;32mmaven-compiler-plugin:2.5.1:testCompile[m [1m(default-testCompile)[m @ [36moak-lucene[0;1m ---[m
[[1;34mINFO[m] Nothing to compile - all classes are up to date
[[1;34mINFO[m] 
[[1;34mINFO[m] [1m--- [0;32mmaven-surefire-plugin:2.12.4:test[m [1m(default-test)[m @ [36moak-lucene[0;1m ---[m
[[1;34mINFO[m] Surefire report directory: /home/user/Reproducibility-Scanner/benchmarks/bugs-dot-jar/jackrabbit-oak/oak-lucene/target/surefire-reports

-------------------------------------------------------
 T E S T S
-------------------------------------------------------
Running org.apache.jackrabbit.oak.plugins.index.lucene.LuceneIndexQueryTest
Tests run: 22, Failures: 0, Errors: 0, Skipped: 3, Time elapsed: 11.918 sec
Running org.apache.jackrabbit.oak.plugins.index.lucene.AggregateTest
Tests run: 17, Failures: 0, Errors: 0, Skipped: 0, Time elapsed: 0.002 sec
Running org.apache.jackrabbit.oak.plugins.index.lucene.LuceneIndexProviderServiceTest
Tests run: 6, Failures: 0, Errors: 0, Skipped: 0, Time elapsed: 0.125 sec
Running org.apache.jackrabbit.oak.plugins.index.lucene.LuceneIndexLookupTest
Tests run: 2, Failures: 0, Errors: 0, Skipped: 0, Time elapsed: 0 sec
Running org.apache.jackrabbit.oak.plugins.index.lucene.LucenePropertyIndexTest
Tests run: 61, Failures: 0, Errors: 0, Skipped: 0, Time elapsed: 7.133 sec
Running org.apache.jackrabbit.oak.plugins.index.lucene.LuceneIndexEditorTest
Tests run: 9, Failures: 0, Errors: 0, Skipped: 1, Time elapsed: 0.395 sec
Running org.apache.jackrabbit.oak.plugins.index.lucene.LuceneIndexExclusionQueryTest
Tests run: 2, Failures: 0, Errors: 0, Skipped: 0, Time elapsed: 0.208 sec
Running org.apache.jackrabbit.oak.plugins.index.lucene.OakDirectoryTest
Tests run: 7, Failures: 0, Errors: 0, Skipped: 0, Time elapsed: 0.095 sec
Running org.apache.jackrabbit.oak.plugins.index.lucene.IndexDefinitionTest
Tests run: 40, Failures: 0, Errors: 0, Skipped: 0, Time elapsed: 0.051 sec
Running org.apache.jackrabbit.oak.plugins.index.lucene.LuceneIndexAggregationTest
Tests run: 11, Failures: 0, Errors: 0, Skipped: 0, Time elapsed: 3.796 sec
Running org.apache.jackrabbit.oak.plugins.index.lucene.LuceneIndexSuggestionTest
Tests run: 4, Failures: 3, Errors: 0, Skipped: 0, Time elapsed: 1.759 sec <<< FAILURE!
testSuggestQueryWithUserAccess(org.apache.jackrabbit.oak.plugins.index.lucene.LuceneIndexSuggestionTest)  Time elapsed: 0.154 sec  <<< FAILURE!
java.lang.AssertionError: There should be some suggestion
	at org.junit.Assert.fail(Assert.java:93)
	at org.junit.Assert.assertTrue(Assert.java:43)
	at org.junit.Assert.assertNotNull(Assert.java:526)
	at org.apache.jackrabbit.oak.plugins.index.lucene.LuceneIndexSuggestionTest.checkSuggestions(LuceneIndexSuggestionTest.java:150)
	at org.apache.jackrabbit.oak.plugins.index.lucene.LuceneIndexSuggestionTest.checkSuggestions(LuceneIndexSuggestionTest.java:105)
	at org.apache.jackrabbit.oak.plugins.index.lucene.LuceneIndexSuggestionTest.testSuggestQueryWithUserAccess(LuceneIndexSuggestionTest.java:214)
	at sun.reflect.NativeMethodAccessorImpl.invoke0(Native Method)
	at sun.reflect.NativeMethodAccessorImpl.invoke(NativeMethodAccessorImpl.java:62)
	at sun.reflect.DelegatingMethodAccessorImpl.invoke(DelegatingMethodAccessorImpl.java:43)
	at java.lang.reflect.Method.invoke(Method.java:498)
	at org.junit.runners.model.FrameworkMethod$1.runReflectiveCall(FrameworkMethod.java:45)
	at org.junit.internal.runners.model.ReflectiveCallable.run(ReflectiveCallable.java:15)
	at org.junit.runners.model.FrameworkMethod.invokeExplosively(FrameworkMethod.java:42)
	at org.junit.internal.runners.statements.InvokeMethod.evaluate(InvokeMethod.java:20)
	at org.junit.internal.runners.statements.RunBefores.evaluate(RunBefores.java:28)
	at org.junit.rules.ExternalResource$1.evaluate(ExternalResource.java:46)
	at org.junit.rules.RunRules.evaluate(RunRules.java:18)
	at org.junit.runners.ParentRunner.runLeaf(ParentRunner.java:263)
	at org.junit.runners.BlockJUnit4ClassRunner.runChild(BlockJUnit4ClassRunner.java:68)
	at org.junit.runners.BlockJUnit4ClassRunner.runChild(BlockJUnit4ClassRunner.java:47)
	at org.junit.runners.ParentRunner$3.run(ParentRunner.java:231)
	at org.junit.runners.ParentRunner$1.schedule(ParentRunner.java:60)
	at org.junit.runners.ParentRunner.runChildren(ParentRunner.java:229)
	at org.junit.runners.ParentRunner.access$000(ParentRunner.java:50)
	at org.junit.runners.ParentRunner$2.evaluate(ParentRunner.java:222)
	at org.junit.runners.ParentRunner.run(ParentRunner.java:300)
	at org.apache.maven.surefire.junit4.JUnit4Provider.execute(JUnit4Provider.java:252)
	at org.apache.maven.surefire.junit4.JUnit4Provider.executeTestSet(JUnit4Provider.java:141)
	at org.apache.maven.surefire.junit4.JUnit4Provider.invoke(JUnit4Provider.java:112)
	at sun.reflect.NativeMethodAccessorImpl.invoke0(Native Method)
	at sun.reflect.NativeMethodAccessorImpl.invoke(NativeMethodAccessorImpl.java:62)
	at sun.reflect.DelegatingMethodAccessorImpl.invoke(DelegatingMethodAccessorImpl.java:43)
	at java.lang.reflect.Method.invoke(Method.java:498)
	at org.apache.maven.surefire.util.ReflectionUtils.invokeMethodWithArray(ReflectionUtils.java:189)
	at org.apache.maven.surefire.booter.ProviderFactory$ProviderProxy.invoke(ProviderFactory.java:165)
	at org.apache.maven.surefire.booter.ProviderFactory.invokeProvider(ProviderFactory.java:85)
	at org.apache.maven.surefire.booter.ForkedBooter.runSuitesInProcess(ForkedBooter.java:115)
	at org.apache.maven.surefire.booter.ForkedBooter.main(ForkedBooter.java:75)

testSuggestQueryFromMoreGeneralNodeType(org.apache.jackrabbit.oak.plugins.index.lucene.LuceneIndexSuggestionTest)  Time elapsed: 0.115 sec  <<< FAILURE!
java.lang.AssertionError: There should be some suggestion
	at org.junit.Assert.fail(Assert.java:93)
	at org.junit.Assert.assertTrue(Assert.java:43)
	at org.junit.Assert.assertNotNull(Assert.java:526)
	at org.apache.jackrabbit.oak.plugins.index.lucene.LuceneIndexSuggestionTest.checkSuggestions(LuceneIndexSuggestionTest.java:150)
	at org.apache.jackrabbit.oak.plugins.index.lucene.LuceneIndexSuggestionTest.testSuggestQueryFromMoreGeneralNodeType(LuceneIndexSuggestionTest.java:230)
	at sun.reflect.NativeMethodAccessorImpl.invoke0(Native Method)
	at sun.reflect.NativeMethodAccessorImpl.invoke(NativeMethodAccessorImpl.java:62)
	at sun.reflect.DelegatingMethodAccessorImpl.invoke(DelegatingMethodAccessorImpl.java:43)
	at java.lang.reflect.Method.invoke(Method.java:498)
	at org.junit.runners.model.FrameworkMethod$1.runReflectiveCall(FrameworkMethod.java:45)
	at org.junit.internal.runners.model.ReflectiveCallable.run(ReflectiveCallable.java:15)
	at org.junit.runners.model.FrameworkMethod.invokeExplosively(FrameworkMethod.java:42)
	at org.junit.internal.runners.statements.InvokeMethod.evaluate(InvokeMethod.java:20)
	at org.junit.internal.runners.statements.RunBefores.evaluate(RunBefores.java:28)
	at org.junit.rules.ExternalResource$1.evaluate(ExternalResource.java:46)
	at org.junit.rules.RunRules.evaluate(RunRules.java:18)
	at org.junit.runners.ParentRunner.runLeaf(ParentRunner.java:263)
	at org.junit.runners.BlockJUnit4ClassRunner.runChild(BlockJUnit4ClassRunner.java:68)
	at org.junit.runners.BlockJUnit4ClassRunner.runChild(BlockJUnit4ClassRunner.java:47)
	at org.junit.runners.ParentRunner$3.run(ParentRunner.java:231)
	at org.junit.runners.ParentRunner$1.schedule(ParentRunner.java:60)
	at org.junit.runners.ParentRunner.runChildren(ParentRunner.java:229)
	at org.junit.runners.ParentRunner.access$000(ParentRunner.java:50)
	at org.junit.runners.ParentRunner$2.evaluate(ParentRunner.java:222)
	at org.junit.runners.ParentRunner.run(ParentRunner.java:300)
	at org.apache.maven.surefire.junit4.JUnit4Provider.execute(JUnit4Provider.java:252)
	at org.apache.maven.surefire.junit4.JUnit4Provider.executeTestSet(JUnit4Provider.java:141)
	at org.apache.maven.surefire.junit4.JUnit4Provider.invoke(JUnit4Provider.java:112)
	at sun.reflect.NativeMethodAccessorImpl.invoke0(Native Method)
	at sun.reflect.NativeMethodAccessorImpl.invoke(NativeMethodAccessorImpl.java:62)
	at sun.reflect.DelegatingMethodAccessorImpl.invoke(DelegatingMethodAccessorImpl.java:43)
	at java.lang.reflect.Method.invoke(Method.java:498)
	at org.apache.maven.surefire.util.ReflectionUtils.invokeMethodWithArray(ReflectionUtils.java:189)
	at org.apache.maven.surefire.booter.ProviderFactory$ProviderProxy.invoke(ProviderFactory.java:165)
	at org.apache.maven.surefire.booter.ProviderFactory.invokeProvider(ProviderFactory.java:85)
	at org.apache.maven.surefire.booter.ForkedBooter.runSuitesInProcess(ForkedBooter.java:115)
	at org.apache.maven.surefire.booter.ForkedBooter.main(ForkedBooter.java:75)

testSuggestQueryOnNonNtBase(org.apache.jackrabbit.oak.plugins.index.lucene.LuceneIndexSuggestionTest)  Time elapsed: 0.095 sec  <<< FAILURE!
java.lang.AssertionError: There should be some suggestion
	at org.junit.Assert.fail(Assert.java:93)
	at org.junit.Assert.assertTrue(Assert.java:43)
	at org.junit.Assert.assertNotNull(Assert.java:526)
	at org.apache.jackrabbit.oak.plugins.index.lucene.LuceneIndexSuggestionTest.checkSuggestions(LuceneIndexSuggestionTest.java:150)
	at org.apache.jackrabbit.oak.plugins.index.lucene.LuceneIndexSuggestionTest.checkSuggestions(LuceneIndexSuggestionTest.java:105)
	at org.apache.jackrabbit.oak.plugins.index.lucene.LuceneIndexSuggestionTest.testSuggestQueryOnNonNtBase(LuceneIndexSuggestionTest.java:245)
	at sun.reflect.NativeMethodAccessorImpl.invoke0(Native Method)
	at sun.reflect.NativeMethodAccessorImpl.invoke(NativeMethodAccessorImpl.java:62)
	at sun.reflect.DelegatingMethodAccessorImpl.invoke(DelegatingMethodAccessorImpl.java:43)
	at java.lang.reflect.Method.invoke(Method.java:498)
	at org.junit.runners.model.FrameworkMethod$1.runReflectiveCall(FrameworkMethod.java:45)
	at org.junit.internal.runners.model.ReflectiveCallable.run(ReflectiveCallable.java:15)
	at org.junit.runners.model.FrameworkMethod.invokeExplosively(FrameworkMethod.java:42)
	at org.junit.internal.runners.statements.InvokeMethod.evaluate(InvokeMethod.java:20)
	at org.junit.internal.runners.statements.RunBefores.evaluate(RunBefores.java:28)
	at org.junit.rules.ExternalResource$1.evaluate(ExternalResource.java:46)
	at org.junit.rules.RunRules.evaluate(RunRules.java:18)
	at org.junit.runners.ParentRunner.runLeaf(ParentRunner.java:263)
	at org.junit.runners.BlockJUnit4ClassRunner.runChild(BlockJUnit4ClassRunner.java:68)
	at org.junit.runners.BlockJUnit4ClassRunner.runChild(BlockJUnit4ClassRunner.java:47)
	at org.junit.runners.ParentRunner$3.run(ParentRunner.java:231)
	at org.junit.runners.ParentRunner$1.schedule(ParentRunner.java:60)
	at org.junit.runners.ParentRunner.runChildren(ParentRunner.java:229)
	at org.junit.runners.ParentRunner.access$000(ParentRunner.java:50)
	at org.junit.runners.ParentRunner$2.evaluate(ParentRunner.java:222)
	at org.junit.runners.ParentRunner.run(ParentRunner.java:300)
	at org.apache.maven.surefire.junit4.JUnit4Provider.execute(JUnit4Provider.java:252)
	at org.apache.maven.surefire.junit4.JUnit4Provider.executeTestSet(JUnit4Provider.java:141)
	at org.apache.maven.surefire.junit4.JUnit4Provider.invoke(JUnit4Provider.java:112)
	at sun.reflect.NativeMethodAccessorImpl.invoke0(Native Method)
	at sun.reflect.NativeMethodAccessorImpl.invoke(NativeMethodAccessorImpl.java:62)
	at sun.reflect.DelegatingMethodAccessorImpl.invoke(DelegatingMethodAccessorImpl.java:43)
	at java.lang.reflect.Method.invoke(Method.java:498)
	at org.apache.maven.surefire.util.ReflectionUtils.invokeMethodWithArray(ReflectionUtils.java:189)
	at org.apache.maven.surefire.booter.ProviderFactory$ProviderProxy.invoke(ProviderFactory.java:165)
	at org.apache.maven.surefire.booter.ProviderFactory.invokeProvider(ProviderFactory.java:85)
	at org.apache.maven.surefire.booter.ForkedBooter.runSuitesInProcess(ForkedBooter.java:115)
	at org.apache.maven.surefire.booter.ForkedBooter.main(ForkedBooter.java:75)

Running org.apache.jackrabbit.oak.plugins.index.lucene.NodeStateAnalyzerFactoryTest
Tests run: 7, Failures: 0, Errors: 0, Skipped: 0, Time elapsed: 0.015 sec
Running org.apache.jackrabbit.oak.plugins.index.lucene.IndexCopierTest
Tests run: 22, Failures: 0, Errors: 0, Skipped: 0, Time elapsed: 0.16 sec
Running org.apache.jackrabbit.oak.plugins.index.lucene.IndexPlannerTest
Tests run: 23, Failures: 0, Errors: 0, Skipped: 0, Time elapsed: 0.084 sec
Running org.apache.jackrabbit.oak.plugins.index.lucene.LuceneBlobCacheTest
Tests run: 1, Failures: 0, Errors: 0, Skipped: 0, Time elapsed: 0.244 sec
Running org.apache.jackrabbit.oak.plugins.index.lucene.LuceneIndexTest
Tests run: 19, Failures: 0, Errors: 0, Skipped: 0, Time elapsed: 0.81 sec
Running org.apache.jackrabbit.oak.jcr.query.SpellcheckTest
Tests run: 3, Failures: 0, Errors: 0, Skipped: 0, Time elapsed: 3.68 sec
Running org.apache.jackrabbit.oak.jcr.query.SuggestTest
Tests run: 3, Failures: 0, Errors: 0, Skipped: 0, Time elapsed: 2.7 sec
Running org.apache.jackrabbit.oak.jcr.query.QueryFulltextTest
Tests run: 4, Failures: 0, Errors: 0, Skipped: 0, Time elapsed: 3.165 sec
Running org.apache.jackrabbit.oak.jcr.query.ResultSizeTest
Tests run: 2, Failures: 0, Errors: 0, Skipped: 0, Time elapsed: 3.015 sec
Running org.apache.jackrabbit.oak.jcr.query.MultiSessionQueryTest
Tests run: 1, Failures: 0, Errors: 0, Skipped: 0, Time elapsed: 0.159 sec
Running org.apache.jackrabbit.oak.jcr.query.TextExtractionQueryTest
Tests run: 3, Failures: 0, Errors: 0, Skipped: 0, Time elapsed: 2.526 sec

Results :

Failed tests:   testSuggestQueryWithUserAccess(org.apache.jackrabbit.oak.plugins.index.lucene.LuceneIndexSuggestionTest): There should be some suggestion
  testSuggestQueryFromMoreGeneralNodeType(org.apache.jackrabbit.oak.plugins.index.lucene.LuceneIndexSuggestionTest): There should be some suggestion
  testSuggestQueryOnNonNtBase(org.apache.jackrabbit.oak.plugins.index.lucene.LuceneIndexSuggestionTest): There should be some suggestion

Tests run: 269, Failures: 3, Errors: 0, Skipped: 4

[[1;34mINFO[m] [1m------------------------------------------------------------------------[m
[[1;34mINFO[m] [1;31mBUILD FAILURE[m
[[1;34mINFO[m] [1m------------------------------------------------------------------------[m
[[1;34mINFO[m] Total time:  45.264 s
[[1;34mINFO[m] Finished at: 2022-07-16T12:02:02-07:00
[[1;34mINFO[m] [1m------------------------------------------------------------------------[m
[[1;31mERROR[m] Failed to execute goal [32morg.apache.maven.plugins:maven-surefire-plugin:2.12.4:test[m [1m(default-test)[m on project [36moak-lucene[m: [1;31mThere are test failures.[m
[[1;31mERROR[m] [1;31m[m
[[1;31mERROR[m] [1;31mPlease refer to /home/user/Reproducibility-Scanner/benchmarks/bugs-dot-jar/jackrabbit-oak/oak-lucene/target/surefire-reports for the individual test results.[m
[[1;31mERROR[m] -> [1m[Help 1][m
[[1;31mERROR[m] 
[[1;31mERROR[m] To see the full stack trace of the errors, re-run Maven with the [1m-e[m switch.
[[1;31mERROR[m] Re-run Maven using the [1m-X[m switch to enable full debug logging.
[[1;31mERROR[m] 
[[1;31mERROR[m] For more information about the errors and possible solutions, please read the following articles:
[[1;31mERROR[m] [1m[Help 1][m http://cwiki.apache.org/confluence/display/MAVEN/MojoFailureException