[[1;34mINFO[m] Scanning for projects...
[[1;33mWARNING[m] 
[[1;33mWARNING[m] Some problems were encountered while building the effective model for org.apache.maven:maven-archiver:jar:2.1-SNAPSHOT
[[1;33mWARNING[m] 'build.pluginManagement.plugins.plugin.(groupId:artifactId)' must be unique but found duplicate declaration of plugin org.apache.maven.plugins:maven-release-plugin @ org.apache.maven:maven:2.1-SNAPSHOT, /home/user/Reproducibility-Scanner/benchmarks/bugs-dot-jar/maven/pom.xml, line 166, column 17
[[1;33mWARNING[m] 'build.pluginManagement.plugins.plugin.(groupId:artifactId)' must be unique but found duplicate declaration of plugin org.apache.maven.plugins:maven-release-plugin @ org.apache.maven:maven:2.1-SNAPSHOT, /home/user/Reproducibility-Scanner/benchmarks/bugs-dot-jar/maven/pom.xml, line 172, column 17
[[1;33mWARNING[m] 'build.pluginManagement.plugins.plugin.(groupId:artifactId)' must be unique but found duplicate declaration of plugin org.apache.maven.plugins:maven-release-plugin @ org.apache.maven:maven:2.1-SNAPSHOT, /home/user/Reproducibility-Scanner/benchmarks/bugs-dot-jar/maven/pom.xml, line 178, column 17
[[1;33mWARNING[m] 'build.pluginManagement.plugins.plugin.(groupId:artifactId)' must be unique but found duplicate declaration of plugin org.apache.maven.plugins:maven-release-plugin @ org.apache.maven:maven:2.1-SNAPSHOT, /home/user/Reproducibility-Scanner/benchmarks/bugs-dot-jar/maven/pom.xml, line 184, column 17
[[1;33mWARNING[m] 'build.pluginManagement.plugins.plugin.(groupId:artifactId)' must be unique but found duplicate declaration of plugin org.apache.maven.plugins:maven-release-plugin @ org.apache.maven:maven:2.1-SNAPSHOT, /home/user/Reproducibility-Scanner/benchmarks/bugs-dot-jar/maven/pom.xml, line 190, column 17
[[1;33mWARNING[m] 'build.pluginManagement.plugins.plugin.(groupId:artifactId)' must be unique but found duplicate declaration of plugin org.apache.maven.plugins:maven-release-plugin @ org.apache.maven:maven:2.1-SNAPSHOT, /home/user/Reproducibility-Scanner/benchmarks/bugs-dot-jar/maven/pom.xml, line 196, column 17
[[1;33mWARNING[m] 'build.pluginManagement.plugins.plugin.(groupId:artifactId)' must be unique but found duplicate declaration of plugin org.apache.maven.plugins:maven-release-plugin @ org.apache.maven:maven:2.1-SNAPSHOT, /home/user/Reproducibility-Scanner/benchmarks/bugs-dot-jar/maven/pom.xml, line 202, column 17
[[1;33mWARNING[m] 
[[1;33mWARNING[m] Some problems were encountered while building the effective model for org.apache.maven:maven-core:jar:2.1-SNAPSHOT
[[1;33mWARNING[m] The expression ${version} is deprecated. Please use ${project.version} instead.
[[1;33mWARNING[m] 
[[1;33mWARNING[m] Some problems were encountered while building the effective model for org.apache.maven:maven-plugin-tools-model:jar:2.1-SNAPSHOT
[[1;33mWARNING[m] 'build.plugins.plugin.version' for org.codehaus.modello:modello-maven-plugin is missing. @ line 14, column 15
[[1;33mWARNING[m] 
[[1;33mWARNING[m] Some problems were encountered while building the effective model for org.apache.maven:maven:pom:2.1-SNAPSHOT
[[1;33mWARNING[m] 'build.pluginManagement.plugins.plugin.(groupId:artifactId)' must be unique but found duplicate declaration of plugin org.apache.maven.plugins:maven-release-plugin @ line 166, column 17
[[1;33mWARNING[m] 'build.pluginManagement.plugins.plugin.(groupId:artifactId)' must be unique but found duplicate declaration of plugin org.apache.maven.plugins:maven-release-plugin @ line 172, column 17
[[1;33mWARNING[m] 'build.pluginManagement.plugins.plugin.(groupId:artifactId)' must be unique but found duplicate declaration of plugin org.apache.maven.plugins:maven-release-plugin @ line 178, column 17
[[1;33mWARNING[m] 'build.pluginManagement.plugins.plugin.(groupId:artifactId)' must be unique but found duplicate declaration of plugin org.apache.maven.plugins:maven-release-plugin @ line 184, column 17
[[1;33mWARNING[m] 'build.pluginManagement.plugins.plugin.(groupId:artifactId)' must be unique but found duplicate declaration of plugin org.apache.maven.plugins:maven-release-plugin @ line 190, column 17
[[1;33mWARNING[m] 'build.pluginManagement.plugins.plugin.(groupId:artifactId)' must be unique but found duplicate declaration of plugin org.apache.maven.plugins:maven-release-plugin @ line 196, column 17
[[1;33mWARNING[m] 'build.pluginManagement.plugins.plugin.(groupId:artifactId)' must be unique but found duplicate declaration of plugin org.apache.maven.plugins:maven-release-plugin @ line 202, column 17
[[1;33mWARNING[m] 
[[1;33mWARNING[m] It is highly recommended to fix these problems because they threaten the stability of your build.
[[1;33mWARNING[m] 
[[1;33mWARNING[m] For this reason, future Maven versions might no longer support building such malformed projects.
[[1;33mWARNING[m] 
[[1;34mINFO[m] [1m------------------------------------------------------------------------[m
[[1;34mINFO[m] [1mReactor Build Order:[m
[[1;34mINFO[m] 
[[1;34mINFO[m] Maven                                                              [pom]
[[1;34mINFO[m] Maven Model                                                        [jar]
[[1;34mINFO[m] Maven Local Settings Model                                         [jar]
[[1;34mINFO[m] Maven Repository Metadata Model                                    [jar]
[[1;34mINFO[m] Maven Artifact                                                     [jar]
[[1;34mINFO[m] Maven Artifact Manager                                             [jar]
[[1;34mINFO[m] Maven Artifact Test Helper Library                                 [jar]
[[1;34mINFO[m] Maven Profile Model                                                [jar]
[[1;34mINFO[m] Maven Project Builder                                              [jar]
[[1;34mINFO[m] Maven Archiver                                                     [jar]
[[1;34mINFO[m] Maven Plugin Parameter Documenter API                              [jar]
[[1;34mINFO[m] Maven Reporting                                                    [pom]
[[1;34mINFO[m] Maven Reporting API                                                [jar]
[[1;34mINFO[m] Maven Error Diagnostics                                            [jar]
[[1;34mINFO[m] Maven Plugin Registry Model                                        [jar]
[[1;34mINFO[m] Maven Plugin API                                                   [jar]
[[1;34mINFO[m] Maven Plugin Descriptor Model                                      [jar]
[[1;34mINFO[m] Maven Monitor                                                      [jar]
[[1;34mINFO[m] Maven Core                                                         [jar]
[[1;34mINFO[m] Maven Model Converter                                              [jar]
[[1;34mINFO[m] Maven Plugin Tools Base POM                                        [pom]
[[1;34mINFO[m] Maven Plugin Tools APIs                                            [jar]
[[1;34mINFO[m] Maven Plugin Tools for Java                                        [jar]
[[1;34mINFO[m] Maven Plugin Tools for Beanshell                                   [jar]
[[1;34mINFO[m] Maven Pluggy Simplistic Plugin Generator                           [jar]
[[1;34mINFO[m] Maven Plugin Metadata Model                                        [jar]
[[1;34mINFO[m] Maven Ant Plugin Tools                                             [jar]
[[1;34mINFO[m] Maven Reporting                                                    [jar]
[[1;34mINFO[m] Maven Script Support Root                                          [pom]
[[1;34mINFO[m] Maven Ant Mojo Support                                             [jar]
[[1;34mINFO[m] Maven Beanshell Mojo Support                                       [jar]
[[1;34mINFO[m] 
[[1;34mINFO[m] [1m-----------------------< [0;36morg.apache.maven:maven[0;1m >-----------------------[m
[[1;34mINFO[m] [1mBuilding Maven 2.1-SNAPSHOT                                       [1/31][m
[[1;34mINFO[m] [1m--------------------------------[ pom ]---------------------------------[m
[[1;34mINFO[m] 
[[1;34mINFO[m] [1m--- [0;32mmaven-install-plugin:2.4:install[m [1m(default-install)[m @ [36mmaven[0;1m ---[m
[[1;34mINFO[m] Installing /home/user/Reproducibility-Scanner/benchmarks/bugs-dot-jar/maven/pom.xml to /home/user/.m2/repository/org/apache/maven/maven/2.1-SNAPSHOT/maven-2.1-SNAPSHOT.pom
[[1;34mINFO[m] 
[[1;34mINFO[m] [1m--------------------< [0;36morg.apache.maven:maven-model[0;1m >--------------------[m
[[1;34mINFO[m] [1mBuilding Maven Model 2.1-SNAPSHOT                                 [2/31][m
[[1;34mINFO[m] [1m--------------------------------[ jar ]---------------------------------[m
Downloading from central: https://repo.maven.apache.org/maven2/org/codehaus/modello/modello-maven-plugin/1.0-alpha-8/modello-maven-plugin-1.0-alpha-8.pom
Progress (1): 2.6 kB                    Downloaded from central: https://repo.maven.apache.org/maven2/org/codehaus/modello/modello-maven-plugin/1.0-alpha-8/modello-maven-plugin-1.0-alpha-8.pom (2.6 kB at 4.8 kB/s)
Downloading from central: https://repo.maven.apache.org/maven2/org/codehaus/modello/modello/1.0-alpha-8/modello-1.0-alpha-8.pom
Progress (1): 2.7/8.9 kBProgress (1): 5.5/8.9 kBProgress (1): 8.2/8.9 kBProgress (1): 8.9 kB                        Downloaded from central: https://repo.maven.apache.org/maven2/org/codehaus/modello/modello/1.0-alpha-8/modello-1.0-alpha-8.pom (8.9 kB at 58 kB/s)
Downloading from central: https://repo.maven.apache.org/maven2/org/codehaus/modello/modello-maven-plugin/1.0-alpha-8/modello-maven-plugin-1.0-alpha-8.jar
Progress (1): 2.7/12 kBProgress (1): 5.5/12 kBProgress (1): 8.2/12 kBProgress (1): 11/12 kB Progress (1): 12 kB                      Downloaded from central: https://repo.maven.apache.org/maven2/org/codehaus/modello/modello-maven-plugin/1.0-alpha-8/modello-maven-plugin-1.0-alpha-8.jar (12 kB at 73 kB/s)
[[1;34mINFO[m] 
[[1;34mINFO[m] [1m--- [0;32mmodello-maven-plugin:1.0-alpha-8:xpp3-writer[m [1m(default)[m @ [36mmaven-model[0;1m ---[m
Downloading from central: https://repo.maven.apache.org/maven2/org/codehaus/modello/modello-plugin-xdoc/1.0-alpha-8/modello-plugin-xdoc-1.0-alpha-8.pom
Progress (1): 645 B                   Downloaded from central: https://repo.maven.apache.org/maven2/org/codehaus/modello/modello-plugin-xdoc/1.0-alpha-8/modello-plugin-xdoc-1.0-alpha-8.pom (645 B at 2.4 kB/s)
Downloading from central: https://repo.maven.apache.org/maven2/org/codehaus/modello/modello-plugins/1.0-alpha-8/modello-plugins-1.0-alpha-8.pom
Progress (1): 1.5 kB                    Downloaded from central: https://repo.maven.apache.org/maven2/org/codehaus/modello/modello-plugins/1.0-alpha-8/modello-plugins-1.0-alpha-8.pom (1.5 kB at 6.0 kB/s)
Downloading from central: https://repo.maven.apache.org/maven2/org/codehaus/modello/modello-plugin-xml/1.0-alpha-8/modello-plugin-xml-1.0-alpha-8.pom
Progress (1): 440 B                   Downloaded from central: https://repo.maven.apache.org/maven2/org/codehaus/modello/modello-plugin-xml/1.0-alpha-8/modello-plugin-xml-1.0-alpha-8.pom (440 B at 3.1 kB/s)
Downloading from central: https://repo.maven.apache.org/maven2/org/codehaus/modello/modello-core/1.0-alpha-8/modello-core-1.0-alpha-8.pom
Progress (1): 821 B                   Downloaded from central: https://repo.maven.apache.org/maven2/org/codehaus/modello/modello-core/1.0-alpha-8/modello-core-1.0-alpha-8.pom (821 B at 5.5 kB/s)
Downloading from central: https://repo.maven.apache.org/maven2/org/codehaus/modello/modello-plugin-prevayler/1.0-alpha-8/modello-plugin-prevayler-1.0-alpha-8.pom
Progress (1): 657 B                   Downloaded from central: https://repo.maven.apache.org/maven2/org/codehaus/modello/modello-plugin-prevayler/1.0-alpha-8/modello-plugin-prevayler-1.0-alpha-8.pom (657 B at 4.6 kB/s)
Downloading from central: https://repo.maven.apache.org/maven2/org/codehaus/modello/modello-plugin-store/1.0-alpha-8/modello-plugin-store-1.0-alpha-8.pom
Progress (1): 606 B                   Downloaded from central: https://repo.maven.apache.org/maven2/org/codehaus/modello/modello-plugin-store/1.0-alpha-8/modello-plugin-store-1.0-alpha-8.pom (606 B at 4.4 kB/s)
Downloading from central: https://repo.maven.apache.org/maven2/org/codehaus/modello/modello-plugin-xsd/1.0-alpha-8/modello-plugin-xsd-1.0-alpha-8.pom
Progress (1): 643 B                   Downloaded from central: https://repo.maven.apache.org/maven2/org/codehaus/modello/modello-plugin-xsd/1.0-alpha-8/modello-plugin-xsd-1.0-alpha-8.pom (643 B at 2.1 kB/s)
Downloading from central: https://repo.maven.apache.org/maven2/org/codehaus/modello/modello-plugin-jpox/1.0-alpha-8/modello-plugin-jpox-1.0-alpha-8.pom
Progress (1): 647 B                   Downloaded from central: https://repo.maven.apache.org/maven2/org/codehaus/modello/modello-plugin-jpox/1.0-alpha-8/modello-plugin-jpox-1.0-alpha-8.pom (647 B at 1.5 kB/s)
Downloading from central: https://repo.maven.apache.org/maven2/org/codehaus/modello/modello-plugin-xpp3/1.0-alpha-8/modello-plugin-xpp3-1.0-alpha-8.pom
Progress (1): 800 B                   Downloaded from central: https://repo.maven.apache.org/maven2/org/codehaus/modello/modello-plugin-xpp3/1.0-alpha-8/modello-plugin-xpp3-1.0-alpha-8.pom (800 B at 5.4 kB/s)
Downloading from central: https://repo.maven.apache.org/maven2/org/codehaus/modello/modello-plugin-xdoc/1.0-alpha-8/modello-plugin-xdoc-1.0-alpha-8.jar
Downloading from central: https://repo.maven.apache.org/maven2/org/codehaus/modello/modello-plugin-prevayler/1.0-alpha-8/modello-plugin-prevayler-1.0-alpha-8.jar
Downloading from central: https://repo.maven.apache.org/maven2/org/codehaus/modello/modello-plugin-xml/1.0-alpha-8/modello-plugin-xml-1.0-alpha-8.jar
Downloading from central: https://repo.maven.apache.org/maven2/org/codehaus/modello/modello-plugin-xsd/1.0-alpha-8/modello-plugin-xsd-1.0-alpha-8.jar
Downloading from central: https://repo.maven.apache.org/maven2/org/codehaus/modello/modello-plugin-store/1.0-alpha-8/modello-plugin-store-1.0-alpha-8.jar
Progress (1): 2.7/8.2 kBProgress (1): 5.5/8.2 kBProgress (1): 8.2 kB    Progress (2): 8.2 kB | 2.7/16 kBProgress (2): 8.2 kB | 5.5/16 kBProgress (2): 8.2 kB | 8.2/16 kBProgress (3): 8.2 kB | 8.2/16 kB | 2.7/6.9 kBProgress (3): 8.2 kB | 11/16 kB | 2.7/6.9 kB Progress (3): 8.2 kB | 11/16 kB | 5.5/6.9 kBProgress (3): 8.2 kB | 14/16 kB | 5.5/6.9 kBProgress (3): 8.2 kB | 14/16 kB | 6.9 kB    Progress (3): 8.2 kB | 16/16 kB | 6.9 kBProgress (3): 8.2 kB | 16 kB | 6.9 kB   Progress (4): 8.2 kB | 16 kB | 6.9 kB | 2.7/8.6 kBProgress (4): 8.2 kB | 16 kB | 6.9 kB | 5.5/8.6 kBProgress (4): 8.2 kB | 16 kB | 6.9 kB | 8.2/8.6 kBProgress (4): 8.2 kB | 16 kB | 6.9 kB | 8.6 kB                                                  Downloaded from central: https://repo.maven.apache.org/maven2/org/codehaus/modello/modello-plugin-xdoc/1.0-alpha-8/modello-plugin-xdoc-1.0-alpha-8.jar (8.2 kB at 56 kB/s)
Downloading from central: https://repo.maven.apache.org/maven2/org/codehaus/modello/modello-plugin-jpox/1.0-alpha-8/modello-plugin-jpox-1.0-alpha-8.jar
Downloaded from central: https://repo.maven.apache.org/maven2/org/codehaus/modello/modello-plugin-store/1.0-alpha-8/modello-plugin-store-1.0-alpha-8.jar (16 kB at 85 kB/s)
Downloading from central: https://repo.maven.apache.org/maven2/org/codehaus/modello/modello-core/1.0-alpha-8/modello-core-1.0-alpha-8.jar
Downloaded from central: https://repo.maven.apache.org/maven2/org/codehaus/modello/modello-plugin-prevayler/1.0-alpha-8/modello-plugin-prevayler-1.0-alpha-8.jar (6.9 kB at 36 kB/s)
Downloading from central: https://repo.maven.apache.org/maven2/org/codehaus/modello/modello-plugin-xpp3/1.0-alpha-8/modello-plugin-xpp3-1.0-alpha-8.jar
Downloaded from central: https://repo.maven.apache.org/maven2/org/codehaus/modello/modello-plugin-xsd/1.0-alpha-8/modello-plugin-xsd-1.0-alpha-8.jar (8.6 kB at 43 kB/s)
Progress (1): 2.7/9.9 kBProgress (1): 5.5/9.9 kBProgress (1): 8.2/9.9 kBProgress (1): 9.9 kB    Progress (2): 9.9 kB | 4.1/19 kBProgress (2): 9.9 kB | 8.2/19 kBProgress (2): 9.9 kB | 12/19 kB Progress (2): 9.9 kB | 16/19 kBProgress (2): 9.9 kB | 19 kB   Progress (3): 9.9 kB | 19 kB | 2.7/158 kBProgress (3): 9.9 kB | 19 kB | 5.5/158 kBProgress (3): 9.9 kB | 19 kB | 8.2/158 kBProgress (3): 9.9 kB | 19 kB | 11/158 kB Progress (3): 9.9 kB | 19 kB | 14/158 kBProgress (3): 9.9 kB | 19 kB | 16/158 kBProgress (3): 9.9 kB | 19 kB | 19/158 kBProgress (3): 9.9 kB | 19 kB | 21/158 kBProgress (3): 9.9 kB | 19 kB | 24/158 kBProgress (4): 9.9 kB | 19 kB | 24/158 kB | 2.7/24 kB                                                    Downloaded from central: https://repo.maven.apache.org/maven2/org/codehaus/modello/modello-plugin-xml/1.0-alpha-8/modello-plugin-xml-1.0-alpha-8.jar (9.9 kB at 36 kB/s)
Progress (3): 19 kB | 27/158 kB | 2.7/24 kBProgress (3): 19 kB | 27/158 kB | 5.5/24 kBProgress (3): 19 kB | 30/158 kB | 5.5/24 kBProgress (3): 19 kB | 30/158 kB | 8.2/24 kBProgress (3): 19 kB | 32/158 kB | 8.2/24 kBProgress (3): 19 kB | 32/158 kB | 11/24 kB Progress (3): 19 kB | 36/158 kB | 11/24 kBProgress (3): 19 kB | 36/158 kB | 14/24 kBProgress (3): 19 kB | 40/158 kB | 14/24 kBProgress (3): 19 kB | 45/158 kB | 14/24 kBProgress (3): 19 kB | 45/158 kB | 16/24 kBProgress (3): 19 kB | 49/158 kB | 16/24 kBProgress (3): 19 kB | 49/158 kB | 19/24 kBProgress (3): 19 kB | 53/158 kB | 19/24 kBProgress (3): 19 kB | 53/158 kB | 21/24 kBProgress (3): 19 kB | 57/158 kB | 21/24 kBProgress (3): 19 kB | 61/158 kB | 21/24 kBProgress (3): 19 kB | 61/158 kB | 24 kB   Progress (3): 19 kB | 65/158 kB | 24 kBProgress (3): 19 kB | 69/158 kB | 24 kBProgress (3): 19 kB | 73/158 kB | 24 kBProgress (3): 19 kB | 77/158 kB | 24 kBProgress (3): 19 kB | 81/158 kB | 24 kBProgress (3): 19 kB | 85/158 kB | 24 kBProgress (3): 19 kB | 90/158 kB | 24 kBProgress (3): 19 kB | 94/158 kB | 24 kBProgress (3): 19 kB | 98/158 kB | 24 kBProgress (3): 19 kB | 102/158 kB | 24 kBProgress (3): 19 kB | 106/158 kB | 24 kBProgress (3): 19 kB | 110/158 kB | 24 kBProgress (3): 19 kB | 114/158 kB | 24 kBProgress (3): 19 kB | 118/158 kB | 24 kBProgress (3): 19 kB | 122/158 kB | 24 kBProgress (3): 19 kB | 126/158 kB | 24 kBProgress (3): 19 kB | 131/158 kB | 24 kBProgress (3): 19 kB | 135/158 kB | 24 kBProgress (3): 19 kB | 139/158 kB | 24 kBProgress (3): 19 kB | 143/158 kB | 24 kBProgress (3): 19 kB | 147/158 kB | 24 kBProgress (3): 19 kB | 151/158 kB | 24 kBProgress (3): 19 kB | 155/158 kB | 24 kBProgress (3): 19 kB | 158 kB | 24 kB                                        Downloaded from central: https://repo.maven.apache.org/maven2/org/codehaus/modello/modello-plugin-jpox/1.0-alpha-8/modello-plugin-jpox-1.0-alpha-8.jar (19 kB at 63 kB/s)
Downloaded from central: https://repo.maven.apache.org/maven2/org/codehaus/modello/modello-plugin-xpp3/1.0-alpha-8/modello-plugin-xpp3-1.0-alpha-8.jar (24 kB at 66 kB/s)
Downloaded from central: https://repo.maven.apache.org/maven2/org/codehaus/modello/modello-core/1.0-alpha-8/modello-core-1.0-alpha-8.jar (158 kB at 430 kB/s)
[[1;34mINFO[m] outputDirectory: /home/user/Reproducibility-Scanner/benchmarks/bugs-dot-jar/maven/maven-model/target/generated-sources/modello
[[1;34mINFO[m] 
[[1;34mINFO[m] [1m--- [0;32mmodello-maven-plugin:1.0-alpha-8:java[m [1m(default)[m @ [36mmaven-model[0;1m ---[m
[[1;34mINFO[m] outputDirectory: /home/user/Reproducibility-Scanner/benchmarks/bugs-dot-jar/maven/maven-model/target/generated-sources/modello
[[1;34mINFO[m] 
[[1;34mINFO[m] [1m--- [0;32mmodello-maven-plugin:1.0-alpha-8:xpp3-reader[m [1m(default)[m @ [36mmaven-model[0;1m ---[m
[[1;34mINFO[m] outputDirectory: /home/user/Reproducibility-Scanner/benchmarks/bugs-dot-jar/maven/maven-model/target/generated-sources/modello
[[1;34mINFO[m] 
[[1;34mINFO[m] [1m--- [0;32mmodello-maven-plugin:1.0-alpha-8:xsd[m [1m(default)[m @ [36mmaven-model[0;1m ---[m
[[1;34mINFO[m] outputDirectory: /home/user/Reproducibility-Scanner/benchmarks/bugs-dot-jar/maven/maven-model/target/generated-site/xsd
[[1;34mINFO[m] 
[[1;34mINFO[m] [1m--- [0;32mmaven-resources-plugin:2.6:resources[m [1m(default-resources)[m @ [36mmaven-model[0;1m ---[m
[[1;33mWARNING[m] Using platform encoding (UTF-8 actually) to copy filtered resources, i.e. build is platform dependent!
[[1;34mINFO[m] skip non existing resourceDirectory /home/user/Reproducibility-Scanner/benchmarks/bugs-dot-jar/maven/maven-model/src/main/resources
[[1;34mINFO[m] 
[[1;34mINFO[m] [1m--- [0;32mmaven-compiler-plugin:3.1:compile[m [1m(default-compile)[m @ [36mmaven-model[0;1m ---[m
[[1;34mINFO[m] Changes detected - recompiling the module!
[[1;33mWARNING[m] File encoding has not been set, using platform encoding UTF-8, i.e. build is platform dependent!
[[1;34mINFO[m] Compiling 45 source files to /home/user/Reproducibility-Scanner/benchmarks/bugs-dot-jar/maven/maven-model/target/classes
[[1;33mWARNING[m] /home/user/Reproducibility-Scanner/benchmarks/bugs-dot-jar/maven/maven-model/target/generated-sources/modello/org/apache/maven/model/PluginContainer.java: Some input files use unchecked or unsafe operations.
[[1;33mWARNING[m] /home/user/Reproducibility-Scanner/benchmarks/bugs-dot-jar/maven/maven-model/target/generated-sources/modello/org/apache/maven/model/PluginContainer.java: Recompile with -Xlint:unchecked for details.
[[1;34mINFO[m] 
[[1;34mINFO[m] [1m--- [0;32mmaven-resources-plugin:2.6:testResources[m [1m(default-testResources)[m @ [36mmaven-model[0;1m ---[m
[[1;33mWARNING[m] Using platform encoding (UTF-8 actually) to copy filtered resources, i.e. build is platform dependent!
[[1;34mINFO[m] skip non existing resourceDirectory /home/user/Reproducibility-Scanner/benchmarks/bugs-dot-jar/maven/maven-model/src/test/resources
[[1;34mINFO[m] 
[[1;34mINFO[m] [1m--- [0;32mmaven-compiler-plugin:3.1:testCompile[m [1m(default-testCompile)[m @ [36mmaven-model[0;1m ---[m
[[1;34mINFO[m] No sources to compile
[[1;34mINFO[m] 
[[1;34mINFO[m] [1m--- [0;32mmaven-surefire-plugin:2.12.4:test[m [1m(default-test)[m @ [36mmaven-model[0;1m ---[m
[[1;34mINFO[m] Tests are skipped.
[[1;34mINFO[m] 
[[1;34mINFO[m] [1m--- [0;32mmaven-jar-plugin:2.4:jar[m [1m(default-jar)[m @ [36mmaven-model[0;1m ---[m
[[1;34mINFO[m] Building jar: /home/user/Reproducibility-Scanner/benchmarks/bugs-dot-jar/maven/maven-model/target/maven-model-2.1-SNAPSHOT.jar
[[1;34mINFO[m] 
[[1;34mINFO[m] [1m--- [0;32mmaven-install-plugin:2.4:install[m [1m(default-install)[m @ [36mmaven-model[0;1m ---[m
[[1;34mINFO[m] Installing /home/user/Reproducibility-Scanner/benchmarks/bugs-dot-jar/maven/maven-model/target/maven-model-2.1-SNAPSHOT.jar to /home/user/.m2/repository/org/apache/maven/maven-model/2.1-SNAPSHOT/maven-model-2.1-SNAPSHOT.jar
[[1;34mINFO[m] Installing /home/user/Reproducibility-Scanner/benchmarks/bugs-dot-jar/maven/maven-model/pom.xml to /home/user/.m2/repository/org/apache/maven/maven-model/2.1-SNAPSHOT/maven-model-2.1-SNAPSHOT.pom
[[1;34mINFO[m] 
[[1;34mINFO[m] [1m------------------< [0;36morg.apache.maven:maven-settings[0;1m >-------------------[m
[[1;34mINFO[m] [1mBuilding Maven Local Settings Model 2.1-SNAPSHOT                  [3/31][m
[[1;34mINFO[m] [1m--------------------------------[ jar ]---------------------------------[m
Downloading from central: https://repo.maven.apache.org/maven2/org/codehaus/modello/modello-maven-plugin/1.0-alpha-7/modello-maven-plugin-1.0-alpha-7.pom
Progress (1): 2.5 kB                    Downloaded from central: https://repo.maven.apache.org/maven2/org/codehaus/modello/modello-maven-plugin/1.0-alpha-7/modello-maven-plugin-1.0-alpha-7.pom (2.5 kB at 13 kB/s)
Downloading from central: https://repo.maven.apache.org/maven2/org/codehaus/modello/modello/1.0-alpha-7/modello-1.0-alpha-7.pom
Progress (1): 4.1/8.9 kBProgress (1): 8.2/8.9 kBProgress (1): 8.9 kB                        Downloaded from central: https://repo.maven.apache.org/maven2/org/codehaus/modello/modello/1.0-alpha-7/modello-1.0-alpha-7.pom (8.9 kB at 45 kB/s)
Downloading from central: https://repo.maven.apache.org/maven2/org/codehaus/modello/modello-maven-plugin/1.0-alpha-7/modello-maven-plugin-1.0-alpha-7.jar
Progress (1): 4.1/10 kBProgress (1): 8.2/10 kBProgress (1): 10 kB                       Downloaded from central: https://repo.maven.apache.org/maven2/org/codehaus/modello/modello-maven-plugin/1.0-alpha-7/modello-maven-plugin-1.0-alpha-7.jar (10 kB at 68 kB/s)
[[1;34mINFO[m] 
[[1;34mINFO[m] [1m--- [0;32mmodello-maven-plugin:1.0-alpha-7:xpp3-writer[m [1m(default)[m @ [36mmaven-settings[0;1m ---[m
Downloading from central: https://repo.maven.apache.org/maven2/org/codehaus/modello/modello-plugin-xdoc/1.0-alpha-7/modello-plugin-xdoc-1.0-alpha-7.pom
Progress (1): 607 B                   Downloaded from central: https://repo.maven.apache.org/maven2/org/codehaus/modello/modello-plugin-xdoc/1.0-alpha-7/modello-plugin-xdoc-1.0-alpha-7.pom (607 B at 4.2 kB/s)
Downloading from central: https://repo.maven.apache.org/maven2/org/codehaus/modello/modello-plugins/1.0-alpha-7/modello-plugins-1.0-alpha-7.pom
Progress (1): 1.2 kB                    Downloaded from central: https://repo.maven.apache.org/maven2/org/codehaus/modello/modello-plugins/1.0-alpha-7/modello-plugins-1.0-alpha-7.pom (1.2 kB at 5.1 kB/s)
Downloading from central: https://repo.maven.apache.org/maven2/org/codehaus/modello/modello-plugin-xml/1.0-alpha-7/modello-plugin-xml-1.0-alpha-7.pom
Progress (1): 402 B                   Downloaded from central: https://repo.maven.apache.org/maven2/org/codehaus/modello/modello-plugin-xml/1.0-alpha-7/modello-plugin-xml-1.0-alpha-7.pom (402 B at 1.9 kB/s)
Downloading from central: https://repo.maven.apache.org/maven2/org/codehaus/modello/modello-core/1.0-alpha-7/modello-core-1.0-alpha-7.pom
Progress (1): 783 B                   Downloaded from central: https://repo.maven.apache.org/maven2/org/codehaus/modello/modello-core/1.0-alpha-7/modello-core-1.0-alpha-7.pom (783 B at 5.7 kB/s)
Downloading from central: https://repo.maven.apache.org/maven2/org/codehaus/modello/modello-plugin-prevayler/1.0-alpha-7/modello-plugin-prevayler-1.0-alpha-7.pom
Progress (1): 619 B                   Downloaded from central: https://repo.maven.apache.org/maven2/org/codehaus/modello/modello-plugin-prevayler/1.0-alpha-7/modello-plugin-prevayler-1.0-alpha-7.pom (619 B at 4.2 kB/s)
Downloading from central: https://repo.maven.apache.org/maven2/org/codehaus/modello/modello-plugin-store/1.0-alpha-7/modello-plugin-store-1.0-alpha-7.pom
Progress (1): 568 B                   Downloaded from central: https://repo.maven.apache.org/maven2/org/codehaus/modello/modello-plugin-store/1.0-alpha-7/modello-plugin-store-1.0-alpha-7.pom (568 B at 4.1 kB/s)
Downloading from central: https://repo.maven.apache.org/maven2/org/codehaus/modello/modello-plugin-xsd/1.0-alpha-7/modello-plugin-xsd-1.0-alpha-7.pom
Progress (1): 605 B                   Downloaded from central: https://repo.maven.apache.org/maven2/org/codehaus/modello/modello-plugin-xsd/1.0-alpha-7/modello-plugin-xsd-1.0-alpha-7.pom (605 B at 4.3 kB/s)
Downloading from central: https://repo.maven.apache.org/maven2/org/codehaus/modello/modello-plugin-jpox/1.0-alpha-7/modello-plugin-jpox-1.0-alpha-7.pom
Progress (1): 609 B                   Downloaded from central: https://repo.maven.apache.org/maven2/org/codehaus/modello/modello-plugin-jpox/1.0-alpha-7/modello-plugin-jpox-1.0-alpha-7.pom (609 B at 4.2 kB/s)
Downloading from central: https://repo.maven.apache.org/maven2/org/codehaus/modello/modello-plugin-xpp3/1.0-alpha-7/modello-plugin-xpp3-1.0-alpha-7.pom
Progress (1): 762 B                   Downloaded from central: https://repo.maven.apache.org/maven2/org/codehaus/modello/modello-plugin-xpp3/1.0-alpha-7/modello-plugin-xpp3-1.0-alpha-7.pom (762 B at 4.9 kB/s)
Downloading from central: https://repo.maven.apache.org/maven2/org/codehaus/modello/modello-plugin-xdoc/1.0-alpha-7/modello-plugin-xdoc-1.0-alpha-7.jar
Downloading from central: https://repo.maven.apache.org/maven2/org/codehaus/modello/modello-plugin-prevayler/1.0-alpha-7/modello-plugin-prevayler-1.0-alpha-7.jar
Downloading from central: https://repo.maven.apache.org/maven2/org/codehaus/modello/modello-plugin-xml/1.0-alpha-7/modello-plugin-xml-1.0-alpha-7.jar
Downloading from central: https://repo.maven.apache.org/maven2/org/codehaus/modello/modello-plugin-xsd/1.0-alpha-7/modello-plugin-xsd-1.0-alpha-7.jar
Downloading from central: https://repo.maven.apache.org/maven2/org/codehaus/modello/modello-plugin-store/1.0-alpha-7/modello-plugin-store-1.0-alpha-7.jar
Progress (1): 4.1/6.9 kBProgress (1): 6.9 kB    Progress (2): 6.9 kB | 2.7/5.2 kBProgress (2): 6.9 kB | 5.2 kB    Progress (3): 6.9 kB | 5.2 kB | 4.1/14 kBProgress (3): 6.9 kB | 5.2 kB | 8.2/14 kBProgress (3): 6.9 kB | 5.2 kB | 12/14 kB Progress (3): 6.9 kB | 5.2 kB | 14 kB   Progress (4): 6.9 kB | 5.2 kB | 14 kB | 2.7/8.2 kBProgress (4): 6.9 kB | 5.2 kB | 14 kB | 5.5/8.2 kBProgress (4): 6.9 kB | 5.2 kB | 14 kB | 8.2 kB    Progress (5): 6.9 kB | 5.2 kB | 14 kB | 8.2 kB | 2.7/6.5 kB                                                           Downloaded from central: https://repo.maven.apache.org/maven2/org/codehaus/modello/modello-plugin-xsd/1.0-alpha-7/modello-plugin-xsd-1.0-alpha-7.jar (6.9 kB at 43 kB/s)
Downloaded from central: https://repo.maven.apache.org/maven2/org/codehaus/modello/modello-plugin-xml/1.0-alpha-7/modello-plugin-xml-1.0-alpha-7.jar (8.2 kB at 52 kB/s)
Progress (3): 5.2 kB | 14 kB | 5.5/6.5 kB                                         Downloaded from central: https://repo.maven.apache.org/maven2/org/codehaus/modello/modello-plugin-prevayler/1.0-alpha-7/modello-plugin-prevayler-1.0-alpha-7.jar (5.2 kB at 32 kB/s)
Downloading from central: https://repo.maven.apache.org/maven2/org/codehaus/modello/modello-plugin-xpp3/1.0-alpha-7/modello-plugin-xpp3-1.0-alpha-7.jar
Downloaded from central: https://repo.maven.apache.org/maven2/org/codehaus/modello/modello-plugin-store/1.0-alpha-7/modello-plugin-store-1.0-alpha-7.jar (14 kB at 90 kB/s)
Progress (1): 6.5 kB                    Downloading from central: https://repo.maven.apache.org/maven2/org/codehaus/modello/modello-core/1.0-alpha-7/modello-core-1.0-alpha-7.jar
Downloading from central: https://repo.maven.apache.org/maven2/org/codehaus/modello/modello-plugin-jpox/1.0-alpha-7/modello-plugin-jpox-1.0-alpha-7.jar
Progress (2): 6.5 kB | 2.7/22 kBProgress (2): 6.5 kB | 5.5/22 kBProgress (3): 6.5 kB | 5.5/22 kB | 4.1/17 kBProgress (3): 6.5 kB | 8.2/22 kB | 4.1/17 kBProgress (3): 6.5 kB | 8.2/22 kB | 8.2/17 kBProgress (3): 6.5 kB | 8.2/22 kB | 12/17 kB Progress (3): 6.5 kB | 11/22 kB | 12/17 kB Progress (3): 6.5 kB | 11/22 kB | 16/17 kBProgress (3): 6.5 kB | 14/22 kB | 16/17 kBProgress (3): 6.5 kB | 14/22 kB | 17 kB   Progress (3): 6.5 kB | 16/22 kB | 17 kBProgress (3): 6.5 kB | 19/22 kB | 17 kBProgress (3): 6.5 kB | 21/22 kB | 17 kBProgress (3): 6.5 kB | 22 kB | 17 kB   Progress (4): 6.5 kB | 22 kB | 17 kB | 4.1/156 kB                                                 Downloaded from central: https://repo.maven.apache.org/maven2/org/codehaus/modello/modello-plugin-xdoc/1.0-alpha-7/modello-plugin-xdoc-1.0-alpha-7.jar (6.5 kB at 27 kB/s)
Progress (3): 22 kB | 17 kB | 8.2/156 kBProgress (3): 22 kB | 17 kB | 12/156 kB Progress (3): 22 kB | 17 kB | 16/156 kBProgress (3): 22 kB | 17 kB | 20/156 kBProgress (3): 22 kB | 17 kB | 24/156 kBProgress (3): 22 kB | 17 kB | 28/156 kBProgress (3): 22 kB | 17 kB | 32/156 kBProgress (3): 22 kB | 17 kB | 36/156 kBProgress (3): 22 kB | 17 kB | 40/156 kBProgress (3): 22 kB | 17 kB | 45/156 kBProgress (3): 22 kB | 17 kB | 49/156 kBProgress (3): 22 kB | 17 kB | 53/156 kBProgress (3): 22 kB | 17 kB | 57/156 kBProgress (3): 22 kB | 17 kB | 61/156 kBProgress (3): 22 kB | 17 kB | 65/156 kBProgress (3): 22 kB | 17 kB | 69/156 kBProgress (3): 22 kB | 17 kB | 73/156 kBProgress (3): 22 kB | 17 kB | 77/156 kBProgress (3): 22 kB | 17 kB | 81/156 kBProgress (3): 22 kB | 17 kB | 85/156 kBProgress (3): 22 kB | 17 kB | 90/156 kBProgress (3): 22 kB | 17 kB | 94/156 kBProgress (3): 22 kB | 17 kB | 98/156 kBProgress (3): 22 kB | 17 kB | 102/156 kBProgress (3): 22 kB | 17 kB | 106/156 kBProgress (3): 22 kB | 17 kB | 110/156 kBProgress (3): 22 kB | 17 kB | 114/156 kBProgress (3): 22 kB | 17 kB | 118/156 kBProgress (3): 22 kB | 17 kB | 122/156 kBProgress (3): 22 kB | 17 kB | 126/156 kBProgress (3): 22 kB | 17 kB | 131/156 kBProgress (3): 22 kB | 17 kB | 135/156 kBProgress (3): 22 kB | 17 kB | 139/156 kBProgress (3): 22 kB | 17 kB | 143/156 kBProgress (3): 22 kB | 17 kB | 147/156 kBProgress (3): 22 kB | 17 kB | 151/156 kBProgress (3): 22 kB | 17 kB | 155/156 kBProgress (3): 22 kB | 17 kB | 156 kB                                        Downloaded from central: https://repo.maven.apache.org/maven2/org/codehaus/modello/modello-plugin-xpp3/1.0-alpha-7/modello-plugin-xpp3-1.0-alpha-7.jar (22 kB at 72 kB/s)
Downloaded from central: https://repo.maven.apache.org/maven2/org/codehaus/modello/modello-core/1.0-alpha-7/modello-core-1.0-alpha-7.jar (156 kB at 472 kB/s)
Downloaded from central: https://repo.maven.apache.org/maven2/org/codehaus/modello/modello-plugin-jpox/1.0-alpha-7/modello-plugin-jpox-1.0-alpha-7.jar (17 kB at 51 kB/s)
[[1;34mINFO[m] outputDirectory: /home/user/Reproducibility-Scanner/benchmarks/bugs-dot-jar/maven/maven-settings/target/generated-sources/modello
[[1;34mINFO[m] 
[[1;34mINFO[m] [1m--- [0;32mmodello-maven-plugin:1.0-alpha-7:java[m [1m(default)[m @ [36mmaven-settings[0;1m ---[m
[[1;34mINFO[m] outputDirectory: /home/user/Reproducibility-Scanner/benchmarks/bugs-dot-jar/maven/maven-settings/target/generated-sources/modello
[[1;34mINFO[m] 
[[1;34mINFO[m] [1m--- [0;32mmodello-maven-plugin:1.0-alpha-7:xpp3-reader[m [1m(default)[m @ [36mmaven-settings[0;1m ---[m
[[1;34mINFO[m] outputDirectory: /home/user/Reproducibility-Scanner/benchmarks/bugs-dot-jar/maven/maven-settings/target/generated-sources/modello
[[1;34mINFO[m] 
[[1;34mINFO[m] [1m--- [0;32mmaven-resources-plugin:2.6:resources[m [1m(default-resources)[m @ [36mmaven-settings[0;1m ---[m
[[1;33mWARNING[m] Using platform encoding (UTF-8 actually) to copy filtered resources, i.e. build is platform dependent!
[[1;34mINFO[m] Copying 1 resource
[[1;34mINFO[m] 
[[1;34mINFO[m] [1m--- [0;32mmaven-compiler-plugin:3.1:compile[m [1m(default-compile)[m @ [36mmaven-settings[0;1m ---[m
[[1;34mINFO[m] Changes detected - recompiling the module!
[[1;33mWARNING[m] File encoding has not been set, using platform encoding UTF-8, i.e. build is platform dependent!
[[1;34mINFO[m] Compiling 20 source files to /home/user/Reproducibility-Scanner/benchmarks/bugs-dot-jar/maven/maven-settings/target/classes
[[1;33mWARNING[m] /home/user/Reproducibility-Scanner/benchmarks/bugs-dot-jar/maven/maven-settings/target/generated-sources/modello/org/apache/maven/settings/Settings.java: Some input files use unchecked or unsafe operations.
[[1;33mWARNING[m] /home/user/Reproducibility-Scanner/benchmarks/bugs-dot-jar/maven/maven-settings/target/generated-sources/modello/org/apache/maven/settings/Settings.java: Recompile with -Xlint:unchecked for details.
[[1;34mINFO[m] 
[[1;34mINFO[m] [1m--- [0;32mmaven-resources-plugin:2.6:testResources[m [1m(default-testResources)[m @ [36mmaven-settings[0;1m ---[m
[[1;33mWARNING[m] Using platform encoding (UTF-8 actually) to copy filtered resources, i.e. build is platform dependent!
[[1;34mINFO[m] skip non existing resourceDirectory /home/user/Reproducibility-Scanner/benchmarks/bugs-dot-jar/maven/maven-settings/src/test/resources
[[1;34mINFO[m] 
[[1;34mINFO[m] [1m--- [0;32mmaven-compiler-plugin:3.1:testCompile[m [1m(default-testCompile)[m @ [36mmaven-settings[0;1m ---[m
[[1;34mINFO[m] Changes detected - recompiling the module!
[[1;33mWARNING[m] File encoding has not been set, using platform encoding UTF-8, i.e. build is platform dependent!
[[1;34mINFO[m] Compiling 1 source file to /home/user/Reproducibility-Scanner/benchmarks/bugs-dot-jar/maven/maven-settings/target/test-classes
[[1;34mINFO[m] 
[[1;34mINFO[m] [1m--- [0;32mmaven-surefire-plugin:2.12.4:test[m [1m(default-test)[m @ [36mmaven-settings[0;1m ---[m
[[1;34mINFO[m] Tests are skipped.
[[1;34mINFO[m] 
[[1;34mINFO[m] [1m--- [0;32mmaven-jar-plugin:2.4:jar[m [1m(default-jar)[m @ [36mmaven-settings[0;1m ---[m
[[1;34mINFO[m] Building jar: /home/user/Reproducibility-Scanner/benchmarks/bugs-dot-jar/maven/maven-settings/target/maven-settings-2.1-SNAPSHOT.jar
[[1;34mINFO[m] 
[[1;34mINFO[m] [1m--- [0;32mmaven-install-plugin:2.4:install[m [1m(default-install)[m @ [36mmaven-settings[0;1m ---[m
[[1;34mINFO[m] Installing /home/user/Reproducibility-Scanner/benchmarks/bugs-dot-jar/maven/maven-settings/target/maven-settings-2.1-SNAPSHOT.jar to /home/user/.m2/repository/org/apache/maven/maven-settings/2.1-SNAPSHOT/maven-settings-2.1-SNAPSHOT.jar
[[1;34mINFO[m] Installing /home/user/Reproducibility-Scanner/benchmarks/bugs-dot-jar/maven/maven-settings/pom.xml to /home/user/.m2/repository/org/apache/maven/maven-settings/2.1-SNAPSHOT/maven-settings-2.1-SNAPSHOT.pom
[[1;34mINFO[m] 
[[1;34mINFO[m] [1m-------------< [0;36morg.apache.maven:maven-repository-metadata[0;1m >-------------[m
[[1;34mINFO[m] [1mBuilding Maven Repository Metadata Model 2.1-SNAPSHOT             [4/31][m
[[1;34mINFO[m] [1m--------------------------------[ jar ]---------------------------------[m
[[1;34mINFO[m] 
[[1;34mINFO[m] [1m--- [0;32mmodello-maven-plugin:1.0-alpha-7:xpp3-writer[m [1m(default)[m @ [36mmaven-repository-metadata[0;1m ---[m
[[1;34mINFO[m] outputDirectory: /home/user/Reproducibility-Scanner/benchmarks/bugs-dot-jar/maven/maven-repository-metadata/target/generated-sources/modello
[[1;34mINFO[m] 
[[1;34mINFO[m] [1m--- [0;32mmodello-maven-plugin:1.0-alpha-7:java[m [1m(default)[m @ [36mmaven-repository-metadata[0;1m ---[m
[[1;34mINFO[m] outputDirectory: /home/user/Reproducibility-Scanner/benchmarks/bugs-dot-jar/maven/maven-repository-metadata/target/generated-sources/modello
[[1;34mINFO[m] 
[[1;34mINFO[m] [1m--- [0;32mmodello-maven-plugin:1.0-alpha-7:xpp3-reader[m [1m(default)[m @ [36mmaven-repository-metadata[0;1m ---[m
[[1;34mINFO[m] outputDirectory: /home/user/Reproducibility-Scanner/benchmarks/bugs-dot-jar/maven/maven-repository-metadata/target/generated-sources/modello
[[1;34mINFO[m] 
[[1;34mINFO[m] [1m--- [0;32mmodello-maven-plugin:1.0-alpha-7:xsd[m [1m(default)[m @ [36mmaven-repository-metadata[0;1m ---[m
[[1;34mINFO[m] outputDirectory: /home/user/Reproducibility-Scanner/benchmarks/bugs-dot-jar/maven/maven-repository-metadata/target/generated-site/xsd
[[1;34mINFO[m] 
[[1;34mINFO[m] [1m--- [0;32mmaven-resources-plugin:2.6:resources[m [1m(default-resources)[m @ [36mmaven-repository-metadata[0;1m ---[m
[[1;33mWARNING[m] Using platform encoding (UTF-8 actually) to copy filtered resources, i.e. build is platform dependent!
[[1;34mINFO[m] skip non existing resourceDirectory /home/user/Reproducibility-Scanner/benchmarks/bugs-dot-jar/maven/maven-repository-metadata/src/main/resources
[[1;34mINFO[m] 
[[1;34mINFO[m] [1m--- [0;32mmaven-compiler-plugin:3.1:compile[m [1m(default-compile)[m @ [36mmaven-repository-metadata[0;1m ---[m
[[1;34mINFO[m] Changes detected - recompiling the module!
[[1;33mWARNING[m] File encoding has not been set, using platform encoding UTF-8, i.e. build is platform dependent!
[[1;34mINFO[m] Compiling 6 source files to /home/user/Reproducibility-Scanner/benchmarks/bugs-dot-jar/maven/maven-repository-metadata/target/classes
[[1;33mWARNING[m] /home/user/Reproducibility-Scanner/benchmarks/bugs-dot-jar/maven/maven-repository-metadata/target/generated-sources/modello/org/apache/maven/artifact/repository/metadata/io/xpp3/MetadataXpp3Reader.java: Some input files use unchecked or unsafe operations.
[[1;33mWARNING[m] /home/user/Reproducibility-Scanner/benchmarks/bugs-dot-jar/maven/maven-repository-metadata/target/generated-sources/modello/org/apache/maven/artifact/repository/metadata/io/xpp3/MetadataXpp3Reader.java: Recompile with -Xlint:unchecked for details.
[[1;34mINFO[m] 
[[1;34mINFO[m] [1m--- [0;32mmaven-resources-plugin:2.6:testResources[m [1m(default-testResources)[m @ [36mmaven-repository-metadata[0;1m ---[m
[[1;33mWARNING[m] Using platform encoding (UTF-8 actually) to copy filtered resources, i.e. build is platform dependent!
[[1;34mINFO[m] skip non existing resourceDirectory /home/user/Reproducibility-Scanner/benchmarks/bugs-dot-jar/maven/maven-repository-metadata/src/test/resources
[[1;34mINFO[m] 
[[1;34mINFO[m] [1m--- [0;32mmaven-compiler-plugin:3.1:testCompile[m [1m(default-testCompile)[m @ [36mmaven-repository-metadata[0;1m ---[m
[[1;34mINFO[m] No sources to compile
[[1;34mINFO[m] 
[[1;34mINFO[m] [1m--- [0;32mmaven-surefire-plugin:2.12.4:test[m [1m(default-test)[m @ [36mmaven-repository-metadata[0;1m ---[m
[[1;34mINFO[m] Tests are skipped.
[[1;34mINFO[m] 
[[1;34mINFO[m] [1m--- [0;32mmaven-jar-plugin:2.4:jar[m [1m(default-jar)[m @ [36mmaven-repository-metadata[0;1m ---[m
[[1;34mINFO[m] Building jar: /home/user/Reproducibility-Scanner/benchmarks/bugs-dot-jar/maven/maven-repository-metadata/target/maven-repository-metadata-2.1-SNAPSHOT.jar
[[1;34mINFO[m] 
[[1;34mINFO[m] [1m--- [0;32mmaven-install-plugin:2.4:install[m [1m(default-install)[m @ [36mmaven-repository-metadata[0;1m ---[m
[[1;34mINFO[m] Installing /home/user/Reproducibility-Scanner/benchmarks/bugs-dot-jar/maven/maven-repository-metadata/target/maven-repository-metadata-2.1-SNAPSHOT.jar to /home/user/.m2/repository/org/apache/maven/maven-repository-metadata/2.1-SNAPSHOT/maven-repository-metadata-2.1-SNAPSHOT.jar
[[1;34mINFO[m] Installing /home/user/Reproducibility-Scanner/benchmarks/bugs-dot-jar/maven/maven-repository-metadata/pom.xml to /home/user/.m2/repository/org/apache/maven/maven-repository-metadata/2.1-SNAPSHOT/maven-repository-metadata-2.1-SNAPSHOT.pom
[[1;34mINFO[m] 
[[1;34mINFO[m] [1m------------------< [0;36morg.apache.maven:maven-artifact[0;1m >-------------------[m
[[1;34mINFO[m] [1mBuilding Maven Artifact 2.1-SNAPSHOT                              [5/31][m
[[1;34mINFO[m] [1m--------------------------------[ jar ]---------------------------------[m
[[1;34mINFO[m] 
[[1;34mINFO[m] [1m--- [0;32mmaven-resources-plugin:2.6:resources[m [1m(default-resources)[m @ [36mmaven-artifact[0;1m ---[m
[[1;33mWARNING[m] Using platform encoding (UTF-8 actually) to copy filtered resources, i.e. build is platform dependent!
[[1;34mINFO[m] Copying 1 resource
[[1;34mINFO[m] 
[[1;34mINFO[m] [1m--- [0;32mmaven-compiler-plugin:3.1:compile[m [1m(default-compile)[m @ [36mmaven-artifact[0;1m ---[m
[[1;34mINFO[m] Changes detected - recompiling the module!
[[1;33mWARNING[m] File encoding has not been set, using platform encoding UTF-8, i.e. build is platform dependent!
[[1;34mINFO[m] Compiling 61 source files to /home/user/Reproducibility-Scanner/benchmarks/bugs-dot-jar/maven/maven-artifact/target/classes
[[1;33mWARNING[m] /home/user/Reproducibility-Scanner/benchmarks/bugs-dot-jar/maven/maven-artifact/src/main/java/org/apache/maven/artifact/resolver/AbstractArtifactResolutionException.java: Some input files use unchecked or unsafe operations.
[[1;33mWARNING[m] /home/user/Reproducibility-Scanner/benchmarks/bugs-dot-jar/maven/maven-artifact/src/main/java/org/apache/maven/artifact/resolver/AbstractArtifactResolutionException.java: Recompile with -Xlint:unchecked for details.
[[1;34mINFO[m] 
[[1;34mINFO[m] [1m--- [0;32mmaven-resources-plugin:2.6:testResources[m [1m(default-testResources)[m @ [36mmaven-artifact[0;1m ---[m
[[1;33mWARNING[m] Using platform encoding (UTF-8 actually) to copy filtered resources, i.e. build is platform dependent!
[[1;34mINFO[m] skip non existing resourceDirectory /home/user/Reproducibility-Scanner/benchmarks/bugs-dot-jar/maven/maven-artifact/src/test/resources
[[1;34mINFO[m] 
[[1;34mINFO[m] [1m--- [0;32mmaven-compiler-plugin:3.1:testCompile[m [1m(default-testCompile)[m @ [36mmaven-artifact[0;1m ---[m
[[1;34mINFO[m] Changes detected - recompiling the module!
[[1;33mWARNING[m] File encoding has not been set, using platform encoding UTF-8, i.e. build is platform dependent!
[[1;34mINFO[m] Compiling 6 source files to /home/user/Reproducibility-Scanner/benchmarks/bugs-dot-jar/maven/maven-artifact/target/test-classes
[[1;33mWARNING[m] /home/user/Reproducibility-Scanner/benchmarks/bugs-dot-jar/maven/maven-artifact/src/test/java/org/apache/maven/artifact/resolver/DefaultArtifactCollectorTest.java: /home/user/Reproducibility-Scanner/benchmarks/bugs-dot-jar/maven/maven-artifact/src/test/java/org/apache/maven/artifact/resolver/DefaultArtifactCollectorTest.java uses unchecked or unsafe operations.
[[1;33mWARNING[m] /home/user/Reproducibility-Scanner/benchmarks/bugs-dot-jar/maven/maven-artifact/src/test/java/org/apache/maven/artifact/resolver/DefaultArtifactCollectorTest.java: Recompile with -Xlint:unchecked for details.
[[1;34mINFO[m] 
[[1;34mINFO[m] [1m--- [0;32mmaven-surefire-plugin:2.12.4:test[m [1m(default-test)[m @ [36mmaven-artifact[0;1m ---[m
[[1;34mINFO[m] Tests are skipped.
[[1;34mINFO[m] 
[[1;34mINFO[m] [1m--- [0;32mmaven-jar-plugin:2.4:jar[m [1m(default-jar)[m @ [36mmaven-artifact[0;1m ---[m
[[1;34mINFO[m] Building jar: /home/user/Reproducibility-Scanner/benchmarks/bugs-dot-jar/maven/maven-artifact/target/maven-artifact-2.1-SNAPSHOT.jar
[[1;34mINFO[m] 
[[1;34mINFO[m] [1m--- [0;32mmaven-install-plugin:2.4:install[m [1m(default-install)[m @ [36mmaven-artifact[0;1m ---[m
[[1;34mINFO[m] Installing /home/user/Reproducibility-Scanner/benchmarks/bugs-dot-jar/maven/maven-artifact/target/maven-artifact-2.1-SNAPSHOT.jar to /home/user/.m2/repository/org/apache/maven/maven-artifact/2.1-SNAPSHOT/maven-artifact-2.1-SNAPSHOT.jar
[[1;34mINFO[m] Installing /home/user/Reproducibility-Scanner/benchmarks/bugs-dot-jar/maven/maven-artifact/pom.xml to /home/user/.m2/repository/org/apache/maven/maven-artifact/2.1-SNAPSHOT/maven-artifact-2.1-SNAPSHOT.pom
[[1;34mINFO[m] 
[[1;34mINFO[m] [1m--------------< [0;36morg.apache.maven:maven-artifact-manager[0;1m >---------------[m
[[1;34mINFO[m] [1mBuilding Maven Artifact Manager 2.1-SNAPSHOT                      [6/31][m
[[1;34mINFO[m] [1m--------------------------------[ jar ]---------------------------------[m
Downloading from central: https://repo.maven.apache.org/maven2/org/apache/maven/wagon/wagon-file/1.0-alpha-6/wagon-file-1.0-alpha-6.pom
Progress (1): 441 B                   Downloaded from central: https://repo.maven.apache.org/maven2/org/apache/maven/wagon/wagon-file/1.0-alpha-6/wagon-file-1.0-alpha-6.pom (441 B at 3.1 kB/s)
Downloading from central: https://repo.maven.apache.org/maven2/org/apache/maven/wagon/wagon-file/1.0-alpha-6/wagon-file-1.0-alpha-6.jar
Progress (1): 4.1/6.1 kBProgress (1): 6.1 kB                        Downloaded from central: https://repo.maven.apache.org/maven2/org/apache/maven/wagon/wagon-file/1.0-alpha-6/wagon-file-1.0-alpha-6.jar (6.1 kB at 44 kB/s)
[[1;34mINFO[m] 
[[1;34mINFO[m] [1m--- [0;32mmaven-resources-plugin:2.6:resources[m [1m(default-resources)[m @ [36mmaven-artifact-manager[0;1m ---[m
[[1;33mWARNING[m] Using platform encoding (UTF-8 actually) to copy filtered resources, i.e. build is platform dependent!
[[1;34mINFO[m] Copying 1 resource
[[1;34mINFO[m] 
[[1;34mINFO[m] [1m--- [0;32mmaven-compiler-plugin:3.1:compile[m [1m(default-compile)[m @ [36mmaven-artifact-manager[0;1m ---[m
[[1;34mINFO[m] Changes detected - recompiling the module!
[[1;33mWARNING[m] File encoding has not been set, using platform encoding UTF-8, i.e. build is platform dependent!
[[1;34mINFO[m] Compiling 23 source files to /home/user/Reproducibility-Scanner/benchmarks/bugs-dot-jar/maven/maven-artifact-manager/target/classes
[[1;33mWARNING[m] /home/user/Reproducibility-Scanner/benchmarks/bugs-dot-jar/maven/maven-artifact-manager/src/main/java/org/apache/maven/artifact/manager/DefaultWagonManager.java: Some input files use unchecked or unsafe operations.
[[1;33mWARNING[m] /home/user/Reproducibility-Scanner/benchmarks/bugs-dot-jar/maven/maven-artifact-manager/src/main/java/org/apache/maven/artifact/manager/DefaultWagonManager.java: Recompile with -Xlint:unchecked for details.
[[1;34mINFO[m] 
[[1;34mINFO[m] [1m--- [0;32mmaven-resources-plugin:2.6:testResources[m [1m(default-testResources)[m @ [36mmaven-artifact-manager[0;1m ---[m
[[1;33mWARNING[m] Using platform encoding (UTF-8 actually) to copy filtered resources, i.e. build is platform dependent!
[[1;34mINFO[m] Copying 6 resources
[[1;34mINFO[m] 
[[1;34mINFO[m] [1m--- [0;32mmaven-compiler-plugin:3.1:testCompile[m [1m(default-testCompile)[m @ [36mmaven-artifact-manager[0;1m ---[m
[[1;34mINFO[m] Changes detected - recompiling the module!
[[1;33mWARNING[m] File encoding has not been set, using platform encoding UTF-8, i.e. build is platform dependent!
[[1;34mINFO[m] Compiling 8 source files to /home/user/Reproducibility-Scanner/benchmarks/bugs-dot-jar/maven/maven-artifact-manager/target/test-classes
[[1;33mWARNING[m] /home/user/Reproducibility-Scanner/benchmarks/bugs-dot-jar/maven/maven-artifact-manager/src/test/java/org/apache/maven/artifact/AbstractArtifactComponentTestCase.java: Some input files use unchecked or unsafe operations.
[[1;33mWARNING[m] /home/user/Reproducibility-Scanner/benchmarks/bugs-dot-jar/maven/maven-artifact-manager/src/test/java/org/apache/maven/artifact/AbstractArtifactComponentTestCase.java: Recompile with -Xlint:unchecked for details.
[[1;34mINFO[m] 
[[1;34mINFO[m] [1m--- [0;32mmaven-surefire-plugin:2.12.4:test[m [1m(default-test)[m @ [36mmaven-artifact-manager[0;1m ---[m
[[1;34mINFO[m] Tests are skipped.
[[1;34mINFO[m] 
[[1;34mINFO[m] [1m--- [0;32mmaven-jar-plugin:2.4:jar[m [1m(default-jar)[m @ [36mmaven-artifact-manager[0;1m ---[m
[[1;34mINFO[m] Building jar: /home/user/Reproducibility-Scanner/benchmarks/bugs-dot-jar/maven/maven-artifact-manager/target/maven-artifact-manager-2.1-SNAPSHOT.jar
[[1;34mINFO[m] 
[[1;34mINFO[m] [1m--- [0;32mmaven-install-plugin:2.4:install[m [1m(default-install)[m @ [36mmaven-artifact-manager[0;1m ---[m
[[1;34mINFO[m] Installing /home/user/Reproducibility-Scanner/benchmarks/bugs-dot-jar/maven/maven-artifact-manager/target/maven-artifact-manager-2.1-SNAPSHOT.jar to /home/user/.m2/repository/org/apache/maven/maven-artifact-manager/2.1-SNAPSHOT/maven-artifact-manager-2.1-SNAPSHOT.jar
[[1;34mINFO[m] Installing /home/user/Reproducibility-Scanner/benchmarks/bugs-dot-jar/maven/maven-artifact-manager/pom.xml to /home/user/.m2/repository/org/apache/maven/maven-artifact-manager/2.1-SNAPSHOT/maven-artifact-manager-2.1-SNAPSHOT.pom
[[1;34mINFO[m] 
[[1;34mINFO[m] [1m----------------< [0;36morg.apache.maven:maven-artifact-test[0;1m >----------------[m
[[1;34mINFO[m] [1mBuilding Maven Artifact Test Helper Library 2.1-SNAPSHOT          [7/31][m
[[1;34mINFO[m] [1m--------------------------------[ jar ]---------------------------------[m
[[1;34mINFO[m] 
[[1;34mINFO[m] [1m--- [0;32mmaven-resources-plugin:2.6:resources[m [1m(default-resources)[m @ [36mmaven-artifact-test[0;1m ---[m
[[1;33mWARNING[m] Using platform encoding (UTF-8 actually) to copy filtered resources, i.e. build is platform dependent!
[[1;34mINFO[m] skip non existing resourceDirectory /home/user/Reproducibility-Scanner/benchmarks/bugs-dot-jar/maven/maven-artifact-test/src/main/resources
[[1;34mINFO[m] 
[[1;34mINFO[m] [1m--- [0;32mmaven-compiler-plugin:3.1:compile[m [1m(default-compile)[m @ [36mmaven-artifact-test[0;1m ---[m
[[1;34mINFO[m] Changes detected - recompiling the module!
[[1;33mWARNING[m] File encoding has not been set, using platform encoding UTF-8, i.e. build is platform dependent!
[[1;34mINFO[m] Compiling 1 source file to /home/user/Reproducibility-Scanner/benchmarks/bugs-dot-jar/maven/maven-artifact-test/target/classes
[[1;34mINFO[m] 
[[1;34mINFO[m] [1m--- [0;32mmaven-resources-plugin:2.6:testResources[m [1m(default-testResources)[m @ [36mmaven-artifact-test[0;1m ---[m
[[1;33mWARNING[m] Using platform encoding (UTF-8 actually) to copy filtered resources, i.e. build is platform dependent!
[[1;34mINFO[m] skip non existing resourceDirectory /home/user/Reproducibility-Scanner/benchmarks/bugs-dot-jar/maven/maven-artifact-test/src/test/resources
[[1;34mINFO[m] 
[[1;34mINFO[m] [1m--- [0;32mmaven-compiler-plugin:3.1:testCompile[m [1m(default-testCompile)[m @ [36mmaven-artifact-test[0;1m ---[m
[[1;34mINFO[m] No sources to compile
[[1;34mINFO[m] 
[[1;34mINFO[m] [1m--- [0;32mmaven-surefire-plugin:2.12.4:test[m [1m(default-test)[m @ [36mmaven-artifact-test[0;1m ---[m
[[1;34mINFO[m] Tests are skipped.
[[1;34mINFO[m] 
[[1;34mINFO[m] [1m--- [0;32mmaven-jar-plugin:2.4:jar[m [1m(default-jar)[m @ [36mmaven-artifact-test[0;1m ---[m
[[1;34mINFO[m] Building jar: /home/user/Reproducibility-Scanner/benchmarks/bugs-dot-jar/maven/maven-artifact-test/target/maven-artifact-test-2.1-SNAPSHOT.jar
[[1;34mINFO[m] 
[[1;34mINFO[m] [1m--- [0;32mmaven-install-plugin:2.4:install[m [1m(default-install)[m @ [36mmaven-artifact-test[0;1m ---[m
[[1;34mINFO[m] Installing /home/user/Reproducibility-Scanner/benchmarks/bugs-dot-jar/maven/maven-artifact-test/target/maven-artifact-test-2.1-SNAPSHOT.jar to /home/user/.m2/repository/org/apache/maven/maven-artifact-test/2.1-SNAPSHOT/maven-artifact-test-2.1-SNAPSHOT.jar
[[1;34mINFO[m] Installing /home/user/Reproducibility-Scanner/benchmarks/bugs-dot-jar/maven/maven-artifact-test/pom.xml to /home/user/.m2/repository/org/apache/maven/maven-artifact-test/2.1-SNAPSHOT/maven-artifact-test-2.1-SNAPSHOT.pom
[[1;34mINFO[m] 
[[1;34mINFO[m] [1m-------------------< [0;36morg.apache.maven:maven-profile[0;1m >-------------------[m
[[1;34mINFO[m] [1mBuilding Maven Profile Model 2.1-SNAPSHOT                         [8/31][m
[[1;34mINFO[m] [1m--------------------------------[ jar ]---------------------------------[m
[[1;34mINFO[m] 
[[1;34mINFO[m] [1m--- [0;32mmodello-maven-plugin:1.0-alpha-7:xpp3-writer[m [1m(default)[m @ [36mmaven-profile[0;1m ---[m
[[1;34mINFO[m] outputDirectory: /home/user/Reproducibility-Scanner/benchmarks/bugs-dot-jar/maven/maven-profile/target/generated-sources/modello
[[1;34mINFO[m] 
[[1;34mINFO[m] [1m--- [0;32mmodello-maven-plugin:1.0-alpha-7:java[m [1m(default)[m @ [36mmaven-profile[0;1m ---[m
[[1;34mINFO[m] outputDirectory: /home/user/Reproducibility-Scanner/benchmarks/bugs-dot-jar/maven/maven-profile/target/generated-sources/modello
[[1;34mINFO[m] 
[[1;34mINFO[m] [1m--- [0;32mmodello-maven-plugin:1.0-alpha-7:xpp3-reader[m [1m(default)[m @ [36mmaven-profile[0;1m ---[m
[[1;34mINFO[m] outputDirectory: /home/user/Reproducibility-Scanner/benchmarks/bugs-dot-jar/maven/maven-profile/target/generated-sources/modello
[[1;34mINFO[m] 
[[1;34mINFO[m] [1m--- [0;32mmaven-resources-plugin:2.6:resources[m [1m(default-resources)[m @ [36mmaven-profile[0;1m ---[m
[[1;33mWARNING[m] Using platform encoding (UTF-8 actually) to copy filtered resources, i.e. build is platform dependent!
[[1;34mINFO[m] Copying 1 resource
[[1;34mINFO[m] 
[[1;34mINFO[m] [1m--- [0;32mmaven-compiler-plugin:3.1:compile[m [1m(default-compile)[m @ [36mmaven-profile[0;1m ---[m
[[1;34mINFO[m] Changes detected - recompiling the module!
[[1;33mWARNING[m] File encoding has not been set, using platform encoding UTF-8, i.e. build is platform dependent!
[[1;34mINFO[m] Compiling 15 source files to /home/user/Reproducibility-Scanner/benchmarks/bugs-dot-jar/maven/maven-profile/target/classes
[[1;33mWARNING[m] /home/user/Reproducibility-Scanner/benchmarks/bugs-dot-jar/maven/maven-profile/target/generated-sources/modello/org/apache/maven/profiles/Profile.java: Some input files use unchecked or unsafe operations.
[[1;33mWARNING[m] /home/user/Reproducibility-Scanner/benchmarks/bugs-dot-jar/maven/maven-profile/target/generated-sources/modello/org/apache/maven/profiles/Profile.java: Recompile with -Xlint:unchecked for details.
[[1;34mINFO[m] 
[[1;34mINFO[m] [1m--- [0;32mmaven-resources-plugin:2.6:testResources[m [1m(default-testResources)[m @ [36mmaven-profile[0;1m ---[m
[[1;33mWARNING[m] Using platform encoding (UTF-8 actually) to copy filtered resources, i.e. build is platform dependent!
[[1;34mINFO[m] skip non existing resourceDirectory /home/user/Reproducibility-Scanner/benchmarks/bugs-dot-jar/maven/maven-profile/src/test/resources
[[1;34mINFO[m] 
[[1;34mINFO[m] [1m--- [0;32mmaven-compiler-plugin:3.1:testCompile[m [1m(default-testCompile)[m @ [36mmaven-profile[0;1m ---[m
[[1;34mINFO[m] No sources to compile
[[1;34mINFO[m] 
[[1;34mINFO[m] [1m--- [0;32mmaven-surefire-plugin:2.12.4:test[m [1m(default-test)[m @ [36mmaven-profile[0;1m ---[m
[[1;34mINFO[m] Tests are skipped.
[[1;34mINFO[m] 
[[1;34mINFO[m] [1m--- [0;32mmaven-jar-plugin:2.4:jar[m [1m(default-jar)[m @ [36mmaven-profile[0;1m ---[m
[[1;34mINFO[m] Building jar: /home/user/Reproducibility-Scanner/benchmarks/bugs-dot-jar/maven/maven-profile/target/maven-profile-2.1-SNAPSHOT.jar
[[1;34mINFO[m] 
[[1;34mINFO[m] [1m--- [0;32mmaven-install-plugin:2.4:install[m [1m(default-install)[m @ [36mmaven-profile[0;1m ---[m
[[1;34mINFO[m] Installing /home/user/Reproducibility-Scanner/benchmarks/bugs-dot-jar/maven/maven-profile/target/maven-profile-2.1-SNAPSHOT.jar to /home/user/.m2/repository/org/apache/maven/maven-profile/2.1-SNAPSHOT/maven-profile-2.1-SNAPSHOT.jar
[[1;34mINFO[m] Installing /home/user/Reproducibility-Scanner/benchmarks/bugs-dot-jar/maven/maven-profile/pom.xml to /home/user/.m2/repository/org/apache/maven/maven-profile/2.1-SNAPSHOT/maven-profile-2.1-SNAPSHOT.pom
[[1;34mINFO[m] 
[[1;34mINFO[m] [1m-------------------< [0;36morg.apache.maven:maven-project[0;1m >-------------------[m
[[1;34mINFO[m] [1mBuilding Maven Project Builder 2.1-SNAPSHOT                       [9/31][m
[[1;34mINFO[m] [1m--------------------------------[ jar ]---------------------------------[m
[[1;34mINFO[m] 
[[1;34mINFO[m] [1m--- [0;32mmaven-resources-plugin:2.6:resources[m [1m(default-resources)[m @ [36mmaven-project[0;1m ---[m
[[1;33mWARNING[m] Using platform encoding (UTF-8 actually) to copy filtered resources, i.e. build is platform dependent!
[[1;34mINFO[m] Copying 2 resources
[[1;34mINFO[m] 
[[1;34mINFO[m] [1m--- [0;32mmaven-compiler-plugin:3.1:compile[m [1m(default-compile)[m @ [36mmaven-project[0;1m ---[m
[[1;34mINFO[m] Changes detected - recompiling the module!
[[1;33mWARNING[m] File encoding has not been set, using platform encoding UTF-8, i.e. build is platform dependent!
[[1;34mINFO[m] Compiling 42 source files to /home/user/Reproducibility-Scanner/benchmarks/bugs-dot-jar/maven/maven-project/target/classes
[[1;33mWARNING[m] /home/user/Reproducibility-Scanner/benchmarks/bugs-dot-jar/maven/maven-project/src/main/java/org/apache/maven/project/validation/ModelValidationResult.java: Some input files use unchecked or unsafe operations.
[[1;33mWARNING[m] /home/user/Reproducibility-Scanner/benchmarks/bugs-dot-jar/maven/maven-project/src/main/java/org/apache/maven/project/validation/ModelValidationResult.java: Recompile with -Xlint:unchecked for details.
[[1;34mINFO[m] 
[[1;34mINFO[m] [1m--- [0;32mmaven-resources-plugin:2.6:testResources[m [1m(default-testResources)[m @ [36mmaven-project[0;1m ---[m
[[1;33mWARNING[m] Using platform encoding (UTF-8 actually) to copy filtered resources, i.e. build is platform dependent!
[[1;34mINFO[m] Copying 57 resources
[[1;34mINFO[m] 
[[1;34mINFO[m] [1m--- [0;32mmaven-compiler-plugin:3.1:testCompile[m [1m(default-testCompile)[m @ [36mmaven-project[0;1m ---[m
[[1;34mINFO[m] Changes detected - recompiling the module!
[[1;33mWARNING[m] File encoding has not been set, using platform encoding UTF-8, i.e. build is platform dependent!
[[1;34mINFO[m] Compiling 20 source files to /home/user/Reproducibility-Scanner/benchmarks/bugs-dot-jar/maven/maven-project/target/test-classes
[[1;33mWARNING[m] /home/user/Reproducibility-Scanner/benchmarks/bugs-dot-jar/maven/maven-project/src/test/java/org/apache/maven/project/ProjectSorterTest.java: Some input files use unchecked or unsafe operations.
[[1;33mWARNING[m] /home/user/Reproducibility-Scanner/benchmarks/bugs-dot-jar/maven/maven-project/src/test/java/org/apache/maven/project/ProjectSorterTest.java: Recompile with -Xlint:unchecked for details.
[[1;34mINFO[m] 
[[1;34mINFO[m] [1m--- [0;32mmaven-surefire-plugin:2.12.4:test[m [1m(default-test)[m @ [36mmaven-project[0;1m ---[m
[[1;34mINFO[m] Tests are skipped.
[[1;34mINFO[m] 
[[1;34mINFO[m] [1m--- [0;32mmaven-jar-plugin:2.4:jar[m [1m(default-jar)[m @ [36mmaven-project[0;1m ---[m
[[1;34mINFO[m] Building jar: /home/user/Reproducibility-Scanner/benchmarks/bugs-dot-jar/maven/maven-project/target/maven-project-2.1-SNAPSHOT.jar
[[1;34mINFO[m] 
[[1;34mINFO[m] [1m--- [0;32mmaven-install-plugin:2.4:install[m [1m(default-install)[m @ [36mmaven-project[0;1m ---[m
[[1;34mINFO[m] Installing /home/user/Reproducibility-Scanner/benchmarks/bugs-dot-jar/maven/maven-project/target/maven-project-2.1-SNAPSHOT.jar to /home/user/.m2/repository/org/apache/maven/maven-project/2.1-SNAPSHOT/maven-project-2.1-SNAPSHOT.jar
[[1;34mINFO[m] Installing /home/user/Reproducibility-Scanner/benchmarks/bugs-dot-jar/maven/maven-project/pom.xml to /home/user/.m2/repository/org/apache/maven/maven-project/2.1-SNAPSHOT/maven-project-2.1-SNAPSHOT.pom
[[1;34mINFO[m] 
[[1;34mINFO[m] [1m------------------< [0;36morg.apache.maven:maven-archiver[0;1m >-------------------[m
[[1;34mINFO[m] [1mBuilding Maven Archiver 2.1-SNAPSHOT                             [10/31][m
[[1;34mINFO[m] [1m--------------------------------[ jar ]---------------------------------[m
Downloading from central: https://repo.maven.apache.org/maven2/org/codehaus/plexus/plexus-archiver/1.0-alpha-4/plexus-archiver-1.0-alpha-4.pom
Progress (1): 439 B                   Downloaded from central: https://repo.maven.apache.org/maven2/org/codehaus/plexus/plexus-archiver/1.0-alpha-4/plexus-archiver-1.0-alpha-4.pom (439 B at 31 kB/s)
Downloading from central: https://repo.maven.apache.org/maven2/org/codehaus/plexus/plexus-archiver/1.0-alpha-4/plexus-archiver-1.0-alpha-4.jar
Progress (1): 4.1/131 kBProgress (1): 8.2/131 kBProgress (1): 12/131 kB Progress (1): 16/131 kBProgress (1): 20/131 kBProgress (1): 24/131 kBProgress (1): 28/131 kBProgress (1): 32/131 kBProgress (1): 36/131 kBProgress (1): 40/131 kBProgress (1): 45/131 kBProgress (1): 49/131 kBProgress (1): 53/131 kBProgress (1): 57/131 kBProgress (1): 61/131 kBProgress (1): 65/131 kBProgress (1): 69/131 kBProgress (1): 73/131 kBProgress (1): 77/131 kBProgress (1): 81/131 kBProgress (1): 85/131 kBProgress (1): 90/131 kBProgress (1): 94/131 kBProgress (1): 98/131 kBProgress (1): 102/131 kBProgress (1): 106/131 kBProgress (1): 110/131 kBProgress (1): 114/131 kBProgress (1): 118/131 kBProgress (1): 122/131 kBProgress (1): 126/131 kBProgress (1): 131/131 kBProgress (1): 131 kB                        Downloaded from central: https://repo.maven.apache.org/maven2/org/codehaus/plexus/plexus-archiver/1.0-alpha-4/plexus-archiver-1.0-alpha-4.jar (131 kB at 1.4 MB/s)
[[1;34mINFO[m] 
[[1;34mINFO[m] [1m--- [0;32mmaven-resources-plugin:2.6:resources[m [1m(default-resources)[m @ [36mmaven-archiver[0;1m ---[m
[[1;33mWARNING[m] Using platform encoding (UTF-8 actually) to copy filtered resources, i.e. build is platform dependent!
[[1;34mINFO[m] skip non existing resourceDirectory /home/user/Reproducibility-Scanner/benchmarks/bugs-dot-jar/maven/maven-archiver/src/main/resources
[[1;34mINFO[m] 
[[1;34mINFO[m] [1m--- [0;32mmaven-compiler-plugin:3.1:compile[m [1m(default-compile)[m @ [36mmaven-archiver[0;1m ---[m
[[1;34mINFO[m] Changes detected - recompiling the module!
[[1;33mWARNING[m] File encoding has not been set, using platform encoding UTF-8, i.e. build is platform dependent!
[[1;34mINFO[m] Compiling 4 source files to /home/user/Reproducibility-Scanner/benchmarks/bugs-dot-jar/maven/maven-archiver/target/classes
[[1;33mWARNING[m] /home/user/Reproducibility-Scanner/benchmarks/bugs-dot-jar/maven/maven-archiver/src/main/java/org/apache/maven/archiver/MavenArchiveConfiguration.java: Some input files use unchecked or unsafe operations.
[[1;33mWARNING[m] /home/user/Reproducibility-Scanner/benchmarks/bugs-dot-jar/maven/maven-archiver/src/main/java/org/apache/maven/archiver/MavenArchiveConfiguration.java: Recompile with -Xlint:unchecked for details.
[[1;34mINFO[m] 
[[1;34mINFO[m] [1m--- [0;32mmaven-resources-plugin:2.6:testResources[m [1m(default-testResources)[m @ [36mmaven-archiver[0;1m ---[m
[[1;33mWARNING[m] Using platform encoding (UTF-8 actually) to copy filtered resources, i.e. build is platform dependent!
[[1;34mINFO[m] skip non existing resourceDirectory /home/user/Reproducibility-Scanner/benchmarks/bugs-dot-jar/maven/maven-archiver/src/test/resources
[[1;34mINFO[m] 
[[1;34mINFO[m] [1m--- [0;32mmaven-compiler-plugin:3.1:testCompile[m [1m(default-testCompile)[m @ [36mmaven-archiver[0;1m ---[m
[[1;34mINFO[m] No sources to compile
[[1;34mINFO[m] 
[[1;34mINFO[m] [1m--- [0;32mmaven-surefire-plugin:2.12.4:test[m [1m(default-test)[m @ [36mmaven-archiver[0;1m ---[m
[[1;34mINFO[m] Tests are skipped.
[[1;34mINFO[m] 
[[1;34mINFO[m] [1m--- [0;32mmaven-jar-plugin:2.4:jar[m [1m(default-jar)[m @ [36mmaven-archiver[0;1m ---[m
[[1;34mINFO[m] Building jar: /home/user/Reproducibility-Scanner/benchmarks/bugs-dot-jar/maven/maven-archiver/target/maven-archiver-2.1-SNAPSHOT.jar
[[1;34mINFO[m] 
[[1;34mINFO[m] [1m--- [0;32mmaven-install-plugin:2.4:install[m [1m(default-install)[m @ [36mmaven-archiver[0;1m ---[m
[[1;34mINFO[m] Installing /home/user/Reproducibility-Scanner/benchmarks/bugs-dot-jar/maven/maven-archiver/target/maven-archiver-2.1-SNAPSHOT.jar to /home/user/.m2/repository/org/apache/maven/maven-archiver/2.1-SNAPSHOT/maven-archiver-2.1-SNAPSHOT.jar
[[1;34mINFO[m] Installing /home/user/Reproducibility-Scanner/benchmarks/bugs-dot-jar/maven/maven-archiver/pom.xml to /home/user/.m2/repository/org/apache/maven/maven-archiver/2.1-SNAPSHOT/maven-archiver-2.1-SNAPSHOT.pom
[[1;34mINFO[m] 
[[1;34mINFO[m] [1m---------< [0;36morg.apache.maven:maven-plugin-parameter-documenter[0;1m >---------[m
[[1;34mINFO[m] [1mBuilding Maven Plugin Parameter Documenter API 2.1-SNAPSHOT      [11/31][m
[[1;34mINFO[m] [1m--------------------------------[ jar ]---------------------------------[m
[[1;34mINFO[m] 
[[1;34mINFO[m] [1m--- [0;32mmodello-maven-plugin:1.0-alpha-7:xpp3-writer[m [1m(base)[m @ [36mmaven-plugin-parameter-documenter[0;1m ---[m
[[1;34mINFO[m] outputDirectory: /home/user/Reproducibility-Scanner/benchmarks/bugs-dot-jar/maven/maven-plugin-parameter-documenter/target/generated-sources/modello
[[1;34mINFO[m] 
[[1;34mINFO[m] [1m--- [0;32mmodello-maven-plugin:1.0-alpha-7:java[m [1m(base)[m @ [36mmaven-plugin-parameter-documenter[0;1m ---[m
[[1;34mINFO[m] outputDirectory: /home/user/Reproducibility-Scanner/benchmarks/bugs-dot-jar/maven/maven-plugin-parameter-documenter/target/generated-sources/modello
[[1;34mINFO[m] 
[[1;34mINFO[m] [1m--- [0;32mmodello-maven-plugin:1.0-alpha-7:xpp3-reader[m [1m(base)[m @ [36mmaven-plugin-parameter-documenter[0;1m ---[m
[[1;34mINFO[m] outputDirectory: /home/user/Reproducibility-Scanner/benchmarks/bugs-dot-jar/maven/maven-plugin-parameter-documenter/target/generated-sources/modello
[[1;34mINFO[m] 
[[1;34mINFO[m] [1m--- [0;32mmodello-maven-plugin:1.0-alpha-7:xsd[m [1m(xsd)[m @ [36mmaven-plugin-parameter-documenter[0;1m ---[m
[[1;34mINFO[m] outputDirectory: /home/user/Reproducibility-Scanner/benchmarks/bugs-dot-jar/maven/maven-plugin-parameter-documenter/target/generated-site/xsd
[[1;34mINFO[m] 
[[1;34mINFO[m] [1m--- [0;32mmaven-resources-plugin:2.6:resources[m [1m(default-resources)[m @ [36mmaven-plugin-parameter-documenter[0;1m ---[m
[[1;33mWARNING[m] Using platform encoding (UTF-8 actually) to copy filtered resources, i.e. build is platform dependent!
[[1;34mINFO[m] skip non existing resourceDirectory /home/user/Reproducibility-Scanner/benchmarks/bugs-dot-jar/maven/maven-plugin-parameter-documenter/src/main/resources
[[1;34mINFO[m] 
[[1;34mINFO[m] [1m--- [0;32mmaven-compiler-plugin:3.1:compile[m [1m(default-compile)[m @ [36mmaven-plugin-parameter-documenter[0;1m ---[m
[[1;34mINFO[m] Changes detected - recompiling the module!
[[1;33mWARNING[m] File encoding has not been set, using platform encoding UTF-8, i.e. build is platform dependent!
[[1;34mINFO[m] Compiling 4 source files to /home/user/Reproducibility-Scanner/benchmarks/bugs-dot-jar/maven/maven-plugin-parameter-documenter/target/classes
[[1;33mWARNING[m] /home/user/Reproducibility-Scanner/benchmarks/bugs-dot-jar/maven/maven-plugin-parameter-documenter/target/generated-sources/modello/org/apache/maven/usability/plugin/io/xpp3/ParamdocXpp3Reader.java: Some input files use unchecked or unsafe operations.
[[1;33mWARNING[m] /home/user/Reproducibility-Scanner/benchmarks/bugs-dot-jar/maven/maven-plugin-parameter-documenter/target/generated-sources/modello/org/apache/maven/usability/plugin/io/xpp3/ParamdocXpp3Reader.java: Recompile with -Xlint:unchecked for details.
[[1;34mINFO[m] 
[[1;34mINFO[m] [1m--- [0;32mmaven-resources-plugin:2.6:testResources[m [1m(default-testResources)[m @ [36mmaven-plugin-parameter-documenter[0;1m ---[m
[[1;33mWARNING[m] Using platform encoding (UTF-8 actually) to copy filtered resources, i.e. build is platform dependent!
[[1;34mINFO[m] Copying 1 resource
[[1;34mINFO[m] 
[[1;34mINFO[m] [1m--- [0;32mmaven-compiler-plugin:3.1:testCompile[m [1m(default-testCompile)[m @ [36mmaven-plugin-parameter-documenter[0;1m ---[m
[[1;34mINFO[m] Changes detected - recompiling the module!
[[1;33mWARNING[m] File encoding has not been set, using platform encoding UTF-8, i.e. build is platform dependent!
[[1;34mINFO[m] Compiling 1 source file to /home/user/Reproducibility-Scanner/benchmarks/bugs-dot-jar/maven/maven-plugin-parameter-documenter/target/test-classes
[[1;34mINFO[m] 
[[1;34mINFO[m] [1m--- [0;32mmaven-surefire-plugin:2.12.4:test[m [1m(default-test)[m @ [36mmaven-plugin-parameter-documenter[0;1m ---[m
[[1;34mINFO[m] Tests are skipped.
[[1;34mINFO[m] 
[[1;34mINFO[m] [1m--- [0;32mmaven-jar-plugin:2.4:jar[m [1m(default-jar)[m @ [36mmaven-plugin-parameter-documenter[0;1m ---[m
[[1;34mINFO[m] Building jar: /home/user/Reproducibility-Scanner/benchmarks/bugs-dot-jar/maven/maven-plugin-parameter-documenter/target/maven-plugin-parameter-documenter-2.1-SNAPSHOT.jar
[[1;34mINFO[m] 
[[1;34mINFO[m] [1m--- [0;32mmaven-install-plugin:2.4:install[m [1m(default-install)[m @ [36mmaven-plugin-parameter-documenter[0;1m ---[m
[[1;34mINFO[m] Installing /home/user/Reproducibility-Scanner/benchmarks/bugs-dot-jar/maven/maven-plugin-parameter-documenter/target/maven-plugin-parameter-documenter-2.1-SNAPSHOT.jar to /home/user/.m2/repository/org/apache/maven/maven-plugin-parameter-documenter/2.1-SNAPSHOT/maven-plugin-parameter-documenter-2.1-SNAPSHOT.jar
[[1;34mINFO[m] Installing /home/user/Reproducibility-Scanner/benchmarks/bugs-dot-jar/maven/maven-plugin-parameter-documenter/pom.xml to /home/user/.m2/repository/org/apache/maven/maven-plugin-parameter-documenter/2.1-SNAPSHOT/maven-plugin-parameter-documenter-2.1-SNAPSHOT.pom
[[1;34mINFO[m] 
[[1;34mINFO[m] [1m-------------< [0;36morg.apache.maven.reporting:maven-reporting[0;1m >-------------[m
[[1;34mINFO[m] [1mBuilding Maven Reporting 2.1-SNAPSHOT                            [12/31][m
[[1;34mINFO[m] [1m--------------------------------[ pom ]---------------------------------[m
[[1;34mINFO[m] 
[[1;34mINFO[m] [1m--- [0;32mmaven-install-plugin:2.4:install[m [1m(default-install)[m @ [36mmaven-reporting[0;1m ---[m
[[1;34mINFO[m] Installing /home/user/Reproducibility-Scanner/benchmarks/bugs-dot-jar/maven/maven-reporting/pom.xml to /home/user/.m2/repository/org/apache/maven/reporting/maven-reporting/2.1-SNAPSHOT/maven-reporting-2.1-SNAPSHOT.pom
[[1;34mINFO[m] 
[[1;34mINFO[m] [1m-----------< [0;36morg.apache.maven.reporting:maven-reporting-api[0;1m >-----------[m
[[1;34mINFO[m] [1mBuilding Maven Reporting API 2.1-SNAPSHOT                        [13/31][m
[[1;34mINFO[m] [1m--------------------------------[ jar ]---------------------------------[m
[[1;34mINFO[m] 
[[1;34mINFO[m] [1m--- [0;32mmaven-resources-plugin:2.6:resources[m [1m(default-resources)[m @ [36mmaven-reporting-api[0;1m ---[m
[[1;33mWARNING[m] Using platform encoding (UTF-8 actually) to copy filtered resources, i.e. build is platform dependent!
[[1;34mINFO[m] Copying 1 resource
[[1;34mINFO[m] 
[[1;34mINFO[m] [1m--- [0;32mmaven-compiler-plugin:3.1:compile[m [1m(default-compile)[m @ [36mmaven-reporting-api[0;1m ---[m
[[1;34mINFO[m] Changes detected - recompiling the module!
[[1;33mWARNING[m] File encoding has not been set, using platform encoding UTF-8, i.e. build is platform dependent!
[[1;34mINFO[m] Compiling 3 source files to /home/user/Reproducibility-Scanner/benchmarks/bugs-dot-jar/maven/maven-reporting/maven-reporting-api/target/classes
[[1;34mINFO[m] 
[[1;34mINFO[m] [1m--- [0;32mmaven-resources-plugin:2.6:testResources[m [1m(default-testResources)[m @ [36mmaven-reporting-api[0;1m ---[m
[[1;33mWARNING[m] Using platform encoding (UTF-8 actually) to copy filtered resources, i.e. build is platform dependent!
[[1;34mINFO[m] skip non existing resourceDirectory /home/user/Reproducibility-Scanner/benchmarks/bugs-dot-jar/maven/maven-reporting/maven-reporting-api/src/test/resources
[[1;34mINFO[m] 
[[1;34mINFO[m] [1m--- [0;32mmaven-compiler-plugin:3.1:testCompile[m [1m(default-testCompile)[m @ [36mmaven-reporting-api[0;1m ---[m
[[1;34mINFO[m] No sources to compile
[[1;34mINFO[m] 
[[1;34mINFO[m] [1m--- [0;32mmaven-surefire-plugin:2.12.4:test[m [1m(default-test)[m @ [36mmaven-reporting-api[0;1m ---[m
[[1;34mINFO[m] Tests are skipped.
[[1;34mINFO[m] 
[[1;34mINFO[m] [1m--- [0;32mmaven-jar-plugin:2.4:jar[m [1m(default-jar)[m @ [36mmaven-reporting-api[0;1m ---[m
[[1;34mINFO[m] Building jar: /home/user/Reproducibility-Scanner/benchmarks/bugs-dot-jar/maven/maven-reporting/maven-reporting-api/target/maven-reporting-api-2.1-SNAPSHOT.jar
[[1;34mINFO[m] 
[[1;34mINFO[m] [1m--- [0;32mmaven-install-plugin:2.4:install[m [1m(default-install)[m @ [36mmaven-reporting-api[0;1m ---[m
[[1;34mINFO[m] Installing /home/user/Reproducibility-Scanner/benchmarks/bugs-dot-jar/maven/maven-reporting/maven-reporting-api/target/maven-reporting-api-2.1-SNAPSHOT.jar to /home/user/.m2/repository/org/apache/maven/reporting/maven-reporting-api/2.1-SNAPSHOT/maven-reporting-api-2.1-SNAPSHOT.jar
[[1;34mINFO[m] Installing /home/user/Reproducibility-Scanner/benchmarks/bugs-dot-jar/maven/maven-reporting/maven-reporting-api/pom.xml to /home/user/.m2/repository/org/apache/maven/reporting/maven-reporting-api/2.1-SNAPSHOT/maven-reporting-api-2.1-SNAPSHOT.pom
[[1;34mINFO[m] 
[[1;34mINFO[m] [1m--------------< [0;36morg.apache.maven:maven-error-diagnostics[0;1m >--------------[m
[[1;34mINFO[m] [1mBuilding Maven Error Diagnostics 2.1-SNAPSHOT                    [14/31][m
[[1;34mINFO[m] [1m--------------------------------[ jar ]---------------------------------[m
[[1;34mINFO[m] 
[[1;34mINFO[m] [1m--- [0;32mmaven-resources-plugin:2.6:resources[m [1m(default-resources)[m @ [36mmaven-error-diagnostics[0;1m ---[m
[[1;33mWARNING[m] Using platform encoding (UTF-8 actually) to copy filtered resources, i.e. build is platform dependent!
[[1;34mINFO[m] Copying 1 resource
[[1;34mINFO[m] 
[[1;34mINFO[m] [1m--- [0;32mmaven-compiler-plugin:3.1:compile[m [1m(default-compile)[m @ [36mmaven-error-diagnostics[0;1m ---[m
[[1;34mINFO[m] Changes detected - recompiling the module!
[[1;33mWARNING[m] File encoding has not been set, using platform encoding UTF-8, i.e. build is platform dependent!
[[1;34mINFO[m] Compiling 3 source files to /home/user/Reproducibility-Scanner/benchmarks/bugs-dot-jar/maven/maven-error-diagnostics/target/classes
[[1;34mINFO[m] 
[[1;34mINFO[m] [1m--- [0;32mmaven-resources-plugin:2.6:testResources[m [1m(default-testResources)[m @ [36mmaven-error-diagnostics[0;1m ---[m
[[1;33mWARNING[m] Using platform encoding (UTF-8 actually) to copy filtered resources, i.e. build is platform dependent!
[[1;34mINFO[m] skip non existing resourceDirectory /home/user/Reproducibility-Scanner/benchmarks/bugs-dot-jar/maven/maven-error-diagnostics/src/test/resources
[[1;34mINFO[m] 
[[1;34mINFO[m] [1m--- [0;32mmaven-compiler-plugin:3.1:testCompile[m [1m(default-testCompile)[m @ [36mmaven-error-diagnostics[0;1m ---[m
[[1;34mINFO[m] No sources to compile
[[1;34mINFO[m] 
[[1;34mINFO[m] [1m--- [0;32mmaven-surefire-plugin:2.12.4:test[m [1m(default-test)[m @ [36mmaven-error-diagnostics[0;1m ---[m
[[1;34mINFO[m] Tests are skipped.
[[1;34mINFO[m] 
[[1;34mINFO[m] [1m--- [0;32mmaven-jar-plugin:2.4:jar[m [1m(default-jar)[m @ [36mmaven-error-diagnostics[0;1m ---[m
[[1;34mINFO[m] Building jar: /home/user/Reproducibility-Scanner/benchmarks/bugs-dot-jar/maven/maven-error-diagnostics/target/maven-error-diagnostics-2.1-SNAPSHOT.jar
[[1;34mINFO[m] 
[[1;34mINFO[m] [1m--- [0;32mmaven-install-plugin:2.4:install[m [1m(default-install)[m @ [36mmaven-error-diagnostics[0;1m ---[m
[[1;34mINFO[m] Installing /home/user/Reproducibility-Scanner/benchmarks/bugs-dot-jar/maven/maven-error-diagnostics/target/maven-error-diagnostics-2.1-SNAPSHOT.jar to /home/user/.m2/repository/org/apache/maven/maven-error-diagnostics/2.1-SNAPSHOT/maven-error-diagnostics-2.1-SNAPSHOT.jar
[[1;34mINFO[m] Installing /home/user/Reproducibility-Scanner/benchmarks/bugs-dot-jar/maven/maven-error-diagnostics/pom.xml to /home/user/.m2/repository/org/apache/maven/maven-error-diagnostics/2.1-SNAPSHOT/maven-error-diagnostics-2.1-SNAPSHOT.pom
[[1;34mINFO[m] 
[[1;34mINFO[m] [1m---------------< [0;36morg.apache.maven:maven-plugin-registry[0;1m >---------------[m
[[1;34mINFO[m] [1mBuilding Maven Plugin Registry Model 2.1-SNAPSHOT                [15/31][m
[[1;34mINFO[m] [1m--------------------------------[ jar ]---------------------------------[m
[[1;34mINFO[m] 
[[1;34mINFO[m] [1m--- [0;32mmodello-maven-plugin:1.0-alpha-7:xpp3-writer[m [1m(default)[m @ [36mmaven-plugin-registry[0;1m ---[m
[[1;34mINFO[m] outputDirectory: /home/user/Reproducibility-Scanner/benchmarks/bugs-dot-jar/maven/maven-plugin-registry/target/generated-sources/modello
[[1;34mINFO[m] 
[[1;34mINFO[m] [1m--- [0;32mmodello-maven-plugin:1.0-alpha-7:java[m [1m(default)[m @ [36mmaven-plugin-registry[0;1m ---[m
[[1;34mINFO[m] outputDirectory: /home/user/Reproducibility-Scanner/benchmarks/bugs-dot-jar/maven/maven-plugin-registry/target/generated-sources/modello
[[1;34mINFO[m] 
[[1;34mINFO[m] [1m--- [0;32mmodello-maven-plugin:1.0-alpha-7:xpp3-reader[m [1m(default)[m @ [36mmaven-plugin-registry[0;1m ---[m
[[1;34mINFO[m] outputDirectory: /home/user/Reproducibility-Scanner/benchmarks/bugs-dot-jar/maven/maven-plugin-registry/target/generated-sources/modello
[[1;34mINFO[m] 
[[1;34mINFO[m] [1m--- [0;32mmaven-resources-plugin:2.6:resources[m [1m(default-resources)[m @ [36mmaven-plugin-registry[0;1m ---[m
[[1;33mWARNING[m] Using platform encoding (UTF-8 actually) to copy filtered resources, i.e. build is platform dependent!
[[1;34mINFO[m] Copying 1 resource
[[1;34mINFO[m] 
[[1;34mINFO[m] [1m--- [0;32mmaven-compiler-plugin:3.1:compile[m [1m(default-compile)[m @ [36mmaven-plugin-registry[0;1m ---[m
[[1;34mINFO[m] Changes detected - recompiling the module!
[[1;33mWARNING[m] File encoding has not been set, using platform encoding UTF-8, i.e. build is platform dependent!
[[1;34mINFO[m] Compiling 9 source files to /home/user/Reproducibility-Scanner/benchmarks/bugs-dot-jar/maven/maven-plugin-registry/target/classes
[[1;33mWARNING[m] /home/user/Reproducibility-Scanner/benchmarks/bugs-dot-jar/maven/maven-plugin-registry/target/generated-sources/modello/org/apache/maven/plugin/registry/Plugin.java: Some input files use unchecked or unsafe operations.
[[1;33mWARNING[m] /home/user/Reproducibility-Scanner/benchmarks/bugs-dot-jar/maven/maven-plugin-registry/target/generated-sources/modello/org/apache/maven/plugin/registry/Plugin.java: Recompile with -Xlint:unchecked for details.
[[1;34mINFO[m] 
[[1;34mINFO[m] [1m--- [0;32mmaven-resources-plugin:2.6:testResources[m [1m(default-testResources)[m @ [36mmaven-plugin-registry[0;1m ---[m
[[1;33mWARNING[m] Using platform encoding (UTF-8 actually) to copy filtered resources, i.e. build is platform dependent!
[[1;34mINFO[m] skip non existing resourceDirectory /home/user/Reproducibility-Scanner/benchmarks/bugs-dot-jar/maven/maven-plugin-registry/src/test/resources
[[1;34mINFO[m] 
[[1;34mINFO[m] [1m--- [0;32mmaven-compiler-plugin:3.1:testCompile[m [1m(default-testCompile)[m @ [36mmaven-plugin-registry[0;1m ---[m
[[1;34mINFO[m] No sources to compile
[[1;34mINFO[m] 
[[1;34mINFO[m] [1m--- [0;32mmaven-surefire-plugin:2.12.4:test[m [1m(default-test)[m @ [36mmaven-plugin-registry[0;1m ---[m
[[1;34mINFO[m] Tests are skipped.
[[1;34mINFO[m] 
[[1;34mINFO[m] [1m--- [0;32mmaven-jar-plugin:2.4:jar[m [1m(default-jar)[m @ [36mmaven-plugin-registry[0;1m ---[m
[[1;34mINFO[m] Building jar: /home/user/Reproducibility-Scanner/benchmarks/bugs-dot-jar/maven/maven-plugin-registry/target/maven-plugin-registry-2.1-SNAPSHOT.jar
[[1;34mINFO[m] 
[[1;34mINFO[m] [1m--- [0;32mmaven-install-plugin:2.4:install[m [1m(default-install)[m @ [36mmaven-plugin-registry[0;1m ---[m
[[1;34mINFO[m] Installing /home/user/Reproducibility-Scanner/benchmarks/bugs-dot-jar/maven/maven-plugin-registry/target/maven-plugin-registry-2.1-SNAPSHOT.jar to /home/user/.m2/repository/org/apache/maven/maven-plugin-registry/2.1-SNAPSHOT/maven-plugin-registry-2.1-SNAPSHOT.jar
[[1;34mINFO[m] Installing /home/user/Reproducibility-Scanner/benchmarks/bugs-dot-jar/maven/maven-plugin-registry/pom.xml to /home/user/.m2/repository/org/apache/maven/maven-plugin-registry/2.1-SNAPSHOT/maven-plugin-registry-2.1-SNAPSHOT.pom
[[1;34mINFO[m] 
[[1;34mINFO[m] [1m-----------------< [0;36morg.apache.maven:maven-plugin-api[0;1m >------------------[m
[[1;34mINFO[m] [1mBuilding Maven Plugin API 2.1-SNAPSHOT                           [16/31][m
[[1;34mINFO[m] [1m--------------------------------[ jar ]---------------------------------[m
[[1;34mINFO[m] 
[[1;34mINFO[m] [1m--- [0;32mmaven-resources-plugin:2.6:resources[m [1m(default-resources)[m @ [36mmaven-plugin-api[0;1m ---[m
[[1;33mWARNING[m] Using platform encoding (UTF-8 actually) to copy filtered resources, i.e. build is platform dependent!
[[1;34mINFO[m] skip non existing resourceDirectory /home/user/Reproducibility-Scanner/benchmarks/bugs-dot-jar/maven/maven-plugin-api/src/main/resources
[[1;34mINFO[m] 
[[1;34mINFO[m] [1m--- [0;32mmaven-compiler-plugin:3.1:compile[m [1m(default-compile)[m @ [36mmaven-plugin-api[0;1m ---[m
[[1;34mINFO[m] Changes detected - recompiling the module!
[[1;33mWARNING[m] File encoding has not been set, using platform encoding UTF-8, i.e. build is platform dependent!
[[1;34mINFO[m] Compiling 8 source files to /home/user/Reproducibility-Scanner/benchmarks/bugs-dot-jar/maven/maven-plugin-api/target/classes
[[1;34mINFO[m] 
[[1;34mINFO[m] [1m--- [0;32mmaven-resources-plugin:2.6:testResources[m [1m(default-testResources)[m @ [36mmaven-plugin-api[0;1m ---[m
[[1;33mWARNING[m] Using platform encoding (UTF-8 actually) to copy filtered resources, i.e. build is platform dependent!
[[1;34mINFO[m] skip non existing resourceDirectory /home/user/Reproducibility-Scanner/benchmarks/bugs-dot-jar/maven/maven-plugin-api/src/test/resources
[[1;34mINFO[m] 
[[1;34mINFO[m] [1m--- [0;32mmaven-compiler-plugin:3.1:testCompile[m [1m(default-testCompile)[m @ [36mmaven-plugin-api[0;1m ---[m
[[1;34mINFO[m] No sources to compile
[[1;34mINFO[m] 
[[1;34mINFO[m] [1m--- [0;32mmaven-surefire-plugin:2.12.4:test[m [1m(default-test)[m @ [36mmaven-plugin-api[0;1m ---[m
[[1;34mINFO[m] Tests are skipped.
[[1;34mINFO[m] 
[[1;34mINFO[m] [1m--- [0;32mmaven-jar-plugin:2.4:jar[m [1m(default-jar)[m @ [36mmaven-plugin-api[0;1m ---[m
[[1;34mINFO[m] Building jar: /home/user/Reproducibility-Scanner/benchmarks/bugs-dot-jar/maven/maven-plugin-api/target/maven-plugin-api-2.1-SNAPSHOT.jar
[[1;34mINFO[m] 
[[1;34mINFO[m] [1m--- [0;32mmaven-install-plugin:2.4:install[m [1m(default-install)[m @ [36mmaven-plugin-api[0;1m ---[m
[[1;34mINFO[m] Installing /home/user/Reproducibility-Scanner/benchmarks/bugs-dot-jar/maven/maven-plugin-api/target/maven-plugin-api-2.1-SNAPSHOT.jar to /home/user/.m2/repository/org/apache/maven/maven-plugin-api/2.1-SNAPSHOT/maven-plugin-api-2.1-SNAPSHOT.jar
[[1;34mINFO[m] Installing /home/user/Reproducibility-Scanner/benchmarks/bugs-dot-jar/maven/maven-plugin-api/pom.xml to /home/user/.m2/repository/org/apache/maven/maven-plugin-api/2.1-SNAPSHOT/maven-plugin-api-2.1-SNAPSHOT.pom
[[1;34mINFO[m] 
[[1;34mINFO[m] [1m--------------< [0;36morg.apache.maven:maven-plugin-descriptor[0;1m >--------------[m
[[1;34mINFO[m] [1mBuilding Maven Plugin Descriptor Model 2.1-SNAPSHOT              [17/31][m
[[1;34mINFO[m] [1m--------------------------------[ jar ]---------------------------------[m
[[1;34mINFO[m] 
[[1;34mINFO[m] [1m--- [0;32mmodello-maven-plugin:1.0-alpha-7:java[m [1m(default)[m @ [36mmaven-plugin-descriptor[0;1m ---[m
[[1;34mINFO[m] outputDirectory: /home/user/Reproducibility-Scanner/benchmarks/bugs-dot-jar/maven/maven-plugin-descriptor/target/generated-sources/modello
[[1;34mINFO[m] 
[[1;34mINFO[m] [1m--- [0;32mmodello-maven-plugin:1.0-alpha-7:xpp3-reader[m [1m(default)[m @ [36mmaven-plugin-descriptor[0;1m ---[m
[[1;34mINFO[m] outputDirectory: /home/user/Reproducibility-Scanner/benchmarks/bugs-dot-jar/maven/maven-plugin-descriptor/target/generated-sources/modello
[[1;34mINFO[m] 
[[1;34mINFO[m] [1m--- [0;32mmodello-maven-plugin:1.0-alpha-7:xpp3-writer[m [1m(default)[m @ [36mmaven-plugin-descriptor[0;1m ---[m
[[1;34mINFO[m] outputDirectory: /home/user/Reproducibility-Scanner/benchmarks/bugs-dot-jar/maven/maven-plugin-descriptor/target/generated-sources/modello
[[1;34mINFO[m] 
[[1;34mINFO[m] [1m--- [0;32mmaven-resources-plugin:2.6:resources[m [1m(default-resources)[m @ [36mmaven-plugin-descriptor[0;1m ---[m
[[1;33mWARNING[m] Using platform encoding (UTF-8 actually) to copy filtered resources, i.e. build is platform dependent!
[[1;34mINFO[m] skip non existing resourceDirectory /home/user/Reproducibility-Scanner/benchmarks/bugs-dot-jar/maven/maven-plugin-descriptor/src/main/resources
[[1;34mINFO[m] 
[[1;34mINFO[m] [1m--- [0;32mmaven-compiler-plugin:3.1:compile[m [1m(default-compile)[m @ [36mmaven-plugin-descriptor[0;1m ---[m
[[1;34mINFO[m] Changes detected - recompiling the module!
[[1;33mWARNING[m] File encoding has not been set, using platform encoding UTF-8, i.e. build is platform dependent!
[[1;34mINFO[m] Compiling 15 source files to /home/user/Reproducibility-Scanner/benchmarks/bugs-dot-jar/maven/maven-plugin-descriptor/target/classes
[[1;33mWARNING[m] /home/user/Reproducibility-Scanner/benchmarks/bugs-dot-jar/maven/maven-plugin-descriptor/target/generated-sources/modello/org/apache/maven/plugin/lifecycle/LifecycleConfiguration.java: Some input files use unchecked or unsafe operations.
[[1;33mWARNING[m] /home/user/Reproducibility-Scanner/benchmarks/bugs-dot-jar/maven/maven-plugin-descriptor/target/generated-sources/modello/org/apache/maven/plugin/lifecycle/LifecycleConfiguration.java: Recompile with -Xlint:unchecked for details.
[[1;34mINFO[m] 
[[1;34mINFO[m] [1m--- [0;32mmaven-resources-plugin:2.6:testResources[m [1m(default-testResources)[m @ [36mmaven-plugin-descriptor[0;1m ---[m
[[1;33mWARNING[m] Using platform encoding (UTF-8 actually) to copy filtered resources, i.e. build is platform dependent!
[[1;34mINFO[m] Copying 1 resource
[[1;34mINFO[m] 
[[1;34mINFO[m] [1m--- [0;32mmaven-compiler-plugin:3.1:testCompile[m [1m(default-testCompile)[m @ [36mmaven-plugin-descriptor[0;1m ---[m
[[1;34mINFO[m] Changes detected - recompiling the module!
[[1;33mWARNING[m] File encoding has not been set, using platform encoding UTF-8, i.e. build is platform dependent!
[[1;34mINFO[m] Compiling 1 source file to /home/user/Reproducibility-Scanner/benchmarks/bugs-dot-jar/maven/maven-plugin-descriptor/target/test-classes
[[1;34mINFO[m] 
[[1;34mINFO[m] [1m--- [0;32mmaven-surefire-plugin:2.12.4:test[m [1m(default-test)[m @ [36mmaven-plugin-descriptor[0;1m ---[m
[[1;34mINFO[m] Tests are skipped.
[[1;34mINFO[m] 
[[1;34mINFO[m] [1m--- [0;32mmaven-jar-plugin:2.4:jar[m [1m(default-jar)[m @ [36mmaven-plugin-descriptor[0;1m ---[m
[[1;34mINFO[m] Building jar: /home/user/Reproducibility-Scanner/benchmarks/bugs-dot-jar/maven/maven-plugin-descriptor/target/maven-plugin-descriptor-2.1-SNAPSHOT.jar
[[1;34mINFO[m] 
[[1;34mINFO[m] [1m--- [0;32mmaven-install-plugin:2.4:install[m [1m(default-install)[m @ [36mmaven-plugin-descriptor[0;1m ---[m
[[1;34mINFO[m] Installing /home/user/Reproducibility-Scanner/benchmarks/bugs-dot-jar/maven/maven-plugin-descriptor/target/maven-plugin-descriptor-2.1-SNAPSHOT.jar to /home/user/.m2/repository/org/apache/maven/maven-plugin-descriptor/2.1-SNAPSHOT/maven-plugin-descriptor-2.1-SNAPSHOT.jar
[[1;34mINFO[m] Installing /home/user/Reproducibility-Scanner/benchmarks/bugs-dot-jar/maven/maven-plugin-descriptor/pom.xml to /home/user/.m2/repository/org/apache/maven/maven-plugin-descriptor/2.1-SNAPSHOT/maven-plugin-descriptor-2.1-SNAPSHOT.pom
[[1;34mINFO[m] 
[[1;34mINFO[m] [1m-------------------< [0;36morg.apache.maven:maven-monitor[0;1m >-------------------[m
[[1;34mINFO[m] [1mBuilding Maven Monitor 2.1-SNAPSHOT                              [18/31][m
[[1;34mINFO[m] [1m--------------------------------[ jar ]---------------------------------[m
[[1;34mINFO[m] 
[[1;34mINFO[m] [1m--- [0;32mmaven-resources-plugin:2.6:resources[m [1m(default-resources)[m @ [36mmaven-monitor[0;1m ---[m
[[1;33mWARNING[m] Using platform encoding (UTF-8 actually) to copy filtered resources, i.e. build is platform dependent!
[[1;34mINFO[m] skip non existing resourceDirectory /home/user/Reproducibility-Scanner/benchmarks/bugs-dot-jar/maven/maven-monitor/src/main/resources
[[1;34mINFO[m] 
[[1;34mINFO[m] [1m--- [0;32mmaven-compiler-plugin:3.1:compile[m [1m(default-compile)[m @ [36mmaven-monitor[0;1m ---[m
[[1;34mINFO[m] Changes detected - recompiling the module!
[[1;33mWARNING[m] File encoding has not been set, using platform encoding UTF-8, i.e. build is platform dependent!
[[1;34mINFO[m] Compiling 5 source files to /home/user/Reproducibility-Scanner/benchmarks/bugs-dot-jar/maven/maven-monitor/target/classes
[[1;33mWARNING[m] /home/user/Reproducibility-Scanner/benchmarks/bugs-dot-jar/maven/maven-monitor/src/main/java/org/apache/maven/monitor/event/DefaultEventDispatcher.java: /home/user/Reproducibility-Scanner/benchmarks/bugs-dot-jar/maven/maven-monitor/src/main/java/org/apache/maven/monitor/event/DefaultEventDispatcher.java uses unchecked or unsafe operations.
[[1;33mWARNING[m] /home/user/Reproducibility-Scanner/benchmarks/bugs-dot-jar/maven/maven-monitor/src/main/java/org/apache/maven/monitor/event/DefaultEventDispatcher.java: Recompile with -Xlint:unchecked for details.
[[1;34mINFO[m] 
[[1;34mINFO[m] [1m--- [0;32mmaven-resources-plugin:2.6:testResources[m [1m(default-testResources)[m @ [36mmaven-monitor[0;1m ---[m
[[1;33mWARNING[m] Using platform encoding (UTF-8 actually) to copy filtered resources, i.e. build is platform dependent!
[[1;34mINFO[m] skip non existing resourceDirectory /home/user/Reproducibility-Scanner/benchmarks/bugs-dot-jar/maven/maven-monitor/src/test/resources
[[1;34mINFO[m] 
[[1;34mINFO[m] [1m--- [0;32mmaven-compiler-plugin:3.1:testCompile[m [1m(default-testCompile)[m @ [36mmaven-monitor[0;1m ---[m
[[1;34mINFO[m] No sources to compile
[[1;34mINFO[m] 
[[1;34mINFO[m] [1m--- [0;32mmaven-surefire-plugin:2.12.4:test[m [1m(default-test)[m @ [36mmaven-monitor[0;1m ---[m
[[1;34mINFO[m] Tests are skipped.
[[1;34mINFO[m] 
[[1;34mINFO[m] [1m--- [0;32mmaven-jar-plugin:2.4:jar[m [1m(default-jar)[m @ [36mmaven-monitor[0;1m ---[m
[[1;34mINFO[m] Building jar: /home/user/Reproducibility-Scanner/benchmarks/bugs-dot-jar/maven/maven-monitor/target/maven-monitor-2.1-SNAPSHOT.jar
[[1;34mINFO[m] 
[[1;34mINFO[m] [1m--- [0;32mmaven-install-plugin:2.4:install[m [1m(default-install)[m @ [36mmaven-monitor[0;1m ---[m
[[1;34mINFO[m] Installing /home/user/Reproducibility-Scanner/benchmarks/bugs-dot-jar/maven/maven-monitor/target/maven-monitor-2.1-SNAPSHOT.jar to /home/user/.m2/repository/org/apache/maven/maven-monitor/2.1-SNAPSHOT/maven-monitor-2.1-SNAPSHOT.jar
[[1;34mINFO[m] Installing /home/user/Reproducibility-Scanner/benchmarks/bugs-dot-jar/maven/maven-monitor/pom.xml to /home/user/.m2/repository/org/apache/maven/maven-monitor/2.1-SNAPSHOT/maven-monitor-2.1-SNAPSHOT.pom
[[1;34mINFO[m] 
[[1;34mINFO[m] [1m--------------------< [0;36morg.apache.maven:maven-core[0;1m >---------------------[m
[[1;34mINFO[m] [1mBuilding Maven Core 2.1-SNAPSHOT                                 [19/31][m
[[1;34mINFO[m] [1m--------------------------------[ jar ]---------------------------------[m
Downloading from central: https://repo.maven.apache.org/maven2/org/apache/maven/wagon/wagon-http-lightweight/1.0-alpha-6/wagon-http-lightweight-1.0-alpha-6.pom
Progress (1): 855 B                   Downloaded from central: https://repo.maven.apache.org/maven2/org/apache/maven/wagon/wagon-http-lightweight/1.0-alpha-6/wagon-http-lightweight-1.0-alpha-6.pom (855 B at 5.6 kB/s)
Downloading from central: https://repo.maven.apache.org/maven2/org/apache/maven/wagon/wagon-ssh/1.0-alpha-6/wagon-ssh-1.0-alpha-6.pom
Progress (1): 1.3 kB                    Downloaded from central: https://repo.maven.apache.org/maven2/org/apache/maven/wagon/wagon-ssh/1.0-alpha-6/wagon-ssh-1.0-alpha-6.pom (1.3 kB at 9.3 kB/s)
Downloading from central: https://repo.maven.apache.org/maven2/com/jcraft/jsch/0.1.24/jsch-0.1.24.pom
Progress (1): 485 B                   Downloaded from central: https://repo.maven.apache.org/maven2/com/jcraft/jsch/0.1.24/jsch-0.1.24.pom (485 B at 5.3 kB/s)
Downloading from central: https://repo.maven.apache.org/maven2/org/apache/maven/wagon/wagon-http-lightweight/1.0-alpha-6/wagon-http-lightweight-1.0-alpha-6.jar
Downloading from central: https://repo.maven.apache.org/maven2/com/jcraft/jsch/0.1.24/jsch-0.1.24.jar
Downloading from central: https://repo.maven.apache.org/maven2/org/apache/maven/wagon/wagon-ssh/1.0-alpha-6/wagon-ssh-1.0-alpha-6.jar
Progress (1): 2.7/32 kBProgress (2): 2.7/32 kB | 4.1/117 kBProgress (2): 5.5/32 kB | 4.1/117 kBProgress (2): 5.5/32 kB | 8.2/117 kBProgress (2): 5.5/32 kB | 12/117 kB Progress (2): 8.2/32 kB | 12/117 kBProgress (2): 8.2/32 kB | 16/117 kBProgress (2): 11/32 kB | 16/117 kB Progress (2): 14/32 kB | 16/117 kBProgress (2): 16/32 kB | 16/117 kBProgress (2): 16/32 kB | 20/117 kBProgress (2): 16/32 kB | 24/117 kBProgress (2): 19/32 kB | 24/117 kBProgress (2): 19/32 kB | 28/117 kBProgress (2): 19/32 kB | 32/117 kBProgress (2): 21/32 kB | 32/117 kBProgress (2): 24/32 kB | 32/117 kBProgress (2): 27/32 kB | 32/117 kBProgress (2): 27/32 kB | 36/117 kBProgress (2): 27/32 kB | 40/117 kBProgress (2): 30/32 kB | 40/117 kBProgress (2): 30/32 kB | 45/117 kBProgress (2): 30/32 kB | 49/117 kBProgress (2): 32 kB | 49/117 kB   Progress (2): 32 kB | 53/117 kBProgress (2): 32 kB | 57/117 kBProgress (2): 32 kB | 61/117 kBProgress (2): 32 kB | 65/117 kBProgress (2): 32 kB | 69/117 kBProgress (2): 32 kB | 73/117 kBProgress (2): 32 kB | 77/117 kBProgress (2): 32 kB | 81/117 kBProgress (2): 32 kB | 85/117 kBProgress (2): 32 kB | 90/117 kBProgress (2): 32 kB | 94/117 kBProgress (2): 32 kB | 98/117 kBProgress (2): 32 kB | 102/117 kBProgress (2): 32 kB | 106/117 kB                                Downloaded from central: https://repo.maven.apache.org/maven2/org/apache/maven/wagon/wagon-ssh/1.0-alpha-6/wagon-ssh-1.0-alpha-6.jar (32 kB at 1.1 MB/s)
Progress (1): 110/117 kBProgress (1): 114/117 kBProgress (1): 117 kB    Progress (2): 117 kB | 4.1/8.3 kBProgress (2): 117 kB | 8.2/8.3 kBProgress (2): 117 kB | 8.3 kB                                 Downloaded from central: https://repo.maven.apache.org/maven2/com/jcraft/jsch/0.1.24/jsch-0.1.24.jar (117 kB at 1.1 MB/s)
Downloaded from central: https://repo.maven.apache.org/maven2/org/apache/maven/wagon/wagon-http-lightweight/1.0-alpha-6/wagon-http-lightweight-1.0-alpha-6.jar (8.3 kB at 55 kB/s)
[[1;34mINFO[m] 
[[1;34mINFO[m] [1m--- [0;32mmaven-resources-plugin:2.6:resources[m [1m(default-resources)[m @ [36mmaven-core[0;1m ---[m
[[1;33mWARNING[m] Using platform encoding (UTF-8 actually) to copy filtered resources, i.e. build is platform dependent!
[[1;34mINFO[m] Copying 13 resources
[[1;34mINFO[m] 
[[1;34mINFO[m] [1m--- [0;32mmaven-compiler-plugin:3.1:compile[m [1m(default-compile)[m @ [36mmaven-core[0;1m ---[m
[[1;34mINFO[m] Changes detected - recompiling the module!
[[1;33mWARNING[m] File encoding has not been set, using platform encoding UTF-8, i.e. build is platform dependent!
[[1;34mINFO[m] Compiling 58 source files to /home/user/Reproducibility-Scanner/benchmarks/bugs-dot-jar/maven/maven-core/target/classes
[[1;33mWARNING[m] /home/user/Reproducibility-Scanner/benchmarks/bugs-dot-jar/maven/maven-core/src/main/java/org/apache/maven/usability/plugin/ExpressionDocumenter.java: /home/user/Reproducibility-Scanner/benchmarks/bugs-dot-jar/maven/maven-core/src/main/java/org/apache/maven/usability/plugin/ExpressionDocumenter.java uses or overrides a deprecated API.
[[1;33mWARNING[m] /home/user/Reproducibility-Scanner/benchmarks/bugs-dot-jar/maven/maven-core/src/main/java/org/apache/maven/usability/plugin/ExpressionDocumenter.java: Recompile with -Xlint:deprecation for details.
[[1;33mWARNING[m] /home/user/Reproducibility-Scanner/benchmarks/bugs-dot-jar/maven/maven-core/src/main/java/org/apache/maven/execution/ReactorManager.java: Some input files use unchecked or unsafe operations.
[[1;33mWARNING[m] /home/user/Reproducibility-Scanner/benchmarks/bugs-dot-jar/maven/maven-core/src/main/java/org/apache/maven/execution/ReactorManager.java: Recompile with -Xlint:unchecked for details.
[[1;34mINFO[m] 
[[1;34mINFO[m] [1m--- [0;32mmaven-resources-plugin:2.6:testResources[m [1m(default-testResources)[m @ [36mmaven-core[0;1m ---[m
[[1;33mWARNING[m] Using platform encoding (UTF-8 actually) to copy filtered resources, i.e. build is platform dependent!
[[1;34mINFO[m] Copying 19 resources
[[1;34mINFO[m] 
[[1;34mINFO[m] [1m--- [0;32mmaven-compiler-plugin:3.1:testCompile[m [1m(default-testCompile)[m @ [36mmaven-core[0;1m ---[m
[[1;34mINFO[m] Changes detected - recompiling the module!
[[1;33mWARNING[m] File encoding has not been set, using platform encoding UTF-8, i.e. build is platform dependent!
[[1;34mINFO[m] Compiling 5 source files to /home/user/Reproducibility-Scanner/benchmarks/bugs-dot-jar/maven/maven-core/target/test-classes
[[1;33mWARNING[m] /home/user/Reproducibility-Scanner/benchmarks/bugs-dot-jar/maven/maven-core/src/test/java/org/apache/maven/usability/PluginErrorDiagnoserTest.java: /home/user/Reproducibility-Scanner/benchmarks/bugs-dot-jar/maven/maven-core/src/test/java/org/apache/maven/usability/PluginErrorDiagnoserTest.java uses unchecked or unsafe operations.
[[1;33mWARNING[m] /home/user/Reproducibility-Scanner/benchmarks/bugs-dot-jar/maven/maven-core/src/test/java/org/apache/maven/usability/PluginErrorDiagnoserTest.java: Recompile with -Xlint:unchecked for details.
[[1;34mINFO[m] 
[[1;34mINFO[m] [1m--- [0;32mmaven-surefire-plugin:2.12.4:test[m [1m(default-test)[m @ [36mmaven-core[0;1m ---[m
[[1;34mINFO[m] Tests are skipped.
[[1;34mINFO[m] 
[[1;34mINFO[m] [1m--- [0;32mmaven-jar-plugin:2.4:jar[m [1m(default-jar)[m @ [36mmaven-core[0;1m ---[m
[[1;34mINFO[m] Building jar: /home/user/Reproducibility-Scanner/benchmarks/bugs-dot-jar/maven/maven-core/target/maven-core-2.1-SNAPSHOT.jar
[[1;34mINFO[m] 
[[1;34mINFO[m] [1m--- [0;32mmaven-install-plugin:2.4:install[m [1m(default-install)[m @ [36mmaven-core[0;1m ---[m
[[1;34mINFO[m] Installing /home/user/Reproducibility-Scanner/benchmarks/bugs-dot-jar/maven/maven-core/target/maven-core-2.1-SNAPSHOT.jar to /home/user/.m2/repository/org/apache/maven/maven-core/2.1-SNAPSHOT/maven-core-2.1-SNAPSHOT.jar
[[1;34mINFO[m] Installing /home/user/Reproducibility-Scanner/benchmarks/bugs-dot-jar/maven/maven-core/pom.xml to /home/user/.m2/repository/org/apache/maven/maven-core/2.1-SNAPSHOT/maven-core-2.1-SNAPSHOT.pom
[[1;34mINFO[m] 
[[1;34mINFO[m] [1m---------------< [0;36morg.apache.maven:maven-model-converter[0;1m >---------------[m
[[1;34mINFO[m] [1mBuilding Maven Model Converter 2.1-SNAPSHOT                      [20/31][m
[[1;34mINFO[m] [1m--------------------------------[ jar ]---------------------------------[m
Downloading from central: https://repo.maven.apache.org/maven2/org/apache/maven/maven-model-v3/2.0/maven-model-v3-2.0.pom
Progress (1): 426 B                   Downloaded from central: https://repo.maven.apache.org/maven2/org/apache/maven/maven-model-v3/2.0/maven-model-v3-2.0.pom (426 B at 3.0 kB/s)
Downloading from central: https://repo.maven.apache.org/maven2/org/apache/maven/maven-model-v3/2.0/maven-model-v3-2.0.jar
Progress (1): 4.1/46 kBProgress (1): 8.2/46 kBProgress (1): 12/46 kB Progress (1): 16/46 kBProgress (1): 20/46 kBProgress (1): 24/46 kBProgress (1): 28/46 kBProgress (1): 32/46 kBProgress (1): 36/46 kBProgress (1): 40/46 kBProgress (1): 45/46 kBProgress (1): 46 kB                      Downloaded from central: https://repo.maven.apache.org/maven2/org/apache/maven/maven-model-v3/2.0/maven-model-v3-2.0.jar (46 kB at 291 kB/s)
[[1;34mINFO[m] 
[[1;34mINFO[m] [1m--- [0;32mmaven-resources-plugin:2.6:resources[m [1m(default-resources)[m @ [36mmaven-model-converter[0;1m ---[m
[[1;33mWARNING[m] Using platform encoding (UTF-8 actually) to copy filtered resources, i.e. build is platform dependent!
[[1;34mINFO[m] Copying 1 resource
[[1;34mINFO[m] 
[[1;34mINFO[m] [1m--- [0;32mmaven-compiler-plugin:3.1:compile[m [1m(default-compile)[m @ [36mmaven-model-converter[0;1m ---[m
[[1;34mINFO[m] Changes detected - recompiling the module!
[[1;33mWARNING[m] File encoding has not been set, using platform encoding UTF-8, i.e. build is platform dependent!
[[1;34mINFO[m] Compiling 6 source files to /home/user/Reproducibility-Scanner/benchmarks/bugs-dot-jar/maven/maven-model-converter/target/classes
[[1;33mWARNING[m] /home/user/Reproducibility-Scanner/benchmarks/bugs-dot-jar/maven/maven-model-converter/src/main/java/org/apache/maven/model/converter/PomV3ToV4Translator.java: /home/user/Reproducibility-Scanner/benchmarks/bugs-dot-jar/maven/maven-model-converter/src/main/java/org/apache/maven/model/converter/PomV3ToV4Translator.java uses unchecked or unsafe operations.
[[1;33mWARNING[m] /home/user/Reproducibility-Scanner/benchmarks/bugs-dot-jar/maven/maven-model-converter/src/main/java/org/apache/maven/model/converter/PomV3ToV4Translator.java: Recompile with -Xlint:unchecked for details.
[[1;34mINFO[m] 
[[1;34mINFO[m] [1m--- [0;32mmaven-resources-plugin:2.6:testResources[m [1m(default-testResources)[m @ [36mmaven-model-converter[0;1m ---[m
[[1;33mWARNING[m] Using platform encoding (UTF-8 actually) to copy filtered resources, i.e. build is platform dependent!
[[1;34mINFO[m] skip non existing resourceDirectory /home/user/Reproducibility-Scanner/benchmarks/bugs-dot-jar/maven/maven-model-converter/src/test/resources
[[1;34mINFO[m] 
[[1;34mINFO[m] [1m--- [0;32mmaven-compiler-plugin:3.1:testCompile[m [1m(default-testCompile)[m @ [36mmaven-model-converter[0;1m ---[m
[[1;34mINFO[m] Changes detected - recompiling the module!
[[1;33mWARNING[m] File encoding has not been set, using platform encoding UTF-8, i.e. build is platform dependent!
[[1;34mINFO[m] Compiling 2 source files to /home/user/Reproducibility-Scanner/benchmarks/bugs-dot-jar/maven/maven-model-converter/target/test-classes
[[1;34mINFO[m] 
[[1;34mINFO[m] [1m--- [0;32mmaven-surefire-plugin:2.12.4:test[m [1m(default-test)[m @ [36mmaven-model-converter[0;1m ---[m
[[1;34mINFO[m] Tests are skipped.
[[1;34mINFO[m] 
[[1;34mINFO[m] [1m--- [0;32mmaven-jar-plugin:2.4:jar[m [1m(default-jar)[m @ [36mmaven-model-converter[0;1m ---[m
[[1;34mINFO[m] Building jar: /home/user/Reproducibility-Scanner/benchmarks/bugs-dot-jar/maven/maven-model-converter/target/maven-model-converter-2.1-SNAPSHOT.jar
[[1;34mINFO[m] 
[[1;34mINFO[m] [1m--- [0;32mmaven-install-plugin:2.4:install[m [1m(default-install)[m @ [36mmaven-model-converter[0;1m ---[m
[[1;34mINFO[m] Installing /home/user/Reproducibility-Scanner/benchmarks/bugs-dot-jar/maven/maven-model-converter/target/maven-model-converter-2.1-SNAPSHOT.jar to /home/user/.m2/repository/org/apache/maven/maven-model-converter/2.1-SNAPSHOT/maven-model-converter-2.1-SNAPSHOT.jar
[[1;34mINFO[m] Installing /home/user/Reproducibility-Scanner/benchmarks/bugs-dot-jar/maven/maven-model-converter/pom.xml to /home/user/.m2/repository/org/apache/maven/maven-model-converter/2.1-SNAPSHOT/maven-model-converter-2.1-SNAPSHOT.pom
[[1;34mINFO[m] 
[[1;34mINFO[m] [1m----------------< [0;36morg.apache.maven:maven-plugin-tools[0;1m >-----------------[m
[[1;34mINFO[m] [1mBuilding Maven Plugin Tools Base POM 2.1-SNAPSHOT                [21/31][m
[[1;34mINFO[m] [1m--------------------------------[ pom ]---------------------------------[m
[[1;34mINFO[m] 
[[1;34mINFO[m] [1m--- [0;32mmaven-install-plugin:2.4:install[m [1m(default-install)[m @ [36mmaven-plugin-tools[0;1m ---[m
[[1;34mINFO[m] Installing /home/user/Reproducibility-Scanner/benchmarks/bugs-dot-jar/maven/maven-plugin-tools/pom.xml to /home/user/.m2/repository/org/apache/maven/maven-plugin-tools/2.1-SNAPSHOT/maven-plugin-tools-2.1-SNAPSHOT.pom
[[1;34mINFO[m] 
[[1;34mINFO[m] [1m--------------< [0;36morg.apache.maven:maven-plugin-tools-api[0;1m >---------------[m
[[1;34mINFO[m] [1mBuilding Maven Plugin Tools APIs 2.1-SNAPSHOT                    [22/31][m
[[1;34mINFO[m] [1m--------------------------------[ jar ]---------------------------------[m
[[1;34mINFO[m] 
[[1;34mINFO[m] [1m--- [0;32mmaven-resources-plugin:2.6:resources[m [1m(default-resources)[m @ [36mmaven-plugin-tools-api[0;1m ---[m
[[1;33mWARNING[m] Using platform encoding (UTF-8 actually) to copy filtered resources, i.e. build is platform dependent!
[[1;34mINFO[m] Copying 1 resource
[[1;34mINFO[m] 
[[1;34mINFO[m] [1m--- [0;32mmaven-compiler-plugin:3.1:compile[m [1m(default-compile)[m @ [36mmaven-plugin-tools-api[0;1m ---[m
[[1;34mINFO[m] Changes detected - recompiling the module!
[[1;33mWARNING[m] File encoding has not been set, using platform encoding UTF-8, i.e. build is platform dependent!
[[1;34mINFO[m] Compiling 9 source files to /home/user/Reproducibility-Scanner/benchmarks/bugs-dot-jar/maven/maven-plugin-tools/maven-plugin-tools-api/target/classes
[[1;33mWARNING[m] /home/user/Reproducibility-Scanner/benchmarks/bugs-dot-jar/maven/maven-plugin-tools/maven-plugin-tools-api/src/main/java/org/apache/maven/tools/plugin/util/PluginUtils.java: Some input files use unchecked or unsafe operations.
[[1;33mWARNING[m] /home/user/Reproducibility-Scanner/benchmarks/bugs-dot-jar/maven/maven-plugin-tools/maven-plugin-tools-api/src/main/java/org/apache/maven/tools/plugin/util/PluginUtils.java: Recompile with -Xlint:unchecked for details.
[[1;34mINFO[m] 
[[1;34mINFO[m] [1m--- [0;32mmaven-resources-plugin:2.6:testResources[m [1m(default-testResources)[m @ [36mmaven-plugin-tools-api[0;1m ---[m
[[1;33mWARNING[m] Using platform encoding (UTF-8 actually) to copy filtered resources, i.e. build is platform dependent!
[[1;34mINFO[m] Copying 3 resources
[[1;34mINFO[m] 
[[1;34mINFO[m] [1m--- [0;32mmaven-compiler-plugin:3.1:testCompile[m [1m(default-testCompile)[m @ [36mmaven-plugin-tools-api[0;1m ---[m
[[1;34mINFO[m] Changes detected - recompiling the module!
[[1;33mWARNING[m] File encoding has not been set, using platform encoding UTF-8, i.e. build is platform dependent!
[[1;34mINFO[m] Compiling 7 source files to /home/user/Reproducibility-Scanner/benchmarks/bugs-dot-jar/maven/maven-plugin-tools/maven-plugin-tools-api/target/test-classes
[[1;33mWARNING[m] /home/user/Reproducibility-Scanner/benchmarks/bugs-dot-jar/maven/maven-plugin-tools/maven-plugin-tools-api/src/test/java/org/apache/maven/tools/plugin/generator/AbstractGeneratorTestCase.java: /home/user/Reproducibility-Scanner/benchmarks/bugs-dot-jar/maven/maven-plugin-tools/maven-plugin-tools-api/src/test/java/org/apache/maven/tools/plugin/generator/AbstractGeneratorTestCase.java uses unchecked or unsafe operations.
[[1;33mWARNING[m] /home/user/Reproducibility-Scanner/benchmarks/bugs-dot-jar/maven/maven-plugin-tools/maven-plugin-tools-api/src/test/java/org/apache/maven/tools/plugin/generator/AbstractGeneratorTestCase.java: Recompile with -Xlint:unchecked for details.
[[1;34mINFO[m] 
[[1;34mINFO[m] [1m--- [0;32mmaven-surefire-plugin:2.12.4:test[m [1m(default-test)[m @ [36mmaven-plugin-tools-api[0;1m ---[m
[[1;34mINFO[m] Tests are skipped.
[[1;34mINFO[m] 
[[1;34mINFO[m] [1m--- [0;32mmaven-jar-plugin:2.4:jar[m [1m(default-jar)[m @ [36mmaven-plugin-tools-api[0;1m ---[m
[[1;34mINFO[m] Building jar: /home/user/Reproducibility-Scanner/benchmarks/bugs-dot-jar/maven/maven-plugin-tools/maven-plugin-tools-api/target/maven-plugin-tools-api-2.1-SNAPSHOT.jar
[[1;34mINFO[m] 
[[1;34mINFO[m] [1m--- [0;32mmaven-install-plugin:2.4:install[m [1m(default-install)[m @ [36mmaven-plugin-tools-api[0;1m ---[m
[[1;34mINFO[m] Installing /home/user/Reproducibility-Scanner/benchmarks/bugs-dot-jar/maven/maven-plugin-tools/maven-plugin-tools-api/target/maven-plugin-tools-api-2.1-SNAPSHOT.jar to /home/user/.m2/repository/org/apache/maven/maven-plugin-tools-api/2.1-SNAPSHOT/maven-plugin-tools-api-2.1-SNAPSHOT.jar
[[1;34mINFO[m] Installing /home/user/Reproducibility-Scanner/benchmarks/bugs-dot-jar/maven/maven-plugin-tools/maven-plugin-tools-api/pom.xml to /home/user/.m2/repository/org/apache/maven/maven-plugin-tools-api/2.1-SNAPSHOT/maven-plugin-tools-api-2.1-SNAPSHOT.pom
[[1;34mINFO[m] 
[[1;34mINFO[m] [1m--------------< [0;36morg.apache.maven:maven-plugin-tools-java[0;1m >--------------[m
[[1;34mINFO[m] [1mBuilding Maven Plugin Tools for Java 2.1-SNAPSHOT                [23/31][m
[[1;34mINFO[m] [1m--------------------------------[ jar ]---------------------------------[m
Downloading from central: https://repo.maven.apache.org/maven2/qdox/qdox/1.5/qdox-1.5.pom
Progress (1): 140 B                   Downloaded from central: https://repo.maven.apache.org/maven2/qdox/qdox/1.5/qdox-1.5.pom (140 B at 12 kB/s)
Downloading from central: https://repo.maven.apache.org/maven2/qdox/qdox/1.5/qdox-1.5.jar
Progress (1): 4.1/79 kBProgress (1): 8.2/79 kBProgress (1): 12/79 kB Progress (1): 16/79 kBProgress (1): 20/79 kBProgress (1): 24/79 kBProgress (1): 28/79 kBProgress (1): 32/79 kBProgress (1): 36/79 kBProgress (1): 40/79 kBProgress (1): 45/79 kBProgress (1): 49/79 kBProgress (1): 53/79 kBProgress (1): 57/79 kBProgress (1): 61/79 kBProgress (1): 65/79 kBProgress (1): 69/79 kBProgress (1): 73/79 kBProgress (1): 77/79 kBProgress (1): 79 kB                      Downloaded from central: https://repo.maven.apache.org/maven2/qdox/qdox/1.5/qdox-1.5.jar (79 kB at 4.7 MB/s)
[[1;34mINFO[m] 
[[1;34mINFO[m] [1m--- [0;32mmaven-resources-plugin:2.6:resources[m [1m(default-resources)[m @ [36mmaven-plugin-tools-java[0;1m ---[m
[[1;33mWARNING[m] Using platform encoding (UTF-8 actually) to copy filtered resources, i.e. build is platform dependent!
[[1;34mINFO[m] Copying 1 resource
[[1;34mINFO[m] 
[[1;34mINFO[m] [1m--- [0;32mmaven-compiler-plugin:3.1:compile[m [1m(default-compile)[m @ [36mmaven-plugin-tools-java[0;1m ---[m
[[1;34mINFO[m] Changes detected - recompiling the module!
[[1;33mWARNING[m] File encoding has not been set, using platform encoding UTF-8, i.e. build is platform dependent!
[[1;34mINFO[m] Compiling 1 source file to /home/user/Reproducibility-Scanner/benchmarks/bugs-dot-jar/maven/maven-plugin-tools/maven-plugin-tools-java/target/classes
[[1;33mWARNING[m] /home/user/Reproducibility-Scanner/benchmarks/bugs-dot-jar/maven/maven-plugin-tools/maven-plugin-tools-java/src/main/java/org/apache/maven/tools/plugin/extractor/java/JavaMojoDescriptorExtractor.java: /home/user/Reproducibility-Scanner/benchmarks/bugs-dot-jar/maven/maven-plugin-tools/maven-plugin-tools-java/src/main/java/org/apache/maven/tools/plugin/extractor/java/JavaMojoDescriptorExtractor.java uses unchecked or unsafe operations.
[[1;33mWARNING[m] /home/user/Reproducibility-Scanner/benchmarks/bugs-dot-jar/maven/maven-plugin-tools/maven-plugin-tools-java/src/main/java/org/apache/maven/tools/plugin/extractor/java/JavaMojoDescriptorExtractor.java: Recompile with -Xlint:unchecked for details.
[[1;34mINFO[m] 
[[1;34mINFO[m] [1m--- [0;32mmaven-resources-plugin:2.6:testResources[m [1m(default-testResources)[m @ [36mmaven-plugin-tools-java[0;1m ---[m
[[1;33mWARNING[m] Using platform encoding (UTF-8 actually) to copy filtered resources, i.e. build is platform dependent!
[[1;34mINFO[m] Copying 3 resources
[[1;34mINFO[m] 
[[1;34mINFO[m] [1m--- [0;32mmaven-compiler-plugin:3.1:testCompile[m [1m(default-testCompile)[m @ [36mmaven-plugin-tools-java[0;1m ---[m
[[1;34mINFO[m] Changes detected - recompiling the module!
[[1;33mWARNING[m] File encoding has not been set, using platform encoding UTF-8, i.e. build is platform dependent!
[[1;34mINFO[m] Compiling 1 source file to /home/user/Reproducibility-Scanner/benchmarks/bugs-dot-jar/maven/maven-plugin-tools/maven-plugin-tools-java/target/test-classes
[[1;34mINFO[m] 
[[1;34mINFO[m] [1m--- [0;32mmaven-surefire-plugin:2.12.4:test[m [1m(default-test)[m @ [36mmaven-plugin-tools-java[0;1m ---[m
[[1;34mINFO[m] Tests are skipped.
[[1;34mINFO[m] 
[[1;34mINFO[m] [1m--- [0;32mmaven-jar-plugin:2.4:jar[m [1m(default-jar)[m @ [36mmaven-plugin-tools-java[0;1m ---[m
[[1;34mINFO[m] Building jar: /home/user/Reproducibility-Scanner/benchmarks/bugs-dot-jar/maven/maven-plugin-tools/maven-plugin-tools-java/target/maven-plugin-tools-java-2.1-SNAPSHOT.jar
[[1;34mINFO[m] 
[[1;34mINFO[m] [1m--- [0;32mmaven-install-plugin:2.4:install[m [1m(default-install)[m @ [36mmaven-plugin-tools-java[0;1m ---[m
[[1;34mINFO[m] Installing /home/user/Reproducibility-Scanner/benchmarks/bugs-dot-jar/maven/maven-plugin-tools/maven-plugin-tools-java/target/maven-plugin-tools-java-2.1-SNAPSHOT.jar to /home/user/.m2/repository/org/apache/maven/maven-plugin-tools-java/2.1-SNAPSHOT/maven-plugin-tools-java-2.1-SNAPSHOT.jar
[[1;34mINFO[m] Installing /home/user/Reproducibility-Scanner/benchmarks/bugs-dot-jar/maven/maven-plugin-tools/maven-plugin-tools-java/pom.xml to /home/user/.m2/repository/org/apache/maven/maven-plugin-tools-java/2.1-SNAPSHOT/maven-plugin-tools-java-2.1-SNAPSHOT.pom
[[1;34mINFO[m] 
[[1;34mINFO[m] [1m-----------< [0;36morg.apache.maven:maven-plugin-tools-beanshell[0;1m >------------[m
[[1;34mINFO[m] [1mBuilding Maven Plugin Tools for Beanshell 2.1-SNAPSHOT           [24/31][m
[[1;34mINFO[m] [1m--------------------------------[ jar ]---------------------------------[m
[[1;34mINFO[m] 
[[1;34mINFO[m] [1m--- [0;32mmaven-resources-plugin:2.6:resources[m [1m(default-resources)[m @ [36mmaven-plugin-tools-beanshell[0;1m ---[m
[[1;33mWARNING[m] Using platform encoding (UTF-8 actually) to copy filtered resources, i.e. build is platform dependent!
[[1;34mINFO[m] Copying 2 resources
[[1;34mINFO[m] 
[[1;34mINFO[m] [1m--- [0;32mmaven-compiler-plugin:3.1:compile[m [1m(default-compile)[m @ [36mmaven-plugin-tools-beanshell[0;1m ---[m
[[1;34mINFO[m] Changes detected - recompiling the module!
[[1;33mWARNING[m] File encoding has not been set, using platform encoding UTF-8, i.e. build is platform dependent!
[[1;34mINFO[m] Compiling 1 source file to /home/user/Reproducibility-Scanner/benchmarks/bugs-dot-jar/maven/maven-plugin-tools/maven-plugin-tools-beanshell/target/classes
[[1;33mWARNING[m] /home/user/Reproducibility-Scanner/benchmarks/bugs-dot-jar/maven/maven-plugin-tools/maven-plugin-tools-beanshell/src/main/java/org/apache/maven/tools/plugin/extractor/beanshell/BeanshellMojoDescriptorExtractor.java: /home/user/Reproducibility-Scanner/benchmarks/bugs-dot-jar/maven/maven-plugin-tools/maven-plugin-tools-beanshell/src/main/java/org/apache/maven/tools/plugin/extractor/beanshell/BeanshellMojoDescriptorExtractor.java uses unchecked or unsafe operations.
[[1;33mWARNING[m] /home/user/Reproducibility-Scanner/benchmarks/bugs-dot-jar/maven/maven-plugin-tools/maven-plugin-tools-beanshell/src/main/java/org/apache/maven/tools/plugin/extractor/beanshell/BeanshellMojoDescriptorExtractor.java: Recompile with -Xlint:unchecked for details.
[[1;34mINFO[m] 
[[1;34mINFO[m] [1m--- [0;32mmaven-resources-plugin:2.6:testResources[m [1m(default-testResources)[m @ [36mmaven-plugin-tools-beanshell[0;1m ---[m
[[1;33mWARNING[m] Using platform encoding (UTF-8 actually) to copy filtered resources, i.e. build is platform dependent!
[[1;34mINFO[m] skip non existing resourceDirectory /home/user/Reproducibility-Scanner/benchmarks/bugs-dot-jar/maven/maven-plugin-tools/maven-plugin-tools-beanshell/src/test/resources
[[1;34mINFO[m] 
[[1;34mINFO[m] [1m--- [0;32mmaven-compiler-plugin:3.1:testCompile[m [1m(default-testCompile)[m @ [36mmaven-plugin-tools-beanshell[0;1m ---[m
[[1;34mINFO[m] No sources to compile
[[1;34mINFO[m] 
[[1;34mINFO[m] [1m--- [0;32mmaven-surefire-plugin:2.12.4:test[m [1m(default-test)[m @ [36mmaven-plugin-tools-beanshell[0;1m ---[m
[[1;34mINFO[m] Tests are skipped.
[[1;34mINFO[m] 
[[1;34mINFO[m] [1m--- [0;32mmaven-jar-plugin:2.4:jar[m [1m(default-jar)[m @ [36mmaven-plugin-tools-beanshell[0;1m ---[m
[[1;34mINFO[m] Building jar: /home/user/Reproducibility-Scanner/benchmarks/bugs-dot-jar/maven/maven-plugin-tools/maven-plugin-tools-beanshell/target/maven-plugin-tools-beanshell-2.1-SNAPSHOT.jar
[[1;34mINFO[m] 
[[1;34mINFO[m] [1m--- [0;32mmaven-install-plugin:2.4:install[m [1m(default-install)[m @ [36mmaven-plugin-tools-beanshell[0;1m ---[m
[[1;34mINFO[m] Installing /home/user/Reproducibility-Scanner/benchmarks/bugs-dot-jar/maven/maven-plugin-tools/maven-plugin-tools-beanshell/target/maven-plugin-tools-beanshell-2.1-SNAPSHOT.jar to /home/user/.m2/repository/org/apache/maven/maven-plugin-tools-beanshell/2.1-SNAPSHOT/maven-plugin-tools-beanshell-2.1-SNAPSHOT.jar
[[1;34mINFO[m] Installing /home/user/Reproducibility-Scanner/benchmarks/bugs-dot-jar/maven/maven-plugin-tools/maven-plugin-tools-beanshell/pom.xml to /home/user/.m2/repository/org/apache/maven/maven-plugin-tools-beanshell/2.1-SNAPSHOT/maven-plugin-tools-beanshell-2.1-SNAPSHOT.pom
[[1;34mINFO[m] 
[[1;34mINFO[m] [1m-------------< [0;36morg.apache.maven:maven-plugin-tools-pluggy[0;1m >-------------[m
[[1;34mINFO[m] [1mBuilding Maven Pluggy Simplistic Plugin Generator 2.1-SNAPSHOT   [25/31][m
[[1;34mINFO[m] [1m--------------------------------[ jar ]---------------------------------[m
[[1;34mINFO[m] 
[[1;34mINFO[m] [1m--- [0;32mmaven-resources-plugin:2.6:resources[m [1m(default-resources)[m @ [36mmaven-plugin-tools-pluggy[0;1m ---[m
[[1;33mWARNING[m] Using platform encoding (UTF-8 actually) to copy filtered resources, i.e. build is platform dependent!
[[1;34mINFO[m] skip non existing resourceDirectory /home/user/Reproducibility-Scanner/benchmarks/bugs-dot-jar/maven/maven-plugin-tools/maven-plugin-tools-pluggy/src/main/resources
[[1;34mINFO[m] 
[[1;34mINFO[m] [1m--- [0;32mmaven-compiler-plugin:3.1:compile[m [1m(default-compile)[m @ [36mmaven-plugin-tools-pluggy[0;1m ---[m
[[1;34mINFO[m] Changes detected - recompiling the module!
[[1;33mWARNING[m] File encoding has not been set, using platform encoding UTF-8, i.e. build is platform dependent!
[[1;34mINFO[m] Compiling 1 source file to /home/user/Reproducibility-Scanner/benchmarks/bugs-dot-jar/maven/maven-plugin-tools/maven-plugin-tools-pluggy/target/classes
[[1;34mINFO[m] 
[[1;34mINFO[m] [1m--- [0;32mmaven-resources-plugin:2.6:testResources[m [1m(default-testResources)[m @ [36mmaven-plugin-tools-pluggy[0;1m ---[m
[[1;33mWARNING[m] Using platform encoding (UTF-8 actually) to copy filtered resources, i.e. build is platform dependent!
[[1;34mINFO[m] skip non existing resourceDirectory /home/user/Reproducibility-Scanner/benchmarks/bugs-dot-jar/maven/maven-plugin-tools/maven-plugin-tools-pluggy/src/test/resources
[[1;34mINFO[m] 
[[1;34mINFO[m] [1m--- [0;32mmaven-compiler-plugin:3.1:testCompile[m [1m(default-testCompile)[m @ [36mmaven-plugin-tools-pluggy[0;1m ---[m
[[1;34mINFO[m] No sources to compile
[[1;34mINFO[m] 
[[1;34mINFO[m] [1m--- [0;32mmaven-surefire-plugin:2.12.4:test[m [1m(default-test)[m @ [36mmaven-plugin-tools-pluggy[0;1m ---[m
[[1;34mINFO[m] Tests are skipped.
[[1;34mINFO[m] 
[[1;34mINFO[m] [1m--- [0;32mmaven-jar-plugin:2.4:jar[m [1m(default-jar)[m @ [36mmaven-plugin-tools-pluggy[0;1m ---[m
[[1;34mINFO[m] Building jar: /home/user/Reproducibility-Scanner/benchmarks/bugs-dot-jar/maven/maven-plugin-tools/maven-plugin-tools-pluggy/target/maven-plugin-tools-pluggy-2.1-SNAPSHOT.jar
[[1;34mINFO[m] 
[[1;34mINFO[m] [1m--- [0;32mmaven-install-plugin:2.4:install[m [1m(default-install)[m @ [36mmaven-plugin-tools-pluggy[0;1m ---[m
[[1;34mINFO[m] Installing /home/user/Reproducibility-Scanner/benchmarks/bugs-dot-jar/maven/maven-plugin-tools/maven-plugin-tools-pluggy/target/maven-plugin-tools-pluggy-2.1-SNAPSHOT.jar to /home/user/.m2/repository/org/apache/maven/maven-plugin-tools-pluggy/2.1-SNAPSHOT/maven-plugin-tools-pluggy-2.1-SNAPSHOT.jar
[[1;34mINFO[m] Installing /home/user/Reproducibility-Scanner/benchmarks/bugs-dot-jar/maven/maven-plugin-tools/maven-plugin-tools-pluggy/pom.xml to /home/user/.m2/repository/org/apache/maven/maven-plugin-tools-pluggy/2.1-SNAPSHOT/maven-plugin-tools-pluggy-2.1-SNAPSHOT.pom
[[1;34mINFO[m] 
[[1;34mINFO[m] [1m-------------< [0;36morg.apache.maven:maven-plugin-tools-model[0;1m >--------------[m
[[1;34mINFO[m] [1mBuilding Maven Plugin Metadata Model 2.1-SNAPSHOT                [26/31][m
[[1;34mINFO[m] [1m--------------------------------[ jar ]---------------------------------[m
Downloading from central: https://repo.maven.apache.org/maven2/org/codehaus/modello/modello-maven-plugin/maven-metadata.xml
Progress (1): 1.7 kB                    Downloaded from central: https://repo.maven.apache.org/maven2/org/codehaus/modello/modello-maven-plugin/maven-metadata.xml (1.7 kB at 12 kB/s)
Downloading from central: https://repo.maven.apache.org/maven2/org/codehaus/modello/modello-maven-plugin/2.0.0/modello-maven-plugin-2.0.0.pom
Progress (1): 4.1/8.3 kBProgress (1): 8.2/8.3 kBProgress (1): 8.3 kB                        Downloaded from central: https://repo.maven.apache.org/maven2/org/codehaus/modello/modello-maven-plugin/2.0.0/modello-maven-plugin-2.0.0.pom (8.3 kB at 54 kB/s)
Downloading from central: https://repo.maven.apache.org/maven2/org/codehaus/modello/modello/2.0.0/modello-2.0.0.pom
Progress (1): 4.1/24 kBProgress (1): 8.2/24 kBProgress (1): 12/24 kB Progress (1): 16/24 kBProgress (1): 20/24 kBProgress (1): 24 kB                      Downloaded from central: https://repo.maven.apache.org/maven2/org/codehaus/modello/modello/2.0.0/modello-2.0.0.pom (24 kB at 160 kB/s)
Downloading from central: https://repo.maven.apache.org/maven2/com/fasterxml/jackson/jackson-bom/2.13.1/jackson-bom-2.13.1.pom
Progress (1): 4.1/17 kBProgress (1): 8.2/17 kBProgress (1): 12/17 kB Progress (1): 16/17 kBProgress (1): 17 kB                      Downloaded from central: https://repo.maven.apache.org/maven2/com/fasterxml/jackson/jackson-bom/2.13.1/jackson-bom-2.13.1.pom (17 kB at 1.3 MB/s)
Downloading from central: https://repo.maven.apache.org/maven2/com/fasterxml/jackson/jackson-parent/2.13/jackson-parent-2.13.pom
Progress (1): 4.1/7.4 kBProgress (1): 7.4 kB                        Downloaded from central: https://repo.maven.apache.org/maven2/com/fasterxml/jackson/jackson-parent/2.13/jackson-parent-2.13.pom (7.4 kB at 571 kB/s)
Downloading from central: https://repo.maven.apache.org/maven2/com/fasterxml/oss-parent/43/oss-parent-43.pom
Progress (1): 4.1/24 kBProgress (1): 8.2/24 kBProgress (1): 12/24 kB Progress (1): 16/24 kBProgress (1): 20/24 kBProgress (1): 24 kB                      Downloaded from central: https://repo.maven.apache.org/maven2/com/fasterxml/oss-parent/43/oss-parent-43.pom (24 kB at 1.4 MB/s)
Downloading from central: https://repo.maven.apache.org/maven2/org/codehaus/modello/modello-maven-plugin/2.0.0/modello-maven-plugin-2.0.0.jar
Progress (1): 4.1/39 kBProgress (1): 8.2/39 kBProgress (1): 12/39 kB Progress (1): 16/39 kBProgress (1): 20/39 kBProgress (1): 24/39 kBProgress (1): 28/39 kBProgress (1): 32/39 kBProgress (1): 36/39 kBProgress (1): 39 kB                      Downloaded from central: https://repo.maven.apache.org/maven2/org/codehaus/modello/modello-maven-plugin/2.0.0/modello-maven-plugin-2.0.0.jar (39 kB at 234 kB/s)
[[1;34mINFO[m] 
[[1;34mINFO[m] [1m--- [0;32mmodello-maven-plugin:2.0.0:java[m [1m(default)[m @ [36mmaven-plugin-tools-model[0;1m ---[m
Downloading from central: https://repo.maven.apache.org/maven2/org/codehaus/modello/modello-core/2.0.0/modello-core-2.0.0.pom
Progress (1): 1.7 kB                    Downloaded from central: https://repo.maven.apache.org/maven2/org/codehaus/modello/modello-core/2.0.0/modello-core-2.0.0.pom (1.7 kB at 7.4 kB/s)
Downloading from central: https://repo.maven.apache.org/maven2/org/codehaus/plexus/plexus-utils/3.4.1/plexus-utils-3.4.1.pom
Progress (1): 4.1/8.0 kBProgress (1): 8.0 kB                        Downloaded from central: https://repo.maven.apache.org/maven2/org/codehaus/plexus/plexus-utils/3.4.1/plexus-utils-3.4.1.pom (8.0 kB at 613 kB/s)
Downloading from central: https://repo.maven.apache.org/maven2/org/sonatype/sisu/sisu-guice/4.2.0/sisu-guice-4.2.0.pom
Progress (1): 4.1/11 kBProgress (1): 8.2/11 kBProgress (1): 11 kB                       Downloaded from central: https://repo.maven.apache.org/maven2/org/sonatype/sisu/sisu-guice/4.2.0/sisu-guice-4.2.0.pom (11 kB at 70 kB/s)
Downloading from central: https://repo.maven.apache.org/maven2/org/sonatype/sisu/inject/guice-parent/4.2.0/guice-parent-4.2.0.pom
Progress (1): 4.1/16 kBProgress (1): 8.2/16 kBProgress (1): 12/16 kB Progress (1): 16 kB                      Downloaded from central: https://repo.maven.apache.org/maven2/org/sonatype/sisu/inject/guice-parent/4.2.0/guice-parent-4.2.0.pom (16 kB at 101 kB/s)
Downloading from central: https://repo.maven.apache.org/maven2/org/sonatype/buildsupport/public-parent/12/public-parent-12.pom
Progress (1): 761 B                   Downloaded from central: https://repo.maven.apache.org/maven2/org/sonatype/buildsupport/public-parent/12/public-parent-12.pom (761 B at 5.2 kB/s)
Downloading from central: https://repo.maven.apache.org/maven2/org/sonatype/buildsupport/buildsupport/12/buildsupport-12.pom
Progress (1): 4.1/24 kBProgress (1): 8.2/24 kBProgress (1): 12/24 kB Progress (1): 16/24 kBProgress (1): 20/24 kBProgress (1): 24/24 kBProgress (1): 24 kB                      Downloaded from central: https://repo.maven.apache.org/maven2/org/sonatype/buildsupport/buildsupport/12/buildsupport-12.pom (24 kB at 165 kB/s)
Downloading from central: https://repo.maven.apache.org/maven2/org/codehaus/modello/modello-plugin-converters/2.0.0/modello-plugin-converters-2.0.0.pom
Progress (1): 1.7 kB                    Downloaded from central: https://repo.maven.apache.org/maven2/org/codehaus/modello/modello-plugin-converters/2.0.0/modello-plugin-converters-2.0.0.pom (1.7 kB at 11 kB/s)
Downloading from central: https://repo.maven.apache.org/maven2/org/codehaus/modello/modello-plugins/2.0.0/modello-plugins-2.0.0.pom
Progress (1): 2.5 kB                    Downloaded from central: https://repo.maven.apache.org/maven2/org/codehaus/modello/modello-plugins/2.0.0/modello-plugins-2.0.0.pom (2.5 kB at 18 kB/s)
Downloading from central: https://repo.maven.apache.org/maven2/org/codehaus/modello/modello-plugin-java/2.0.0/modello-plugin-java-2.0.0.pom
Progress (1): 2.6 kB                    Downloaded from central: https://repo.maven.apache.org/maven2/org/codehaus/modello/modello-plugin-java/2.0.0/modello-plugin-java-2.0.0.pom (2.6 kB at 17 kB/s)
Downloading from central: https://repo.maven.apache.org/maven2/org/codehaus/modello/modello-plugin-dom4j/2.0.0/modello-plugin-dom4j-2.0.0.pom
Progress (1): 1.6 kB                    Downloaded from central: https://repo.maven.apache.org/maven2/org/codehaus/modello/modello-plugin-dom4j/2.0.0/modello-plugin-dom4j-2.0.0.pom (1.6 kB at 11 kB/s)
Downloading from central: https://repo.maven.apache.org/maven2/org/codehaus/modello/modello-plugin-xml/2.0.0/modello-plugin-xml-2.0.0.pom
Progress (1): 1.1 kB                    Downloaded from central: https://repo.maven.apache.org/maven2/org/codehaus/modello/modello-plugin-xml/2.0.0/modello-plugin-xml-2.0.0.pom (1.1 kB at 7.9 kB/s)
Downloading from central: https://repo.maven.apache.org/maven2/org/codehaus/modello/modello-plugin-jackson/2.0.0/modello-plugin-jackson-2.0.0.pom
Progress (1): 1.8 kB                    Downloaded from central: https://repo.maven.apache.org/maven2/org/codehaus/modello/modello-plugin-jackson/2.0.0/modello-plugin-jackson-2.0.0.pom (1.8 kB at 13 kB/s)
Downloading from central: https://repo.maven.apache.org/maven2/com/fasterxml/jackson/core/jackson-core/2.13.1/jackson-core-2.13.1.pom
Progress (1): 4.1/5.5 kBProgress (1): 5.5 kB                        Downloaded from central: https://repo.maven.apache.org/maven2/com/fasterxml/jackson/core/jackson-core/2.13.1/jackson-core-2.13.1.pom (5.5 kB at 369 kB/s)
Downloading from central: https://repo.maven.apache.org/maven2/com/fasterxml/jackson/jackson-base/2.13.1/jackson-base-2.13.1.pom
Progress (1): 4.1/9.7 kBProgress (1): 8.2/9.7 kBProgress (1): 9.7 kB                        Downloaded from central: https://repo.maven.apache.org/maven2/com/fasterxml/jackson/jackson-base/2.13.1/jackson-base-2.13.1.pom (9.7 kB at 304 kB/s)
Downloading from central: https://repo.maven.apache.org/maven2/com/fasterxml/jackson/core/jackson-databind/2.13.1/jackson-databind-2.13.1.pom
Progress (1): 4.1/16 kBProgress (1): 8.2/16 kBProgress (1): 12/16 kB Progress (1): 16/16 kBProgress (1): 16 kB                      Downloaded from central: https://repo.maven.apache.org/maven2/com/fasterxml/jackson/core/jackson-databind/2.13.1/jackson-databind-2.13.1.pom (16 kB at 941 kB/s)
Downloading from central: https://repo.maven.apache.org/maven2/com/fasterxml/jackson/core/jackson-annotations/2.13.1/jackson-annotations-2.13.1.pom
Progress (1): 4.1/6.1 kBProgress (1): 6.1 kB                        Downloaded from central: https://repo.maven.apache.org/maven2/com/fasterxml/jackson/core/jackson-annotations/2.13.1/jackson-annotations-2.13.1.pom (6.1 kB at 434 kB/s)
Downloading from central: https://repo.maven.apache.org/maven2/org/codehaus/modello/modello-plugin-jdom/2.0.0/modello-plugin-jdom-2.0.0.pom
Progress (1): 1.8 kB                    Downloaded from central: https://repo.maven.apache.org/maven2/org/codehaus/modello/modello-plugin-jdom/2.0.0/modello-plugin-jdom-2.0.0.pom (1.8 kB at 12 kB/s)
Downloading from central: https://repo.maven.apache.org/maven2/org/codehaus/modello/modello-plugin-jsonschema/2.0.0/modello-plugin-jsonschema-2.0.0.pom
Progress (1): 1.5 kB                    Downloaded from central: https://repo.maven.apache.org/maven2/org/codehaus/modello/modello-plugin-jsonschema/2.0.0/modello-plugin-jsonschema-2.0.0.pom (1.5 kB at 11 kB/s)
Downloading from central: https://repo.maven.apache.org/maven2/org/codehaus/modello/modello-plugin-sax/2.0.0/modello-plugin-sax-2.0.0.pom
Progress (1): 1.4 kB                    Downloaded from central: https://repo.maven.apache.org/maven2/org/codehaus/modello/modello-plugin-sax/2.0.0/modello-plugin-sax-2.0.0.pom (1.4 kB at 9.6 kB/s)
Downloading from central: https://repo.maven.apache.org/maven2/org/codehaus/modello/modello-plugin-snakeyaml/2.0.0/modello-plugin-snakeyaml-2.0.0.pom
Progress (1): 1.2 kB                    Downloaded from central: https://repo.maven.apache.org/maven2/org/codehaus/modello/modello-plugin-snakeyaml/2.0.0/modello-plugin-snakeyaml-2.0.0.pom (1.2 kB at 8.7 kB/s)
Downloading from central: https://repo.maven.apache.org/maven2/org/yaml/snakeyaml/1.30/snakeyaml-1.30.pom
Progress (1): 4.1/37 kBProgress (1): 8.2/37 kBProgress (1): 12/37 kB Progress (1): 16/37 kBProgress (1): 20/37 kBProgress (1): 24/37 kBProgress (1): 28/37 kBProgress (1): 32/37 kBProgress (1): 36/37 kBProgress (1): 37 kB                      Downloaded from central: https://repo.maven.apache.org/maven2/org/yaml/snakeyaml/1.30/snakeyaml-1.30.pom (37 kB at 2.3 MB/s)
Downloading from central: https://repo.maven.apache.org/maven2/org/codehaus/modello/modello-plugin-stax/2.0.0/modello-plugin-stax-2.0.0.pom
Progress (1): 1.9 kB                    Downloaded from central: https://repo.maven.apache.org/maven2/org/codehaus/modello/modello-plugin-stax/2.0.0/modello-plugin-stax-2.0.0.pom (1.9 kB at 12 kB/s)
Downloading from central: https://repo.maven.apache.org/maven2/org/codehaus/modello/modello-plugin-xdoc/2.0.0/modello-plugin-xdoc-2.0.0.pom
Progress (1): 1.6 kB                    Downloaded from central: https://repo.maven.apache.org/maven2/org/codehaus/modello/modello-plugin-xdoc/2.0.0/modello-plugin-xdoc-2.0.0.pom (1.6 kB at 10 kB/s)
Downloading from central: https://repo.maven.apache.org/maven2/org/codehaus/modello/modello-plugin-xsd/2.0.0/modello-plugin-xsd-2.0.0.pom
Progress (1): 1.4 kB                    Downloaded from central: https://repo.maven.apache.org/maven2/org/codehaus/modello/modello-plugin-xsd/2.0.0/modello-plugin-xsd-2.0.0.pom (1.4 kB at 9.5 kB/s)
Downloading from central: https://repo.maven.apache.org/maven2/org/jsoup/jsoup/1.14.3/jsoup-1.14.3.pom
Progress (1): 4.1/12 kBProgress (1): 8.2/12 kBProgress (1): 12 kB                       Downloaded from central: https://repo.maven.apache.org/maven2/org/jsoup/jsoup/1.14.3/jsoup-1.14.3.pom (12 kB at 37 kB/s)
Downloading from central: https://repo.maven.apache.org/maven2/org/codehaus/modello/modello-plugin-xpp3/2.0.0/modello-plugin-xpp3-2.0.0.pom
Progress (1): 1.5 kB                    Downloaded from central: https://repo.maven.apache.org/maven2/org/codehaus/modello/modello-plugin-xpp3/2.0.0/modello-plugin-xpp3-2.0.0.pom (1.5 kB at 10 kB/s)
Downloading from central: https://repo.maven.apache.org/maven2/org/codehaus/modello/modello-core/2.0.0/modello-core-2.0.0.jar
Downloading from central: https://repo.maven.apache.org/maven2/javax/enterprise/cdi-api/1.2/cdi-api-1.2.jar
Downloading from central: https://repo.maven.apache.org/maven2/org/eclipse/sisu/org.eclipse.sisu.inject/0.3.5/org.eclipse.sisu.inject-0.3.5.jar
Downloading from central: https://repo.maven.apache.org/maven2/org/eclipse/sisu/org.eclipse.sisu.plexus/0.3.5/org.eclipse.sisu.plexus-0.3.5.jar
Downloading from central: https://repo.maven.apache.org/maven2/org/sonatype/sisu/sisu-guice/4.2.0/sisu-guice-4.2.0-no_aop.jar
Progress (1): 4.1/71 kBProgress (2): 4.1/71 kB | 4.1/379 kBProgress (2): 8.2/71 kB | 4.1/379 kBProgress (2): 8.2/71 kB | 8.2/379 kBProgress (2): 12/71 kB | 8.2/379 kB Progress (2): 12/71 kB | 12/379 kB Progress (2): 16/71 kB | 12/379 kBProgress (2): 16/71 kB | 16/379 kBProgress (3): 16/71 kB | 16/379 kB | 2.7/205 kBProgress (3): 16/71 kB | 20/379 kB | 2.7/205 kBProgress (3): 20/71 kB | 20/379 kB | 2.7/205 kBProgress (3): 20/71 kB | 20/379 kB | 5.5/205 kBProgress (3): 20/71 kB | 24/379 kB | 5.5/205 kBProgress (3): 24/71 kB | 24/379 kB | 5.5/205 kBProgress (3): 24/71 kB | 28/379 kB | 5.5/205 kBProgress (3): 24/71 kB | 28/379 kB | 8.2/205 kBProgress (3): 24/71 kB | 32/379 kB | 8.2/205 kBProgress (3): 28/71 kB | 32/379 kB | 8.2/205 kBProgress (3): 28/71 kB | 32/379 kB | 11/205 kB Progress (3): 32/71 kB | 32/379 kB | 11/205 kBProgress (3): 32/71 kB | 32/379 kB | 14/205 kBProgress (3): 32/71 kB | 36/379 kB | 14/205 kBProgress (3): 32/71 kB | 36/379 kB | 16/205 kBProgress (3): 32/71 kB | 40/379 kB | 16/205 kBProgress (3): 32/71 kB | 45/379 kB | 16/205 kBProgress (3): 36/71 kB | 45/379 kB | 16/205 kBProgress (3): 36/71 kB | 49/379 kB | 16/205 kBProgress (3): 40/71 kB | 49/379 kB | 16/205 kBProgress (3): 40/71 kB | 49/379 kB | 20/205 kBProgress (3): 45/71 kB | 49/379 kB | 20/205 kBProgress (3): 45/71 kB | 49/379 kB | 24/205 kBProgress (3): 49/71 kB | 49/379 kB | 24/205 kBProgress (3): 49/71 kB | 49/379 kB | 28/205 kBProgress (3): 49/71 kB | 53/379 kB | 28/205 kBProgress (3): 49/71 kB | 53/379 kB | 32/205 kBProgress (3): 49/71 kB | 57/379 kB | 32/205 kBProgress (3): 49/71 kB | 61/379 kB | 32/205 kBProgress (3): 53/71 kB | 61/379 kB | 32/205 kBProgress (3): 53/71 kB | 65/379 kB | 32/205 kBProgress (3): 57/71 kB | 65/379 kB | 32/205 kBProgress (3): 57/71 kB | 65/379 kB | 36/205 kBProgress (3): 61/71 kB | 65/379 kB | 36/205 kBProgress (3): 61/71 kB | 65/379 kB | 40/205 kBProgress (3): 65/71 kB | 65/379 kB | 40/205 kBProgress (3): 65/71 kB | 69/379 kB | 40/205 kBProgress (3): 65/71 kB | 69/379 kB | 45/205 kBProgress (3): 65/71 kB | 73/379 kB | 45/205 kBProgress (3): 65/71 kB | 73/379 kB | 49/205 kBProgress (3): 69/71 kB | 73/379 kB | 49/205 kBProgress (3): 69/71 kB | 77/379 kB | 49/205 kBProgress (3): 71 kB | 77/379 kB | 49/205 kB   Progress (3): 71 kB | 81/379 kB | 49/205 kBProgress (3): 71 kB | 81/379 kB | 53/205 kBProgress (3): 71 kB | 81/379 kB | 57/205 kBProgress (3): 71 kB | 81/379 kB | 61/205 kBProgress (3): 71 kB | 85/379 kB | 61/205 kBProgress (3): 71 kB | 85/379 kB | 65/205 kBProgress (3): 71 kB | 90/379 kB | 65/205 kBProgress (3): 71 kB | 94/379 kB | 65/205 kBProgress (3): 71 kB | 98/379 kB | 65/205 kBProgress (3): 71 kB | 98/379 kB | 69/205 kBProgress (3): 71 kB | 98/379 kB | 73/205 kBProgress (3): 71 kB | 98/379 kB | 77/205 kBProgress (3): 71 kB | 102/379 kB | 77/205 kBProgress (3): 71 kB | 102/379 kB | 81/205 kBProgress (3): 71 kB | 106/379 kB | 81/205 kBProgress (3): 71 kB | 110/379 kB | 81/205 kBProgress (3): 71 kB | 114/379 kB | 81/205 kBProgress (3): 71 kB | 114/379 kB | 85/205 kBProgress (3): 71 kB | 114/379 kB | 90/205 kBProgress (3): 71 kB | 114/379 kB | 94/205 kBProgress (3): 71 kB | 118/379 kB | 94/205 kBProgress (3): 71 kB | 118/379 kB | 98/205 kB                                            Downloaded from central: https://repo.maven.apache.org/maven2/javax/enterprise/cdi-api/1.2/cdi-api-1.2.jar (71 kB at 2.1 MB/s)
Progress (2): 122/379 kB | 98/205 kB                                    Downloading from central: https://repo.maven.apache.org/maven2/org/codehaus/plexus/plexus-utils/3.4.1/plexus-utils-3.4.1.jar
Progress (2): 122/379 kB | 102/205 kBProgress (2): 126/379 kB | 102/205 kBProgress (2): 126/379 kB | 106/205 kBProgress (2): 131/379 kB | 106/205 kBProgress (2): 131/379 kB | 110/205 kBProgress (2): 131/379 kB | 114/205 kBProgress (2): 135/379 kB | 114/205 kBProgress (2): 139/379 kB | 114/205 kBProgress (2): 139/379 kB | 118/205 kBProgress (2): 143/379 kB | 118/205 kBProgress (2): 143/379 kB | 122/205 kBProgress (2): 147/379 kB | 122/205 kBProgress (2): 147/379 kB | 126/205 kBProgress (2): 147/379 kB | 131/205 kBProgress (2): 151/379 kB | 131/205 kBProgress (2): 155/379 kB | 131/205 kBProgress (2): 155/379 kB | 135/205 kBProgress (2): 159/379 kB | 135/205 kBProgress (2): 159/379 kB | 139/205 kBProgress (2): 163/379 kB | 139/205 kBProgress (2): 163/379 kB | 143/205 kBProgress (2): 163/379 kB | 147/205 kBProgress (2): 167/379 kB | 147/205 kBProgress (2): 171/379 kB | 147/205 kBProgress (2): 171/379 kB | 151/205 kBProgress (2): 176/379 kB | 151/205 kBProgress (2): 176/379 kB | 155/205 kBProgress (2): 180/379 kB | 155/205 kBProgress (2): 180/379 kB | 159/205 kBProgress (2): 180/379 kB | 163/205 kBProgress (2): 184/379 kB | 163/205 kBProgress (2): 184/379 kB | 167/205 kBProgress (2): 188/379 kB | 167/205 kBProgress (2): 188/379 kB | 171/205 kBProgress (3): 188/379 kB | 171/205 kB | 4.1/264 kBProgress (3): 188/379 kB | 176/205 kB | 4.1/264 kBProgress (3): 192/379 kB | 176/205 kB | 4.1/264 kBProgress (3): 192/379 kB | 180/205 kB | 4.1/264 kBProgress (3): 192/379 kB | 180/205 kB | 8.2/264 kBProgress (3): 196/379 kB | 180/205 kB | 8.2/264 kBProgress (3): 196/379 kB | 180/205 kB | 12/264 kB Progress (3): 196/379 kB | 184/205 kB | 12/264 kBProgress (3): 196/379 kB | 184/205 kB | 16/264 kBProgress (3): 196/379 kB | 188/205 kB | 16/264 kBProgress (3): 200/379 kB | 188/205 kB | 16/264 kBProgress (3): 200/379 kB | 192/205 kB | 16/264 kBProgress (3): 204/379 kB | 192/205 kB | 16/264 kBProgress (3): 204/379 kB | 196/205 kB | 16/264 kBProgress (3): 208/379 kB | 196/205 kB | 16/264 kBProgress (3): 212/379 kB | 196/205 kB | 16/264 kBProgress (3): 212/379 kB | 200/205 kB | 16/264 kBProgress (3): 212/379 kB | 200/205 kB | 20/264 kBProgress (3): 212/379 kB | 204/205 kB | 20/264 kBProgress (3): 212/379 kB | 204/205 kB | 24/264 kBProgress (3): 217/379 kB | 204/205 kB | 24/264 kBProgress (3): 217/379 kB | 205 kB | 24/264 kB    Progress (3): 221/379 kB | 205 kB | 24/264 kBProgress (3): 221/379 kB | 205 kB | 28/264 kBProgress (3): 225/379 kB | 205 kB | 28/264 kBProgress (3): 225/379 kB | 205 kB | 32/264 kBProgress (3): 229/379 kB | 205 kB | 32/264 kBProgress (3): 233/379 kB | 205 kB | 32/264 kBProgress (3): 237/379 kB | 205 kB | 32/264 kBProgress (3): 241/379 kB | 205 kB | 32/264 kBProgress (3): 245/379 kB | 205 kB | 32/264 kBProgress (3): 245/379 kB | 205 kB | 36/264 kBProgress (3): 245/379 kB | 205 kB | 40/264 kBProgress (3): 249/379 kB | 205 kB | 40/264 kBProgress (3): 249/379 kB | 205 kB | 45/264 kBProgress (3): 253/379 kB | 205 kB | 45/264 kBProgress (3): 253/379 kB | 205 kB | 49/264 kBProgress (3): 258/379 kB | 205 kB | 49/264 kBProgress (3): 262/379 kB | 205 kB | 49/264 kBProgress (3): 266/379 kB | 205 kB | 49/264 kBProgress (3): 270/379 kB | 205 kB | 49/264 kBProgress (3): 274/379 kB | 205 kB | 49/264 kBProgress (3): 274/379 kB | 205 kB | 53/264 kBProgress (3): 278/379 kB | 205 kB | 53/264 kBProgress (3): 278/379 kB | 205 kB | 57/264 kB                                             Downloaded from central: https://repo.maven.apache.org/maven2/org/eclipse/sisu/org.eclipse.sisu.plexus/0.3.5/org.eclipse.sisu.plexus-0.3.5.jar (205 kB at 3.7 MB/s)
Progress (2): 278/379 kB | 61/264 kB                                    Downloading from central: https://repo.maven.apache.org/maven2/org/codehaus/modello/modello-plugin-converters/2.0.0/modello-plugin-converters-2.0.0.jar
Progress (2): 282/379 kB | 61/264 kBProgress (2): 282/379 kB | 65/264 kBProgress (2): 286/379 kB | 65/264 kBProgress (2): 290/379 kB | 65/264 kBProgress (2): 294/379 kB | 65/264 kBProgress (2): 298/379 kB | 65/264 kBProgress (2): 303/379 kB | 65/264 kBProgress (2): 307/379 kB | 65/264 kBProgress (2): 307/379 kB | 69/264 kBProgress (2): 311/379 kB | 69/264 kBProgress (2): 311/379 kB | 73/264 kBProgress (2): 311/379 kB | 77/264 kBProgress (2): 315/379 kB | 77/264 kBProgress (2): 315/379 kB | 81/264 kBProgress (2): 319/379 kB | 81/264 kBProgress (2): 323/379 kB | 81/264 kBProgress (2): 327/379 kB | 81/264 kBProgress (2): 331/379 kB | 81/264 kBProgress (2): 335/379 kB | 81/264 kBProgress (2): 335/379 kB | 85/264 kBProgress (2): 339/379 kB | 85/264 kBProgress (2): 339/379 kB | 90/264 kBProgress (2): 343/379 kB | 90/264 kBProgress (2): 343/379 kB | 94/264 kBProgress (2): 343/379 kB | 98/264 kBProgress (2): 348/379 kB | 98/264 kBProgress (2): 352/379 kB | 98/264 kBProgress (2): 356/379 kB | 98/264 kBProgress (2): 360/379 kB | 98/264 kBProgress (2): 360/379 kB | 102/264 kBProgress (2): 364/379 kB | 102/264 kBProgress (2): 364/379 kB | 106/264 kBProgress (2): 368/379 kB | 106/264 kBProgress (2): 368/379 kB | 110/264 kBProgress (2): 372/379 kB | 110/264 kBProgress (2): 372/379 kB | 114/264 kBProgress (2): 376/379 kB | 114/264 kBProgress (2): 379 kB | 114/264 kB    Progress (2): 379 kB | 118/264 kBProgress (2): 379 kB | 122/264 kBProgress (2): 379 kB | 126/264 kBProgress (2): 379 kB | 131/264 kBProgress (2): 379 kB | 135/264 kBProgress (2): 379 kB | 139/264 kBProgress (2): 379 kB | 143/264 kBProgress (2): 379 kB | 147/264 kBProgress (2): 379 kB | 151/264 kBProgress (2): 379 kB | 155/264 kBProgress (2): 379 kB | 159/264 kBProgress (2): 379 kB | 163/264 kB                                 Downloaded from central: https://repo.maven.apache.org/maven2/org/eclipse/sisu/org.eclipse.sisu.inject/0.3.5/org.eclipse.sisu.inject-0.3.5.jar (379 kB at 5.5 MB/s)
Progress (1): 167/264 kB                        Downloading from central: https://repo.maven.apache.org/maven2/org/codehaus/modello/modello-plugin-dom4j/2.0.0/modello-plugin-dom4j-2.0.0.jar
Progress (1): 171/264 kBProgress (1): 176/264 kBProgress (1): 180/264 kBProgress (1): 184/264 kBProgress (1): 188/264 kBProgress (1): 192/264 kBProgress (1): 196/264 kBProgress (1): 200/264 kBProgress (1): 204/264 kBProgress (1): 208/264 kBProgress (1): 212/264 kBProgress (1): 217/264 kBProgress (1): 221/264 kBProgress (1): 225/264 kBProgress (1): 229/264 kBProgress (1): 233/264 kBProgress (1): 237/264 kBProgress (1): 241/264 kBProgress (1): 245/264 kBProgress (1): 249/264 kBProgress (1): 253/264 kBProgress (1): 258/264 kBProgress (1): 262/264 kBProgress (2): 262/264 kB | 4.1/61 kBProgress (2): 264 kB | 4.1/61 kB    Progress (2): 264 kB | 8.2/61 kBProgress (2): 264 kB | 12/61 kB Progress (2): 264 kB | 16/61 kBProgress (2): 264 kB | 20/61 kBProgress (2): 264 kB | 24/61 kBProgress (2): 264 kB | 28/61 kBProgress (2): 264 kB | 32/61 kBProgress (2): 264 kB | 36/61 kBProgress (2): 264 kB | 40/61 kB                               Downloaded from central: https://repo.maven.apache.org/maven2/org/codehaus/plexus/plexus-utils/3.4.1/plexus-utils-3.4.1.jar (264 kB at 3.1 MB/s)
Progress (1): 45/61 kB                      Downloading from central: https://repo.maven.apache.org/maven2/org/codehaus/modello/modello-plugin-xml/2.0.0/modello-plugin-xml-2.0.0.jar
Progress (1): 49/61 kBProgress (1): 53/61 kBProgress (1): 57/61 kBProgress (1): 61 kB   Progress (2): 61 kB | 2.7/522 kBProgress (2): 61 kB | 5.5/522 kBProgress (2): 61 kB | 8.2/522 kBProgress (2): 61 kB | 11/522 kB Progress (2): 61 kB | 14/522 kBProgress (2): 61 kB | 16/522 kBProgress (2): 61 kB | 20/522 kBProgress (2): 61 kB | 24/522 kBProgress (2): 61 kB | 28/522 kBProgress (2): 61 kB | 32/522 kBProgress (2): 61 kB | 36/522 kBProgress (2): 61 kB | 40/522 kBProgress (2): 61 kB | 45/522 kBProgress (2): 61 kB | 49/522 kBProgress (2): 61 kB | 53/522 kBProgress (2): 61 kB | 57/522 kBProgress (2): 61 kB | 61/522 kBProgress (2): 61 kB | 65/522 kBProgress (2): 61 kB | 69/522 kBProgress (2): 61 kB | 73/522 kBProgress (2): 61 kB | 77/522 kBProgress (2): 61 kB | 81/522 kBProgress (2): 61 kB | 85/522 kBProgress (2): 61 kB | 90/522 kBProgress (2): 61 kB | 94/522 kBProgress (2): 61 kB | 98/522 kBProgress (2): 61 kB | 102/522 kBProgress (2): 61 kB | 106/522 kBProgress (2): 61 kB | 110/522 kBProgress (2): 61 kB | 114/522 kBProgress (2): 61 kB | 118/522 kBProgress (2): 61 kB | 122/522 kBProgress (2): 61 kB | 126/522 kBProgress (2): 61 kB | 131/522 kBProgress (2): 61 kB | 135/522 kBProgress (2): 61 kB | 139/522 kBProgress (2): 61 kB | 143/522 kBProgress (2): 61 kB | 147/522 kBProgress (2): 61 kB | 151/522 kBProgress (2): 61 kB | 155/522 kBProgress (2): 61 kB | 159/522 kBProgress (2): 61 kB | 163/522 kBProgress (2): 61 kB | 167/522 kBProgress (2): 61 kB | 171/522 kBProgress (2): 61 kB | 176/522 kBProgress (2): 61 kB | 180/522 kBProgress (2): 61 kB | 184/522 kBProgress (2): 61 kB | 188/522 kBProgress (2): 61 kB | 192/522 kBProgress (2): 61 kB | 196/522 kBProgress (2): 61 kB | 200/522 kBProgress (2): 61 kB | 204/522 kBProgress (2): 61 kB | 208/522 kBProgress (2): 61 kB | 212/522 kBProgress (2): 61 kB | 217/522 kBProgress (2): 61 kB | 221/522 kBProgress (2): 61 kB | 225/522 kBProgress (2): 61 kB | 229/522 kBProgress (2): 61 kB | 233/522 kBProgress (2): 61 kB | 237/522 kBProgress (2): 61 kB | 241/522 kBProgress (2): 61 kB | 245/522 kBProgress (2): 61 kB | 249/522 kBProgress (2): 61 kB | 253/522 kBProgress (2): 61 kB | 258/522 kBProgress (2): 61 kB | 262/522 kBProgress (2): 61 kB | 266/522 kBProgress (2): 61 kB | 270/522 kBProgress (2): 61 kB | 274/522 kBProgress (2): 61 kB | 278/522 kBProgress (2): 61 kB | 282/522 kBProgress (2): 61 kB | 286/522 kBProgress (2): 61 kB | 290/522 kBProgress (2): 61 kB | 294/522 kBProgress (2): 61 kB | 298/522 kBProgress (2): 61 kB | 303/522 kBProgress (2): 61 kB | 307/522 kBProgress (2): 61 kB | 311/522 kBProgress (2): 61 kB | 315/522 kBProgress (2): 61 kB | 319/522 kBProgress (2): 61 kB | 323/522 kBProgress (2): 61 kB | 327/522 kBProgress (2): 61 kB | 331/522 kBProgress (2): 61 kB | 335/522 kBProgress (2): 61 kB | 339/522 kBProgress (2): 61 kB | 343/522 kBProgress (2): 61 kB | 348/522 kBProgress (2): 61 kB | 352/522 kBProgress (2): 61 kB | 356/522 kBProgress (2): 61 kB | 360/522 kBProgress (2): 61 kB | 364/522 kBProgress (2): 61 kB | 368/522 kBProgress (2): 61 kB | 372/522 kBProgress (2): 61 kB | 376/522 kBProgress (2): 61 kB | 380/522 kBProgress (2): 61 kB | 384/522 kBProgress (2): 61 kB | 389/522 kBProgress (2): 61 kB | 393/522 kBProgress (3): 61 kB | 393/522 kB | 4.1/9.8 kBProgress (3): 61 kB | 397/522 kB | 4.1/9.8 kBProgress (3): 61 kB | 401/522 kB | 4.1/9.8 kBProgress (3): 61 kB | 401/522 kB | 8.2/9.8 kBProgress (3): 61 kB | 405/522 kB | 8.2/9.8 kBProgress (3): 61 kB | 405/522 kB | 9.8 kB    Progress (3): 61 kB | 409/522 kB | 9.8 kBProgress (3): 61 kB | 413/522 kB | 9.8 kBProgress (3): 61 kB | 417/522 kB | 9.8 kBProgress (3): 61 kB | 421/522 kB | 9.8 kBProgress (3): 61 kB | 425/522 kB | 9.8 kBProgress (3): 61 kB | 429/522 kB | 9.8 kBProgress (3): 61 kB | 434/522 kB | 9.8 kBProgress (3): 61 kB | 438/522 kB | 9.8 kBProgress (3): 61 kB | 442/522 kB | 9.8 kBProgress (3): 61 kB | 446/522 kB | 9.8 kBProgress (3): 61 kB | 450/522 kB | 9.8 kBProgress (3): 61 kB | 454/522 kB | 9.8 kBProgress (3): 61 kB | 458/522 kB | 9.8 kBProgress (3): 61 kB | 462/522 kB | 9.8 kBProgress (3): 61 kB | 466/522 kB | 9.8 kBProgress (3): 61 kB | 470/522 kB | 9.8 kBProgress (3): 61 kB | 475/522 kB | 9.8 kBProgress (3): 61 kB | 479/522 kB | 9.8 kBProgress (3): 61 kB | 483/522 kB | 9.8 kBProgress (3): 61 kB | 487/522 kB | 9.8 kBProgress (3): 61 kB | 491/522 kB | 9.8 kBProgress (3): 61 kB | 495/522 kB | 9.8 kBProgress (3): 61 kB | 499/522 kB | 9.8 kBProgress (3): 61 kB | 503/522 kB | 9.8 kBProgress (3): 61 kB | 507/522 kB | 9.8 kBProgress (3): 61 kB | 511/522 kB | 9.8 kBProgress (3): 61 kB | 515/522 kB | 9.8 kBProgress (3): 61 kB | 520/522 kB | 9.8 kBProgress (3): 61 kB | 522 kB | 9.8 kB    Progress (4): 61 kB | 522 kB | 9.8 kB | 4.1/19 kBProgress (4): 61 kB | 522 kB | 9.8 kB | 8.2/19 kBProgress (4): 61 kB | 522 kB | 9.8 kB | 12/19 kB Progress (4): 61 kB | 522 kB | 9.8 kB | 16/19 kBProgress (4): 61 kB | 522 kB | 9.8 kB | 19 kB   Progress (5): 61 kB | 522 kB | 9.8 kB | 19 kB | 4.1/15 kB                                                         Downloaded from central: https://repo.maven.apache.org/maven2/org/codehaus/modello/modello-core/2.0.0/modello-core-2.0.0.jar (61 kB at 298 kB/s)
Downloading from central: https://repo.maven.apache.org/maven2/org/codehaus/modello/modello-plugin-jackson/2.0.0/modello-plugin-jackson-2.0.0.jar
Downloaded from central: https://repo.maven.apache.org/maven2/org/codehaus/modello/modello-plugin-converters/2.0.0/modello-plugin-converters-2.0.0.jar (9.8 kB at 48 kB/s)
Downloaded from central: https://repo.maven.apache.org/maven2/org/sonatype/sisu/sisu-guice/4.2.0/sisu-guice-4.2.0-no_aop.jar (522 kB at 2.5 MB/s)
Downloading from central: https://repo.maven.apache.org/maven2/com/fasterxml/jackson/core/jackson-databind/2.13.1/jackson-databind-2.13.1.jar
Progress (2): 19 kB | 8.2/15 kB                               Downloading from central: https://repo.maven.apache.org/maven2/com/fasterxml/jackson/core/jackson-core/2.13.1/jackson-core-2.13.1.jar
Progress (2): 19 kB | 12/15 kBProgress (2): 19 kB | 15 kB   Progress (3): 19 kB | 15 kB | 4.1/375 kBProgress (4): 19 kB | 15 kB | 4.1/375 kB | 0/1.5 MBProgress (4): 19 kB | 15 kB | 8.2/375 kB | 0/1.5 MBProgress (4): 19 kB | 15 kB | 8.2/375 kB | 0/1.5 MBProgress (4): 19 kB | 15 kB | 12/375 kB | 0/1.5 MB Progress (4): 19 kB | 15 kB | 16/375 kB | 0/1.5 MBProgress (4): 19 kB | 15 kB | 16/375 kB | 0/1.5 MBProgress (4): 19 kB | 15 kB | 20/375 kB | 0/1.5 MBProgress (4): 19 kB | 15 kB | 20/375 kB | 0/1.5 MBProgress (4): 19 kB | 15 kB | 24/375 kB | 0/1.5 MBProgress (4): 19 kB | 15 kB | 28/375 kB | 0/1.5 MBProgress (4): 19 kB | 15 kB | 32/375 kB | 0/1.5 MBProgress (4): 19 kB | 15 kB | 32/375 kB | 0/1.5 MBProgress (4): 19 kB | 15 kB | 32/375 kB | 0/1.5 MBProgress (4): 19 kB | 15 kB | 36/375 kB | 0/1.5 MBProgress (4): 19 kB | 15 kB | 40/375 kB | 0/1.5 MBProgress (4): 19 kB | 15 kB | 45/375 kB | 0/1.5 MBProgress (4): 19 kB | 15 kB | 49/375 kB | 0/1.5 MBProgress (4): 19 kB | 15 kB | 49/375 kB | 0.1/1.5 MBProgress (4): 19 kB | 15 kB | 49/375 kB | 0.1/1.5 MBProgress (4): 19 kB | 15 kB | 53/375 kB | 0.1/1.5 MBProgress (4): 19 kB | 15 kB | 57/375 kB | 0.1/1.5 MBProgress (4): 19 kB | 15 kB | 61/375 kB | 0.1/1.5 MBProgress (4): 19 kB | 15 kB | 61/375 kB | 0.1/1.5 MBProgress (4): 19 kB | 15 kB | 65/375 kB | 0.1/1.5 MBProgress (4): 19 kB | 15 kB | 65/375 kB | 0.1/1.5 MBProgress (4): 19 kB | 15 kB | 69/375 kB | 0.1/1.5 MBProgress (4): 19 kB | 15 kB | 69/375 kB | 0.1/1.5 MBProgress (4): 19 kB | 15 kB | 73/375 kB | 0.1/1.5 MBProgress (4): 19 kB | 15 kB | 73/375 kB | 0.1/1.5 MBProgress (4): 19 kB | 15 kB | 77/375 kB | 0.1/1.5 MBProgress (4): 19 kB | 15 kB | 81/375 kB | 0.1/1.5 MBProgress (4): 19 kB | 15 kB | 81/375 kB | 0.1/1.5 MBProgress (4): 19 kB | 15 kB | 81/375 kB | 0.1/1.5 MBProgress (4): 19 kB | 15 kB | 85/375 kB | 0.1/1.5 MBProgress (4): 19 kB | 15 kB | 90/375 kB | 0.1/1.5 MBProgress (4): 19 kB | 15 kB | 94/375 kB | 0.1/1.5 MBProgress (4): 19 kB | 15 kB | 98/375 kB | 0.1/1.5 MBProgress (4): 19 kB | 15 kB | 98/375 kB | 0.1/1.5 MBProgress (4): 19 kB | 15 kB | 98/375 kB | 0.1/1.5 MBProgress (4): 19 kB | 15 kB | 102/375 kB | 0.1/1.5 MBProgress (4): 19 kB | 15 kB | 106/375 kB | 0.1/1.5 MBProgress (4): 19 kB | 15 kB | 106/375 kB | 0.1/1.5 MBProgress (4): 19 kB | 15 kB | 110/375 kB | 0.1/1.5 MBProgress (4): 19 kB | 15 kB | 110/375 kB | 0.1/1.5 MBProgress (4): 19 kB | 15 kB | 114/375 kB | 0.1/1.5 MBProgress (4): 19 kB | 15 kB | 114/375 kB | 0.2/1.5 MBProgress (4): 19 kB | 15 kB | 118/375 kB | 0.2/1.5 MBProgress (4): 19 kB | 15 kB | 118/375 kB | 0.2/1.5 MBProgress (4): 19 kB | 15 kB | 122/375 kB | 0.2/1.5 MBProgress (4): 19 kB | 15 kB | 126/375 kB | 0.2/1.5 MBProgress (4): 19 kB | 15 kB | 131/375 kB | 0.2/1.5 MBProgress (4): 19 kB | 15 kB | 131/375 kB | 0.2/1.5 MBProgress (4): 19 kB | 15 kB | 131/375 kB | 0.2/1.5 MBProgress (4): 19 kB | 15 kB | 135/375 kB | 0.2/1.5 MBProgress (4): 19 kB | 15 kB | 139/375 kB | 0.2/1.5 MBProgress (4): 19 kB | 15 kB | 143/375 kB | 0.2/1.5 MBProgress (4): 19 kB | 15 kB | 143/375 kB | 0.2/1.5 MBProgress (4): 19 kB | 15 kB | 147/375 kB | 0.2/1.5 MBProgress (4): 19 kB | 15 kB | 147/375 kB | 0.2/1.5 MBProgress (4): 19 kB | 15 kB | 151/375 kB | 0.2/1.5 MBProgress (4): 19 kB | 15 kB | 151/375 kB | 0.2/1.5 MBProgress (4): 19 kB | 15 kB | 155/375 kB | 0.2/1.5 MBProgress (4): 19 kB | 15 kB | 155/375 kB | 0.2/1.5 MBProgress (4): 19 kB | 15 kB | 159/375 kB | 0.2/1.5 MBProgress (4): 19 kB | 15 kB | 163/375 kB | 0.2/1.5 MBProgress (4): 19 kB | 15 kB | 163/375 kB | 0.2/1.5 MBProgress (4): 19 kB | 15 kB | 163/375 kB | 0.2/1.5 MBProgress (4): 19 kB | 15 kB | 167/375 kB | 0.2/1.5 MBProgress (4): 19 kB | 15 kB | 171/375 kB | 0.2/1.5 MBProgress (4): 19 kB | 15 kB | 176/375 kB | 0.2/1.5 MBProgress (4): 19 kB | 15 kB | 180/375 kB | 0.2/1.5 MBProgress (4): 19 kB | 15 kB | 180/375 kB | 0.2/1.5 MBProgress (4): 19 kB | 15 kB | 180/375 kB | 0.2/1.5 MBProgress (4): 19 kB | 15 kB | 184/375 kB | 0.2/1.5 MBProgress (4): 19 kB | 15 kB | 188/375 kB | 0.2/1.5 MBProgress (4): 19 kB | 15 kB | 188/375 kB | 0.3/1.5 MBProgress (4): 19 kB | 15 kB | 192/375 kB | 0.3/1.5 MBProgress (4): 19 kB | 15 kB | 192/375 kB | 0.3/1.5 MBProgress (4): 19 kB | 15 kB | 196/375 kB | 0.3/1.5 MBProgress (4): 19 kB | 15 kB | 196/375 kB | 0.3/1.5 MBProgress (4): 19 kB | 15 kB | 200/375 kB | 0.3/1.5 MBProgress (4): 19 kB | 15 kB | 200/375 kB | 0.3/1.5 MBProgress (4): 19 kB | 15 kB | 204/375 kB | 0.3/1.5 MBProgress (4): 19 kB | 15 kB | 208/375 kB | 0.3/1.5 MBProgress (4): 19 kB | 15 kB | 212/375 kB | 0.3/1.5 MBProgress (4): 19 kB | 15 kB | 212/375 kB | 0.3/1.5 MBProgress (4): 19 kB | 15 kB | 212/375 kB | 0.3/1.5 MBProgress (4): 19 kB | 15 kB | 217/375 kB | 0.3/1.5 MBProgress (4): 19 kB | 15 kB | 221/375 kB | 0.3/1.5 MBProgress (4): 19 kB | 15 kB | 225/375 kB | 0.3/1.5 MBProgress (4): 19 kB | 15 kB | 225/375 kB | 0.3/1.5 MBProgress (4): 19 kB | 15 kB | 229/375 kB | 0.3/1.5 MBProgress (4): 19 kB | 15 kB | 229/375 kB | 0.3/1.5 MBProgress (4): 19 kB | 15 kB | 233/375 kB | 0.3/1.5 MBProgress (4): 19 kB | 15 kB | 233/375 kB | 0.3/1.5 MBProgress (4): 19 kB | 15 kB | 237/375 kB | 0.3/1.5 MBProgress (4): 19 kB | 15 kB | 237/375 kB | 0.3/1.5 MBProgress (4): 19 kB | 15 kB | 241/375 kB | 0.3/1.5 MBProgress (4): 19 kB | 15 kB | 245/375 kB | 0.3/1.5 MBProgress (4): 19 kB | 15 kB | 245/375 kB | 0.3/1.5 MBProgress (4): 19 kB | 15 kB | 245/375 kB | 0.3/1.5 MBProgress (4): 19 kB | 15 kB | 249/375 kB | 0.3/1.5 MBProgress (4): 19 kB | 15 kB | 253/375 kB | 0.3/1.5 MBProgress (4): 19 kB | 15 kB | 258/375 kB | 0.3/1.5 MBProgress (4): 19 kB | 15 kB | 258/375 kB | 0.4/1.5 MBProgress (4): 19 kB | 15 kB | 262/375 kB | 0.4/1.5 MBProgress (4): 19 kB | 15 kB | 262/375 kB | 0.4/1.5 MBProgress (4): 19 kB | 15 kB | 266/375 kB | 0.4/1.5 MBProgress (4): 19 kB | 15 kB | 266/375 kB | 0.4/1.5 MBProgress (4): 19 kB | 15 kB | 270/375 kB | 0.4/1.5 MBProgress (4): 19 kB | 15 kB | 270/375 kB | 0.4/1.5 MBProgress (4): 19 kB | 15 kB | 274/375 kB | 0.4/1.5 MBProgress (4): 19 kB | 15 kB | 278/375 kB | 0.4/1.5 MBProgress (4): 19 kB | 15 kB | 278/375 kB | 0.4/1.5 MBProgress (4): 19 kB | 15 kB | 278/375 kB | 0.4/1.5 MBProgress (4): 19 kB | 15 kB | 282/375 kB | 0.4/1.5 MBProgress (4): 19 kB | 15 kB | 286/375 kB | 0.4/1.5 MBProgress (4): 19 kB | 15 kB | 290/375 kB | 0.4/1.5 MBProgress (4): 19 kB | 15 kB | 294/375 kB | 0.4/1.5 MBProgress (4): 19 kB | 15 kB | 294/375 kB | 0.4/1.5 MBProgress (4): 19 kB | 15 kB | 294/375 kB | 0.4/1.5 MBProgress (4): 19 kB | 15 kB | 298/375 kB | 0.4/1.5 MBProgress (4): 19 kB | 15 kB | 303/375 kB | 0.4/1.5 MBProgress (4): 19 kB | 15 kB | 303/375 kB | 0.4/1.5 MBProgress (4): 19 kB | 15 kB | 307/375 kB | 0.4/1.5 MBProgress (4): 19 kB | 15 kB | 307/375 kB | 0.4/1.5 MBProgress (4): 19 kB | 15 kB | 311/375 kB | 0.4/1.5 MBProgress (4): 19 kB | 15 kB | 311/375 kB | 0.4/1.5 MBProgress (4): 19 kB | 15 kB | 315/375 kB | 0.4/1.5 MBProgress (4): 19 kB | 15 kB | 315/375 kB | 0.4/1.5 MBProgress (4): 19 kB | 15 kB | 319/375 kB | 0.4/1.5 MBProgress (4): 19 kB | 15 kB | 323/375 kB | 0.4/1.5 MBProgress (4): 19 kB | 15 kB | 327/375 kB | 0.4/1.5 MBProgress (4): 19 kB | 15 kB | 327/375 kB | 0.5/1.5 MBProgress (4): 19 kB | 15 kB | 327/375 kB | 0.5/1.5 MBProgress (4): 19 kB | 15 kB | 331/375 kB | 0.5/1.5 MBProgress (4): 19 kB | 15 kB | 335/375 kB | 0.5/1.5 MBProgress (4): 19 kB | 15 kB | 335/375 kB | 0.5/1.5 MBProgress (4): 19 kB | 15 kB | 339/375 kB | 0.5/1.5 MBProgress (4): 19 kB | 15 kB | 339/375 kB | 0.5/1.5 MBProgress (4): 19 kB | 15 kB | 344/375 kB | 0.5/1.5 MBProgress (4): 19 kB | 15 kB | 344/375 kB | 0.5/1.5 MBProgress (4): 19 kB | 15 kB | 348/375 kB | 0.5/1.5 MBProgress (4): 19 kB | 15 kB | 348/375 kB | 0.5/1.5 MBProgress (4): 19 kB | 15 kB | 352/375 kB | 0.5/1.5 MBProgress (4): 19 kB | 15 kB | 356/375 kB | 0.5/1.5 MBProgress (4): 19 kB | 15 kB | 360/375 kB | 0.5/1.5 MBProgress (4): 19 kB | 15 kB | 360/375 kB | 0.5/1.5 MBProgress (4): 19 kB | 15 kB | 360/375 kB | 0.5/1.5 MBProgress (4): 19 kB | 15 kB | 364/375 kB | 0.5/1.5 MBProgress (4): 19 kB | 15 kB | 368/375 kB | 0.5/1.5 MBProgress (4): 19 kB | 15 kB | 372/375 kB | 0.5/1.5 MBProgress (4): 19 kB | 15 kB | 372/375 kB | 0.5/1.5 MBProgress (4): 19 kB | 15 kB | 375 kB | 0.5/1.5 MB    Progress (4): 19 kB | 15 kB | 375 kB | 0.5/1.5 MBProgress (4): 19 kB | 15 kB | 375 kB | 0.5/1.5 MBProgress (4): 19 kB | 15 kB | 375 kB | 0.5/1.5 MBProgress (4): 19 kB | 15 kB | 375 kB | 0.5/1.5 MBProgress (4): 19 kB | 15 kB | 375 kB | 0.6/1.5 MBProgress (4): 19 kB | 15 kB | 375 kB | 0.6/1.5 MBProgress (4): 19 kB | 15 kB | 375 kB | 0.6/1.5 MBProgress (4): 19 kB | 15 kB | 375 kB | 0.6/1.5 MBProgress (4): 19 kB | 15 kB | 375 kB | 0.6/1.5 MBProgress (4): 19 kB | 15 kB | 375 kB | 0.6/1.5 MBProgress (4): 19 kB | 15 kB | 375 kB | 0.6/1.5 MBProgress (4): 19 kB | 15 kB | 375 kB | 0.6/1.5 MBProgress (4): 19 kB | 15 kB | 375 kB | 0.6/1.5 MBProgress (4): 19 kB | 15 kB | 375 kB | 0.6/1.5 MBProgress (4): 19 kB | 15 kB | 375 kB | 0.6/1.5 MBProgress (4): 19 kB | 15 kB | 375 kB | 0.6/1.5 MBProgress (4): 19 kB | 15 kB | 375 kB | 0.7/1.5 MB                                                 Downloaded from central: https://repo.maven.apache.org/maven2/com/fasterxml/jackson/core/jackson-core/2.13.1/jackson-core-2.13.1.jar (375 kB at 1.4 MB/s)
Downloading from central: https://repo.maven.apache.org/maven2/com/fasterxml/jackson/core/jackson-annotations/2.13.1/jackson-annotations-2.13.1.jar
Downloaded from central: https://repo.maven.apache.org/maven2/org/codehaus/modello/modello-plugin-dom4j/2.0.0/modello-plugin-dom4j-2.0.0.jar (19 kB at 71 kB/s)
Progress (2): 15 kB | 0.7/1.5 MB                                Downloading from central: https://repo.maven.apache.org/maven2/org/codehaus/modello/modello-plugin-java/2.0.0/modello-plugin-java-2.0.0.jar
Progress (2): 15 kB | 0.7/1.5 MBProgress (2): 15 kB | 0.7/1.5 MBProgress (2): 15 kB | 0.7/1.5 MBProgress (2): 15 kB | 0.7/1.5 MBProgress (2): 15 kB | 0.7/1.5 MBProgress (2): 15 kB | 0.7/1.5 MBProgress (2): 15 kB | 0.7/1.5 MBProgress (2): 15 kB | 0.7/1.5 MBProgress (2): 15 kB | 0.7/1.5 MBProgress (2): 15 kB | 0.7/1.5 MBProgress (2): 15 kB | 0.8/1.5 MBProgress (2): 15 kB | 0.8/1.5 MBProgress (2): 15 kB | 0.8/1.5 MBProgress (3): 15 kB | 0.8/1.5 MB | 4.1/76 kBProgress (3): 15 kB | 0.8/1.5 MB | 4.1/76 kBProgress (3): 15 kB | 0.8/1.5 MB | 8.2/76 kBProgress (3): 15 kB | 0.8/1.5 MB | 8.2/76 kBProgress (3): 15 kB | 0.8/1.5 MB | 12/76 kB Progress (3): 15 kB | 0.8/1.5 MB | 16/76 kBProgress (3): 15 kB | 0.8/1.5 MB | 16/76 kBProgress (3): 15 kB | 0.8/1.5 MB | 16/76 kBProgress (3): 15 kB | 0.8/1.5 MB | 20/76 kBProgress (3): 15 kB | 0.8/1.5 MB | 20/76 kBProgress (3): 15 kB | 0.8/1.5 MB | 24/76 kBProgress (3): 15 kB | 0.8/1.5 MB | 24/76 kBProgress (3): 15 kB | 0.8/1.5 MB | 28/76 kBProgress (3): 15 kB | 0.8/1.5 MB | 32/76 kBProgress (3): 15 kB | 0.8/1.5 MB | 32/76 kBProgress (3): 15 kB | 0.8/1.5 MB | 32/76 kBProgress (3): 15 kB | 0.8/1.5 MB | 36/76 kBProgress (3): 15 kB | 0.8/1.5 MB | 40/76 kBProgress (3): 15 kB | 0.8/1.5 MB | 45/76 kBProgress (3): 15 kB | 0.8/1.5 MB | 45/76 kBProgress (3): 15 kB | 0.8/1.5 MB | 49/76 kBProgress (3): 15 kB | 0.9/1.5 MB | 49/76 kBProgress (3): 15 kB | 0.9/1.5 MB | 49/76 kBProgress (3): 15 kB | 0.9/1.5 MB | 53/76 kBProgress (3): 15 kB | 0.9/1.5 MB | 53/76 kBProgress (3): 15 kB | 0.9/1.5 MB | 57/76 kBProgress (3): 15 kB | 0.9/1.5 MB | 61/76 kBProgress (3): 15 kB | 0.9/1.5 MB | 65/76 kBProgress (3): 15 kB | 0.9/1.5 MB | 65/76 kBProgress (3): 15 kB | 0.9/1.5 MB | 65/76 kBProgress (3): 15 kB | 0.9/1.5 MB | 69/76 kBProgress (3): 15 kB | 0.9/1.5 MB | 73/76 kBProgress (3): 15 kB | 0.9/1.5 MB | 76 kB   Progress (3): 15 kB | 0.9/1.5 MB | 76 kBProgress (3): 15 kB | 0.9/1.5 MB | 76 kBProgress (3): 15 kB | 0.9/1.5 MB | 76 kBProgress (3): 15 kB | 0.9/1.5 MB | 76 kBProgress (3): 15 kB | 0.9/1.5 MB | 76 kBProgress (3): 15 kB | 0.9/1.5 MB | 76 kBProgress (3): 15 kB | 0.9/1.5 MB | 76 kBProgress (3): 15 kB | 0.9/1.5 MB | 76 kBProgress (3): 15 kB | 1.0/1.5 MB | 76 kBProgress (3): 15 kB | 1.0/1.5 MB | 76 kBProgress (3): 15 kB | 1.0/1.5 MB | 76 kBProgress (3): 15 kB | 1.0/1.5 MB | 76 kBProgress (3): 15 kB | 1.0/1.5 MB | 76 kBProgress (3): 15 kB | 1.0/1.5 MB | 76 kBProgress (3): 15 kB | 1.0/1.5 MB | 76 kB                                        Downloaded from central: https://repo.maven.apache.org/maven2/com/fasterxml/jackson/core/jackson-annotations/2.13.1/jackson-annotations-2.13.1.jar (76 kB at 268 kB/s)
Progress (2): 15 kB | 1.0/1.5 MB                                Downloading from central: https://repo.maven.apache.org/maven2/org/codehaus/modello/modello-plugin-jdom/2.0.0/modello-plugin-jdom-2.0.0.jar
Progress (2): 15 kB | 1.0/1.5 MBProgress (2): 15 kB | 1.0/1.5 MBProgress (2): 15 kB | 1.0/1.5 MBProgress (2): 15 kB | 1.0/1.5 MB                                Downloaded from central: https://repo.maven.apache.org/maven2/org/codehaus/modello/modello-plugin-xml/2.0.0/modello-plugin-xml-2.0.0.jar (15 kB at 53 kB/s)
Progress (1): 1.1/1.5 MB                        Downloading from central: https://repo.maven.apache.org/maven2/org/codehaus/modello/modello-plugin-jsonschema/2.0.0/modello-plugin-jsonschema-2.0.0.jar
Progress (2): 1.1/1.5 MB | 4.1/20 kBProgress (2): 1.1/1.5 MB | 4.1/20 kBProgress (2): 1.1/1.5 MB | 8.2/20 kBProgress (2): 1.1/1.5 MB | 8.2/20 kBProgress (2): 1.1/1.5 MB | 12/20 kB Progress (2): 1.1/1.5 MB | 12/20 kBProgress (2): 1.1/1.5 MB | 16/20 kBProgress (2): 1.1/1.5 MB | 16/20 kBProgress (2): 1.1/1.5 MB | 16/20 kBProgress (2): 1.1/1.5 MB | 20 kB   Progress (2): 1.1/1.5 MB | 20 kBProgress (2): 1.1/1.5 MB | 20 kBProgress (2): 1.1/1.5 MB | 20 kBProgress (2): 1.1/1.5 MB | 20 kBProgress (2): 1.1/1.5 MB | 20 kBProgress (2): 1.1/1.5 MB | 20 kBProgress (2): 1.2/1.5 MB | 20 kBProgress (2): 1.2/1.5 MB | 20 kBProgress (2): 1.2/1.5 MB | 20 kBProgress (2): 1.2/1.5 MB | 20 kBProgress (2): 1.2/1.5 MB | 20 kBProgress (2): 1.2/1.5 MB | 20 kBProgress (2): 1.2/1.5 MB | 20 kBProgress (2): 1.2/1.5 MB | 20 kBProgress (2): 1.2/1.5 MB | 20 kBProgress (2): 1.2/1.5 MB | 20 kBProgress (2): 1.2/1.5 MB | 20 kBProgress (2): 1.2/1.5 MB | 20 kBProgress (2): 1.3/1.5 MB | 20 kBProgress (2): 1.3/1.5 MB | 20 kBProgress (2): 1.3/1.5 MB | 20 kBProgress (2): 1.3/1.5 MB | 20 kBProgress (2): 1.3/1.5 MB | 20 kBProgress (2): 1.3/1.5 MB | 20 kBProgress (2): 1.3/1.5 MB | 20 kBProgress (2): 1.3/1.5 MB | 20 kBProgress (2): 1.3/1.5 MB | 20 kBProgress (2): 1.3/1.5 MB | 20 kBProgress (2): 1.3/1.5 MB | 20 kBProgress (2): 1.3/1.5 MB | 20 kBProgress (2): 1.4/1.5 MB | 20 kBProgress (2): 1.4/1.5 MB | 20 kBProgress (2): 1.4/1.5 MB | 20 kBProgress (2): 1.4/1.5 MB | 20 kBProgress (2): 1.4/1.5 MB | 20 kBProgress (2): 1.4/1.5 MB | 20 kBProgress (2): 1.4/1.5 MB | 20 kBProgress (2): 1.4/1.5 MB | 20 kBProgress (2): 1.4/1.5 MB | 20 kBProgress (2): 1.4/1.5 MB | 20 kBProgress (2): 1.4/1.5 MB | 20 kBProgress (2): 1.4/1.5 MB | 20 kBProgress (2): 1.4/1.5 MB | 20 kBProgress (2): 1.5/1.5 MB | 20 kBProgress (2): 1.5/1.5 MB | 20 kBProgress (2): 1.5/1.5 MB | 20 kBProgress (2): 1.5/1.5 MB | 20 kBProgress (2): 1.5/1.5 MB | 20 kBProgress (2): 1.5/1.5 MB | 20 kBProgress (2): 1.5/1.5 MB | 20 kBProgress (2): 1.5/1.5 MB | 20 kBProgress (2): 1.5/1.5 MB | 20 kBProgress (2): 1.5/1.5 MB | 20 kBProgress (2): 1.5 MB | 20 kB                                Downloaded from central: https://repo.maven.apache.org/maven2/com/fasterxml/jackson/core/jackson-databind/2.13.1/jackson-databind-2.13.1.jar (1.5 MB at 4.9 MB/s)
Downloading from central: https://repo.maven.apache.org/maven2/org/codehaus/modello/modello-plugin-sax/2.0.0/modello-plugin-sax-2.0.0.jar
Progress (2): 20 kB | 4.1/94 kBProgress (2): 20 kB | 8.2/94 kBProgress (2): 20 kB | 12/94 kB Progress (2): 20 kB | 16/94 kBProgress (2): 20 kB | 20/94 kBProgress (2): 20 kB | 24/94 kBProgress (2): 20 kB | 28/94 kBProgress (2): 20 kB | 32/94 kBProgress (2): 20 kB | 36/94 kBProgress (2): 20 kB | 40/94 kBProgress (2): 20 kB | 45/94 kBProgress (2): 20 kB | 49/94 kBProgress (2): 20 kB | 53/94 kBProgress (2): 20 kB | 57/94 kBProgress (2): 20 kB | 61/94 kBProgress (2): 20 kB | 65/94 kBProgress (2): 20 kB | 69/94 kBProgress (2): 20 kB | 73/94 kBProgress (2): 20 kB | 77/94 kBProgress (2): 20 kB | 81/94 kBProgress (2): 20 kB | 85/94 kBProgress (2): 20 kB | 90/94 kBProgress (2): 20 kB | 94/94 kBProgress (2): 20 kB | 94 kB                              Downloaded from central: https://repo.maven.apache.org/maven2/org/codehaus/modello/modello-plugin-jackson/2.0.0/modello-plugin-jackson-2.0.0.jar (20 kB at 56 kB/s)
Progress (2): 94 kB | 4.1/14 kBProgress (3): 94 kB | 4.1/14 kB | 4.1/7.0 kBProgress (3): 94 kB | 8.2/14 kB | 4.1/7.0 kB                                            Downloading from central: https://repo.maven.apache.org/maven2/org/codehaus/modello/modello-plugin-snakeyaml/2.0.0/modello-plugin-snakeyaml-2.0.0.jar
Progress (3): 94 kB | 12/14 kB | 4.1/7.0 kBProgress (3): 94 kB | 12/14 kB | 7.0 kB    Progress (3): 94 kB | 14 kB | 7.0 kB   Progress (4): 94 kB | 14 kB | 7.0 kB | 4.1/11 kBProgress (4): 94 kB | 14 kB | 7.0 kB | 8.2/11 kBProgress (4): 94 kB | 14 kB | 7.0 kB | 11 kB                                                Downloaded from central: https://repo.maven.apache.org/maven2/org/codehaus/modello/modello-plugin-java/2.0.0/modello-plugin-java-2.0.0.jar (94 kB at 223 kB/s)
Downloading from central: https://repo.maven.apache.org/maven2/org/yaml/snakeyaml/1.30/snakeyaml-1.30.jar
Progress (4): 14 kB | 7.0 kB | 11 kB | 4.1/22 kB                                                Downloaded from central: https://repo.maven.apache.org/maven2/org/codehaus/modello/modello-plugin-jsonschema/2.0.0/modello-plugin-jsonschema-2.0.0.jar (7.0 kB at 16 kB/s)
Progress (3): 14 kB | 11 kB | 8.2/22 kB                                       Downloading from central: https://repo.maven.apache.org/maven2/org/codehaus/modello/modello-plugin-stax/2.0.0/modello-plugin-stax-2.0.0.jar
Progress (3): 14 kB | 11 kB | 12/22 kB                                      Downloaded from central: https://repo.maven.apache.org/maven2/org/codehaus/modello/modello-plugin-jdom/2.0.0/modello-plugin-jdom-2.0.0.jar (14 kB at 33 kB/s)
Progress (2): 11 kB | 16/22 kB                              Downloading from central: https://repo.maven.apache.org/maven2/org/codehaus/modello/modello-plugin-xdoc/2.0.0/modello-plugin-xdoc-2.0.0.jar
Progress (2): 11 kB | 20/22 kBProgress (3): 11 kB | 20/22 kB | 4.1/332 kBProgress (3): 11 kB | 22 kB | 4.1/332 kB   Progress (3): 11 kB | 22 kB | 8.2/332 kBProgress (3): 11 kB | 22 kB | 12/332 kB Progress (3): 11 kB | 22 kB | 16/332 kBProgress (3): 11 kB | 22 kB | 20/332 kBProgress (3): 11 kB | 22 kB | 24/332 kBProgress (3): 11 kB | 22 kB | 28/332 kBProgress (3): 11 kB | 22 kB | 32/332 kBProgress (3): 11 kB | 22 kB | 36/332 kBProgress (3): 11 kB | 22 kB | 40/332 kBProgress (3): 11 kB | 22 kB | 45/332 kBProgress (3): 11 kB | 22 kB | 49/332 kBProgress (3): 11 kB | 22 kB | 53/332 kBProgress (3): 11 kB | 22 kB | 57/332 kBProgress (3): 11 kB | 22 kB | 61/332 kBProgress (3): 11 kB | 22 kB | 65/332 kBProgress (3): 11 kB | 22 kB | 69/332 kBProgress (3): 11 kB | 22 kB | 73/332 kBProgress (3): 11 kB | 22 kB | 77/332 kBProgress (3): 11 kB | 22 kB | 81/332 kBProgress (3): 11 kB | 22 kB | 85/332 kBProgress (3): 11 kB | 22 kB | 90/332 kBProgress (3): 11 kB | 22 kB | 94/332 kBProgress (3): 11 kB | 22 kB | 98/332 kBProgress (3): 11 kB | 22 kB | 102/332 kBProgress (3): 11 kB | 22 kB | 106/332 kBProgress (3): 11 kB | 22 kB | 110/332 kBProgress (3): 11 kB | 22 kB | 114/332 kB                                        Downloaded from central: https://repo.maven.apache.org/maven2/org/codehaus/modello/modello-plugin-sax/2.0.0/modello-plugin-sax-2.0.0.jar (11 kB at 24 kB/s)
Progress (2): 22 kB | 118/332 kB                                Downloading from central: https://repo.maven.apache.org/maven2/org/jsoup/jsoup/1.14.3/jsoup-1.14.3.jar
Progress (2): 22 kB | 122/332 kBProgress (2): 22 kB | 126/332 kBProgress (2): 22 kB | 131/332 kBProgress (2): 22 kB | 135/332 kBProgress (2): 22 kB | 139/332 kBProgress (2): 22 kB | 143/332 kBProgress (2): 22 kB | 147/332 kBProgress (2): 22 kB | 151/332 kBProgress (2): 22 kB | 155/332 kBProgress (2): 22 kB | 159/332 kBProgress (2): 22 kB | 163/332 kBProgress (2): 22 kB | 167/332 kBProgress (2): 22 kB | 171/332 kBProgress (2): 22 kB | 176/332 kBProgress (2): 22 kB | 180/332 kBProgress (2): 22 kB | 184/332 kBProgress (2): 22 kB | 188/332 kBProgress (2): 22 kB | 192/332 kBProgress (2): 22 kB | 196/332 kBProgress (2): 22 kB | 200/332 kBProgress (2): 22 kB | 204/332 kBProgress (2): 22 kB | 208/332 kBProgress (2): 22 kB | 212/332 kBProgress (3): 22 kB | 212/332 kB | 4.1/423 kBProgress (3): 22 kB | 217/332 kB | 4.1/423 kBProgress (3): 22 kB | 217/332 kB | 8.2/423 kBProgress (3): 22 kB | 221/332 kB | 8.2/423 kBProgress (3): 22 kB | 221/332 kB | 12/423 kB Progress (3): 22 kB | 225/332 kB | 12/423 kBProgress (3): 22 kB | 225/332 kB | 16/423 kBProgress (3): 22 kB | 229/332 kB | 16/423 kBProgress (3): 22 kB | 233/332 kB | 16/423 kBProgress (3): 22 kB | 237/332 kB | 16/423 kBProgress (3): 22 kB | 241/332 kB | 16/423 kBProgress (3): 22 kB | 241/332 kB | 20/423 kBProgress (3): 22 kB | 245/332 kB | 20/423 kBProgress (3): 22 kB | 245/332 kB | 24/423 kBProgress (3): 22 kB | 245/332 kB | 28/423 kBProgress (3): 22 kB | 245/332 kB | 32/423 kBProgress (3): 22 kB | 249/332 kB | 32/423 kBProgress (3): 22 kB | 253/332 kB | 32/423 kBProgress (3): 22 kB | 258/332 kB | 32/423 kBProgress (3): 22 kB | 262/332 kB | 32/423 kBProgress (3): 22 kB | 262/332 kB | 36/423 kBProgress (3): 22 kB | 266/332 kB | 36/423 kBProgress (3): 22 kB | 266/332 kB | 40/423 kBProgress (3): 22 kB | 270/332 kB | 40/423 kBProgress (3): 22 kB | 270/332 kB | 45/423 kBProgress (3): 22 kB | 274/332 kB | 45/423 kBProgress (3): 22 kB | 274/332 kB | 49/423 kBProgress (3): 22 kB | 278/332 kB | 49/423 kBProgress (3): 22 kB | 282/332 kB | 49/423 kBProgress (3): 22 kB | 286/332 kB | 49/423 kBProgress (3): 22 kB | 286/332 kB | 53/423 kBProgress (3): 22 kB | 290/332 kB | 53/423 kBProgress (3): 22 kB | 290/332 kB | 57/423 kBProgress (3): 22 kB | 294/332 kB | 57/423 kBProgress (3): 22 kB | 294/332 kB | 61/423 kBProgress (3): 22 kB | 294/332 kB | 65/423 kBProgress (3): 22 kB | 298/332 kB | 65/423 kBProgress (3): 22 kB | 303/332 kB | 65/423 kBProgress (3): 22 kB | 307/332 kB | 65/423 kBProgress (3): 22 kB | 311/332 kB | 65/423 kBProgress (3): 22 kB | 311/332 kB | 69/423 kBProgress (3): 22 kB | 311/332 kB | 73/423 kBProgress (3): 22 kB | 311/332 kB | 77/423 kBProgress (3): 22 kB | 315/332 kB | 77/423 kBProgress (3): 22 kB | 315/332 kB | 81/423 kBProgress (3): 22 kB | 319/332 kB | 81/423 kBProgress (3): 22 kB | 323/332 kB | 81/423 kBProgress (3): 22 kB | 327/332 kB | 81/423 kBProgress (3): 22 kB | 331/332 kB | 81/423 kBProgress (3): 22 kB | 332 kB | 81/423 kB    Progress (3): 22 kB | 332 kB | 85/423 kBProgress (3): 22 kB | 332 kB | 90/423 kBProgress (3): 22 kB | 332 kB | 94/423 kBProgress (3): 22 kB | 332 kB | 98/423 kBProgress (3): 22 kB | 332 kB | 102/423 kBProgress (3): 22 kB | 332 kB | 106/423 kBProgress (3): 22 kB | 332 kB | 110/423 kBProgress (3): 22 kB | 332 kB | 114/423 kBProgress (3): 22 kB | 332 kB | 118/423 kBProgress (3): 22 kB | 332 kB | 122/423 kBProgress (3): 22 kB | 332 kB | 126/423 kBProgress (3): 22 kB | 332 kB | 131/423 kB                                         Downloaded from central: https://repo.maven.apache.org/maven2/org/yaml/snakeyaml/1.30/snakeyaml-1.30.jar (332 kB at 695 kB/s)
Downloading from central: https://repo.maven.apache.org/maven2/org/codehaus/modello/modello-plugin-xpp3/2.0.0/modello-plugin-xpp3-2.0.0.jar
Progress (2): 22 kB | 135/423 kBProgress (2): 22 kB | 139/423 kBProgress (2): 22 kB | 143/423 kBProgress (2): 22 kB | 147/423 kBProgress (2): 22 kB | 151/423 kBProgress (2): 22 kB | 155/423 kBProgress (2): 22 kB | 159/423 kBProgress (2): 22 kB | 163/423 kBProgress (2): 22 kB | 167/423 kBProgress (2): 22 kB | 171/423 kBProgress (2): 22 kB | 176/423 kBProgress (2): 22 kB | 180/423 kBProgress (2): 22 kB | 184/423 kBProgress (2): 22 kB | 188/423 kBProgress (2): 22 kB | 192/423 kBProgress (2): 22 kB | 196/423 kBProgress (2): 22 kB | 200/423 kBProgress (2): 22 kB | 204/423 kBProgress (2): 22 kB | 208/423 kBProgress (2): 22 kB | 212/423 kBProgress (2): 22 kB | 217/423 kBProgress (2): 22 kB | 221/423 kBProgress (2): 22 kB | 225/423 kBProgress (2): 22 kB | 229/423 kBProgress (2): 22 kB | 233/423 kBProgress (2): 22 kB | 237/423 kBProgress (2): 22 kB | 241/423 kBProgress (2): 22 kB | 245/423 kBProgress (2): 22 kB | 249/423 kBProgress (2): 22 kB | 253/423 kBProgress (2): 22 kB | 258/423 kBProgress (2): 22 kB | 262/423 kBProgress (2): 22 kB | 266/423 kBProgress (2): 22 kB | 270/423 kBProgress (2): 22 kB | 274/423 kBProgress (2): 22 kB | 278/423 kBProgress (2): 22 kB | 282/423 kBProgress (2): 22 kB | 286/423 kBProgress (2): 22 kB | 290/423 kBProgress (2): 22 kB | 294/423 kBProgress (2): 22 kB | 298/423 kBProgress (2): 22 kB | 303/423 kBProgress (2): 22 kB | 307/423 kBProgress (2): 22 kB | 311/423 kBProgress (2): 22 kB | 315/423 kBProgress (2): 22 kB | 319/423 kBProgress (2): 22 kB | 323/423 kBProgress (2): 22 kB | 327/423 kBProgress (2): 22 kB | 331/423 kBProgress (2): 22 kB | 335/423 kBProgress (2): 22 kB | 339/423 kBProgress (2): 22 kB | 344/423 kBProgress (2): 22 kB | 348/423 kBProgress (2): 22 kB | 352/423 kBProgress (2): 22 kB | 356/423 kBProgress (2): 22 kB | 360/423 kBProgress (2): 22 kB | 364/423 kBProgress (2): 22 kB | 368/423 kBProgress (2): 22 kB | 372/423 kBProgress (2): 22 kB | 376/423 kBProgress (2): 22 kB | 380/423 kBProgress (2): 22 kB | 384/423 kBProgress (2): 22 kB | 389/423 kBProgress (2): 22 kB | 393/423 kBProgress (2): 22 kB | 397/423 kBProgress (2): 22 kB | 401/423 kBProgress (2): 22 kB | 405/423 kBProgress (2): 22 kB | 409/423 kBProgress (2): 22 kB | 413/423 kBProgress (2): 22 kB | 417/423 kBProgress (2): 22 kB | 421/423 kBProgress (2): 22 kB | 423 kB    Progress (3): 22 kB | 423 kB | 4.1/39 kBProgress (3): 22 kB | 423 kB | 8.2/39 kBProgress (3): 22 kB | 423 kB | 12/39 kB Progress (3): 22 kB | 423 kB | 16/39 kBProgress (4): 22 kB | 423 kB | 16/39 kB | 4.1/15 kBProgress (4): 22 kB | 423 kB | 16/39 kB | 8.2/15 kB                                                   Downloaded from central: https://repo.maven.apache.org/maven2/org/jsoup/jsoup/1.14.3/jsoup-1.14.3.jar (423 kB at 845 kB/s)
Progress (3): 22 kB | 16/39 kB | 12/15 kBProgress (3): 22 kB | 20/39 kB | 12/15 kB                                         Downloading from central: https://repo.maven.apache.org/maven2/org/codehaus/modello/modello-plugin-xsd/2.0.0/modello-plugin-xsd-2.0.0.jar
Progress (3): 22 kB | 24/39 kB | 12/15 kBProgress (3): 22 kB | 24/39 kB | 15 kB   Progress (3): 22 kB | 28/39 kB | 15 kBProgress (3): 22 kB | 32/39 kB | 15 kBProgress (3): 22 kB | 36/39 kB | 15 kBProgress (3): 22 kB | 39 kB | 15 kB   Progress (4): 22 kB | 39 kB | 15 kB | 4.1/31 kBProgress (4): 22 kB | 39 kB | 15 kB | 8.2/31 kBProgress (4): 22 kB | 39 kB | 15 kB | 12/31 kB Progress (4): 22 kB | 39 kB | 15 kB | 16/31 kBProgress (4): 22 kB | 39 kB | 15 kB | 20/31 kBProgress (4): 22 kB | 39 kB | 15 kB | 24/31 kBProgress (4): 22 kB | 39 kB | 15 kB | 28/31 kBProgress (4): 22 kB | 39 kB | 15 kB | 31 kB                                              Downloaded from central: https://repo.maven.apache.org/maven2/org/codehaus/modello/modello-plugin-snakeyaml/2.0.0/modello-plugin-snakeyaml-2.0.0.jar (22 kB at 38 kB/s)
Progress (4): 39 kB | 15 kB | 31 kB | 4.1/15 kBProgress (4): 39 kB | 15 kB | 31 kB | 8.2/15 kBProgress (4): 39 kB | 15 kB | 31 kB | 12/15 kB Progress (4): 39 kB | 15 kB | 31 kB | 15 kB                                              Downloaded from central: https://repo.maven.apache.org/maven2/org/codehaus/modello/modello-plugin-xdoc/2.0.0/modello-plugin-xdoc-2.0.0.jar (15 kB at 26 kB/s)
Downloaded from central: https://repo.maven.apache.org/maven2/org/codehaus/modello/modello-plugin-stax/2.0.0/modello-plugin-stax-2.0.0.jar (39 kB at 66 kB/s)
Downloaded from central: https://repo.maven.apache.org/maven2/org/codehaus/modello/modello-plugin-xpp3/2.0.0/modello-plugin-xpp3-2.0.0.jar (31 kB at 50 kB/s)
Downloaded from central: https://repo.maven.apache.org/maven2/org/codehaus/modello/modello-plugin-xsd/2.0.0/modello-plugin-xsd-2.0.0.jar (15 kB at 23 kB/s)
[[1;34mINFO[m] 
[[1;34mINFO[m] [1m--------------< [0;36morg.apache.maven:maven-plugin-tools-ant[0;1m >---------------[m
[[1;34mINFO[m] [1mBuilding Maven Ant Plugin Tools 2.1-SNAPSHOT                     [27/31][m
[[1;34mINFO[m] [1m--------------------------------[ jar ]---------------------------------[m
Downloading from snapshots: http://snapshots.maven.codehaus.org/maven2/org/apache/maven/maven-plugin-tools-model/2.1-SNAPSHOT/maven-metadata.xml
Downloading from apache.snapshots: http://cvs.apache.org/maven-snapshot-repository/org/apache/maven/maven-plugin-tools-model/2.1-SNAPSHOT/maven-metadata.xml
[[1;33mWARNING[m] Could not transfer metadata org.apache.maven:maven-plugin-tools-model:2.1-SNAPSHOT/maven-metadata.xml from/to snapshots (http://snapshots.maven.codehaus.org/maven2): Transfer failed for http://snapshots.maven.codehaus.org/maven2/org/apache/maven/maven-plugin-tools-model/2.1-SNAPSHOT/maven-metadata.xml
[[1;33mWARNING[m] Failure to transfer org.apache.maven:maven-plugin-tools-model:2.1-SNAPSHOT/maven-metadata.xml from http://snapshots.maven.codehaus.org/maven2 was cached in the local repository, resolution will not be reattempted until the update interval of snapshots has elapsed or updates are forced. Original error: Could not transfer metadata org.apache.maven:maven-plugin-tools-model:2.1-SNAPSHOT/maven-metadata.xml from/to snapshots (http://snapshots.maven.codehaus.org/maven2): Transfer failed for http://snapshots.maven.codehaus.org/maven2/org/apache/maven/maven-plugin-tools-model/2.1-SNAPSHOT/maven-metadata.xml
Downloading from snapshots: http://snapshots.maven.codehaus.org/maven2/org/apache/maven/maven-plugin-tools-model/2.1-SNAPSHOT/maven-plugin-tools-model-2.1-SNAPSHOT.jar
Downloading from apache.snapshots: http://cvs.apache.org/maven-snapshot-repository/org/apache/maven/maven-plugin-tools-model/2.1-SNAPSHOT/maven-plugin-tools-model-2.1-SNAPSHOT.jar
[[1;34mINFO[m] 
[[1;34mINFO[m] [1m----------< [0;36morg.apache.maven.reporting:maven-reporting-impl[0;1m >-----------[m
[[1;34mINFO[m] [1mBuilding Maven Reporting 2.1-SNAPSHOT                            [28/31][m
[[1;34mINFO[m] [1m--------------------------------[ jar ]---------------------------------[m
Downloading from central: https://repo.maven.apache.org/maven2/commons-validator/commons-validator/1.1.4/commons-validator-1.1.4.pom
Progress (1): 168 B                   Downloaded from central: https://repo.maven.apache.org/maven2/commons-validator/commons-validator/1.1.4/commons-validator-1.1.4.pom (168 B at 9.3 kB/s)
Downloading from central: https://repo.maven.apache.org/maven2/commons-validator/commons-validator/1.1.4/commons-validator-1.1.4.jar
Progress (1): 4.1/84 kBProgress (1): 8.2/84 kBProgress (1): 12/84 kB Progress (1): 16/84 kBProgress (1): 20/84 kBProgress (1): 24/84 kBProgress (1): 28/84 kBProgress (1): 32/84 kBProgress (1): 36/84 kBProgress (1): 40/84 kBProgress (1): 45/84 kBProgress (1): 49/84 kBProgress (1): 53/84 kBProgress (1): 57/84 kBProgress (1): 61/84 kBProgress (1): 65/84 kBProgress (1): 69/84 kBProgress (1): 73/84 kBProgress (1): 77/84 kBProgress (1): 81/84 kBProgress (1): 84 kB                      Downloaded from central: https://repo.maven.apache.org/maven2/commons-validator/commons-validator/1.1.4/commons-validator-1.1.4.jar (84 kB at 2.6 MB/s)
[[1;34mINFO[m] 
[[1;34mINFO[m] [1m--- [0;32mmaven-resources-plugin:2.6:resources[m [1m(default-resources)[m @ [36mmaven-reporting-impl[0;1m ---[m
[[1;33mWARNING[m] Using platform encoding (UTF-8 actually) to copy filtered resources, i.e. build is platform dependent!
[[1;34mINFO[m] skip non existing resourceDirectory /home/user/Reproducibility-Scanner/benchmarks/bugs-dot-jar/maven/maven-reporting/maven-reporting-impl/src/main/resources
[[1;34mINFO[m] 
[[1;34mINFO[m] [1m--- [0;32mmaven-compiler-plugin:3.1:compile[m [1m(default-compile)[m @ [36mmaven-reporting-impl[0;1m ---[m
[[1;34mINFO[m] Changes detected - recompiling the module!
[[1;33mWARNING[m] File encoding has not been set, using platform encoding UTF-8, i.e. build is platform dependent!
[[1;34mINFO[m] Compiling 5 source files to /home/user/Reproducibility-Scanner/benchmarks/bugs-dot-jar/maven/maven-reporting/maven-reporting-impl/target/classes
[[1;33mWARNING[m] /home/user/Reproducibility-Scanner/benchmarks/bugs-dot-jar/maven/maven-reporting/maven-reporting-impl/src/main/java/org/apache/maven/reporting/AbstractMavenReport.java: /home/user/Reproducibility-Scanner/benchmarks/bugs-dot-jar/maven/maven-reporting/maven-reporting-impl/src/main/java/org/apache/maven/reporting/AbstractMavenReport.java uses or overrides a deprecated API.
[[1;33mWARNING[m] /home/user/Reproducibility-Scanner/benchmarks/bugs-dot-jar/maven/maven-reporting/maven-reporting-impl/src/main/java/org/apache/maven/reporting/AbstractMavenReport.java: Recompile with -Xlint:deprecation for details.
[[1;33mWARNING[m] /home/user/Reproducibility-Scanner/benchmarks/bugs-dot-jar/maven/maven-reporting/maven-reporting-impl/src/main/java/org/apache/maven/reporting/AbstractMavenReportRenderer.java: Some input files use unchecked or unsafe operations.
[[1;33mWARNING[m] /home/user/Reproducibility-Scanner/benchmarks/bugs-dot-jar/maven/maven-reporting/maven-reporting-impl/src/main/java/org/apache/maven/reporting/AbstractMavenReportRenderer.java: Recompile with -Xlint:unchecked for details.
[[1;34mINFO[m] 
[[1;34mINFO[m] [1m--- [0;32mmaven-resources-plugin:2.6:testResources[m [1m(default-testResources)[m @ [36mmaven-reporting-impl[0;1m ---[m
[[1;33mWARNING[m] Using platform encoding (UTF-8 actually) to copy filtered resources, i.e. build is platform dependent!
[[1;34mINFO[m] skip non existing resourceDirectory /home/user/Reproducibility-Scanner/benchmarks/bugs-dot-jar/maven/maven-reporting/maven-reporting-impl/src/test/resources
[[1;34mINFO[m] 
[[1;34mINFO[m] [1m--- [0;32mmaven-compiler-plugin:3.1:testCompile[m [1m(default-testCompile)[m @ [36mmaven-reporting-impl[0;1m ---[m
[[1;34mINFO[m] No sources to compile
[[1;34mINFO[m] 
[[1;34mINFO[m] [1m--- [0;32mmaven-surefire-plugin:2.12.4:test[m [1m(default-test)[m @ [36mmaven-reporting-impl[0;1m ---[m
[[1;34mINFO[m] Tests are skipped.
[[1;34mINFO[m] 
[[1;34mINFO[m] [1m--- [0;32mmaven-jar-plugin:2.4:jar[m [1m(default-jar)[m @ [36mmaven-reporting-impl[0;1m ---[m
[[1;34mINFO[m] Building jar: /home/user/Reproducibility-Scanner/benchmarks/bugs-dot-jar/maven/maven-reporting/maven-reporting-impl/target/maven-reporting-impl-2.1-SNAPSHOT.jar
[[1;34mINFO[m] 
[[1;34mINFO[m] [1m--- [0;32mmaven-install-plugin:2.4:install[m [1m(default-install)[m @ [36mmaven-reporting-impl[0;1m ---[m
[[1;34mINFO[m] Installing /home/user/Reproducibility-Scanner/benchmarks/bugs-dot-jar/maven/maven-reporting/maven-reporting-impl/target/maven-reporting-impl-2.1-SNAPSHOT.jar to /home/user/.m2/repository/org/apache/maven/reporting/maven-reporting-impl/2.1-SNAPSHOT/maven-reporting-impl-2.1-SNAPSHOT.jar
[[1;34mINFO[m] Installing /home/user/Reproducibility-Scanner/benchmarks/bugs-dot-jar/maven/maven-reporting/maven-reporting-impl/pom.xml to /home/user/.m2/repository/org/apache/maven/reporting/maven-reporting-impl/2.1-SNAPSHOT/maven-reporting-impl-2.1-SNAPSHOT.pom
[[1;34mINFO[m] 
[[1;34mINFO[m] [1m-------------------< [0;36morg.apache.maven:maven-script[0;1m >--------------------[m
[[1;34mINFO[m] [1mBuilding Maven Script Support Root 2.1-SNAPSHOT                  [29/31][m
[[1;34mINFO[m] [1m--------------------------------[ pom ]---------------------------------[m
[[1;34mINFO[m] 
[[1;34mINFO[m] [1m--- [0;32mmaven-install-plugin:2.4:install[m [1m(default-install)[m @ [36mmaven-script[0;1m ---[m
[[1;34mINFO[m] Installing /home/user/Reproducibility-Scanner/benchmarks/bugs-dot-jar/maven/maven-script/pom.xml to /home/user/.m2/repository/org/apache/maven/maven-script/2.1-SNAPSHOT/maven-script-2.1-SNAPSHOT.pom
[[1;34mINFO[m] 
[[1;34mINFO[m] [1m-----------------< [0;36morg.apache.maven:maven-script-ant[0;1m >------------------[m
[[1;34mINFO[m] [1mBuilding Maven Ant Mojo Support 2.1-SNAPSHOT                     [30/31][m
[[1;34mINFO[m] [1m--------------------------------[ jar ]---------------------------------[m
Downloading from central: https://repo.maven.apache.org/maven2/org/codehaus/plexus/plexus-ant-factory/1.0-alpha-1/plexus-ant-factory-1.0-alpha-1.pom
Progress (1): 1.1 kB                    Downloaded from central: https://repo.maven.apache.org/maven2/org/codehaus/plexus/plexus-ant-factory/1.0-alpha-1/plexus-ant-factory-1.0-alpha-1.pom (1.1 kB at 15 kB/s)
Downloading from central: https://repo.maven.apache.org/maven2/org/codehaus/plexus/plexus-component-factories/1.0-alpha-5/plexus-component-factories-1.0-alpha-5.pom
Progress (1): 811 B                   Downloaded from central: https://repo.maven.apache.org/maven2/org/codehaus/plexus/plexus-component-factories/1.0-alpha-5/plexus-component-factories-1.0-alpha-5.pom (811 B at 54 kB/s)
Downloading from central: https://repo.maven.apache.org/maven2/org/codehaus/plexus/plexus-ant-factory/1.0-alpha-1/plexus-ant-factory-1.0-alpha-1.jar
Progress (1): 4.1/9.8 kBProgress (1): 8.2/9.8 kBProgress (1): 9.8 kB                        Downloaded from central: https://repo.maven.apache.org/maven2/org/codehaus/plexus/plexus-ant-factory/1.0-alpha-1/plexus-ant-factory-1.0-alpha-1.jar (9.8 kB at 128 kB/s)
[[1;34mINFO[m] 
[[1;34mINFO[m] [1m--- [0;32mmaven-resources-plugin:2.6:resources[m [1m(default-resources)[m @ [36mmaven-script-ant[0;1m ---[m
[[1;33mWARNING[m] Using platform encoding (UTF-8 actually) to copy filtered resources, i.e. build is platform dependent!
[[1;34mINFO[m] Copying 1 resource
[[1;34mINFO[m] 
[[1;34mINFO[m] [1m--- [0;32mmaven-compiler-plugin:3.1:compile[m [1m(default-compile)[m @ [36mmaven-script-ant[0;1m ---[m
[[1;34mINFO[m] Changes detected - recompiling the module!
[[1;33mWARNING[m] File encoding has not been set, using platform encoding UTF-8, i.e. build is platform dependent!
[[1;34mINFO[m] Compiling 2 source files to /home/user/Reproducibility-Scanner/benchmarks/bugs-dot-jar/maven/maven-script/maven-script-ant/target/classes
[[1;34mINFO[m] 
[[1;34mINFO[m] [1m--- [0;32mmaven-resources-plugin:2.6:testResources[m [1m(default-testResources)[m @ [36mmaven-script-ant[0;1m ---[m
[[1;33mWARNING[m] Using platform encoding (UTF-8 actually) to copy filtered resources, i.e. build is platform dependent!
[[1;34mINFO[m] skip non existing resourceDirectory /home/user/Reproducibility-Scanner/benchmarks/bugs-dot-jar/maven/maven-script/maven-script-ant/src/test/resources
[[1;34mINFO[m] 
[[1;34mINFO[m] [1m--- [0;32mmaven-compiler-plugin:3.1:testCompile[m [1m(default-testCompile)[m @ [36mmaven-script-ant[0;1m ---[m
[[1;34mINFO[m] No sources to compile
[[1;34mINFO[m] 
[[1;34mINFO[m] [1m--- [0;32mmaven-surefire-plugin:2.12.4:test[m [1m(default-test)[m @ [36mmaven-script-ant[0;1m ---[m
[[1;34mINFO[m] Tests are skipped.
[[1;34mINFO[m] 
[[1;34mINFO[m] [1m--- [0;32mmaven-jar-plugin:2.4:jar[m [1m(default-jar)[m @ [36mmaven-script-ant[0;1m ---[m
[[1;34mINFO[m] Building jar: /home/user/Reproducibility-Scanner/benchmarks/bugs-dot-jar/maven/maven-script/maven-script-ant/target/maven-script-ant-2.1-SNAPSHOT.jar
[[1;34mINFO[m] 
[[1;34mINFO[m] [1m--- [0;32mmaven-install-plugin:2.4:install[m [1m(default-install)[m @ [36mmaven-script-ant[0;1m ---[m
[[1;34mINFO[m] Installing /home/user/Reproducibility-Scanner/benchmarks/bugs-dot-jar/maven/maven-script/maven-script-ant/target/maven-script-ant-2.1-SNAPSHOT.jar to /home/user/.m2/repository/org/apache/maven/maven-script-ant/2.1-SNAPSHOT/maven-script-ant-2.1-SNAPSHOT.jar
[[1;34mINFO[m] Installing /home/user/Reproducibility-Scanner/benchmarks/bugs-dot-jar/maven/maven-script/maven-script-ant/pom.xml to /home/user/.m2/repository/org/apache/maven/maven-script-ant/2.1-SNAPSHOT/maven-script-ant-2.1-SNAPSHOT.pom
[[1;34mINFO[m] 
[[1;34mINFO[m] [1m--------------< [0;36morg.apache.maven:maven-script-beanshell[0;1m >---------------[m
[[1;34mINFO[m] [1mBuilding Maven Beanshell Mojo Support 2.1-SNAPSHOT               [31/31][m
[[1;34mINFO[m] [1m--------------------------------[ jar ]---------------------------------[m
Downloading from central: https://repo.maven.apache.org/maven2/org/codehaus/plexus/plexus-bsh-factory/1.0-alpha-7/plexus-bsh-factory-1.0-alpha-7.pom
Progress (1): 4.1/7.2 kBProgress (1): 7.2 kB                        Downloaded from central: https://repo.maven.apache.org/maven2/org/codehaus/plexus/plexus-bsh-factory/1.0-alpha-7/plexus-bsh-factory-1.0-alpha-7.pom (7.2 kB at 403 kB/s)
Downloading from central: https://repo.maven.apache.org/maven2/org/codehaus/plexus/plexus-bsh-factory/1.0-alpha-7/plexus-bsh-factory-1.0-alpha-7.jar
Progress (1): 4.1/8.5 kBProgress (1): 8.2/8.5 kBProgress (1): 8.5 kB                        Downloaded from central: https://repo.maven.apache.org/maven2/org/codehaus/plexus/plexus-bsh-factory/1.0-alpha-7/plexus-bsh-factory-1.0-alpha-7.jar (8.5 kB at 354 kB/s)
[[1;34mINFO[m] 
[[1;34mINFO[m] [1m--- [0;32mmaven-resources-plugin:2.6:resources[m [1m(default-resources)[m @ [36mmaven-script-beanshell[0;1m ---[m
[[1;33mWARNING[m] Using platform encoding (UTF-8 actually) to copy filtered resources, i.e. build is platform dependent!
[[1;34mINFO[m] skip non existing resourceDirectory /home/user/Reproducibility-Scanner/benchmarks/bugs-dot-jar/maven/maven-script/maven-script-beanshell/src/main/resources
[[1;34mINFO[m] 
[[1;34mINFO[m] [1m--- [0;32mmaven-compiler-plugin:3.1:compile[m [1m(default-compile)[m @ [36mmaven-script-beanshell[0;1m ---[m
[[1;34mINFO[m] Changes detected - recompiling the module!
[[1;33mWARNING[m] File encoding has not been set, using platform encoding UTF-8, i.e. build is platform dependent!
[[1;34mINFO[m] Compiling 1 source file to /home/user/Reproducibility-Scanner/benchmarks/bugs-dot-jar/maven/maven-script/maven-script-beanshell/target/classes
[[1;34mINFO[m] 
[[1;34mINFO[m] [1m--- [0;32mmaven-resources-plugin:2.6:testResources[m [1m(default-testResources)[m @ [36mmaven-script-beanshell[0;1m ---[m
[[1;33mWARNING[m] Using platform encoding (UTF-8 actually) to copy filtered resources, i.e. build is platform dependent!
[[1;34mINFO[m] skip non existing resourceDirectory /home/user/Reproducibility-Scanner/benchmarks/bugs-dot-jar/maven/maven-script/maven-script-beanshell/src/test/resources
[[1;34mINFO[m] 
[[1;34mINFO[m] [1m--- [0;32mmaven-compiler-plugin:3.1:testCompile[m [1m(default-testCompile)[m @ [36mmaven-script-beanshell[0;1m ---[m
[[1;34mINFO[m] No sources to compile
[[1;34mINFO[m] 
[[1;34mINFO[m] [1m--- [0;32mmaven-surefire-plugin:2.12.4:test[m [1m(default-test)[m @ [36mmaven-script-beanshell[0;1m ---[m
[[1;34mINFO[m] Tests are skipped.
[[1;34mINFO[m] 
[[1;34mINFO[m] [1m--- [0;32mmaven-jar-plugin:2.4:jar[m [1m(default-jar)[m @ [36mmaven-script-beanshell[0;1m ---[m
[[1;34mINFO[m] Building jar: /home/user/Reproducibility-Scanner/benchmarks/bugs-dot-jar/maven/maven-script/maven-script-beanshell/target/maven-script-beanshell-2.1-SNAPSHOT.jar
[[1;34mINFO[m] 
[[1;34mINFO[m] [1m--- [0;32mmaven-install-plugin:2.4:install[m [1m(default-install)[m @ [36mmaven-script-beanshell[0;1m ---[m
[[1;34mINFO[m] Installing /home/user/Reproducibility-Scanner/benchmarks/bugs-dot-jar/maven/maven-script/maven-script-beanshell/target/maven-script-beanshell-2.1-SNAPSHOT.jar to /home/user/.m2/repository/org/apache/maven/maven-script-beanshell/2.1-SNAPSHOT/maven-script-beanshell-2.1-SNAPSHOT.jar
[[1;34mINFO[m] Installing /home/user/Reproducibility-Scanner/benchmarks/bugs-dot-jar/maven/maven-script/maven-script-beanshell/pom.xml to /home/user/.m2/repository/org/apache/maven/maven-script-beanshell/2.1-SNAPSHOT/maven-script-beanshell-2.1-SNAPSHOT.pom
[[1;34mINFO[m] [1m------------------------------------------------------------------------[m
[[1;34mINFO[m] [1mReactor Summary for Maven 2.1-SNAPSHOT:[m
[[1;34mINFO[m] 
[[1;34mINFO[m] Maven .............................................. [1;32mSUCCESS[m [  0.193 s]
[[1;34mINFO[m] Maven Model ........................................ [1;32mSUCCESS[m [  5.380 s]
[[1;34mINFO[m] Maven Local Settings Model ......................... [1;32mSUCCESS[m [  2.801 s]
[[1;34mINFO[m] Maven Repository Metadata Model .................... [1;32mSUCCESS[m [  0.088 s]
[[1;34mINFO[m] Maven Artifact ..................................... [1;32mSUCCESS[m [  0.330 s]
[[1;34mINFO[m] Maven Artifact Manager ............................. [1;32mSUCCESS[m [  0.491 s]
[[1;34mINFO[m] Maven Artifact Test Helper Library ................. [1;32mSUCCESS[m [  0.038 s]
[[1;34mINFO[m] Maven Profile Model ................................ [1;32mSUCCESS[m [  0.097 s]
[[1;34mINFO[m] Maven Project Builder .............................. [1;32mSUCCESS[m [  0.369 s]
[[1;34mINFO[m] Maven Archiver ..................................... [1;32mSUCCESS[m [  0.195 s]
[[1;34mINFO[m] Maven Plugin Parameter Documenter API .............. [1;32mSUCCESS[m [  0.089 s]
[[1;34mINFO[m] Maven Reporting .................................... [1;32mSUCCESS[m [  0.003 s]
[[1;34mINFO[m] Maven Reporting API ................................ [1;32mSUCCESS[m [  0.036 s]
[[1;34mINFO[m] Maven Error Diagnostics ............................ [1;32mSUCCESS[m [  0.046 s]
[[1;34mINFO[m] Maven Plugin Registry Model ........................ [1;32mSUCCESS[m [  0.084 s]
[[1;34mINFO[m] Maven Plugin API ................................... [1;32mSUCCESS[m [  0.044 s]
[[1;34mINFO[m] Maven Plugin Descriptor Model ...................... [1;32mSUCCESS[m [  0.110 s]
[[1;34mINFO[m] Maven Monitor ...................................... [1;32mSUCCESS[m [  0.046 s]
[[1;34mINFO[m] Maven Core ......................................... [1;32mSUCCESS[m [  0.951 s]
[[1;34mINFO[m] Maven Model Converter .............................. [1;32mSUCCESS[m [  0.412 s]
[[1;34mINFO[m] Maven Plugin Tools Base POM ........................ [1;32mSUCCESS[m [  0.005 s]
[[1;34mINFO[m] Maven Plugin Tools APIs ............................ [1;32mSUCCESS[m [  0.100 s]
[[1;34mINFO[m] Maven Plugin Tools for Java ........................ [1;32mSUCCESS[m [  0.101 s]
[[1;34mINFO[m] Maven Plugin Tools for Beanshell ................... [1;32mSUCCESS[m [  0.046 s]
[[1;34mINFO[m] Maven Pluggy Simplistic Plugin Generator ........... [1;32mSUCCESS[m [  0.041 s]
[[1;34mINFO[m] Maven Plugin Metadata Model ........................ [1;31mFAILURE[m [  5.044 s]
[[1;34mINFO[m] Maven Ant Plugin Tools ............................. [1;31mFAILURE[m [  0.998 s]
[[1;34mINFO[m] Maven Reporting .................................... [1;32mSUCCESS[m [  0.154 s]
[[1;34mINFO[m] Maven Script Support Root .......................... [1;32mSUCCESS[m [  0.003 s]
[[1;34mINFO[m] Maven Ant Mojo Support ............................. [1;32mSUCCESS[m [  0.235 s]
[[1;34mINFO[m] Maven Beanshell Mojo Support ....................... [1;32mSUCCESS[m [  0.091 s]
[[1;34mINFO[m] [1m------------------------------------------------------------------------[m
[[1;34mINFO[m] [1;31mBUILD FAILURE[m
[[1;34mINFO[m] [1m------------------------------------------------------------------------[m
[[1;34mINFO[m] Total time:  18.860 s
[[1;34mINFO[m] Finished at: 2022-07-16T03:26:00-07:00
[[1;34mINFO[m] [1m------------------------------------------------------------------------[m
[[1;31mERROR[m] Failed to execute goal [32morg.codehaus.modello:modello-maven-plugin:2.0.0:java[m [1m(default)[m on project [36mmaven-plugin-tools-model[m: [1;31mThe parameters 'models' for goal org.codehaus.modello:modello-maven-plugin:2.0.0:java are missing or invalid[m -> [1m[Help 1][m
[[1;31mERROR[m] Failed to execute goal on project [36mmaven-plugin-tools-ant[m: [1;31mCould not resolve dependencies for project org.apache.maven:maven-plugin-tools-ant:jar:2.1-SNAPSHOT: Could not transfer artifact org.apache.maven:maven-plugin-tools-model:jar:2.1-SNAPSHOT from/to snapshots (http://snapshots.maven.codehaus.org/maven2): Transfer failed for http://snapshots.maven.codehaus.org/maven2/org/apache/maven/maven-plugin-tools-model/2.1-SNAPSHOT/maven-plugin-tools-model-2.1-SNAPSHOT.jar[m: Unknown host snapshots.maven.codehaus.org -> [1m[Help 2][m
[[1;31mERROR[m] 
[[1;31mERROR[m] To see the full stack trace of the errors, re-run Maven with the [1m-e[m switch.
[[1;31mERROR[m] Re-run Maven using the [1m-X[m switch to enable full debug logging.
[[1;31mERROR[m] 
[[1;31mERROR[m] For more information about the errors and possible solutions, please read the following articles:
[[1;31mERROR[m] [1m[Help 1][m http://cwiki.apache.org/confluence/display/MAVEN/PluginParameterException
[[1;31mERROR[m] [1m[Help 2][m http://cwiki.apache.org/confluence/display/MAVEN/DependencyResolutionException
[[1;31mERROR[m] 
[[1;31mERROR[m] After correcting the problems, you can resume the build with the command
[[1;31mERROR[m]   [1mmvn <args> -rf :maven-plugin-tools-model[m
[[1;34mINFO[m] Build failures were ignored.
[[1;34mINFO[m] Scanning for projects...
[[1;33mWARNING[m] 
[[1;33mWARNING[m] Some problems were encountered while building the effective model for org.apache.maven:maven-archiver:jar:2.1-SNAPSHOT
[[1;33mWARNING[m] 'build.pluginManagement.plugins.plugin.(groupId:artifactId)' must be unique but found duplicate declaration of plugin org.apache.maven.plugins:maven-release-plugin @ org.apache.maven:maven:2.1-SNAPSHOT, /home/user/Reproducibility-Scanner/benchmarks/bugs-dot-jar/maven/pom.xml, line 166, column 17
[[1;33mWARNING[m] 'build.pluginManagement.plugins.plugin.(groupId:artifactId)' must be unique but found duplicate declaration of plugin org.apache.maven.plugins:maven-release-plugin @ org.apache.maven:maven:2.1-SNAPSHOT, /home/user/Reproducibility-Scanner/benchmarks/bugs-dot-jar/maven/pom.xml, line 172, column 17
[[1;33mWARNING[m] 'build.pluginManagement.plugins.plugin.(groupId:artifactId)' must be unique but found duplicate declaration of plugin org.apache.maven.plugins:maven-release-plugin @ org.apache.maven:maven:2.1-SNAPSHOT, /home/user/Reproducibility-Scanner/benchmarks/bugs-dot-jar/maven/pom.xml, line 178, column 17
[[1;33mWARNING[m] 'build.pluginManagement.plugins.plugin.(groupId:artifactId)' must be unique but found duplicate declaration of plugin org.apache.maven.plugins:maven-release-plugin @ org.apache.maven:maven:2.1-SNAPSHOT, /home/user/Reproducibility-Scanner/benchmarks/bugs-dot-jar/maven/pom.xml, line 184, column 17
[[1;33mWARNING[m] 'build.pluginManagement.plugins.plugin.(groupId:artifactId)' must be unique but found duplicate declaration of plugin org.apache.maven.plugins:maven-release-plugin @ org.apache.maven:maven:2.1-SNAPSHOT, /home/user/Reproducibility-Scanner/benchmarks/bugs-dot-jar/maven/pom.xml, line 190, column 17
[[1;33mWARNING[m] 'build.pluginManagement.plugins.plugin.(groupId:artifactId)' must be unique but found duplicate declaration of plugin org.apache.maven.plugins:maven-release-plugin @ org.apache.maven:maven:2.1-SNAPSHOT, /home/user/Reproducibility-Scanner/benchmarks/bugs-dot-jar/maven/pom.xml, line 196, column 17
[[1;33mWARNING[m] 'build.pluginManagement.plugins.plugin.(groupId:artifactId)' must be unique but found duplicate declaration of plugin org.apache.maven.plugins:maven-release-plugin @ org.apache.maven:maven:2.1-SNAPSHOT, /home/user/Reproducibility-Scanner/benchmarks/bugs-dot-jar/maven/pom.xml, line 202, column 17
[[1;33mWARNING[m] 
[[1;33mWARNING[m] Some problems were encountered while building the effective model for org.apache.maven:maven-core:jar:2.1-SNAPSHOT
[[1;33mWARNING[m] The expression ${version} is deprecated. Please use ${project.version} instead.
[[1;33mWARNING[m] 
[[1;33mWARNING[m] Some problems were encountered while building the effective model for org.apache.maven:maven-plugin-tools-model:jar:2.1-SNAPSHOT
[[1;33mWARNING[m] 'build.plugins.plugin.version' for org.codehaus.modello:modello-maven-plugin is missing. @ line 14, column 15
[[1;33mWARNING[m] 
[[1;33mWARNING[m] Some problems were encountered while building the effective model for org.apache.maven:maven:pom:2.1-SNAPSHOT
[[1;33mWARNING[m] 'build.pluginManagement.plugins.plugin.(groupId:artifactId)' must be unique but found duplicate declaration of plugin org.apache.maven.plugins:maven-release-plugin @ line 166, column 17
[[1;33mWARNING[m] 'build.pluginManagement.plugins.plugin.(groupId:artifactId)' must be unique but found duplicate declaration of plugin org.apache.maven.plugins:maven-release-plugin @ line 172, column 17
[[1;33mWARNING[m] 'build.pluginManagement.plugins.plugin.(groupId:artifactId)' must be unique but found duplicate declaration of plugin org.apache.maven.plugins:maven-release-plugin @ line 178, column 17
[[1;33mWARNING[m] 'build.pluginManagement.plugins.plugin.(groupId:artifactId)' must be unique but found duplicate declaration of plugin org.apache.maven.plugins:maven-release-plugin @ line 184, column 17
[[1;33mWARNING[m] 'build.pluginManagement.plugins.plugin.(groupId:artifactId)' must be unique but found duplicate declaration of plugin org.apache.maven.plugins:maven-release-plugin @ line 190, column 17
[[1;33mWARNING[m] 'build.pluginManagement.plugins.plugin.(groupId:artifactId)' must be unique but found duplicate declaration of plugin org.apache.maven.plugins:maven-release-plugin @ line 196, column 17
[[1;33mWARNING[m] 'build.pluginManagement.plugins.plugin.(groupId:artifactId)' must be unique but found duplicate declaration of plugin org.apache.maven.plugins:maven-release-plugin @ line 202, column 17
[[1;33mWARNING[m] 
[[1;33mWARNING[m] It is highly recommended to fix these problems because they threaten the stability of your build.
[[1;33mWARNING[m] 
[[1;33mWARNING[m] For this reason, future Maven versions might no longer support building such malformed projects.
[[1;33mWARNING[m] 
[[1;34mINFO[m] 
[[1;34mINFO[m] [1m-------------------< [0;36morg.apache.maven:maven-project[0;1m >-------------------[m
[[1;34mINFO[m] [1mBuilding Maven Project Builder 2.1-SNAPSHOT[m
[[1;34mINFO[m] [1m--------------------------------[ jar ]---------------------------------[m
[[1;34mINFO[m] 
[[1;34mINFO[m] [1m--- [0;32mmaven-resources-plugin:2.6:resources[m [1m(default-resources)[m @ [36mmaven-project[0;1m ---[m
[[1;33mWARNING[m] Using platform encoding (UTF-8 actually) to copy filtered resources, i.e. build is platform dependent!
[[1;34mINFO[m] Copying 2 resources
[[1;34mINFO[m] 
[[1;34mINFO[m] [1m--- [0;32mmaven-compiler-plugin:3.1:compile[m [1m(default-compile)[m @ [36mmaven-project[0;1m ---[m
[[1;34mINFO[m] Nothing to compile - all classes are up to date
[[1;34mINFO[m] 
[[1;34mINFO[m] [1m--- [0;32mmaven-resources-plugin:2.6:testResources[m [1m(default-testResources)[m @ [36mmaven-project[0;1m ---[m
[[1;33mWARNING[m] Using platform encoding (UTF-8 actually) to copy filtered resources, i.e. build is platform dependent!
[[1;34mINFO[m] Copying 57 resources
[[1;34mINFO[m] 
[[1;34mINFO[m] [1m--- [0;32mmaven-compiler-plugin:3.1:testCompile[m [1m(default-testCompile)[m @ [36mmaven-project[0;1m ---[m
[[1;34mINFO[m] Nothing to compile - all classes are up to date
[[1;34mINFO[m] 
[[1;34mINFO[m] [1m--- [0;32mmaven-surefire-plugin:2.12.4:test[m [1m(default-test)[m @ [36mmaven-project[0;1m ---[m
[[1;34mINFO[m] Surefire report directory: /home/user/Reproducibility-Scanner/benchmarks/bugs-dot-jar/maven/maven-project/target/surefire-reports
Downloading from central: https://repo.maven.apache.org/maven2/org/apache/maven/surefire/surefire-junit3/2.12.4/surefire-junit3-2.12.4.pom
Progress (1): 1.7 kB                    Downloaded from central: https://repo.maven.apache.org/maven2/org/apache/maven/surefire/surefire-junit3/2.12.4/surefire-junit3-2.12.4.pom (1.7 kB at 5.3 kB/s)
Downloading from central: https://repo.maven.apache.org/maven2/org/apache/maven/surefire/surefire-junit3/2.12.4/surefire-junit3-2.12.4.jar
Progress (1): 2.7/26 kBProgress (1): 5.5/26 kBProgress (1): 8.2/26 kBProgress (1): 11/26 kB Progress (1): 14/26 kBProgress (1): 16/26 kBProgress (1): 19/26 kBProgress (1): 21/26 kBProgress (1): 24/26 kBProgress (1): 26 kB                      Downloaded from central: https://repo.maven.apache.org/maven2/org/apache/maven/surefire/surefire-junit3/2.12.4/surefire-junit3-2.12.4.jar (26 kB at 648 kB/s)

-------------------------------------------------------
 T E S T S
-------------------------------------------------------
Running org.apache.maven.profiles.DefaultProfileManagerTest
Tests run: 6, Failures: 0, Errors: 0, Skipped: 0, Time elapsed: 0.172 sec
Running org.apache.maven.project.ProjectClasspathTest
Tests run: 1, Failures: 0, Errors: 0, Skipped: 0, Time elapsed: 0.111 sec
Running org.apache.maven.project.MavenProjectTest
Tests run: 1, Failures: 0, Errors: 0, Skipped: 0, Time elapsed: 0.015 sec
Running org.apache.maven.project.ProjectBaseDirectoryAlignmentTest
Tests run: 1, Failures: 0, Errors: 0, Skipped: 0, Time elapsed: 0.021 sec
Running org.apache.maven.project.validation.DefaultModelValidatorTest
Tests run: 16, Failures: 0, Errors: 0, Skipped: 0, Time elapsed: 0.216 sec
Running org.apache.maven.project.interpolation.RegexBasedModelInterpolatorTest
>>> ${env.DOES_NOT_EXIST}
>>> ${DOES_NOT_EXIST}
Tests run: 7, Failures: 0, Errors: 0, Skipped: 0, Time elapsed: 0.013 sec
Running org.apache.maven.project.ModelUtilsTest
Tests run: 5, Failures: 1, Errors: 0, Skipped: 0, Time elapsed: 0.003 sec <<< FAILURE!
testShouldKeepOriginalPluginOrdering(org.apache.maven.project.ModelUtilsTest)  Time elapsed: 0.001 sec  <<< FAILURE!
junit.framework.AssertionFailedError: expected same:<org.apache.maven.model.Plugin@10d68fcd> was not:<org.apache.maven.model.Plugin@117e949d>
	at junit.framework.Assert.fail(Assert.java:47)
	at junit.framework.Assert.failNotSame(Assert.java:278)
	at junit.framework.Assert.assertSame(Assert.java:242)
	at junit.framework.Assert.assertSame(Assert.java:249)
	at org.apache.maven.project.ModelUtilsTest.testShouldKeepOriginalPluginOrdering(ModelUtilsTest.java:161)

Running org.apache.maven.project.ProjectSorterTest
Tests run: 4, Failures: 0, Errors: 0, Skipped: 0, Time elapsed: 0.001 sec
Running org.apache.maven.project.TestProjectBuilder
Tests run: 0, Failures: 0, Errors: 0, Skipped: 0, Time elapsed: 0 sec
Running org.apache.maven.project.TestArtifactResolver
Tests run: 0, Failures: 0, Errors: 0, Skipped: 0, Time elapsed: 0 sec
Running org.apache.maven.project.injection.TestProfileInjector
Tests run: 0, Failures: 0, Errors: 0, Skipped: 0, Time elapsed: 0 sec
Running org.apache.maven.project.injection.DefaultModelDefaultsInjectorTest
Tests run: 10, Failures: 0, Errors: 0, Skipped: 0, Time elapsed: 0.001 sec
Running org.apache.maven.project.injection.DefaultProfileInjectorTest
Tests run: 4, Failures: 0, Errors: 0, Skipped: 0, Time elapsed: 0 sec
Running org.apache.maven.project.artifact.MavenMetadataSourceTest
Tests run: 2, Failures: 0, Errors: 0, Skipped: 0, Time elapsed: 0.002 sec
Running org.apache.maven.project.canonical.CanonicalProjectBuilderTest
Tests run: 1, Failures: 0, Errors: 0, Skipped: 0, Time elapsed: 0.011 sec
Running org.apache.maven.project.inheritance.t01.ProjectInheritanceTest
Tests run: 1, Failures: 0, Errors: 0, Skipped: 0, Time elapsed: 0.021 sec
Running org.apache.maven.project.inheritance.t00.ProjectInheritanceTest
Tests run: 1, Failures: 0, Errors: 0, Skipped: 0, Time elapsed: 0.01 sec
Running org.apache.maven.project.inheritance.DefaultModelInheritanceAssemblerTest
Resulting path is: 'http://maven.apache.org/shared/file-management'
Tests run: 20, Failures: 1, Errors: 0, Skipped: 0, Time elapsed: 0.005 sec <<< FAILURE!
testDistributionManagementInheritance(org.apache.maven.project.inheritance.DefaultModelInheritanceAssemblerTest)  Time elapsed: 0.001 sec  <<< FAILURE!
junit.framework.AssertionFailedError: Check relocation NOT inherited
	at junit.framework.Assert.fail(Assert.java:47)
	at junit.framework.Assert.assertTrue(Assert.java:20)
	at junit.framework.Assert.assertNull(Assert.java:233)
	at org.apache.maven.project.inheritance.DefaultModelInheritanceAssemblerTest.testDistributionManagementInheritance(DefaultModelInheritanceAssemblerTest.java:103)


Results :

Failed tests:   testShouldKeepOriginalPluginOrdering(org.apache.maven.project.ModelUtilsTest): expected same:<org.apache.maven.model.Plugin@10d68fcd> was not:<org.apache.maven.model.Plugin@117e949d>
  testDistributionManagementInheritance(org.apache.maven.project.inheritance.DefaultModelInheritanceAssemblerTest): Check relocation NOT inherited

Tests run: 80, Failures: 2, Errors: 0, Skipped: 0

[[1;34mINFO[m] [1m------------------------------------------------------------------------[m
[[1;34mINFO[m] [1;31mBUILD FAILURE[m
[[1;34mINFO[m] [1m------------------------------------------------------------------------[m
[[1;34mINFO[m] Total time:  2.443 s
[[1;34mINFO[m] Finished at: 2022-07-16T03:26:04-07:00
[[1;34mINFO[m] [1m------------------------------------------------------------------------[m
[[1;31mERROR[m] Failed to execute goal [32morg.apache.maven.plugins:maven-surefire-plugin:2.12.4:test[m [1m(default-test)[m on project [36mmaven-project[m: [1;31mThere are test failures.[m
[[1;31mERROR[m] [1;31m[m
[[1;31mERROR[m] [1;31mPlease refer to /home/user/Reproducibility-Scanner/benchmarks/bugs-dot-jar/maven/maven-project/target/surefire-reports for the individual test results.[m
[[1;31mERROR[m] -> [1m[Help 1][m
[[1;31mERROR[m] 
[[1;31mERROR[m] To see the full stack trace of the errors, re-run Maven with the [1m-e[m switch.
[[1;31mERROR[m] Re-run Maven using the [1m-X[m switch to enable full debug logging.
[[1;31mERROR[m] 
[[1;31mERROR[m] For more information about the errors and possible solutions, please read the following articles:
[[1;31mERROR[m] [1m[Help 1][m http://cwiki.apache.org/confluence/display/MAVEN/MojoFailureException