travis_fold:start:system_info[0K[33;1mBuild system information[0m
Build language: java
Build group: stable
Build dist: precise
Build id: ''
Job id: ''
[34m[1mBuild image provisioning date and time[0m
Thu Feb  5 15:09:33 UTC 2015
[34m[1mOperating System Details[0m
Distributor ID:	Ubuntu
Description:	Ubuntu 12.04.5 LTS
Release:	12.04
Codename:	precise
[34m[1mLinux Version[0m
3.13.0-29-generic
[34m[1mCookbooks Version[0m
a68419e https://github.com/travis-ci/travis-cookbooks/tree/a68419e
[34m[1mGCC version[0m
gcc (Ubuntu/Linaro 4.6.3-1ubuntu5) 4.6.3
Copyright (C) 2011 Free Software Foundation, Inc.
This is free software; see the source for copying conditions.  There is NO
warranty; not even for MERCHANTABILITY or FITNESS FOR A PARTICULAR PURPOSE.

[34m[1mLLVM version[0m
clang version 3.4 (tags/RELEASE_34/final)
Target: x86_64-unknown-linux-gnu
Thread model: posix
[34m[1mPre-installed Ruby versions[0m
ruby-1.9.3-p551
[34m[1mPre-installed Node.js versions[0m
v0.10.36
[34m[1mPre-installed Go versions[0m
1.4.1
[34m[1mRedis version[0m
redis-server 2.8.19
[34m[1mriak version[0m
2.0.2
[34m[1mMongoDB version[0m
MongoDB 2.4.12
[34m[1mCouchDB version[0m
couchdb 1.6.1
[34m[1mNeo4j version[0m
1.9.4
[34m[1mRabbitMQ Version[0m
3.4.3
[34m[1mElasticSearch version[0m
1.4.0
[34m[1mInstalled Sphinx versions[0m
2.0.10
2.1.9
2.2.6
[34m[1mDefault Sphinx version[0m
2.2.6
[34m[1mInstalled Firefox version[0m
firefox 31.0esr
[34m[1mPhantomJS version[0m
1.9.8
[34m[1mant -version[0m
Apache Ant(TM) version 1.8.2 compiled on December 3 2011
[34m[1mmvn -version[0m
Apache Maven 3.2.5 (12a6b3acb947671f09b81f49094c53f426d8cea1; 2014-12-14T17:29:23+00:00)
Maven home: /usr/local/maven
Java version: 1.7.0_76, vendor: Oracle Corporation
Java home: /usr/lib/jvm/java-7-oracle/jre
Default locale: en_US, platform encoding: ANSI_X3.4-1968
OS name: "linux", version: "3.13.0-29-generic", arch: "amd64", family: "unix"
travis_fold:end:system_info[0K
W: Failed to fetch http://apt.postgresql.org/pub/repos/apt/dists/precise-pgdg/main/binary-amd64/Packages  404  Not Found [IP: 72.32.157.246 80]

W: Failed to fetch http://apt.postgresql.org/pub/repos/apt/dists/precise-pgdg/main/binary-i386/Packages  404  Not Found [IP: 72.32.157.246 80]

W: Failed to fetch http://us.archive.ubuntu.com/ubuntu/dists/precise/main/source/Sources  404  Not Found [IP: 91.189.91.38 80]

W: Failed to fetch http://us.archive.ubuntu.com/ubuntu/dists/precise/restricted/source/Sources  404  Not Found [IP: 91.189.91.38 80]

W: Failed to fetch http://us.archive.ubuntu.com/ubuntu/dists/precise/universe/source/Sources  404  Not Found [IP: 91.189.91.38 80]

W: Failed to fetch http://us.archive.ubuntu.com/ubuntu/dists/precise/multiverse/source/Sources  404  Not Found [IP: 91.189.91.38 80]

W: Failed to fetch http://us.archive.ubuntu.com/ubuntu/dists/precise/main/binary-amd64/Packages  404  Not Found [IP: 91.189.91.38 80]

W: Failed to fetch http://us.archive.ubuntu.com/ubuntu/dists/precise/restricted/binary-amd64/Packages  404  Not Found [IP: 91.189.91.38 80]

W: Failed to fetch http://us.archive.ubuntu.com/ubuntu/dists/precise/universe/binary-amd64/Packages  404  Not Found [IP: 91.189.91.38 80]

W: Failed to fetch http://us.archive.ubuntu.com/ubuntu/dists/precise/multiverse/binary-amd64/Packages  404  Not Found [IP: 91.189.91.38 80]

W: Failed to fetch http://us.archive.ubuntu.com/ubuntu/dists/precise/main/binary-i386/Packages  404  Not Found [IP: 91.189.91.38 80]

W: Failed to fetch http://us.archive.ubuntu.com/ubuntu/dists/precise/restricted/binary-i386/Packages  404  Not Found [IP: 91.189.91.38 80]

W: Failed to fetch http://us.archive.ubuntu.com/ubuntu/dists/precise/universe/binary-i386/Packages  404  Not Found [IP: 91.189.91.38 80]

W: Failed to fetch http://us.archive.ubuntu.com/ubuntu/dists/precise/multiverse/binary-i386/Packages  404  Not Found [IP: 91.189.91.38 80]

W: Failed to fetch http://us.archive.ubuntu.com/ubuntu/dists/precise-updates/main/source/Sources  404  Not Found [IP: 91.189.91.38 80]

W: Failed to fetch http://us.archive.ubuntu.com/ubuntu/dists/precise-updates/restricted/source/Sources  404  Not Found [IP: 91.189.91.38 80]

W: Failed to fetch http://us.archive.ubuntu.com/ubuntu/dists/precise-updates/universe/source/Sources  404  Not Found [IP: 91.189.91.38 80]

W: Failed to fetch http://us.archive.ubuntu.com/ubuntu/dists/precise-updates/multiverse/source/Sources  404  Not Found [IP: 91.189.91.38 80]

W: Failed to fetch http://us.archive.ubuntu.com/ubuntu/dists/precise-updates/main/binary-amd64/Packages  404  Not Found [IP: 91.189.91.38 80]

W: Failed to fetch http://us.archive.ubuntu.com/ubuntu/dists/precise-updates/restricted/binary-amd64/Packages  404  Not Found [IP: 91.189.91.38 80]

W: Failed to fetch http://us.archive.ubuntu.com/ubuntu/dists/precise-updates/universe/binary-amd64/Packages  404  Not Found [IP: 91.189.91.38 80]

W: Failed to fetch http://us.archive.ubuntu.com/ubuntu/dists/precise-updates/multiverse/binary-amd64/Packages  404  Not Found [IP: 91.189.91.38 80]

W: Failed to fetch http://us.archive.ubuntu.com/ubuntu/dists/precise-updates/main/binary-i386/Packages  404  Not Found [IP: 91.189.91.38 80]

W: Failed to fetch http://us.archive.ubuntu.com/ubuntu/dists/precise-updates/restricted/binary-i386/Packages  404  Not Found [IP: 91.189.91.38 80]

W: Failed to fetch http://us.archive.ubuntu.com/ubuntu/dists/precise-updates/universe/binary-i386/Packages  404  Not Found [IP: 91.189.91.38 80]

W: Failed to fetch http://us.archive.ubuntu.com/ubuntu/dists/precise-updates/multiverse/binary-i386/Packages  404  Not Found [IP: 91.189.91.38 80]

W: Failed to fetch http://security.ubuntu.com/ubuntu/dists/precise-security/main/source/Sources  404  Not Found [IP: 91.189.91.38 80]

W: Failed to fetch http://security.ubuntu.com/ubuntu/dists/precise-security/restricted/source/Sources  404  Not Found [IP: 91.189.91.38 80]

W: Failed to fetch http://security.ubuntu.com/ubuntu/dists/precise-security/universe/source/Sources  404  Not Found [IP: 91.189.91.38 80]

W: Failed to fetch http://security.ubuntu.com/ubuntu/dists/precise-security/multiverse/source/Sources  404  Not Found [IP: 91.189.91.38 80]

W: Failed to fetch http://security.ubuntu.com/ubuntu/dists/precise-security/main/binary-amd64/Packages  404  Not Found [IP: 91.189.91.38 80]

W: Failed to fetch http://security.ubuntu.com/ubuntu/dists/precise-security/restricted/binary-amd64/Packages  404  Not Found [IP: 91.189.91.38 80]

W: Failed to fetch http://security.ubuntu.com/ubuntu/dists/precise-security/universe/binary-amd64/Packages  404  Not Found [IP: 91.189.91.38 80]

W: Failed to fetch http://security.ubuntu.com/ubuntu/dists/precise-security/multiverse/binary-amd64/Packages  404  Not Found [IP: 91.189.91.38 80]

W: Failed to fetch http://security.ubuntu.com/ubuntu/dists/precise-security/main/binary-i386/Packages  404  Not Found [IP: 91.189.91.38 80]

W: Failed to fetch http://security.ubuntu.com/ubuntu/dists/precise-security/restricted/binary-i386/Packages  404  Not Found [IP: 91.189.91.38 80]

W: Failed to fetch http://security.ubuntu.com/ubuntu/dists/precise-security/universe/binary-i386/Packages  404  Not Found [IP: 91.189.91.38 80]

W: Failed to fetch http://security.ubuntu.com/ubuntu/dists/precise-security/multiverse/binary-i386/Packages  404  Not Found [IP: 91.189.91.38 80]

W: Failed to fetch http://us.archive.ubuntu.com/ubuntu/dists/precise-backports/main/source/Sources  404  Not Found [IP: 91.189.91.38 80]

W: Failed to fetch http://us.archive.ubuntu.com/ubuntu/dists/precise-backports/restricted/source/Sources  404  Not Found [IP: 91.189.91.38 80]

W: Failed to fetch http://us.archive.ubuntu.com/ubuntu/dists/precise-backports/universe/source/Sources  404  Not Found [IP: 91.189.91.38 80]

W: Failed to fetch http://us.archive.ubuntu.com/ubuntu/dists/precise-backports/multiverse/source/Sources  404  Not Found [IP: 91.189.91.38 80]

W: Failed to fetch http://us.archive.ubuntu.com/ubuntu/dists/precise-backports/main/binary-amd64/Packages  404  Not Found [IP: 91.189.91.38 80]

W: Failed to fetch http://us.archive.ubuntu.com/ubuntu/dists/precise-backports/restricted/binary-amd64/Packages  404  Not Found [IP: 91.189.91.38 80]

W: Failed to fetch http://us.archive.ubuntu.com/ubuntu/dists/precise-backports/universe/binary-amd64/Packages  404  Not Found [IP: 91.189.91.38 80]

W: Failed to fetch http://us.archive.ubuntu.com/ubuntu/dists/precise-backports/multiverse/binary-amd64/Packages  404  Not Found [IP: 91.189.91.38 80]

W: Failed to fetch http://us.archive.ubuntu.com/ubuntu/dists/precise-backports/main/binary-i386/Packages  404  Not Found [IP: 91.189.91.38 80]

W: Failed to fetch http://us.archive.ubuntu.com/ubuntu/dists/precise-backports/restricted/binary-i386/Packages  404  Not Found [IP: 91.189.91.38 80]

W: Failed to fetch http://us.archive.ubuntu.com/ubuntu/dists/precise-backports/universe/binary-i386/Packages  404  Not Found [IP: 91.189.91.38 80]

W: Failed to fetch http://us.archive.ubuntu.com/ubuntu/dists/precise-backports/multiverse/binary-i386/Packages  404  Not Found [IP: 91.189.91.38 80]

W: Failed to fetch http://ppa.launchpad.net/rwky/ppa/ubuntu/dists/precise/main/binary-amd64/Packages  403  Forbidden

W: Failed to fetch http://ppa.launchpad.net/rwky/ppa/ubuntu/dists/precise/main/binary-i386/Packages  403  Forbidden

W: Failed to fetch http://ppa.launchpad.net/travis-ci/zero-mq/ubuntu/dists/precise/main/binary-amd64/Packages  403  Forbidden

W: Failed to fetch http://ppa.launchpad.net/travis-ci/zero-mq/ubuntu/dists/precise/main/binary-i386/Packages  403  Forbidden

W: Failed to fetch http://downloads-distro.mongodb.org/repo/debian-sysvinit/dists/dist/10gen/binary-amd64/Packages  Undetermined Error [IP: 52.206.222.245 80]

W: Failed to fetch http://downloads-distro.mongodb.org/repo/debian-sysvinit/dists/dist/10gen/binary-i386/Packages  Undetermined Error [IP: 52.206.222.245 80]

E: Some index files failed to download. They have been ignored, or old ones used instead.
sed: cannot rename /etc/hosts: Device or resource busy
sed: cannot rename /etc/hosts: Device or resource busy
$ jdk_switcher use oraclejdk8
Switching to Oracle JDK8 (java-8-oracle), JAVA_HOME will be set to /usr/lib/jvm/java-8-oracle
$ cd failed/Azure/azure-sdk-for-java
$ java -Xmx32m -version
java version "1.8.0_31"
Java(TM) SE Runtime Environment (build 1.8.0_31-b13)
Java HotSpot(TM) 64-Bit Server VM (build 25.31-b07, mixed mode)
$ javac -J-Xmx32m -version
javac 1.8.0_31
travis_fold:start:install[0Ktravis_time:start:00030890[0K$ mvn install -Dhttps.protocols=TLSv1.2 -DskipTests=true -Dmaven.javadoc.skip=true -B -V
Java HotSpot(TM) 64-Bit Server VM warning: ignoring option MaxPermSize=192m; support was removed in 8.0
Apache Maven 3.2.5 (12a6b3acb947671f09b81f49094c53f426d8cea1; 2014-12-14T17:29:23+00:00)
Maven home: /usr/local/maven
Java version: 1.8.0_31, vendor: Oracle Corporation
Java home: /usr/lib/jvm/java-8-oracle/jre
Default locale: en_US, platform encoding: UTF-8
OS name: "linux", version: "4.15.0-109-generic", arch: "amd64", family: "unix"
[INFO] Scanning for projects...
[WARNING] 
[WARNING] Some problems were encountered while building the effective model for com.microsoft.rest:client-runtime:jar:1.0.0-SNAPSHOT
[WARNING] 'build.plugins.plugin.version' for org.codehaus.mojo:build-helper-maven-plugin is missing. @ com.microsoft.rest:client-runtime:[unknown-version], /home/travis/build/failed/Azure/azure-sdk-for-java/runtimes/client-runtime/pom.xml, line 100, column 15
[WARNING] 
[WARNING] Some problems were encountered while building the effective model for com.microsoft.azure:azure-client-runtime:jar:1.0.0-SNAPSHOT
[WARNING] 'build.plugins.plugin.version' for org.codehaus.mojo:build-helper-maven-plugin is missing. @ com.microsoft.azure:azure-client-runtime:[unknown-version], /home/travis/build/failed/Azure/azure-sdk-for-java/runtimes/azure-client-runtime/pom.xml, line 76, column 15
[WARNING] The expression ${parent.version} is deprecated. Please use ${project.parent.version} instead.
[WARNING] 
[WARNING] Some problems were encountered while building the effective model for com.microsoft.azure:azure-client-authentication:jar:1.0.0-SNAPSHOT
[WARNING] 'build.plugins.plugin.version' for org.codehaus.mojo:build-helper-maven-plugin is missing. @ com.microsoft.azure:azure-client-authentication:[unknown-version], /home/travis/build/failed/Azure/azure-sdk-for-java/runtimes/azure-client-authentication/pom.xml, line 81, column 15
[WARNING] 
[WARNING] Some problems were encountered while building the effective model for com.microsoft.azure:azure:jar:1.0.0-SNAPSHOT
[WARNING] 'build.plugins.plugin.version' for org.apache.maven.plugins:maven-jar-plugin is missing. @ com.microsoft.azure:azure:[unknown-version], /home/travis/build/failed/Azure/azure-sdk-for-java/azure/pom.xml, line 99, column 15
[WARNING] 'build.plugins.plugin.version' for org.codehaus.mojo:build-helper-maven-plugin is missing. @ com.microsoft.azure:azure:[unknown-version], /home/travis/build/failed/Azure/azure-sdk-for-java/azure/pom.xml, line 126, column 15
[WARNING] 
[WARNING] Some problems were encountered while building the effective model for com.microsoft.azure:azure-batch:jar:1.0.0-SNAPSHOT
[WARNING] 'build.plugins.plugin.version' for org.apache.maven.plugins:maven-jar-plugin is missing. @ com.microsoft.azure:azure-batch:[unknown-version], /home/travis/build/failed/Azure/azure-sdk-for-java/azure-batch/pom.xml, line 73, column 15
[WARNING] 'build.plugins.plugin.version' for org.codehaus.mojo:build-helper-maven-plugin is missing. @ com.microsoft.azure:azure-batch:[unknown-version], /home/travis/build/failed/Azure/azure-sdk-for-java/azure-batch/pom.xml, line 100, column 15
[WARNING] 
[WARNING] Some problems were encountered while building the effective model for com.microsoft.azure:azure-mgmt-compute:jar:1.0.0-SNAPSHOT
[WARNING] 'build.plugins.plugin.version' for org.apache.maven.plugins:maven-jar-plugin is missing. @ com.microsoft.azure:azure-mgmt-compute:[unknown-version], /home/travis/build/failed/Azure/azure-sdk-for-java/azure-mgmt-compute/pom.xml, line 83, column 15
[WARNING] 'build.plugins.plugin.version' for org.codehaus.mojo:build-helper-maven-plugin is missing. @ com.microsoft.azure:azure-mgmt-compute:[unknown-version], /home/travis/build/failed/Azure/azure-sdk-for-java/azure-mgmt-compute/pom.xml, line 104, column 15
[WARNING] 
[WARNING] Some problems were encountered while building the effective model for com.microsoft.azure:azure-mgmt-resources:jar:1.0.0-SNAPSHOT
[WARNING] 'build.plugins.plugin.version' for org.apache.maven.plugins:maven-jar-plugin is missing. @ com.microsoft.azure:azure-mgmt-resources:[unknown-version], /home/travis/build/failed/Azure/azure-sdk-for-java/azure-mgmt-resources/pom.xml, line 68, column 15
[WARNING] 'build.plugins.plugin.version' for org.codehaus.mojo:build-helper-maven-plugin is missing. @ com.microsoft.azure:azure-mgmt-resources:[unknown-version], /home/travis/build/failed/Azure/azure-sdk-for-java/azure-mgmt-resources/pom.xml, line 89, column 15
[WARNING] 
[WARNING] Some problems were encountered while building the effective model for com.microsoft.azure:azure-mgmt-storage:jar:1.0.0-SNAPSHOT
[WARNING] 'build.plugins.plugin.version' for org.apache.maven.plugins:maven-jar-plugin is missing. @ com.microsoft.azure:azure-mgmt-storage:[unknown-version], /home/travis/build/failed/Azure/azure-sdk-for-java/azure-mgmt-storage/pom.xml, line 73, column 15
[WARNING] 'build.plugins.plugin.version' for org.codehaus.mojo:build-helper-maven-plugin is missing. @ com.microsoft.azure:azure-mgmt-storage:[unknown-version], /home/travis/build/failed/Azure/azure-sdk-for-java/azure-mgmt-storage/pom.xml, line 85, column 15
[WARNING] 
[WARNING] Some problems were encountered while building the effective model for com.microsoft.azure:azure-mgmt-network:jar:1.0.0-SNAPSHOT
[WARNING] 'build.plugins.plugin.version' for org.apache.maven.plugins:maven-jar-plugin is missing. @ com.microsoft.azure:azure-mgmt-network:[unknown-version], /home/travis/build/failed/Azure/azure-sdk-for-java/azure-mgmt-network/pom.xml, line 73, column 15
[WARNING] 'build.plugins.plugin.version' for org.codehaus.mojo:build-helper-maven-plugin is missing. @ com.microsoft.azure:azure-mgmt-network:[unknown-version], /home/travis/build/failed/Azure/azure-sdk-for-java/azure-mgmt-network/pom.xml, line 100, column 15
[WARNING] 
[WARNING] Some problems were encountered while building the effective model for com.microsoft.azure:azure-mgmt-website:jar:1.0.0-SNAPSHOT
[WARNING] 'build.plugins.plugin.version' for org.apache.maven.plugins:maven-jar-plugin is missing. @ line 69, column 15
[WARNING] 'build.plugins.plugin.version' for org.codehaus.mojo:build-helper-maven-plugin is missing. @ line 90, column 15
[WARNING] 
[WARNING] Some problems were encountered while building the effective model for com.microsoft.azure:azure-mgmt-datalake-analytics:jar:1.0.0-SNAPSHOT
[WARNING] 'build.plugins.plugin.version' for org.apache.maven.plugins:maven-jar-plugin is missing. @ line 87, column 15
[WARNING] 'build.plugins.plugin.version' for org.codehaus.mojo:build-helper-maven-plugin is missing. @ line 114, column 15
[WARNING] 
[WARNING] Some problems were encountered while building the effective model for com.microsoft.azure:azure-mgmt-datalake-store:jar:1.0.0-SNAPSHOT
[WARNING] 'build.plugins.plugin.version' for org.apache.maven.plugins:maven-jar-plugin is missing. @ line 75, column 15
[WARNING] 'build.plugins.plugin.version' for org.codehaus.mojo:build-helper-maven-plugin is missing. @ line 102, column 15
[WARNING] 
[WARNING] Some problems were encountered while building the effective model for com.microsoft.azure:azure-mgmt-datalake-store-uploader:jar:1.0.0-SNAPSHOT
[WARNING] 'build.plugins.plugin.version' for org.apache.maven.plugins:maven-jar-plugin is missing. @ line 86, column 15
[WARNING] 'build.plugins.plugin.version' for org.codehaus.mojo:build-helper-maven-plugin is missing. @ line 113, column 15
[WARNING] 
[WARNING] It is highly recommended to fix these problems because they threaten the stability of your build.
[WARNING] 
[WARNING] For this reason, future Maven versions might no longer support building such malformed projects.
[WARNING] 
[INFO] ------------------------------------------------------------------------
[INFO] Reactor Build Order:
[INFO] 
[INFO] AutoRest Client Runtimes for Java
[INFO] Build tools for AutoRest client runtime for Java
[INFO] Java Client Runtime for AutoRest
[INFO] Azure Java Client Runtime for AutoRest
[INFO] Azure Java Client Authentication Library for AutoRest
[INFO] Microsoft Azure SDK Parent
[INFO] Microsoft Azure SDK for Resource Management
[INFO] Microsoft Azure SDK for Storage Management
[INFO] Microsoft Azure SDK for Network Management
[INFO] Microsoft Azure SDK for Compute Management
[INFO] Microsoft Azure SDK
[INFO] Microsoft Azure SDK for Batch Service
[INFO] Microsoft Azure SDK for Website Management
[INFO] Microsoft Azure SDK for Data Lake Store Management
[INFO] Microsoft Azure SDK for Data Lake Analytics Management
[INFO] Microsoft Azure SDK for Data Lake Store Data Uploading
[INFO] Microsoft Azure SDK samples
[INFO]                                                                         
[INFO] ------------------------------------------------------------------------
[INFO] Building AutoRest Client Runtimes for Java 1.0.0-SNAPSHOT
[INFO] ------------------------------------------------------------------------
[INFO] Downloading: https://repo.maven.apache.org/maven2/org/apache/maven/plugins/maven-install-plugin/2.4/maven-install-plugin-2.4.pom
[INFO] Downloaded: https://repo.maven.apache.org/maven2/org/apache/maven/plugins/maven-install-plugin/2.4/maven-install-plugin-2.4.pom (7 KB at 14.1 KB/sec)
[INFO] Downloading: https://repo.maven.apache.org/maven2/org/apache/maven/plugins/maven-plugins/23/maven-plugins-23.pom
[INFO] Downloaded: https://repo.maven.apache.org/maven2/org/apache/maven/plugins/maven-plugins/23/maven-plugins-23.pom (9 KB at 256.6 KB/sec)
[INFO] Downloading: https://repo.maven.apache.org/maven2/org/apache/maven/maven-parent/22/maven-parent-22.pom
[INFO] Downloaded: https://repo.maven.apache.org/maven2/org/apache/maven/maven-parent/22/maven-parent-22.pom (30 KB at 675.5 KB/sec)
[INFO] Downloading: https://repo.maven.apache.org/maven2/org/apache/apache/11/apache-11.pom
[INFO] Downloaded: https://repo.maven.apache.org/maven2/org/apache/apache/11/apache-11.pom (15 KB at 628.9 KB/sec)
[INFO] Downloading: https://repo.maven.apache.org/maven2/org/apache/maven/plugins/maven-install-plugin/2.4/maven-install-plugin-2.4.jar
[INFO] Downloaded: https://repo.maven.apache.org/maven2/org/apache/maven/plugins/maven-install-plugin/2.4/maven-install-plugin-2.4.jar (27 KB at 626.7 KB/sec)
[INFO] 
[INFO] --- maven-install-plugin:2.4:install (default-install) @ autorest-clientruntime-for-java ---
[INFO] Downloading: https://repo.maven.apache.org/maven2/org/apache/maven/maven-plugin-api/2.0.6/maven-plugin-api-2.0.6.pom
[INFO] Downloaded: https://repo.maven.apache.org/maven2/org/apache/maven/maven-plugin-api/2.0.6/maven-plugin-api-2.0.6.pom (2 KB at 33.0 KB/sec)
[INFO] Downloading: https://repo.maven.apache.org/maven2/org/apache/maven/maven/2.0.6/maven-2.0.6.pom
[INFO] Downloaded: https://repo.maven.apache.org/maven2/org/apache/maven/maven/2.0.6/maven-2.0.6.pom (9 KB at 384.1 KB/sec)
[INFO] Downloading: https://repo.maven.apache.org/maven2/org/apache/maven/maven-parent/5/maven-parent-5.pom
[INFO] Downloaded: https://repo.maven.apache.org/maven2/org/apache/maven/maven-parent/5/maven-parent-5.pom (15 KB at 572.3 KB/sec)
[INFO] Downloading: https://repo.maven.apache.org/maven2/org/apache/apache/3/apache-3.pom
[INFO] Downloaded: https://repo.maven.apache.org/maven2/org/apache/apache/3/apache-3.pom (4 KB at 176.3 KB/sec)
[INFO] Downloading: https://repo.maven.apache.org/maven2/org/apache/maven/maven-project/2.0.6/maven-project-2.0.6.pom
[INFO] Downloaded: https://repo.maven.apache.org/maven2/org/apache/maven/maven-project/2.0.6/maven-project-2.0.6.pom (3 KB at 135.5 KB/sec)
[INFO] Downloading: https://repo.maven.apache.org/maven2/org/apache/maven/maven-settings/2.0.6/maven-settings-2.0.6.pom
[INFO] Downloaded: https://repo.maven.apache.org/maven2/org/apache/maven/maven-settings/2.0.6/maven-settings-2.0.6.pom (2 KB at 122.1 KB/sec)
[INFO] Downloading: https://repo.maven.apache.org/maven2/org/apache/maven/maven-model/2.0.6/maven-model-2.0.6.pom
[INFO] Downloaded: https://repo.maven.apache.org/maven2/org/apache/maven/maven-model/2.0.6/maven-model-2.0.6.pom (3 KB at 165.3 KB/sec)
[INFO] Downloading: https://repo.maven.apache.org/maven2/org/codehaus/plexus/plexus-utils/1.4.1/plexus-utils-1.4.1.pom
[INFO] Downloaded: https://repo.maven.apache.org/maven2/org/codehaus/plexus/plexus-utils/1.4.1/plexus-utils-1.4.1.pom (2 KB at 109.7 KB/sec)
[INFO] Downloading: https://repo.maven.apache.org/maven2/org/codehaus/plexus/plexus/1.0.11/plexus-1.0.11.pom
[INFO] Downloaded: https://repo.maven.apache.org/maven2/org/codehaus/plexus/plexus/1.0.11/plexus-1.0.11.pom (9 KB at 302.0 KB/sec)
[INFO] Downloading: https://repo.maven.apache.org/maven2/org/codehaus/plexus/plexus-container-default/1.0-alpha-9-stable-1/plexus-container-default-1.0-alpha-9-stable-1.pom
[INFO] Downloaded: https://repo.maven.apache.org/maven2/org/codehaus/plexus/plexus-container-default/1.0-alpha-9-stable-1/plexus-container-default-1.0-alpha-9-stable-1.pom (4 KB at 192.8 KB/sec)
[INFO] Downloading: https://repo.maven.apache.org/maven2/org/codehaus/plexus/plexus-containers/1.0.3/plexus-containers-1.0.3.pom
[INFO] Downloaded: https://repo.maven.apache.org/maven2/org/codehaus/plexus/plexus-containers/1.0.3/plexus-containers-1.0.3.pom (492 B at 26.7 KB/sec)
[INFO] Downloading: https://repo.maven.apache.org/maven2/org/codehaus/plexus/plexus/1.0.4/plexus-1.0.4.pom
[INFO] Downloaded: https://repo.maven.apache.org/maven2/org/codehaus/plexus/plexus/1.0.4/plexus-1.0.4.pom (6 KB at 280.1 KB/sec)
[INFO] Downloading: https://repo.maven.apache.org/maven2/junit/junit/3.8.1/junit-3.8.1.pom
[INFO] Downloaded: https://repo.maven.apache.org/maven2/junit/junit/3.8.1/junit-3.8.1.pom (998 B at 60.9 KB/sec)
[INFO] Downloading: https://repo.maven.apache.org/maven2/org/codehaus/plexus/plexus-utils/1.0.4/plexus-utils-1.0.4.pom
[INFO] Downloaded: https://repo.maven.apache.org/maven2/org/codehaus/plexus/plexus-utils/1.0.4/plexus-utils-1.0.4.pom (7 KB at 352.4 KB/sec)
[INFO] Downloading: https://repo.maven.apache.org/maven2/classworlds/classworlds/1.1-alpha-2/classworlds-1.1-alpha-2.pom
[INFO] Downloaded: https://repo.maven.apache.org/maven2/classworlds/classworlds/1.1-alpha-2/classworlds-1.1-alpha-2.pom (4 KB at 145.5 KB/sec)
[INFO] Downloading: https://repo.maven.apache.org/maven2/org/apache/maven/maven-profile/2.0.6/maven-profile-2.0.6.pom
[INFO] Downloaded: https://repo.maven.apache.org/maven2/org/apache/maven/maven-profile/2.0.6/maven-profile-2.0.6.pom (2 KB at 113.7 KB/sec)
[INFO] Downloading: https://repo.maven.apache.org/maven2/org/apache/maven/maven-artifact-manager/2.0.6/maven-artifact-manager-2.0.6.pom
[INFO] Downloaded: https://repo.maven.apache.org/maven2/org/apache/maven/maven-artifact-manager/2.0.6/maven-artifact-manager-2.0.6.pom (3 KB at 94.8 KB/sec)
[INFO] Downloading: https://repo.maven.apache.org/maven2/org/apache/maven/maven-repository-metadata/2.0.6/maven-repository-metadata-2.0.6.pom
[INFO] Downloaded: https://repo.maven.apache.org/maven2/org/apache/maven/maven-repository-metadata/2.0.6/maven-repository-metadata-2.0.6.pom (2 KB at 106.3 KB/sec)
[INFO] Downloading: https://repo.maven.apache.org/maven2/org/apache/maven/maven-artifact/2.0.6/maven-artifact-2.0.6.pom
[INFO] Downloaded: https://repo.maven.apache.org/maven2/org/apache/maven/maven-artifact/2.0.6/maven-artifact-2.0.6.pom (2 KB at 81.1 KB/sec)
[INFO] Downloading: https://repo.maven.apache.org/maven2/org/apache/maven/maven-plugin-registry/2.0.6/maven-plugin-registry-2.0.6.pom
[INFO] Downloaded: https://repo.maven.apache.org/maven2/org/apache/maven/maven-plugin-registry/2.0.6/maven-plugin-registry-2.0.6.pom (2 KB at 111.8 KB/sec)
[INFO] Downloading: https://repo.maven.apache.org/maven2/org/codehaus/plexus/plexus-utils/3.0.5/plexus-utils-3.0.5.pom
[INFO] Downloaded: https://repo.maven.apache.org/maven2/org/codehaus/plexus/plexus-utils/3.0.5/plexus-utils-3.0.5.pom (3 KB at 36.1 KB/sec)
[INFO] Downloading: https://repo.maven.apache.org/maven2/org/codehaus/plexus/plexus/3.1/plexus-3.1.pom
[INFO] Downloaded: https://repo.maven.apache.org/maven2/org/codehaus/plexus/plexus/3.1/plexus-3.1.pom (19 KB at 649.2 KB/sec)
[INFO] Downloading: https://repo.maven.apache.org/maven2/org/sonatype/spice/spice-parent/17/spice-parent-17.pom
[INFO] Downloaded: https://repo.maven.apache.org/maven2/org/sonatype/spice/spice-parent/17/spice-parent-17.pom (7 KB at 314.3 KB/sec)
[INFO] Downloading: https://repo.maven.apache.org/maven2/org/sonatype/forge/forge-parent/10/forge-parent-10.pom
[INFO] Downloaded: https://repo.maven.apache.org/maven2/org/sonatype/forge/forge-parent/10/forge-parent-10.pom (14 KB at 601.9 KB/sec)
[INFO] Downloading: https://repo.maven.apache.org/maven2/org/codehaus/plexus/plexus-digest/1.0/plexus-digest-1.0.pom
[INFO] Downloaded: https://repo.maven.apache.org/maven2/org/codehaus/plexus/plexus-digest/1.0/plexus-digest-1.0.pom (2 KB at 25.2 KB/sec)
[INFO] Downloading: https://repo.maven.apache.org/maven2/org/codehaus/plexus/plexus-components/1.1.7/plexus-components-1.1.7.pom
[INFO] Downloaded: https://repo.maven.apache.org/maven2/org/codehaus/plexus/plexus-components/1.1.7/plexus-components-1.1.7.pom (5 KB at 101.2 KB/sec)
[INFO] Downloading: https://repo.maven.apache.org/maven2/org/codehaus/plexus/plexus/1.0.8/plexus-1.0.8.pom
[INFO] Downloaded: https://repo.maven.apache.org/maven2/org/codehaus/plexus/plexus/1.0.8/plexus-1.0.8.pom (8 KB at 271.6 KB/sec)
[INFO] Downloading: https://repo.maven.apache.org/maven2/org/codehaus/plexus/plexus-container-default/1.0-alpha-8/plexus-container-default-1.0-alpha-8.pom
[INFO] Downloaded: https://repo.maven.apache.org/maven2/org/codehaus/plexus/plexus-container-default/1.0-alpha-8/plexus-container-default-1.0-alpha-8.pom (8 KB at 262.7 KB/sec)
[INFO] Downloading: https://repo.maven.apache.org/maven2/junit/junit/3.8.1/junit-3.8.1.jar
[INFO] Downloading: https://repo.maven.apache.org/maven2/org/codehaus/plexus/plexus-utils/3.0.5/plexus-utils-3.0.5.jar
[INFO] Downloading: https://repo.maven.apache.org/maven2/org/codehaus/plexus/plexus-digest/1.0/plexus-digest-1.0.jar
[INFO] Downloaded: https://repo.maven.apache.org/maven2/org/codehaus/plexus/plexus-digest/1.0/plexus-digest-1.0.jar (12 KB at 282.4 KB/sec)
[INFO] Downloaded: https://repo.maven.apache.org/maven2/junit/junit/3.8.1/junit-3.8.1.jar (119 KB at 1738.7 KB/sec)
[INFO] Downloaded: https://repo.maven.apache.org/maven2/org/codehaus/plexus/plexus-utils/3.0.5/plexus-utils-3.0.5.jar (226 KB at 1679.4 KB/sec)
[INFO] Installing /home/travis/build/failed/Azure/azure-sdk-for-java/runtimes/pom.xml to /home/travis/.m2/repository/com/microsoft/azure/autorest-clientruntime-for-java/1.0.0-SNAPSHOT/autorest-clientruntime-for-java-1.0.0-SNAPSHOT.pom
[INFO]                                                                         
[INFO] ------------------------------------------------------------------------
[INFO] Building Build tools for AutoRest client runtime for Java 1.0.0-SNAPSHOT
[INFO] ------------------------------------------------------------------------
[INFO] Downloading: https://repo.maven.apache.org/maven2/org/apache/maven/plugins/maven-resources-plugin/2.4.3/maven-resources-plugin-2.4.3.pom
[INFO] Downloaded: https://repo.maven.apache.org/maven2/org/apache/maven/plugins/maven-resources-plugin/2.4.3/maven-resources-plugin-2.4.3.pom (6 KB at 83.0 KB/sec)
[INFO] Downloading: https://repo.maven.apache.org/maven2/org/apache/maven/plugins/maven-plugins/18/maven-plugins-18.pom
[INFO] Downloaded: https://repo.maven.apache.org/maven2/org/apache/maven/plugins/maven-plugins/18/maven-plugins-18.pom (13 KB at 334.1 KB/sec)
[INFO] Downloading: https://repo.maven.apache.org/maven2/org/apache/maven/maven-parent/16/maven-parent-16.pom
[INFO] Downloaded: https://repo.maven.apache.org/maven2/org/apache/maven/maven-parent/16/maven-parent-16.pom (23 KB at 841.7 KB/sec)
[INFO] Downloading: https://repo.maven.apache.org/maven2/org/apache/apache/7/apache-7.pom
[INFO] Downloaded: https://repo.maven.apache.org/maven2/org/apache/apache/7/apache-7.pom (15 KB at 521.9 KB/sec)
[INFO] Downloading: https://repo.maven.apache.org/maven2/org/apache/maven/plugins/maven-resources-plugin/2.4.3/maven-resources-plugin-2.4.3.jar
[INFO] Downloaded: https://repo.maven.apache.org/maven2/org/apache/maven/plugins/maven-resources-plugin/2.4.3/maven-resources-plugin-2.4.3.jar (24 KB at 581.8 KB/sec)
[INFO] Downloading: https://repo.maven.apache.org/maven2/org/apache/maven/plugins/maven-compiler-plugin/3.1/maven-compiler-plugin-3.1.pom
[INFO] Downloaded: https://repo.maven.apache.org/maven2/org/apache/maven/plugins/maven-compiler-plugin/3.1/maven-compiler-plugin-3.1.pom (10 KB at 293.3 KB/sec)
[INFO] Downloading: https://repo.maven.apache.org/maven2/org/apache/maven/plugins/maven-plugins/24/maven-plugins-24.pom
[INFO] Downloaded: https://repo.maven.apache.org/maven2/org/apache/maven/plugins/maven-plugins/24/maven-plugins-24.pom (11 KB at 479.7 KB/sec)
[INFO] Downloading: https://repo.maven.apache.org/maven2/org/apache/maven/maven-parent/23/maven-parent-23.pom
[INFO] Downloaded: https://repo.maven.apache.org/maven2/org/apache/maven/maven-parent/23/maven-parent-23.pom (32 KB at 776.2 KB/sec)
[INFO] Downloading: https://repo.maven.apache.org/maven2/org/apache/apache/13/apache-13.pom
[INFO] Downloaded: https://repo.maven.apache.org/maven2/org/apache/apache/13/apache-13.pom (14 KB at 593.3 KB/sec)
[INFO] Downloading: https://repo.maven.apache.org/maven2/org/apache/maven/plugins/maven-compiler-plugin/3.1/maven-compiler-plugin-3.1.jar
[INFO] Downloaded: https://repo.maven.apache.org/maven2/org/apache/maven/plugins/maven-compiler-plugin/3.1/maven-compiler-plugin-3.1.jar (42 KB at 911.8 KB/sec)
[INFO] Downloading: https://repo.maven.apache.org/maven2/org/apache/maven/plugins/maven-surefire-plugin/2.18.1/maven-surefire-plugin-2.18.1.pom
[INFO] Downloaded: https://repo.maven.apache.org/maven2/org/apache/maven/plugins/maven-surefire-plugin/2.18.1/maven-surefire-plugin-2.18.1.pom (6 KB at 345.5 KB/sec)
[INFO] Downloading: https://repo.maven.apache.org/maven2/org/apache/maven/surefire/surefire/2.18.1/surefire-2.18.1.pom
[INFO] Downloaded: https://repo.maven.apache.org/maven2/org/apache/maven/surefire/surefire/2.18.1/surefire-2.18.1.pom (17 KB at 585.2 KB/sec)
[INFO] Downloading: https://repo.maven.apache.org/maven2/org/apache/maven/maven-parent/26/maven-parent-26.pom
[INFO] Downloaded: https://repo.maven.apache.org/maven2/org/apache/maven/maven-parent/26/maven-parent-26.pom (39 KB at 947.6 KB/sec)
[INFO] Downloading: https://repo.maven.apache.org/maven2/org/apache/apache/16/apache-16.pom
[INFO] Downloaded: https://repo.maven.apache.org/maven2/org/apache/apache/16/apache-16.pom (16 KB at 653.7 KB/sec)
[INFO] Downloading: https://repo.maven.apache.org/maven2/org/apache/maven/plugins/maven-surefire-plugin/2.18.1/maven-surefire-plugin-2.18.1.jar
[INFO] Downloaded: https://repo.maven.apache.org/maven2/org/apache/maven/plugins/maven-surefire-plugin/2.18.1/maven-surefire-plugin-2.18.1.jar (37 KB at 1063.2 KB/sec)
[INFO] Downloading: https://repo.maven.apache.org/maven2/org/apache/maven/plugins/maven-jar-plugin/2.4/maven-jar-plugin-2.4.pom
[INFO] Downloaded: https://repo.maven.apache.org/maven2/org/apache/maven/plugins/maven-jar-plugin/2.4/maven-jar-plugin-2.4.pom (6 KB at 299.9 KB/sec)
[INFO] Downloading: https://repo.maven.apache.org/maven2/org/apache/maven/plugins/maven-plugins/22/maven-plugins-22.pom
[INFO] Downloaded: https://repo.maven.apache.org/maven2/org/apache/maven/plugins/maven-plugins/22/maven-plugins-22.pom (13 KB at 397.9 KB/sec)
[INFO] Downloading: https://repo.maven.apache.org/maven2/org/apache/maven/maven-parent/21/maven-parent-21.pom
[INFO] Downloaded: https://repo.maven.apache.org/maven2/org/apache/maven/maven-parent/21/maven-parent-21.pom (26 KB at 887.6 KB/sec)
[INFO] Downloading: https://repo.maven.apache.org/maven2/org/apache/apache/10/apache-10.pom
[INFO] Downloaded: https://repo.maven.apache.org/maven2/org/apache/apache/10/apache-10.pom (15 KB at 602.2 KB/sec)
[INFO] Downloading: https://repo.maven.apache.org/maven2/org/apache/maven/plugins/maven-jar-plugin/2.4/maven-jar-plugin-2.4.jar
[INFO] Downloaded: https://repo.maven.apache.org/maven2/org/apache/maven/plugins/maven-jar-plugin/2.4/maven-jar-plugin-2.4.jar (34 KB at 1038.3 KB/sec)
[INFO] 
[INFO] --- maven-resources-plugin:2.4.3:resources (default-resources) @ autorest-build-tools ---
[INFO] Downloading: https://repo.maven.apache.org/maven2/org/apache/maven/maven-core/2.0.6/maven-core-2.0.6.pom
[INFO] Downloaded: https://repo.maven.apache.org/maven2/org/apache/maven/maven-core/2.0.6/maven-core-2.0.6.pom (7 KB at 327.7 KB/sec)
[INFO] Downloading: https://repo.maven.apache.org/maven2/org/apache/maven/maven-plugin-parameter-documenter/2.0.6/maven-plugin-parameter-documenter-2.0.6.pom
[INFO] Downloaded: https://repo.maven.apache.org/maven2/org/apache/maven/maven-plugin-parameter-documenter/2.0.6/maven-plugin-parameter-documenter-2.0.6.pom (2 KB at 116.6 KB/sec)
[INFO] Downloading: https://repo.maven.apache.org/maven2/org/apache/maven/reporting/maven-reporting-api/2.0.6/maven-reporting-api-2.0.6.pom
[INFO] Downloaded: https://repo.maven.apache.org/maven2/org/apache/maven/reporting/maven-reporting-api/2.0.6/maven-reporting-api-2.0.6.pom (2 KB at 53.5 KB/sec)
[INFO] Downloading: https://repo.maven.apache.org/maven2/org/apache/maven/reporting/maven-reporting/2.0.6/maven-reporting-2.0.6.pom
[INFO] Downloaded: https://repo.maven.apache.org/maven2/org/apache/maven/reporting/maven-reporting/2.0.6/maven-reporting-2.0.6.pom (2 KB at 48.5 KB/sec)
[INFO] Downloading: https://repo.maven.apache.org/maven2/org/apache/maven/doxia/doxia-sink-api/1.0-alpha-7/doxia-sink-api-1.0-alpha-7.pom
[INFO] Downloaded: https://repo.maven.apache.org/maven2/org/apache/maven/doxia/doxia-sink-api/1.0-alpha-7/doxia-sink-api-1.0-alpha-7.pom (424 B at 19.7 KB/sec)
[INFO] Downloading: https://repo.maven.apache.org/maven2/org/apache/maven/doxia/doxia/1.0-alpha-7/doxia-1.0-alpha-7.pom
[INFO] Downloaded: https://repo.maven.apache.org/maven2/org/apache/maven/doxia/doxia/1.0-alpha-7/doxia-1.0-alpha-7.pom (4 KB at 152.9 KB/sec)
[INFO] Downloading: https://repo.maven.apache.org/maven2/org/apache/maven/maven-error-diagnostics/2.0.6/maven-error-diagnostics-2.0.6.pom
[INFO] Downloaded: https://repo.maven.apache.org/maven2/org/apache/maven/maven-error-diagnostics/2.0.6/maven-error-diagnostics-2.0.6.pom (2 KB at 97.9 KB/sec)
[INFO] Downloading: https://repo.maven.apache.org/maven2/commons-cli/commons-cli/1.0/commons-cli-1.0.pom
[INFO] Downloaded: https://repo.maven.apache.org/maven2/commons-cli/commons-cli/1.0/commons-cli-1.0.pom (3 KB at 97.9 KB/sec)
[INFO] Downloading: https://repo.maven.apache.org/maven2/org/apache/maven/maven-plugin-descriptor/2.0.6/maven-plugin-descriptor-2.0.6.pom
[INFO] Downloaded: https://repo.maven.apache.org/maven2/org/apache/maven/maven-plugin-descriptor/2.0.6/maven-plugin-descriptor-2.0.6.pom (2 KB at 115.9 KB/sec)
[INFO] Downloading: https://repo.maven.apache.org/maven2/org/codehaus/plexus/plexus-interactivity-api/1.0-alpha-4/plexus-interactivity-api-1.0-alpha-4.pom
[INFO] Downloaded: https://repo.maven.apache.org/maven2/org/codehaus/plexus/plexus-interactivity-api/1.0-alpha-4/plexus-interactivity-api-1.0-alpha-4.pom (7 KB at 247.3 KB/sec)
[INFO] Downloading: https://repo.maven.apache.org/maven2/org/apache/maven/maven-monitor/2.0.6/maven-monitor-2.0.6.pom
[INFO] Downloaded: https://repo.maven.apache.org/maven2/org/apache/maven/maven-monitor/2.0.6/maven-monitor-2.0.6.pom (2 KB at 81.6 KB/sec)
[INFO] Downloading: https://repo.maven.apache.org/maven2/classworlds/classworlds/1.1/classworlds-1.1.pom
[INFO] Downloaded: https://repo.maven.apache.org/maven2/classworlds/classworlds/1.1/classworlds-1.1.pom (4 KB at 202.9 KB/sec)
[INFO] Downloading: https://repo.maven.apache.org/maven2/org/codehaus/plexus/plexus-utils/2.0.5/plexus-utils-2.0.5.pom
[INFO] Downloaded: https://repo.maven.apache.org/maven2/org/codehaus/plexus/plexus-utils/2.0.5/plexus-utils-2.0.5.pom (4 KB at 162.8 KB/sec)
[INFO] Downloading: https://repo.maven.apache.org/maven2/org/codehaus/plexus/plexus/2.0.6/plexus-2.0.6.pom
[INFO] Downloaded: https://repo.maven.apache.org/maven2/org/codehaus/plexus/plexus/2.0.6/plexus-2.0.6.pom (17 KB at 711.7 KB/sec)
[INFO] Downloading: https://repo.maven.apache.org/maven2/org/apache/maven/shared/maven-filtering/1.0-beta-4/maven-filtering-1.0-beta-4.pom
[INFO] Downloaded: https://repo.maven.apache.org/maven2/org/apache/maven/shared/maven-filtering/1.0-beta-4/maven-filtering-1.0-beta-4.pom (5 KB at 239.1 KB/sec)
[INFO] Downloading: https://repo.maven.apache.org/maven2/org/apache/maven/shared/maven-shared-components/15/maven-shared-components-15.pom
[INFO] Downloaded: https://repo.maven.apache.org/maven2/org/apache/maven/shared/maven-shared-components/15/maven-shared-components-15.pom (10 KB at 455.9 KB/sec)
[INFO] Downloading: https://repo.maven.apache.org/maven2/org/codehaus/plexus/plexus-utils/1.5.15/plexus-utils-1.5.15.pom
[INFO] Downloaded: https://repo.maven.apache.org/maven2/org/codehaus/plexus/plexus-utils/1.5.15/plexus-utils-1.5.15.pom (7 KB at 278.7 KB/sec)
[INFO] Downloading: https://repo.maven.apache.org/maven2/org/codehaus/plexus/plexus/2.0.2/plexus-2.0.2.pom
[INFO] Downloaded: https://repo.maven.apache.org/maven2/org/codehaus/plexus/plexus/2.0.2/plexus-2.0.2.pom (12 KB at 391.0 KB/sec)
[INFO] Downloading: https://repo.maven.apache.org/maven2/org/codehaus/plexus/plexus-interpolation/1.12/plexus-interpolation-1.12.pom
[INFO] Downloaded: https://repo.maven.apache.org/maven2/org/codehaus/plexus/plexus-interpolation/1.12/plexus-interpolation-1.12.pom (889 B at 57.9 KB/sec)
[INFO] Downloading: https://repo.maven.apache.org/maven2/org/codehaus/plexus/plexus-components/1.1.14/plexus-components-1.1.14.pom
[INFO] Downloaded: https://repo.maven.apache.org/maven2/org/codehaus/plexus/plexus-components/1.1.14/plexus-components-1.1.14.pom (6 KB at 316.9 KB/sec)
[INFO] Downloading: https://repo.maven.apache.org/maven2/org/sonatype/plexus/plexus-build-api/0.0.4/plexus-build-api-0.0.4.pom
[INFO] Downloaded: https://repo.maven.apache.org/maven2/org/sonatype/plexus/plexus-build-api/0.0.4/plexus-build-api-0.0.4.pom (3 KB at 186.4 KB/sec)
[INFO] Downloading: https://repo.maven.apache.org/maven2/org/sonatype/spice/spice-parent/10/spice-parent-10.pom
[INFO] Downloaded: https://repo.maven.apache.org/maven2/org/sonatype/spice/spice-parent/10/spice-parent-10.pom (3 KB at 184.0 KB/sec)
[INFO] Downloading: https://repo.maven.apache.org/maven2/org/sonatype/forge/forge-parent/3/forge-parent-3.pom
[INFO] Downloaded: https://repo.maven.apache.org/maven2/org/sonatype/forge/forge-parent/3/forge-parent-3.pom (5 KB at 289.1 KB/sec)
[INFO] Downloading: https://repo.maven.apache.org/maven2/org/codehaus/plexus/plexus-utils/1.5.8/plexus-utils-1.5.8.pom
[INFO] Downloaded: https://repo.maven.apache.org/maven2/org/codehaus/plexus/plexus-utils/1.5.8/plexus-utils-1.5.8.pom (8 KB at 375.0 KB/sec)
[INFO] Downloading: https://repo.maven.apache.org/maven2/org/codehaus/plexus/plexus-interpolation/1.13/plexus-interpolation-1.13.pom
[INFO] Downloaded: https://repo.maven.apache.org/maven2/org/codehaus/plexus/plexus-interpolation/1.13/plexus-interpolation-1.13.pom (890 B at 57.9 KB/sec)
[INFO] Downloading: https://repo.maven.apache.org/maven2/org/codehaus/plexus/plexus-components/1.1.15/plexus-components-1.1.15.pom
[INFO] Downloaded: https://repo.maven.apache.org/maven2/org/codehaus/plexus/plexus-components/1.1.15/plexus-components-1.1.15.pom (3 KB at 146.4 KB/sec)
[INFO] Downloading: https://repo.maven.apache.org/maven2/org/codehaus/plexus/plexus/2.0.3/plexus-2.0.3.pom
[INFO] Downloaded: https://repo.maven.apache.org/maven2/org/codehaus/plexus/plexus/2.0.3/plexus-2.0.3.pom (16 KB at 520.6 KB/sec)
[INFO] Downloading: https://repo.maven.apache.org/maven2/org/apache/maven/reporting/maven-reporting-api/2.0.6/maven-reporting-api-2.0.6.jar
[INFO] Downloading: https://repo.maven.apache.org/maven2/org/apache/maven/doxia/doxia-sink-api/1.0-alpha-7/doxia-sink-api-1.0-alpha-7.jar
[INFO] Downloading: https://repo.maven.apache.org/maven2/commons-cli/commons-cli/1.0/commons-cli-1.0.jar
[INFO] Downloading: https://repo.maven.apache.org/maven2/org/codehaus/plexus/plexus-interactivity-api/1.0-alpha-4/plexus-interactivity-api-1.0-alpha-4.jar
[INFO] Downloading: https://repo.maven.apache.org/maven2/org/codehaus/plexus/plexus-utils/2.0.5/plexus-utils-2.0.5.jar
[INFO] Downloaded: https://repo.maven.apache.org/maven2/org/apache/maven/reporting/maven-reporting-api/2.0.6/maven-reporting-api-2.0.6.jar (10 KB at 313.2 KB/sec)
[INFO] Downloaded: https://repo.maven.apache.org/maven2/org/apache/maven/doxia/doxia-sink-api/1.0-alpha-7/doxia-sink-api-1.0-alpha-7.jar (6 KB at 187.0 KB/sec)
[INFO] Downloading: https://repo.maven.apache.org/maven2/org/apache/maven/shared/maven-filtering/1.0-beta-4/maven-filtering-1.0-beta-4.jar
[INFO] Downloading: https://repo.maven.apache.org/maven2/org/sonatype/plexus/plexus-build-api/0.0.4/plexus-build-api-0.0.4.jar
[INFO] Downloaded: https://repo.maven.apache.org/maven2/commons-cli/commons-cli/1.0/commons-cli-1.0.jar (30 KB at 794.9 KB/sec)
[INFO] Downloading: https://repo.maven.apache.org/maven2/org/codehaus/plexus/plexus-interpolation/1.13/plexus-interpolation-1.13.jar
[INFO] Downloaded: https://repo.maven.apache.org/maven2/org/codehaus/plexus/plexus-interactivity-api/1.0-alpha-4/plexus-interactivity-api-1.0-alpha-4.jar (14 KB at 267.2 KB/sec)
[INFO] Downloaded: https://repo.maven.apache.org/maven2/org/sonatype/plexus/plexus-build-api/0.0.4/plexus-build-api-0.0.4.jar (7 KB at 133.0 KB/sec)
[INFO] Downloaded: https://repo.maven.apache.org/maven2/org/apache/maven/shared/maven-filtering/1.0-beta-4/maven-filtering-1.0-beta-4.jar (34 KB at 411.1 KB/sec)
[INFO] Downloaded: https://repo.maven.apache.org/maven2/org/codehaus/plexus/plexus-interpolation/1.13/plexus-interpolation-1.13.jar (60 KB at 727.1 KB/sec)
[INFO] Downloaded: https://repo.maven.apache.org/maven2/org/codehaus/plexus/plexus-utils/2.0.5/plexus-utils-2.0.5.jar (218 KB at 1702.7 KB/sec)
[INFO] Using 'UTF-8' encoding to copy filtered resources.
[INFO] Copying 2 resources
[INFO] 
[INFO] --- maven-compiler-plugin:3.1:compile (default-compile) @ autorest-build-tools ---
[INFO] Downloading: https://repo.maven.apache.org/maven2/org/apache/maven/maven-plugin-api/2.0.9/maven-plugin-api-2.0.9.pom
[INFO] Downloaded: https://repo.maven.apache.org/maven2/org/apache/maven/maven-plugin-api/2.0.9/maven-plugin-api-2.0.9.pom (2 KB at 85.8 KB/sec)
[INFO] Downloading: https://repo.maven.apache.org/maven2/org/apache/maven/maven/2.0.9/maven-2.0.9.pom
[INFO] Downloaded: https://repo.maven.apache.org/maven2/org/apache/maven/maven/2.0.9/maven-2.0.9.pom (19 KB at 659.4 KB/sec)
[INFO] Downloading: https://repo.maven.apache.org/maven2/org/apache/maven/maven-parent/8/maven-parent-8.pom
[INFO] Downloaded: https://repo.maven.apache.org/maven2/org/apache/maven/maven-parent/8/maven-parent-8.pom (24 KB at 872.9 KB/sec)
[INFO] Downloading: https://repo.maven.apache.org/maven2/org/apache/apache/4/apache-4.pom
[INFO] Downloaded: https://repo.maven.apache.org/maven2/org/apache/apache/4/apache-4.pom (5 KB at 209.0 KB/sec)
[INFO] Downloading: https://repo.maven.apache.org/maven2/org/apache/maven/maven-artifact/2.0.9/maven-artifact-2.0.9.pom
[INFO] Downloaded: https://repo.maven.apache.org/maven2/org/apache/maven/maven-artifact/2.0.9/maven-artifact-2.0.9.pom (2 KB at 98.8 KB/sec)
[INFO] Downloading: https://repo.maven.apache.org/maven2/org/codehaus/plexus/plexus-utils/1.5.1/plexus-utils-1.5.1.pom
[INFO] Downloaded: https://repo.maven.apache.org/maven2/org/codehaus/plexus/plexus-utils/1.5.1/plexus-utils-1.5.1.pom (3 KB at 124.6 KB/sec)
[INFO] Downloading: https://repo.maven.apache.org/maven2/org/apache/maven/maven-core/2.0.9/maven-core-2.0.9.pom
[INFO] Downloaded: https://repo.maven.apache.org/maven2/org/apache/maven/maven-core/2.0.9/maven-core-2.0.9.pom (8 KB at 422.4 KB/sec)
[INFO] Downloading: https://repo.maven.apache.org/maven2/org/apache/maven/maven-settings/2.0.9/maven-settings-2.0.9.pom
[INFO] Downloaded: https://repo.maven.apache.org/maven2/org/apache/maven/maven-settings/2.0.9/maven-settings-2.0.9.pom (3 KB at 125.6 KB/sec)
[INFO] Downloading: https://repo.maven.apache.org/maven2/org/apache/maven/maven-model/2.0.9/maven-model-2.0.9.pom
[INFO] Downloaded: https://repo.maven.apache.org/maven2/org/apache/maven/maven-model/2.0.9/maven-model-2.0.9.pom (4 KB at 191.7 KB/sec)
[INFO] Downloading: https://repo.maven.apache.org/maven2/org/apache/maven/maven-plugin-parameter-documenter/2.0.9/maven-plugin-parameter-documenter-2.0.9.pom
[INFO] Downloaded: https://repo.maven.apache.org/maven2/org/apache/maven/maven-plugin-parameter-documenter/2.0.9/maven-plugin-parameter-documenter-2.0.9.pom (2 KB at 127.9 KB/sec)
[INFO] Downloading: https://repo.maven.apache.org/maven2/org/apache/maven/maven-profile/2.0.9/maven-profile-2.0.9.pom
[INFO] Downloaded: https://repo.maven.apache.org/maven2/org/apache/maven/maven-profile/2.0.9/maven-profile-2.0.9.pom (3 KB at 133.5 KB/sec)
[INFO] Downloading: https://repo.maven.apache.org/maven2/org/apache/maven/maven-repository-metadata/2.0.9/maven-repository-metadata-2.0.9.pom
[INFO] Downloaded: https://repo.maven.apache.org/maven2/org/apache/maven/maven-repository-metadata/2.0.9/maven-repository-metadata-2.0.9.pom (2 KB at 109.2 KB/sec)
[INFO] Downloading: https://repo.maven.apache.org/maven2/org/apache/maven/maven-error-diagnostics/2.0.9/maven-error-diagnostics-2.0.9.pom
[INFO] Downloaded: https://repo.maven.apache.org/maven2/org/apache/maven/maven-error-diagnostics/2.0.9/maven-error-diagnostics-2.0.9.pom (2 KB at 63.1 KB/sec)
[INFO] Downloading: https://repo.maven.apache.org/maven2/org/apache/maven/maven-project/2.0.9/maven-project-2.0.9.pom
[INFO] Downloaded: https://repo.maven.apache.org/maven2/org/apache/maven/maven-project/2.0.9/maven-project-2.0.9.pom (3 KB at 155.7 KB/sec)
[INFO] Downloading: https://repo.maven.apache.org/maven2/org/apache/maven/maven-artifact-manager/2.0.9/maven-artifact-manager-2.0.9.pom
[INFO] Downloaded: https://repo.maven.apache.org/maven2/org/apache/maven/maven-artifact-manager/2.0.9/maven-artifact-manager-2.0.9.pom (3 KB at 155.1 KB/sec)
[INFO] Downloading: https://repo.maven.apache.org/maven2/org/apache/maven/maven-plugin-registry/2.0.9/maven-plugin-registry-2.0.9.pom
[INFO] Downloaded: https://repo.maven.apache.org/maven2/org/apache/maven/maven-plugin-registry/2.0.9/maven-plugin-registry-2.0.9.pom (2 KB at 120.3 KB/sec)
[INFO] Downloading: https://repo.maven.apache.org/maven2/org/apache/maven/maven-plugin-descriptor/2.0.9/maven-plugin-descriptor-2.0.9.pom
[INFO] Downloaded: https://repo.maven.apache.org/maven2/org/apache/maven/maven-plugin-descriptor/2.0.9/maven-plugin-descriptor-2.0.9.pom (3 KB at 88.1 KB/sec)
[INFO] Downloading: https://repo.maven.apache.org/maven2/org/apache/maven/maven-monitor/2.0.9/maven-monitor-2.0.9.pom
[INFO] Downloaded: https://repo.maven.apache.org/maven2/org/apache/maven/maven-monitor/2.0.9/maven-monitor-2.0.9.pom (2 KB at 78.4 KB/sec)
[INFO] Downloading: https://repo.maven.apache.org/maven2/org/apache/maven/maven-toolchain/1.0/maven-toolchain-1.0.pom
[INFO] Downloaded: https://repo.maven.apache.org/maven2/org/apache/maven/maven-toolchain/1.0/maven-toolchain-1.0.pom (4 KB at 196.1 KB/sec)
[INFO] Downloading: https://repo.maven.apache.org/maven2/org/apache/maven/shared/maven-shared-utils/0.1/maven-shared-utils-0.1.pom
[INFO] Downloaded: https://repo.maven.apache.org/maven2/org/apache/maven/shared/maven-shared-utils/0.1/maven-shared-utils-0.1.pom (4 KB at 208.0 KB/sec)
[INFO] Downloading: https://repo.maven.apache.org/maven2/org/apache/maven/shared/maven-shared-components/18/maven-shared-components-18.pom
[INFO] Downloaded: https://repo.maven.apache.org/maven2/org/apache/maven/shared/maven-shared-components/18/maven-shared-components-18.pom (5 KB at 267.7 KB/sec)
[INFO] Downloading: https://repo.maven.apache.org/maven2/com/google/code/findbugs/jsr305/2.0.1/jsr305-2.0.1.pom
[INFO] Downloaded: https://repo.maven.apache.org/maven2/com/google/code/findbugs/jsr305/2.0.1/jsr305-2.0.1.pom (965 B at 55.4 KB/sec)
[INFO] Downloading: https://repo.maven.apache.org/maven2/org/apache/maven/shared/maven-shared-incremental/1.1/maven-shared-incremental-1.1.pom
[INFO] Downloaded: https://repo.maven.apache.org/maven2/org/apache/maven/shared/maven-shared-incremental/1.1/maven-shared-incremental-1.1.pom (5 KB at 243.7 KB/sec)
[INFO] Downloading: https://repo.maven.apache.org/maven2/org/apache/maven/shared/maven-shared-components/19/maven-shared-components-19.pom
[INFO] Downloaded: https://repo.maven.apache.org/maven2/org/apache/maven/shared/maven-shared-components/19/maven-shared-components-19.pom (7 KB at 345.0 KB/sec)
[INFO] Downloading: https://repo.maven.apache.org/maven2/org/apache/maven/maven-plugin-api/2.2.1/maven-plugin-api-2.2.1.pom
[INFO] Downloaded: https://repo.maven.apache.org/maven2/org/apache/maven/maven-plugin-api/2.2.1/maven-plugin-api-2.2.1.pom (2 KB at 71.2 KB/sec)
[INFO] Downloading: https://repo.maven.apache.org/maven2/org/apache/maven/maven/2.2.1/maven-2.2.1.pom
[INFO] Downloaded: https://repo.maven.apache.org/maven2/org/apache/maven/maven/2.2.1/maven-2.2.1.pom (22 KB at 429.1 KB/sec)
[INFO] Downloading: https://repo.maven.apache.org/maven2/org/apache/maven/maven-parent/11/maven-parent-11.pom
[INFO] Downloaded: https://repo.maven.apache.org/maven2/org/apache/maven/maven-parent/11/maven-parent-11.pom (32 KB at 879.2 KB/sec)
[INFO] Downloading: https://repo.maven.apache.org/maven2/org/apache/apache/5/apache-5.pom
[INFO] Downloaded: https://repo.maven.apache.org/maven2/org/apache/apache/5/apache-5.pom (5 KB at 250.1 KB/sec)
[INFO] Downloading: https://repo.maven.apache.org/maven2/org/apache/maven/maven-core/2.2.1/maven-core-2.2.1.pom
[INFO] Downloaded: https://repo.maven.apache.org/maven2/org/apache/maven/maven-core/2.2.1/maven-core-2.2.1.pom (12 KB at 473.3 KB/sec)
[INFO] Downloading: https://repo.maven.apache.org/maven2/org/apache/maven/maven-settings/2.2.1/maven-settings-2.2.1.pom
[INFO] Downloaded: https://repo.maven.apache.org/maven2/org/apache/maven/maven-settings/2.2.1/maven-settings-2.2.1.pom (3 KB at 125.2 KB/sec)
[INFO] Downloading: https://repo.maven.apache.org/maven2/org/apache/maven/maven-model/2.2.1/maven-model-2.2.1.pom
[INFO] Downloaded: https://repo.maven.apache.org/maven2/org/apache/maven/maven-model/2.2.1/maven-model-2.2.1.pom (4 KB at 186.1 KB/sec)
[INFO] Downloading: https://repo.maven.apache.org/maven2/org/codehaus/plexus/plexus-interpolation/1.11/plexus-interpolation-1.11.pom
[INFO] Downloaded: https://repo.maven.apache.org/maven2/org/codehaus/plexus/plexus-interpolation/1.11/plexus-interpolation-1.11.pom (889 B at 57.9 KB/sec)
[INFO] Downloading: https://repo.maven.apache.org/maven2/org/apache/maven/maven-plugin-parameter-documenter/2.2.1/maven-plugin-parameter-documenter-2.2.1.pom
[INFO] Downloaded: https://repo.maven.apache.org/maven2/org/apache/maven/maven-plugin-parameter-documenter/2.2.1/maven-plugin-parameter-documenter-2.2.1.pom (2 KB at 106.2 KB/sec)
[INFO] Downloading: https://repo.maven.apache.org/maven2/org/slf4j/slf4j-jdk14/1.5.6/slf4j-jdk14-1.5.6.pom
[INFO] Downloaded: https://repo.maven.apache.org/maven2/org/slf4j/slf4j-jdk14/1.5.6/slf4j-jdk14-1.5.6.pom (2 KB at 77.2 KB/sec)
[INFO] Downloading: https://repo.maven.apache.org/maven2/org/slf4j/slf4j-parent/1.5.6/slf4j-parent-1.5.6.pom
[INFO] Downloaded: https://repo.maven.apache.org/maven2/org/slf4j/slf4j-parent/1.5.6/slf4j-parent-1.5.6.pom (8 KB at 429.7 KB/sec)
[INFO] Downloading: https://repo.maven.apache.org/maven2/org/slf4j/slf4j-api/1.5.6/slf4j-api-1.5.6.pom
[INFO] Downloaded: https://repo.maven.apache.org/maven2/org/slf4j/slf4j-api/1.5.6/slf4j-api-1.5.6.pom (3 KB at 171.4 KB/sec)
[INFO] Downloading: https://repo.maven.apache.org/maven2/org/slf4j/jcl-over-slf4j/1.5.6/jcl-over-slf4j-1.5.6.pom
[INFO] Downloaded: https://repo.maven.apache.org/maven2/org/slf4j/jcl-over-slf4j/1.5.6/jcl-over-slf4j-1.5.6.pom (3 KB at 132.4 KB/sec)
[INFO] Downloading: https://repo.maven.apache.org/maven2/org/apache/maven/maven-profile/2.2.1/maven-profile-2.2.1.pom
[INFO] Downloaded: https://repo.maven.apache.org/maven2/org/apache/maven/maven-profile/2.2.1/maven-profile-2.2.1.pom (3 KB at 132.5 KB/sec)
[INFO] Downloading: https://repo.maven.apache.org/maven2/org/apache/maven/maven-artifact/2.2.1/maven-artifact-2.2.1.pom
[INFO] Downloaded: https://repo.maven.apache.org/maven2/org/apache/maven/maven-artifact/2.2.1/maven-artifact-2.2.1.pom (2 KB at 102.9 KB/sec)
[INFO] Downloading: https://repo.maven.apache.org/maven2/org/apache/maven/maven-repository-metadata/2.2.1/maven-repository-metadata-2.2.1.pom
[INFO] Downloaded: https://repo.maven.apache.org/maven2/org/apache/maven/maven-repository-metadata/2.2.1/maven-repository-metadata-2.2.1.pom (2 KB at 114.2 KB/sec)
[INFO] Downloading: https://repo.maven.apache.org/maven2/org/apache/maven/maven-error-diagnostics/2.2.1/maven-error-diagnostics-2.2.1.pom
[INFO] Downloaded: https://repo.maven.apache.org/maven2/org/apache/maven/maven-error-diagnostics/2.2.1/maven-error-diagnostics-2.2.1.pom (2 KB at 111.2 KB/sec)
[INFO] Downloading: https://repo.maven.apache.org/maven2/org/apache/maven/maven-project/2.2.1/maven-project-2.2.1.pom
[INFO] Downloaded: https://repo.maven.apache.org/maven2/org/apache/maven/maven-project/2.2.1/maven-project-2.2.1.pom (3 KB at 159.3 KB/sec)
[INFO] Downloading: https://repo.maven.apache.org/maven2/org/apache/maven/maven-artifact-manager/2.2.1/maven-artifact-manager-2.2.1.pom
[INFO] Downloaded: https://repo.maven.apache.org/maven2/org/apache/maven/maven-artifact-manager/2.2.1/maven-artifact-manager-2.2.1.pom (4 KB at 178.3 KB/sec)
[INFO] Downloading: https://repo.maven.apache.org/maven2/backport-util-concurrent/backport-util-concurrent/3.1/backport-util-concurrent-3.1.pom
[INFO] Downloaded: https://repo.maven.apache.org/maven2/backport-util-concurrent/backport-util-concurrent/3.1/backport-util-concurrent-3.1.pom (880 B at 57.3 KB/sec)
[INFO] Downloading: https://repo.maven.apache.org/maven2/org/apache/maven/maven-plugin-registry/2.2.1/maven-plugin-registry-2.2.1.pom
[INFO] Downloaded: https://repo.maven.apache.org/maven2/org/apache/maven/maven-plugin-registry/2.2.1/maven-plugin-registry-2.2.1.pom (2 KB at 125.6 KB/sec)
[INFO] Downloading: https://repo.maven.apache.org/maven2/org/apache/maven/maven-plugin-descriptor/2.2.1/maven-plugin-descriptor-2.2.1.pom
[INFO] Downloaded: https://repo.maven.apache.org/maven2/org/apache/maven/maven-plugin-descriptor/2.2.1/maven-plugin-descriptor-2.2.1.pom (3 KB at 126.0 KB/sec)
[INFO] Downloading: https://repo.maven.apache.org/maven2/org/apache/maven/maven-monitor/2.2.1/maven-monitor-2.2.1.pom
[INFO] Downloaded: https://repo.maven.apache.org/maven2/org/apache/maven/maven-monitor/2.2.1/maven-monitor-2.2.1.pom (2 KB at 81.8 KB/sec)
[INFO] Downloading: https://repo.maven.apache.org/maven2/org/sonatype/plexus/plexus-sec-dispatcher/1.3/plexus-sec-dispatcher-1.3.pom
[INFO] Downloaded: https://repo.maven.apache.org/maven2/org/sonatype/plexus/plexus-sec-dispatcher/1.3/plexus-sec-dispatcher-1.3.pom (3 KB at 170.1 KB/sec)
[INFO] Downloading: https://repo.maven.apache.org/maven2/org/sonatype/spice/spice-parent/12/spice-parent-12.pom
[INFO] Downloaded: https://repo.maven.apache.org/maven2/org/sonatype/spice/spice-parent/12/spice-parent-12.pom (7 KB at 349.4 KB/sec)
[INFO] Downloading: https://repo.maven.apache.org/maven2/org/sonatype/forge/forge-parent/4/forge-parent-4.pom
[INFO] Downloaded: https://repo.maven.apache.org/maven2/org/sonatype/forge/forge-parent/4/forge-parent-4.pom (9 KB at 410.0 KB/sec)
[INFO] Downloading: https://repo.maven.apache.org/maven2/org/codehaus/plexus/plexus-utils/1.5.5/plexus-utils-1.5.5.pom
[INFO] Downloaded: https://repo.maven.apache.org/maven2/org/codehaus/plexus/plexus-utils/1.5.5/plexus-utils-1.5.5.pom (6 KB at 279.2 KB/sec)
[INFO] Downloading: https://repo.maven.apache.org/maven2/org/sonatype/plexus/plexus-cipher/1.4/plexus-cipher-1.4.pom
[INFO] Downloaded: https://repo.maven.apache.org/maven2/org/sonatype/plexus/plexus-cipher/1.4/plexus-cipher-1.4.pom (3 KB at 118.6 KB/sec)
[INFO] Downloading: https://repo.maven.apache.org/maven2/org/codehaus/plexus/plexus-component-annotations/1.5.5/plexus-component-annotations-1.5.5.pom
[INFO] Downloaded: https://repo.maven.apache.org/maven2/org/codehaus/plexus/plexus-component-annotations/1.5.5/plexus-component-annotations-1.5.5.pom (815 B at 44.2 KB/sec)
[INFO] Downloading: https://repo.maven.apache.org/maven2/org/codehaus/plexus/plexus-containers/1.5.5/plexus-containers-1.5.5.pom
[INFO] Downloaded: https://repo.maven.apache.org/maven2/org/codehaus/plexus/plexus-containers/1.5.5/plexus-containers-1.5.5.pom (5 KB at 276.0 KB/sec)
[INFO] Downloading: https://repo.maven.apache.org/maven2/org/codehaus/plexus/plexus/2.0.7/plexus-2.0.7.pom
[INFO] Downloaded: https://repo.maven.apache.org/maven2/org/codehaus/plexus/plexus/2.0.7/plexus-2.0.7.pom (17 KB at 649.6 KB/sec)
[INFO] Downloading: https://repo.maven.apache.org/maven2/org/codehaus/plexus/plexus-compiler-api/2.2/plexus-compiler-api-2.2.pom
[INFO] Downloaded: https://repo.maven.apache.org/maven2/org/codehaus/plexus/plexus-compiler-api/2.2/plexus-compiler-api-2.2.pom (865 B at 56.3 KB/sec)
[INFO] Downloading: https://repo.maven.apache.org/maven2/org/codehaus/plexus/plexus-compiler/2.2/plexus-compiler-2.2.pom
[INFO] Downloaded: https://repo.maven.apache.org/maven2/org/codehaus/plexus/plexus-compiler/2.2/plexus-compiler-2.2.pom (4 KB at 235.3 KB/sec)
[INFO] Downloading: https://repo.maven.apache.org/maven2/org/codehaus/plexus/plexus-components/1.3.1/plexus-components-1.3.1.pom
[INFO] Downloaded: https://repo.maven.apache.org/maven2/org/codehaus/plexus/plexus-components/1.3.1/plexus-components-1.3.1.pom (3 KB at 199.5 KB/sec)
[INFO] Downloading: https://repo.maven.apache.org/maven2/org/codehaus/plexus/plexus/3.3.1/plexus-3.3.1.pom
[INFO] Downloaded: https://repo.maven.apache.org/maven2/org/codehaus/plexus/plexus/3.3.1/plexus-3.3.1.pom (20 KB at 768.0 KB/sec)
[INFO] Downloading: https://repo.maven.apache.org/maven2/org/codehaus/plexus/plexus-utils/3.0.8/plexus-utils-3.0.8.pom
[INFO] Downloaded: https://repo.maven.apache.org/maven2/org/codehaus/plexus/plexus-utils/3.0.8/plexus-utils-3.0.8.pom (4 KB at 191.8 KB/sec)
[INFO] Downloading: https://repo.maven.apache.org/maven2/org/codehaus/plexus/plexus/3.2/plexus-3.2.pom
[INFO] Downloaded: https://repo.maven.apache.org/maven2/org/codehaus/plexus/plexus/3.2/plexus-3.2.pom (19 KB at 732.3 KB/sec)
[INFO] Downloading: https://repo.maven.apache.org/maven2/org/codehaus/plexus/plexus-compiler-manager/2.2/plexus-compiler-manager-2.2.pom
[INFO] Downloaded: https://repo.maven.apache.org/maven2/org/codehaus/plexus/plexus-compiler-manager/2.2/plexus-compiler-manager-2.2.pom (690 B at 42.1 KB/sec)
[INFO] Downloading: https://repo.maven.apache.org/maven2/org/codehaus/plexus/plexus-compiler-javac/2.2/plexus-compiler-javac-2.2.pom
[INFO] Downloaded: https://repo.maven.apache.org/maven2/org/codehaus/plexus/plexus-compiler-javac/2.2/plexus-compiler-javac-2.2.pom (769 B at 53.6 KB/sec)
[INFO] Downloading: https://repo.maven.apache.org/maven2/org/codehaus/plexus/plexus-compilers/2.2/plexus-compilers-2.2.pom
[INFO] Downloaded: https://repo.maven.apache.org/maven2/org/codehaus/plexus/plexus-compilers/2.2/plexus-compilers-2.2.pom (2 KB at 80.8 KB/sec)
[INFO] Downloading: https://repo.maven.apache.org/maven2/org/codehaus/plexus/plexus-container-default/1.5.5/plexus-container-default-1.5.5.pom
[INFO] Downloaded: https://repo.maven.apache.org/maven2/org/codehaus/plexus/plexus-container-default/1.5.5/plexus-container-default-1.5.5.pom (3 KB at 179.4 KB/sec)
[INFO] Downloading: https://repo.maven.apache.org/maven2/org/codehaus/plexus/plexus-utils/1.4.5/plexus-utils-1.4.5.pom
[INFO] Downloaded: https://repo.maven.apache.org/maven2/org/codehaus/plexus/plexus-utils/1.4.5/plexus-utils-1.4.5.pom (3 KB at 147.5 KB/sec)
[INFO] Downloading: https://repo.maven.apache.org/maven2/org/codehaus/plexus/plexus-classworlds/2.2.2/plexus-classworlds-2.2.2.pom
[INFO] Downloaded: https://repo.maven.apache.org/maven2/org/codehaus/plexus/plexus-classworlds/2.2.2/plexus-classworlds-2.2.2.pom (4 KB at 231.7 KB/sec)
[INFO] Downloading: https://repo.maven.apache.org/maven2/org/apache/xbean/xbean-reflect/3.4/xbean-reflect-3.4.pom
[INFO] Downloaded: https://repo.maven.apache.org/maven2/org/apache/xbean/xbean-reflect/3.4/xbean-reflect-3.4.pom (3 KB at 171.4 KB/sec)
[INFO] Downloading: https://repo.maven.apache.org/maven2/org/apache/xbean/xbean/3.4/xbean-3.4.pom
[INFO] Downloaded: https://repo.maven.apache.org/maven2/org/apache/xbean/xbean/3.4/xbean-3.4.pom (19 KB at 624.1 KB/sec)
[INFO] Downloading: https://repo.maven.apache.org/maven2/log4j/log4j/1.2.12/log4j-1.2.12.pom
[INFO] Downloaded: https://repo.maven.apache.org/maven2/log4j/log4j/1.2.12/log4j-1.2.12.pom (145 B at 10.1 KB/sec)
[INFO] Downloading: https://repo.maven.apache.org/maven2/commons-logging/commons-logging-api/1.1/commons-logging-api-1.1.pom
[INFO] Downloaded: https://repo.maven.apache.org/maven2/commons-logging/commons-logging-api/1.1/commons-logging-api-1.1.pom (6 KB at 290.1 KB/sec)
[INFO] Downloading: https://repo.maven.apache.org/maven2/com/google/collections/google-collections/1.0/google-collections-1.0.pom
[INFO] Downloaded: https://repo.maven.apache.org/maven2/com/google/collections/google-collections/1.0/google-collections-1.0.pom (3 KB at 151.2 KB/sec)
[INFO] Downloading: https://repo.maven.apache.org/maven2/com/google/google/1/google-1.pom
[INFO] Downloaded: https://repo.maven.apache.org/maven2/com/google/google/1/google-1.pom (2 KB at 101.2 KB/sec)
[INFO] Downloading: https://repo.maven.apache.org/maven2/junit/junit/3.8.2/junit-3.8.2.pom
[INFO] Downloaded: https://repo.maven.apache.org/maven2/junit/junit/3.8.2/junit-3.8.2.pom (747 B at 52.1 KB/sec)
[INFO] Downloading: https://repo.maven.apache.org/maven2/org/codehaus/plexus/plexus-utils/1.5.1/plexus-utils-1.5.1.jar
[INFO] Downloading: https://repo.maven.apache.org/maven2/org/apache/maven/shared/maven-shared-utils/0.1/maven-shared-utils-0.1.jar
[INFO] Downloading: https://repo.maven.apache.org/maven2/com/google/code/findbugs/jsr305/2.0.1/jsr305-2.0.1.jar
[INFO] Downloading: https://repo.maven.apache.org/maven2/org/apache/maven/shared/maven-shared-incremental/1.1/maven-shared-incremental-1.1.jar
[INFO] Downloading: https://repo.maven.apache.org/maven2/org/codehaus/plexus/plexus-component-annotations/1.5.5/plexus-component-annotations-1.5.5.jar
[INFO] Downloaded: https://repo.maven.apache.org/maven2/org/codehaus/plexus/plexus-component-annotations/1.5.5/plexus-component-annotations-1.5.5.jar (5 KB at 186.9 KB/sec)
[INFO] Downloading: https://repo.maven.apache.org/maven2/org/codehaus/plexus/plexus-compiler-api/2.2/plexus-compiler-api-2.2.jar
[INFO] Downloaded: https://repo.maven.apache.org/maven2/com/google/code/findbugs/jsr305/2.0.1/jsr305-2.0.1.jar (32 KB at 1003.8 KB/sec)
[INFO] Downloading: https://repo.maven.apache.org/maven2/org/codehaus/plexus/plexus-compiler-manager/2.2/plexus-compiler-manager-2.2.jar
[INFO] Downloaded: https://repo.maven.apache.org/maven2/org/apache/maven/shared/maven-shared-incremental/1.1/maven-shared-incremental-1.1.jar (14 KB at 314.8 KB/sec)
[INFO] Downloading: https://repo.maven.apache.org/maven2/org/codehaus/plexus/plexus-compiler-javac/2.2/plexus-compiler-javac-2.2.jar
[INFO] Downloaded: https://repo.maven.apache.org/maven2/org/codehaus/plexus/plexus-compiler-api/2.2/plexus-compiler-api-2.2.jar (25 KB at 460.5 KB/sec)
[INFO] Downloading: https://repo.maven.apache.org/maven2/org/apache/xbean/xbean-reflect/3.4/xbean-reflect-3.4.jar
[INFO] Downloaded: https://repo.maven.apache.org/maven2/org/codehaus/plexus/plexus-compiler-manager/2.2/plexus-compiler-manager-2.2.jar (5 KB at 81.0 KB/sec)
[INFO] Downloading: https://repo.maven.apache.org/maven2/log4j/log4j/1.2.12/log4j-1.2.12.jar
[INFO] Downloaded: https://repo.maven.apache.org/maven2/org/codehaus/plexus/plexus-compiler-javac/2.2/plexus-compiler-javac-2.2.jar (19 KB at 276.5 KB/sec)
[INFO] Downloading: https://repo.maven.apache.org/maven2/commons-logging/commons-logging-api/1.1/commons-logging-api-1.1.jar
[INFO] Downloaded: https://repo.maven.apache.org/maven2/org/apache/maven/shared/maven-shared-utils/0.1/maven-shared-utils-0.1.jar (151 KB at 1734.5 KB/sec)
[INFO] Downloading: https://repo.maven.apache.org/maven2/com/google/collections/google-collections/1.0/google-collections-1.0.jar
[INFO] Downloaded: https://repo.maven.apache.org/maven2/commons-logging/commons-logging-api/1.1/commons-logging-api-1.1.jar (44 KB at 418.8 KB/sec)
[INFO] Downloading: https://repo.maven.apache.org/maven2/junit/junit/3.8.2/junit-3.8.2.jar
[INFO] Downloaded: https://repo.maven.apache.org/maven2/org/codehaus/plexus/plexus-utils/1.5.1/plexus-utils-1.5.1.jar (206 KB at 1853.5 KB/sec)
[INFO] Downloaded: https://repo.maven.apache.org/maven2/org/apache/xbean/xbean-reflect/3.4/xbean-reflect-3.4.jar (131 KB at 1071.2 KB/sec)
[INFO] Downloaded: https://repo.maven.apache.org/maven2/junit/junit/3.8.2/junit-3.8.2.jar (118 KB at 775.1 KB/sec)
[INFO] Downloaded: https://repo.maven.apache.org/maven2/log4j/log4j/1.2.12/log4j-1.2.12.jar (350 KB at 1705.8 KB/sec)
[INFO] Downloaded: https://repo.maven.apache.org/maven2/com/google/collections/google-collections/1.0/google-collections-1.0.jar (625 KB at 1847.9 KB/sec)
[INFO] No sources to compile
[INFO] 
[INFO] --- maven-resources-plugin:2.4.3:testResources (default-testResources) @ autorest-build-tools ---
[INFO] Using 'UTF-8' encoding to copy filtered resources.
[INFO] skip non existing resourceDirectory /home/travis/build/failed/Azure/azure-sdk-for-java/runtimes/build-tools/src/test/resources
[INFO] 
[INFO] --- maven-compiler-plugin:3.1:testCompile (default-testCompile) @ autorest-build-tools ---
[INFO] No sources to compile
[INFO] 
[INFO] --- maven-surefire-plugin:2.18.1:test (default-test) @ autorest-build-tools ---
[INFO] Downloading: https://repo.maven.apache.org/maven2/org/apache/maven/surefire/maven-surefire-common/2.18.1/maven-surefire-common-2.18.1.pom
[INFO] Downloaded: https://repo.maven.apache.org/maven2/org/apache/maven/surefire/maven-surefire-common/2.18.1/maven-surefire-common-2.18.1.pom (7 KB at 291.6 KB/sec)
[INFO] Downloading: https://repo.maven.apache.org/maven2/org/apache/maven/plugin-tools/maven-plugin-annotations/3.3/maven-plugin-annotations-3.3.pom
[INFO] Downloaded: https://repo.maven.apache.org/maven2/org/apache/maven/plugin-tools/maven-plugin-annotations/3.3/maven-plugin-annotations-3.3.pom (2 KB at 83.7 KB/sec)
[INFO] Downloading: https://repo.maven.apache.org/maven2/org/apache/maven/plugin-tools/maven-plugin-tools/3.3/maven-plugin-tools-3.3.pom
[INFO] Downloaded: https://repo.maven.apache.org/maven2/org/apache/maven/plugin-tools/maven-plugin-tools/3.3/maven-plugin-tools-3.3.pom (13 KB at 537.0 KB/sec)
[INFO] Downloading: https://repo.maven.apache.org/maven2/org/apache/maven/maven-parent/24/maven-parent-24.pom
[INFO] Downloaded: https://repo.maven.apache.org/maven2/org/apache/maven/maven-parent/24/maven-parent-24.pom (37 KB at 1000.9 KB/sec)
[INFO] Downloading: https://repo.maven.apache.org/maven2/org/apache/apache/14/apache-14.pom
[INFO] Downloaded: https://repo.maven.apache.org/maven2/org/apache/apache/14/apache-14.pom (15 KB at 597.5 KB/sec)
[INFO] Downloading: https://repo.maven.apache.org/maven2/org/apache/maven/surefire/surefire-api/2.18.1/surefire-api-2.18.1.pom
[INFO] Downloaded: https://repo.maven.apache.org/maven2/org/apache/maven/surefire/surefire-api/2.18.1/surefire-api-2.18.1.pom (3 KB at 65.6 KB/sec)
[INFO] Downloading: https://repo.maven.apache.org/maven2/org/apache/maven/surefire/surefire-booter/2.18.1/surefire-booter-2.18.1.pom
[INFO] Downloaded: https://repo.maven.apache.org/maven2/org/apache/maven/surefire/surefire-booter/2.18.1/surefire-booter-2.18.1.pom (3 KB at 158.1 KB/sec)
[INFO] Downloading: https://repo.maven.apache.org/maven2/org/apache/maven/reporting/maven-reporting-api/3.0/maven-reporting-api-3.0.pom
[INFO] Downloaded: https://repo.maven.apache.org/maven2/org/apache/maven/reporting/maven-reporting-api/3.0/maven-reporting-api-3.0.pom (3 KB at 144.8 KB/sec)
[INFO] Downloading: https://repo.maven.apache.org/maven2/org/apache/maven/maven-toolchain/2.2.1/maven-toolchain-2.2.1.pom
[INFO] Downloaded: https://repo.maven.apache.org/maven2/org/apache/maven/maven-toolchain/2.2.1/maven-toolchain-2.2.1.pom (4 KB at 108.9 KB/sec)
[INFO] Downloading: https://repo.maven.apache.org/maven2/org/apache/commons/commons-lang3/3.1/commons-lang3-3.1.pom
[INFO] Downloaded: https://repo.maven.apache.org/maven2/org/apache/commons/commons-lang3/3.1/commons-lang3-3.1.pom (17 KB at 544.0 KB/sec)
[INFO] Downloading: https://repo.maven.apache.org/maven2/org/apache/commons/commons-parent/22/commons-parent-22.pom
[INFO] Downloaded: https://repo.maven.apache.org/maven2/org/apache/commons/commons-parent/22/commons-parent-22.pom (41 KB at 1137.1 KB/sec)
[INFO] Downloading: https://repo.maven.apache.org/maven2/org/apache/apache/9/apache-9.pom
[INFO] Downloaded: https://repo.maven.apache.org/maven2/org/apache/apache/9/apache-9.pom (15 KB at 643.7 KB/sec)
[INFO] Downloading: https://repo.maven.apache.org/maven2/org/apache/maven/surefire/maven-surefire-common/2.18.1/maven-surefire-common-2.18.1.jar
[INFO] Downloading: https://repo.maven.apache.org/maven2/org/apache/maven/surefire/surefire-booter/2.18.1/surefire-booter-2.18.1.jar
[INFO] Downloading: https://repo.maven.apache.org/maven2/org/codehaus/plexus/plexus-utils/1.5.15/plexus-utils-1.5.15.jar
[INFO] Downloading: https://repo.maven.apache.org/maven2/backport-util-concurrent/backport-util-concurrent/3.1/backport-util-concurrent-3.1.jar
[INFO] Downloading: https://repo.maven.apache.org/maven2/org/codehaus/plexus/plexus-interpolation/1.11/plexus-interpolation-1.11.jar
[INFO] Downloaded: https://repo.maven.apache.org/maven2/org/apache/maven/surefire/surefire-booter/2.18.1/surefire-booter-2.18.1.jar (39 KB at 708.0 KB/sec)
[INFO] Downloading: https://repo.maven.apache.org/maven2/org/slf4j/slf4j-jdk14/1.5.6/slf4j-jdk14-1.5.6.jar
[INFO] Downloaded: https://repo.maven.apache.org/maven2/org/codehaus/plexus/plexus-interpolation/1.11/plexus-interpolation-1.11.jar (50 KB at 802.3 KB/sec)
[INFO] Downloading: https://repo.maven.apache.org/maven2/org/slf4j/slf4j-api/1.5.6/slf4j-api-1.5.6.jar
[INFO] Downloaded: https://repo.maven.apache.org/maven2/org/slf4j/slf4j-jdk14/1.5.6/slf4j-jdk14-1.5.6.jar (9 KB at 114.8 KB/sec)
[INFO] Downloading: https://repo.maven.apache.org/maven2/org/slf4j/jcl-over-slf4j/1.5.6/jcl-over-slf4j-1.5.6.jar
[INFO] Downloaded: https://repo.maven.apache.org/maven2/org/slf4j/slf4j-api/1.5.6/slf4j-api-1.5.6.jar (22 KB at 237.1 KB/sec)
[INFO] Downloading: https://repo.maven.apache.org/maven2/org/apache/maven/reporting/maven-reporting-api/3.0/maven-reporting-api-3.0.jar
[INFO] Downloaded: https://repo.maven.apache.org/maven2/org/slf4j/jcl-over-slf4j/1.5.6/jcl-over-slf4j-1.5.6.jar (17 KB at 170.1 KB/sec)
[INFO] Downloading: https://repo.maven.apache.org/maven2/org/sonatype/plexus/plexus-sec-dispatcher/1.3/plexus-sec-dispatcher-1.3.jar
[INFO] Downloaded: https://repo.maven.apache.org/maven2/org/codehaus/plexus/plexus-utils/1.5.15/plexus-utils-1.5.15.jar (223 KB at 2184.0 KB/sec)
[INFO] Downloading: https://repo.maven.apache.org/maven2/org/sonatype/plexus/plexus-cipher/1.4/plexus-cipher-1.4.jar
[INFO] Downloaded: https://repo.maven.apache.org/maven2/org/apache/maven/reporting/maven-reporting-api/3.0/maven-reporting-api-3.0.jar (11 KB at 99.8 KB/sec)
[INFO] Downloading: https://repo.maven.apache.org/maven2/org/apache/commons/commons-lang3/3.1/commons-lang3-3.1.jar
[INFO] Downloaded: https://repo.maven.apache.org/maven2/org/sonatype/plexus/plexus-cipher/1.4/plexus-cipher-1.4.jar (14 KB at 122.0 KB/sec)
[INFO] Downloading: https://repo.maven.apache.org/maven2/org/apache/maven/surefire/surefire-api/2.18.1/surefire-api-2.18.1.jar
[INFO] Downloaded: https://repo.maven.apache.org/maven2/org/sonatype/plexus/plexus-sec-dispatcher/1.3/plexus-sec-dispatcher-1.3.jar (28 KB at 223.1 KB/sec)
[INFO] Downloading: https://repo.maven.apache.org/maven2/org/apache/maven/plugin-tools/maven-plugin-annotations/3.3/maven-plugin-annotations-3.3.jar
[INFO] Downloaded: https://repo.maven.apache.org/maven2/org/apache/maven/surefire/maven-surefire-common/2.18.1/maven-surefire-common-2.18.1.jar (269 KB at 1751.6 KB/sec)
[INFO] Downloaded: https://repo.maven.apache.org/maven2/backport-util-concurrent/backport-util-concurrent/3.1/backport-util-concurrent-3.1.jar (324 KB at 2024.6 KB/sec)
[INFO] Downloaded: https://repo.maven.apache.org/maven2/org/apache/maven/plugin-tools/maven-plugin-annotations/3.3/maven-plugin-annotations-3.3.jar (14 KB at 92.6 KB/sec)
[INFO] Downloaded: https://repo.maven.apache.org/maven2/org/apache/maven/surefire/surefire-api/2.18.1/surefire-api-2.18.1.jar (145 KB at 807.3 KB/sec)
[INFO] Downloaded: https://repo.maven.apache.org/maven2/org/apache/commons/commons-lang3/3.1/commons-lang3-3.1.jar (309 KB at 1295.8 KB/sec)
[INFO] Tests are skipped.
[INFO] 
[INFO] --- maven-jar-plugin:2.4:jar (default-jar) @ autorest-build-tools ---
[INFO] Downloading: https://repo.maven.apache.org/maven2/org/apache/maven/maven-archiver/2.5/maven-archiver-2.5.pom
[INFO] Downloaded: https://repo.maven.apache.org/maven2/org/apache/maven/maven-archiver/2.5/maven-archiver-2.5.pom (5 KB at 233.2 KB/sec)
[INFO] Downloading: https://repo.maven.apache.org/maven2/org/apache/maven/shared/maven-shared-components/17/maven-shared-components-17.pom
[INFO] Downloaded: https://repo.maven.apache.org/maven2/org/apache/maven/shared/maven-shared-components/17/maven-shared-components-17.pom (9 KB at 447.3 KB/sec)
[INFO] Downloading: https://repo.maven.apache.org/maven2/org/codehaus/plexus/plexus-archiver/2.1/plexus-archiver-2.1.pom
[INFO] Downloaded: https://repo.maven.apache.org/maven2/org/codehaus/plexus/plexus-archiver/2.1/plexus-archiver-2.1.pom (3 KB at 161.4 KB/sec)
[INFO] Downloading: https://repo.maven.apache.org/maven2/org/codehaus/plexus/plexus-utils/3.0/plexus-utils-3.0.pom
[INFO] Downloaded: https://repo.maven.apache.org/maven2/org/codehaus/plexus/plexus-utils/3.0/plexus-utils-3.0.pom (4 KB at 220.6 KB/sec)
[INFO] Downloading: https://repo.maven.apache.org/maven2/org/sonatype/spice/spice-parent/16/spice-parent-16.pom
[INFO] Downloaded: https://repo.maven.apache.org/maven2/org/sonatype/spice/spice-parent/16/spice-parent-16.pom (9 KB at 453.5 KB/sec)
[INFO] Downloading: https://repo.maven.apache.org/maven2/org/sonatype/forge/forge-parent/5/forge-parent-5.pom
[INFO] Downloaded: https://repo.maven.apache.org/maven2/org/sonatype/forge/forge-parent/5/forge-parent-5.pom (9 KB at 326.7 KB/sec)
[INFO] Downloading: https://repo.maven.apache.org/maven2/org/codehaus/plexus/plexus-io/2.0.2/plexus-io-2.0.2.pom
[INFO] Downloaded: https://repo.maven.apache.org/maven2/org/codehaus/plexus/plexus-io/2.0.2/plexus-io-2.0.2.pom (2 KB at 42.3 KB/sec)
[INFO] Downloading: https://repo.maven.apache.org/maven2/org/codehaus/plexus/plexus-components/1.1.19/plexus-components-1.1.19.pom
[INFO] Downloaded: https://repo.maven.apache.org/maven2/org/codehaus/plexus/plexus-components/1.1.19/plexus-components-1.1.19.pom (3 KB at 114.6 KB/sec)
[INFO] Downloading: https://repo.maven.apache.org/maven2/org/codehaus/plexus/plexus/3.0.1/plexus-3.0.1.pom
[INFO] Downloaded: https://repo.maven.apache.org/maven2/org/codehaus/plexus/plexus/3.0.1/plexus-3.0.1.pom (19 KB at 550.8 KB/sec)
[INFO] Downloading: https://repo.maven.apache.org/maven2/org/codehaus/plexus/plexus-interpolation/1.15/plexus-interpolation-1.15.pom
[INFO] Downloaded: https://repo.maven.apache.org/maven2/org/codehaus/plexus/plexus-interpolation/1.15/plexus-interpolation-1.15.pom (1018 B at 62.1 KB/sec)
[INFO] Downloading: https://repo.maven.apache.org/maven2/commons-lang/commons-lang/2.1/commons-lang-2.1.pom
[INFO] Downloaded: https://repo.maven.apache.org/maven2/commons-lang/commons-lang/2.1/commons-lang-2.1.pom (10 KB at 461.7 KB/sec)
[INFO] Downloading: https://repo.maven.apache.org/maven2/org/apache/maven/maven-archiver/2.5/maven-archiver-2.5.jar
[INFO] Downloading: https://repo.maven.apache.org/maven2/org/codehaus/plexus/plexus-interpolation/1.15/plexus-interpolation-1.15.jar
[INFO] Downloading: https://repo.maven.apache.org/maven2/org/codehaus/plexus/plexus-archiver/2.1/plexus-archiver-2.1.jar
[INFO] Downloading: https://repo.maven.apache.org/maven2/org/codehaus/plexus/plexus-io/2.0.2/plexus-io-2.0.2.jar
[INFO] Downloading: https://repo.maven.apache.org/maven2/commons-lang/commons-lang/2.1/commons-lang-2.1.jar
[INFO] Downloaded: https://repo.maven.apache.org/maven2/org/apache/maven/maven-archiver/2.5/maven-archiver-2.5.jar (22 KB at 734.5 KB/sec)
[INFO] Downloading: https://repo.maven.apache.org/maven2/org/codehaus/plexus/plexus-utils/3.0/plexus-utils-3.0.jar
[INFO] Downloaded: https://repo.maven.apache.org/maven2/org/codehaus/plexus/plexus-io/2.0.2/plexus-io-2.0.2.jar (57 KB at 1354.7 KB/sec)
[INFO] Downloaded: https://repo.maven.apache.org/maven2/org/codehaus/plexus/plexus-interpolation/1.15/plexus-interpolation-1.15.jar (60 KB at 1054.6 KB/sec)
[INFO] Downloaded: https://repo.maven.apache.org/maven2/org/codehaus/plexus/plexus-archiver/2.1/plexus-archiver-2.1.jar (181 KB at 2046.8 KB/sec)
[INFO] Downloaded: https://repo.maven.apache.org/maven2/commons-lang/commons-lang/2.1/commons-lang-2.1.jar (203 KB at 1649.2 KB/sec)
[INFO] Downloaded: https://repo.maven.apache.org/maven2/org/codehaus/plexus/plexus-utils/3.0/plexus-utils-3.0.jar (221 KB at 1481.7 KB/sec)
[INFO] Building jar: /home/travis/build/failed/Azure/azure-sdk-for-java/runtimes/build-tools/target/autorest-build-tools-1.0.0-SNAPSHOT.jar
[INFO] 
[INFO] --- maven-install-plugin:2.4:install (default-install) @ autorest-build-tools ---
[INFO] Installing /home/travis/build/failed/Azure/azure-sdk-for-java/runtimes/build-tools/target/autorest-build-tools-1.0.0-SNAPSHOT.jar to /home/travis/.m2/repository/com/microsoft/azure/autorest-build-tools/1.0.0-SNAPSHOT/autorest-build-tools-1.0.0-SNAPSHOT.jar
[INFO] Installing /home/travis/build/failed/Azure/azure-sdk-for-java/runtimes/build-tools/pom.xml to /home/travis/.m2/repository/com/microsoft/azure/autorest-build-tools/1.0.0-SNAPSHOT/autorest-build-tools-1.0.0-SNAPSHOT.pom
[INFO]                                                                         
[INFO] ------------------------------------------------------------------------
[INFO] Building Java Client Runtime for AutoRest 1.0.0-SNAPSHOT
[INFO] ------------------------------------------------------------------------
[INFO] Downloading: https://repo.maven.apache.org/maven2/org/codehaus/mojo/build-helper-maven-plugin/maven-metadata.xml
[INFO] Downloaded: https://repo.maven.apache.org/maven2/org/codehaus/mojo/build-helper-maven-plugin/maven-metadata.xml (853 B at 52.1 KB/sec)
[INFO] Downloading: https://repo.maven.apache.org/maven2/org/codehaus/mojo/build-helper-maven-plugin/3.3.0/build-helper-maven-plugin-3.3.0.pom
[INFO] Downloaded: https://repo.maven.apache.org/maven2/org/codehaus/mojo/build-helper-maven-plugin/3.3.0/build-helper-maven-plugin-3.3.0.pom (8 KB at 329.0 KB/sec)
[INFO] Downloading: https://repo.maven.apache.org/maven2/org/codehaus/mojo/mojo-parent/65/mojo-parent-65.pom
[INFO] Downloaded: https://repo.maven.apache.org/maven2/org/codehaus/mojo/mojo-parent/65/mojo-parent-65.pom (34 KB at 505.7 KB/sec)
[INFO] Downloading: https://repo.maven.apache.org/maven2/org/junit/junit-bom/5.8.1/junit-bom-5.8.1.pom
[INFO] Downloaded: https://repo.maven.apache.org/maven2/org/junit/junit-bom/5.8.1/junit-bom-5.8.1.pom (6 KB at 125.0 KB/sec)
[INFO] Downloading: https://repo.maven.apache.org/maven2/org/codehaus/mojo/build-helper-maven-plugin/3.3.0/build-helper-maven-plugin-3.3.0.jar
[INFO] Downloaded: https://repo.maven.apache.org/maven2/org/codehaus/mojo/build-helper-maven-plugin/3.3.0/build-helper-maven-plugin-3.3.0.jar (67 KB at 856.1 KB/sec)
[INFO] Downloading: http://insecure.repo1.maven.org/maven2/com/google/guava/guava/18.0/guava-18.0.pom
[INFO] Downloaded: http://insecure.repo1.maven.org/maven2/com/google/guava/guava/18.0/guava-18.0.pom (6 KB at 87.8 KB/sec)
[INFO] Downloading: http://insecure.repo1.maven.org/maven2/com/google/guava/guava-parent/18.0/guava-parent-18.0.pom
[INFO] Downloaded: http://insecure.repo1.maven.org/maven2/com/google/guava/guava-parent/18.0/guava-parent-18.0.pom (8 KB at 341.2 KB/sec)
[INFO] Downloading: http://insecure.repo1.maven.org/maven2/org/sonatype/oss/oss-parent/7/oss-parent-7.pom
[INFO] Downloaded: http://insecure.repo1.maven.org/maven2/org/sonatype/oss/oss-parent/7/oss-parent-7.pom (5 KB at 157.0 KB/sec)
[INFO] Downloading: http://insecure.repo1.maven.org/maven2/com/squareup/retrofit2/retrofit/2.0.2/retrofit-2.0.2.pom
[INFO] Downloaded: http://insecure.repo1.maven.org/maven2/com/squareup/retrofit2/retrofit/2.0.2/retrofit-2.0.2.pom (2 KB at 62.5 KB/sec)
[INFO] Downloading: http://insecure.repo1.maven.org/maven2/com/squareup/retrofit2/parent/2.0.2/parent-2.0.2.pom
[INFO] Downloaded: http://insecure.repo1.maven.org/maven2/com/squareup/retrofit2/parent/2.0.2/parent-2.0.2.pom (9 KB at 359.9 KB/sec)
[INFO] Downloading: http://insecure.repo1.maven.org/maven2/com/squareup/okhttp3/okhttp/3.3.1/okhttp-3.3.1.pom
[INFO] Downloaded: http://insecure.repo1.maven.org/maven2/com/squareup/okhttp3/okhttp/3.3.1/okhttp-3.3.1.pom (2 KB at 75.1 KB/sec)
[INFO] Downloading: http://insecure.repo1.maven.org/maven2/com/squareup/okhttp3/parent/3.3.1/parent-3.3.1.pom
[INFO] Downloaded: http://insecure.repo1.maven.org/maven2/com/squareup/okhttp3/parent/3.3.1/parent-3.3.1.pom (10 KB at 425.6 KB/sec)
[INFO] Downloading: http://insecure.repo1.maven.org/maven2/com/squareup/okio/okio/1.8.0/okio-1.8.0.pom
[INFO] Downloaded: http://insecure.repo1.maven.org/maven2/com/squareup/okio/okio/1.8.0/okio-1.8.0.pom (2 KB at 72.2 KB/sec)
[INFO] Downloading: http://insecure.repo1.maven.org/maven2/com/squareup/okio/okio-parent/1.8.0/okio-parent-1.8.0.pom
[INFO] Downloaded: http://insecure.repo1.maven.org/maven2/com/squareup/okio/okio-parent/1.8.0/okio-parent-1.8.0.pom (4 KB at 148.5 KB/sec)
[INFO] Downloading: http://insecure.repo1.maven.org/maven2/com/squareup/okhttp3/logging-interceptor/3.3.1/logging-interceptor-3.3.1.pom
[INFO] Downloaded: http://insecure.repo1.maven.org/maven2/com/squareup/okhttp3/logging-interceptor/3.3.1/logging-interceptor-3.3.1.pom (2 KB at 54.9 KB/sec)
[INFO] Downloading: http://insecure.repo1.maven.org/maven2/com/squareup/okhttp3/okhttp-urlconnection/3.3.1/okhttp-urlconnection-3.3.1.pom
[INFO] Downloaded: http://insecure.repo1.maven.org/maven2/com/squareup/okhttp3/okhttp-urlconnection/3.3.1/okhttp-urlconnection-3.3.1.pom (2 KB at 60.0 KB/sec)
[INFO] Downloading: http://insecure.repo1.maven.org/maven2/com/squareup/retrofit2/converter-jackson/2.0.2/converter-jackson-2.0.2.pom
[INFO] Downloaded: http://insecure.repo1.maven.org/maven2/com/squareup/retrofit2/converter-jackson/2.0.2/converter-jackson-2.0.2.pom (2 KB at 56.0 KB/sec)
[INFO] Downloading: http://insecure.repo1.maven.org/maven2/com/squareup/retrofit2/retrofit-converters/2.0.2/retrofit-converters-2.0.2.pom
[INFO] Downloaded: http://insecure.repo1.maven.org/maven2/com/squareup/retrofit2/retrofit-converters/2.0.2/retrofit-converters-2.0.2.pom (796 B at 37.0 KB/sec)
[INFO] Downloading: http://insecure.repo1.maven.org/maven2/com/fasterxml/jackson/core/jackson-databind/2.7.2/jackson-databind-2.7.2.pom
[INFO] Downloaded: http://insecure.repo1.maven.org/maven2/com/fasterxml/jackson/core/jackson-databind/2.7.2/jackson-databind-2.7.2.pom (6 KB at 230.5 KB/sec)
[INFO] Downloading: http://insecure.repo1.maven.org/maven2/com/fasterxml/jackson/jackson-parent/2.7/jackson-parent-2.7.pom
[INFO] Downloaded: http://insecure.repo1.maven.org/maven2/com/fasterxml/jackson/jackson-parent/2.7/jackson-parent-2.7.pom (8 KB at 345.9 KB/sec)
[INFO] Downloading: http://insecure.repo1.maven.org/maven2/com/fasterxml/oss-parent/25/oss-parent-25.pom
[INFO] Downloaded: http://insecure.repo1.maven.org/maven2/com/fasterxml/oss-parent/25/oss-parent-25.pom (19 KB at 728.6 KB/sec)
[INFO] Downloading: http://insecure.repo1.maven.org/maven2/com/fasterxml/jackson/core/jackson-annotations/2.7.0/jackson-annotations-2.7.0.pom
[INFO] Downloaded: http://insecure.repo1.maven.org/maven2/com/fasterxml/jackson/core/jackson-annotations/2.7.0/jackson-annotations-2.7.0.pom (2 KB at 71.0 KB/sec)
[INFO] Downloading: http://insecure.repo1.maven.org/maven2/com/fasterxml/jackson/core/jackson-core/2.7.2/jackson-core-2.7.2.pom
[INFO] Downloaded: http://insecure.repo1.maven.org/maven2/com/fasterxml/jackson/core/jackson-core/2.7.2/jackson-core-2.7.2.pom (5 KB at 170.5 KB/sec)
[INFO] Downloading: http://insecure.repo1.maven.org/maven2/com/fasterxml/jackson/datatype/jackson-datatype-joda/2.7.2/jackson-datatype-joda-2.7.2.pom
[INFO] Downloaded: http://insecure.repo1.maven.org/maven2/com/fasterxml/jackson/datatype/jackson-datatype-joda/2.7.2/jackson-datatype-joda-2.7.2.pom (4 KB at 144.7 KB/sec)
[INFO] Downloading: http://insecure.repo1.maven.org/maven2/joda-time/joda-time/2.4/joda-time-2.4.pom
[INFO] Downloaded: http://insecure.repo1.maven.org/maven2/joda-time/joda-time/2.4/joda-time-2.4.pom (26 KB at 735.4 KB/sec)
[INFO] Downloading: http://insecure.repo1.maven.org/maven2/org/apache/commons/commons-lang3/3.4/commons-lang3-3.4.pom
[INFO] Downloaded: http://insecure.repo1.maven.org/maven2/org/apache/commons/commons-lang3/3.4/commons-lang3-3.4.pom (22 KB at 833.2 KB/sec)
[INFO] Downloading: http://insecure.repo1.maven.org/maven2/org/apache/commons/commons-parent/37/commons-parent-37.pom
[INFO] Downloaded: http://insecure.repo1.maven.org/maven2/org/apache/commons/commons-parent/37/commons-parent-37.pom (62 KB at 1710.1 KB/sec)
[INFO] Downloading: http://insecure.repo1.maven.org/maven2/junit/junit/4.12/junit-4.12.pom
[INFO] Downloaded: http://insecure.repo1.maven.org/maven2/junit/junit/4.12/junit-4.12.pom (24 KB at 889.3 KB/sec)
[INFO] Downloading: http://insecure.repo1.maven.org/maven2/org/hamcrest/hamcrest-core/1.3/hamcrest-core-1.3.pom
[INFO] Downloaded: http://insecure.repo1.maven.org/maven2/org/hamcrest/hamcrest-core/1.3/hamcrest-core-1.3.pom (766 B at 35.6 KB/sec)
[INFO] Downloading: http://insecure.repo1.maven.org/maven2/org/hamcrest/hamcrest-parent/1.3/hamcrest-parent-1.3.pom
[INFO] Downloaded: http://insecure.repo1.maven.org/maven2/org/hamcrest/hamcrest-parent/1.3/hamcrest-parent-1.3.pom (2 KB at 71.3 KB/sec)
[INFO] Downloading: http://insecure.repo1.maven.org/maven2/com/google/guava/guava/18.0/guava-18.0.jar
[INFO] Downloading: http://insecure.repo1.maven.org/maven2/com/squareup/retrofit2/retrofit/2.0.2/retrofit-2.0.2.jar
[INFO] Downloading: http://insecure.repo1.maven.org/maven2/com/squareup/okhttp3/okhttp/3.3.1/okhttp-3.3.1.jar
[INFO] Downloading: http://insecure.repo1.maven.org/maven2/com/squareup/okio/okio/1.8.0/okio-1.8.0.jar
[INFO] Downloading: http://insecure.repo1.maven.org/maven2/com/squareup/okhttp3/logging-interceptor/3.3.1/logging-interceptor-3.3.1.jar
[INFO] Downloaded: http://insecure.repo1.maven.org/maven2/com/squareup/okhttp3/logging-interceptor/3.3.1/logging-interceptor-3.3.1.jar (8 KB at 151.8 KB/sec)
[INFO] Downloading: http://insecure.repo1.maven.org/maven2/com/squareup/okhttp3/okhttp-urlconnection/3.3.1/okhttp-urlconnection-3.3.1.jar
[INFO] Downloaded: http://insecure.repo1.maven.org/maven2/com/squareup/okhttp3/okhttp-urlconnection/3.3.1/okhttp-urlconnection-3.3.1.jar (27 KB at 226.3 KB/sec)
[INFO] Downloading: http://insecure.repo1.maven.org/maven2/com/squareup/retrofit2/converter-jackson/2.0.2/converter-jackson-2.0.2.jar
[INFO] Downloaded: http://insecure.repo1.maven.org/maven2/com/squareup/okio/okio/1.8.0/okio-1.8.0.jar (71 KB at 475.2 KB/sec)
[INFO] Downloading: http://insecure.repo1.maven.org/maven2/com/fasterxml/jackson/core/jackson-databind/2.7.2/jackson-databind-2.7.2.jar
[INFO] Downloaded: http://insecure.repo1.maven.org/maven2/com/squareup/retrofit2/converter-jackson/2.0.2/converter-jackson-2.0.2.jar (6 KB at 27.8 KB/sec)
[INFO] Downloading: http://insecure.repo1.maven.org/maven2/com/fasterxml/jackson/datatype/jackson-datatype-joda/2.7.2/jackson-datatype-joda-2.7.2.jar
[INFO] Downloaded: http://insecure.repo1.maven.org/maven2/com/squareup/retrofit2/retrofit/2.0.2/retrofit-2.0.2.jar (85 KB at 423.1 KB/sec)
[INFO] Downloading: http://insecure.repo1.maven.org/maven2/com/fasterxml/jackson/core/jackson-annotations/2.7.0/jackson-annotations-2.7.0.jar
[INFO] Downloaded: http://insecure.repo1.maven.org/maven2/com/fasterxml/jackson/core/jackson-annotations/2.7.0/jackson-annotations-2.7.0.jar (50 KB at 138.8 KB/sec)
[INFO] Downloading: http://insecure.repo1.maven.org/maven2/com/fasterxml/jackson/core/jackson-core/2.7.2/jackson-core-2.7.2.jar
[INFO] Downloaded: http://insecure.repo1.maven.org/maven2/com/fasterxml/jackson/datatype/jackson-datatype-joda/2.7.2/jackson-datatype-joda-2.7.2.jar (65 KB at 177.3 KB/sec)
[INFO] Downloading: http://insecure.repo1.maven.org/maven2/joda-time/joda-time/2.4/joda-time-2.4.jar
[INFO] Downloaded: http://insecure.repo1.maven.org/maven2/com/squareup/okhttp3/okhttp/3.3.1/okhttp-3.3.1.jar (336 KB at 618.2 KB/sec)
[INFO] Downloading: http://insecure.repo1.maven.org/maven2/org/apache/commons/commons-lang3/3.4/commons-lang3-3.4.jar
[INFO] Downloaded: http://insecure.repo1.maven.org/maven2/com/fasterxml/jackson/core/jackson-core/2.7.2/jackson-core-2.7.2.jar (247 KB at 334.2 KB/sec)
[INFO] Downloading: http://insecure.repo1.maven.org/maven2/junit/junit/4.12/junit-4.12.jar
[INFO] Downloaded: http://insecure.repo1.maven.org/maven2/org/apache/commons/commons-lang3/3.4/commons-lang3-3.4.jar (425 KB at 333.5 KB/sec)
[INFO] Downloading: http://insecure.repo1.maven.org/maven2/org/hamcrest/hamcrest-core/1.3/hamcrest-core-1.3.jar
[INFO] Downloaded: http://insecure.repo1.maven.org/maven2/junit/junit/4.12/junit-4.12.jar (308 KB at 234.8 KB/sec)
[INFO] Downloaded: http://insecure.repo1.maven.org/maven2/org/hamcrest/hamcrest-core/1.3/hamcrest-core-1.3.jar (44 KB at 30.9 KB/sec)
[INFO] Downloaded: http://insecure.repo1.maven.org/maven2/joda-time/joda-time/2.4/joda-time-2.4.jar (573 KB at 266.8 KB/sec)
[INFO] Downloaded: http://insecure.repo1.maven.org/maven2/com/fasterxml/jackson/core/jackson-databind/2.7.2/jackson-databind-2.7.2.jar (1173 KB at 408.7 KB/sec)
[INFO] Downloaded: http://insecure.repo1.maven.org/maven2/com/google/guava/guava/18.0/guava-18.0.jar (2204 KB at 522.6 KB/sec)
[INFO] 
[INFO] --- maven-resources-plugin:2.4.3:resources (default-resources) @ client-runtime ---
[INFO] Using 'UTF-8' encoding to copy filtered resources.
[INFO] skip non existing resourceDirectory /home/travis/build/failed/Azure/azure-sdk-for-java/runtimes/client-runtime/src/main/resources
[INFO] 
[INFO] --- maven-compiler-plugin:3.1:compile (default-compile) @ client-runtime ---
[INFO] Changes detected - recompiling the module!
[INFO] Compiling 39 source files to /home/travis/build/failed/Azure/azure-sdk-for-java/runtimes/client-runtime/target/classes
[WARNING] bootstrap class path not set in conjunction with -source 1.7
[WARNING] /home/travis/build/failed/Azure/azure-sdk-for-java/runtimes/client-runtime/src/main/java/com/microsoft/rest/serializer/JacksonConverterFactory.java:[64,37] reader(com.fasterxml.jackson.databind.JavaType) in com.fasterxml.jackson.databind.ObjectMapper has been deprecated
[WARNING] /home/travis/build/failed/Azure/azure-sdk-for-java/runtimes/client-runtime/src/main/java/com/microsoft/rest/Validator.java:[45,51] unchecked method invocation: method of in class com.google.common.reflect.TypeToken is applied to given types
  required: java.lang.Class<T>
  found: java.lang.Class
[WARNING] /home/travis/build/failed/Azure/azure-sdk-for-java/runtimes/client-runtime/src/main/java/com/microsoft/rest/Validator.java:[45,52] unchecked conversion
  required: java.lang.Class<T>
  found:    java.lang.Class
[WARNING] /home/travis/build/failed/Azure/azure-sdk-for-java/runtimes/client-runtime/src/main/java/com/microsoft/rest/serializer/FlatteningDeserializer.java:[97,40] put(java.lang.String,com.fasterxml.jackson.databind.JsonNode) in com.fasterxml.jackson.databind.node.ObjectNode has been deprecated
[WARNING] /home/travis/build/failed/Azure/azure-sdk-for-java/runtimes/client-runtime/src/main/java/com/microsoft/rest/serializer/FlatteningSerializer.java:[117,33] put(java.lang.String,com.fasterxml.jackson.databind.JsonNode) in com.fasterxml.jackson.databind.node.ObjectNode has been deprecated
[INFO] 
[INFO] --- maven-resources-plugin:2.4.3:testResources (default-testResources) @ client-runtime ---
[INFO] Using 'UTF-8' encoding to copy filtered resources.
[INFO] skip non existing resourceDirectory /home/travis/build/failed/Azure/azure-sdk-for-java/runtimes/client-runtime/src/test/resources
[INFO] 
[INFO] --- maven-compiler-plugin:3.1:testCompile (default-testCompile) @ client-runtime ---
[INFO] Changes detected - recompiling the module!
[INFO] Compiling 5 source files to /home/travis/build/failed/Azure/azure-sdk-for-java/runtimes/client-runtime/target/test-classes
[WARNING] bootstrap class path not set in conjunction with -source 1.7
[INFO] 
[INFO] --- maven-surefire-plugin:2.18.1:test (default-test) @ client-runtime ---
[INFO] Tests are skipped.
[INFO] 
[INFO] --- maven-jar-plugin:2.4:jar (default-jar) @ client-runtime ---
[INFO] Building jar: /home/travis/build/failed/Azure/azure-sdk-for-java/runtimes/client-runtime/target/client-runtime-1.0.0-SNAPSHOT.jar
[INFO] 
[INFO] --- maven-install-plugin:2.4:install (default-install) @ client-runtime ---
[INFO] Installing /home/travis/build/failed/Azure/azure-sdk-for-java/runtimes/client-runtime/target/client-runtime-1.0.0-SNAPSHOT.jar to /home/travis/.m2/repository/com/microsoft/rest/client-runtime/1.0.0-SNAPSHOT/client-runtime-1.0.0-SNAPSHOT.jar
[INFO] Installing /home/travis/build/failed/Azure/azure-sdk-for-java/runtimes/client-runtime/pom.xml to /home/travis/.m2/repository/com/microsoft/rest/client-runtime/1.0.0-SNAPSHOT/client-runtime-1.0.0-SNAPSHOT.pom
[INFO]                                                                         
[INFO] ------------------------------------------------------------------------
[INFO] Building Azure Java Client Runtime for AutoRest 1.0.0-SNAPSHOT
[INFO] ------------------------------------------------------------------------
[INFO] 
[INFO] --- maven-resources-plugin:2.4.3:resources (default-resources) @ azure-client-runtime ---
[INFO] Using 'UTF-8' encoding to copy filtered resources.
[INFO] skip non existing resourceDirectory /home/travis/build/failed/Azure/azure-sdk-for-java/runtimes/azure-client-runtime/src/main/resources
[INFO] 
[INFO] --- maven-compiler-plugin:3.1:compile (default-compile) @ azure-client-runtime ---
[INFO] Changes detected - recompiling the module!
[INFO] Compiling 29 source files to /home/travis/build/failed/Azure/azure-sdk-for-java/runtimes/azure-client-runtime/target/classes
[WARNING] bootstrap class path not set in conjunction with -source 1.7
[WARNING] /home/travis/build/failed/Azure/azure-sdk-for-java/runtimes/azure-client-runtime/src/main/java/com/microsoft/azure/Graph.java:[85,26] unchecked call to visitNode(U) as a member of the raw type com.microsoft.azure.Graph.Visitor
[WARNING] /home/travis/build/failed/Azure/azure-sdk-for-java/runtimes/azure-client-runtime/src/main/java/com/microsoft/azure/AzureResponse.java:[26,14] unchecked method invocation: constructor <init> in class com.microsoft.rest.ServiceResponse is applied to given types
  required: T,retrofit2.Response<okhttp3.ResponseBody>
  found: T,retrofit2.Response
[WARNING] /home/travis/build/failed/Azure/azure-sdk-for-java/runtimes/azure-client-runtime/src/main/java/com/microsoft/azure/AzureResponse.java:[26,21] unchecked conversion
  required: retrofit2.Response<okhttp3.ResponseBody>
  found:    retrofit2.Response
[INFO] 
[INFO] --- maven-resources-plugin:2.4.3:testResources (default-testResources) @ azure-client-runtime ---
[INFO] Using 'UTF-8' encoding to copy filtered resources.
[INFO] skip non existing resourceDirectory /home/travis/build/failed/Azure/azure-sdk-for-java/runtimes/azure-client-runtime/src/test/resources
[INFO] 
[INFO] --- maven-compiler-plugin:3.1:testCompile (default-testCompile) @ azure-client-runtime ---
[INFO] Changes detected - recompiling the module!
[INFO] Compiling 4 source files to /home/travis/build/failed/Azure/azure-sdk-for-java/runtimes/azure-client-runtime/target/test-classes
[WARNING] bootstrap class path not set in conjunction with -source 1.7
[INFO] 
[INFO] --- maven-surefire-plugin:2.18.1:test (default-test) @ azure-client-runtime ---
[INFO] Tests are skipped.
[INFO] 
[INFO] --- maven-jar-plugin:2.4:jar (default-jar) @ azure-client-runtime ---
[INFO] Building jar: /home/travis/build/failed/Azure/azure-sdk-for-java/runtimes/azure-client-runtime/target/azure-client-runtime-1.0.0-SNAPSHOT.jar
[INFO] 
[INFO] --- maven-install-plugin:2.4:install (default-install) @ azure-client-runtime ---
[INFO] Installing /home/travis/build/failed/Azure/azure-sdk-for-java/runtimes/azure-client-runtime/target/azure-client-runtime-1.0.0-SNAPSHOT.jar to /home/travis/.m2/repository/com/microsoft/azure/azure-client-runtime/1.0.0-SNAPSHOT/azure-client-runtime-1.0.0-SNAPSHOT.jar
[INFO] Installing /home/travis/build/failed/Azure/azure-sdk-for-java/runtimes/azure-client-runtime/pom.xml to /home/travis/.m2/repository/com/microsoft/azure/azure-client-runtime/1.0.0-SNAPSHOT/azure-client-runtime-1.0.0-SNAPSHOT.pom
[INFO]                                                                         
[INFO] ------------------------------------------------------------------------
[INFO] Building Azure Java Client Authentication Library for AutoRest 1.0.0-SNAPSHOT
[INFO] ------------------------------------------------------------------------
[INFO] Downloading: http://insecure.repo1.maven.org/maven2/com/microsoft/azure/adal4j/1.1.2/adal4j-1.1.2.pom
[INFO] Downloaded: http://insecure.repo1.maven.org/maven2/com/microsoft/azure/adal4j/1.1.2/adal4j-1.1.2.pom (6 KB at 235.9 KB/sec)
[INFO] Downloading: http://insecure.repo1.maven.org/maven2/com/nimbusds/oauth2-oidc-sdk/4.5/oauth2-oidc-sdk-4.5.pom
[INFO] Downloaded: http://insecure.repo1.maven.org/maven2/com/nimbusds/oauth2-oidc-sdk/4.5/oauth2-oidc-sdk-4.5.pom (7 KB at 268.0 KB/sec)
[INFO] Downloading: http://insecure.repo1.maven.org/maven2/javax/mail/mail/1.4.7/mail-1.4.7.pom
[INFO] Downloaded: http://insecure.repo1.maven.org/maven2/javax/mail/mail/1.4.7/mail-1.4.7.pom (6 KB at 247.2 KB/sec)
[INFO] Downloading: http://insecure.repo1.maven.org/maven2/com/sun/mail/all/1.4.7/all-1.4.7.pom
[INFO] Downloaded: http://insecure.repo1.maven.org/maven2/com/sun/mail/all/1.4.7/all-1.4.7.pom (20 KB at 688.0 KB/sec)
[INFO] Downloading: http://insecure.repo1.maven.org/maven2/net/java/jvnet-parent/1/jvnet-parent-1.pom
[INFO] Downloaded: http://insecure.repo1.maven.org/maven2/net/java/jvnet-parent/1/jvnet-parent-1.pom (5 KB at 230.0 KB/sec)
[INFO] Downloading: http://insecure.repo1.maven.org/maven2/javax/activation/activation/1.1/activation-1.1.pom
[INFO] Downloaded: http://insecure.repo1.maven.org/maven2/javax/activation/activation/1.1/activation-1.1.pom (2 KB at 51.7 KB/sec)
[INFO] Downloading: http://insecure.repo1.maven.org/maven2/net/jcip/jcip-annotations/1.0/jcip-annotations-1.0.pom
[INFO] Downloaded: http://insecure.repo1.maven.org/maven2/net/jcip/jcip-annotations/1.0/jcip-annotations-1.0.pom (491 B at 20.0 KB/sec)
[INFO] Downloading: http://insecure.repo1.maven.org/maven2/commons-codec/commons-codec/1.9/commons-codec-1.9.pom
[INFO] Downloaded: http://insecure.repo1.maven.org/maven2/commons-codec/commons-codec/1.9/commons-codec-1.9.pom (12 KB at 512.4 KB/sec)
[INFO] Downloading: http://insecure.repo1.maven.org/maven2/org/apache/commons/commons-parent/32/commons-parent-32.pom
[INFO] Downloaded: http://insecure.repo1.maven.org/maven2/org/apache/commons/commons-parent/32/commons-parent-32.pom (52 KB at 1718.2 KB/sec)
[INFO] Downloading: http://insecure.repo1.maven.org/maven2/net/minidev/json-smart/1.1.1/json-smart-1.1.1.pom
[INFO] Downloaded: http://insecure.repo1.maven.org/maven2/net/minidev/json-smart/1.1.1/json-smart-1.1.1.pom (2 KB at 48.9 KB/sec)
[INFO] Downloading: http://insecure.repo1.maven.org/maven2/net/minidev/parent/1.1.1/parent-1.1.1.pom
[INFO] Downloaded: http://insecure.repo1.maven.org/maven2/net/minidev/parent/1.1.1/parent-1.1.1.pom (11 KB at 258.6 KB/sec)
[INFO] Downloading: http://insecure.repo1.maven.org/maven2/com/nimbusds/lang-tag/1.4/lang-tag-1.4.pom
[INFO] Downloaded: http://insecure.repo1.maven.org/maven2/com/nimbusds/lang-tag/1.4/lang-tag-1.4.pom (6 KB at 129.4 KB/sec)
[INFO] Downloading: http://insecure.repo1.maven.org/maven2/com/nimbusds/nimbus-jose-jwt/3.1.2/nimbus-jose-jwt-3.1.2.pom
[INFO] Downloaded: http://insecure.repo1.maven.org/maven2/com/nimbusds/nimbus-jose-jwt/3.1.2/nimbus-jose-jwt-3.1.2.pom (11 KB at 266.9 KB/sec)
[INFO] Downloading: http://insecure.repo1.maven.org/maven2/org/bouncycastle/bcprov-jdk15on/1.51/bcprov-jdk15on-1.51.pom
[INFO] Downloaded: http://insecure.repo1.maven.org/maven2/org/bouncycastle/bcprov-jdk15on/1.51/bcprov-jdk15on-1.51.pom (2 KB at 62.7 KB/sec)
[INFO] Downloading: http://insecure.repo1.maven.org/maven2/com/google/code/gson/gson/2.2.4/gson-2.2.4.pom
[INFO] Downloaded: http://insecure.repo1.maven.org/maven2/com/google/code/gson/gson/2.2.4/gson-2.2.4.pom (8 KB at 270.7 KB/sec)
[INFO] Downloading: http://insecure.repo1.maven.org/maven2/org/slf4j/slf4j-api/1.7.5/slf4j-api-1.7.5.pom
[INFO] Downloaded: http://insecure.repo1.maven.org/maven2/org/slf4j/slf4j-api/1.7.5/slf4j-api-1.7.5.pom (3 KB at 119.4 KB/sec)
[INFO] Downloading: http://insecure.repo1.maven.org/maven2/org/slf4j/slf4j-parent/1.7.5/slf4j-parent-1.7.5.pom
[INFO] Downloaded: http://insecure.repo1.maven.org/maven2/org/slf4j/slf4j-parent/1.7.5/slf4j-parent-1.7.5.pom (12 KB at 461.1 KB/sec)
[INFO] Downloading: http://insecure.repo1.maven.org/maven2/commons-codec/commons-codec/1.10/commons-codec-1.10.pom
[INFO] Downloaded: http://insecure.repo1.maven.org/maven2/commons-codec/commons-codec/1.10/commons-codec-1.10.pom (12 KB at 539.9 KB/sec)
[INFO] Downloading: http://insecure.repo1.maven.org/maven2/org/apache/commons/commons-parent/35/commons-parent-35.pom
[INFO] Downloaded: http://insecure.repo1.maven.org/maven2/org/apache/commons/commons-parent/35/commons-parent-35.pom (57 KB at 1819.9 KB/sec)
[INFO] Downloading: http://insecure.repo1.maven.org/maven2/org/apache/apache/15/apache-15.pom
[INFO] Downloaded: http://insecure.repo1.maven.org/maven2/org/apache/apache/15/apache-15.pom (15 KB at 676.3 KB/sec)
[INFO] Downloading: http://insecure.repo1.maven.org/maven2/com/microsoft/azure/adal4j/1.1.2/adal4j-1.1.2.jar
[INFO] Downloading: http://insecure.repo1.maven.org/maven2/com/nimbusds/oauth2-oidc-sdk/4.5/oauth2-oidc-sdk-4.5.jar
[INFO] Downloading: http://insecure.repo1.maven.org/maven2/javax/mail/mail/1.4.7/mail-1.4.7.jar
[INFO] Downloading: http://insecure.repo1.maven.org/maven2/javax/activation/activation/1.1/activation-1.1.jar
[INFO] Downloading: http://insecure.repo1.maven.org/maven2/net/jcip/jcip-annotations/1.0/jcip-annotations-1.0.jar
[INFO] Downloaded: http://insecure.repo1.maven.org/maven2/net/jcip/jcip-annotations/1.0/jcip-annotations-1.0.jar (3 KB at 88.0 KB/sec)
[INFO] Downloading: http://insecure.repo1.maven.org/maven2/net/minidev/json-smart/1.1.1/json-smart-1.1.1.jar
[INFO] Downloaded: http://insecure.repo1.maven.org/maven2/javax/activation/activation/1.1/activation-1.1.jar (62 KB at 512.6 KB/sec)
[INFO] Downloading: http://insecure.repo1.maven.org/maven2/com/nimbusds/lang-tag/1.4/lang-tag-1.4.jar
[INFO] Downloaded: http://insecure.repo1.maven.org/maven2/net/minidev/json-smart/1.1.1/json-smart-1.1.1.jar (51 KB at 389.7 KB/sec)
[INFO] Downloading: http://insecure.repo1.maven.org/maven2/com/nimbusds/nimbus-jose-jwt/3.1.2/nimbus-jose-jwt-3.1.2.jar
[INFO] Downloaded: http://insecure.repo1.maven.org/maven2/com/microsoft/azure/adal4j/1.1.2/adal4j-1.1.2.jar (70 KB at 477.6 KB/sec)
[INFO] Downloading: http://insecure.repo1.maven.org/maven2/org/bouncycastle/bcprov-jdk15on/1.51/bcprov-jdk15on-1.51.jar
[INFO] Downloaded: http://insecure.repo1.maven.org/maven2/com/nimbusds/lang-tag/1.4/lang-tag-1.4.jar (10 KB at 62.0 KB/sec)
[INFO] Downloading: http://insecure.repo1.maven.org/maven2/com/google/code/gson/gson/2.2.4/gson-2.2.4.jar
[INFO] Downloaded: http://insecure.repo1.maven.org/maven2/com/nimbusds/nimbus-jose-jwt/3.1.2/nimbus-jose-jwt-3.1.2.jar (171 KB at 378.2 KB/sec)
[INFO] Downloading: http://insecure.repo1.maven.org/maven2/org/slf4j/slf4j-api/1.7.5/slf4j-api-1.7.5.jar
[INFO] Downloaded: http://insecure.repo1.maven.org/maven2/com/nimbusds/oauth2-oidc-sdk/4.5/oauth2-oidc-sdk-4.5.jar (239 KB at 528.4 KB/sec)
[INFO] Downloading: http://insecure.repo1.maven.org/maven2/commons-codec/commons-codec/1.10/commons-codec-1.10.jar
[INFO] Downloaded: http://insecure.repo1.maven.org/maven2/com/google/code/gson/gson/2.2.4/gson-2.2.4.jar (186 KB at 356.3 KB/sec)
[INFO] Downloaded: http://insecure.repo1.maven.org/maven2/org/slf4j/slf4j-api/1.7.5/slf4j-api-1.7.5.jar (26 KB at 48.8 KB/sec)
[INFO] Downloaded: http://insecure.repo1.maven.org/maven2/javax/mail/mail/1.4.7/mail-1.4.7.jar (509 KB at 654.2 KB/sec)
[INFO] Downloaded: http://insecure.repo1.maven.org/maven2/commons-codec/commons-codec/1.10/commons-codec-1.10.jar (278 KB at 319.4 KB/sec)
[INFO] Downloaded: http://insecure.repo1.maven.org/maven2/org/bouncycastle/bcprov-jdk15on/1.51/bcprov-jdk15on-1.51.jar (2777 KB at 493.9 KB/sec)
[INFO] 
[INFO] --- maven-resources-plugin:2.4.3:resources (default-resources) @ azure-client-authentication ---
[INFO] Using 'UTF-8' encoding to copy filtered resources.
[INFO] skip non existing resourceDirectory /home/travis/build/failed/Azure/azure-sdk-for-java/runtimes/azure-client-authentication/src/main/resources
[INFO] 
[INFO] --- maven-compiler-plugin:3.1:compile (default-compile) @ azure-client-authentication ---
[INFO] Changes detected - recompiling the module!
[INFO] Compiling 3 source files to /home/travis/build/failed/Azure/azure-sdk-for-java/runtimes/azure-client-authentication/target/classes
[WARNING] bootstrap class path not set in conjunction with -source 1.7
[INFO] 
[INFO] --- maven-resources-plugin:2.4.3:testResources (default-testResources) @ azure-client-authentication ---
[INFO] Using 'UTF-8' encoding to copy filtered resources.
[INFO] skip non existing resourceDirectory /home/travis/build/failed/Azure/azure-sdk-for-java/runtimes/azure-client-authentication/src/test/resources
[INFO] 
[INFO] --- maven-compiler-plugin:3.1:testCompile (default-testCompile) @ azure-client-authentication ---
[INFO] Changes detected - recompiling the module!
[INFO] Compiling 1 source file to /home/travis/build/failed/Azure/azure-sdk-for-java/runtimes/azure-client-authentication/target/test-classes
[WARNING] bootstrap class path not set in conjunction with -source 1.7
[INFO] 
[INFO] --- maven-surefire-plugin:2.18.1:test (default-test) @ azure-client-authentication ---
[INFO] Tests are skipped.
[INFO] 
[INFO] --- maven-jar-plugin:2.4:jar (default-jar) @ azure-client-authentication ---
[INFO] Building jar: /home/travis/build/failed/Azure/azure-sdk-for-java/runtimes/azure-client-authentication/target/azure-client-authentication-1.0.0-SNAPSHOT.jar
[INFO] 
[INFO] --- maven-install-plugin:2.4:install (default-install) @ azure-client-authentication ---
[INFO] Installing /home/travis/build/failed/Azure/azure-sdk-for-java/runtimes/azure-client-authentication/target/azure-client-authentication-1.0.0-SNAPSHOT.jar to /home/travis/.m2/repository/com/microsoft/azure/azure-client-authentication/1.0.0-SNAPSHOT/azure-client-authentication-1.0.0-SNAPSHOT.jar
[INFO] Installing /home/travis/build/failed/Azure/azure-sdk-for-java/runtimes/azure-client-authentication/pom.xml to /home/travis/.m2/repository/com/microsoft/azure/azure-client-authentication/1.0.0-SNAPSHOT/azure-client-authentication-1.0.0-SNAPSHOT.pom
[INFO]                                                                         
[INFO] ------------------------------------------------------------------------
[INFO] Building Microsoft Azure SDK Parent 1.0.0-SNAPSHOT
[INFO] ------------------------------------------------------------------------
[INFO] 
[INFO] --- maven-install-plugin:2.4:install (default-install) @ azure-parent ---
[INFO] Installing /home/travis/build/failed/Azure/azure-sdk-for-java/pom.xml to /home/travis/.m2/repository/com/microsoft/azure/azure-parent/1.0.0-SNAPSHOT/azure-parent-1.0.0-SNAPSHOT.pom
[INFO]                                                                         
[INFO] ------------------------------------------------------------------------
[INFO] Building Microsoft Azure SDK for Resource Management 1.0.0-SNAPSHOT
[INFO] ------------------------------------------------------------------------
[INFO] Downloading: http://insecure.repo1.maven.org/maven2/com/squareup/okhttp3/okhttp/3.2.0/okhttp-3.2.0.pom
[INFO] Downloaded: http://insecure.repo1.maven.org/maven2/com/squareup/okhttp3/okhttp/3.2.0/okhttp-3.2.0.pom (2 KB at 45.5 KB/sec)
[INFO] Downloading: http://insecure.repo1.maven.org/maven2/com/squareup/okhttp3/parent/3.2.0/parent-3.2.0.pom
[INFO] Downloaded: http://insecure.repo1.maven.org/maven2/com/squareup/okhttp3/parent/3.2.0/parent-3.2.0.pom (10 KB at 162.2 KB/sec)
[INFO] Downloading: http://insecure.repo1.maven.org/maven2/com/squareup/okio/okio/1.6.0/okio-1.6.0.pom
[INFO] Downloaded: http://insecure.repo1.maven.org/maven2/com/squareup/okio/okio/1.6.0/okio-1.6.0.pom (2 KB at 40.1 KB/sec)
[INFO] Downloading: http://insecure.repo1.maven.org/maven2/com/squareup/okio/okio-parent/1.6.0/okio-parent-1.6.0.pom
[INFO] Downloaded: http://insecure.repo1.maven.org/maven2/com/squareup/okio/okio-parent/1.6.0/okio-parent-1.6.0.pom (4 KB at 148.5 KB/sec)
[INFO] Downloading: http://insecure.repo1.maven.org/maven2/com/fasterxml/jackson/core/jackson-databind/2.6.3/jackson-databind-2.6.3.pom
[INFO] Downloaded: http://insecure.repo1.maven.org/maven2/com/fasterxml/jackson/core/jackson-databind/2.6.3/jackson-databind-2.6.3.pom (6 KB at 269.2 KB/sec)
[INFO] Downloading: http://insecure.repo1.maven.org/maven2/com/fasterxml/jackson/jackson-parent/2.6.1/jackson-parent-2.6.1.pom
[INFO] Downloaded: http://insecure.repo1.maven.org/maven2/com/fasterxml/jackson/jackson-parent/2.6.1/jackson-parent-2.6.1.pom (8 KB at 317.2 KB/sec)
[INFO] Downloading: http://insecure.repo1.maven.org/maven2/com/fasterxml/oss-parent/23/oss-parent-23.pom
[INFO] Downloaded: http://insecure.repo1.maven.org/maven2/com/fasterxml/oss-parent/23/oss-parent-23.pom (19 KB at 628.0 KB/sec)
[INFO] Downloading: http://insecure.repo1.maven.org/maven2/com/fasterxml/jackson/core/jackson-annotations/2.6.0/jackson-annotations-2.6.0.pom
[INFO] Downloaded: http://insecure.repo1.maven.org/maven2/com/fasterxml/jackson/core/jackson-annotations/2.6.0/jackson-annotations-2.6.0.pom (2 KB at 39.7 KB/sec)
[INFO] Downloading: http://insecure.repo1.maven.org/maven2/com/fasterxml/jackson/core/jackson-core/2.6.3/jackson-core-2.6.3.pom
[INFO] Downloaded: http://insecure.repo1.maven.org/maven2/com/fasterxml/jackson/core/jackson-core/2.6.3/jackson-core-2.6.3.pom (5 KB at 182.8 KB/sec)
[INFO] Downloading: http://insecure.repo1.maven.org/maven2/org/apache/commons/commons-lang3/3.3.1/commons-lang3-3.3.1.pom
[INFO] Downloaded: http://insecure.repo1.maven.org/maven2/org/apache/commons/commons-lang3/3.3.1/commons-lang3-3.3.1.pom (20 KB at 664.0 KB/sec)
[INFO] Downloading: http://insecure.repo1.maven.org/maven2/org/apache/commons/commons-parent/33/commons-parent-33.pom
[INFO] Downloaded: http://insecure.repo1.maven.org/maven2/org/apache/commons/commons-parent/33/commons-parent-33.pom (52 KB at 1103.1 KB/sec)
[INFO] Downloading: http://insecure.repo1.maven.org/maven2/com/fasterxml/jackson/core/jackson-databind/2.6.3/jackson-databind-2.6.3.jar
[INFO] Downloading: http://insecure.repo1.maven.org/maven2/com/fasterxml/jackson/core/jackson-core/2.6.3/jackson-core-2.6.3.jar
[INFO] Downloaded: http://insecure.repo1.maven.org/maven2/com/fasterxml/jackson/core/jackson-databind/2.6.3/jackson-databind-2.6.3.jar (1144 KB at 18148.6 KB/sec)
[INFO] Downloaded: http://insecure.repo1.maven.org/maven2/com/fasterxml/jackson/core/jackson-core/2.6.3/jackson-core-2.6.3.jar (253 KB at 2689.4 KB/sec)
[INFO] 
[INFO] --- maven-resources-plugin:2.4.3:resources (default-resources) @ azure-mgmt-resources ---
[INFO] Using 'UTF-8' encoding to copy filtered resources.
[INFO] skip non existing resourceDirectory /home/travis/build/failed/Azure/azure-sdk-for-java/azure-mgmt-resources/src/main/resources
[INFO] 
[INFO] --- maven-compiler-plugin:3.1:compile (default-compile) @ azure-mgmt-resources ---
[INFO] Changes detected - recompiling the module!
[INFO] Compiling 160 source files to /home/travis/build/failed/Azure/azure-sdk-for-java/azure-mgmt-resources/target/classes
[INFO] -------------------------------------------------------------
[WARNING] COMPILATION WARNING : 
[INFO] -------------------------------------------------------------
[WARNING] bootstrap class path not set in conjunction with -source 1.7
[WARNING] /home/travis/build/failed/Azure/azure-sdk-for-java/azure-mgmt-resources/src/main/java/com/microsoft/azure/management/resources/fluentcore/collection/SupportsBatchCreation.java:[24,64] Possible heap pollution from parameterized vararg type com.microsoft.azure.management.resources.fluentcore.model.Creatable<ResourceT>
[WARNING] /home/travis/build/failed/Azure/azure-sdk-for-java/azure-mgmt-resources/src/main/java/com/microsoft/azure/management/resources/fluentcore/collection/SupportsBatchCreation.java:[34,103] Possible heap pollution from parameterized vararg type com.microsoft.azure.management.resources.fluentcore.model.Creatable<ResourceT>
[WARNING] /home/travis/build/failed/Azure/azure-sdk-for-java/azure-mgmt-resources/src/main/java/com/microsoft/azure/management/resources/fluentcore/arm/collection/implementation/CreatableResourcesImpl.java:[38,56] Possible heap pollution from parameterized vararg type com.microsoft.azure.management.resources.fluentcore.model.Creatable<T>
[WARNING] /home/travis/build/failed/Azure/azure-sdk-for-java/azure-mgmt-resources/src/main/java/com/microsoft/azure/management/resources/fluentcore/arm/collection/implementation/CreatableResourcesImpl.java:[45,100] Possible heap pollution from parameterized vararg type com.microsoft.azure.management.resources.fluentcore.model.Creatable<T>
[WARNING] /home/travis/build/failed/Azure/azure-sdk-for-java/azure-mgmt-resources/src/main/java/com/microsoft/azure/management/resources/fluentcore/arm/collection/implementation/CreatableResourcesImpl.java:[256,39] refresh() in com.microsoft.azure.management.resources.fluentcore.arm.collection.implementation.CreatableResourcesImpl.CreatableResourcesRootImpl overrides refresh() in com.microsoft.azure.management.resources.fluentcore.model.implementation.IndexableRefreshableImpl
  return type requires unchecked conversion from com.microsoft.azure.management.resources.fluentcore.arm.collection.implementation.CreatableResourcesImpl.CreatableResourcesRoot to com.microsoft.azure.management.resources.fluentcore.arm.collection.implementation.CreatableResourcesImpl.CreatableResourcesRoot<ResourceT>
[WARNING] /home/travis/build/failed/Azure/azure-sdk-for-java/azure-mgmt-resources/src/main/java/com/microsoft/azure/management/resources/fluentcore/arm/collection/implementation/CreatableResourcesImpl.java:[256,39] refresh() in com.microsoft.azure.management.resources.fluentcore.arm.collection.implementation.CreatableResourcesImpl.CreatableResourcesRootImpl implements refresh() in com.microsoft.azure.management.resources.fluentcore.model.Refreshable
  return type requires unchecked conversion from com.microsoft.azure.management.resources.fluentcore.arm.collection.implementation.CreatableResourcesImpl.CreatableResourcesRoot to com.microsoft.azure.management.resources.fluentcore.arm.collection.implementation.CreatableResourcesImpl.CreatableResourcesRoot<ResourceT>
[WARNING] /home/travis/build/failed/Azure/azure-sdk-for-java/azure-mgmt-resources/src/main/java/com/microsoft/azure/management/resources/fluentcore/arm/collection/implementation/CreatableResourcesImpl.java:[223,77] unchecked cast
  required: ResourceT
  found:    java.lang.Object
[WARNING] /home/travis/build/failed/Azure/azure-sdk-for-java/azure-mgmt-resources/src/main/java/com/microsoft/azure/management/resources/fluentcore/arm/collection/implementation/CreatableResourcesImpl.java:[233,56] Possible heap pollution from parameterized vararg type com.microsoft.azure.management.resources.fluentcore.model.Creatable<T>
[INFO] 9 warnings 
[INFO] -------------------------------------------------------------
[INFO] -------------------------------------------------------------
[ERROR] COMPILATION ERROR : 
[INFO] -------------------------------------------------------------
[ERROR] /home/travis/build/failed/Azure/azure-sdk-for-java/azure-mgmt-resources/src/main/java/com/microsoft/azure/management/resources/fluentcore/arm/collection/implementation/CreatableResourcesImpl.java:[312,34] no suitable method found for cancel(no arguments)
    method com.google.common.util.concurrent.AbstractFuture.cancel(boolean) is not applicable
      (actual and formal argument lists differ in length)
    method com.microsoft.rest.ServiceCall.cancel(boolean) is not applicable
      (actual and formal argument lists differ in length)
[INFO] 1 error
[INFO] -------------------------------------------------------------
[INFO] ------------------------------------------------------------------------
[INFO] Reactor Summary:
[INFO] 
[INFO] AutoRest Client Runtimes for Java .................. SUCCESS [  2.094 s]
[INFO] Build tools for AutoRest client runtime for Java ... SUCCESS [  5.338 s]
[INFO] Java Client Runtime for AutoRest ................... SUCCESS [  6.574 s]
[INFO] Azure Java Client Runtime for AutoRest ............. SUCCESS [  0.507 s]
[INFO] Azure Java Client Authentication Library for AutoRest SUCCESS [  6.593 s]
[INFO] Microsoft Azure SDK Parent ......................... SUCCESS [  0.005 s]
[INFO] Microsoft Azure SDK for Resource Management ........ FAILURE [  1.997 s]
[INFO] Microsoft Azure SDK for Storage Management ......... SKIPPED
[INFO] Microsoft Azure SDK for Network Management ......... SKIPPED
[INFO] Microsoft Azure SDK for Compute Management ......... SKIPPED
[INFO] Microsoft Azure SDK ................................ SKIPPED
[INFO] Microsoft Azure SDK for Batch Service .............. SKIPPED
[INFO] Microsoft Azure SDK for Website Management ......... SKIPPED
[INFO] Microsoft Azure SDK for Data Lake Store Management . SKIPPED
[INFO] Microsoft Azure SDK for Data Lake Analytics Management SKIPPED
[INFO] Microsoft Azure SDK for Data Lake Store Data Uploading SKIPPED
[INFO] Microsoft Azure SDK samples ........................ SKIPPED
[INFO] ------------------------------------------------------------------------
[INFO] BUILD FAILURE
[INFO] ------------------------------------------------------------------------
[INFO] Total time: 23.771 s
[INFO] Finished at: 2022-07-14T23:10:43+00:00
[INFO] Final Memory: 26M/353M
[INFO] ------------------------------------------------------------------------
[ERROR] Failed to execute goal org.apache.maven.plugins:maven-compiler-plugin:3.1:compile (default-compile) on project azure-mgmt-resources: Compilation failure
[ERROR] /home/travis/build/failed/Azure/azure-sdk-for-java/azure-mgmt-resources/src/main/java/com/microsoft/azure/management/resources/fluentcore/arm/collection/implementation/CreatableResourcesImpl.java:[312,34] no suitable method found for cancel(no arguments)
[ERROR] method com.google.common.util.concurrent.AbstractFuture.cancel(boolean) is not applicable
[ERROR] (actual and formal argument lists differ in length)
[ERROR] method com.microsoft.rest.ServiceCall.cancel(boolean) is not applicable
[ERROR] (actual and formal argument lists differ in length)
[ERROR] -> [Help 1]
[ERROR] 
[ERROR] To see the full stack trace of the errors, re-run Maven with the -e switch.
[ERROR] Re-run Maven using the -X switch to enable full debug logging.
[ERROR] 
[ERROR] For more information about the errors and possible solutions, please read the following articles:
[ERROR] [Help 1] http://cwiki.apache.org/confluence/display/MAVEN/MojoFailureException
[ERROR] 
[ERROR] After correcting the problems, you can resume the build with the command
[ERROR]   mvn <goals> -rf :azure-mgmt-resources

[31;1mThe command "eval mvn install -Dhttps.protocols=TLSv1.2 -DskipTests=true -Dmaven.javadoc.skip=true -B -V " failed. Retrying, 2 of 3.[0m

Java HotSpot(TM) 64-Bit Server VM warning: ignoring option MaxPermSize=192m; support was removed in 8.0
Apache Maven 3.2.5 (12a6b3acb947671f09b81f49094c53f426d8cea1; 2014-12-14T17:29:23+00:00)
Maven home: /usr/local/maven
Java version: 1.8.0_31, vendor: Oracle Corporation
Java home: /usr/lib/jvm/java-8-oracle/jre
Default locale: en_US, platform encoding: UTF-8
OS name: "linux", version: "4.15.0-109-generic", arch: "amd64", family: "unix"
[INFO] Scanning for projects...
[WARNING] 
[WARNING] Some problems were encountered while building the effective model for com.microsoft.rest:client-runtime:jar:1.0.0-SNAPSHOT
[WARNING] 'build.plugins.plugin.version' for org.codehaus.mojo:build-helper-maven-plugin is missing. @ com.microsoft.rest:client-runtime:[unknown-version], /home/travis/build/failed/Azure/azure-sdk-for-java/runtimes/client-runtime/pom.xml, line 100, column 15
[WARNING] 
[WARNING] Some problems were encountered while building the effective model for com.microsoft.azure:azure-client-runtime:jar:1.0.0-SNAPSHOT
[WARNING] 'build.plugins.plugin.version' for org.codehaus.mojo:build-helper-maven-plugin is missing. @ com.microsoft.azure:azure-client-runtime:[unknown-version], /home/travis/build/failed/Azure/azure-sdk-for-java/runtimes/azure-client-runtime/pom.xml, line 76, column 15
[WARNING] The expression ${parent.version} is deprecated. Please use ${project.parent.version} instead.
[WARNING] 
[WARNING] Some problems were encountered while building the effective model for com.microsoft.azure:azure-client-authentication:jar:1.0.0-SNAPSHOT
[WARNING] 'build.plugins.plugin.version' for org.codehaus.mojo:build-helper-maven-plugin is missing. @ com.microsoft.azure:azure-client-authentication:[unknown-version], /home/travis/build/failed/Azure/azure-sdk-for-java/runtimes/azure-client-authentication/pom.xml, line 81, column 15
[WARNING] 
[WARNING] Some problems were encountered while building the effective model for com.microsoft.azure:azure:jar:1.0.0-SNAPSHOT
[WARNING] 'build.plugins.plugin.version' for org.apache.maven.plugins:maven-jar-plugin is missing. @ com.microsoft.azure:azure:[unknown-version], /home/travis/build/failed/Azure/azure-sdk-for-java/azure/pom.xml, line 99, column 15
[WARNING] 'build.plugins.plugin.version' for org.codehaus.mojo:build-helper-maven-plugin is missing. @ com.microsoft.azure:azure:[unknown-version], /home/travis/build/failed/Azure/azure-sdk-for-java/azure/pom.xml, line 126, column 15
[WARNING] 
[WARNING] Some problems were encountered while building the effective model for com.microsoft.azure:azure-batch:jar:1.0.0-SNAPSHOT
[WARNING] 'build.plugins.plugin.version' for org.apache.maven.plugins:maven-jar-plugin is missing. @ com.microsoft.azure:azure-batch:[unknown-version], /home/travis/build/failed/Azure/azure-sdk-for-java/azure-batch/pom.xml, line 73, column 15
[WARNING] 'build.plugins.plugin.version' for org.codehaus.mojo:build-helper-maven-plugin is missing. @ com.microsoft.azure:azure-batch:[unknown-version], /home/travis/build/failed/Azure/azure-sdk-for-java/azure-batch/pom.xml, line 100, column 15
[WARNING] 
[WARNING] Some problems were encountered while building the effective model for com.microsoft.azure:azure-mgmt-compute:jar:1.0.0-SNAPSHOT
[WARNING] 'build.plugins.plugin.version' for org.apache.maven.plugins:maven-jar-plugin is missing. @ com.microsoft.azure:azure-mgmt-compute:[unknown-version], /home/travis/build/failed/Azure/azure-sdk-for-java/azure-mgmt-compute/pom.xml, line 83, column 15
[WARNING] 'build.plugins.plugin.version' for org.codehaus.mojo:build-helper-maven-plugin is missing. @ com.microsoft.azure:azure-mgmt-compute:[unknown-version], /home/travis/build/failed/Azure/azure-sdk-for-java/azure-mgmt-compute/pom.xml, line 104, column 15
[WARNING] 
[WARNING] Some problems were encountered while building the effective model for com.microsoft.azure:azure-mgmt-resources:jar:1.0.0-SNAPSHOT
[WARNING] 'build.plugins.plugin.version' for org.apache.maven.plugins:maven-jar-plugin is missing. @ com.microsoft.azure:azure-mgmt-resources:[unknown-version], /home/travis/build/failed/Azure/azure-sdk-for-java/azure-mgmt-resources/pom.xml, line 68, column 15
[WARNING] 'build.plugins.plugin.version' for org.codehaus.mojo:build-helper-maven-plugin is missing. @ com.microsoft.azure:azure-mgmt-resources:[unknown-version], /home/travis/build/failed/Azure/azure-sdk-for-java/azure-mgmt-resources/pom.xml, line 89, column 15
[WARNING] 
[WARNING] Some problems were encountered while building the effective model for com.microsoft.azure:azure-mgmt-storage:jar:1.0.0-SNAPSHOT
[WARNING] 'build.plugins.plugin.version' for org.apache.maven.plugins:maven-jar-plugin is missing. @ com.microsoft.azure:azure-mgmt-storage:[unknown-version], /home/travis/build/failed/Azure/azure-sdk-for-java/azure-mgmt-storage/pom.xml, line 73, column 15
[WARNING] 'build.plugins.plugin.version' for org.codehaus.mojo:build-helper-maven-plugin is missing. @ com.microsoft.azure:azure-mgmt-storage:[unknown-version], /home/travis/build/failed/Azure/azure-sdk-for-java/azure-mgmt-storage/pom.xml, line 85, column 15
[WARNING] 
[WARNING] Some problems were encountered while building the effective model for com.microsoft.azure:azure-mgmt-network:jar:1.0.0-SNAPSHOT
[WARNING] 'build.plugins.plugin.version' for org.apache.maven.plugins:maven-jar-plugin is missing. @ com.microsoft.azure:azure-mgmt-network:[unknown-version], /home/travis/build/failed/Azure/azure-sdk-for-java/azure-mgmt-network/pom.xml, line 73, column 15
[WARNING] 'build.plugins.plugin.version' for org.codehaus.mojo:build-helper-maven-plugin is missing. @ com.microsoft.azure:azure-mgmt-network:[unknown-version], /home/travis/build/failed/Azure/azure-sdk-for-java/azure-mgmt-network/pom.xml, line 100, column 15
[WARNING] 
[WARNING] Some problems were encountered while building the effective model for com.microsoft.azure:azure-mgmt-website:jar:1.0.0-SNAPSHOT
[WARNING] 'build.plugins.plugin.version' for org.apache.maven.plugins:maven-jar-plugin is missing. @ line 69, column 15
[WARNING] 'build.plugins.plugin.version' for org.codehaus.mojo:build-helper-maven-plugin is missing. @ line 90, column 15
[WARNING] 
[WARNING] Some problems were encountered while building the effective model for com.microsoft.azure:azure-mgmt-datalake-analytics:jar:1.0.0-SNAPSHOT
[WARNING] 'build.plugins.plugin.version' for org.apache.maven.plugins:maven-jar-plugin is missing. @ line 87, column 15
[WARNING] 'build.plugins.plugin.version' for org.codehaus.mojo:build-helper-maven-plugin is missing. @ line 114, column 15
[WARNING] 
[WARNING] Some problems were encountered while building the effective model for com.microsoft.azure:azure-mgmt-datalake-store:jar:1.0.0-SNAPSHOT
[WARNING] 'build.plugins.plugin.version' for org.apache.maven.plugins:maven-jar-plugin is missing. @ line 75, column 15
[WARNING] 'build.plugins.plugin.version' for org.codehaus.mojo:build-helper-maven-plugin is missing. @ line 102, column 15
[WARNING] 
[WARNING] Some problems were encountered while building the effective model for com.microsoft.azure:azure-mgmt-datalake-store-uploader:jar:1.0.0-SNAPSHOT
[WARNING] 'build.plugins.plugin.version' for org.apache.maven.plugins:maven-jar-plugin is missing. @ line 86, column 15
[WARNING] 'build.plugins.plugin.version' for org.codehaus.mojo:build-helper-maven-plugin is missing. @ line 113, column 15
[WARNING] 
[WARNING] It is highly recommended to fix these problems because they threaten the stability of your build.
[WARNING] 
[WARNING] For this reason, future Maven versions might no longer support building such malformed projects.
[WARNING] 
[INFO] ------------------------------------------------------------------------
[INFO] Reactor Build Order:
[INFO] 
[INFO] AutoRest Client Runtimes for Java
[INFO] Build tools for AutoRest client runtime for Java
[INFO] Java Client Runtime for AutoRest
[INFO] Azure Java Client Runtime for AutoRest
[INFO] Azure Java Client Authentication Library for AutoRest
[INFO] Microsoft Azure SDK Parent
[INFO] Microsoft Azure SDK for Resource Management
[INFO] Microsoft Azure SDK for Storage Management
[INFO] Microsoft Azure SDK for Network Management
[INFO] Microsoft Azure SDK for Compute Management
[INFO] Microsoft Azure SDK
[INFO] Microsoft Azure SDK for Batch Service
[INFO] Microsoft Azure SDK for Website Management
[INFO] Microsoft Azure SDK for Data Lake Store Management
[INFO] Microsoft Azure SDK for Data Lake Analytics Management
[INFO] Microsoft Azure SDK for Data Lake Store Data Uploading
[INFO] Microsoft Azure SDK samples
[INFO]                                                                         
[INFO] ------------------------------------------------------------------------
[INFO] Building AutoRest Client Runtimes for Java 1.0.0-SNAPSHOT
[INFO] ------------------------------------------------------------------------
[INFO] 
[INFO] --- maven-install-plugin:2.4:install (default-install) @ autorest-clientruntime-for-java ---
[INFO] Installing /home/travis/build/failed/Azure/azure-sdk-for-java/runtimes/pom.xml to /home/travis/.m2/repository/com/microsoft/azure/autorest-clientruntime-for-java/1.0.0-SNAPSHOT/autorest-clientruntime-for-java-1.0.0-SNAPSHOT.pom
[INFO]                                                                         
[INFO] ------------------------------------------------------------------------
[INFO] Building Build tools for AutoRest client runtime for Java 1.0.0-SNAPSHOT
[INFO] ------------------------------------------------------------------------
[INFO] 
[INFO] --- maven-resources-plugin:2.4.3:resources (default-resources) @ autorest-build-tools ---
[INFO] Using 'UTF-8' encoding to copy filtered resources.
[INFO] Copying 2 resources
[INFO] 
[INFO] --- maven-compiler-plugin:3.1:compile (default-compile) @ autorest-build-tools ---
[INFO] No sources to compile
[INFO] 
[INFO] --- maven-resources-plugin:2.4.3:testResources (default-testResources) @ autorest-build-tools ---
[INFO] Using 'UTF-8' encoding to copy filtered resources.
[INFO] skip non existing resourceDirectory /home/travis/build/failed/Azure/azure-sdk-for-java/runtimes/build-tools/src/test/resources
[INFO] 
[INFO] --- maven-compiler-plugin:3.1:testCompile (default-testCompile) @ autorest-build-tools ---
[INFO] No sources to compile
[INFO] 
[INFO] --- maven-surefire-plugin:2.18.1:test (default-test) @ autorest-build-tools ---
[INFO] Tests are skipped.
[INFO] 
[INFO] --- maven-jar-plugin:2.4:jar (default-jar) @ autorest-build-tools ---
[INFO] 
[INFO] --- maven-install-plugin:2.4:install (default-install) @ autorest-build-tools ---
[INFO] Installing /home/travis/build/failed/Azure/azure-sdk-for-java/runtimes/build-tools/target/autorest-build-tools-1.0.0-SNAPSHOT.jar to /home/travis/.m2/repository/com/microsoft/azure/autorest-build-tools/1.0.0-SNAPSHOT/autorest-build-tools-1.0.0-SNAPSHOT.jar
[INFO] Installing /home/travis/build/failed/Azure/azure-sdk-for-java/runtimes/build-tools/pom.xml to /home/travis/.m2/repository/com/microsoft/azure/autorest-build-tools/1.0.0-SNAPSHOT/autorest-build-tools-1.0.0-SNAPSHOT.pom
[INFO]                                                                         
[INFO] ------------------------------------------------------------------------
[INFO] Building Java Client Runtime for AutoRest 1.0.0-SNAPSHOT
[INFO] ------------------------------------------------------------------------
[INFO] 
[INFO] --- maven-resources-plugin:2.4.3:resources (default-resources) @ client-runtime ---
[INFO] Using 'UTF-8' encoding to copy filtered resources.
[INFO] skip non existing resourceDirectory /home/travis/build/failed/Azure/azure-sdk-for-java/runtimes/client-runtime/src/main/resources
[INFO] 
[INFO] --- maven-compiler-plugin:3.1:compile (default-compile) @ client-runtime ---
[INFO] Changes detected - recompiling the module!
[INFO] Compiling 39 source files to /home/travis/build/failed/Azure/azure-sdk-for-java/runtimes/client-runtime/target/classes
[WARNING] bootstrap class path not set in conjunction with -source 1.7
[WARNING] /home/travis/build/failed/Azure/azure-sdk-for-java/runtimes/client-runtime/src/main/java/com/microsoft/rest/serializer/JacksonConverterFactory.java:[64,37] reader(com.fasterxml.jackson.databind.JavaType) in com.fasterxml.jackson.databind.ObjectMapper has been deprecated
[WARNING] /home/travis/build/failed/Azure/azure-sdk-for-java/runtimes/client-runtime/src/main/java/com/microsoft/rest/Validator.java:[45,51] unchecked method invocation: method of in class com.google.common.reflect.TypeToken is applied to given types
  required: java.lang.Class<T>
  found: java.lang.Class
[WARNING] /home/travis/build/failed/Azure/azure-sdk-for-java/runtimes/client-runtime/src/main/java/com/microsoft/rest/Validator.java:[45,52] unchecked conversion
  required: java.lang.Class<T>
  found:    java.lang.Class
[WARNING] /home/travis/build/failed/Azure/azure-sdk-for-java/runtimes/client-runtime/src/main/java/com/microsoft/rest/serializer/FlatteningDeserializer.java:[97,40] put(java.lang.String,com.fasterxml.jackson.databind.JsonNode) in com.fasterxml.jackson.databind.node.ObjectNode has been deprecated
[WARNING] /home/travis/build/failed/Azure/azure-sdk-for-java/runtimes/client-runtime/src/main/java/com/microsoft/rest/serializer/FlatteningSerializer.java:[117,33] put(java.lang.String,com.fasterxml.jackson.databind.JsonNode) in com.fasterxml.jackson.databind.node.ObjectNode has been deprecated
[INFO] 
[INFO] --- maven-resources-plugin:2.4.3:testResources (default-testResources) @ client-runtime ---
[INFO] Using 'UTF-8' encoding to copy filtered resources.
[INFO] skip non existing resourceDirectory /home/travis/build/failed/Azure/azure-sdk-for-java/runtimes/client-runtime/src/test/resources
[INFO] 
[INFO] --- maven-compiler-plugin:3.1:testCompile (default-testCompile) @ client-runtime ---
[INFO] Nothing to compile - all classes are up to date
[INFO] 
[INFO] --- maven-surefire-plugin:2.18.1:test (default-test) @ client-runtime ---
[INFO] Tests are skipped.
[INFO] 
[INFO] --- maven-jar-plugin:2.4:jar (default-jar) @ client-runtime ---
[INFO] Building jar: /home/travis/build/failed/Azure/azure-sdk-for-java/runtimes/client-runtime/target/client-runtime-1.0.0-SNAPSHOT.jar
[INFO] 
[INFO] --- maven-install-plugin:2.4:install (default-install) @ client-runtime ---
[INFO] Installing /home/travis/build/failed/Azure/azure-sdk-for-java/runtimes/client-runtime/target/client-runtime-1.0.0-SNAPSHOT.jar to /home/travis/.m2/repository/com/microsoft/rest/client-runtime/1.0.0-SNAPSHOT/client-runtime-1.0.0-SNAPSHOT.jar
[INFO] Installing /home/travis/build/failed/Azure/azure-sdk-for-java/runtimes/client-runtime/pom.xml to /home/travis/.m2/repository/com/microsoft/rest/client-runtime/1.0.0-SNAPSHOT/client-runtime-1.0.0-SNAPSHOT.pom
[INFO]                                                                         
[INFO] ------------------------------------------------------------------------
[INFO] Building Azure Java Client Runtime for AutoRest 1.0.0-SNAPSHOT
[INFO] ------------------------------------------------------------------------
[INFO] 
[INFO] --- maven-resources-plugin:2.4.3:resources (default-resources) @ azure-client-runtime ---
[INFO] Using 'UTF-8' encoding to copy filtered resources.
[INFO] skip non existing resourceDirectory /home/travis/build/failed/Azure/azure-sdk-for-java/runtimes/azure-client-runtime/src/main/resources
[INFO] 
[INFO] --- maven-compiler-plugin:3.1:compile (default-compile) @ azure-client-runtime ---
[INFO] Changes detected - recompiling the module!
[INFO] Compiling 29 source files to /home/travis/build/failed/Azure/azure-sdk-for-java/runtimes/azure-client-runtime/target/classes
[WARNING] bootstrap class path not set in conjunction with -source 1.7
[WARNING] /home/travis/build/failed/Azure/azure-sdk-for-java/runtimes/azure-client-runtime/src/main/java/com/microsoft/azure/Graph.java:[85,26] unchecked call to visitNode(U) as a member of the raw type com.microsoft.azure.Graph.Visitor
[WARNING] /home/travis/build/failed/Azure/azure-sdk-for-java/runtimes/azure-client-runtime/src/main/java/com/microsoft/azure/AzureResponse.java:[26,14] unchecked method invocation: constructor <init> in class com.microsoft.rest.ServiceResponse is applied to given types
  required: T,retrofit2.Response<okhttp3.ResponseBody>
  found: T,retrofit2.Response
[WARNING] /home/travis/build/failed/Azure/azure-sdk-for-java/runtimes/azure-client-runtime/src/main/java/com/microsoft/azure/AzureResponse.java:[26,21] unchecked conversion
  required: retrofit2.Response<okhttp3.ResponseBody>
  found:    retrofit2.Response
[INFO] 
[INFO] --- maven-resources-plugin:2.4.3:testResources (default-testResources) @ azure-client-runtime ---
[INFO] Using 'UTF-8' encoding to copy filtered resources.
[INFO] skip non existing resourceDirectory /home/travis/build/failed/Azure/azure-sdk-for-java/runtimes/azure-client-runtime/src/test/resources
[INFO] 
[INFO] --- maven-compiler-plugin:3.1:testCompile (default-testCompile) @ azure-client-runtime ---
[INFO] Nothing to compile - all classes are up to date
[INFO] 
[INFO] --- maven-surefire-plugin:2.18.1:test (default-test) @ azure-client-runtime ---
[INFO] Tests are skipped.
[INFO] 
[INFO] --- maven-jar-plugin:2.4:jar (default-jar) @ azure-client-runtime ---
[INFO] Building jar: /home/travis/build/failed/Azure/azure-sdk-for-java/runtimes/azure-client-runtime/target/azure-client-runtime-1.0.0-SNAPSHOT.jar
[INFO] 
[INFO] --- maven-install-plugin:2.4:install (default-install) @ azure-client-runtime ---
[INFO] Installing /home/travis/build/failed/Azure/azure-sdk-for-java/runtimes/azure-client-runtime/target/azure-client-runtime-1.0.0-SNAPSHOT.jar to /home/travis/.m2/repository/com/microsoft/azure/azure-client-runtime/1.0.0-SNAPSHOT/azure-client-runtime-1.0.0-SNAPSHOT.jar
[INFO] Installing /home/travis/build/failed/Azure/azure-sdk-for-java/runtimes/azure-client-runtime/pom.xml to /home/travis/.m2/repository/com/microsoft/azure/azure-client-runtime/1.0.0-SNAPSHOT/azure-client-runtime-1.0.0-SNAPSHOT.pom
[INFO]                                                                         
[INFO] ------------------------------------------------------------------------
[INFO] Building Azure Java Client Authentication Library for AutoRest 1.0.0-SNAPSHOT
[INFO] ------------------------------------------------------------------------
[INFO] 
[INFO] --- maven-resources-plugin:2.4.3:resources (default-resources) @ azure-client-authentication ---
[INFO] Using 'UTF-8' encoding to copy filtered resources.
[INFO] skip non existing resourceDirectory /home/travis/build/failed/Azure/azure-sdk-for-java/runtimes/azure-client-authentication/src/main/resources
[INFO] 
[INFO] --- maven-compiler-plugin:3.1:compile (default-compile) @ azure-client-authentication ---
[INFO] Changes detected - recompiling the module!
[INFO] Compiling 3 source files to /home/travis/build/failed/Azure/azure-sdk-for-java/runtimes/azure-client-authentication/target/classes
[WARNING] bootstrap class path not set in conjunction with -source 1.7
[INFO] 
[INFO] --- maven-resources-plugin:2.4.3:testResources (default-testResources) @ azure-client-authentication ---
[INFO] Using 'UTF-8' encoding to copy filtered resources.
[INFO] skip non existing resourceDirectory /home/travis/build/failed/Azure/azure-sdk-for-java/runtimes/azure-client-authentication/src/test/resources
[INFO] 
[INFO] --- maven-compiler-plugin:3.1:testCompile (default-testCompile) @ azure-client-authentication ---
[INFO] Nothing to compile - all classes are up to date
[INFO] 
[INFO] --- maven-surefire-plugin:2.18.1:test (default-test) @ azure-client-authentication ---
[INFO] Tests are skipped.
[INFO] 
[INFO] --- maven-jar-plugin:2.4:jar (default-jar) @ azure-client-authentication ---
[INFO] Building jar: /home/travis/build/failed/Azure/azure-sdk-for-java/runtimes/azure-client-authentication/target/azure-client-authentication-1.0.0-SNAPSHOT.jar
[INFO] 
[INFO] --- maven-install-plugin:2.4:install (default-install) @ azure-client-authentication ---
[INFO] Installing /home/travis/build/failed/Azure/azure-sdk-for-java/runtimes/azure-client-authentication/target/azure-client-authentication-1.0.0-SNAPSHOT.jar to /home/travis/.m2/repository/com/microsoft/azure/azure-client-authentication/1.0.0-SNAPSHOT/azure-client-authentication-1.0.0-SNAPSHOT.jar
[INFO] Installing /home/travis/build/failed/Azure/azure-sdk-for-java/runtimes/azure-client-authentication/pom.xml to /home/travis/.m2/repository/com/microsoft/azure/azure-client-authentication/1.0.0-SNAPSHOT/azure-client-authentication-1.0.0-SNAPSHOT.pom
[INFO]                                                                         
[INFO] ------------------------------------------------------------------------
[INFO] Building Microsoft Azure SDK Parent 1.0.0-SNAPSHOT
[INFO] ------------------------------------------------------------------------
[INFO] 
[INFO] --- maven-install-plugin:2.4:install (default-install) @ azure-parent ---
[INFO] Installing /home/travis/build/failed/Azure/azure-sdk-for-java/pom.xml to /home/travis/.m2/repository/com/microsoft/azure/azure-parent/1.0.0-SNAPSHOT/azure-parent-1.0.0-SNAPSHOT.pom
[INFO]                                                                         
[INFO] ------------------------------------------------------------------------
[INFO] Building Microsoft Azure SDK for Resource Management 1.0.0-SNAPSHOT
[INFO] ------------------------------------------------------------------------
[INFO] 
[INFO] --- maven-resources-plugin:2.4.3:resources (default-resources) @ azure-mgmt-resources ---
[INFO] Using 'UTF-8' encoding to copy filtered resources.
[INFO] skip non existing resourceDirectory /home/travis/build/failed/Azure/azure-sdk-for-java/azure-mgmt-resources/src/main/resources
[INFO] 
[INFO] --- maven-compiler-plugin:3.1:compile (default-compile) @ azure-mgmt-resources ---
[INFO] Changes detected - recompiling the module!
[INFO] Compiling 160 source files to /home/travis/build/failed/Azure/azure-sdk-for-java/azure-mgmt-resources/target/classes
[INFO] -------------------------------------------------------------
[WARNING] COMPILATION WARNING : 
[INFO] -------------------------------------------------------------
[WARNING] bootstrap class path not set in conjunction with -source 1.7
[WARNING] /home/travis/build/failed/Azure/azure-sdk-for-java/azure-mgmt-resources/src/main/java/com/microsoft/azure/management/resources/fluentcore/collection/SupportsBatchCreation.java:[24,64] Possible heap pollution from parameterized vararg type com.microsoft.azure.management.resources.fluentcore.model.Creatable<ResourceT>
[WARNING] /home/travis/build/failed/Azure/azure-sdk-for-java/azure-mgmt-resources/src/main/java/com/microsoft/azure/management/resources/fluentcore/collection/SupportsBatchCreation.java:[34,103] Possible heap pollution from parameterized vararg type com.microsoft.azure.management.resources.fluentcore.model.Creatable<ResourceT>
[WARNING] /home/travis/build/failed/Azure/azure-sdk-for-java/azure-mgmt-resources/src/main/java/com/microsoft/azure/management/resources/fluentcore/arm/collection/implementation/CreatableResourcesImpl.java:[38,56] Possible heap pollution from parameterized vararg type com.microsoft.azure.management.resources.fluentcore.model.Creatable<T>
[WARNING] /home/travis/build/failed/Azure/azure-sdk-for-java/azure-mgmt-resources/src/main/java/com/microsoft/azure/management/resources/fluentcore/arm/collection/implementation/CreatableResourcesImpl.java:[45,100] Possible heap pollution from parameterized vararg type com.microsoft.azure.management.resources.fluentcore.model.Creatable<T>
[WARNING] /home/travis/build/failed/Azure/azure-sdk-for-java/azure-mgmt-resources/src/main/java/com/microsoft/azure/management/resources/fluentcore/arm/collection/implementation/CreatableResourcesImpl.java:[256,39] refresh() in com.microsoft.azure.management.resources.fluentcore.arm.collection.implementation.CreatableResourcesImpl.CreatableResourcesRootImpl overrides refresh() in com.microsoft.azure.management.resources.fluentcore.model.implementation.IndexableRefreshableImpl
  return type requires unchecked conversion from com.microsoft.azure.management.resources.fluentcore.arm.collection.implementation.CreatableResourcesImpl.CreatableResourcesRoot to com.microsoft.azure.management.resources.fluentcore.arm.collection.implementation.CreatableResourcesImpl.CreatableResourcesRoot<ResourceT>
[WARNING] /home/travis/build/failed/Azure/azure-sdk-for-java/azure-mgmt-resources/src/main/java/com/microsoft/azure/management/resources/fluentcore/arm/collection/implementation/CreatableResourcesImpl.java:[256,39] refresh() in com.microsoft.azure.management.resources.fluentcore.arm.collection.implementation.CreatableResourcesImpl.CreatableResourcesRootImpl implements refresh() in com.microsoft.azure.management.resources.fluentcore.model.Refreshable
  return type requires unchecked conversion from com.microsoft.azure.management.resources.fluentcore.arm.collection.implementation.CreatableResourcesImpl.CreatableResourcesRoot to com.microsoft.azure.management.resources.fluentcore.arm.collection.implementation.CreatableResourcesImpl.CreatableResourcesRoot<ResourceT>
[WARNING] /home/travis/build/failed/Azure/azure-sdk-for-java/azure-mgmt-resources/src/main/java/com/microsoft/azure/management/resources/fluentcore/arm/collection/implementation/CreatableResourcesImpl.java:[223,77] unchecked cast
  required: ResourceT
  found:    java.lang.Object
[WARNING] /home/travis/build/failed/Azure/azure-sdk-for-java/azure-mgmt-resources/src/main/java/com/microsoft/azure/management/resources/fluentcore/arm/collection/implementation/CreatableResourcesImpl.java:[233,56] Possible heap pollution from parameterized vararg type com.microsoft.azure.management.resources.fluentcore.model.Creatable<T>
[INFO] 9 warnings 
[INFO] -------------------------------------------------------------
[INFO] -------------------------------------------------------------
[ERROR] COMPILATION ERROR : 
[INFO] -------------------------------------------------------------
[ERROR] /home/travis/build/failed/Azure/azure-sdk-for-java/azure-mgmt-resources/src/main/java/com/microsoft/azure/management/resources/fluentcore/arm/collection/implementation/CreatableResourcesImpl.java:[312,34] no suitable method found for cancel(no arguments)
    method com.google.common.util.concurrent.AbstractFuture.cancel(boolean) is not applicable
      (actual and formal argument lists differ in length)
    method com.microsoft.rest.ServiceCall.cancel(boolean) is not applicable
      (actual and formal argument lists differ in length)
[INFO] 1 error
[INFO] -------------------------------------------------------------
[INFO] ------------------------------------------------------------------------
[INFO] Reactor Summary:
[INFO] 
[INFO] AutoRest Client Runtimes for Java .................. SUCCESS [  0.222 s]
[INFO] Build tools for AutoRest client runtime for Java ... SUCCESS [  0.617 s]
[INFO] Java Client Runtime for AutoRest ................... SUCCESS [  1.116 s]
[INFO] Azure Java Client Runtime for AutoRest ............. SUCCESS [  0.401 s]
[INFO] Azure Java Client Authentication Library for AutoRest SUCCESS [  0.166 s]
[INFO] Microsoft Azure SDK Parent ......................... SUCCESS [  0.003 s]
[INFO] Microsoft Azure SDK for Resource Management ........ FAILURE [  0.712 s]
[INFO] Microsoft Azure SDK for Storage Management ......... SKIPPED
[INFO] Microsoft Azure SDK for Network Management ......... SKIPPED
[INFO] Microsoft Azure SDK for Compute Management ......... SKIPPED
[INFO] Microsoft Azure SDK ................................ SKIPPED
[INFO] Microsoft Azure SDK for Batch Service .............. SKIPPED
[INFO] Microsoft Azure SDK for Website Management ......... SKIPPED
[INFO] Microsoft Azure SDK for Data Lake Store Management . SKIPPED
[INFO] Microsoft Azure SDK for Data Lake Analytics Management SKIPPED
[INFO] Microsoft Azure SDK for Data Lake Store Data Uploading SKIPPED
[INFO] Microsoft Azure SDK samples ........................ SKIPPED
[INFO] ------------------------------------------------------------------------
[INFO] BUILD FAILURE
[INFO] ------------------------------------------------------------------------
[INFO] Total time: 3.464 s
[INFO] Finished at: 2022-07-14T23:10:49+00:00
[INFO] Final Memory: 22M/366M
[INFO] ------------------------------------------------------------------------
[ERROR] Failed to execute goal org.apache.maven.plugins:maven-compiler-plugin:3.1:compile (default-compile) on project azure-mgmt-resources: Compilation failure
[ERROR] /home/travis/build/failed/Azure/azure-sdk-for-java/azure-mgmt-resources/src/main/java/com/microsoft/azure/management/resources/fluentcore/arm/collection/implementation/CreatableResourcesImpl.java:[312,34] no suitable method found for cancel(no arguments)
[ERROR] method com.google.common.util.concurrent.AbstractFuture.cancel(boolean) is not applicable
[ERROR] (actual and formal argument lists differ in length)
[ERROR] method com.microsoft.rest.ServiceCall.cancel(boolean) is not applicable
[ERROR] (actual and formal argument lists differ in length)
[ERROR] -> [Help 1]
[ERROR] 
[ERROR] To see the full stack trace of the errors, re-run Maven with the -e switch.
[ERROR] Re-run Maven using the -X switch to enable full debug logging.
[ERROR] 
[ERROR] For more information about the errors and possible solutions, please read the following articles:
[ERROR] [Help 1] http://cwiki.apache.org/confluence/display/MAVEN/MojoFailureException
[ERROR] 
[ERROR] After correcting the problems, you can resume the build with the command
[ERROR]   mvn <goals> -rf :azure-mgmt-resources

[31;1mThe command "eval mvn install -Dhttps.protocols=TLSv1.2 -DskipTests=true -Dmaven.javadoc.skip=true -B -V " failed. Retrying, 3 of 3.[0m

Java HotSpot(TM) 64-Bit Server VM warning: ignoring option MaxPermSize=192m; support was removed in 8.0
Apache Maven 3.2.5 (12a6b3acb947671f09b81f49094c53f426d8cea1; 2014-12-14T17:29:23+00:00)
Maven home: /usr/local/maven
Java version: 1.8.0_31, vendor: Oracle Corporation
Java home: /usr/lib/jvm/java-8-oracle/jre
Default locale: en_US, platform encoding: UTF-8
OS name: "linux", version: "4.15.0-109-generic", arch: "amd64", family: "unix"
[INFO] Scanning for projects...
[WARNING] 
[WARNING] Some problems were encountered while building the effective model for com.microsoft.rest:client-runtime:jar:1.0.0-SNAPSHOT
[WARNING] 'build.plugins.plugin.version' for org.codehaus.mojo:build-helper-maven-plugin is missing. @ com.microsoft.rest:client-runtime:[unknown-version], /home/travis/build/failed/Azure/azure-sdk-for-java/runtimes/client-runtime/pom.xml, line 100, column 15
[WARNING] 
[WARNING] Some problems were encountered while building the effective model for com.microsoft.azure:azure-client-runtime:jar:1.0.0-SNAPSHOT
[WARNING] 'build.plugins.plugin.version' for org.codehaus.mojo:build-helper-maven-plugin is missing. @ com.microsoft.azure:azure-client-runtime:[unknown-version], /home/travis/build/failed/Azure/azure-sdk-for-java/runtimes/azure-client-runtime/pom.xml, line 76, column 15
[WARNING] The expression ${parent.version} is deprecated. Please use ${project.parent.version} instead.
[WARNING] 
[WARNING] Some problems were encountered while building the effective model for com.microsoft.azure:azure-client-authentication:jar:1.0.0-SNAPSHOT
[WARNING] 'build.plugins.plugin.version' for org.codehaus.mojo:build-helper-maven-plugin is missing. @ com.microsoft.azure:azure-client-authentication:[unknown-version], /home/travis/build/failed/Azure/azure-sdk-for-java/runtimes/azure-client-authentication/pom.xml, line 81, column 15
[WARNING] 
[WARNING] Some problems were encountered while building the effective model for com.microsoft.azure:azure:jar:1.0.0-SNAPSHOT
[WARNING] 'build.plugins.plugin.version' for org.apache.maven.plugins:maven-jar-plugin is missing. @ com.microsoft.azure:azure:[unknown-version], /home/travis/build/failed/Azure/azure-sdk-for-java/azure/pom.xml, line 99, column 15
[WARNING] 'build.plugins.plugin.version' for org.codehaus.mojo:build-helper-maven-plugin is missing. @ com.microsoft.azure:azure:[unknown-version], /home/travis/build/failed/Azure/azure-sdk-for-java/azure/pom.xml, line 126, column 15
[WARNING] 
[WARNING] Some problems were encountered while building the effective model for com.microsoft.azure:azure-batch:jar:1.0.0-SNAPSHOT
[WARNING] 'build.plugins.plugin.version' for org.apache.maven.plugins:maven-jar-plugin is missing. @ com.microsoft.azure:azure-batch:[unknown-version], /home/travis/build/failed/Azure/azure-sdk-for-java/azure-batch/pom.xml, line 73, column 15
[WARNING] 'build.plugins.plugin.version' for org.codehaus.mojo:build-helper-maven-plugin is missing. @ com.microsoft.azure:azure-batch:[unknown-version], /home/travis/build/failed/Azure/azure-sdk-for-java/azure-batch/pom.xml, line 100, column 15
[WARNING] 
[WARNING] Some problems were encountered while building the effective model for com.microsoft.azure:azure-mgmt-compute:jar:1.0.0-SNAPSHOT
[WARNING] 'build.plugins.plugin.version' for org.apache.maven.plugins:maven-jar-plugin is missing. @ com.microsoft.azure:azure-mgmt-compute:[unknown-version], /home/travis/build/failed/Azure/azure-sdk-for-java/azure-mgmt-compute/pom.xml, line 83, column 15
[WARNING] 'build.plugins.plugin.version' for org.codehaus.mojo:build-helper-maven-plugin is missing. @ com.microsoft.azure:azure-mgmt-compute:[unknown-version], /home/travis/build/failed/Azure/azure-sdk-for-java/azure-mgmt-compute/pom.xml, line 104, column 15
[WARNING] 
[WARNING] Some problems were encountered while building the effective model for com.microsoft.azure:azure-mgmt-resources:jar:1.0.0-SNAPSHOT
[WARNING] 'build.plugins.plugin.version' for org.apache.maven.plugins:maven-jar-plugin is missing. @ com.microsoft.azure:azure-mgmt-resources:[unknown-version], /home/travis/build/failed/Azure/azure-sdk-for-java/azure-mgmt-resources/pom.xml, line 68, column 15
[WARNING] 'build.plugins.plugin.version' for org.codehaus.mojo:build-helper-maven-plugin is missing. @ com.microsoft.azure:azure-mgmt-resources:[unknown-version], /home/travis/build/failed/Azure/azure-sdk-for-java/azure-mgmt-resources/pom.xml, line 89, column 15
[WARNING] 
[WARNING] Some problems were encountered while building the effective model for com.microsoft.azure:azure-mgmt-storage:jar:1.0.0-SNAPSHOT
[WARNING] 'build.plugins.plugin.version' for org.apache.maven.plugins:maven-jar-plugin is missing. @ com.microsoft.azure:azure-mgmt-storage:[unknown-version], /home/travis/build/failed/Azure/azure-sdk-for-java/azure-mgmt-storage/pom.xml, line 73, column 15
[WARNING] 'build.plugins.plugin.version' for org.codehaus.mojo:build-helper-maven-plugin is missing. @ com.microsoft.azure:azure-mgmt-storage:[unknown-version], /home/travis/build/failed/Azure/azure-sdk-for-java/azure-mgmt-storage/pom.xml, line 85, column 15
[WARNING] 
[WARNING] Some problems were encountered while building the effective model for com.microsoft.azure:azure-mgmt-network:jar:1.0.0-SNAPSHOT
[WARNING] 'build.plugins.plugin.version' for org.apache.maven.plugins:maven-jar-plugin is missing. @ com.microsoft.azure:azure-mgmt-network:[unknown-version], /home/travis/build/failed/Azure/azure-sdk-for-java/azure-mgmt-network/pom.xml, line 73, column 15
[WARNING] 'build.plugins.plugin.version' for org.codehaus.mojo:build-helper-maven-plugin is missing. @ com.microsoft.azure:azure-mgmt-network:[unknown-version], /home/travis/build/failed/Azure/azure-sdk-for-java/azure-mgmt-network/pom.xml, line 100, column 15
[WARNING] 
[WARNING] Some problems were encountered while building the effective model for com.microsoft.azure:azure-mgmt-website:jar:1.0.0-SNAPSHOT
[WARNING] 'build.plugins.plugin.version' for org.apache.maven.plugins:maven-jar-plugin is missing. @ line 69, column 15
[WARNING] 'build.plugins.plugin.version' for org.codehaus.mojo:build-helper-maven-plugin is missing. @ line 90, column 15
[WARNING] 
[WARNING] Some problems were encountered while building the effective model for com.microsoft.azure:azure-mgmt-datalake-analytics:jar:1.0.0-SNAPSHOT
[WARNING] 'build.plugins.plugin.version' for org.apache.maven.plugins:maven-jar-plugin is missing. @ line 87, column 15
[WARNING] 'build.plugins.plugin.version' for org.codehaus.mojo:build-helper-maven-plugin is missing. @ line 114, column 15
[WARNING] 
[WARNING] Some problems were encountered while building the effective model for com.microsoft.azure:azure-mgmt-datalake-store:jar:1.0.0-SNAPSHOT
[WARNING] 'build.plugins.plugin.version' for org.apache.maven.plugins:maven-jar-plugin is missing. @ line 75, column 15
[WARNING] 'build.plugins.plugin.version' for org.codehaus.mojo:build-helper-maven-plugin is missing. @ line 102, column 15
[WARNING] 
[WARNING] Some problems were encountered while building the effective model for com.microsoft.azure:azure-mgmt-datalake-store-uploader:jar:1.0.0-SNAPSHOT
[WARNING] 'build.plugins.plugin.version' for org.apache.maven.plugins:maven-jar-plugin is missing. @ line 86, column 15
[WARNING] 'build.plugins.plugin.version' for org.codehaus.mojo:build-helper-maven-plugin is missing. @ line 113, column 15
[WARNING] 
[WARNING] It is highly recommended to fix these problems because they threaten the stability of your build.
[WARNING] 
[WARNING] For this reason, future Maven versions might no longer support building such malformed projects.
[WARNING] 
[INFO] ------------------------------------------------------------------------
[INFO] Reactor Build Order:
[INFO] 
[INFO] AutoRest Client Runtimes for Java
[INFO] Build tools for AutoRest client runtime for Java
[INFO] Java Client Runtime for AutoRest
[INFO] Azure Java Client Runtime for AutoRest
[INFO] Azure Java Client Authentication Library for AutoRest
[INFO] Microsoft Azure SDK Parent
[INFO] Microsoft Azure SDK for Resource Management
[INFO] Microsoft Azure SDK for Storage Management
[INFO] Microsoft Azure SDK for Network Management
[INFO] Microsoft Azure SDK for Compute Management
[INFO] Microsoft Azure SDK
[INFO] Microsoft Azure SDK for Batch Service
[INFO] Microsoft Azure SDK for Website Management
[INFO] Microsoft Azure SDK for Data Lake Store Management
[INFO] Microsoft Azure SDK for Data Lake Analytics Management
[INFO] Microsoft Azure SDK for Data Lake Store Data Uploading
[INFO] Microsoft Azure SDK samples
[INFO]                                                                         
[INFO] ------------------------------------------------------------------------
[INFO] Building AutoRest Client Runtimes for Java 1.0.0-SNAPSHOT
[INFO] ------------------------------------------------------------------------
[INFO] 
[INFO] --- maven-install-plugin:2.4:install (default-install) @ autorest-clientruntime-for-java ---
[INFO] Installing /home/travis/build/failed/Azure/azure-sdk-for-java/runtimes/pom.xml to /home/travis/.m2/repository/com/microsoft/azure/autorest-clientruntime-for-java/1.0.0-SNAPSHOT/autorest-clientruntime-for-java-1.0.0-SNAPSHOT.pom
[INFO]                                                                         
[INFO] ------------------------------------------------------------------------
[INFO] Building Build tools for AutoRest client runtime for Java 1.0.0-SNAPSHOT
[INFO] ------------------------------------------------------------------------
[INFO] 
[INFO] --- maven-resources-plugin:2.4.3:resources (default-resources) @ autorest-build-tools ---
[INFO] Using 'UTF-8' encoding to copy filtered resources.
[INFO] Copying 2 resources
[INFO] 
[INFO] --- maven-compiler-plugin:3.1:compile (default-compile) @ autorest-build-tools ---
[INFO] No sources to compile
[INFO] 
[INFO] --- maven-resources-plugin:2.4.3:testResources (default-testResources) @ autorest-build-tools ---
[INFO] Using 'UTF-8' encoding to copy filtered resources.
[INFO] skip non existing resourceDirectory /home/travis/build/failed/Azure/azure-sdk-for-java/runtimes/build-tools/src/test/resources
[INFO] 
[INFO] --- maven-compiler-plugin:3.1:testCompile (default-testCompile) @ autorest-build-tools ---
[INFO] No sources to compile
[INFO] 
[INFO] --- maven-surefire-plugin:2.18.1:test (default-test) @ autorest-build-tools ---
[INFO] Tests are skipped.
[INFO] 
[INFO] --- maven-jar-plugin:2.4:jar (default-jar) @ autorest-build-tools ---
[INFO] 
[INFO] --- maven-install-plugin:2.4:install (default-install) @ autorest-build-tools ---
[INFO] Installing /home/travis/build/failed/Azure/azure-sdk-for-java/runtimes/build-tools/target/autorest-build-tools-1.0.0-SNAPSHOT.jar to /home/travis/.m2/repository/com/microsoft/azure/autorest-build-tools/1.0.0-SNAPSHOT/autorest-build-tools-1.0.0-SNAPSHOT.jar
[INFO] Installing /home/travis/build/failed/Azure/azure-sdk-for-java/runtimes/build-tools/pom.xml to /home/travis/.m2/repository/com/microsoft/azure/autorest-build-tools/1.0.0-SNAPSHOT/autorest-build-tools-1.0.0-SNAPSHOT.pom
[INFO]                                                                         
[INFO] ------------------------------------------------------------------------
[INFO] Building Java Client Runtime for AutoRest 1.0.0-SNAPSHOT
[INFO] ------------------------------------------------------------------------
[INFO] 
[INFO] --- maven-resources-plugin:2.4.3:resources (default-resources) @ client-runtime ---
[INFO] Using 'UTF-8' encoding to copy filtered resources.
[INFO] skip non existing resourceDirectory /home/travis/build/failed/Azure/azure-sdk-for-java/runtimes/client-runtime/src/main/resources
[INFO] 
[INFO] --- maven-compiler-plugin:3.1:compile (default-compile) @ client-runtime ---
[INFO] Changes detected - recompiling the module!
[INFO] Compiling 39 source files to /home/travis/build/failed/Azure/azure-sdk-for-java/runtimes/client-runtime/target/classes
[WARNING] bootstrap class path not set in conjunction with -source 1.7
[WARNING] /home/travis/build/failed/Azure/azure-sdk-for-java/runtimes/client-runtime/src/main/java/com/microsoft/rest/serializer/JacksonConverterFactory.java:[64,37] reader(com.fasterxml.jackson.databind.JavaType) in com.fasterxml.jackson.databind.ObjectMapper has been deprecated
[WARNING] /home/travis/build/failed/Azure/azure-sdk-for-java/runtimes/client-runtime/src/main/java/com/microsoft/rest/Validator.java:[45,51] unchecked method invocation: method of in class com.google.common.reflect.TypeToken is applied to given types
  required: java.lang.Class<T>
  found: java.lang.Class
[WARNING] /home/travis/build/failed/Azure/azure-sdk-for-java/runtimes/client-runtime/src/main/java/com/microsoft/rest/Validator.java:[45,52] unchecked conversion
  required: java.lang.Class<T>
  found:    java.lang.Class
[WARNING] /home/travis/build/failed/Azure/azure-sdk-for-java/runtimes/client-runtime/src/main/java/com/microsoft/rest/serializer/FlatteningDeserializer.java:[97,40] put(java.lang.String,com.fasterxml.jackson.databind.JsonNode) in com.fasterxml.jackson.databind.node.ObjectNode has been deprecated
[WARNING] /home/travis/build/failed/Azure/azure-sdk-for-java/runtimes/client-runtime/src/main/java/com/microsoft/rest/serializer/FlatteningSerializer.java:[117,33] put(java.lang.String,com.fasterxml.jackson.databind.JsonNode) in com.fasterxml.jackson.databind.node.ObjectNode has been deprecated
[INFO] 
[INFO] --- maven-resources-plugin:2.4.3:testResources (default-testResources) @ client-runtime ---
[INFO] Using 'UTF-8' encoding to copy filtered resources.
[INFO] skip non existing resourceDirectory /home/travis/build/failed/Azure/azure-sdk-for-java/runtimes/client-runtime/src/test/resources
[INFO] 
[INFO] --- maven-compiler-plugin:3.1:testCompile (default-testCompile) @ client-runtime ---
[INFO] Nothing to compile - all classes are up to date
[INFO] 
[INFO] --- maven-surefire-plugin:2.18.1:test (default-test) @ client-runtime ---
[INFO] Tests are skipped.
[INFO] 
[INFO] --- maven-jar-plugin:2.4:jar (default-jar) @ client-runtime ---
[INFO] Building jar: /home/travis/build/failed/Azure/azure-sdk-for-java/runtimes/client-runtime/target/client-runtime-1.0.0-SNAPSHOT.jar
[INFO] 
[INFO] --- maven-install-plugin:2.4:install (default-install) @ client-runtime ---
[INFO] Installing /home/travis/build/failed/Azure/azure-sdk-for-java/runtimes/client-runtime/target/client-runtime-1.0.0-SNAPSHOT.jar to /home/travis/.m2/repository/com/microsoft/rest/client-runtime/1.0.0-SNAPSHOT/client-runtime-1.0.0-SNAPSHOT.jar
[INFO] Installing /home/travis/build/failed/Azure/azure-sdk-for-java/runtimes/client-runtime/pom.xml to /home/travis/.m2/repository/com/microsoft/rest/client-runtime/1.0.0-SNAPSHOT/client-runtime-1.0.0-SNAPSHOT.pom
[INFO]                                                                         
[INFO] ------------------------------------------------------------------------
[INFO] Building Azure Java Client Runtime for AutoRest 1.0.0-SNAPSHOT
[INFO] ------------------------------------------------------------------------
[INFO] 
[INFO] --- maven-resources-plugin:2.4.3:resources (default-resources) @ azure-client-runtime ---
[INFO] Using 'UTF-8' encoding to copy filtered resources.
[INFO] skip non existing resourceDirectory /home/travis/build/failed/Azure/azure-sdk-for-java/runtimes/azure-client-runtime/src/main/resources
[INFO] 
[INFO] --- maven-compiler-plugin:3.1:compile (default-compile) @ azure-client-runtime ---
[INFO] Changes detected - recompiling the module!
[INFO] Compiling 29 source files to /home/travis/build/failed/Azure/azure-sdk-for-java/runtimes/azure-client-runtime/target/classes
[WARNING] bootstrap class path not set in conjunction with -source 1.7
[WARNING] /home/travis/build/failed/Azure/azure-sdk-for-java/runtimes/azure-client-runtime/src/main/java/com/microsoft/azure/Graph.java:[85,26] unchecked call to visitNode(U) as a member of the raw type com.microsoft.azure.Graph.Visitor
[WARNING] /home/travis/build/failed/Azure/azure-sdk-for-java/runtimes/azure-client-runtime/src/main/java/com/microsoft/azure/AzureResponse.java:[26,14] unchecked method invocation: constructor <init> in class com.microsoft.rest.ServiceResponse is applied to given types
  required: T,retrofit2.Response<okhttp3.ResponseBody>
  found: T,retrofit2.Response
[WARNING] /home/travis/build/failed/Azure/azure-sdk-for-java/runtimes/azure-client-runtime/src/main/java/com/microsoft/azure/AzureResponse.java:[26,21] unchecked conversion
  required: retrofit2.Response<okhttp3.ResponseBody>
  found:    retrofit2.Response
[INFO] 
[INFO] --- maven-resources-plugin:2.4.3:testResources (default-testResources) @ azure-client-runtime ---
[INFO] Using 'UTF-8' encoding to copy filtered resources.
[INFO] skip non existing resourceDirectory /home/travis/build/failed/Azure/azure-sdk-for-java/runtimes/azure-client-runtime/src/test/resources
[INFO] 
[INFO] --- maven-compiler-plugin:3.1:testCompile (default-testCompile) @ azure-client-runtime ---
[INFO] Nothing to compile - all classes are up to date
[INFO] 
[INFO] --- maven-surefire-plugin:2.18.1:test (default-test) @ azure-client-runtime ---
[INFO] Tests are skipped.
[INFO] 
[INFO] --- maven-jar-plugin:2.4:jar (default-jar) @ azure-client-runtime ---
[INFO] Building jar: /home/travis/build/failed/Azure/azure-sdk-for-java/runtimes/azure-client-runtime/target/azure-client-runtime-1.0.0-SNAPSHOT.jar
[INFO] 
[INFO] --- maven-install-plugin:2.4:install (default-install) @ azure-client-runtime ---
[INFO] Installing /home/travis/build/failed/Azure/azure-sdk-for-java/runtimes/azure-client-runtime/target/azure-client-runtime-1.0.0-SNAPSHOT.jar to /home/travis/.m2/repository/com/microsoft/azure/azure-client-runtime/1.0.0-SNAPSHOT/azure-client-runtime-1.0.0-SNAPSHOT.jar
[INFO] Installing /home/travis/build/failed/Azure/azure-sdk-for-java/runtimes/azure-client-runtime/pom.xml to /home/travis/.m2/repository/com/microsoft/azure/azure-client-runtime/1.0.0-SNAPSHOT/azure-client-runtime-1.0.0-SNAPSHOT.pom
[INFO]                                                                         
[INFO] ------------------------------------------------------------------------
[INFO] Building Azure Java Client Authentication Library for AutoRest 1.0.0-SNAPSHOT
[INFO] ------------------------------------------------------------------------
[INFO] 
[INFO] --- maven-resources-plugin:2.4.3:resources (default-resources) @ azure-client-authentication ---
[INFO] Using 'UTF-8' encoding to copy filtered resources.
[INFO] skip non existing resourceDirectory /home/travis/build/failed/Azure/azure-sdk-for-java/runtimes/azure-client-authentication/src/main/resources
[INFO] 
[INFO] --- maven-compiler-plugin:3.1:compile (default-compile) @ azure-client-authentication ---
[INFO] Changes detected - recompiling the module!
[INFO] Compiling 3 source files to /home/travis/build/failed/Azure/azure-sdk-for-java/runtimes/azure-client-authentication/target/classes
[WARNING] bootstrap class path not set in conjunction with -source 1.7
[INFO] 
[INFO] --- maven-resources-plugin:2.4.3:testResources (default-testResources) @ azure-client-authentication ---
[INFO] Using 'UTF-8' encoding to copy filtered resources.
[INFO] skip non existing resourceDirectory /home/travis/build/failed/Azure/azure-sdk-for-java/runtimes/azure-client-authentication/src/test/resources
[INFO] 
[INFO] --- maven-compiler-plugin:3.1:testCompile (default-testCompile) @ azure-client-authentication ---
[INFO] Nothing to compile - all classes are up to date
[INFO] 
[INFO] --- maven-surefire-plugin:2.18.1:test (default-test) @ azure-client-authentication ---
[INFO] Tests are skipped.
[INFO] 
[INFO] --- maven-jar-plugin:2.4:jar (default-jar) @ azure-client-authentication ---
[INFO] Building jar: /home/travis/build/failed/Azure/azure-sdk-for-java/runtimes/azure-client-authentication/target/azure-client-authentication-1.0.0-SNAPSHOT.jar
[INFO] 
[INFO] --- maven-install-plugin:2.4:install (default-install) @ azure-client-authentication ---
[INFO] Installing /home/travis/build/failed/Azure/azure-sdk-for-java/runtimes/azure-client-authentication/target/azure-client-authentication-1.0.0-SNAPSHOT.jar to /home/travis/.m2/repository/com/microsoft/azure/azure-client-authentication/1.0.0-SNAPSHOT/azure-client-authentication-1.0.0-SNAPSHOT.jar
[INFO] Installing /home/travis/build/failed/Azure/azure-sdk-for-java/runtimes/azure-client-authentication/pom.xml to /home/travis/.m2/repository/com/microsoft/azure/azure-client-authentication/1.0.0-SNAPSHOT/azure-client-authentication-1.0.0-SNAPSHOT.pom
[INFO]                                                                         
[INFO] ------------------------------------------------------------------------
[INFO] Building Microsoft Azure SDK Parent 1.0.0-SNAPSHOT
[INFO] ------------------------------------------------------------------------
[INFO] 
[INFO] --- maven-install-plugin:2.4:install (default-install) @ azure-parent ---
[INFO] Installing /home/travis/build/failed/Azure/azure-sdk-for-java/pom.xml to /home/travis/.m2/repository/com/microsoft/azure/azure-parent/1.0.0-SNAPSHOT/azure-parent-1.0.0-SNAPSHOT.pom
[INFO]                                                                         
[INFO] ------------------------------------------------------------------------
[INFO] Building Microsoft Azure SDK for Resource Management 1.0.0-SNAPSHOT
[INFO] ------------------------------------------------------------------------
[INFO] 
[INFO] --- maven-resources-plugin:2.4.3:resources (default-resources) @ azure-mgmt-resources ---
[INFO] Using 'UTF-8' encoding to copy filtered resources.
[INFO] skip non existing resourceDirectory /home/travis/build/failed/Azure/azure-sdk-for-java/azure-mgmt-resources/src/main/resources
[INFO] 
[INFO] --- maven-compiler-plugin:3.1:compile (default-compile) @ azure-mgmt-resources ---
[INFO] Changes detected - recompiling the module!
[INFO] Compiling 160 source files to /home/travis/build/failed/Azure/azure-sdk-for-java/azure-mgmt-resources/target/classes
[INFO] -------------------------------------------------------------
[WARNING] COMPILATION WARNING : 
[INFO] -------------------------------------------------------------
[WARNING] bootstrap class path not set in conjunction with -source 1.7
[WARNING] /home/travis/build/failed/Azure/azure-sdk-for-java/azure-mgmt-resources/src/main/java/com/microsoft/azure/management/resources/fluentcore/collection/SupportsBatchCreation.java:[24,64] Possible heap pollution from parameterized vararg type com.microsoft.azure.management.resources.fluentcore.model.Creatable<ResourceT>
[WARNING] /home/travis/build/failed/Azure/azure-sdk-for-java/azure-mgmt-resources/src/main/java/com/microsoft/azure/management/resources/fluentcore/collection/SupportsBatchCreation.java:[34,103] Possible heap pollution from parameterized vararg type com.microsoft.azure.management.resources.fluentcore.model.Creatable<ResourceT>
[WARNING] /home/travis/build/failed/Azure/azure-sdk-for-java/azure-mgmt-resources/src/main/java/com/microsoft/azure/management/resources/fluentcore/arm/collection/implementation/CreatableResourcesImpl.java:[38,56] Possible heap pollution from parameterized vararg type com.microsoft.azure.management.resources.fluentcore.model.Creatable<T>
[WARNING] /home/travis/build/failed/Azure/azure-sdk-for-java/azure-mgmt-resources/src/main/java/com/microsoft/azure/management/resources/fluentcore/arm/collection/implementation/CreatableResourcesImpl.java:[45,100] Possible heap pollution from parameterized vararg type com.microsoft.azure.management.resources.fluentcore.model.Creatable<T>
[WARNING] /home/travis/build/failed/Azure/azure-sdk-for-java/azure-mgmt-resources/src/main/java/com/microsoft/azure/management/resources/fluentcore/arm/collection/implementation/CreatableResourcesImpl.java:[256,39] refresh() in com.microsoft.azure.management.resources.fluentcore.arm.collection.implementation.CreatableResourcesImpl.CreatableResourcesRootImpl overrides refresh() in com.microsoft.azure.management.resources.fluentcore.model.implementation.IndexableRefreshableImpl
  return type requires unchecked conversion from com.microsoft.azure.management.resources.fluentcore.arm.collection.implementation.CreatableResourcesImpl.CreatableResourcesRoot to com.microsoft.azure.management.resources.fluentcore.arm.collection.implementation.CreatableResourcesImpl.CreatableResourcesRoot<ResourceT>
[WARNING] /home/travis/build/failed/Azure/azure-sdk-for-java/azure-mgmt-resources/src/main/java/com/microsoft/azure/management/resources/fluentcore/arm/collection/implementation/CreatableResourcesImpl.java:[256,39] refresh() in com.microsoft.azure.management.resources.fluentcore.arm.collection.implementation.CreatableResourcesImpl.CreatableResourcesRootImpl implements refresh() in com.microsoft.azure.management.resources.fluentcore.model.Refreshable
  return type requires unchecked conversion from com.microsoft.azure.management.resources.fluentcore.arm.collection.implementation.CreatableResourcesImpl.CreatableResourcesRoot to com.microsoft.azure.management.resources.fluentcore.arm.collection.implementation.CreatableResourcesImpl.CreatableResourcesRoot<ResourceT>
[WARNING] /home/travis/build/failed/Azure/azure-sdk-for-java/azure-mgmt-resources/src/main/java/com/microsoft/azure/management/resources/fluentcore/arm/collection/implementation/CreatableResourcesImpl.java:[223,77] unchecked cast
  required: ResourceT
  found:    java.lang.Object
[WARNING] /home/travis/build/failed/Azure/azure-sdk-for-java/azure-mgmt-resources/src/main/java/com/microsoft/azure/management/resources/fluentcore/arm/collection/implementation/CreatableResourcesImpl.java:[233,56] Possible heap pollution from parameterized vararg type com.microsoft.azure.management.resources.fluentcore.model.Creatable<T>
[INFO] 9 warnings 
[INFO] -------------------------------------------------------------
[INFO] -------------------------------------------------------------
[ERROR] COMPILATION ERROR : 
[INFO] -------------------------------------------------------------
[ERROR] /home/travis/build/failed/Azure/azure-sdk-for-java/azure-mgmt-resources/src/main/java/com/microsoft/azure/management/resources/fluentcore/arm/collection/implementation/CreatableResourcesImpl.java:[312,34] no suitable method found for cancel(no arguments)
    method com.google.common.util.concurrent.AbstractFuture.cancel(boolean) is not applicable
      (actual and formal argument lists differ in length)
    method com.microsoft.rest.ServiceCall.cancel(boolean) is not applicable
      (actual and formal argument lists differ in length)
[INFO] 1 error
[INFO] -------------------------------------------------------------
[INFO] ------------------------------------------------------------------------
[INFO] Reactor Summary:
[INFO] 
[INFO] AutoRest Client Runtimes for Java .................. SUCCESS [  0.227 s]
[INFO] Build tools for AutoRest client runtime for Java ... SUCCESS [  0.633 s]
[INFO] Java Client Runtime for AutoRest ................... SUCCESS [  1.109 s]
[INFO] Azure Java Client Runtime for AutoRest ............. SUCCESS [  0.398 s]
[INFO] Azure Java Client Authentication Library for AutoRest SUCCESS [  0.149 s]
[INFO] Microsoft Azure SDK Parent ......................... SUCCESS [  0.004 s]
[INFO] Microsoft Azure SDK for Resource Management ........ FAILURE [  0.786 s]
[INFO] Microsoft Azure SDK for Storage Management ......... SKIPPED
[INFO] Microsoft Azure SDK for Network Management ......... SKIPPED
[INFO] Microsoft Azure SDK for Compute Management ......... SKIPPED
[INFO] Microsoft Azure SDK ................................ SKIPPED
[INFO] Microsoft Azure SDK for Batch Service .............. SKIPPED
[INFO] Microsoft Azure SDK for Website Management ......... SKIPPED
[INFO] Microsoft Azure SDK for Data Lake Store Management . SKIPPED
[INFO] Microsoft Azure SDK for Data Lake Analytics Management SKIPPED
[INFO] Microsoft Azure SDK for Data Lake Store Data Uploading SKIPPED
[INFO] Microsoft Azure SDK samples ........................ SKIPPED
[INFO] ------------------------------------------------------------------------
[INFO] BUILD FAILURE
[INFO] ------------------------------------------------------------------------
[INFO] Total time: 3.533 s
[INFO] Finished at: 2022-07-14T23:11:00+00:00
[INFO] Final Memory: 23M/369M
[INFO] ------------------------------------------------------------------------
[ERROR] Failed to execute goal org.apache.maven.plugins:maven-compiler-plugin:3.1:compile (default-compile) on project azure-mgmt-resources: Compilation failure
[ERROR] /home/travis/build/failed/Azure/azure-sdk-for-java/azure-mgmt-resources/src/main/java/com/microsoft/azure/management/resources/fluentcore/arm/collection/implementation/CreatableResourcesImpl.java:[312,34] no suitable method found for cancel(no arguments)
[ERROR] method com.google.common.util.concurrent.AbstractFuture.cancel(boolean) is not applicable
[ERROR] (actual and formal argument lists differ in length)
[ERROR] method com.microsoft.rest.ServiceCall.cancel(boolean) is not applicable
[ERROR] (actual and formal argument lists differ in length)
[ERROR] -> [Help 1]
[ERROR] 
[ERROR] To see the full stack trace of the errors, re-run Maven with the -e switch.
[ERROR] Re-run Maven using the -X switch to enable full debug logging.
[ERROR] 
[ERROR] For more information about the errors and possible solutions, please read the following articles:
[ERROR] [Help 1] http://cwiki.apache.org/confluence/display/MAVEN/MojoFailureException
[ERROR] 
[ERROR] After correcting the problems, you can resume the build with the command
[ERROR]   mvn <goals> -rf :azure-mgmt-resources

[31;1mThe command "eval mvn install -Dhttps.protocols=TLSv1.2 -DskipTests=true -Dmaven.javadoc.skip=true -B -V " failed 3 times.[0m


travis_time:end:00030890:start=1657840218364566636,finish=1657840266604834247,duration=48240267611[0K
[31;1mThe command "mvn install -Dhttps.protocols=TLSv1.2 -DskipTests=true -Dmaven.javadoc.skip=true -B -V" failed and exited with 1 during .[0m

Your build has been stopped.
