travis_fold:start:system_info[0K[33;1mBuild system information[0m
Build language: java
Build group: stable
Build dist: precise
Build id: ''
Job id: ''
[34m[1mBuild image provisioning date and time[0m
Thu Feb  5 15:09:33 UTC 2015
[34m[1mOperating System Details[0m
Distributor ID:	Ubuntu
Description:	Ubuntu 12.04.5 LTS
Release:	12.04
Codename:	precise
[34m[1mLinux Version[0m
3.13.0-29-generic
[34m[1mCookbooks Version[0m
a68419e https://github.com/travis-ci/travis-cookbooks/tree/a68419e
[34m[1mGCC version[0m
gcc (Ubuntu/Linaro 4.6.3-1ubuntu5) 4.6.3
Copyright (C) 2011 Free Software Foundation, Inc.
This is free software; see the source for copying conditions.  There is NO
warranty; not even for MERCHANTABILITY or FITNESS FOR A PARTICULAR PURPOSE.

[34m[1mLLVM version[0m
clang version 3.4 (tags/RELEASE_34/final)
Target: x86_64-unknown-linux-gnu
Thread model: posix
[34m[1mPre-installed Ruby versions[0m
ruby-1.9.3-p551
[34m[1mPre-installed Node.js versions[0m
v0.10.36
[34m[1mPre-installed Go versions[0m
1.4.1
[34m[1mRedis version[0m
redis-server 2.8.19
[34m[1mriak version[0m
2.0.2
[34m[1mMongoDB version[0m
MongoDB 2.4.12
[34m[1mCouchDB version[0m
couchdb 1.6.1
[34m[1mNeo4j version[0m
1.9.4
[34m[1mRabbitMQ Version[0m
3.4.3
[34m[1mElasticSearch version[0m
1.4.0
[34m[1mInstalled Sphinx versions[0m
2.0.10
2.1.9
2.2.6
[34m[1mDefault Sphinx version[0m
2.2.6
[34m[1mInstalled Firefox version[0m
firefox 31.0esr
[34m[1mPhantomJS version[0m
1.9.8
[34m[1mant -version[0m
Apache Ant(TM) version 1.8.2 compiled on December 3 2011
[34m[1mmvn -version[0m
Apache Maven 3.2.5 (12a6b3acb947671f09b81f49094c53f426d8cea1; 2014-12-14T17:29:23+00:00)
Maven home: /usr/local/maven
Java version: 1.7.0_76, vendor: Oracle Corporation
Java home: /usr/lib/jvm/java-7-oracle/jre
Default locale: en_US, platform encoding: ANSI_X3.4-1968
OS name: "linux", version: "3.13.0-29-generic", arch: "amd64", family: "unix"
travis_fold:end:system_info[0K
grep: /etc/apt/sources.list.d/*: No such file or directory
W: Failed to fetch http://security.ubuntu.com/ubuntu/dists/precise-security/main/source/Sources  404  Not Found [IP: 91.189.91.38 80]

W: Failed to fetch http://security.ubuntu.com/ubuntu/dists/precise-security/restricted/source/Sources  404  Not Found [IP: 91.189.91.38 80]

W: Failed to fetch http://security.ubuntu.com/ubuntu/dists/precise-security/universe/source/Sources  404  Not Found [IP: 91.189.91.38 80]

W: Failed to fetch http://security.ubuntu.com/ubuntu/dists/precise-security/multiverse/source/Sources  404  Not Found [IP: 91.189.91.38 80]

W: Failed to fetch http://security.ubuntu.com/ubuntu/dists/precise-security/main/binary-amd64/Packages  404  Not Found [IP: 91.189.91.38 80]

W: Failed to fetch http://security.ubuntu.com/ubuntu/dists/precise-security/restricted/binary-amd64/Packages  404  Not Found [IP: 91.189.91.38 80]

W: Failed to fetch http://security.ubuntu.com/ubuntu/dists/precise-security/universe/binary-amd64/Packages  404  Not Found [IP: 91.189.91.38 80]

W: Failed to fetch http://security.ubuntu.com/ubuntu/dists/precise-security/multiverse/binary-amd64/Packages  404  Not Found [IP: 91.189.91.38 80]

W: Failed to fetch http://security.ubuntu.com/ubuntu/dists/precise-security/main/binary-i386/Packages  404  Not Found [IP: 91.189.91.38 80]

W: Failed to fetch http://security.ubuntu.com/ubuntu/dists/precise-security/restricted/binary-i386/Packages  404  Not Found [IP: 91.189.91.38 80]

W: Failed to fetch http://security.ubuntu.com/ubuntu/dists/precise-security/universe/binary-i386/Packages  404  Not Found [IP: 91.189.91.38 80]

W: Failed to fetch http://security.ubuntu.com/ubuntu/dists/precise-security/multiverse/binary-i386/Packages  404  Not Found [IP: 91.189.91.38 80]

W: Failed to fetch http://us.archive.ubuntu.com/ubuntu/dists/precise/main/source/Sources  404  Not Found [IP: 91.189.91.39 80]

W: Failed to fetch http://us.archive.ubuntu.com/ubuntu/dists/precise/restricted/source/Sources  404  Not Found [IP: 91.189.91.39 80]

W: Failed to fetch http://us.archive.ubuntu.com/ubuntu/dists/precise/universe/source/Sources  404  Not Found [IP: 91.189.91.39 80]

W: Failed to fetch http://us.archive.ubuntu.com/ubuntu/dists/precise/multiverse/source/Sources  404  Not Found [IP: 91.189.91.39 80]

W: Failed to fetch http://us.archive.ubuntu.com/ubuntu/dists/precise/main/binary-amd64/Packages  404  Not Found [IP: 91.189.91.39 80]

W: Failed to fetch http://us.archive.ubuntu.com/ubuntu/dists/precise/restricted/binary-amd64/Packages  404  Not Found [IP: 91.189.91.39 80]

W: Failed to fetch http://us.archive.ubuntu.com/ubuntu/dists/precise/universe/binary-amd64/Packages  404  Not Found [IP: 91.189.91.39 80]

W: Failed to fetch http://us.archive.ubuntu.com/ubuntu/dists/precise/multiverse/binary-amd64/Packages  404  Not Found [IP: 91.189.91.39 80]

W: Failed to fetch http://us.archive.ubuntu.com/ubuntu/dists/precise/main/binary-i386/Packages  404  Not Found [IP: 91.189.91.39 80]

W: Failed to fetch http://us.archive.ubuntu.com/ubuntu/dists/precise/restricted/binary-i386/Packages  404  Not Found [IP: 91.189.91.39 80]

W: Failed to fetch http://us.archive.ubuntu.com/ubuntu/dists/precise/universe/binary-i386/Packages  404  Not Found [IP: 91.189.91.39 80]

W: Failed to fetch http://us.archive.ubuntu.com/ubuntu/dists/precise/multiverse/binary-i386/Packages  404  Not Found [IP: 91.189.91.39 80]

W: Failed to fetch http://us.archive.ubuntu.com/ubuntu/dists/precise-updates/main/source/Sources  404  Not Found [IP: 91.189.91.39 80]

W: Failed to fetch http://us.archive.ubuntu.com/ubuntu/dists/precise-updates/restricted/source/Sources  404  Not Found [IP: 91.189.91.39 80]

W: Failed to fetch http://us.archive.ubuntu.com/ubuntu/dists/precise-updates/universe/source/Sources  404  Not Found [IP: 91.189.91.39 80]

W: Failed to fetch http://us.archive.ubuntu.com/ubuntu/dists/precise-updates/multiverse/source/Sources  404  Not Found [IP: 91.189.91.39 80]

W: Failed to fetch http://us.archive.ubuntu.com/ubuntu/dists/precise-updates/main/binary-amd64/Packages  404  Not Found [IP: 91.189.91.39 80]

W: Failed to fetch http://us.archive.ubuntu.com/ubuntu/dists/precise-updates/restricted/binary-amd64/Packages  404  Not Found [IP: 91.189.91.39 80]

W: Failed to fetch http://us.archive.ubuntu.com/ubuntu/dists/precise-updates/universe/binary-amd64/Packages  404  Not Found [IP: 91.189.91.39 80]

W: Failed to fetch http://us.archive.ubuntu.com/ubuntu/dists/precise-updates/multiverse/binary-amd64/Packages  404  Not Found [IP: 91.189.91.39 80]

W: Failed to fetch http://us.archive.ubuntu.com/ubuntu/dists/precise-updates/main/binary-i386/Packages  404  Not Found [IP: 91.189.91.39 80]

W: Failed to fetch http://us.archive.ubuntu.com/ubuntu/dists/precise-updates/restricted/binary-i386/Packages  404  Not Found [IP: 91.189.91.39 80]

W: Failed to fetch http://us.archive.ubuntu.com/ubuntu/dists/precise-updates/universe/binary-i386/Packages  404  Not Found [IP: 91.189.91.39 80]

W: Failed to fetch http://us.archive.ubuntu.com/ubuntu/dists/precise-updates/multiverse/binary-i386/Packages  404  Not Found [IP: 91.189.91.39 80]

W: Failed to fetch http://us.archive.ubuntu.com/ubuntu/dists/precise-backports/main/source/Sources  404  Not Found [IP: 91.189.91.39 80]

W: Failed to fetch http://us.archive.ubuntu.com/ubuntu/dists/precise-backports/restricted/source/Sources  404  Not Found [IP: 91.189.91.39 80]

W: Failed to fetch http://us.archive.ubuntu.com/ubuntu/dists/precise-backports/universe/source/Sources  404  Not Found [IP: 91.189.91.39 80]

W: Failed to fetch http://us.archive.ubuntu.com/ubuntu/dists/precise-backports/multiverse/source/Sources  404  Not Found [IP: 91.189.91.39 80]

W: Failed to fetch http://us.archive.ubuntu.com/ubuntu/dists/precise-backports/main/binary-amd64/Packages  404  Not Found [IP: 91.189.91.39 80]

W: Failed to fetch http://us.archive.ubuntu.com/ubuntu/dists/precise-backports/restricted/binary-amd64/Packages  404  Not Found [IP: 91.189.91.39 80]

W: Failed to fetch http://us.archive.ubuntu.com/ubuntu/dists/precise-backports/universe/binary-amd64/Packages  404  Not Found [IP: 91.189.91.39 80]

W: Failed to fetch http://us.archive.ubuntu.com/ubuntu/dists/precise-backports/multiverse/binary-amd64/Packages  404  Not Found [IP: 91.189.91.39 80]

W: Failed to fetch http://us.archive.ubuntu.com/ubuntu/dists/precise-backports/main/binary-i386/Packages  404  Not Found [IP: 91.189.91.39 80]

W: Failed to fetch http://us.archive.ubuntu.com/ubuntu/dists/precise-backports/restricted/binary-i386/Packages  404  Not Found [IP: 91.189.91.39 80]

W: Failed to fetch http://us.archive.ubuntu.com/ubuntu/dists/precise-backports/universe/binary-i386/Packages  404  Not Found [IP: 91.189.91.39 80]

W: Failed to fetch http://us.archive.ubuntu.com/ubuntu/dists/precise-backports/multiverse/binary-i386/Packages  404  Not Found [IP: 91.189.91.39 80]

E: Some index files failed to download. They have been ignored, or old ones used instead.
sed: cannot rename /etc/hosts: Device or resource busy
sed: cannot rename /etc/hosts: Device or resource busy
$ jdk_switcher use openjdk7
Switching to OpenJDK7 (java-1.7.0-openjdk-amd64), JAVA_HOME will be set to /usr/lib/jvm/java-7-openjdk-amd64
$ cd failed/ninjaframework/ninja
$ java -Xmx32m -version
java version "1.7.0_75"
OpenJDK Runtime Environment (IcedTea 2.5.4) (7u75-2.5.4-1~precise1)
OpenJDK 64-Bit Server VM (build 24.75-b04, mixed mode)
$ javac -J-Xmx32m -version
javac 1.7.0_75
travis_fold:start:install[0Ktravis_time:start:05a32be0[0K$ mvn install -Dhttps.protocols=TLSv1.2 -DskipTests=true -Dmaven.javadoc.skip=true -B -V
Apache Maven 3.2.5 (12a6b3acb947671f09b81f49094c53f426d8cea1; 2014-12-14T17:29:23+00:00)
Maven home: /usr/local/maven
Java version: 1.7.0_75, vendor: Oracle Corporation
Java home: /usr/lib/jvm/java-7-openjdk-amd64/jre
Default locale: en_US, platform encoding: UTF-8
OS name: "linux", version: "4.15.0-109-generic", arch: "amd64", family: "unix"
[INFO] Scanning for projects...
[INFO] Downloading: https://nexus.codehaus.org/snapshots/org/ninjaframework/ninja/5.6.1-SNAPSHOT/maven-metadata.xml
[INFO] Downloading: https://repository.apache.org/snapshots/org/ninjaframework/ninja/5.6.1-SNAPSHOT/maven-metadata.xml
[INFO] Downloading: https://oss.sonatype.org/content/repositories/snapshots/org/ninjaframework/ninja/5.6.1-SNAPSHOT/maven-metadata.xml
[WARNING] Could not transfer metadata org.ninjaframework:ninja:5.6.1-SNAPSHOT/maven-metadata.xml from/to sonatype-snapshots (https://oss.sonatype.org/content/repositories/snapshots/): Received fatal alert: handshake_failure
[WARNING] Could not transfer metadata org.ninjaframework:ninja:5.6.1-SNAPSHOT/maven-metadata.xml from/to codehaus-snapshots (https://nexus.codehaus.org/snapshots/): nexus.codehaus.org
[INFO] Downloading: https://oss.sonatype.org/content/repositories/snapshots/org/ninjaframework/ninja/5.6.1-SNAPSHOT/ninja-5.6.1-SNAPSHOT.pom
[INFO] Downloading: https://repository.apache.org/snapshots/org/ninjaframework/ninja/5.6.1-SNAPSHOT/ninja-5.6.1-SNAPSHOT.pom
[INFO] Downloading: https://nexus.codehaus.org/snapshots/org/ninjaframework/ninja/5.6.1-SNAPSHOT/ninja-5.6.1-SNAPSHOT.pom
[ERROR] The build could not read 16 projects -> [Help 1]
[ERROR]   
[ERROR]   The project org.ninjaframework:ninja-core:[unknown-version] (/home/travis/build/failed/ninjaframework/ninja/ninja-core/pom.xml) has 1 error
[ERROR]     Non-resolvable parent POM: Could not transfer artifact org.ninjaframework:ninja:pom:5.6.1-SNAPSHOT from/to sonatype-snapshots (https://oss.sonatype.org/content/repositories/snapshots/): Received fatal alert: handshake_failure and 'parent.relativePath' points at wrong local POM @ line 25, column 13 -> [Help 2]
[ERROR]   
[ERROR]   The project org.ninjaframework:ninja-metrics:[unknown-version] (/home/travis/build/failed/ninjaframework/ninja/ninja-metrics/pom.xml) has 1 error
[ERROR]     Non-resolvable parent POM: Failure to transfer org.ninjaframework:ninja:pom:5.6.1-SNAPSHOT from https://oss.sonatype.org/content/repositories/snapshots/ was cached in the local repository, resolution will not be reattempted until the update interval of sonatype-snapshots has elapsed or updates are forced. Original error: Could not transfer artifact org.ninjaframework:ninja:pom:5.6.1-SNAPSHOT from/to sonatype-snapshots (https://oss.sonatype.org/content/repositories/snapshots/): Received fatal alert: handshake_failure and 'parent.relativePath' points at wrong local POM @ line 16, column 10 -> [Help 2]
[ERROR]   
[ERROR]   The project org.ninjaframework:ninja-metrics-graphite:[unknown-version] (/home/travis/build/failed/ninjaframework/ninja/ninja-metrics-graphite/pom.xml) has 1 error
[ERROR]     Non-resolvable parent POM: Failure to transfer org.ninjaframework:ninja:pom:5.6.1-SNAPSHOT from https://oss.sonatype.org/content/repositories/snapshots/ was cached in the local repository, resolution will not be reattempted until the update interval of sonatype-snapshots has elapsed or updates are forced. Original error: Could not transfer artifact org.ninjaframework:ninja:pom:5.6.1-SNAPSHOT from/to sonatype-snapshots (https://oss.sonatype.org/content/repositories/snapshots/): Received fatal alert: handshake_failure and 'parent.relativePath' points at wrong local POM @ line 16, column 10 -> [Help 2]
[ERROR]   
[ERROR]   The project org.ninjaframework:ninja-metrics-ganglia:[unknown-version] (/home/travis/build/failed/ninjaframework/ninja/ninja-metrics-ganglia/pom.xml) has 1 error
[ERROR]     Non-resolvable parent POM: Failure to transfer org.ninjaframework:ninja:pom:5.6.1-SNAPSHOT from https://oss.sonatype.org/content/repositories/snapshots/ was cached in the local repository, resolution will not be reattempted until the update interval of sonatype-snapshots has elapsed or updates are forced. Original error: Could not transfer artifact org.ninjaframework:ninja:pom:5.6.1-SNAPSHOT from/to sonatype-snapshots (https://oss.sonatype.org/content/repositories/snapshots/): Received fatal alert: handshake_failure and 'parent.relativePath' points at wrong local POM @ line 16, column 13 -> [Help 2]
[ERROR]   
[ERROR]   The project org.ninjaframework:ninja-metrics-librato:[unknown-version] (/home/travis/build/failed/ninjaframework/ninja/ninja-metrics-librato/pom.xml) has 1 error
[ERROR]     Non-resolvable parent POM: Failure to transfer org.ninjaframework:ninja:pom:5.6.1-SNAPSHOT from https://oss.sonatype.org/content/repositories/snapshots/ was cached in the local repository, resolution will not be reattempted until the update interval of sonatype-snapshots has elapsed or updates are forced. Original error: Could not transfer artifact org.ninjaframework:ninja:pom:5.6.1-SNAPSHOT from/to sonatype-snapshots (https://oss.sonatype.org/content/repositories/snapshots/): Received fatal alert: handshake_failure and 'parent.relativePath' points at wrong local POM @ line 16, column 13 -> [Help 2]
[ERROR]   
[ERROR]   The project org.ninjaframework:ninja-metrics-influxdb:[unknown-version] (/home/travis/build/failed/ninjaframework/ninja/ninja-metrics-influxdb/pom.xml) has 1 error
[ERROR]     Non-resolvable parent POM: Failure to transfer org.ninjaframework:ninja:pom:5.6.1-SNAPSHOT from https://oss.sonatype.org/content/repositories/snapshots/ was cached in the local repository, resolution will not be reattempted until the update interval of sonatype-snapshots has elapsed or updates are forced. Original error: Could not transfer artifact org.ninjaframework:ninja:pom:5.6.1-SNAPSHOT from/to sonatype-snapshots (https://oss.sonatype.org/content/repositories/snapshots/): Received fatal alert: handshake_failure and 'parent.relativePath' points at wrong local POM @ line 16, column 13 -> [Help 2]
[ERROR]   
[ERROR]   The project org.ninjaframework:ninja-jaxy-routes:[unknown-version] (/home/travis/build/failed/ninjaframework/ninja/ninja-jaxy-routes/pom.xml) has 1 error
[ERROR]     Non-resolvable parent POM: Failure to transfer org.ninjaframework:ninja:pom:5.6.1-SNAPSHOT from https://oss.sonatype.org/content/repositories/snapshots/ was cached in the local repository, resolution will not be reattempted until the update interval of sonatype-snapshots has elapsed or updates are forced. Original error: Could not transfer artifact org.ninjaframework:ninja:pom:5.6.1-SNAPSHOT from/to sonatype-snapshots (https://oss.sonatype.org/content/repositories/snapshots/): Received fatal alert: handshake_failure and 'parent.relativePath' points at wrong local POM @ line 16, column 10 -> [Help 2]
[ERROR]   
[ERROR]   The project org.ninjaframework:ninja-servlet:[unknown-version] (/home/travis/build/failed/ninjaframework/ninja/ninja-servlet/pom.xml) has 1 error
[ERROR]     Non-resolvable parent POM: Failure to transfer org.ninjaframework:ninja:pom:5.6.1-SNAPSHOT from https://oss.sonatype.org/content/repositories/snapshots/ was cached in the local repository, resolution will not be reattempted until the update interval of sonatype-snapshots has elapsed or updates are forced. Original error: Could not transfer artifact org.ninjaframework:ninja:pom:5.6.1-SNAPSHOT from/to sonatype-snapshots (https://oss.sonatype.org/content/repositories/snapshots/): Received fatal alert: handshake_failure and 'parent.relativePath' points at wrong local POM @ line 24, column 13 -> [Help 2]
[ERROR]   
[ERROR]   The project org.ninjaframework:ninja-standalone:[unknown-version] (/home/travis/build/failed/ninjaframework/ninja/ninja-standalone/pom.xml) has 1 error
[ERROR]     Non-resolvable parent POM: Failure to transfer org.ninjaframework:ninja:pom:5.6.1-SNAPSHOT from https://oss.sonatype.org/content/repositories/snapshots/ was cached in the local repository, resolution will not be reattempted until the update interval of sonatype-snapshots has elapsed or updates are forced. Original error: Could not transfer artifact org.ninjaframework:ninja:pom:5.6.1-SNAPSHOT from/to sonatype-snapshots (https://oss.sonatype.org/content/repositories/snapshots/): Received fatal alert: handshake_failure and 'parent.relativePath' points at wrong local POM @ line 32, column 13 -> [Help 2]
[ERROR]   
[ERROR]   The project org.ninjaframework:ninja-test-utilities:[unknown-version] (/home/travis/build/failed/ninjaframework/ninja/ninja-test-utilities/pom.xml) has 1 error
[ERROR]     Non-resolvable parent POM: Failure to transfer org.ninjaframework:ninja:pom:5.6.1-SNAPSHOT from https://oss.sonatype.org/content/repositories/snapshots/ was cached in the local repository, resolution will not be reattempted until the update interval of sonatype-snapshots has elapsed or updates are forced. Original error: Could not transfer artifact org.ninjaframework:ninja:pom:5.6.1-SNAPSHOT from/to sonatype-snapshots (https://oss.sonatype.org/content/repositories/snapshots/): Received fatal alert: handshake_failure and 'parent.relativePath' points at wrong local POM @ line 25, column 13 -> [Help 2]
[ERROR]   
[ERROR]   The project org.ninjaframework:ninja-servlet-integration-test:[unknown-version] (/home/travis/build/failed/ninjaframework/ninja/ninja-servlet-integration-test/pom.xml) has 1 error
[ERROR]     Non-resolvable parent POM: Failure to transfer org.ninjaframework:ninja:pom:5.6.1-SNAPSHOT from https://oss.sonatype.org/content/repositories/snapshots/ was cached in the local repository, resolution will not be reattempted until the update interval of sonatype-snapshots has elapsed or updates are forced. Original error: Could not transfer artifact org.ninjaframework:ninja:pom:5.6.1-SNAPSHOT from/to sonatype-snapshots (https://oss.sonatype.org/content/repositories/snapshots/): Received fatal alert: handshake_failure and 'parent.relativePath' points at wrong local POM @ line 25, column 13 -> [Help 2]
[ERROR]   
[ERROR]   The project org.ninjaframework:ninja-servlet-jpa-blog-integration-test:[unknown-version] (/home/travis/build/failed/ninjaframework/ninja/ninja-servlet-jpa-blog-integration-test/pom.xml) has 1 error
[ERROR]     Non-resolvable parent POM: Failure to transfer org.ninjaframework:ninja:pom:5.6.1-SNAPSHOT from https://oss.sonatype.org/content/repositories/snapshots/ was cached in the local repository, resolution will not be reattempted until the update interval of sonatype-snapshots has elapsed or updates are forced. Original error: Could not transfer artifact org.ninjaframework:ninja:pom:5.6.1-SNAPSHOT from/to sonatype-snapshots (https://oss.sonatype.org/content/repositories/snapshots/): Received fatal alert: handshake_failure and 'parent.relativePath' points at wrong local POM @ line 33, column 13 -> [Help 2]
[ERROR]   
[ERROR]   The project org.ninjaframework:ninja-maven-plugin:[unknown-version] (/home/travis/build/failed/ninjaframework/ninja/ninja-maven-plugin/pom.xml) has 1 error
[ERROR]     Non-resolvable parent POM: Failure to transfer org.ninjaframework:ninja:pom:5.6.1-SNAPSHOT from https://oss.sonatype.org/content/repositories/snapshots/ was cached in the local repository, resolution will not be reattempted until the update interval of sonatype-snapshots has elapsed or updates are forced. Original error: Could not transfer artifact org.ninjaframework:ninja:pom:5.6.1-SNAPSHOT from/to sonatype-snapshots (https://oss.sonatype.org/content/repositories/snapshots/): Received fatal alert: handshake_failure and 'parent.relativePath' points at wrong local POM @ line 22, column 13 -> [Help 2]
[ERROR]   
[ERROR]   The project org.ninjaframework:ninja-async-machine-beta:[unknown-version] (/home/travis/build/failed/ninjaframework/ninja/ninja-async-machine-beta/pom.xml) has 1 error
[ERROR]     Non-resolvable parent POM: Failure to transfer org.ninjaframework:ninja:pom:5.6.1-SNAPSHOT from https://oss.sonatype.org/content/repositories/snapshots/ was cached in the local repository, resolution will not be reattempted until the update interval of sonatype-snapshots has elapsed or updates are forced. Original error: Could not transfer artifact org.ninjaframework:ninja:pom:5.6.1-SNAPSHOT from/to sonatype-snapshots (https://oss.sonatype.org/content/repositories/snapshots/): Received fatal alert: handshake_failure and 'parent.relativePath' points at wrong local POM @ line 25, column 13 -> [Help 2]
[ERROR]   
[ERROR]   The project org.ninjaframework:ninja-servlet-jpa-blog-archetype:[unknown-version] (/home/travis/build/failed/ninjaframework/ninja/ninja-servlet-jpa-blog-archetype/pom.xml) has 1 error
[ERROR]     Non-resolvable parent POM: Failure to transfer org.ninjaframework:ninja:pom:5.6.1-SNAPSHOT from https://oss.sonatype.org/content/repositories/snapshots/ was cached in the local repository, resolution will not be reattempted until the update interval of sonatype-snapshots has elapsed or updates are forced. Original error: Could not transfer artifact org.ninjaframework:ninja:pom:5.6.1-SNAPSHOT from/to sonatype-snapshots (https://oss.sonatype.org/content/repositories/snapshots/): Received fatal alert: handshake_failure and 'parent.relativePath' points at wrong local POM @ line 27, column 13 -> [Help 2]
[ERROR]   
[ERROR]   The project org.ninjaframework:ninja-servlet-archetype-simple:[unknown-version] (/home/travis/build/failed/ninjaframework/ninja/ninja-servlet-archetype-simple/pom.xml) has 1 error
[ERROR]     Non-resolvable parent POM: Failure to transfer org.ninjaframework:ninja:pom:5.6.1-SNAPSHOT from https://oss.sonatype.org/content/repositories/snapshots/ was cached in the local repository, resolution will not be reattempted until the update interval of sonatype-snapshots has elapsed or updates are forced. Original error: Could not transfer artifact org.ninjaframework:ninja:pom:5.6.1-SNAPSHOT from/to sonatype-snapshots (https://oss.sonatype.org/content/repositories/snapshots/): Received fatal alert: handshake_failure and 'parent.relativePath' points at wrong local POM @ line 27, column 13 -> [Help 2]
[ERROR] 
[ERROR] To see the full stack trace of the errors, re-run Maven with the -e switch.
[ERROR] Re-run Maven using the -X switch to enable full debug logging.
[ERROR] 
[ERROR] For more information about the errors and possible solutions, please read the following articles:
[ERROR] [Help 1] http://cwiki.apache.org/confluence/display/MAVEN/ProjectBuildingException
[ERROR] [Help 2] http://cwiki.apache.org/confluence/display/MAVEN/UnresolvableModelException

[31;1mThe command "eval mvn install -Dhttps.protocols=TLSv1.2 -DskipTests=true -Dmaven.javadoc.skip=true -B -V " failed. Retrying, 2 of 3.[0m

Apache Maven 3.2.5 (12a6b3acb947671f09b81f49094c53f426d8cea1; 2014-12-14T17:29:23+00:00)
Maven home: /usr/local/maven
Java version: 1.7.0_75, vendor: Oracle Corporation
Java home: /usr/lib/jvm/java-7-openjdk-amd64/jre
Default locale: en_US, platform encoding: UTF-8
OS name: "linux", version: "4.15.0-109-generic", arch: "amd64", family: "unix"
[INFO] Scanning for projects...
[INFO] Downloading: https://nexus.codehaus.org/snapshots/org/ninjaframework/ninja/5.6.1-SNAPSHOT/maven-metadata.xml
[INFO] Downloading: https://repository.apache.org/snapshots/org/ninjaframework/ninja/5.6.1-SNAPSHOT/maven-metadata.xml
[INFO] Downloading: https://oss.sonatype.org/content/repositories/snapshots/org/ninjaframework/ninja/5.6.1-SNAPSHOT/maven-metadata.xml
[WARNING] Could not transfer metadata org.ninjaframework:ninja:5.6.1-SNAPSHOT/maven-metadata.xml from/to sonatype-snapshots (https://oss.sonatype.org/content/repositories/snapshots/): Received fatal alert: handshake_failure
[WARNING] Could not transfer metadata org.ninjaframework:ninja:5.6.1-SNAPSHOT/maven-metadata.xml from/to codehaus-snapshots (https://nexus.codehaus.org/snapshots/): nexus.codehaus.org
[INFO] Downloading: https://oss.sonatype.org/content/repositories/snapshots/org/ninjaframework/ninja/5.6.1-SNAPSHOT/ninja-5.6.1-SNAPSHOT.pom
[INFO] Downloading: https://repository.apache.org/snapshots/org/ninjaframework/ninja/5.6.1-SNAPSHOT/ninja-5.6.1-SNAPSHOT.pom
[INFO] Downloading: https://nexus.codehaus.org/snapshots/org/ninjaframework/ninja/5.6.1-SNAPSHOT/ninja-5.6.1-SNAPSHOT.pom
[ERROR] The build could not read 16 projects -> [Help 1]
[ERROR]   
[ERROR]   The project org.ninjaframework:ninja-core:[unknown-version] (/home/travis/build/failed/ninjaframework/ninja/ninja-core/pom.xml) has 1 error
[ERROR]     Non-resolvable parent POM: Could not transfer artifact org.ninjaframework:ninja:pom:5.6.1-SNAPSHOT from/to sonatype-snapshots (https://oss.sonatype.org/content/repositories/snapshots/): Received fatal alert: handshake_failure and 'parent.relativePath' points at wrong local POM @ line 25, column 13 -> [Help 2]
[ERROR]   
[ERROR]   The project org.ninjaframework:ninja-metrics:[unknown-version] (/home/travis/build/failed/ninjaframework/ninja/ninja-metrics/pom.xml) has 1 error
[ERROR]     Non-resolvable parent POM: Failure to transfer org.ninjaframework:ninja:pom:5.6.1-SNAPSHOT from https://oss.sonatype.org/content/repositories/snapshots/ was cached in the local repository, resolution will not be reattempted until the update interval of sonatype-snapshots has elapsed or updates are forced. Original error: Could not transfer artifact org.ninjaframework:ninja:pom:5.6.1-SNAPSHOT from/to sonatype-snapshots (https://oss.sonatype.org/content/repositories/snapshots/): Received fatal alert: handshake_failure and 'parent.relativePath' points at wrong local POM @ line 16, column 10 -> [Help 2]
[ERROR]   
[ERROR]   The project org.ninjaframework:ninja-metrics-graphite:[unknown-version] (/home/travis/build/failed/ninjaframework/ninja/ninja-metrics-graphite/pom.xml) has 1 error
[ERROR]     Non-resolvable parent POM: Failure to transfer org.ninjaframework:ninja:pom:5.6.1-SNAPSHOT from https://oss.sonatype.org/content/repositories/snapshots/ was cached in the local repository, resolution will not be reattempted until the update interval of sonatype-snapshots has elapsed or updates are forced. Original error: Could not transfer artifact org.ninjaframework:ninja:pom:5.6.1-SNAPSHOT from/to sonatype-snapshots (https://oss.sonatype.org/content/repositories/snapshots/): Received fatal alert: handshake_failure and 'parent.relativePath' points at wrong local POM @ line 16, column 10 -> [Help 2]
[ERROR]   
[ERROR]   The project org.ninjaframework:ninja-metrics-ganglia:[unknown-version] (/home/travis/build/failed/ninjaframework/ninja/ninja-metrics-ganglia/pom.xml) has 1 error
[ERROR]     Non-resolvable parent POM: Failure to transfer org.ninjaframework:ninja:pom:5.6.1-SNAPSHOT from https://oss.sonatype.org/content/repositories/snapshots/ was cached in the local repository, resolution will not be reattempted until the update interval of sonatype-snapshots has elapsed or updates are forced. Original error: Could not transfer artifact org.ninjaframework:ninja:pom:5.6.1-SNAPSHOT from/to sonatype-snapshots (https://oss.sonatype.org/content/repositories/snapshots/): Received fatal alert: handshake_failure and 'parent.relativePath' points at wrong local POM @ line 16, column 13 -> [Help 2]
[ERROR]   
[ERROR]   The project org.ninjaframework:ninja-metrics-librato:[unknown-version] (/home/travis/build/failed/ninjaframework/ninja/ninja-metrics-librato/pom.xml) has 1 error
[ERROR]     Non-resolvable parent POM: Failure to transfer org.ninjaframework:ninja:pom:5.6.1-SNAPSHOT from https://oss.sonatype.org/content/repositories/snapshots/ was cached in the local repository, resolution will not be reattempted until the update interval of sonatype-snapshots has elapsed or updates are forced. Original error: Could not transfer artifact org.ninjaframework:ninja:pom:5.6.1-SNAPSHOT from/to sonatype-snapshots (https://oss.sonatype.org/content/repositories/snapshots/): Received fatal alert: handshake_failure and 'parent.relativePath' points at wrong local POM @ line 16, column 13 -> [Help 2]
[ERROR]   
[ERROR]   The project org.ninjaframework:ninja-metrics-influxdb:[unknown-version] (/home/travis/build/failed/ninjaframework/ninja/ninja-metrics-influxdb/pom.xml) has 1 error
[ERROR]     Non-resolvable parent POM: Failure to transfer org.ninjaframework:ninja:pom:5.6.1-SNAPSHOT from https://oss.sonatype.org/content/repositories/snapshots/ was cached in the local repository, resolution will not be reattempted until the update interval of sonatype-snapshots has elapsed or updates are forced. Original error: Could not transfer artifact org.ninjaframework:ninja:pom:5.6.1-SNAPSHOT from/to sonatype-snapshots (https://oss.sonatype.org/content/repositories/snapshots/): Received fatal alert: handshake_failure and 'parent.relativePath' points at wrong local POM @ line 16, column 13 -> [Help 2]
[ERROR]   
[ERROR]   The project org.ninjaframework:ninja-jaxy-routes:[unknown-version] (/home/travis/build/failed/ninjaframework/ninja/ninja-jaxy-routes/pom.xml) has 1 error
[ERROR]     Non-resolvable parent POM: Failure to transfer org.ninjaframework:ninja:pom:5.6.1-SNAPSHOT from https://oss.sonatype.org/content/repositories/snapshots/ was cached in the local repository, resolution will not be reattempted until the update interval of sonatype-snapshots has elapsed or updates are forced. Original error: Could not transfer artifact org.ninjaframework:ninja:pom:5.6.1-SNAPSHOT from/to sonatype-snapshots (https://oss.sonatype.org/content/repositories/snapshots/): Received fatal alert: handshake_failure and 'parent.relativePath' points at wrong local POM @ line 16, column 10 -> [Help 2]
[ERROR]   
[ERROR]   The project org.ninjaframework:ninja-servlet:[unknown-version] (/home/travis/build/failed/ninjaframework/ninja/ninja-servlet/pom.xml) has 1 error
[ERROR]     Non-resolvable parent POM: Failure to transfer org.ninjaframework:ninja:pom:5.6.1-SNAPSHOT from https://oss.sonatype.org/content/repositories/snapshots/ was cached in the local repository, resolution will not be reattempted until the update interval of sonatype-snapshots has elapsed or updates are forced. Original error: Could not transfer artifact org.ninjaframework:ninja:pom:5.6.1-SNAPSHOT from/to sonatype-snapshots (https://oss.sonatype.org/content/repositories/snapshots/): Received fatal alert: handshake_failure and 'parent.relativePath' points at wrong local POM @ line 24, column 13 -> [Help 2]
[ERROR]   
[ERROR]   The project org.ninjaframework:ninja-standalone:[unknown-version] (/home/travis/build/failed/ninjaframework/ninja/ninja-standalone/pom.xml) has 1 error
[ERROR]     Non-resolvable parent POM: Failure to transfer org.ninjaframework:ninja:pom:5.6.1-SNAPSHOT from https://oss.sonatype.org/content/repositories/snapshots/ was cached in the local repository, resolution will not be reattempted until the update interval of sonatype-snapshots has elapsed or updates are forced. Original error: Could not transfer artifact org.ninjaframework:ninja:pom:5.6.1-SNAPSHOT from/to sonatype-snapshots (https://oss.sonatype.org/content/repositories/snapshots/): Received fatal alert: handshake_failure and 'parent.relativePath' points at wrong local POM @ line 32, column 13 -> [Help 2]
[ERROR]   
[ERROR]   The project org.ninjaframework:ninja-test-utilities:[unknown-version] (/home/travis/build/failed/ninjaframework/ninja/ninja-test-utilities/pom.xml) has 1 error
[ERROR]     Non-resolvable parent POM: Failure to transfer org.ninjaframework:ninja:pom:5.6.1-SNAPSHOT from https://oss.sonatype.org/content/repositories/snapshots/ was cached in the local repository, resolution will not be reattempted until the update interval of sonatype-snapshots has elapsed or updates are forced. Original error: Could not transfer artifact org.ninjaframework:ninja:pom:5.6.1-SNAPSHOT from/to sonatype-snapshots (https://oss.sonatype.org/content/repositories/snapshots/): Received fatal alert: handshake_failure and 'parent.relativePath' points at wrong local POM @ line 25, column 13 -> [Help 2]
[ERROR]   
[ERROR]   The project org.ninjaframework:ninja-servlet-integration-test:[unknown-version] (/home/travis/build/failed/ninjaframework/ninja/ninja-servlet-integration-test/pom.xml) has 1 error
[ERROR]     Non-resolvable parent POM: Failure to transfer org.ninjaframework:ninja:pom:5.6.1-SNAPSHOT from https://oss.sonatype.org/content/repositories/snapshots/ was cached in the local repository, resolution will not be reattempted until the update interval of sonatype-snapshots has elapsed or updates are forced. Original error: Could not transfer artifact org.ninjaframework:ninja:pom:5.6.1-SNAPSHOT from/to sonatype-snapshots (https://oss.sonatype.org/content/repositories/snapshots/): Received fatal alert: handshake_failure and 'parent.relativePath' points at wrong local POM @ line 25, column 13 -> [Help 2]
[ERROR]   
[ERROR]   The project org.ninjaframework:ninja-servlet-jpa-blog-integration-test:[unknown-version] (/home/travis/build/failed/ninjaframework/ninja/ninja-servlet-jpa-blog-integration-test/pom.xml) has 1 error
[ERROR]     Non-resolvable parent POM: Failure to transfer org.ninjaframework:ninja:pom:5.6.1-SNAPSHOT from https://oss.sonatype.org/content/repositories/snapshots/ was cached in the local repository, resolution will not be reattempted until the update interval of sonatype-snapshots has elapsed or updates are forced. Original error: Could not transfer artifact org.ninjaframework:ninja:pom:5.6.1-SNAPSHOT from/to sonatype-snapshots (https://oss.sonatype.org/content/repositories/snapshots/): Received fatal alert: handshake_failure and 'parent.relativePath' points at wrong local POM @ line 33, column 13 -> [Help 2]
[ERROR]   
[ERROR]   The project org.ninjaframework:ninja-maven-plugin:[unknown-version] (/home/travis/build/failed/ninjaframework/ninja/ninja-maven-plugin/pom.xml) has 1 error
[ERROR]     Non-resolvable parent POM: Failure to transfer org.ninjaframework:ninja:pom:5.6.1-SNAPSHOT from https://oss.sonatype.org/content/repositories/snapshots/ was cached in the local repository, resolution will not be reattempted until the update interval of sonatype-snapshots has elapsed or updates are forced. Original error: Could not transfer artifact org.ninjaframework:ninja:pom:5.6.1-SNAPSHOT from/to sonatype-snapshots (https://oss.sonatype.org/content/repositories/snapshots/): Received fatal alert: handshake_failure and 'parent.relativePath' points at wrong local POM @ line 22, column 13 -> [Help 2]
[ERROR]   
[ERROR]   The project org.ninjaframework:ninja-async-machine-beta:[unknown-version] (/home/travis/build/failed/ninjaframework/ninja/ninja-async-machine-beta/pom.xml) has 1 error
[ERROR]     Non-resolvable parent POM: Failure to transfer org.ninjaframework:ninja:pom:5.6.1-SNAPSHOT from https://oss.sonatype.org/content/repositories/snapshots/ was cached in the local repository, resolution will not be reattempted until the update interval of sonatype-snapshots has elapsed or updates are forced. Original error: Could not transfer artifact org.ninjaframework:ninja:pom:5.6.1-SNAPSHOT from/to sonatype-snapshots (https://oss.sonatype.org/content/repositories/snapshots/): Received fatal alert: handshake_failure and 'parent.relativePath' points at wrong local POM @ line 25, column 13 -> [Help 2]
[ERROR]   
[ERROR]   The project org.ninjaframework:ninja-servlet-jpa-blog-archetype:[unknown-version] (/home/travis/build/failed/ninjaframework/ninja/ninja-servlet-jpa-blog-archetype/pom.xml) has 1 error
[ERROR]     Non-resolvable parent POM: Failure to transfer org.ninjaframework:ninja:pom:5.6.1-SNAPSHOT from https://oss.sonatype.org/content/repositories/snapshots/ was cached in the local repository, resolution will not be reattempted until the update interval of sonatype-snapshots has elapsed or updates are forced. Original error: Could not transfer artifact org.ninjaframework:ninja:pom:5.6.1-SNAPSHOT from/to sonatype-snapshots (https://oss.sonatype.org/content/repositories/snapshots/): Received fatal alert: handshake_failure and 'parent.relativePath' points at wrong local POM @ line 27, column 13 -> [Help 2]
[ERROR]   
[ERROR]   The project org.ninjaframework:ninja-servlet-archetype-simple:[unknown-version] (/home/travis/build/failed/ninjaframework/ninja/ninja-servlet-archetype-simple/pom.xml) has 1 error
[ERROR]     Non-resolvable parent POM: Failure to transfer org.ninjaframework:ninja:pom:5.6.1-SNAPSHOT from https://oss.sonatype.org/content/repositories/snapshots/ was cached in the local repository, resolution will not be reattempted until the update interval of sonatype-snapshots has elapsed or updates are forced. Original error: Could not transfer artifact org.ninjaframework:ninja:pom:5.6.1-SNAPSHOT from/to sonatype-snapshots (https://oss.sonatype.org/content/repositories/snapshots/): Received fatal alert: handshake_failure and 'parent.relativePath' points at wrong local POM @ line 27, column 13 -> [Help 2]
[ERROR] 
[ERROR] To see the full stack trace of the errors, re-run Maven with the -e switch.
[ERROR] Re-run Maven using the -X switch to enable full debug logging.
[ERROR] 
[ERROR] For more information about the errors and possible solutions, please read the following articles:
[ERROR] [Help 1] http://cwiki.apache.org/confluence/display/MAVEN/ProjectBuildingException
[ERROR] [Help 2] http://cwiki.apache.org/confluence/display/MAVEN/UnresolvableModelException

[31;1mThe command "eval mvn install -Dhttps.protocols=TLSv1.2 -DskipTests=true -Dmaven.javadoc.skip=true -B -V " failed. Retrying, 3 of 3.[0m

Apache Maven 3.2.5 (12a6b3acb947671f09b81f49094c53f426d8cea1; 2014-12-14T17:29:23+00:00)
Maven home: /usr/local/maven
Java version: 1.7.0_75, vendor: Oracle Corporation
Java home: /usr/lib/jvm/java-7-openjdk-amd64/jre
Default locale: en_US, platform encoding: UTF-8
OS name: "linux", version: "4.15.0-109-generic", arch: "amd64", family: "unix"
[INFO] Scanning for projects...
[INFO] Downloading: https://repository.apache.org/snapshots/org/ninjaframework/ninja/5.6.1-SNAPSHOT/maven-metadata.xml
[INFO] Downloading: https://oss.sonatype.org/content/repositories/snapshots/org/ninjaframework/ninja/5.6.1-SNAPSHOT/maven-metadata.xml
[INFO] Downloading: https://nexus.codehaus.org/snapshots/org/ninjaframework/ninja/5.6.1-SNAPSHOT/maven-metadata.xml
[WARNING] Could not transfer metadata org.ninjaframework:ninja:5.6.1-SNAPSHOT/maven-metadata.xml from/to sonatype-snapshots (https://oss.sonatype.org/content/repositories/snapshots/): Received fatal alert: handshake_failure
[WARNING] Could not transfer metadata org.ninjaframework:ninja:5.6.1-SNAPSHOT/maven-metadata.xml from/to codehaus-snapshots (https://nexus.codehaus.org/snapshots/): nexus.codehaus.org
[INFO] Downloading: https://oss.sonatype.org/content/repositories/snapshots/org/ninjaframework/ninja/5.6.1-SNAPSHOT/ninja-5.6.1-SNAPSHOT.pom
[INFO] Downloading: https://repository.apache.org/snapshots/org/ninjaframework/ninja/5.6.1-SNAPSHOT/ninja-5.6.1-SNAPSHOT.pom
[INFO] Downloading: https://nexus.codehaus.org/snapshots/org/ninjaframework/ninja/5.6.1-SNAPSHOT/ninja-5.6.1-SNAPSHOT.pom
[ERROR] The build could not read 16 projects -> [Help 1]
[ERROR]   
[ERROR]   The project org.ninjaframework:ninja-core:[unknown-version] (/home/travis/build/failed/ninjaframework/ninja/ninja-core/pom.xml) has 1 error
[ERROR]     Non-resolvable parent POM: Could not transfer artifact org.ninjaframework:ninja:pom:5.6.1-SNAPSHOT from/to sonatype-snapshots (https://oss.sonatype.org/content/repositories/snapshots/): Received fatal alert: handshake_failure and 'parent.relativePath' points at wrong local POM @ line 25, column 13 -> [Help 2]
[ERROR]   
[ERROR]   The project org.ninjaframework:ninja-metrics:[unknown-version] (/home/travis/build/failed/ninjaframework/ninja/ninja-metrics/pom.xml) has 1 error
[ERROR]     Non-resolvable parent POM: Failure to transfer org.ninjaframework:ninja:pom:5.6.1-SNAPSHOT from https://oss.sonatype.org/content/repositories/snapshots/ was cached in the local repository, resolution will not be reattempted until the update interval of sonatype-snapshots has elapsed or updates are forced. Original error: Could not transfer artifact org.ninjaframework:ninja:pom:5.6.1-SNAPSHOT from/to sonatype-snapshots (https://oss.sonatype.org/content/repositories/snapshots/): Received fatal alert: handshake_failure and 'parent.relativePath' points at wrong local POM @ line 16, column 10 -> [Help 2]
[ERROR]   
[ERROR]   The project org.ninjaframework:ninja-metrics-graphite:[unknown-version] (/home/travis/build/failed/ninjaframework/ninja/ninja-metrics-graphite/pom.xml) has 1 error
[ERROR]     Non-resolvable parent POM: Failure to transfer org.ninjaframework:ninja:pom:5.6.1-SNAPSHOT from https://oss.sonatype.org/content/repositories/snapshots/ was cached in the local repository, resolution will not be reattempted until the update interval of sonatype-snapshots has elapsed or updates are forced. Original error: Could not transfer artifact org.ninjaframework:ninja:pom:5.6.1-SNAPSHOT from/to sonatype-snapshots (https://oss.sonatype.org/content/repositories/snapshots/): Received fatal alert: handshake_failure and 'parent.relativePath' points at wrong local POM @ line 16, column 10 -> [Help 2]
[ERROR]   
[ERROR]   The project org.ninjaframework:ninja-metrics-ganglia:[unknown-version] (/home/travis/build/failed/ninjaframework/ninja/ninja-metrics-ganglia/pom.xml) has 1 error
[ERROR]     Non-resolvable parent POM: Failure to transfer org.ninjaframework:ninja:pom:5.6.1-SNAPSHOT from https://oss.sonatype.org/content/repositories/snapshots/ was cached in the local repository, resolution will not be reattempted until the update interval of sonatype-snapshots has elapsed or updates are forced. Original error: Could not transfer artifact org.ninjaframework:ninja:pom:5.6.1-SNAPSHOT from/to sonatype-snapshots (https://oss.sonatype.org/content/repositories/snapshots/): Received fatal alert: handshake_failure and 'parent.relativePath' points at wrong local POM @ line 16, column 13 -> [Help 2]
[ERROR]   
[ERROR]   The project org.ninjaframework:ninja-metrics-librato:[unknown-version] (/home/travis/build/failed/ninjaframework/ninja/ninja-metrics-librato/pom.xml) has 1 error
[ERROR]     Non-resolvable parent POM: Failure to transfer org.ninjaframework:ninja:pom:5.6.1-SNAPSHOT from https://oss.sonatype.org/content/repositories/snapshots/ was cached in the local repository, resolution will not be reattempted until the update interval of sonatype-snapshots has elapsed or updates are forced. Original error: Could not transfer artifact org.ninjaframework:ninja:pom:5.6.1-SNAPSHOT from/to sonatype-snapshots (https://oss.sonatype.org/content/repositories/snapshots/): Received fatal alert: handshake_failure and 'parent.relativePath' points at wrong local POM @ line 16, column 13 -> [Help 2]
[ERROR]   
[ERROR]   The project org.ninjaframework:ninja-metrics-influxdb:[unknown-version] (/home/travis/build/failed/ninjaframework/ninja/ninja-metrics-influxdb/pom.xml) has 1 error
[ERROR]     Non-resolvable parent POM: Failure to transfer org.ninjaframework:ninja:pom:5.6.1-SNAPSHOT from https://oss.sonatype.org/content/repositories/snapshots/ was cached in the local repository, resolution will not be reattempted until the update interval of sonatype-snapshots has elapsed or updates are forced. Original error: Could not transfer artifact org.ninjaframework:ninja:pom:5.6.1-SNAPSHOT from/to sonatype-snapshots (https://oss.sonatype.org/content/repositories/snapshots/): Received fatal alert: handshake_failure and 'parent.relativePath' points at wrong local POM @ line 16, column 13 -> [Help 2]
[ERROR]   
[ERROR]   The project org.ninjaframework:ninja-jaxy-routes:[unknown-version] (/home/travis/build/failed/ninjaframework/ninja/ninja-jaxy-routes/pom.xml) has 1 error
[ERROR]     Non-resolvable parent POM: Failure to transfer org.ninjaframework:ninja:pom:5.6.1-SNAPSHOT from https://oss.sonatype.org/content/repositories/snapshots/ was cached in the local repository, resolution will not be reattempted until the update interval of sonatype-snapshots has elapsed or updates are forced. Original error: Could not transfer artifact org.ninjaframework:ninja:pom:5.6.1-SNAPSHOT from/to sonatype-snapshots (https://oss.sonatype.org/content/repositories/snapshots/): Received fatal alert: handshake_failure and 'parent.relativePath' points at wrong local POM @ line 16, column 10 -> [Help 2]
[ERROR]   
[ERROR]   The project org.ninjaframework:ninja-servlet:[unknown-version] (/home/travis/build/failed/ninjaframework/ninja/ninja-servlet/pom.xml) has 1 error
[ERROR]     Non-resolvable parent POM: Failure to transfer org.ninjaframework:ninja:pom:5.6.1-SNAPSHOT from https://oss.sonatype.org/content/repositories/snapshots/ was cached in the local repository, resolution will not be reattempted until the update interval of sonatype-snapshots has elapsed or updates are forced. Original error: Could not transfer artifact org.ninjaframework:ninja:pom:5.6.1-SNAPSHOT from/to sonatype-snapshots (https://oss.sonatype.org/content/repositories/snapshots/): Received fatal alert: handshake_failure and 'parent.relativePath' points at wrong local POM @ line 24, column 13 -> [Help 2]
[ERROR]   
[ERROR]   The project org.ninjaframework:ninja-standalone:[unknown-version] (/home/travis/build/failed/ninjaframework/ninja/ninja-standalone/pom.xml) has 1 error
[ERROR]     Non-resolvable parent POM: Failure to transfer org.ninjaframework:ninja:pom:5.6.1-SNAPSHOT from https://oss.sonatype.org/content/repositories/snapshots/ was cached in the local repository, resolution will not be reattempted until the update interval of sonatype-snapshots has elapsed or updates are forced. Original error: Could not transfer artifact org.ninjaframework:ninja:pom:5.6.1-SNAPSHOT from/to sonatype-snapshots (https://oss.sonatype.org/content/repositories/snapshots/): Received fatal alert: handshake_failure and 'parent.relativePath' points at wrong local POM @ line 32, column 13 -> [Help 2]
[ERROR]   
[ERROR]   The project org.ninjaframework:ninja-test-utilities:[unknown-version] (/home/travis/build/failed/ninjaframework/ninja/ninja-test-utilities/pom.xml) has 1 error
[ERROR]     Non-resolvable parent POM: Failure to transfer org.ninjaframework:ninja:pom:5.6.1-SNAPSHOT from https://oss.sonatype.org/content/repositories/snapshots/ was cached in the local repository, resolution will not be reattempted until the update interval of sonatype-snapshots has elapsed or updates are forced. Original error: Could not transfer artifact org.ninjaframework:ninja:pom:5.6.1-SNAPSHOT from/to sonatype-snapshots (https://oss.sonatype.org/content/repositories/snapshots/): Received fatal alert: handshake_failure and 'parent.relativePath' points at wrong local POM @ line 25, column 13 -> [Help 2]
[ERROR]   
[ERROR]   The project org.ninjaframework:ninja-servlet-integration-test:[unknown-version] (/home/travis/build/failed/ninjaframework/ninja/ninja-servlet-integration-test/pom.xml) has 1 error
[ERROR]     Non-resolvable parent POM: Failure to transfer org.ninjaframework:ninja:pom:5.6.1-SNAPSHOT from https://oss.sonatype.org/content/repositories/snapshots/ was cached in the local repository, resolution will not be reattempted until the update interval of sonatype-snapshots has elapsed or updates are forced. Original error: Could not transfer artifact org.ninjaframework:ninja:pom:5.6.1-SNAPSHOT from/to sonatype-snapshots (https://oss.sonatype.org/content/repositories/snapshots/): Received fatal alert: handshake_failure and 'parent.relativePath' points at wrong local POM @ line 25, column 13 -> [Help 2]
[ERROR]   
[ERROR]   The project org.ninjaframework:ninja-servlet-jpa-blog-integration-test:[unknown-version] (/home/travis/build/failed/ninjaframework/ninja/ninja-servlet-jpa-blog-integration-test/pom.xml) has 1 error
[ERROR]     Non-resolvable parent POM: Failure to transfer org.ninjaframework:ninja:pom:5.6.1-SNAPSHOT from https://oss.sonatype.org/content/repositories/snapshots/ was cached in the local repository, resolution will not be reattempted until the update interval of sonatype-snapshots has elapsed or updates are forced. Original error: Could not transfer artifact org.ninjaframework:ninja:pom:5.6.1-SNAPSHOT from/to sonatype-snapshots (https://oss.sonatype.org/content/repositories/snapshots/): Received fatal alert: handshake_failure and 'parent.relativePath' points at wrong local POM @ line 33, column 13 -> [Help 2]
[ERROR]   
[ERROR]   The project org.ninjaframework:ninja-maven-plugin:[unknown-version] (/home/travis/build/failed/ninjaframework/ninja/ninja-maven-plugin/pom.xml) has 1 error
[ERROR]     Non-resolvable parent POM: Failure to transfer org.ninjaframework:ninja:pom:5.6.1-SNAPSHOT from https://oss.sonatype.org/content/repositories/snapshots/ was cached in the local repository, resolution will not be reattempted until the update interval of sonatype-snapshots has elapsed or updates are forced. Original error: Could not transfer artifact org.ninjaframework:ninja:pom:5.6.1-SNAPSHOT from/to sonatype-snapshots (https://oss.sonatype.org/content/repositories/snapshots/): Received fatal alert: handshake_failure and 'parent.relativePath' points at wrong local POM @ line 22, column 13 -> [Help 2]
[ERROR]   
[ERROR]   The project org.ninjaframework:ninja-async-machine-beta:[unknown-version] (/home/travis/build/failed/ninjaframework/ninja/ninja-async-machine-beta/pom.xml) has 1 error
[ERROR]     Non-resolvable parent POM: Failure to transfer org.ninjaframework:ninja:pom:5.6.1-SNAPSHOT from https://oss.sonatype.org/content/repositories/snapshots/ was cached in the local repository, resolution will not be reattempted until the update interval of sonatype-snapshots has elapsed or updates are forced. Original error: Could not transfer artifact org.ninjaframework:ninja:pom:5.6.1-SNAPSHOT from/to sonatype-snapshots (https://oss.sonatype.org/content/repositories/snapshots/): Received fatal alert: handshake_failure and 'parent.relativePath' points at wrong local POM @ line 25, column 13 -> [Help 2]
[ERROR]   
[ERROR]   The project org.ninjaframework:ninja-servlet-jpa-blog-archetype:[unknown-version] (/home/travis/build/failed/ninjaframework/ninja/ninja-servlet-jpa-blog-archetype/pom.xml) has 1 error
[ERROR]     Non-resolvable parent POM: Failure to transfer org.ninjaframework:ninja:pom:5.6.1-SNAPSHOT from https://oss.sonatype.org/content/repositories/snapshots/ was cached in the local repository, resolution will not be reattempted until the update interval of sonatype-snapshots has elapsed or updates are forced. Original error: Could not transfer artifact org.ninjaframework:ninja:pom:5.6.1-SNAPSHOT from/to sonatype-snapshots (https://oss.sonatype.org/content/repositories/snapshots/): Received fatal alert: handshake_failure and 'parent.relativePath' points at wrong local POM @ line 27, column 13 -> [Help 2]
[ERROR]   
[ERROR]   The project org.ninjaframework:ninja-servlet-archetype-simple:[unknown-version] (/home/travis/build/failed/ninjaframework/ninja/ninja-servlet-archetype-simple/pom.xml) has 1 error
[ERROR]     Non-resolvable parent POM: Failure to transfer org.ninjaframework:ninja:pom:5.6.1-SNAPSHOT from https://oss.sonatype.org/content/repositories/snapshots/ was cached in the local repository, resolution will not be reattempted until the update interval of sonatype-snapshots has elapsed or updates are forced. Original error: Could not transfer artifact org.ninjaframework:ninja:pom:5.6.1-SNAPSHOT from/to sonatype-snapshots (https://oss.sonatype.org/content/repositories/snapshots/): Received fatal alert: handshake_failure and 'parent.relativePath' points at wrong local POM @ line 27, column 13 -> [Help 2]
[ERROR] 
[ERROR] To see the full stack trace of the errors, re-run Maven with the -e switch.
[ERROR] Re-run Maven using the -X switch to enable full debug logging.
[ERROR] 
[ERROR] For more information about the errors and possible solutions, please read the following articles:
[ERROR] [Help 1] http://cwiki.apache.org/confluence/display/MAVEN/ProjectBuildingException
[ERROR] [Help 2] http://cwiki.apache.org/confluence/display/MAVEN/UnresolvableModelException

[31;1mThe command "eval mvn install -Dhttps.protocols=TLSv1.2 -DskipTests=true -Dmaven.javadoc.skip=true -B -V " failed 3 times.[0m


travis_time:end:05a32be0:start=1657822734372660541,finish=1657822748342997062,duration=13970336521[0K
[31;1mThe command "mvn install -Dhttps.protocols=TLSv1.2 -DskipTests=true -Dmaven.javadoc.skip=true -B -V" failed and exited with 1 during .[0m

Your build has been stopped.
