travis_fold:start:system_info[0K[33;1mBuild system information[0m
Build language: java
Build id: ''
Job id: ''
[34m[1mBuild image provisioning date and time[0m
Fri Dec 12 23:29:11 UTC 2014
[34m[1mlsb_release -a[0m
Distributor ID:	Ubuntu
Description:	Ubuntu 12.04.5 LTS
Release:	12.04
Codename:	precise
[34m[1mCookbooks Version[0m
540230e https://github.com/travis-ci/travis-cookbooks/tree/540230e
[34m[1mGCC version[0m
gcc (Ubuntu/Linaro 4.6.3-1ubuntu5) 4.6.3
Copyright (C) 2011 Free Software Foundation, Inc.
This is free software; see the source for copying conditions.  There is NO
warranty; not even for MERCHANTABILITY or FITNESS FOR A PARTICULAR PURPOSE.

[34m[1mLLVM version[0m
clang version 3.4 (tags/RELEASE_34/final)
Target: x86_64-unknown-linux-gnu
Thread model: posix
[34m[1mPre-installed Ruby versions[0m
ruby-1.9.3-p551
[34m[1mPre-installed Node.js versions[0m
v0.10.33
[34m[1mPre-installed Go versions[0m
go1.4
[34m[1mRedis version[0m
redis-server 2.8.18
[34m[1mriak version[0m
1.4.12
[34m[1mMongoDB version[0m
MongoDB 2.4.12
[34m[1mCouchDB version[0m
couchdb 1.6.1
[34m[1mNeo4j version[0m
1.9.4
[34m[1mCassandra version[0m
2.0.9
[34m[1mRabbitMQ Version[0m
3.4.2
[34m[1mElasticSearch version[0m
1.4.0
[34m[1mInstalled Sphinx versions[0m
2.0.10
2.1.9
2.2.4
[34m[1mDefault Sphinx version[0m
2.1.9
[34m[1mInstalled Firefox version[0m
firefox 31.0esr
[34m[1mPhantomJS version[0m
1.9.8
[34m[1mant -version[0m
Apache Ant(TM) version 1.8.2 compiled on December 3 2011
[34m[1mmvn -version[0m
Apache Maven 3.2.3 (33f8c3e1027c3ddde99d3cdebad2656a31e8fdf4; 2014-08-11T20:58:10+00:00)
Maven home: /usr/local/maven
Java version: 1.7.0_72, vendor: Oracle Corporation
Java home: /usr/lib/jvm/java-7-oracle/jre
Default locale: en_US, platform encoding: ANSI_X3.4-1968
OS name: "linux", version: "3.13.0-29-generic", arch: "amd64", family: "unix"
[34m[1mgradle -version[0m

------------------------------------------------------------
Gradle 2.2.1
------------------------------------------------------------

Build time:   2014-11-24 09:45:35 UTC
Build number: none
Revision:     6fcb59c06f43a4e6b1bcb401f7686a8601a1fb4a

Groovy:       2.3.6
Ant:          Apache Ant(TM) version 1.9.3 compiled on December 23 2013
JVM:          1.7.0_72 (Oracle Corporation 24.72-b04)
OS:           Linux 3.13.0-29-generic amd64

[34m[1mlein1 version[0m
Using JLine for console I/O; install rlwrap for optimum experience.
Leiningen 1.7.1 on Java 1.7.0_72 Java HotSpot(TM) 64-Bit Server VM
[34m[1mlein2 version[0m
Leiningen 2.5.0 on Java 1.7.0_72 Java HotSpot(TM) 64-Bit Server VM
[34m[1mlein version[0m
Leiningen 2.5.0 on Java 1.7.0_72 Java HotSpot(TM) 64-Bit Server VM
travis_fold:end:system_info[0K
grep: /etc/apt/sources.list.d/*: No such file or directory
W: Failed to fetch http://us.archive.ubuntu.com/ubuntu/dists/precise/main/source/Sources  404  Not Found [IP: 91.189.91.39 80]

W: Failed to fetch http://us.archive.ubuntu.com/ubuntu/dists/precise/restricted/source/Sources  404  Not Found [IP: 91.189.91.39 80]

W: Failed to fetch http://us.archive.ubuntu.com/ubuntu/dists/precise/universe/source/Sources  404  Not Found [IP: 91.189.91.39 80]

W: Failed to fetch http://us.archive.ubuntu.com/ubuntu/dists/precise/multiverse/source/Sources  404  Not Found [IP: 91.189.91.39 80]

W: Failed to fetch http://us.archive.ubuntu.com/ubuntu/dists/precise/main/binary-amd64/Packages  404  Not Found [IP: 91.189.91.39 80]

W: Failed to fetch http://us.archive.ubuntu.com/ubuntu/dists/precise/restricted/binary-amd64/Packages  404  Not Found [IP: 91.189.91.39 80]

W: Failed to fetch http://us.archive.ubuntu.com/ubuntu/dists/precise/universe/binary-amd64/Packages  404  Not Found [IP: 91.189.91.39 80]

W: Failed to fetch http://us.archive.ubuntu.com/ubuntu/dists/precise/multiverse/binary-amd64/Packages  404  Not Found [IP: 91.189.91.39 80]

W: Failed to fetch http://us.archive.ubuntu.com/ubuntu/dists/precise/main/binary-i386/Packages  404  Not Found [IP: 91.189.91.39 80]

W: Failed to fetch http://us.archive.ubuntu.com/ubuntu/dists/precise/restricted/binary-i386/Packages  404  Not Found [IP: 91.189.91.39 80]

W: Failed to fetch http://us.archive.ubuntu.com/ubuntu/dists/precise/universe/binary-i386/Packages  404  Not Found [IP: 91.189.91.39 80]

W: Failed to fetch http://us.archive.ubuntu.com/ubuntu/dists/precise/multiverse/binary-i386/Packages  404  Not Found [IP: 91.189.91.39 80]

W: Failed to fetch http://us.archive.ubuntu.com/ubuntu/dists/precise-updates/main/source/Sources  404  Not Found [IP: 91.189.91.39 80]

W: Failed to fetch http://us.archive.ubuntu.com/ubuntu/dists/precise-updates/restricted/source/Sources  404  Not Found [IP: 91.189.91.39 80]

W: Failed to fetch http://us.archive.ubuntu.com/ubuntu/dists/precise-updates/universe/source/Sources  404  Not Found [IP: 91.189.91.39 80]

W: Failed to fetch http://us.archive.ubuntu.com/ubuntu/dists/precise-updates/multiverse/source/Sources  404  Not Found [IP: 91.189.91.39 80]

W: Failed to fetch http://us.archive.ubuntu.com/ubuntu/dists/precise-updates/main/binary-amd64/Packages  404  Not Found [IP: 91.189.91.39 80]

W: Failed to fetch http://us.archive.ubuntu.com/ubuntu/dists/precise-updates/restricted/binary-amd64/Packages  404  Not Found [IP: 91.189.91.39 80]

W: Failed to fetch http://us.archive.ubuntu.com/ubuntu/dists/precise-updates/universe/binary-amd64/Packages  404  Not Found [IP: 91.189.91.39 80]

W: Failed to fetch http://us.archive.ubuntu.com/ubuntu/dists/precise-updates/multiverse/binary-amd64/Packages  404  Not Found [IP: 91.189.91.39 80]

W: Failed to fetch http://us.archive.ubuntu.com/ubuntu/dists/precise-updates/main/binary-i386/Packages  404  Not Found [IP: 91.189.91.39 80]

W: Failed to fetch http://us.archive.ubuntu.com/ubuntu/dists/precise-updates/restricted/binary-i386/Packages  404  Not Found [IP: 91.189.91.39 80]

W: Failed to fetch http://us.archive.ubuntu.com/ubuntu/dists/precise-updates/universe/binary-i386/Packages  404  Not Found [IP: 91.189.91.39 80]

W: Failed to fetch http://us.archive.ubuntu.com/ubuntu/dists/precise-updates/multiverse/binary-i386/Packages  404  Not Found [IP: 91.189.91.39 80]

W: Failed to fetch http://us.archive.ubuntu.com/ubuntu/dists/precise-backports/main/source/Sources  404  Not Found [IP: 91.189.91.39 80]

W: Failed to fetch http://us.archive.ubuntu.com/ubuntu/dists/precise-backports/restricted/source/Sources  404  Not Found [IP: 91.189.91.39 80]

W: Failed to fetch http://us.archive.ubuntu.com/ubuntu/dists/precise-backports/universe/source/Sources  404  Not Found [IP: 91.189.91.39 80]

W: Failed to fetch http://us.archive.ubuntu.com/ubuntu/dists/precise-backports/multiverse/source/Sources  404  Not Found [IP: 91.189.91.39 80]

W: Failed to fetch http://us.archive.ubuntu.com/ubuntu/dists/precise-backports/main/binary-amd64/Packages  404  Not Found [IP: 91.189.91.39 80]

W: Failed to fetch http://us.archive.ubuntu.com/ubuntu/dists/precise-backports/restricted/binary-amd64/Packages  404  Not Found [IP: 91.189.91.39 80]

W: Failed to fetch http://us.archive.ubuntu.com/ubuntu/dists/precise-backports/universe/binary-amd64/Packages  404  Not Found [IP: 91.189.91.39 80]

W: Failed to fetch http://us.archive.ubuntu.com/ubuntu/dists/precise-backports/multiverse/binary-amd64/Packages  404  Not Found [IP: 91.189.91.39 80]

W: Failed to fetch http://us.archive.ubuntu.com/ubuntu/dists/precise-backports/main/binary-i386/Packages  404  Not Found [IP: 91.189.91.39 80]

W: Failed to fetch http://us.archive.ubuntu.com/ubuntu/dists/precise-backports/restricted/binary-i386/Packages  404  Not Found [IP: 91.189.91.39 80]

W: Failed to fetch http://us.archive.ubuntu.com/ubuntu/dists/precise-backports/universe/binary-i386/Packages  404  Not Found [IP: 91.189.91.39 80]

W: Failed to fetch http://us.archive.ubuntu.com/ubuntu/dists/precise-backports/multiverse/binary-i386/Packages  404  Not Found [IP: 91.189.91.39 80]

W: Failed to fetch http://security.ubuntu.com/ubuntu/dists/precise-security/main/source/Sources  404  Not Found [IP: 185.125.190.39 80]

W: Failed to fetch http://security.ubuntu.com/ubuntu/dists/precise-security/restricted/source/Sources  404  Not Found [IP: 185.125.190.39 80]

W: Failed to fetch http://security.ubuntu.com/ubuntu/dists/precise-security/universe/source/Sources  404  Not Found [IP: 185.125.190.39 80]

W: Failed to fetch http://security.ubuntu.com/ubuntu/dists/precise-security/multiverse/source/Sources  404  Not Found [IP: 185.125.190.39 80]

W: Failed to fetch http://security.ubuntu.com/ubuntu/dists/precise-security/main/binary-amd64/Packages  404  Not Found [IP: 185.125.190.39 80]

W: Failed to fetch http://security.ubuntu.com/ubuntu/dists/precise-security/restricted/binary-amd64/Packages  404  Not Found [IP: 185.125.190.39 80]

W: Failed to fetch http://security.ubuntu.com/ubuntu/dists/precise-security/universe/binary-amd64/Packages  404  Not Found [IP: 185.125.190.39 80]

W: Failed to fetch http://security.ubuntu.com/ubuntu/dists/precise-security/multiverse/binary-amd64/Packages  404  Not Found [IP: 185.125.190.39 80]

W: Failed to fetch http://security.ubuntu.com/ubuntu/dists/precise-security/main/binary-i386/Packages  404  Not Found [IP: 185.125.190.39 80]

W: Failed to fetch http://security.ubuntu.com/ubuntu/dists/precise-security/restricted/binary-i386/Packages  404  Not Found [IP: 185.125.190.39 80]

W: Failed to fetch http://security.ubuntu.com/ubuntu/dists/precise-security/universe/binary-i386/Packages  404  Not Found [IP: 185.125.190.39 80]

W: Failed to fetch http://security.ubuntu.com/ubuntu/dists/precise-security/multiverse/binary-i386/Packages  404  Not Found [IP: 185.125.190.39 80]

E: Some index files failed to download. They have been ignored, or old ones used instead.
sed: cannot rename /etc/hosts: Device or resource busy
sed: cannot rename /etc/hosts: Device or resource busy
$ jdk_switcher use oraclejdk8
Switching to Oracle JDK8 (java-8-oracle), JAVA_HOME will be set to /usr/lib/jvm/java-8-oracle
$ cd failed/square/retrofit

[33;1mSetting environment variables from .travis.yml[0m
$ export CI_DEPLOY_USERNAME=[secure]
$ export CI_DEPLOY_PASSWORD=[secure]

travis_fold:start:cache.1[0KSetting up build cache
$ export CASHER_DIR=$HOME/.casher
travis_time:start:0cf616ab[0K$ Installing caching utilities

travis_time:end:0cf616ab:start=1657896065595014257,finish=1657896065774507060,duration=179492803[0Ktravis_time:start:033ecd43[0K
travis_time:end:033ecd43:start=1657896065788557419,finish=1657896065797438720,duration=8881301[0Ktravis_time:start:0d4ab919[0K/home/travis/.casher/bin/casher:213:in `cache_archive_name': undefined method `[]' for nil:NilClass (NoMethodError)
	from /home/travis/.casher/bin/casher:65:in `block in fetch'
	from /home/travis/.casher/bin/casher:64:in `each'
	from /home/travis/.casher/bin/casher:64:in `fetch'
	from /home/travis/.casher/bin/casher:53:in `block in run'
	from /home/travis/.rvm/rubies/ruby-1.9.3-p551/lib/ruby/1.9.1/timeout.rb:69:in `timeout'
	from /home/travis/.casher/bin/casher:53:in `run'
	from /home/travis/.casher/bin/casher:263:in `<main>'
[32;1mattempting to download cache archive[0m

travis_time:end:0d4ab919:start=1657896065807635781,finish=1657896066622853797,duration=815218016[0Ktravis_time:start:3a67e1d6[0K
travis_time:end:3a67e1d6:start=1657896066633867338,finish=1657896066643309022,duration=9441684[0Ktravis_time:start:0ade2948[0K[32;1madding /home/travis/.m2 to cache[0m

travis_time:end:0ade2948:start=1657896066653897948,finish=1657896067463520447,duration=809622499[0Ktravis_fold:end:cache.1[0K$ java -Xmx32m -version
java version "1.8.0_25"
Java(TM) SE Runtime Environment (build 1.8.0_25-b17)
Java HotSpot(TM) 64-Bit Server VM (build 25.25-b02, mixed mode)
$ javac -J-Xmx32m -version
javac 1.8.0_25
travis_fold:start:install[0Ktravis_time:start:0c7aefe3[0K$ mvn install -Dhttps.protocols=TLSv1.2 -DskipTests=true -Dmaven.javadoc.skip=true -B -V
Java HotSpot(TM) 64-Bit Server VM warning: ignoring option MaxPermSize=192m; support was removed in 8.0
Apache Maven 3.2.3 (33f8c3e1027c3ddde99d3cdebad2656a31e8fdf4; 2014-08-11T20:58:10+00:00)
Maven home: /usr/local/maven
Java version: 1.8.0_25, vendor: Oracle Corporation
Java home: /usr/lib/jvm/java-8-oracle/jre
Default locale: en_US, platform encoding: UTF-8
OS name: "linux", version: "4.15.0-109-generic", arch: "amd64", family: "unix"
[INFO] Scanning for projects...
[INFO] Downloading: http://insecure.repo1.maven.org/maven2/org/sonatype/oss/oss-parent/7/oss-parent-7.pom
[INFO] Downloaded: http://insecure.repo1.maven.org/maven2/org/sonatype/oss/oss-parent/7/oss-parent-7.pom (5 KB at 30.4 KB/sec)
[INFO] Downloading: https://oss.sonatype.org/content/repositories/releases/org/sonatype/oss/oss-parent/7/oss-parent-7.pom
[INFO] Downloaded: https://oss.sonatype.org/content/repositories/releases/org/sonatype/oss/oss-parent/7/oss-parent-7.pom (5 KB at 5.1 KB/sec)
[INFO] Downloading: https://repository.apache.org/releases/org/sonatype/oss/oss-parent/7/oss-parent-7.pom
[INFO] ------------------------------------------------------------------------
[INFO] Reactor Build Order:
[INFO] 
[INFO] Retrofit (Parent)
[INFO] Retrofit
[INFO] Converters
[INFO] Converter: Protocol Buffers
[INFO] Converter: Jackson
[INFO] Converter: Wire Protocol Buffers
[INFO] Converter: SimpleXML
[INFO] Retrofit Mock Adapter
[INFO] Samples
[INFO] Sample: GitHub Client
[INFO] Sample: Mock GitHub Client
[INFO]                                                                         
[INFO] ------------------------------------------------------------------------
[INFO] Building Retrofit (Parent) 2.0.0-SNAPSHOT
[INFO] ------------------------------------------------------------------------
[INFO] Downloading: https://repo.maven.apache.org/maven2/org/apache/maven/plugins/maven-enforcer-plugin/1.0/maven-enforcer-plugin-1.0.pom
[INFO] Downloaded: https://repo.maven.apache.org/maven2/org/apache/maven/plugins/maven-enforcer-plugin/1.0/maven-enforcer-plugin-1.0.pom (7 KB at 68.5 KB/sec)
[INFO] Downloading: https://repo.maven.apache.org/maven2/org/apache/maven/enforcer/enforcer/1.0/enforcer-1.0.pom
[INFO] Downloaded: https://repo.maven.apache.org/maven2/org/apache/maven/enforcer/enforcer/1.0/enforcer-1.0.pom (12 KB at 416.6 KB/sec)
[INFO] Downloading: https://repo.maven.apache.org/maven2/org/apache/maven/maven-parent/17/maven-parent-17.pom
[INFO] Downloaded: https://repo.maven.apache.org/maven2/org/apache/maven/maven-parent/17/maven-parent-17.pom (25 KB at 760.3 KB/sec)
[INFO] Downloading: https://repo.maven.apache.org/maven2/org/apache/apache/7/apache-7.pom
[INFO] Downloaded: https://repo.maven.apache.org/maven2/org/apache/apache/7/apache-7.pom (15 KB at 440.4 KB/sec)
[INFO] Downloading: https://repo.maven.apache.org/maven2/org/apache/maven/plugins/maven-enforcer-plugin/1.0/maven-enforcer-plugin-1.0.jar
[INFO] Downloaded: https://repo.maven.apache.org/maven2/org/apache/maven/plugins/maven-enforcer-plugin/1.0/maven-enforcer-plugin-1.0.jar (22 KB at 679.6 KB/sec)
[INFO] Downloading: https://repo.maven.apache.org/maven2/org/apache/maven/plugins/maven-checkstyle-plugin/2.9.1/maven-checkstyle-plugin-2.9.1.pom
[INFO] Downloaded: https://repo.maven.apache.org/maven2/org/apache/maven/plugins/maven-checkstyle-plugin/2.9.1/maven-checkstyle-plugin-2.9.1.pom (10 KB at 355.3 KB/sec)
[INFO] Downloading: https://repo.maven.apache.org/maven2/org/apache/maven/plugins/maven-plugins/22/maven-plugins-22.pom
[INFO] Downloaded: https://repo.maven.apache.org/maven2/org/apache/maven/plugins/maven-plugins/22/maven-plugins-22.pom (13 KB at 471.6 KB/sec)
[INFO] Downloading: https://repo.maven.apache.org/maven2/org/apache/maven/maven-parent/21/maven-parent-21.pom
[INFO] Downloaded: https://repo.maven.apache.org/maven2/org/apache/maven/maven-parent/21/maven-parent-21.pom (26 KB at 695.7 KB/sec)
[INFO] Downloading: https://repo.maven.apache.org/maven2/org/apache/apache/10/apache-10.pom
[INFO] Downloaded: https://repo.maven.apache.org/maven2/org/apache/apache/10/apache-10.pom (15 KB at 628.4 KB/sec)
[INFO] Downloading: https://repo.maven.apache.org/maven2/org/apache/maven/plugins/maven-checkstyle-plugin/2.9.1/maven-checkstyle-plugin-2.9.1.jar
[INFO] Downloaded: https://repo.maven.apache.org/maven2/org/apache/maven/plugins/maven-checkstyle-plugin/2.9.1/maven-checkstyle-plugin-2.9.1.jar (85 KB at 1179.2 KB/sec)
[INFO] Downloading: https://repo.maven.apache.org/maven2/org/apache/maven/plugins/maven-install-plugin/2.4/maven-install-plugin-2.4.pom
[INFO] Downloaded: https://repo.maven.apache.org/maven2/org/apache/maven/plugins/maven-install-plugin/2.4/maven-install-plugin-2.4.pom (7 KB at 283.2 KB/sec)
[INFO] Downloading: https://repo.maven.apache.org/maven2/org/apache/maven/plugins/maven-plugins/23/maven-plugins-23.pom
[INFO] Downloaded: https://repo.maven.apache.org/maven2/org/apache/maven/plugins/maven-plugins/23/maven-plugins-23.pom (9 KB at 332.7 KB/sec)
[INFO] Downloading: https://repo.maven.apache.org/maven2/org/apache/maven/maven-parent/22/maven-parent-22.pom
[INFO] Downloaded: https://repo.maven.apache.org/maven2/org/apache/maven/maven-parent/22/maven-parent-22.pom (30 KB at 907.7 KB/sec)
[INFO] Downloading: https://repo.maven.apache.org/maven2/org/apache/apache/11/apache-11.pom
[INFO] Downloaded: https://repo.maven.apache.org/maven2/org/apache/apache/11/apache-11.pom (15 KB at 466.6 KB/sec)
[INFO] Downloading: https://repo.maven.apache.org/maven2/org/apache/maven/plugins/maven-install-plugin/2.4/maven-install-plugin-2.4.jar
[INFO] Downloaded: https://repo.maven.apache.org/maven2/org/apache/maven/plugins/maven-install-plugin/2.4/maven-install-plugin-2.4.jar (27 KB at 822.5 KB/sec)
[INFO] 
[INFO] --- maven-enforcer-plugin:1.0:enforce (enforce-maven) @ parent ---
[INFO] Downloading: https://repo.maven.apache.org/maven2/org/apache/maven/maven-artifact/2.0.9/maven-artifact-2.0.9.pom
[INFO] Downloaded: https://repo.maven.apache.org/maven2/org/apache/maven/maven-artifact/2.0.9/maven-artifact-2.0.9.pom (2 KB at 49.4 KB/sec)
[INFO] Downloading: https://repo.maven.apache.org/maven2/org/apache/maven/maven/2.0.9/maven-2.0.9.pom
[INFO] Downloaded: https://repo.maven.apache.org/maven2/org/apache/maven/maven/2.0.9/maven-2.0.9.pom (19 KB at 429.4 KB/sec)
[INFO] Downloading: https://repo.maven.apache.org/maven2/org/apache/maven/maven-parent/8/maven-parent-8.pom
[INFO] Downloaded: https://repo.maven.apache.org/maven2/org/apache/maven/maven-parent/8/maven-parent-8.pom (24 KB at 760.2 KB/sec)
[INFO] Downloading: https://repo.maven.apache.org/maven2/org/apache/apache/4/apache-4.pom
[INFO] Downloaded: https://repo.maven.apache.org/maven2/org/apache/apache/4/apache-4.pom (5 KB at 219.5 KB/sec)
[INFO] Downloading: https://repo.maven.apache.org/maven2/org/codehaus/plexus/plexus-utils/1.5.8/plexus-utils-1.5.8.pom
[INFO] Downloaded: https://repo.maven.apache.org/maven2/org/codehaus/plexus/plexus-utils/1.5.8/plexus-utils-1.5.8.pom (8 KB at 375.0 KB/sec)
[INFO] Downloading: https://repo.maven.apache.org/maven2/org/codehaus/plexus/plexus/2.0.2/plexus-2.0.2.pom
[INFO] Downloaded: https://repo.maven.apache.org/maven2/org/codehaus/plexus/plexus/2.0.2/plexus-2.0.2.pom (12 KB at 472.4 KB/sec)
[INFO] Downloading: https://repo.maven.apache.org/maven2/org/apache/maven/maven-plugin-api/2.0.9/maven-plugin-api-2.0.9.pom
[INFO] Downloaded: https://repo.maven.apache.org/maven2/org/apache/maven/maven-plugin-api/2.0.9/maven-plugin-api-2.0.9.pom (2 KB at 85.8 KB/sec)
[INFO] Downloading: https://repo.maven.apache.org/maven2/org/apache/maven/maven-project/2.0.9/maven-project-2.0.9.pom
[INFO] Downloaded: https://repo.maven.apache.org/maven2/org/apache/maven/maven-project/2.0.9/maven-project-2.0.9.pom (3 KB at 126.0 KB/sec)
[INFO] Downloading: https://repo.maven.apache.org/maven2/org/apache/maven/maven-settings/2.0.9/maven-settings-2.0.9.pom
[INFO] Downloaded: https://repo.maven.apache.org/maven2/org/apache/maven/maven-settings/2.0.9/maven-settings-2.0.9.pom (3 KB at 52.9 KB/sec)
[INFO] Downloading: https://repo.maven.apache.org/maven2/org/apache/maven/maven-model/2.0.9/maven-model-2.0.9.pom
[INFO] Downloaded: https://repo.maven.apache.org/maven2/org/apache/maven/maven-model/2.0.9/maven-model-2.0.9.pom (4 KB at 105.7 KB/sec)
[INFO] Downloading: https://repo.maven.apache.org/maven2/org/codehaus/plexus/plexus-container-default/1.0-alpha-9-stable-1/plexus-container-default-1.0-alpha-9-stable-1.pom
[INFO] Downloaded: https://repo.maven.apache.org/maven2/org/codehaus/plexus/plexus-container-default/1.0-alpha-9-stable-1/plexus-container-default-1.0-alpha-9-stable-1.pom (4 KB at 214.2 KB/sec)
[INFO] Downloading: https://repo.maven.apache.org/maven2/org/codehaus/plexus/plexus-containers/1.0.3/plexus-containers-1.0.3.pom
[INFO] Downloaded: https://repo.maven.apache.org/maven2/org/codehaus/plexus/plexus-containers/1.0.3/plexus-containers-1.0.3.pom (492 B at 28.3 KB/sec)
[INFO] Downloading: https://repo.maven.apache.org/maven2/org/codehaus/plexus/plexus/1.0.4/plexus-1.0.4.pom
[INFO] Downloaded: https://repo.maven.apache.org/maven2/org/codehaus/plexus/plexus/1.0.4/plexus-1.0.4.pom (6 KB at 200.1 KB/sec)
[INFO] Downloading: https://repo.maven.apache.org/maven2/junit/junit/3.8.2/junit-3.8.2.pom
[INFO] Downloaded: https://repo.maven.apache.org/maven2/junit/junit/3.8.2/junit-3.8.2.pom (747 B at 42.9 KB/sec)
[INFO] Downloading: https://repo.maven.apache.org/maven2/classworlds/classworlds/1.1-alpha-2/classworlds-1.1-alpha-2.pom
[INFO] Downloaded: https://repo.maven.apache.org/maven2/classworlds/classworlds/1.1-alpha-2/classworlds-1.1-alpha-2.pom (4 KB at 179.7 KB/sec)
[INFO] Downloading: https://repo.maven.apache.org/maven2/org/apache/maven/maven-profile/2.0.9/maven-profile-2.0.9.pom
[INFO] Downloaded: https://repo.maven.apache.org/maven2/org/apache/maven/maven-profile/2.0.9/maven-profile-2.0.9.pom (3 KB at 105.4 KB/sec)
[INFO] Downloading: https://repo.maven.apache.org/maven2/org/apache/maven/maven-artifact-manager/2.0.9/maven-artifact-manager-2.0.9.pom
[INFO] Downloaded: https://repo.maven.apache.org/maven2/org/apache/maven/maven-artifact-manager/2.0.9/maven-artifact-manager-2.0.9.pom (3 KB at 138.8 KB/sec)
[INFO] Downloading: https://repo.maven.apache.org/maven2/org/apache/maven/maven-repository-metadata/2.0.9/maven-repository-metadata-2.0.9.pom
[INFO] Downloaded: https://repo.maven.apache.org/maven2/org/apache/maven/maven-repository-metadata/2.0.9/maven-repository-metadata-2.0.9.pom (2 KB at 97.7 KB/sec)
[INFO] Downloading: https://repo.maven.apache.org/maven2/org/apache/maven/maven-plugin-registry/2.0.9/maven-plugin-registry-2.0.9.pom
[INFO] Downloaded: https://repo.maven.apache.org/maven2/org/apache/maven/maven-plugin-registry/2.0.9/maven-plugin-registry-2.0.9.pom (2 KB at 96.2 KB/sec)
[INFO] Downloading: https://repo.maven.apache.org/maven2/org/apache/maven/maven-core/2.0.9/maven-core-2.0.9.pom
[INFO] Downloaded: https://repo.maven.apache.org/maven2/org/apache/maven/maven-core/2.0.9/maven-core-2.0.9.pom (8 KB at 345.6 KB/sec)
[INFO] Downloading: https://repo.maven.apache.org/maven2/org/apache/maven/maven-plugin-parameter-documenter/2.0.9/maven-plugin-parameter-documenter-2.0.9.pom
[INFO] Downloaded: https://repo.maven.apache.org/maven2/org/apache/maven/maven-plugin-parameter-documenter/2.0.9/maven-plugin-parameter-documenter-2.0.9.pom (2 KB at 119.9 KB/sec)
[INFO] Downloading: https://repo.maven.apache.org/maven2/org/apache/maven/reporting/maven-reporting-api/2.0.9/maven-reporting-api-2.0.9.pom
[INFO] Downloaded: https://repo.maven.apache.org/maven2/org/apache/maven/reporting/maven-reporting-api/2.0.9/maven-reporting-api-2.0.9.pom (2 KB at 97.8 KB/sec)
[INFO] Downloading: https://repo.maven.apache.org/maven2/org/apache/maven/reporting/maven-reporting/2.0.9/maven-reporting-2.0.9.pom
[INFO] Downloaded: https://repo.maven.apache.org/maven2/org/apache/maven/reporting/maven-reporting/2.0.9/maven-reporting-2.0.9.pom (2 KB at 62.7 KB/sec)
[INFO] Downloading: https://repo.maven.apache.org/maven2/org/apache/maven/doxia/doxia-sink-api/1.0-alpha-10/doxia-sink-api-1.0-alpha-10.pom
[INFO] Downloaded: https://repo.maven.apache.org/maven2/org/apache/maven/doxia/doxia-sink-api/1.0-alpha-10/doxia-sink-api-1.0-alpha-10.pom (2 KB at 42.4 KB/sec)
[INFO] Downloading: https://repo.maven.apache.org/maven2/org/apache/maven/doxia/doxia/1.0-alpha-10/doxia-1.0-alpha-10.pom
[INFO] Downloaded: https://repo.maven.apache.org/maven2/org/apache/maven/doxia/doxia/1.0-alpha-10/doxia-1.0-alpha-10.pom (9 KB at 308.5 KB/sec)
[INFO] Downloading: https://repo.maven.apache.org/maven2/org/apache/maven/maven-parent/6/maven-parent-6.pom
[INFO] Downloaded: https://repo.maven.apache.org/maven2/org/apache/maven/maven-parent/6/maven-parent-6.pom (20 KB at 383.8 KB/sec)
[INFO] Downloading: https://repo.maven.apache.org/maven2/org/apache/maven/maven-error-diagnostics/2.0.9/maven-error-diagnostics-2.0.9.pom
[INFO] Downloaded: https://repo.maven.apache.org/maven2/org/apache/maven/maven-error-diagnostics/2.0.9/maven-error-diagnostics-2.0.9.pom (2 KB at 77.4 KB/sec)
[INFO] Downloading: https://repo.maven.apache.org/maven2/commons-cli/commons-cli/1.0/commons-cli-1.0.pom
[INFO] Downloaded: https://repo.maven.apache.org/maven2/commons-cli/commons-cli/1.0/commons-cli-1.0.pom (3 KB at 102.8 KB/sec)
[INFO] Downloading: https://repo.maven.apache.org/maven2/org/apache/maven/maven-plugin-descriptor/2.0.9/maven-plugin-descriptor-2.0.9.pom
[INFO] Downloaded: https://repo.maven.apache.org/maven2/org/apache/maven/maven-plugin-descriptor/2.0.9/maven-plugin-descriptor-2.0.9.pom (3 KB at 112.6 KB/sec)
[INFO] Downloading: https://repo.maven.apache.org/maven2/org/codehaus/plexus/plexus-interactivity-api/1.0-alpha-4/plexus-interactivity-api-1.0-alpha-4.pom
[INFO] Downloaded: https://repo.maven.apache.org/maven2/org/codehaus/plexus/plexus-interactivity-api/1.0-alpha-4/plexus-interactivity-api-1.0-alpha-4.pom (7 KB at 364.5 KB/sec)
[INFO] Downloading: https://repo.maven.apache.org/maven2/org/apache/maven/maven-monitor/2.0.9/maven-monitor-2.0.9.pom
[INFO] Downloaded: https://repo.maven.apache.org/maven2/org/apache/maven/maven-monitor/2.0.9/maven-monitor-2.0.9.pom (2 KB at 66.0 KB/sec)
[INFO] Downloading: https://repo.maven.apache.org/maven2/classworlds/classworlds/1.1/classworlds-1.1.pom
[INFO] Downloaded: https://repo.maven.apache.org/maven2/classworlds/classworlds/1.1/classworlds-1.1.pom (4 KB at 180.3 KB/sec)
[INFO] Downloading: https://repo.maven.apache.org/maven2/commons-lang/commons-lang/2.3/commons-lang-2.3.pom
[INFO] Downloaded: https://repo.maven.apache.org/maven2/commons-lang/commons-lang/2.3/commons-lang-2.3.pom (11 KB at 402.0 KB/sec)
[INFO] Downloading: https://repo.maven.apache.org/maven2/org/apache/maven/enforcer/enforcer-api/1.0/enforcer-api-1.0.pom
[INFO] Downloaded: https://repo.maven.apache.org/maven2/org/apache/maven/enforcer/enforcer-api/1.0/enforcer-api-1.0.pom (4 KB at 177.8 KB/sec)
[INFO] Downloading: https://repo.maven.apache.org/maven2/org/codehaus/plexus/plexus-container-default/1.0-alpha-9/plexus-container-default-1.0-alpha-9.pom
[INFO] Downloaded: https://repo.maven.apache.org/maven2/org/codehaus/plexus/plexus-container-default/1.0-alpha-9/plexus-container-default-1.0-alpha-9.pom (2 KB at 57.5 KB/sec)
[INFO] Downloading: https://repo.maven.apache.org/maven2/org/apache/maven/enforcer/enforcer-rules/1.0/enforcer-rules-1.0.pom
[INFO] Downloaded: https://repo.maven.apache.org/maven2/org/apache/maven/enforcer/enforcer-rules/1.0/enforcer-rules-1.0.pom (5 KB at 183.5 KB/sec)
[INFO] Downloading: https://repo.maven.apache.org/maven2/org/apache/maven/shared/maven-common-artifact-filters/1.2/maven-common-artifact-filters-1.2.pom
[INFO] Downloaded: https://repo.maven.apache.org/maven2/org/apache/maven/shared/maven-common-artifact-filters/1.2/maven-common-artifact-filters-1.2.pom (5 KB at 232.4 KB/sec)
[INFO] Downloading: https://repo.maven.apache.org/maven2/org/apache/maven/shared/maven-shared-components/11/maven-shared-components-11.pom
[INFO] Downloaded: https://repo.maven.apache.org/maven2/org/apache/maven/shared/maven-shared-components/11/maven-shared-components-11.pom (9 KB at 407.3 KB/sec)
[INFO] Downloading: https://repo.maven.apache.org/maven2/org/apache/maven/maven-parent/11/maven-parent-11.pom
[INFO] Downloaded: https://repo.maven.apache.org/maven2/org/apache/maven/maven-parent/11/maven-parent-11.pom (32 KB at 832.9 KB/sec)
[INFO] Downloading: https://repo.maven.apache.org/maven2/org/apache/apache/5/apache-5.pom
[INFO] Downloaded: https://repo.maven.apache.org/maven2/org/apache/apache/5/apache-5.pom (5 KB at 235.4 KB/sec)
[INFO] Downloading: https://repo.maven.apache.org/maven2/org/apache/maven/maven-model/2.0.8/maven-model-2.0.8.pom
[INFO] Downloaded: https://repo.maven.apache.org/maven2/org/apache/maven/maven-model/2.0.8/maven-model-2.0.8.pom (4 KB at 127.8 KB/sec)
[INFO] Downloading: https://repo.maven.apache.org/maven2/org/apache/maven/maven/2.0.8/maven-2.0.8.pom
[INFO] Downloaded: https://repo.maven.apache.org/maven2/org/apache/maven/maven/2.0.8/maven-2.0.8.pom (12 KB at 492.1 KB/sec)
[INFO] Downloading: https://repo.maven.apache.org/maven2/org/apache/maven/shared/maven-plugin-testing-harness/1.1/maven-plugin-testing-harness-1.1.pom
[INFO] Downloaded: https://repo.maven.apache.org/maven2/org/apache/maven/shared/maven-plugin-testing-harness/1.1/maven-plugin-testing-harness-1.1.pom (7 KB at 363.9 KB/sec)
[INFO] Downloading: https://repo.maven.apache.org/maven2/org/apache/maven/shared/maven-shared-components/7/maven-shared-components-7.pom
[INFO] Downloaded: https://repo.maven.apache.org/maven2/org/apache/maven/shared/maven-shared-components/7/maven-shared-components-7.pom (3 KB at 141.0 KB/sec)
[INFO] Downloading: https://repo.maven.apache.org/maven2/org/apache/maven/maven-parent/5/maven-parent-5.pom
[INFO] Downloaded: https://repo.maven.apache.org/maven2/org/apache/maven/maven-parent/5/maven-parent-5.pom (15 KB at 572.3 KB/sec)
[INFO] Downloading: https://repo.maven.apache.org/maven2/org/apache/apache/3/apache-3.pom
[INFO] Downloaded: https://repo.maven.apache.org/maven2/org/apache/apache/3/apache-3.pom (4 KB at 209.4 KB/sec)
[INFO] Downloading: https://repo.maven.apache.org/maven2/org/codehaus/plexus/plexus-archiver/1.0-alpha-7/plexus-archiver-1.0-alpha-7.pom
[INFO] Downloaded: https://repo.maven.apache.org/maven2/org/codehaus/plexus/plexus-archiver/1.0-alpha-7/plexus-archiver-1.0-alpha-7.pom (2 KB at 48.5 KB/sec)
[INFO] Downloading: https://repo.maven.apache.org/maven2/org/codehaus/plexus/plexus-components/1.1.6/plexus-components-1.1.6.pom
[INFO] Downloaded: https://repo.maven.apache.org/maven2/org/codehaus/plexus/plexus-components/1.1.6/plexus-components-1.1.6.pom (2 KB at 115.2 KB/sec)
[INFO] Downloading: https://repo.maven.apache.org/maven2/org/codehaus/plexus/plexus/1.0.8/plexus-1.0.8.pom
[INFO] Downloaded: https://repo.maven.apache.org/maven2/org/codehaus/plexus/plexus/1.0.8/plexus-1.0.8.pom (8 KB at 392.3 KB/sec)
[INFO] Downloading: https://repo.maven.apache.org/maven2/org/codehaus/plexus/plexus-container-default/1.0-alpha-8/plexus-container-default-1.0-alpha-8.pom
[INFO] Downloaded: https://repo.maven.apache.org/maven2/org/codehaus/plexus/plexus-container-default/1.0-alpha-8/plexus-container-default-1.0-alpha-8.pom (8 KB at 322.4 KB/sec)
[INFO] Downloading: https://repo.maven.apache.org/maven2/org/beanshell/bsh/2.0b4/bsh-2.0b4.pom
[INFO] Downloaded: https://repo.maven.apache.org/maven2/org/beanshell/bsh/2.0b4/bsh-2.0b4.pom (2 KB at 72.9 KB/sec)
[INFO] Downloading: https://repo.maven.apache.org/maven2/org/beanshell/beanshell/2.0b4/beanshell-2.0b4.pom
[INFO] Downloaded: https://repo.maven.apache.org/maven2/org/beanshell/beanshell/2.0b4/beanshell-2.0b4.pom (2 KB at 81.1 KB/sec)
[INFO] Downloading: https://repo.maven.apache.org/maven2/org/apache/maven/shared/maven-dependency-tree/1.2/maven-dependency-tree-1.2.pom
[INFO] Downloaded: https://repo.maven.apache.org/maven2/org/apache/maven/shared/maven-dependency-tree/1.2/maven-dependency-tree-1.2.pom (4 KB at 185.6 KB/sec)
[INFO] Downloading: https://repo.maven.apache.org/maven2/org/apache/maven/shared/maven-shared-components/9/maven-shared-components-9.pom
[INFO] Downloaded: https://repo.maven.apache.org/maven2/org/apache/maven/shared/maven-shared-components/9/maven-shared-components-9.pom (4 KB at 189.9 KB/sec)
[INFO] Downloading: https://repo.maven.apache.org/maven2/org/codehaus/plexus/plexus-i18n/1.0-beta-6/plexus-i18n-1.0-beta-6.pom
[INFO] Downloaded: https://repo.maven.apache.org/maven2/org/codehaus/plexus/plexus-i18n/1.0-beta-6/plexus-i18n-1.0-beta-6.pom (771 B at 44.3 KB/sec)
[INFO] Downloading: https://repo.maven.apache.org/maven2/org/codehaus/plexus/plexus-components/1.1.4/plexus-components-1.1.4.pom
[INFO] Downloaded: https://repo.maven.apache.org/maven2/org/codehaus/plexus/plexus-components/1.1.4/plexus-components-1.1.4.pom (3 KB at 126.4 KB/sec)
[INFO] Downloading: https://repo.maven.apache.org/maven2/org/apache/maven/reporting/maven-reporting-api/2.0.9/maven-reporting-api-2.0.9.jar
[INFO] Downloading: https://repo.maven.apache.org/maven2/org/apache/maven/doxia/doxia-sink-api/1.0-alpha-10/doxia-sink-api-1.0-alpha-10.jar
[INFO] Downloading: https://repo.maven.apache.org/maven2/commons-cli/commons-cli/1.0/commons-cli-1.0.jar
[INFO] Downloading: https://repo.maven.apache.org/maven2/org/codehaus/plexus/plexus-interactivity-api/1.0-alpha-4/plexus-interactivity-api-1.0-alpha-4.jar
[INFO] Downloading: https://repo.maven.apache.org/maven2/org/codehaus/plexus/plexus-utils/1.5.8/plexus-utils-1.5.8.jar
[INFO] Downloaded: https://repo.maven.apache.org/maven2/org/codehaus/plexus/plexus-interactivity-api/1.0-alpha-4/plexus-interactivity-api-1.0-alpha-4.jar (14 KB at 327.3 KB/sec)
[INFO] Downloaded: https://repo.maven.apache.org/maven2/org/apache/maven/reporting/maven-reporting-api/2.0.9/maven-reporting-api-2.0.9.jar (10 KB at 247.5 KB/sec)
[INFO] Downloading: https://repo.maven.apache.org/maven2/commons-lang/commons-lang/2.3/commons-lang-2.3.jar
[INFO] Downloading: https://repo.maven.apache.org/maven2/org/apache/maven/enforcer/enforcer-api/1.0/enforcer-api-1.0.jar
[INFO] Downloaded: https://repo.maven.apache.org/maven2/org/apache/maven/doxia/doxia-sink-api/1.0-alpha-10/doxia-sink-api-1.0-alpha-10.jar (10 KB at 236.0 KB/sec)
[INFO] Downloading: https://repo.maven.apache.org/maven2/org/apache/maven/enforcer/enforcer-rules/1.0/enforcer-rules-1.0.jar
[INFO] Downloaded: https://repo.maven.apache.org/maven2/commons-cli/commons-cli/1.0/commons-cli-1.0.jar (30 KB at 554.9 KB/sec)
[INFO] Downloading: https://repo.maven.apache.org/maven2/org/apache/maven/shared/maven-common-artifact-filters/1.2/maven-common-artifact-filters-1.2.jar
[INFO] Downloaded: https://repo.maven.apache.org/maven2/org/apache/maven/enforcer/enforcer-api/1.0/enforcer-api-1.0.jar (10 KB at 416.3 KB/sec)
[INFO] Downloading: https://repo.maven.apache.org/maven2/org/beanshell/bsh/2.0b4/bsh-2.0b4.jar
[INFO] Downloaded: https://repo.maven.apache.org/maven2/org/apache/maven/shared/maven-common-artifact-filters/1.2/maven-common-artifact-filters-1.2.jar (31 KB at 812.1 KB/sec)
[INFO] Downloading: https://repo.maven.apache.org/maven2/org/apache/maven/shared/maven-dependency-tree/1.2/maven-dependency-tree-1.2.jar
[INFO] Downloaded: https://repo.maven.apache.org/maven2/org/apache/maven/enforcer/enforcer-rules/1.0/enforcer-rules-1.0.jar (60 KB at 1123.4 KB/sec)
[INFO] Downloading: https://repo.maven.apache.org/maven2/org/codehaus/plexus/plexus-i18n/1.0-beta-6/plexus-i18n-1.0-beta-6.jar
[INFO] Downloaded: https://repo.maven.apache.org/maven2/org/codehaus/plexus/plexus-i18n/1.0-beta-6/plexus-i18n-1.0-beta-6.jar (12 KB at 488.6 KB/sec)
[INFO] Downloaded: https://repo.maven.apache.org/maven2/org/apache/maven/shared/maven-dependency-tree/1.2/maven-dependency-tree-1.2.jar (34 KB at 992.6 KB/sec)
[INFO] Downloaded: https://repo.maven.apache.org/maven2/org/codehaus/plexus/plexus-utils/1.5.8/plexus-utils-1.5.8.jar (262 KB at 1791.6 KB/sec)
[INFO] Downloaded: https://repo.maven.apache.org/maven2/commons-lang/commons-lang/2.3/commons-lang-2.3.jar (240 KB at 1800.9 KB/sec)
[INFO] Downloaded: https://repo.maven.apache.org/maven2/org/beanshell/bsh/2.0b4/bsh-2.0b4.jar (276 KB at 2149.2 KB/sec)
[INFO] 
[INFO] --- maven-checkstyle-plugin:2.9.1:checkstyle (default) @ parent ---
[INFO] Downloading: https://repo.maven.apache.org/maven2/org/apache/maven/maven-artifact/2.2.1/maven-artifact-2.2.1.pom
[INFO] Downloaded: https://repo.maven.apache.org/maven2/org/apache/maven/maven-artifact/2.2.1/maven-artifact-2.2.1.pom (2 KB at 96.5 KB/sec)
[INFO] Downloading: https://repo.maven.apache.org/maven2/org/apache/maven/maven/2.2.1/maven-2.2.1.pom
[INFO] Downloaded: https://repo.maven.apache.org/maven2/org/apache/maven/maven/2.2.1/maven-2.2.1.pom (22 KB at 591.5 KB/sec)
[INFO] Downloading: https://repo.maven.apache.org/maven2/org/codehaus/plexus/plexus-utils/1.5.15/plexus-utils-1.5.15.pom
[INFO] Downloaded: https://repo.maven.apache.org/maven2/org/codehaus/plexus/plexus-utils/1.5.15/plexus-utils-1.5.15.pom (7 KB at 318.5 KB/sec)
[INFO] Downloading: https://repo.maven.apache.org/maven2/org/apache/maven/maven-model/2.2.1/maven-model-2.2.1.pom
[INFO] Downloaded: https://repo.maven.apache.org/maven2/org/apache/maven/maven-model/2.2.1/maven-model-2.2.1.pom (4 KB at 175.8 KB/sec)
[INFO] Downloading: https://repo.maven.apache.org/maven2/org/apache/maven/maven-plugin-api/2.2.1/maven-plugin-api-2.2.1.pom
[INFO] Downloaded: https://repo.maven.apache.org/maven2/org/apache/maven/maven-plugin-api/2.2.1/maven-plugin-api-2.2.1.pom (2 KB at 79.2 KB/sec)
[INFO] Downloading: https://repo.maven.apache.org/maven2/org/apache/maven/maven-project/2.2.1/maven-project-2.2.1.pom
[INFO] Downloaded: https://repo.maven.apache.org/maven2/org/apache/maven/maven-project/2.2.1/maven-project-2.2.1.pom (3 KB at 112.8 KB/sec)
[INFO] Downloading: https://repo.maven.apache.org/maven2/org/apache/maven/maven-settings/2.2.1/maven-settings-2.2.1.pom
[INFO] Downloaded: https://repo.maven.apache.org/maven2/org/apache/maven/maven-settings/2.2.1/maven-settings-2.2.1.pom (3 KB at 125.2 KB/sec)
[INFO] Downloading: https://repo.maven.apache.org/maven2/org/codehaus/plexus/plexus-interpolation/1.11/plexus-interpolation-1.11.pom
[INFO] Downloaded: https://repo.maven.apache.org/maven2/org/codehaus/plexus/plexus-interpolation/1.11/plexus-interpolation-1.11.pom (889 B at 51.1 KB/sec)
[INFO] Downloading: https://repo.maven.apache.org/maven2/org/codehaus/plexus/plexus-components/1.1.14/plexus-components-1.1.14.pom
[INFO] Downloaded: https://repo.maven.apache.org/maven2/org/codehaus/plexus/plexus-components/1.1.14/plexus-components-1.1.14.pom (6 KB at 271.7 KB/sec)
[INFO] Downloading: https://repo.maven.apache.org/maven2/junit/junit/3.8.1/junit-3.8.1.pom
[INFO] Downloaded: https://repo.maven.apache.org/maven2/junit/junit/3.8.1/junit-3.8.1.pom (998 B at 60.9 KB/sec)
[INFO] Downloading: https://repo.maven.apache.org/maven2/org/codehaus/plexus/plexus-utils/1.0.4/plexus-utils-1.0.4.pom
[INFO] Downloaded: https://repo.maven.apache.org/maven2/org/codehaus/plexus/plexus-utils/1.0.4/plexus-utils-1.0.4.pom (7 KB at 352.4 KB/sec)
[INFO] Downloading: https://repo.maven.apache.org/maven2/org/apache/maven/maven-profile/2.2.1/maven-profile-2.2.1.pom
[INFO] Downloaded: https://repo.maven.apache.org/maven2/org/apache/maven/maven-profile/2.2.1/maven-profile-2.2.1.pom (3 KB at 132.5 KB/sec)
[INFO] Downloading: https://repo.maven.apache.org/maven2/org/apache/maven/maven-artifact-manager/2.2.1/maven-artifact-manager-2.2.1.pom
[INFO] Downloaded: https://repo.maven.apache.org/maven2/org/apache/maven/maven-artifact-manager/2.2.1/maven-artifact-manager-2.2.1.pom (4 KB at 159.5 KB/sec)
[INFO] Downloading: https://repo.maven.apache.org/maven2/org/apache/maven/maven-repository-metadata/2.2.1/maven-repository-metadata-2.2.1.pom
[INFO] Downloaded: https://repo.maven.apache.org/maven2/org/apache/maven/maven-repository-metadata/2.2.1/maven-repository-metadata-2.2.1.pom (2 KB at 114.2 KB/sec)
[INFO] Downloading: https://repo.maven.apache.org/maven2/backport-util-concurrent/backport-util-concurrent/3.1/backport-util-concurrent-3.1.pom
[INFO] Downloaded: https://repo.maven.apache.org/maven2/backport-util-concurrent/backport-util-concurrent/3.1/backport-util-concurrent-3.1.pom (880 B at 57.3 KB/sec)
[INFO] Downloading: https://repo.maven.apache.org/maven2/org/apache/maven/maven-plugin-registry/2.2.1/maven-plugin-registry-2.2.1.pom
[INFO] Downloaded: https://repo.maven.apache.org/maven2/org/apache/maven/maven-plugin-registry/2.2.1/maven-plugin-registry-2.2.1.pom (2 KB at 117.7 KB/sec)
[INFO] Downloading: https://repo.maven.apache.org/maven2/org/apache/maven/reporting/maven-reporting-api/3.0/maven-reporting-api-3.0.pom
[INFO] Downloaded: https://repo.maven.apache.org/maven2/org/apache/maven/reporting/maven-reporting-api/3.0/maven-reporting-api-3.0.pom (3 KB at 128.7 KB/sec)
[INFO] Downloading: https://repo.maven.apache.org/maven2/org/apache/maven/shared/maven-shared-components/15/maven-shared-components-15.pom
[INFO] Downloaded: https://repo.maven.apache.org/maven2/org/apache/maven/shared/maven-shared-components/15/maven-shared-components-15.pom (10 KB at 364.7 KB/sec)
[INFO] Downloading: https://repo.maven.apache.org/maven2/org/apache/maven/maven-parent/16/maven-parent-16.pom
[INFO] Downloaded: https://repo.maven.apache.org/maven2/org/apache/maven/maven-parent/16/maven-parent-16.pom (23 KB at 1033.0 KB/sec)
[INFO] Downloading: https://repo.maven.apache.org/maven2/org/apache/maven/doxia/doxia-sink-api/1.0/doxia-sink-api-1.0.pom
[INFO] Downloaded: https://repo.maven.apache.org/maven2/org/apache/maven/doxia/doxia-sink-api/1.0/doxia-sink-api-1.0.pom (2 KB at 79.7 KB/sec)
[INFO] Downloading: https://repo.maven.apache.org/maven2/org/apache/maven/doxia/doxia/1.0/doxia-1.0.pom
[INFO] Downloaded: https://repo.maven.apache.org/maven2/org/apache/maven/doxia/doxia/1.0/doxia-1.0.pom (10 KB at 448.5 KB/sec)
[INFO] Downloading: https://repo.maven.apache.org/maven2/org/apache/maven/maven-parent/10/maven-parent-10.pom
[INFO] Downloaded: https://repo.maven.apache.org/maven2/org/apache/maven/maven-parent/10/maven-parent-10.pom (31 KB at 936.2 KB/sec)
[INFO] Downloading: https://repo.maven.apache.org/maven2/org/apache/maven/reporting/maven-reporting-impl/2.2/maven-reporting-impl-2.2.pom
[INFO] Downloaded: https://repo.maven.apache.org/maven2/org/apache/maven/reporting/maven-reporting-impl/2.2/maven-reporting-impl-2.2.pom (5 KB at 243.2 KB/sec)
[INFO] Downloading: https://repo.maven.apache.org/maven2/org/apache/maven/shared/maven-shared-components/17/maven-shared-components-17.pom
[INFO] Downloaded: https://repo.maven.apache.org/maven2/org/apache/maven/shared/maven-shared-components/17/maven-shared-components-17.pom (9 KB at 386.3 KB/sec)
[INFO] Downloading: https://repo.maven.apache.org/maven2/org/apache/maven/doxia/doxia-sink-api/1.2/doxia-sink-api-1.2.pom
[INFO] Downloaded: https://repo.maven.apache.org/maven2/org/apache/maven/doxia/doxia-sink-api/1.2/doxia-sink-api-1.2.pom (2 KB at 84.2 KB/sec)
[INFO] Downloading: https://repo.maven.apache.org/maven2/org/apache/maven/doxia/doxia/1.2/doxia-1.2.pom
[INFO] Downloaded: https://repo.maven.apache.org/maven2/org/apache/maven/doxia/doxia/1.2/doxia-1.2.pom (19 KB at 656.6 KB/sec)
[INFO] Downloading: https://repo.maven.apache.org/maven2/org/apache/maven/maven-parent/19/maven-parent-19.pom
[INFO] Downloaded: https://repo.maven.apache.org/maven2/org/apache/maven/maven-parent/19/maven-parent-19.pom (25 KB at 814.0 KB/sec)
[INFO] Downloading: https://repo.maven.apache.org/maven2/org/apache/apache/9/apache-9.pom
[INFO] Downloaded: https://repo.maven.apache.org/maven2/org/apache/apache/9/apache-9.pom (15 KB at 616.9 KB/sec)
[INFO] Downloading: https://repo.maven.apache.org/maven2/org/apache/maven/doxia/doxia-logging-api/1.2/doxia-logging-api-1.2.pom
[INFO] Downloaded: https://repo.maven.apache.org/maven2/org/apache/maven/doxia/doxia-logging-api/1.2/doxia-logging-api-1.2.pom (2 KB at 80.4 KB/sec)
[INFO] Downloading: https://repo.maven.apache.org/maven2/org/codehaus/plexus/plexus-container-default/1.0-alpha-30/plexus-container-default-1.0-alpha-30.pom
[INFO] Downloaded: https://repo.maven.apache.org/maven2/org/codehaus/plexus/plexus-container-default/1.0-alpha-30/plexus-container-default-1.0-alpha-30.pom (4 KB at 212.2 KB/sec)
[INFO] Downloading: https://repo.maven.apache.org/maven2/org/codehaus/plexus/plexus-containers/1.0-alpha-30/plexus-containers-1.0-alpha-30.pom
[INFO] Downloaded: https://repo.maven.apache.org/maven2/org/codehaus/plexus/plexus-containers/1.0-alpha-30/plexus-containers-1.0-alpha-30.pom (2 KB at 84.1 KB/sec)
[INFO] Downloading: https://repo.maven.apache.org/maven2/org/codehaus/plexus/plexus/1.0.11/plexus-1.0.11.pom
[INFO] Downloaded: https://repo.maven.apache.org/maven2/org/codehaus/plexus/plexus/1.0.11/plexus-1.0.11.pom (9 KB at 461.0 KB/sec)
[INFO] Downloading: https://repo.maven.apache.org/maven2/org/codehaus/plexus/plexus-utils/1.4.5/plexus-utils-1.4.5.pom
[INFO] Downloaded: https://repo.maven.apache.org/maven2/org/codehaus/plexus/plexus-utils/1.4.5/plexus-utils-1.4.5.pom (3 KB at 138.2 KB/sec)
[INFO] Downloading: https://repo.maven.apache.org/maven2/org/codehaus/plexus/plexus-classworlds/1.2-alpha-9/plexus-classworlds-1.2-alpha-9.pom
[INFO] Downloaded: https://repo.maven.apache.org/maven2/org/codehaus/plexus/plexus-classworlds/1.2-alpha-9/plexus-classworlds-1.2-alpha-9.pom (4 KB at 185.1 KB/sec)
[INFO] Downloading: https://repo.maven.apache.org/maven2/org/codehaus/plexus/plexus/1.0.10/plexus-1.0.10.pom
[INFO] Downloaded: https://repo.maven.apache.org/maven2/org/codehaus/plexus/plexus/1.0.10/plexus-1.0.10.pom (9 KB at 383.6 KB/sec)
[INFO] Downloading: https://repo.maven.apache.org/maven2/org/apache/maven/doxia/doxia-core/1.2/doxia-core-1.2.pom
[INFO] Downloaded: https://repo.maven.apache.org/maven2/org/apache/maven/doxia/doxia-core/1.2/doxia-core-1.2.pom (4 KB at 193.1 KB/sec)
[INFO] Downloading: https://repo.maven.apache.org/maven2/org/codehaus/plexus/plexus-utils/2.0.5/plexus-utils-2.0.5.pom
[INFO] Downloaded: https://repo.maven.apache.org/maven2/org/codehaus/plexus/plexus-utils/2.0.5/plexus-utils-2.0.5.pom (4 KB at 191.5 KB/sec)
[INFO] Downloading: https://repo.maven.apache.org/maven2/org/codehaus/plexus/plexus/2.0.6/plexus-2.0.6.pom
[INFO] Downloaded: https://repo.maven.apache.org/maven2/org/codehaus/plexus/plexus/2.0.6/plexus-2.0.6.pom (17 KB at 744.1 KB/sec)
[INFO] Downloading: https://repo.maven.apache.org/maven2/xerces/xercesImpl/2.9.1/xercesImpl-2.9.1.pom
[INFO] Downloaded: https://repo.maven.apache.org/maven2/xerces/xercesImpl/2.9.1/xercesImpl-2.9.1.pom (2 KB at 60.5 KB/sec)
[INFO] Downloading: https://repo.maven.apache.org/maven2/xml-apis/xml-apis/1.3.04/xml-apis-1.3.04.pom
[INFO] Downloaded: https://repo.maven.apache.org/maven2/xml-apis/xml-apis/1.3.04/xml-apis-1.3.04.pom (2 KB at 104.7 KB/sec)
[INFO] Downloading: https://repo.maven.apache.org/maven2/commons-lang/commons-lang/2.4/commons-lang-2.4.pom
[INFO] Downloaded: https://repo.maven.apache.org/maven2/commons-lang/commons-lang/2.4/commons-lang-2.4.pom (14 KB at 524.9 KB/sec)
[INFO] Downloading: https://repo.maven.apache.org/maven2/org/apache/commons/commons-parent/9/commons-parent-9.pom
[INFO] Downloaded: https://repo.maven.apache.org/maven2/org/apache/commons/commons-parent/9/commons-parent-9.pom (22 KB at 649.0 KB/sec)
[INFO] Downloading: https://repo.maven.apache.org/maven2/org/apache/httpcomponents/httpclient/4.0.2/httpclient-4.0.2.pom
[INFO] Downloaded: https://repo.maven.apache.org/maven2/org/apache/httpcomponents/httpclient/4.0.2/httpclient-4.0.2.pom (8 KB at 305.0 KB/sec)
[INFO] Downloading: https://repo.maven.apache.org/maven2/org/apache/httpcomponents/httpcomponents-client/4.0.2/httpcomponents-client-4.0.2.pom
[INFO] Downloaded: https://repo.maven.apache.org/maven2/org/apache/httpcomponents/httpcomponents-client/4.0.2/httpcomponents-client-4.0.2.pom (9 KB at 416.9 KB/sec)
[INFO] Downloading: https://repo.maven.apache.org/maven2/org/apache/httpcomponents/project/4.1/project-4.1.pom
[INFO] Downloaded: https://repo.maven.apache.org/maven2/org/apache/httpcomponents/project/4.1/project-4.1.pom (16 KB at 313.7 KB/sec)
[INFO] Downloading: https://repo.maven.apache.org/maven2/org/apache/httpcomponents/httpcore/4.0.1/httpcore-4.0.1.pom
[INFO] Downloaded: https://repo.maven.apache.org/maven2/org/apache/httpcomponents/httpcore/4.0.1/httpcore-4.0.1.pom (5 KB at 251.3 KB/sec)
[INFO] Downloading: https://repo.maven.apache.org/maven2/org/apache/httpcomponents/httpcomponents-core/4.0.1/httpcomponents-core-4.0.1.pom
[INFO] Downloaded: https://repo.maven.apache.org/maven2/org/apache/httpcomponents/httpcomponents-core/4.0.1/httpcomponents-core-4.0.1.pom (10 KB at 415.1 KB/sec)
[INFO] Downloading: https://repo.maven.apache.org/maven2/org/apache/httpcomponents/project/4.0/project-4.0.pom
[INFO] Downloaded: https://repo.maven.apache.org/maven2/org/apache/httpcomponents/project/4.0/project-4.0.pom (13 KB at 556.8 KB/sec)
[INFO] Downloading: https://repo.maven.apache.org/maven2/commons-logging/commons-logging/1.1.1/commons-logging-1.1.1.pom
[INFO] Downloaded: https://repo.maven.apache.org/maven2/commons-logging/commons-logging/1.1.1/commons-logging-1.1.1.pom (18 KB at 543.5 KB/sec)
[INFO] Downloading: https://repo.maven.apache.org/maven2/org/apache/commons/commons-parent/5/commons-parent-5.pom
[INFO] Downloaded: https://repo.maven.apache.org/maven2/org/apache/commons/commons-parent/5/commons-parent-5.pom (16 KB at 681.1 KB/sec)
[INFO] Downloading: https://repo.maven.apache.org/maven2/commons-codec/commons-codec/1.3/commons-codec-1.3.pom
[INFO] Downloaded: https://repo.maven.apache.org/maven2/commons-codec/commons-codec/1.3/commons-codec-1.3.pom (6 KB at 298.0 KB/sec)
[INFO] Downloading: https://repo.maven.apache.org/maven2/org/apache/maven/doxia/doxia-site-renderer/1.2/doxia-site-renderer-1.2.pom
[INFO] Downloaded: https://repo.maven.apache.org/maven2/org/apache/maven/doxia/doxia-site-renderer/1.2/doxia-site-renderer-1.2.pom (7 KB at 304.6 KB/sec)
[INFO] Downloading: https://repo.maven.apache.org/maven2/org/apache/maven/doxia/doxia-sitetools/1.2/doxia-sitetools-1.2.pom
[INFO] Downloaded: https://repo.maven.apache.org/maven2/org/apache/maven/doxia/doxia-sitetools/1.2/doxia-sitetools-1.2.pom (16 KB at 747.1 KB/sec)
[INFO] Downloading: https://repo.maven.apache.org/maven2/org/apache/maven/doxia/doxia-decoration-model/1.2/doxia-decoration-model-1.2.pom
[INFO] Downloaded: https://repo.maven.apache.org/maven2/org/apache/maven/doxia/doxia-decoration-model/1.2/doxia-decoration-model-1.2.pom (3 KB at 157.1 KB/sec)
[INFO] Downloading: https://repo.maven.apache.org/maven2/org/apache/maven/doxia/doxia-module-xhtml/1.2/doxia-module-xhtml-1.2.pom
[INFO] Downloaded: https://repo.maven.apache.org/maven2/org/apache/maven/doxia/doxia-module-xhtml/1.2/doxia-module-xhtml-1.2.pom (2 KB at 101.1 KB/sec)
[INFO] Downloading: https://repo.maven.apache.org/maven2/org/apache/maven/doxia/doxia-modules/1.2/doxia-modules-1.2.pom
[INFO] Downloaded: https://repo.maven.apache.org/maven2/org/apache/maven/doxia/doxia-modules/1.2/doxia-modules-1.2.pom (3 KB at 143.6 KB/sec)
[INFO] Downloading: https://repo.maven.apache.org/maven2/org/apache/maven/doxia/doxia-module-fml/1.2/doxia-module-fml-1.2.pom
[INFO] Downloaded: https://repo.maven.apache.org/maven2/org/apache/maven/doxia/doxia-module-fml/1.2/doxia-module-fml-1.2.pom (6 KB at 289.2 KB/sec)
[INFO] Downloading: https://repo.maven.apache.org/maven2/org/codehaus/plexus/plexus-i18n/1.0-beta-7/plexus-i18n-1.0-beta-7.pom
[INFO] Downloaded: https://repo.maven.apache.org/maven2/org/codehaus/plexus/plexus-i18n/1.0-beta-7/plexus-i18n-1.0-beta-7.pom (2 KB at 68.9 KB/sec)
[INFO] Downloading: https://repo.maven.apache.org/maven2/org/codehaus/plexus/plexus-components/1.1.12/plexus-components-1.1.12.pom
[INFO] Downloaded: https://repo.maven.apache.org/maven2/org/codehaus/plexus/plexus-components/1.1.12/plexus-components-1.1.12.pom (3 KB at 83.8 KB/sec)
[INFO] Downloading: https://repo.maven.apache.org/maven2/org/codehaus/plexus/plexus-utils/1.4.1/plexus-utils-1.4.1.pom
[INFO] Downloaded: https://repo.maven.apache.org/maven2/org/codehaus/plexus/plexus-utils/1.4.1/plexus-utils-1.4.1.pom (2 KB at 116.5 KB/sec)
[INFO] Downloading: https://repo.maven.apache.org/maven2/org/codehaus/plexus/plexus-velocity/1.1.7/plexus-velocity-1.1.7.pom
[INFO] Downloaded: https://repo.maven.apache.org/maven2/org/codehaus/plexus/plexus-velocity/1.1.7/plexus-velocity-1.1.7.pom (2 KB at 127.4 KB/sec)
[INFO] Downloading: https://repo.maven.apache.org/maven2/org/codehaus/plexus/plexus-container-default/1.0-alpha-20/plexus-container-default-1.0-alpha-20.pom
[INFO] Downloaded: https://repo.maven.apache.org/maven2/org/codehaus/plexus/plexus-container-default/1.0-alpha-20/plexus-container-default-1.0-alpha-20.pom (3 KB at 182.6 KB/sec)
[INFO] Downloading: https://repo.maven.apache.org/maven2/org/codehaus/plexus/plexus-containers/1.0-alpha-20/plexus-containers-1.0-alpha-20.pom
[INFO] Downloaded: https://repo.maven.apache.org/maven2/org/codehaus/plexus/plexus-containers/1.0-alpha-20/plexus-containers-1.0-alpha-20.pom (2 KB at 115.1 KB/sec)
[INFO] Downloading: https://repo.maven.apache.org/maven2/org/codehaus/plexus/plexus-utils/1.3/plexus-utils-1.3.pom
[INFO] Downloaded: https://repo.maven.apache.org/maven2/org/codehaus/plexus/plexus-utils/1.3/plexus-utils-1.3.pom (2 KB at 48.1 KB/sec)
[INFO] Downloading: https://repo.maven.apache.org/maven2/org/codehaus/plexus/plexus-classworlds/1.2-alpha-7/plexus-classworlds-1.2-alpha-7.pom
[INFO] Downloaded: https://repo.maven.apache.org/maven2/org/codehaus/plexus/plexus-classworlds/1.2-alpha-7/plexus-classworlds-1.2-alpha-7.pom (3 KB at 96.5 KB/sec)
[INFO] Downloading: https://repo.maven.apache.org/maven2/org/codehaus/plexus/plexus/1.0.9/plexus-1.0.9.pom
[INFO] Downloaded: https://repo.maven.apache.org/maven2/org/codehaus/plexus/plexus/1.0.9/plexus-1.0.9.pom (8 KB at 416.7 KB/sec)
[INFO] Downloading: https://repo.maven.apache.org/maven2/org/apache/velocity/velocity/1.5/velocity-1.5.pom
[INFO] Downloaded: https://repo.maven.apache.org/maven2/org/apache/velocity/velocity/1.5/velocity-1.5.pom (8 KB at 303.3 KB/sec)
[INFO] Downloading: https://repo.maven.apache.org/maven2/commons-collections/commons-collections/3.1/commons-collections-3.1.pom
[INFO] Downloaded: https://repo.maven.apache.org/maven2/commons-collections/commons-collections/3.1/commons-collections-3.1.pom (6 KB at 258.3 KB/sec)
[INFO] Downloading: https://repo.maven.apache.org/maven2/commons-lang/commons-lang/2.1/commons-lang-2.1.pom
[INFO] Downloaded: https://repo.maven.apache.org/maven2/commons-lang/commons-lang/2.1/commons-lang-2.1.pom (10 KB at 346.3 KB/sec)
[INFO] Downloading: https://repo.maven.apache.org/maven2/oro/oro/2.0.8/oro-2.0.8.pom
[INFO] Downloaded: https://repo.maven.apache.org/maven2/oro/oro/2.0.8/oro-2.0.8.pom (140 B at 8.5 KB/sec)
[INFO] Downloading: https://repo.maven.apache.org/maven2/commons-collections/commons-collections/3.2.1/commons-collections-3.2.1.pom
[INFO] Downloaded: https://repo.maven.apache.org/maven2/commons-collections/commons-collections/3.2.1/commons-collections-3.2.1.pom (13 KB at 381.6 KB/sec)
[INFO] Downloading: https://repo.maven.apache.org/maven2/commons-validator/commons-validator/1.3.1/commons-validator-1.3.1.pom
[INFO] Downloaded: https://repo.maven.apache.org/maven2/commons-validator/commons-validator/1.3.1/commons-validator-1.3.1.pom (9 KB at 400.7 KB/sec)
[INFO] Downloading: https://repo.maven.apache.org/maven2/commons-beanutils/commons-beanutils/1.7.0/commons-beanutils-1.7.0.pom
[INFO] Downloaded: https://repo.maven.apache.org/maven2/commons-beanutils/commons-beanutils/1.7.0/commons-beanutils-1.7.0.pom (357 B at 15.2 KB/sec)
[INFO] Downloading: https://repo.maven.apache.org/maven2/commons-logging/commons-logging/1.0.3/commons-logging-1.0.3.pom
[INFO] Downloaded: https://repo.maven.apache.org/maven2/commons-logging/commons-logging/1.0.3/commons-logging-1.0.3.pom (866 B at 56.4 KB/sec)
[INFO] Downloading: https://repo.maven.apache.org/maven2/commons-digester/commons-digester/1.6/commons-digester-1.6.pom
[INFO] Downloaded: https://repo.maven.apache.org/maven2/commons-digester/commons-digester/1.6/commons-digester-1.6.pom (974 B at 38.0 KB/sec)
[INFO] Downloading: https://repo.maven.apache.org/maven2/commons-beanutils/commons-beanutils/1.6/commons-beanutils-1.6.pom
[INFO] Downloaded: https://repo.maven.apache.org/maven2/commons-beanutils/commons-beanutils/1.6/commons-beanutils-1.6.pom (3 KB at 141.0 KB/sec)
[INFO] Downloading: https://repo.maven.apache.org/maven2/commons-logging/commons-logging/1.0/commons-logging-1.0.pom
[INFO] Downloaded: https://repo.maven.apache.org/maven2/commons-logging/commons-logging/1.0/commons-logging-1.0.pom (163 B at 10.6 KB/sec)
[INFO] Downloading: https://repo.maven.apache.org/maven2/commons-collections/commons-collections/2.0/commons-collections-2.0.pom
[INFO] Downloaded: https://repo.maven.apache.org/maven2/commons-collections/commons-collections/2.0/commons-collections-2.0.pom (171 B at 11.1 KB/sec)
[INFO] Downloading: https://repo.maven.apache.org/maven2/commons-collections/commons-collections/2.1/commons-collections-2.1.pom
[INFO] Downloaded: https://repo.maven.apache.org/maven2/commons-collections/commons-collections/2.1/commons-collections-2.1.pom (4 KB at 191.6 KB/sec)
[INFO] Downloading: https://repo.maven.apache.org/maven2/xml-apis/xml-apis/1.0.b2/xml-apis-1.0.b2.pom
[INFO] Downloaded: https://repo.maven.apache.org/maven2/xml-apis/xml-apis/1.0.b2/xml-apis-1.0.b2.pom (3 KB at 109.8 KB/sec)
[INFO] Downloading: https://repo.maven.apache.org/maven2/commons-logging/commons-logging/1.0.4/commons-logging-1.0.4.pom
[INFO] Downloaded: https://repo.maven.apache.org/maven2/commons-logging/commons-logging/1.0.4/commons-logging-1.0.4.pom (6 KB at 285.6 KB/sec)
[INFO] Downloading: https://repo.maven.apache.org/maven2/org/apache/maven/doxia/doxia-sink-api/1.1.3/doxia-sink-api-1.1.3.pom
[INFO] Downloaded: https://repo.maven.apache.org/maven2/org/apache/maven/doxia/doxia-sink-api/1.1.3/doxia-sink-api-1.1.3.pom (2 KB at 96.1 KB/sec)
[INFO] Downloading: https://repo.maven.apache.org/maven2/org/apache/maven/doxia/doxia/1.1.3/doxia-1.1.3.pom
[INFO] Downloaded: https://repo.maven.apache.org/maven2/org/apache/maven/doxia/doxia/1.1.3/doxia-1.1.3.pom (19 KB at 378.5 KB/sec)
[INFO] Downloading: https://repo.maven.apache.org/maven2/org/apache/maven/doxia/doxia-logging-api/1.1.3/doxia-logging-api-1.1.3.pom
[INFO] Downloaded: https://repo.maven.apache.org/maven2/org/apache/maven/doxia/doxia-logging-api/1.1.3/doxia-logging-api-1.1.3.pom (2 KB at 85.7 KB/sec)
[INFO] Downloading: https://repo.maven.apache.org/maven2/org/apache/maven/doxia/doxia-decoration-model/1.1.3/doxia-decoration-model-1.1.3.pom
[INFO] Downloaded: https://repo.maven.apache.org/maven2/org/apache/maven/doxia/doxia-decoration-model/1.1.3/doxia-decoration-model-1.1.3.pom (3 KB at 170.9 KB/sec)
[INFO] Downloading: https://repo.maven.apache.org/maven2/org/apache/maven/doxia/doxia-sitetools/1.1.3/doxia-sitetools-1.1.3.pom
[INFO] Downloaded: https://repo.maven.apache.org/maven2/org/apache/maven/doxia/doxia-sitetools/1.1.3/doxia-sitetools-1.1.3.pom (16 KB at 668.4 KB/sec)
[INFO] Downloading: https://repo.maven.apache.org/maven2/org/codehaus/plexus/plexus-utils/1.5.12/plexus-utils-1.5.12.pom
[INFO] Downloaded: https://repo.maven.apache.org/maven2/org/codehaus/plexus/plexus-utils/1.5.12/plexus-utils-1.5.12.pom (6 KB at 275.1 KB/sec)
[INFO] Downloading: https://repo.maven.apache.org/maven2/org/apache/maven/doxia/doxia-site-renderer/1.1.3/doxia-site-renderer-1.1.3.pom
[INFO] Downloaded: https://repo.maven.apache.org/maven2/org/apache/maven/doxia/doxia-site-renderer/1.1.3/doxia-site-renderer-1.1.3.pom (6 KB at 332.0 KB/sec)
[INFO] Downloading: https://repo.maven.apache.org/maven2/org/apache/maven/doxia/doxia-core/1.1.3/doxia-core-1.1.3.pom
[INFO] Downloaded: https://repo.maven.apache.org/maven2/org/apache/maven/doxia/doxia-core/1.1.3/doxia-core-1.1.3.pom (4 KB at 201.8 KB/sec)
[INFO] Downloading: https://repo.maven.apache.org/maven2/commons-httpclient/commons-httpclient/3.1/commons-httpclient-3.1.pom
[INFO] Downloaded: https://repo.maven.apache.org/maven2/commons-httpclient/commons-httpclient/3.1/commons-httpclient-3.1.pom (8 KB at 399.0 KB/sec)
[INFO] Downloading: https://repo.maven.apache.org/maven2/commons-codec/commons-codec/1.2/commons-codec-1.2.pom
[INFO] Downloaded: https://repo.maven.apache.org/maven2/commons-codec/commons-codec/1.2/commons-codec-1.2.pom (4 KB at 207.5 KB/sec)
[INFO] Downloading: https://repo.maven.apache.org/maven2/org/apache/maven/doxia/doxia-module-xhtml/1.1.3/doxia-module-xhtml-1.1.3.pom
[INFO] Downloaded: https://repo.maven.apache.org/maven2/org/apache/maven/doxia/doxia-module-xhtml/1.1.3/doxia-module-xhtml-1.1.3.pom (2 KB at 97.8 KB/sec)
[INFO] Downloading: https://repo.maven.apache.org/maven2/org/apache/maven/doxia/doxia-modules/1.1.3/doxia-modules-1.1.3.pom
[INFO] Downloaded: https://repo.maven.apache.org/maven2/org/apache/maven/doxia/doxia-modules/1.1.3/doxia-modules-1.1.3.pom (3 KB at 140.0 KB/sec)
[INFO] Downloading: https://repo.maven.apache.org/maven2/org/apache/maven/doxia/doxia-module-fml/1.1.3/doxia-module-fml-1.1.3.pom
[INFO] Downloaded: https://repo.maven.apache.org/maven2/org/apache/maven/doxia/doxia-module-fml/1.1.3/doxia-module-fml-1.1.3.pom (6 KB at 298.1 KB/sec)
[INFO] Downloading: https://repo.maven.apache.org/maven2/commons-collections/commons-collections/3.2/commons-collections-3.2.pom
[INFO] Downloaded: https://repo.maven.apache.org/maven2/commons-collections/commons-collections/3.2/commons-collections-3.2.pom (11 KB at 449.0 KB/sec)
[INFO] Downloading: https://repo.maven.apache.org/maven2/org/apache/maven/shared/maven-doxia-tools/1.2.1/maven-doxia-tools-1.2.1.pom
[INFO] Downloaded: https://repo.maven.apache.org/maven2/org/apache/maven/shared/maven-doxia-tools/1.2.1/maven-doxia-tools-1.2.1.pom (7 KB at 324.4 KB/sec)
[INFO] Downloading: https://repo.maven.apache.org/maven2/commons-io/commons-io/1.4/commons-io-1.4.pom
[INFO] Downloaded: https://repo.maven.apache.org/maven2/commons-io/commons-io/1.4/commons-io-1.4.pom (13 KB at 642.9 KB/sec)
[INFO] Downloading: https://repo.maven.apache.org/maven2/org/apache/commons/commons-parent/7/commons-parent-7.pom
[INFO] Downloaded: https://repo.maven.apache.org/maven2/org/apache/commons/commons-parent/7/commons-parent-7.pom (18 KB at 776.6 KB/sec)
[INFO] Downloading: https://repo.maven.apache.org/maven2/org/apache/maven/maven-artifact/2.0.6/maven-artifact-2.0.6.pom
[INFO] Downloaded: https://repo.maven.apache.org/maven2/org/apache/maven/maven-artifact/2.0.6/maven-artifact-2.0.6.pom (2 KB at 96.3 KB/sec)
[INFO] Downloading: https://repo.maven.apache.org/maven2/org/apache/maven/maven/2.0.6/maven-2.0.6.pom
[INFO] Downloaded: https://repo.maven.apache.org/maven2/org/apache/maven/maven/2.0.6/maven-2.0.6.pom (9 KB at 465.0 KB/sec)
[INFO] Downloading: https://repo.maven.apache.org/maven2/org/apache/maven/maven-artifact-manager/2.0.6/maven-artifact-manager-2.0.6.pom
[INFO] Downloaded: https://repo.maven.apache.org/maven2/org/apache/maven/maven-artifact-manager/2.0.6/maven-artifact-manager-2.0.6.pom (3 KB at 170.7 KB/sec)
[INFO] Downloading: https://repo.maven.apache.org/maven2/org/apache/maven/maven-repository-metadata/2.0.6/maven-repository-metadata-2.0.6.pom
[INFO] Downloaded: https://repo.maven.apache.org/maven2/org/apache/maven/maven-repository-metadata/2.0.6/maven-repository-metadata-2.0.6.pom (2 KB at 120.4 KB/sec)
[INFO] Downloading: https://repo.maven.apache.org/maven2/org/apache/maven/maven-model/2.0.6/maven-model-2.0.6.pom
[INFO] Downloaded: https://repo.maven.apache.org/maven2/org/apache/maven/maven-model/2.0.6/maven-model-2.0.6.pom (3 KB at 129.4 KB/sec)
[INFO] Downloading: https://repo.maven.apache.org/maven2/org/apache/maven/maven-project/2.0.6/maven-project-2.0.6.pom
[INFO] Downloaded: https://repo.maven.apache.org/maven2/org/apache/maven/maven-project/2.0.6/maven-project-2.0.6.pom (3 KB at 160.9 KB/sec)
[INFO] Downloading: https://repo.maven.apache.org/maven2/org/apache/maven/maven-settings/2.0.6/maven-settings-2.0.6.pom
[INFO] Downloaded: https://repo.maven.apache.org/maven2/org/apache/maven/maven-settings/2.0.6/maven-settings-2.0.6.pom (2 KB at 102.8 KB/sec)
[INFO] Downloading: https://repo.maven.apache.org/maven2/org/apache/maven/maven-profile/2.0.6/maven-profile-2.0.6.pom
[INFO] Downloaded: https://repo.maven.apache.org/maven2/org/apache/maven/maven-profile/2.0.6/maven-profile-2.0.6.pom (2 KB at 113.7 KB/sec)
[INFO] Downloading: https://repo.maven.apache.org/maven2/org/apache/maven/maven-plugin-registry/2.0.6/maven-plugin-registry-2.0.6.pom
[INFO] Downloaded: https://repo.maven.apache.org/maven2/org/apache/maven/maven-plugin-registry/2.0.6/maven-plugin-registry-2.0.6.pom (2 KB at 111.8 KB/sec)
[INFO] Downloading: https://repo.maven.apache.org/maven2/org/apache/maven/reporting/maven-reporting-api/2.0.6/maven-reporting-api-2.0.6.pom
[INFO] Downloaded: https://repo.maven.apache.org/maven2/org/apache/maven/reporting/maven-reporting-api/2.0.6/maven-reporting-api-2.0.6.pom (2 KB at 106.9 KB/sec)
[INFO] Downloading: https://repo.maven.apache.org/maven2/org/apache/maven/reporting/maven-reporting/2.0.6/maven-reporting-2.0.6.pom
[INFO] Downloaded: https://repo.maven.apache.org/maven2/org/apache/maven/reporting/maven-reporting/2.0.6/maven-reporting-2.0.6.pom (2 KB at 87.8 KB/sec)
[INFO] Downloading: https://repo.maven.apache.org/maven2/org/apache/maven/doxia/doxia-sink-api/1.0-alpha-7/doxia-sink-api-1.0-alpha-7.pom
[INFO] Downloaded: https://repo.maven.apache.org/maven2/org/apache/maven/doxia/doxia-sink-api/1.0-alpha-7/doxia-sink-api-1.0-alpha-7.pom (424 B at 20.7 KB/sec)
[INFO] Downloading: https://repo.maven.apache.org/maven2/org/apache/maven/doxia/doxia/1.0-alpha-7/doxia-1.0-alpha-7.pom
[INFO] Downloaded: https://repo.maven.apache.org/maven2/org/apache/maven/doxia/doxia/1.0-alpha-7/doxia-1.0-alpha-7.pom (4 KB at 212.3 KB/sec)
[INFO] Downloading: https://repo.maven.apache.org/maven2/org/apache/maven/maven-plugin-api/2.0.6/maven-plugin-api-2.0.6.pom
[INFO] Downloaded: https://repo.maven.apache.org/maven2/org/apache/maven/maven-plugin-api/2.0.6/maven-plugin-api-2.0.6.pom (2 KB at 71.0 KB/sec)
[INFO] Downloading: https://repo.maven.apache.org/maven2/org/codehaus/plexus/plexus-resources/1.0-alpha-7/plexus-resources-1.0-alpha-7.pom
[INFO] Downloaded: https://repo.maven.apache.org/maven2/org/codehaus/plexus/plexus-resources/1.0-alpha-7/plexus-resources-1.0-alpha-7.pom (2 KB at 60.3 KB/sec)
[INFO] Downloading: https://repo.maven.apache.org/maven2/org/codehaus/plexus/plexus-components/1.1.17/plexus-components-1.1.17.pom
[INFO] Downloaded: https://repo.maven.apache.org/maven2/org/codehaus/plexus/plexus-components/1.1.17/plexus-components-1.1.17.pom (6 KB at 339.2 KB/sec)
[INFO] Downloading: https://repo.maven.apache.org/maven2/org/codehaus/plexus/plexus/2.0.5/plexus-2.0.5.pom
[INFO] Downloaded: https://repo.maven.apache.org/maven2/org/codehaus/plexus/plexus/2.0.5/plexus-2.0.5.pom (17 KB at 605.1 KB/sec)
[INFO] Downloading: https://repo.maven.apache.org/maven2/org/codehaus/plexus/plexus-utils/1.5.5/plexus-utils-1.5.5.pom
[INFO] Downloaded: https://repo.maven.apache.org/maven2/org/codehaus/plexus/plexus-utils/1.5.5/plexus-utils-1.5.5.pom (6 KB at 279.2 KB/sec)
[INFO] Downloading: https://repo.maven.apache.org/maven2/org/codehaus/plexus/plexus-interpolation/1.13/plexus-interpolation-1.13.pom
[INFO] Downloaded: https://repo.maven.apache.org/maven2/org/codehaus/plexus/plexus-interpolation/1.13/plexus-interpolation-1.13.pom (890 B at 62.1 KB/sec)
[INFO] Downloading: https://repo.maven.apache.org/maven2/org/codehaus/plexus/plexus-components/1.1.15/plexus-components-1.1.15.pom
[INFO] Downloaded: https://repo.maven.apache.org/maven2/org/codehaus/plexus/plexus-components/1.1.15/plexus-components-1.1.15.pom (3 KB at 198.7 KB/sec)
[INFO] Downloading: https://repo.maven.apache.org/maven2/org/codehaus/plexus/plexus/2.0.3/plexus-2.0.3.pom
[INFO] Downloaded: https://repo.maven.apache.org/maven2/org/codehaus/plexus/plexus/2.0.3/plexus-2.0.3.pom (16 KB at 719.0 KB/sec)
[INFO] Downloading: https://repo.maven.apache.org/maven2/org/codehaus/plexus/plexus-velocity/1.1.8/plexus-velocity-1.1.8.pom
[INFO] Downloaded: https://repo.maven.apache.org/maven2/org/codehaus/plexus/plexus-velocity/1.1.8/plexus-velocity-1.1.8.pom (2 KB at 85.3 KB/sec)
[INFO] Downloading: https://repo.maven.apache.org/maven2/com/puppycrawl/tools/checkstyle/5.5/checkstyle-5.5.pom
[INFO] Downloaded: https://repo.maven.apache.org/maven2/com/puppycrawl/tools/checkstyle/5.5/checkstyle-5.5.pom (19 KB at 740.7 KB/sec)
[INFO] Downloading: https://repo.maven.apache.org/maven2/org/sonatype/oss/oss-parent/5/oss-parent-5.pom
[INFO] Downloaded: https://repo.maven.apache.org/maven2/org/sonatype/oss/oss-parent/5/oss-parent-5.pom (4 KB at 249.1 KB/sec)
[INFO] Downloading: https://repo.maven.apache.org/maven2/antlr/antlr/2.7.7/antlr-2.7.7.pom
[INFO] Downloaded: https://repo.maven.apache.org/maven2/antlr/antlr/2.7.7/antlr-2.7.7.pom (632 B at 44.1 KB/sec)
[INFO] Downloading: https://repo.maven.apache.org/maven2/commons-beanutils/commons-beanutils-core/1.8.3/commons-beanutils-core-1.8.3.pom
[INFO] Downloaded: https://repo.maven.apache.org/maven2/commons-beanutils/commons-beanutils-core/1.8.3/commons-beanutils-core-1.8.3.pom (2 KB at 100.0 KB/sec)
[INFO] Downloading: https://repo.maven.apache.org/maven2/commons-cli/commons-cli/1.2/commons-cli-1.2.pom
[INFO] Downloaded: https://repo.maven.apache.org/maven2/commons-cli/commons-cli/1.2/commons-cli-1.2.pom (8 KB at 371.1 KB/sec)
[INFO] Downloading: https://repo.maven.apache.org/maven2/org/apache/commons/commons-parent/11/commons-parent-11.pom
[INFO] Downloaded: https://repo.maven.apache.org/maven2/org/apache/commons/commons-parent/11/commons-parent-11.pom (25 KB at 925.8 KB/sec)
[INFO] Downloading: https://repo.maven.apache.org/maven2/com/google/collections/google-collections/1.0/google-collections-1.0.pom
[INFO] Downloaded: https://repo.maven.apache.org/maven2/com/google/collections/google-collections/1.0/google-collections-1.0.pom (3 KB at 161.3 KB/sec)
[INFO] Downloading: https://repo.maven.apache.org/maven2/com/google/google/1/google-1.pom
[INFO] Downloaded: https://repo.maven.apache.org/maven2/com/google/google/1/google-1.pom (2 KB at 89.3 KB/sec)
[INFO] Downloading: https://repo.maven.apache.org/maven2/backport-util-concurrent/backport-util-concurrent/3.1/backport-util-concurrent-3.1.jar
[INFO] Downloading: https://repo.maven.apache.org/maven2/org/apache/maven/reporting/maven-reporting-api/3.0/maven-reporting-api-3.0.jar
[INFO] Downloading: https://repo.maven.apache.org/maven2/org/apache/maven/reporting/maven-reporting-impl/2.2/maven-reporting-impl-2.2.jar
[INFO] Downloading: https://repo.maven.apache.org/maven2/org/apache/maven/doxia/doxia-core/1.2/doxia-core-1.2.jar
[INFO] Downloading: https://repo.maven.apache.org/maven2/xerces/xercesImpl/2.9.1/xercesImpl-2.9.1.jar
[INFO] Downloaded: https://repo.maven.apache.org/maven2/org/apache/maven/reporting/maven-reporting-api/3.0/maven-reporting-api-3.0.jar (11 KB at 410.9 KB/sec)
[INFO] Downloading: https://repo.maven.apache.org/maven2/xml-apis/xml-apis/1.3.04/xml-apis-1.3.04.jar
[INFO] Downloaded: https://repo.maven.apache.org/maven2/org/apache/maven/reporting/maven-reporting-impl/2.2/maven-reporting-impl-2.2.jar (17 KB at 609.8 KB/sec)
[INFO] Downloading: https://repo.maven.apache.org/maven2/org/apache/httpcomponents/httpclient/4.0.2/httpclient-4.0.2.jar
[INFO] Downloaded: https://repo.maven.apache.org/maven2/org/apache/maven/doxia/doxia-core/1.2/doxia-core-1.2.jar (151 KB at 1691.1 KB/sec)
[INFO] Downloading: https://repo.maven.apache.org/maven2/org/apache/httpcomponents/httpcore/4.0.1/httpcore-4.0.1.jar
[INFO] Downloaded: https://repo.maven.apache.org/maven2/xml-apis/xml-apis/1.3.04/xml-apis-1.3.04.jar (190 KB at 2019.1 KB/sec)
[INFO] Downloading: https://repo.maven.apache.org/maven2/commons-codec/commons-codec/1.3/commons-codec-1.3.jar
[INFO] Downloaded: https://repo.maven.apache.org/maven2/backport-util-concurrent/backport-util-concurrent/3.1/backport-util-concurrent-3.1.jar (324 KB at 2297.5 KB/sec)
[INFO] Downloading: https://repo.maven.apache.org/maven2/commons-validator/commons-validator/1.3.1/commons-validator-1.3.1.jar
[INFO] Downloaded: https://repo.maven.apache.org/maven2/org/apache/httpcomponents/httpclient/4.0.2/httpclient-4.0.2.jar (287 KB at 2252.2 KB/sec)
[INFO] Downloading: https://repo.maven.apache.org/maven2/commons-beanutils/commons-beanutils/1.7.0/commons-beanutils-1.7.0.jar
[INFO] Downloaded: https://repo.maven.apache.org/maven2/commons-codec/commons-codec/1.3/commons-codec-1.3.jar (46 KB at 1200.8 KB/sec)
[INFO] Downloading: https://repo.maven.apache.org/maven2/commons-digester/commons-digester/1.6/commons-digester-1.6.jar
[INFO] Downloaded: https://repo.maven.apache.org/maven2/org/apache/httpcomponents/httpcore/4.0.1/httpcore-4.0.1.jar (169 KB at 1777.2 KB/sec)
[INFO] Downloading: https://repo.maven.apache.org/maven2/commons-logging/commons-logging/1.0.4/commons-logging-1.0.4.jar
[INFO] Downloaded: https://repo.maven.apache.org/maven2/commons-validator/commons-validator/1.3.1/commons-validator-1.3.1.jar (136 KB at 1884.7 KB/sec)
[INFO] Downloading: https://repo.maven.apache.org/maven2/org/apache/maven/doxia/doxia-sink-api/1.1.3/doxia-sink-api-1.1.3.jar
[INFO] Downloaded: https://repo.maven.apache.org/maven2/commons-logging/commons-logging/1.0.4/commons-logging-1.0.4.jar (38 KB at 1197.5 KB/sec)
[INFO] Downloading: https://repo.maven.apache.org/maven2/org/apache/maven/doxia/doxia-logging-api/1.1.3/doxia-logging-api-1.1.3.jar
[INFO] Downloaded: https://repo.maven.apache.org/maven2/org/apache/maven/doxia/doxia-sink-api/1.1.3/doxia-sink-api-1.1.3.jar (13 KB at 619.5 KB/sec)
[INFO] Downloaded: https://repo.maven.apache.org/maven2/org/apache/maven/doxia/doxia-logging-api/1.1.3/doxia-logging-api-1.1.3.jar (12 KB at 582.6 KB/sec)
[INFO] Downloading: https://repo.maven.apache.org/maven2/org/apache/maven/doxia/doxia-decoration-model/1.1.3/doxia-decoration-model-1.1.3.jar
[INFO] Downloading: https://repo.maven.apache.org/maven2/org/apache/maven/doxia/doxia-site-renderer/1.1.3/doxia-site-renderer-1.1.3.jar
[INFO] Downloaded: https://repo.maven.apache.org/maven2/commons-digester/commons-digester/1.6/commons-digester-1.6.jar (165 KB at 2030.8 KB/sec)
[INFO] Downloading: https://repo.maven.apache.org/maven2/org/apache/maven/doxia/doxia-module-xhtml/1.1.3/doxia-module-xhtml-1.1.3.jar
[INFO] Downloaded: https://repo.maven.apache.org/maven2/org/apache/maven/doxia/doxia-module-xhtml/1.1.3/doxia-module-xhtml-1.1.3.jar (15 KB at 610.8 KB/sec)
[INFO] Downloading: https://repo.maven.apache.org/maven2/org/apache/maven/doxia/doxia-module-fml/1.1.3/doxia-module-fml-1.1.3.jar
[INFO] Downloaded: https://repo.maven.apache.org/maven2/commons-beanutils/commons-beanutils/1.7.0/commons-beanutils-1.7.0.jar (185 KB at 1645.1 KB/sec)
[INFO] Downloading: https://repo.maven.apache.org/maven2/org/codehaus/plexus/plexus-i18n/1.0-beta-7/plexus-i18n-1.0-beta-7.jar
[INFO] Downloaded: https://repo.maven.apache.org/maven2/org/apache/maven/doxia/doxia-site-renderer/1.1.3/doxia-site-renderer-1.1.3.jar (50 KB at 1416.6 KB/sec)
[INFO] Downloading: https://repo.maven.apache.org/maven2/org/apache/maven/shared/maven-doxia-tools/1.2.1/maven-doxia-tools-1.2.1.jar
[INFO] Downloaded: https://repo.maven.apache.org/maven2/org/codehaus/plexus/plexus-i18n/1.0-beta-7/plexus-i18n-1.0-beta-7.jar (11 KB at 570.1 KB/sec)
[INFO] Downloading: https://repo.maven.apache.org/maven2/commons-io/commons-io/1.4/commons-io-1.4.jar
[INFO] Downloaded: https://repo.maven.apache.org/maven2/org/apache/maven/doxia/doxia-module-fml/1.1.3/doxia-module-fml-1.1.3.jar (37 KB at 1178.0 KB/sec)
[INFO] Downloading: https://repo.maven.apache.org/maven2/junit/junit/3.8.1/junit-3.8.1.jar
[INFO] Downloaded: https://repo.maven.apache.org/maven2/org/apache/maven/shared/maven-doxia-tools/1.2.1/maven-doxia-tools-1.2.1.jar (43 KB at 1171.4 KB/sec)
[INFO] Downloading: https://repo.maven.apache.org/maven2/org/codehaus/plexus/plexus-resources/1.0-alpha-7/plexus-resources-1.0-alpha-7.jar
[INFO] Downloaded: https://repo.maven.apache.org/maven2/org/codehaus/plexus/plexus-resources/1.0-alpha-7/plexus-resources-1.0-alpha-7.jar (23 KB at 873.6 KB/sec)
[INFO] Downloading: https://repo.maven.apache.org/maven2/org/codehaus/plexus/plexus-utils/2.0.5/plexus-utils-2.0.5.jar
[INFO] Downloaded: https://repo.maven.apache.org/maven2/commons-io/commons-io/1.4/commons-io-1.4.jar (107 KB at 1613.4 KB/sec)
[INFO] Downloading: https://repo.maven.apache.org/maven2/org/codehaus/plexus/plexus-interpolation/1.13/plexus-interpolation-1.13.jar
[INFO] Downloaded: https://repo.maven.apache.org/maven2/junit/junit/3.8.1/junit-3.8.1.jar (119 KB at 1970.5 KB/sec)
[INFO] Downloading: https://repo.maven.apache.org/maven2/org/codehaus/plexus/plexus-velocity/1.1.8/plexus-velocity-1.1.8.jar
[INFO] Downloaded: https://repo.maven.apache.org/maven2/org/codehaus/plexus/plexus-velocity/1.1.8/plexus-velocity-1.1.8.jar (8 KB at 427.8 KB/sec)
[INFO] Downloading: https://repo.maven.apache.org/maven2/com/puppycrawl/tools/checkstyle/5.5/checkstyle-5.5.jar
[INFO] Downloaded: https://repo.maven.apache.org/maven2/org/codehaus/plexus/plexus-interpolation/1.13/plexus-interpolation-1.13.jar (60 KB at 1454.3 KB/sec)
[INFO] Downloading: https://repo.maven.apache.org/maven2/antlr/antlr/2.7.7/antlr-2.7.7.jar
[INFO] Downloaded: https://repo.maven.apache.org/maven2/org/apache/maven/doxia/doxia-decoration-model/1.1.3/doxia-decoration-model-1.1.3.jar (52 KB at 321.3 KB/sec)
[INFO] Downloading: https://repo.maven.apache.org/maven2/commons-beanutils/commons-beanutils-core/1.8.3/commons-beanutils-core-1.8.3.jar
[INFO] Downloaded: https://repo.maven.apache.org/maven2/org/codehaus/plexus/plexus-utils/2.0.5/plexus-utils-2.0.5.jar (218 KB at 2179.4 KB/sec)
[INFO] Downloading: https://repo.maven.apache.org/maven2/commons-cli/commons-cli/1.2/commons-cli-1.2.jar
[INFO] Downloaded: https://repo.maven.apache.org/maven2/xerces/xercesImpl/2.9.1/xercesImpl-2.9.1.jar (1201 KB at 2598.1 KB/sec)
[INFO] Downloading: https://repo.maven.apache.org/maven2/com/google/collections/google-collections/1.0/google-collections-1.0.jar
[INFO] Downloaded: https://repo.maven.apache.org/maven2/commons-cli/commons-cli/1.2/commons-cli-1.2.jar (41 KB at 1181.2 KB/sec)
[INFO] Downloading: https://repo.maven.apache.org/maven2/org/apache/velocity/velocity/1.5/velocity-1.5.jar
[INFO] Downloaded: https://repo.maven.apache.org/maven2/commons-beanutils/commons-beanutils-core/1.8.3/commons-beanutils-core-1.8.3.jar (202 KB at 1979.1 KB/sec)
[INFO] Downloading: https://repo.maven.apache.org/maven2/commons-lang/commons-lang/2.1/commons-lang-2.1.jar
[INFO] Downloaded: https://repo.maven.apache.org/maven2/commons-lang/commons-lang/2.1/commons-lang-2.1.jar (203 KB at 2669.1 KB/sec)
[INFO] Downloading: https://repo.maven.apache.org/maven2/oro/oro/2.0.8/oro-2.0.8.jar
[INFO] Downloaded: https://repo.maven.apache.org/maven2/antlr/antlr/2.7.7/antlr-2.7.7.jar (435 KB at 2013.2 KB/sec)
[INFO] Downloading: https://repo.maven.apache.org/maven2/commons-collections/commons-collections/3.2.1/commons-collections-3.2.1.jar
[INFO] Downloaded: https://repo.maven.apache.org/maven2/oro/oro/2.0.8/oro-2.0.8.jar (64 KB at 1517.4 KB/sec)
[INFO] Downloaded: https://repo.maven.apache.org/maven2/com/puppycrawl/tools/checkstyle/5.5/checkstyle-5.5.jar (623 KB at 2405.1 KB/sec)
[INFO] Downloaded: https://repo.maven.apache.org/maven2/org/apache/velocity/velocity/1.5/velocity-1.5.jar (383 KB at 1868.0 KB/sec)
[INFO] Downloaded: https://repo.maven.apache.org/maven2/com/google/collections/google-collections/1.0/google-collections-1.0.jar (625 KB at 2168.8 KB/sec)
[INFO] Downloaded: https://repo.maven.apache.org/maven2/commons-collections/commons-collections/3.2.1/commons-collections-3.2.1.jar (562 KB at 2475.3 KB/sec)
[INFO] 
[INFO] --- maven-install-plugin:2.4:install (default-install) @ parent ---
[INFO] Downloading: https://repo.maven.apache.org/maven2/org/codehaus/plexus/plexus-utils/3.0.5/plexus-utils-3.0.5.pom
[INFO] Downloaded: https://repo.maven.apache.org/maven2/org/codehaus/plexus/plexus-utils/3.0.5/plexus-utils-3.0.5.pom (3 KB at 41.6 KB/sec)
[INFO] Downloading: https://repo.maven.apache.org/maven2/org/codehaus/plexus/plexus/3.1/plexus-3.1.pom
[INFO] Downloaded: https://repo.maven.apache.org/maven2/org/codehaus/plexus/plexus/3.1/plexus-3.1.pom (19 KB at 727.1 KB/sec)
[INFO] Downloading: https://repo.maven.apache.org/maven2/org/sonatype/spice/spice-parent/17/spice-parent-17.pom
[INFO] Downloaded: https://repo.maven.apache.org/maven2/org/sonatype/spice/spice-parent/17/spice-parent-17.pom (7 KB at 347.4 KB/sec)
[INFO] Downloading: https://repo.maven.apache.org/maven2/org/sonatype/forge/forge-parent/10/forge-parent-10.pom
[INFO] Downloaded: https://repo.maven.apache.org/maven2/org/sonatype/forge/forge-parent/10/forge-parent-10.pom (14 KB at 575.7 KB/sec)
[INFO] Downloading: https://repo.maven.apache.org/maven2/org/codehaus/plexus/plexus-digest/1.0/plexus-digest-1.0.pom
[INFO] Downloaded: https://repo.maven.apache.org/maven2/org/codehaus/plexus/plexus-digest/1.0/plexus-digest-1.0.pom (2 KB at 49.2 KB/sec)
[INFO] Downloading: https://repo.maven.apache.org/maven2/org/codehaus/plexus/plexus-components/1.1.7/plexus-components-1.1.7.pom
[INFO] Downloaded: https://repo.maven.apache.org/maven2/org/codehaus/plexus/plexus-components/1.1.7/plexus-components-1.1.7.pom (5 KB at 269.9 KB/sec)
[INFO] Downloading: https://repo.maven.apache.org/maven2/org/codehaus/plexus/plexus-utils/3.0.5/plexus-utils-3.0.5.jar
[INFO] Downloading: https://repo.maven.apache.org/maven2/org/codehaus/plexus/plexus-digest/1.0/plexus-digest-1.0.jar
[INFO] Downloaded: https://repo.maven.apache.org/maven2/org/codehaus/plexus/plexus-digest/1.0/plexus-digest-1.0.jar (12 KB at 482.5 KB/sec)
[INFO] Downloaded: https://repo.maven.apache.org/maven2/org/codehaus/plexus/plexus-utils/3.0.5/plexus-utils-3.0.5.jar (226 KB at 2083.8 KB/sec)
[INFO] Installing /home/travis/build/failed/square/retrofit/pom.xml to /home/travis/.m2/repository/com/squareup/retrofit/parent/2.0.0-SNAPSHOT/parent-2.0.0-SNAPSHOT.pom
[INFO]                                                                         
[INFO] ------------------------------------------------------------------------
[INFO] Building Retrofit 2.0.0-SNAPSHOT
[INFO] ------------------------------------------------------------------------
[INFO] Downloading: https://repo.maven.apache.org/maven2/org/apache/maven/plugins/maven-resources-plugin/2.6/maven-resources-plugin-2.6.pom
[INFO] Downloaded: https://repo.maven.apache.org/maven2/org/apache/maven/plugins/maven-resources-plugin/2.6/maven-resources-plugin-2.6.pom (8 KB at 396.2 KB/sec)
[INFO] Downloading: https://repo.maven.apache.org/maven2/org/apache/maven/plugins/maven-resources-plugin/2.6/maven-resources-plugin-2.6.jar
[INFO] Downloaded: https://repo.maven.apache.org/maven2/org/apache/maven/plugins/maven-resources-plugin/2.6/maven-resources-plugin-2.6.jar (29 KB at 929.9 KB/sec)
[INFO] Downloading: https://repo.maven.apache.org/maven2/org/apache/maven/plugins/maven-compiler-plugin/3.0/maven-compiler-plugin-3.0.pom
[INFO] Downloaded: https://repo.maven.apache.org/maven2/org/apache/maven/plugins/maven-compiler-plugin/3.0/maven-compiler-plugin-3.0.pom (10 KB at 403.4 KB/sec)
[INFO] Downloading: https://repo.maven.apache.org/maven2/org/apache/maven/plugins/maven-compiler-plugin/3.0/maven-compiler-plugin-3.0.jar
[INFO] Downloaded: https://repo.maven.apache.org/maven2/org/apache/maven/plugins/maven-compiler-plugin/3.0/maven-compiler-plugin-3.0.jar (41 KB at 1123.8 KB/sec)
[INFO] Downloading: https://repo.maven.apache.org/maven2/org/apache/maven/plugins/maven-surefire-plugin/2.12.4/maven-surefire-plugin-2.12.4.pom
[INFO] Downloaded: https://repo.maven.apache.org/maven2/org/apache/maven/plugins/maven-surefire-plugin/2.12.4/maven-surefire-plugin-2.12.4.pom (11 KB at 465.0 KB/sec)
[INFO] Downloading: https://repo.maven.apache.org/maven2/org/apache/maven/surefire/surefire/2.12.4/surefire-2.12.4.pom
[INFO] Downloaded: https://repo.maven.apache.org/maven2/org/apache/maven/surefire/surefire/2.12.4/surefire-2.12.4.pom (14 KB at 498.8 KB/sec)
[INFO] Downloading: https://repo.maven.apache.org/maven2/org/apache/maven/plugins/maven-surefire-plugin/2.12.4/maven-surefire-plugin-2.12.4.jar
[INFO] Downloaded: https://repo.maven.apache.org/maven2/org/apache/maven/plugins/maven-surefire-plugin/2.12.4/maven-surefire-plugin-2.12.4.jar (30 KB at 874.9 KB/sec)
[INFO] Downloading: https://repo.maven.apache.org/maven2/org/apache/maven/plugins/maven-jar-plugin/2.4/maven-jar-plugin-2.4.pom
[INFO] Downloaded: https://repo.maven.apache.org/maven2/org/apache/maven/plugins/maven-jar-plugin/2.4/maven-jar-plugin-2.4.pom (6 KB at 299.9 KB/sec)
[INFO] Downloading: https://repo.maven.apache.org/maven2/org/apache/maven/plugins/maven-jar-plugin/2.4/maven-jar-plugin-2.4.jar
[INFO] Downloaded: https://repo.maven.apache.org/maven2/org/apache/maven/plugins/maven-jar-plugin/2.4/maven-jar-plugin-2.4.jar (34 KB at 1038.3 KB/sec)
[INFO] Downloading: http://insecure.repo1.maven.org/maven2/com/google/code/gson/gson/2.3.1/gson-2.3.1.pom
[INFO] Downloaded: http://insecure.repo1.maven.org/maven2/com/google/code/gson/gson/2.3.1/gson-2.3.1.pom (9 KB at 367.0 KB/sec)
[INFO] Downloading: https://oss.sonatype.org/content/repositories/releases/com/google/code/gson/gson/2.3.1/gson-2.3.1.pom
[INFO] Downloaded: https://oss.sonatype.org/content/repositories/releases/com/google/code/gson/gson/2.3.1/gson-2.3.1.pom (9 KB at 42.3 KB/sec)
[INFO] Downloading: https://repository.apache.org/releases/com/google/code/gson/gson/2.3.1/gson-2.3.1.pom
[INFO] Downloading: http://insecure.repo1.maven.org/maven2/org/sonatype/oss/oss-parent/9/oss-parent-9.pom
[INFO] Downloaded: http://insecure.repo1.maven.org/maven2/org/sonatype/oss/oss-parent/9/oss-parent-9.pom (7 KB at 305.5 KB/sec)
[INFO] Downloading: https://oss.sonatype.org/content/repositories/releases/org/sonatype/oss/oss-parent/9/oss-parent-9.pom
[INFO] Downloaded: https://oss.sonatype.org/content/repositories/releases/org/sonatype/oss/oss-parent/9/oss-parent-9.pom (7 KB at 31.1 KB/sec)
[INFO] Downloading: https://repository.apache.org/releases/org/sonatype/oss/oss-parent/9/oss-parent-9.pom
[INFO] Downloading: http://insecure.repo1.maven.org/maven2/com/google/android/android/4.1.1.4/android-4.1.1.4.pom
[INFO] Downloaded: http://insecure.repo1.maven.org/maven2/com/google/android/android/4.1.1.4/android-4.1.1.4.pom (3 KB at 140.9 KB/sec)
[INFO] Downloading: https://oss.sonatype.org/content/repositories/releases/com/google/android/android/4.1.1.4/android-4.1.1.4.pom
[INFO] Downloaded: https://oss.sonatype.org/content/repositories/releases/com/google/android/android/4.1.1.4/android-4.1.1.4.pom (3 KB at 13.6 KB/sec)
[INFO] Downloading: https://repository.apache.org/releases/com/google/android/android/4.1.1.4/android-4.1.1.4.pom
[INFO] Downloading: http://insecure.repo1.maven.org/maven2/org/apache/httpcomponents/httpclient/4.0.1/httpclient-4.0.1.pom
[INFO] Downloaded: http://insecure.repo1.maven.org/maven2/org/apache/httpcomponents/httpclient/4.0.1/httpclient-4.0.1.pom (7 KB at 301.8 KB/sec)
[INFO] Downloading: https://oss.sonatype.org/content/repositories/releases/org/apache/httpcomponents/httpclient/4.0.1/httpclient-4.0.1.pom
[INFO] Downloaded: https://oss.sonatype.org/content/repositories/releases/org/apache/httpcomponents/httpclient/4.0.1/httpclient-4.0.1.pom (7 KB at 25.9 KB/sec)
[INFO] Downloading: https://repository.apache.org/releases/org/apache/httpcomponents/httpclient/4.0.1/httpclient-4.0.1.pom
[INFO] Downloading: http://insecure.repo1.maven.org/maven2/org/apache/httpcomponents/httpcomponents-client/4.0.1/httpcomponents-client-4.0.1.pom
[INFO] Downloaded: http://insecure.repo1.maven.org/maven2/org/apache/httpcomponents/httpcomponents-client/4.0.1/httpcomponents-client-4.0.1.pom (9 KB at 408.1 KB/sec)
[INFO] Downloading: https://oss.sonatype.org/content/repositories/releases/org/apache/httpcomponents/httpcomponents-client/4.0.1/httpcomponents-client-4.0.1.pom
[INFO] Downloaded: https://oss.sonatype.org/content/repositories/releases/org/apache/httpcomponents/httpcomponents-client/4.0.1/httpcomponents-client-4.0.1.pom (9 KB at 41.0 KB/sec)
[INFO] Downloading: https://repository.apache.org/releases/org/apache/httpcomponents/httpcomponents-client/4.0.1/httpcomponents-client-4.0.1.pom
[INFO] Downloading: http://insecure.repo1.maven.org/maven2/org/khronos/opengl-api/gl1.1-android-2.1_r1/opengl-api-gl1.1-android-2.1_r1.pom
[INFO] Downloaded: http://insecure.repo1.maven.org/maven2/org/khronos/opengl-api/gl1.1-android-2.1_r1/opengl-api-gl1.1-android-2.1_r1.pom (2 KB at 76.8 KB/sec)
[INFO] Downloading: https://oss.sonatype.org/content/repositories/releases/org/khronos/opengl-api/gl1.1-android-2.1_r1/opengl-api-gl1.1-android-2.1_r1.pom
[INFO] Downloaded: https://oss.sonatype.org/content/repositories/releases/org/khronos/opengl-api/gl1.1-android-2.1_r1/opengl-api-gl1.1-android-2.1_r1.pom (2 KB at 6.5 KB/sec)
[INFO] Downloading: https://repository.apache.org/releases/org/khronos/opengl-api/gl1.1-android-2.1_r1/opengl-api-gl1.1-android-2.1_r1.pom
[INFO] Downloading: http://insecure.repo1.maven.org/maven2/xerces/xmlParserAPIs/2.6.2/xmlParserAPIs-2.6.2.pom
[INFO] Downloaded: http://insecure.repo1.maven.org/maven2/xerces/xmlParserAPIs/2.6.2/xmlParserAPIs-2.6.2.pom (153 B at 7.5 KB/sec)
[INFO] Downloading: https://oss.sonatype.org/content/repositories/releases/xerces/xmlParserAPIs/2.6.2/xmlParserAPIs-2.6.2.pom
[INFO] Downloaded: https://oss.sonatype.org/content/repositories/releases/xerces/xmlParserAPIs/2.6.2/xmlParserAPIs-2.6.2.pom (153 B at 0.7 KB/sec)
[INFO] Downloading: https://repository.apache.org/releases/xerces/xmlParserAPIs/2.6.2/xmlParserAPIs-2.6.2.pom
[INFO] Downloading: http://insecure.repo1.maven.org/maven2/xpp3/xpp3/1.1.4c/xpp3-1.1.4c.pom
[INFO] Downloaded: http://insecure.repo1.maven.org/maven2/xpp3/xpp3/1.1.4c/xpp3-1.1.4c.pom (3 KB at 97.9 KB/sec)
[INFO] Downloading: https://oss.sonatype.org/content/repositories/releases/xpp3/xpp3/1.1.4c/xpp3-1.1.4c.pom
[INFO] Downloaded: https://oss.sonatype.org/content/repositories/releases/xpp3/xpp3/1.1.4c/xpp3-1.1.4c.pom (3 KB at 9.4 KB/sec)
[INFO] Downloading: https://repository.apache.org/releases/xpp3/xpp3/1.1.4c/xpp3-1.1.4c.pom
[INFO] Downloading: http://insecure.repo1.maven.org/maven2/org/json/json/20080701/json-20080701.pom
[INFO] Downloaded: http://insecure.repo1.maven.org/maven2/org/json/json/20080701/json-20080701.pom (2 KB at 77.8 KB/sec)
[INFO] Downloading: https://oss.sonatype.org/content/repositories/releases/org/json/json/20080701/json-20080701.pom
[INFO] Downloaded: https://oss.sonatype.org/content/repositories/releases/org/json/json/20080701/json-20080701.pom (2 KB at 7.7 KB/sec)
[INFO] Downloading: https://repository.apache.org/releases/org/json/json/20080701/json-20080701.pom
[INFO] Downloading: http://insecure.repo1.maven.org/maven2/com/squareup/okhttp/okhttp/2.2.0/okhttp-2.2.0.pom
[INFO] Downloaded: http://insecure.repo1.maven.org/maven2/com/squareup/okhttp/okhttp/2.2.0/okhttp-2.2.0.pom (2 KB at 62.8 KB/sec)
[INFO] Downloading: https://oss.sonatype.org/content/repositories/releases/com/squareup/okhttp/okhttp/2.2.0/okhttp-2.2.0.pom
[INFO] Downloaded: https://oss.sonatype.org/content/repositories/releases/com/squareup/okhttp/okhttp/2.2.0/okhttp-2.2.0.pom (2 KB at 5.0 KB/sec)
[INFO] Downloading: https://repository.apache.org/releases/com/squareup/okhttp/okhttp/2.2.0/okhttp-2.2.0.pom
[INFO] Downloading: http://insecure.repo1.maven.org/maven2/com/squareup/okhttp/parent/2.2.0/parent-2.2.0.pom
[INFO] Downloaded: http://insecure.repo1.maven.org/maven2/com/squareup/okhttp/parent/2.2.0/parent-2.2.0.pom (9 KB at 119.8 KB/sec)
[INFO] Downloading: https://oss.sonatype.org/content/repositories/releases/com/squareup/okhttp/parent/2.2.0/parent-2.2.0.pom
[INFO] Downloaded: https://oss.sonatype.org/content/repositories/releases/com/squareup/okhttp/parent/2.2.0/parent-2.2.0.pom (9 KB at 41.9 KB/sec)
[INFO] Downloading: https://repository.apache.org/releases/com/squareup/okhttp/parent/2.2.0/parent-2.2.0.pom
[INFO] Downloading: http://insecure.repo1.maven.org/maven2/com/squareup/okio/okio/1.2.0/okio-1.2.0.pom
[INFO] Downloaded: http://insecure.repo1.maven.org/maven2/com/squareup/okio/okio/1.2.0/okio-1.2.0.pom (812 B at 37.8 KB/sec)
[INFO] Downloading: https://oss.sonatype.org/content/repositories/releases/com/squareup/okio/okio/1.2.0/okio-1.2.0.pom
[INFO] Downloaded: https://oss.sonatype.org/content/repositories/releases/com/squareup/okio/okio/1.2.0/okio-1.2.0.pom (812 B at 3.8 KB/sec)
[INFO] Downloading: https://repository.apache.org/releases/com/squareup/okio/okio/1.2.0/okio-1.2.0.pom
[INFO] Downloading: http://insecure.repo1.maven.org/maven2/com/squareup/okio/okio-parent/1.2.0/okio-parent-1.2.0.pom
[INFO] Downloaded: http://insecure.repo1.maven.org/maven2/com/squareup/okio/okio-parent/1.2.0/okio-parent-1.2.0.pom (4 KB at 164.1 KB/sec)
[INFO] Downloading: https://oss.sonatype.org/content/repositories/releases/com/squareup/okio/okio-parent/1.2.0/okio-parent-1.2.0.pom
[INFO] Downloaded: https://oss.sonatype.org/content/repositories/releases/com/squareup/okio/okio-parent/1.2.0/okio-parent-1.2.0.pom (4 KB at 14.0 KB/sec)
[INFO] Downloading: https://repository.apache.org/releases/com/squareup/okio/okio-parent/1.2.0/okio-parent-1.2.0.pom
[INFO] Downloading: http://insecure.repo1.maven.org/maven2/io/reactivex/rxjava/1.0.0/rxjava-1.0.0.pom
[INFO] Downloaded: http://insecure.repo1.maven.org/maven2/io/reactivex/rxjava/1.0.0/rxjava-1.0.0.pom (3 KB at 118.4 KB/sec)
[INFO] Downloading: https://oss.sonatype.org/content/repositories/releases/io/reactivex/rxjava/1.0.0/rxjava-1.0.0.pom
[INFO] Downloaded: https://oss.sonatype.org/content/repositories/releases/io/reactivex/rxjava/1.0.0/rxjava-1.0.0.pom (3 KB at 11.5 KB/sec)
[INFO] Downloading: https://repository.apache.org/releases/io/reactivex/rxjava/1.0.0/rxjava-1.0.0.pom
[INFO] Downloading: http://insecure.repo1.maven.org/maven2/junit/junit/4.11/junit-4.11.pom
[INFO] Downloaded: http://insecure.repo1.maven.org/maven2/junit/junit/4.11/junit-4.11.pom (3 KB at 114.5 KB/sec)
[INFO] Downloading: https://oss.sonatype.org/content/repositories/releases/junit/junit/4.11/junit-4.11.pom
[INFO] Downloaded: https://oss.sonatype.org/content/repositories/releases/junit/junit/4.11/junit-4.11.pom (3 KB at 10.2 KB/sec)
[INFO] Downloading: https://repository.apache.org/releases/junit/junit/4.11/junit-4.11.pom
[INFO] Downloading: http://insecure.repo1.maven.org/maven2/org/hamcrest/hamcrest-core/1.3/hamcrest-core-1.3.pom
[INFO] Downloaded: http://insecure.repo1.maven.org/maven2/org/hamcrest/hamcrest-core/1.3/hamcrest-core-1.3.pom (766 B at 34.0 KB/sec)
[INFO] Downloading: https://oss.sonatype.org/content/repositories/releases/org/hamcrest/hamcrest-core/1.3/hamcrest-core-1.3.pom
[INFO] Downloaded: https://oss.sonatype.org/content/repositories/releases/org/hamcrest/hamcrest-core/1.3/hamcrest-core-1.3.pom (766 B at 3.8 KB/sec)
[INFO] Downloading: https://repository.apache.org/releases/org/hamcrest/hamcrest-core/1.3/hamcrest-core-1.3.pom
[INFO] Downloading: http://insecure.repo1.maven.org/maven2/org/hamcrest/hamcrest-parent/1.3/hamcrest-parent-1.3.pom
[INFO] Downloaded: http://insecure.repo1.maven.org/maven2/org/hamcrest/hamcrest-parent/1.3/hamcrest-parent-1.3.pom (2 KB at 101.4 KB/sec)
[INFO] Downloading: https://oss.sonatype.org/content/repositories/releases/org/hamcrest/hamcrest-parent/1.3/hamcrest-parent-1.3.pom
[INFO] Downloaded: https://oss.sonatype.org/content/repositories/releases/org/hamcrest/hamcrest-parent/1.3/hamcrest-parent-1.3.pom (2 KB at 9.5 KB/sec)
[INFO] Downloading: https://repository.apache.org/releases/org/hamcrest/hamcrest-parent/1.3/hamcrest-parent-1.3.pom
[INFO] Downloading: http://insecure.repo1.maven.org/maven2/org/assertj/assertj-core/1.7.0/assertj-core-1.7.0.pom
[INFO] Downloaded: http://insecure.repo1.maven.org/maven2/org/assertj/assertj-core/1.7.0/assertj-core-1.7.0.pom (5 KB at 196.0 KB/sec)
[INFO] Downloading: https://oss.sonatype.org/content/repositories/releases/org/assertj/assertj-core/1.7.0/assertj-core-1.7.0.pom
[INFO] Downloaded: https://oss.sonatype.org/content/repositories/releases/org/assertj/assertj-core/1.7.0/assertj-core-1.7.0.pom (5 KB at 21.8 KB/sec)
[INFO] Downloading: https://repository.apache.org/releases/org/assertj/assertj-core/1.7.0/assertj-core-1.7.0.pom
[INFO] Downloading: http://insecure.repo1.maven.org/maven2/org/assertj/assertj-parent-pom/1.2.6/assertj-parent-pom-1.2.6.pom
[INFO] Downloaded: http://insecure.repo1.maven.org/maven2/org/assertj/assertj-parent-pom/1.2.6/assertj-parent-pom-1.2.6.pom (14 KB at 545.3 KB/sec)
[INFO] Downloading: https://oss.sonatype.org/content/repositories/releases/org/assertj/assertj-parent-pom/1.2.6/assertj-parent-pom-1.2.6.pom
[INFO] Downloaded: https://oss.sonatype.org/content/repositories/releases/org/assertj/assertj-parent-pom/1.2.6/assertj-parent-pom-1.2.6.pom (14 KB at 61.2 KB/sec)
[INFO] Downloading: https://repository.apache.org/releases/org/assertj/assertj-parent-pom/1.2.6/assertj-parent-pom-1.2.6.pom
[INFO] Downloading: http://insecure.repo1.maven.org/maven2/org/mockito/mockito-core/1.9.5/mockito-core-1.9.5.pom
[INFO] Downloaded: http://insecure.repo1.maven.org/maven2/org/mockito/mockito-core/1.9.5/mockito-core-1.9.5.pom (2 KB at 33.7 KB/sec)
[INFO] Downloading: https://oss.sonatype.org/content/repositories/releases/org/mockito/mockito-core/1.9.5/mockito-core-1.9.5.pom
[INFO] Downloaded: https://oss.sonatype.org/content/repositories/releases/org/mockito/mockito-core/1.9.5/mockito-core-1.9.5.pom (2 KB at 7.0 KB/sec)
[INFO] Downloading: https://repository.apache.org/releases/org/mockito/mockito-core/1.9.5/mockito-core-1.9.5.pom
[INFO] Downloading: http://insecure.repo1.maven.org/maven2/org/hamcrest/hamcrest-core/1.1/hamcrest-core-1.1.pom
[INFO] Downloaded: http://insecure.repo1.maven.org/maven2/org/hamcrest/hamcrest-core/1.1/hamcrest-core-1.1.pom (481 B at 18.1 KB/sec)
[INFO] Downloading: https://oss.sonatype.org/content/repositories/releases/org/hamcrest/hamcrest-core/1.1/hamcrest-core-1.1.pom
[INFO] Downloaded: https://oss.sonatype.org/content/repositories/releases/org/hamcrest/hamcrest-core/1.1/hamcrest-core-1.1.pom (481 B at 2.3 KB/sec)
[INFO] Downloading: https://repository.apache.org/releases/org/hamcrest/hamcrest-core/1.1/hamcrest-core-1.1.pom
[INFO] Downloading: http://insecure.repo1.maven.org/maven2/org/hamcrest/hamcrest-parent/1.1/hamcrest-parent-1.1.pom
[INFO] Downloaded: http://insecure.repo1.maven.org/maven2/org/hamcrest/hamcrest-parent/1.1/hamcrest-parent-1.1.pom (6 KB at 287.0 KB/sec)
[INFO] Downloading: https://oss.sonatype.org/content/repositories/releases/org/hamcrest/hamcrest-parent/1.1/hamcrest-parent-1.1.pom
[INFO] Downloaded: https://oss.sonatype.org/content/repositories/releases/org/hamcrest/hamcrest-parent/1.1/hamcrest-parent-1.1.pom (6 KB at 27.9 KB/sec)
[INFO] Downloading: https://repository.apache.org/releases/org/hamcrest/hamcrest-parent/1.1/hamcrest-parent-1.1.pom
[INFO] Downloading: http://insecure.repo1.maven.org/maven2/org/objenesis/objenesis/1.0/objenesis-1.0.pom
[INFO] Downloaded: http://insecure.repo1.maven.org/maven2/org/objenesis/objenesis/1.0/objenesis-1.0.pom (853 B at 37.9 KB/sec)
[INFO] Downloading: https://oss.sonatype.org/content/repositories/releases/org/objenesis/objenesis/1.0/objenesis-1.0.pom
[INFO] Downloaded: https://oss.sonatype.org/content/repositories/releases/org/objenesis/objenesis/1.0/objenesis-1.0.pom (853 B at 4.1 KB/sec)
[INFO] Downloading: https://repository.apache.org/releases/org/objenesis/objenesis/1.0/objenesis-1.0.pom
[INFO] Downloading: http://insecure.repo1.maven.org/maven2/com/google/guava/guava/18.0/guava-18.0.pom
[INFO] Downloaded: http://insecure.repo1.maven.org/maven2/com/google/guava/guava/18.0/guava-18.0.pom (6 KB at 251.5 KB/sec)
[INFO] Downloading: https://oss.sonatype.org/content/repositories/releases/com/google/guava/guava/18.0/guava-18.0.pom
[INFO] Downloaded: https://oss.sonatype.org/content/repositories/releases/com/google/guava/guava/18.0/guava-18.0.pom (6 KB at 26.9 KB/sec)
[INFO] Downloading: https://repository.apache.org/releases/com/google/guava/guava/18.0/guava-18.0.pom
[INFO] Downloading: http://insecure.repo1.maven.org/maven2/com/google/guava/guava-parent/18.0/guava-parent-18.0.pom
[INFO] Downloaded: http://insecure.repo1.maven.org/maven2/com/google/guava/guava-parent/18.0/guava-parent-18.0.pom (8 KB at 312.7 KB/sec)
[INFO] Downloading: https://oss.sonatype.org/content/repositories/releases/com/google/guava/guava-parent/18.0/guava-parent-18.0.pom
[INFO] Downloaded: https://oss.sonatype.org/content/repositories/releases/com/google/guava/guava-parent/18.0/guava-parent-18.0.pom (8 KB at 32.1 KB/sec)
[INFO] Downloading: https://repository.apache.org/releases/com/google/guava/guava-parent/18.0/guava-parent-18.0.pom
[INFO] Downloading: http://insecure.repo1.maven.org/maven2/com/squareup/okhttp/mockwebserver/2.2.0/mockwebserver-2.2.0.pom
[INFO] Downloaded: http://insecure.repo1.maven.org/maven2/com/squareup/okhttp/mockwebserver/2.2.0/mockwebserver-2.2.0.pom (2 KB at 70.0 KB/sec)
[INFO] Downloading: https://oss.sonatype.org/content/repositories/releases/com/squareup/okhttp/mockwebserver/2.2.0/mockwebserver-2.2.0.pom
[INFO] Downloaded: https://oss.sonatype.org/content/repositories/releases/com/squareup/okhttp/mockwebserver/2.2.0/mockwebserver-2.2.0.pom (2 KB at 7.0 KB/sec)
[INFO] Downloading: https://repository.apache.org/releases/com/squareup/okhttp/mockwebserver/2.2.0/mockwebserver-2.2.0.pom
[INFO] Downloading: http://insecure.repo1.maven.org/maven2/org/bouncycastle/bcprov-jdk15on/1.50/bcprov-jdk15on-1.50.pom
[INFO] Downloaded: http://insecure.repo1.maven.org/maven2/org/bouncycastle/bcprov-jdk15on/1.50/bcprov-jdk15on-1.50.pom (2 KB at 56.3 KB/sec)
[INFO] Downloading: https://oss.sonatype.org/content/repositories/releases/org/bouncycastle/bcprov-jdk15on/1.50/bcprov-jdk15on-1.50.pom
[INFO] Downloaded: https://oss.sonatype.org/content/repositories/releases/org/bouncycastle/bcprov-jdk15on/1.50/bcprov-jdk15on-1.50.pom (2 KB at 5.2 KB/sec)
[INFO] Downloading: https://repository.apache.org/releases/org/bouncycastle/bcprov-jdk15on/1.50/bcprov-jdk15on-1.50.pom
[INFO] Downloading: http://insecure.repo1.maven.org/maven2/com/google/code/gson/gson/2.3.1/gson-2.3.1.jar
[INFO] Downloading: http://insecure.repo1.maven.org/maven2/commons-logging/commons-logging/1.1.1/commons-logging-1.1.1.jar
[INFO] Downloading: http://insecure.repo1.maven.org/maven2/com/google/android/android/4.1.1.4/android-4.1.1.4.jar
[INFO] Downloading: http://insecure.repo1.maven.org/maven2/org/apache/httpcomponents/httpclient/4.0.1/httpclient-4.0.1.jar
[INFO] Downloading: http://insecure.repo1.maven.org/maven2/org/khronos/opengl-api/gl1.1-android-2.1_r1/opengl-api-gl1.1-android-2.1_r1.jar
[INFO] Downloaded: http://insecure.repo1.maven.org/maven2/org/khronos/opengl-api/gl1.1-android-2.1_r1/opengl-api-gl1.1-android-2.1_r1.jar (19 KB at 164.2 KB/sec)
[INFO] Downloading: http://insecure.repo1.maven.org/maven2/xerces/xmlParserAPIs/2.6.2/xmlParserAPIs-2.6.2.jar
[INFO] Downloaded: http://insecure.repo1.maven.org/maven2/commons-logging/commons-logging/1.1.1/commons-logging-1.1.1.jar (60 KB at 357.0 KB/sec)
[INFO] Downloading: http://insecure.repo1.maven.org/maven2/xpp3/xpp3/1.1.4c/xpp3-1.1.4c.jar
[INFO] Downloaded: http://insecure.repo1.maven.org/maven2/xpp3/xpp3/1.1.4c/xpp3-1.1.4c.jar (118 KB at 620.4 KB/sec)
[INFO] Downloading: http://insecure.repo1.maven.org/maven2/org/json/json/20080701/json-20080701.jar
[INFO] Downloaded: http://insecure.repo1.maven.org/maven2/org/json/json/20080701/json-20080701.jar (37 KB at 513.7 KB/sec)
[INFO] Downloading: http://insecure.repo1.maven.org/maven2/com/squareup/okhttp/okhttp/2.2.0/okhttp-2.2.0.jar
[INFO] Downloaded: http://insecure.repo1.maven.org/maven2/com/google/code/gson/gson/2.3.1/gson-2.3.1.jar (206 KB at 478.9 KB/sec)
[INFO] Downloading: http://insecure.repo1.maven.org/maven2/com/squareup/okio/okio/1.2.0/okio-1.2.0.jar
[INFO] Downloaded: http://insecure.repo1.maven.org/maven2/xerces/xmlParserAPIs/2.6.2/xmlParserAPIs-2.6.2.jar (122 KB at 344.1 KB/sec)
[INFO] Downloading: http://insecure.repo1.maven.org/maven2/io/reactivex/rxjava/1.0.0/rxjava-1.0.0.jar
[INFO] Downloaded: http://insecure.repo1.maven.org/maven2/com/squareup/okio/okio/1.2.0/okio-1.2.0.jar (54 KB at 495.9 KB/sec)
[INFO] Downloading: http://insecure.repo1.maven.org/maven2/junit/junit/4.11/junit-4.11.jar
[INFO] Downloaded: http://insecure.repo1.maven.org/maven2/org/apache/httpcomponents/httpclient/4.0.1/httpclient-4.0.1.jar (285 KB at 507.5 KB/sec)
[INFO] Downloading: http://insecure.repo1.maven.org/maven2/org/hamcrest/hamcrest-core/1.3/hamcrest-core-1.3.jar
[INFO] Downloaded: http://insecure.repo1.maven.org/maven2/org/hamcrest/hamcrest-core/1.3/hamcrest-core-1.3.jar (44 KB at 422.8 KB/sec)
[INFO] Downloading: http://insecure.repo1.maven.org/maven2/org/assertj/assertj-core/1.7.0/assertj-core-1.7.0.jar
[INFO] Downloaded: http://insecure.repo1.maven.org/maven2/com/squareup/okhttp/okhttp/2.2.0/okhttp-2.2.0.jar (304 KB at 611.2 KB/sec)
[INFO] Downloading: http://insecure.repo1.maven.org/maven2/org/mockito/mockito-core/1.9.5/mockito-core-1.9.5.jar
[INFO] Downloaded: http://insecure.repo1.maven.org/maven2/junit/junit/4.11/junit-4.11.jar (240 KB at 533.0 KB/sec)
[INFO] Downloading: http://insecure.repo1.maven.org/maven2/org/objenesis/objenesis/1.0/objenesis-1.0.jar
[INFO] Downloaded: http://insecure.repo1.maven.org/maven2/org/objenesis/objenesis/1.0/objenesis-1.0.jar (28 KB at 387.5 KB/sec)
[INFO] Downloading: http://insecure.repo1.maven.org/maven2/com/google/guava/guava/18.0/guava-18.0.jar
[INFO] Downloaded: http://insecure.repo1.maven.org/maven2/io/reactivex/rxjava/1.0.0/rxjava-1.0.0.jar (658 KB at 475.3 KB/sec)
[INFO] Downloading: http://insecure.repo1.maven.org/maven2/com/squareup/okhttp/mockwebserver/2.2.0/mockwebserver-2.2.0.jar
[INFO] Downloaded: http://insecure.repo1.maven.org/maven2/org/assertj/assertj-core/1.7.0/assertj-core-1.7.0.jar (605 KB at 505.0 KB/sec)
[INFO] Downloading: http://insecure.repo1.maven.org/maven2/org/bouncycastle/bcprov-jdk15on/1.50/bcprov-jdk15on-1.50.jar
[INFO] Downloaded: http://insecure.repo1.maven.org/maven2/com/squareup/okhttp/mockwebserver/2.2.0/mockwebserver-2.2.0.jar (40 KB at 481.4 KB/sec)
[INFO] Downloaded: http://insecure.repo1.maven.org/maven2/org/mockito/mockito-core/1.9.5/mockito-core-1.9.5.jar (1465 KB at 620.2 KB/sec)
[INFO] Downloaded: http://insecure.repo1.maven.org/maven2/com/google/android/android/4.1.1.4/android-4.1.1.4.jar (12645 KB at 3713.4 KB/sec)
[INFO] Downloaded: http://insecure.repo1.maven.org/maven2/com/google/guava/guava/18.0/guava-18.0.jar (2204 KB at 529.1 KB/sec)
[INFO] Downloaded: http://insecure.repo1.maven.org/maven2/org/bouncycastle/bcprov-jdk15on/1.50/bcprov-jdk15on-1.50.jar (2669 KB at 557.5 KB/sec)
[INFO] Downloading: https://oss.sonatype.org/content/repositories/releases/com/google/code/gson/gson/2.3.1/gson-2.3.1.jar
[INFO] Downloading: https://oss.sonatype.org/content/repositories/releases/com/google/android/android/4.1.1.4/android-4.1.1.4.jar
[INFO] Downloading: https://oss.sonatype.org/content/repositories/releases/commons-logging/commons-logging/1.1.1/commons-logging-1.1.1.jar
[INFO] Downloading: https://oss.sonatype.org/content/repositories/releases/org/apache/httpcomponents/httpclient/4.0.1/httpclient-4.0.1.jar
[INFO] Downloading: https://oss.sonatype.org/content/repositories/releases/org/khronos/opengl-api/gl1.1-android-2.1_r1/opengl-api-gl1.1-android-2.1_r1.jar
[INFO] Downloaded: https://oss.sonatype.org/content/repositories/releases/com/google/code/gson/gson/2.3.1/gson-2.3.1.jar (206 KB at 720.0 KB/sec)
[INFO] Downloading: https://oss.sonatype.org/content/repositories/releases/xerces/xmlParserAPIs/2.6.2/xmlParserAPIs-2.6.2.jar
[INFO] Downloaded: https://oss.sonatype.org/content/repositories/releases/xerces/xmlParserAPIs/2.6.2/xmlParserAPIs-2.6.2.jar (122 KB at 415.7 KB/sec)
[INFO] Downloading: https://oss.sonatype.org/content/repositories/releases/xpp3/xpp3/1.1.4c/xpp3-1.1.4c.jar
[INFO] Downloaded: https://oss.sonatype.org/content/repositories/releases/commons-logging/commons-logging/1.1.1/commons-logging-1.1.1.jar (60 KB at 83.8 KB/sec)
[INFO] Downloading: https://oss.sonatype.org/content/repositories/releases/org/json/json/20080701/json-20080701.jar
[INFO] Downloaded: https://oss.sonatype.org/content/repositories/releases/org/khronos/opengl-api/gl1.1-android-2.1_r1/opengl-api-gl1.1-android-2.1_r1.jar (19 KB at 25.3 KB/sec)
[INFO] Downloading: https://oss.sonatype.org/content/repositories/releases/com/squareup/okhttp/okhttp/2.2.0/okhttp-2.2.0.jar
[INFO] Downloaded: https://oss.sonatype.org/content/repositories/releases/org/apache/httpcomponents/httpclient/4.0.1/httpclient-4.0.1.jar (285 KB at 382.5 KB/sec)
[INFO] Downloading: https://oss.sonatype.org/content/repositories/releases/com/squareup/okio/okio/1.2.0/okio-1.2.0.jar
[INFO] Downloaded: https://oss.sonatype.org/content/repositories/releases/xpp3/xpp3/1.1.4c/xpp3-1.1.4c.jar (118 KB at 458.0 KB/sec)
[INFO] Downloading: https://oss.sonatype.org/content/repositories/releases/io/reactivex/rxjava/1.0.0/rxjava-1.0.0.jar
[INFO] Downloaded: https://oss.sonatype.org/content/repositories/releases/org/json/json/20080701/json-20080701.jar (37 KB at 164.4 KB/sec)
[INFO] Downloading: https://oss.sonatype.org/content/repositories/releases/junit/junit/4.11/junit-4.11.jar
[INFO] Downloaded: https://oss.sonatype.org/content/repositories/releases/com/squareup/okio/okio/1.2.0/okio-1.2.0.jar (54 KB at 226.0 KB/sec)
[INFO] Downloading: https://oss.sonatype.org/content/repositories/releases/org/hamcrest/hamcrest-core/1.3/hamcrest-core-1.3.jar
[INFO] Downloaded: https://oss.sonatype.org/content/repositories/releases/com/squareup/okhttp/okhttp/2.2.0/okhttp-2.2.0.jar (304 KB at 934.7 KB/sec)
[INFO] Downloading: https://oss.sonatype.org/content/repositories/releases/org/assertj/assertj-core/1.7.0/assertj-core-1.7.0.jar
[INFO] Downloaded: https://oss.sonatype.org/content/repositories/releases/org/hamcrest/hamcrest-core/1.3/hamcrest-core-1.3.jar (44 KB at 190.3 KB/sec)
[INFO] Downloading: https://oss.sonatype.org/content/repositories/releases/org/mockito/mockito-core/1.9.5/mockito-core-1.9.5.jar
[INFO] Downloaded: https://oss.sonatype.org/content/repositories/releases/junit/junit/4.11/junit-4.11.jar (240 KB at 819.5 KB/sec)
[INFO] Downloading: https://oss.sonatype.org/content/repositories/releases/org/objenesis/objenesis/1.0/objenesis-1.0.jar
[INFO] Downloaded: https://oss.sonatype.org/content/repositories/releases/io/reactivex/rxjava/1.0.0/rxjava-1.0.0.jar (658 KB at 1323.6 KB/sec)
[INFO] Downloading: https://oss.sonatype.org/content/repositories/releases/com/google/guava/guava/18.0/guava-18.0.jar
[INFO] Downloaded: https://oss.sonatype.org/content/repositories/releases/org/objenesis/objenesis/1.0/objenesis-1.0.jar (28 KB at 124.0 KB/sec)
[INFO] Downloading: https://oss.sonatype.org/content/repositories/releases/com/squareup/okhttp/mockwebserver/2.2.0/mockwebserver-2.2.0.jar
[INFO] Downloaded: https://oss.sonatype.org/content/repositories/releases/org/assertj/assertj-core/1.7.0/assertj-core-1.7.0.jar (605 KB at 1280.6 KB/sec)
[INFO] Downloading: https://oss.sonatype.org/content/repositories/releases/org/bouncycastle/bcprov-jdk15on/1.50/bcprov-jdk15on-1.50.jar
[INFO] Downloaded: https://oss.sonatype.org/content/repositories/releases/com/squareup/okhttp/mockwebserver/2.2.0/mockwebserver-2.2.0.jar (40 KB at 169.4 KB/sec)
[INFO] Downloaded: https://oss.sonatype.org/content/repositories/releases/org/mockito/mockito-core/1.9.5/mockito-core-1.9.5.jar (1465 KB at 1892.6 KB/sec)
[INFO] Downloaded: https://oss.sonatype.org/content/repositories/releases/com/google/guava/guava/18.0/guava-18.0.jar (2204 KB at 2371.7 KB/sec)
[INFO] Downloaded: https://oss.sonatype.org/content/repositories/releases/org/bouncycastle/bcprov-jdk15on/1.50/bcprov-jdk15on-1.50.jar (2669 KB at 2441.6 KB/sec)
[INFO] Downloaded: https://oss.sonatype.org/content/repositories/releases/com/google/android/android/4.1.1.4/android-4.1.1.4.jar (12645 KB at 2714.5 KB/sec)
[INFO] Downloading: https://repository.apache.org/releases/com/google/code/gson/gson/2.3.1/gson-2.3.1.jar
[INFO] Downloading: https://repository.apache.org/releases/com/google/android/android/4.1.1.4/android-4.1.1.4.jar
[INFO] Downloading: https://repository.apache.org/releases/commons-logging/commons-logging/1.1.1/commons-logging-1.1.1.jar
[INFO] Downloading: https://repository.apache.org/releases/org/apache/httpcomponents/httpclient/4.0.1/httpclient-4.0.1.jar
[INFO] Downloading: https://repository.apache.org/releases/org/khronos/opengl-api/gl1.1-android-2.1_r1/opengl-api-gl1.1-android-2.1_r1.jar
[INFO] Downloading: https://repository.apache.org/releases/xerces/xmlParserAPIs/2.6.2/xmlParserAPIs-2.6.2.jar
[INFO] Downloading: https://repository.apache.org/releases/xpp3/xpp3/1.1.4c/xpp3-1.1.4c.jar
[INFO] Downloading: https://repository.apache.org/releases/org/json/json/20080701/json-20080701.jar
[INFO] Downloading: https://repository.apache.org/releases/com/squareup/okhttp/okhttp/2.2.0/okhttp-2.2.0.jar
[INFO] Downloading: https://repository.apache.org/releases/com/squareup/okio/okio/1.2.0/okio-1.2.0.jar
[INFO] Downloading: https://repository.apache.org/releases/io/reactivex/rxjava/1.0.0/rxjava-1.0.0.jar
[INFO] Downloading: https://repository.apache.org/releases/junit/junit/4.11/junit-4.11.jar
[INFO] Downloading: https://repository.apache.org/releases/org/hamcrest/hamcrest-core/1.3/hamcrest-core-1.3.jar
[INFO] Downloading: https://repository.apache.org/releases/org/assertj/assertj-core/1.7.0/assertj-core-1.7.0.jar
[INFO] Downloading: https://repository.apache.org/releases/org/mockito/mockito-core/1.9.5/mockito-core-1.9.5.jar
[INFO] Downloading: https://repository.apache.org/releases/org/objenesis/objenesis/1.0/objenesis-1.0.jar
[INFO] Downloading: https://repository.apache.org/releases/com/google/guava/guava/18.0/guava-18.0.jar
[INFO] Downloading: https://repository.apache.org/releases/com/squareup/okhttp/mockwebserver/2.2.0/mockwebserver-2.2.0.jar
[INFO] Downloading: https://repository.apache.org/releases/org/bouncycastle/bcprov-jdk15on/1.50/bcprov-jdk15on-1.50.jar
[INFO] 
[INFO] --- maven-enforcer-plugin:1.0:enforce (enforce-maven) @ retrofit ---
[INFO] 
[INFO] --- maven-resources-plugin:2.6:resources (default-resources) @ retrofit ---
[INFO] Downloading: https://repo.maven.apache.org/maven2/org/apache/maven/maven-core/2.0.6/maven-core-2.0.6.pom
[INFO] Downloaded: https://repo.maven.apache.org/maven2/org/apache/maven/maven-core/2.0.6/maven-core-2.0.6.pom (7 KB at 364.1 KB/sec)
[INFO] Downloading: https://repo.maven.apache.org/maven2/org/apache/maven/maven-plugin-parameter-documenter/2.0.6/maven-plugin-parameter-documenter-2.0.6.pom
[INFO] Downloaded: https://repo.maven.apache.org/maven2/org/apache/maven/maven-plugin-parameter-documenter/2.0.6/maven-plugin-parameter-documenter-2.0.6.pom (2 KB at 116.6 KB/sec)
[INFO] Downloading: https://repo.maven.apache.org/maven2/org/apache/maven/maven-error-diagnostics/2.0.6/maven-error-diagnostics-2.0.6.pom
[INFO] Downloaded: https://repo.maven.apache.org/maven2/org/apache/maven/maven-error-diagnostics/2.0.6/maven-error-diagnostics-2.0.6.pom (2 KB at 104.0 KB/sec)
[INFO] Downloading: https://repo.maven.apache.org/maven2/org/apache/maven/maven-plugin-descriptor/2.0.6/maven-plugin-descriptor-2.0.6.pom
[INFO] Downloaded: https://repo.maven.apache.org/maven2/org/apache/maven/maven-plugin-descriptor/2.0.6/maven-plugin-descriptor-2.0.6.pom (2 KB at 123.2 KB/sec)
[INFO] Downloading: https://repo.maven.apache.org/maven2/org/apache/maven/maven-monitor/2.0.6/maven-monitor-2.0.6.pom
[INFO] Downloaded: https://repo.maven.apache.org/maven2/org/apache/maven/maven-monitor/2.0.6/maven-monitor-2.0.6.pom (2 KB at 81.6 KB/sec)
[INFO] Downloading: https://repo.maven.apache.org/maven2/org/apache/maven/shared/maven-filtering/1.1/maven-filtering-1.1.pom
[INFO] Downloaded: https://repo.maven.apache.org/maven2/org/apache/maven/shared/maven-filtering/1.1/maven-filtering-1.1.pom (6 KB at 314.1 KB/sec)
[INFO] Downloading: https://repo.maven.apache.org/maven2/org/codehaus/plexus/plexus-interpolation/1.12/plexus-interpolation-1.12.pom
[INFO] Downloaded: https://repo.maven.apache.org/maven2/org/codehaus/plexus/plexus-interpolation/1.12/plexus-interpolation-1.12.pom (889 B at 57.9 KB/sec)
[INFO] Downloading: https://repo.maven.apache.org/maven2/org/sonatype/plexus/plexus-build-api/0.0.4/plexus-build-api-0.0.4.pom
[INFO] Downloaded: https://repo.maven.apache.org/maven2/org/sonatype/plexus/plexus-build-api/0.0.4/plexus-build-api-0.0.4.pom (3 KB at 174.7 KB/sec)
[INFO] Downloading: https://repo.maven.apache.org/maven2/org/sonatype/spice/spice-parent/10/spice-parent-10.pom
[INFO] Downloaded: https://repo.maven.apache.org/maven2/org/sonatype/spice/spice-parent/10/spice-parent-10.pom (3 KB at 184.0 KB/sec)
[INFO] Downloading: https://repo.maven.apache.org/maven2/org/sonatype/forge/forge-parent/3/forge-parent-3.pom
[INFO] Downloaded: https://repo.maven.apache.org/maven2/org/sonatype/forge/forge-parent/3/forge-parent-3.pom (5 KB at 289.1 KB/sec)
[INFO] Downloading: https://repo.maven.apache.org/maven2/org/apache/maven/reporting/maven-reporting-api/2.0.6/maven-reporting-api-2.0.6.jar
[INFO] Downloading: https://repo.maven.apache.org/maven2/org/apache/maven/doxia/doxia-sink-api/1.0-alpha-7/doxia-sink-api-1.0-alpha-7.jar
[INFO] Downloading: https://repo.maven.apache.org/maven2/org/apache/maven/shared/maven-filtering/1.1/maven-filtering-1.1.jar
[INFO] Downloading: https://repo.maven.apache.org/maven2/org/sonatype/plexus/plexus-build-api/0.0.4/plexus-build-api-0.0.4.jar
[INFO] Downloaded: https://repo.maven.apache.org/maven2/org/apache/maven/reporting/maven-reporting-api/2.0.6/maven-reporting-api-2.0.6.jar (10 KB at 539.3 KB/sec)
[INFO] Downloaded: https://repo.maven.apache.org/maven2/org/sonatype/plexus/plexus-build-api/0.0.4/plexus-build-api-0.0.4.jar (7 KB at 369.4 KB/sec)
[INFO] Downloaded: https://repo.maven.apache.org/maven2/org/apache/maven/doxia/doxia-sink-api/1.0-alpha-7/doxia-sink-api-1.0-alpha-7.jar (6 KB at 276.0 KB/sec)
[INFO] Downloaded: https://repo.maven.apache.org/maven2/org/apache/maven/shared/maven-filtering/1.1/maven-filtering-1.1.jar (43 KB at 956.7 KB/sec)
[INFO] Using 'UTF-8' encoding to copy filtered resources.
[INFO] skip non existing resourceDirectory /home/travis/build/failed/square/retrofit/retrofit/src/main/resources
[INFO] 
[INFO] --- maven-compiler-plugin:3.0:compile (default-compile) @ retrofit ---
[INFO] Downloading: https://repo.maven.apache.org/maven2/org/codehaus/plexus/plexus-utils/1.5.1/plexus-utils-1.5.1.pom
[INFO] Downloaded: https://repo.maven.apache.org/maven2/org/codehaus/plexus/plexus-utils/1.5.1/plexus-utils-1.5.1.pom (3 KB at 86.2 KB/sec)
[INFO] Downloading: https://repo.maven.apache.org/maven2/org/apache/maven/maven-toolchain/1.0/maven-toolchain-1.0.pom
[INFO] Downloaded: https://repo.maven.apache.org/maven2/org/apache/maven/maven-toolchain/1.0/maven-toolchain-1.0.pom (4 KB at 196.1 KB/sec)
[INFO] Downloading: https://repo.maven.apache.org/maven2/org/apache/maven/shared/maven-shared-utils/0.1/maven-shared-utils-0.1.pom
[INFO] Downloaded: https://repo.maven.apache.org/maven2/org/apache/maven/shared/maven-shared-utils/0.1/maven-shared-utils-0.1.pom (4 KB at 247.0 KB/sec)
[INFO] Downloading: https://repo.maven.apache.org/maven2/org/apache/maven/shared/maven-shared-components/18/maven-shared-components-18.pom
[INFO] Downloaded: https://repo.maven.apache.org/maven2/org/apache/maven/shared/maven-shared-components/18/maven-shared-components-18.pom (5 KB at 301.1 KB/sec)
[INFO] Downloading: https://repo.maven.apache.org/maven2/com/google/code/findbugs/jsr305/2.0.1/jsr305-2.0.1.pom
[INFO] Downloaded: https://repo.maven.apache.org/maven2/com/google/code/findbugs/jsr305/2.0.1/jsr305-2.0.1.pom (965 B at 62.8 KB/sec)
[INFO] Downloading: https://repo.maven.apache.org/maven2/org/apache/maven/shared/maven-shared-incremental/1.0/maven-shared-incremental-1.0.pom
[INFO] Downloaded: https://repo.maven.apache.org/maven2/org/apache/maven/shared/maven-shared-incremental/1.0/maven-shared-incremental-1.0.pom (5 KB at 220.5 KB/sec)
[INFO] Downloading: https://repo.maven.apache.org/maven2/org/apache/maven/maven-core/2.2.1/maven-core-2.2.1.pom
[INFO] Downloaded: https://repo.maven.apache.org/maven2/org/apache/maven/maven-core/2.2.1/maven-core-2.2.1.pom (12 KB at 516.4 KB/sec)
[INFO] Downloading: https://repo.maven.apache.org/maven2/org/apache/maven/maven-plugin-parameter-documenter/2.2.1/maven-plugin-parameter-documenter-2.2.1.pom
[INFO] Downloaded: https://repo.maven.apache.org/maven2/org/apache/maven/maven-plugin-parameter-documenter/2.2.1/maven-plugin-parameter-documenter-2.2.1.pom (2 KB at 91.0 KB/sec)
[INFO] Downloading: https://repo.maven.apache.org/maven2/org/slf4j/slf4j-jdk14/1.5.6/slf4j-jdk14-1.5.6.pom
[INFO] Downloaded: https://repo.maven.apache.org/maven2/org/slf4j/slf4j-jdk14/1.5.6/slf4j-jdk14-1.5.6.pom (2 KB at 115.8 KB/sec)
[INFO] Downloading: https://repo.maven.apache.org/maven2/org/slf4j/slf4j-parent/1.5.6/slf4j-parent-1.5.6.pom
[INFO] Downloaded: https://repo.maven.apache.org/maven2/org/slf4j/slf4j-parent/1.5.6/slf4j-parent-1.5.6.pom (8 KB at 351.6 KB/sec)
[INFO] Downloading: https://repo.maven.apache.org/maven2/org/slf4j/slf4j-api/1.5.6/slf4j-api-1.5.6.pom
[INFO] Downloaded: https://repo.maven.apache.org/maven2/org/slf4j/slf4j-api/1.5.6/slf4j-api-1.5.6.pom (3 KB at 194.3 KB/sec)
[INFO] Downloading: https://repo.maven.apache.org/maven2/org/slf4j/jcl-over-slf4j/1.5.6/jcl-over-slf4j-1.5.6.pom
[INFO] Downloaded: https://repo.maven.apache.org/maven2/org/slf4j/jcl-over-slf4j/1.5.6/jcl-over-slf4j-1.5.6.pom (3 KB at 162.9 KB/sec)
[INFO] Downloading: https://repo.maven.apache.org/maven2/org/apache/maven/maven-error-diagnostics/2.2.1/maven-error-diagnostics-2.2.1.pom
[INFO] Downloaded: https://repo.maven.apache.org/maven2/org/apache/maven/maven-error-diagnostics/2.2.1/maven-error-diagnostics-2.2.1.pom (2 KB at 119.1 KB/sec)
[INFO] Downloading: https://repo.maven.apache.org/maven2/org/apache/maven/maven-plugin-descriptor/2.2.1/maven-plugin-descriptor-2.2.1.pom
[INFO] Downloaded: https://repo.maven.apache.org/maven2/org/apache/maven/maven-plugin-descriptor/2.2.1/maven-plugin-descriptor-2.2.1.pom (3 KB at 134.4 KB/sec)
[INFO] Downloading: https://repo.maven.apache.org/maven2/org/apache/maven/maven-monitor/2.2.1/maven-monitor-2.2.1.pom
[INFO] Downloaded: https://repo.maven.apache.org/maven2/org/apache/maven/maven-monitor/2.2.1/maven-monitor-2.2.1.pom (2 KB at 81.8 KB/sec)
[INFO] Downloading: https://repo.maven.apache.org/maven2/org/sonatype/plexus/plexus-sec-dispatcher/1.3/plexus-sec-dispatcher-1.3.pom
[INFO] Downloaded: https://repo.maven.apache.org/maven2/org/sonatype/plexus/plexus-sec-dispatcher/1.3/plexus-sec-dispatcher-1.3.pom (3 KB at 152.2 KB/sec)
[INFO] Downloading: https://repo.maven.apache.org/maven2/org/sonatype/spice/spice-parent/12/spice-parent-12.pom
[INFO] Downloaded: https://repo.maven.apache.org/maven2/org/sonatype/spice/spice-parent/12/spice-parent-12.pom (7 KB at 390.5 KB/sec)
[INFO] Downloading: https://repo.maven.apache.org/maven2/org/sonatype/forge/forge-parent/4/forge-parent-4.pom
[INFO] Downloaded: https://repo.maven.apache.org/maven2/org/sonatype/forge/forge-parent/4/forge-parent-4.pom (9 KB at 315.4 KB/sec)
[INFO] Downloading: https://repo.maven.apache.org/maven2/org/sonatype/plexus/plexus-cipher/1.4/plexus-cipher-1.4.pom
[INFO] Downloaded: https://repo.maven.apache.org/maven2/org/sonatype/plexus/plexus-cipher/1.4/plexus-cipher-1.4.pom (3 KB at 134.4 KB/sec)
[INFO] Downloading: https://repo.maven.apache.org/maven2/org/codehaus/plexus/plexus-component-annotations/1.5.5/plexus-component-annotations-1.5.5.pom
[INFO] Downloaded: https://repo.maven.apache.org/maven2/org/codehaus/plexus/plexus-component-annotations/1.5.5/plexus-component-annotations-1.5.5.pom (815 B at 61.2 KB/sec)
[INFO] Downloading: https://repo.maven.apache.org/maven2/org/codehaus/plexus/plexus-containers/1.5.5/plexus-containers-1.5.5.pom
[INFO] Downloaded: https://repo.maven.apache.org/maven2/org/codehaus/plexus/plexus-containers/1.5.5/plexus-containers-1.5.5.pom (5 KB at 180.0 KB/sec)
[INFO] Downloading: https://repo.maven.apache.org/maven2/org/codehaus/plexus/plexus/2.0.7/plexus-2.0.7.pom
[INFO] Downloaded: https://repo.maven.apache.org/maven2/org/codehaus/plexus/plexus/2.0.7/plexus-2.0.7.pom (17 KB at 649.6 KB/sec)
[INFO] Downloading: https://repo.maven.apache.org/maven2/org/codehaus/plexus/plexus-compiler-api/2.0/plexus-compiler-api-2.0.pom
[INFO] Downloaded: https://repo.maven.apache.org/maven2/org/codehaus/plexus/plexus-compiler-api/2.0/plexus-compiler-api-2.0.pom (865 B at 56.3 KB/sec)
[INFO] Downloading: https://repo.maven.apache.org/maven2/org/codehaus/plexus/plexus-compiler/2.0/plexus-compiler-2.0.pom
[INFO] Downloaded: https://repo.maven.apache.org/maven2/org/codehaus/plexus/plexus-compiler/2.0/plexus-compiler-2.0.pom (4 KB at 220.5 KB/sec)
[INFO] Downloading: https://repo.maven.apache.org/maven2/org/codehaus/plexus/plexus-components/1.3/plexus-components-1.3.pom
[INFO] Downloaded: https://repo.maven.apache.org/maven2/org/codehaus/plexus/plexus-components/1.3/plexus-components-1.3.pom (3 KB at 199.1 KB/sec)
[INFO] Downloading: https://repo.maven.apache.org/maven2/org/codehaus/plexus/plexus/3.3/plexus-3.3.pom
[INFO] Downloaded: https://repo.maven.apache.org/maven2/org/codehaus/plexus/plexus/3.3/plexus-3.3.pom (20 KB at 555.2 KB/sec)
[INFO] Downloading: https://repo.maven.apache.org/maven2/org/codehaus/plexus/plexus-utils/3.0.8/plexus-utils-3.0.8.pom
[INFO] Downloaded: https://repo.maven.apache.org/maven2/org/codehaus/plexus/plexus-utils/3.0.8/plexus-utils-3.0.8.pom (4 KB at 170.5 KB/sec)
[INFO] Downloading: https://repo.maven.apache.org/maven2/org/codehaus/plexus/plexus/3.2/plexus-3.2.pom
[INFO] Downloaded: https://repo.maven.apache.org/maven2/org/codehaus/plexus/plexus/3.2/plexus-3.2.pom (19 KB at 915.3 KB/sec)
[INFO] Downloading: https://repo.maven.apache.org/maven2/org/codehaus/plexus/plexus-compiler-manager/2.0/plexus-compiler-manager-2.0.pom
[INFO] Downloaded: https://repo.maven.apache.org/maven2/org/codehaus/plexus/plexus-compiler-manager/2.0/plexus-compiler-manager-2.0.pom (690 B at 28.1 KB/sec)
[INFO] Downloading: https://repo.maven.apache.org/maven2/org/codehaus/plexus/plexus-compiler-javac/2.0/plexus-compiler-javac-2.0.pom
[INFO] Downloaded: https://repo.maven.apache.org/maven2/org/codehaus/plexus/plexus-compiler-javac/2.0/plexus-compiler-javac-2.0.pom (769 B at 34.1 KB/sec)
[INFO] Downloading: https://repo.maven.apache.org/maven2/org/codehaus/plexus/plexus-compilers/2.0/plexus-compilers-2.0.pom
[INFO] Downloaded: https://repo.maven.apache.org/maven2/org/codehaus/plexus/plexus-compilers/2.0/plexus-compilers-2.0.pom (2 KB at 71.3 KB/sec)
[INFO] Downloading: https://repo.maven.apache.org/maven2/org/codehaus/plexus/plexus-container-default/1.5.5/plexus-container-default-1.5.5.pom
[INFO] Downloaded: https://repo.maven.apache.org/maven2/org/codehaus/plexus/plexus-container-default/1.5.5/plexus-container-default-1.5.5.pom (3 KB at 179.4 KB/sec)
[INFO] Downloading: https://repo.maven.apache.org/maven2/org/codehaus/plexus/plexus-classworlds/2.2.2/plexus-classworlds-2.2.2.pom
[INFO] Downloaded: https://repo.maven.apache.org/maven2/org/codehaus/plexus/plexus-classworlds/2.2.2/plexus-classworlds-2.2.2.pom (4 KB at 135.8 KB/sec)
[INFO] Downloading: https://repo.maven.apache.org/maven2/org/apache/xbean/xbean-reflect/3.4/xbean-reflect-3.4.pom
[INFO] Downloaded: https://repo.maven.apache.org/maven2/org/apache/xbean/xbean-reflect/3.4/xbean-reflect-3.4.pom (3 KB at 171.4 KB/sec)
[INFO] Downloading: https://repo.maven.apache.org/maven2/org/apache/xbean/xbean/3.4/xbean-3.4.pom
[INFO] Downloaded: https://repo.maven.apache.org/maven2/org/apache/xbean/xbean/3.4/xbean-3.4.pom (19 KB at 754.1 KB/sec)
[INFO] Downloading: https://repo.maven.apache.org/maven2/log4j/log4j/1.2.12/log4j-1.2.12.pom
[INFO] Downloaded: https://repo.maven.apache.org/maven2/log4j/log4j/1.2.12/log4j-1.2.12.pom (145 B at 8.9 KB/sec)
[INFO] Downloading: https://repo.maven.apache.org/maven2/commons-logging/commons-logging-api/1.1/commons-logging-api-1.1.pom
[INFO] Downloaded: https://repo.maven.apache.org/maven2/commons-logging/commons-logging-api/1.1/commons-logging-api-1.1.pom (6 KB at 290.1 KB/sec)
[INFO] Downloading: https://repo.maven.apache.org/maven2/org/codehaus/plexus/plexus-utils/1.5.1/plexus-utils-1.5.1.jar
[INFO] Downloading: https://repo.maven.apache.org/maven2/org/apache/maven/shared/maven-shared-utils/0.1/maven-shared-utils-0.1.jar
[INFO] Downloading: https://repo.maven.apache.org/maven2/com/google/code/findbugs/jsr305/2.0.1/jsr305-2.0.1.jar
[INFO] Downloading: https://repo.maven.apache.org/maven2/org/apache/maven/shared/maven-shared-incremental/1.0/maven-shared-incremental-1.0.jar
[INFO] Downloading: https://repo.maven.apache.org/maven2/org/codehaus/plexus/plexus-component-annotations/1.5.5/plexus-component-annotations-1.5.5.jar
[INFO] Downloaded: https://repo.maven.apache.org/maven2/org/codehaus/plexus/plexus-component-annotations/1.5.5/plexus-component-annotations-1.5.5.jar (5 KB at 293.7 KB/sec)
[INFO] Downloading: https://repo.maven.apache.org/maven2/org/codehaus/plexus/plexus-compiler-api/2.0/plexus-compiler-api-2.0.jar
[INFO] Downloaded: https://repo.maven.apache.org/maven2/org/apache/maven/shared/maven-shared-incremental/1.0/maven-shared-incremental-1.0.jar (13 KB at 482.6 KB/sec)
[INFO] Downloading: https://repo.maven.apache.org/maven2/org/codehaus/plexus/plexus-compiler-manager/2.0/plexus-compiler-manager-2.0.jar
[INFO] Downloaded: https://repo.maven.apache.org/maven2/com/google/code/findbugs/jsr305/2.0.1/jsr305-2.0.1.jar (32 KB at 1152.6 KB/sec)
[INFO] Downloading: https://repo.maven.apache.org/maven2/org/codehaus/plexus/plexus-compiler-javac/2.0/plexus-compiler-javac-2.0.jar
[INFO] Downloaded: https://repo.maven.apache.org/maven2/org/codehaus/plexus/plexus-compiler-api/2.0/plexus-compiler-api-2.0.jar (25 KB at 903.7 KB/sec)
[INFO] Downloading: https://repo.maven.apache.org/maven2/org/apache/xbean/xbean-reflect/3.4/xbean-reflect-3.4.jar
[INFO] Downloaded: https://repo.maven.apache.org/maven2/org/codehaus/plexus/plexus-compiler-javac/2.0/plexus-compiler-javac-2.0.jar (19 KB at 877.9 KB/sec)
[INFO] Downloading: https://repo.maven.apache.org/maven2/log4j/log4j/1.2.12/log4j-1.2.12.jar
[INFO] Downloaded: https://repo.maven.apache.org/maven2/org/codehaus/plexus/plexus-compiler-manager/2.0/plexus-compiler-manager-2.0.jar (5 KB at 139.3 KB/sec)
[INFO] Downloading: https://repo.maven.apache.org/maven2/commons-logging/commons-logging-api/1.1/commons-logging-api-1.1.jar
[INFO] Downloaded: https://repo.maven.apache.org/maven2/org/apache/maven/shared/maven-shared-utils/0.1/maven-shared-utils-0.1.jar (151 KB at 2395.2 KB/sec)
[INFO] Downloading: https://repo.maven.apache.org/maven2/junit/junit/3.8.2/junit-3.8.2.jar
[INFO] Downloaded: https://repo.maven.apache.org/maven2/commons-logging/commons-logging-api/1.1/commons-logging-api-1.1.jar (44 KB at 1555.5 KB/sec)
[INFO] Downloaded: https://repo.maven.apache.org/maven2/org/codehaus/plexus/plexus-utils/1.5.1/plexus-utils-1.5.1.jar (206 KB at 2078.2 KB/sec)
[INFO] Downloaded: https://repo.maven.apache.org/maven2/org/apache/xbean/xbean-reflect/3.4/xbean-reflect-3.4.jar (131 KB at 1950.6 KB/sec)
[INFO] Downloaded: https://repo.maven.apache.org/maven2/junit/junit/3.8.2/junit-3.8.2.jar (118 KB at 1931.4 KB/sec)
[INFO] Downloaded: https://repo.maven.apache.org/maven2/log4j/log4j/1.2.12/log4j-1.2.12.jar (350 KB at 2362.8 KB/sec)
[INFO] Changes detected - recompiling the module!
[INFO] Compiling 37 source files to /home/travis/build/failed/square/retrofit/retrofit/target/classes
[INFO] -------------------------------------------------------------
[WARNING] COMPILATION WARNING : 
[INFO] -------------------------------------------------------------
[WARNING] /home/travis/build/failed/square/retrofit/retrofit/src/main/java/retrofit/RestAdapter.java: /home/travis/build/failed/square/retrofit/retrofit/src/main/java/retrofit/RestAdapter.java uses unchecked or unsafe operations.
[WARNING] /home/travis/build/failed/square/retrofit/retrofit/src/main/java/retrofit/RestAdapter.java: Recompile with -Xlint:unchecked for details.
[INFO] 2 warnings 
[INFO] -------------------------------------------------------------
[INFO] -------------------------------------------------------------
[ERROR] COMPILATION ERROR : 
[INFO] -------------------------------------------------------------
[ERROR] /home/travis/build/failed/square/retrofit/retrofit/src/main/java/retrofit/converter/GsonConverter.java:[25,21] package retrofit.mime does not exist
[ERROR] /home/travis/build/failed/square/retrofit/retrofit/src/main/java/retrofit/converter/GsonConverter.java:[26,21] package retrofit.mime does not exist
[ERROR] /home/travis/build/failed/square/retrofit/retrofit/src/main/java/retrofit/converter/Converter.java:[20,21] package retrofit.mime does not exist
[ERROR] /home/travis/build/failed/square/retrofit/retrofit/src/main/java/retrofit/converter/Converter.java:[21,21] package retrofit.mime does not exist
[ERROR] /home/travis/build/failed/square/retrofit/retrofit/src/main/java/retrofit/converter/GsonConverter.java:[60,36] cannot find symbol
  symbol:   class TypedInput
  location: class retrofit.converter.GsonConverter
[ERROR] /home/travis/build/failed/square/retrofit/retrofit/src/main/java/retrofit/converter/GsonConverter.java:[79,20] cannot find symbol
  symbol:   class TypedOutput
  location: class retrofit.converter.GsonConverter
[ERROR] /home/travis/build/failed/square/retrofit/retrofit/src/main/java/retrofit/converter/Converter.java:[34,19] cannot find symbol
  symbol:   class TypedInput
  location: interface retrofit.converter.Converter
[ERROR] /home/travis/build/failed/square/retrofit/retrofit/src/main/java/retrofit/converter/Converter.java:[42,3] cannot find symbol
  symbol:   class TypedOutput
  location: interface retrofit.converter.Converter
[ERROR] /home/travis/build/failed/square/retrofit/retrofit/src/main/java/retrofit/converter/GsonConverter.java:[84,51] cannot find symbol
  symbol:   class TypedOutput
  location: class retrofit.converter.GsonConverter
[ERROR] /home/travis/build/failed/square/retrofit/retrofit/src/main/java/retrofit/RetrofitError.java:[22,21] package retrofit.mime does not exist
[ERROR] /home/travis/build/failed/square/retrofit/retrofit/src/main/java/retrofit/Utils.java:[30,21] package retrofit.mime does not exist
[ERROR] /home/travis/build/failed/square/retrofit/retrofit/src/main/java/retrofit/Utils.java:[31,21] package retrofit.mime does not exist
[ERROR] /home/travis/build/failed/square/retrofit/retrofit/src/main/java/retrofit/Utils.java:[82,46] cannot find symbol
  symbol:   class TypedOutput
  location: class retrofit.Utils
[ERROR] /home/travis/build/failed/square/retrofit/retrofit/src/main/java/retrofit/Utils.java:[99,10] cannot find symbol
  symbol:   class TypedInput
  location: class retrofit.Utils
[ERROR] /home/travis/build/failed/square/retrofit/retrofit/src/main/java/retrofit/http/Part.java:[24,28] package retrofit.mime does not exist
[ERROR] /home/travis/build/failed/square/retrofit/retrofit/src/main/java/retrofit/http/Part.java:[24,1] static import only from classes and interfaces
[ERROR] /home/travis/build/failed/square/retrofit/retrofit/src/main/java/retrofit/http/PartMap.java:[24,28] package retrofit.mime does not exist
[ERROR] /home/travis/build/failed/square/retrofit/retrofit/src/main/java/retrofit/http/PartMap.java:[24,1] static import only from classes and interfaces
[ERROR] /home/travis/build/failed/square/retrofit/retrofit/src/main/java/retrofit/RestAdapter.java:[34,21] package retrofit.mime does not exist
[ERROR] /home/travis/build/failed/square/retrofit/retrofit/src/main/java/retrofit/RestAdapter.java:[35,21] package retrofit.mime does not exist
[ERROR] /home/travis/build/failed/square/retrofit/retrofit/src/main/java/retrofit/ExceptionCatchingRequestBody.java:[6,21] package retrofit.mime does not exist
[ERROR] /home/travis/build/failed/square/retrofit/retrofit/src/main/java/retrofit/ExceptionCatchingRequestBody.java:[8,47] cannot find symbol
  symbol: class TypedInput
[ERROR] /home/travis/build/failed/square/retrofit/retrofit/src/main/java/retrofit/ExceptionCatchingRequestBody.java:[9,17] cannot find symbol
  symbol:   class TypedInput
  location: class retrofit.ExceptionCatchingRequestBody
[ERROR] /home/travis/build/failed/square/retrofit/retrofit/src/main/java/retrofit/ExceptionCatchingRequestBody.java:[12,32] cannot find symbol
  symbol:   class TypedInput
  location: class retrofit.ExceptionCatchingRequestBody
[ERROR] /home/travis/build/failed/square/retrofit/retrofit/src/main/java/retrofit/RequestBuilder.java:[37,21] package retrofit.mime does not exist
[ERROR] /home/travis/build/failed/square/retrofit/retrofit/src/main/java/retrofit/RequestBuilder.java:[38,21] package retrofit.mime does not exist
[ERROR] /home/travis/build/failed/square/retrofit/retrofit/src/main/java/retrofit/RequestBuilder.java:[39,21] package retrofit.mime does not exist
[ERROR] /home/travis/build/failed/square/retrofit/retrofit/src/main/java/retrofit/RequestBuilder.java:[40,21] package retrofit.mime does not exist
[ERROR] /home/travis/build/failed/square/retrofit/retrofit/src/main/java/retrofit/RequestBuilder.java:[51,17] cannot find symbol
  symbol:   class FormUrlEncodedTypedOutput
  location: class retrofit.RequestBuilder
[ERROR] /home/travis/build/failed/square/retrofit/retrofit/src/main/java/retrofit/RequestBuilder.java:[52,17] cannot find symbol
  symbol:   class MultipartTypedOutput
  location: class retrofit.RequestBuilder
[ERROR] /home/travis/build/failed/square/retrofit/retrofit/src/main/java/retrofit/RequestBuilder.java:[53,11] cannot find symbol
  symbol:   class TypedOutput
  location: class retrofit.RequestBuilder
[ERROR] /home/travis/build/failed/square/retrofit/retrofit/src/main/java/retrofit/RequestBuilder.java:[406,66] cannot find symbol
  symbol:   class TypedOutput
  location: class retrofit.RequestBuilder
[ERROR] /home/travis/build/failed/square/retrofit/retrofit/src/main/java/retrofit/RequestBuilder.java:[407,19] cannot find symbol
  symbol:   class TypedOutput
  location: class retrofit.RequestBuilder.MediaTypeOverridingTypedOutput
[ERROR] /home/travis/build/failed/square/retrofit/retrofit/src/main/java/retrofit/RequestBuilder.java:[410,36] cannot find symbol
  symbol:   class TypedOutput
  location: class retrofit.RequestBuilder.MediaTypeOverridingTypedOutput
[ERROR] /home/travis/build/failed/square/retrofit/retrofit/src/main/java/retrofit/http/Part.java:[58,29] cannot find symbol
  symbol:   variable DEFAULT_TRANSFER_ENCODING
  location: @interface retrofit.http.Part
[ERROR] /home/travis/build/failed/square/retrofit/retrofit/src/main/java/retrofit/http/PartMap.java:[54,29] cannot find symbol
  symbol:   variable DEFAULT_TRANSFER_ENCODING
  location: @interface retrofit.http.PartMap
[ERROR] /home/travis/build/failed/square/retrofit/retrofit/src/main/java/retrofit/converter/GsonConverter.java:[93,5] method does not override or implement a method from a supertype
[ERROR] /home/travis/build/failed/square/retrofit/retrofit/src/main/java/retrofit/converter/GsonConverter.java:[97,5] method does not override or implement a method from a supertype
[ERROR] /home/travis/build/failed/square/retrofit/retrofit/src/main/java/retrofit/converter/GsonConverter.java:[101,5] method does not override or implement a method from a supertype
[ERROR] /home/travis/build/failed/square/retrofit/retrofit/src/main/java/retrofit/converter/GsonConverter.java:[105,5] method does not override or implement a method from a supertype
[ERROR] /home/travis/build/failed/square/retrofit/retrofit/src/main/java/retrofit/RetrofitError.java:[120,5] cannot find symbol
  symbol:   class TypedInput
  location: class retrofit.RetrofitError
[ERROR] /home/travis/build/failed/square/retrofit/retrofit/src/main/java/retrofit/Utils.java:[101,16] cannot find symbol
  symbol:   class TypedInput
  location: class retrofit.Utils
[ERROR] /home/travis/build/failed/square/retrofit/retrofit/src/main/java/retrofit/RestAdapter.java:[296,7] cannot find symbol
  symbol:   class TypedInput
  location: class retrofit.RestAdapter.RestHandler
[ERROR] /home/travis/build/failed/square/retrofit/retrofit/src/main/java/retrofit/RestAdapter.java:[297,7] cannot find symbol
  symbol:   class ExceptionCatchingTypedInput
  location: class retrofit.RestAdapter.RestHandler
[ERROR] /home/travis/build/failed/square/retrofit/retrofit/src/main/java/retrofit/RestAdapter.java:[297,49] cannot find symbol
  symbol:   class ExceptionCatchingTypedInput
  location: class retrofit.RestAdapter.RestHandler
[ERROR] /home/travis/build/failed/square/retrofit/retrofit/src/main/java/retrofit/ExceptionCatchingRequestBody.java:[17,3] method does not override or implement a method from a supertype
[ERROR] /home/travis/build/failed/square/retrofit/retrofit/src/main/java/retrofit/ExceptionCatchingRequestBody.java:[21,3] method does not override or implement a method from a supertype
[ERROR] /home/travis/build/failed/square/retrofit/retrofit/src/main/java/retrofit/ExceptionCatchingRequestBody.java:[25,3] method does not override or implement a method from a supertype
[ERROR] /home/travis/build/failed/square/retrofit/retrofit/src/main/java/retrofit/RequestBuilder.java:[82,24] cannot find symbol
  symbol:   class FormUrlEncodedTypedOutput
  location: class retrofit.RequestBuilder
[ERROR] /home/travis/build/failed/square/retrofit/retrofit/src/main/java/retrofit/RequestBuilder.java:[88,29] cannot find symbol
  symbol:   class MultipartTypedOutput
  location: class retrofit.RequestBuilder
[ERROR] /home/travis/build/failed/square/retrofit/retrofit/src/main/java/retrofit/RequestBuilder.java:[316,32] cannot find symbol
  symbol:   class TypedOutput
  location: class retrofit.RequestBuilder
[ERROR] /home/travis/build/failed/square/retrofit/retrofit/src/main/java/retrofit/RequestBuilder.java:[317,60] cannot find symbol
  symbol:   class TypedOutput
  location: class retrofit.RequestBuilder
[ERROR] /home/travis/build/failed/square/retrofit/retrofit/src/main/java/retrofit/RequestBuilder.java:[319,63] cannot find symbol
  symbol:   class TypedString
  location: class retrofit.RequestBuilder
[ERROR] /home/travis/build/failed/square/retrofit/retrofit/src/main/java/retrofit/RequestBuilder.java:[337,41] cannot find symbol
  symbol:   class TypedOutput
  location: class retrofit.RequestBuilder
[ERROR] /home/travis/build/failed/square/retrofit/retrofit/src/main/java/retrofit/RequestBuilder.java:[338,69] cannot find symbol
  symbol:   class TypedOutput
  location: class retrofit.RequestBuilder
[ERROR] /home/travis/build/failed/square/retrofit/retrofit/src/main/java/retrofit/RequestBuilder.java:[341,25] cannot find symbol
  symbol:   class TypedString
  location: class retrofit.RequestBuilder
[ERROR] /home/travis/build/failed/square/retrofit/retrofit/src/main/java/retrofit/RequestBuilder.java:[353,30] cannot find symbol
  symbol:   class TypedOutput
  location: class retrofit.RequestBuilder
[ERROR] /home/travis/build/failed/square/retrofit/retrofit/src/main/java/retrofit/RequestBuilder.java:[354,19] cannot find symbol
  symbol:   class TypedOutput
  location: class retrofit.RequestBuilder
[ERROR] /home/travis/build/failed/square/retrofit/retrofit/src/main/java/retrofit/RequestBuilder.java:[384,5] cannot find symbol
  symbol:   class TypedOutput
  location: class retrofit.RequestBuilder
[ERROR] /home/travis/build/failed/square/retrofit/retrofit/src/main/java/retrofit/RequestBuilder.java:[415,5] method does not override or implement a method from a supertype
[ERROR] /home/travis/build/failed/square/retrofit/retrofit/src/main/java/retrofit/RequestBuilder.java:[419,5] method does not override or implement a method from a supertype
[ERROR] /home/travis/build/failed/square/retrofit/retrofit/src/main/java/retrofit/RequestBuilder.java:[423,5] method does not override or implement a method from a supertype
[ERROR] /home/travis/build/failed/square/retrofit/retrofit/src/main/java/retrofit/RequestBuilder.java:[427,5] method does not override or implement a method from a supertype
[INFO] 63 errors 
[INFO] -------------------------------------------------------------
[INFO] ------------------------------------------------------------------------
[INFO] Reactor Summary:
[INFO] 
[INFO] Retrofit (Parent) .................................. SUCCESS [  7.683 s]
[INFO] Retrofit ........................................... FAILURE [ 36.288 s]
[INFO] Converters ......................................... SKIPPED
[INFO] Converter: Protocol Buffers ........................ SKIPPED
[INFO] Converter: Jackson ................................. SKIPPED
[INFO] Converter: Wire Protocol Buffers ................... SKIPPED
[INFO] Converter: SimpleXML ............................... SKIPPED
[INFO] Retrofit Mock Adapter .............................. SKIPPED
[INFO] Samples ............................................ SKIPPED
[INFO] Sample: GitHub Client .............................. SKIPPED
[INFO] Sample: Mock GitHub Client ......................... SKIPPED
[INFO] ------------------------------------------------------------------------
[INFO] BUILD FAILURE
[INFO] ------------------------------------------------------------------------
[INFO] Total time: 52.805 s
[INFO] Finished at: 2022-07-15T14:42:03+00:00
[INFO] Final Memory: 26M/331M
[INFO] ------------------------------------------------------------------------
[ERROR] Failed to execute goal org.apache.maven.plugins:maven-compiler-plugin:3.0:compile (default-compile) on project retrofit: Compilation failure: Compilation failure:
[ERROR] /home/travis/build/failed/square/retrofit/retrofit/src/main/java/retrofit/converter/GsonConverter.java:[25,21] package retrofit.mime does not exist
[ERROR] /home/travis/build/failed/square/retrofit/retrofit/src/main/java/retrofit/converter/GsonConverter.java:[26,21] package retrofit.mime does not exist
[ERROR] /home/travis/build/failed/square/retrofit/retrofit/src/main/java/retrofit/converter/Converter.java:[20,21] package retrofit.mime does not exist
[ERROR] /home/travis/build/failed/square/retrofit/retrofit/src/main/java/retrofit/converter/Converter.java:[21,21] package retrofit.mime does not exist
[ERROR] /home/travis/build/failed/square/retrofit/retrofit/src/main/java/retrofit/converter/GsonConverter.java:[60,36] cannot find symbol
[ERROR] symbol:   class TypedInput
[ERROR] location: class retrofit.converter.GsonConverter
[ERROR] /home/travis/build/failed/square/retrofit/retrofit/src/main/java/retrofit/converter/GsonConverter.java:[79,20] cannot find symbol
[ERROR] symbol:   class TypedOutput
[ERROR] location: class retrofit.converter.GsonConverter
[ERROR] /home/travis/build/failed/square/retrofit/retrofit/src/main/java/retrofit/converter/Converter.java:[34,19] cannot find symbol
[ERROR] symbol:   class TypedInput
[ERROR] location: interface retrofit.converter.Converter
[ERROR] /home/travis/build/failed/square/retrofit/retrofit/src/main/java/retrofit/converter/Converter.java:[42,3] cannot find symbol
[ERROR] symbol:   class TypedOutput
[ERROR] location: interface retrofit.converter.Converter
[ERROR] /home/travis/build/failed/square/retrofit/retrofit/src/main/java/retrofit/converter/GsonConverter.java:[84,51] cannot find symbol
[ERROR] symbol:   class TypedOutput
[ERROR] location: class retrofit.converter.GsonConverter
[ERROR] /home/travis/build/failed/square/retrofit/retrofit/src/main/java/retrofit/RetrofitError.java:[22,21] package retrofit.mime does not exist
[ERROR] /home/travis/build/failed/square/retrofit/retrofit/src/main/java/retrofit/Utils.java:[30,21] package retrofit.mime does not exist
[ERROR] /home/travis/build/failed/square/retrofit/retrofit/src/main/java/retrofit/Utils.java:[31,21] package retrofit.mime does not exist
[ERROR] /home/travis/build/failed/square/retrofit/retrofit/src/main/java/retrofit/Utils.java:[82,46] cannot find symbol
[ERROR] symbol:   class TypedOutput
[ERROR] location: class retrofit.Utils
[ERROR] /home/travis/build/failed/square/retrofit/retrofit/src/main/java/retrofit/Utils.java:[99,10] cannot find symbol
[ERROR] symbol:   class TypedInput
[ERROR] location: class retrofit.Utils
[ERROR] /home/travis/build/failed/square/retrofit/retrofit/src/main/java/retrofit/http/Part.java:[24,28] package retrofit.mime does not exist
[ERROR] /home/travis/build/failed/square/retrofit/retrofit/src/main/java/retrofit/http/Part.java:[24,1] static import only from classes and interfaces
[ERROR] /home/travis/build/failed/square/retrofit/retrofit/src/main/java/retrofit/http/PartMap.java:[24,28] package retrofit.mime does not exist
[ERROR] /home/travis/build/failed/square/retrofit/retrofit/src/main/java/retrofit/http/PartMap.java:[24,1] static import only from classes and interfaces
[ERROR] /home/travis/build/failed/square/retrofit/retrofit/src/main/java/retrofit/RestAdapter.java:[34,21] package retrofit.mime does not exist
[ERROR] /home/travis/build/failed/square/retrofit/retrofit/src/main/java/retrofit/RestAdapter.java:[35,21] package retrofit.mime does not exist
[ERROR] /home/travis/build/failed/square/retrofit/retrofit/src/main/java/retrofit/ExceptionCatchingRequestBody.java:[6,21] package retrofit.mime does not exist
[ERROR] /home/travis/build/failed/square/retrofit/retrofit/src/main/java/retrofit/ExceptionCatchingRequestBody.java:[8,47] cannot find symbol
[ERROR] symbol: class TypedInput
[ERROR] /home/travis/build/failed/square/retrofit/retrofit/src/main/java/retrofit/ExceptionCatchingRequestBody.java:[9,17] cannot find symbol
[ERROR] symbol:   class TypedInput
[ERROR] location: class retrofit.ExceptionCatchingRequestBody
[ERROR] /home/travis/build/failed/square/retrofit/retrofit/src/main/java/retrofit/ExceptionCatchingRequestBody.java:[12,32] cannot find symbol
[ERROR] symbol:   class TypedInput
[ERROR] location: class retrofit.ExceptionCatchingRequestBody
[ERROR] /home/travis/build/failed/square/retrofit/retrofit/src/main/java/retrofit/RequestBuilder.java:[37,21] package retrofit.mime does not exist
[ERROR] /home/travis/build/failed/square/retrofit/retrofit/src/main/java/retrofit/RequestBuilder.java:[38,21] package retrofit.mime does not exist
[ERROR] /home/travis/build/failed/square/retrofit/retrofit/src/main/java/retrofit/RequestBuilder.java:[39,21] package retrofit.mime does not exist
[ERROR] /home/travis/build/failed/square/retrofit/retrofit/src/main/java/retrofit/RequestBuilder.java:[40,21] package retrofit.mime does not exist
[ERROR] /home/travis/build/failed/square/retrofit/retrofit/src/main/java/retrofit/RequestBuilder.java:[51,17] cannot find symbol
[ERROR] symbol:   class FormUrlEncodedTypedOutput
[ERROR] location: class retrofit.RequestBuilder
[ERROR] /home/travis/build/failed/square/retrofit/retrofit/src/main/java/retrofit/RequestBuilder.java:[52,17] cannot find symbol
[ERROR] symbol:   class MultipartTypedOutput
[ERROR] location: class retrofit.RequestBuilder
[ERROR] /home/travis/build/failed/square/retrofit/retrofit/src/main/java/retrofit/RequestBuilder.java:[53,11] cannot find symbol
[ERROR] symbol:   class TypedOutput
[ERROR] location: class retrofit.RequestBuilder
[ERROR] /home/travis/build/failed/square/retrofit/retrofit/src/main/java/retrofit/RequestBuilder.java:[406,66] cannot find symbol
[ERROR] symbol:   class TypedOutput
[ERROR] location: class retrofit.RequestBuilder
[ERROR] /home/travis/build/failed/square/retrofit/retrofit/src/main/java/retrofit/RequestBuilder.java:[407,19] cannot find symbol
[ERROR] symbol:   class TypedOutput
[ERROR] location: class retrofit.RequestBuilder.MediaTypeOverridingTypedOutput
[ERROR] /home/travis/build/failed/square/retrofit/retrofit/src/main/java/retrofit/RequestBuilder.java:[410,36] cannot find symbol
[ERROR] symbol:   class TypedOutput
[ERROR] location: class retrofit.RequestBuilder.MediaTypeOverridingTypedOutput
[ERROR] /home/travis/build/failed/square/retrofit/retrofit/src/main/java/retrofit/http/Part.java:[58,29] cannot find symbol
[ERROR] symbol:   variable DEFAULT_TRANSFER_ENCODING
[ERROR] location: @interface retrofit.http.Part
[ERROR] /home/travis/build/failed/square/retrofit/retrofit/src/main/java/retrofit/http/PartMap.java:[54,29] cannot find symbol
[ERROR] symbol:   variable DEFAULT_TRANSFER_ENCODING
[ERROR] location: @interface retrofit.http.PartMap
[ERROR] /home/travis/build/failed/square/retrofit/retrofit/src/main/java/retrofit/converter/GsonConverter.java:[93,5] method does not override or implement a method from a supertype
[ERROR] /home/travis/build/failed/square/retrofit/retrofit/src/main/java/retrofit/converter/GsonConverter.java:[97,5] method does not override or implement a method from a supertype
[ERROR] /home/travis/build/failed/square/retrofit/retrofit/src/main/java/retrofit/converter/GsonConverter.java:[101,5] method does not override or implement a method from a supertype
[ERROR] /home/travis/build/failed/square/retrofit/retrofit/src/main/java/retrofit/converter/GsonConverter.java:[105,5] method does not override or implement a method from a supertype
[ERROR] /home/travis/build/failed/square/retrofit/retrofit/src/main/java/retrofit/RetrofitError.java:[120,5] cannot find symbol
[ERROR] symbol:   class TypedInput
[ERROR] location: class retrofit.RetrofitError
[ERROR] /home/travis/build/failed/square/retrofit/retrofit/src/main/java/retrofit/Utils.java:[101,16] cannot find symbol
[ERROR] symbol:   class TypedInput
[ERROR] location: class retrofit.Utils
[ERROR] /home/travis/build/failed/square/retrofit/retrofit/src/main/java/retrofit/RestAdapter.java:[296,7] cannot find symbol
[ERROR] symbol:   class TypedInput
[ERROR] location: class retrofit.RestAdapter.RestHandler
[ERROR] /home/travis/build/failed/square/retrofit/retrofit/src/main/java/retrofit/RestAdapter.java:[297,7] cannot find symbol
[ERROR] symbol:   class ExceptionCatchingTypedInput
[ERROR] location: class retrofit.RestAdapter.RestHandler
[ERROR] /home/travis/build/failed/square/retrofit/retrofit/src/main/java/retrofit/RestAdapter.java:[297,49] cannot find symbol
[ERROR] symbol:   class ExceptionCatchingTypedInput
[ERROR] location: class retrofit.RestAdapter.RestHandler
[ERROR] /home/travis/build/failed/square/retrofit/retrofit/src/main/java/retrofit/ExceptionCatchingRequestBody.java:[17,3] method does not override or implement a method from a supertype
[ERROR] /home/travis/build/failed/square/retrofit/retrofit/src/main/java/retrofit/ExceptionCatchingRequestBody.java:[21,3] method does not override or implement a method from a supertype
[ERROR] /home/travis/build/failed/square/retrofit/retrofit/src/main/java/retrofit/ExceptionCatchingRequestBody.java:[25,3] method does not override or implement a method from a supertype
[ERROR] /home/travis/build/failed/square/retrofit/retrofit/src/main/java/retrofit/RequestBuilder.java:[82,24] cannot find symbol
[ERROR] symbol:   class FormUrlEncodedTypedOutput
[ERROR] location: class retrofit.RequestBuilder
[ERROR] /home/travis/build/failed/square/retrofit/retrofit/src/main/java/retrofit/RequestBuilder.java:[88,29] cannot find symbol
[ERROR] symbol:   class MultipartTypedOutput
[ERROR] location: class retrofit.RequestBuilder
[ERROR] /home/travis/build/failed/square/retrofit/retrofit/src/main/java/retrofit/RequestBuilder.java:[316,32] cannot find symbol
[ERROR] symbol:   class TypedOutput
[ERROR] location: class retrofit.RequestBuilder
[ERROR] /home/travis/build/failed/square/retrofit/retrofit/src/main/java/retrofit/RequestBuilder.java:[317,60] cannot find symbol
[ERROR] symbol:   class TypedOutput
[ERROR] location: class retrofit.RequestBuilder
[ERROR] /home/travis/build/failed/square/retrofit/retrofit/src/main/java/retrofit/RequestBuilder.java:[319,63] cannot find symbol
[ERROR] symbol:   class TypedString
[ERROR] location: class retrofit.RequestBuilder
[ERROR] /home/travis/build/failed/square/retrofit/retrofit/src/main/java/retrofit/RequestBuilder.java:[337,41] cannot find symbol
[ERROR] symbol:   class TypedOutput
[ERROR] location: class retrofit.RequestBuilder
[ERROR] /home/travis/build/failed/square/retrofit/retrofit/src/main/java/retrofit/RequestBuilder.java:[338,69] cannot find symbol
[ERROR] symbol:   class TypedOutput
[ERROR] location: class retrofit.RequestBuilder
[ERROR] /home/travis/build/failed/square/retrofit/retrofit/src/main/java/retrofit/RequestBuilder.java:[341,25] cannot find symbol
[ERROR] symbol:   class TypedString
[ERROR] location: class retrofit.RequestBuilder
[ERROR] /home/travis/build/failed/square/retrofit/retrofit/src/main/java/retrofit/RequestBuilder.java:[353,30] cannot find symbol
[ERROR] symbol:   class TypedOutput
[ERROR] location: class retrofit.RequestBuilder
[ERROR] /home/travis/build/failed/square/retrofit/retrofit/src/main/java/retrofit/RequestBuilder.java:[354,19] cannot find symbol
[ERROR] symbol:   class TypedOutput
[ERROR] location: class retrofit.RequestBuilder
[ERROR] /home/travis/build/failed/square/retrofit/retrofit/src/main/java/retrofit/RequestBuilder.java:[384,5] cannot find symbol
[ERROR] symbol:   class TypedOutput
[ERROR] location: class retrofit.RequestBuilder
[ERROR] /home/travis/build/failed/square/retrofit/retrofit/src/main/java/retrofit/RequestBuilder.java:[415,5] method does not override or implement a method from a supertype
[ERROR] /home/travis/build/failed/square/retrofit/retrofit/src/main/java/retrofit/RequestBuilder.java:[419,5] method does not override or implement a method from a supertype
[ERROR] /home/travis/build/failed/square/retrofit/retrofit/src/main/java/retrofit/RequestBuilder.java:[423,5] method does not override or implement a method from a supertype
[ERROR] /home/travis/build/failed/square/retrofit/retrofit/src/main/java/retrofit/RequestBuilder.java:[427,5] method does not override or implement a method from a supertype
[ERROR] -> [Help 1]
[ERROR] 
[ERROR] To see the full stack trace of the errors, re-run Maven with the -e switch.
[ERROR] Re-run Maven using the -X switch to enable full debug logging.
[ERROR] 
[ERROR] For more information about the errors and possible solutions, please read the following articles:
[ERROR] [Help 1] http://cwiki.apache.org/confluence/display/MAVEN/MojoFailureException
[ERROR] 
[ERROR] After correcting the problems, you can resume the build with the command
[ERROR]   mvn <goals> -rf :retrofit

[31;1mThe command "eval mvn install -Dhttps.protocols=TLSv1.2 -DskipTests=true -Dmaven.javadoc.skip=true -B -V " failed. Retrying, 2 of 3.[0m

Java HotSpot(TM) 64-Bit Server VM warning: ignoring option MaxPermSize=192m; support was removed in 8.0
Apache Maven 3.2.3 (33f8c3e1027c3ddde99d3cdebad2656a31e8fdf4; 2014-08-11T20:58:10+00:00)
Maven home: /usr/local/maven
Java version: 1.8.0_25, vendor: Oracle Corporation
Java home: /usr/lib/jvm/java-8-oracle/jre
Default locale: en_US, platform encoding: UTF-8
OS name: "linux", version: "4.15.0-109-generic", arch: "amd64", family: "unix"
[INFO] Scanning for projects...
[INFO] ------------------------------------------------------------------------
[INFO] Reactor Build Order:
[INFO] 
[INFO] Retrofit (Parent)
[INFO] Retrofit
[INFO] Converters
[INFO] Converter: Protocol Buffers
[INFO] Converter: Jackson
[INFO] Converter: Wire Protocol Buffers
[INFO] Converter: SimpleXML
[INFO] Retrofit Mock Adapter
[INFO] Samples
[INFO] Sample: GitHub Client
[INFO] Sample: Mock GitHub Client
[INFO]                                                                         
[INFO] ------------------------------------------------------------------------
[INFO] Building Retrofit (Parent) 2.0.0-SNAPSHOT
[INFO] ------------------------------------------------------------------------
[INFO] 
[INFO] --- maven-enforcer-plugin:1.0:enforce (enforce-maven) @ parent ---
[INFO] 
[INFO] --- maven-checkstyle-plugin:2.9.1:checkstyle (default) @ parent ---
[INFO] 
[INFO] --- maven-install-plugin:2.4:install (default-install) @ parent ---
[INFO] Installing /home/travis/build/failed/square/retrofit/pom.xml to /home/travis/.m2/repository/com/squareup/retrofit/parent/2.0.0-SNAPSHOT/parent-2.0.0-SNAPSHOT.pom
[INFO]                                                                         
[INFO] ------------------------------------------------------------------------
[INFO] Building Retrofit 2.0.0-SNAPSHOT
[INFO] ------------------------------------------------------------------------
[INFO] 
[INFO] --- maven-enforcer-plugin:1.0:enforce (enforce-maven) @ retrofit ---
[INFO] 
[INFO] --- maven-resources-plugin:2.6:resources (default-resources) @ retrofit ---
[INFO] Using 'UTF-8' encoding to copy filtered resources.
[INFO] skip non existing resourceDirectory /home/travis/build/failed/square/retrofit/retrofit/src/main/resources
[INFO] 
[INFO] --- maven-compiler-plugin:3.0:compile (default-compile) @ retrofit ---
[INFO] Changes detected - recompiling the module!
[INFO] Compiling 37 source files to /home/travis/build/failed/square/retrofit/retrofit/target/classes
[INFO] -------------------------------------------------------------
[WARNING] COMPILATION WARNING : 
[INFO] -------------------------------------------------------------
[WARNING] /home/travis/build/failed/square/retrofit/retrofit/src/main/java/retrofit/RestAdapter.java: /home/travis/build/failed/square/retrofit/retrofit/src/main/java/retrofit/RestAdapter.java uses unchecked or unsafe operations.
[WARNING] /home/travis/build/failed/square/retrofit/retrofit/src/main/java/retrofit/RestAdapter.java: Recompile with -Xlint:unchecked for details.
[INFO] 2 warnings 
[INFO] -------------------------------------------------------------
[INFO] -------------------------------------------------------------
[ERROR] COMPILATION ERROR : 
[INFO] -------------------------------------------------------------
[ERROR] /home/travis/build/failed/square/retrofit/retrofit/src/main/java/retrofit/converter/GsonConverter.java:[25,21] package retrofit.mime does not exist
[ERROR] /home/travis/build/failed/square/retrofit/retrofit/src/main/java/retrofit/converter/GsonConverter.java:[26,21] package retrofit.mime does not exist
[ERROR] /home/travis/build/failed/square/retrofit/retrofit/src/main/java/retrofit/converter/Converter.java:[20,21] package retrofit.mime does not exist
[ERROR] /home/travis/build/failed/square/retrofit/retrofit/src/main/java/retrofit/converter/Converter.java:[21,21] package retrofit.mime does not exist
[ERROR] /home/travis/build/failed/square/retrofit/retrofit/src/main/java/retrofit/converter/GsonConverter.java:[60,36] cannot find symbol
  symbol:   class TypedInput
  location: class retrofit.converter.GsonConverter
[ERROR] /home/travis/build/failed/square/retrofit/retrofit/src/main/java/retrofit/converter/GsonConverter.java:[79,20] cannot find symbol
  symbol:   class TypedOutput
  location: class retrofit.converter.GsonConverter
[ERROR] /home/travis/build/failed/square/retrofit/retrofit/src/main/java/retrofit/converter/Converter.java:[34,19] cannot find symbol
  symbol:   class TypedInput
  location: interface retrofit.converter.Converter
[ERROR] /home/travis/build/failed/square/retrofit/retrofit/src/main/java/retrofit/converter/Converter.java:[42,3] cannot find symbol
  symbol:   class TypedOutput
  location: interface retrofit.converter.Converter
[ERROR] /home/travis/build/failed/square/retrofit/retrofit/src/main/java/retrofit/converter/GsonConverter.java:[84,51] cannot find symbol
  symbol:   class TypedOutput
  location: class retrofit.converter.GsonConverter
[ERROR] /home/travis/build/failed/square/retrofit/retrofit/src/main/java/retrofit/RetrofitError.java:[22,21] package retrofit.mime does not exist
[ERROR] /home/travis/build/failed/square/retrofit/retrofit/src/main/java/retrofit/Utils.java:[30,21] package retrofit.mime does not exist
[ERROR] /home/travis/build/failed/square/retrofit/retrofit/src/main/java/retrofit/Utils.java:[31,21] package retrofit.mime does not exist
[ERROR] /home/travis/build/failed/square/retrofit/retrofit/src/main/java/retrofit/Utils.java:[82,46] cannot find symbol
  symbol:   class TypedOutput
  location: class retrofit.Utils
[ERROR] /home/travis/build/failed/square/retrofit/retrofit/src/main/java/retrofit/Utils.java:[99,10] cannot find symbol
  symbol:   class TypedInput
  location: class retrofit.Utils
[ERROR] /home/travis/build/failed/square/retrofit/retrofit/src/main/java/retrofit/http/Part.java:[24,28] package retrofit.mime does not exist
[ERROR] /home/travis/build/failed/square/retrofit/retrofit/src/main/java/retrofit/http/Part.java:[24,1] static import only from classes and interfaces
[ERROR] /home/travis/build/failed/square/retrofit/retrofit/src/main/java/retrofit/http/PartMap.java:[24,28] package retrofit.mime does not exist
[ERROR] /home/travis/build/failed/square/retrofit/retrofit/src/main/java/retrofit/http/PartMap.java:[24,1] static import only from classes and interfaces
[ERROR] /home/travis/build/failed/square/retrofit/retrofit/src/main/java/retrofit/RestAdapter.java:[34,21] package retrofit.mime does not exist
[ERROR] /home/travis/build/failed/square/retrofit/retrofit/src/main/java/retrofit/RestAdapter.java:[35,21] package retrofit.mime does not exist
[ERROR] /home/travis/build/failed/square/retrofit/retrofit/src/main/java/retrofit/ExceptionCatchingRequestBody.java:[6,21] package retrofit.mime does not exist
[ERROR] /home/travis/build/failed/square/retrofit/retrofit/src/main/java/retrofit/ExceptionCatchingRequestBody.java:[8,47] cannot find symbol
  symbol: class TypedInput
[ERROR] /home/travis/build/failed/square/retrofit/retrofit/src/main/java/retrofit/ExceptionCatchingRequestBody.java:[9,17] cannot find symbol
  symbol:   class TypedInput
  location: class retrofit.ExceptionCatchingRequestBody
[ERROR] /home/travis/build/failed/square/retrofit/retrofit/src/main/java/retrofit/ExceptionCatchingRequestBody.java:[12,32] cannot find symbol
  symbol:   class TypedInput
  location: class retrofit.ExceptionCatchingRequestBody
[ERROR] /home/travis/build/failed/square/retrofit/retrofit/src/main/java/retrofit/RequestBuilder.java:[37,21] package retrofit.mime does not exist
[ERROR] /home/travis/build/failed/square/retrofit/retrofit/src/main/java/retrofit/RequestBuilder.java:[38,21] package retrofit.mime does not exist
[ERROR] /home/travis/build/failed/square/retrofit/retrofit/src/main/java/retrofit/RequestBuilder.java:[39,21] package retrofit.mime does not exist
[ERROR] /home/travis/build/failed/square/retrofit/retrofit/src/main/java/retrofit/RequestBuilder.java:[40,21] package retrofit.mime does not exist
[ERROR] /home/travis/build/failed/square/retrofit/retrofit/src/main/java/retrofit/RequestBuilder.java:[51,17] cannot find symbol
  symbol:   class FormUrlEncodedTypedOutput
  location: class retrofit.RequestBuilder
[ERROR] /home/travis/build/failed/square/retrofit/retrofit/src/main/java/retrofit/RequestBuilder.java:[52,17] cannot find symbol
  symbol:   class MultipartTypedOutput
  location: class retrofit.RequestBuilder
[ERROR] /home/travis/build/failed/square/retrofit/retrofit/src/main/java/retrofit/RequestBuilder.java:[53,11] cannot find symbol
  symbol:   class TypedOutput
  location: class retrofit.RequestBuilder
[ERROR] /home/travis/build/failed/square/retrofit/retrofit/src/main/java/retrofit/RequestBuilder.java:[406,66] cannot find symbol
  symbol:   class TypedOutput
  location: class retrofit.RequestBuilder
[ERROR] /home/travis/build/failed/square/retrofit/retrofit/src/main/java/retrofit/RequestBuilder.java:[407,19] cannot find symbol
  symbol:   class TypedOutput
  location: class retrofit.RequestBuilder.MediaTypeOverridingTypedOutput
[ERROR] /home/travis/build/failed/square/retrofit/retrofit/src/main/java/retrofit/RequestBuilder.java:[410,36] cannot find symbol
  symbol:   class TypedOutput
  location: class retrofit.RequestBuilder.MediaTypeOverridingTypedOutput
[ERROR] /home/travis/build/failed/square/retrofit/retrofit/src/main/java/retrofit/http/Part.java:[58,29] cannot find symbol
  symbol:   variable DEFAULT_TRANSFER_ENCODING
  location: @interface retrofit.http.Part
[ERROR] /home/travis/build/failed/square/retrofit/retrofit/src/main/java/retrofit/http/PartMap.java:[54,29] cannot find symbol
  symbol:   variable DEFAULT_TRANSFER_ENCODING
  location: @interface retrofit.http.PartMap
[ERROR] /home/travis/build/failed/square/retrofit/retrofit/src/main/java/retrofit/converter/GsonConverter.java:[93,5] method does not override or implement a method from a supertype
[ERROR] /home/travis/build/failed/square/retrofit/retrofit/src/main/java/retrofit/converter/GsonConverter.java:[97,5] method does not override or implement a method from a supertype
[ERROR] /home/travis/build/failed/square/retrofit/retrofit/src/main/java/retrofit/converter/GsonConverter.java:[101,5] method does not override or implement a method from a supertype
[ERROR] /home/travis/build/failed/square/retrofit/retrofit/src/main/java/retrofit/converter/GsonConverter.java:[105,5] method does not override or implement a method from a supertype
[ERROR] /home/travis/build/failed/square/retrofit/retrofit/src/main/java/retrofit/RetrofitError.java:[120,5] cannot find symbol
  symbol:   class TypedInput
  location: class retrofit.RetrofitError
[ERROR] /home/travis/build/failed/square/retrofit/retrofit/src/main/java/retrofit/Utils.java:[101,16] cannot find symbol
  symbol:   class TypedInput
  location: class retrofit.Utils
[ERROR] /home/travis/build/failed/square/retrofit/retrofit/src/main/java/retrofit/RestAdapter.java:[296,7] cannot find symbol
  symbol:   class TypedInput
  location: class retrofit.RestAdapter.RestHandler
[ERROR] /home/travis/build/failed/square/retrofit/retrofit/src/main/java/retrofit/RestAdapter.java:[297,7] cannot find symbol
  symbol:   class ExceptionCatchingTypedInput
  location: class retrofit.RestAdapter.RestHandler
[ERROR] /home/travis/build/failed/square/retrofit/retrofit/src/main/java/retrofit/RestAdapter.java:[297,49] cannot find symbol
  symbol:   class ExceptionCatchingTypedInput
  location: class retrofit.RestAdapter.RestHandler
[ERROR] /home/travis/build/failed/square/retrofit/retrofit/src/main/java/retrofit/ExceptionCatchingRequestBody.java:[17,3] method does not override or implement a method from a supertype
[ERROR] /home/travis/build/failed/square/retrofit/retrofit/src/main/java/retrofit/ExceptionCatchingRequestBody.java:[21,3] method does not override or implement a method from a supertype
[ERROR] /home/travis/build/failed/square/retrofit/retrofit/src/main/java/retrofit/ExceptionCatchingRequestBody.java:[25,3] method does not override or implement a method from a supertype
[ERROR] /home/travis/build/failed/square/retrofit/retrofit/src/main/java/retrofit/RequestBuilder.java:[82,24] cannot find symbol
  symbol:   class FormUrlEncodedTypedOutput
  location: class retrofit.RequestBuilder
[ERROR] /home/travis/build/failed/square/retrofit/retrofit/src/main/java/retrofit/RequestBuilder.java:[88,29] cannot find symbol
  symbol:   class MultipartTypedOutput
  location: class retrofit.RequestBuilder
[ERROR] /home/travis/build/failed/square/retrofit/retrofit/src/main/java/retrofit/RequestBuilder.java:[316,32] cannot find symbol
  symbol:   class TypedOutput
  location: class retrofit.RequestBuilder
[ERROR] /home/travis/build/failed/square/retrofit/retrofit/src/main/java/retrofit/RequestBuilder.java:[317,60] cannot find symbol
  symbol:   class TypedOutput
  location: class retrofit.RequestBuilder
[ERROR] /home/travis/build/failed/square/retrofit/retrofit/src/main/java/retrofit/RequestBuilder.java:[319,63] cannot find symbol
  symbol:   class TypedString
  location: class retrofit.RequestBuilder
[ERROR] /home/travis/build/failed/square/retrofit/retrofit/src/main/java/retrofit/RequestBuilder.java:[337,41] cannot find symbol
  symbol:   class TypedOutput
  location: class retrofit.RequestBuilder
[ERROR] /home/travis/build/failed/square/retrofit/retrofit/src/main/java/retrofit/RequestBuilder.java:[338,69] cannot find symbol
  symbol:   class TypedOutput
  location: class retrofit.RequestBuilder
[ERROR] /home/travis/build/failed/square/retrofit/retrofit/src/main/java/retrofit/RequestBuilder.java:[341,25] cannot find symbol
  symbol:   class TypedString
  location: class retrofit.RequestBuilder
[ERROR] /home/travis/build/failed/square/retrofit/retrofit/src/main/java/retrofit/RequestBuilder.java:[353,30] cannot find symbol
  symbol:   class TypedOutput
  location: class retrofit.RequestBuilder
[ERROR] /home/travis/build/failed/square/retrofit/retrofit/src/main/java/retrofit/RequestBuilder.java:[354,19] cannot find symbol
  symbol:   class TypedOutput
  location: class retrofit.RequestBuilder
[ERROR] /home/travis/build/failed/square/retrofit/retrofit/src/main/java/retrofit/RequestBuilder.java:[384,5] cannot find symbol
  symbol:   class TypedOutput
  location: class retrofit.RequestBuilder
[ERROR] /home/travis/build/failed/square/retrofit/retrofit/src/main/java/retrofit/RequestBuilder.java:[415,5] method does not override or implement a method from a supertype
[ERROR] /home/travis/build/failed/square/retrofit/retrofit/src/main/java/retrofit/RequestBuilder.java:[419,5] method does not override or implement a method from a supertype
[ERROR] /home/travis/build/failed/square/retrofit/retrofit/src/main/java/retrofit/RequestBuilder.java:[423,5] method does not override or implement a method from a supertype
[ERROR] /home/travis/build/failed/square/retrofit/retrofit/src/main/java/retrofit/RequestBuilder.java:[427,5] method does not override or implement a method from a supertype
[INFO] 63 errors 
[INFO] -------------------------------------------------------------
[INFO] ------------------------------------------------------------------------
[INFO] Reactor Summary:
[INFO] 
[INFO] Retrofit (Parent) .................................. SUCCESS [  0.933 s]
[INFO] Retrofit ........................................... FAILURE [  1.088 s]
[INFO] Converters ......................................... SKIPPED
[INFO] Converter: Protocol Buffers ........................ SKIPPED
[INFO] Converter: Jackson ................................. SKIPPED
[INFO] Converter: Wire Protocol Buffers ................... SKIPPED
[INFO] Converter: SimpleXML ............................... SKIPPED
[INFO] Retrofit Mock Adapter .............................. SKIPPED
[INFO] Samples ............................................ SKIPPED
[INFO] Sample: GitHub Client .............................. SKIPPED
[INFO] Sample: Mock GitHub Client ......................... SKIPPED
[INFO] ------------------------------------------------------------------------
[INFO] BUILD FAILURE
[INFO] ------------------------------------------------------------------------
[INFO] Total time: 2.247 s
[INFO] Finished at: 2022-07-15T14:42:13+00:00
[INFO] Final Memory: 22M/370M
[INFO] ------------------------------------------------------------------------
[ERROR] Failed to execute goal org.apache.maven.plugins:maven-compiler-plugin:3.0:compile (default-compile) on project retrofit: Compilation failure: Compilation failure:
[ERROR] /home/travis/build/failed/square/retrofit/retrofit/src/main/java/retrofit/converter/GsonConverter.java:[25,21] package retrofit.mime does not exist
[ERROR] /home/travis/build/failed/square/retrofit/retrofit/src/main/java/retrofit/converter/GsonConverter.java:[26,21] package retrofit.mime does not exist
[ERROR] /home/travis/build/failed/square/retrofit/retrofit/src/main/java/retrofit/converter/Converter.java:[20,21] package retrofit.mime does not exist
[ERROR] /home/travis/build/failed/square/retrofit/retrofit/src/main/java/retrofit/converter/Converter.java:[21,21] package retrofit.mime does not exist
[ERROR] /home/travis/build/failed/square/retrofit/retrofit/src/main/java/retrofit/converter/GsonConverter.java:[60,36] cannot find symbol
[ERROR] symbol:   class TypedInput
[ERROR] location: class retrofit.converter.GsonConverter
[ERROR] /home/travis/build/failed/square/retrofit/retrofit/src/main/java/retrofit/converter/GsonConverter.java:[79,20] cannot find symbol
[ERROR] symbol:   class TypedOutput
[ERROR] location: class retrofit.converter.GsonConverter
[ERROR] /home/travis/build/failed/square/retrofit/retrofit/src/main/java/retrofit/converter/Converter.java:[34,19] cannot find symbol
[ERROR] symbol:   class TypedInput
[ERROR] location: interface retrofit.converter.Converter
[ERROR] /home/travis/build/failed/square/retrofit/retrofit/src/main/java/retrofit/converter/Converter.java:[42,3] cannot find symbol
[ERROR] symbol:   class TypedOutput
[ERROR] location: interface retrofit.converter.Converter
[ERROR] /home/travis/build/failed/square/retrofit/retrofit/src/main/java/retrofit/converter/GsonConverter.java:[84,51] cannot find symbol
[ERROR] symbol:   class TypedOutput
[ERROR] location: class retrofit.converter.GsonConverter
[ERROR] /home/travis/build/failed/square/retrofit/retrofit/src/main/java/retrofit/RetrofitError.java:[22,21] package retrofit.mime does not exist
[ERROR] /home/travis/build/failed/square/retrofit/retrofit/src/main/java/retrofit/Utils.java:[30,21] package retrofit.mime does not exist
[ERROR] /home/travis/build/failed/square/retrofit/retrofit/src/main/java/retrofit/Utils.java:[31,21] package retrofit.mime does not exist
[ERROR] /home/travis/build/failed/square/retrofit/retrofit/src/main/java/retrofit/Utils.java:[82,46] cannot find symbol
[ERROR] symbol:   class TypedOutput
[ERROR] location: class retrofit.Utils
[ERROR] /home/travis/build/failed/square/retrofit/retrofit/src/main/java/retrofit/Utils.java:[99,10] cannot find symbol
[ERROR] symbol:   class TypedInput
[ERROR] location: class retrofit.Utils
[ERROR] /home/travis/build/failed/square/retrofit/retrofit/src/main/java/retrofit/http/Part.java:[24,28] package retrofit.mime does not exist
[ERROR] /home/travis/build/failed/square/retrofit/retrofit/src/main/java/retrofit/http/Part.java:[24,1] static import only from classes and interfaces
[ERROR] /home/travis/build/failed/square/retrofit/retrofit/src/main/java/retrofit/http/PartMap.java:[24,28] package retrofit.mime does not exist
[ERROR] /home/travis/build/failed/square/retrofit/retrofit/src/main/java/retrofit/http/PartMap.java:[24,1] static import only from classes and interfaces
[ERROR] /home/travis/build/failed/square/retrofit/retrofit/src/main/java/retrofit/RestAdapter.java:[34,21] package retrofit.mime does not exist
[ERROR] /home/travis/build/failed/square/retrofit/retrofit/src/main/java/retrofit/RestAdapter.java:[35,21] package retrofit.mime does not exist
[ERROR] /home/travis/build/failed/square/retrofit/retrofit/src/main/java/retrofit/ExceptionCatchingRequestBody.java:[6,21] package retrofit.mime does not exist
[ERROR] /home/travis/build/failed/square/retrofit/retrofit/src/main/java/retrofit/ExceptionCatchingRequestBody.java:[8,47] cannot find symbol
[ERROR] symbol: class TypedInput
[ERROR] /home/travis/build/failed/square/retrofit/retrofit/src/main/java/retrofit/ExceptionCatchingRequestBody.java:[9,17] cannot find symbol
[ERROR] symbol:   class TypedInput
[ERROR] location: class retrofit.ExceptionCatchingRequestBody
[ERROR] /home/travis/build/failed/square/retrofit/retrofit/src/main/java/retrofit/ExceptionCatchingRequestBody.java:[12,32] cannot find symbol
[ERROR] symbol:   class TypedInput
[ERROR] location: class retrofit.ExceptionCatchingRequestBody
[ERROR] /home/travis/build/failed/square/retrofit/retrofit/src/main/java/retrofit/RequestBuilder.java:[37,21] package retrofit.mime does not exist
[ERROR] /home/travis/build/failed/square/retrofit/retrofit/src/main/java/retrofit/RequestBuilder.java:[38,21] package retrofit.mime does not exist
[ERROR] /home/travis/build/failed/square/retrofit/retrofit/src/main/java/retrofit/RequestBuilder.java:[39,21] package retrofit.mime does not exist
[ERROR] /home/travis/build/failed/square/retrofit/retrofit/src/main/java/retrofit/RequestBuilder.java:[40,21] package retrofit.mime does not exist
[ERROR] /home/travis/build/failed/square/retrofit/retrofit/src/main/java/retrofit/RequestBuilder.java:[51,17] cannot find symbol
[ERROR] symbol:   class FormUrlEncodedTypedOutput
[ERROR] location: class retrofit.RequestBuilder
[ERROR] /home/travis/build/failed/square/retrofit/retrofit/src/main/java/retrofit/RequestBuilder.java:[52,17] cannot find symbol
[ERROR] symbol:   class MultipartTypedOutput
[ERROR] location: class retrofit.RequestBuilder
[ERROR] /home/travis/build/failed/square/retrofit/retrofit/src/main/java/retrofit/RequestBuilder.java:[53,11] cannot find symbol
[ERROR] symbol:   class TypedOutput
[ERROR] location: class retrofit.RequestBuilder
[ERROR] /home/travis/build/failed/square/retrofit/retrofit/src/main/java/retrofit/RequestBuilder.java:[406,66] cannot find symbol
[ERROR] symbol:   class TypedOutput
[ERROR] location: class retrofit.RequestBuilder
[ERROR] /home/travis/build/failed/square/retrofit/retrofit/src/main/java/retrofit/RequestBuilder.java:[407,19] cannot find symbol
[ERROR] symbol:   class TypedOutput
[ERROR] location: class retrofit.RequestBuilder.MediaTypeOverridingTypedOutput
[ERROR] /home/travis/build/failed/square/retrofit/retrofit/src/main/java/retrofit/RequestBuilder.java:[410,36] cannot find symbol
[ERROR] symbol:   class TypedOutput
[ERROR] location: class retrofit.RequestBuilder.MediaTypeOverridingTypedOutput
[ERROR] /home/travis/build/failed/square/retrofit/retrofit/src/main/java/retrofit/http/Part.java:[58,29] cannot find symbol
[ERROR] symbol:   variable DEFAULT_TRANSFER_ENCODING
[ERROR] location: @interface retrofit.http.Part
[ERROR] /home/travis/build/failed/square/retrofit/retrofit/src/main/java/retrofit/http/PartMap.java:[54,29] cannot find symbol
[ERROR] symbol:   variable DEFAULT_TRANSFER_ENCODING
[ERROR] location: @interface retrofit.http.PartMap
[ERROR] /home/travis/build/failed/square/retrofit/retrofit/src/main/java/retrofit/converter/GsonConverter.java:[93,5] method does not override or implement a method from a supertype
[ERROR] /home/travis/build/failed/square/retrofit/retrofit/src/main/java/retrofit/converter/GsonConverter.java:[97,5] method does not override or implement a method from a supertype
[ERROR] /home/travis/build/failed/square/retrofit/retrofit/src/main/java/retrofit/converter/GsonConverter.java:[101,5] method does not override or implement a method from a supertype
[ERROR] /home/travis/build/failed/square/retrofit/retrofit/src/main/java/retrofit/converter/GsonConverter.java:[105,5] method does not override or implement a method from a supertype
[ERROR] /home/travis/build/failed/square/retrofit/retrofit/src/main/java/retrofit/RetrofitError.java:[120,5] cannot find symbol
[ERROR] symbol:   class TypedInput
[ERROR] location: class retrofit.RetrofitError
[ERROR] /home/travis/build/failed/square/retrofit/retrofit/src/main/java/retrofit/Utils.java:[101,16] cannot find symbol
[ERROR] symbol:   class TypedInput
[ERROR] location: class retrofit.Utils
[ERROR] /home/travis/build/failed/square/retrofit/retrofit/src/main/java/retrofit/RestAdapter.java:[296,7] cannot find symbol
[ERROR] symbol:   class TypedInput
[ERROR] location: class retrofit.RestAdapter.RestHandler
[ERROR] /home/travis/build/failed/square/retrofit/retrofit/src/main/java/retrofit/RestAdapter.java:[297,7] cannot find symbol
[ERROR] symbol:   class ExceptionCatchingTypedInput
[ERROR] location: class retrofit.RestAdapter.RestHandler
[ERROR] /home/travis/build/failed/square/retrofit/retrofit/src/main/java/retrofit/RestAdapter.java:[297,49] cannot find symbol
[ERROR] symbol:   class ExceptionCatchingTypedInput
[ERROR] location: class retrofit.RestAdapter.RestHandler
[ERROR] /home/travis/build/failed/square/retrofit/retrofit/src/main/java/retrofit/ExceptionCatchingRequestBody.java:[17,3] method does not override or implement a method from a supertype
[ERROR] /home/travis/build/failed/square/retrofit/retrofit/src/main/java/retrofit/ExceptionCatchingRequestBody.java:[21,3] method does not override or implement a method from a supertype
[ERROR] /home/travis/build/failed/square/retrofit/retrofit/src/main/java/retrofit/ExceptionCatchingRequestBody.java:[25,3] method does not override or implement a method from a supertype
[ERROR] /home/travis/build/failed/square/retrofit/retrofit/src/main/java/retrofit/RequestBuilder.java:[82,24] cannot find symbol
[ERROR] symbol:   class FormUrlEncodedTypedOutput
[ERROR] location: class retrofit.RequestBuilder
[ERROR] /home/travis/build/failed/square/retrofit/retrofit/src/main/java/retrofit/RequestBuilder.java:[88,29] cannot find symbol
[ERROR] symbol:   class MultipartTypedOutput
[ERROR] location: class retrofit.RequestBuilder
[ERROR] /home/travis/build/failed/square/retrofit/retrofit/src/main/java/retrofit/RequestBuilder.java:[316,32] cannot find symbol
[ERROR] symbol:   class TypedOutput
[ERROR] location: class retrofit.RequestBuilder
[ERROR] /home/travis/build/failed/square/retrofit/retrofit/src/main/java/retrofit/RequestBuilder.java:[317,60] cannot find symbol
[ERROR] symbol:   class TypedOutput
[ERROR] location: class retrofit.RequestBuilder
[ERROR] /home/travis/build/failed/square/retrofit/retrofit/src/main/java/retrofit/RequestBuilder.java:[319,63] cannot find symbol
[ERROR] symbol:   class TypedString
[ERROR] location: class retrofit.RequestBuilder
[ERROR] /home/travis/build/failed/square/retrofit/retrofit/src/main/java/retrofit/RequestBuilder.java:[337,41] cannot find symbol
[ERROR] symbol:   class TypedOutput
[ERROR] location: class retrofit.RequestBuilder
[ERROR] /home/travis/build/failed/square/retrofit/retrofit/src/main/java/retrofit/RequestBuilder.java:[338,69] cannot find symbol
[ERROR] symbol:   class TypedOutput
[ERROR] location: class retrofit.RequestBuilder
[ERROR] /home/travis/build/failed/square/retrofit/retrofit/src/main/java/retrofit/RequestBuilder.java:[341,25] cannot find symbol
[ERROR] symbol:   class TypedString
[ERROR] location: class retrofit.RequestBuilder
[ERROR] /home/travis/build/failed/square/retrofit/retrofit/src/main/java/retrofit/RequestBuilder.java:[353,30] cannot find symbol
[ERROR] symbol:   class TypedOutput
[ERROR] location: class retrofit.RequestBuilder
[ERROR] /home/travis/build/failed/square/retrofit/retrofit/src/main/java/retrofit/RequestBuilder.java:[354,19] cannot find symbol
[ERROR] symbol:   class TypedOutput
[ERROR] location: class retrofit.RequestBuilder
[ERROR] /home/travis/build/failed/square/retrofit/retrofit/src/main/java/retrofit/RequestBuilder.java:[384,5] cannot find symbol
[ERROR] symbol:   class TypedOutput
[ERROR] location: class retrofit.RequestBuilder
[ERROR] /home/travis/build/failed/square/retrofit/retrofit/src/main/java/retrofit/RequestBuilder.java:[415,5] method does not override or implement a method from a supertype
[ERROR] /home/travis/build/failed/square/retrofit/retrofit/src/main/java/retrofit/RequestBuilder.java:[419,5] method does not override or implement a method from a supertype
[ERROR] /home/travis/build/failed/square/retrofit/retrofit/src/main/java/retrofit/RequestBuilder.java:[423,5] method does not override or implement a method from a supertype
[ERROR] /home/travis/build/failed/square/retrofit/retrofit/src/main/java/retrofit/RequestBuilder.java:[427,5] method does not override or implement a method from a supertype
[ERROR] -> [Help 1]
[ERROR] 
[ERROR] To see the full stack trace of the errors, re-run Maven with the -e switch.
[ERROR] Re-run Maven using the -X switch to enable full debug logging.
[ERROR] 
[ERROR] For more information about the errors and possible solutions, please read the following articles:
[ERROR] [Help 1] http://cwiki.apache.org/confluence/display/MAVEN/MojoFailureException
[ERROR] 
[ERROR] After correcting the problems, you can resume the build with the command
[ERROR]   mvn <goals> -rf :retrofit

[31;1mThe command "eval mvn install -Dhttps.protocols=TLSv1.2 -DskipTests=true -Dmaven.javadoc.skip=true -B -V " failed. Retrying, 3 of 3.[0m

Java HotSpot(TM) 64-Bit Server VM warning: ignoring option MaxPermSize=192m; support was removed in 8.0
Apache Maven 3.2.3 (33f8c3e1027c3ddde99d3cdebad2656a31e8fdf4; 2014-08-11T20:58:10+00:00)
Maven home: /usr/local/maven
Java version: 1.8.0_25, vendor: Oracle Corporation
Java home: /usr/lib/jvm/java-8-oracle/jre
Default locale: en_US, platform encoding: UTF-8
OS name: "linux", version: "4.15.0-109-generic", arch: "amd64", family: "unix"
[INFO] Scanning for projects...
[INFO] ------------------------------------------------------------------------
[INFO] Reactor Build Order:
[INFO] 
[INFO] Retrofit (Parent)
[INFO] Retrofit
[INFO] Converters
[INFO] Converter: Protocol Buffers
[INFO] Converter: Jackson
[INFO] Converter: Wire Protocol Buffers
[INFO] Converter: SimpleXML
[INFO] Retrofit Mock Adapter
[INFO] Samples
[INFO] Sample: GitHub Client
[INFO] Sample: Mock GitHub Client
[INFO]                                                                         
[INFO] ------------------------------------------------------------------------
[INFO] Building Retrofit (Parent) 2.0.0-SNAPSHOT
[INFO] ------------------------------------------------------------------------
[INFO] 
[INFO] --- maven-enforcer-plugin:1.0:enforce (enforce-maven) @ parent ---
[INFO] 
[INFO] --- maven-checkstyle-plugin:2.9.1:checkstyle (default) @ parent ---
[INFO] 
[INFO] --- maven-install-plugin:2.4:install (default-install) @ parent ---
[INFO] Installing /home/travis/build/failed/square/retrofit/pom.xml to /home/travis/.m2/repository/com/squareup/retrofit/parent/2.0.0-SNAPSHOT/parent-2.0.0-SNAPSHOT.pom
[INFO]                                                                         
[INFO] ------------------------------------------------------------------------
[INFO] Building Retrofit 2.0.0-SNAPSHOT
[INFO] ------------------------------------------------------------------------
[INFO] 
[INFO] --- maven-enforcer-plugin:1.0:enforce (enforce-maven) @ retrofit ---
[INFO] 
[INFO] --- maven-resources-plugin:2.6:resources (default-resources) @ retrofit ---
[INFO] Using 'UTF-8' encoding to copy filtered resources.
[INFO] skip non existing resourceDirectory /home/travis/build/failed/square/retrofit/retrofit/src/main/resources
[INFO] 
[INFO] --- maven-compiler-plugin:3.0:compile (default-compile) @ retrofit ---
[INFO] Changes detected - recompiling the module!
[INFO] Compiling 37 source files to /home/travis/build/failed/square/retrofit/retrofit/target/classes
[INFO] -------------------------------------------------------------
[WARNING] COMPILATION WARNING : 
[INFO] -------------------------------------------------------------
[WARNING] /home/travis/build/failed/square/retrofit/retrofit/src/main/java/retrofit/RestAdapter.java: /home/travis/build/failed/square/retrofit/retrofit/src/main/java/retrofit/RestAdapter.java uses unchecked or unsafe operations.
[WARNING] /home/travis/build/failed/square/retrofit/retrofit/src/main/java/retrofit/RestAdapter.java: Recompile with -Xlint:unchecked for details.
[INFO] 2 warnings 
[INFO] -------------------------------------------------------------
[INFO] -------------------------------------------------------------
[ERROR] COMPILATION ERROR : 
[INFO] -------------------------------------------------------------
[ERROR] /home/travis/build/failed/square/retrofit/retrofit/src/main/java/retrofit/converter/GsonConverter.java:[25,21] package retrofit.mime does not exist
[ERROR] /home/travis/build/failed/square/retrofit/retrofit/src/main/java/retrofit/converter/GsonConverter.java:[26,21] package retrofit.mime does not exist
[ERROR] /home/travis/build/failed/square/retrofit/retrofit/src/main/java/retrofit/converter/Converter.java:[20,21] package retrofit.mime does not exist
[ERROR] /home/travis/build/failed/square/retrofit/retrofit/src/main/java/retrofit/converter/Converter.java:[21,21] package retrofit.mime does not exist
[ERROR] /home/travis/build/failed/square/retrofit/retrofit/src/main/java/retrofit/converter/GsonConverter.java:[60,36] cannot find symbol
  symbol:   class TypedInput
  location: class retrofit.converter.GsonConverter
[ERROR] /home/travis/build/failed/square/retrofit/retrofit/src/main/java/retrofit/converter/GsonConverter.java:[79,20] cannot find symbol
  symbol:   class TypedOutput
  location: class retrofit.converter.GsonConverter
[ERROR] /home/travis/build/failed/square/retrofit/retrofit/src/main/java/retrofit/converter/Converter.java:[34,19] cannot find symbol
  symbol:   class TypedInput
  location: interface retrofit.converter.Converter
[ERROR] /home/travis/build/failed/square/retrofit/retrofit/src/main/java/retrofit/converter/Converter.java:[42,3] cannot find symbol
  symbol:   class TypedOutput
  location: interface retrofit.converter.Converter
[ERROR] /home/travis/build/failed/square/retrofit/retrofit/src/main/java/retrofit/converter/GsonConverter.java:[84,51] cannot find symbol
  symbol:   class TypedOutput
  location: class retrofit.converter.GsonConverter
[ERROR] /home/travis/build/failed/square/retrofit/retrofit/src/main/java/retrofit/RetrofitError.java:[22,21] package retrofit.mime does not exist
[ERROR] /home/travis/build/failed/square/retrofit/retrofit/src/main/java/retrofit/Utils.java:[30,21] package retrofit.mime does not exist
[ERROR] /home/travis/build/failed/square/retrofit/retrofit/src/main/java/retrofit/Utils.java:[31,21] package retrofit.mime does not exist
[ERROR] /home/travis/build/failed/square/retrofit/retrofit/src/main/java/retrofit/Utils.java:[82,46] cannot find symbol
  symbol:   class TypedOutput
  location: class retrofit.Utils
[ERROR] /home/travis/build/failed/square/retrofit/retrofit/src/main/java/retrofit/Utils.java:[99,10] cannot find symbol
  symbol:   class TypedInput
  location: class retrofit.Utils
[ERROR] /home/travis/build/failed/square/retrofit/retrofit/src/main/java/retrofit/http/Part.java:[24,28] package retrofit.mime does not exist
[ERROR] /home/travis/build/failed/square/retrofit/retrofit/src/main/java/retrofit/http/Part.java:[24,1] static import only from classes and interfaces
[ERROR] /home/travis/build/failed/square/retrofit/retrofit/src/main/java/retrofit/http/PartMap.java:[24,28] package retrofit.mime does not exist
[ERROR] /home/travis/build/failed/square/retrofit/retrofit/src/main/java/retrofit/http/PartMap.java:[24,1] static import only from classes and interfaces
[ERROR] /home/travis/build/failed/square/retrofit/retrofit/src/main/java/retrofit/RestAdapter.java:[34,21] package retrofit.mime does not exist
[ERROR] /home/travis/build/failed/square/retrofit/retrofit/src/main/java/retrofit/RestAdapter.java:[35,21] package retrofit.mime does not exist
[ERROR] /home/travis/build/failed/square/retrofit/retrofit/src/main/java/retrofit/ExceptionCatchingRequestBody.java:[6,21] package retrofit.mime does not exist
[ERROR] /home/travis/build/failed/square/retrofit/retrofit/src/main/java/retrofit/ExceptionCatchingRequestBody.java:[8,47] cannot find symbol
  symbol: class TypedInput
[ERROR] /home/travis/build/failed/square/retrofit/retrofit/src/main/java/retrofit/ExceptionCatchingRequestBody.java:[9,17] cannot find symbol
  symbol:   class TypedInput
  location: class retrofit.ExceptionCatchingRequestBody
[ERROR] /home/travis/build/failed/square/retrofit/retrofit/src/main/java/retrofit/ExceptionCatchingRequestBody.java:[12,32] cannot find symbol
  symbol:   class TypedInput
  location: class retrofit.ExceptionCatchingRequestBody
[ERROR] /home/travis/build/failed/square/retrofit/retrofit/src/main/java/retrofit/RequestBuilder.java:[37,21] package retrofit.mime does not exist
[ERROR] /home/travis/build/failed/square/retrofit/retrofit/src/main/java/retrofit/RequestBuilder.java:[38,21] package retrofit.mime does not exist
[ERROR] /home/travis/build/failed/square/retrofit/retrofit/src/main/java/retrofit/RequestBuilder.java:[39,21] package retrofit.mime does not exist
[ERROR] /home/travis/build/failed/square/retrofit/retrofit/src/main/java/retrofit/RequestBuilder.java:[40,21] package retrofit.mime does not exist
[ERROR] /home/travis/build/failed/square/retrofit/retrofit/src/main/java/retrofit/RequestBuilder.java:[51,17] cannot find symbol
  symbol:   class FormUrlEncodedTypedOutput
  location: class retrofit.RequestBuilder
[ERROR] /home/travis/build/failed/square/retrofit/retrofit/src/main/java/retrofit/RequestBuilder.java:[52,17] cannot find symbol
  symbol:   class MultipartTypedOutput
  location: class retrofit.RequestBuilder
[ERROR] /home/travis/build/failed/square/retrofit/retrofit/src/main/java/retrofit/RequestBuilder.java:[53,11] cannot find symbol
  symbol:   class TypedOutput
  location: class retrofit.RequestBuilder
[ERROR] /home/travis/build/failed/square/retrofit/retrofit/src/main/java/retrofit/RequestBuilder.java:[406,66] cannot find symbol
  symbol:   class TypedOutput
  location: class retrofit.RequestBuilder
[ERROR] /home/travis/build/failed/square/retrofit/retrofit/src/main/java/retrofit/RequestBuilder.java:[407,19] cannot find symbol
  symbol:   class TypedOutput
  location: class retrofit.RequestBuilder.MediaTypeOverridingTypedOutput
[ERROR] /home/travis/build/failed/square/retrofit/retrofit/src/main/java/retrofit/RequestBuilder.java:[410,36] cannot find symbol
  symbol:   class TypedOutput
  location: class retrofit.RequestBuilder.MediaTypeOverridingTypedOutput
[ERROR] /home/travis/build/failed/square/retrofit/retrofit/src/main/java/retrofit/http/Part.java:[58,29] cannot find symbol
  symbol:   variable DEFAULT_TRANSFER_ENCODING
  location: @interface retrofit.http.Part
[ERROR] /home/travis/build/failed/square/retrofit/retrofit/src/main/java/retrofit/http/PartMap.java:[54,29] cannot find symbol
  symbol:   variable DEFAULT_TRANSFER_ENCODING
  location: @interface retrofit.http.PartMap
[ERROR] /home/travis/build/failed/square/retrofit/retrofit/src/main/java/retrofit/converter/GsonConverter.java:[93,5] method does not override or implement a method from a supertype
[ERROR] /home/travis/build/failed/square/retrofit/retrofit/src/main/java/retrofit/converter/GsonConverter.java:[97,5] method does not override or implement a method from a supertype
[ERROR] /home/travis/build/failed/square/retrofit/retrofit/src/main/java/retrofit/converter/GsonConverter.java:[101,5] method does not override or implement a method from a supertype
[ERROR] /home/travis/build/failed/square/retrofit/retrofit/src/main/java/retrofit/converter/GsonConverter.java:[105,5] method does not override or implement a method from a supertype
[ERROR] /home/travis/build/failed/square/retrofit/retrofit/src/main/java/retrofit/RetrofitError.java:[120,5] cannot find symbol
  symbol:   class TypedInput
  location: class retrofit.RetrofitError
[ERROR] /home/travis/build/failed/square/retrofit/retrofit/src/main/java/retrofit/Utils.java:[101,16] cannot find symbol
  symbol:   class TypedInput
  location: class retrofit.Utils
[ERROR] /home/travis/build/failed/square/retrofit/retrofit/src/main/java/retrofit/RestAdapter.java:[296,7] cannot find symbol
  symbol:   class TypedInput
  location: class retrofit.RestAdapter.RestHandler
[ERROR] /home/travis/build/failed/square/retrofit/retrofit/src/main/java/retrofit/RestAdapter.java:[297,7] cannot find symbol
  symbol:   class ExceptionCatchingTypedInput
  location: class retrofit.RestAdapter.RestHandler
[ERROR] /home/travis/build/failed/square/retrofit/retrofit/src/main/java/retrofit/RestAdapter.java:[297,49] cannot find symbol
  symbol:   class ExceptionCatchingTypedInput
  location: class retrofit.RestAdapter.RestHandler
[ERROR] /home/travis/build/failed/square/retrofit/retrofit/src/main/java/retrofit/ExceptionCatchingRequestBody.java:[17,3] method does not override or implement a method from a supertype
[ERROR] /home/travis/build/failed/square/retrofit/retrofit/src/main/java/retrofit/ExceptionCatchingRequestBody.java:[21,3] method does not override or implement a method from a supertype
[ERROR] /home/travis/build/failed/square/retrofit/retrofit/src/main/java/retrofit/ExceptionCatchingRequestBody.java:[25,3] method does not override or implement a method from a supertype
[ERROR] /home/travis/build/failed/square/retrofit/retrofit/src/main/java/retrofit/RequestBuilder.java:[82,24] cannot find symbol
  symbol:   class FormUrlEncodedTypedOutput
  location: class retrofit.RequestBuilder
[ERROR] /home/travis/build/failed/square/retrofit/retrofit/src/main/java/retrofit/RequestBuilder.java:[88,29] cannot find symbol
  symbol:   class MultipartTypedOutput
  location: class retrofit.RequestBuilder
[ERROR] /home/travis/build/failed/square/retrofit/retrofit/src/main/java/retrofit/RequestBuilder.java:[316,32] cannot find symbol
  symbol:   class TypedOutput
  location: class retrofit.RequestBuilder
[ERROR] /home/travis/build/failed/square/retrofit/retrofit/src/main/java/retrofit/RequestBuilder.java:[317,60] cannot find symbol
  symbol:   class TypedOutput
  location: class retrofit.RequestBuilder
[ERROR] /home/travis/build/failed/square/retrofit/retrofit/src/main/java/retrofit/RequestBuilder.java:[319,63] cannot find symbol
  symbol:   class TypedString
  location: class retrofit.RequestBuilder
[ERROR] /home/travis/build/failed/square/retrofit/retrofit/src/main/java/retrofit/RequestBuilder.java:[337,41] cannot find symbol
  symbol:   class TypedOutput
  location: class retrofit.RequestBuilder
[ERROR] /home/travis/build/failed/square/retrofit/retrofit/src/main/java/retrofit/RequestBuilder.java:[338,69] cannot find symbol
  symbol:   class TypedOutput
  location: class retrofit.RequestBuilder
[ERROR] /home/travis/build/failed/square/retrofit/retrofit/src/main/java/retrofit/RequestBuilder.java:[341,25] cannot find symbol
  symbol:   class TypedString
  location: class retrofit.RequestBuilder
[ERROR] /home/travis/build/failed/square/retrofit/retrofit/src/main/java/retrofit/RequestBuilder.java:[353,30] cannot find symbol
  symbol:   class TypedOutput
  location: class retrofit.RequestBuilder
[ERROR] /home/travis/build/failed/square/retrofit/retrofit/src/main/java/retrofit/RequestBuilder.java:[354,19] cannot find symbol
  symbol:   class TypedOutput
  location: class retrofit.RequestBuilder
[ERROR] /home/travis/build/failed/square/retrofit/retrofit/src/main/java/retrofit/RequestBuilder.java:[384,5] cannot find symbol
  symbol:   class TypedOutput
  location: class retrofit.RequestBuilder
[ERROR] /home/travis/build/failed/square/retrofit/retrofit/src/main/java/retrofit/RequestBuilder.java:[415,5] method does not override or implement a method from a supertype
[ERROR] /home/travis/build/failed/square/retrofit/retrofit/src/main/java/retrofit/RequestBuilder.java:[419,5] method does not override or implement a method from a supertype
[ERROR] /home/travis/build/failed/square/retrofit/retrofit/src/main/java/retrofit/RequestBuilder.java:[423,5] method does not override or implement a method from a supertype
[ERROR] /home/travis/build/failed/square/retrofit/retrofit/src/main/java/retrofit/RequestBuilder.java:[427,5] method does not override or implement a method from a supertype
[INFO] 63 errors 
[INFO] -------------------------------------------------------------
[INFO] ------------------------------------------------------------------------
[INFO] Reactor Summary:
[INFO] 
[INFO] Retrofit (Parent) .................................. SUCCESS [  0.861 s]
[INFO] Retrofit ........................................... FAILURE [  1.115 s]
[INFO] Converters ......................................... SKIPPED
[INFO] Converter: Protocol Buffers ........................ SKIPPED
[INFO] Converter: Jackson ................................. SKIPPED
[INFO] Converter: Wire Protocol Buffers ................... SKIPPED
[INFO] Converter: SimpleXML ............................... SKIPPED
[INFO] Retrofit Mock Adapter .............................. SKIPPED
[INFO] Samples ............................................ SKIPPED
[INFO] Sample: GitHub Client .............................. SKIPPED
[INFO] Sample: Mock GitHub Client ......................... SKIPPED
[INFO] ------------------------------------------------------------------------
[INFO] BUILD FAILURE
[INFO] ------------------------------------------------------------------------
[INFO] Total time: 2.204 s
[INFO] Finished at: 2022-07-15T14:42:22+00:00
[INFO] Final Memory: 22M/372M
[INFO] ------------------------------------------------------------------------
[ERROR] Failed to execute goal org.apache.maven.plugins:maven-compiler-plugin:3.0:compile (default-compile) on project retrofit: Compilation failure: Compilation failure:
[ERROR] /home/travis/build/failed/square/retrofit/retrofit/src/main/java/retrofit/converter/GsonConverter.java:[25,21] package retrofit.mime does not exist
[ERROR] /home/travis/build/failed/square/retrofit/retrofit/src/main/java/retrofit/converter/GsonConverter.java:[26,21] package retrofit.mime does not exist
[ERROR] /home/travis/build/failed/square/retrofit/retrofit/src/main/java/retrofit/converter/Converter.java:[20,21] package retrofit.mime does not exist
[ERROR] /home/travis/build/failed/square/retrofit/retrofit/src/main/java/retrofit/converter/Converter.java:[21,21] package retrofit.mime does not exist
[ERROR] /home/travis/build/failed/square/retrofit/retrofit/src/main/java/retrofit/converter/GsonConverter.java:[60,36] cannot find symbol
[ERROR] symbol:   class TypedInput
[ERROR] location: class retrofit.converter.GsonConverter
[ERROR] /home/travis/build/failed/square/retrofit/retrofit/src/main/java/retrofit/converter/GsonConverter.java:[79,20] cannot find symbol
[ERROR] symbol:   class TypedOutput
[ERROR] location: class retrofit.converter.GsonConverter
[ERROR] /home/travis/build/failed/square/retrofit/retrofit/src/main/java/retrofit/converter/Converter.java:[34,19] cannot find symbol
[ERROR] symbol:   class TypedInput
[ERROR] location: interface retrofit.converter.Converter
[ERROR] /home/travis/build/failed/square/retrofit/retrofit/src/main/java/retrofit/converter/Converter.java:[42,3] cannot find symbol
[ERROR] symbol:   class TypedOutput
[ERROR] location: interface retrofit.converter.Converter
[ERROR] /home/travis/build/failed/square/retrofit/retrofit/src/main/java/retrofit/converter/GsonConverter.java:[84,51] cannot find symbol
[ERROR] symbol:   class TypedOutput
[ERROR] location: class retrofit.converter.GsonConverter
[ERROR] /home/travis/build/failed/square/retrofit/retrofit/src/main/java/retrofit/RetrofitError.java:[22,21] package retrofit.mime does not exist
[ERROR] /home/travis/build/failed/square/retrofit/retrofit/src/main/java/retrofit/Utils.java:[30,21] package retrofit.mime does not exist
[ERROR] /home/travis/build/failed/square/retrofit/retrofit/src/main/java/retrofit/Utils.java:[31,21] package retrofit.mime does not exist
[ERROR] /home/travis/build/failed/square/retrofit/retrofit/src/main/java/retrofit/Utils.java:[82,46] cannot find symbol
[ERROR] symbol:   class TypedOutput
[ERROR] location: class retrofit.Utils
[ERROR] /home/travis/build/failed/square/retrofit/retrofit/src/main/java/retrofit/Utils.java:[99,10] cannot find symbol
[ERROR] symbol:   class TypedInput
[ERROR] location: class retrofit.Utils
[ERROR] /home/travis/build/failed/square/retrofit/retrofit/src/main/java/retrofit/http/Part.java:[24,28] package retrofit.mime does not exist
[ERROR] /home/travis/build/failed/square/retrofit/retrofit/src/main/java/retrofit/http/Part.java:[24,1] static import only from classes and interfaces
[ERROR] /home/travis/build/failed/square/retrofit/retrofit/src/main/java/retrofit/http/PartMap.java:[24,28] package retrofit.mime does not exist
[ERROR] /home/travis/build/failed/square/retrofit/retrofit/src/main/java/retrofit/http/PartMap.java:[24,1] static import only from classes and interfaces
[ERROR] /home/travis/build/failed/square/retrofit/retrofit/src/main/java/retrofit/RestAdapter.java:[34,21] package retrofit.mime does not exist
[ERROR] /home/travis/build/failed/square/retrofit/retrofit/src/main/java/retrofit/RestAdapter.java:[35,21] package retrofit.mime does not exist
[ERROR] /home/travis/build/failed/square/retrofit/retrofit/src/main/java/retrofit/ExceptionCatchingRequestBody.java:[6,21] package retrofit.mime does not exist
[ERROR] /home/travis/build/failed/square/retrofit/retrofit/src/main/java/retrofit/ExceptionCatchingRequestBody.java:[8,47] cannot find symbol
[ERROR] symbol: class TypedInput
[ERROR] /home/travis/build/failed/square/retrofit/retrofit/src/main/java/retrofit/ExceptionCatchingRequestBody.java:[9,17] cannot find symbol
[ERROR] symbol:   class TypedInput
[ERROR] location: class retrofit.ExceptionCatchingRequestBody
[ERROR] /home/travis/build/failed/square/retrofit/retrofit/src/main/java/retrofit/ExceptionCatchingRequestBody.java:[12,32] cannot find symbol
[ERROR] symbol:   class TypedInput
[ERROR] location: class retrofit.ExceptionCatchingRequestBody
[ERROR] /home/travis/build/failed/square/retrofit/retrofit/src/main/java/retrofit/RequestBuilder.java:[37,21] package retrofit.mime does not exist
[ERROR] /home/travis/build/failed/square/retrofit/retrofit/src/main/java/retrofit/RequestBuilder.java:[38,21] package retrofit.mime does not exist
[ERROR] /home/travis/build/failed/square/retrofit/retrofit/src/main/java/retrofit/RequestBuilder.java:[39,21] package retrofit.mime does not exist
[ERROR] /home/travis/build/failed/square/retrofit/retrofit/src/main/java/retrofit/RequestBuilder.java:[40,21] package retrofit.mime does not exist
[ERROR] /home/travis/build/failed/square/retrofit/retrofit/src/main/java/retrofit/RequestBuilder.java:[51,17] cannot find symbol
[ERROR] symbol:   class FormUrlEncodedTypedOutput
[ERROR] location: class retrofit.RequestBuilder
[ERROR] /home/travis/build/failed/square/retrofit/retrofit/src/main/java/retrofit/RequestBuilder.java:[52,17] cannot find symbol
[ERROR] symbol:   class MultipartTypedOutput
[ERROR] location: class retrofit.RequestBuilder
[ERROR] /home/travis/build/failed/square/retrofit/retrofit/src/main/java/retrofit/RequestBuilder.java:[53,11] cannot find symbol
[ERROR] symbol:   class TypedOutput
[ERROR] location: class retrofit.RequestBuilder
[ERROR] /home/travis/build/failed/square/retrofit/retrofit/src/main/java/retrofit/RequestBuilder.java:[406,66] cannot find symbol
[ERROR] symbol:   class TypedOutput
[ERROR] location: class retrofit.RequestBuilder
[ERROR] /home/travis/build/failed/square/retrofit/retrofit/src/main/java/retrofit/RequestBuilder.java:[407,19] cannot find symbol
[ERROR] symbol:   class TypedOutput
[ERROR] location: class retrofit.RequestBuilder.MediaTypeOverridingTypedOutput
[ERROR] /home/travis/build/failed/square/retrofit/retrofit/src/main/java/retrofit/RequestBuilder.java:[410,36] cannot find symbol
[ERROR] symbol:   class TypedOutput
[ERROR] location: class retrofit.RequestBuilder.MediaTypeOverridingTypedOutput
[ERROR] /home/travis/build/failed/square/retrofit/retrofit/src/main/java/retrofit/http/Part.java:[58,29] cannot find symbol
[ERROR] symbol:   variable DEFAULT_TRANSFER_ENCODING
[ERROR] location: @interface retrofit.http.Part
[ERROR] /home/travis/build/failed/square/retrofit/retrofit/src/main/java/retrofit/http/PartMap.java:[54,29] cannot find symbol
[ERROR] symbol:   variable DEFAULT_TRANSFER_ENCODING
[ERROR] location: @interface retrofit.http.PartMap
[ERROR] /home/travis/build/failed/square/retrofit/retrofit/src/main/java/retrofit/converter/GsonConverter.java:[93,5] method does not override or implement a method from a supertype
[ERROR] /home/travis/build/failed/square/retrofit/retrofit/src/main/java/retrofit/converter/GsonConverter.java:[97,5] method does not override or implement a method from a supertype
[ERROR] /home/travis/build/failed/square/retrofit/retrofit/src/main/java/retrofit/converter/GsonConverter.java:[101,5] method does not override or implement a method from a supertype
[ERROR] /home/travis/build/failed/square/retrofit/retrofit/src/main/java/retrofit/converter/GsonConverter.java:[105,5] method does not override or implement a method from a supertype
[ERROR] /home/travis/build/failed/square/retrofit/retrofit/src/main/java/retrofit/RetrofitError.java:[120,5] cannot find symbol
[ERROR] symbol:   class TypedInput
[ERROR] location: class retrofit.RetrofitError
[ERROR] /home/travis/build/failed/square/retrofit/retrofit/src/main/java/retrofit/Utils.java:[101,16] cannot find symbol
[ERROR] symbol:   class TypedInput
[ERROR] location: class retrofit.Utils
[ERROR] /home/travis/build/failed/square/retrofit/retrofit/src/main/java/retrofit/RestAdapter.java:[296,7] cannot find symbol
[ERROR] symbol:   class TypedInput
[ERROR] location: class retrofit.RestAdapter.RestHandler
[ERROR] /home/travis/build/failed/square/retrofit/retrofit/src/main/java/retrofit/RestAdapter.java:[297,7] cannot find symbol
[ERROR] symbol:   class ExceptionCatchingTypedInput
[ERROR] location: class retrofit.RestAdapter.RestHandler
[ERROR] /home/travis/build/failed/square/retrofit/retrofit/src/main/java/retrofit/RestAdapter.java:[297,49] cannot find symbol
[ERROR] symbol:   class ExceptionCatchingTypedInput
[ERROR] location: class retrofit.RestAdapter.RestHandler
[ERROR] /home/travis/build/failed/square/retrofit/retrofit/src/main/java/retrofit/ExceptionCatchingRequestBody.java:[17,3] method does not override or implement a method from a supertype
[ERROR] /home/travis/build/failed/square/retrofit/retrofit/src/main/java/retrofit/ExceptionCatchingRequestBody.java:[21,3] method does not override or implement a method from a supertype
[ERROR] /home/travis/build/failed/square/retrofit/retrofit/src/main/java/retrofit/ExceptionCatchingRequestBody.java:[25,3] method does not override or implement a method from a supertype
[ERROR] /home/travis/build/failed/square/retrofit/retrofit/src/main/java/retrofit/RequestBuilder.java:[82,24] cannot find symbol
[ERROR] symbol:   class FormUrlEncodedTypedOutput
[ERROR] location: class retrofit.RequestBuilder
[ERROR] /home/travis/build/failed/square/retrofit/retrofit/src/main/java/retrofit/RequestBuilder.java:[88,29] cannot find symbol
[ERROR] symbol:   class MultipartTypedOutput
[ERROR] location: class retrofit.RequestBuilder
[ERROR] /home/travis/build/failed/square/retrofit/retrofit/src/main/java/retrofit/RequestBuilder.java:[316,32] cannot find symbol
[ERROR] symbol:   class TypedOutput
[ERROR] location: class retrofit.RequestBuilder
[ERROR] /home/travis/build/failed/square/retrofit/retrofit/src/main/java/retrofit/RequestBuilder.java:[317,60] cannot find symbol
[ERROR] symbol:   class TypedOutput
[ERROR] location: class retrofit.RequestBuilder
[ERROR] /home/travis/build/failed/square/retrofit/retrofit/src/main/java/retrofit/RequestBuilder.java:[319,63] cannot find symbol
[ERROR] symbol:   class TypedString
[ERROR] location: class retrofit.RequestBuilder
[ERROR] /home/travis/build/failed/square/retrofit/retrofit/src/main/java/retrofit/RequestBuilder.java:[337,41] cannot find symbol
[ERROR] symbol:   class TypedOutput
[ERROR] location: class retrofit.RequestBuilder
[ERROR] /home/travis/build/failed/square/retrofit/retrofit/src/main/java/retrofit/RequestBuilder.java:[338,69] cannot find symbol
[ERROR] symbol:   class TypedOutput
[ERROR] location: class retrofit.RequestBuilder
[ERROR] /home/travis/build/failed/square/retrofit/retrofit/src/main/java/retrofit/RequestBuilder.java:[341,25] cannot find symbol
[ERROR] symbol:   class TypedString
[ERROR] location: class retrofit.RequestBuilder
[ERROR] /home/travis/build/failed/square/retrofit/retrofit/src/main/java/retrofit/RequestBuilder.java:[353,30] cannot find symbol
[ERROR] symbol:   class TypedOutput
[ERROR] location: class retrofit.RequestBuilder
[ERROR] /home/travis/build/failed/square/retrofit/retrofit/src/main/java/retrofit/RequestBuilder.java:[354,19] cannot find symbol
[ERROR] symbol:   class TypedOutput
[ERROR] location: class retrofit.RequestBuilder
[ERROR] /home/travis/build/failed/square/retrofit/retrofit/src/main/java/retrofit/RequestBuilder.java:[384,5] cannot find symbol
[ERROR] symbol:   class TypedOutput
[ERROR] location: class retrofit.RequestBuilder
[ERROR] /home/travis/build/failed/square/retrofit/retrofit/src/main/java/retrofit/RequestBuilder.java:[415,5] method does not override or implement a method from a supertype
[ERROR] /home/travis/build/failed/square/retrofit/retrofit/src/main/java/retrofit/RequestBuilder.java:[419,5] method does not override or implement a method from a supertype
[ERROR] /home/travis/build/failed/square/retrofit/retrofit/src/main/java/retrofit/RequestBuilder.java:[423,5] method does not override or implement a method from a supertype
[ERROR] /home/travis/build/failed/square/retrofit/retrofit/src/main/java/retrofit/RequestBuilder.java:[427,5] method does not override or implement a method from a supertype
[ERROR] -> [Help 1]
[ERROR] 
[ERROR] To see the full stack trace of the errors, re-run Maven with the -e switch.
[ERROR] Re-run Maven using the -X switch to enable full debug logging.
[ERROR] 
[ERROR] For more information about the errors and possible solutions, please read the following articles:
[ERROR] [Help 1] http://cwiki.apache.org/confluence/display/MAVEN/MojoFailureException
[ERROR] 
[ERROR] After correcting the problems, you can resume the build with the command
[ERROR]   mvn <goals> -rf :retrofit

[31;1mThe command "eval mvn install -Dhttps.protocols=TLSv1.2 -DskipTests=true -Dmaven.javadoc.skip=true -B -V " failed 3 times.[0m


travis_time:end:0c7aefe3:start=1657896067764175137,finish=1657896147064411795,duration=79300236658[0K
[31;1mThe command "mvn install -Dhttps.protocols=TLSv1.2 -DskipTests=true -Dmaven.javadoc.skip=true -B -V" failed and exited with 1 during .[0m

Your build has been stopped.
