travis_fold:start:system_info[0K[33;1mBuild system information[0m
Build language: java
Build group: stable
Build dist: precise
Build id: ''
Job id: ''
[34m[1mBuild image provisioning date and time[0m
Thu Feb  5 15:09:33 UTC 2015
[34m[1mOperating System Details[0m
Distributor ID:	Ubuntu
Description:	Ubuntu 12.04.5 LTS
Release:	12.04
Codename:	precise
[34m[1mLinux Version[0m
3.13.0-29-generic
[34m[1mCookbooks Version[0m
a68419e https://github.com/travis-ci/travis-cookbooks/tree/a68419e
[34m[1mGCC version[0m
gcc (Ubuntu/Linaro 4.6.3-1ubuntu5) 4.6.3
Copyright (C) 2011 Free Software Foundation, Inc.
This is free software; see the source for copying conditions.  There is NO
warranty; not even for MERCHANTABILITY or FITNESS FOR A PARTICULAR PURPOSE.

[34m[1mLLVM version[0m
clang version 3.4 (tags/RELEASE_34/final)
Target: x86_64-unknown-linux-gnu
Thread model: posix
[34m[1mPre-installed Ruby versions[0m
ruby-1.9.3-p551
[34m[1mPre-installed Node.js versions[0m
v0.10.36
[34m[1mPre-installed Go versions[0m
1.4.1
[34m[1mRedis version[0m
redis-server 2.8.19
[34m[1mriak version[0m
2.0.2
[34m[1mMongoDB version[0m
MongoDB 2.4.12
[34m[1mCouchDB version[0m
couchdb 1.6.1
[34m[1mNeo4j version[0m
1.9.4
[34m[1mRabbitMQ Version[0m
3.4.3
[34m[1mElasticSearch version[0m
1.4.0
[34m[1mInstalled Sphinx versions[0m
2.0.10
2.1.9
2.2.6
[34m[1mDefault Sphinx version[0m
2.2.6
[34m[1mInstalled Firefox version[0m
firefox 31.0esr
[34m[1mPhantomJS version[0m
1.9.8
[34m[1mant -version[0m
Apache Ant(TM) version 1.8.2 compiled on December 3 2011
[34m[1mmvn -version[0m
Apache Maven 3.2.5 (12a6b3acb947671f09b81f49094c53f426d8cea1; 2014-12-14T17:29:23+00:00)
Maven home: /usr/local/maven
Java version: 1.7.0_76, vendor: Oracle Corporation
Java home: /usr/lib/jvm/java-7-oracle/jre
Default locale: en_US, platform encoding: ANSI_X3.4-1968
OS name: "linux", version: "3.13.0-29-generic", arch: "amd64", family: "unix"
travis_fold:end:system_info[0K
W: Failed to fetch http://us.archive.ubuntu.com/ubuntu/dists/precise/main/source/Sources  404  Not Found [IP: 91.189.91.39 80]

W: Failed to fetch http://us.archive.ubuntu.com/ubuntu/dists/precise/restricted/source/Sources  404  Not Found [IP: 91.189.91.39 80]

W: Failed to fetch http://us.archive.ubuntu.com/ubuntu/dists/precise/universe/source/Sources  404  Not Found [IP: 91.189.91.39 80]

W: Failed to fetch http://us.archive.ubuntu.com/ubuntu/dists/precise/multiverse/source/Sources  404  Not Found [IP: 91.189.91.39 80]

W: Failed to fetch http://us.archive.ubuntu.com/ubuntu/dists/precise/main/binary-amd64/Packages  404  Not Found [IP: 91.189.91.39 80]

W: Failed to fetch http://us.archive.ubuntu.com/ubuntu/dists/precise/restricted/binary-amd64/Packages  404  Not Found [IP: 91.189.91.39 80]

W: Failed to fetch http://us.archive.ubuntu.com/ubuntu/dists/precise/universe/binary-amd64/Packages  404  Not Found [IP: 91.189.91.39 80]

W: Failed to fetch http://us.archive.ubuntu.com/ubuntu/dists/precise/multiverse/binary-amd64/Packages  404  Not Found [IP: 91.189.91.39 80]

W: Failed to fetch http://us.archive.ubuntu.com/ubuntu/dists/precise/main/binary-i386/Packages  404  Not Found [IP: 91.189.91.39 80]

W: Failed to fetch http://us.archive.ubuntu.com/ubuntu/dists/precise/restricted/binary-i386/Packages  404  Not Found [IP: 91.189.91.39 80]

W: Failed to fetch http://us.archive.ubuntu.com/ubuntu/dists/precise/universe/binary-i386/Packages  404  Not Found [IP: 91.189.91.39 80]

W: Failed to fetch http://us.archive.ubuntu.com/ubuntu/dists/precise/multiverse/binary-i386/Packages  404  Not Found [IP: 91.189.91.39 80]

W: Failed to fetch http://us.archive.ubuntu.com/ubuntu/dists/precise-updates/main/source/Sources  404  Not Found [IP: 91.189.91.39 80]

W: Failed to fetch http://us.archive.ubuntu.com/ubuntu/dists/precise-updates/restricted/source/Sources  404  Not Found [IP: 91.189.91.39 80]

W: Failed to fetch http://us.archive.ubuntu.com/ubuntu/dists/precise-updates/universe/source/Sources  404  Not Found [IP: 91.189.91.39 80]

W: Failed to fetch http://us.archive.ubuntu.com/ubuntu/dists/precise-updates/multiverse/source/Sources  404  Not Found [IP: 91.189.91.39 80]

W: Failed to fetch http://us.archive.ubuntu.com/ubuntu/dists/precise-updates/main/binary-amd64/Packages  404  Not Found [IP: 91.189.91.39 80]

W: Failed to fetch http://us.archive.ubuntu.com/ubuntu/dists/precise-updates/restricted/binary-amd64/Packages  404  Not Found [IP: 91.189.91.39 80]

W: Failed to fetch http://us.archive.ubuntu.com/ubuntu/dists/precise-updates/universe/binary-amd64/Packages  404  Not Found [IP: 91.189.91.39 80]

W: Failed to fetch http://us.archive.ubuntu.com/ubuntu/dists/precise-updates/multiverse/binary-amd64/Packages  404  Not Found [IP: 91.189.91.39 80]

W: Failed to fetch http://us.archive.ubuntu.com/ubuntu/dists/precise-updates/main/binary-i386/Packages  404  Not Found [IP: 91.189.91.39 80]

W: Failed to fetch http://us.archive.ubuntu.com/ubuntu/dists/precise-updates/restricted/binary-i386/Packages  404  Not Found [IP: 91.189.91.39 80]

W: Failed to fetch http://us.archive.ubuntu.com/ubuntu/dists/precise-updates/universe/binary-i386/Packages  404  Not Found [IP: 91.189.91.39 80]

W: Failed to fetch http://us.archive.ubuntu.com/ubuntu/dists/precise-updates/multiverse/binary-i386/Packages  404  Not Found [IP: 91.189.91.39 80]

W: Failed to fetch http://us.archive.ubuntu.com/ubuntu/dists/precise-backports/main/source/Sources  404  Not Found [IP: 91.189.91.39 80]

W: Failed to fetch http://us.archive.ubuntu.com/ubuntu/dists/precise-backports/restricted/source/Sources  404  Not Found [IP: 91.189.91.39 80]

W: Failed to fetch http://us.archive.ubuntu.com/ubuntu/dists/precise-backports/universe/source/Sources  404  Not Found [IP: 91.189.91.39 80]

W: Failed to fetch http://us.archive.ubuntu.com/ubuntu/dists/precise-backports/multiverse/source/Sources  404  Not Found [IP: 91.189.91.39 80]

W: Failed to fetch http://us.archive.ubuntu.com/ubuntu/dists/precise-backports/main/binary-amd64/Packages  404  Not Found [IP: 91.189.91.39 80]

W: Failed to fetch http://us.archive.ubuntu.com/ubuntu/dists/precise-backports/restricted/binary-amd64/Packages  404  Not Found [IP: 91.189.91.39 80]

W: Failed to fetch http://us.archive.ubuntu.com/ubuntu/dists/precise-backports/universe/binary-amd64/Packages  404  Not Found [IP: 91.189.91.39 80]

W: Failed to fetch http://us.archive.ubuntu.com/ubuntu/dists/precise-backports/multiverse/binary-amd64/Packages  404  Not Found [IP: 91.189.91.39 80]

W: Failed to fetch http://us.archive.ubuntu.com/ubuntu/dists/precise-backports/main/binary-i386/Packages  404  Not Found [IP: 91.189.91.39 80]

W: Failed to fetch http://us.archive.ubuntu.com/ubuntu/dists/precise-backports/restricted/binary-i386/Packages  404  Not Found [IP: 91.189.91.39 80]

W: Failed to fetch http://us.archive.ubuntu.com/ubuntu/dists/precise-backports/universe/binary-i386/Packages  404  Not Found [IP: 91.189.91.39 80]

W: Failed to fetch http://us.archive.ubuntu.com/ubuntu/dists/precise-backports/multiverse/binary-i386/Packages  404  Not Found [IP: 91.189.91.39 80]

W: Failed to fetch http://security.ubuntu.com/ubuntu/dists/precise-security/main/source/Sources  404  Not Found [IP: 185.125.190.36 80]

W: Failed to fetch http://security.ubuntu.com/ubuntu/dists/precise-security/restricted/source/Sources  404  Not Found [IP: 185.125.190.36 80]

W: Failed to fetch http://security.ubuntu.com/ubuntu/dists/precise-security/universe/source/Sources  404  Not Found [IP: 185.125.190.36 80]

W: Failed to fetch http://security.ubuntu.com/ubuntu/dists/precise-security/multiverse/source/Sources  404  Not Found [IP: 185.125.190.36 80]

W: Failed to fetch http://security.ubuntu.com/ubuntu/dists/precise-security/main/binary-amd64/Packages  404  Not Found [IP: 185.125.190.36 80]

W: Failed to fetch http://security.ubuntu.com/ubuntu/dists/precise-security/restricted/binary-amd64/Packages  404  Not Found [IP: 185.125.190.36 80]

W: Failed to fetch http://security.ubuntu.com/ubuntu/dists/precise-security/universe/binary-amd64/Packages  404  Not Found [IP: 185.125.190.36 80]

W: Failed to fetch http://security.ubuntu.com/ubuntu/dists/precise-security/multiverse/binary-amd64/Packages  404  Not Found [IP: 185.125.190.36 80]

W: Failed to fetch http://security.ubuntu.com/ubuntu/dists/precise-security/main/binary-i386/Packages  404  Not Found [IP: 185.125.190.36 80]

W: Failed to fetch http://security.ubuntu.com/ubuntu/dists/precise-security/restricted/binary-i386/Packages  404  Not Found [IP: 185.125.190.36 80]

W: Failed to fetch http://security.ubuntu.com/ubuntu/dists/precise-security/universe/binary-i386/Packages  404  Not Found [IP: 185.125.190.36 80]

W: Failed to fetch http://security.ubuntu.com/ubuntu/dists/precise-security/multiverse/binary-i386/Packages  404  Not Found [IP: 185.125.190.36 80]

W: Failed to fetch http://apt.postgresql.org/pub/repos/apt/dists/precise-pgdg/main/binary-amd64/Packages  404  Not Found [IP: 87.238.57.227 80]

W: Failed to fetch http://apt.postgresql.org/pub/repos/apt/dists/precise-pgdg/main/binary-i386/Packages  404  Not Found [IP: 87.238.57.227 80]

W: Failed to fetch http://ppa.launchpad.net/rwky/ppa/ubuntu/dists/precise/main/binary-amd64/Packages  403  Forbidden

W: Failed to fetch http://ppa.launchpad.net/rwky/ppa/ubuntu/dists/precise/main/binary-i386/Packages  403  Forbidden

W: Failed to fetch http://ppa.launchpad.net/travis-ci/zero-mq/ubuntu/dists/precise/main/binary-amd64/Packages  403  Forbidden

W: Failed to fetch http://ppa.launchpad.net/travis-ci/zero-mq/ubuntu/dists/precise/main/binary-i386/Packages  403  Forbidden

W: Failed to fetch http://downloads-distro.mongodb.org/repo/debian-sysvinit/dists/dist/10gen/binary-amd64/Packages  Undetermined Error [IP: 52.206.222.245 80]

W: Failed to fetch http://downloads-distro.mongodb.org/repo/debian-sysvinit/dists/dist/10gen/binary-i386/Packages  Undetermined Error [IP: 52.206.222.245 80]

E: Some index files failed to download. They have been ignored, or old ones used instead.
sed: cannot rename /etc/hosts: Device or resource busy
sed: cannot rename /etc/hosts: Device or resource busy
$ jdk_switcher use oraclejdk8
Switching to Oracle JDK8 (java-8-oracle), JAVA_HOME will be set to /usr/lib/jvm/java-8-oracle
$ cd failed/stagemonitor/stagemonitor

[33;1mSetting environment variables from .travis.yml[0m
$ export GH_TOKEN=[secure]
$ export COVERITY_SCAN_TOKEN=[secure]
$ export TERM=dumb

$ export TERM=dumb
travis_fold:start:cache.1[0KSetting up build cache
$ export CASHER_DIR=$HOME/.casher
travis_time:start:02d31aba[0K$ Installing caching utilities

travis_time:end:02d31aba:start=1657916379795043051,finish=1657916380748314341,duration=953271290[0Ktravis_time:start:1845da70[0K
travis_time:end:1845da70:start=1657916380760207573,finish=1657916380768695139,duration=8487566[0Ktravis_time:start:09ca7610[0K/home/travis/.casher/bin/casher:213:in `cache_archive_name': undefined method `[]' for nil:NilClass (NoMethodError)
	from /home/travis/.casher/bin/casher:65:in `block in fetch'
	from /home/travis/.casher/bin/casher:64:in `each'
	from /home/travis/.casher/bin/casher:64:in `fetch'
	from /home/travis/.casher/bin/casher:53:in `block in run'
	from /home/travis/.rvm/rubies/ruby-1.9.3-p551/lib/ruby/1.9.1/timeout.rb:69:in `timeout'
	from /home/travis/.casher/bin/casher:53:in `run'
	from /home/travis/.casher/bin/casher:263:in `<main>'
[32;1mattempting to download cache archive[0m

travis_time:end:09ca7610:start=1657916380779152477,finish=1657916381610378264,duration=831225787[0Ktravis_time:start:1018f2e8[0K
travis_time:end:1018f2e8:start=1657916381618638840,finish=1657916381627131356,duration=8492516[0Ktravis_time:start:3de89c99[0K[32;1madding /home/travis/.m2 to cache[0m
[32;1madding /home/travis/.gradle to cache[0m
[32;1mcreating directory /home/travis/.gradle[0m

travis_time:end:3de89c99:start=1657916381637845702,finish=1657916382423582081,duration=785736379[0Ktravis_fold:end:cache.1[0K$ java -Xmx32m -version
java version "1.8.0_31"
Java(TM) SE Runtime Environment (build 1.8.0_31-b13)
Java HotSpot(TM) 64-Bit Server VM (build 25.31-b07, mixed mode)
$ javac -J-Xmx32m -version
javac 1.8.0_31
travis_fold:start:install[0Ktravis_time:start:0d7b2e82[0K$ ./gradlew assemble --stacktrace
Downloading https://services.gradle.org/distributions/gradle-2.12-all.zip
...................................................................................................................................................................................................................................................................................................................................................................................................................................................................................................................................................................................................................................................................................................................................................................................................................................................................................................................................................................................................................................................................................................................................................................................................................................................................................................................................................................................................................................................................................................................................................................................................................................................................................................................................................................................................................................................................................................................................................................................................................................................................................................................................................................................................................................................................................................................................................................................................................................................................................................................................................................................................................................................................................................................................................................................................................................................................................................................................................................................................................................................................................................................................................................................................................................................................................................................................................................................................................................................................................................................................................................................................................
Unzipping /home/travis/.gradle/wrapper/dists/gradle-2.12-all/8ywkdai6puj5z81fume4e7njw/gradle-2.12-all.zip to /home/travis/.gradle/wrapper/dists/gradle-2.12-all/8ywkdai6puj5z81fume4e7njw
Set executable permissions for: /home/travis/.gradle/wrapper/dists/gradle-2.12-all/8ywkdai6puj5z81fume4e7njw/gradle-2.12/bin/gradle
Download https://repo1.maven.org/maven2/net/saliman/gradle-cobertura-plugin/2.3.0/gradle-cobertura-plugin-2.3.0.pom
Download https://repo1.maven.org/maven2/org/kt3k/gradle/plugin/coveralls-gradle-plugin/2.6.3/coveralls-gradle-plugin-2.6.3.pom
Download https://repo1.maven.org/maven2/com/bmuschko/gradle-nexus-plugin/2.3.1/gradle-nexus-plugin-2.3.1.pom
Download https://jcenter.bintray.com/com/github/ben-manes/gradle-versions-plugin/0.12.0/gradle-versions-plugin-0.12.0.pom
Download https://repo1.maven.org/maven2/net/researchgate/gradle-release/2.3.5/gradle-release-2.3.5.pom
Download https://repo1.maven.org/maven2/org/apache/httpcomponents/httpmime/4.3/httpmime-4.3.pom
Download https://repo1.maven.org/maven2/org/apache/httpcomponents/httpcomponents-client/4.3/httpcomponents-client-4.3.pom
Download https://repo1.maven.org/maven2/org/apache/httpcomponents/project/7/project-7.pom
Download https://repo1.maven.org/maven2/org/apache/apache/13/apache-13.pom
Download https://repo1.maven.org/maven2/org/eclipse/jgit/org.eclipse.jgit/3.6.0.201412230720-r/org.eclipse.jgit-3.6.0.201412230720-r.pom
Download https://repo1.maven.org/maven2/org/eclipse/jgit/org.eclipse.jgit-parent/3.6.0.201412230720-r/org.eclipse.jgit-parent-3.6.0.201412230720-r.pom
Download https://repo1.maven.org/maven2/org/codehaus/groovy/modules/http-builder/http-builder/0.7.1/http-builder-0.7.1.pom
Download https://repo1.maven.org/maven2/com/thoughtworks/xstream/xstream/1.4.7/xstream-1.4.7.pom
Download https://repo1.maven.org/maven2/com/thoughtworks/xstream/xstream-parent/1.4.7/xstream-parent-1.4.7.pom
Download https://repo1.maven.org/maven2/org/codehaus/codehaus-parent/3/codehaus-parent-3.pom
Download https://repo1.maven.org/maven2/org/apache/httpcomponents/httpclient/4.3/httpclient-4.3.pom
Download https://repo1.maven.org/maven2/com/jcraft/jsch/0.1.50/jsch-0.1.50.pom
Download https://repo1.maven.org/maven2/org/sonatype/oss/oss-parent/6/oss-parent-6.pom
Download https://repo1.maven.org/maven2/com/googlecode/javaewah/JavaEWAH/0.7.9/JavaEWAH-0.7.9.pom
Download https://repo1.maven.org/maven2/org/sonatype/oss/oss-parent/5/oss-parent-5.pom
Download https://repo1.maven.org/maven2/net/sf/json-lib/json-lib/2.3/json-lib-2.3.pom
Download https://repo1.maven.org/maven2/net/sourceforge/nekohtml/nekohtml/1.9.16/nekohtml-1.9.16.pom
Download https://repo1.maven.org/maven2/xml-resolver/xml-resolver/1.2/xml-resolver-1.2.pom
Download https://repo1.maven.org/maven2/org/apache/apache/3/apache-3.pom
Download https://repo1.maven.org/maven2/xmlpull/xmlpull/1.1.3.1/xmlpull-1.1.3.1.pom
Download https://repo1.maven.org/maven2/xpp3/xpp3_min/1.1.4c/xpp3_min-1.1.4c.pom
Download https://repo1.maven.org/maven2/commons-beanutils/commons-beanutils/1.8.0/commons-beanutils-1.8.0.pom
Download https://repo1.maven.org/maven2/org/apache/commons/commons-parent/11/commons-parent-11.pom
Download https://repo1.maven.org/maven2/org/apache/apache/4/apache-4.pom
Download https://repo1.maven.org/maven2/commons-collections/commons-collections/3.2.1/commons-collections-3.2.1.pom
Download https://repo1.maven.org/maven2/org/apache/commons/commons-parent/9/commons-parent-9.pom
Download https://repo1.maven.org/maven2/commons-lang/commons-lang/2.4/commons-lang-2.4.pom
Download https://repo1.maven.org/maven2/commons-logging/commons-logging/1.1.1/commons-logging-1.1.1.pom
Download https://repo1.maven.org/maven2/org/apache/commons/commons-parent/5/commons-parent-5.pom
Download https://repo1.maven.org/maven2/net/sf/ezmorph/ezmorph/1.0.6/ezmorph-1.0.6.pom
Download https://repo1.maven.org/maven2/xerces/xercesImpl/2.9.1/xercesImpl-2.9.1.pom
Download https://repo1.maven.org/maven2/xml-apis/xml-apis/1.3.04/xml-apis-1.3.04.pom
Download https://repo1.maven.org/maven2/org/apache/httpcomponents/httpcore/4.3/httpcore-4.3.pom
Download https://repo1.maven.org/maven2/org/apache/httpcomponents/httpcomponents-core/4.3/httpcomponents-core-4.3.pom
Download https://repo1.maven.org/maven2/commons-codec/commons-codec/1.6/commons-codec-1.6.pom
Download https://repo1.maven.org/maven2/org/apache/commons/commons-parent/22/commons-parent-22.pom
Download https://repo1.maven.org/maven2/org/apache/apache/9/apache-9.pom
Download https://repo1.maven.org/maven2/commons-logging/commons-logging/1.1.3/commons-logging-1.1.3.pom
Download https://repo1.maven.org/maven2/org/apache/commons/commons-parent/28/commons-parent-28.pom
Download https://repo1.maven.org/maven2/net/saliman/gradle-cobertura-plugin/2.3.0/gradle-cobertura-plugin-2.3.0.jar
Download https://repo1.maven.org/maven2/org/kt3k/gradle/plugin/coveralls-gradle-plugin/2.6.3/coveralls-gradle-plugin-2.6.3.jar
Download https://repo1.maven.org/maven2/com/bmuschko/gradle-nexus-plugin/2.3.1/gradle-nexus-plugin-2.3.1.jar
Download https://jcenter.bintray.com/com/github/ben-manes/gradle-versions-plugin/0.12.0/gradle-versions-plugin-0.12.0.jar
Download https://repo1.maven.org/maven2/net/researchgate/gradle-release/2.3.5/gradle-release-2.3.5.jar
Download https://repo1.maven.org/maven2/org/apache/httpcomponents/httpmime/4.3/httpmime-4.3.jar
Download https://repo1.maven.org/maven2/org/eclipse/jgit/org.eclipse.jgit/3.6.0.201412230720-r/org.eclipse.jgit-3.6.0.201412230720-r.jar
Download https://repo1.maven.org/maven2/org/codehaus/groovy/modules/http-builder/http-builder/0.7.1/http-builder-0.7.1.jar
Download https://repo1.maven.org/maven2/com/thoughtworks/xstream/xstream/1.4.7/xstream-1.4.7.jar
Download https://repo1.maven.org/maven2/org/apache/httpcomponents/httpclient/4.3/httpclient-4.3.jar
Download https://repo1.maven.org/maven2/com/jcraft/jsch/0.1.50/jsch-0.1.50.jar
Download https://repo1.maven.org/maven2/com/googlecode/javaewah/JavaEWAH/0.7.9/JavaEWAH-0.7.9.jar
Download https://repo1.maven.org/maven2/net/sf/json-lib/json-lib/2.3/json-lib-2.3-jdk15.jar
Download https://repo1.maven.org/maven2/net/sourceforge/nekohtml/nekohtml/1.9.16/nekohtml-1.9.16.jar
Download https://repo1.maven.org/maven2/xml-resolver/xml-resolver/1.2/xml-resolver-1.2.jar
Download https://repo1.maven.org/maven2/xmlpull/xmlpull/1.1.3.1/xmlpull-1.1.3.1.jar
Download https://repo1.maven.org/maven2/xpp3/xpp3_min/1.1.4c/xpp3_min-1.1.4c.jar
Download https://repo1.maven.org/maven2/commons-beanutils/commons-beanutils/1.8.0/commons-beanutils-1.8.0.jar
Download https://repo1.maven.org/maven2/commons-collections/commons-collections/3.2.1/commons-collections-3.2.1.jar
Download https://repo1.maven.org/maven2/commons-lang/commons-lang/2.4/commons-lang-2.4.jar
Download https://repo1.maven.org/maven2/net/sf/ezmorph/ezmorph/1.0.6/ezmorph-1.0.6.jar
Download https://repo1.maven.org/maven2/xerces/xercesImpl/2.9.1/xercesImpl-2.9.1.jar
Download https://repo1.maven.org/maven2/xml-apis/xml-apis/1.3.04/xml-apis-1.3.04.jar
Download https://repo1.maven.org/maven2/org/apache/httpcomponents/httpcore/4.3/httpcore-4.3.jar
Download https://repo1.maven.org/maven2/commons-codec/commons-codec/1.6/commons-codec-1.6.jar
Download https://repo1.maven.org/maven2/commons-logging/commons-logging/1.1.3/commons-logging-1.1.3.jar
Incremental java compilation is an incubating feature.
Download https://plugins.gradle.org/m2/gradle/plugin/me/champeau/gradle/jmh-gradle-plugin/0.3.0/jmh-gradle-plugin-0.3.0.pom
Download https://plugins.gradle.org/m2/gradle/plugin/me/champeau/gradle/jmh-gradle-plugin/0.3.0/jmh-gradle-plugin-0.3.0.jar
Download https://plugins.gradle.org/m2/com/moowork/gradle/gradle-node-plugin/0.12/gradle-node-plugin-0.12.pom
Download https://plugins.gradle.org/m2/com/moowork/gradle/gradle-node-plugin/0.12/gradle-node-plugin-0.12.jar
Defining custom 'build' task when using the standard Gradle lifecycle plugins has been deprecated and is scheduled to be removed in Gradle 3.0
:compileJava UP-TO-DATE
:processResources UP-TO-DATE
:classes UP-TO-DATE
:jar
:assemble
:stagemonitor-dispatcher:compileJava
:stagemonitor-dispatcher:compileJava - is not incremental (e.g. outputs have changed, no previous execution, etc.).
warning: [options] bootstrap class path not set in conjunction with -source 1.6
1 warning
:stagemonitor-dispatcher:processResources UP-TO-DATE
:stagemonitor-dispatcher:classes
:stagemonitor-dispatcher:jar
:stagemonitor-core:compileJava
Download https://repo1.maven.org/maven2/org/slf4j/slf4j-api/1.7.18/slf4j-api-1.7.18.pom
Download https://repo1.maven.org/maven2/org/slf4j/slf4j-parent/1.7.18/slf4j-parent-1.7.18.pom
Download https://repo1.maven.org/maven2/io/dropwizard/metrics/metrics-core/3.1.2/metrics-core-3.1.2.pom
Download https://repo1.maven.org/maven2/io/dropwizard/metrics/metrics-parent/3.1.2/metrics-parent-3.1.2.pom
Download https://repo1.maven.org/maven2/io/dropwizard/metrics/metrics-graphite/3.1.2/metrics-graphite-3.1.2.pom
Download https://repo1.maven.org/maven2/io/dropwizard/metrics/metrics-annotation/3.1.2/metrics-annotation-3.1.2.pom
Download https://repo1.maven.org/maven2/io/dropwizard/metrics/metrics-json/3.1.2/metrics-json-3.1.2.pom
Download https://repo1.maven.org/maven2/com/fasterxml/jackson/core/jackson-databind/2.7.2/jackson-databind-2.7.2.pom
Download https://repo1.maven.org/maven2/com/fasterxml/jackson/jackson-parent/2.7/jackson-parent-2.7.pom
Download https://repo1.maven.org/maven2/com/fasterxml/oss-parent/25/oss-parent-25.pom
Download https://repo1.maven.org/maven2/com/fasterxml/jackson/module/jackson-module-afterburner/2.7.2/jackson-module-afterburner-2.7.2.pom
Download https://repo1.maven.org/maven2/com/fasterxml/jackson/module/jackson-modules-base/2.7.2/jackson-modules-base-2.7.2.pom
Download https://repo1.maven.org/maven2/net/bytebuddy/byte-buddy/1.3.19/byte-buddy-1.3.19.pom
Download https://repo1.maven.org/maven2/net/bytebuddy/byte-buddy-parent/1.3.19/byte-buddy-parent-1.3.19.pom
Download https://repo1.maven.org/maven2/net/bytebuddy/byte-buddy-agent/1.3.19/byte-buddy-agent-1.3.19.pom
Download https://repo1.maven.org/maven2/io/prometheus/simpleclient/0.0.14/simpleclient-0.0.14.pom
Download https://repo1.maven.org/maven2/io/prometheus/parent/0.0.14/parent-0.0.14.pom
Download https://repo1.maven.org/maven2/org/sonatype/oss/oss-parent/7/oss-parent-7.pom
Download https://repo1.maven.org/maven2/com/fasterxml/jackson/core/jackson-core/2.7.2/jackson-core-2.7.2.pom
Download https://repo1.maven.org/maven2/com/fasterxml/jackson/core/jackson-annotations/2.7.0/jackson-annotations-2.7.0.pom
Download https://repo1.maven.org/maven2/org/slf4j/slf4j-api/1.7.18/slf4j-api-1.7.18.jar
Download https://repo1.maven.org/maven2/io/dropwizard/metrics/metrics-core/3.1.2/metrics-core-3.1.2.jar
Download https://repo1.maven.org/maven2/io/dropwizard/metrics/metrics-graphite/3.1.2/metrics-graphite-3.1.2.jar
Download https://repo1.maven.org/maven2/io/dropwizard/metrics/metrics-annotation/3.1.2/metrics-annotation-3.1.2.jar
Download https://repo1.maven.org/maven2/io/dropwizard/metrics/metrics-json/3.1.2/metrics-json-3.1.2.jar
Download https://repo1.maven.org/maven2/com/fasterxml/jackson/core/jackson-databind/2.7.2/jackson-databind-2.7.2.jar
Download https://repo1.maven.org/maven2/com/fasterxml/jackson/module/jackson-module-afterburner/2.7.2/jackson-module-afterburner-2.7.2.jar
Download https://repo1.maven.org/maven2/net/bytebuddy/byte-buddy/1.3.19/byte-buddy-1.3.19.jar
Download https://repo1.maven.org/maven2/net/bytebuddy/byte-buddy-agent/1.3.19/byte-buddy-agent-1.3.19.jar
Download https://repo1.maven.org/maven2/io/prometheus/simpleclient/0.0.14/simpleclient-0.0.14.jar
Download https://repo1.maven.org/maven2/com/fasterxml/jackson/core/jackson-core/2.7.2/jackson-core-2.7.2.jar
Download https://repo1.maven.org/maven2/com/fasterxml/jackson/core/jackson-annotations/2.7.0/jackson-annotations-2.7.0.jar
:stagemonitor-core:compileJava - is not incremental (e.g. outputs have changed, no previous execution, etc.).
warning: [options] bootstrap class path not set in conjunction with -source 1.6
/home/travis/build/failed/stagemonitor/stagemonitor/stagemonitor-core/src/main/java/org/stagemonitor/core/instrument/CallerUtil.java:7: warning: JavaLangAccess is internal proprietary API and may be removed in a future release
import sun.misc.JavaLangAccess;
               ^
/home/travis/build/failed/stagemonitor/stagemonitor/stagemonitor-core/src/main/java/org/stagemonitor/core/instrument/CallerUtil.java:8: warning: SharedSecrets is internal proprietary API and may be removed in a future release
import sun.misc.SharedSecrets;
               ^
/home/travis/.gradle/caches/modules-2/files-2.1/net.bytebuddy/byte-buddy-agent/1.3.19/fe195e1c5d9699766ae735527e644c4c7431c444/byte-buddy-agent-1.3.19.jar(net/bytebuddy/agent/ByteBuddyAgent.class): warning: Cannot find annotation method 'value()' in type 'SuppressFBWarnings': class file for edu.umd.cs.findbugs.annotations.SuppressFBWarnings not found
/home/travis/.gradle/caches/modules-2/files-2.1/net.bytebuddy/byte-buddy-agent/1.3.19/fe195e1c5d9699766ae735527e644c4c7431c444/byte-buddy-agent-1.3.19.jar(net/bytebuddy/agent/ByteBuddyAgent.class): warning: Cannot find annotation method 'justification()' in type 'SuppressFBWarnings'
/home/travis/.gradle/caches/modules-2/files-2.1/net.bytebuddy/byte-buddy-agent/1.3.19/fe195e1c5d9699766ae735527e644c4c7431c444/byte-buddy-agent-1.3.19.jar(net/bytebuddy/agent/ByteBuddyAgent$AttachmentProvider.class): warning: Cannot find annotation method 'value()' in type 'SuppressFBWarnings'
/home/travis/.gradle/caches/modules-2/files-2.1/net.bytebuddy/byte-buddy-agent/1.3.19/fe195e1c5d9699766ae735527e644c4c7431c444/byte-buddy-agent-1.3.19.jar(net/bytebuddy/agent/ByteBuddyAgent$AttachmentProvider.class): warning: Cannot find annotation method 'justification()' in type 'SuppressFBWarnings'
/home/travis/.gradle/caches/modules-2/files-2.1/net.bytebuddy/byte-buddy/1.3.19/182e016c97ccfe5c20f182549c3de2a83eee83ab/byte-buddy-1.3.19.jar(net/bytebuddy/dynamic/scaffold/MethodGraph$Compiler.class): warning: Cannot find annotation method 'value()' in type 'SuppressFBWarnings'
/home/travis/.gradle/caches/modules-2/files-2.1/net.bytebuddy/byte-buddy/1.3.19/182e016c97ccfe5c20f182549c3de2a83eee83ab/byte-buddy-1.3.19.jar(net/bytebuddy/dynamic/scaffold/MethodGraph$Compiler.class): warning: Cannot find annotation method 'justification()' in type 'SuppressFBWarnings'
/home/travis/.gradle/caches/modules-2/files-2.1/net.bytebuddy/byte-buddy/1.3.19/182e016c97ccfe5c20f182549c3de2a83eee83ab/byte-buddy-1.3.19.jar(net/bytebuddy/implementation/auxiliary/AuxiliaryType.class): warning: Cannot find annotation method 'value()' in type 'SuppressFBWarnings'
/home/travis/.gradle/caches/modules-2/files-2.1/net.bytebuddy/byte-buddy/1.3.19/182e016c97ccfe5c20f182549c3de2a83eee83ab/byte-buddy-1.3.19.jar(net/bytebuddy/implementation/auxiliary/AuxiliaryType.class): warning: Cannot find annotation method 'justification()' in type 'SuppressFBWarnings'
/home/travis/.gradle/caches/modules-2/files-2.1/net.bytebuddy/byte-buddy/1.3.19/182e016c97ccfe5c20f182549c3de2a83eee83ab/byte-buddy-1.3.19.jar(net/bytebuddy/ClassFileVersion.class): warning: Cannot find annotation method 'value()' in type 'SuppressFBWarnings'
/home/travis/.gradle/caches/modules-2/files-2.1/net.bytebuddy/byte-buddy/1.3.19/182e016c97ccfe5c20f182549c3de2a83eee83ab/byte-buddy-1.3.19.jar(net/bytebuddy/ClassFileVersion.class): warning: Cannot find annotation method 'justification()' in type 'SuppressFBWarnings'
/home/travis/build/failed/stagemonitor/stagemonitor/stagemonitor-core/src/main/java/org/stagemonitor/core/instrument/CallerUtil.java:16: warning: SharedSecrets is internal proprietary API and may be removed in a future release
			javaLangAccessObject = SharedSecrets.getJavaLangAccess();
			                       ^
/home/travis/build/failed/stagemonitor/stagemonitor/stagemonitor-core/src/main/java/org/stagemonitor/core/instrument/CallerUtil.java:42: warning: JavaLangAccess is internal proprietary API and may be removed in a future release
		final JavaLangAccess javaLangAccess = (JavaLangAccess) javaLangAccessObject;
		      ^
/home/travis/build/failed/stagemonitor/stagemonitor/stagemonitor-core/src/main/java/org/stagemonitor/core/instrument/CallerUtil.java:42: warning: JavaLangAccess is internal proprietary API and may be removed in a future release
		final JavaLangAccess javaLangAccess = (JavaLangAccess) javaLangAccessObject;
		                                       ^
/home/travis/.gradle/caches/modules-2/files-2.1/net.bytebuddy/byte-buddy/1.3.19/182e016c97ccfe5c20f182549c3de2a83eee83ab/byte-buddy-1.3.19.jar(net/bytebuddy/description/type/TypeDescription$AbstractBase.class): warning: Cannot find annotation method 'value()' in type 'SuppressFBWarnings'
/home/travis/.gradle/caches/modules-2/files-2.1/net.bytebuddy/byte-buddy/1.3.19/182e016c97ccfe5c20f182549c3de2a83eee83ab/byte-buddy-1.3.19.jar(net/bytebuddy/description/type/TypeDescription$AbstractBase.class): warning: Cannot find annotation method 'justification()' in type 'SuppressFBWarnings'
/home/travis/.gradle/caches/modules-2/files-2.1/net.bytebuddy/byte-buddy/1.3.19/182e016c97ccfe5c20f182549c3de2a83eee83ab/byte-buddy-1.3.19.jar(net/bytebuddy/description/type/TypeList.class): warning: Cannot find annotation method 'value()' in type 'SuppressFBWarnings'
/home/travis/.gradle/caches/modules-2/files-2.1/net.bytebuddy/byte-buddy/1.3.19/182e016c97ccfe5c20f182549c3de2a83eee83ab/byte-buddy-1.3.19.jar(net/bytebuddy/description/type/TypeList.class): warning: Cannot find annotation method 'justification()' in type 'SuppressFBWarnings'
Note: /home/travis/build/failed/stagemonitor/stagemonitor/stagemonitor-core/src/main/java/org/stagemonitor/core/Stagemonitor.java uses or overrides a deprecated API.
Note: Recompile with -Xlint:deprecation for details.
Note: Some input files use unchecked or unsafe operations.
Note: Recompile with -Xlint:unchecked for details.
20 warnings
:stagemonitor-core:processResources
:stagemonitor-core:classes
:stagemonitor-core:jar
:stagemonitor-requestmonitor:compileJava
Download https://repo1.maven.org/maven2/org/elasticsearch/elasticsearch/2.2.0/elasticsearch-2.2.0.pom
Download https://repo1.maven.org/maven2/org/elasticsearch/parent/2.2.0/parent-2.2.0.pom
Download https://repo1.maven.org/maven2/javax/ejb/ejb-api/3.0/ejb-api-3.0.pom
Download https://repo1.maven.org/maven2/org/apache/lucene/lucene-core/5.4.1/lucene-core-5.4.1.pom
Download https://repo1.maven.org/maven2/org/apache/lucene/lucene-parent/5.4.1/lucene-parent-5.4.1.pom
Download https://repo1.maven.org/maven2/org/apache/lucene/lucene-solr-grandparent/5.4.1/lucene-solr-grandparent-5.4.1.pom
Download https://repo1.maven.org/maven2/org/apache/lucene/lucene-backward-codecs/5.4.1/lucene-backward-codecs-5.4.1.pom
Download https://repo1.maven.org/maven2/org/apache/lucene/lucene-analyzers-common/5.4.1/lucene-analyzers-common-5.4.1.pom
Download https://repo1.maven.org/maven2/org/apache/lucene/lucene-queries/5.4.1/lucene-queries-5.4.1.pom
Download https://repo1.maven.org/maven2/org/apache/lucene/lucene-memory/5.4.1/lucene-memory-5.4.1.pom
Download https://repo1.maven.org/maven2/org/apache/lucene/lucene-highlighter/5.4.1/lucene-highlighter-5.4.1.pom
Download https://repo1.maven.org/maven2/org/apache/lucene/lucene-queryparser/5.4.1/lucene-queryparser-5.4.1.pom
Download https://repo1.maven.org/maven2/org/apache/lucene/lucene-suggest/5.4.1/lucene-suggest-5.4.1.pom
Download https://repo1.maven.org/maven2/org/apache/lucene/lucene-join/5.4.1/lucene-join-5.4.1.pom
Download https://repo1.maven.org/maven2/org/apache/lucene/lucene-spatial/5.4.1/lucene-spatial-5.4.1.pom
Download https://repo1.maven.org/maven2/com/google/guava/guava/18.0/guava-18.0.pom
Download https://repo1.maven.org/maven2/com/google/guava/guava-parent/18.0/guava-parent-18.0.pom
Download https://repo1.maven.org/maven2/org/elasticsearch/securesm/1.0/securesm-1.0.pom
Download https://repo1.maven.org/maven2/com/carrotsearch/hppc/0.7.1/hppc-0.7.1.pom
Download https://repo1.maven.org/maven2/com/carrotsearch/hppc-parent/0.7.1/hppc-parent-0.7.1.pom
Download https://repo1.maven.org/maven2/org/sonatype/oss/oss-parent/9/oss-parent-9.pom
Download https://repo1.maven.org/maven2/joda-time/joda-time/2.8.2/joda-time-2.8.2.pom
Download https://repo1.maven.org/maven2/org/joda/joda-convert/1.2/joda-convert-1.2.pom
Download https://repo1.maven.org/maven2/com/fasterxml/jackson/core/jackson-core/2.6.2/jackson-core-2.6.2.pom
Download https://repo1.maven.org/maven2/com/fasterxml/jackson/jackson-parent/2.6.1/jackson-parent-2.6.1.pom
Download https://repo1.maven.org/maven2/com/fasterxml/oss-parent/23/oss-parent-23.pom
Download https://repo1.maven.org/maven2/com/fasterxml/jackson/dataformat/jackson-dataformat-smile/2.6.2/jackson-dataformat-smile-2.6.2.pom
Download https://repo1.maven.org/maven2/com/fasterxml/jackson/dataformat/jackson-dataformat-yaml/2.6.2/jackson-dataformat-yaml-2.6.2.pom
Download https://repo1.maven.org/maven2/com/fasterxml/jackson/dataformat/jackson-dataformat-cbor/2.6.2/jackson-dataformat-cbor-2.6.2.pom
Download https://repo1.maven.org/maven2/io/netty/netty/3.10.5.Final/netty-3.10.5.Final.pom
Download https://repo1.maven.org/maven2/com/ning/compress-lzf/1.0.2/compress-lzf-1.0.2.pom
Download https://repo1.maven.org/maven2/com/tdunning/t-digest/3.0/t-digest-3.0.pom
Download https://repo1.maven.org/maven2/org/hdrhistogram/HdrHistogram/2.1.6/HdrHistogram-2.1.6.pom
Download https://repo1.maven.org/maven2/commons-cli/commons-cli/1.3.1/commons-cli-1.3.1.pom
Download https://repo1.maven.org/maven2/org/apache/commons/commons-parent/37/commons-parent-37.pom
Download https://repo1.maven.org/maven2/org/apache/apache/16/apache-16.pom
Download https://repo1.maven.org/maven2/com/twitter/jsr166e/1.1.0/jsr166e-1.1.0.pom
Download https://repo1.maven.org/maven2/org/apache/lucene/lucene-sandbox/5.4.1/lucene-sandbox-5.4.1.pom
Download https://repo1.maven.org/maven2/org/apache/lucene/lucene-misc/5.4.1/lucene-misc-5.4.1.pom
Download https://repo1.maven.org/maven2/org/apache/lucene/lucene-grouping/5.4.1/lucene-grouping-5.4.1.pom
Download https://repo1.maven.org/maven2/org/apache/lucene/lucene-spatial3d/5.4.1/lucene-spatial3d-5.4.1.pom
Download https://repo1.maven.org/maven2/com/spatial4j/spatial4j/0.5/spatial4j-0.5.pom
Download https://repo1.maven.org/maven2/org/yaml/snakeyaml/1.15/snakeyaml-1.15.pom
Download https://repo1.maven.org/maven2/org/elasticsearch/elasticsearch/2.2.0/elasticsearch-2.2.0.jar
Download https://repo1.maven.org/maven2/javax/ejb/ejb-api/3.0/ejb-api-3.0.jar
Download https://repo1.maven.org/maven2/org/apache/lucene/lucene-core/5.4.1/lucene-core-5.4.1.jar
Download https://repo1.maven.org/maven2/org/apache/lucene/lucene-backward-codecs/5.4.1/lucene-backward-codecs-5.4.1.jar
Download https://repo1.maven.org/maven2/org/apache/lucene/lucene-analyzers-common/5.4.1/lucene-analyzers-common-5.4.1.jar
Download https://repo1.maven.org/maven2/org/apache/lucene/lucene-queries/5.4.1/lucene-queries-5.4.1.jar
Download https://repo1.maven.org/maven2/org/apache/lucene/lucene-memory/5.4.1/lucene-memory-5.4.1.jar
Download https://repo1.maven.org/maven2/org/apache/lucene/lucene-highlighter/5.4.1/lucene-highlighter-5.4.1.jar
Download https://repo1.maven.org/maven2/org/apache/lucene/lucene-queryparser/5.4.1/lucene-queryparser-5.4.1.jar
Download https://repo1.maven.org/maven2/org/apache/lucene/lucene-suggest/5.4.1/lucene-suggest-5.4.1.jar
Download https://repo1.maven.org/maven2/org/apache/lucene/lucene-join/5.4.1/lucene-join-5.4.1.jar
Download https://repo1.maven.org/maven2/org/apache/lucene/lucene-spatial/5.4.1/lucene-spatial-5.4.1.jar
Download https://repo1.maven.org/maven2/com/google/guava/guava/18.0/guava-18.0.jar
Download https://repo1.maven.org/maven2/org/elasticsearch/securesm/1.0/securesm-1.0.jar
Download https://repo1.maven.org/maven2/com/carrotsearch/hppc/0.7.1/hppc-0.7.1.jar
Download https://repo1.maven.org/maven2/joda-time/joda-time/2.8.2/joda-time-2.8.2.jar
Download https://repo1.maven.org/maven2/org/joda/joda-convert/1.2/joda-convert-1.2.jar
Download https://repo1.maven.org/maven2/com/fasterxml/jackson/dataformat/jackson-dataformat-smile/2.6.2/jackson-dataformat-smile-2.6.2.jar
Download https://repo1.maven.org/maven2/com/fasterxml/jackson/dataformat/jackson-dataformat-yaml/2.6.2/jackson-dataformat-yaml-2.6.2.jar
Download https://repo1.maven.org/maven2/com/fasterxml/jackson/dataformat/jackson-dataformat-cbor/2.6.2/jackson-dataformat-cbor-2.6.2.jar
Download https://repo1.maven.org/maven2/io/netty/netty/3.10.5.Final/netty-3.10.5.Final.jar
Download https://repo1.maven.org/maven2/com/ning/compress-lzf/1.0.2/compress-lzf-1.0.2.jar
Download https://repo1.maven.org/maven2/com/tdunning/t-digest/3.0/t-digest-3.0.jar
Download https://repo1.maven.org/maven2/org/hdrhistogram/HdrHistogram/2.1.6/HdrHistogram-2.1.6.jar
Download https://repo1.maven.org/maven2/commons-cli/commons-cli/1.3.1/commons-cli-1.3.1.jar
Download https://repo1.maven.org/maven2/com/twitter/jsr166e/1.1.0/jsr166e-1.1.0.jar
Download https://repo1.maven.org/maven2/org/apache/lucene/lucene-sandbox/5.4.1/lucene-sandbox-5.4.1.jar
Download https://repo1.maven.org/maven2/org/apache/lucene/lucene-misc/5.4.1/lucene-misc-5.4.1.jar
Download https://repo1.maven.org/maven2/org/apache/lucene/lucene-grouping/5.4.1/lucene-grouping-5.4.1.jar
Download https://repo1.maven.org/maven2/org/apache/lucene/lucene-spatial3d/5.4.1/lucene-spatial3d-5.4.1.jar
Download https://repo1.maven.org/maven2/com/spatial4j/spatial4j/0.5/spatial4j-0.5.jar
Download https://repo1.maven.org/maven2/org/yaml/snakeyaml/1.15/snakeyaml-1.15.jar
:stagemonitor-requestmonitor:compileJava - is not incremental (e.g. outputs have changed, no previous execution, etc.).
warning: [options] bootstrap class path not set in conjunction with -source 1.6
/home/travis/.gradle/caches/modules-2/files-2.1/net.bytebuddy/byte-buddy/1.3.19/182e016c97ccfe5c20f182549c3de2a83eee83ab/byte-buddy-1.3.19.jar(net/bytebuddy/description/type/TypeList.class): warning: Cannot find annotation method 'value()' in type 'SuppressFBWarnings': class file for edu.umd.cs.findbugs.annotations.SuppressFBWarnings not found
/home/travis/.gradle/caches/modules-2/files-2.1/net.bytebuddy/byte-buddy/1.3.19/182e016c97ccfe5c20f182549c3de2a83eee83ab/byte-buddy-1.3.19.jar(net/bytebuddy/description/type/TypeList.class): warning: Cannot find annotation method 'justification()' in type 'SuppressFBWarnings'
Note: Some input files use unchecked or unsafe operations.
Note: Recompile with -Xlint:unchecked for details.
3 warnings
:stagemonitor-requestmonitor:processResources
:stagemonitor-requestmonitor:classes
:stagemonitor-requestmonitor:jar
:stagemonitor-alerting:compileJava
Download https://repo1.maven.org/maven2/javax/mail/mail/1.4.1/mail-1.4.1.pom
Download https://repo1.maven.org/maven2/org/freemarker/freemarker/2.3.23/freemarker-2.3.23.pom
Download https://repo1.maven.org/maven2/javax/servlet/javax.servlet-api/3.0.1/javax.servlet-api-3.0.1.pom
Download https://repo1.maven.org/maven2/net/java/jvnet-parent/1/jvnet-parent-1.pom
Download https://repo1.maven.org/maven2/javax/activation/activation/1.1/activation-1.1.pom
Download https://repo1.maven.org/maven2/javax/mail/mail/1.4.1/mail-1.4.1.jar
Download https://repo1.maven.org/maven2/org/freemarker/freemarker/2.3.23/freemarker-2.3.23.jar
Download https://repo1.maven.org/maven2/javax/servlet/javax.servlet-api/3.0.1/javax.servlet-api-3.0.1.jar
Download https://repo1.maven.org/maven2/javax/activation/activation/1.1/activation-1.1.jar
:stagemonitor-alerting:compileJava - is not incremental (e.g. outputs have changed, no previous execution, etc.).
warning: [options] bootstrap class path not set in conjunction with -source 1.6
1 warning
:stagemonitor-alerting:processResources
:stagemonitor-alerting:classes
:stagemonitor-alerting:jar
:stagemonitor-dispatcher:javadoc
:stagemonitor-core:javadoc/home/travis/.gradle/caches/modules-2/files-2.1/net.bytebuddy/byte-buddy-agent/1.3.19/fe195e1c5d9699766ae735527e644c4c7431c444/byte-buddy-agent-1.3.19.jar(net/bytebuddy/agent/ByteBuddyAgent.class): warning: Cannot find annotation method 'value()' in type 'SuppressFBWarnings': class file for edu.umd.cs.findbugs.annotations.SuppressFBWarnings not found
/home/travis/.gradle/caches/modules-2/files-2.1/net.bytebuddy/byte-buddy-agent/1.3.19/fe195e1c5d9699766ae735527e644c4c7431c444/byte-buddy-agent-1.3.19.jar(net/bytebuddy/agent/ByteBuddyAgent.class): warning: Cannot find annotation method 'justification()' in type 'SuppressFBWarnings'
/home/travis/.gradle/caches/modules-2/files-2.1/net.bytebuddy/byte-buddy-agent/1.3.19/fe195e1c5d9699766ae735527e644c4c7431c444/byte-buddy-agent-1.3.19.jar(net/bytebuddy/agent/ByteBuddyAgent$AttachmentProvider.class): warning: Cannot find annotation method 'value()' in type 'SuppressFBWarnings'
/home/travis/.gradle/caches/modules-2/files-2.1/net.bytebuddy/byte-buddy-agent/1.3.19/fe195e1c5d9699766ae735527e644c4c7431c444/byte-buddy-agent-1.3.19.jar(net/bytebuddy/agent/ByteBuddyAgent$AttachmentProvider.class): warning: Cannot find annotation method 'justification()' in type 'SuppressFBWarnings'
/home/travis/build/failed/stagemonitor/stagemonitor/stagemonitor-core/src/main/java/org/stagemonitor/core/instrument/StagemonitorByteBuddyTransformer.java:163: warning - @return tag cannot be used in method with void return type.
/home/travis/build/failed/stagemonitor/stagemonitor/stagemonitor-core/src/main/java/org/stagemonitor/core/StagemonitorConfigurationSourceInitializer.java:33: warning - @param argument "configInitializedArguments@throws" is not a parameter name.
/home/travis/build/failed/stagemonitor/stagemonitor/stagemonitor-core/src/main/java/org/stagemonitor/core/metrics/MetricNameFilter.java:18: warning - @return tag has no arguments.
/home/travis/build/failed/stagemonitor/stagemonitor/stagemonitor-core/src/main/java/org/stagemonitor/core/metrics/MetricNameFilter.java:27: warning - @return tag has no arguments.
/home/travis/build/failed/stagemonitor/stagemonitor/stagemonitor-core/src/main/java/org/stagemonitor/core/metrics/MetricNameFilter.java:37: warning - @return tag has no arguments.
/home/travis/build/failed/stagemonitor/stagemonitor/stagemonitor-core/src/main/java/org/stagemonitor/core/metrics/MonitorGauges.java:24: warning - @{@link is an unknown tag.
/home/travis/build/failed/stagemonitor/stagemonitor/stagemonitor-core/src/main/java/org/stagemonitor/core/util/MBeanUtils.java:73: warning - @param argument "name" is not a parameter name.
/home/travis/build/failed/stagemonitor/stagemonitor/stagemonitor-core/src/main/java/org/stagemonitor/core/util/MBeanUtils.java:73: warning - @param argument "query" is not a parameter name.

12 warnings
:stagemonitor-requestmonitor:javadoc/home/travis/.gradle/caches/modules-2/files-2.1/net.bytebuddy/byte-buddy/1.3.19/182e016c97ccfe5c20f182549c3de2a83eee83ab/byte-buddy-1.3.19.jar(net/bytebuddy/description/type/TypeList.class): warning: Cannot find annotation method 'value()' in type 'SuppressFBWarnings': class file for edu.umd.cs.findbugs.annotations.SuppressFBWarnings not found
/home/travis/.gradle/caches/modules-2/files-2.1/net.bytebuddy/byte-buddy/1.3.19/182e016c97ccfe5c20f182549c3de2a83eee83ab/byte-buddy-1.3.19.jar(net/bytebuddy/description/type/TypeList.class): warning: Cannot find annotation method 'justification()' in type 'SuppressFBWarnings'
/home/travis/build/failed/stagemonitor/stagemonitor/stagemonitor-requestmonitor/src/main/java/org/stagemonitor/requestmonitor/MonitoredRequest.java:27: warning - Tag @link: reference not found: javax.servlet.http.HttpServletRequest#getParameterMap()
/home/travis/build/failed/stagemonitor/stagemonitor/stagemonitor-requestmonitor/src/main/java/org/stagemonitor/requestmonitor/MonitoredRequest.java:27: warning - Tag @link: reference not found: javax.servlet.http.HttpServletRequest#getParameterMap()

4 warnings
:stagemonitor-alerting:javadoc/home/travis/build/failed/stagemonitor/stagemonitor/stagemonitor-alerting/src/main/java/org/stagemonitor/alerting/check/Threshold.java:109: warning - @return tag has no arguments.

1 warning
:stagemonitor-alerting:javadocJar
:stagemonitor-alerting:sourcesJar
:stagemonitor-alerting:signArchives SKIPPED
:stagemonitor-alerting:assemble
:stagemonitor-ehcache:compileJava
Download https://repo1.maven.org/maven2/net/sf/ehcache/ehcache-core/2.6.6/ehcache-core-2.6.6.pom
Download https://repo1.maven.org/maven2/net/sf/ehcache/ehcache-parent/2.3/ehcache-parent-2.3.pom
Download https://repo1.maven.org/maven2/net/sf/ehcache/ehcache-core/2.6.6/ehcache-core-2.6.6.jar
:stagemonitor-ehcache:compileJava - is not incremental (e.g. outputs have changed, no previous execution, etc.).
warning: [options] bootstrap class path not set in conjunction with -source 1.6
1 warning
:stagemonitor-ehcache:processResources
:stagemonitor-ehcache:classes
:stagemonitor-ehcache:jar
:stagemonitor-jdbc:compileJava
Download https://repo1.maven.org/maven2/p6spy/p6spy/2.3.0/p6spy-2.3.0.pom
Download https://repo1.maven.org/maven2/cglib/cglib-nodep/2.2.2/cglib-nodep-2.2.2.pom
Download https://repo1.maven.org/maven2/p6spy/p6spy/2.3.0/p6spy-2.3.0.jar
Download https://repo1.maven.org/maven2/cglib/cglib-nodep/2.2.2/cglib-nodep-2.2.2.jar
:stagemonitor-jdbc:compileJava - is not incremental (e.g. outputs have changed, no previous execution, etc.).
warning: [options] bootstrap class path not set in conjunction with -source 1.6
1 warning
:stagemonitor-jdbc:processResources
:stagemonitor-jdbc:classes
:stagemonitor-jdbc:jar
:stagemonitor-jvm:compileJava
Download https://repo1.maven.org/maven2/io/dropwizard/metrics/metrics-jvm/3.1.2/metrics-jvm-3.1.2.pom
Download https://repo1.maven.org/maven2/io/dropwizard/metrics/metrics-jvm/3.1.2/metrics-jvm-3.1.2.jar
:stagemonitor-jvm:compileJava - is not incremental (e.g. outputs have changed, no previous execution, etc.).
warning: [options] bootstrap class path not set in conjunction with -source 1.6
1 warning
:stagemonitor-jvm:processResources
:stagemonitor-jvm:classes
:stagemonitor-jvm:jar
:stagemonitor-logging:compileJava
:stagemonitor-logging:compileJava - is not incremental (e.g. outputs have changed, no previous execution, etc.).
warning: [options] bootstrap class path not set in conjunction with -source 1.6
1 warning
:stagemonitor-logging:processResources
:stagemonitor-logging:classes
:stagemonitor-logging:jar
:stagemonitor-web:compileJava
Download https://repo1.maven.org/maven2/net/sf/uadetector/uadetector-resources/2014.10/uadetector-resources-2014.10.pom
Download https://repo1.maven.org/maven2/net/sf/uadetector/uadetector-parent/2014.10/uadetector-parent-2014.10.pom
Download https://repo1.maven.org/maven2/org/springframework/spring-webmvc/3.1.0.RELEASE/spring-webmvc-3.1.0.RELEASE.pom
Download https://repo1.maven.org/maven2/org/springframework/spring-parent/3.1.0.RELEASE/spring-parent-3.1.0.RELEASE.pom
Download https://repo1.maven.org/maven2/org/jboss/resteasy/resteasy-jaxrs/3.0.10.Final/resteasy-jaxrs-3.0.10.Final.pom
Download https://repo1.maven.org/maven2/org/jboss/resteasy/resteasy-jaxrs-all/3.0.10.Final/resteasy-jaxrs-all-3.0.10.Final.pom
Download https://repo1.maven.org/maven2/com/fasterxml/jackson/core/jackson-databind/2.4.2/jackson-databind-2.4.2.pom
Download https://repo1.maven.org/maven2/com/fasterxml/jackson/jackson-parent/2.4/jackson-parent-2.4.pom
Download https://repo1.maven.org/maven2/com/fasterxml/oss-parent/16/oss-parent-16.pom
Download https://repo1.maven.org/maven2/org/slf4j/slf4j-api/1.7.7/slf4j-api-1.7.7.pom
Download https://repo1.maven.org/maven2/org/slf4j/slf4j-parent/1.7.7/slf4j-parent-1.7.7.pom
Download https://repo1.maven.org/maven2/net/sf/uadetector/uadetector-core/0.9.22/uadetector-core-0.9.22.pom
Download https://repo1.maven.org/maven2/org/springframework/spring-asm/3.1.0.RELEASE/spring-asm-3.1.0.RELEASE.pom
Download https://repo1.maven.org/maven2/org/springframework/spring-beans/3.1.0.RELEASE/spring-beans-3.1.0.RELEASE.pom
Download https://repo1.maven.org/maven2/org/springframework/spring-context/3.1.0.RELEASE/spring-context-3.1.0.RELEASE.pom
Download https://repo1.maven.org/maven2/org/springframework/spring-context-support/3.1.0.RELEASE/spring-context-support-3.1.0.RELEASE.pom
Download https://repo1.maven.org/maven2/org/springframework/spring-core/3.1.0.RELEASE/spring-core-3.1.0.RELEASE.pom
Download https://repo1.maven.org/maven2/org/springframework/spring-expression/3.1.0.RELEASE/spring-expression-3.1.0.RELEASE.pom
Download https://repo1.maven.org/maven2/org/springframework/spring-web/3.1.0.RELEASE/spring-web-3.1.0.RELEASE.pom
Download https://repo1.maven.org/maven2/org/jboss/resteasy/jaxrs-api/3.0.10.Final/jaxrs-api-3.0.10.Final.pom
Download https://repo1.maven.org/maven2/org/jboss/spec/javax/annotation/jboss-annotations-api_1.1_spec/1.0.1.Final/jboss-annotations-api_1.1_spec-1.0.1.Final.pom
Download https://repo1.maven.org/maven2/org/jboss/jboss-parent/9/jboss-parent-9.pom
Download https://repo1.maven.org/maven2/org/apache/httpcomponents/httpclient/4.2.6/httpclient-4.2.6.pom
Download https://repo1.maven.org/maven2/org/apache/httpcomponents/httpcomponents-client/4.2.6/httpcomponents-client-4.2.6.pom
Download https://repo1.maven.org/maven2/commons-io/commons-io/2.1/commons-io-2.1.pom
Download https://repo1.maven.org/maven2/net/jcip/jcip-annotations/1.0/jcip-annotations-1.0.pom
Download https://repo1.maven.org/maven2/net/sf/qualitycheck/quality-check/1.3/quality-check-1.3.pom
Download https://repo1.maven.org/maven2/net/sf/qualitycheck/quality-parent/1.3/quality-parent-1.3.pom
Download https://repo1.maven.org/maven2/com/google/code/findbugs/jsr305/2.0.3/jsr305-2.0.3.pom
Download https://repo1.maven.org/maven2/javax/annotation/jsr250-api/1.0/jsr250-api-1.0.pom
Download https://repo1.maven.org/maven2/org/springframework/spring-aop/3.1.0.RELEASE/spring-aop-3.1.0.RELEASE.pom
Download https://repo1.maven.org/maven2/aopalliance/aopalliance/1.0/aopalliance-1.0.pom
Download https://repo1.maven.org/maven2/org/apache/httpcomponents/httpcore/4.2.5/httpcore-4.2.5.pom
Download https://repo1.maven.org/maven2/org/apache/httpcomponents/httpcomponents-core/4.2.5/httpcomponents-core-4.2.5.pom
Download https://repo1.maven.org/maven2/net/sf/uadetector/uadetector-resources/2014.10/uadetector-resources-2014.10.jar
Download https://repo1.maven.org/maven2/org/springframework/spring-webmvc/3.1.0.RELEASE/spring-webmvc-3.1.0.RELEASE.jar
Download https://repo1.maven.org/maven2/org/jboss/resteasy/resteasy-jaxrs/3.0.10.Final/resteasy-jaxrs-3.0.10.Final.jar
Download https://repo1.maven.org/maven2/net/sf/uadetector/uadetector-core/0.9.22/uadetector-core-0.9.22.jar
Download https://repo1.maven.org/maven2/org/springframework/spring-asm/3.1.0.RELEASE/spring-asm-3.1.0.RELEASE.jar
Download https://repo1.maven.org/maven2/org/springframework/spring-beans/3.1.0.RELEASE/spring-beans-3.1.0.RELEASE.jar
Download https://repo1.maven.org/maven2/org/springframework/spring-context/3.1.0.RELEASE/spring-context-3.1.0.RELEASE.jar
Download https://repo1.maven.org/maven2/org/springframework/spring-context-support/3.1.0.RELEASE/spring-context-support-3.1.0.RELEASE.jar
Download https://repo1.maven.org/maven2/org/springframework/spring-core/3.1.0.RELEASE/spring-core-3.1.0.RELEASE.jar
Download https://repo1.maven.org/maven2/org/springframework/spring-expression/3.1.0.RELEASE/spring-expression-3.1.0.RELEASE.jar
Download https://repo1.maven.org/maven2/org/springframework/spring-web/3.1.0.RELEASE/spring-web-3.1.0.RELEASE.jar
Download https://repo1.maven.org/maven2/org/jboss/resteasy/jaxrs-api/3.0.10.Final/jaxrs-api-3.0.10.Final.jar
Download https://repo1.maven.org/maven2/org/jboss/spec/javax/annotation/jboss-annotations-api_1.1_spec/1.0.1.Final/jboss-annotations-api_1.1_spec-1.0.1.Final.jar
Download https://repo1.maven.org/maven2/org/apache/httpcomponents/httpclient/4.2.6/httpclient-4.2.6.jar
Download https://repo1.maven.org/maven2/commons-io/commons-io/2.1/commons-io-2.1.jar
Download https://repo1.maven.org/maven2/net/jcip/jcip-annotations/1.0/jcip-annotations-1.0.jar
Download https://repo1.maven.org/maven2/net/sf/qualitycheck/quality-check/1.3/quality-check-1.3.jar
Download https://repo1.maven.org/maven2/com/google/code/findbugs/jsr305/2.0.3/jsr305-2.0.3.jar
Download https://repo1.maven.org/maven2/javax/annotation/jsr250-api/1.0/jsr250-api-1.0.jar
Download https://repo1.maven.org/maven2/org/springframework/spring-aop/3.1.0.RELEASE/spring-aop-3.1.0.RELEASE.jar
Download https://repo1.maven.org/maven2/commons-logging/commons-logging/1.1.1/commons-logging-1.1.1.jar
Download https://repo1.maven.org/maven2/aopalliance/aopalliance/1.0/aopalliance-1.0.jar
Download https://repo1.maven.org/maven2/org/apache/httpcomponents/httpcore/4.2.5/httpcore-4.2.5.jar
:stagemonitor-web:compileJava - is not incremental (e.g. outputs have changed, no previous execution, etc.).
warning: [options] bootstrap class path not set in conjunction with -source 1.6
Note: /home/travis/build/failed/stagemonitor/stagemonitor/stagemonitor-web/src/main/java/org/stagemonitor/web/monitor/filter/HttpServletResponseBufferWrapper.java uses or overrides a deprecated API.
Note: Recompile with -Xlint:deprecation for details.
1 warning
:stagemonitor-web:processResources
:stagemonitor-web:classes
:stagemonitor-web:jar
:stagemonitor-benchmark:compileJava UP-TO-DATE
:stagemonitor-benchmark:processResources UP-TO-DATE
:stagemonitor-benchmark:classes UP-TO-DATE
:stagemonitor-benchmark:jar
:stagemonitor-benchmark:assemble
:stagemonitor-core:javadocJar
:stagemonitor-core:sourcesJar
:stagemonitor-core:signArchives SKIPPED
:stagemonitor-core:assemble
:stagemonitor-dispatcher:javadocJar
:stagemonitor-dispatcher:sourcesJar
:stagemonitor-dispatcher:signArchives SKIPPED
:stagemonitor-dispatcher:assemble
:stagemonitor-ehcache:javadoc
:stagemonitor-ehcache:javadocJar
:stagemonitor-ehcache:sourcesJar
:stagemonitor-ehcache:signArchives SKIPPED
:stagemonitor-ehcache:assemble
:stagemonitor-os:compileJava
Download https://repo1.maven.org/maven2/org/fusesource/sigar/1.6.4/sigar-1.6.4.pom
Download https://repo1.maven.org/maven2/org/fusesource/fusesource-pom/1.5/fusesource-pom-1.5.pom
Download https://repo1.maven.org/maven2/org/slf4j/slf4j-simple/1.7.18/slf4j-simple-1.7.18.pom
Download https://repo1.maven.org/maven2/log4j/log4j/1.2.15/log4j-1.2.15.pom
Download https://repo1.maven.org/maven2/org/fusesource/sigar/1.6.4/sigar-1.6.4.jar
Download https://repo1.maven.org/maven2/org/slf4j/slf4j-simple/1.7.18/slf4j-simple-1.7.18.jar
Download https://repo1.maven.org/maven2/log4j/log4j/1.2.15/log4j-1.2.15.jar
:stagemonitor-os:compileJava - is not incremental (e.g. outputs have changed, no previous execution, etc.).
warning: [options] bootstrap class path not set in conjunction with -source 1.6
1 warning
:stagemonitor-os:processResources
:stagemonitor-os:classes
:stagemonitor-os:jar
:stagemonitor-grafana-elasticsearch:compileJava UP-TO-DATE
:stagemonitor-grafana-elasticsearch:processResources UP-TO-DATE
:stagemonitor-grafana-elasticsearch:classes UP-TO-DATE
:stagemonitor-grafana-elasticsearch:jar
:stagemonitor-grafana-elasticsearch:assemble
:stagemonitor-jdbc:javadoc
:stagemonitor-jdbc:javadocJar
:stagemonitor-jdbc:sourcesJar
:stagemonitor-jdbc:signArchives SKIPPED
:stagemonitor-jdbc:assemble
:stagemonitor-jvm:javadoc
:stagemonitor-jvm:javadocJar
:stagemonitor-jvm:sourcesJar
:stagemonitor-jvm:signArchives SKIPPED
:stagemonitor-jvm:assemble
:stagemonitor-logging:javadoc
:stagemonitor-logging:javadocJar
:stagemonitor-logging:sourcesJar
:stagemonitor-logging:signArchives SKIPPED
:stagemonitor-logging:assemble
:stagemonitor-os:startScripts
:stagemonitor-os:distTar
:stagemonitor-os:distZip
:stagemonitor-os:javadoc/home/travis/build/failed/stagemonitor/stagemonitor/stagemonitor-os/src/main/java/org/stagemonitor/os/metrics/AbstractSigarMetricSet.java:39: warning - Tag @link: reference not found: T
/home/travis/build/failed/stagemonitor/stagemonitor/stagemonitor-os/src/main/java/org/stagemonitor/os/metrics/AbstractSigarMetricSet.java:39: warning - Tag @link: reference not found: T
/home/travis/build/failed/stagemonitor/stagemonitor/stagemonitor-os/src/main/java/org/stagemonitor/os/metrics/AbstractSigarMetricSet.java:39: warning - Tag @link: reference not found: T
/home/travis/build/failed/stagemonitor/stagemonitor/stagemonitor-os/src/main/java/org/stagemonitor/os/SigarNativeBindingLoader.java:80: warning - Tag @see cannot be used in inline documentation.  It can only be used in the following types of documentation: overview, package, class/interface, constructor, field, method.
/home/travis/build/failed/stagemonitor/stagemonitor/stagemonitor-os/src/main/java/org/stagemonitor/os/metrics/AbstractSigarMetricSet.java:39: warning - Tag @link: reference not found: T

5 warnings
:stagemonitor-os:javadocJar
:stagemonitor-os:sourcesJar
:stagemonitor-os:signArchives SKIPPED
:stagemonitor-os:assemble
:stagemonitor-requestmonitor:javadocJar
:stagemonitor-requestmonitor:sourcesJar
:stagemonitor-requestmonitor:signArchives SKIPPED
:stagemonitor-requestmonitor:assemble
:stagemonitor-web:javadoc/home/travis/build/failed/stagemonitor/stagemonitor/stagemonitor-web/src/main/java/org/stagemonitor/web/monitor/filter/HtmlInjector.java:36: warning - @return tag cannot be used in method with void return type.

1 warning
:stagemonitor-web:javadocJar
:stagemonitor-web:sourcesJar
:stagemonitor-web:signArchives SKIPPED
:stagemonitor-web:assemble

BUILD SUCCESSFUL

Total time: 2 mins 32.683 secs

travis_time:end:0d7b2e82:start=1657916382764787918,finish=1657916536078456047,duration=153313668129[0Ktravis_fold:end:install[0Ktravis_time:start:077a811f[0K$ ./gradlew test
Incremental java compilation is an incubating feature.
Defining custom 'build' task when using the standard Gradle lifecycle plugins has been deprecated and is scheduled to be removed in Gradle 3.0
:compileJava UP-TO-DATE
:processResources UP-TO-DATE
:classes UP-TO-DATE
:instrument SKIPPED
:copyCoberturaDatafile SKIPPED
:compileTestJava UP-TO-DATE
:processTestResources UP-TO-DATE
:testClasses UP-TO-DATE
:stagemonitor-dispatcher:compileJava UP-TO-DATE
:stagemonitor-dispatcher:processResources UP-TO-DATE
:stagemonitor-dispatcher:classes UP-TO-DATE
:stagemonitor-dispatcher:jar UP-TO-DATE
:stagemonitor-core:compileJava UP-TO-DATE
:stagemonitor-core:processResources UP-TO-DATE
:stagemonitor-core:classes UP-TO-DATE
:stagemonitor-core:jar UP-TO-DATE
:stagemonitor-requestmonitor:compileJava UP-TO-DATE
:stagemonitor-requestmonitor:processResources UP-TO-DATE
:stagemonitor-requestmonitor:classes UP-TO-DATE
:stagemonitor-requestmonitor:jar UP-TO-DATE
:stagemonitor-alerting:compileJava UP-TO-DATE
:stagemonitor-alerting:processResources UP-TO-DATE
:stagemonitor-alerting:classes UP-TO-DATE
:stagemonitor-alerting:instrument SKIPPED
:stagemonitor-alerting:copyCoberturaDatafile SKIPPED
:stagemonitor-core:compileTestJava
Download https://repo1.maven.org/maven2/junit/junit/4.12/junit-4.12.pom
Download https://repo1.maven.org/maven2/org/mockito/mockito-all/2.0.2-beta/mockito-all-2.0.2-beta.pom
Download https://repo1.maven.org/maven2/ch/qos/logback/logback-classic/1.1.6/logback-classic-1.1.6.pom
Download https://repo1.maven.org/maven2/ch/qos/logback/logback-parent/1.1.6/logback-parent-1.1.6.pom
Download https://repo1.maven.org/maven2/commons-io/commons-io/2.4/commons-io-2.4.pom
Download https://repo1.maven.org/maven2/org/apache/commons/commons-parent/25/commons-parent-25.pom
Download https://repo1.maven.org/maven2/org/springframework/spring-webmvc/4.1.0.RELEASE/spring-webmvc-4.1.0.RELEASE.pom
Download https://repo1.maven.org/maven2/org/hamcrest/hamcrest-core/1.3/hamcrest-core-1.3.pom
Download https://repo1.maven.org/maven2/org/hamcrest/hamcrest-parent/1.3/hamcrest-parent-1.3.pom
Download https://repo1.maven.org/maven2/ch/qos/logback/logback-core/1.1.6/logback-core-1.1.6.pom
Download https://repo1.maven.org/maven2/org/springframework/spring-beans/4.1.0.RELEASE/spring-beans-4.1.0.RELEASE.pom
Download https://repo1.maven.org/maven2/org/springframework/spring-context/4.1.0.RELEASE/spring-context-4.1.0.RELEASE.pom
Download https://repo1.maven.org/maven2/org/springframework/spring-core/4.1.0.RELEASE/spring-core-4.1.0.RELEASE.pom
Download https://repo1.maven.org/maven2/org/springframework/spring-expression/4.1.0.RELEASE/spring-expression-4.1.0.RELEASE.pom
Download https://repo1.maven.org/maven2/org/springframework/spring-web/4.1.0.RELEASE/spring-web-4.1.0.RELEASE.pom
Download https://repo1.maven.org/maven2/org/springframework/spring-aop/4.1.0.RELEASE/spring-aop-4.1.0.RELEASE.pom
Download https://repo1.maven.org/maven2/junit/junit/4.12/junit-4.12.jar
Download https://repo1.maven.org/maven2/org/mockito/mockito-all/2.0.2-beta/mockito-all-2.0.2-beta.jar
Download https://repo1.maven.org/maven2/ch/qos/logback/logback-classic/1.1.6/logback-classic-1.1.6.jar
Download https://repo1.maven.org/maven2/commons-io/commons-io/2.4/commons-io-2.4.jar
Download https://repo1.maven.org/maven2/org/springframework/spring-webmvc/4.1.0.RELEASE/spring-webmvc-4.1.0.RELEASE.jar
Download https://repo1.maven.org/maven2/org/hamcrest/hamcrest-core/1.3/hamcrest-core-1.3.jar
Download https://repo1.maven.org/maven2/ch/qos/logback/logback-core/1.1.6/logback-core-1.1.6.jar
Download https://repo1.maven.org/maven2/org/springframework/spring-beans/4.1.0.RELEASE/spring-beans-4.1.0.RELEASE.jar
Download https://repo1.maven.org/maven2/org/springframework/spring-context/4.1.0.RELEASE/spring-context-4.1.0.RELEASE.jar
Download https://repo1.maven.org/maven2/org/springframework/spring-core/4.1.0.RELEASE/spring-core-4.1.0.RELEASE.jar
Download https://repo1.maven.org/maven2/org/springframework/spring-expression/4.1.0.RELEASE/spring-expression-4.1.0.RELEASE.jar
Download https://repo1.maven.org/maven2/org/springframework/spring-web/4.1.0.RELEASE/spring-web-4.1.0.RELEASE.jar
Download https://repo1.maven.org/maven2/org/springframework/spring-aop/4.1.0.RELEASE/spring-aop-4.1.0.RELEASE.jar
:stagemonitor-core:compileTestJava - is not incremental (e.g. outputs have changed, no previous execution, etc.).
Note: /home/travis/build/failed/stagemonitor/stagemonitor/stagemonitor-core/src/test/java/org/stagemonitor/core/metrics/metrics2/Metric2RegistryTest.java uses unchecked or unsafe operations.
Note: Recompile with -Xlint:unchecked for details.
:stagemonitor-core:processTestResources
:stagemonitor-core:testClasses
:stagemonitor-alerting:compileTestJava
Download https://repo1.maven.org/maven2/org/springframework/spring-test/4.1.0.RELEASE/spring-test-4.1.0.RELEASE.pom
Download https://repo1.maven.org/maven2/org/springframework/spring-test/4.1.0.RELEASE/spring-test-4.1.0.RELEASE.jar
:stagemonitor-alerting:compileTestJava - is not incremental (e.g. outputs have changed, no previous execution, etc.).
:stagemonitor-alerting:processTestResources
:stagemonitor-alerting:testClasses
:stagemonitor-alerting:test
:stagemonitor-core:instrument SKIPPED
:stagemonitor-core:copyCoberturaDatafile SKIPPED
:stagemonitor-core:test
20:22:56.862 [Thread-17] INFO org.stagemonitor.core.CorePlugin - 
####################################################
## Aggregated report for this measurement session ##
####################################################

20:22:56.866 [Thread-17] INFO metrics - Metrics ========================================================================

-- Gauges ----------------------------------------------------------------------
name   | value
online | 1.0



20:22:56.868 [Thread-17] INFO org.stagemonitor.core.CorePlugin - 
####################################################
## Aggregated report for this measurement session ##
####################################################

20:22:56.869 [Thread-17] INFO metrics - Metrics ========================================================================

-- Gauges ----------------------------------------------------------------------
name   | value
online | 1.0



:stagemonitor-dispatcher:instrument SKIPPED
:stagemonitor-dispatcher:copyCoberturaDatafile SKIPPED
:stagemonitor-dispatcher:compileTestJava UP-TO-DATE
:stagemonitor-dispatcher:processTestResources UP-TO-DATE
:stagemonitor-dispatcher:testClasses UP-TO-DATE
:stagemonitor-dispatcher:test UP-TO-DATE
:stagemonitor-ehcache:compileJava UP-TO-DATE
:stagemonitor-ehcache:processResources UP-TO-DATE
:stagemonitor-ehcache:classes UP-TO-DATE
:stagemonitor-ehcache:instrument SKIPPED
:stagemonitor-ehcache:copyCoberturaDatafile SKIPPED
:stagemonitor-ehcache:compileTestJava
:stagemonitor-ehcache:compileTestJava - is not incremental (e.g. outputs have changed, no previous execution, etc.).
Note: /home/travis/build/failed/stagemonitor/stagemonitor/stagemonitor-ehcache/src/test/java/org/stagemonitor/ehcache/StagemonitorCacheUsageListenerTest.java uses or overrides a deprecated API.
Note: Recompile with -Xlint:deprecation for details.
:stagemonitor-ehcache:processTestResources UP-TO-DATE
:stagemonitor-ehcache:testClasses
:stagemonitor-ehcache:test
:stagemonitor-jdbc:compileJava UP-TO-DATE
:stagemonitor-jdbc:processResources UP-TO-DATE
:stagemonitor-jdbc:classes UP-TO-DATE
:stagemonitor-jdbc:instrument SKIPPED
:stagemonitor-jdbc:copyCoberturaDatafile SKIPPED
:stagemonitor-jdbc:compileTestJava
Download https://repo1.maven.org/maven2/org/apache/tomcat/tomcat-jdbc/8.5.0/tomcat-jdbc-8.5.0.pom
Download https://repo1.maven.org/maven2/org/hsqldb/hsqldb/2.3.3/hsqldb-2.3.3.pom
Download https://repo1.maven.org/maven2/org/apache/tomcat/tomcat-juli/8.5.0/tomcat-juli-8.5.0.pom
Download https://repo1.maven.org/maven2/org/apache/tomcat/tomcat-jdbc/8.5.0/tomcat-jdbc-8.5.0.jar
Download https://repo1.maven.org/maven2/org/hsqldb/hsqldb/2.3.3/hsqldb-2.3.3.jar
Download https://repo1.maven.org/maven2/org/apache/tomcat/tomcat-juli/8.5.0/tomcat-juli-8.5.0.jar
:stagemonitor-jdbc:compileTestJava - is not incremental (e.g. outputs have changed, no previous execution, etc.).
:stagemonitor-jdbc:processTestResources
:stagemonitor-jdbc:testClasses
:stagemonitor-jdbc:test
20:23:03.726 [Thread-10] INFO org.stagemonitor.core.CorePlugin - 
####################################################
## Aggregated report for this measurement session ##
####################################################

20:23:03.732 [Thread-10] INFO metrics - Metrics ========================================================================

-- Gauges ----------------------------------------------------------------------
name   | value
online | 1.0

-- Timers ----------------------------------------------------------------------
name                        | count     | mean      | min       | max       | stddev    | p50       | p75       | p95       | p98       | p99       | p999      | mean_rate | m1_rate   | m5_rate   | m15_rate  | rate_unit     | duration_unit
reporting_time,reporter=log |         2 |      8.26 |      3.47 |     13.04 |      4.78 |     13.04 |     13.04 |     13.04 |     13.04 |     13.04 |     13.04 |      4.73 |      4.73 |      4.73 |      4.73 | second        | milliseconds



:stagemonitor-jvm:compileJava UP-TO-DATE
:stagemonitor-jvm:processResources UP-TO-DATE
:stagemonitor-jvm:classes UP-TO-DATE
:stagemonitor-jvm:instrument SKIPPED
:stagemonitor-jvm:copyCoberturaDatafile SKIPPED
:stagemonitor-jvm:compileTestJava UP-TO-DATE
:stagemonitor-jvm:processTestResources UP-TO-DATE
:stagemonitor-jvm:testClasses UP-TO-DATE
:stagemonitor-jvm:test UP-TO-DATE
:stagemonitor-logging:compileJava UP-TO-DATE
:stagemonitor-logging:processResources UP-TO-DATE
:stagemonitor-logging:classes UP-TO-DATE
:stagemonitor-logging:instrument SKIPPED
:stagemonitor-logging:copyCoberturaDatafile SKIPPED
:stagemonitor-logging:compileTestJava
:stagemonitor-logging:compileTestJava - is not incremental (e.g. outputs have changed, no previous execution, etc.).
:stagemonitor-logging:processTestResources
:stagemonitor-logging:testClasses
:stagemonitor-logging:test
:stagemonitor-os:compileJava UP-TO-DATE
:stagemonitor-os:processResources UP-TO-DATE
:stagemonitor-os:classes UP-TO-DATE
:stagemonitor-os:instrument SKIPPED
:stagemonitor-os:copyCoberturaDatafile SKIPPED
:stagemonitor-os:compileTestJava
:stagemonitor-os:compileTestJava - is not incremental (e.g. outputs have changed, no previous execution, etc.).
:stagemonitor-os:processTestResources UP-TO-DATE
:stagemonitor-os:testClasses
:stagemonitor-os:test
:stagemonitor-requestmonitor:instrument SKIPPED
:stagemonitor-requestmonitor:copyCoberturaDatafile SKIPPED
:stagemonitor-requestmonitor:compileTestJava
:stagemonitor-requestmonitor:compileTestJava - is not incremental (e.g. outputs have changed, no previous execution, etc.).
Note: /home/travis/build/failed/stagemonitor/stagemonitor/stagemonitor-requestmonitor/src/test/java/org/stagemonitor/requestmonitor/prof/elasticsearch/ElasticsearchSearchQueryTransformerTest.java uses or overrides a deprecated API.
Note: Recompile with -Xlint:deprecation for details.
:stagemonitor-requestmonitor:processTestResources
:stagemonitor-requestmonitor:testClasses
:stagemonitor-requestmonitor:test
20:23:22.809 [Thread-10] INFO org.stagemonitor.core.CorePlugin - 
####################################################
## Aggregated report for this measurement session ##
####################################################

20:23:22.813 [Thread-10] INFO metrics - Metrics ========================================================================

-- Gauges ----------------------------------------------------------------------
name   | value
online | 1.0



:stagemonitor-jdbc:jar UP-TO-DATE
:stagemonitor-jvm:jar UP-TO-DATE
:stagemonitor-web:compileJava UP-TO-DATE
:stagemonitor-web:processResources UP-TO-DATE
:stagemonitor-web:classes UP-TO-DATE
:stagemonitor-web:instrument SKIPPED
:stagemonitor-web:copyCoberturaDatafile SKIPPED
:stagemonitor-web:compileTestJava
:stagemonitor-web:compileTestJava - is not incremental (e.g. outputs have changed, no previous execution, etc.).
Note: /home/travis/build/failed/stagemonitor/stagemonitor/stagemonitor-web/src/test/java/org/stagemonitor/web/monitor/MonitoredHttpRequestTest.java uses or overrides a deprecated API.
Note: Recompile with -Xlint:deprecation for details.
Note: Some input files use unchecked or unsafe operations.
Note: Recompile with -Xlint:unchecked for details.
:stagemonitor-web:processTestResources
:stagemonitor-web:testClasses
:stagemonitor-web:test

org.stagemonitor.web.metrics.StagemonitorMetricsServletTest > getMeter FAILED
    java.lang.AssertionError: Expected m1 rate of > 0, but got 0.0
        at org.junit.Assert.fail(Assert.java:88)
        at org.junit.Assert.assertTrue(Assert.java:41)
        at org.stagemonitor.web.metrics.StagemonitorMetricsServletTest.getMeter(StagemonitorMetricsServletTest.java:53)

63 tests completed, 1 failed, 2 skipped
:stagemonitor-web:test FAILED
:stagemonitor-alerting:generateCoberturaReport SKIPPED
:stagemonitor-alerting:performCoverageCheck SKIPPED
:stagemonitor-core:generateCoberturaReport SKIPPED
:stagemonitor-core:performCoverageCheck SKIPPED
:stagemonitor-dispatcher:generateCoberturaReport SKIPPED
:stagemonitor-dispatcher:performCoverageCheck SKIPPED
:stagemonitor-ehcache:generateCoberturaReport SKIPPED
:stagemonitor-ehcache:performCoverageCheck SKIPPED
:stagemonitor-jdbc:generateCoberturaReport SKIPPED
:stagemonitor-jdbc:performCoverageCheck SKIPPED
:stagemonitor-jvm:generateCoberturaReport SKIPPED
:stagemonitor-jvm:performCoverageCheck SKIPPED
:stagemonitor-logging:generateCoberturaReport SKIPPED
:stagemonitor-logging:performCoverageCheck SKIPPED
:stagemonitor-os:generateCoberturaReport SKIPPED
:stagemonitor-os:performCoverageCheck SKIPPED
:stagemonitor-requestmonitor:generateCoberturaReport SKIPPED
:stagemonitor-requestmonitor:performCoverageCheck SKIPPED
:stagemonitor-web:generateCoberturaReport SKIPPED
:stagemonitor-web:performCoverageCheck SKIPPED

FAILURE: Build failed with an exception.

* What went wrong:
Execution failed for task ':stagemonitor-web:test'.
> There were failing tests. See the report at: file:///home/travis/build/failed/stagemonitor/stagemonitor/stagemonitor-web/build/reports/tests/index.html

* Try:
Run with --stacktrace option to get the stack trace. Run with --info or --debug option to get more log output.

BUILD FAILED

Total time: 1 mins 23.137 secs

travis_time:end:077a811f:start=1657916536089375829,finish=1657916619767658630,duration=83678282801[0K
[31;1mThe command "./gradlew test" exited with 1.[0m
travis_fold:start:cache.2[0Kstore build cache
travis_time:start:1ce9fe1a[0K
travis_time:end:1ce9fe1a:start=1657916619780390219,finish=1657916619789955912,duration=9565693[0Ktravis_time:start:2a424dd6[0K/home/travis/.casher/bin/casher:190: warning: Insecure world writable dir /home/travis/build/failed/stagemonitor/stagemonitor/. in PATH, mode 040777
[32;1mchanges detected, packing new archive[0m
/home/travis/.casher/bin/casher:213:in `cache_archive_name': undefined method `[]' for nil:NilClass (NoMethodError)
	from /home/travis/.casher/bin/casher:143:in `push'
	from /home/travis/.casher/bin/casher:53:in `block in run'
	from /home/travis/.rvm/rubies/ruby-1.9.3-p551/lib/ruby/1.9.1/timeout.rb:69:in `timeout'
	from /home/travis/.casher/bin/casher:53:in `run'
	from /home/travis/.casher/bin/casher:263:in `<main>'
.
.
.

travis_time:end:2a424dd6:start=1657916619803177831,finish=1657916636644528343,duration=16841350512[0Ktravis_fold:end:cache.2[0K
Done. Your build exited with 1.
