travis_fold:start:system_info[0K[33;1mBuild system information[0m
Build language: java
Build group: stable
Build dist: precise
Build id: ''
Job id: ''
[34m[1mBuild image provisioning date and time[0m
Thu Feb  5 15:09:33 UTC 2015
[34m[1mOperating System Details[0m
Distributor ID:	Ubuntu
Description:	Ubuntu 12.04.5 LTS
Release:	12.04
Codename:	precise
[34m[1mLinux Version[0m
3.13.0-29-generic
[34m[1mCookbooks Version[0m
a68419e https://github.com/travis-ci/travis-cookbooks/tree/a68419e
[34m[1mGCC version[0m
gcc (Ubuntu/Linaro 4.6.3-1ubuntu5) 4.6.3
Copyright (C) 2011 Free Software Foundation, Inc.
This is free software; see the source for copying conditions.  There is NO
warranty; not even for MERCHANTABILITY or FITNESS FOR A PARTICULAR PURPOSE.

[34m[1mLLVM version[0m
clang version 3.4 (tags/RELEASE_34/final)
Target: x86_64-unknown-linux-gnu
Thread model: posix
[34m[1mPre-installed Ruby versions[0m
ruby-1.9.3-p551
[34m[1mPre-installed Node.js versions[0m
v0.10.36
[34m[1mPre-installed Go versions[0m
1.4.1
[34m[1mRedis version[0m
redis-server 2.8.19
[34m[1mriak version[0m
2.0.2
[34m[1mMongoDB version[0m
MongoDB 2.4.12
[34m[1mCouchDB version[0m
couchdb 1.6.1
[34m[1mNeo4j version[0m
1.9.4
[34m[1mRabbitMQ Version[0m
3.4.3
[34m[1mElasticSearch version[0m
1.4.0
[34m[1mInstalled Sphinx versions[0m
2.0.10
2.1.9
2.2.6
[34m[1mDefault Sphinx version[0m
2.2.6
[34m[1mInstalled Firefox version[0m
firefox 31.0esr
[34m[1mPhantomJS version[0m
1.9.8
[34m[1mant -version[0m
Apache Ant(TM) version 1.8.2 compiled on December 3 2011
[34m[1mmvn -version[0m
Apache Maven 3.2.5 (12a6b3acb947671f09b81f49094c53f426d8cea1; 2014-12-14T17:29:23+00:00)
Maven home: /usr/local/maven
Java version: 1.7.0_76, vendor: Oracle Corporation
Java home: /usr/lib/jvm/java-7-oracle/jre
Default locale: en_US, platform encoding: ANSI_X3.4-1968
OS name: "linux", version: "3.13.0-29-generic", arch: "amd64", family: "unix"
travis_fold:end:system_info[0K
W: Failed to fetch http://security.ubuntu.com/ubuntu/dists/precise-security/main/source/Sources  404  Not Found [IP: 91.189.91.39 80]

W: Failed to fetch http://security.ubuntu.com/ubuntu/dists/precise-security/restricted/source/Sources  404  Not Found [IP: 91.189.91.39 80]

W: Failed to fetch http://security.ubuntu.com/ubuntu/dists/precise-security/universe/source/Sources  404  Not Found [IP: 91.189.91.39 80]

W: Failed to fetch http://security.ubuntu.com/ubuntu/dists/precise-security/multiverse/source/Sources  404  Not Found [IP: 91.189.91.39 80]

W: Failed to fetch http://security.ubuntu.com/ubuntu/dists/precise-security/main/binary-amd64/Packages  404  Not Found [IP: 91.189.91.39 80]

W: Failed to fetch http://security.ubuntu.com/ubuntu/dists/precise-security/restricted/binary-amd64/Packages  404  Not Found [IP: 91.189.91.39 80]

W: Failed to fetch http://security.ubuntu.com/ubuntu/dists/precise-security/universe/binary-amd64/Packages  404  Not Found [IP: 91.189.91.39 80]

W: Failed to fetch http://security.ubuntu.com/ubuntu/dists/precise-security/multiverse/binary-amd64/Packages  404  Not Found [IP: 91.189.91.39 80]

W: Failed to fetch http://security.ubuntu.com/ubuntu/dists/precise-security/main/binary-i386/Packages  404  Not Found [IP: 91.189.91.39 80]

W: Failed to fetch http://security.ubuntu.com/ubuntu/dists/precise-security/restricted/binary-i386/Packages  404  Not Found [IP: 91.189.91.39 80]

W: Failed to fetch http://security.ubuntu.com/ubuntu/dists/precise-security/universe/binary-i386/Packages  404  Not Found [IP: 91.189.91.39 80]

W: Failed to fetch http://security.ubuntu.com/ubuntu/dists/precise-security/multiverse/binary-i386/Packages  404  Not Found [IP: 91.189.91.39 80]

W: Failed to fetch http://us.archive.ubuntu.com/ubuntu/dists/precise/main/source/Sources  404  Not Found [IP: 91.189.91.39 80]

W: Failed to fetch http://us.archive.ubuntu.com/ubuntu/dists/precise/restricted/source/Sources  404  Not Found [IP: 91.189.91.39 80]

W: Failed to fetch http://us.archive.ubuntu.com/ubuntu/dists/precise/universe/source/Sources  404  Not Found [IP: 91.189.91.39 80]

W: Failed to fetch http://us.archive.ubuntu.com/ubuntu/dists/precise/multiverse/source/Sources  404  Not Found [IP: 91.189.91.39 80]

W: Failed to fetch http://us.archive.ubuntu.com/ubuntu/dists/precise/main/binary-amd64/Packages  404  Not Found [IP: 91.189.91.39 80]

W: Failed to fetch http://us.archive.ubuntu.com/ubuntu/dists/precise/restricted/binary-amd64/Packages  404  Not Found [IP: 91.189.91.39 80]

W: Failed to fetch http://us.archive.ubuntu.com/ubuntu/dists/precise/universe/binary-amd64/Packages  404  Not Found [IP: 91.189.91.39 80]

W: Failed to fetch http://us.archive.ubuntu.com/ubuntu/dists/precise/multiverse/binary-amd64/Packages  404  Not Found [IP: 91.189.91.39 80]

W: Failed to fetch http://us.archive.ubuntu.com/ubuntu/dists/precise/main/binary-i386/Packages  404  Not Found [IP: 91.189.91.39 80]

W: Failed to fetch http://us.archive.ubuntu.com/ubuntu/dists/precise/restricted/binary-i386/Packages  404  Not Found [IP: 91.189.91.39 80]

W: Failed to fetch http://us.archive.ubuntu.com/ubuntu/dists/precise/universe/binary-i386/Packages  404  Not Found [IP: 91.189.91.39 80]

W: Failed to fetch http://us.archive.ubuntu.com/ubuntu/dists/precise/multiverse/binary-i386/Packages  404  Not Found [IP: 91.189.91.39 80]

W: Failed to fetch http://us.archive.ubuntu.com/ubuntu/dists/precise-updates/main/source/Sources  404  Not Found [IP: 91.189.91.39 80]

W: Failed to fetch http://us.archive.ubuntu.com/ubuntu/dists/precise-updates/restricted/source/Sources  404  Not Found [IP: 91.189.91.39 80]

W: Failed to fetch http://us.archive.ubuntu.com/ubuntu/dists/precise-updates/universe/source/Sources  404  Not Found [IP: 91.189.91.39 80]

W: Failed to fetch http://us.archive.ubuntu.com/ubuntu/dists/precise-updates/multiverse/source/Sources  404  Not Found [IP: 91.189.91.39 80]

W: Failed to fetch http://us.archive.ubuntu.com/ubuntu/dists/precise-updates/main/binary-amd64/Packages  404  Not Found [IP: 91.189.91.39 80]

W: Failed to fetch http://us.archive.ubuntu.com/ubuntu/dists/precise-updates/restricted/binary-amd64/Packages  404  Not Found [IP: 91.189.91.39 80]

W: Failed to fetch http://us.archive.ubuntu.com/ubuntu/dists/precise-updates/universe/binary-amd64/Packages  404  Not Found [IP: 91.189.91.39 80]

W: Failed to fetch http://us.archive.ubuntu.com/ubuntu/dists/precise-updates/multiverse/binary-amd64/Packages  404  Not Found [IP: 91.189.91.39 80]

W: Failed to fetch http://us.archive.ubuntu.com/ubuntu/dists/precise-updates/main/binary-i386/Packages  404  Not Found [IP: 91.189.91.39 80]

W: Failed to fetch http://us.archive.ubuntu.com/ubuntu/dists/precise-updates/restricted/binary-i386/Packages  404  Not Found [IP: 91.189.91.39 80]

W: Failed to fetch http://us.archive.ubuntu.com/ubuntu/dists/precise-updates/universe/binary-i386/Packages  404  Not Found [IP: 91.189.91.39 80]

W: Failed to fetch http://us.archive.ubuntu.com/ubuntu/dists/precise-updates/multiverse/binary-i386/Packages  404  Not Found [IP: 91.189.91.39 80]

W: Failed to fetch http://us.archive.ubuntu.com/ubuntu/dists/precise-backports/main/source/Sources  404  Not Found [IP: 91.189.91.39 80]

W: Failed to fetch http://us.archive.ubuntu.com/ubuntu/dists/precise-backports/restricted/source/Sources  404  Not Found [IP: 91.189.91.39 80]

W: Failed to fetch http://us.archive.ubuntu.com/ubuntu/dists/precise-backports/universe/source/Sources  404  Not Found [IP: 91.189.91.39 80]

W: Failed to fetch http://us.archive.ubuntu.com/ubuntu/dists/precise-backports/multiverse/source/Sources  404  Not Found [IP: 91.189.91.39 80]

W: Failed to fetch http://us.archive.ubuntu.com/ubuntu/dists/precise-backports/main/binary-amd64/Packages  404  Not Found [IP: 91.189.91.39 80]

W: Failed to fetch http://us.archive.ubuntu.com/ubuntu/dists/precise-backports/restricted/binary-amd64/Packages  404  Not Found [IP: 91.189.91.39 80]

W: Failed to fetch http://us.archive.ubuntu.com/ubuntu/dists/precise-backports/universe/binary-amd64/Packages  404  Not Found [IP: 91.189.91.39 80]

W: Failed to fetch http://us.archive.ubuntu.com/ubuntu/dists/precise-backports/multiverse/binary-amd64/Packages  404  Not Found [IP: 91.189.91.39 80]

W: Failed to fetch http://us.archive.ubuntu.com/ubuntu/dists/precise-backports/main/binary-i386/Packages  404  Not Found [IP: 91.189.91.39 80]

W: Failed to fetch http://us.archive.ubuntu.com/ubuntu/dists/precise-backports/restricted/binary-i386/Packages  404  Not Found [IP: 91.189.91.39 80]

W: Failed to fetch http://us.archive.ubuntu.com/ubuntu/dists/precise-backports/universe/binary-i386/Packages  404  Not Found [IP: 91.189.91.39 80]

W: Failed to fetch http://us.archive.ubuntu.com/ubuntu/dists/precise-backports/multiverse/binary-i386/Packages  404  Not Found [IP: 91.189.91.39 80]

W: Failed to fetch http://apt.postgresql.org/pub/repos/apt/dists/precise-pgdg/main/binary-amd64/Packages  404  Not Found [IP: 87.238.57.227 80]

W: Failed to fetch http://apt.postgresql.org/pub/repos/apt/dists/precise-pgdg/main/binary-i386/Packages  404  Not Found [IP: 87.238.57.227 80]

W: Failed to fetch http://ppa.launchpad.net/rwky/ppa/ubuntu/dists/precise/main/binary-amd64/Packages  403  Forbidden

W: Failed to fetch http://ppa.launchpad.net/rwky/ppa/ubuntu/dists/precise/main/binary-i386/Packages  403  Forbidden

W: Failed to fetch http://ppa.launchpad.net/travis-ci/zero-mq/ubuntu/dists/precise/main/binary-amd64/Packages  403  Forbidden

W: Failed to fetch http://ppa.launchpad.net/travis-ci/zero-mq/ubuntu/dists/precise/main/binary-i386/Packages  403  Forbidden

W: Failed to fetch http://downloads-distro.mongodb.org/repo/debian-sysvinit/dists/dist/10gen/binary-amd64/Packages  Undetermined Error [IP: 52.206.222.245 80]

W: Failed to fetch http://downloads-distro.mongodb.org/repo/debian-sysvinit/dists/dist/10gen/binary-i386/Packages  Undetermined Error [IP: 52.206.222.245 80]

E: Some index files failed to download. They have been ignored, or old ones used instead.
sed: cannot rename /etc/hosts: Device or resource busy
sed: cannot rename /etc/hosts: Device or resource busy
$ jdk_switcher use oraclejdk7
Switching to Oracle JDK7 (java-7-oracle), JAVA_HOME will be set to /usr/lib/jvm/java-7-oracle
$ cd failed/jcabi/jcabi-s3

[33;1mSetting environment variables from .travis.yml[0m
$ export MAVEN_OPTS="-Xmx256m"
$ export JAVA_OPTS="-Xmx256m"

travis_fold:start:cache.1[0KSetting up build cache
$ export CASHER_DIR=$HOME/.casher
travis_time:start:0e462a98[0K$ Installing caching utilities

travis_time:end:0e462a98:start=1659270993163311167,finish=1659270993575671410,duration=412360243[0Ktravis_time:start:053afc72[0K
travis_time:end:053afc72:start=1659270993586915542,finish=1659270993594777587,duration=7862045[0Ktravis_time:start:08bb272a[0K/home/travis/.casher/bin/casher:213:in `cache_archive_name': undefined method `[]' for nil:NilClass (NoMethodError)
	from /home/travis/.casher/bin/casher:65:in `block in fetch'
	from /home/travis/.casher/bin/casher:64:in `each'
	from /home/travis/.casher/bin/casher:64:in `fetch'
	from /home/travis/.casher/bin/casher:53:in `block in run'
	from /home/travis/.rvm/rubies/ruby-1.9.3-p551/lib/ruby/1.9.1/timeout.rb:69:in `timeout'
	from /home/travis/.casher/bin/casher:53:in `run'
	from /home/travis/.casher/bin/casher:263:in `<main>'
[32;1mattempting to download cache archive[0m

travis_time:end:08bb272a:start=1659270993604508985,finish=1659270994354001357,duration=749492372[0Ktravis_time:start:0b669240[0K
travis_time:end:0b669240:start=1659270994365315560,finish=1659270994373889192,duration=8573632[0Ktravis_time:start:0acfe25b[0K[32;1madding /home/travis/.m2 to cache[0m

travis_time:end:0acfe25b:start=1659270994383480505,finish=1659270995174287818,duration=790807313[0Ktravis_fold:end:cache.1[0K$ java -Xmx32m -version
java version "1.7.0_76"
Java(TM) SE Runtime Environment (build 1.7.0_76-b13)
Java HotSpot(TM) 64-Bit Server VM (build 24.76-b04, mixed mode)
$ javac -J-Xmx32m -version
javac 1.7.0_76
travis_fold:start:before_install.1[0Ktravis_time:start:12b36cb2[0K$ rvm install 2.3.0
Already installed ruby-2.3.0.
To reinstall use:

    rvm reinstall ruby-2.3.0


travis_time:end:12b36cb2:start=1659270995390945296,finish=1659270995686635057,duration=295689761[0Ktravis_fold:end:before_install.1[0Ktravis_fold:start:before_install.2[0Ktravis_time:start:086fd8eb[0K$ rvm use 2.3.0
Using /home/travis/.rvm/gems/ruby-2.3.0

travis_time:end:086fd8eb:start=1659270995696853037,finish=1659270997286055193,duration=1589202156[0Ktravis_fold:end:before_install.2[0Ktravis_fold:start:install.1[0K/home/travis/.rvm/rubies/ruby-2.3.0/lib/ruby/2.3.0/open3.rb:199: warning: Insecure world writable dir /usr/local/bin in PATH, mode 040757
Building native extensions. This could take a while...
ERROR:  Error installing pdd:
	ERROR: Failed to build gem native extension.

    current directory: /home/travis/.rvm/gems/ruby-2.3.0/gems/ruby-filemagic-0.7.3/ext/filemagic
/home/travis/.rvm/rubies/ruby-2.3.0/bin/ruby -I /home/travis/.rvm/rubies/ruby-2.3.0/lib/ruby/site_ruby/2.3.0 -r ./siteconf20220731-1378-2swpiq.rb extconf.rb
checking for main() in -lgnurx... no
checking for magic_open() in -lmagic... no
*** ERROR: missing required library to compile this module
*** extconf.rb failed ***
Could not create Makefile due to some reason, probably lack of necessary
libraries and/or headers.  Check the mkmf.log file for more details.  You may
need configuration options.

Provided configuration options:
	--with-opt-dir
	--without-opt-dir
	--with-opt-include
	--without-opt-include=${opt-dir}/include
	--with-opt-lib
	--without-opt-lib=${opt-dir}/lib
	--with-make-prog
	--without-make-prog
	--srcdir=.
	--curdir
	--ruby=/home/travis/.rvm/rubies/ruby-2.3.0/bin/$(RUBY_BASE_NAME)
	--with-magic-dir
	--without-magic-dir
	--with-magic-include
	--without-magic-include=${magic-dir}/include
	--with-magic-lib
	--without-magic-lib=${magic-dir}/lib
	--with-gnurx-dir
	--without-gnurx-dir
	--with-gnurx-include
	--without-gnurx-include=${gnurx-dir}/include
	--with-gnurx-lib
	--without-gnurx-lib=${gnurx-dir}/lib
	--with-gnurxlib
	--without-gnurxlib
	--with-magiclib
	--without-magiclib

To see why this extension failed to compile, please check the mkmf.log which can be found here:

  /home/travis/.rvm/gems/ruby-2.3.0/extensions/x86_64-linux/2.3.0/ruby-filemagic-0.7.3/mkmf.log

extconf failed, exit code 1

Gem files will remain installed in /home/travis/.rvm/gems/ruby-2.3.0/gems/ruby-filemagic-0.7.3 for inspection.
Results logged to /home/travis/.rvm/gems/ruby-2.3.0/extensions/x86_64-linux/2.3.0/ruby-filemagic-0.7.3/gem_make.out
travis_fold:end:install.1[0Ktravis_fold:start:install.2[0Ktravis_time:start:0816cf78[0K$ gem install est
/home/travis/.rvm/rubies/ruby-2.3.0/lib/ruby/2.3.0/open3.rb:199: warning: Insecure world writable dir /usr/local/bin in PATH, mode 040757
Successfully installed slop-3.6.0
Successfully installed mini_portile-0.6.2
Building native extensions. This could take a while...
Successfully installed nokogiri-1.6.6.4
Successfully installed est-0.3.4
Parsing documentation for slop-3.6.0
Installing ri documentation for slop-3.6.0
Parsing documentation for mini_portile-0.6.2
Installing ri documentation for mini_portile-0.6.2
Parsing documentation for nokogiri-1.6.6.4
Installing ri documentation for nokogiri-1.6.6.4
Parsing documentation for est-0.3.4
Installing ri documentation for est-0.3.4
Done installing documentation for slop, mini_portile, nokogiri, est after 3 seconds
4 gems installed

travis_time:end:0816cf78:start=1659270999875120295,finish=1659271079894851216,duration=80019730921[0Ktravis_fold:end:install.2[0Ktravis_time:start:0928352b[0K$ set -e

travis_time:end:0928352b:start=1659271079906440478,finish=1659271079914974398,duration=8533920[0K
[32;1mThe command "set -e" exited with 0.[0m
travis_time:start:0122f40c[0K$ mvn clean install -Dhttps.protocols=TLSv1.2 -Pqulice --errors --batch-mode
[INFO] Error stacktraces are turned on.
[INFO] Scanning for projects...
[INFO] Downloading: http://repo.maven.apache.org/maven2/com/jcabi/jcabi/1.23/jcabi-1.23.pom
[INFO] Downloading: https://oss.sonatype.org/content/repositories/releases/com/jcabi/jcabi/1.23/jcabi-1.23.pom
[INFO] Downloading: https://repository.apache.org/releases/com/jcabi/jcabi/1.23/jcabi-1.23.pom
[ERROR] The build could not read 1 project -> [Help 1]
org.apache.maven.project.ProjectBuildingException: Some problems were encountered while processing the POMs:
[FATAL] Non-resolvable parent POM: Could not transfer artifact com.jcabi:jcabi:pom:1.23 from/to central-no-ssl (http://repo.maven.apache.org/maven2): Failed to transfer file: http://repo.maven.apache.org/maven2/com/jcabi/jcabi/1.23/jcabi-1.23.pom. Return code is: 501 , ReasonPhrase:HTTPS Required. and 'parent.relativePath' points at wrong local POM @ line 35, column 13

	at org.apache.maven.project.DefaultProjectBuilder.build(DefaultProjectBuilder.java:416)
	at org.apache.maven.DefaultMaven.collectProjects(DefaultMaven.java:672)
	at org.apache.maven.DefaultMaven.getProjectsForMavenReactor(DefaultMaven.java:663)
	at org.apache.maven.DefaultMaven.doExecute(DefaultMaven.java:253)
	at org.apache.maven.DefaultMaven.execute(DefaultMaven.java:155)
	at org.apache.maven.cli.MavenCli.execute(MavenCli.java:584)
	at org.apache.maven.cli.MavenCli.doMain(MavenCli.java:216)
	at org.apache.maven.cli.MavenCli.main(MavenCli.java:160)
	at sun.reflect.NativeMethodAccessorImpl.invoke0(Native Method)
	at sun.reflect.NativeMethodAccessorImpl.invoke(NativeMethodAccessorImpl.java:57)
	at sun.reflect.DelegatingMethodAccessorImpl.invoke(DelegatingMethodAccessorImpl.java:43)
	at java.lang.reflect.Method.invoke(Method.java:606)
	at org.codehaus.plexus.classworlds.launcher.Launcher.launchEnhanced(Launcher.java:289)
	at org.codehaus.plexus.classworlds.launcher.Launcher.launch(Launcher.java:229)
	at org.codehaus.plexus.classworlds.launcher.Launcher.mainWithExitCode(Launcher.java:415)
	at org.codehaus.plexus.classworlds.launcher.Launcher.main(Launcher.java:356)
[ERROR]   
[ERROR]   The project com.jcabi:jcabi-s3:1.0-SNAPSHOT (/home/travis/build/failed/jcabi/jcabi-s3/pom.xml) has 1 error
[ERROR]     Non-resolvable parent POM: Could not transfer artifact com.jcabi:jcabi:pom:1.23 from/to central-no-ssl (http://repo.maven.apache.org/maven2): Failed to transfer file: http://repo.maven.apache.org/maven2/com/jcabi/jcabi/1.23/jcabi-1.23.pom. Return code is: 501 , ReasonPhrase:HTTPS Required. and 'parent.relativePath' points at wrong local POM @ line 35, column 13 -> [Help 2]
org.apache.maven.model.resolution.UnresolvableModelException: Could not transfer artifact com.jcabi:jcabi:pom:1.23 from/to central-no-ssl (http://repo.maven.apache.org/maven2): Failed to transfer file: http://repo.maven.apache.org/maven2/com/jcabi/jcabi/1.23/jcabi-1.23.pom. Return code is: 501 , ReasonPhrase:HTTPS Required.
	at org.apache.maven.project.ProjectModelResolver.resolveModel(ProjectModelResolver.java:195)
	at org.apache.maven.project.ProjectModelResolver.resolveModel(ProjectModelResolver.java:244)
	at org.apache.maven.model.building.DefaultModelBuilder.readParentExternally(DefaultModelBuilder.java:899)
	at org.apache.maven.model.building.DefaultModelBuilder.readParent(DefaultModelBuilder.java:751)
	at org.apache.maven.model.building.DefaultModelBuilder.build(DefaultModelBuilder.java:309)
	at org.apache.maven.project.DefaultProjectBuilder.build(DefaultProjectBuilder.java:463)
	at org.apache.maven.project.DefaultProjectBuilder.build(DefaultProjectBuilder.java:432)
	at org.apache.maven.project.DefaultProjectBuilder.build(DefaultProjectBuilder.java:396)
	at org.apache.maven.DefaultMaven.collectProjects(DefaultMaven.java:672)
	at org.apache.maven.DefaultMaven.getProjectsForMavenReactor(DefaultMaven.java:663)
	at org.apache.maven.DefaultMaven.doExecute(DefaultMaven.java:253)
	at org.apache.maven.DefaultMaven.execute(DefaultMaven.java:155)
	at org.apache.maven.cli.MavenCli.execute(MavenCli.java:584)
	at org.apache.maven.cli.MavenCli.doMain(MavenCli.java:216)
	at org.apache.maven.cli.MavenCli.main(MavenCli.java:160)
	at sun.reflect.NativeMethodAccessorImpl.invoke0(Native Method)
	at sun.reflect.NativeMethodAccessorImpl.invoke(NativeMethodAccessorImpl.java:57)
	at sun.reflect.DelegatingMethodAccessorImpl.invoke(DelegatingMethodAccessorImpl.java:43)
	at java.lang.reflect.Method.invoke(Method.java:606)
	at org.codehaus.plexus.classworlds.launcher.Launcher.launchEnhanced(Launcher.java:289)
	at org.codehaus.plexus.classworlds.launcher.Launcher.launch(Launcher.java:229)
	at org.codehaus.plexus.classworlds.launcher.Launcher.mainWithExitCode(Launcher.java:415)
	at org.codehaus.plexus.classworlds.launcher.Launcher.main(Launcher.java:356)
Caused by: org.eclipse.aether.resolution.ArtifactResolutionException: Could not transfer artifact com.jcabi:jcabi:pom:1.23 from/to central-no-ssl (http://repo.maven.apache.org/maven2): Failed to transfer file: http://repo.maven.apache.org/maven2/com/jcabi/jcabi/1.23/jcabi-1.23.pom. Return code is: 501 , ReasonPhrase:HTTPS Required.
	at org.eclipse.aether.internal.impl.DefaultArtifactResolver.resolve(DefaultArtifactResolver.java:444)
	at org.eclipse.aether.internal.impl.DefaultArtifactResolver.resolveArtifacts(DefaultArtifactResolver.java:246)
	at org.eclipse.aether.internal.impl.DefaultArtifactResolver.resolveArtifact(DefaultArtifactResolver.java:223)
	at org.eclipse.aether.internal.impl.DefaultRepositorySystem.resolveArtifact(DefaultRepositorySystem.java:294)
	at org.apache.maven.project.ProjectModelResolver.resolveModel(ProjectModelResolver.java:191)
	... 22 more
Caused by: org.eclipse.aether.transfer.ArtifactTransferException: Could not transfer artifact com.jcabi:jcabi:pom:1.23 from/to central-no-ssl (http://repo.maven.apache.org/maven2): Failed to transfer file: http://repo.maven.apache.org/maven2/com/jcabi/jcabi/1.23/jcabi-1.23.pom. Return code is: 501 , ReasonPhrase:HTTPS Required.
	at org.eclipse.aether.connector.basic.ArtifactTransportListener.transferFailed(ArtifactTransportListener.java:43)
	at org.eclipse.aether.connector.basic.BasicRepositoryConnector$TaskRunner.run(BasicRepositoryConnector.java:355)
	at org.eclipse.aether.util.concurrency.RunnableErrorForwarder$1.run(RunnableErrorForwarder.java:67)
	at org.eclipse.aether.connector.basic.BasicRepositoryConnector$DirectExecutor.execute(BasicRepositoryConnector.java:581)
	at org.eclipse.aether.connector.basic.BasicRepositoryConnector.get(BasicRepositoryConnector.java:249)
	at org.eclipse.aether.internal.impl.DefaultArtifactResolver.performDownloads(DefaultArtifactResolver.java:520)
	at org.eclipse.aether.internal.impl.DefaultArtifactResolver.resolve(DefaultArtifactResolver.java:421)
	... 26 more
Caused by: org.apache.maven.wagon.TransferFailedException: Failed to transfer file: http://repo.maven.apache.org/maven2/com/jcabi/jcabi/1.23/jcabi-1.23.pom. Return code is: 501 , ReasonPhrase:HTTPS Required.
	at org.apache.maven.wagon.providers.http.AbstractHttpClientWagon.fillInputData(AbstractHttpClientWagon.java:1039)
	at org.apache.maven.wagon.providers.http.AbstractHttpClientWagon.fillInputData(AbstractHttpClientWagon.java:977)
	at org.apache.maven.wagon.StreamWagon.getInputStream(StreamWagon.java:116)
	at org.apache.maven.wagon.StreamWagon.getIfNewer(StreamWagon.java:88)
	at org.apache.maven.wagon.StreamWagon.get(StreamWagon.java:61)
	at org.eclipse.aether.transport.wagon.WagonTransporter$GetTaskRunner.run(WagonTransporter.java:560)
	at org.eclipse.aether.transport.wagon.WagonTransporter.execute(WagonTransporter.java:427)
	at org.eclipse.aether.transport.wagon.WagonTransporter.get(WagonTransporter.java:404)
	at org.eclipse.aether.connector.basic.BasicRepositoryConnector$GetTaskRunner.runTask(BasicRepositoryConnector.java:447)
	at org.eclipse.aether.connector.basic.BasicRepositoryConnector$TaskRunner.run(BasicRepositoryConnector.java:350)
	... 31 more
[ERROR] 
[ERROR] Re-run Maven using the -X switch to enable full debug logging.
[ERROR] 
[ERROR] For more information about the errors and possible solutions, please read the following articles:
[ERROR] [Help 1] http://cwiki.apache.org/confluence/display/MAVEN/ProjectBuildingException
[ERROR] [Help 2] http://cwiki.apache.org/confluence/display/MAVEN/UnresolvableModelException
